Begin
Training start
t1_obs:[array(58384.), array(58152.), array(59361.)] t2_obs:[array(68797.), array(68628.), array(66450.)]
corr_G1:[None, None, -4.031491789747088e-17] corr_G2:[None, None, -2.7307157261296736e-17]
Training end
Task is 0.00% complete.
t1_sim:[56070. 56046. 54039.] t2_sim:[58083. 57844. 60044.]
Task is 1.00% complete.
t1_sim:[62000. 62189. 62401.] t2_sim:[59757. 59660. 59655.]
Task is 2.00% complete.
t1_sim:[56906. 57091. 55556.] t2_sim:[61064. 61498. 60952.]
Task is 3.00% complete.
t1_sim:[64951. 65173. 66750.] t2_sim:[57180. 57455. 57667.]
Task is 4.00% complete.
t1_sim:[65624. 65567. 65214.] t2_sim:[68689. 68517. 68450.]
Task is 5.00% complete.
t1_sim:[63219. 62935. 62914.] t2_sim:[65179. 64863. 63480.]
Task is 6.00% complete.
t1_sim:[62011. 61904. 64862.] t2_sim:[65015. 65071. 61783.]
Task is 7.00% complete.
t1_sim:[69278. 69200. 64003.] t2_sim:[61919. 62250. 63802.]
Task is 8.00% complete.
t1_sim:[67561. 67055. 66118.] t2_sim:[62225. 62030. 62713.]
Task is 9.00% complete.
t1_sim:[65063. 64925. 63977.] t2_sim:[62481. 62405. 64291.]
Task is 10.00% complete.
t1_sim:[56415. 56296. 56969.] t2_sim:[64854. 65119. 67878.]
Task is 11.00% complete.
t1_sim:[62874. 63200. 62462.] t2_sim:[59279. 59222. 61156.]
Task is 12.00% complete.
t1_sim:[61060. 61329. 62440.] t2_sim:[61036. 61255. 61495.]
Task is 13.00% complete.
t1_sim:[62672. 62746. 65020.] t2_sim:[67475. 67542. 70334.]
Task is 14.00% complete.
t1_sim:[63089. 63401. 65684.] t2_sim:[65725. 65908. 67247.]
Task is 15.00% complete.
t1_sim:[63162. 63471. 58950.] t2_sim:[67017. 66916. 65659.]
Task is 16.00% complete.
t1_sim:[59467. 59691. 56932.] t2_sim:[64950. 65236. 63525.]
Task is 17.00% complete.
t1_sim:[59348. 59255. 57671.] t2_sim:[69537. 69589. 67449.]
Task is 18.00% complete.
t1_sim:[56198. 55784. 56693.] t2_sim:[63407. 63293. 64278.]
Task is 19.00% complete.
t1_sim:[63783. 63756. 63179.] t2_sim:[63107. 63436. 60946.]
Task is 20.00% complete.
t1_sim:[64151. 64219. 63091.] t2_sim:[61641. 61621. 61084.]
Task is 21.00% complete.
t1_sim:[66393. 66879. 66577.] t2_sim:[63793. 64062. 68151.]
Task is 22.00% complete.
t1_sim:[63199. 62996. 63049.] t2_sim:[61888. 62286. 60466.]
Task is 23.00% complete.
t1_sim:[64000. 63849. 65474.] t2_sim:[65370. 65703. 65307.]
Task is 24.00% complete.
t1_sim:[61897. 61629. 60911.] t2_sim:[64518. 64385. 64436.]
Task is 25.00% complete.
t1_sim:[56448. 56695. 58639.] t2_sim:[64366. 64582. 64426.]
Task is 26.00% complete.
t1_sim:[71113. 71230. 69041.] t2_sim:[64581. 64546. 63271.]
Task is 27.00% complete.
t1_sim:[63821. 63705. 64273.] t2_sim:[63747. 63809. 64191.]
Task is 28.00% complete.
t1_sim:[60986. 60902. 61977.] t2_sim:[65419. 65499. 63822.]
Task is 29.00% complete.
t1_sim:[61697. 61647. 58555.] t2_sim:[65573. 65753. 64286.]
Task is 30.00% complete.
t1_sim:[62088. 61713. 60242.] t2_sim:[65426. 65298. 67769.]
Task is 31.00% complete.
t1_sim:[55126. 55317. 59841.] t2_sim:[62909. 62932. 63194.]
Task is 32.00% complete.
t1_sim:[62786. 62703. 61156.] t2_sim:[60249. 60801. 60849.]
Task is 33.00% complete.
t1_sim:[59673. 59585. 58038.] t2_sim:[68744. 68820. 66246.]
Task is 34.00% complete.
t1_sim:[59360. 59292. 59882.] t2_sim:[62225. 62218. 63425.]
Task is 35.00% complete.
t1_sim:[60974. 61160. 59903.] t2_sim:[69426. 69440. 67922.]
Task is 36.00% complete.
t1_sim:[66504. 66276. 65585.] t2_sim:[67195. 67060. 67330.]
Task is 37.00% complete.
t1_sim:[69530. 69388. 71150.] t2_sim:[64185. 63955. 63133.]
Task is 38.00% complete.
t1_sim:[65152. 65284. 60376.] t2_sim:[63947. 63822. 65495.]
Task is 39.00% complete.
t1_sim:[65709. 66073. 68350.] t2_sim:[59518. 59613. 57442.]
Task is 40.00% complete.
t1_sim:[55805. 55699. 58426.] t2_sim:[65403. 65300. 66011.]
Task is 41.00% complete.
t1_sim:[59351. 59135. 60013.] t2_sim:[59312. 59069. 57310.]
Task is 42.00% complete.
t1_sim:[63650. 63397. 67094.] t2_sim:[59514. 59731. 62316.]
Task is 43.00% complete.
t1_sim:[64953. 65188. 60340.] t2_sim:[66830. 66805. 65015.]
Task is 44.00% complete.
t1_sim:[59201. 59389. 63635.] t2_sim:[62221. 62287. 62921.]
Task is 45.00% complete.
t1_sim:[59962. 60382. 60283.] t2_sim:[67362. 67216. 63753.]
Task is 46.00% complete.
t1_sim:[57699. 57770. 57661.] t2_sim:[61952. 61735. 62917.]
Task is 47.00% complete.
t1_sim:[59338. 59467. 58878.] t2_sim:[65603. 65627. 66348.]
Task is 48.00% complete.
t1_sim:[61848. 61479. 67203.] t2_sim:[62271. 62723. 59694.]
Task is 49.00% complete.
t1_sim:[57540. 57472. 59630.] t2_sim:[64002. 64431. 63800.]
Task is 50.00% complete.
t1_sim:[63459. 63158. 63567.] t2_sim:[66220. 66150. 67918.]
Task is 51.00% complete.
t1_sim:[58493. 58273. 61792.] t2_sim:[57701. 57395. 57340.]
Task is 52.00% complete.
t1_sim:[62124. 61931. 59700.] t2_sim:[66399. 66604. 65771.]
Task is 53.00% complete.
t1_sim:[65276. 65076. 64239.] t2_sim:[60436. 60220. 59349.]
Task is 54.00% complete.
t1_sim:[62345. 61801. 63132.] t2_sim:[66759. 66263. 66415.]
Task is 55.00% complete.
t1_sim:[60056. 59956. 58835.] t2_sim:[61391. 61659. 60567.]
Task is 56.00% complete.
t1_sim:[59016. 59107. 61968.] t2_sim:[65903. 65978. 64404.]
Task is 57.00% complete.
t1_sim:[61200. 61512. 62149.] t2_sim:[62248. 62180. 64260.]
Task is 58.00% complete.
t1_sim:[62572. 62526. 61005.] t2_sim:[61301. 60629. 61214.]
Task is 59.00% complete.
t1_sim:[62982. 63071. 65518.] t2_sim:[63358. 64066. 64746.]
Task is 60.00% complete.
t1_sim:[60111. 59986. 63481.] t2_sim:[63567. 63968. 68520.]
Task is 61.00% complete.
t1_sim:[63487. 63183. 63007.] t2_sim:[60151. 60219. 62744.]
Task is 62.00% complete.
t1_sim:[67130. 67510. 64933.] t2_sim:[56051. 56525. 54038.]
Task is 63.00% complete.
t1_sim:[65912. 65678. 71201.] t2_sim:[60044. 59941. 61434.]
Task is 64.00% complete.
t1_sim:[68389. 68729. 66437.] t2_sim:[62095. 61991. 60221.]
Task is 65.00% complete.
t1_sim:[64984. 64750. 68247.] t2_sim:[64227. 64054. 63604.]
Task is 66.00% complete.
t1_sim:[58467. 58452. 59996.] t2_sim:[66567. 66531. 64172.]
Task is 67.00% complete.
t1_sim:[57115. 57111. 56337.] t2_sim:[63643. 63652. 66079.]
Task is 68.00% complete.
t1_sim:[62839. 62926. 61732.] t2_sim:[66031. 66081. 66186.]
Task is 69.00% complete.
t1_sim:[66271. 66205. 62691.] t2_sim:[60147. 59654. 60826.]
Task is 70.00% complete.
t1_sim:[60697. 60479. 60676.] t2_sim:[65535. 65820. 65047.]
Task is 71.00% complete.
t1_sim:[66409. 66483. 62643.] t2_sim:[61388. 61634. 61376.]
Task is 72.00% complete.
t1_sim:[64819. 64972. 59589.] t2_sim:[61654. 61665. 61425.]
Task is 73.00% complete.
t1_sim:[66340. 66500. 59525.] t2_sim:[60541. 60746. 57487.]
Task is 74.00% complete.
t1_sim:[62451. 62376. 65114.] t2_sim:[61120. 61068. 59675.]
Task is 75.00% complete.
t1_sim:[58672. 58950. 59595.] t2_sim:[56436. 56345. 58261.]
Task is 76.00% complete.
t1_sim:[63845. 64160. 65649.] t2_sim:[60354. 60079. 56454.]
Task is 77.00% complete.
t1_sim:[63977. 63943. 61494.] t2_sim:[61512. 61119. 63087.]
Task is 78.00% complete.
t1_sim:[58366. 58450. 59529.] t2_sim:[61303. 61858. 63505.]
Task is 79.00% complete.
t1_sim:[61876. 61546. 61342.] t2_sim:[65258. 65042. 59679.]
Task is 80.00% complete.
t1_sim:[69843. 69628. 67193.] t2_sim:[64896. 64499. 64957.]
Task is 81.00% complete.
t1_sim:[61782. 61275. 65038.] t2_sim:[59936. 60154. 59659.]
Task is 82.00% complete.
t1_sim:[58901. 58748. 59222.] t2_sim:[62805. 62611. 59005.]
Task is 83.00% complete.
t1_sim:[61735. 61994. 63616.] t2_sim:[68178. 68108. 67783.]
Task is 84.00% complete.
t1_sim:[64555. 64613. 62347.] t2_sim:[64018. 63527. 59209.]
Task is 85.00% complete.
t1_sim:[61729. 62025. 62346.] t2_sim:[63280. 62957. 65621.]
Task is 86.00% complete.
t1_sim:[59448. 59016. 60259.] t2_sim:[59911. 59855. 61051.]
Task is 87.00% complete.
t1_sim:[62341. 61984. 64522.] t2_sim:[63560. 63287. 63188.]
Task is 88.00% complete.
t1_sim:[65850. 65632. 66214.] t2_sim:[64983. 64916. 66478.]
Task is 89.00% complete.
t1_sim:[55657. 55460. 54812.] t2_sim:[63122. 62906. 59653.]
Task is 90.00% complete.
t1_sim:[65013. 64769. 61684.] t2_sim:[63921. 63862. 63365.]
Task is 91.00% complete.
t1_sim:[59243. 59283. 59411.] t2_sim:[63946. 63792. 63199.]
Task is 92.00% complete.
t1_sim:[62362. 62209. 62734.] t2_sim:[61991. 61923. 65653.]
Task is 93.00% complete.
t1_sim:[62104. 62575. 60614.] t2_sim:[67950. 67620. 67969.]
Task is 94.00% complete.
t1_sim:[65243. 65299. 67066.] t2_sim:[67051. 67492. 63756.]
Task is 95.00% complete.
t1_sim:[59716. 59551. 59790.] t2_sim:[63279. 63081. 61898.]
Task is 96.00% complete.
t1_sim:[62693. 62974. 63361.] t2_sim:[63709. 63629. 64806.]
Task is 97.00% complete.
t1_sim:[66456. 66403. 65365.] t2_sim:[60850. 61066. 60842.]
Task is 98.00% complete.
t1_sim:[67332. 67059. 63920.] t2_sim:[63863. 63581. 63403.]
Task is 99.00% complete.
t1_sim:[58648. 58376. 63514.] t2_sim:[64699. 64967. 63164.]
Training start
t1_obs:[array(58384.), array(58152.), array(58411.)] t2_obs:[array(68797.), array(68628.), array(68107.)]
corr_G1:[None, None, 0.9993835510467034] corr_G2:[None, None, 0.9746030543208193]
Training end
Task is 0.00% complete.
t1_sim:[61432. 61567. 58195.] t2_sim:[62047. 62324. 62626.]
Task is 1.00% complete.
t1_sim:[66483. 66704. 67201.] t2_sim:[62107. 62131. 63373.]
Task is 2.00% complete.
t1_sim:[69852. 69579. 69568.] t2_sim:[67170. 67012. 65645.]
Task is 3.00% complete.
t1_sim:[59408. 58711. 57415.] t2_sim:[60337. 60377. 59643.]
Task is 4.00% complete.
t1_sim:[64030. 64275. 64801.] t2_sim:[60157. 60224. 60980.]
Task is 5.00% complete.
t1_sim:[65690. 65888. 65526.] t2_sim:[67899. 68141. 69410.]
Task is 6.00% complete.
t1_sim:[58353. 58235. 60583.] t2_sim:[63032. 62992. 63084.]
Task is 7.00% complete.
t1_sim:[64443. 64642. 65161.] t2_sim:[57002. 57170. 57445.]
Task is 8.00% complete.
t1_sim:[58487. 58062. 57786.] t2_sim:[62670. 63014. 62681.]
Task is 9.00% complete.
t1_sim:[62467. 63131. 63165.] t2_sim:[71920. 71796. 71116.]
Task is 10.00% complete.
t1_sim:[62884. 63405. 63475.] t2_sim:[65648. 65869. 67152.]
Task is 11.00% complete.
t1_sim:[61582. 61229. 59897.] t2_sim:[64162. 64230. 65411.]
Task is 12.00% complete.
t1_sim:[64217. 64378. 65158.] t2_sim:[62514. 62269. 62374.]
Task is 13.00% complete.
t1_sim:[58914. 58978. 58235.] t2_sim:[57996. 58032. 58923.]
Task is 14.00% complete.
t1_sim:[61134. 61490. 63297.] t2_sim:[59695. 59679. 60146.]
Task is 15.00% complete.
t1_sim:[63222. 63247. 65057.] t2_sim:[61594. 61599. 61753.]
Task is 16.00% complete.
t1_sim:[66450. 66459. 65179.] t2_sim:[60535. 60613. 59753.]
Task is 17.00% complete.
t1_sim:[56712. 56595. 59232.] t2_sim:[58952. 58970. 59218.]
Task is 18.00% complete.
t1_sim:[65425. 65558. 64725.] t2_sim:[63200. 63541. 65258.]
Task is 19.00% complete.
t1_sim:[62199. 61969. 61300.] t2_sim:[60227. 59947. 59680.]
Task is 20.00% complete.
t1_sim:[59888. 60062. 61500.] t2_sim:[60812. 60702. 60904.]
Task is 21.00% complete.
t1_sim:[64290. 64741. 64893.] t2_sim:[63424. 63347. 63142.]
Task is 22.00% complete.
t1_sim:[65236. 64861. 65263.] t2_sim:[60019. 59596. 58303.]
Task is 23.00% complete.
t1_sim:[63626. 63245. 65903.] t2_sim:[64029. 63667. 64526.]
Task is 24.00% complete.
t1_sim:[65050. 64992. 61674.] t2_sim:[67117. 67640. 68570.]
Task is 25.00% complete.
t1_sim:[57970. 57848. 59202.] t2_sim:[62759. 62146. 62677.]
Task is 26.00% complete.
t1_sim:[64982. 64589. 61822.] t2_sim:[61180. 60976. 60838.]
Task is 27.00% complete.
t1_sim:[66415. 66478. 65547.] t2_sim:[62435. 62322. 60545.]
Task is 28.00% complete.
t1_sim:[59425. 58732. 58538.] t2_sim:[63342. 63607. 62110.]
Task is 29.00% complete.
t1_sim:[62630. 62604. 62699.] t2_sim:[62626. 62679. 62060.]
Task is 30.00% complete.
t1_sim:[61632. 61577. 59134.] t2_sim:[64258. 64053. 61904.]
Task is 31.00% complete.
t1_sim:[66975. 66553. 65653.] t2_sim:[59344. 59280. 58052.]
Task is 32.00% complete.
t1_sim:[64059. 64225. 66444.] t2_sim:[58380. 58417. 60126.]
Task is 33.00% complete.
t1_sim:[63167. 62685. 60106.] t2_sim:[68291. 68174. 68116.]
Task is 34.00% complete.
t1_sim:[64677. 64373. 63782.] t2_sim:[61848. 61693. 61674.]
Task is 35.00% complete.
t1_sim:[67438. 67250. 65529.] t2_sim:[63022. 63214. 62864.]
Task is 36.00% complete.
t1_sim:[59858. 59699. 58904.] t2_sim:[65265. 65264. 65179.]
Task is 37.00% complete.
t1_sim:[64433. 64310. 65518.] t2_sim:[62030. 61662. 62441.]
Task is 38.00% complete.
t1_sim:[64128. 63913. 62791.] t2_sim:[67946. 67857. 65687.]
Task is 39.00% complete.
t1_sim:[63998. 63633. 61707.] t2_sim:[65056. 65208. 63904.]
Task is 40.00% complete.
t1_sim:[66141. 65928. 63434.] t2_sim:[63724. 63751. 63391.]
Task is 41.00% complete.
t1_sim:[60679. 60854. 59631.] t2_sim:[63291. 63148. 62602.]
Task is 42.00% complete.
t1_sim:[58341. 58584. 60998.] t2_sim:[64714. 64820. 65745.]
Task is 43.00% complete.
t1_sim:[60433. 60302. 59680.] t2_sim:[58703. 58346. 58206.]
Task is 44.00% complete.
t1_sim:[64027. 64064. 63004.] t2_sim:[60530. 60974. 61080.]
Task is 45.00% complete.
t1_sim:[61038. 60985. 61431.] t2_sim:[63086. 63404. 64499.]
Task is 46.00% complete.
t1_sim:[57651. 57236. 57079.] t2_sim:[61332. 61212. 60166.]
Task is 47.00% complete.
t1_sim:[66437. 66758. 69209.] t2_sim:[59745. 59534. 59353.]
Task is 48.00% complete.
t1_sim:[62315. 62586. 61903.] t2_sim:[68484. 68524. 67005.]
Task is 49.00% complete.
t1_sim:[64758. 65022. 65600.] t2_sim:[66081. 65806. 65316.]
Task is 50.00% complete.
t1_sim:[65883. 65798. 64505.] t2_sim:[58136. 57870. 59957.]
Task is 51.00% complete.
t1_sim:[63313. 63456. 63974.] t2_sim:[62640. 62460. 61997.]
Task is 52.00% complete.
t1_sim:[59984. 59811. 60617.] t2_sim:[64593. 64711. 64810.]
Task is 53.00% complete.
t1_sim:[63304. 63157. 63937.] t2_sim:[68986. 68806. 69087.]
Task is 54.00% complete.
t1_sim:[62800. 62605. 61781.] t2_sim:[65690. 65739. 64895.]
Task is 55.00% complete.
t1_sim:[63198. 63174. 64240.] t2_sim:[63874. 63645. 63233.]
Task is 56.00% complete.
t1_sim:[61339. 61033. 59592.] t2_sim:[59542. 59280. 60583.]
Task is 57.00% complete.
t1_sim:[58677. 58488. 59809.] t2_sim:[65163. 64878. 65315.]
Task is 58.00% complete.
t1_sim:[65509. 65375. 66175.] t2_sim:[63375. 63471. 62583.]
Task is 59.00% complete.
t1_sim:[62632. 62585. 61679.] t2_sim:[58195. 57858. 59644.]
Task is 60.00% complete.
t1_sim:[62049. 62285. 59476.] t2_sim:[64920. 64853. 63080.]
Task is 61.00% complete.
t1_sim:[54212. 54218. 54016.] t2_sim:[59544. 59614. 60004.]
Task is 62.00% complete.
t1_sim:[63598. 63841. 62658.] t2_sim:[56782. 56969. 58645.]
Task is 63.00% complete.
t1_sim:[66308. 66501. 65615.] t2_sim:[62697. 63174. 65060.]
Task is 64.00% complete.
t1_sim:[64364. 64044. 64979.] t2_sim:[53222. 53115. 53641.]
Task is 65.00% complete.
t1_sim:[56860. 56977. 55481.] t2_sim:[66075. 65899. 65749.]
Task is 66.00% complete.
t1_sim:[63884. 63989. 62514.] t2_sim:[62432. 62261. 63225.]
Task is 67.00% complete.
t1_sim:[62010. 61872. 64287.] t2_sim:[61525. 61289. 59525.]
Task is 68.00% complete.
t1_sim:[62368. 62842. 62387.] t2_sim:[63039. 63241. 62309.]
Task is 69.00% complete.
t1_sim:[65125. 65188. 64773.] t2_sim:[68937. 69168. 67348.]
Task is 70.00% complete.
t1_sim:[65517. 65346. 64568.] t2_sim:[60107. 60466. 59489.]
Task is 71.00% complete.
t1_sim:[63804. 63991. 65059.] t2_sim:[61462. 61051. 60875.]
Task is 72.00% complete.
t1_sim:[58322. 58739. 62371.] t2_sim:[60289. 60074. 60386.]
Task is 73.00% complete.
t1_sim:[71048. 71140. 69544.] t2_sim:[59890. 59908. 60450.]
Task is 74.00% complete.
t1_sim:[63317. 63088. 60646.] t2_sim:[64108. 64043. 64936.]
Task is 75.00% complete.
t1_sim:[63026. 63466. 60347.] t2_sim:[63584. 63373. 62164.]
Task is 76.00% complete.
t1_sim:[65140. 65078. 68150.] t2_sim:[64762. 64785. 65382.]
Task is 77.00% complete.
t1_sim:[63745. 63498. 62792.] t2_sim:[59631. 59759. 61567.]
Task is 78.00% complete.
t1_sim:[64776. 64853. 64213.] t2_sim:[59036. 59074. 57797.]
Task is 79.00% complete.
t1_sim:[62149. 62308. 63501.] t2_sim:[64459. 64563. 64559.]
Task is 80.00% complete.
t1_sim:[62116. 62270. 61996.] t2_sim:[65050. 65188. 64072.]
Task is 81.00% complete.
t1_sim:[62835. 63226. 62201.] t2_sim:[61981. 62523. 64411.]
Task is 82.00% complete.
t1_sim:[64362. 63933. 62295.] t2_sim:[66039. 65736. 67127.]
Task is 83.00% complete.
t1_sim:[63788. 64098. 64930.] t2_sim:[63484. 63395. 63469.]
Task is 84.00% complete.
t1_sim:[57048. 57343. 57566.] t2_sim:[62744. 63059. 60298.]
Task is 85.00% complete.
t1_sim:[58688. 58468. 57465.] t2_sim:[64459. 64214. 62439.]
Task is 86.00% complete.
t1_sim:[64511. 64883. 66370.] t2_sim:[60639. 60928. 60546.]
Task is 87.00% complete.
t1_sim:[65803. 65569. 64006.] t2_sim:[62039. 62293. 61271.]
Task is 88.00% complete.
t1_sim:[61235. 61478. 63039.] t2_sim:[64931. 65342. 66006.]
Task is 89.00% complete.
t1_sim:[65545. 65309. 66347.] t2_sim:[64553. 64479. 63188.]
Task is 90.00% complete.
t1_sim:[63129. 63498. 61760.] t2_sim:[68973. 69108. 68947.]
Task is 91.00% complete.
t1_sim:[54692. 54845. 57246.] t2_sim:[61803. 61725. 62841.]
Task is 92.00% complete.
t1_sim:[55218. 55181. 55568.] t2_sim:[62731. 62290. 61802.]
Task is 93.00% complete.
t1_sim:[59973. 60301. 59347.] t2_sim:[65588. 65523. 65601.]
Task is 94.00% complete.
t1_sim:[63200. 63339. 65528.] t2_sim:[67687. 67661. 68466.]
Task is 95.00% complete.
t1_sim:[62035. 62272. 62649.] t2_sim:[62347. 61687. 63830.]
Task is 96.00% complete.
t1_sim:[62478. 62262. 58673.] t2_sim:[67285. 67424. 66643.]
Task is 97.00% complete.
t1_sim:[59896. 60048. 60068.] t2_sim:[64807. 65071. 64167.]
Task is 98.00% complete.
t1_sim:[58973. 59043. 57843.] t2_sim:[63350. 63002. 62591.]
Task is 99.00% complete.
t1_sim:[62243. 61907. 61358.] t2_sim:[58293. 58062. 59093.]
Training start
t1_obs:[array(58384.), array(58152.), array(60012.)] t2_obs:[array(68797.), array(68628.), array(67581.)]
corr_G1:[None, None, 0.052391677190152613] corr_G2:[None, None, -0.12120734914474286]
Training end
Task is 0.00% complete.
t1_sim:[63947. 63559. 64872.] t2_sim:[59809. 60044. 60378.]
Task is 1.00% complete.
t1_sim:[55934. 55983. 56954.] t2_sim:[63882. 64009. 62967.]
Task is 2.00% complete.
t1_sim:[65118. 65118. 63678.] t2_sim:[63182. 63379. 65274.]
Task is 3.00% complete.
t1_sim:[64163. 64497. 67589.] t2_sim:[62596. 62413. 61341.]
Task is 4.00% complete.
t1_sim:[63689. 63982. 66829.] t2_sim:[72715. 72880. 71676.]
Task is 5.00% complete.
t1_sim:[66404. 66375. 67844.] t2_sim:[62912. 62791. 63892.]
Task is 6.00% complete.
t1_sim:[65309. 65238. 66205.] t2_sim:[60743. 60752. 60747.]
Task is 7.00% complete.
t1_sim:[61255. 60876. 61654.] t2_sim:[59563. 59309. 59514.]
Task is 8.00% complete.
t1_sim:[66374. 66177. 66205.] t2_sim:[65618. 65869. 67056.]
Task is 9.00% complete.
t1_sim:[62976. 63228. 63868.] t2_sim:[60779. 60517. 60807.]
Task is 10.00% complete.
t1_sim:[64666. 64898. 65950.] t2_sim:[66064. 66320. 66062.]
Task is 11.00% complete.
t1_sim:[66527. 66626. 65643.] t2_sim:[61528. 61712. 63017.]
Task is 12.00% complete.
t1_sim:[55787. 55586. 57319.] t2_sim:[64218. 63704. 61885.]
Task is 13.00% complete.
t1_sim:[67698. 67722. 66284.] t2_sim:[61108. 61253. 64141.]
Task is 14.00% complete.
t1_sim:[68925. 69016. 70560.] t2_sim:[59280. 59051. 58809.]
Task is 15.00% complete.
t1_sim:[65411. 65471. 67073.] t2_sim:[62169. 62285. 63086.]
Task is 16.00% complete.
t1_sim:[61531. 61539. 65193.] t2_sim:[62518. 62295. 62334.]
Task is 17.00% complete.
t1_sim:[60585. 60547. 63310.] t2_sim:[64272. 64106. 64433.]
Task is 18.00% complete.
t1_sim:[61954. 62096. 64911.] t2_sim:[63676. 63638. 63223.]
Task is 19.00% complete.
t1_sim:[60371. 60529. 63572.] t2_sim:[61122. 60939. 62617.]
Task is 20.00% complete.
t1_sim:[56462. 56551. 60091.] t2_sim:[60785. 60687. 60562.]
Task is 21.00% complete.
t1_sim:[66282. 66497. 70092.] t2_sim:[66053. 65940. 66101.]
Task is 22.00% complete.
t1_sim:[64172. 64387. 65997.] t2_sim:[57790. 58155. 60644.]
Task is 23.00% complete.
t1_sim:[62792. 62737. 63299.] t2_sim:[61282. 61406. 61076.]
Task is 24.00% complete.
t1_sim:[59085. 59264. 59614.] t2_sim:[59551. 59566. 61455.]
Task is 25.00% complete.
t1_sim:[64772. 64822. 65921.] t2_sim:[68465. 68141. 67749.]
Task is 26.00% complete.
t1_sim:[59501. 59079. 58421.] t2_sim:[59683. 60135. 57618.]
Task is 27.00% complete.
t1_sim:[61834. 61774. 65448.] t2_sim:[64117. 64399. 67307.]
Task is 28.00% complete.
t1_sim:[63922. 64240. 65517.] t2_sim:[59695. 59700. 59941.]
Task is 29.00% complete.
t1_sim:[67456. 67813. 67858.] t2_sim:[63498. 63404. 62513.]
Task is 30.00% complete.
t1_sim:[66365. 66090. 64318.] t2_sim:[67823. 67749. 67430.]
Task is 31.00% complete.
t1_sim:[61865. 61726. 62352.] t2_sim:[66520. 66426. 65270.]
Task is 32.00% complete.
t1_sim:[62716. 63137. 65075.] t2_sim:[64306. 63938. 62766.]
Task is 33.00% complete.
t1_sim:[62781. 62792. 66184.] t2_sim:[61148. 61283. 61918.]
Task is 34.00% complete.
t1_sim:[66511. 66807. 68356.] t2_sim:[72339. 72176. 70317.]
Task is 35.00% complete.
t1_sim:[58046. 58158. 58541.] t2_sim:[58729. 58839. 57361.]
Task is 36.00% complete.
t1_sim:[66187. 66365. 66652.] t2_sim:[63305. 63728. 65943.]
Task is 37.00% complete.
t1_sim:[63046. 63100. 64204.] t2_sim:[66801. 66638. 66202.]
Task is 38.00% complete.
t1_sim:[57124. 56896. 58658.] t2_sim:[61415. 61279. 63306.]
Task is 39.00% complete.
t1_sim:[67629. 67451. 68759.] t2_sim:[60293. 60446. 63044.]
Task is 40.00% complete.
t1_sim:[64938. 65421. 66247.] t2_sim:[62676. 62421. 65760.]
Task is 41.00% complete.
t1_sim:[61228. 61739. 63355.] t2_sim:[63467. 63427. 62712.]
Task is 42.00% complete.
t1_sim:[67654. 67901. 69391.] t2_sim:[61163. 60878. 59003.]
Task is 43.00% complete.
t1_sim:[66451. 66170. 69020.] t2_sim:[57849. 57975. 60036.]
Task is 44.00% complete.
t1_sim:[65305. 65421. 67908.] t2_sim:[62535. 62009. 61045.]
Task is 45.00% complete.
t1_sim:[68571. 68807. 70072.] t2_sim:[62854. 62667. 62270.]
Task is 46.00% complete.
t1_sim:[65760. 65478. 65956.] t2_sim:[57924. 57778. 57806.]
Task is 47.00% complete.
t1_sim:[67045. 67401. 73211.] t2_sim:[63299. 63434. 64093.]
Task is 48.00% complete.
t1_sim:[65131. 64935. 66841.] t2_sim:[63542. 63468. 63613.]
Task is 49.00% complete.
t1_sim:[63676. 64098. 65443.] t2_sim:[61386. 61570. 64195.]
Task is 50.00% complete.
t1_sim:[59989. 60284. 64024.] t2_sim:[61656. 61823. 61731.]
Task is 51.00% complete.
t1_sim:[62972. 62986. 65205.] t2_sim:[61770. 62258. 64969.]
Task is 52.00% complete.
t1_sim:[62903. 62988. 66849.] t2_sim:[58844. 58173. 58812.]
Task is 53.00% complete.
t1_sim:[60537. 60542. 62797.] t2_sim:[67291. 67545. 65395.]
Task is 54.00% complete.
t1_sim:[61834. 61867. 65210.] t2_sim:[61670. 61750. 60345.]
Task is 55.00% complete.
t1_sim:[68622. 68697. 70149.] t2_sim:[63477. 63380. 62472.]
Task is 56.00% complete.
t1_sim:[66836. 67087. 67078.] t2_sim:[63579. 63549. 61606.]
Task is 57.00% complete.
t1_sim:[59430. 59604. 61881.] t2_sim:[64497. 64687. 63026.]
Task is 58.00% complete.
t1_sim:[59618. 59439. 61178.] t2_sim:[65260. 65674. 66317.]
Task is 59.00% complete.
t1_sim:[62547. 63324. 69310.] t2_sim:[66468. 66436. 65147.]
Task is 60.00% complete.
t1_sim:[56513. 56780. 58120.] t2_sim:[60942. 61169. 61144.]
Task is 61.00% complete.
t1_sim:[62955. 62844. 64693.] t2_sim:[61925. 62448. 64248.]
Task is 62.00% complete.
t1_sim:[64604. 64674. 63462.] t2_sim:[63770. 63914. 62438.]
Task is 63.00% complete.
t1_sim:[67072. 66939. 68991.] t2_sim:[60462. 60716. 61381.]
Task is 64.00% complete.
t1_sim:[66755. 66846. 68293.] t2_sim:[66678. 66355. 65152.]
Task is 65.00% complete.
t1_sim:[61598. 61279. 65498.] t2_sim:[62456. 62521. 61511.]
Task is 66.00% complete.
t1_sim:[60289. 60576. 62654.] t2_sim:[69829. 70122. 68988.]
Task is 67.00% complete.
t1_sim:[67191. 67472. 66032.] t2_sim:[62761. 62559. 62033.]
Task is 68.00% complete.
t1_sim:[65468. 65542. 64828.] t2_sim:[64458. 64705. 63810.]
Task is 69.00% complete.
t1_sim:[63966. 63961. 62144.] t2_sim:[65726. 66045. 62889.]
Task is 70.00% complete.
t1_sim:[57739. 57869. 59364.] t2_sim:[69197. 69467. 68191.]
Task is 71.00% complete.
t1_sim:[63419. 63071. 60187.] t2_sim:[70123. 69871. 65495.]
Task is 72.00% complete.
t1_sim:[66230. 66207. 68455.] t2_sim:[60858. 60633. 59338.]
Task is 73.00% complete.
t1_sim:[60650. 60781. 64513.] t2_sim:[57698. 57162. 57327.]
Task is 74.00% complete.
t1_sim:[60366. 60127. 63434.] t2_sim:[56463. 56170. 59378.]
Task is 75.00% complete.
t1_sim:[62964. 62836. 61345.] t2_sim:[64110. 64125. 63611.]
Task is 76.00% complete.
t1_sim:[58959. 58882. 61221.] t2_sim:[66738. 66916. 66446.]
Task is 77.00% complete.
t1_sim:[61402. 61407. 61776.] t2_sim:[63596. 63697. 65180.]
Task is 78.00% complete.
t1_sim:[62691. 62889. 65290.] t2_sim:[62009. 61850. 62327.]
Task is 79.00% complete.
t1_sim:[67625. 67087. 68336.] t2_sim:[64488. 64485. 64526.]
Task is 80.00% complete.
t1_sim:[59776. 60007. 64752.] t2_sim:[62764. 62931. 62813.]
Task is 81.00% complete.
t1_sim:[61551. 61397. 64197.] t2_sim:[63892. 64347. 66033.]
Task is 82.00% complete.
t1_sim:[64681. 64733. 65606.] t2_sim:[61345. 61015. 62281.]
Task is 83.00% complete.
t1_sim:[62155. 62445. 63525.] t2_sim:[59239. 58492. 58864.]
Task is 84.00% complete.
t1_sim:[64807. 64594. 67678.] t2_sim:[56853. 56893. 57085.]
Task is 85.00% complete.
t1_sim:[64456. 64542. 65791.] t2_sim:[60763. 60937. 59638.]
Task is 86.00% complete.
t1_sim:[68723. 68942. 72032.] t2_sim:[68406. 68155. 67705.]
Task is 87.00% complete.
t1_sim:[65962. 65940. 66783.] t2_sim:[63010. 63291. 61807.]
Task is 88.00% complete.
t1_sim:[59372. 59252. 61237.] t2_sim:[62167. 62224. 61786.]
Task is 89.00% complete.
t1_sim:[64086. 64123. 64647.] t2_sim:[55160. 55061. 56327.]
Task is 90.00% complete.
t1_sim:[60547. 60741. 63944.] t2_sim:[61208. 60796. 57852.]
Task is 91.00% complete.
t1_sim:[71851. 71883. 73346.] t2_sim:[63371. 63338. 64751.]
Task is 92.00% complete.
t1_sim:[66690. 66311. 69715.] t2_sim:[60854. 61246. 62174.]
Task is 93.00% complete.
t1_sim:[64504. 64721. 65085.] t2_sim:[60268. 60286. 60263.]
Task is 94.00% complete.
t1_sim:[60123. 60200. 63093.] t2_sim:[64978. 64750. 66391.]
Task is 95.00% complete.
t1_sim:[61835. 62074. 64608.] t2_sim:[58448. 58365. 61440.]
Task is 96.00% complete.
t1_sim:[63373. 63604. 65868.] t2_sim:[65415. 65348. 63868.]
Task is 97.00% complete.
t1_sim:[58125. 58048. 59821.] t2_sim:[60298. 60673. 62300.]
Task is 98.00% complete.
t1_sim:[64490. 64848. 65632.] t2_sim:[65076. 64865. 62585.]
Task is 99.00% complete.
t1_sim:[61742. 61790. 64928.] t2_sim:[61295. 61028. 62080.]
Finished
