Begin
Training start
t1_obs:[array(57163.), array(57108.), array(55226.)] t2_obs:[array(65887.), array(66063.), array(67713.)]
corr_G1:[None, None, 1.9032365526442012e-17] corr_G2:[None, None, 0]
Training end
Task is 0.00% complete.
t1_sim:[58211. 58268. 59969.] t2_sim:[60263. 60131. 58888.]
Task is 1.00% complete.
t1_sim:[62151. 61994. 60897.] t2_sim:[69497. 70027. 69084.]
Task is 2.00% complete.
t1_sim:[63662. 63367. 61343.] t2_sim:[61541. 61548. 63047.]
Task is 3.00% complete.
t1_sim:[61668. 61720. 61108.] t2_sim:[72758. 72675. 71046.]
Task is 4.00% complete.
t1_sim:[62122. 62374. 64250.] t2_sim:[63026. 63121. 65166.]
Task is 5.00% complete.
t1_sim:[64694. 64725. 66664.] t2_sim:[57506. 57344. 55208.]
Task is 6.00% complete.
t1_sim:[59246. 59178. 61786.] t2_sim:[63973. 63996. 62796.]
Task is 7.00% complete.
t1_sim:[60031. 59859. 61458.] t2_sim:[65275. 65515. 61741.]
Task is 8.00% complete.
t1_sim:[61356. 61619. 62686.] t2_sim:[60205. 60541. 64063.]
Task is 9.00% complete.
t1_sim:[62167. 62197. 61613.] t2_sim:[61995. 62310. 62918.]
Task is 10.00% complete.
t1_sim:[60020. 60016. 59951.] t2_sim:[68372. 68480. 66852.]
Task is 11.00% complete.
t1_sim:[64277. 63894. 66057.] t2_sim:[63492. 63473. 62620.]
Task is 12.00% complete.
t1_sim:[66325. 66557. 66367.] t2_sim:[62453. 62464. 59677.]
Task is 13.00% complete.
t1_sim:[62788. 62649. 63491.] t2_sim:[65408. 65619. 65835.]
Task is 14.00% complete.
t1_sim:[60459. 60535. 62874.] t2_sim:[61064. 61155. 60637.]
Task is 15.00% complete.
t1_sim:[63518. 63714. 62274.] t2_sim:[60433. 60196. 60662.]
Task is 16.00% complete.
t1_sim:[60446. 60514. 59490.] t2_sim:[64989. 64760. 59923.]
Task is 17.00% complete.
t1_sim:[62288. 62177. 62560.] t2_sim:[59511. 59352. 59126.]
Task is 18.00% complete.
t1_sim:[65361. 65486. 67912.] t2_sim:[66359. 66745. 64464.]
Task is 19.00% complete.
t1_sim:[58589. 58899. 60275.] t2_sim:[62164. 62422. 62942.]
Task is 20.00% complete.
t1_sim:[57959. 57710. 60071.] t2_sim:[59299. 59675. 59549.]
Task is 21.00% complete.
t1_sim:[54723. 55154. 58956.] t2_sim:[58756. 58636. 62673.]
Task is 22.00% complete.
t1_sim:[59921. 60234. 66282.] t2_sim:[61926. 62044. 63788.]
Task is 23.00% complete.
t1_sim:[70536. 70606. 67008.] t2_sim:[62679. 62657. 60705.]
Task is 24.00% complete.
t1_sim:[68478. 68100. 66205.] t2_sim:[64882. 64776. 61759.]
Task is 25.00% complete.
t1_sim:[62089. 62030. 65528.] t2_sim:[64685. 64608. 64196.]
Task is 26.00% complete.
t1_sim:[56452. 56700. 58095.] t2_sim:[63903. 63854. 66685.]
Task is 27.00% complete.
t1_sim:[61304. 61296. 61683.] t2_sim:[57854. 58120. 57517.]
Task is 28.00% complete.
t1_sim:[55765. 55930. 54286.] t2_sim:[61458. 61653. 65314.]
Task is 29.00% complete.
t1_sim:[59632. 59782. 61101.] t2_sim:[61101. 61088. 60735.]
Task is 30.00% complete.
t1_sim:[61337. 61303. 62233.] t2_sim:[64042. 63940. 64438.]
Task is 31.00% complete.
t1_sim:[63902. 63964. 65566.] t2_sim:[69218. 69261. 70950.]
Task is 32.00% complete.
t1_sim:[64888. 64545. 62581.] t2_sim:[61676. 61237. 64075.]
Task is 33.00% complete.
t1_sim:[59358. 59563. 60802.] t2_sim:[64968. 65097. 65129.]
Task is 34.00% complete.
t1_sim:[61690. 62102. 62994.] t2_sim:[61973. 61694. 60702.]
Task is 35.00% complete.
t1_sim:[63031. 62608. 62451.] t2_sim:[65447. 64898. 64802.]
Task is 36.00% complete.
t1_sim:[56524. 56422. 59858.] t2_sim:[62412. 62445. 62635.]
Task is 37.00% complete.
t1_sim:[63220. 63792. 63675.] t2_sim:[63228. 62973. 63635.]
Task is 38.00% complete.
t1_sim:[60190. 59890. 64029.] t2_sim:[59723. 59769. 59610.]
Task is 39.00% complete.
t1_sim:[62554. 62256. 62609.] t2_sim:[64069. 63625. 61455.]
Task is 40.00% complete.
t1_sim:[66458. 66440. 67024.] t2_sim:[61154. 60815. 61308.]
Task is 41.00% complete.
t1_sim:[63405. 63735. 61340.] t2_sim:[62286. 62001. 62575.]
Task is 42.00% complete.
t1_sim:[65099. 65239. 61802.] t2_sim:[60973. 61538. 59914.]
Task is 43.00% complete.
t1_sim:[64229. 64081. 59062.] t2_sim:[68172. 68284. 68783.]
Task is 44.00% complete.
t1_sim:[63667. 63503. 64907.] t2_sim:[58962. 59274. 60095.]
Task is 45.00% complete.
t1_sim:[62936. 62983. 66892.] t2_sim:[64268. 64109. 66378.]
Task is 46.00% complete.
t1_sim:[60330. 60605. 59835.] t2_sim:[59763. 59695. 58007.]
Task is 47.00% complete.
t1_sim:[62372. 62386. 63015.] t2_sim:[64883. 64640. 62008.]
Task is 48.00% complete.
t1_sim:[60917. 61353. 62482.] t2_sim:[64339. 64780. 65025.]
Task is 49.00% complete.
t1_sim:[66742. 66598. 61224.] t2_sim:[65802. 65936. 67363.]
Task is 50.00% complete.
t1_sim:[62136. 62460. 67648.] t2_sim:[57446. 57451. 60828.]
Task is 51.00% complete.
t1_sim:[59445. 59133. 59810.] t2_sim:[66353. 65921. 64935.]
Task is 52.00% complete.
t1_sim:[62014. 62179. 64334.] t2_sim:[65133. 65300. 62677.]
Task is 53.00% complete.
t1_sim:[61925. 61659. 62369.] t2_sim:[60849. 60841. 66308.]
Task is 54.00% complete.
t1_sim:[64743. 64988. 62051.] t2_sim:[64240. 64257. 66349.]
Task is 55.00% complete.
t1_sim:[57833. 57607. 57670.] t2_sim:[68489. 68397. 66724.]
Task is 56.00% complete.
t1_sim:[61686. 61981. 65435.] t2_sim:[61911. 62060. 65130.]
Task is 57.00% complete.
t1_sim:[68801. 68908. 66081.] t2_sim:[61177. 61328. 64338.]
Task is 58.00% complete.
t1_sim:[60259. 60487. 60011.] t2_sim:[61323. 61132. 64305.]
Task is 59.00% complete.
t1_sim:[60649. 60924. 63463.] t2_sim:[59763. 59521. 58225.]
Task is 60.00% complete.
t1_sim:[63026. 63277. 66172.] t2_sim:[60955. 60613. 59235.]
Task is 61.00% complete.
t1_sim:[62107. 61812. 62645.] t2_sim:[63106. 63204. 60849.]
Task is 62.00% complete.
t1_sim:[59074. 58942. 62782.] t2_sim:[61848. 62250. 64034.]
Task is 63.00% complete.
t1_sim:[59920. 59936. 60928.] t2_sim:[60462. 60473. 62312.]
Task is 64.00% complete.
t1_sim:[59334. 59390. 58121.] t2_sim:[62322. 62374. 64972.]
Task is 65.00% complete.
t1_sim:[61747. 61981. 64110.] t2_sim:[63340. 63321. 64097.]
Task is 66.00% complete.
t1_sim:[61202. 61621. 61729.] t2_sim:[64072. 64283. 63276.]
Task is 67.00% complete.
t1_sim:[60517. 60550. 59610.] t2_sim:[64862. 64849. 68007.]
Task is 68.00% complete.
t1_sim:[63399. 63121. 56983.] t2_sim:[63019. 63046. 63155.]
Task is 69.00% complete.
t1_sim:[66196. 66270. 63148.] t2_sim:[58307. 58623. 56956.]
Task is 70.00% complete.
t1_sim:[64984. 64618. 64555.] t2_sim:[57215. 57294. 60946.]
Task is 71.00% complete.
t1_sim:[59345. 58992. 57084.] t2_sim:[61638. 61879. 64595.]
Task is 72.00% complete.
t1_sim:[62408. 62521. 61953.] t2_sim:[60645. 60460. 61376.]
Task is 73.00% complete.
t1_sim:[66666. 66753. 68928.] t2_sim:[62463. 62277. 63156.]
Task is 74.00% complete.
t1_sim:[62066. 62257. 59250.] t2_sim:[61941. 61838. 62485.]
Task is 75.00% complete.
t1_sim:[66134. 66203. 66076.] t2_sim:[69623. 69406. 66879.]
Task is 76.00% complete.
t1_sim:[59392. 59472. 58896.] t2_sim:[64282. 64275. 65064.]
Task is 77.00% complete.
t1_sim:[64373. 64395. 64233.] t2_sim:[63133. 63158. 62410.]
Task is 78.00% complete.
t1_sim:[61593. 61317. 63346.] t2_sim:[65807. 65659. 65789.]
Task is 79.00% complete.
t1_sim:[61359. 60898. 66260.] t2_sim:[59253. 59289. 57240.]
Task is 80.00% complete.
t1_sim:[63683. 63478. 65948.] t2_sim:[66306. 66564. 66145.]
Task is 81.00% complete.
t1_sim:[63974. 64056. 60997.] t2_sim:[60489. 60556. 59644.]
Task is 82.00% complete.
t1_sim:[56460. 56110. 57084.] t2_sim:[63925. 64049. 63099.]
Task is 83.00% complete.
t1_sim:[63038. 62801. 61412.] t2_sim:[58387. 58759. 62304.]
Task is 84.00% complete.
t1_sim:[65423. 65578. 64274.] t2_sim:[64721. 64694. 64516.]
Task is 85.00% complete.
t1_sim:[66849. 66772. 68211.] t2_sim:[61456. 61710. 61563.]
Task is 86.00% complete.
t1_sim:[61409. 61193. 61132.] t2_sim:[64093. 64058. 66047.]
Task is 87.00% complete.
t1_sim:[66008. 66274. 67262.] t2_sim:[62581. 62966. 60826.]
Task is 88.00% complete.
t1_sim:[58474. 58705. 61840.] t2_sim:[58142. 58459. 56850.]
Task is 89.00% complete.
t1_sim:[63899. 64057. 64878.] t2_sim:[59245. 59055. 56407.]
Task is 90.00% complete.
t1_sim:[63520. 63090. 59395.] t2_sim:[63109. 62955. 63904.]
Task is 91.00% complete.
t1_sim:[62888. 63345. 64656.] t2_sim:[64380. 64245. 64470.]
Task is 92.00% complete.
t1_sim:[60037. 59783. 61488.] t2_sim:[58225. 58340. 60108.]
Task is 93.00% complete.
t1_sim:[65105. 65121. 62675.] t2_sim:[64847. 64795. 65720.]
Task is 94.00% complete.
t1_sim:[65544. 65112. 64050.] t2_sim:[66583. 66557. 66199.]
Task is 95.00% complete.
t1_sim:[64557. 64608. 63006.] t2_sim:[60156. 60037. 62627.]
Task is 96.00% complete.
t1_sim:[64717. 64184. 65579.] t2_sim:[59638. 59858. 57440.]
Task is 97.00% complete.
t1_sim:[62381. 62567. 63012.] t2_sim:[58448. 58431. 58164.]
Task is 98.00% complete.
t1_sim:[62460. 62203. 65526.] t2_sim:[64987. 64734. 63112.]
Task is 99.00% complete.
t1_sim:[62561. 62540. 64198.] t2_sim:[63688. 63912. 64465.]
Training start
t1_obs:[array(57163.), array(57108.), array(56158.)] t2_obs:[array(65887.), array(66063.), array(68059.)]
corr_G1:[None, None, 0.9951425989818186] corr_G2:[None, None, 0.9990637251408641]
Training end
Task is 0.00% complete.
t1_sim:[61412. 61319. 62126.] t2_sim:[62865. 62887. 63174.]
Task is 1.00% complete.
t1_sim:[58281. 58156. 59221.] t2_sim:[63534. 63238. 61034.]
Task is 2.00% complete.
t1_sim:[58939. 58489. 58342.] t2_sim:[55909. 56181. 58387.]
Task is 3.00% complete.
t1_sim:[58820. 59227. 62363.] t2_sim:[61119. 60997. 57956.]
Task is 4.00% complete.
t1_sim:[56716. 56691. 57721.] t2_sim:[63376. 63439. 63124.]
Task is 5.00% complete.
t1_sim:[69055. 69163. 68130.] t2_sim:[68283. 68723. 68631.]
Task is 6.00% complete.
t1_sim:[66662. 66875. 66154.] t2_sim:[64114. 64446. 62010.]
Task is 7.00% complete.
t1_sim:[63607. 63657. 64397.] t2_sim:[65091. 65015. 62895.]
Task is 8.00% complete.
t1_sim:[59667. 59396. 60373.] t2_sim:[58663. 59196. 60201.]
Task is 9.00% complete.
t1_sim:[62093. 62013. 61444.] t2_sim:[56335. 56479. 56340.]
Task is 10.00% complete.
t1_sim:[66154. 65794. 63874.] t2_sim:[64057. 64025. 62725.]
Task is 11.00% complete.
t1_sim:[58947. 58874. 61751.] t2_sim:[60957. 60769. 60146.]
Task is 12.00% complete.
t1_sim:[67484. 67804. 67214.] t2_sim:[62508. 62300. 61529.]
Task is 13.00% complete.
t1_sim:[63913. 63583. 65208.] t2_sim:[64850. 64804. 64160.]
Task is 14.00% complete.
t1_sim:[62472. 62732. 63317.] t2_sim:[66584. 66782. 67928.]
Task is 15.00% complete.
t1_sim:[64722. 64924. 64913.] t2_sim:[62646. 62277. 62142.]
Task is 16.00% complete.
t1_sim:[59408. 59127. 60973.] t2_sim:[61446. 61520. 62343.]
Task is 17.00% complete.
t1_sim:[61210. 61055. 61153.] t2_sim:[65281. 65508. 67145.]
Task is 18.00% complete.
t1_sim:[65392. 65700. 63213.] t2_sim:[58450. 58594. 58364.]
Task is 19.00% complete.
t1_sim:[57682. 58165. 58250.] t2_sim:[62080. 62501. 63889.]
Task is 20.00% complete.
t1_sim:[56868. 56619. 56784.] t2_sim:[63180. 63316. 63283.]
Task is 21.00% complete.
t1_sim:[69973. 70113. 69207.] t2_sim:[64878. 64658. 64558.]
Task is 22.00% complete.
t1_sim:[65591. 65810. 64467.] t2_sim:[61764. 61627. 61342.]
Task is 23.00% complete.
t1_sim:[65226. 65445. 65555.] t2_sim:[65000. 65124. 63823.]
Task is 24.00% complete.
t1_sim:[66579. 66461. 68042.] t2_sim:[53909. 53626. 54132.]
Task is 25.00% complete.
t1_sim:[64347. 64452. 65513.] t2_sim:[53375. 53340. 55621.]
Task is 26.00% complete.
t1_sim:[62436. 62515. 64146.] t2_sim:[58670. 58342. 56911.]
Task is 27.00% complete.
t1_sim:[65477. 65112. 63029.] t2_sim:[61985. 62454. 61055.]
Task is 28.00% complete.
t1_sim:[54532. 54487. 55727.] t2_sim:[66420. 66631. 68779.]
Task is 29.00% complete.
t1_sim:[60336. 60258. 59625.] t2_sim:[70863. 70580. 70302.]
Task is 30.00% complete.
t1_sim:[64998. 64711. 67052.] t2_sim:[59944. 60037. 60797.]
Task is 31.00% complete.
t1_sim:[64376. 64113. 62965.] t2_sim:[61273. 61325. 58758.]
Task is 32.00% complete.
t1_sim:[60465. 60387. 61860.] t2_sim:[66599. 66161. 65932.]
Task is 33.00% complete.
t1_sim:[62574. 62755. 62898.] t2_sim:[64852. 65020. 66502.]
Task is 34.00% complete.
t1_sim:[63484. 63672. 62696.] t2_sim:[61276. 61851. 60935.]
Task is 35.00% complete.
t1_sim:[59196. 59556. 61460.] t2_sim:[60926. 61032. 61743.]
Task is 36.00% complete.
t1_sim:[63448. 63516. 62958.] t2_sim:[68401. 67951. 67028.]
Task is 37.00% complete.
t1_sim:[62921. 62941. 62673.] t2_sim:[59386. 59237. 60777.]
Task is 38.00% complete.
t1_sim:[65183. 65176. 65009.] t2_sim:[62695. 63187. 65472.]
Task is 39.00% complete.
t1_sim:[58545. 58705. 58403.] t2_sim:[57756. 57754. 59105.]
Task is 40.00% complete.
t1_sim:[62186. 61944. 61353.] t2_sim:[57942. 57954. 58148.]
Task is 41.00% complete.
t1_sim:[67805. 67556. 66703.] t2_sim:[58799. 58766. 58737.]
Task is 42.00% complete.
t1_sim:[60358. 60415. 60056.] t2_sim:[63123. 63139. 61468.]
Task is 43.00% complete.
t1_sim:[59463. 59723. 59236.] t2_sim:[61681. 62040. 61838.]
Task is 44.00% complete.
t1_sim:[64339. 64385. 63943.] t2_sim:[60623. 61024. 62400.]
Task is 45.00% complete.
t1_sim:[60258. 59934. 60642.] t2_sim:[63038. 63380. 61957.]
Task is 46.00% complete.
t1_sim:[65301. 65453. 67170.] t2_sim:[60694. 60455. 61212.]
Task is 47.00% complete.
t1_sim:[64116. 64324. 63438.] t2_sim:[61615. 61374. 61547.]
Task is 48.00% complete.
t1_sim:[61669. 61286. 60629.] t2_sim:[60960. 60886. 60951.]
Task is 49.00% complete.
t1_sim:[58911. 59121. 60908.] t2_sim:[66074. 66567. 67373.]
Task is 50.00% complete.
t1_sim:[58652. 58613. 60842.] t2_sim:[62521. 62926. 63613.]
Task is 51.00% complete.
t1_sim:[66486. 66856. 66324.] t2_sim:[60546. 60797. 61740.]
Task is 52.00% complete.
t1_sim:[55084. 55120. 58302.] t2_sim:[67686. 67447. 67556.]
Task is 53.00% complete.
t1_sim:[59930. 59807. 58682.] t2_sim:[66501. 66791. 66440.]
Task is 54.00% complete.
t1_sim:[64761. 64957. 64369.] t2_sim:[62590. 62391. 61805.]
Task is 55.00% complete.
t1_sim:[62806. 62620. 62275.] t2_sim:[66676. 66187. 66466.]
Task is 56.00% complete.
t1_sim:[60221. 59886. 57118.] t2_sim:[66941. 67287. 65897.]
Task is 57.00% complete.
t1_sim:[63992. 64372. 65133.] t2_sim:[61353. 61273. 60180.]
Task is 58.00% complete.
t1_sim:[61498. 61465. 63153.] t2_sim:[65206. 65358. 65437.]
Task is 59.00% complete.
t1_sim:[62629. 62378. 63521.] t2_sim:[60942. 60906. 61739.]
Task is 60.00% complete.
t1_sim:[61871. 61947. 62643.] t2_sim:[61743. 61714. 61276.]
Task is 61.00% complete.
t1_sim:[62430. 62329. 61064.] t2_sim:[65685. 65489. 64056.]
Task is 62.00% complete.
t1_sim:[58709. 58414. 61468.] t2_sim:[62741. 62100. 61606.]
Task is 63.00% complete.
t1_sim:[57992. 57908. 56724.] t2_sim:[58879. 59530. 59855.]
Task is 64.00% complete.
t1_sim:[60223. 60443. 58765.] t2_sim:[65144. 65137. 66840.]
Task is 65.00% complete.
t1_sim:[57763. 57738. 58560.] t2_sim:[64539. 64979. 62446.]
Task is 66.00% complete.
t1_sim:[65870. 65546. 63188.] t2_sim:[57020. 57052. 56266.]
Task is 67.00% complete.
t1_sim:[62472. 62787. 60221.] t2_sim:[63126. 63585. 63772.]
Task is 68.00% complete.
t1_sim:[65449. 65432. 65509.] t2_sim:[56963. 57000. 55616.]
Task is 69.00% complete.
t1_sim:[61608. 61958. 62200.] t2_sim:[64650. 64601. 64845.]
Task is 70.00% complete.
t1_sim:[57862. 58040. 60041.] t2_sim:[66456. 66352. 67424.]
Task is 71.00% complete.
t1_sim:[61620. 61456. 60223.] t2_sim:[62852. 63051. 61920.]
Task is 72.00% complete.
t1_sim:[63152. 63341. 64879.] t2_sim:[63835. 63818. 62919.]
Task is 73.00% complete.
t1_sim:[63716. 63263. 63261.] t2_sim:[70060. 69618. 67987.]
Task is 74.00% complete.
t1_sim:[61134. 61340. 63533.] t2_sim:[59646. 59349. 62151.]
Task is 75.00% complete.
t1_sim:[70156. 70068. 69896.] t2_sim:[55925. 56124. 56982.]
Task is 76.00% complete.
t1_sim:[62452. 62284. 64443.] t2_sim:[67636. 67222. 68912.]
Task is 77.00% complete.
t1_sim:[63912. 64069. 63504.] t2_sim:[61313. 61324. 59412.]
Task is 78.00% complete.
t1_sim:[61644. 61543. 61587.] t2_sim:[61598. 61522. 60119.]
Task is 79.00% complete.
t1_sim:[64136. 63975. 64264.] t2_sim:[52744. 52871. 53646.]
Task is 80.00% complete.
t1_sim:[65636. 65703. 64391.] t2_sim:[57318. 57051. 58236.]
Task is 81.00% complete.
t1_sim:[60952. 60706. 62085.] t2_sim:[67257. 67037. 61856.]
Task is 82.00% complete.
t1_sim:[70068. 70017. 71388.] t2_sim:[64145. 64313. 66996.]
Task is 83.00% complete.
t1_sim:[58261. 58556. 58677.] t2_sim:[66204. 66384. 66681.]
Task is 84.00% complete.
t1_sim:[64982. 65056. 65866.] t2_sim:[60444. 60441. 61505.]
Task is 85.00% complete.
t1_sim:[64403. 64581. 65325.] t2_sim:[64111. 64376. 65348.]
Task is 86.00% complete.
t1_sim:[62295. 62047. 62537.] t2_sim:[66680. 66999. 67300.]
Task is 87.00% complete.
t1_sim:[59834. 59923. 60818.] t2_sim:[61248. 61645. 62282.]
Task is 88.00% complete.
t1_sim:[64371. 64135. 61813.] t2_sim:[68307. 68417. 68794.]
Task is 89.00% complete.
t1_sim:[59554. 59679. 61950.] t2_sim:[60887. 60739. 60798.]
Task is 90.00% complete.
t1_sim:[57991. 58035. 57397.] t2_sim:[56877. 56449. 56196.]
Task is 91.00% complete.
t1_sim:[61164. 61066. 62218.] t2_sim:[64580. 64797. 65769.]
Task is 92.00% complete.
t1_sim:[63143. 63182. 59998.] t2_sim:[67059. 67045. 68896.]
Task is 93.00% complete.
t1_sim:[60579. 60479. 60273.] t2_sim:[64978. 65165. 65186.]
Task is 94.00% complete.
t1_sim:[61708. 62009. 62800.] t2_sim:[61244. 61353. 62003.]
Task is 95.00% complete.
t1_sim:[64211. 64093. 61817.] t2_sim:[67021. 67357. 64564.]
Task is 96.00% complete.
t1_sim:[59543. 59639. 60645.] t2_sim:[60633. 60248. 61966.]
Task is 97.00% complete.
t1_sim:[64414. 64022. 65389.] t2_sim:[59927. 60083. 59656.]
Task is 98.00% complete.
t1_sim:[61138. 61138. 61545.] t2_sim:[64139. 64204. 64785.]
Task is 99.00% complete.
t1_sim:[62289. 62182. 64948.] t2_sim:[59533. 59558. 60273.]
Training start
t1_obs:[array(57163.), array(57108.), array(55228.)] t2_obs:[array(65887.), array(66063.), array(67594.)]
corr_G1:[None, None, -0.10017198110892572] corr_G2:[None, None, 0.0210257757304788]
Training end
Task is 0.00% complete.
t1_sim:[71142. 71188. 71220.] t2_sim:[61443. 60884. 63088.]
Task is 1.00% complete.
t1_sim:[65954. 66142. 65806.] t2_sim:[63040. 62559. 61809.]
Task is 2.00% complete.
t1_sim:[58527. 58222. 59321.] t2_sim:[62691. 62954. 60314.]
Task is 3.00% complete.
t1_sim:[64944. 65065. 63453.] t2_sim:[67961. 67679. 66144.]
Task is 4.00% complete.
t1_sim:[62220. 62219. 61542.] t2_sim:[57721. 57893. 58665.]
Task is 5.00% complete.
t1_sim:[64149. 64445. 64188.] t2_sim:[59925. 60189. 59111.]
Task is 6.00% complete.
t1_sim:[63871. 63803. 63399.] t2_sim:[60574. 60814. 59557.]
Task is 7.00% complete.
t1_sim:[63854. 63886. 64823.] t2_sim:[62965. 62663. 63305.]
Task is 8.00% complete.
t1_sim:[59345. 59742. 58900.] t2_sim:[65582. 65598. 64347.]
Task is 9.00% complete.
t1_sim:[60897. 61103. 62195.] t2_sim:[62801. 62698. 64835.]
Task is 10.00% complete.
t1_sim:[63083. 63132. 64668.] t2_sim:[62733. 62824. 61769.]
Task is 11.00% complete.
t1_sim:[61343. 61310. 59576.] t2_sim:[56588. 56455. 55797.]
Task is 12.00% complete.
t1_sim:[63109. 63135. 61708.] t2_sim:[61836. 61689. 60313.]
Task is 13.00% complete.
t1_sim:[65593. 65967. 66538.] t2_sim:[66803. 66704. 66128.]
Task is 14.00% complete.
t1_sim:[57941. 57570. 57334.] t2_sim:[63009. 62993. 64411.]
Task is 15.00% complete.
t1_sim:[60684. 60480. 60146.] t2_sim:[56806. 57154. 59101.]
Task is 16.00% complete.
t1_sim:[64920. 64746. 66533.] t2_sim:[65269. 65303. 66839.]
Task is 17.00% complete.
t1_sim:[63816. 63723. 60288.] t2_sim:[64170. 64469. 64667.]
Task is 18.00% complete.
t1_sim:[63644. 63749. 63296.] t2_sim:[63374. 63751. 61966.]
Task is 19.00% complete.
t1_sim:[62232. 62563. 60115.] t2_sim:[64649. 64551. 65296.]
Task is 20.00% complete.
t1_sim:[58847. 58538. 58510.] t2_sim:[65811. 66155. 64531.]
Task is 21.00% complete.
t1_sim:[63824. 63750. 62504.] t2_sim:[59214. 59147. 54105.]
Task is 22.00% complete.
t1_sim:[68081. 68169. 70027.] t2_sim:[65425. 65542. 68721.]
Task is 23.00% complete.
t1_sim:[63221. 63321. 64221.] t2_sim:[57203. 57268. 56690.]
Task is 24.00% complete.
t1_sim:[56258. 56109. 58041.] t2_sim:[61052. 61105. 61024.]
Task is 25.00% complete.
t1_sim:[64658. 64610. 60479.] t2_sim:[66382. 66340. 65741.]
Task is 26.00% complete.
t1_sim:[67829. 67841. 67962.] t2_sim:[68911. 69249. 67565.]
Task is 27.00% complete.
t1_sim:[60137. 60295. 58852.] t2_sim:[63879. 63591. 63086.]
Task is 28.00% complete.
t1_sim:[60097. 59798. 59684.] t2_sim:[57351. 57404. 62120.]
Task is 29.00% complete.
t1_sim:[64542. 64180. 61757.] t2_sim:[66327. 65839. 66093.]
Task is 30.00% complete.
t1_sim:[62030. 61765. 62477.] t2_sim:[65732. 65584. 65046.]
Task is 31.00% complete.
t1_sim:[62299. 62296. 62863.] t2_sim:[57609. 57483. 57749.]
Task is 32.00% complete.
t1_sim:[57784. 58027. 55693.] t2_sim:[65308. 64990. 62834.]
Task is 33.00% complete.
t1_sim:[59916. 59819. 60078.] t2_sim:[65036. 65576. 65810.]
Task is 34.00% complete.
t1_sim:[63459. 63377. 63390.] t2_sim:[66729. 66474. 67814.]
Task is 35.00% complete.
t1_sim:[64554. 65105. 66436.] t2_sim:[58403. 58114. 59183.]
Task is 36.00% complete.
t1_sim:[65742. 65910. 64982.] t2_sim:[66425. 66586. 64870.]
Task is 37.00% complete.
t1_sim:[60377. 60286. 61692.] t2_sim:[67702. 67862. 64756.]
Task is 38.00% complete.
t1_sim:[59732. 59628. 59207.] t2_sim:[62175. 61953. 62542.]
Task is 39.00% complete.
t1_sim:[62439. 62425. 63516.] t2_sim:[69333. 69619. 67874.]
Task is 40.00% complete.
t1_sim:[57961. 57738. 57131.] t2_sim:[61264. 61152. 62491.]
Task is 41.00% complete.
t1_sim:[66407. 66796. 67832.] t2_sim:[61129. 60739. 58717.]
Task is 42.00% complete.
t1_sim:[62012. 62375. 62321.] t2_sim:[64626. 64695. 63950.]
Task is 43.00% complete.
t1_sim:[62657. 62609. 61833.] t2_sim:[59729. 59532. 58344.]
Task is 44.00% complete.
t1_sim:[60969. 60774. 59710.] t2_sim:[60854. 60651. 61503.]
Task is 45.00% complete.
t1_sim:[63567. 63888. 61641.] t2_sim:[59590. 59679. 60614.]
Task is 46.00% complete.
t1_sim:[58014. 58042. 56680.] t2_sim:[60630. 60846. 62170.]
Task is 47.00% complete.
t1_sim:[61155. 60890. 57312.] t2_sim:[59486. 59549. 59491.]
Task is 48.00% complete.
t1_sim:[60581. 60638. 62074.] t2_sim:[62971. 63140. 66741.]
Task is 49.00% complete.
t1_sim:[63170. 63253. 64066.] t2_sim:[64464. 64749. 64892.]
Task is 50.00% complete.
t1_sim:[62581. 62207. 60589.] t2_sim:[66807. 67019. 66115.]
Task is 51.00% complete.
t1_sim:[60958. 61146. 62246.] t2_sim:[63539. 63714. 65211.]
Task is 52.00% complete.
t1_sim:[62438. 62581. 65836.] t2_sim:[58681. 58740. 63030.]
Task is 53.00% complete.
t1_sim:[64890. 65022. 66137.] t2_sim:[65739. 65678. 63451.]
Task is 54.00% complete.
t1_sim:[63078. 62873. 64135.] t2_sim:[60514. 60493. 60181.]
Task is 55.00% complete.
t1_sim:[60885. 60878. 61252.] t2_sim:[69999. 69878. 70180.]
Task is 56.00% complete.
t1_sim:[57421. 57246. 56306.] t2_sim:[57824. 57875. 57247.]
Task is 57.00% complete.
t1_sim:[69505. 69717. 69300.] t2_sim:[57508. 57625. 61028.]
Task is 58.00% complete.
t1_sim:[57306. 57430. 58009.] t2_sim:[59902. 59900. 61470.]
Task is 59.00% complete.
t1_sim:[60376. 60112. 61841.] t2_sim:[65424. 65645. 64860.]
Task is 60.00% complete.
t1_sim:[60945. 60976. 59738.] t2_sim:[60362. 60264. 60113.]
Task is 61.00% complete.
t1_sim:[66590. 66445. 67081.] t2_sim:[62598. 62796. 61441.]
Task is 62.00% complete.
t1_sim:[70190. 70297. 69362.] t2_sim:[57116. 57474. 59520.]
Task is 63.00% complete.
t1_sim:[63716. 63894. 64360.] t2_sim:[64169. 64379. 66777.]
Task is 64.00% complete.
t1_sim:[63197. 63337. 60685.] t2_sim:[63123. 63230. 62752.]
Task is 65.00% complete.
t1_sim:[59152. 59246. 59172.] t2_sim:[66057. 66359. 65805.]
Task is 66.00% complete.
t1_sim:[63103. 63165. 63950.] t2_sim:[61963. 62318. 60090.]
Task is 67.00% complete.
t1_sim:[63428. 63525. 65044.] t2_sim:[66641. 66749. 66989.]
Task is 68.00% complete.
t1_sim:[66219. 65893. 65814.] t2_sim:[60183. 59756. 58033.]
Task is 69.00% complete.
t1_sim:[63588. 63772. 62788.] t2_sim:[67214. 66684. 64651.]
Task is 70.00% complete.
t1_sim:[59980. 60137. 61546.] t2_sim:[57987. 57897. 58816.]
Task is 71.00% complete.
t1_sim:[66789. 66552. 67871.] t2_sim:[62179. 62424. 60896.]
Task is 72.00% complete.
t1_sim:[55033. 55195. 57713.] t2_sim:[63078. 63013. 60403.]
Task is 73.00% complete.
t1_sim:[56090. 56198. 58652.] t2_sim:[66272. 66456. 67365.]
Task is 74.00% complete.
t1_sim:[62360. 62503. 63570.] t2_sim:[63060. 62713. 62052.]
Task is 75.00% complete.
t1_sim:[65719. 65950. 69835.] t2_sim:[60385. 60614. 61894.]
Task is 76.00% complete.
t1_sim:[64399. 64213. 65347.] t2_sim:[63122. 63085. 66372.]
Task is 77.00% complete.
t1_sim:[60973. 61065. 60903.] t2_sim:[62937. 63116. 63027.]
Task is 78.00% complete.
t1_sim:[71375. 71383. 71658.] t2_sim:[60884. 60984. 63564.]
Task is 79.00% complete.
t1_sim:[62223. 61792. 63101.] t2_sim:[65302. 65586. 65645.]
Task is 80.00% complete.
t1_sim:[63464. 63776. 62333.] t2_sim:[63813. 64311. 60095.]
Task is 81.00% complete.
t1_sim:[62273. 62719. 63935.] t2_sim:[64727. 64746. 63965.]
Task is 82.00% complete.
t1_sim:[62308. 62517. 62760.] t2_sim:[64105. 63837. 62711.]
Task is 83.00% complete.
t1_sim:[60800. 60781. 59732.] t2_sim:[65591. 66107. 68526.]
Task is 84.00% complete.
t1_sim:[58443. 58596. 58886.] t2_sim:[61152. 60695. 61950.]
Task is 85.00% complete.
t1_sim:[57141. 56798. 58069.] t2_sim:[62700. 62747. 62583.]
Task is 86.00% complete.
t1_sim:[63036. 62917. 65080.] t2_sim:[59576. 59077. 58281.]
Task is 87.00% complete.
t1_sim:[64575. 64664. 65642.] t2_sim:[60796. 60875. 60157.]
Task is 88.00% complete.
t1_sim:[63730. 63658. 64260.] t2_sim:[61831. 61362. 60805.]
Task is 89.00% complete.
t1_sim:[64675. 64231. 61213.] t2_sim:[70508. 70058. 66485.]
Task is 90.00% complete.
t1_sim:[62114. 62027. 60369.] t2_sim:[61015. 60687. 61598.]
Task is 91.00% complete.
t1_sim:[65783. 65591. 65261.] t2_sim:[65108. 65468. 65089.]
Task is 92.00% complete.
t1_sim:[66422. 66450. 63828.] t2_sim:[60819. 60817. 59624.]
Task is 93.00% complete.
t1_sim:[60309. 60150. 56476.] t2_sim:[63175. 63199. 59472.]
Task is 94.00% complete.
t1_sim:[69378. 69565. 69974.] t2_sim:[70603. 70637. 66738.]
Task is 95.00% complete.
t1_sim:[63600. 63627. 63074.] t2_sim:[62225. 62232. 63104.]
Task is 96.00% complete.
t1_sim:[55629. 55656. 55616.] t2_sim:[57003. 56625. 57386.]
Task is 97.00% complete.
t1_sim:[62632. 62902. 63938.] t2_sim:[62277. 62364. 62736.]
Task is 98.00% complete.
t1_sim:[59394. 60378. 63492.] t2_sim:[65464. 65692. 65102.]
Task is 99.00% complete.
t1_sim:[61045. 61169. 60839.] t2_sim:[63144. 63531. 65419.]
Finished
