Begin
Training start
t1_obs:[array(57063.), array(56866.), array(59471.)] t2_obs:[array(61232.), array(61071.), array(68811.)]
corr_G1:[None, None, -5.453165715911427e-17] corr_G2:[None, None, 0]
Training end
Task is 0.00% complete.
t1_sim:[60992. 60863. 62491.] t2_sim:[61908. 61717. 65814.]
Task is 1.00% complete.
t1_sim:[64031. 63798. 64405.] t2_sim:[65424. 65352. 66729.]
Task is 2.00% complete.
t1_sim:[62528. 62401. 63176.] t2_sim:[65541. 65553. 64998.]
Task is 3.00% complete.
t1_sim:[61157. 61074. 61112.] t2_sim:[61273. 61433. 61850.]
Task is 4.00% complete.
t1_sim:[61852. 61857. 60933.] t2_sim:[67021. 67030. 67343.]
Task is 5.00% complete.
t1_sim:[64526. 64507. 61984.] t2_sim:[60561. 60757. 62275.]
Task is 6.00% complete.
t1_sim:[69097. 68863. 70183.] t2_sim:[63230. 63293. 62856.]
Task is 7.00% complete.
t1_sim:[59501. 59804. 61432.] t2_sim:[62525. 62447. 62451.]
Task is 8.00% complete.
t1_sim:[58509. 58249. 56976.] t2_sim:[61737. 61745. 57889.]
Task is 9.00% complete.
t1_sim:[67980. 67964. 69246.] t2_sim:[66564. 66598. 61769.]
Task is 10.00% complete.
t1_sim:[67340. 67598. 68835.] t2_sim:[59199. 59277. 58791.]
Task is 11.00% complete.
t1_sim:[60780. 60611. 61712.] t2_sim:[62744. 62752. 62997.]
Task is 12.00% complete.
t1_sim:[69071. 68805. 65918.] t2_sim:[67719. 67899. 67784.]
Task is 13.00% complete.
t1_sim:[67786. 67731. 67938.] t2_sim:[63051. 62902. 61886.]
Task is 14.00% complete.
t1_sim:[64217. 64592. 63811.] t2_sim:[60709. 60976. 63752.]
Task is 15.00% complete.
t1_sim:[56398. 56939. 58350.] t2_sim:[63596. 63490. 64428.]
Task is 16.00% complete.
t1_sim:[63635. 63711. 64051.] t2_sim:[64948. 64898. 63510.]
Task is 17.00% complete.
t1_sim:[61581. 61553. 63156.] t2_sim:[63716. 63390. 61657.]
Task is 18.00% complete.
t1_sim:[62116. 61913. 62816.] t2_sim:[66629. 66660. 63190.]
Task is 19.00% complete.
t1_sim:[60220. 59873. 56153.] t2_sim:[61641. 61618. 63206.]
Task is 20.00% complete.
t1_sim:[55036. 54845. 57134.] t2_sim:[59390. 59661. 61165.]
Task is 21.00% complete.
t1_sim:[67867. 68040. 64221.] t2_sim:[67391. 66877. 68216.]
Task is 22.00% complete.
t1_sim:[57095. 57102. 58464.] t2_sim:[59259. 59342. 58307.]
Task is 23.00% complete.
t1_sim:[63888. 63782. 61646.] t2_sim:[66616. 66502. 62117.]
Task is 24.00% complete.
t1_sim:[65492. 65557. 65279.] t2_sim:[60971. 61154. 59870.]
Task is 25.00% complete.
t1_sim:[57845. 57689. 60087.] t2_sim:[60586. 60546. 59608.]
Task is 26.00% complete.
t1_sim:[61588. 61829. 62301.] t2_sim:[57471. 56993. 60185.]
Task is 27.00% complete.
t1_sim:[58266. 58285. 57683.] t2_sim:[63914. 63818. 59991.]
Task is 28.00% complete.
t1_sim:[64837. 64640. 63522.] t2_sim:[59805. 59720. 56518.]
Task is 29.00% complete.
t1_sim:[63638. 64076. 64781.] t2_sim:[62936. 63086. 62137.]
Task is 30.00% complete.
t1_sim:[65156. 64865. 65613.] t2_sim:[59976. 59935. 60162.]
Task is 31.00% complete.
t1_sim:[64587. 64489. 62033.] t2_sim:[66303. 66544. 64484.]
Task is 32.00% complete.
t1_sim:[63107. 62912. 61959.] t2_sim:[60408. 60416. 61253.]
Task is 33.00% complete.
t1_sim:[61651. 61373. 57946.] t2_sim:[57164. 56922. 55754.]
Task is 34.00% complete.
t1_sim:[63821. 64113. 59204.] t2_sim:[59368. 59318. 59156.]
Task is 35.00% complete.
t1_sim:[64725. 64999. 60153.] t2_sim:[63940. 63741. 62453.]
Task is 36.00% complete.
t1_sim:[63979. 64210. 66993.] t2_sim:[61281. 61002. 60088.]
Task is 37.00% complete.
t1_sim:[60599. 60760. 59305.] t2_sim:[60236. 60132. 58169.]
Task is 38.00% complete.
t1_sim:[61604. 61931. 63941.] t2_sim:[64633. 64805. 66351.]
Task is 39.00% complete.
t1_sim:[59418. 59476. 65507.] t2_sim:[64710. 64733. 64039.]
Task is 40.00% complete.
t1_sim:[65923. 66024. 63216.] t2_sim:[65272. 64903. 64913.]
Task is 41.00% complete.
t1_sim:[62087. 62401. 61176.] t2_sim:[70392. 70212. 68708.]
Task is 42.00% complete.
t1_sim:[64956. 65113. 67568.] t2_sim:[61442. 61225. 62991.]
Task is 43.00% complete.
t1_sim:[57695. 57705. 58576.] t2_sim:[65792. 65680. 66312.]
Task is 44.00% complete.
t1_sim:[66065. 65885. 66419.] t2_sim:[60157. 59819. 58750.]
Task is 45.00% complete.
t1_sim:[65026. 65083. 66651.] t2_sim:[61252. 61038. 58992.]
Task is 46.00% complete.
t1_sim:[61293. 61334. 58401.] t2_sim:[68538. 68273. 66627.]
Task is 47.00% complete.
t1_sim:[62011. 62018. 62925.] t2_sim:[66217. 66100. 61154.]
Task is 48.00% complete.
t1_sim:[59480. 59303. 60122.] t2_sim:[69501. 69306. 66373.]
Task is 49.00% complete.
t1_sim:[54063. 54434. 54027.] t2_sim:[62081. 62095. 61588.]
Task is 50.00% complete.
t1_sim:[61667. 61934. 58833.] t2_sim:[63044. 63188. 64121.]
Task is 51.00% complete.
t1_sim:[64618. 64597. 63924.] t2_sim:[62686. 62461. 61600.]
Task is 52.00% complete.
t1_sim:[63664. 63903. 62019.] t2_sim:[60824. 60567. 62928.]
Task is 53.00% complete.
t1_sim:[62556. 62895. 65461.] t2_sim:[64131. 64379. 65956.]
Task is 54.00% complete.
t1_sim:[63889. 63991. 63417.] t2_sim:[64698. 64375. 61080.]
Task is 55.00% complete.
t1_sim:[69269. 68619. 69505.] t2_sim:[63365. 63404. 60664.]
Task is 56.00% complete.
t1_sim:[64521. 64633. 63802.] t2_sim:[65158. 65148. 63805.]
Task is 57.00% complete.
t1_sim:[63308. 63024. 67419.] t2_sim:[65771. 65738. 65296.]
Task is 58.00% complete.
t1_sim:[61190. 60927. 59073.] t2_sim:[61390. 61265. 60197.]
Task is 59.00% complete.
t1_sim:[61428. 61389. 59956.] t2_sim:[64356. 64611. 63849.]
Task is 60.00% complete.
t1_sim:[66231. 66192. 66584.] t2_sim:[61875. 62159. 62891.]
Task is 61.00% complete.
t1_sim:[62198. 62505. 63794.] t2_sim:[65706. 65276. 61653.]
Task is 62.00% complete.
t1_sim:[57893. 57762. 55564.] t2_sim:[57734. 57447. 59439.]
Task is 63.00% complete.
t1_sim:[59290. 59129. 60870.] t2_sim:[65795. 65955. 62630.]
Task is 64.00% complete.
t1_sim:[64926. 64966. 67069.] t2_sim:[60809. 61046. 62906.]
Task is 65.00% complete.
t1_sim:[61757. 61757. 61369.] t2_sim:[59152. 59008. 61418.]
Task is 66.00% complete.
t1_sim:[57598. 57803. 56250.] t2_sim:[64209. 64576. 59031.]
Task is 67.00% complete.
t1_sim:[64565. 64941. 65758.] t2_sim:[61507. 61314. 58641.]
Task is 68.00% complete.
t1_sim:[61815. 61458. 62304.] t2_sim:[64108. 64071. 64194.]
Task is 69.00% complete.
t1_sim:[62597. 62807. 61579.] t2_sim:[57816. 57972. 61245.]
Task is 70.00% complete.
t1_sim:[62338. 62404. 63677.] t2_sim:[60791. 60834. 65824.]
Task is 71.00% complete.
t1_sim:[60862. 61000. 57011.] t2_sim:[58453. 58785. 57430.]
Task is 72.00% complete.
t1_sim:[60081. 60123. 61796.] t2_sim:[56679. 56489. 55996.]
Task is 73.00% complete.
t1_sim:[68927. 68939. 64592.] t2_sim:[66890. 66687. 59014.]
Task is 74.00% complete.
t1_sim:[66602. 66712. 64472.] t2_sim:[60902. 60963. 61134.]
Task is 75.00% complete.
t1_sim:[70052. 69925. 72291.] t2_sim:[61968. 61722. 62818.]
Task is 76.00% complete.
t1_sim:[62388. 62158. 59858.] t2_sim:[65470. 65383. 65615.]
Task is 77.00% complete.
t1_sim:[65791. 65833. 66048.] t2_sim:[65131. 65157. 67124.]
Task is 78.00% complete.
t1_sim:[64030. 63909. 60729.] t2_sim:[54568. 55000. 58344.]
Task is 79.00% complete.
t1_sim:[66157. 66191. 66054.] t2_sim:[64530. 64027. 61352.]
Task is 80.00% complete.
t1_sim:[65985. 66070. 66689.] t2_sim:[57893. 57508. 56316.]
Task is 81.00% complete.
t1_sim:[62618. 62319. 61568.] t2_sim:[64741. 64792. 64810.]
Task is 82.00% complete.
t1_sim:[59580. 59718. 61932.] t2_sim:[58868. 59053. 61672.]
Task is 83.00% complete.
t1_sim:[62486. 62421. 62256.] t2_sim:[64859. 64874. 63716.]
Task is 84.00% complete.
t1_sim:[58893. 59502. 62421.] t2_sim:[63697. 63675. 65420.]
Task is 85.00% complete.
t1_sim:[65851. 65830. 62823.] t2_sim:[64220. 64336. 63686.]
Task is 86.00% complete.
t1_sim:[62383. 62547. 59948.] t2_sim:[66354. 66350. 67849.]
Task is 87.00% complete.
t1_sim:[58294. 58152. 61699.] t2_sim:[66119. 66521. 67272.]
Task is 88.00% complete.
t1_sim:[65565. 65378. 64448.] t2_sim:[66607. 66572. 67901.]
Task is 89.00% complete.
t1_sim:[65178. 65602. 64872.] t2_sim:[63190. 63383. 61692.]
Task is 90.00% complete.
t1_sim:[61417. 61396. 58766.] t2_sim:[61538. 61739. 58865.]
Task is 91.00% complete.
t1_sim:[61382. 61319. 63739.] t2_sim:[57979. 57808. 57749.]
Task is 92.00% complete.
t1_sim:[64090. 63605. 62359.] t2_sim:[65374. 65252. 63043.]
Task is 93.00% complete.
t1_sim:[59558. 59551. 61955.] t2_sim:[57276. 57086. 56814.]
Task is 94.00% complete.
t1_sim:[61342. 61695. 64583.] t2_sim:[59818. 59831. 60516.]
Task is 95.00% complete.
t1_sim:[57002. 57081. 59438.] t2_sim:[62410. 62458. 59361.]
Task is 96.00% complete.
t1_sim:[58033. 57679. 59966.] t2_sim:[63828. 63772. 64385.]
Task is 97.00% complete.
t1_sim:[66830. 66651. 63745.] t2_sim:[58268. 58550. 55906.]
Task is 98.00% complete.
t1_sim:[62578. 62016. 60564.] t2_sim:[65035. 65126. 65522.]
Task is 99.00% complete.
t1_sim:[61250. 61299. 60602.] t2_sim:[59903. 59785. 64575.]
Training start
t1_obs:[array(57063.), array(56866.), array(56498.)] t2_obs:[array(61232.), array(61071.), array(65104.)]
corr_G1:[None, None, 0.986001263079159] corr_G2:[None, None, 0.9732484438469137]
Training end
Task is 0.00% complete.
t1_sim:[61380. 61127. 59648.] t2_sim:[60510. 60878. 61715.]
Task is 1.00% complete.
t1_sim:[60637. 60841. 64094.] t2_sim:[65210. 65074. 65493.]
Task is 2.00% complete.
t1_sim:[61863. 61795. 60600.] t2_sim:[64348. 64457. 64202.]
Task is 3.00% complete.
t1_sim:[55271. 55584. 55604.] t2_sim:[60637. 60526. 57350.]
Task is 4.00% complete.
t1_sim:[66943. 66988. 66399.] t2_sim:[55753. 55748. 57034.]
Task is 5.00% complete.
t1_sim:[61360. 61607. 60466.] t2_sim:[63498. 63622. 63939.]
Task is 6.00% complete.
t1_sim:[62267. 62462. 61669.] t2_sim:[62599. 62177. 61526.]
Task is 7.00% complete.
t1_sim:[65656. 66378. 67090.] t2_sim:[59807. 59541. 60875.]
Task is 8.00% complete.
t1_sim:[63591. 63203. 63640.] t2_sim:[57987. 58237. 58576.]
Task is 9.00% complete.
t1_sim:[58605. 58158. 58529.] t2_sim:[67738. 67850. 67172.]
Task is 10.00% complete.
t1_sim:[64823. 64816. 65406.] t2_sim:[62716. 62713. 62324.]
Task is 11.00% complete.
t1_sim:[63162. 63014. 64159.] t2_sim:[60489. 60451. 58349.]
Task is 12.00% complete.
t1_sim:[64503. 64137. 60026.] t2_sim:[66661. 66905. 67020.]
Task is 13.00% complete.
t1_sim:[58653. 58714. 62885.] t2_sim:[61591. 61748. 63324.]
Task is 14.00% complete.
t1_sim:[58848. 58902. 59496.] t2_sim:[64064. 63909. 64456.]
Task is 15.00% complete.
t1_sim:[65157. 65117. 64754.] t2_sim:[54656. 54882. 54790.]
Task is 16.00% complete.
t1_sim:[59528. 59146. 57748.] t2_sim:[66118. 66277. 69152.]
Task is 17.00% complete.
t1_sim:[64241. 64305. 63646.] t2_sim:[63214. 63339. 62630.]
Task is 18.00% complete.
t1_sim:[59501. 59249. 59494.] t2_sim:[60032. 59837. 61087.]
Task is 19.00% complete.
t1_sim:[56187. 56208. 57888.] t2_sim:[64211. 64323. 64517.]
Task is 20.00% complete.
t1_sim:[66668. 66906. 65383.] t2_sim:[59012. 59245. 58916.]
Task is 21.00% complete.
t1_sim:[65591. 65967. 66177.] t2_sim:[60785. 60420. 60530.]
Task is 22.00% complete.
t1_sim:[60119. 59888. 58091.] t2_sim:[64758. 64283. 64310.]
Task is 23.00% complete.
t1_sim:[55085. 54720. 54046.] t2_sim:[58852. 58989. 58483.]
Task is 24.00% complete.
t1_sim:[59734. 59486. 58144.] t2_sim:[65165. 65139. 65535.]
Task is 25.00% complete.
t1_sim:[58753. 58778. 60384.] t2_sim:[64275. 63998. 64890.]
Task is 26.00% complete.
t1_sim:[59990. 60061. 59716.] t2_sim:[64436. 64167. 63576.]
Task is 27.00% complete.
t1_sim:[64694. 65032. 65154.] t2_sim:[55929. 55903. 57643.]
Task is 28.00% complete.
t1_sim:[65977. 65570. 64226.] t2_sim:[60474. 60327. 62102.]
Task is 29.00% complete.
t1_sim:[62352. 62382. 60333.] t2_sim:[64651. 64337. 65669.]
Task is 30.00% complete.
t1_sim:[61259. 61438. 63281.] t2_sim:[64294. 64594. 62895.]
Task is 31.00% complete.
t1_sim:[64279. 64375. 64005.] t2_sim:[66027. 65780. 64415.]
Task is 32.00% complete.
t1_sim:[66122. 66156. 65372.] t2_sim:[59193. 59071. 58635.]
Task is 33.00% complete.
t1_sim:[64352. 64156. 66022.] t2_sim:[70542. 70025. 69923.]
Task is 34.00% complete.
t1_sim:[63478. 63814. 63646.] t2_sim:[67165. 67075. 65823.]
Task is 35.00% complete.
t1_sim:[61217. 60952. 61767.] t2_sim:[65086. 65327. 67724.]
Task is 36.00% complete.
t1_sim:[65087. 65098. 65108.] t2_sim:[67742. 67994. 67053.]
Task is 37.00% complete.
t1_sim:[57315. 57542. 59344.] t2_sim:[63759. 63704. 64266.]
Task is 38.00% complete.
t1_sim:[64889. 64911. 66867.] t2_sim:[68622. 68552. 69153.]
Task is 39.00% complete.
t1_sim:[61829. 61929. 59773.] t2_sim:[59398. 59520. 58994.]
Task is 40.00% complete.
t1_sim:[60399. 60315. 60367.] t2_sim:[59319. 59366. 57776.]
Task is 41.00% complete.
t1_sim:[59777. 59732. 61464.] t2_sim:[57898. 58020. 60833.]
Task is 42.00% complete.
t1_sim:[64158. 64335. 64773.] t2_sim:[60821. 60681. 62547.]
Task is 43.00% complete.
t1_sim:[67253. 67263. 67302.] t2_sim:[61148. 61070. 60382.]
Task is 44.00% complete.
t1_sim:[62625. 62471. 62237.] t2_sim:[61600. 61707. 62446.]
Task is 45.00% complete.
t1_sim:[64034. 64002. 64409.] t2_sim:[64611. 64612. 65569.]
Task is 46.00% complete.
t1_sim:[62899. 62449. 63491.] t2_sim:[61911. 61983. 60719.]
Task is 47.00% complete.
t1_sim:[66208. 66105. 67718.] t2_sim:[65590. 65553. 65218.]
Task is 48.00% complete.
t1_sim:[65657. 65792. 64511.] t2_sim:[64386. 64465. 65814.]
Task is 49.00% complete.
t1_sim:[59142. 59407. 60302.] t2_sim:[65845. 65629. 65001.]
Task is 50.00% complete.
t1_sim:[56640. 56530. 57229.] t2_sim:[66085. 66006. 66759.]
Task is 51.00% complete.
t1_sim:[64198. 64111. 65010.] t2_sim:[64648. 64612. 66066.]
Task is 52.00% complete.
t1_sim:[63457. 63416. 62800.] t2_sim:[67906. 67989. 67278.]
Task is 53.00% complete.
t1_sim:[60763. 60612. 59226.] t2_sim:[66135. 65882. 66083.]
Task is 54.00% complete.
t1_sim:[68810. 68305. 66835.] t2_sim:[62254. 62018. 59357.]
Task is 55.00% complete.
t1_sim:[63896. 64039. 63455.] t2_sim:[68161. 67842. 65186.]
Task is 56.00% complete.
t1_sim:[65037. 65132. 66158.] t2_sim:[63583. 63797. 64748.]
Task is 57.00% complete.
t1_sim:[59884. 59905. 58518.] t2_sim:[64371. 64061. 64103.]
Task is 58.00% complete.
t1_sim:[62999. 63116. 63576.] t2_sim:[63598. 63608. 63977.]
Task is 59.00% complete.
t1_sim:[55934. 55844. 55579.] t2_sim:[56782. 56965. 59557.]
Task is 60.00% complete.
t1_sim:[59920. 59889. 59968.] t2_sim:[62064. 61865. 61581.]
Task is 61.00% complete.
t1_sim:[58703. 58925. 61024.] t2_sim:[58224. 58298. 59770.]
Task is 62.00% complete.
t1_sim:[64043. 64382. 64940.] t2_sim:[62960. 62523. 65388.]
Task is 63.00% complete.
t1_sim:[65895. 65547. 66717.] t2_sim:[61982. 62144. 59386.]
Task is 64.00% complete.
t1_sim:[58398. 58559. 59750.] t2_sim:[60525. 60876. 63244.]
Task is 65.00% complete.
t1_sim:[58902. 58737. 60708.] t2_sim:[65959. 66043. 65881.]
Task is 66.00% complete.
t1_sim:[67210. 67120. 65263.] t2_sim:[65994. 65857. 62912.]
Task is 67.00% complete.
t1_sim:[65557. 66041. 65976.] t2_sim:[62347. 62218. 60130.]
Task is 68.00% complete.
t1_sim:[62692. 62589. 63989.] t2_sim:[61747. 61943. 62130.]
Task is 69.00% complete.
t1_sim:[63004. 62975. 63721.] t2_sim:[58517. 58350. 59234.]
Task is 70.00% complete.
t1_sim:[60559. 60315. 63461.] t2_sim:[58301. 58211. 57586.]
Task is 71.00% complete.
t1_sim:[64647. 65053. 66341.] t2_sim:[59209. 58967. 59924.]
Task is 72.00% complete.
t1_sim:[57805. 57138. 55817.] t2_sim:[69182. 69375. 71822.]
Task is 73.00% complete.
t1_sim:[64744. 64899. 64994.] t2_sim:[61036. 60856. 61454.]
Task is 74.00% complete.
t1_sim:[62190. 61907. 59828.] t2_sim:[62611. 62658. 63249.]
Task is 75.00% complete.
t1_sim:[62144. 62176. 60690.] t2_sim:[62123. 62455. 61925.]
Task is 76.00% complete.
t1_sim:[62043. 62401. 61517.] t2_sim:[60970. 60950. 61459.]
Task is 77.00% complete.
t1_sim:[57776. 58077. 57739.] t2_sim:[62485. 62613. 61960.]
Task is 78.00% complete.
t1_sim:[62655. 62381. 62015.] t2_sim:[63444. 63422. 62352.]
Task is 79.00% complete.
t1_sim:[64635. 64418. 65174.] t2_sim:[66896. 66905. 66856.]
Task is 80.00% complete.
t1_sim:[64231. 64163. 62358.] t2_sim:[61618. 61440. 61585.]
Task is 81.00% complete.
t1_sim:[65039. 65130. 65771.] t2_sim:[64576. 64645. 64637.]
Task is 82.00% complete.
t1_sim:[62545. 62502. 64849.] t2_sim:[60879. 61111. 61767.]
Task is 83.00% complete.
t1_sim:[60092. 59917. 59966.] t2_sim:[70103. 69701. 69487.]
Task is 84.00% complete.
t1_sim:[60388. 60151. 62439.] t2_sim:[66211. 66153. 62056.]
Task is 85.00% complete.
t1_sim:[64682. 64481. 67729.] t2_sim:[63921. 64240. 66404.]
Task is 86.00% complete.
t1_sim:[59640. 59696. 59932.] t2_sim:[55894. 55901. 56116.]
Task is 87.00% complete.
t1_sim:[65774. 65827. 65409.] t2_sim:[56179. 56225. 54747.]
Task is 88.00% complete.
t1_sim:[69089. 69020. 70554.] t2_sim:[61029. 60780. 62088.]
Task is 89.00% complete.
t1_sim:[64825. 65008. 65427.] t2_sim:[65628. 65882. 66226.]
Task is 90.00% complete.
t1_sim:[62607. 62159. 61643.] t2_sim:[64646. 64970. 67905.]
Task is 91.00% complete.
t1_sim:[62799. 62476. 63028.] t2_sim:[59456. 59637. 60186.]
Task is 92.00% complete.
t1_sim:[64855. 65046. 64855.] t2_sim:[57184. 57189. 55924.]
Task is 93.00% complete.
t1_sim:[62952. 63169. 62650.] t2_sim:[63286. 62986. 62024.]
Task is 94.00% complete.
t1_sim:[64940. 65148. 62900.] t2_sim:[59530. 59661. 59567.]
Task is 95.00% complete.
t1_sim:[56911. 57181. 57580.] t2_sim:[59183. 59061. 59722.]
Task is 96.00% complete.
t1_sim:[59211. 59408. 59590.] t2_sim:[60466. 60623. 61162.]
Task is 97.00% complete.
t1_sim:[64526. 64841. 65233.] t2_sim:[69176. 69197. 67655.]
Task is 98.00% complete.
t1_sim:[65130. 64989. 67132.] t2_sim:[58753. 58536. 57641.]
Task is 99.00% complete.
t1_sim:[65246. 65476. 65307.] t2_sim:[67519. 67714. 65989.]
Training start
t1_obs:[array(57063.), array(56866.), array(57281.)] t2_obs:[array(61232.), array(61071.), array(65513.)]
corr_G1:[None, None, 0.14742133868464813] corr_G2:[None, None, -0.11681522429159454]
Training end
Task is 0.00% complete.
t1_sim:[62653. 62886. 62730.] t2_sim:[59426. 59294. 61822.]
Task is 1.00% complete.
t1_sim:[59406. 59497. 57972.] t2_sim:[59538. 59553. 61159.]
Task is 2.00% complete.
t1_sim:[60576. 60276. 61653.] t2_sim:[63987. 63877. 61388.]
Task is 3.00% complete.
t1_sim:[62992. 62683. 61254.] t2_sim:[65209. 65613. 63664.]
Task is 4.00% complete.
t1_sim:[63407. 63265. 64626.] t2_sim:[59743. 59565. 60063.]
Task is 5.00% complete.
t1_sim:[63824. 63893. 63364.] t2_sim:[62149. 62446. 63816.]
Task is 6.00% complete.
t1_sim:[58338. 58508. 56881.] t2_sim:[61944. 61646. 63031.]
Task is 7.00% complete.
t1_sim:[63835. 63815. 65085.] t2_sim:[62818. 62754. 65095.]
Task is 8.00% complete.
t1_sim:[57796. 57991. 55817.] t2_sim:[61536. 61722. 61308.]
Task is 9.00% complete.
t1_sim:[67566. 67202. 66197.] t2_sim:[63414. 63846. 64222.]
Task is 10.00% complete.
t1_sim:[63036. 63099. 65618.] t2_sim:[65962. 65892. 64880.]
Task is 11.00% complete.
t1_sim:[60143. 60371. 62499.] t2_sim:[66407. 66378. 64931.]
Task is 12.00% complete.
t1_sim:[59199. 59271. 61080.] t2_sim:[65941. 65802. 67028.]
Task is 13.00% complete.
t1_sim:[58453. 58600. 59771.] t2_sim:[60845. 61125. 61445.]
Task is 14.00% complete.
t1_sim:[59798. 59698. 59047.] t2_sim:[64217. 64524. 64548.]
Task is 15.00% complete.
t1_sim:[63716. 63529. 63449.] t2_sim:[60572. 60775. 62143.]
Task is 16.00% complete.
t1_sim:[61114. 60990. 62280.] t2_sim:[61372. 61436. 62258.]
Task is 17.00% complete.
t1_sim:[64889. 65151. 63242.] t2_sim:[60594. 60396. 62138.]
Task is 18.00% complete.
t1_sim:[59932. 59898. 58977.] t2_sim:[67392. 67196. 68325.]
Task is 19.00% complete.
t1_sim:[62364. 62326. 59974.] t2_sim:[61273. 60940. 61500.]
Task is 20.00% complete.
t1_sim:[65259. 65374. 64213.] t2_sim:[63226. 63381. 63178.]
Task is 21.00% complete.
t1_sim:[52821. 52965. 54695.] t2_sim:[63806. 63423. 65494.]
Task is 22.00% complete.
t1_sim:[61647. 61758. 62819.] t2_sim:[62407. 62245. 60751.]
Task is 23.00% complete.
t1_sim:[63781. 64224. 62144.] t2_sim:[60026. 60361. 62417.]
Task is 24.00% complete.
t1_sim:[63715. 63363. 59859.] t2_sim:[54696. 54490. 54239.]
Task is 25.00% complete.
t1_sim:[59246. 59650. 57885.] t2_sim:[62595. 62386. 63856.]
Task is 26.00% complete.
t1_sim:[64994. 65365. 64285.] t2_sim:[63292. 63311. 62340.]
Task is 27.00% complete.
t1_sim:[60355. 59950. 59778.] t2_sim:[62234. 62555. 65396.]
Task is 28.00% complete.
t1_sim:[61323. 60954. 60526.] t2_sim:[58931. 58884. 59134.]
Task is 29.00% complete.
t1_sim:[59416. 59700. 58911.] t2_sim:[58280. 57952. 58516.]
Task is 30.00% complete.
t1_sim:[60322. 60666. 62996.] t2_sim:[67545. 67653. 69076.]
Task is 31.00% complete.
t1_sim:[62196. 62159. 63126.] t2_sim:[58087. 57862. 58479.]
Task is 32.00% complete.
t1_sim:[63282. 63177. 64910.] t2_sim:[63457. 63357. 65808.]
Task is 33.00% complete.
t1_sim:[64679. 64623. 63087.] t2_sim:[66482. 66407. 65564.]
Task is 34.00% complete.
t1_sim:[66696. 67015. 66786.] t2_sim:[63492. 63823. 63934.]
Task is 35.00% complete.
t1_sim:[64443. 64750. 63897.] t2_sim:[60536. 60470. 62108.]
Task is 36.00% complete.
t1_sim:[61259. 61459. 60975.] t2_sim:[58616. 59108. 61608.]
Task is 37.00% complete.
t1_sim:[67063. 67079. 65699.] t2_sim:[62919. 62934. 65894.]
Task is 38.00% complete.
t1_sim:[57255. 57226. 57174.] t2_sim:[61744. 61632. 63635.]
Task is 39.00% complete.
t1_sim:[64489. 64399. 64538.] t2_sim:[62546. 62650. 64064.]
Task is 40.00% complete.
t1_sim:[65359. 65523. 65051.] t2_sim:[64860. 64470. 66516.]
Task is 41.00% complete.
t1_sim:[67029. 67160. 64536.] t2_sim:[64846. 64619. 65275.]
Task is 42.00% complete.
t1_sim:[60310. 59789. 60842.] t2_sim:[57025. 56935. 60438.]
Task is 43.00% complete.
t1_sim:[64128. 64477. 66229.] t2_sim:[61778. 61896. 65208.]
Task is 44.00% complete.
t1_sim:[63099. 62740. 63025.] t2_sim:[64026. 64394. 65191.]
Task is 45.00% complete.
t1_sim:[56044. 56169. 57491.] t2_sim:[67444. 67437. 67347.]
Task is 46.00% complete.
t1_sim:[58465. 58591. 57789.] t2_sim:[61474. 61508. 62842.]
Task is 47.00% complete.
t1_sim:[66941. 67278. 66091.] t2_sim:[66374. 66487. 67033.]
Task is 48.00% complete.
t1_sim:[62130. 62415. 61962.] t2_sim:[65231. 65700. 66463.]
Task is 49.00% complete.
t1_sim:[58453. 58257. 60377.] t2_sim:[62308. 62222. 62393.]
Task is 50.00% complete.
t1_sim:[64847. 65055. 64769.] t2_sim:[59261. 59397. 60802.]
Task is 51.00% complete.
t1_sim:[59997. 60002. 61895.] t2_sim:[56965. 57247. 58296.]
Task is 52.00% complete.
t1_sim:[62060. 62600. 63429.] t2_sim:[60141. 60558. 61426.]
Task is 53.00% complete.
t1_sim:[64295. 64381. 64972.] t2_sim:[65671. 65923. 66957.]
Task is 54.00% complete.
t1_sim:[59257. 59460. 62498.] t2_sim:[61012. 60986. 62771.]
Task is 55.00% complete.
t1_sim:[61925. 61892. 64545.] t2_sim:[62537. 62854. 63984.]
Task is 56.00% complete.
t1_sim:[57706. 58018. 61012.] t2_sim:[64840. 64887. 69355.]
Task is 57.00% complete.
t1_sim:[66469. 66209. 64064.] t2_sim:[60912. 60931. 60567.]
Task is 58.00% complete.
t1_sim:[64309. 64342. 66094.] t2_sim:[58041. 58143. 58859.]
Task is 59.00% complete.
t1_sim:[57866. 57951. 57647.] t2_sim:[58192. 58164. 60726.]
Task is 60.00% complete.
t1_sim:[62743. 62596. 60463.] t2_sim:[67951. 68246. 66497.]
Task is 61.00% complete.
t1_sim:[65580. 65261. 65147.] t2_sim:[58654. 58802. 57156.]
Task is 62.00% complete.
t1_sim:[63702. 63859. 64265.] t2_sim:[61640. 61515. 62217.]
Task is 63.00% complete.
t1_sim:[62827. 62791. 63062.] t2_sim:[62267. 62211. 62173.]
Task is 64.00% complete.
t1_sim:[59511. 59367. 58661.] t2_sim:[60804. 61077. 62335.]
Task is 65.00% complete.
t1_sim:[56320. 56118. 56860.] t2_sim:[58519. 59044. 60092.]
Task is 66.00% complete.
t1_sim:[63913. 64345. 67956.] t2_sim:[58333. 58321. 57269.]
Task is 67.00% complete.
t1_sim:[60524. 60398. 59169.] t2_sim:[63124. 63282. 62432.]
Task is 68.00% complete.
t1_sim:[65837. 65943. 66973.] t2_sim:[64955. 64702. 65343.]
Task is 69.00% complete.
t1_sim:[60325. 60160. 60405.] t2_sim:[66852. 66946. 66530.]
Task is 70.00% complete.
t1_sim:[59520. 59456. 59754.] t2_sim:[59591. 59483. 61251.]
Task is 71.00% complete.
t1_sim:[62711. 62792. 63497.] t2_sim:[64444. 64548. 66093.]
Task is 72.00% complete.
t1_sim:[57286. 57273. 57435.] t2_sim:[61592. 61296. 63261.]
Task is 73.00% complete.
t1_sim:[58771. 58500. 57563.] t2_sim:[65924. 66318. 69036.]
Task is 74.00% complete.
t1_sim:[61937. 62207. 63146.] t2_sim:[68022. 68124. 66861.]
Task is 75.00% complete.
t1_sim:[62410. 62779. 62609.] t2_sim:[61330. 61338. 60643.]
Task is 76.00% complete.
t1_sim:[62369. 62553. 63011.] t2_sim:[61759. 61642. 60194.]
Task is 77.00% complete.
t1_sim:[59977. 59466. 57578.] t2_sim:[60619. 60846. 64042.]
Task is 78.00% complete.
t1_sim:[59396. 59311. 59959.] t2_sim:[65250. 65084. 65213.]
Task is 79.00% complete.
t1_sim:[60537. 60555. 58616.] t2_sim:[58276. 58189. 58288.]
Task is 80.00% complete.
t1_sim:[64600. 64608. 65042.] t2_sim:[65054. 65296. 68475.]
Task is 81.00% complete.
t1_sim:[65660. 65594. 65819.] t2_sim:[60042. 60410. 62191.]
Task is 82.00% complete.
t1_sim:[62885. 62807. 62628.] t2_sim:[60306. 60267. 62460.]
Task is 83.00% complete.
t1_sim:[63376. 63197. 64561.] t2_sim:[61604. 62018. 62756.]
Task is 84.00% complete.
t1_sim:[61402. 61368. 59466.] t2_sim:[60674. 60782. 63724.]
Task is 85.00% complete.
t1_sim:[62437. 62255. 61891.] t2_sim:[58575. 58513. 60534.]
Task is 86.00% complete.
t1_sim:[62060. 62000. 61030.] t2_sim:[65050. 65100. 64417.]
Task is 87.00% complete.
t1_sim:[68604. 68408. 68272.] t2_sim:[59533. 59745. 64060.]
Task is 88.00% complete.
t1_sim:[66760. 66280. 67448.] t2_sim:[66294. 66610. 67025.]
Task is 89.00% complete.
t1_sim:[63981. 64108. 62653.] t2_sim:[66825. 66639. 65915.]
Task is 90.00% complete.
t1_sim:[58841. 58636. 59673.] t2_sim:[64095. 64070. 64653.]
Task is 91.00% complete.
t1_sim:[56989. 56925. 57709.] t2_sim:[61455. 61672. 62755.]
Task is 92.00% complete.
t1_sim:[56901. 57050. 58503.] t2_sim:[65037. 65057. 65871.]
Task is 93.00% complete.
t1_sim:[62033. 62078. 60171.] t2_sim:[62038. 61981. 62535.]
Task is 94.00% complete.
t1_sim:[65599. 65276. 64137.] t2_sim:[70142. 70042. 70348.]
Task is 95.00% complete.
t1_sim:[68631. 68998. 68370.] t2_sim:[60791. 60650. 59879.]
Task is 96.00% complete.
t1_sim:[60735. 60427. 59676.] t2_sim:[64899. 64960. 65551.]
Task is 97.00% complete.
t1_sim:[61337. 61422. 62546.] t2_sim:[66160. 66231. 64383.]
Task is 98.00% complete.
t1_sim:[59693. 59990. 60437.] t2_sim:[64228. 64339. 64845.]
Task is 99.00% complete.
t1_sim:[61058. 61053. 59960.] t2_sim:[59295. 59384. 60369.]
Finished
