Begin
Training start
t1_obs:[array(89695.), array(71700.), array(68104.)] t2_obs:[array(93217.), array(74870.), array(68835.)]
corr_G1:[None, None, 0] corr_G2:[None, None, 5.591750499953786e-18]
Training end
Task is 0.00% complete.
t1_sim:[65615. 66308. 63035.] t2_sim:[60969. 60487. 63405.]
Task is 1.00% complete.
t1_sim:[65724. 66083. 61713.] t2_sim:[59127. 58199. 58793.]
Task is 2.00% complete.
t1_sim:[65517. 65284. 63407.] t2_sim:[60432. 59432. 60748.]
Task is 3.00% complete.
t1_sim:[58719. 58730. 60846.] t2_sim:[63719. 65459. 64912.]
Task is 4.00% complete.
t1_sim:[59128. 58867. 59123.] t2_sim:[65868. 65432. 66371.]
Task is 5.00% complete.
t1_sim:[63783. 63735. 63431.] t2_sim:[60373. 58652. 58342.]
Task is 6.00% complete.
t1_sim:[59609. 61170. 59427.] t2_sim:[59936. 60011. 63437.]
Task is 7.00% complete.
t1_sim:[62948. 64455. 61655.] t2_sim:[64280. 62340. 59618.]
Task is 8.00% complete.
t1_sim:[60308. 60601. 61833.] t2_sim:[62103. 62511. 59731.]
Task is 9.00% complete.
t1_sim:[61247. 60270. 63166.] t2_sim:[69017. 68565. 66839.]
Task is 10.00% complete.
t1_sim:[58190. 55851. 59324.] t2_sim:[59874. 59631. 60493.]
Task is 11.00% complete.
t1_sim:[56028. 54424. 54233.] t2_sim:[62008. 62125. 65222.]
Task is 12.00% complete.
t1_sim:[61991. 60854. 62950.] t2_sim:[65042. 65143. 63293.]
Task is 13.00% complete.
t1_sim:[65273. 65890. 64210.] t2_sim:[64171. 63124. 59233.]
Task is 14.00% complete.
t1_sim:[50870. 51615. 53958.] t2_sim:[63716. 64733. 60508.]
Task is 15.00% complete.
t1_sim:[60164. 61383. 58363.] t2_sim:[59355. 60367. 60465.]
Task is 16.00% complete.
t1_sim:[64412. 62999. 61489.] t2_sim:[64336. 68437. 68710.]
Task is 17.00% complete.
t1_sim:[53040. 52581. 54910.] t2_sim:[60302. 59333. 59866.]
Task is 18.00% complete.
t1_sim:[58007. 56016. 56980.] t2_sim:[62147. 63443. 65627.]
Task is 19.00% complete.
t1_sim:[64419. 64379. 66680.] t2_sim:[60376. 59919. 60493.]
Task is 20.00% complete.
t1_sim:[64754. 62871. 67852.] t2_sim:[56709. 58403. 59271.]
Task is 21.00% complete.
t1_sim:[66440. 66217. 69149.] t2_sim:[62257. 64106. 66148.]
Task is 22.00% complete.
t1_sim:[67868. 66528. 68585.] t2_sim:[66021. 65000. 64490.]
Task is 23.00% complete.
t1_sim:[60174. 59455. 60191.] t2_sim:[60927. 62644. 60831.]
Task is 24.00% complete.
t1_sim:[60511. 59883. 60812.] t2_sim:[58261. 58164. 57503.]
Task is 25.00% complete.
t1_sim:[58816. 58370. 58288.] t2_sim:[62277. 62591. 65105.]
Task is 26.00% complete.
t1_sim:[67064. 66256. 66691.] t2_sim:[62109. 62822. 63280.]
Task is 27.00% complete.
t1_sim:[64665. 64000. 62712.] t2_sim:[58818. 59605. 55542.]
Task is 28.00% complete.
t1_sim:[62869. 64042. 64145.] t2_sim:[62647. 61806. 60777.]
Task is 29.00% complete.
t1_sim:[62851. 62911. 60782.] t2_sim:[57336. 58898. 56845.]
Task is 30.00% complete.
t1_sim:[59815. 59642. 59676.] t2_sim:[59314. 59716. 60925.]
Task is 31.00% complete.
t1_sim:[65545. 64915. 66059.] t2_sim:[63515. 62915. 62504.]
Task is 32.00% complete.
t1_sim:[61195. 61556. 61881.] t2_sim:[63888. 63598. 60528.]
Task is 33.00% complete.
t1_sim:[66583. 67233. 67329.] t2_sim:[60870. 60922. 58920.]
Task is 34.00% complete.
t1_sim:[60140. 59360. 60055.] t2_sim:[65284. 64765. 64558.]
Task is 35.00% complete.
t1_sim:[62750. 63763. 63514.] t2_sim:[63976. 64733. 62270.]
Task is 36.00% complete.
t1_sim:[57667. 57630. 57449.] t2_sim:[57073. 58126. 60312.]
Task is 37.00% complete.
t1_sim:[61288. 60510. 61168.] t2_sim:[67427. 67121. 60907.]
Task is 38.00% complete.
t1_sim:[55147. 56070. 57752.] t2_sim:[63130. 63937. 65529.]
Task is 39.00% complete.
t1_sim:[60767. 61519. 61690.] t2_sim:[62980. 65659. 62978.]
Task is 40.00% complete.
t1_sim:[66543. 62927. 65909.] t2_sim:[64886. 61792. 61330.]
Task is 41.00% complete.
t1_sim:[63824. 62407. 63839.] t2_sim:[60076. 59583. 59303.]
Task is 42.00% complete.
t1_sim:[62829. 65868. 62116.] t2_sim:[59225. 59113. 61114.]
Task is 43.00% complete.
t1_sim:[68840. 69814. 71005.] t2_sim:[62221. 62668. 63110.]
Task is 44.00% complete.
t1_sim:[62017. 61487. 61971.] t2_sim:[61249. 60308. 63323.]
Task is 45.00% complete.
t1_sim:[64994. 64704. 62756.] t2_sim:[65730. 65193. 65014.]
Task is 46.00% complete.
t1_sim:[71119. 70237. 70233.] t2_sim:[58791. 60639. 62750.]
Task is 47.00% complete.
t1_sim:[63525. 65322. 63227.] t2_sim:[61880. 61096. 56789.]
Task is 48.00% complete.
t1_sim:[64037. 65539. 64251.] t2_sim:[60128. 62310. 64347.]
Task is 49.00% complete.
t1_sim:[60227. 60449. 62669.] t2_sim:[64361. 65853. 59559.]
Task is 50.00% complete.
t1_sim:[61290. 59541. 62073.] t2_sim:[69354. 68660. 67087.]
Task is 51.00% complete.
t1_sim:[60828. 61265. 56882.] t2_sim:[63542. 63606. 66596.]
Task is 52.00% complete.
t1_sim:[62607. 63227. 64433.] t2_sim:[65463. 64883. 64841.]
Task is 53.00% complete.
t1_sim:[64659. 65586. 65441.] t2_sim:[69353. 69195. 68036.]
Task is 54.00% complete.
t1_sim:[67390. 66082. 66408.] t2_sim:[63340. 66332. 63995.]
Task is 55.00% complete.
t1_sim:[64896. 64279. 63161.] t2_sim:[67948. 66389. 61326.]
Task is 56.00% complete.
t1_sim:[57039. 55818. 58767.] t2_sim:[60579. 58349. 57369.]
Task is 57.00% complete.
t1_sim:[61471. 60070. 63364.] t2_sim:[62985. 62394. 65394.]
Task is 58.00% complete.
t1_sim:[63151. 63664. 62360.] t2_sim:[63454. 64126. 67024.]
Task is 59.00% complete.
t1_sim:[60296. 63077. 64022.] t2_sim:[62615. 63568. 62844.]
Task is 60.00% complete.
t1_sim:[64704. 67267. 67134.] t2_sim:[67190. 65220. 61761.]
Task is 61.00% complete.
t1_sim:[65136. 64212. 63065.] t2_sim:[61891. 62522. 63103.]
Task is 62.00% complete.
t1_sim:[63937. 62176. 64015.] t2_sim:[63771. 62314. 62941.]
Task is 63.00% complete.
t1_sim:[64677. 64776. 65417.] t2_sim:[63076. 62095. 66057.]
Task is 64.00% complete.
t1_sim:[61385. 59951. 62042.] t2_sim:[61779. 62779. 64989.]
Task is 65.00% complete.
t1_sim:[64463. 61237. 63156.] t2_sim:[65875. 65287. 65999.]
Task is 66.00% complete.
t1_sim:[63327. 63968. 64011.] t2_sim:[63830. 63013. 63495.]
Task is 67.00% complete.
t1_sim:[55995. 55502. 56152.] t2_sim:[63015. 62420. 60657.]
Task is 68.00% complete.
t1_sim:[58631. 57833. 57833.] t2_sim:[57710. 58019. 56434.]
Task is 69.00% complete.
t1_sim:[60037. 60205. 61788.] t2_sim:[66120. 66989. 65569.]
Task is 70.00% complete.
t1_sim:[59099. 58589. 55360.] t2_sim:[65360. 64153. 64065.]
Task is 71.00% complete.
t1_sim:[59172. 58805. 61864.] t2_sim:[58400. 58447. 58882.]
Task is 72.00% complete.
t1_sim:[62434. 61664. 64542.] t2_sim:[63024. 62662. 61386.]
Task is 73.00% complete.
t1_sim:[64189. 62843. 63609.] t2_sim:[63081. 63684. 64360.]
Task is 74.00% complete.
t1_sim:[62941. 63500. 62241.] t2_sim:[68403. 67254. 65578.]
Task is 75.00% complete.
t1_sim:[61514. 62992. 60837.] t2_sim:[63299. 61532. 64119.]
Task is 76.00% complete.
t1_sim:[62132. 61414. 61433.] t2_sim:[59448. 58778. 62426.]
Task is 77.00% complete.
t1_sim:[67643. 67033. 68236.] t2_sim:[59214. 58739. 61093.]
Task is 78.00% complete.
t1_sim:[68428. 68622. 66062.] t2_sim:[59748. 58978. 58135.]
Task is 79.00% complete.
t1_sim:[68786. 70591. 69566.] t2_sim:[63059. 62337. 60320.]
Task is 80.00% complete.
t1_sim:[67683. 66445. 65890.] t2_sim:[65268. 67030. 65447.]
Task is 81.00% complete.
t1_sim:[63681. 65357. 65346.] t2_sim:[58859. 58788. 58922.]
Task is 82.00% complete.
t1_sim:[57796. 58088. 59148.] t2_sim:[57654. 58029. 55539.]
Task is 83.00% complete.
t1_sim:[70069. 69704. 66926.] t2_sim:[66095. 67905. 66555.]
Task is 84.00% complete.
t1_sim:[58936. 58844. 57629.] t2_sim:[62868. 62695. 60202.]
Task is 85.00% complete.
t1_sim:[57357. 58794. 62161.] t2_sim:[69692. 68349. 68564.]
Task is 86.00% complete.
t1_sim:[55786. 57167. 56906.] t2_sim:[64054. 63813. 63639.]
Task is 87.00% complete.
t1_sim:[63678. 64631. 63349.] t2_sim:[66969. 66290. 66026.]
Task is 88.00% complete.
t1_sim:[62872. 63493. 65031.] t2_sim:[62509. 63286. 62421.]
Task is 89.00% complete.
t1_sim:[61850. 62122. 63487.] t2_sim:[66187. 66348. 65423.]
Task is 90.00% complete.
t1_sim:[63568. 63142. 59095.] t2_sim:[62396. 65550. 63522.]
Task is 91.00% complete.
t1_sim:[62047. 62247. 64056.] t2_sim:[58924. 58988. 58148.]
Task is 92.00% complete.
t1_sim:[57700. 57794. 59435.] t2_sim:[62853. 63431. 63037.]
Task is 93.00% complete.
t1_sim:[61657. 63184. 62630.] t2_sim:[61770. 61325. 61743.]
Task is 94.00% complete.
t1_sim:[60309. 58557. 60968.] t2_sim:[61665. 61452. 62128.]
Task is 95.00% complete.
t1_sim:[68253. 67684. 67704.] t2_sim:[62120. 62719. 57803.]
Task is 96.00% complete.
t1_sim:[62048. 62620. 62036.] t2_sim:[68648. 68126. 66495.]
Task is 97.00% complete.
t1_sim:[62800. 63429. 62071.] t2_sim:[59497. 60780. 63627.]
Task is 98.00% complete.
t1_sim:[67357. 65951. 69061.] t2_sim:[61916. 62591. 64151.]
Task is 99.00% complete.
t1_sim:[60885. 60317. 59434.] t2_sim:[59798. 59694. 58543.]
Training start
t1_obs:[array(89695.), array(71700.), array(70253.)] t2_obs:[array(93217.), array(74870.), array(69781.)]
corr_G1:[None, None, 0.9690297468327275] corr_G2:[None, None, 0.9817902971921655]
Training end
Task is 0.00% complete.
t1_sim:[60749. 61057. 60845.] t2_sim:[65515. 62048. 62990.]
Task is 1.00% complete.
t1_sim:[67140. 67234. 65867.] t2_sim:[60473. 60475. 58990.]
Task is 2.00% complete.
t1_sim:[63279. 65092. 64772.] t2_sim:[61545. 62167. 67483.]
Task is 3.00% complete.
t1_sim:[60622. 59470. 59886.] t2_sim:[64686. 64739. 67184.]
Task is 4.00% complete.
t1_sim:[64095. 63160. 64891.] t2_sim:[64353. 65465. 68957.]
Task is 5.00% complete.
t1_sim:[61091. 63151. 61712.] t2_sim:[60473. 60128. 62606.]
Task is 6.00% complete.
t1_sim:[62470. 63039. 64717.] t2_sim:[61541. 60577. 61441.]
Task is 7.00% complete.
t1_sim:[64567. 64495. 65580.] t2_sim:[62690. 63177. 64684.]
Task is 8.00% complete.
t1_sim:[61140. 59625. 61120.] t2_sim:[69323. 70869. 69116.]
Task is 9.00% complete.
t1_sim:[58688. 59462. 61093.] t2_sim:[64710. 64717. 66497.]
Task is 10.00% complete.
t1_sim:[60945. 60406. 59701.] t2_sim:[69802. 70452. 72643.]
Task is 11.00% complete.
t1_sim:[67468. 66029. 64041.] t2_sim:[67686. 68908. 72757.]
Task is 12.00% complete.
t1_sim:[61149. 61846. 61641.] t2_sim:[63744. 64410. 65245.]
Task is 13.00% complete.
t1_sim:[64476. 63221. 64822.] t2_sim:[63506. 62742. 65232.]
Task is 14.00% complete.
t1_sim:[69540. 67644. 66810.] t2_sim:[60738. 61628. 63124.]
Task is 15.00% complete.
t1_sim:[62120. 63099. 61587.] t2_sim:[54671. 53371. 56699.]
Task is 16.00% complete.
t1_sim:[64557. 65721. 64997.] t2_sim:[60981. 61964. 63604.]
Task is 17.00% complete.
t1_sim:[61493. 61379. 62618.] t2_sim:[63316. 62185. 64327.]
Task is 18.00% complete.
t1_sim:[59106. 59383. 58940.] t2_sim:[65727. 64815. 65202.]
Task is 19.00% complete.
t1_sim:[62962. 61835. 60430.] t2_sim:[61050. 60878. 62457.]
Task is 20.00% complete.
t1_sim:[64755. 63203. 63979.] t2_sim:[54177. 55149. 57736.]
Task is 21.00% complete.
t1_sim:[59317. 61550. 60507.] t2_sim:[54290. 56008. 55499.]
Task is 22.00% complete.
t1_sim:[60104. 60503. 61739.] t2_sim:[64143. 64722. 64995.]
Task is 23.00% complete.
t1_sim:[63846. 64420. 65931.] t2_sim:[57884. 58195. 61861.]
Task is 24.00% complete.
t1_sim:[61153. 60491. 61276.] t2_sim:[66735. 66945. 65513.]
Task is 25.00% complete.
t1_sim:[65611. 64462. 64286.] t2_sim:[66891. 67065. 68112.]
Task is 26.00% complete.
t1_sim:[65418. 65818. 64989.] t2_sim:[62141. 61716. 60968.]
Task is 27.00% complete.
t1_sim:[61827. 61091. 60583.] t2_sim:[57415. 55808. 57960.]
Task is 28.00% complete.
t1_sim:[64781. 64643. 65720.] t2_sim:[63553. 62329. 61793.]
Task is 29.00% complete.
t1_sim:[58958. 59891. 60266.] t2_sim:[58970. 59351. 59814.]
Task is 30.00% complete.
t1_sim:[61219. 61282. 60689.] t2_sim:[57018. 55522. 54768.]
Task is 31.00% complete.
t1_sim:[60559. 60436. 60703.] t2_sim:[61770. 61860. 63850.]
Task is 32.00% complete.
t1_sim:[64098. 65748. 65341.] t2_sim:[62156. 62962. 64543.]
Task is 33.00% complete.
t1_sim:[55235. 58533. 58013.] t2_sim:[62577. 61334. 62056.]
Task is 34.00% complete.
t1_sim:[58938. 56959. 58640.] t2_sim:[58768. 57559. 60599.]
Task is 35.00% complete.
t1_sim:[67916. 67786. 65489.] t2_sim:[67970. 67222. 68055.]
Task is 36.00% complete.
t1_sim:[62263. 61879. 64017.] t2_sim:[65315. 63961. 66703.]
Task is 37.00% complete.
t1_sim:[70883. 71411. 70046.] t2_sim:[62780. 62573. 65317.]
Task is 38.00% complete.
t1_sim:[62758. 62763. 61884.] t2_sim:[63228. 60033. 61825.]
Task is 39.00% complete.
t1_sim:[55427. 54656. 55905.] t2_sim:[58280. 58891. 59687.]
Task is 40.00% complete.
t1_sim:[63937. 61447. 63320.] t2_sim:[64000. 63981. 63128.]
Task is 41.00% complete.
t1_sim:[65411. 63480. 63041.] t2_sim:[57472. 57050. 59172.]
Task is 42.00% complete.
t1_sim:[61525. 60874. 61423.] t2_sim:[62211. 62759. 64468.]
Task is 43.00% complete.
t1_sim:[65323. 65055. 64569.] t2_sim:[66035. 63345. 63090.]
Task is 44.00% complete.
t1_sim:[63477. 64165. 63691.] t2_sim:[67038. 65842. 65534.]
Task is 45.00% complete.
t1_sim:[66895. 65830. 66570.] t2_sim:[61154. 62067. 63475.]
Task is 46.00% complete.
t1_sim:[62341. 62332. 64216.] t2_sim:[63190. 63197. 63712.]
Task is 47.00% complete.
t1_sim:[62541. 63025. 62674.] t2_sim:[58494. 59968. 62298.]
Task is 48.00% complete.
t1_sim:[61740. 61424. 61037.] t2_sim:[60626. 60737. 59578.]
Task is 49.00% complete.
t1_sim:[63181. 63395. 62267.] t2_sim:[61495. 62324. 63167.]
Task is 50.00% complete.
t1_sim:[63869. 64152. 63378.] t2_sim:[57168. 57832. 60459.]
Task is 51.00% complete.
t1_sim:[61080. 61412. 61273.] t2_sim:[65211. 65515. 65766.]
Task is 52.00% complete.
t1_sim:[64218. 62195. 64556.] t2_sim:[62459. 61854. 65450.]
Task is 53.00% complete.
t1_sim:[62955. 63280. 63829.] t2_sim:[59482. 59754. 62965.]
Task is 54.00% complete.
t1_sim:[63891. 64316. 62917.] t2_sim:[60552. 58399. 58657.]
Task is 55.00% complete.
t1_sim:[63448. 64180. 65153.] t2_sim:[60177. 61799. 64091.]
Task is 56.00% complete.
t1_sim:[65692. 64484. 66072.] t2_sim:[63409. 64244. 66220.]
Task is 57.00% complete.
t1_sim:[65210. 63911. 65028.] t2_sim:[62090. 63492. 63398.]
Task is 58.00% complete.
t1_sim:[58070. 60477. 61823.] t2_sim:[63326. 63082. 65392.]
Task is 59.00% complete.
t1_sim:[57327. 57823. 56846.] t2_sim:[61700. 62996. 63146.]
Task is 60.00% complete.
t1_sim:[58743. 59592. 57788.] t2_sim:[63389. 62553. 63165.]
Task is 61.00% complete.
t1_sim:[63865. 65524. 64222.] t2_sim:[64128. 63306. 63763.]
Task is 62.00% complete.
t1_sim:[62536. 63597. 62974.] t2_sim:[61738. 62920. 67640.]
Task is 63.00% complete.
t1_sim:[62369. 62356. 63824.] t2_sim:[57807. 60285. 62089.]
Task is 64.00% complete.
t1_sim:[61818. 62880. 62419.] t2_sim:[68135. 69470. 69698.]
Task is 65.00% complete.
t1_sim:[57713. 57596. 60710.] t2_sim:[65510. 66116. 67581.]
Task is 66.00% complete.
t1_sim:[64892. 63649. 63151.] t2_sim:[68534. 69288. 69702.]
Task is 67.00% complete.
t1_sim:[54320. 54736. 53799.] t2_sim:[64686. 65265. 66036.]
Task is 68.00% complete.
t1_sim:[58495. 60242. 60811.] t2_sim:[62845. 63289. 63458.]
Task is 69.00% complete.
t1_sim:[64784. 64740. 65092.] t2_sim:[60320. 60320. 64752.]
Task is 70.00% complete.
t1_sim:[66026. 66409. 66876.] t2_sim:[72062. 72322. 70738.]
Task is 71.00% complete.
t1_sim:[68170. 65983. 68099.] t2_sim:[59593. 59508. 60174.]
Task is 72.00% complete.
t1_sim:[64756. 64318. 61674.] t2_sim:[65134. 64439. 63083.]
Task is 73.00% complete.
t1_sim:[58275. 59056. 58375.] t2_sim:[60065. 61220. 64938.]
Task is 74.00% complete.
t1_sim:[64212. 63192. 61108.] t2_sim:[63978. 64139. 65119.]
Task is 75.00% complete.
t1_sim:[67288. 68542. 67559.] t2_sim:[69782. 68162. 67454.]
Task is 76.00% complete.
t1_sim:[62341. 62614. 62086.] t2_sim:[60595. 61271. 61294.]
Task is 77.00% complete.
t1_sim:[62124. 61506. 61365.] t2_sim:[57013. 55992. 59107.]
Task is 78.00% complete.
t1_sim:[59179. 58002. 58135.] t2_sim:[59906. 61382. 64187.]
Task is 79.00% complete.
t1_sim:[57432. 58389. 58874.] t2_sim:[68680. 67840. 69158.]
Task is 80.00% complete.
t1_sim:[65099. 64497. 65820.] t2_sim:[64912. 65017. 67837.]
Task is 81.00% complete.
t1_sim:[61113. 60284. 59723.] t2_sim:[61203. 61588. 64992.]
Task is 82.00% complete.
t1_sim:[58647. 58722. 60083.] t2_sim:[66556. 66465. 69769.]
Task is 83.00% complete.
t1_sim:[65835. 66491. 64478.] t2_sim:[62383. 61741. 61893.]
Task is 84.00% complete.
t1_sim:[61622. 60523. 60494.] t2_sim:[63205. 62104. 62992.]
Task is 85.00% complete.
t1_sim:[65479. 65627. 64560.] t2_sim:[64326. 67420. 70111.]
Task is 86.00% complete.
t1_sim:[59855. 59126. 60547.] t2_sim:[62358. 61788. 62868.]
Task is 87.00% complete.
t1_sim:[65346. 63599. 64037.] t2_sim:[57445. 58302. 61404.]
Task is 88.00% complete.
t1_sim:[59725. 60309. 60192.] t2_sim:[62964. 62780. 65002.]
Task is 89.00% complete.
t1_sim:[59255. 60243. 61267.] t2_sim:[65318. 63834. 65018.]
Task is 90.00% complete.
t1_sim:[67235. 66988. 66228.] t2_sim:[60926. 61875. 63704.]
Task is 91.00% complete.
t1_sim:[63334. 63751. 61750.] t2_sim:[56708. 56109. 58950.]
Task is 92.00% complete.
t1_sim:[60898. 61855. 61704.] t2_sim:[58185. 59134. 60945.]
Task is 93.00% complete.
t1_sim:[69100. 67805. 69138.] t2_sim:[59426. 60743. 61443.]
Task is 94.00% complete.
t1_sim:[64538. 63937. 63509.] t2_sim:[65995. 65381. 68177.]
Task is 95.00% complete.
t1_sim:[62834. 62897. 63322.] t2_sim:[66438. 65985. 65544.]
Task is 96.00% complete.
t1_sim:[65998. 67144. 65836.] t2_sim:[61559. 62341. 64596.]
Task is 97.00% complete.
t1_sim:[61506. 63126. 64213.] t2_sim:[59565. 60296. 61507.]
Task is 98.00% complete.
t1_sim:[67104. 65984. 64980.] t2_sim:[63622. 61728. 63759.]
Task is 99.00% complete.
t1_sim:[57782. 58479. 60218.] t2_sim:[60936. 61527. 62458.]
Training start
t1_obs:[array(89695.), array(71700.), array(64336.)] t2_obs:[array(93217.), array(74870.), array(69153.)]
corr_G1:[None, None, 0.06877709336886235] corr_G2:[None, None, 0.12565467609406]
Training end
Task is 0.00% complete.
t1_sim:[64457. 65715. 61901.] t2_sim:[59692. 60795. 58468.]
Task is 1.00% complete.
t1_sim:[66448. 67776. 60831.] t2_sim:[60977. 62484. 60693.]
Task is 2.00% complete.
t1_sim:[62711. 61766. 57796.] t2_sim:[60602. 61198. 58900.]
Task is 3.00% complete.
t1_sim:[65072. 62749. 59174.] t2_sim:[63162. 63065. 62220.]
Task is 4.00% complete.
t1_sim:[61694. 61416. 57103.] t2_sim:[61355. 64250. 62941.]
Task is 5.00% complete.
t1_sim:[65740. 64066. 61538.] t2_sim:[63870. 62859. 61027.]
Task is 6.00% complete.
t1_sim:[62241. 61600. 57440.] t2_sim:[65771. 65152. 61698.]
Task is 7.00% complete.
t1_sim:[62442. 62942. 60153.] t2_sim:[62291. 60632. 59873.]
Task is 8.00% complete.
t1_sim:[67351. 67250. 61618.] t2_sim:[62750. 62234. 58217.]
Task is 9.00% complete.
t1_sim:[67267. 67800. 58888.] t2_sim:[62544. 63872. 63113.]
Task is 10.00% complete.
t1_sim:[66926. 65690. 61832.] t2_sim:[65103. 63450. 61802.]
Task is 11.00% complete.
t1_sim:[65633. 64467. 57280.] t2_sim:[62673. 63742. 62382.]
Task is 12.00% complete.
t1_sim:[64740. 66081. 60654.] t2_sim:[60215. 60799. 58792.]
Task is 13.00% complete.
t1_sim:[66107. 66428. 62702.] t2_sim:[58789. 58245. 58163.]
Task is 14.00% complete.
t1_sim:[62180. 60022. 56415.] t2_sim:[62586. 63695. 61753.]
Task is 15.00% complete.
t1_sim:[63032. 63263. 57639.] t2_sim:[61932. 62370. 61440.]
Task is 16.00% complete.
t1_sim:[61793. 63026. 58579.] t2_sim:[64693. 66023. 63993.]
Task is 17.00% complete.
t1_sim:[64391. 63561. 60863.] t2_sim:[67068. 66840. 66121.]
Task is 18.00% complete.
t1_sim:[59276. 58261. 54008.] t2_sim:[66977. 68200. 65348.]
Task is 19.00% complete.
t1_sim:[61939. 60832. 58055.] t2_sim:[60158. 58156. 57386.]
Task is 20.00% complete.
t1_sim:[58370. 59104. 55674.] t2_sim:[60093. 61600. 61383.]
Task is 21.00% complete.
t1_sim:[66089. 66121. 61431.] t2_sim:[63102. 61094. 60140.]
Task is 22.00% complete.
t1_sim:[63697. 64164. 57872.] t2_sim:[56335. 57048. 57195.]
Task is 23.00% complete.
t1_sim:[62399. 60295. 57949.] t2_sim:[64145. 64887. 62862.]
Task is 24.00% complete.
t1_sim:[58361. 56695. 53521.] t2_sim:[63947. 62004. 63594.]
Task is 25.00% complete.
t1_sim:[58926. 60419. 55947.] t2_sim:[62741. 61023. 60287.]
Task is 26.00% complete.
t1_sim:[68510. 67478. 62361.] t2_sim:[63524. 63394. 63457.]
Task is 27.00% complete.
t1_sim:[64781. 64120. 59333.] t2_sim:[64552. 65452. 62094.]
Task is 28.00% complete.
t1_sim:[63759. 64629. 59310.] t2_sim:[55050. 55375. 55537.]
Task is 29.00% complete.
t1_sim:[66996. 68018. 64369.] t2_sim:[66229. 66916. 64825.]
Task is 30.00% complete.
t1_sim:[61859. 62255. 59301.] t2_sim:[63309. 63873. 61807.]
Task is 31.00% complete.
t1_sim:[61387. 62643. 59727.] t2_sim:[62051. 60659. 59484.]
Task is 32.00% complete.
t1_sim:[59560. 59711. 54533.] t2_sim:[62964. 63525. 64987.]
Task is 33.00% complete.
t1_sim:[56058. 57247. 50880.] t2_sim:[62475. 60541. 60149.]
Task is 34.00% complete.
t1_sim:[64554. 66351. 59928.] t2_sim:[62486. 62441. 63090.]
Task is 35.00% complete.
t1_sim:[64683. 65805. 64482.] t2_sim:[62825. 60464. 59819.]
Task is 36.00% complete.
t1_sim:[62050. 63347. 60239.] t2_sim:[64110. 65741. 62994.]
Task is 37.00% complete.
t1_sim:[61691. 59720. 56874.] t2_sim:[62593. 59728. 59095.]
Task is 38.00% complete.
t1_sim:[63545. 64827. 59984.] t2_sim:[64558. 65991. 66795.]
Task is 39.00% complete.
t1_sim:[64440. 63396. 59905.] t2_sim:[64124. 63999. 60665.]
Task is 40.00% complete.
t1_sim:[65130. 63721. 59135.] t2_sim:[58618. 57759. 56490.]
Task is 41.00% complete.
t1_sim:[65026. 64899. 60944.] t2_sim:[65879. 66796. 64175.]
Task is 42.00% complete.
t1_sim:[60254. 59577. 55296.] t2_sim:[67140. 66263. 66272.]
Task is 43.00% complete.
t1_sim:[57730. 56960. 53626.] t2_sim:[63100. 63558. 63793.]
Task is 44.00% complete.
t1_sim:[63961. 64758. 59619.] t2_sim:[68121. 67217. 65555.]
Task is 45.00% complete.
t1_sim:[55679. 55241. 50571.] t2_sim:[65537. 65275. 63791.]
Task is 46.00% complete.
t1_sim:[59109. 59775. 57273.] t2_sim:[64804. 65228. 62787.]
Task is 47.00% complete.
t1_sim:[62803. 63274. 58524.] t2_sim:[60456. 61459. 59748.]
Task is 48.00% complete.
t1_sim:[54993. 54507. 49225.] t2_sim:[63450. 63993. 62851.]
Task is 49.00% complete.
t1_sim:[61106. 61967. 56088.] t2_sim:[61932. 63763. 63852.]
Task is 50.00% complete.
t1_sim:[58529. 61121. 55950.] t2_sim:[64749. 64428. 62905.]
Task is 51.00% complete.
t1_sim:[57998. 57142. 53837.] t2_sim:[58772. 58256. 56463.]
Task is 52.00% complete.
t1_sim:[61495. 61804. 55900.] t2_sim:[63262. 64121. 62646.]
Task is 53.00% complete.
t1_sim:[62466. 61637. 57704.] t2_sim:[62362. 63442. 63859.]
Task is 54.00% complete.
t1_sim:[62181. 62739. 58258.] t2_sim:[62924. 62909. 59754.]
Task is 55.00% complete.
t1_sim:[61572. 61794. 56946.] t2_sim:[61133. 60759. 60386.]
Task is 56.00% complete.
t1_sim:[56365. 54953. 49264.] t2_sim:[59373. 57624. 56121.]
Task is 57.00% complete.
t1_sim:[63218. 61981. 57963.] t2_sim:[61225. 61380. 59058.]
Task is 58.00% complete.
t1_sim:[62791. 63860. 57827.] t2_sim:[66487. 65883. 64882.]
Task is 59.00% complete.
t1_sim:[63321. 61558. 59521.] t2_sim:[62801. 62452. 60557.]
Task is 60.00% complete.
t1_sim:[56090. 58851. 56287.] t2_sim:[66441. 66507. 63624.]
Task is 61.00% complete.
t1_sim:[63099. 62684. 57710.] t2_sim:[67419. 65375. 64480.]
Task is 62.00% complete.
t1_sim:[68355. 67017. 60124.] t2_sim:[60638. 58367. 58192.]
Task is 63.00% complete.
t1_sim:[65732. 65339. 61442.] t2_sim:[60073. 61780. 59972.]
Task is 64.00% complete.
t1_sim:[64246. 65064. 60217.] t2_sim:[62509. 63295. 60799.]
Task is 65.00% complete.
t1_sim:[61070. 60084. 55817.] t2_sim:[64504. 64478. 64059.]
Task is 66.00% complete.
t1_sim:[60354. 57599. 55002.] t2_sim:[63331. 63883. 62097.]
Task is 67.00% complete.
t1_sim:[67211. 65908. 61368.] t2_sim:[59494. 57603. 54969.]
Task is 68.00% complete.
t1_sim:[65643. 65437. 64466.] t2_sim:[62664. 62070. 62014.]
Task is 69.00% complete.
t1_sim:[66152. 65574. 58499.] t2_sim:[57717. 59136. 57569.]
Task is 70.00% complete.
t1_sim:[62146. 63296. 57622.] t2_sim:[67243. 65975. 64780.]
Task is 71.00% complete.
t1_sim:[56510. 57857. 50586.] t2_sim:[61425. 61521. 61969.]
Task is 72.00% complete.
t1_sim:[66653. 66751. 60063.] t2_sim:[58754. 59812. 61099.]
Task is 73.00% complete.
t1_sim:[58805. 58246. 49845.] t2_sim:[60425. 60190. 61524.]
Task is 74.00% complete.
t1_sim:[58660. 57826. 53248.] t2_sim:[69670. 70138. 67161.]
Task is 75.00% complete.
t1_sim:[58761. 56861. 51318.] t2_sim:[60819. 61645. 62139.]
Task is 76.00% complete.
t1_sim:[67809. 68574. 63526.] t2_sim:[62019. 62827. 61389.]
Task is 77.00% complete.
t1_sim:[64565. 65136. 58393.] t2_sim:[61675. 61909. 61840.]
Task is 78.00% complete.
t1_sim:[61756. 61879. 56307.] t2_sim:[62598. 62158. 60297.]
Task is 79.00% complete.
t1_sim:[59960. 58930. 52674.] t2_sim:[64570. 65687. 63321.]
Task is 80.00% complete.
t1_sim:[60907. 61967. 56476.] t2_sim:[59975. 59463. 57042.]
Task is 81.00% complete.
t1_sim:[65004. 64845. 58630.] t2_sim:[57616. 58525. 56708.]
Task is 82.00% complete.
t1_sim:[66638. 65973. 63281.] t2_sim:[60188. 58813. 59531.]
Task is 83.00% complete.
t1_sim:[67703. 67250. 61018.] t2_sim:[61383. 61793. 64060.]
Task is 84.00% complete.
t1_sim:[61148. 60329. 54395.] t2_sim:[65528. 66274. 64680.]
Task is 85.00% complete.
t1_sim:[55393. 55875. 51249.] t2_sim:[67004. 66440. 64550.]
Task is 86.00% complete.
t1_sim:[66383. 67561. 64048.] t2_sim:[57912. 57949. 57234.]
Task is 87.00% complete.
t1_sim:[65079. 63490. 59627.] t2_sim:[63250. 64163. 60448.]
Task is 88.00% complete.
t1_sim:[63212. 64468. 60634.] t2_sim:[58475. 58553. 55633.]
Task is 89.00% complete.
t1_sim:[61871. 62726. 57258.] t2_sim:[59525. 59632. 57600.]
Task is 90.00% complete.
t1_sim:[62062. 61966. 58525.] t2_sim:[61967. 63554. 61692.]
Task is 91.00% complete.
t1_sim:[65964. 64902. 59500.] t2_sim:[66322. 64423. 63558.]
Task is 92.00% complete.
t1_sim:[66064. 66585. 60113.] t2_sim:[62424. 62542. 61193.]
Task is 93.00% complete.
t1_sim:[59064. 57399. 55253.] t2_sim:[62108. 62794. 62819.]
Task is 94.00% complete.
t1_sim:[63760. 63565. 57494.] t2_sim:[65804. 63922. 63179.]
Task is 95.00% complete.
t1_sim:[63219. 64492. 58413.] t2_sim:[69489. 69357. 66258.]
Task is 96.00% complete.
t1_sim:[65347. 63050. 57440.] t2_sim:[62470. 62693. 58676.]
Task is 97.00% complete.
t1_sim:[59699. 58188. 53938.] t2_sim:[65928. 66275. 65104.]
Task is 98.00% complete.
t1_sim:[60485. 60656. 55765.] t2_sim:[59273. 59842. 59660.]
Task is 99.00% complete.
t1_sim:[64777. 65325. 59951.] t2_sim:[59457. 59310. 56961.]
Finished
