Begin
Training start
t1_obs:[array(61224.), array(61086.), array(60977.)] t2_obs:[array(66066.), array(65910.), array(62623.)]
corr_G1:[None, None, 3.336181358278377e-17] corr_G2:[None, None, 0]
Training end
Task is 0.00% complete.
t1_sim:[67517. 67462. 70657.] t2_sim:[63578. 63751. 64349.]
Task is 1.00% complete.
t1_sim:[64751. 64949. 64758.] t2_sim:[61351. 60850. 58211.]
Task is 2.00% complete.
t1_sim:[62848. 62311. 61267.] t2_sim:[62210. 62210. 56450.]
Task is 3.00% complete.
t1_sim:[64783. 64874. 68305.] t2_sim:[62327. 62444. 61889.]
Task is 4.00% complete.
t1_sim:[51590. 51402. 54307.] t2_sim:[60402. 60391. 60028.]
Task is 5.00% complete.
t1_sim:[57902. 57739. 60587.] t2_sim:[64419. 64084. 62192.]
Task is 6.00% complete.
t1_sim:[65783. 66103. 63327.] t2_sim:[63213. 63306. 62610.]
Task is 7.00% complete.
t1_sim:[69953. 70275. 67375.] t2_sim:[65673. 65934. 64535.]
Task is 8.00% complete.
t1_sim:[65254. 65242. 64804.] t2_sim:[61773. 61949. 60766.]
Task is 9.00% complete.
t1_sim:[65790. 65973. 68406.] t2_sim:[57801. 58256. 59816.]
Task is 10.00% complete.
t1_sim:[64003. 64003. 64552.] t2_sim:[60195. 59787. 58106.]
Task is 11.00% complete.
t1_sim:[61373. 60973. 62471.] t2_sim:[64276. 64346. 64908.]
Task is 12.00% complete.
t1_sim:[65886. 66308. 63585.] t2_sim:[62240. 62100. 62189.]
Task is 13.00% complete.
t1_sim:[66436. 66384. 66403.] t2_sim:[62325. 62600. 61370.]
Task is 14.00% complete.
t1_sim:[61919. 62163. 64706.] t2_sim:[61243. 62302. 58820.]
Task is 15.00% complete.
t1_sim:[64026. 63650. 60263.] t2_sim:[69619. 69474. 65528.]
Task is 16.00% complete.
t1_sim:[63730. 63644. 64801.] t2_sim:[61044. 61341. 61717.]
Task is 17.00% complete.
t1_sim:[60340. 60075. 56022.] t2_sim:[59765. 59824. 61012.]
Task is 18.00% complete.
t1_sim:[61512. 61516. 61515.] t2_sim:[63798. 63815. 64210.]
Task is 19.00% complete.
t1_sim:[63002. 63316. 63384.] t2_sim:[58492. 58655. 59292.]
Task is 20.00% complete.
t1_sim:[61992. 62266. 64913.] t2_sim:[55078. 54741. 57372.]
Task is 21.00% complete.
t1_sim:[63572. 63479. 63449.] t2_sim:[53280. 52914. 53236.]
Task is 22.00% complete.
t1_sim:[64170. 64436. 63234.] t2_sim:[62937. 62778. 63062.]
Task is 23.00% complete.
t1_sim:[61413. 61419. 61462.] t2_sim:[67580. 67194. 63712.]
Task is 24.00% complete.
t1_sim:[57154. 57227. 59205.] t2_sim:[58260. 58143. 56474.]
Task is 25.00% complete.
t1_sim:[59216. 59281. 60535.] t2_sim:[58658. 58651. 61904.]
Task is 26.00% complete.
t1_sim:[65399. 65139. 63029.] t2_sim:[60830. 60387. 59586.]
Task is 27.00% complete.
t1_sim:[61628. 61961. 60072.] t2_sim:[61840. 61998. 62511.]
Task is 28.00% complete.
t1_sim:[61694. 61604. 62025.] t2_sim:[63865. 64063. 64819.]
Task is 29.00% complete.
t1_sim:[58001. 58261. 59168.] t2_sim:[63730. 63745. 61110.]
Task is 30.00% complete.
t1_sim:[60203. 60147. 62600.] t2_sim:[63703. 63860. 62670.]
Task is 31.00% complete.
t1_sim:[62334. 62078. 63755.] t2_sim:[57365. 57702. 53904.]
Task is 32.00% complete.
t1_sim:[61410. 61507. 60181.] t2_sim:[64476. 64281. 60921.]
Task is 33.00% complete.
t1_sim:[55064. 55169. 56281.] t2_sim:[62424. 62008. 62554.]
Task is 34.00% complete.
t1_sim:[60181. 59778. 62538.] t2_sim:[64093. 63774. 63137.]
Task is 35.00% complete.
t1_sim:[61044. 60854. 63154.] t2_sim:[60340. 60404. 61894.]
Task is 36.00% complete.
t1_sim:[66141. 65487. 63676.] t2_sim:[55031. 55253. 53227.]
Task is 37.00% complete.
t1_sim:[67748. 67684. 64543.] t2_sim:[59625. 59622. 62262.]
Task is 38.00% complete.
t1_sim:[58515. 58292. 56936.] t2_sim:[57754. 57800. 58881.]
Task is 39.00% complete.
t1_sim:[60065. 60242. 56382.] t2_sim:[66814. 66858. 61283.]
Task is 40.00% complete.
t1_sim:[62382. 62478. 65507.] t2_sim:[63435. 63282. 63190.]
Task is 41.00% complete.
t1_sim:[66470. 66396. 67383.] t2_sim:[69634. 69921. 66023.]
Task is 42.00% complete.
t1_sim:[65044. 65230. 62307.] t2_sim:[60659. 60818. 66728.]
Task is 43.00% complete.
t1_sim:[59902. 60397. 61949.] t2_sim:[61025. 60836. 64916.]
Task is 44.00% complete.
t1_sim:[64000. 64086. 64249.] t2_sim:[62650. 62690. 61980.]
Task is 45.00% complete.
t1_sim:[66424. 65953. 64107.] t2_sim:[61851. 61736. 67723.]
Task is 46.00% complete.
t1_sim:[63689. 63620. 61618.] t2_sim:[65666. 65726. 66636.]
Task is 47.00% complete.
t1_sim:[63886. 63952. 61357.] t2_sim:[61666. 61957. 62318.]
Task is 48.00% complete.
t1_sim:[64610. 64916. 64830.] t2_sim:[63547. 63508. 63986.]
Task is 49.00% complete.
t1_sim:[59009. 59280. 58648.] t2_sim:[63369. 63554. 61916.]
Task is 50.00% complete.
t1_sim:[67364. 67727. 68161.] t2_sim:[64767. 64807. 63368.]
Task is 51.00% complete.
t1_sim:[62453. 62410. 63667.] t2_sim:[61751. 61963. 60666.]
Task is 52.00% complete.
t1_sim:[58422. 58429. 59392.] t2_sim:[62369. 62174. 63181.]
Task is 53.00% complete.
t1_sim:[58961. 59678. 64723.] t2_sim:[66388. 66285. 62398.]
Task is 54.00% complete.
t1_sim:[60674. 60700. 61758.] t2_sim:[61111. 61480. 61448.]
Task is 55.00% complete.
t1_sim:[61105. 60857. 61054.] t2_sim:[62280. 62129. 61208.]
Task is 56.00% complete.
t1_sim:[65254. 65096. 65602.] t2_sim:[64876. 65160. 61054.]
Task is 57.00% complete.
t1_sim:[62324. 62341. 58052.] t2_sim:[67208. 67509. 68056.]
Task is 58.00% complete.
t1_sim:[62092. 62080. 60465.] t2_sim:[64061. 64049. 62837.]
Task is 59.00% complete.
t1_sim:[63592. 63322. 66173.] t2_sim:[67223. 67346. 69835.]
Task is 60.00% complete.
t1_sim:[64468. 64486. 61967.] t2_sim:[62075. 62234. 64909.]
Task is 61.00% complete.
t1_sim:[60395. 60015. 60457.] t2_sim:[62311. 62198. 61272.]
Task is 62.00% complete.
t1_sim:[64322. 64414. 63381.] t2_sim:[65387. 65055. 62817.]
Task is 63.00% complete.
t1_sim:[65787. 65616. 65537.] t2_sim:[55434. 55491. 55603.]
Task is 64.00% complete.
t1_sim:[67473. 67557. 66613.] t2_sim:[67366. 67111. 64934.]
Task is 65.00% complete.
t1_sim:[60361. 60396. 62290.] t2_sim:[57174. 57438. 60765.]
Task is 66.00% complete.
t1_sim:[64828. 65035. 61887.] t2_sim:[66485. 66238. 65279.]
Task is 67.00% complete.
t1_sim:[64438. 64682. 61686.] t2_sim:[58170. 58234. 58699.]
Task is 68.00% complete.
t1_sim:[62916. 62786. 63403.] t2_sim:[63019. 63065. 58385.]
Task is 69.00% complete.
t1_sim:[60730. 60584. 61132.] t2_sim:[59234. 59163. 58600.]
Task is 70.00% complete.
t1_sim:[62257. 62192. 65815.] t2_sim:[66192. 66276. 68061.]
Task is 71.00% complete.
t1_sim:[61347. 61283. 60511.] t2_sim:[63621. 63381. 62855.]
Task is 72.00% complete.
t1_sim:[65194. 65078. 66355.] t2_sim:[58180. 58192. 58144.]
Task is 73.00% complete.
t1_sim:[65938. 65968. 65627.] t2_sim:[62945. 63527. 61895.]
Task is 74.00% complete.
t1_sim:[62355. 62204. 60689.] t2_sim:[62877. 63134. 66846.]
Task is 75.00% complete.
t1_sim:[62902. 62437. 57078.] t2_sim:[64067. 64233. 59773.]
Task is 76.00% complete.
t1_sim:[59787. 59697. 57505.] t2_sim:[67974. 67920. 65798.]
Task is 77.00% complete.
t1_sim:[58717. 58910. 62483.] t2_sim:[61200. 60632. 60362.]
Task is 78.00% complete.
t1_sim:[61140. 61207. 62350.] t2_sim:[59650. 59817. 59061.]
Task is 79.00% complete.
t1_sim:[63621. 63414. 60463.] t2_sim:[59538. 59588. 60392.]
Task is 80.00% complete.
t1_sim:[59157. 59017. 59022.] t2_sim:[66600. 66644. 63980.]
Task is 81.00% complete.
t1_sim:[63825. 63610. 63203.] t2_sim:[63550. 63486. 64015.]
Task is 82.00% complete.
t1_sim:[62944. 62906. 63550.] t2_sim:[63725. 63624. 61106.]
Task is 83.00% complete.
t1_sim:[64564. 64690. 62863.] t2_sim:[62239. 61995. 65928.]
Task is 84.00% complete.
t1_sim:[61236. 61074. 60408.] t2_sim:[66769. 66669. 66643.]
Task is 85.00% complete.
t1_sim:[62804. 62312. 64893.] t2_sim:[64122. 64088. 66896.]
Task is 86.00% complete.
t1_sim:[63635. 63803. 62917.] t2_sim:[60873. 60363. 61126.]
Task is 87.00% complete.
t1_sim:[56969. 57170. 54789.] t2_sim:[63911. 64298. 62096.]
Task is 88.00% complete.
t1_sim:[60922. 60777. 62632.] t2_sim:[66099. 66375. 69003.]
Task is 89.00% complete.
t1_sim:[58667. 58217. 59509.] t2_sim:[61550. 61334. 63288.]
Task is 90.00% complete.
t1_sim:[58817. 58849. 61628.] t2_sim:[62639. 62588. 64137.]
Task is 91.00% complete.
t1_sim:[63025. 63117. 64733.] t2_sim:[58352. 57981. 59563.]
Task is 92.00% complete.
t1_sim:[60517. 60349. 63557.] t2_sim:[62557. 62701. 60348.]
Task is 93.00% complete.
t1_sim:[66281. 66030. 64524.] t2_sim:[64424. 64307. 66586.]
Task is 94.00% complete.
t1_sim:[61409. 61555. 60876.] t2_sim:[64319. 64482. 59858.]
Task is 95.00% complete.
t1_sim:[64530. 64640. 68132.] t2_sim:[58613. 58799. 60941.]
Task is 96.00% complete.
t1_sim:[61653. 61616. 63827.] t2_sim:[61374. 61406. 58779.]
Task is 97.00% complete.
t1_sim:[62273. 62581. 62341.] t2_sim:[59105. 59211. 56671.]
Task is 98.00% complete.
t1_sim:[63770. 64151. 65501.] t2_sim:[69610. 69398. 65580.]
Task is 99.00% complete.
t1_sim:[58075. 58062. 56447.] t2_sim:[64300. 64197. 62713.]
Training start
t1_obs:[array(61224.), array(61086.), array(61130.)] t2_obs:[array(66066.), array(65910.), array(62786.)]
corr_G1:[None, None, 0.9892834482647581] corr_G2:[None, None, 0.9876371243757107]
Training end
Task is 0.00% complete.
t1_sim:[60207. 60134. 61097.] t2_sim:[56272. 56172. 57856.]
Task is 1.00% complete.
t1_sim:[56576. 56668. 56666.] t2_sim:[61436. 61681. 64763.]
Task is 2.00% complete.
t1_sim:[60019. 60449. 61387.] t2_sim:[59472. 59475. 61534.]
Task is 3.00% complete.
t1_sim:[65779. 66093. 65578.] t2_sim:[64889. 64854. 66357.]
Task is 4.00% complete.
t1_sim:[62349. 62759. 61683.] t2_sim:[61432. 61264. 61280.]
Task is 5.00% complete.
t1_sim:[57528. 57670. 56657.] t2_sim:[63314. 63323. 61895.]
Task is 6.00% complete.
t1_sim:[59552. 59432. 58793.] t2_sim:[70831. 70703. 68387.]
Task is 7.00% complete.
t1_sim:[65682. 65486. 64846.] t2_sim:[61344. 61727. 61464.]
Task is 8.00% complete.
t1_sim:[62347. 62480. 60460.] t2_sim:[57678. 57706. 58713.]
Task is 9.00% complete.
t1_sim:[63981. 64264. 64649.] t2_sim:[60827. 61420. 60711.]
Task is 10.00% complete.
t1_sim:[63303. 63494. 62717.] t2_sim:[56866. 56845. 58004.]
Task is 11.00% complete.
t1_sim:[63885. 64039. 64047.] t2_sim:[54439. 54281. 55807.]
Task is 12.00% complete.
t1_sim:[68898. 68752. 65340.] t2_sim:[65729. 65894. 65365.]
Task is 13.00% complete.
t1_sim:[65150. 65558. 67264.] t2_sim:[62756. 62588. 64640.]
Task is 14.00% complete.
t1_sim:[61713. 62150. 62596.] t2_sim:[56846. 56708. 56471.]
Task is 15.00% complete.
t1_sim:[64083. 64260. 64727.] t2_sim:[67769. 68057. 70030.]
Task is 16.00% complete.
t1_sim:[64973. 65436. 62973.] t2_sim:[65296. 65690. 67149.]
Task is 17.00% complete.
t1_sim:[64606. 64493. 62988.] t2_sim:[60954. 60935. 60870.]
Task is 18.00% complete.
t1_sim:[63035. 62930. 63197.] t2_sim:[61193. 61276. 60815.]
Task is 19.00% complete.
t1_sim:[62597. 62721. 63522.] t2_sim:[68295. 68272. 67922.]
Task is 20.00% complete.
t1_sim:[57949. 57691. 56521.] t2_sim:[62945. 63079. 63085.]
Task is 21.00% complete.
t1_sim:[62194. 62399. 59778.] t2_sim:[59863. 59751. 59250.]
Task is 22.00% complete.
t1_sim:[68627. 68819. 69635.] t2_sim:[61404. 61376. 61043.]
Task is 23.00% complete.
t1_sim:[53859. 53221. 52961.] t2_sim:[64130. 64117. 63500.]
Task is 24.00% complete.
t1_sim:[62484. 62527. 62693.] t2_sim:[64152. 63589. 63053.]
Task is 25.00% complete.
t1_sim:[70816. 70927. 70950.] t2_sim:[67700. 67943. 67210.]
Task is 26.00% complete.
t1_sim:[62528. 62349. 64171.] t2_sim:[60768. 60678. 61056.]
Task is 27.00% complete.
t1_sim:[61067. 60725. 60788.] t2_sim:[59509. 59804. 59922.]
Task is 28.00% complete.
t1_sim:[56203. 56121. 54429.] t2_sim:[61418. 61578. 61867.]
Task is 29.00% complete.
t1_sim:[62359. 62412. 63028.] t2_sim:[59882. 59753. 59593.]
Task is 30.00% complete.
t1_sim:[63386. 63517. 64216.] t2_sim:[58735. 58929. 58162.]
Task is 31.00% complete.
t1_sim:[58905. 58893. 58653.] t2_sim:[63239. 63510. 62670.]
Task is 32.00% complete.
t1_sim:[61249. 61163. 61844.] t2_sim:[59325. 59131. 60265.]
Task is 33.00% complete.
t1_sim:[60447. 59994. 60376.] t2_sim:[59920. 59808. 58896.]
Task is 34.00% complete.
t1_sim:[66460. 66663. 68380.] t2_sim:[61838. 61492. 60751.]
Task is 35.00% complete.
t1_sim:[67437. 67720. 65552.] t2_sim:[62951. 62799. 62211.]
Task is 36.00% complete.
t1_sim:[61062. 60928. 60026.] t2_sim:[60666. 60111. 60120.]
Task is 37.00% complete.
t1_sim:[66477. 66488. 66491.] t2_sim:[60014. 59784. 58982.]
Task is 38.00% complete.
t1_sim:[58451. 58270. 57699.] t2_sim:[61369. 61147. 61535.]
Task is 39.00% complete.
t1_sim:[54185. 54269. 54852.] t2_sim:[68293. 68280. 67376.]
Task is 40.00% complete.
t1_sim:[58480. 58456. 58975.] t2_sim:[60987. 61038. 60466.]
Task is 41.00% complete.
t1_sim:[64693. 65022. 63805.] t2_sim:[60881. 61027. 59611.]
Task is 42.00% complete.
t1_sim:[56519. 56767. 58096.] t2_sim:[60701. 60887. 60719.]
Task is 43.00% complete.
t1_sim:[64001. 64052. 62982.] t2_sim:[63540. 63833. 62530.]
Task is 44.00% complete.
t1_sim:[58960. 58981. 58954.] t2_sim:[62212. 61993. 61880.]
Task is 45.00% complete.
t1_sim:[58428. 58468. 57911.] t2_sim:[69423. 69428. 69517.]
Task is 46.00% complete.
t1_sim:[63866. 64203. 65047.] t2_sim:[56869. 56762. 58048.]
Task is 47.00% complete.
t1_sim:[57207. 57204. 56092.] t2_sim:[63959. 64157. 62846.]
Task is 48.00% complete.
t1_sim:[59112. 58375. 56885.] t2_sim:[60497. 60683. 61427.]
Task is 49.00% complete.
t1_sim:[59057. 59397. 60868.] t2_sim:[65667. 65696. 66490.]
Task is 50.00% complete.
t1_sim:[63769. 63798. 63987.] t2_sim:[63115. 63000. 65104.]
Task is 51.00% complete.
t1_sim:[61099. 61239. 61557.] t2_sim:[65768. 65454. 68423.]
Task is 52.00% complete.
t1_sim:[55146. 55090. 57203.] t2_sim:[64549. 63791. 62568.]
Task is 53.00% complete.
t1_sim:[58943. 58794. 58949.] t2_sim:[56895. 56811. 57174.]
Task is 54.00% complete.
t1_sim:[60767. 60709. 60834.] t2_sim:[62772. 62339. 61187.]
Task is 55.00% complete.
t1_sim:[59247. 59679. 59573.] t2_sim:[66468. 66656. 66170.]
Task is 56.00% complete.
t1_sim:[59176. 59162. 58481.] t2_sim:[65901. 65663. 65469.]
Task is 57.00% complete.
t1_sim:[63199. 63010. 64649.] t2_sim:[62243. 62831. 64752.]
Task is 58.00% complete.
t1_sim:[62287. 62362. 64817.] t2_sim:[62022. 62664. 63632.]
Task is 59.00% complete.
t1_sim:[62852. 62858. 60678.] t2_sim:[64017. 64445. 65947.]
Task is 60.00% complete.
t1_sim:[68499. 68743. 67753.] t2_sim:[57841. 57810. 58955.]
Task is 61.00% complete.
t1_sim:[58901. 58821. 59975.] t2_sim:[62210. 62305. 64045.]
Task is 62.00% complete.
t1_sim:[62466. 62404. 62784.] t2_sim:[63122. 63072. 64580.]
Task is 63.00% complete.
t1_sim:[61292. 61069. 60812.] t2_sim:[58983. 58566. 59248.]
Task is 64.00% complete.
t1_sim:[67429. 67687. 70214.] t2_sim:[62725. 62667. 64334.]
Task is 65.00% complete.
t1_sim:[56034. 56198. 56384.] t2_sim:[56874. 56829. 57236.]
Task is 66.00% complete.
t1_sim:[62083. 61882. 61608.] t2_sim:[64579. 64564. 62258.]
Task is 67.00% complete.
t1_sim:[59788. 59602. 63112.] t2_sim:[59912. 60276. 59631.]
Task is 68.00% complete.
t1_sim:[64514. 64328. 65013.] t2_sim:[64221. 64323. 64413.]
Task is 69.00% complete.
t1_sim:[64563. 64158. 66264.] t2_sim:[62850. 63335. 64249.]
Task is 70.00% complete.
t1_sim:[66276. 66070. 64726.] t2_sim:[59890. 59979. 57339.]
Task is 71.00% complete.
t1_sim:[60795. 60541. 61816.] t2_sim:[63321. 63660. 65857.]
Task is 72.00% complete.
t1_sim:[63055. 63267. 63444.] t2_sim:[60457. 60168. 60658.]
Task is 73.00% complete.
t1_sim:[64390. 64591. 64759.] t2_sim:[66582. 66594. 66649.]
Task is 74.00% complete.
t1_sim:[64796. 64456. 63163.] t2_sim:[62979. 63000. 63502.]
Task is 75.00% complete.
t1_sim:[53196. 53036. 51484.] t2_sim:[61320. 61614. 62222.]
Task is 76.00% complete.
t1_sim:[58584. 58823. 60479.] t2_sim:[62858. 63156. 62479.]
Task is 77.00% complete.
t1_sim:[68331. 68308. 68810.] t2_sim:[61230. 61390. 60557.]
Task is 78.00% complete.
t1_sim:[60961. 60758. 60588.] t2_sim:[64237. 64263. 61716.]
Task is 79.00% complete.
t1_sim:[60896. 60759. 60712.] t2_sim:[62710. 62544. 62554.]
Task is 80.00% complete.
t1_sim:[62172. 62667. 63006.] t2_sim:[58562. 58786. 58760.]
Task is 81.00% complete.
t1_sim:[64603. 64429. 62688.] t2_sim:[67256. 67193. 69018.]
Task is 82.00% complete.
t1_sim:[65895. 65935. 64677.] t2_sim:[62034. 62111. 64472.]
Task is 83.00% complete.
t1_sim:[61270. 61064. 61174.] t2_sim:[59491. 59685. 59366.]
Task is 84.00% complete.
t1_sim:[64883. 64794. 65136.] t2_sim:[63166. 62701. 65694.]
Task is 85.00% complete.
t1_sim:[61043. 61071. 60720.] t2_sim:[65346. 65206. 65455.]
Task is 86.00% complete.
t1_sim:[64010. 64423. 64496.] t2_sim:[66967. 67316. 67417.]
Task is 87.00% complete.
t1_sim:[54279. 54273. 56003.] t2_sim:[59881. 59972. 59319.]
Task is 88.00% complete.
t1_sim:[64656. 64360. 65899.] t2_sim:[64011. 64198. 63128.]
Task is 89.00% complete.
t1_sim:[62883. 62692. 62257.] t2_sim:[66017. 65856. 64266.]
Task is 90.00% complete.
t1_sim:[60375. 60570. 61177.] t2_sim:[63772. 63965. 66747.]
Task is 91.00% complete.
t1_sim:[64258. 64206. 63399.] t2_sim:[61015. 60855. 60589.]
Task is 92.00% complete.
t1_sim:[62925. 62826. 59452.] t2_sim:[63186. 62842. 62447.]
Task is 93.00% complete.
t1_sim:[60893. 61016. 59089.] t2_sim:[64234. 64081. 63308.]
Task is 94.00% complete.
t1_sim:[59414. 59566. 57551.] t2_sim:[66868. 67182. 66199.]
Task is 95.00% complete.
t1_sim:[62710. 62694. 64810.] t2_sim:[62108. 62554. 62684.]
Task is 96.00% complete.
t1_sim:[58681. 58819. 59230.] t2_sim:[67138. 66983. 68452.]
Task is 97.00% complete.
t1_sim:[64032. 63931. 63417.] t2_sim:[59068. 59126. 61502.]
Task is 98.00% complete.
t1_sim:[61629. 61643. 62894.] t2_sim:[59485. 59548. 58553.]
Task is 99.00% complete.
t1_sim:[63298. 63295. 65344.] t2_sim:[67801. 67467. 66588.]
Training start
t1_obs:[array(61224.), array(61086.), array(59347.)] t2_obs:[array(66066.), array(65910.), array(64272.)]
corr_G1:[None, None, -0.30058788607239373] corr_G2:[None, None, 0.017782732455086984]
Training end
Task is 0.00% complete.
t1_sim:[65010. 64704. 64505.] t2_sim:[65746. 65605. 66073.]
Task is 1.00% complete.
t1_sim:[62928. 62706. 63070.] t2_sim:[67647. 67927. 69291.]
Task is 2.00% complete.
t1_sim:[66638. 66696. 64242.] t2_sim:[63804. 63955. 66449.]
Task is 3.00% complete.
t1_sim:[60955. 60555. 61084.] t2_sim:[60946. 60719. 62830.]
Task is 4.00% complete.
t1_sim:[62762. 63005. 65457.] t2_sim:[58782. 58724. 60103.]
Task is 5.00% complete.
t1_sim:[66908. 66694. 63768.] t2_sim:[62270. 62487. 63526.]
Task is 6.00% complete.
t1_sim:[68363. 68260. 68818.] t2_sim:[62058. 62315. 63665.]
Task is 7.00% complete.
t1_sim:[64220. 64264. 65013.] t2_sim:[62428. 62298. 63585.]
Task is 8.00% complete.
t1_sim:[60846. 60766. 60412.] t2_sim:[65587. 65805. 67891.]
Task is 9.00% complete.
t1_sim:[59277. 59625. 60276.] t2_sim:[59705. 59598. 61602.]
Task is 10.00% complete.
t1_sim:[59606. 59319. 60721.] t2_sim:[58220. 58562. 57494.]
Task is 11.00% complete.
t1_sim:[64231. 64191. 63695.] t2_sim:[61506. 62078. 63450.]
Task is 12.00% complete.
t1_sim:[62655. 63090. 63373.] t2_sim:[62235. 62348. 60727.]
Task is 13.00% complete.
t1_sim:[63263. 63154. 61710.] t2_sim:[62074. 61713. 61674.]
Task is 14.00% complete.
t1_sim:[59655. 59714. 59001.] t2_sim:[61451. 61809. 63630.]
Task is 15.00% complete.
t1_sim:[59751. 59791. 62682.] t2_sim:[58112. 57894. 59898.]
Task is 16.00% complete.
t1_sim:[63238. 63462. 62569.] t2_sim:[56487. 56547. 60023.]
Task is 17.00% complete.
t1_sim:[59220. 59394. 59552.] t2_sim:[63639. 63671. 62847.]
Task is 18.00% complete.
t1_sim:[63704. 63888. 61091.] t2_sim:[61928. 61505. 64312.]
Task is 19.00% complete.
t1_sim:[65093. 65035. 61537.] t2_sim:[57267. 57623. 58867.]
Task is 20.00% complete.
t1_sim:[63232. 63260. 62239.] t2_sim:[61044. 61043. 62315.]
Task is 21.00% complete.
t1_sim:[63244. 63287. 64312.] t2_sim:[64060. 64380. 63926.]
Task is 22.00% complete.
t1_sim:[62141. 62380. 60883.] t2_sim:[65859. 65788. 64581.]
Task is 23.00% complete.
t1_sim:[59312. 59488. 57700.] t2_sim:[61280. 61505. 62123.]
Task is 24.00% complete.
t1_sim:[63040. 62934. 63080.] t2_sim:[64710. 64526. 62606.]
Task is 25.00% complete.
t1_sim:[59690. 59969. 62185.] t2_sim:[59186. 59004. 59425.]
Task is 26.00% complete.
t1_sim:[58774. 58467. 62216.] t2_sim:[67746. 67743. 65500.]
Task is 27.00% complete.
t1_sim:[62188. 62578. 62481.] t2_sim:[63608. 63397. 60623.]
Task is 28.00% complete.
t1_sim:[68462. 68735. 67689.] t2_sim:[60356. 60360. 62084.]
Task is 29.00% complete.
t1_sim:[63552. 63833. 67484.] t2_sim:[58605. 58927. 61054.]
Task is 30.00% complete.
t1_sim:[71331. 71670. 68125.] t2_sim:[59557. 59668. 61752.]
Task is 31.00% complete.
t1_sim:[67681. 67578. 65643.] t2_sim:[62455. 62512. 61331.]
Task is 32.00% complete.
t1_sim:[65645. 64913. 65448.] t2_sim:[63779. 63587. 63199.]
Task is 33.00% complete.
t1_sim:[66215. 65823. 65831.] t2_sim:[56102. 56230. 55472.]
Task is 34.00% complete.
t1_sim:[66277. 66549. 66979.] t2_sim:[62794. 62878. 64826.]
Task is 35.00% complete.
t1_sim:[57971. 57775. 58915.] t2_sim:[64853. 64640. 67719.]
Task is 36.00% complete.
t1_sim:[67101. 66922. 65368.] t2_sim:[63049. 63121. 62819.]
Task is 37.00% complete.
t1_sim:[62096. 61991. 60467.] t2_sim:[59859. 59639. 61421.]
Task is 38.00% complete.
t1_sim:[67748. 68055. 69616.] t2_sim:[60085. 59858. 63049.]
Task is 39.00% complete.
t1_sim:[63718. 63613. 63968.] t2_sim:[63252. 63328. 65492.]
Task is 40.00% complete.
t1_sim:[64644. 64746. 65096.] t2_sim:[65172. 64722. 65027.]
Task is 41.00% complete.
t1_sim:[62171. 62358. 66113.] t2_sim:[58162. 58736. 61997.]
Task is 42.00% complete.
t1_sim:[62619. 62956. 61973.] t2_sim:[57278. 56974. 57283.]
Task is 43.00% complete.
t1_sim:[61174. 61251. 62558.] t2_sim:[65871. 65625. 63962.]
Task is 44.00% complete.
t1_sim:[65101. 65311. 64598.] t2_sim:[56673. 56410. 56136.]
Task is 45.00% complete.
t1_sim:[62456. 62715. 64098.] t2_sim:[62773. 62582. 64283.]
Task is 46.00% complete.
t1_sim:[62467. 62403. 62115.] t2_sim:[64408. 64772. 68274.]
Task is 47.00% complete.
t1_sim:[65989. 66515. 64120.] t2_sim:[62427. 62461. 62135.]
Task is 48.00% complete.
t1_sim:[62667. 62964. 63541.] t2_sim:[61031. 61034. 62817.]
Task is 49.00% complete.
t1_sim:[64223. 63895. 62021.] t2_sim:[58277. 57871. 56840.]
Task is 50.00% complete.
t1_sim:[57848. 57839. 57152.] t2_sim:[63480. 63581. 63295.]
Task is 51.00% complete.
t1_sim:[60607. 60742. 59023.] t2_sim:[66490. 66651. 67281.]
Task is 52.00% complete.
t1_sim:[64124. 64336. 64349.] t2_sim:[60642. 60982. 61463.]
Task is 53.00% complete.
t1_sim:[60565. 60560. 59697.] t2_sim:[66295. 65709. 66293.]
Task is 54.00% complete.
t1_sim:[58302. 58320. 61507.] t2_sim:[61307. 61456. 61400.]
Task is 55.00% complete.
t1_sim:[63350. 63552. 65825.] t2_sim:[57207. 57103. 61474.]
Task is 56.00% complete.
t1_sim:[63878. 63573. 63743.] t2_sim:[58648. 58634. 64774.]
Task is 57.00% complete.
t1_sim:[57544. 57779. 57048.] t2_sim:[66298. 66079. 65498.]
Task is 58.00% complete.
t1_sim:[62781. 63056. 60846.] t2_sim:[60125. 60223. 64435.]
Task is 59.00% complete.
t1_sim:[64416. 64546. 63387.] t2_sim:[65431. 65432. 65995.]
Task is 60.00% complete.
t1_sim:[64692. 64595. 60915.] t2_sim:[63881. 63436. 61633.]
Task is 61.00% complete.
t1_sim:[64219. 64468. 64271.] t2_sim:[65073. 64992. 63444.]
Task is 62.00% complete.
t1_sim:[62121. 62644. 64722.] t2_sim:[62756. 63033. 64050.]
Task is 63.00% complete.
t1_sim:[57760. 58047. 57170.] t2_sim:[59532. 59383. 58202.]
Task is 64.00% complete.
t1_sim:[65324. 65128. 63402.] t2_sim:[65598. 66049. 66297.]
Task is 65.00% complete.
t1_sim:[62613. 62400. 59723.] t2_sim:[60049. 60099. 62721.]
Task is 66.00% complete.
t1_sim:[64625. 64553. 65185.] t2_sim:[62774. 63295. 60236.]
Task is 67.00% complete.
t1_sim:[64756. 64452. 62861.] t2_sim:[64885. 65088. 65510.]
Task is 68.00% complete.
t1_sim:[59598. 59394. 58710.] t2_sim:[62827. 62723. 62999.]
Task is 69.00% complete.
t1_sim:[59851. 59561. 60634.] t2_sim:[67868. 67972. 67575.]
Task is 70.00% complete.
t1_sim:[65930. 66012. 66290.] t2_sim:[60309. 60034. 61474.]
Task is 71.00% complete.
t1_sim:[69959. 69950. 71201.] t2_sim:[61144. 61071. 61188.]
Task is 72.00% complete.
t1_sim:[56675. 56814. 58311.] t2_sim:[58160. 58143. 61345.]
Task is 73.00% complete.
t1_sim:[65435. 65470. 65687.] t2_sim:[58647. 58586. 61222.]
Task is 74.00% complete.
t1_sim:[64632. 64416. 66229.] t2_sim:[64283. 64075. 62972.]
Task is 75.00% complete.
t1_sim:[60761. 60932. 62059.] t2_sim:[66888. 66770. 66195.]
Task is 76.00% complete.
t1_sim:[60091. 60219. 59973.] t2_sim:[66401. 66774. 69903.]
Task is 77.00% complete.
t1_sim:[59257. 59112. 58952.] t2_sim:[65266. 65168. 64237.]
Task is 78.00% complete.
t1_sim:[61296. 61355. 60727.] t2_sim:[57941. 58378. 60857.]
Task is 79.00% complete.
t1_sim:[64881. 65109. 62959.] t2_sim:[62854. 63091. 66381.]
Task is 80.00% complete.
t1_sim:[62615. 62514. 63666.] t2_sim:[64321. 64172. 62485.]
Task is 81.00% complete.
t1_sim:[65588. 65641. 72029.] t2_sim:[59684. 59477. 59829.]
Task is 82.00% complete.
t1_sim:[67338. 67259. 68177.] t2_sim:[61606. 61761. 64178.]
Task is 83.00% complete.
t1_sim:[59979. 60160. 57881.] t2_sim:[59779. 59744. 59773.]
Task is 84.00% complete.
t1_sim:[56642. 56824. 58003.] t2_sim:[62338. 62464. 61144.]
Task is 85.00% complete.
t1_sim:[59213. 58797. 60138.] t2_sim:[64713. 64492. 61366.]
Task is 86.00% complete.
t1_sim:[57003. 57236. 58231.] t2_sim:[59171. 59039. 61160.]
Task is 87.00% complete.
t1_sim:[56683. 56921. 58429.] t2_sim:[63300. 63155. 64434.]
Task is 88.00% complete.
t1_sim:[63955. 64279. 64210.] t2_sim:[60534. 61062. 62861.]
Task is 89.00% complete.
t1_sim:[61308. 61024. 61588.] t2_sim:[64608. 64581. 63552.]
Task is 90.00% complete.
t1_sim:[57618. 57590. 56364.] t2_sim:[65447. 65856. 66780.]
Task is 91.00% complete.
t1_sim:[66337. 66284. 65041.] t2_sim:[56350. 56209. 56670.]
Task is 92.00% complete.
t1_sim:[62591. 62922. 65256.] t2_sim:[61866. 61991. 60940.]
Task is 93.00% complete.
t1_sim:[63734. 63872. 62417.] t2_sim:[64588. 64540. 65559.]
Task is 94.00% complete.
t1_sim:[57876. 57786. 59050.] t2_sim:[58663. 58705. 61525.]
Task is 95.00% complete.
t1_sim:[59624. 60006. 59241.] t2_sim:[67993. 67973. 69607.]
Task is 96.00% complete.
t1_sim:[65146. 64932. 62669.] t2_sim:[70056. 69539. 69884.]
Task is 97.00% complete.
t1_sim:[63455. 63615. 64043.] t2_sim:[63983. 63748. 65146.]
Task is 98.00% complete.
t1_sim:[65022. 64722. 61345.] t2_sim:[67599. 67311. 64676.]
Task is 99.00% complete.
t1_sim:[68066. 68088. 66904.] t2_sim:[58760. 58707. 61033.]
Finished
