Begin
Training start
t1_obs:[array(66747.), array(66869.), array(67838.)] t2_obs:[array(63294.), array(63007.), array(63422.)]
corr_G1:[None, None, 4.690446226336889e-17] corr_G2:[None, None, 3.3667747083841414e-17]
Training end
Task is 0.00% complete.
t1_sim:[62022. 61787. 63080.] t2_sim:[66692. 66910. 66335.]
Task is 1.00% complete.
t1_sim:[62720. 62408. 62159.] t2_sim:[62882. 62751. 63313.]
Task is 2.00% complete.
t1_sim:[62490. 62826. 63235.] t2_sim:[61698. 61499. 61735.]
Task is 3.00% complete.
t1_sim:[66077. 66379. 65519.] t2_sim:[60911. 61283. 61976.]
Task is 4.00% complete.
t1_sim:[61031. 61473. 60030.] t2_sim:[59388. 59149. 53222.]
Task is 5.00% complete.
t1_sim:[64018. 64035. 65538.] t2_sim:[62129. 61888. 65278.]
Task is 6.00% complete.
t1_sim:[66538. 66884. 67445.] t2_sim:[61957. 61843. 62326.]
Task is 7.00% complete.
t1_sim:[65714. 65870. 64401.] t2_sim:[60956. 61213. 60543.]
Task is 8.00% complete.
t1_sim:[67989. 68141. 66122.] t2_sim:[61588. 61837. 59808.]
Task is 9.00% complete.
t1_sim:[66317. 66699. 68302.] t2_sim:[66581. 66638. 70757.]
Task is 10.00% complete.
t1_sim:[60784. 60343. 59274.] t2_sim:[62911. 62805. 60426.]
Task is 11.00% complete.
t1_sim:[63264. 63148. 59611.] t2_sim:[68991. 69019. 67560.]
Task is 12.00% complete.
t1_sim:[61419. 61271. 60535.] t2_sim:[65302. 64892. 59519.]
Task is 13.00% complete.
t1_sim:[57892. 57572. 54241.] t2_sim:[66255. 66473. 60378.]
Task is 14.00% complete.
t1_sim:[62879. 62651. 61142.] t2_sim:[64660. 64904. 62557.]
Task is 15.00% complete.
t1_sim:[63121. 63302. 57738.] t2_sim:[61920. 61858. 63490.]
Task is 16.00% complete.
t1_sim:[59996. 60132. 61251.] t2_sim:[66580. 66760. 67130.]
Task is 17.00% complete.
t1_sim:[63284. 63021. 60723.] t2_sim:[66197. 66344. 69423.]
Task is 18.00% complete.
t1_sim:[61399. 61421. 61347.] t2_sim:[66164. 66219. 64472.]
Task is 19.00% complete.
t1_sim:[57759. 57731. 59891.] t2_sim:[63192. 63285. 63756.]
Task is 20.00% complete.
t1_sim:[62258. 62308. 64589.] t2_sim:[64832. 64900. 65973.]
Task is 21.00% complete.
t1_sim:[65469. 65812. 65823.] t2_sim:[59388. 59605. 58901.]
Task is 22.00% complete.
t1_sim:[63701. 63690. 64767.] t2_sim:[65474. 65629. 63925.]
Task is 23.00% complete.
t1_sim:[66095. 65931. 64961.] t2_sim:[61954. 61536. 62211.]
Task is 24.00% complete.
t1_sim:[62612. 62646. 64860.] t2_sim:[64977. 64565. 67753.]
Task is 25.00% complete.
t1_sim:[64288. 64280. 61697.] t2_sim:[61309. 61268. 66318.]
Task is 26.00% complete.
t1_sim:[59461. 59193. 56553.] t2_sim:[59752. 59450. 61125.]
Task is 27.00% complete.
t1_sim:[67444. 67280. 67789.] t2_sim:[62256. 62428. 61737.]
Task is 28.00% complete.
t1_sim:[61337. 60966. 60006.] t2_sim:[59636. 59948. 57596.]
Task is 29.00% complete.
t1_sim:[59242. 59086. 62404.] t2_sim:[63299. 62932. 60163.]
Task is 30.00% complete.
t1_sim:[64481. 64365. 60430.] t2_sim:[59994. 60356. 62626.]
Task is 31.00% complete.
t1_sim:[58730. 58797. 65092.] t2_sim:[63858. 63855. 63831.]
Task is 32.00% complete.
t1_sim:[61964. 61687. 63413.] t2_sim:[66032. 65872. 64797.]
Task is 33.00% complete.
t1_sim:[64834. 64971. 63004.] t2_sim:[61258. 61292. 61652.]
Task is 34.00% complete.
t1_sim:[65282. 65373. 64629.] t2_sim:[63480. 63362. 65011.]
Task is 35.00% complete.
t1_sim:[64133. 63932. 61653.] t2_sim:[58092. 58159. 61145.]
Task is 36.00% complete.
t1_sim:[61913. 62194. 59443.] t2_sim:[59123. 58543. 59456.]
Task is 37.00% complete.
t1_sim:[56362. 56227. 57736.] t2_sim:[63700. 64023. 63122.]
Task is 38.00% complete.
t1_sim:[68135. 68222. 68028.] t2_sim:[65755. 65638. 65561.]
Task is 39.00% complete.
t1_sim:[62790. 62622. 62630.] t2_sim:[62658. 62927. 59499.]
Task is 40.00% complete.
t1_sim:[64732. 64875. 64450.] t2_sim:[63685. 63319. 61186.]
Task is 41.00% complete.
t1_sim:[58429. 58483. 61125.] t2_sim:[59156. 59120. 63669.]
Task is 42.00% complete.
t1_sim:[60413. 60079. 58146.] t2_sim:[66273. 65920. 61895.]
Task is 43.00% complete.
t1_sim:[61726. 61825. 62354.] t2_sim:[61242. 61229. 63649.]
Task is 44.00% complete.
t1_sim:[63661. 63562. 64062.] t2_sim:[57637. 58108. 64891.]
Task is 45.00% complete.
t1_sim:[63530. 63382. 61782.] t2_sim:[53606. 53439. 57918.]
Task is 46.00% complete.
t1_sim:[65582. 65478. 69237.] t2_sim:[63004. 62834. 61331.]
Task is 47.00% complete.
t1_sim:[68016. 67658. 67716.] t2_sim:[56643. 56996. 62079.]
Task is 48.00% complete.
t1_sim:[66929. 67168. 63272.] t2_sim:[62645. 62635. 59000.]
Task is 49.00% complete.
t1_sim:[63378. 63269. 59595.] t2_sim:[64645. 64721. 69067.]
Task is 50.00% complete.
t1_sim:[66003. 66082. 65382.] t2_sim:[65652. 65352. 60952.]
Task is 51.00% complete.
t1_sim:[63605. 63472. 61088.] t2_sim:[70412. 70856. 67906.]
Task is 52.00% complete.
t1_sim:[59429. 59329. 61609.] t2_sim:[60285. 60302. 59035.]
Task is 53.00% complete.
t1_sim:[62685. 62679. 66735.] t2_sim:[63559. 63439. 62358.]
Task is 54.00% complete.
t1_sim:[65042. 65039. 65759.] t2_sim:[63358. 63216. 63884.]
Task is 55.00% complete.
t1_sim:[62651. 62569. 62755.] t2_sim:[64084. 63960. 63023.]
Task is 56.00% complete.
t1_sim:[59321. 59254. 59348.] t2_sim:[62908. 62942. 59778.]
Task is 57.00% complete.
t1_sim:[62065. 62163. 61182.] t2_sim:[61255. 61132. 64332.]
Task is 58.00% complete.
t1_sim:[64082. 64137. 65363.] t2_sim:[65831. 65378. 66751.]
Task is 59.00% complete.
t1_sim:[66242. 66086. 62703.] t2_sim:[65431. 65034. 64617.]
Task is 60.00% complete.
t1_sim:[60775. 60570. 61604.] t2_sim:[63611. 63945. 67201.]
Task is 61.00% complete.
t1_sim:[65883. 66039. 64083.] t2_sim:[61049. 60990. 60754.]
Task is 62.00% complete.
t1_sim:[63362. 63088. 64302.] t2_sim:[66455. 66427. 62011.]
Task is 63.00% complete.
t1_sim:[65152. 65505. 68790.] t2_sim:[63722. 63571. 60166.]
Task is 64.00% complete.
t1_sim:[66618. 66634. 65801.] t2_sim:[58577. 58516. 57607.]
Task is 65.00% complete.
t1_sim:[60527. 60641. 64792.] t2_sim:[62362. 62431. 57530.]
Task is 66.00% complete.
t1_sim:[60658. 61041. 62939.] t2_sim:[64134. 63760. 62598.]
Task is 67.00% complete.
t1_sim:[59964. 60156. 60352.] t2_sim:[63878. 63775. 66131.]
Task is 68.00% complete.
t1_sim:[57723. 57261. 57776.] t2_sim:[63017. 63073. 64124.]
Task is 69.00% complete.
t1_sim:[62383. 62743. 59509.] t2_sim:[62862. 62904. 65722.]
Task is 70.00% complete.
t1_sim:[66054. 66021. 68373.] t2_sim:[64490. 64275. 64156.]
Task is 71.00% complete.
t1_sim:[62398. 62873. 62070.] t2_sim:[67636. 67386. 69182.]
Task is 72.00% complete.
t1_sim:[66986. 67389. 65434.] t2_sim:[54873. 54649. 56627.]
Task is 73.00% complete.
t1_sim:[63788. 63848. 63680.] t2_sim:[62839. 63130. 61028.]
Task is 74.00% complete.
t1_sim:[60534. 60543. 59840.] t2_sim:[62980. 62595. 64220.]
Task is 75.00% complete.
t1_sim:[63097. 63198. 62826.] t2_sim:[56522. 56283. 59558.]
Task is 76.00% complete.
t1_sim:[62071. 61685. 60677.] t2_sim:[61668. 61753. 62971.]
Task is 77.00% complete.
t1_sim:[64245. 64192. 63910.] t2_sim:[62820. 62542. 62760.]
Task is 78.00% complete.
t1_sim:[62929. 63367. 60567.] t2_sim:[65450. 65123. 62674.]
Task is 79.00% complete.
t1_sim:[64818. 64814. 65573.] t2_sim:[64053. 64578. 62611.]
Task is 80.00% complete.
t1_sim:[63400. 63495. 67481.] t2_sim:[63076. 62703. 59892.]
Task is 81.00% complete.
t1_sim:[62316. 62539. 63188.] t2_sim:[65349. 65444. 68481.]
Task is 82.00% complete.
t1_sim:[58762. 58719. 62955.] t2_sim:[68087. 68276. 67970.]
Task is 83.00% complete.
t1_sim:[60537. 60185. 59800.] t2_sim:[65056. 64897. 64453.]
Task is 84.00% complete.
t1_sim:[63050. 63143. 64048.] t2_sim:[67507. 67516. 69368.]
Task is 85.00% complete.
t1_sim:[66337. 66156. 66588.] t2_sim:[61881. 62080. 63918.]
Task is 86.00% complete.
t1_sim:[63887. 64243. 62783.] t2_sim:[61723. 61534. 61729.]
Task is 87.00% complete.
t1_sim:[60624. 60783. 59557.] t2_sim:[67423. 67539. 66830.]
Task is 88.00% complete.
t1_sim:[62338. 62163. 61472.] t2_sim:[62907. 62828. 63716.]
Task is 89.00% complete.
t1_sim:[63769. 64041. 64003.] t2_sim:[63315. 63635. 62668.]
Task is 90.00% complete.
t1_sim:[62106. 61999. 64358.] t2_sim:[61441. 61444. 61245.]
Task is 91.00% complete.
t1_sim:[62997. 62796. 64269.] t2_sim:[60545. 60459. 66305.]
Task is 92.00% complete.
t1_sim:[61126. 61124. 62624.] t2_sim:[65528. 65739. 64944.]
Task is 93.00% complete.
t1_sim:[69128. 68883. 66232.] t2_sim:[60886. 60772. 62441.]
Task is 94.00% complete.
t1_sim:[57941. 57936. 59831.] t2_sim:[58531. 58389. 58591.]
Task is 95.00% complete.
t1_sim:[61967. 61636. 58530.] t2_sim:[64766. 64865. 63786.]
Task is 96.00% complete.
t1_sim:[70806. 70343. 67550.] t2_sim:[61652. 61693. 63076.]
Task is 97.00% complete.
t1_sim:[60940. 61032. 60212.] t2_sim:[60171. 59889. 60388.]
Task is 98.00% complete.
t1_sim:[59816. 59540. 62741.] t2_sim:[63301. 63023. 63482.]
Task is 99.00% complete.
t1_sim:[69064. 68950. 64202.] t2_sim:[61464. 61358. 61273.]
Training start
t1_obs:[array(66747.), array(66869.), array(67144.)] t2_obs:[array(63294.), array(63007.), array(63981.)]
corr_G1:[None, None, 0.9843835851900146] corr_G2:[None, None, 0.9961139037071344]
Training end
Task is 0.00% complete.
t1_sim:[57769. 57779. 59550.] t2_sim:[61002. 61059. 63616.]
Task is 1.00% complete.
t1_sim:[60595. 60319. 59286.] t2_sim:[60143. 60189. 59589.]
Task is 2.00% complete.
t1_sim:[60327. 60325. 60414.] t2_sim:[67415. 67675. 69048.]
Task is 3.00% complete.
t1_sim:[66165. 66264. 65294.] t2_sim:[60600. 60788. 60759.]
Task is 4.00% complete.
t1_sim:[59278. 59267. 59172.] t2_sim:[64623. 64441. 63716.]
Task is 5.00% complete.
t1_sim:[63530. 62913. 63382.] t2_sim:[59511. 59060. 58154.]
Task is 6.00% complete.
t1_sim:[61451. 61672. 63545.] t2_sim:[64582. 64619. 63998.]
Task is 7.00% complete.
t1_sim:[62978. 62797. 61332.] t2_sim:[66347. 66411. 66110.]
Task is 8.00% complete.
t1_sim:[63582. 63214. 61643.] t2_sim:[58755. 58995. 59769.]
Task is 9.00% complete.
t1_sim:[58629. 58225. 60475.] t2_sim:[66755. 66624. 65598.]
Task is 10.00% complete.
t1_sim:[60628. 60901. 62579.] t2_sim:[66705. 66514. 66865.]
Task is 11.00% complete.
t1_sim:[61300. 61259. 59238.] t2_sim:[62574. 62187. 58672.]
Task is 12.00% complete.
t1_sim:[56627. 56196. 56111.] t2_sim:[60501. 60703. 59047.]
Task is 13.00% complete.
t1_sim:[64056. 63973. 65276.] t2_sim:[60684. 60905. 62286.]
Task is 14.00% complete.
t1_sim:[67023. 67274. 68564.] t2_sim:[63592. 63837. 62798.]
Task is 15.00% complete.
t1_sim:[61420. 61552. 62516.] t2_sim:[57984. 57856. 60169.]
Task is 16.00% complete.
t1_sim:[63388. 63304. 62651.] t2_sim:[61593. 61164. 59202.]
Task is 17.00% complete.
t1_sim:[60420. 60515. 60599.] t2_sim:[60366. 60389. 61080.]
Task is 18.00% complete.
t1_sim:[64504. 64667. 65350.] t2_sim:[64036. 63913. 63495.]
Task is 19.00% complete.
t1_sim:[56210. 56268. 56258.] t2_sim:[66736. 66965. 66223.]
Task is 20.00% complete.
t1_sim:[61336. 61330. 61226.] t2_sim:[62350. 62379. 65280.]
Task is 21.00% complete.
t1_sim:[66353. 65982. 65512.] t2_sim:[59101. 59433. 58789.]
Task is 22.00% complete.
t1_sim:[63883. 64207. 63011.] t2_sim:[57094. 57189. 56426.]
Task is 23.00% complete.
t1_sim:[57233. 57308. 56357.] t2_sim:[58893. 59150. 58623.]
Task is 24.00% complete.
t1_sim:[60738. 61046. 59864.] t2_sim:[60590. 60209. 62679.]
Task is 25.00% complete.
t1_sim:[58217. 58229. 59824.] t2_sim:[59819. 59521. 59397.]
Task is 26.00% complete.
t1_sim:[64640. 64535. 66287.] t2_sim:[59641. 59750. 58812.]
Task is 27.00% complete.
t1_sim:[58729. 58804. 59402.] t2_sim:[69778. 69673. 68740.]
Task is 28.00% complete.
t1_sim:[60639. 60321. 58471.] t2_sim:[64244. 64739. 64928.]
Task is 29.00% complete.
t1_sim:[64626. 64977. 64067.] t2_sim:[60080. 60253. 60380.]
Task is 30.00% complete.
t1_sim:[57796. 57821. 58816.] t2_sim:[61854. 61514. 61524.]
Task is 31.00% complete.
t1_sim:[62681. 62595. 61507.] t2_sim:[62288. 62181. 63302.]
Task is 32.00% complete.
t1_sim:[68103. 68048. 63980.] t2_sim:[58261. 57762. 57926.]
Task is 33.00% complete.
t1_sim:[64937. 64640. 65619.] t2_sim:[62199. 62398. 61718.]
Task is 34.00% complete.
t1_sim:[67045. 67428. 65764.] t2_sim:[58100. 57832. 58929.]
Task is 35.00% complete.
t1_sim:[60061. 60141. 59364.] t2_sim:[64945. 64620. 64354.]
Task is 36.00% complete.
t1_sim:[67180. 67114. 66875.] t2_sim:[67773. 67543. 66806.]
Task is 37.00% complete.
t1_sim:[64204. 64504. 64799.] t2_sim:[60094. 59772. 59726.]
Task is 38.00% complete.
t1_sim:[63270. 63082. 60658.] t2_sim:[69648. 69868. 70714.]
Task is 39.00% complete.
t1_sim:[58823. 58784. 56305.] t2_sim:[60901. 60777. 61001.]
Task is 40.00% complete.
t1_sim:[63380. 63299. 61789.] t2_sim:[65906. 65589. 62499.]
Task is 41.00% complete.
t1_sim:[62599. 62838. 61182.] t2_sim:[61877. 62167. 61147.]
Task is 42.00% complete.
t1_sim:[61639. 61405. 61323.] t2_sim:[60864. 60724. 60506.]
Task is 43.00% complete.
t1_sim:[65933. 65513. 67304.] t2_sim:[60584. 60591. 62125.]
Task is 44.00% complete.
t1_sim:[60429. 60455. 60159.] t2_sim:[65937. 65441. 64969.]
Task is 45.00% complete.
t1_sim:[60348. 60117. 60649.] t2_sim:[66765. 66711. 68087.]
Task is 46.00% complete.
t1_sim:[65324. 65518. 65510.] t2_sim:[60502. 60652. 61613.]
Task is 47.00% complete.
t1_sim:[61786. 61686. 60633.] t2_sim:[63034. 63036. 62859.]
Task is 48.00% complete.
t1_sim:[62457. 62890. 63318.] t2_sim:[67375. 67912. 66684.]
Task is 49.00% complete.
t1_sim:[63794. 63924. 63618.] t2_sim:[61000. 60575. 61964.]
Task is 50.00% complete.
t1_sim:[60694. 60873. 62059.] t2_sim:[60396. 60865. 61945.]
Task is 51.00% complete.
t1_sim:[67217. 67170. 67563.] t2_sim:[62843. 62384. 61740.]
Task is 52.00% complete.
t1_sim:[61042. 61177. 61159.] t2_sim:[63427. 63336. 63577.]
Task is 53.00% complete.
t1_sim:[63879. 64061. 66341.] t2_sim:[58814. 58696. 59497.]
Task is 54.00% complete.
t1_sim:[65915. 65715. 64910.] t2_sim:[64936. 64695. 63432.]
Task is 55.00% complete.
t1_sim:[63937. 63711. 61085.] t2_sim:[62262. 62035. 62257.]
Task is 56.00% complete.
t1_sim:[64655. 64660. 65681.] t2_sim:[63038. 62842. 61800.]
Task is 57.00% complete.
t1_sim:[64472. 64709. 62615.] t2_sim:[67550. 68017. 67094.]
Task is 58.00% complete.
t1_sim:[58631. 58716. 57499.] t2_sim:[66456. 66245. 65217.]
Task is 59.00% complete.
t1_sim:[65208. 65145. 63651.] t2_sim:[69526. 69645. 67754.]
Task is 60.00% complete.
t1_sim:[62724. 63072. 64325.] t2_sim:[67446. 67095. 65779.]
Task is 61.00% complete.
t1_sim:[60184. 60313. 61389.] t2_sim:[60400. 60007. 62431.]
Task is 62.00% complete.
t1_sim:[60148. 60304. 61662.] t2_sim:[59866. 59935. 60271.]
Task is 63.00% complete.
t1_sim:[64600. 64689. 63961.] t2_sim:[62818. 62956. 65351.]
Task is 64.00% complete.
t1_sim:[65481. 65642. 65118.] t2_sim:[64401. 65030. 64733.]
Task is 65.00% complete.
t1_sim:[62062. 62222. 62232.] t2_sim:[62692. 62460. 63013.]
Task is 66.00% complete.
t1_sim:[64711. 65226. 65485.] t2_sim:[65677. 65473. 63046.]
Task is 67.00% complete.
t1_sim:[61419. 61579. 62594.] t2_sim:[66915. 66741. 67871.]
Task is 68.00% complete.
t1_sim:[60544. 60527. 60234.] t2_sim:[59324. 59120. 59050.]
Task is 69.00% complete.
t1_sim:[67135. 66811. 64972.] t2_sim:[69353. 68993. 70178.]
Task is 70.00% complete.
t1_sim:[61383. 61659. 62146.] t2_sim:[64759. 64526. 64483.]
Task is 71.00% complete.
t1_sim:[62066. 61931. 61040.] t2_sim:[59597. 59563. 61852.]
Task is 72.00% complete.
t1_sim:[62277. 62002. 60552.] t2_sim:[58494. 58651. 57903.]
Task is 73.00% complete.
t1_sim:[63924. 64205. 64251.] t2_sim:[57684. 57384. 55020.]
Task is 74.00% complete.
t1_sim:[71753. 71617. 71687.] t2_sim:[66488. 66245. 66330.]
Task is 75.00% complete.
t1_sim:[62609. 62380. 61105.] t2_sim:[67385. 67095. 68156.]
Task is 76.00% complete.
t1_sim:[59651. 59481. 63063.] t2_sim:[57329. 57378. 56899.]
Task is 77.00% complete.
t1_sim:[66339. 66110. 65443.] t2_sim:[63651. 63610. 65223.]
Task is 78.00% complete.
t1_sim:[61496. 61706. 63535.] t2_sim:[66683. 67023. 68751.]
Task is 79.00% complete.
t1_sim:[62600. 62822. 64541.] t2_sim:[66201. 65923. 65679.]
Task is 80.00% complete.
t1_sim:[57161. 57267. 56054.] t2_sim:[64100. 63750. 63395.]
Task is 81.00% complete.
t1_sim:[63145. 63023. 63490.] t2_sim:[64298. 64695. 63589.]
Task is 82.00% complete.
t1_sim:[63077. 63027. 64409.] t2_sim:[63720. 63521. 63684.]
Task is 83.00% complete.
t1_sim:[66991. 67189. 67369.] t2_sim:[69895. 69907. 69645.]
Task is 84.00% complete.
t1_sim:[64013. 64332. 64705.] t2_sim:[64346. 64379. 63297.]
Task is 85.00% complete.
t1_sim:[60628. 60625. 62073.] t2_sim:[57952. 57911. 58293.]
Task is 86.00% complete.
t1_sim:[65897. 66289. 65665.] t2_sim:[68549. 68317. 67876.]
Task is 87.00% complete.
t1_sim:[60904. 60638. 58960.] t2_sim:[60838. 61212. 60105.]
Task is 88.00% complete.
t1_sim:[62486. 62288. 63769.] t2_sim:[66043. 66084. 65550.]
Task is 89.00% complete.
t1_sim:[61628. 61292. 60163.] t2_sim:[63062. 62749. 63273.]
Task is 90.00% complete.
t1_sim:[61786. 61864. 62292.] t2_sim:[58563. 58643. 58320.]
Task is 91.00% complete.
t1_sim:[61211. 60998. 64081.] t2_sim:[63159. 63461. 63043.]
Task is 92.00% complete.
t1_sim:[63649. 63595. 63568.] t2_sim:[56662. 56424. 57851.]
Task is 93.00% complete.
t1_sim:[61147. 60935. 59245.] t2_sim:[58256. 57843. 58834.]
Task is 94.00% complete.
t1_sim:[60250. 60618. 61611.] t2_sim:[58946. 59410. 58651.]
Task is 95.00% complete.
t1_sim:[61690. 61540. 64041.] t2_sim:[62326. 62346. 62643.]
Task is 96.00% complete.
t1_sim:[61184. 60956. 60146.] t2_sim:[65447. 65635. 65342.]
Task is 97.00% complete.
t1_sim:[63958. 63814. 66313.] t2_sim:[68231. 67856. 67130.]
Task is 98.00% complete.
t1_sim:[65210. 65174. 67197.] t2_sim:[70306. 70278. 69258.]
Task is 99.00% complete.
t1_sim:[59405. 59321. 59312.] t2_sim:[65352. 65402. 65442.]
Training start
t1_obs:[array(66747.), array(66869.), array(68040.)] t2_obs:[array(63294.), array(63007.), array(63985.)]
corr_G1:[None, None, 0.06895903189791776] corr_G2:[None, None, 0.11493435213569946]
Training end
Task is 0.00% complete.
t1_sim:[65126. 65146. 64712.] t2_sim:[63750. 63408. 62818.]
Task is 1.00% complete.
t1_sim:[60974. 60828. 58385.] t2_sim:[55653. 55369. 54503.]
Task is 2.00% complete.
t1_sim:[61922. 62214. 64696.] t2_sim:[61322. 61266. 62109.]
Task is 3.00% complete.
t1_sim:[58086. 58213. 57874.] t2_sim:[61782. 61560. 61083.]
Task is 4.00% complete.
t1_sim:[65606. 65564. 65900.] t2_sim:[64827. 64606. 66647.]
Task is 5.00% complete.
t1_sim:[60218. 60448. 59968.] t2_sim:[59052. 59327. 58256.]
Task is 6.00% complete.
t1_sim:[65085. 65203. 65842.] t2_sim:[58721. 58826. 60864.]
Task is 7.00% complete.
t1_sim:[60454. 60458. 59703.] t2_sim:[64584. 64259. 65629.]
Task is 8.00% complete.
t1_sim:[64691. 64864. 64409.] t2_sim:[64727. 64540. 64649.]
Task is 9.00% complete.
t1_sim:[59917. 59652. 62432.] t2_sim:[68556. 68276. 66504.]
Task is 10.00% complete.
t1_sim:[64596. 64678. 63043.] t2_sim:[65008. 65277. 62961.]
Task is 11.00% complete.
t1_sim:[58345. 58534. 59290.] t2_sim:[58078. 58063. 57608.]
Task is 12.00% complete.
t1_sim:[61901. 61986. 60106.] t2_sim:[62307. 62524. 62307.]
Task is 13.00% complete.
t1_sim:[60059. 60270. 61874.] t2_sim:[63625. 63591. 64555.]
Task is 14.00% complete.
t1_sim:[59814. 59730. 63427.] t2_sim:[51665. 51727. 53622.]
Task is 15.00% complete.
t1_sim:[63097. 63080. 63653.] t2_sim:[66070. 66269. 66379.]
Task is 16.00% complete.
t1_sim:[58039. 58220. 59297.] t2_sim:[63557. 63679. 64635.]
Task is 17.00% complete.
t1_sim:[61019. 61240. 60759.] t2_sim:[64089. 63924. 63165.]
Task is 18.00% complete.
t1_sim:[59920. 60184. 60144.] t2_sim:[67414. 67184. 65162.]
Task is 19.00% complete.
t1_sim:[62922. 62958. 61391.] t2_sim:[62167. 62208. 63608.]
Task is 20.00% complete.
t1_sim:[66901. 67125. 67324.] t2_sim:[68150. 68277. 68141.]
Task is 21.00% complete.
t1_sim:[63650. 63555. 60294.] t2_sim:[65422. 65753. 65370.]
Task is 22.00% complete.
t1_sim:[64364. 64390. 66399.] t2_sim:[62731. 62201. 63395.]
Task is 23.00% complete.
t1_sim:[63292. 63294. 65061.] t2_sim:[63600. 63757. 63533.]
Task is 24.00% complete.
t1_sim:[58537. 58479. 59388.] t2_sim:[55838. 56036. 57776.]
Task is 25.00% complete.
t1_sim:[65062. 64910. 66220.] t2_sim:[59307. 59100. 59777.]
Task is 26.00% complete.
t1_sim:[64484. 64492. 63185.] t2_sim:[57039. 57390. 58220.]
Task is 27.00% complete.
t1_sim:[61377. 61678. 65463.] t2_sim:[60624. 60532. 61868.]
Task is 28.00% complete.
t1_sim:[61575. 61894. 61998.] t2_sim:[60791. 61395. 63366.]
Task is 29.00% complete.
t1_sim:[67966. 67662. 68351.] t2_sim:[63204. 62986. 62595.]
Task is 30.00% complete.
t1_sim:[64561. 64494. 61450.] t2_sim:[61419. 61363. 61564.]
Task is 31.00% complete.
t1_sim:[65149. 65380. 63400.] t2_sim:[63726. 63700. 62792.]
Task is 32.00% complete.
t1_sim:[61913. 61511. 61520.] t2_sim:[60652. 60754. 61950.]
Task is 33.00% complete.
t1_sim:[59784. 59803. 58661.] t2_sim:[60568. 60552. 61120.]
Task is 34.00% complete.
t1_sim:[64033. 64438. 65892.] t2_sim:[63535. 63298. 60372.]
Task is 35.00% complete.
t1_sim:[65646. 65376. 64372.] t2_sim:[62412. 62297. 61704.]
Task is 36.00% complete.
t1_sim:[60101. 59927. 62853.] t2_sim:[66043. 66138. 67383.]
Task is 37.00% complete.
t1_sim:[61506. 61688. 61175.] t2_sim:[59927. 59532. 57350.]
Task is 38.00% complete.
t1_sim:[67035. 67061. 66927.] t2_sim:[66717. 66726. 63137.]
Task is 39.00% complete.
t1_sim:[63205. 63438. 63261.] t2_sim:[65973. 65876. 64140.]
Task is 40.00% complete.
t1_sim:[64994. 65026. 65206.] t2_sim:[65192. 65431. 67783.]
Task is 41.00% complete.
t1_sim:[59241. 59468. 62178.] t2_sim:[66298. 65876. 64364.]
Task is 42.00% complete.
t1_sim:[64001. 64011. 63100.] t2_sim:[61421. 61293. 58241.]
Task is 43.00% complete.
t1_sim:[61125. 60728. 61566.] t2_sim:[66307. 66113. 65085.]
Task is 44.00% complete.
t1_sim:[64628. 64527. 65032.] t2_sim:[57139. 56991. 60066.]
Task is 45.00% complete.
t1_sim:[59565. 59575. 59638.] t2_sim:[64967. 65324. 68814.]
Task is 46.00% complete.
t1_sim:[57978. 57765. 59154.] t2_sim:[61730. 61776. 61133.]
Task is 47.00% complete.
t1_sim:[65285. 65453. 66282.] t2_sim:[61243. 61379. 61663.]
Task is 48.00% complete.
t1_sim:[62713. 62377. 61171.] t2_sim:[60872. 60930. 62092.]
Task is 49.00% complete.
t1_sim:[62391. 62139. 62584.] t2_sim:[66619. 66565. 66259.]
Task is 50.00% complete.
t1_sim:[65737. 65494. 63217.] t2_sim:[64804. 64988. 63846.]
Task is 51.00% complete.
t1_sim:[61971. 62095. 60262.] t2_sim:[67137. 67101. 67658.]
Task is 52.00% complete.
t1_sim:[62282. 62439. 63185.] t2_sim:[61607. 61970. 62703.]
Task is 53.00% complete.
t1_sim:[67265. 67216. 68629.] t2_sim:[65171. 65027. 61461.]
Task is 54.00% complete.
t1_sim:[62987. 62669. 60701.] t2_sim:[69566. 69655. 69382.]
Task is 55.00% complete.
t1_sim:[63388. 63336. 62422.] t2_sim:[57371. 57403. 56682.]
Task is 56.00% complete.
t1_sim:[62040. 62215. 61919.] t2_sim:[61632. 61241. 59578.]
Task is 57.00% complete.
t1_sim:[60752. 60556. 60204.] t2_sim:[63396. 63103. 62613.]
Task is 58.00% complete.
t1_sim:[54971. 55218. 56897.] t2_sim:[62262. 62765. 63592.]
Task is 59.00% complete.
t1_sim:[67536. 67739. 66302.] t2_sim:[65507. 65466. 66033.]
Task is 60.00% complete.
t1_sim:[61746. 61865. 62238.] t2_sim:[58899. 58660. 59558.]
Task is 61.00% complete.
t1_sim:[65598. 65818. 67565.] t2_sim:[66312. 66346. 65669.]
Task is 62.00% complete.
t1_sim:[66822. 66643. 64860.] t2_sim:[66682. 66292. 64440.]
Task is 63.00% complete.
t1_sim:[67158. 66826. 65238.] t2_sim:[59882. 59604. 60019.]
Task is 64.00% complete.
t1_sim:[61253. 60958. 60306.] t2_sim:[61468. 61540. 59311.]
Task is 65.00% complete.
t1_sim:[62751. 63059. 60536.] t2_sim:[60727. 60605. 58333.]
Task is 66.00% complete.
t1_sim:[63978. 63958. 62767.] t2_sim:[62310. 62605. 62121.]
Task is 67.00% complete.
t1_sim:[63465. 63435. 63554.] t2_sim:[59339. 59142. 59579.]
Task is 68.00% complete.
t1_sim:[60763. 60707. 59077.] t2_sim:[68677. 68824. 68185.]
Task is 69.00% complete.
t1_sim:[65724. 65769. 63655.] t2_sim:[60573. 60731. 62254.]
Task is 70.00% complete.
t1_sim:[64542. 64664. 63507.] t2_sim:[63653. 63523. 63352.]
Task is 71.00% complete.
t1_sim:[63448. 62962. 63156.] t2_sim:[66246. 66096. 66100.]
Task is 72.00% complete.
t1_sim:[58600. 58572. 59533.] t2_sim:[60259. 60597. 61344.]
Task is 73.00% complete.
t1_sim:[65756. 65919. 64875.] t2_sim:[59105. 58889. 60529.]
Task is 74.00% complete.
t1_sim:[62685. 62678. 62882.] t2_sim:[65724. 65685. 64521.]
Task is 75.00% complete.
t1_sim:[66168. 66193. 64084.] t2_sim:[53796. 54259. 55364.]
Task is 76.00% complete.
t1_sim:[62577. 62422. 63014.] t2_sim:[67139. 67292. 67071.]
Task is 77.00% complete.
t1_sim:[68728. 68644. 68914.] t2_sim:[61967. 61995. 59943.]
Task is 78.00% complete.
t1_sim:[59929. 59776. 61944.] t2_sim:[64945. 64904. 67393.]
Task is 79.00% complete.
t1_sim:[62028. 62438. 62352.] t2_sim:[61719. 61384. 63361.]
Task is 80.00% complete.
t1_sim:[66278. 65915. 65448.] t2_sim:[62138. 62319. 62798.]
Task is 81.00% complete.
t1_sim:[58331. 58739. 58741.] t2_sim:[57989. 58313. 59885.]
Task is 82.00% complete.
t1_sim:[59996. 59420. 60483.] t2_sim:[66034. 65852. 67634.]
Task is 83.00% complete.
t1_sim:[67690. 67486. 64598.] t2_sim:[62053. 61847. 62536.]
Task is 84.00% complete.
t1_sim:[61609. 61630. 63714.] t2_sim:[58389. 58426. 57998.]
Task is 85.00% complete.
t1_sim:[59121. 59185. 56665.] t2_sim:[59648. 59575. 59053.]
Task is 86.00% complete.
t1_sim:[64668. 64762. 64275.] t2_sim:[58956. 58860. 62577.]
Task is 87.00% complete.
t1_sim:[62650. 62449. 62104.] t2_sim:[64415. 64541. 66434.]
Task is 88.00% complete.
t1_sim:[65054. 65384. 65397.] t2_sim:[59275. 59238. 57897.]
Task is 89.00% complete.
t1_sim:[71455. 71779. 69839.] t2_sim:[59071. 59077. 59113.]
Task is 90.00% complete.
t1_sim:[63251. 63013. 60503.] t2_sim:[65191. 64976. 61883.]
Task is 91.00% complete.
t1_sim:[59562. 59338. 60548.] t2_sim:[58992. 59129. 59012.]
Task is 92.00% complete.
t1_sim:[65584. 65473. 66506.] t2_sim:[57749. 57340. 55314.]
Task is 93.00% complete.
t1_sim:[63320. 63493. 62908.] t2_sim:[65436. 65713. 63537.]
Task is 94.00% complete.
t1_sim:[64502. 64702. 64633.] t2_sim:[70788. 71015. 66920.]
Task is 95.00% complete.
t1_sim:[62816. 62999. 63043.] t2_sim:[63387. 63366. 63007.]
Task is 96.00% complete.
t1_sim:[69506. 69277. 68460.] t2_sim:[66323. 65993. 67260.]
Task is 97.00% complete.
t1_sim:[62132. 61819. 62032.] t2_sim:[63135. 63321. 64956.]
Task is 98.00% complete.
t1_sim:[59924. 59902. 58023.] t2_sim:[65112. 65330. 62660.]
Task is 99.00% complete.
t1_sim:[61842. 61610. 61170.] t2_sim:[57295. 57064. 54199.]
Finished
