Begin
Training start
t1_obs:[array(62153.), array(62296.), array(61873.)] t2_obs:[array(64573.), array(64528.), array(62444.)]
corr_G1:[None, None, -9.120700529395916e-17] corr_G2:[None, None, 0]
Training end
Task is 0.00% complete.
t1_sim:[65974. 65770. 66378.] t2_sim:[61509. 61572. 61016.]
Task is 1.00% complete.
t1_sim:[60393. 60166. 59244.] t2_sim:[65387. 65515. 63974.]
Task is 2.00% complete.
t1_sim:[63669. 63748. 61669.] t2_sim:[55944. 56065. 59385.]
Task is 3.00% complete.
t1_sim:[59116. 59283. 60080.] t2_sim:[67939. 67995. 68258.]
Task is 4.00% complete.
t1_sim:[62168. 62403. 61209.] t2_sim:[66482. 66575. 67948.]
Task is 5.00% complete.
t1_sim:[58958. 59195. 56520.] t2_sim:[63295. 63310. 66562.]
Task is 6.00% complete.
t1_sim:[60355. 60246. 62945.] t2_sim:[58702. 58710. 62164.]
Task is 7.00% complete.
t1_sim:[63331. 63424. 63796.] t2_sim:[57580. 57612. 57781.]
Task is 8.00% complete.
t1_sim:[60070. 59836. 58057.] t2_sim:[62624. 62665. 63354.]
Task is 9.00% complete.
t1_sim:[53752. 53583. 56092.] t2_sim:[62542. 62769. 63596.]
Task is 10.00% complete.
t1_sim:[65518. 64984. 63262.] t2_sim:[68648. 68921. 66675.]
Task is 11.00% complete.
t1_sim:[63610. 63714. 61498.] t2_sim:[59596. 59442. 59285.]
Task is 12.00% complete.
t1_sim:[62417. 61945. 60671.] t2_sim:[61646. 61429. 62382.]
Task is 13.00% complete.
t1_sim:[63615. 63383. 64721.] t2_sim:[64511. 64152. 62202.]
Task is 14.00% complete.
t1_sim:[63239. 63083. 59475.] t2_sim:[62588. 62853. 64602.]
Task is 15.00% complete.
t1_sim:[60409. 60390. 61876.] t2_sim:[57728. 57965. 62159.]
Task is 16.00% complete.
t1_sim:[61262. 61345. 62061.] t2_sim:[64031. 63957. 63479.]
Task is 17.00% complete.
t1_sim:[66279. 66289. 67584.] t2_sim:[63774. 63735. 62136.]
Task is 18.00% complete.
t1_sim:[65004. 64754. 64684.] t2_sim:[65292. 65266. 65864.]
Task is 19.00% complete.
t1_sim:[62416. 62382. 64458.] t2_sim:[64746. 64952. 64112.]
Task is 20.00% complete.
t1_sim:[67046. 67019. 65525.] t2_sim:[67208. 67409. 65615.]
Task is 21.00% complete.
t1_sim:[64285. 64138. 63853.] t2_sim:[67570. 67429. 65394.]
Task is 22.00% complete.
t1_sim:[66231. 66351. 65463.] t2_sim:[60912. 61100. 58307.]
Task is 23.00% complete.
t1_sim:[67416. 66991. 64098.] t2_sim:[59749. 59836. 61358.]
Task is 24.00% complete.
t1_sim:[60997. 61198. 60897.] t2_sim:[62188. 62455. 63974.]
Task is 25.00% complete.
t1_sim:[59835. 60045. 61095.] t2_sim:[62277. 62077. 61931.]
Task is 26.00% complete.
t1_sim:[65598. 65618. 65968.] t2_sim:[60220. 60561. 58855.]
Task is 27.00% complete.
t1_sim:[66543. 66966. 63558.] t2_sim:[62356. 62257. 64143.]
Task is 28.00% complete.
t1_sim:[64074. 64392. 63915.] t2_sim:[65305. 64924. 65142.]
Task is 29.00% complete.
t1_sim:[64608. 64581. 63313.] t2_sim:[59506. 59295. 61239.]
Task is 30.00% complete.
t1_sim:[57432. 57700. 59522.] t2_sim:[60171. 60049. 61462.]
Task is 31.00% complete.
t1_sim:[58542. 58533. 59590.] t2_sim:[59529. 59248. 59579.]
Task is 32.00% complete.
t1_sim:[62269. 61903. 60145.] t2_sim:[59480. 59464. 59779.]
Task is 33.00% complete.
t1_sim:[64934. 65479. 66031.] t2_sim:[67063. 67049. 68220.]
Task is 34.00% complete.
t1_sim:[60380. 59873. 63062.] t2_sim:[60481. 60799. 62057.]
Task is 35.00% complete.
t1_sim:[62326. 62248. 63350.] t2_sim:[59186. 58903. 60315.]
Task is 36.00% complete.
t1_sim:[67351. 67460. 63761.] t2_sim:[65068. 65391. 67711.]
Task is 37.00% complete.
t1_sim:[66759. 66901. 66263.] t2_sim:[62242. 62594. 58663.]
Task is 38.00% complete.
t1_sim:[60198. 60341. 63038.] t2_sim:[64369. 63985. 62674.]
Task is 39.00% complete.
t1_sim:[64500. 64346. 66507.] t2_sim:[64050. 63771. 61069.]
Task is 40.00% complete.
t1_sim:[63190. 63242. 60459.] t2_sim:[63603. 63652. 66024.]
Task is 41.00% complete.
t1_sim:[64977. 65118. 62353.] t2_sim:[61498. 61104. 60032.]
Task is 42.00% complete.
t1_sim:[60202. 60227. 61979.] t2_sim:[61793. 61875. 60362.]
Task is 43.00% complete.
t1_sim:[65736. 65631. 68381.] t2_sim:[61235. 61290. 64701.]
Task is 44.00% complete.
t1_sim:[61215. 61068. 58987.] t2_sim:[60320. 60446. 57705.]
Task is 45.00% complete.
t1_sim:[59226. 59020. 57672.] t2_sim:[67236. 67244. 66733.]
Task is 46.00% complete.
t1_sim:[56580. 56511. 53653.] t2_sim:[57907. 57921. 56533.]
Task is 47.00% complete.
t1_sim:[56379. 56286. 57114.] t2_sim:[59219. 59012. 61713.]
Task is 48.00% complete.
t1_sim:[59738. 60282. 57980.] t2_sim:[58091. 58098. 58081.]
Task is 49.00% complete.
t1_sim:[63254. 63268. 62563.] t2_sim:[60472. 60243. 56885.]
Task is 50.00% complete.
t1_sim:[65811. 65534. 64061.] t2_sim:[59943. 59815. 57527.]
Task is 51.00% complete.
t1_sim:[65599. 65493. 62954.] t2_sim:[60889. 60965. 61406.]
Task is 52.00% complete.
t1_sim:[65324. 65172. 60273.] t2_sim:[59908. 59583. 59252.]
Task is 53.00% complete.
t1_sim:[62091. 62318. 63534.] t2_sim:[60148. 60443. 62614.]
Task is 54.00% complete.
t1_sim:[66843. 66566. 68279.] t2_sim:[56765. 56521. 57389.]
Task is 55.00% complete.
t1_sim:[65820. 65287. 66367.] t2_sim:[63455. 63472. 62413.]
Task is 56.00% complete.
t1_sim:[59852. 59548. 60700.] t2_sim:[62782. 63240. 61842.]
Task is 57.00% complete.
t1_sim:[61468. 61433. 65334.] t2_sim:[62919. 63137. 62014.]
Task is 58.00% complete.
t1_sim:[58623. 58822. 60461.] t2_sim:[58950. 58530. 57041.]
Task is 59.00% complete.
t1_sim:[58596. 58671. 59788.] t2_sim:[66134. 66405. 61793.]
Task is 60.00% complete.
t1_sim:[65841. 66310. 65132.] t2_sim:[59361. 59291. 61216.]
Task is 61.00% complete.
t1_sim:[65085. 65498. 65030.] t2_sim:[65737. 65625. 63497.]
Task is 62.00% complete.
t1_sim:[62928. 62516. 62776.] t2_sim:[62809. 62568. 65022.]
Task is 63.00% complete.
t1_sim:[66045. 65662. 66077.] t2_sim:[56950. 57147. 59904.]
Task is 64.00% complete.
t1_sim:[64102. 63945. 64386.] t2_sim:[62608. 62659. 66682.]
Task is 65.00% complete.
t1_sim:[56866. 56698. 58846.] t2_sim:[65536. 65808. 64679.]
Task is 66.00% complete.
t1_sim:[69146. 69273. 70083.] t2_sim:[60309. 60477. 60603.]
Task is 67.00% complete.
t1_sim:[66010. 65893. 63628.] t2_sim:[61153. 60860. 60349.]
Task is 68.00% complete.
t1_sim:[60917. 60463. 61361.] t2_sim:[58869. 59291. 60427.]
Task is 69.00% complete.
t1_sim:[63022. 62931. 63471.] t2_sim:[61527. 61657. 62728.]
Task is 70.00% complete.
t1_sim:[55843. 55777. 57298.] t2_sim:[65919. 65883. 66835.]
Task is 71.00% complete.
t1_sim:[65514. 65536. 64204.] t2_sim:[57577. 57420. 58501.]
Task is 72.00% complete.
t1_sim:[62096. 62162. 64061.] t2_sim:[55823. 55840. 56030.]
Task is 73.00% complete.
t1_sim:[57746. 57496. 60959.] t2_sim:[60407. 60402. 61117.]
Task is 74.00% complete.
t1_sim:[62112. 61950. 60504.] t2_sim:[58856. 59224. 58568.]
Task is 75.00% complete.
t1_sim:[64191. 64399. 66366.] t2_sim:[63742. 63903. 62231.]
Task is 76.00% complete.
t1_sim:[60386. 60585. 61388.] t2_sim:[64275. 64257. 65115.]
Task is 77.00% complete.
t1_sim:[59453. 59362. 59068.] t2_sim:[60687. 60753. 63954.]
Task is 78.00% complete.
t1_sim:[64334. 63942. 67229.] t2_sim:[63279. 62851. 61993.]
Task is 79.00% complete.
t1_sim:[67756. 67572. 65642.] t2_sim:[57300. 57199. 63020.]
Task is 80.00% complete.
t1_sim:[54715. 54702. 56203.] t2_sim:[60683. 60830. 58083.]
Task is 81.00% complete.
t1_sim:[65643. 64878. 62524.] t2_sim:[64195. 63916. 64360.]
Task is 82.00% complete.
t1_sim:[63318. 62836. 60240.] t2_sim:[65705. 65405. 61887.]
Task is 83.00% complete.
t1_sim:[59129. 58949. 60032.] t2_sim:[58534. 58087. 56070.]
Task is 84.00% complete.
t1_sim:[62127. 62185. 64240.] t2_sim:[65427. 65724. 64918.]
Task is 85.00% complete.
t1_sim:[56957. 57019. 57952.] t2_sim:[63531. 63725. 64960.]
Task is 86.00% complete.
t1_sim:[60661. 60475. 58339.] t2_sim:[65028. 65146. 63941.]
Task is 87.00% complete.
t1_sim:[59423. 58868. 58426.] t2_sim:[62860. 63587. 62204.]
Task is 88.00% complete.
t1_sim:[62435. 62158. 60322.] t2_sim:[60450. 60425. 63480.]
Task is 89.00% complete.
t1_sim:[65515. 65262. 61327.] t2_sim:[62903. 63252. 66380.]
Task is 90.00% complete.
t1_sim:[62632. 62487. 61694.] t2_sim:[64348. 64563. 61463.]
Task is 91.00% complete.
t1_sim:[61893. 61925. 57753.] t2_sim:[59347. 59448. 62362.]
Task is 92.00% complete.
t1_sim:[60945. 60893. 60225.] t2_sim:[55792. 56085. 52931.]
Task is 93.00% complete.
t1_sim:[67064. 67255. 65504.] t2_sim:[62823. 62388. 66957.]
Task is 94.00% complete.
t1_sim:[61351. 61300. 65346.] t2_sim:[67183. 67266. 65072.]
Task is 95.00% complete.
t1_sim:[62155. 62166. 66388.] t2_sim:[65274. 64986. 62533.]
Task is 96.00% complete.
t1_sim:[61315. 61117. 65059.] t2_sim:[65342. 65382. 62667.]
Task is 97.00% complete.
t1_sim:[61586. 61796. 62327.] t2_sim:[63817. 63780. 60449.]
Task is 98.00% complete.
t1_sim:[61939. 61862. 63604.] t2_sim:[68048. 68371. 67183.]
Task is 99.00% complete.
t1_sim:[63500. 63585. 62257.] t2_sim:[61531. 61544. 63558.]
Training start
t1_obs:[array(62153.), array(62296.), array(62096.)] t2_obs:[array(64573.), array(64528.), array(62823.)]
corr_G1:[None, None, 0.9941604226986489] corr_G2:[None, None, 0.9928947495321276]
Training end
Task is 0.00% complete.
t1_sim:[59394. 59357. 60575.] t2_sim:[64484. 64885. 64879.]
Task is 1.00% complete.
t1_sim:[66187. 66062. 63468.] t2_sim:[68255. 67942. 67224.]
Task is 2.00% complete.
t1_sim:[67247. 67465. 67582.] t2_sim:[56630. 56938. 56953.]
Task is 3.00% complete.
t1_sim:[63917. 64030. 63187.] t2_sim:[61387. 61749. 60100.]
Task is 4.00% complete.
t1_sim:[59592. 59491. 60490.] t2_sim:[64550. 64697. 62218.]
Task is 5.00% complete.
t1_sim:[61293. 61366. 61143.] t2_sim:[72977. 73139. 73539.]
Task is 6.00% complete.
t1_sim:[66834. 67162. 66912.] t2_sim:[60283. 60389. 63125.]
Task is 7.00% complete.
t1_sim:[66326. 65966. 65031.] t2_sim:[69704. 69838. 68105.]
Task is 8.00% complete.
t1_sim:[64030. 64085. 65272.] t2_sim:[61975. 61714. 61099.]
Task is 9.00% complete.
t1_sim:[59371. 59082. 58556.] t2_sim:[54730. 54459. 56258.]
Task is 10.00% complete.
t1_sim:[62191. 62418. 63116.] t2_sim:[63878. 63595. 62440.]
Task is 11.00% complete.
t1_sim:[61749. 62119. 62644.] t2_sim:[69429. 69474. 69375.]
Task is 12.00% complete.
t1_sim:[64013. 64411. 65172.] t2_sim:[60692. 61246. 60616.]
Task is 13.00% complete.
t1_sim:[62459. 62027. 60540.] t2_sim:[59267. 59244. 58295.]
Task is 14.00% complete.
t1_sim:[61350. 61208. 60879.] t2_sim:[65137. 64936. 62246.]
Task is 15.00% complete.
t1_sim:[65554. 65199. 62238.] t2_sim:[57884. 57927. 58104.]
Task is 16.00% complete.
t1_sim:[59545. 60173. 60412.] t2_sim:[64979. 64908. 63046.]
Task is 17.00% complete.
t1_sim:[69583. 69464. 71101.] t2_sim:[58482. 58447. 56570.]
Task is 18.00% complete.
t1_sim:[58650. 58656. 57272.] t2_sim:[58510. 58145. 58589.]
Task is 19.00% complete.
t1_sim:[65962. 65804. 66508.] t2_sim:[70280. 70566. 68823.]
Task is 20.00% complete.
t1_sim:[63119. 63287. 65323.] t2_sim:[58469. 58396. 61023.]
Task is 21.00% complete.
t1_sim:[56296. 56036. 60691.] t2_sim:[58976. 58521. 58922.]
Task is 22.00% complete.
t1_sim:[63615. 63540. 61763.] t2_sim:[64513. 64199. 65598.]
Task is 23.00% complete.
t1_sim:[57454. 56874. 57094.] t2_sim:[59908. 60164. 60031.]
Task is 24.00% complete.
t1_sim:[62024. 61709. 60855.] t2_sim:[60586. 60730. 61591.]
Task is 25.00% complete.
t1_sim:[55358. 55773. 57889.] t2_sim:[60434. 60531. 62259.]
Task is 26.00% complete.
t1_sim:[63532. 63757. 64837.] t2_sim:[60212. 60612. 61938.]
Task is 27.00% complete.
t1_sim:[57206. 56991. 55797.] t2_sim:[62179. 61979. 62202.]
Task is 28.00% complete.
t1_sim:[64049. 64098. 64139.] t2_sim:[62184. 62590. 64069.]
Task is 29.00% complete.
t1_sim:[57479. 57716. 56012.] t2_sim:[66268. 66376. 66798.]
Task is 30.00% complete.
t1_sim:[62652. 62918. 62538.] t2_sim:[59615. 59366. 61933.]
Task is 31.00% complete.
t1_sim:[67757. 67828. 66172.] t2_sim:[63326. 63015. 63950.]
Task is 32.00% complete.
t1_sim:[62516. 62435. 64312.] t2_sim:[60087. 60210. 62830.]
Task is 33.00% complete.
t1_sim:[58325. 58837. 56299.] t2_sim:[66496. 66427. 65917.]
Task is 34.00% complete.
t1_sim:[58505. 58863. 58967.] t2_sim:[63070. 62864. 62664.]
Task is 35.00% complete.
t1_sim:[66039. 66301. 67198.] t2_sim:[65997. 65978. 66073.]
Task is 36.00% complete.
t1_sim:[59935. 60431. 59768.] t2_sim:[66515. 66501. 66404.]
Task is 37.00% complete.
t1_sim:[70703. 70491. 71131.] t2_sim:[57716. 57484. 58876.]
Task is 38.00% complete.
t1_sim:[68050. 68082. 69351.] t2_sim:[67586. 67779. 67230.]
Task is 39.00% complete.
t1_sim:[62770. 62620. 63758.] t2_sim:[58763. 59045. 59013.]
Task is 40.00% complete.
t1_sim:[64135. 63933. 62030.] t2_sim:[65145. 64519. 65076.]
Task is 41.00% complete.
t1_sim:[66975. 66712. 64840.] t2_sim:[57371. 57262. 57998.]
Task is 42.00% complete.
t1_sim:[61246. 61224. 61711.] t2_sim:[70434. 70744. 69935.]
Task is 43.00% complete.
t1_sim:[61207. 61513. 61940.] t2_sim:[64288. 64579. 65156.]
Task is 44.00% complete.
t1_sim:[60008. 59992. 60004.] t2_sim:[69647. 69500. 70116.]
Task is 45.00% complete.
t1_sim:[59029. 58912. 58004.] t2_sim:[59913. 60336. 59347.]
Task is 46.00% complete.
t1_sim:[64338. 64363. 69149.] t2_sim:[56928. 56908. 59497.]
Task is 47.00% complete.
t1_sim:[53004. 53013. 53626.] t2_sim:[67787. 68193. 64515.]
Task is 48.00% complete.
t1_sim:[59456. 59880. 59687.] t2_sim:[66725. 66982. 67477.]
Task is 49.00% complete.
t1_sim:[61022. 61140. 62983.] t2_sim:[70642. 70807. 70894.]
Task is 50.00% complete.
t1_sim:[61049. 61172. 61914.] t2_sim:[59035. 58721. 58555.]
Task is 51.00% complete.
t1_sim:[60950. 60737. 60348.] t2_sim:[61639. 61842. 63573.]
Task is 52.00% complete.
t1_sim:[60494. 60627. 62225.] t2_sim:[61418. 61594. 61435.]
Task is 53.00% complete.
t1_sim:[61890. 61752. 60146.] t2_sim:[64970. 64672. 63934.]
Task is 54.00% complete.
t1_sim:[57644. 57750. 59422.] t2_sim:[61240. 61278. 63839.]
Task is 55.00% complete.
t1_sim:[60547. 60565. 60640.] t2_sim:[64712. 64829. 66465.]
Task is 56.00% complete.
t1_sim:[64029. 64248. 62470.] t2_sim:[61615. 61703. 61048.]
Task is 57.00% complete.
t1_sim:[61804. 61311. 62118.] t2_sim:[56356. 56253. 54749.]
Task is 58.00% complete.
t1_sim:[65583. 65707. 66803.] t2_sim:[65325. 65033. 64114.]
Task is 59.00% complete.
t1_sim:[59599. 59894. 59262.] t2_sim:[66233. 66035. 64790.]
Task is 60.00% complete.
t1_sim:[62278. 62644. 64437.] t2_sim:[61955. 61942. 63658.]
Task is 61.00% complete.
t1_sim:[56694. 56755. 57918.] t2_sim:[62288. 62107. 61223.]
Task is 62.00% complete.
t1_sim:[63095. 63132. 62160.] t2_sim:[63699. 63857. 62439.]
Task is 63.00% complete.
t1_sim:[62968. 62801. 62429.] t2_sim:[61797. 61952. 60392.]
Task is 64.00% complete.
t1_sim:[65718. 65766. 64929.] t2_sim:[63203. 63191. 64831.]
Task is 65.00% complete.
t1_sim:[56607. 56929. 55411.] t2_sim:[61704. 61874. 63358.]
Task is 66.00% complete.
t1_sim:[64313. 63784. 65277.] t2_sim:[65730. 65699. 63730.]
Task is 67.00% complete.
t1_sim:[64670. 64409. 64727.] t2_sim:[60417. 60217. 61220.]
Task is 68.00% complete.
t1_sim:[56952. 56604. 56198.] t2_sim:[60465. 60904. 59421.]
Task is 69.00% complete.
t1_sim:[64517. 64828. 62683.] t2_sim:[59444. 59455. 60716.]
Task is 70.00% complete.
t1_sim:[62262. 62080. 61886.] t2_sim:[67115. 66508. 64262.]
Task is 71.00% complete.
t1_sim:[66400. 66755. 65320.] t2_sim:[66617. 66413. 66705.]
Task is 72.00% complete.
t1_sim:[65158. 65293. 65479.] t2_sim:[69737. 69546. 69597.]
Task is 73.00% complete.
t1_sim:[58840. 59037. 61885.] t2_sim:[63264. 63569. 65132.]
Task is 74.00% complete.
t1_sim:[61832. 61698. 61867.] t2_sim:[66898. 67569. 67789.]
Task is 75.00% complete.
t1_sim:[61553. 61586. 62863.] t2_sim:[59228. 59342. 58745.]
Task is 76.00% complete.
t1_sim:[62179. 62361. 63688.] t2_sim:[63409. 63286. 63116.]
Task is 77.00% complete.
t1_sim:[60688. 61109. 62126.] t2_sim:[66069. 65868. 64447.]
Task is 78.00% complete.
t1_sim:[63112. 62683. 61030.] t2_sim:[62095. 61969. 61102.]
Task is 79.00% complete.
t1_sim:[67414. 67707. 66356.] t2_sim:[61623. 62207. 62923.]
Task is 80.00% complete.
t1_sim:[56368. 56387. 56044.] t2_sim:[60998. 60956. 60279.]
Task is 81.00% complete.
t1_sim:[62325. 62321. 60647.] t2_sim:[63237. 63464. 64444.]
Task is 82.00% complete.
t1_sim:[64718. 64495. 61416.] t2_sim:[60525. 60211. 60962.]
Task is 83.00% complete.
t1_sim:[61039. 60668. 62394.] t2_sim:[57892. 57699. 59576.]
Task is 84.00% complete.
t1_sim:[63217. 63093. 61667.] t2_sim:[66755. 66296. 64066.]
Task is 85.00% complete.
t1_sim:[63359. 63664. 61686.] t2_sim:[64275. 64528. 65452.]
Task is 86.00% complete.
t1_sim:[56635. 56979. 58599.] t2_sim:[63641. 63902. 62119.]
Task is 87.00% complete.
t1_sim:[60489. 60439. 60889.] t2_sim:[59589. 59632. 61963.]
Task is 88.00% complete.
t1_sim:[66486. 66212. 66101.] t2_sim:[62845. 62242. 63011.]
Task is 89.00% complete.
t1_sim:[57043. 56967. 57491.] t2_sim:[66451. 66185. 64905.]
Task is 90.00% complete.
t1_sim:[59127. 58627. 57909.] t2_sim:[59955. 60000. 58398.]
Task is 91.00% complete.
t1_sim:[64605. 64583. 66288.] t2_sim:[59824. 59727. 61743.]
Task is 92.00% complete.
t1_sim:[61325. 60964. 61089.] t2_sim:[61951. 61695. 62478.]
Task is 93.00% complete.
t1_sim:[66890. 66988. 69514.] t2_sim:[64509. 64438. 64738.]
Task is 94.00% complete.
t1_sim:[58394. 58385. 58842.] t2_sim:[66633. 66558. 65766.]
Task is 95.00% complete.
t1_sim:[63550. 63181. 64555.] t2_sim:[62146. 61907. 63198.]
Task is 96.00% complete.
t1_sim:[61659. 61580. 62851.] t2_sim:[59725. 59921. 60799.]
Task is 97.00% complete.
t1_sim:[64489. 64934. 65310.] t2_sim:[57423. 58177. 56846.]
Task is 98.00% complete.
t1_sim:[63280. 63679. 64662.] t2_sim:[60002. 60426. 59763.]
Task is 99.00% complete.
t1_sim:[63620. 64003. 65165.] t2_sim:[63387. 63197. 61319.]
Training start
t1_obs:[array(62153.), array(62296.), array(60702.)] t2_obs:[array(64573.), array(64528.), array(63534.)]
corr_G1:[None, None, 0.06739957177096098] corr_G2:[None, None, -0.024365880257888228]
Training end
Task is 0.00% complete.
t1_sim:[62118. 62289. 60234.] t2_sim:[59268. 59706. 60847.]
Task is 1.00% complete.
t1_sim:[62970. 62919. 62194.] t2_sim:[60313. 60213. 59764.]
Task is 2.00% complete.
t1_sim:[66189. 66052. 63490.] t2_sim:[57154. 57466. 58079.]
Task is 3.00% complete.
t1_sim:[58202. 58361. 56659.] t2_sim:[63377. 63602. 66596.]
Task is 4.00% complete.
t1_sim:[59308. 59782. 58368.] t2_sim:[58012. 58109. 58586.]
Task is 5.00% complete.
t1_sim:[60791. 61014. 59006.] t2_sim:[67486. 67677. 63448.]
Task is 6.00% complete.
t1_sim:[60659. 60912. 58326.] t2_sim:[58163. 58069. 59148.]
Task is 7.00% complete.
t1_sim:[63521. 63393. 59605.] t2_sim:[67590. 67494. 65144.]
Task is 8.00% complete.
t1_sim:[64255. 63993. 61597.] t2_sim:[60661. 60791. 59795.]
Task is 9.00% complete.
t1_sim:[66662. 66205. 67894.] t2_sim:[63182. 63179. 63676.]
Task is 10.00% complete.
t1_sim:[65433. 65553. 65414.] t2_sim:[61076. 60916. 60237.]
Task is 11.00% complete.
t1_sim:[59460. 59385. 56024.] t2_sim:[64201. 64253. 64747.]
Task is 12.00% complete.
t1_sim:[65889. 65606. 65083.] t2_sim:[60900. 61048. 62829.]
Task is 13.00% complete.
t1_sim:[59872. 59960. 58756.] t2_sim:[63399. 63553. 63418.]
Task is 14.00% complete.
t1_sim:[62939. 62756. 61508.] t2_sim:[65582. 66040. 65935.]
Task is 15.00% complete.
t1_sim:[62048. 62470. 61439.] t2_sim:[58900. 58808. 60567.]
Task is 16.00% complete.
t1_sim:[65592. 65657. 65899.] t2_sim:[65395. 65551. 66236.]
Task is 17.00% complete.
t1_sim:[62151. 62116. 60338.] t2_sim:[63366. 63730. 63270.]
Task is 18.00% complete.
t1_sim:[61470. 61614. 59951.] t2_sim:[64678. 64785. 64943.]
Task is 19.00% complete.
t1_sim:[64187. 64196. 63450.] t2_sim:[61532. 61674. 62298.]
Task is 20.00% complete.
t1_sim:[60816. 60488. 59206.] t2_sim:[56466. 56659. 57649.]
Task is 21.00% complete.
t1_sim:[59362. 59535. 59465.] t2_sim:[61959. 61482. 60957.]
Task is 22.00% complete.
t1_sim:[60105. 59634. 60076.] t2_sim:[68141. 68400. 69454.]
Task is 23.00% complete.
t1_sim:[66138. 66280. 62727.] t2_sim:[64065. 64191. 65328.]
Task is 24.00% complete.
t1_sim:[61991. 62227. 63591.] t2_sim:[63216. 62816. 60160.]
Task is 25.00% complete.
t1_sim:[61700. 62084. 62082.] t2_sim:[62544. 62477. 63342.]
Task is 26.00% complete.
t1_sim:[64482. 64433. 64770.] t2_sim:[67967. 68092. 70811.]
Task is 27.00% complete.
t1_sim:[60207. 60433. 59491.] t2_sim:[63001. 63052. 62734.]
Task is 28.00% complete.
t1_sim:[61013. 60954. 60378.] t2_sim:[65771. 65671. 66991.]
Task is 29.00% complete.
t1_sim:[62232. 62119. 62120.] t2_sim:[60048. 60122. 58637.]
Task is 30.00% complete.
t1_sim:[64862. 64832. 62913.] t2_sim:[56343. 56374. 59986.]
Task is 31.00% complete.
t1_sim:[60402. 59931. 58911.] t2_sim:[65441. 65724. 66428.]
Task is 32.00% complete.
t1_sim:[68147. 68298. 69124.] t2_sim:[66020. 66509. 66211.]
Task is 33.00% complete.
t1_sim:[65624. 65785. 64916.] t2_sim:[65173. 64956. 62090.]
Task is 34.00% complete.
t1_sim:[60425. 59594. 56356.] t2_sim:[65444. 65528. 67187.]
Task is 35.00% complete.
t1_sim:[67491. 68004. 68553.] t2_sim:[62305. 62294. 60782.]
Task is 36.00% complete.
t1_sim:[65477. 65816. 64994.] t2_sim:[56647. 56816. 57652.]
Task is 37.00% complete.
t1_sim:[60866. 61312. 60184.] t2_sim:[57938. 58242. 58771.]
Task is 38.00% complete.
t1_sim:[66471. 66650. 64589.] t2_sim:[59248. 59320. 59447.]
Task is 39.00% complete.
t1_sim:[59582. 59989. 60781.] t2_sim:[66128. 66288. 63623.]
Task is 40.00% complete.
t1_sim:[61024. 60779. 60550.] t2_sim:[61719. 61757. 64999.]
Task is 41.00% complete.
t1_sim:[58192. 58127. 56942.] t2_sim:[64449. 64644. 66763.]
Task is 42.00% complete.
t1_sim:[64133. 64284. 64948.] t2_sim:[66799. 66890. 65989.]
Task is 43.00% complete.
t1_sim:[65257. 65392. 64303.] t2_sim:[59705. 60045. 61519.]
Task is 44.00% complete.
t1_sim:[65868. 65954. 64665.] t2_sim:[55183. 55011. 53594.]
Task is 45.00% complete.
t1_sim:[58135. 58444. 59390.] t2_sim:[61767. 61613. 62191.]
Task is 46.00% complete.
t1_sim:[62163. 61826. 62797.] t2_sim:[60792. 60651. 59757.]
Task is 47.00% complete.
t1_sim:[63583. 63577. 62510.] t2_sim:[61749. 61729. 61710.]
Task is 48.00% complete.
t1_sim:[62602. 62373. 63836.] t2_sim:[61742. 61771. 63070.]
Task is 49.00% complete.
t1_sim:[67125. 67043. 67712.] t2_sim:[66144. 66077. 66195.]
Task is 50.00% complete.
t1_sim:[59768. 59985. 61052.] t2_sim:[59418. 59465. 58817.]
Task is 51.00% complete.
t1_sim:[62702. 62633. 61467.] t2_sim:[64450. 64274. 61541.]
Task is 52.00% complete.
t1_sim:[68548. 68482. 68215.] t2_sim:[66539. 66590. 69266.]
Task is 53.00% complete.
t1_sim:[65771. 65856. 64755.] t2_sim:[68637. 68761. 67974.]
Task is 54.00% complete.
t1_sim:[59675. 59774. 60585.] t2_sim:[54332. 54680. 57857.]
Task is 55.00% complete.
t1_sim:[62407. 62288. 62337.] t2_sim:[60470. 60333. 60700.]
Task is 56.00% complete.
t1_sim:[66469. 66875. 67589.] t2_sim:[63618. 63664. 64071.]
Task is 57.00% complete.
t1_sim:[64998. 65149. 63341.] t2_sim:[62780. 62527. 61725.]
Task is 58.00% complete.
t1_sim:[67485. 67956. 66652.] t2_sim:[59012. 58835. 60879.]
Task is 59.00% complete.
t1_sim:[65487. 65349. 65696.] t2_sim:[62925. 62833. 64169.]
Task is 60.00% complete.
t1_sim:[67660. 68146. 65460.] t2_sim:[65210. 65095. 64838.]
Task is 61.00% complete.
t1_sim:[64577. 64670. 62232.] t2_sim:[58608. 58683. 62250.]
Task is 62.00% complete.
t1_sim:[65269. 65501. 63702.] t2_sim:[58587. 58641. 57890.]
Task is 63.00% complete.
t1_sim:[62732. 62784. 59409.] t2_sim:[67410. 68183. 69272.]
Task is 64.00% complete.
t1_sim:[61539. 61706. 61166.] t2_sim:[60748. 60950. 62363.]
Task is 65.00% complete.
t1_sim:[61537. 61842. 61618.] t2_sim:[62978. 63094. 62066.]
Task is 66.00% complete.
t1_sim:[65858. 65411. 66249.] t2_sim:[55486. 55816. 57657.]
Task is 67.00% complete.
t1_sim:[60794. 60826. 59143.] t2_sim:[64427. 64569. 65769.]
Task is 68.00% complete.
t1_sim:[57389. 57806. 56849.] t2_sim:[64073. 63759. 64319.]
Task is 69.00% complete.
t1_sim:[63023. 63166. 62754.] t2_sim:[66549. 66531. 65117.]
Task is 70.00% complete.
t1_sim:[62113. 62014. 62455.] t2_sim:[64121. 64171. 62099.]
Task is 71.00% complete.
t1_sim:[62021. 62062. 59397.] t2_sim:[62670. 62478. 62641.]
Task is 72.00% complete.
t1_sim:[62084. 62309. 61627.] t2_sim:[63451. 63235. 61268.]
Task is 73.00% complete.
t1_sim:[62048. 62600. 62083.] t2_sim:[62388. 62415. 63199.]
Task is 74.00% complete.
t1_sim:[57941. 57862. 56784.] t2_sim:[59626. 59625. 61713.]
Task is 75.00% complete.
t1_sim:[62347. 61793. 61290.] t2_sim:[61340. 61552. 60024.]
Task is 76.00% complete.
t1_sim:[62821. 62841. 61344.] t2_sim:[63700. 63743. 63854.]
Task is 77.00% complete.
t1_sim:[67412. 67422. 65644.] t2_sim:[63428. 63327. 64607.]
Task is 78.00% complete.
t1_sim:[62841. 63076. 61363.] t2_sim:[65350. 65341. 64402.]
Task is 79.00% complete.
t1_sim:[69483. 69771. 67941.] t2_sim:[65595. 65519. 64134.]
Task is 80.00% complete.
t1_sim:[64228. 64175. 62399.] t2_sim:[62990. 62971. 63622.]
Task is 81.00% complete.
t1_sim:[65545. 65481. 64781.] t2_sim:[62015. 62078. 60959.]
Task is 82.00% complete.
t1_sim:[62240. 61905. 59987.] t2_sim:[65824. 65572. 65034.]
Task is 83.00% complete.
t1_sim:[56439. 56509. 55107.] t2_sim:[59259. 59233. 56842.]
Task is 84.00% complete.
t1_sim:[65849. 65783. 64706.] t2_sim:[66391. 66526. 66023.]
Task is 85.00% complete.
t1_sim:[63295. 63274. 60664.] t2_sim:[60281. 60471. 61727.]
Task is 86.00% complete.
t1_sim:[66128. 66386. 61987.] t2_sim:[62934. 62888. 62504.]
Task is 87.00% complete.
t1_sim:[68305. 68399. 66247.] t2_sim:[62220. 62431. 62616.]
Task is 88.00% complete.
t1_sim:[63115. 63440. 62575.] t2_sim:[67267. 67350. 66004.]
Task is 89.00% complete.
t1_sim:[63397. 62889. 64057.] t2_sim:[59779. 59680. 58904.]
Task is 90.00% complete.
t1_sim:[64979. 65091. 63468.] t2_sim:[65964. 65686. 65024.]
Task is 91.00% complete.
t1_sim:[64839. 64839. 63770.] t2_sim:[63156. 63169. 60549.]
Task is 92.00% complete.
t1_sim:[60673. 60583. 61001.] t2_sim:[68458. 68174. 65542.]
Task is 93.00% complete.
t1_sim:[60476. 60503. 60453.] t2_sim:[62438. 62268. 63368.]
Task is 94.00% complete.
t1_sim:[61806. 61713. 59583.] t2_sim:[63965. 64272. 64133.]
Task is 95.00% complete.
t1_sim:[63750. 63792. 62455.] t2_sim:[61323. 61484. 64588.]
Task is 96.00% complete.
t1_sim:[61595. 62093. 63304.] t2_sim:[64656. 64870. 64453.]
Task is 97.00% complete.
t1_sim:[65154. 64855. 65032.] t2_sim:[58391. 58671. 58714.]
Task is 98.00% complete.
t1_sim:[58473. 58504. 57089.] t2_sim:[63613. 63744. 67297.]
Task is 99.00% complete.
t1_sim:[63036. 63435. 63184.] t2_sim:[61490. 61828. 61677.]
Finished
