Begin
Training start
t1_obs:[array(94218.), array(77330.), array(69914.)] t2_obs:[array(93117.), array(75898.), array(72709.)]
corr_G1:[None, None, 7.268452410329206e-17] corr_G2:[None, None, 2.9132628585420584e-17]
Training end
Task is 0.00% complete.
t1_sim:[62241. 63048. 62991.] t2_sim:[68950. 69400. 68929.]
Task is 1.00% complete.
t1_sim:[59279. 59094. 59076.] t2_sim:[63116. 64562. 63755.]
Task is 2.00% complete.
t1_sim:[62529. 63321. 61344.] t2_sim:[61527. 60094. 59998.]
Task is 3.00% complete.
t1_sim:[62358. 61776. 63961.] t2_sim:[61563. 62329. 62106.]
Task is 4.00% complete.
t1_sim:[62953. 64286. 59261.] t2_sim:[64374. 63622. 65057.]
Task is 5.00% complete.
t1_sim:[65906. 64803. 63899.] t2_sim:[58588. 60037. 62583.]
Task is 6.00% complete.
t1_sim:[62364. 61532. 62324.] t2_sim:[65148. 63900. 65435.]
Task is 7.00% complete.
t1_sim:[63465. 61084. 67924.] t2_sim:[62589. 61716. 62621.]
Task is 8.00% complete.
t1_sim:[52996. 54567. 55533.] t2_sim:[58326. 57312. 61309.]
Task is 9.00% complete.
t1_sim:[61937. 61469. 58725.] t2_sim:[65452. 65597. 62587.]
Task is 10.00% complete.
t1_sim:[58447. 58087. 59613.] t2_sim:[66361. 64781. 62421.]
Task is 11.00% complete.
t1_sim:[67931. 67499. 62086.] t2_sim:[59392. 62298. 60800.]
Task is 12.00% complete.
t1_sim:[62701. 62253. 58203.] t2_sim:[56990. 57443. 55863.]
Task is 13.00% complete.
t1_sim:[60606. 61257. 61792.] t2_sim:[63307. 65834. 63173.]
Task is 14.00% complete.
t1_sim:[59675. 59002. 60201.] t2_sim:[62978. 62303. 61042.]
Task is 15.00% complete.
t1_sim:[64105. 64184. 65085.] t2_sim:[63552. 64559. 63873.]
Task is 16.00% complete.
t1_sim:[62390. 61184. 61651.] t2_sim:[63492. 65777. 61040.]
Task is 17.00% complete.
t1_sim:[59416. 58770. 59783.] t2_sim:[57860. 57678. 57421.]
Task is 18.00% complete.
t1_sim:[64802. 62405. 64064.] t2_sim:[63138. 62644. 58017.]
Task is 19.00% complete.
t1_sim:[58672. 59277. 60964.] t2_sim:[60609. 61498. 62783.]
Task is 20.00% complete.
t1_sim:[62768. 64434. 63924.] t2_sim:[60062. 60697. 58757.]
Task is 21.00% complete.
t1_sim:[59083. 59393. 58546.] t2_sim:[63367. 61303. 63409.]
Task is 22.00% complete.
t1_sim:[64633. 65865. 64436.] t2_sim:[61851. 62732. 66513.]
Task is 23.00% complete.
t1_sim:[62741. 64011. 65336.] t2_sim:[58456. 57843. 56876.]
Task is 24.00% complete.
t1_sim:[63274. 62770. 61388.] t2_sim:[63901. 65762. 62401.]
Task is 25.00% complete.
t1_sim:[61796. 63786. 63159.] t2_sim:[68093. 68857. 64461.]
Task is 26.00% complete.
t1_sim:[62890. 62919. 59907.] t2_sim:[60354. 60392. 60175.]
Task is 27.00% complete.
t1_sim:[65738. 66750. 65612.] t2_sim:[73143. 70451. 71277.]
Task is 28.00% complete.
t1_sim:[65085. 64206. 62679.] t2_sim:[63538. 63565. 64602.]
Task is 29.00% complete.
t1_sim:[63150. 63843. 62500.] t2_sim:[64851. 63544. 62433.]
Task is 30.00% complete.
t1_sim:[64961. 64616. 64529.] t2_sim:[62207. 61654. 62201.]
Task is 31.00% complete.
t1_sim:[64198. 64179. 64022.] t2_sim:[55932. 57776. 58420.]
Task is 32.00% complete.
t1_sim:[60115. 59373. 57857.] t2_sim:[64989. 65986. 68707.]
Task is 33.00% complete.
t1_sim:[59600. 61573. 59725.] t2_sim:[62045. 58549. 63499.]
Task is 34.00% complete.
t1_sim:[66911. 66191. 70198.] t2_sim:[65224. 65485. 64117.]
Task is 35.00% complete.
t1_sim:[64620. 63617. 64531.] t2_sim:[63752. 64799. 63471.]
Task is 36.00% complete.
t1_sim:[63236. 64398. 64936.] t2_sim:[61344. 61076. 58267.]
Task is 37.00% complete.
t1_sim:[63743. 63448. 63862.] t2_sim:[61399. 59676. 61388.]
Task is 38.00% complete.
t1_sim:[60927. 60637. 62822.] t2_sim:[58008. 57556. 57851.]
Task is 39.00% complete.
t1_sim:[64765. 64111. 63989.] t2_sim:[57111. 55809. 53687.]
Task is 40.00% complete.
t1_sim:[63281. 63952. 63862.] t2_sim:[61618. 61547. 59104.]
Task is 41.00% complete.
t1_sim:[59591. 60508. 61857.] t2_sim:[68042. 66450. 69056.]
Task is 42.00% complete.
t1_sim:[57958. 58174. 60000.] t2_sim:[62139. 63516. 62131.]
Task is 43.00% complete.
t1_sim:[67303. 68025. 66221.] t2_sim:[60366. 60271. 59246.]
Task is 44.00% complete.
t1_sim:[63463. 63904. 59940.] t2_sim:[66091. 65783. 67635.]
Task is 45.00% complete.
t1_sim:[66007. 65258. 67329.] t2_sim:[61449. 61819. 64414.]
Task is 46.00% complete.
t1_sim:[60071. 59531. 57018.] t2_sim:[60806. 62045. 59615.]
Task is 47.00% complete.
t1_sim:[60289. 59753. 61184.] t2_sim:[57559. 57121. 56619.]
Task is 48.00% complete.
t1_sim:[64700. 63789. 62473.] t2_sim:[66208. 67016. 64004.]
Task is 49.00% complete.
t1_sim:[62038. 61889. 61257.] t2_sim:[67534. 67512. 68021.]
Task is 50.00% complete.
t1_sim:[66795. 66090. 64468.] t2_sim:[63201. 63547. 61670.]
Task is 51.00% complete.
t1_sim:[62482. 61489. 62665.] t2_sim:[61228. 63241. 63734.]
Task is 52.00% complete.
t1_sim:[66173. 65675. 64328.] t2_sim:[60307. 60498. 58349.]
Task is 53.00% complete.
t1_sim:[61224. 63980. 63537.] t2_sim:[65857. 66642. 65811.]
Task is 54.00% complete.
t1_sim:[60691. 63253. 63739.] t2_sim:[63345. 62396. 63453.]
Task is 55.00% complete.
t1_sim:[64930. 64496. 62766.] t2_sim:[60730. 60295. 60539.]
Task is 56.00% complete.
t1_sim:[62783. 64176. 62529.] t2_sim:[63851. 64431. 62387.]
Task is 57.00% complete.
t1_sim:[59546. 58329. 55623.] t2_sim:[66345. 63763. 64402.]
Task is 58.00% complete.
t1_sim:[71055. 68913. 69953.] t2_sim:[58304. 57900. 56206.]
Task is 59.00% complete.
t1_sim:[59149. 60153. 59103.] t2_sim:[57611. 57236. 58452.]
Task is 60.00% complete.
t1_sim:[61685. 61623. 61912.] t2_sim:[66912. 67137. 66843.]
Task is 61.00% complete.
t1_sim:[65311. 65077. 67069.] t2_sim:[70946. 70647. 70471.]
Task is 62.00% complete.
t1_sim:[62326. 62777. 67058.] t2_sim:[62485. 62845. 65144.]
Task is 63.00% complete.
t1_sim:[64927. 64273. 64214.] t2_sim:[60440. 61046. 60121.]
Task is 64.00% complete.
t1_sim:[57903. 57867. 60924.] t2_sim:[68501. 67142. 69495.]
Task is 65.00% complete.
t1_sim:[67670. 67120. 66676.] t2_sim:[55086. 55922. 54325.]
Task is 66.00% complete.
t1_sim:[57470. 55675. 57076.] t2_sim:[69246. 68064. 69824.]
Task is 67.00% complete.
t1_sim:[58941. 59951. 61378.] t2_sim:[61980. 61737. 64159.]
Task is 68.00% complete.
t1_sim:[56272. 57310. 53901.] t2_sim:[69281. 68932. 72732.]
Task is 69.00% complete.
t1_sim:[62173. 63165. 59780.] t2_sim:[63350. 64039. 62015.]
Task is 70.00% complete.
t1_sim:[55914. 57186. 60405.] t2_sim:[57552. 56576. 56037.]
Task is 71.00% complete.
t1_sim:[65194. 63271. 64069.] t2_sim:[63095. 64530. 63089.]
Task is 72.00% complete.
t1_sim:[64759. 64898. 63776.] t2_sim:[67154. 67359. 66812.]
Task is 73.00% complete.
t1_sim:[59587. 59090. 61052.] t2_sim:[60402. 60766. 58894.]
Task is 74.00% complete.
t1_sim:[65025. 65089. 64347.] t2_sim:[61241. 61058. 62034.]
Task is 75.00% complete.
t1_sim:[59555. 60723. 63885.] t2_sim:[57400. 57385. 61220.]
Task is 76.00% complete.
t1_sim:[59754. 60840. 58434.] t2_sim:[57583. 60447. 60720.]
Task is 77.00% complete.
t1_sim:[67722. 65672. 64798.] t2_sim:[59421. 58954. 59461.]
Task is 78.00% complete.
t1_sim:[58560. 59360. 58637.] t2_sim:[64889. 65986. 68676.]
Task is 79.00% complete.
t1_sim:[63979. 63988. 64828.] t2_sim:[61447. 61286. 59769.]
Task is 80.00% complete.
t1_sim:[66299. 66796. 64281.] t2_sim:[59579. 61674. 60452.]
Task is 81.00% complete.
t1_sim:[62335. 62089. 61755.] t2_sim:[61660. 61977. 61468.]
Task is 82.00% complete.
t1_sim:[63291. 64008. 64037.] t2_sim:[63864. 64414. 64711.]
Task is 83.00% complete.
t1_sim:[63639. 63582. 64189.] t2_sim:[59528. 59995. 62393.]
Task is 84.00% complete.
t1_sim:[63304. 64025. 64182.] t2_sim:[64942. 63910. 61905.]
Task is 85.00% complete.
t1_sim:[64050. 61037. 64578.] t2_sim:[61811. 62182. 61380.]
Task is 86.00% complete.
t1_sim:[65197. 65070. 66856.] t2_sim:[68141. 67943. 67564.]
Task is 87.00% complete.
t1_sim:[64817. 64496. 63967.] t2_sim:[62463. 64470. 64462.]
Task is 88.00% complete.
t1_sim:[60240. 60243. 60798.] t2_sim:[62287. 62307. 64993.]
Task is 89.00% complete.
t1_sim:[61466. 59927. 59351.] t2_sim:[57013. 56211. 58202.]
Task is 90.00% complete.
t1_sim:[62362. 62144. 62608.] t2_sim:[61219. 61921. 58288.]
Task is 91.00% complete.
t1_sim:[63791. 62135. 66104.] t2_sim:[67573. 67801. 66915.]
Task is 92.00% complete.
t1_sim:[68016. 67203. 68133.] t2_sim:[72997. 73283. 72991.]
Task is 93.00% complete.
t1_sim:[65312. 64425. 65988.] t2_sim:[62659. 60885. 61234.]
Task is 94.00% complete.
t1_sim:[63714. 63679. 64155.] t2_sim:[64480. 64231. 68305.]
Task is 95.00% complete.
t1_sim:[62151. 59035. 64020.] t2_sim:[69386. 70866. 66470.]
Task is 96.00% complete.
t1_sim:[55127. 53979. 55821.] t2_sim:[62060. 61631. 62023.]
Task is 97.00% complete.
t1_sim:[66110. 67654. 68012.] t2_sim:[61135. 60195. 60708.]
Task is 98.00% complete.
t1_sim:[61702. 63533. 61598.] t2_sim:[62948. 61586. 61827.]
Task is 99.00% complete.
t1_sim:[65797. 66049. 67623.] t2_sim:[62007. 63318. 59412.]
Training start
t1_obs:[array(94218.), array(77330.), array(74227.)] t2_obs:[array(93117.), array(75898.), array(74158.)]
corr_G1:[None, None, 0.9472964540152574] corr_G2:[None, None, 0.9953829230362914]
Training end
Task is 0.00% complete.
t1_sim:[63030. 62886. 61669.] t2_sim:[62468. 64028. 62771.]
Task is 1.00% complete.
t1_sim:[65118. 62198. 62860.] t2_sim:[62658. 62142. 62186.]
Task is 2.00% complete.
t1_sim:[60678. 61471. 61836.] t2_sim:[63462. 61762. 60338.]
Task is 3.00% complete.
t1_sim:[63551. 65066. 65286.] t2_sim:[64599. 66335. 65739.]
Task is 4.00% complete.
t1_sim:[62348. 64626. 64941.] t2_sim:[63245. 62571. 64609.]
Task is 5.00% complete.
t1_sim:[59479. 60750. 59876.] t2_sim:[61297. 60031. 61500.]
Task is 6.00% complete.
t1_sim:[69504. 68606. 68159.] t2_sim:[64074. 64605. 63827.]
Task is 7.00% complete.
t1_sim:[62065. 59063. 56929.] t2_sim:[64092. 63895. 64213.]
Task is 8.00% complete.
t1_sim:[63758. 61883. 62506.] t2_sim:[60634. 61286. 60968.]
Task is 9.00% complete.
t1_sim:[65764. 65188. 65018.] t2_sim:[56115. 58320. 58520.]
Task is 10.00% complete.
t1_sim:[65045. 65912. 63201.] t2_sim:[66588. 65923. 65103.]
Task is 11.00% complete.
t1_sim:[60813. 59887. 60891.] t2_sim:[68017. 68160. 68057.]
Task is 12.00% complete.
t1_sim:[65667. 66352. 66685.] t2_sim:[65812. 64115. 65792.]
Task is 13.00% complete.
t1_sim:[58148. 56936. 59330.] t2_sim:[62544. 62692. 60072.]
Task is 14.00% complete.
t1_sim:[60641. 61204. 59923.] t2_sim:[59541. 63263. 65634.]
Task is 15.00% complete.
t1_sim:[63568. 62907. 63257.] t2_sim:[61425. 59082. 63035.]
Task is 16.00% complete.
t1_sim:[66906. 67151. 67975.] t2_sim:[63602. 62354. 62692.]
Task is 17.00% complete.
t1_sim:[65032. 64822. 63358.] t2_sim:[61280. 60158. 60568.]
Task is 18.00% complete.
t1_sim:[61763. 63029. 60849.] t2_sim:[65330. 66281. 65839.]
Task is 19.00% complete.
t1_sim:[64167. 65329. 65950.] t2_sim:[63876. 64269. 64547.]
Task is 20.00% complete.
t1_sim:[65330. 65007. 67938.] t2_sim:[62092. 60182. 61087.]
Task is 21.00% complete.
t1_sim:[56743. 56921. 56162.] t2_sim:[60932. 58959. 60193.]
Task is 22.00% complete.
t1_sim:[59553. 61133. 60625.] t2_sim:[59142. 58112. 57829.]
Task is 23.00% complete.
t1_sim:[60928. 58811. 59955.] t2_sim:[66011. 64673. 65684.]
Task is 24.00% complete.
t1_sim:[65570. 64249. 64630.] t2_sim:[57948. 58176. 57546.]
Task is 25.00% complete.
t1_sim:[63761. 64750. 65153.] t2_sim:[59833. 59741. 58858.]
Task is 26.00% complete.
t1_sim:[60171. 61138. 60485.] t2_sim:[63707. 63222. 62358.]
Task is 27.00% complete.
t1_sim:[64039. 60930. 60401.] t2_sim:[60247. 61467. 61461.]
Task is 28.00% complete.
t1_sim:[61701. 61159. 62147.] t2_sim:[60813. 61507. 61790.]
Task is 29.00% complete.
t1_sim:[62761. 62732. 59405.] t2_sim:[62870. 64474. 64674.]
Task is 30.00% complete.
t1_sim:[64733. 64975. 65105.] t2_sim:[56791. 58601. 57657.]
Task is 31.00% complete.
t1_sim:[62328. 62162. 63369.] t2_sim:[69469. 67868. 69020.]
Task is 32.00% complete.
t1_sim:[62375. 60630. 58973.] t2_sim:[64182. 62064. 60286.]
Task is 33.00% complete.
t1_sim:[61154. 61620. 60806.] t2_sim:[73507. 76348. 74919.]
Task is 34.00% complete.
t1_sim:[60639. 61093. 60309.] t2_sim:[60227. 61317. 59962.]
Task is 35.00% complete.
t1_sim:[60682. 59433. 61466.] t2_sim:[67463. 68185. 65990.]
Task is 36.00% complete.
t1_sim:[58906. 59026. 58432.] t2_sim:[63966. 64612. 63436.]
Task is 37.00% complete.
t1_sim:[60284. 60892. 61772.] t2_sim:[57138. 58701. 58017.]
Task is 38.00% complete.
t1_sim:[62621. 62381. 62836.] t2_sim:[63405. 64265. 65064.]
Task is 39.00% complete.
t1_sim:[61459. 61288. 61493.] t2_sim:[63101. 63183. 62134.]
Task is 40.00% complete.
t1_sim:[61006. 59810. 60039.] t2_sim:[59609. 60664. 60612.]
Task is 41.00% complete.
t1_sim:[63816. 66021. 65923.] t2_sim:[64059. 66151. 65052.]
Task is 42.00% complete.
t1_sim:[66274. 66171. 65361.] t2_sim:[64030. 63917. 64427.]
Task is 43.00% complete.
t1_sim:[62252. 59959. 60270.] t2_sim:[60835. 60922. 62532.]
Task is 44.00% complete.
t1_sim:[61199. 60504. 62724.] t2_sim:[65052. 65871. 64387.]
Task is 45.00% complete.
t1_sim:[64212. 63002. 62494.] t2_sim:[57083. 56903. 56121.]
Task is 46.00% complete.
t1_sim:[63992. 65154. 64704.] t2_sim:[64747. 63861. 63217.]
Task is 47.00% complete.
t1_sim:[65483. 64195. 65272.] t2_sim:[59226. 59240. 57771.]
Task is 48.00% complete.
t1_sim:[67476. 66374. 67904.] t2_sim:[59192. 58648. 59391.]
Task is 49.00% complete.
t1_sim:[60334. 60578. 61910.] t2_sim:[64808. 64547. 65733.]
Task is 50.00% complete.
t1_sim:[64269. 64618. 64793.] t2_sim:[60619. 58110. 59845.]
Task is 51.00% complete.
t1_sim:[64370. 63994. 63736.] t2_sim:[63686. 62912. 62774.]
Task is 52.00% complete.
t1_sim:[65977. 66146. 64761.] t2_sim:[57999. 59737. 60422.]
Task is 53.00% complete.
t1_sim:[63735. 61572. 61547.] t2_sim:[65070. 62941. 64777.]
Task is 54.00% complete.
t1_sim:[63826. 63304. 62481.] t2_sim:[61216. 63751. 64044.]
Task is 55.00% complete.
t1_sim:[61328. 62228. 61747.] t2_sim:[62417. 60595. 61061.]
Task is 56.00% complete.
t1_sim:[66373. 64594. 63720.] t2_sim:[65813. 65075. 65453.]
Task is 57.00% complete.
t1_sim:[59381. 58525. 60155.] t2_sim:[59262. 58825. 59596.]
Task is 58.00% complete.
t1_sim:[61763. 61027. 61886.] t2_sim:[65946. 67336. 66711.]
Task is 59.00% complete.
t1_sim:[61444. 61032. 61531.] t2_sim:[62401. 62552. 60750.]
Task is 60.00% complete.
t1_sim:[65424. 64658. 64220.] t2_sim:[67049. 66597. 66806.]
Task is 61.00% complete.
t1_sim:[58949. 58235. 60355.] t2_sim:[59318. 59175. 59311.]
Task is 62.00% complete.
t1_sim:[62911. 61398. 61677.] t2_sim:[57784. 57625. 59346.]
Task is 63.00% complete.
t1_sim:[68510. 70253. 72259.] t2_sim:[62436. 60645. 61709.]
Task is 64.00% complete.
t1_sim:[58903. 58718. 59750.] t2_sim:[67220. 65478. 65925.]
Task is 65.00% complete.
t1_sim:[62041. 61651. 61486.] t2_sim:[63397. 63531. 64542.]
Task is 66.00% complete.
t1_sim:[67030. 68674. 66132.] t2_sim:[55838. 56949. 56441.]
Task is 67.00% complete.
t1_sim:[58551. 58185. 57572.] t2_sim:[62470. 61621. 62863.]
Task is 68.00% complete.
t1_sim:[62994. 62428. 63283.] t2_sim:[58034. 58719. 59739.]
Task is 69.00% complete.
t1_sim:[63435. 62648. 62208.] t2_sim:[65145. 65585. 66524.]
Task is 70.00% complete.
t1_sim:[55765. 57909. 56595.] t2_sim:[58325. 57884. 59003.]
Task is 71.00% complete.
t1_sim:[60023. 60491. 61758.] t2_sim:[64142. 62690. 62230.]
Task is 72.00% complete.
t1_sim:[65700. 65285. 67239.] t2_sim:[65003. 64448. 63741.]
Task is 73.00% complete.
t1_sim:[57359. 57545. 55437.] t2_sim:[64673. 64113. 62559.]
Task is 74.00% complete.
t1_sim:[63447. 64382. 63154.] t2_sim:[64805. 65145. 66561.]
Task is 75.00% complete.
t1_sim:[66838. 66877. 65599.] t2_sim:[57819. 56557. 56927.]
Task is 76.00% complete.
t1_sim:[62527. 61994. 62523.] t2_sim:[61032. 60326. 61533.]
Task is 77.00% complete.
t1_sim:[63393. 63435. 64302.] t2_sim:[67502. 68382. 68004.]
Task is 78.00% complete.
t1_sim:[61453. 61066. 61944.] t2_sim:[62563. 61901. 62091.]
Task is 79.00% complete.
t1_sim:[59070. 57660. 58396.] t2_sim:[68370. 70486. 69901.]
Task is 80.00% complete.
t1_sim:[64782. 62468. 62581.] t2_sim:[62819. 63858. 61771.]
Task is 81.00% complete.
t1_sim:[63879. 64015. 65841.] t2_sim:[65644. 63937. 64963.]
Task is 82.00% complete.
t1_sim:[62820. 61562. 60669.] t2_sim:[63377. 63057. 62234.]
Task is 83.00% complete.
t1_sim:[56355. 56814. 58066.] t2_sim:[68731. 66668. 67925.]
Task is 84.00% complete.
t1_sim:[67029. 68397. 67714.] t2_sim:[57652. 58843. 59294.]
Task is 85.00% complete.
t1_sim:[65844. 65223. 65438.] t2_sim:[64679. 64554. 64655.]
Task is 86.00% complete.
t1_sim:[62985. 63546. 63564.] t2_sim:[65833. 65883. 66247.]
Task is 87.00% complete.
t1_sim:[67448. 65906. 65209.] t2_sim:[60615. 61680. 64460.]
Task is 88.00% complete.
t1_sim:[69732. 69024. 67644.] t2_sim:[66847. 65294. 65937.]
Task is 89.00% complete.
t1_sim:[62005. 60737. 61178.] t2_sim:[61182. 60202. 59280.]
Task is 90.00% complete.
t1_sim:[57649. 57989. 58134.] t2_sim:[66476. 65742. 65522.]
Task is 91.00% complete.
t1_sim:[61863. 60941. 60559.] t2_sim:[66046. 66248. 65089.]
Task is 92.00% complete.
t1_sim:[59374. 60122. 61544.] t2_sim:[64285. 65454. 62883.]
Task is 93.00% complete.
t1_sim:[60485. 62418. 61265.] t2_sim:[64155. 63143. 63346.]
Task is 94.00% complete.
t1_sim:[63280. 63557. 65595.] t2_sim:[63963. 63710. 62122.]
Task is 95.00% complete.
t1_sim:[63591. 63136. 61792.] t2_sim:[68504. 66509. 69536.]
Task is 96.00% complete.
t1_sim:[65828. 65092. 62373.] t2_sim:[56968. 55595. 54204.]
Task is 97.00% complete.
t1_sim:[61805. 60703. 59049.] t2_sim:[63642. 63310. 62916.]
Task is 98.00% complete.
t1_sim:[65696. 64287. 65533.] t2_sim:[59396. 59604. 59982.]
Task is 99.00% complete.
t1_sim:[60378. 59535. 60608.] t2_sim:[61803. 61643. 62777.]
Training start
t1_obs:[array(94218.), array(77330.), array(71162.)] t2_obs:[array(93117.), array(75898.), array(72933.)]
corr_G1:[None, None, 0.5224144136457204] corr_G2:[None, None, 0.07145007370372478]
Training end
Task is 0.00% complete.
t1_sim:[68941. 68548. 68996.] t2_sim:[64047. 65951. 63188.]
Task is 1.00% complete.
t1_sim:[63600. 63534. 65004.] t2_sim:[63079. 64148. 61616.]
Task is 2.00% complete.
t1_sim:[63965. 63316. 62635.] t2_sim:[61508. 61331. 58541.]
Task is 3.00% complete.
t1_sim:[55697. 57955. 56780.] t2_sim:[60575. 61674. 59020.]
Task is 4.00% complete.
t1_sim:[63754. 61709. 61092.] t2_sim:[64796. 64429. 61819.]
Task is 5.00% complete.
t1_sim:[63923. 63101. 62176.] t2_sim:[61817. 60879. 57110.]
Task is 6.00% complete.
t1_sim:[57715. 57419. 58385.] t2_sim:[55878. 57522. 53811.]
Task is 7.00% complete.
t1_sim:[59903. 61097. 61012.] t2_sim:[61091. 60327. 55595.]
Task is 8.00% complete.
t1_sim:[57690. 58880. 59669.] t2_sim:[60882. 63068. 58347.]
Task is 9.00% complete.
t1_sim:[60046. 58985. 59004.] t2_sim:[67618. 66185. 60824.]
Task is 10.00% complete.
t1_sim:[65459. 65900. 66389.] t2_sim:[69818. 69659. 65981.]
Task is 11.00% complete.
t1_sim:[64263. 64495. 64836.] t2_sim:[65160. 64231. 61879.]
Task is 12.00% complete.
t1_sim:[62474. 62649. 61526.] t2_sim:[61518. 61856. 59730.]
Task is 13.00% complete.
t1_sim:[65233. 63611. 62851.] t2_sim:[55707. 55995. 51087.]
Task is 14.00% complete.
t1_sim:[64486. 64114. 64783.] t2_sim:[67909. 65534. 64383.]
Task is 15.00% complete.
t1_sim:[64765. 64789. 63823.] t2_sim:[68593. 67659. 64657.]
Task is 16.00% complete.
t1_sim:[60958. 60303. 61012.] t2_sim:[62036. 60948. 56857.]
Task is 17.00% complete.
t1_sim:[59225. 59402. 59318.] t2_sim:[61506. 59867. 59298.]
Task is 18.00% complete.
t1_sim:[64744. 64690. 64060.] t2_sim:[64073. 62354. 59257.]
Task is 19.00% complete.
t1_sim:[65557. 64606. 65665.] t2_sim:[58541. 58782. 51960.]
Task is 20.00% complete.
t1_sim:[60001. 58746. 59166.] t2_sim:[63390. 64274. 59761.]
Task is 21.00% complete.
t1_sim:[56994. 56596. 55749.] t2_sim:[64727. 64432. 60489.]
Task is 22.00% complete.
t1_sim:[63109. 63919. 62269.] t2_sim:[61892. 63143. 57872.]
Task is 23.00% complete.
t1_sim:[62423. 63312. 60909.] t2_sim:[67214. 66081. 63379.]
Task is 24.00% complete.
t1_sim:[62551. 63514. 61808.] t2_sim:[62163. 62212. 59755.]
Task is 25.00% complete.
t1_sim:[66070. 65554. 65254.] t2_sim:[66111. 66410. 65116.]
Task is 26.00% complete.
t1_sim:[67929. 67038. 68924.] t2_sim:[64295. 63947. 61381.]
Task is 27.00% complete.
t1_sim:[65355. 63386. 64110.] t2_sim:[61723. 61483. 59597.]
Task is 28.00% complete.
t1_sim:[67781. 69117. 68521.] t2_sim:[61534. 62213. 58877.]
Task is 29.00% complete.
t1_sim:[65264. 66050. 65214.] t2_sim:[60881. 60225. 56200.]
Task is 30.00% complete.
t1_sim:[69731. 68578. 68253.] t2_sim:[64028. 65027. 61042.]
Task is 31.00% complete.
t1_sim:[63103. 62796. 62182.] t2_sim:[58860. 59331. 56253.]
Task is 32.00% complete.
t1_sim:[61236. 61510. 59373.] t2_sim:[65552. 66273. 62296.]
Task is 33.00% complete.
t1_sim:[61456. 60510. 61691.] t2_sim:[58160. 58658. 54542.]
Task is 34.00% complete.
t1_sim:[64348. 64568. 64564.] t2_sim:[60465. 59173. 57867.]
Task is 35.00% complete.
t1_sim:[65455. 63524. 64536.] t2_sim:[61265. 61181. 58979.]
Task is 36.00% complete.
t1_sim:[57466. 56706. 56809.] t2_sim:[64648. 65368. 60757.]
Task is 37.00% complete.
t1_sim:[67107. 68224. 67666.] t2_sim:[59661. 60055. 54524.]
Task is 38.00% complete.
t1_sim:[58199. 59103. 60514.] t2_sim:[64021. 62678. 59860.]
Task is 39.00% complete.
t1_sim:[63924. 61827. 61450.] t2_sim:[66653. 66648. 61236.]
Task is 40.00% complete.
t1_sim:[61526. 60401. 60181.] t2_sim:[56051. 57508. 54035.]
Task is 41.00% complete.
t1_sim:[61419. 61084. 61206.] t2_sim:[62811. 64115. 59056.]
Task is 42.00% complete.
t1_sim:[63345. 64772. 65776.] t2_sim:[68248. 67237. 64570.]
Task is 43.00% complete.
t1_sim:[61666. 62667. 62166.] t2_sim:[66002. 66271. 62567.]
Task is 44.00% complete.
t1_sim:[58961. 60098. 59603.] t2_sim:[63805. 62255. 60699.]
Task is 45.00% complete.
t1_sim:[62620. 59201. 59122.] t2_sim:[63460. 64484. 62077.]
Task is 46.00% complete.
t1_sim:[61154. 60195. 61534.] t2_sim:[62664. 63154. 57874.]
Task is 47.00% complete.
t1_sim:[62390. 62874. 64310.] t2_sim:[67444. 66440. 64110.]
Task is 48.00% complete.
t1_sim:[59260. 58112. 59673.] t2_sim:[66128. 65314. 63314.]
Task is 49.00% complete.
t1_sim:[63555. 64562. 63412.] t2_sim:[67158. 66183. 63105.]
Task is 50.00% complete.
t1_sim:[65007. 66882. 64748.] t2_sim:[62903. 62335. 59563.]
Task is 51.00% complete.
t1_sim:[64994. 64304. 63477.] t2_sim:[63748. 63953. 60675.]
Task is 52.00% complete.
t1_sim:[61349. 61136. 61830.] t2_sim:[62407. 62730. 59785.]
Task is 53.00% complete.
t1_sim:[63965. 65556. 65566.] t2_sim:[65976. 66856. 62982.]
Task is 54.00% complete.
t1_sim:[61673. 61058. 61351.] t2_sim:[63443. 62913. 59425.]
Task is 55.00% complete.
t1_sim:[67635. 65675. 67136.] t2_sim:[68199. 67258. 63113.]
Task is 56.00% complete.
t1_sim:[63671. 62925. 62198.] t2_sim:[67235. 67830. 65574.]
Task is 57.00% complete.
t1_sim:[62041. 64008. 62558.] t2_sim:[69618. 70258. 66612.]
Task is 58.00% complete.
t1_sim:[62888. 63340. 62838.] t2_sim:[62928. 61899. 57249.]
Task is 59.00% complete.
t1_sim:[64118. 64275. 63723.] t2_sim:[63793. 63864. 60934.]
Task is 60.00% complete.
t1_sim:[64243. 63085. 63268.] t2_sim:[60666. 63062. 60052.]
Task is 61.00% complete.
t1_sim:[66090. 67439. 67761.] t2_sim:[61048. 62687. 58527.]
Task is 62.00% complete.
t1_sim:[62848. 61992. 62054.] t2_sim:[62665. 61779. 61902.]
Task is 63.00% complete.
t1_sim:[61978. 60203. 61115.] t2_sim:[58810. 59506. 56823.]
Task is 64.00% complete.
t1_sim:[67042. 65288. 65924.] t2_sim:[61434. 62604. 59408.]
Task is 65.00% complete.
t1_sim:[66298. 65597. 65944.] t2_sim:[64578. 65179. 62968.]
Task is 66.00% complete.
t1_sim:[61512. 59196. 61241.] t2_sim:[60913. 62551. 58001.]
Task is 67.00% complete.
t1_sim:[62222. 64236. 64978.] t2_sim:[61796. 62627. 57746.]
Task is 68.00% complete.
t1_sim:[59631. 59926. 61960.] t2_sim:[59424. 60472. 56764.]
Task is 69.00% complete.
t1_sim:[62649. 63622. 63023.] t2_sim:[54328. 53975. 50071.]
Task is 70.00% complete.
t1_sim:[59765. 62316. 62423.] t2_sim:[61826. 61690. 57228.]
Task is 71.00% complete.
t1_sim:[63143. 65732. 62701.] t2_sim:[63412. 61601. 56865.]
Task is 72.00% complete.
t1_sim:[60846. 61670. 61167.] t2_sim:[62130. 61967. 57595.]
Task is 73.00% complete.
t1_sim:[64365. 63774. 60508.] t2_sim:[62249. 60998. 57134.]
Task is 74.00% complete.
t1_sim:[59371. 60981. 62077.] t2_sim:[66382. 65898. 60206.]
Task is 75.00% complete.
t1_sim:[65525. 62761. 63811.] t2_sim:[67284. 67102. 63928.]
Task is 76.00% complete.
t1_sim:[59834. 58612. 56227.] t2_sim:[61758. 62978. 59536.]
Task is 77.00% complete.
t1_sim:[62269. 63257. 62763.] t2_sim:[64734. 65070. 59327.]
Task is 78.00% complete.
t1_sim:[58850. 60317. 60657.] t2_sim:[57501. 59095. 56523.]
Task is 79.00% complete.
t1_sim:[70543. 71358. 69729.] t2_sim:[65418. 67652. 62929.]
Task is 80.00% complete.
t1_sim:[63937. 65019. 63839.] t2_sim:[60976. 61037. 58005.]
Task is 81.00% complete.
t1_sim:[63344. 64638. 64732.] t2_sim:[64136. 64289. 59921.]
Task is 82.00% complete.
t1_sim:[65916. 65029. 66720.] t2_sim:[61021. 61842. 59585.]
Task is 83.00% complete.
t1_sim:[61582. 60985. 60062.] t2_sim:[66421. 65951. 62146.]
Task is 84.00% complete.
t1_sim:[63160. 61537. 59253.] t2_sim:[61674. 61030. 58614.]
Task is 85.00% complete.
t1_sim:[60253. 60682. 60368.] t2_sim:[62653. 62016. 57720.]
Task is 86.00% complete.
t1_sim:[57090. 56090. 56514.] t2_sim:[61646. 61859. 58379.]
Task is 87.00% complete.
t1_sim:[67332. 66810. 66224.] t2_sim:[66623. 66052. 61201.]
Task is 88.00% complete.
t1_sim:[62210. 61406. 61161.] t2_sim:[65095. 64765. 59270.]
Task is 89.00% complete.
t1_sim:[61069. 60014. 62216.] t2_sim:[62966. 62222. 60144.]
Task is 90.00% complete.
t1_sim:[65138. 65751. 64097.] t2_sim:[64439. 65844. 62549.]
Task is 91.00% complete.
t1_sim:[64403. 63852. 64088.] t2_sim:[65930. 63887. 63548.]
Task is 92.00% complete.
t1_sim:[66043. 65946. 66089.] t2_sim:[64405. 65193. 63565.]
Task is 93.00% complete.
t1_sim:[61025. 60665. 59661.] t2_sim:[62085. 62610. 58709.]
Task is 94.00% complete.
t1_sim:[65237. 65310. 63566.] t2_sim:[63674. 62927. 58996.]
Task is 95.00% complete.
t1_sim:[60516. 61173. 60841.] t2_sim:[64223. 64389. 62783.]
Task is 96.00% complete.
t1_sim:[59803. 59769. 60679.] t2_sim:[62340. 63201. 60559.]
Task is 97.00% complete.
t1_sim:[56227. 57190. 57432.] t2_sim:[66008. 65800. 61945.]
Task is 98.00% complete.
t1_sim:[63851. 63097. 65803.] t2_sim:[67121. 66437. 64749.]
Task is 99.00% complete.
t1_sim:[65211. 64103. 63564.] t2_sim:[56423. 56492. 53250.]
Finished
