Begin
Training start
t1_obs:[array(99341.), array(82487.), array(75277.)] t2_obs:[array(90634.), array(77918.), array(65735.)]
corr_G1:[None, None, 0] corr_G2:[None, None, 0]
Training end
Task is 0.00% complete.
t1_sim:[60882. 59658. 62090.] t2_sim:[61522. 59790. 62324.]
Task is 1.00% complete.
t1_sim:[62569. 61574. 64521.] t2_sim:[67772. 67631. 67620.]
Task is 2.00% complete.
t1_sim:[62409. 60513. 64191.] t2_sim:[63828. 63992. 63111.]
Task is 3.00% complete.
t1_sim:[61480. 60465. 62097.] t2_sim:[61021. 58529. 61809.]
Task is 4.00% complete.
t1_sim:[60620. 61295. 66679.] t2_sim:[65861. 65760. 64073.]
Task is 5.00% complete.
t1_sim:[59766. 58356. 58730.] t2_sim:[58157. 59174. 59246.]
Task is 6.00% complete.
t1_sim:[61296. 62514. 62188.] t2_sim:[64249. 64008. 61972.]
Task is 7.00% complete.
t1_sim:[67844. 68549. 67110.] t2_sim:[62690. 61561. 60713.]
Task is 8.00% complete.
t1_sim:[64310. 63027. 64403.] t2_sim:[62427. 62909. 66076.]
Task is 9.00% complete.
t1_sim:[60197. 58871. 59296.] t2_sim:[62736. 62331. 61776.]
Task is 10.00% complete.
t1_sim:[58320. 56993. 57643.] t2_sim:[59341. 60418. 60330.]
Task is 11.00% complete.
t1_sim:[58690. 59277. 60347.] t2_sim:[62733. 63891. 66004.]
Task is 12.00% complete.
t1_sim:[61106. 61679. 59104.] t2_sim:[61630. 60551. 62352.]
Task is 13.00% complete.
t1_sim:[68206. 68521. 68544.] t2_sim:[60630. 60659. 60352.]
Task is 14.00% complete.
t1_sim:[68394. 67638. 66675.] t2_sim:[67360. 64989. 63268.]
Task is 15.00% complete.
t1_sim:[63311. 62265. 60242.] t2_sim:[62447. 63279. 62284.]
Task is 16.00% complete.
t1_sim:[58361. 57429. 55919.] t2_sim:[64691. 63135. 62852.]
Task is 17.00% complete.
t1_sim:[63015. 63468. 63171.] t2_sim:[64247. 64386. 64008.]
Task is 18.00% complete.
t1_sim:[62178. 60034. 60561.] t2_sim:[61028. 61095. 61544.]
Task is 19.00% complete.
t1_sim:[62624. 63059. 63654.] t2_sim:[64853. 64583. 64835.]
Task is 20.00% complete.
t1_sim:[65178. 67741. 63408.] t2_sim:[62013. 64483. 59025.]
Task is 21.00% complete.
t1_sim:[58218. 58929. 55660.] t2_sim:[65924. 65023. 62598.]
Task is 22.00% complete.
t1_sim:[61870. 62608. 60392.] t2_sim:[62431. 61255. 62144.]
Task is 23.00% complete.
t1_sim:[68321. 67465. 66432.] t2_sim:[63617. 63385. 62169.]
Task is 24.00% complete.
t1_sim:[64787. 64148. 63424.] t2_sim:[56764. 58241. 57971.]
Task is 25.00% complete.
t1_sim:[62355. 62071. 61584.] t2_sim:[62944. 63699. 63081.]
Task is 26.00% complete.
t1_sim:[57714. 56996. 60337.] t2_sim:[66173. 66686. 65476.]
Task is 27.00% complete.
t1_sim:[63356. 60424. 62684.] t2_sim:[66205. 65463. 65330.]
Task is 28.00% complete.
t1_sim:[60560. 61443. 60438.] t2_sim:[60324. 60020. 62596.]
Task is 29.00% complete.
t1_sim:[61016. 59711. 60897.] t2_sim:[61358. 62620. 60979.]
Task is 30.00% complete.
t1_sim:[66419. 64073. 66784.] t2_sim:[67230. 66469. 68759.]
Task is 31.00% complete.
t1_sim:[59259. 61003. 59378.] t2_sim:[56013. 55529. 58822.]
Task is 32.00% complete.
t1_sim:[61862. 63710. 64913.] t2_sim:[56674. 58065. 60753.]
Task is 33.00% complete.
t1_sim:[64663. 66007. 65033.] t2_sim:[56423. 57339. 57682.]
Task is 34.00% complete.
t1_sim:[64837. 63912. 61739.] t2_sim:[66997. 65974. 64579.]
Task is 35.00% complete.
t1_sim:[67428. 69672. 65076.] t2_sim:[60386. 59500. 61487.]
Task is 36.00% complete.
t1_sim:[63249. 62833. 62925.] t2_sim:[59951. 59396. 59477.]
Task is 37.00% complete.
t1_sim:[63919. 61777. 63893.] t2_sim:[69565. 68289. 67816.]
Task is 38.00% complete.
t1_sim:[59733. 59065. 60870.] t2_sim:[61747. 64345. 63944.]
Task is 39.00% complete.
t1_sim:[65420. 65503. 62147.] t2_sim:[68199. 67356. 69160.]
Task is 40.00% complete.
t1_sim:[62905. 62717. 62867.] t2_sim:[62883. 62255. 63887.]
Task is 41.00% complete.
t1_sim:[58936. 59991. 61975.] t2_sim:[64039. 63794. 65889.]
Task is 42.00% complete.
t1_sim:[63000. 63918. 62391.] t2_sim:[69872. 69294. 70185.]
Task is 43.00% complete.
t1_sim:[60659. 58380. 60611.] t2_sim:[57931. 58502. 56117.]
Task is 44.00% complete.
t1_sim:[61475. 62667. 62450.] t2_sim:[59774. 60242. 57692.]
Task is 45.00% complete.
t1_sim:[64176. 63709. 63330.] t2_sim:[69310. 67432. 64378.]
Task is 46.00% complete.
t1_sim:[61796. 62699. 63995.] t2_sim:[63158. 63158. 63565.]
Task is 47.00% complete.
t1_sim:[63394. 61170. 63884.] t2_sim:[65954. 66170. 62341.]
Task is 48.00% complete.
t1_sim:[58329. 60546. 55292.] t2_sim:[58920. 60021. 63639.]
Task is 49.00% complete.
t1_sim:[64842. 62814. 61212.] t2_sim:[64217. 62975. 64371.]
Task is 50.00% complete.
t1_sim:[66469. 65856. 62519.] t2_sim:[64110. 63149. 61818.]
Task is 51.00% complete.
t1_sim:[64775. 64605. 63688.] t2_sim:[59428. 58509. 60693.]
Task is 52.00% complete.
t1_sim:[62873. 63178. 65384.] t2_sim:[61082. 61810. 62803.]
Task is 53.00% complete.
t1_sim:[66093. 64575. 60842.] t2_sim:[59500. 58983. 56081.]
Task is 54.00% complete.
t1_sim:[58785. 59524. 61279.] t2_sim:[67300. 68680. 65020.]
Task is 55.00% complete.
t1_sim:[65033. 66392. 67069.] t2_sim:[67990. 68968. 68961.]
Task is 56.00% complete.
t1_sim:[58657. 58901. 58545.] t2_sim:[64709. 65915. 65284.]
Task is 57.00% complete.
t1_sim:[65153. 65422. 67349.] t2_sim:[65376. 65903. 65010.]
Task is 58.00% complete.
t1_sim:[59181. 59510. 55834.] t2_sim:[57347. 56340. 54655.]
Task is 59.00% complete.
t1_sim:[68506. 67837. 68504.] t2_sim:[50350. 49635. 46472.]
Task is 60.00% complete.
t1_sim:[62585. 62654. 64360.] t2_sim:[63316. 63610. 63669.]
Task is 61.00% complete.
t1_sim:[69246. 68477. 68083.] t2_sim:[72299. 71580. 68037.]
Task is 62.00% complete.
t1_sim:[63477. 61733. 63357.] t2_sim:[60764. 60135. 61544.]
Task is 63.00% complete.
t1_sim:[61722. 59306. 58166.] t2_sim:[68340. 66798. 66637.]
Task is 64.00% complete.
t1_sim:[65257. 63615. 61207.] t2_sim:[61576. 61617. 60280.]
Task is 65.00% complete.
t1_sim:[66649. 65548. 65131.] t2_sim:[59642. 59342. 57548.]
Task is 66.00% complete.
t1_sim:[64163. 63238. 62708.] t2_sim:[67696. 67186. 65261.]
Task is 67.00% complete.
t1_sim:[54159. 55833. 55869.] t2_sim:[62338. 63837. 58858.]
Task is 68.00% complete.
t1_sim:[61713. 64140. 63750.] t2_sim:[59215. 58804. 59607.]
Task is 69.00% complete.
t1_sim:[65450. 65587. 66168.] t2_sim:[59088. 60028. 57354.]
Task is 70.00% complete.
t1_sim:[64117. 64787. 63581.] t2_sim:[60170. 60603. 64925.]
Task is 71.00% complete.
t1_sim:[60674. 60166. 56850.] t2_sim:[58471. 58448. 60622.]
Task is 72.00% complete.
t1_sim:[66636. 66264. 66785.] t2_sim:[54395. 54458. 56607.]
Task is 73.00% complete.
t1_sim:[61996. 65383. 64951.] t2_sim:[60181. 61477. 58330.]
Task is 74.00% complete.
t1_sim:[57025. 57817. 56718.] t2_sim:[66206. 67134. 63450.]
Task is 75.00% complete.
t1_sim:[61720. 60618. 62649.] t2_sim:[59384. 59094. 62926.]
Task is 76.00% complete.
t1_sim:[66425. 65418. 63598.] t2_sim:[60662. 61335. 62133.]
Task is 77.00% complete.
t1_sim:[60982. 60776. 59300.] t2_sim:[65071. 62953. 64168.]
Task is 78.00% complete.
t1_sim:[66132. 67664. 65446.] t2_sim:[65677. 66279. 66014.]
Task is 79.00% complete.
t1_sim:[63052. 63756. 65131.] t2_sim:[62705. 63792. 63788.]
Task is 80.00% complete.
t1_sim:[59659. 58525. 58699.] t2_sim:[64572. 63282. 62270.]
Task is 81.00% complete.
t1_sim:[61860. 62173. 61756.] t2_sim:[61861. 61530. 61565.]
Task is 82.00% complete.
t1_sim:[61473. 60242. 62185.] t2_sim:[64236. 62809. 65512.]
Task is 83.00% complete.
t1_sim:[62513. 61945. 64975.] t2_sim:[62581. 64358. 68442.]
Task is 84.00% complete.
t1_sim:[58873. 61314. 56620.] t2_sim:[65485. 66573. 65158.]
Task is 85.00% complete.
t1_sim:[65464. 65595. 65212.] t2_sim:[56534. 57006. 56922.]
Task is 86.00% complete.
t1_sim:[65109. 65057. 64373.] t2_sim:[62941. 63235. 62038.]
Task is 87.00% complete.
t1_sim:[63905. 63944. 62513.] t2_sim:[63232. 64323. 64381.]
Task is 88.00% complete.
t1_sim:[60934. 59265. 56264.] t2_sim:[64997. 66065. 63185.]
Task is 89.00% complete.
t1_sim:[58776. 58256. 57658.] t2_sim:[62163. 60715. 62146.]
Task is 90.00% complete.
t1_sim:[63345. 62327. 61134.] t2_sim:[55558. 57387. 60757.]
Task is 91.00% complete.
t1_sim:[66763. 64570. 66383.] t2_sim:[65093. 65595. 67421.]
Task is 92.00% complete.
t1_sim:[65328. 64329. 65372.] t2_sim:[62336. 63190. 60461.]
Task is 93.00% complete.
t1_sim:[64536. 64969. 62913.] t2_sim:[64164. 62703. 63982.]
Task is 94.00% complete.
t1_sim:[67124. 67207. 66780.] t2_sim:[59748. 59780. 60617.]
Task is 95.00% complete.
t1_sim:[69657. 69032. 71553.] t2_sim:[62711. 62668. 65126.]
Task is 96.00% complete.
t1_sim:[61049. 60380. 61246.] t2_sim:[59811. 61202. 62572.]
Task is 97.00% complete.
t1_sim:[64248. 63694. 63536.] t2_sim:[55845. 57005. 62887.]
Task is 98.00% complete.
t1_sim:[60074. 61141. 56051.] t2_sim:[60074. 60969. 59059.]
Task is 99.00% complete.
t1_sim:[62763. 64108. 64536.] t2_sim:[62490. 61268. 63568.]
Training start
t1_obs:[array(99341.), array(82487.), array(76380.)] t2_obs:[array(90634.), array(77918.), array(71503.)]
corr_G1:[None, None, 0.97829006979726] corr_G2:[None, None, 0.9787421781662908]
Training end
Task is 0.00% complete.
t1_sim:[65716. 64969. 63563.] t2_sim:[59160. 58823. 60705.]
Task is 1.00% complete.
t1_sim:[61889. 63078. 65409.] t2_sim:[56718. 56123. 55715.]
Task is 2.00% complete.
t1_sim:[67673. 68530. 69684.] t2_sim:[63351. 64019. 65046.]
Task is 3.00% complete.
t1_sim:[57429. 56754. 56563.] t2_sim:[62698. 62003. 61696.]
Task is 4.00% complete.
t1_sim:[60089. 62259. 64110.] t2_sim:[67128. 66713. 68008.]
Task is 5.00% complete.
t1_sim:[60732. 62570. 62209.] t2_sim:[60427. 61247. 62701.]
Task is 6.00% complete.
t1_sim:[59911. 58722. 60130.] t2_sim:[64879. 65272. 64869.]
Task is 7.00% complete.
t1_sim:[73790. 73746. 74722.] t2_sim:[64039. 63240. 63139.]
Task is 8.00% complete.
t1_sim:[66619. 64410. 63209.] t2_sim:[66513. 66587. 64596.]
Task is 9.00% complete.
t1_sim:[61509. 62670. 63549.] t2_sim:[61181. 61740. 62488.]
Task is 10.00% complete.
t1_sim:[59762. 60104. 60017.] t2_sim:[65805. 66397. 66781.]
Task is 11.00% complete.
t1_sim:[61643. 60616. 60607.] t2_sim:[63469. 63447. 64839.]
Task is 12.00% complete.
t1_sim:[59232. 59363. 57824.] t2_sim:[65680. 66003. 66504.]
Task is 13.00% complete.
t1_sim:[60330. 60389. 60171.] t2_sim:[68989. 68635. 69361.]
Task is 14.00% complete.
t1_sim:[63458. 62878. 60596.] t2_sim:[62438. 62257. 61332.]
Task is 15.00% complete.
t1_sim:[62986. 61036. 61724.] t2_sim:[65191. 65199. 64586.]
Task is 16.00% complete.
t1_sim:[63960. 62240. 63688.] t2_sim:[59092. 57922. 57145.]
Task is 17.00% complete.
t1_sim:[60767. 61759. 60876.] t2_sim:[70527. 68497. 66927.]
Task is 18.00% complete.
t1_sim:[57700. 58072. 56697.] t2_sim:[61093. 61284. 62225.]
Task is 19.00% complete.
t1_sim:[63182. 64188. 63312.] t2_sim:[62201. 63835. 64591.]
Task is 20.00% complete.
t1_sim:[58869. 61669. 60986.] t2_sim:[62008. 62464. 63814.]
Task is 21.00% complete.
t1_sim:[64424. 65014. 65499.] t2_sim:[60350. 60658. 59735.]
Task is 22.00% complete.
t1_sim:[59647. 62274. 61648.] t2_sim:[62678. 61934. 62778.]
Task is 23.00% complete.
t1_sim:[65013. 63222. 63452.] t2_sim:[53622. 52563. 53694.]
Task is 24.00% complete.
t1_sim:[61303. 60169. 59589.] t2_sim:[63256. 62958. 63750.]
Task is 25.00% complete.
t1_sim:[62056. 60957. 60765.] t2_sim:[62310. 61443. 60827.]
Task is 26.00% complete.
t1_sim:[59226. 60280. 60365.] t2_sim:[65532. 66077. 66179.]
Task is 27.00% complete.
t1_sim:[65235. 66132. 66039.] t2_sim:[63624. 62084. 62829.]
Task is 28.00% complete.
t1_sim:[66870. 66881. 65987.] t2_sim:[57638. 58457. 58329.]
Task is 29.00% complete.
t1_sim:[60663. 60235. 61487.] t2_sim:[56867. 57762. 57934.]
Task is 30.00% complete.
t1_sim:[64456. 64740. 64479.] t2_sim:[69305. 69265. 68558.]
Task is 31.00% complete.
t1_sim:[64672. 64625. 63575.] t2_sim:[66655. 65534. 64810.]
Task is 32.00% complete.
t1_sim:[61184. 59421. 59887.] t2_sim:[62141. 62582. 64796.]
Task is 33.00% complete.
t1_sim:[58065. 58538. 59569.] t2_sim:[63072. 63714. 64105.]
Task is 34.00% complete.
t1_sim:[61139. 63168. 62699.] t2_sim:[65258. 63310. 62138.]
Task is 35.00% complete.
t1_sim:[58058. 58326. 60072.] t2_sim:[60494. 60812. 61439.]
Task is 36.00% complete.
t1_sim:[58181. 59122. 59813.] t2_sim:[63837. 62662. 63204.]
Task is 37.00% complete.
t1_sim:[64534. 63351. 64332.] t2_sim:[66459. 66885. 66788.]
Task is 38.00% complete.
t1_sim:[62747. 62061. 63129.] t2_sim:[68293. 67053. 66316.]
Task is 39.00% complete.
t1_sim:[60386. 61268. 61140.] t2_sim:[61589. 60740. 61704.]
Task is 40.00% complete.
t1_sim:[60266. 60867. 60917.] t2_sim:[67508. 68904. 68161.]
Task is 41.00% complete.
t1_sim:[69593. 69595. 68660.] t2_sim:[59785. 58965. 59020.]
Task is 42.00% complete.
t1_sim:[67467. 67893. 67873.] t2_sim:[61386. 61987. 61635.]
Task is 43.00% complete.
t1_sim:[67188. 65791. 65169.] t2_sim:[66448. 67942. 67998.]
Task is 44.00% complete.
t1_sim:[67020. 66552. 66107.] t2_sim:[63032. 63439. 64824.]
Task is 45.00% complete.
t1_sim:[63495. 63810. 64121.] t2_sim:[59247. 58705. 59647.]
Task is 46.00% complete.
t1_sim:[64442. 63628. 62125.] t2_sim:[60139. 61361. 61527.]
Task is 47.00% complete.
t1_sim:[66056. 66602. 68155.] t2_sim:[64379. 64099. 64525.]
Task is 48.00% complete.
t1_sim:[62582. 61018. 60666.] t2_sim:[59161. 59890. 59953.]
Task is 49.00% complete.
t1_sim:[64839. 62822. 62740.] t2_sim:[61726. 62620. 62817.]
Task is 50.00% complete.
t1_sim:[59310. 60248. 59462.] t2_sim:[67557. 66790. 65683.]
Task is 51.00% complete.
t1_sim:[67534. 67965. 67783.] t2_sim:[61027. 61234. 61145.]
Task is 52.00% complete.
t1_sim:[67602. 67225. 67162.] t2_sim:[55039. 55462. 56140.]
Task is 53.00% complete.
t1_sim:[66090. 63892. 62293.] t2_sim:[60756. 60824. 60983.]
Task is 54.00% complete.
t1_sim:[61719. 62596. 62255.] t2_sim:[62999. 63252. 62688.]
Task is 55.00% complete.
t1_sim:[64873. 63337. 63551.] t2_sim:[57654. 58213. 57934.]
Task is 56.00% complete.
t1_sim:[63851. 62908. 66179.] t2_sim:[64083. 63401. 65932.]
Task is 57.00% complete.
t1_sim:[64135. 65667. 65036.] t2_sim:[61982. 61892. 61781.]
Task is 58.00% complete.
t1_sim:[67787. 64451. 64482.] t2_sim:[58772. 59740. 59508.]
Task is 59.00% complete.
t1_sim:[60842. 59667. 60554.] t2_sim:[60302. 59585. 61667.]
Task is 60.00% complete.
t1_sim:[64506. 65442. 67480.] t2_sim:[54528. 55503. 59311.]
Task is 61.00% complete.
t1_sim:[65094. 66402. 66209.] t2_sim:[68336. 65795. 66950.]
Task is 62.00% complete.
t1_sim:[68992. 68555. 68689.] t2_sim:[64466. 65936. 67111.]
Task is 63.00% complete.
t1_sim:[59870. 59334. 60372.] t2_sim:[63100. 63625. 64358.]
Task is 64.00% complete.
t1_sim:[64043. 63591. 61229.] t2_sim:[61127. 60812. 61544.]
Task is 65.00% complete.
t1_sim:[57588. 58875. 59540.] t2_sim:[62426. 62149. 60205.]
Task is 66.00% complete.
t1_sim:[62619. 60231. 60099.] t2_sim:[57431. 57566. 57679.]
Task is 67.00% complete.
t1_sim:[63720. 66643. 67326.] t2_sim:[65091. 63596. 65883.]
Task is 68.00% complete.
t1_sim:[65332. 63333. 63222.] t2_sim:[69575. 70241. 69858.]
Task is 69.00% complete.
t1_sim:[66285. 67737. 68183.] t2_sim:[63235. 64035. 63819.]
Task is 70.00% complete.
t1_sim:[54079. 56348. 56712.] t2_sim:[55786. 56829. 56548.]
Task is 71.00% complete.
t1_sim:[66214. 66334. 66426.] t2_sim:[62359. 64815. 64238.]
Task is 72.00% complete.
t1_sim:[52539. 53016. 50999.] t2_sim:[62310. 61052. 60994.]
Task is 73.00% complete.
t1_sim:[67336. 66971. 66934.] t2_sim:[59881. 60418. 60436.]
Task is 74.00% complete.
t1_sim:[63804. 63586. 64349.] t2_sim:[61078. 60431. 60564.]
Task is 75.00% complete.
t1_sim:[62377. 62032. 61870.] t2_sim:[59696. 58756. 59379.]
Task is 76.00% complete.
t1_sim:[51292. 51254. 54425.] t2_sim:[61492. 61532. 59551.]
Task is 77.00% complete.
t1_sim:[61189. 59509. 58753.] t2_sim:[66180. 65707. 64244.]
Task is 78.00% complete.
t1_sim:[55202. 56415. 56036.] t2_sim:[52832. 52034. 52575.]
Task is 79.00% complete.
t1_sim:[65387. 65806. 64910.] t2_sim:[69302. 67783. 66995.]
Task is 80.00% complete.
t1_sim:[67137. 67776. 66121.] t2_sim:[63549. 62430. 64711.]
Task is 81.00% complete.
t1_sim:[62782. 62007. 64834.] t2_sim:[65054. 65647. 65945.]
Task is 82.00% complete.
t1_sim:[62223. 64260. 65763.] t2_sim:[64185. 64077. 65729.]
Task is 83.00% complete.
t1_sim:[66792. 66042. 65892.] t2_sim:[61547. 61551. 62506.]
Task is 84.00% complete.
t1_sim:[62764. 63979. 63564.] t2_sim:[65609. 65459. 63964.]
Task is 85.00% complete.
t1_sim:[64974. 63404. 63261.] t2_sim:[68038. 67334. 65564.]
Task is 86.00% complete.
t1_sim:[58903. 60199. 59931.] t2_sim:[57805. 56821. 55974.]
Task is 87.00% complete.
t1_sim:[66463. 65513. 65024.] t2_sim:[62915. 62926. 64080.]
Task is 88.00% complete.
t1_sim:[65956. 67318. 67517.] t2_sim:[59740. 60117. 62719.]
Task is 89.00% complete.
t1_sim:[59359. 60842. 59420.] t2_sim:[58171. 57799. 56968.]
Task is 90.00% complete.
t1_sim:[61820. 62470. 60646.] t2_sim:[62375. 61018. 59892.]
Task is 91.00% complete.
t1_sim:[60233. 60324. 60849.] t2_sim:[61046. 61999. 63275.]
Task is 92.00% complete.
t1_sim:[62601. 63011. 61678.] t2_sim:[57153. 56456. 54925.]
Task is 93.00% complete.
t1_sim:[59063. 58162. 59852.] t2_sim:[58942. 58940. 59806.]
Task is 94.00% complete.
t1_sim:[65122. 63358. 62207.] t2_sim:[62882. 63098. 61143.]
Task is 95.00% complete.
t1_sim:[63311. 65048. 64578.] t2_sim:[56648. 56148. 57559.]
Task is 96.00% complete.
t1_sim:[62527. 61267. 60399.] t2_sim:[65398. 63032. 63341.]
Task is 97.00% complete.
t1_sim:[61307. 59636. 59939.] t2_sim:[59449. 58025. 60336.]
Task is 98.00% complete.
t1_sim:[61846. 62788. 61665.] t2_sim:[63038. 64150. 65039.]
Task is 99.00% complete.
t1_sim:[63110. 62631. 61904.] t2_sim:[56968. 58864. 57921.]
Training start
t1_obs:[array(99341.), array(82487.), array(75680.)] t2_obs:[array(90634.), array(77918.), array(67991.)]
corr_G1:[None, None, 0.27034304739826176] corr_G2:[None, None, -0.10664148854904376]
Training end
Task is 0.00% complete.
t1_sim:[69322. 70411. 68084.] t2_sim:[60658. 61865. 57850.]
Task is 1.00% complete.
t1_sim:[62613. 61705. 60582.] t2_sim:[69297. 68803. 63202.]
Task is 2.00% complete.
t1_sim:[63501. 64707. 64521.] t2_sim:[60402. 60901. 56520.]
Task is 3.00% complete.
t1_sim:[64956. 66205. 64433.] t2_sim:[61219. 61045. 56397.]
Task is 4.00% complete.
t1_sim:[55220. 57902. 60634.] t2_sim:[62388. 63191. 58110.]
Task is 5.00% complete.
t1_sim:[58605. 57581. 57761.] t2_sim:[60094. 61236. 56940.]
Task is 6.00% complete.
t1_sim:[64055. 63659. 63762.] t2_sim:[60204. 58797. 52989.]
Task is 7.00% complete.
t1_sim:[66202. 64981. 64017.] t2_sim:[60200. 59592. 56186.]
Task is 8.00% complete.
t1_sim:[64660. 64048. 60255.] t2_sim:[61209. 61163. 57886.]
Task is 9.00% complete.
t1_sim:[65556. 63818. 66263.] t2_sim:[61227. 60641. 56757.]
Task is 10.00% complete.
t1_sim:[58317. 59935. 60842.] t2_sim:[60189. 60365. 54688.]
Task is 11.00% complete.
t1_sim:[60460. 61916. 60654.] t2_sim:[67794. 69035. 60200.]
Task is 12.00% complete.
t1_sim:[61064. 59337. 60618.] t2_sim:[61920. 63312. 57106.]
Task is 13.00% complete.
t1_sim:[65063. 65789. 65453.] t2_sim:[63674. 64065. 59219.]
Task is 14.00% complete.
t1_sim:[58822. 58591. 60756.] t2_sim:[64507. 64223. 57837.]
Task is 15.00% complete.
t1_sim:[59371. 60246. 60998.] t2_sim:[63981. 63427. 58171.]
Task is 16.00% complete.
t1_sim:[59992. 58872. 57435.] t2_sim:[64040. 64336. 57769.]
Task is 17.00% complete.
t1_sim:[58051. 57046. 57051.] t2_sim:[61744. 61310. 55997.]
Task is 18.00% complete.
t1_sim:[59220. 60901. 61592.] t2_sim:[62557. 63983. 59702.]
Task is 19.00% complete.
t1_sim:[60981. 60066. 57887.] t2_sim:[61684. 61366. 58530.]
Task is 20.00% complete.
t1_sim:[57345. 57908. 58266.] t2_sim:[66796. 66892. 60608.]
Task is 21.00% complete.
t1_sim:[64957. 64893. 66114.] t2_sim:[68562. 69623. 65080.]
Task is 22.00% complete.
t1_sim:[64853. 62422. 63859.] t2_sim:[68887. 69469. 63178.]
Task is 23.00% complete.
t1_sim:[64927. 63769. 62858.] t2_sim:[64831. 65495. 61055.]
Task is 24.00% complete.
t1_sim:[65133. 63387. 64221.] t2_sim:[60305. 60604. 55247.]
Task is 25.00% complete.
t1_sim:[63239. 63939. 64372.] t2_sim:[63858. 63507. 57094.]
Task is 26.00% complete.
t1_sim:[62581. 62003. 62711.] t2_sim:[59589. 59475. 54991.]
Task is 27.00% complete.
t1_sim:[62159. 61660. 61131.] t2_sim:[63950. 64957. 60825.]
Task is 28.00% complete.
t1_sim:[57724. 58939. 56586.] t2_sim:[63922. 63138. 60581.]
Task is 29.00% complete.
t1_sim:[59987. 59060. 59461.] t2_sim:[66888. 68248. 61596.]
Task is 30.00% complete.
t1_sim:[60169. 60961. 60787.] t2_sim:[60072. 60397. 52442.]
Task is 31.00% complete.
t1_sim:[66679. 66299. 66248.] t2_sim:[59419. 60392. 55846.]
Task is 32.00% complete.
t1_sim:[65527. 64373. 63115.] t2_sim:[62894. 64554. 59622.]
Task is 33.00% complete.
t1_sim:[63476. 63623. 62273.] t2_sim:[54637. 57234. 52298.]
Task is 34.00% complete.
t1_sim:[61384. 60673. 58780.] t2_sim:[63615. 62377. 57046.]
Task is 35.00% complete.
t1_sim:[64937. 62642. 62076.] t2_sim:[59369. 59546. 53574.]
Task is 36.00% complete.
t1_sim:[59986. 59090. 57613.] t2_sim:[61876. 63078. 57428.]
Task is 37.00% complete.
t1_sim:[65835. 66517. 64810.] t2_sim:[71284. 71462. 64428.]
Task is 38.00% complete.
t1_sim:[59382. 60654. 57805.] t2_sim:[64054. 63734. 57375.]
Task is 39.00% complete.
t1_sim:[60360. 62554. 61582.] t2_sim:[65070. 65549. 60883.]
Task is 40.00% complete.
t1_sim:[67724. 66315. 66876.] t2_sim:[63497. 62957. 57617.]
Task is 41.00% complete.
t1_sim:[63713. 65679. 65931.] t2_sim:[67837. 67427. 60539.]
Task is 42.00% complete.
t1_sim:[62602. 62435. 63850.] t2_sim:[64977. 64840. 58663.]
Task is 43.00% complete.
t1_sim:[59084. 58354. 57600.] t2_sim:[67519. 66173. 63548.]
Task is 44.00% complete.
t1_sim:[68331. 68851. 68177.] t2_sim:[65912. 65716. 58838.]
Task is 45.00% complete.
t1_sim:[61425. 61334. 60285.] t2_sim:[61352. 61020. 56456.]
Task is 46.00% complete.
t1_sim:[63748. 63012. 61429.] t2_sim:[61949. 60726. 57321.]
Task is 47.00% complete.
t1_sim:[60666. 62501. 61160.] t2_sim:[63481. 64261. 57265.]
Task is 48.00% complete.
t1_sim:[61830. 59817. 59360.] t2_sim:[60026. 58515. 52928.]
Task is 49.00% complete.
t1_sim:[63870. 63401. 60649.] t2_sim:[60021. 58732. 55228.]
Task is 50.00% complete.
t1_sim:[62647. 61875. 59248.] t2_sim:[61693. 60333. 57171.]
Task is 51.00% complete.
t1_sim:[61668. 60672. 62075.] t2_sim:[59122. 59645. 54535.]
Task is 52.00% complete.
t1_sim:[56381. 58213. 58243.] t2_sim:[62352. 62899. 57070.]
Task is 53.00% complete.
t1_sim:[59379. 60548. 59904.] t2_sim:[66749. 65238. 60590.]
Task is 54.00% complete.
t1_sim:[60880. 61816. 59039.] t2_sim:[63348. 64186. 58830.]
Task is 55.00% complete.
t1_sim:[64580. 65671. 65577.] t2_sim:[66125. 65532. 57597.]
Task is 56.00% complete.
t1_sim:[62682. 62780. 61988.] t2_sim:[62797. 62678. 58376.]
Task is 57.00% complete.
t1_sim:[64194. 64951. 64686.] t2_sim:[62282. 61363. 56233.]
Task is 58.00% complete.
t1_sim:[63392. 62569. 59259.] t2_sim:[60315. 62361. 57584.]
Task is 59.00% complete.
t1_sim:[59531. 57631. 57731.] t2_sim:[59648. 60241. 54419.]
Task is 60.00% complete.
t1_sim:[62084. 62098. 62972.] t2_sim:[61027. 62169. 57660.]
Task is 61.00% complete.
t1_sim:[63120. 62318. 61411.] t2_sim:[66357. 68522. 61771.]
Task is 62.00% complete.
t1_sim:[59520. 61228. 61022.] t2_sim:[61452. 61483. 57663.]
Task is 63.00% complete.
t1_sim:[59175. 61294. 59593.] t2_sim:[64869. 65921. 59568.]
Task is 64.00% complete.
t1_sim:[58702. 61029. 61144.] t2_sim:[63795. 64817. 60241.]
Task is 65.00% complete.
t1_sim:[65460. 66338. 64775.] t2_sim:[61741. 60564. 57236.]
Task is 66.00% complete.
t1_sim:[64498. 61717. 61009.] t2_sim:[64588. 65001. 61358.]
Task is 67.00% complete.
t1_sim:[56648. 57326. 56227.] t2_sim:[62614. 62825. 57208.]
Task is 68.00% complete.
t1_sim:[63286. 63547. 62692.] t2_sim:[59787. 59648. 54997.]
Task is 69.00% complete.
t1_sim:[63621. 64160. 66072.] t2_sim:[60911. 61586. 54514.]
Task is 70.00% complete.
t1_sim:[62753. 63571. 63858.] t2_sim:[67637. 65914. 61679.]
Task is 71.00% complete.
t1_sim:[64123. 64343. 63490.] t2_sim:[58433. 58531. 55005.]
Task is 72.00% complete.
t1_sim:[60089. 60557. 60042.] t2_sim:[62486. 63152. 59205.]
Task is 73.00% complete.
t1_sim:[61005. 61780. 61458.] t2_sim:[67671. 67138. 62562.]
Task is 74.00% complete.
t1_sim:[60877. 60364. 61210.] t2_sim:[62213. 61871. 58112.]
Task is 75.00% complete.
t1_sim:[63243. 63535. 62679.] t2_sim:[64658. 63630. 58766.]
Task is 76.00% complete.
t1_sim:[57843. 59661. 60270.] t2_sim:[60636. 60487. 56735.]
Task is 77.00% complete.
t1_sim:[61371. 61751. 62462.] t2_sim:[66291. 65092. 60578.]
Task is 78.00% complete.
t1_sim:[56053. 57375. 55782.] t2_sim:[60825. 58767. 55836.]
Task is 79.00% complete.
t1_sim:[63087. 63414. 61586.] t2_sim:[63424. 64112. 59145.]
Task is 80.00% complete.
t1_sim:[60693. 58309. 59795.] t2_sim:[66150. 66871. 63731.]
Task is 81.00% complete.
t1_sim:[60550. 61564. 60858.] t2_sim:[62571. 61187. 56891.]
Task is 82.00% complete.
t1_sim:[67292. 67578. 66367.] t2_sim:[63005. 61034. 56062.]
Task is 83.00% complete.
t1_sim:[61482. 61691. 62038.] t2_sim:[54265. 56007. 52893.]
Task is 84.00% complete.
t1_sim:[57416. 57956. 59622.] t2_sim:[62135. 62891. 59867.]
Task is 85.00% complete.
t1_sim:[61381. 61547. 61861.] t2_sim:[61910. 62873. 57521.]
Task is 86.00% complete.
t1_sim:[61213. 61026. 61737.] t2_sim:[63508. 64700. 60577.]
Task is 87.00% complete.
t1_sim:[63851. 64138. 62717.] t2_sim:[65360. 66057. 60632.]
Task is 88.00% complete.
t1_sim:[56872. 58129. 57799.] t2_sim:[56570. 57308. 51907.]
Task is 89.00% complete.
t1_sim:[66311. 65846. 62875.] t2_sim:[59429. 58822. 55621.]
Task is 90.00% complete.
t1_sim:[65857. 64291. 64806.] t2_sim:[62098. 62237. 57709.]
Task is 91.00% complete.
t1_sim:[57524. 56787. 58392.] t2_sim:[54299. 55072. 49535.]
Task is 92.00% complete.
t1_sim:[63919. 64687. 63603.] t2_sim:[60772. 61683. 55519.]
Task is 93.00% complete.
t1_sim:[69282. 69020. 67965.] t2_sim:[48854. 50366. 45282.]
Task is 94.00% complete.
t1_sim:[66505. 64683. 62105.] t2_sim:[65309. 61646. 56724.]
Task is 95.00% complete.
t1_sim:[63098. 62753. 61423.] t2_sim:[61760. 61758. 56023.]
Task is 96.00% complete.
t1_sim:[56916. 56216. 57289.] t2_sim:[63044. 63802. 59973.]
Task is 97.00% complete.
t1_sim:[63006. 65151. 65034.] t2_sim:[64273. 64874. 59125.]
Task is 98.00% complete.
t1_sim:[56365. 56717. 60325.] t2_sim:[68412. 67029. 62303.]
Task is 99.00% complete.
t1_sim:[61696. 61164. 60195.] t2_sim:[64256. 63443. 60373.]
Finished
