Begin
Training start
t1_obs:[array(91747.), array(75165.), array(69040.)] t2_obs:[array(95644.), array(80083.), array(70758.)]
corr_G1:[None, None, -1.0680153215274272e-17] corr_G2:[None, None, 0]
Training end
Task is 0.00% complete.
t1_sim:[62392. 61053. 60166.] t2_sim:[61704. 61198. 62555.]
Task is 1.00% complete.
t1_sim:[62307. 63632. 63385.] t2_sim:[69490. 70182. 68128.]
Task is 2.00% complete.
t1_sim:[63820. 65478. 64965.] t2_sim:[65763. 66164. 62242.]
Task is 3.00% complete.
t1_sim:[62079. 65382. 62816.] t2_sim:[66783. 66843. 66654.]
Task is 4.00% complete.
t1_sim:[54767. 55682. 56201.] t2_sim:[57926. 57749. 60559.]
Task is 5.00% complete.
t1_sim:[59438. 59511. 57549.] t2_sim:[63916. 64143. 64596.]
Task is 6.00% complete.
t1_sim:[65783. 67048. 64447.] t2_sim:[60913. 60309. 61783.]
Task is 7.00% complete.
t1_sim:[60125. 57233. 58915.] t2_sim:[56810. 56377. 60418.]
Task is 8.00% complete.
t1_sim:[65311. 64386. 61213.] t2_sim:[59058. 60655. 59944.]
Task is 9.00% complete.
t1_sim:[62968. 63087. 62191.] t2_sim:[66063. 66612. 62074.]
Task is 10.00% complete.
t1_sim:[59518. 60605. 59920.] t2_sim:[55963. 56191. 56452.]
Task is 11.00% complete.
t1_sim:[60260. 63072. 59038.] t2_sim:[57790. 58824. 58032.]
Task is 12.00% complete.
t1_sim:[62473. 62063. 61378.] t2_sim:[63058. 63696. 61357.]
Task is 13.00% complete.
t1_sim:[58522. 58395. 61560.] t2_sim:[66490. 69108. 69400.]
Task is 14.00% complete.
t1_sim:[61764. 60847. 60954.] t2_sim:[53733. 56313. 56296.]
Task is 15.00% complete.
t1_sim:[62017. 62049. 63060.] t2_sim:[63535. 61098. 62790.]
Task is 16.00% complete.
t1_sim:[62810. 63683. 61593.] t2_sim:[61292. 65026. 66180.]
Task is 17.00% complete.
t1_sim:[59797. 59981. 60370.] t2_sim:[64157. 64962. 63815.]
Task is 18.00% complete.
t1_sim:[62995. 62468. 62090.] t2_sim:[69431. 69780. 65502.]
Task is 19.00% complete.
t1_sim:[61275. 62423. 62831.] t2_sim:[60442. 63140. 60101.]
Task is 20.00% complete.
t1_sim:[62681. 63706. 62595.] t2_sim:[66093. 67820. 65671.]
Task is 21.00% complete.
t1_sim:[59646. 58292. 58948.] t2_sim:[56980. 54339. 61266.]
Task is 22.00% complete.
t1_sim:[62157. 62172. 61193.] t2_sim:[63660. 64385. 63707.]
Task is 23.00% complete.
t1_sim:[62026. 62244. 59894.] t2_sim:[67893. 68531. 66865.]
Task is 24.00% complete.
t1_sim:[67312. 65731. 65709.] t2_sim:[68774. 66768. 68583.]
Task is 25.00% complete.
t1_sim:[55240. 55874. 56418.] t2_sim:[55425. 55771. 56563.]
Task is 26.00% complete.
t1_sim:[70020. 70460. 72571.] t2_sim:[63048. 62200. 64221.]
Task is 27.00% complete.
t1_sim:[67569. 65183. 65893.] t2_sim:[61857. 62224. 62510.]
Task is 28.00% complete.
t1_sim:[69194. 68973. 68243.] t2_sim:[55468. 55118. 55734.]
Task is 29.00% complete.
t1_sim:[63505. 63563. 67272.] t2_sim:[63084. 63439. 64828.]
Task is 30.00% complete.
t1_sim:[63343. 63184. 63012.] t2_sim:[65039. 64558. 66873.]
Task is 31.00% complete.
t1_sim:[66241. 64760. 65749.] t2_sim:[64368. 64797. 62183.]
Task is 32.00% complete.
t1_sim:[57923. 58309. 58757.] t2_sim:[66007. 66432. 65320.]
Task is 33.00% complete.
t1_sim:[57564. 57657. 58205.] t2_sim:[61869. 62882. 64964.]
Task is 34.00% complete.
t1_sim:[63044. 64380. 66101.] t2_sim:[60899. 59679. 61287.]
Task is 35.00% complete.
t1_sim:[62936. 62413. 63537.] t2_sim:[63571. 62385. 62656.]
Task is 36.00% complete.
t1_sim:[62718. 62429. 62669.] t2_sim:[58568. 59198. 62581.]
Task is 37.00% complete.
t1_sim:[62796. 63670. 61072.] t2_sim:[66674. 66418. 66585.]
Task is 38.00% complete.
t1_sim:[61503. 62185. 59504.] t2_sim:[58898. 60301. 59356.]
Task is 39.00% complete.
t1_sim:[61057. 59118. 58062.] t2_sim:[63691. 64330. 64739.]
Task is 40.00% complete.
t1_sim:[62389. 63315. 63675.] t2_sim:[66654. 67155. 66206.]
Task is 41.00% complete.
t1_sim:[64328. 63730. 61687.] t2_sim:[63954. 63546. 66260.]
Task is 42.00% complete.
t1_sim:[62831. 62446. 61897.] t2_sim:[65274. 65136. 65716.]
Task is 43.00% complete.
t1_sim:[61699. 63099. 61413.] t2_sim:[58918. 60027. 58084.]
Task is 44.00% complete.
t1_sim:[60312. 60421. 59053.] t2_sim:[58899. 61040. 56664.]
Task is 45.00% complete.
t1_sim:[58127. 58777. 60949.] t2_sim:[64738. 62169. 63935.]
Task is 46.00% complete.
t1_sim:[64362. 64310. 63950.] t2_sim:[62975. 63580. 64526.]
Task is 47.00% complete.
t1_sim:[63668. 59546. 60847.] t2_sim:[67869. 68504. 62524.]
Task is 48.00% complete.
t1_sim:[58085. 59133. 60811.] t2_sim:[55740. 57741. 56364.]
Task is 49.00% complete.
t1_sim:[65150. 66905. 65576.] t2_sim:[59860. 60383. 61549.]
Task is 50.00% complete.
t1_sim:[62045. 62384. 63801.] t2_sim:[58413. 58336. 60094.]
Task is 51.00% complete.
t1_sim:[61665. 60941. 63504.] t2_sim:[67900. 68887. 66070.]
Task is 52.00% complete.
t1_sim:[62623. 61812. 62820.] t2_sim:[66777. 66127. 67395.]
Task is 53.00% complete.
t1_sim:[62032. 61745. 58460.] t2_sim:[62112. 61509. 62930.]
Task is 54.00% complete.
t1_sim:[65323. 65601. 64230.] t2_sim:[68139. 67497. 67981.]
Task is 55.00% complete.
t1_sim:[65040. 63290. 66255.] t2_sim:[62376. 62208. 62920.]
Task is 56.00% complete.
t1_sim:[65820. 63983. 61829.] t2_sim:[58362. 60907. 59886.]
Task is 57.00% complete.
t1_sim:[63814. 62222. 64543.] t2_sim:[66954. 68246. 65611.]
Task is 58.00% complete.
t1_sim:[64243. 63293. 66717.] t2_sim:[62194. 62298. 59332.]
Task is 59.00% complete.
t1_sim:[63772. 63727. 66408.] t2_sim:[61447. 60818. 65496.]
Task is 60.00% complete.
t1_sim:[59573. 60291. 60766.] t2_sim:[56190. 56282. 57640.]
Task is 61.00% complete.
t1_sim:[59367. 58070. 58525.] t2_sim:[63204. 63077. 65251.]
Task is 62.00% complete.
t1_sim:[55661. 55607. 58298.] t2_sim:[61641. 60099. 59994.]
Task is 63.00% complete.
t1_sim:[64696. 66135. 65163.] t2_sim:[62996. 63163. 61767.]
Task is 64.00% complete.
t1_sim:[60180. 60478. 63420.] t2_sim:[67157. 67773. 63561.]
Task is 65.00% complete.
t1_sim:[63638. 62821. 64377.] t2_sim:[61815. 63009. 61788.]
Task is 66.00% complete.
t1_sim:[59231. 58153. 59456.] t2_sim:[57981. 57560. 59998.]
Task is 67.00% complete.
t1_sim:[64404. 67972. 63658.] t2_sim:[61089. 61976. 62280.]
Task is 68.00% complete.
t1_sim:[65273. 63843. 66891.] t2_sim:[69997. 68402. 70186.]
Task is 69.00% complete.
t1_sim:[61997. 63330. 63040.] t2_sim:[60384. 60395. 60451.]
Task is 70.00% complete.
t1_sim:[62686. 63031. 63186.] t2_sim:[64142. 63319. 63767.]
Task is 71.00% complete.
t1_sim:[61799. 63049. 63709.] t2_sim:[65084. 65958. 63294.]
Task is 72.00% complete.
t1_sim:[64709. 64345. 65433.] t2_sim:[68677. 69074. 64686.]
Task is 73.00% complete.
t1_sim:[62085. 63103. 61972.] t2_sim:[67242. 67109. 68700.]
Task is 74.00% complete.
t1_sim:[59257. 59885. 57913.] t2_sim:[66128. 64951. 64717.]
Task is 75.00% complete.
t1_sim:[65360. 65664. 65490.] t2_sim:[58366. 58764. 61635.]
Task is 76.00% complete.
t1_sim:[62000. 61353. 61307.] t2_sim:[58685. 58853. 60754.]
Task is 77.00% complete.
t1_sim:[56192. 57329. 56483.] t2_sim:[60926. 61656. 60008.]
Task is 78.00% complete.
t1_sim:[58172. 60551. 62968.] t2_sim:[58515. 59198. 61676.]
Task is 79.00% complete.
t1_sim:[62193. 62502. 62614.] t2_sim:[63462. 63969. 62922.]
Task is 80.00% complete.
t1_sim:[59867. 60513. 61965.] t2_sim:[65532. 63969. 67701.]
Task is 81.00% complete.
t1_sim:[57501. 59043. 57752.] t2_sim:[62315. 62295. 61290.]
Task is 82.00% complete.
t1_sim:[66863. 66095. 68424.] t2_sim:[61562. 59519. 58498.]
Task is 83.00% complete.
t1_sim:[61135. 60502. 62980.] t2_sim:[62410. 61871. 59852.]
Task is 84.00% complete.
t1_sim:[60814. 60560. 59269.] t2_sim:[64256. 62417. 65788.]
Task is 85.00% complete.
t1_sim:[63199. 64124. 64962.] t2_sim:[61817. 60482. 63916.]
Task is 86.00% complete.
t1_sim:[62040. 62667. 64359.] t2_sim:[58748. 58604. 59322.]
Task is 87.00% complete.
t1_sim:[65153. 64720. 63053.] t2_sim:[60365. 61041. 61175.]
Task is 88.00% complete.
t1_sim:[53481. 55148. 58082.] t2_sim:[61982. 62306. 61815.]
Task is 89.00% complete.
t1_sim:[67057. 66935. 66213.] t2_sim:[57894. 56804. 57092.]
Task is 90.00% complete.
t1_sim:[65776. 65630. 64353.] t2_sim:[63127. 61525. 64484.]
Task is 91.00% complete.
t1_sim:[63618. 64650. 65809.] t2_sim:[60632. 61609. 61851.]
Task is 92.00% complete.
t1_sim:[62009. 61410. 63965.] t2_sim:[57353. 56900. 59492.]
Task is 93.00% complete.
t1_sim:[61349. 61952. 65177.] t2_sim:[61531. 62812. 62226.]
Task is 94.00% complete.
t1_sim:[67749. 68746. 67631.] t2_sim:[62556. 61513. 61741.]
Task is 95.00% complete.
t1_sim:[55803. 57154. 56319.] t2_sim:[64928. 65907. 64354.]
Task is 96.00% complete.
t1_sim:[62251. 60054. 62698.] t2_sim:[62235. 61709. 61103.]
Task is 97.00% complete.
t1_sim:[57590. 58654. 60297.] t2_sim:[56901. 55975. 55686.]
Task is 98.00% complete.
t1_sim:[61679. 62570. 60390.] t2_sim:[63746. 64538. 66435.]
Task is 99.00% complete.
t1_sim:[61678. 61025. 59414.] t2_sim:[61102. 62402. 60575.]
Training start
t1_obs:[array(91747.), array(75165.), array(71854.)] t2_obs:[array(95644.), array(80083.), array(74714.)]
corr_G1:[None, None, 0.9846106429857585] corr_G2:[None, None, 0.9733161101682515]
Training end
Task is 0.00% complete.
t1_sim:[65256. 65530. 64993.] t2_sim:[58207. 58424. 58451.]
Task is 1.00% complete.
t1_sim:[65672. 64801. 63394.] t2_sim:[61794. 63249. 64044.]
Task is 2.00% complete.
t1_sim:[60151. 63338. 62725.] t2_sim:[60862. 61247. 61830.]
Task is 3.00% complete.
t1_sim:[61201. 62423. 61000.] t2_sim:[63444. 61223. 60766.]
Task is 4.00% complete.
t1_sim:[61579. 60890. 60892.] t2_sim:[55540. 54385. 55388.]
Task is 5.00% complete.
t1_sim:[58773. 60102. 57933.] t2_sim:[62219. 63753. 65441.]
Task is 6.00% complete.
t1_sim:[63554. 62555. 62311.] t2_sim:[62312. 62513. 62652.]
Task is 7.00% complete.
t1_sim:[63642. 63297. 62259.] t2_sim:[61752. 61741. 61992.]
Task is 8.00% complete.
t1_sim:[61916. 60774. 60263.] t2_sim:[60494. 61592. 61711.]
Task is 9.00% complete.
t1_sim:[63446. 64001. 62807.] t2_sim:[62247. 62596. 63065.]
Task is 10.00% complete.
t1_sim:[65089. 63346. 64762.] t2_sim:[60963. 62342. 63181.]
Task is 11.00% complete.
t1_sim:[63320. 62812. 61859.] t2_sim:[62204. 61086. 61738.]
Task is 12.00% complete.
t1_sim:[67313. 66180. 65061.] t2_sim:[66924. 68174. 68167.]
Task is 13.00% complete.
t1_sim:[70673. 68841. 70310.] t2_sim:[62786. 62451. 62298.]
Task is 14.00% complete.
t1_sim:[62331. 63249. 62673.] t2_sim:[65656. 63547. 63617.]
Task is 15.00% complete.
t1_sim:[60828. 60494. 60032.] t2_sim:[59857. 61510. 61421.]
Task is 16.00% complete.
t1_sim:[63973. 65450. 66132.] t2_sim:[61600. 62658. 63256.]
Task is 17.00% complete.
t1_sim:[61644. 61992. 60005.] t2_sim:[61933. 62836. 62243.]
Task is 18.00% complete.
t1_sim:[62644. 63137. 61622.] t2_sim:[57624. 58739. 57878.]
Task is 19.00% complete.
t1_sim:[67935. 67733. 68848.] t2_sim:[67792. 68002. 66373.]
Task is 20.00% complete.
t1_sim:[59134. 59578. 58879.] t2_sim:[63449. 64714. 62570.]
Task is 21.00% complete.
t1_sim:[61015. 61635. 61636.] t2_sim:[64327. 62107. 62604.]
Task is 22.00% complete.
t1_sim:[65345. 64598. 63187.] t2_sim:[66772. 66602. 65984.]
Task is 23.00% complete.
t1_sim:[57988. 57221. 57813.] t2_sim:[62168. 63912. 63333.]
Task is 24.00% complete.
t1_sim:[61358. 61331. 60329.] t2_sim:[59424. 59838. 59369.]
Task is 25.00% complete.
t1_sim:[61952. 62842. 65457.] t2_sim:[65364. 65715. 64716.]
Task is 26.00% complete.
t1_sim:[62794. 61043. 59933.] t2_sim:[64180. 63189. 60819.]
Task is 27.00% complete.
t1_sim:[63244. 63873. 62680.] t2_sim:[64138. 65688. 66198.]
Task is 28.00% complete.
t1_sim:[65414. 65167. 64056.] t2_sim:[61691. 62145. 60998.]
Task is 29.00% complete.
t1_sim:[56972. 57771. 57203.] t2_sim:[69241. 67679. 67456.]
Task is 30.00% complete.
t1_sim:[58074. 57371. 56927.] t2_sim:[62002. 63103. 64492.]
Task is 31.00% complete.
t1_sim:[64964. 65464. 65297.] t2_sim:[57117. 55683. 56573.]
Task is 32.00% complete.
t1_sim:[57280. 61348. 61134.] t2_sim:[58255. 56800. 56974.]
Task is 33.00% complete.
t1_sim:[63817. 63593. 64143.] t2_sim:[64582. 65295. 62107.]
Task is 34.00% complete.
t1_sim:[65668. 64643. 61889.] t2_sim:[62093. 61133. 60071.]
Task is 35.00% complete.
t1_sim:[63998. 66650. 66328.] t2_sim:[61629. 62575. 63531.]
Task is 36.00% complete.
t1_sim:[63586. 64847. 64405.] t2_sim:[66262. 63397. 62331.]
Task is 37.00% complete.
t1_sim:[60000. 61962. 61202.] t2_sim:[63445. 64833. 63924.]
Task is 38.00% complete.
t1_sim:[69266. 70549. 69078.] t2_sim:[64815. 65705. 64781.]
Task is 39.00% complete.
t1_sim:[69484. 68595. 67652.] t2_sim:[65007. 64664. 61984.]
Task is 40.00% complete.
t1_sim:[58098. 56188. 56950.] t2_sim:[55231. 56542. 57453.]
Task is 41.00% complete.
t1_sim:[66093. 66386. 65983.] t2_sim:[61358. 63139. 63084.]
Task is 42.00% complete.
t1_sim:[61294. 59891. 61309.] t2_sim:[58443. 58157. 58098.]
Task is 43.00% complete.
t1_sim:[62126. 61127. 63077.] t2_sim:[63116. 62334. 62629.]
Task is 44.00% complete.
t1_sim:[61355. 60410. 60579.] t2_sim:[61895. 61400. 61159.]
Task is 45.00% complete.
t1_sim:[66206. 66626. 66804.] t2_sim:[64280. 64707. 66280.]
Task is 46.00% complete.
t1_sim:[60192. 60976. 61145.] t2_sim:[61600. 61407. 62555.]
Task is 47.00% complete.
t1_sim:[65540. 65225. 62158.] t2_sim:[62897. 60865. 60688.]
Task is 48.00% complete.
t1_sim:[64163. 64882. 64940.] t2_sim:[65041. 64824. 65154.]
Task is 49.00% complete.
t1_sim:[56700. 56326. 56179.] t2_sim:[60884. 59763. 59109.]
Task is 50.00% complete.
t1_sim:[62611. 61762. 61565.] t2_sim:[63815. 63646. 65966.]
Task is 51.00% complete.
t1_sim:[62503. 63156. 62985.] t2_sim:[58422. 59356. 59540.]
Task is 52.00% complete.
t1_sim:[60033. 60359. 60150.] t2_sim:[60328. 60535. 60761.]
Task is 53.00% complete.
t1_sim:[67967. 68359. 68317.] t2_sim:[59787. 58890. 59177.]
Task is 54.00% complete.
t1_sim:[64397. 63505. 61950.] t2_sim:[65093. 64497. 61524.]
Task is 55.00% complete.
t1_sim:[65287. 64977. 62941.] t2_sim:[62631. 62439. 64062.]
Task is 56.00% complete.
t1_sim:[62073. 64038. 63276.] t2_sim:[59428. 60964. 63366.]
Task is 57.00% complete.
t1_sim:[63231. 63976. 62142.] t2_sim:[63019. 63721. 64920.]
Task is 58.00% complete.
t1_sim:[65108. 64519. 63863.] t2_sim:[61189. 59909. 59435.]
Task is 59.00% complete.
t1_sim:[65540. 66176. 66247.] t2_sim:[65929. 61761. 63231.]
Task is 60.00% complete.
t1_sim:[58658. 57541. 58306.] t2_sim:[64332. 64006. 63433.]
Task is 61.00% complete.
t1_sim:[61329. 61506. 61563.] t2_sim:[58529. 59420. 59407.]
Task is 62.00% complete.
t1_sim:[63147. 63478. 63188.] t2_sim:[59844. 60491. 60258.]
Task is 63.00% complete.
t1_sim:[61197. 60181. 60722.] t2_sim:[58169. 57494. 56942.]
Task is 64.00% complete.
t1_sim:[64828. 65898. 68028.] t2_sim:[62730. 64697. 65156.]
Task is 65.00% complete.
t1_sim:[65754. 65106. 64337.] t2_sim:[66508. 67084. 65677.]
Task is 66.00% complete.
t1_sim:[62664. 62073. 63055.] t2_sim:[61677. 60082. 60613.]
Task is 67.00% complete.
t1_sim:[62133. 60884. 59432.] t2_sim:[61569. 61902. 60379.]
Task is 68.00% complete.
t1_sim:[59978. 58743. 58428.] t2_sim:[65367. 65736. 67239.]
Task is 69.00% complete.
t1_sim:[63340. 64723. 63401.] t2_sim:[58942. 60244. 61672.]
Task is 70.00% complete.
t1_sim:[64626. 63960. 65199.] t2_sim:[64658. 63036. 61655.]
Task is 71.00% complete.
t1_sim:[63405. 63334. 65123.] t2_sim:[61808. 62947. 62937.]
Task is 72.00% complete.
t1_sim:[65082. 63668. 61851.] t2_sim:[61396. 61675. 61824.]
Task is 73.00% complete.
t1_sim:[58974. 58598. 59758.] t2_sim:[60555. 60728. 61275.]
Task is 74.00% complete.
t1_sim:[60272. 61088. 61141.] t2_sim:[65775. 65380. 66442.]
Task is 75.00% complete.
t1_sim:[65470. 63516. 63124.] t2_sim:[65152. 65570. 65487.]
Task is 76.00% complete.
t1_sim:[59203. 59905. 60620.] t2_sim:[57723. 58791. 60893.]
Task is 77.00% complete.
t1_sim:[64197. 65937. 65657.] t2_sim:[66029. 65016. 64343.]
Task is 78.00% complete.
t1_sim:[62146. 61911. 60991.] t2_sim:[59653. 58825. 57548.]
Task is 79.00% complete.
t1_sim:[62947. 62614. 61155.] t2_sim:[64380. 63064. 60895.]
Task is 80.00% complete.
t1_sim:[58567. 58259. 58913.] t2_sim:[64568. 67256. 66797.]
Task is 81.00% complete.
t1_sim:[56948. 54034. 54864.] t2_sim:[56464. 57441. 57476.]
Task is 82.00% complete.
t1_sim:[62014. 60862. 59492.] t2_sim:[64827. 62938. 64902.]
Task is 83.00% complete.
t1_sim:[63482. 63049. 62958.] t2_sim:[64229. 63083. 62352.]
Task is 84.00% complete.
t1_sim:[61162. 60624. 60017.] t2_sim:[62487. 61676. 62839.]
Task is 85.00% complete.
t1_sim:[66032. 66168. 67156.] t2_sim:[61980. 61198. 60970.]
Task is 86.00% complete.
t1_sim:[66619. 63134. 64436.] t2_sim:[59261. 61295. 60338.]
Task is 87.00% complete.
t1_sim:[61778. 63471. 63132.] t2_sim:[62546. 63276. 63751.]
Task is 88.00% complete.
t1_sim:[62347. 63613. 62071.] t2_sim:[65185. 64748. 64285.]
Task is 89.00% complete.
t1_sim:[68768. 69652. 71329.] t2_sim:[61391. 63009. 64283.]
Task is 90.00% complete.
t1_sim:[62048. 63922. 64925.] t2_sim:[58892. 58370. 58667.]
Task is 91.00% complete.
t1_sim:[62582. 62563. 63002.] t2_sim:[65757. 64319. 65841.]
Task is 92.00% complete.
t1_sim:[59958. 58727. 57569.] t2_sim:[68927. 68363. 68719.]
Task is 93.00% complete.
t1_sim:[61132. 62017. 63124.] t2_sim:[66089. 64229. 65719.]
Task is 94.00% complete.
t1_sim:[57931. 59647. 59857.] t2_sim:[56037. 56125. 59025.]
Task is 95.00% complete.
t1_sim:[61636. 62674. 61449.] t2_sim:[58057. 58460. 57710.]
Task is 96.00% complete.
t1_sim:[65294. 64992. 63606.] t2_sim:[58201. 57101. 55577.]
Task is 97.00% complete.
t1_sim:[58625. 59731. 60010.] t2_sim:[65044. 66220. 66517.]
Task is 98.00% complete.
t1_sim:[65274. 66181. 65172.] t2_sim:[61589. 60541. 60426.]
Task is 99.00% complete.
t1_sim:[60097. 59982. 59765.] t2_sim:[60912. 60430. 60320.]
Training start
t1_obs:[array(91747.), array(75165.), array(69980.)] t2_obs:[array(95644.), array(80083.), array(71797.)]
corr_G1:[None, None, 0.09875211439250224] corr_G2:[None, None, 0.3858908127847869]
Training end
Task is 0.00% complete.
t1_sim:[60350. 61006. 58687.] t2_sim:[58988. 57918. 58477.]
Task is 1.00% complete.
t1_sim:[63716. 63899. 59134.] t2_sim:[62713. 64882. 63958.]
Task is 2.00% complete.
t1_sim:[55016. 52748. 50512.] t2_sim:[66966. 65161. 63261.]
Task is 3.00% complete.
t1_sim:[59205. 60373. 55717.] t2_sim:[68248. 65531. 63449.]
Task is 4.00% complete.
t1_sim:[56479. 56822. 53998.] t2_sim:[64951. 64690. 64749.]
Task is 5.00% complete.
t1_sim:[64330. 65585. 61382.] t2_sim:[60981. 60816. 60023.]
Task is 6.00% complete.
t1_sim:[65568. 64437. 60845.] t2_sim:[60324. 62728. 64336.]
Task is 7.00% complete.
t1_sim:[65057. 63578. 60547.] t2_sim:[60906. 59422. 59400.]
Task is 8.00% complete.
t1_sim:[65341. 66062. 61294.] t2_sim:[69744. 68749. 69284.]
Task is 9.00% complete.
t1_sim:[60931. 61284. 57846.] t2_sim:[60023. 58500. 57534.]
Task is 10.00% complete.
t1_sim:[60469. 59932. 55517.] t2_sim:[61662. 61458. 60639.]
Task is 11.00% complete.
t1_sim:[60681. 59251. 56589.] t2_sim:[66545. 66971. 66158.]
Task is 12.00% complete.
t1_sim:[63136. 64957. 60329.] t2_sim:[66349. 65984. 64862.]
Task is 13.00% complete.
t1_sim:[59958. 60380. 55763.] t2_sim:[64894. 61938. 61597.]
Task is 14.00% complete.
t1_sim:[59371. 58400. 53973.] t2_sim:[68664. 69329. 68826.]
Task is 15.00% complete.
t1_sim:[56474. 59412. 55458.] t2_sim:[62822. 62614. 62680.]
Task is 16.00% complete.
t1_sim:[60744. 59311. 54868.] t2_sim:[62061. 61111. 60988.]
Task is 17.00% complete.
t1_sim:[62013. 62167. 57131.] t2_sim:[68101. 69220. 67862.]
Task is 18.00% complete.
t1_sim:[60361. 59055. 54405.] t2_sim:[66751. 67558. 67073.]
Task is 19.00% complete.
t1_sim:[61827. 61049. 59160.] t2_sim:[63209. 62569. 60124.]
Task is 20.00% complete.
t1_sim:[57897. 57569. 52882.] t2_sim:[59405. 58476. 58488.]
Task is 21.00% complete.
t1_sim:[62564. 60996. 55799.] t2_sim:[62644. 63149. 62007.]
Task is 22.00% complete.
t1_sim:[59094. 58841. 56275.] t2_sim:[59563. 59300. 57647.]
Task is 23.00% complete.
t1_sim:[58858. 60141. 55435.] t2_sim:[64547. 62657. 62772.]
Task is 24.00% complete.
t1_sim:[64264. 63632. 60510.] t2_sim:[62963. 61734. 60797.]
Task is 25.00% complete.
t1_sim:[59783. 60061. 55345.] t2_sim:[62707. 60382. 59072.]
Task is 26.00% complete.
t1_sim:[57972. 57047. 52850.] t2_sim:[60241. 58791. 59072.]
Task is 27.00% complete.
t1_sim:[60728. 61386. 57373.] t2_sim:[63105. 63936. 61243.]
Task is 28.00% complete.
t1_sim:[67859. 67784. 63664.] t2_sim:[66062. 66915. 66084.]
Task is 29.00% complete.
t1_sim:[69436. 68900. 63270.] t2_sim:[57798. 59437. 59967.]
Task is 30.00% complete.
t1_sim:[60710. 61728. 56882.] t2_sim:[60162. 60787. 59317.]
Task is 31.00% complete.
t1_sim:[63988. 61101. 57516.] t2_sim:[65301. 64269. 64756.]
Task is 32.00% complete.
t1_sim:[59882. 62121. 58018.] t2_sim:[67314. 66104. 63814.]
Task is 33.00% complete.
t1_sim:[60533. 60866. 55682.] t2_sim:[63105. 65259. 65025.]
Task is 34.00% complete.
t1_sim:[59932. 59112. 54332.] t2_sim:[64743. 65621. 64941.]
Task is 35.00% complete.
t1_sim:[66393. 66748. 62015.] t2_sim:[65204. 65688. 64173.]
Task is 36.00% complete.
t1_sim:[66206. 67471. 61707.] t2_sim:[60696. 61390. 61757.]
Task is 37.00% complete.
t1_sim:[66505. 66017. 62986.] t2_sim:[64684. 63889. 63251.]
Task is 38.00% complete.
t1_sim:[65114. 64400. 58854.] t2_sim:[61334. 61943. 63609.]
Task is 39.00% complete.
t1_sim:[63245. 63160. 59295.] t2_sim:[64610. 65562. 65839.]
Task is 40.00% complete.
t1_sim:[64260. 64062. 60786.] t2_sim:[60138. 59855. 58944.]
Task is 41.00% complete.
t1_sim:[61403. 58983. 55417.] t2_sim:[63779. 59524. 61463.]
Task is 42.00% complete.
t1_sim:[71348. 69915. 66489.] t2_sim:[63914. 63026. 61094.]
Task is 43.00% complete.
t1_sim:[64515. 65503. 60031.] t2_sim:[62347. 63041. 65244.]
Task is 44.00% complete.
t1_sim:[63060. 63385. 59112.] t2_sim:[58763. 59830. 59371.]
Task is 45.00% complete.
t1_sim:[62923. 62680. 59487.] t2_sim:[58106. 59366. 60425.]
Task is 46.00% complete.
t1_sim:[59443. 59416. 54983.] t2_sim:[63991. 64666. 63898.]
Task is 47.00% complete.
t1_sim:[67888. 68071. 63610.] t2_sim:[61765. 62015. 59876.]
Task is 48.00% complete.
t1_sim:[58885. 59431. 53597.] t2_sim:[63964. 67159. 67031.]
Task is 49.00% complete.
t1_sim:[60976. 59851. 56963.] t2_sim:[63680. 62237. 62170.]
Task is 50.00% complete.
t1_sim:[60072. 57644. 54285.] t2_sim:[65199. 66548. 67012.]
Task is 51.00% complete.
t1_sim:[65531. 64416. 60953.] t2_sim:[66372. 66954. 64450.]
Task is 52.00% complete.
t1_sim:[64305. 64375. 61036.] t2_sim:[64288. 63073. 63632.]
Task is 53.00% complete.
t1_sim:[63053. 62586. 60187.] t2_sim:[64579. 65774. 64585.]
Task is 54.00% complete.
t1_sim:[61993. 63804. 59951.] t2_sim:[63279. 63792. 60876.]
Task is 55.00% complete.
t1_sim:[56573. 56472. 54299.] t2_sim:[59771. 60681. 59449.]
Task is 56.00% complete.
t1_sim:[57685. 58248. 55308.] t2_sim:[62568. 61615. 60435.]
Task is 57.00% complete.
t1_sim:[58814. 60356. 56136.] t2_sim:[62000. 63493. 62050.]
Task is 58.00% complete.
t1_sim:[65233. 64924. 59584.] t2_sim:[68849. 66477. 65926.]
Task is 59.00% complete.
t1_sim:[60185. 59139. 56196.] t2_sim:[68892. 69169. 68412.]
Task is 60.00% complete.
t1_sim:[61627. 61732. 58126.] t2_sim:[70261. 71592. 71056.]
Task is 61.00% complete.
t1_sim:[68096. 67702. 63016.] t2_sim:[61025. 60085. 58702.]
Task is 62.00% complete.
t1_sim:[61552. 61712. 57814.] t2_sim:[65652. 64350. 63240.]
Task is 63.00% complete.
t1_sim:[61629. 61013. 55641.] t2_sim:[62403. 62281. 59500.]
Task is 64.00% complete.
t1_sim:[63488. 64840. 61383.] t2_sim:[57431. 56900. 56150.]
Task is 65.00% complete.
t1_sim:[58784. 61071. 56760.] t2_sim:[61884. 62089. 60497.]
Task is 66.00% complete.
t1_sim:[65636. 64808. 60239.] t2_sim:[63884. 63789. 62405.]
Task is 67.00% complete.
t1_sim:[65768. 64530. 59980.] t2_sim:[61927. 59371. 60784.]
Task is 68.00% complete.
t1_sim:[64537. 64607. 59866.] t2_sim:[63642. 65365. 64889.]
Task is 69.00% complete.
t1_sim:[65670. 62948. 58611.] t2_sim:[59539. 59443. 60157.]
Task is 70.00% complete.
t1_sim:[59288. 60435. 57780.] t2_sim:[64422. 65238. 64779.]
Task is 71.00% complete.
t1_sim:[64570. 64693. 61302.] t2_sim:[60486. 59365. 61746.]
Task is 72.00% complete.
t1_sim:[54833. 56860. 52861.] t2_sim:[55770. 56813. 60925.]
Task is 73.00% complete.
t1_sim:[61344. 61005. 57632.] t2_sim:[63968. 64795. 64236.]
Task is 74.00% complete.
t1_sim:[60817. 61745. 58339.] t2_sim:[66114. 66271. 64372.]
Task is 75.00% complete.
t1_sim:[63145. 63603. 59823.] t2_sim:[65523. 65425. 63583.]
Task is 76.00% complete.
t1_sim:[63784. 63321. 59363.] t2_sim:[68834. 67191. 65378.]
Task is 77.00% complete.
t1_sim:[61971. 64418. 58771.] t2_sim:[61480. 60295. 59402.]
Task is 78.00% complete.
t1_sim:[65983. 65664. 62315.] t2_sim:[62538. 63347. 63267.]
Task is 79.00% complete.
t1_sim:[62596. 62302. 59536.] t2_sim:[57534. 58803. 58445.]
Task is 80.00% complete.
t1_sim:[62752. 62877. 58038.] t2_sim:[57276. 56645. 59286.]
Task is 81.00% complete.
t1_sim:[57858. 59042. 52882.] t2_sim:[65037. 65514. 63095.]
Task is 82.00% complete.
t1_sim:[58363. 59528. 55996.] t2_sim:[61341. 61720. 63344.]
Task is 83.00% complete.
t1_sim:[59711. 58936. 55596.] t2_sim:[63490. 63647. 61534.]
Task is 84.00% complete.
t1_sim:[59832. 60295. 55644.] t2_sim:[65708. 63446. 62218.]
Task is 85.00% complete.
t1_sim:[66731. 65237. 61518.] t2_sim:[57753. 59731. 59797.]
Task is 86.00% complete.
t1_sim:[65706. 67580. 62516.] t2_sim:[61071. 61698. 62118.]
Task is 87.00% complete.
t1_sim:[58179. 56700. 53117.] t2_sim:[59482. 60982. 62562.]
Task is 88.00% complete.
t1_sim:[60541. 59626. 56265.] t2_sim:[59781. 56566. 57298.]
Task is 89.00% complete.
t1_sim:[61046. 60549. 56212.] t2_sim:[63999. 65627. 64704.]
Task is 90.00% complete.
t1_sim:[59146. 57793. 54394.] t2_sim:[62788. 62473. 62375.]
Task is 91.00% complete.
t1_sim:[55497. 57091. 55156.] t2_sim:[60630. 61425. 60453.]
Task is 92.00% complete.
t1_sim:[64905. 65215. 60904.] t2_sim:[66435. 65865. 66211.]
Task is 93.00% complete.
t1_sim:[60726. 62248. 57494.] t2_sim:[68244. 67797. 65779.]
Task is 94.00% complete.
t1_sim:[65724. 67193. 61860.] t2_sim:[63544. 63088. 61770.]
Task is 95.00% complete.
t1_sim:[56222. 56709. 52792.] t2_sim:[66791. 67472. 65918.]
Task is 96.00% complete.
t1_sim:[55568. 56507. 51725.] t2_sim:[63199. 62755. 63490.]
Task is 97.00% complete.
t1_sim:[57320. 56159. 52829.] t2_sim:[62137. 63082. 63604.]
Task is 98.00% complete.
t1_sim:[63863. 65927. 61354.] t2_sim:[65072. 66562. 67029.]
Task is 99.00% complete.
t1_sim:[63459. 62376. 60023.] t2_sim:[61919. 62293. 60711.]
Finished
