Begin
Training start
t1_obs:[array(83177.), array(70414.), array(67783.)] t2_obs:[array(71437.), array(57617.), array(59431.)]
corr_G1:[None, None, 0] corr_G2:[None, None, -2.452688113416374e-17]
Training end
Task is 0.00% complete.
t1_sim:[58474. 57689. 57882.] t2_sim:[59321. 58255. 60466.]
Task is 1.00% complete.
t1_sim:[63546. 63959. 61409.] t2_sim:[62736. 61852. 60369.]
Task is 2.00% complete.
t1_sim:[64582. 65325. 65633.] t2_sim:[60182. 59496. 60243.]
Task is 3.00% complete.
t1_sim:[65199. 65543. 61452.] t2_sim:[63977. 64966. 63557.]
Task is 4.00% complete.
t1_sim:[65324. 65272. 64288.] t2_sim:[64022. 65065. 65340.]
Task is 5.00% complete.
t1_sim:[61367. 61238. 63717.] t2_sim:[65317. 64893. 64986.]
Task is 6.00% complete.
t1_sim:[58899. 58485. 59711.] t2_sim:[63229. 64518. 65470.]
Task is 7.00% complete.
t1_sim:[59056. 58981. 61079.] t2_sim:[59496. 59610. 61416.]
Task is 8.00% complete.
t1_sim:[60031. 59868. 62213.] t2_sim:[61873. 62295. 59760.]
Task is 9.00% complete.
t1_sim:[61106. 60817. 59860.] t2_sim:[60714. 60885. 61165.]
Task is 10.00% complete.
t1_sim:[65425. 65347. 65257.] t2_sim:[68565. 68773. 64039.]
Task is 11.00% complete.
t1_sim:[62550. 62032. 64665.] t2_sim:[66144. 66994. 68796.]
Task is 12.00% complete.
t1_sim:[67064. 68866. 69065.] t2_sim:[62578. 61193. 60644.]
Task is 13.00% complete.
t1_sim:[61072. 60728. 62585.] t2_sim:[64569. 65282. 66324.]
Task is 14.00% complete.
t1_sim:[58093. 57602. 57182.] t2_sim:[61749. 61869. 63316.]
Task is 15.00% complete.
t1_sim:[64843. 64433. 66750.] t2_sim:[65925. 65421. 66124.]
Task is 16.00% complete.
t1_sim:[59967. 60254. 59812.] t2_sim:[65564. 65131. 64945.]
Task is 17.00% complete.
t1_sim:[61899. 61332. 61698.] t2_sim:[53070. 53633. 54839.]
Task is 18.00% complete.
t1_sim:[63319. 62407. 60373.] t2_sim:[55658. 55293. 56165.]
Task is 19.00% complete.
t1_sim:[66657. 67071. 68538.] t2_sim:[62092. 61495. 65393.]
Task is 20.00% complete.
t1_sim:[63639. 63584. 66608.] t2_sim:[63956. 62746. 61888.]
Task is 21.00% complete.
t1_sim:[60573. 60425. 58052.] t2_sim:[62519. 63049. 60478.]
Task is 22.00% complete.
t1_sim:[62438. 62546. 60520.] t2_sim:[60769. 60199. 62671.]
Task is 23.00% complete.
t1_sim:[60512. 61757. 63372.] t2_sim:[60126. 59737. 58574.]
Task is 24.00% complete.
t1_sim:[63794. 64450. 66697.] t2_sim:[64196. 63776. 67501.]
Task is 25.00% complete.
t1_sim:[59261. 60746. 61114.] t2_sim:[62274. 63091. 63488.]
Task is 26.00% complete.
t1_sim:[62045. 62495. 66543.] t2_sim:[62312. 61644. 62646.]
Task is 27.00% complete.
t1_sim:[62379. 62097. 63094.] t2_sim:[62312. 61671. 64722.]
Task is 28.00% complete.
t1_sim:[62826. 62791. 61996.] t2_sim:[61993. 63480. 60871.]
Task is 29.00% complete.
t1_sim:[61656. 62269. 60903.] t2_sim:[56378. 56292. 56654.]
Task is 30.00% complete.
t1_sim:[60684. 61097. 64081.] t2_sim:[62063. 63651. 63827.]
Task is 31.00% complete.
t1_sim:[64094. 63373. 65661.] t2_sim:[67187. 67634. 64357.]
Task is 32.00% complete.
t1_sim:[60275. 61231. 60387.] t2_sim:[59742. 60605. 62192.]
Task is 33.00% complete.
t1_sim:[64232. 63621. 63968.] t2_sim:[60425. 61048. 62711.]
Task is 34.00% complete.
t1_sim:[59299. 59781. 62758.] t2_sim:[62885. 63402. 64727.]
Task is 35.00% complete.
t1_sim:[65465. 66599. 61226.] t2_sim:[63989. 63323. 62330.]
Task is 36.00% complete.
t1_sim:[63722. 64477. 60345.] t2_sim:[56372. 56806. 58591.]
Task is 37.00% complete.
t1_sim:[56233. 57376. 59875.] t2_sim:[63708. 63340. 60391.]
Task is 38.00% complete.
t1_sim:[56220. 56094. 60028.] t2_sim:[62377. 62256. 63272.]
Task is 39.00% complete.
t1_sim:[63247. 63742. 62590.] t2_sim:[63525. 64808. 67562.]
Task is 40.00% complete.
t1_sim:[66229. 64557. 61591.] t2_sim:[62556. 63511. 62229.]
Task is 41.00% complete.
t1_sim:[61377. 61325. 62108.] t2_sim:[68145. 68860. 66682.]
Task is 42.00% complete.
t1_sim:[64161. 64446. 65893.] t2_sim:[69489. 69310. 71632.]
Task is 43.00% complete.
t1_sim:[67862. 65944. 66879.] t2_sim:[60328. 58991. 58985.]
Task is 44.00% complete.
t1_sim:[62860. 62855. 64074.] t2_sim:[57611. 56492. 59041.]
Task is 45.00% complete.
t1_sim:[58045. 57642. 60778.] t2_sim:[59766. 61329. 61737.]
Task is 46.00% complete.
t1_sim:[59605. 60298. 63529.] t2_sim:[60809. 61224. 58123.]
Task is 47.00% complete.
t1_sim:[57117. 56193. 60234.] t2_sim:[61972. 61863. 60725.]
Task is 48.00% complete.
t1_sim:[62155. 63445. 64911.] t2_sim:[60553. 61342. 62457.]
Task is 49.00% complete.
t1_sim:[64302. 65781. 68817.] t2_sim:[66583. 65650. 62016.]
Task is 50.00% complete.
t1_sim:[63548. 62382. 58977.] t2_sim:[64501. 64833. 65455.]
Task is 51.00% complete.
t1_sim:[65245. 64560. 67665.] t2_sim:[66049. 67136. 62944.]
Task is 52.00% complete.
t1_sim:[55337. 56110. 57061.] t2_sim:[56926. 56570. 56778.]
Task is 53.00% complete.
t1_sim:[60427. 60979. 58786.] t2_sim:[64307. 64205. 64514.]
Task is 54.00% complete.
t1_sim:[68036. 67669. 68999.] t2_sim:[67133. 66554. 65301.]
Task is 55.00% complete.
t1_sim:[64140. 63463. 64385.] t2_sim:[57020. 57335. 57391.]
Task is 56.00% complete.
t1_sim:[65565. 65773. 63813.] t2_sim:[64610. 63208. 62320.]
Task is 57.00% complete.
t1_sim:[62750. 62552. 60151.] t2_sim:[66912. 66394. 63866.]
Task is 58.00% complete.
t1_sim:[58254. 58959. 60502.] t2_sim:[61745. 62697. 62215.]
Task is 59.00% complete.
t1_sim:[63475. 62979. 61493.] t2_sim:[57640. 57403. 58349.]
Task is 60.00% complete.
t1_sim:[62680. 62662. 63548.] t2_sim:[58019. 58218. 59842.]
Task is 61.00% complete.
t1_sim:[63819. 63426. 60293.] t2_sim:[58333. 59017. 59109.]
Task is 62.00% complete.
t1_sim:[58558. 58898. 60255.] t2_sim:[60989. 59860. 61996.]
Task is 63.00% complete.
t1_sim:[59219. 59684. 59916.] t2_sim:[65696. 64200. 65870.]
Task is 64.00% complete.
t1_sim:[66594. 66365. 70362.] t2_sim:[62846. 62837. 62521.]
Task is 65.00% complete.
t1_sim:[61207. 60246. 59324.] t2_sim:[63327. 64606. 63736.]
Task is 66.00% complete.
t1_sim:[62220. 63269. 60691.] t2_sim:[68623. 68651. 64346.]
Task is 67.00% complete.
t1_sim:[63100. 63211. 62094.] t2_sim:[66678. 66816. 64026.]
Task is 68.00% complete.
t1_sim:[67060. 68021. 69326.] t2_sim:[63546. 62305. 62448.]
Task is 69.00% complete.
t1_sim:[62755. 63833. 65625.] t2_sim:[66216. 65248. 66257.]
Task is 70.00% complete.
t1_sim:[59404. 59616. 59410.] t2_sim:[56053. 57009. 59990.]
Task is 71.00% complete.
t1_sim:[60339. 60992. 61343.] t2_sim:[63263. 62573. 61268.]
Task is 72.00% complete.
t1_sim:[61596. 61225. 59210.] t2_sim:[61832. 60727. 63160.]
Task is 73.00% complete.
t1_sim:[63528. 64279. 64978.] t2_sim:[59352. 60380. 62466.]
Task is 74.00% complete.
t1_sim:[56945. 58299. 62625.] t2_sim:[59725. 59325. 64353.]
Task is 75.00% complete.
t1_sim:[62388. 62505. 62289.] t2_sim:[61074. 62067. 62463.]
Task is 76.00% complete.
t1_sim:[64164. 63920. 64653.] t2_sim:[61419. 61661. 62910.]
Task is 77.00% complete.
t1_sim:[63599. 64763. 62900.] t2_sim:[56974. 57455. 62789.]
Task is 78.00% complete.
t1_sim:[65443. 64050. 64457.] t2_sim:[55999. 55593. 56442.]
Task is 79.00% complete.
t1_sim:[62278. 63027. 62530.] t2_sim:[60870. 61695. 58172.]
Task is 80.00% complete.
t1_sim:[71972. 72014. 67516.] t2_sim:[59765. 58598. 61949.]
Task is 81.00% complete.
t1_sim:[61838. 62845. 62645.] t2_sim:[65499. 65576. 65639.]
Task is 82.00% complete.
t1_sim:[58237. 57555. 60185.] t2_sim:[67542. 67326. 68340.]
Task is 83.00% complete.
t1_sim:[58252. 57614. 58500.] t2_sim:[59605. 58978. 57412.]
Task is 84.00% complete.
t1_sim:[61917. 62187. 62085.] t2_sim:[59913. 59100. 56266.]
Task is 85.00% complete.
t1_sim:[64467. 62981. 58909.] t2_sim:[63571. 63536. 61803.]
Task is 86.00% complete.
t1_sim:[62336. 62018. 61098.] t2_sim:[61730. 61827. 62683.]
Task is 87.00% complete.
t1_sim:[66643. 66562. 70203.] t2_sim:[60403. 59973. 61737.]
Task is 88.00% complete.
t1_sim:[60315. 60745. 60704.] t2_sim:[64437. 63536. 65091.]
Task is 89.00% complete.
t1_sim:[61156. 62764. 64791.] t2_sim:[62654. 61107. 63205.]
Task is 90.00% complete.
t1_sim:[61748. 61887. 61655.] t2_sim:[61692. 62617. 64834.]
Task is 91.00% complete.
t1_sim:[64006. 65125. 61337.] t2_sim:[60821. 60758. 60978.]
Task is 92.00% complete.
t1_sim:[64373. 65148. 65708.] t2_sim:[63771. 63047. 62864.]
Task is 93.00% complete.
t1_sim:[56478. 56002. 60992.] t2_sim:[60483. 58854. 55724.]
Task is 94.00% complete.
t1_sim:[63404. 64401. 63458.] t2_sim:[64413. 64001. 61453.]
Task is 95.00% complete.
t1_sim:[65370. 63978. 63201.] t2_sim:[66685. 67914. 66292.]
Task is 96.00% complete.
t1_sim:[62290. 62364. 60526.] t2_sim:[61934. 62457. 59975.]
Task is 97.00% complete.
t1_sim:[53907. 54217. 56802.] t2_sim:[60973. 62251. 60637.]
Task is 98.00% complete.
t1_sim:[60954. 60681. 66206.] t2_sim:[64046. 62684. 63060.]
Task is 99.00% complete.
t1_sim:[57448. 56693. 55548.] t2_sim:[59283. 59115. 61463.]
Training start
t1_obs:[array(83177.), array(70414.), array(68779.)] t2_obs:[array(71437.), array(57617.), array(58724.)]
corr_G1:[None, None, 0.9339099145720835] corr_G2:[None, None, 0.9996943736917332]
Training end
Task is 0.00% complete.
t1_sim:[62569. 63004. 63796.] t2_sim:[64368. 64289. 64801.]
Task is 1.00% complete.
t1_sim:[63815. 62908. 63342.] t2_sim:[62155. 62513. 65618.]
Task is 2.00% complete.
t1_sim:[66300. 66340. 67450.] t2_sim:[69069. 68847. 67127.]
Task is 3.00% complete.
t1_sim:[62232. 62390. 63217.] t2_sim:[65349. 64435. 63969.]
Task is 4.00% complete.
t1_sim:[65333. 66240. 65124.] t2_sim:[63109. 63467. 62480.]
Task is 5.00% complete.
t1_sim:[56526. 55899. 57513.] t2_sim:[65251. 64754. 64712.]
Task is 6.00% complete.
t1_sim:[66529. 66424. 64481.] t2_sim:[68246. 68320. 67498.]
Task is 7.00% complete.
t1_sim:[65822. 65715. 65651.] t2_sim:[59692. 60148. 58043.]
Task is 8.00% complete.
t1_sim:[63899. 64753. 65307.] t2_sim:[55344. 55382. 56245.]
Task is 9.00% complete.
t1_sim:[66514. 65083. 67915.] t2_sim:[57844. 58326. 59912.]
Task is 10.00% complete.
t1_sim:[61832. 61118. 61359.] t2_sim:[62951. 63278. 63893.]
Task is 11.00% complete.
t1_sim:[63253. 63429. 63757.] t2_sim:[67916. 65777. 66477.]
Task is 12.00% complete.
t1_sim:[69054. 69908. 67826.] t2_sim:[61151. 60165. 59716.]
Task is 13.00% complete.
t1_sim:[61818. 63601. 65140.] t2_sim:[63161. 64575. 65092.]
Task is 14.00% complete.
t1_sim:[64454. 63989. 62586.] t2_sim:[60250. 60458. 59209.]
Task is 15.00% complete.
t1_sim:[62758. 62382. 64028.] t2_sim:[63196. 62975. 64848.]
Task is 16.00% complete.
t1_sim:[70578. 70548. 71008.] t2_sim:[62902. 62285. 63006.]
Task is 17.00% complete.
t1_sim:[64777. 64963. 65245.] t2_sim:[63161. 64231. 65399.]
Task is 18.00% complete.
t1_sim:[60556. 59821. 59783.] t2_sim:[61137. 61401. 61170.]
Task is 19.00% complete.
t1_sim:[60894. 61034. 62108.] t2_sim:[63385. 63418. 63642.]
Task is 20.00% complete.
t1_sim:[55559. 55431. 55576.] t2_sim:[61238. 62388. 62575.]
Task is 21.00% complete.
t1_sim:[60821. 61099. 61683.] t2_sim:[55218. 55177. 56094.]
Task is 22.00% complete.
t1_sim:[54840. 55580. 55401.] t2_sim:[66700. 66090. 67285.]
Task is 23.00% complete.
t1_sim:[66350. 65417. 65022.] t2_sim:[67494. 67688. 64662.]
Task is 24.00% complete.
t1_sim:[60738. 59447. 59363.] t2_sim:[67642. 66040. 66144.]
Task is 25.00% complete.
t1_sim:[62001. 62671. 64092.] t2_sim:[60860. 60084. 58573.]
Task is 26.00% complete.
t1_sim:[63854. 65472. 67380.] t2_sim:[68404. 68314. 69435.]
Task is 27.00% complete.
t1_sim:[59517. 59496. 60360.] t2_sim:[59339. 58950. 58365.]
Task is 28.00% complete.
t1_sim:[61930. 62466. 64923.] t2_sim:[61229. 60547. 60832.]
Task is 29.00% complete.
t1_sim:[62740. 61667. 60278.] t2_sim:[60632. 59954. 59221.]
Task is 30.00% complete.
t1_sim:[62070. 61326. 61073.] t2_sim:[67059. 66410. 65757.]
Task is 31.00% complete.
t1_sim:[65157. 64396. 64650.] t2_sim:[62406. 61387. 64346.]
Task is 32.00% complete.
t1_sim:[62559. 63453. 60850.] t2_sim:[60874. 62229. 60707.]
Task is 33.00% complete.
t1_sim:[63253. 63123. 61771.] t2_sim:[61838. 63113. 62467.]
Task is 34.00% complete.
t1_sim:[68029. 67219. 68227.] t2_sim:[60489. 61550. 60060.]
Task is 35.00% complete.
t1_sim:[59482. 60364. 60051.] t2_sim:[70861. 70037. 67585.]
Task is 36.00% complete.
t1_sim:[59970. 60708. 62387.] t2_sim:[58934. 59458. 58660.]
Task is 37.00% complete.
t1_sim:[59339. 59296. 58501.] t2_sim:[59864. 59318. 59501.]
Task is 38.00% complete.
t1_sim:[62664. 62915. 62043.] t2_sim:[59522. 58865. 59704.]
Task is 39.00% complete.
t1_sim:[61623. 60442. 58224.] t2_sim:[61297. 62090. 63230.]
Task is 40.00% complete.
t1_sim:[67130. 67199. 65605.] t2_sim:[66607. 65919. 66120.]
Task is 41.00% complete.
t1_sim:[62033. 62237. 60390.] t2_sim:[53075. 52890. 53394.]
Task is 42.00% complete.
t1_sim:[59954. 60416. 60946.] t2_sim:[62282. 61971. 62811.]
Task is 43.00% complete.
t1_sim:[59115. 59458. 59180.] t2_sim:[61221. 59753. 59220.]
Task is 44.00% complete.
t1_sim:[60617. 60334. 60999.] t2_sim:[60915. 61625. 62610.]
Task is 45.00% complete.
t1_sim:[58053. 57624. 59942.] t2_sim:[58922. 59953. 60266.]
Task is 46.00% complete.
t1_sim:[64681. 65359. 67436.] t2_sim:[65161. 64298. 63645.]
Task is 47.00% complete.
t1_sim:[62029. 62567. 62909.] t2_sim:[65865. 65838. 63747.]
Task is 48.00% complete.
t1_sim:[61399. 61127. 61891.] t2_sim:[59597. 60250. 60536.]
Task is 49.00% complete.
t1_sim:[63919. 62957. 62770.] t2_sim:[65146. 65210. 65662.]
Task is 50.00% complete.
t1_sim:[59853. 61046. 61873.] t2_sim:[64211. 64028. 62718.]
Task is 51.00% complete.
t1_sim:[65248. 64081. 63878.] t2_sim:[61046. 61503. 61456.]
Task is 52.00% complete.
t1_sim:[62735. 62809. 63027.] t2_sim:[61803. 61291. 60427.]
Task is 53.00% complete.
t1_sim:[61157. 60883. 60969.] t2_sim:[60840. 58978. 56512.]
Task is 54.00% complete.
t1_sim:[66253. 66318. 64791.] t2_sim:[64383. 63685. 64372.]
Task is 55.00% complete.
t1_sim:[60877. 61004. 61066.] t2_sim:[62463. 63329. 64566.]
Task is 56.00% complete.
t1_sim:[64662. 64921. 65490.] t2_sim:[64221. 64945. 64405.]
Task is 57.00% complete.
t1_sim:[63726. 64972. 64212.] t2_sim:[61788. 61468. 63975.]
Task is 58.00% complete.
t1_sim:[66132. 66736. 66773.] t2_sim:[67113. 67154. 68502.]
Task is 59.00% complete.
t1_sim:[67237. 66989. 66205.] t2_sim:[61510. 61929. 61601.]
Task is 60.00% complete.
t1_sim:[64759. 65340. 62910.] t2_sim:[61610. 61974. 61008.]
Task is 61.00% complete.
t1_sim:[62192. 63694. 63694.] t2_sim:[58257. 58144. 59919.]
Task is 62.00% complete.
t1_sim:[59927. 60011. 58428.] t2_sim:[60281. 59426. 59931.]
Task is 63.00% complete.
t1_sim:[66395. 67366. 66103.] t2_sim:[63499. 62428. 62577.]
Task is 64.00% complete.
t1_sim:[69768. 70020. 67341.] t2_sim:[57012. 55993. 55443.]
Task is 65.00% complete.
t1_sim:[59506. 60993. 57988.] t2_sim:[58501. 59799. 59814.]
Task is 66.00% complete.
t1_sim:[59711. 60164. 59267.] t2_sim:[63200. 63666. 63579.]
Task is 67.00% complete.
t1_sim:[63649. 63599. 63793.] t2_sim:[62871. 62377. 62144.]
Task is 68.00% complete.
t1_sim:[58191. 57922. 59621.] t2_sim:[63286. 62274. 62685.]
Task is 69.00% complete.
t1_sim:[64423. 64342. 64835.] t2_sim:[65070. 64949. 65757.]
Task is 70.00% complete.
t1_sim:[71884. 73768. 71883.] t2_sim:[65036. 63690. 66092.]
Task is 71.00% complete.
t1_sim:[56757. 55524. 54878.] t2_sim:[58611. 57265. 56087.]
Task is 72.00% complete.
t1_sim:[62895. 63099. 64320.] t2_sim:[59047. 59563. 59825.]
Task is 73.00% complete.
t1_sim:[65309. 64382. 62352.] t2_sim:[60389. 59078. 58905.]
Task is 74.00% complete.
t1_sim:[60667. 60706. 60063.] t2_sim:[62535. 62964. 62378.]
Task is 75.00% complete.
t1_sim:[59468. 59372. 61421.] t2_sim:[58579. 57904. 57342.]
Task is 76.00% complete.
t1_sim:[60167. 59972. 59928.] t2_sim:[64469. 64218. 66054.]
Task is 77.00% complete.
t1_sim:[64584. 64362. 65111.] t2_sim:[65420. 65298. 66526.]
Task is 78.00% complete.
t1_sim:[63578. 64277. 64458.] t2_sim:[66356. 65810. 64001.]
Task is 79.00% complete.
t1_sim:[61555. 62953. 61154.] t2_sim:[56610. 58273. 59399.]
Task is 80.00% complete.
t1_sim:[60029. 59397. 61858.] t2_sim:[55478. 56423. 56554.]
Task is 81.00% complete.
t1_sim:[60599. 60477. 60955.] t2_sim:[67153. 66743. 66524.]
Task is 82.00% complete.
t1_sim:[60514. 59897. 57539.] t2_sim:[64782. 66119. 65328.]
Task is 83.00% complete.
t1_sim:[65707. 65437. 65552.] t2_sim:[61503. 61562. 61915.]
Task is 84.00% complete.
t1_sim:[65795. 66295. 65922.] t2_sim:[62439. 62395. 63703.]
Task is 85.00% complete.
t1_sim:[60151. 60188. 60321.] t2_sim:[58882. 60442. 61262.]
Task is 86.00% complete.
t1_sim:[63223. 62230. 62072.] t2_sim:[67986. 69257. 66515.]
Task is 87.00% complete.
t1_sim:[64997. 65033. 64499.] t2_sim:[63981. 62781. 63325.]
Task is 88.00% complete.
t1_sim:[66252. 64733. 63858.] t2_sim:[71318. 71247. 70776.]
Task is 89.00% complete.
t1_sim:[59045. 58609. 60523.] t2_sim:[65483. 66283. 66956.]
Task is 90.00% complete.
t1_sim:[63463. 64173. 63796.] t2_sim:[64629. 63979. 66526.]
Task is 91.00% complete.
t1_sim:[63329. 62740. 61285.] t2_sim:[59795. 59577. 62676.]
Task is 92.00% complete.
t1_sim:[69861. 68450. 68055.] t2_sim:[64354. 63752. 64169.]
Task is 93.00% complete.
t1_sim:[62303. 62876. 62096.] t2_sim:[68607. 68789. 69131.]
Task is 94.00% complete.
t1_sim:[65261. 64581. 64728.] t2_sim:[60416. 61371. 60126.]
Task is 95.00% complete.
t1_sim:[62818. 63130. 63009.] t2_sim:[66809. 68638. 66504.]
Task is 96.00% complete.
t1_sim:[67079. 66331. 66584.] t2_sim:[67075. 66994. 68279.]
Task is 97.00% complete.
t1_sim:[61253. 60969. 61161.] t2_sim:[67292. 66248. 65875.]
Task is 98.00% complete.
t1_sim:[58644. 59036. 57552.] t2_sim:[57859. 59129. 58962.]
Task is 99.00% complete.
t1_sim:[63732. 63285. 62792.] t2_sim:[62247. 61790. 63434.]
Training start
t1_obs:[array(83177.), array(70414.), array(69252.)] t2_obs:[array(71437.), array(57617.), array(58965.)]
corr_G1:[None, None, 0.07751077771973452] corr_G2:[None, None, 0.021268136154990548]
Training end
Task is 0.00% complete.
t1_sim:[54049. 53640. 55675.] t2_sim:[66059. 65955. 64642.]
Task is 1.00% complete.
t1_sim:[67816. 67699. 70138.] t2_sim:[67055. 67204. 67416.]
Task is 2.00% complete.
t1_sim:[64962. 65832. 65671.] t2_sim:[62390. 62044. 63015.]
Task is 3.00% complete.
t1_sim:[61931. 62364. 62126.] t2_sim:[63939. 62937. 64883.]
Task is 4.00% complete.
t1_sim:[57405. 56690. 55743.] t2_sim:[65623. 65822. 63733.]
Task is 5.00% complete.
t1_sim:[57922. 58029. 58529.] t2_sim:[64367. 64922. 65220.]
Task is 6.00% complete.
t1_sim:[64586. 63799. 64637.] t2_sim:[65263. 65115. 64957.]
Task is 7.00% complete.
t1_sim:[64575. 64955. 64546.] t2_sim:[58306. 58430. 59634.]
Task is 8.00% complete.
t1_sim:[62151. 61721. 64180.] t2_sim:[67286. 67310. 66889.]
Task is 9.00% complete.
t1_sim:[65017. 65891. 65872.] t2_sim:[63624. 63845. 60803.]
Task is 10.00% complete.
t1_sim:[62909. 63176. 62903.] t2_sim:[63731. 63822. 64201.]
Task is 11.00% complete.
t1_sim:[62200. 62021. 60339.] t2_sim:[69870. 68856. 69153.]
Task is 12.00% complete.
t1_sim:[66399. 67332. 68811.] t2_sim:[61826. 62538. 61138.]
Task is 13.00% complete.
t1_sim:[66127. 66896. 64339.] t2_sim:[62998. 62775. 62631.]
Task is 14.00% complete.
t1_sim:[60103. 59713. 58340.] t2_sim:[64014. 63574. 62322.]
Task is 15.00% complete.
t1_sim:[63459. 63858. 62625.] t2_sim:[62596. 64006. 64567.]
Task is 16.00% complete.
t1_sim:[62737. 62570. 63087.] t2_sim:[67620. 67307. 67922.]
Task is 17.00% complete.
t1_sim:[61594. 60099. 59107.] t2_sim:[55485. 55912. 56265.]
Task is 18.00% complete.
t1_sim:[63231. 63156. 63963.] t2_sim:[68180. 68913. 70957.]
Task is 19.00% complete.
t1_sim:[62703. 63666. 63007.] t2_sim:[62958. 61850. 62665.]
Task is 20.00% complete.
t1_sim:[66300. 66309. 64972.] t2_sim:[61644. 61402. 62029.]
Task is 21.00% complete.
t1_sim:[58677. 59591. 57063.] t2_sim:[64083. 63701. 62018.]
Task is 22.00% complete.
t1_sim:[65551. 66332. 63897.] t2_sim:[62725. 62364. 60561.]
Task is 23.00% complete.
t1_sim:[59456. 60356. 61964.] t2_sim:[60400. 61556. 61790.]
Task is 24.00% complete.
t1_sim:[64802. 64881. 64459.] t2_sim:[59623. 58695. 59493.]
Task is 25.00% complete.
t1_sim:[58625. 58931. 58500.] t2_sim:[61958. 62899. 62940.]
Task is 26.00% complete.
t1_sim:[61748. 61236. 62249.] t2_sim:[66766. 67490. 68567.]
Task is 27.00% complete.
t1_sim:[58500. 58947. 61207.] t2_sim:[64198. 64091. 64127.]
Task is 28.00% complete.
t1_sim:[56839. 57603. 57728.] t2_sim:[66065. 66837. 66426.]
Task is 29.00% complete.
t1_sim:[66534. 67570. 67128.] t2_sim:[59961. 60227. 61938.]
Task is 30.00% complete.
t1_sim:[64810. 64821. 63779.] t2_sim:[62085. 64130. 65739.]
Task is 31.00% complete.
t1_sim:[61586. 61595. 59736.] t2_sim:[61027. 61361. 62026.]
Task is 32.00% complete.
t1_sim:[57267. 57537. 57996.] t2_sim:[63782. 64057. 66155.]
Task is 33.00% complete.
t1_sim:[61260. 61945. 60638.] t2_sim:[65623. 66231. 68196.]
Task is 34.00% complete.
t1_sim:[60148. 60395. 60831.] t2_sim:[62380. 63638. 59687.]
Task is 35.00% complete.
t1_sim:[66921. 66415. 66191.] t2_sim:[57593. 58357. 56505.]
Task is 36.00% complete.
t1_sim:[57249. 57578. 54961.] t2_sim:[55720. 57078. 57377.]
Task is 37.00% complete.
t1_sim:[64417. 64694. 66566.] t2_sim:[67138. 66714. 65894.]
Task is 38.00% complete.
t1_sim:[62043. 62387. 65059.] t2_sim:[60905. 61268. 61951.]
Task is 39.00% complete.
t1_sim:[60546. 61140. 59927.] t2_sim:[63233. 63085. 63094.]
Task is 40.00% complete.
t1_sim:[62640. 62055. 61776.] t2_sim:[63255. 63114. 64345.]
Task is 41.00% complete.
t1_sim:[56704. 55545. 57261.] t2_sim:[66264. 66784. 67871.]
Task is 42.00% complete.
t1_sim:[61311. 61647. 62725.] t2_sim:[63386. 63028. 62601.]
Task is 43.00% complete.
t1_sim:[60980. 61468. 62265.] t2_sim:[67171. 67875. 66913.]
Task is 44.00% complete.
t1_sim:[62718. 62954. 63992.] t2_sim:[68273. 69085. 70414.]
Task is 45.00% complete.
t1_sim:[59626. 59256. 58950.] t2_sim:[59712. 58374. 58501.]
Task is 46.00% complete.
t1_sim:[63623. 62437. 62283.] t2_sim:[62280. 61543. 60565.]
Task is 47.00% complete.
t1_sim:[53221. 53096. 50939.] t2_sim:[59825. 60241. 58153.]
Task is 48.00% complete.
t1_sim:[63993. 64921. 62877.] t2_sim:[65259. 64594. 63802.]
Task is 49.00% complete.
t1_sim:[64906. 65035. 67072.] t2_sim:[65353. 64272. 65299.]
Task is 50.00% complete.
t1_sim:[60151. 59178. 59651.] t2_sim:[66009. 66521. 64742.]
Task is 51.00% complete.
t1_sim:[61184. 61385. 60293.] t2_sim:[61591. 62529. 62899.]
Task is 52.00% complete.
t1_sim:[59694. 59612. 59392.] t2_sim:[58266. 57705. 57731.]
Task is 53.00% complete.
t1_sim:[64340. 63884. 62927.] t2_sim:[61287. 60509. 60926.]
Task is 54.00% complete.
t1_sim:[59564. 58148. 57793.] t2_sim:[65003. 63690. 64927.]
Task is 55.00% complete.
t1_sim:[66368. 66223. 66573.] t2_sim:[63817. 63549. 63926.]
Task is 56.00% complete.
t1_sim:[61406. 61662. 62232.] t2_sim:[59197. 59423. 59775.]
Task is 57.00% complete.
t1_sim:[58667. 57406. 56462.] t2_sim:[63060. 62405. 60461.]
Task is 58.00% complete.
t1_sim:[60592. 60330. 58357.] t2_sim:[61247. 61596. 61519.]
Task is 59.00% complete.
t1_sim:[64462. 63417. 64047.] t2_sim:[56015. 56511. 57053.]
Task is 60.00% complete.
t1_sim:[58726. 58238. 58481.] t2_sim:[60870. 59732. 59098.]
Task is 61.00% complete.
t1_sim:[66194. 65722. 66064.] t2_sim:[60744. 61328. 62585.]
Task is 62.00% complete.
t1_sim:[69267. 69491. 68741.] t2_sim:[65826. 66185. 68107.]
Task is 63.00% complete.
t1_sim:[59375. 59848. 60822.] t2_sim:[59980. 59879. 59096.]
Task is 64.00% complete.
t1_sim:[59942. 58824. 58988.] t2_sim:[60330. 59972. 59179.]
Task is 65.00% complete.
t1_sim:[65409. 65582. 66568.] t2_sim:[62263. 62561. 62994.]
Task is 66.00% complete.
t1_sim:[61391. 62952. 66582.] t2_sim:[67289. 66895. 68194.]
Task is 67.00% complete.
t1_sim:[62448. 62130. 59750.] t2_sim:[61064. 60543. 61329.]
Task is 68.00% complete.
t1_sim:[55538. 56301. 57413.] t2_sim:[59740. 59238. 58866.]
Task is 69.00% complete.
t1_sim:[61682. 61799. 60692.] t2_sim:[63612. 63872. 61676.]
Task is 70.00% complete.
t1_sim:[61100. 61508. 60341.] t2_sim:[62281. 60864. 59275.]
Task is 71.00% complete.
t1_sim:[58405. 57120. 57849.] t2_sim:[65985. 65771. 66706.]
Task is 72.00% complete.
t1_sim:[63524. 63543. 64526.] t2_sim:[63143. 63590. 62463.]
Task is 73.00% complete.
t1_sim:[68655. 68285. 66773.] t2_sim:[67815. 68197. 65515.]
Task is 74.00% complete.
t1_sim:[68238. 68427. 70908.] t2_sim:[64844. 64437. 64548.]
Task is 75.00% complete.
t1_sim:[64105. 65528. 63572.] t2_sim:[66777. 65900. 65343.]
Task is 76.00% complete.
t1_sim:[63586. 61765. 63665.] t2_sim:[62568. 61471. 61858.]
Task is 77.00% complete.
t1_sim:[62583. 62405. 63682.] t2_sim:[62704. 62637. 60913.]
Task is 78.00% complete.
t1_sim:[60511. 61372. 59794.] t2_sim:[57739. 57657. 60302.]
Task is 79.00% complete.
t1_sim:[57865. 58075. 56680.] t2_sim:[67892. 67947. 66407.]
Task is 80.00% complete.
t1_sim:[61478. 61708. 60701.] t2_sim:[59692. 59824. 59372.]
Task is 81.00% complete.
t1_sim:[66556. 65964. 65909.] t2_sim:[57476. 58414. 58364.]
Task is 82.00% complete.
t1_sim:[66134. 64951. 61795.] t2_sim:[69031. 69435. 68642.]
Task is 83.00% complete.
t1_sim:[62532. 61549. 61426.] t2_sim:[66400. 65373. 66853.]
Task is 84.00% complete.
t1_sim:[60575. 60514. 59976.] t2_sim:[65389. 64575. 62266.]
Task is 85.00% complete.
t1_sim:[62873. 62742. 63774.] t2_sim:[63122. 62782. 61529.]
Task is 86.00% complete.
t1_sim:[66284. 67567. 66177.] t2_sim:[57380. 58469. 59361.]
Task is 87.00% complete.
t1_sim:[66634. 66565. 67213.] t2_sim:[59157. 60201. 58406.]
Task is 88.00% complete.
t1_sim:[64739. 65474. 65670.] t2_sim:[61442. 62132. 62279.]
Task is 89.00% complete.
t1_sim:[63490. 63520. 63598.] t2_sim:[63093. 62227. 61336.]
Task is 90.00% complete.
t1_sim:[60376. 60624. 59628.] t2_sim:[60578. 60403. 57610.]
Task is 91.00% complete.
t1_sim:[72885. 72410. 71101.] t2_sim:[64947. 64174. 64161.]
Task is 92.00% complete.
t1_sim:[62685. 62439. 59683.] t2_sim:[62875. 62489. 64629.]
Task is 93.00% complete.
t1_sim:[64288. 65190. 64819.] t2_sim:[62995. 61989. 62557.]
Task is 94.00% complete.
t1_sim:[59915. 60043. 62003.] t2_sim:[69850. 70743. 68837.]
Task is 95.00% complete.
t1_sim:[63599. 64071. 62194.] t2_sim:[59051. 58662. 60622.]
Task is 96.00% complete.
t1_sim:[65091. 65407. 64796.] t2_sim:[62861. 62692. 61996.]
Task is 97.00% complete.
t1_sim:[60433. 60082. 59532.] t2_sim:[59419. 59468. 60950.]
Task is 98.00% complete.
t1_sim:[61743. 60727. 60113.] t2_sim:[63847. 63766. 60961.]
Task is 99.00% complete.
t1_sim:[65228. 63544. 61832.] t2_sim:[61765. 63482. 64972.]
Finished
