Begin
Training start
t1_obs:[array(77622.), array(62813.), array(62733.)] t2_obs:[array(79268.), array(66433.), array(64012.)]
corr_G1:[None, None, 2.6631637911073833e-17] corr_G2:[None, None, 5.498664087804976e-17]
Training end
Task is 0.00% complete.
t1_sim:[64580. 64986. 64101.] t2_sim:[55461. 55920. 54947.]
Task is 1.00% complete.
t1_sim:[63678. 64526. 61770.] t2_sim:[65014. 65243. 62840.]
Task is 2.00% complete.
t1_sim:[63138. 62427. 63039.] t2_sim:[58880. 58986. 57972.]
Task is 3.00% complete.
t1_sim:[65425. 64742. 64028.] t2_sim:[63085. 63744. 64708.]
Task is 4.00% complete.
t1_sim:[56730. 57504. 58321.] t2_sim:[59345. 60388. 60438.]
Task is 5.00% complete.
t1_sim:[62261. 63181. 64307.] t2_sim:[61956. 62123. 61545.]
Task is 6.00% complete.
t1_sim:[63849. 63867. 64831.] t2_sim:[56317. 56786. 53470.]
Task is 7.00% complete.
t1_sim:[67694. 69721. 67829.] t2_sim:[62887. 62016. 61790.]
Task is 8.00% complete.
t1_sim:[57053. 58950. 59933.] t2_sim:[56243. 56702. 53500.]
Task is 9.00% complete.
t1_sim:[67331. 67862. 67054.] t2_sim:[63993. 63179. 63984.]
Task is 10.00% complete.
t1_sim:[62115. 62077. 66065.] t2_sim:[66916. 67034. 64117.]
Task is 11.00% complete.
t1_sim:[65570. 65897. 67002.] t2_sim:[58416. 58955. 57750.]
Task is 12.00% complete.
t1_sim:[65228. 65626. 68105.] t2_sim:[64726. 65250. 67032.]
Task is 13.00% complete.
t1_sim:[62279. 60636. 57577.] t2_sim:[59894. 60101. 60881.]
Task is 14.00% complete.
t1_sim:[67903. 67157. 66569.] t2_sim:[64543. 63847. 62229.]
Task is 15.00% complete.
t1_sim:[63973. 64933. 65634.] t2_sim:[59495. 58261. 58878.]
Task is 16.00% complete.
t1_sim:[66351. 67467. 66259.] t2_sim:[60482. 61092. 64539.]
Task is 17.00% complete.
t1_sim:[62530. 62890. 62656.] t2_sim:[61660. 61967. 63942.]
Task is 18.00% complete.
t1_sim:[66412. 66051. 60756.] t2_sim:[64120. 64799. 65572.]
Task is 19.00% complete.
t1_sim:[64222. 64630. 62159.] t2_sim:[60472. 60057. 62641.]
Task is 20.00% complete.
t1_sim:[58952. 58812. 55143.] t2_sim:[62515. 63217. 65716.]
Task is 21.00% complete.
t1_sim:[58019. 57028. 61282.] t2_sim:[63132. 62454. 67508.]
Task is 22.00% complete.
t1_sim:[63987. 65021. 65028.] t2_sim:[60612. 60936. 61808.]
Task is 23.00% complete.
t1_sim:[59480. 59362. 58467.] t2_sim:[57966. 58771. 60325.]
Task is 24.00% complete.
t1_sim:[61640. 62355. 64769.] t2_sim:[63564. 63865. 63226.]
Task is 25.00% complete.
t1_sim:[61058. 61243. 64406.] t2_sim:[64331. 64508. 64803.]
Task is 26.00% complete.
t1_sim:[71856. 71417. 70119.] t2_sim:[56851. 57302. 56358.]
Task is 27.00% complete.
t1_sim:[64405. 64929. 67655.] t2_sim:[61989. 61227. 59186.]
Task is 28.00% complete.
t1_sim:[72078. 71700. 66495.] t2_sim:[59264. 58375. 57613.]
Task is 29.00% complete.
t1_sim:[59427. 58286. 57587.] t2_sim:[62588. 62446. 66511.]
Task is 30.00% complete.
t1_sim:[60127. 60865. 65327.] t2_sim:[60482. 59456. 61216.]
Task is 31.00% complete.
t1_sim:[61545. 62460. 65088.] t2_sim:[59892. 61171. 61972.]
Task is 32.00% complete.
t1_sim:[55333. 57113. 57668.] t2_sim:[58340. 57765. 56882.]
Task is 33.00% complete.
t1_sim:[56836. 55987. 56340.] t2_sim:[59064. 57470. 56933.]
Task is 34.00% complete.
t1_sim:[64538. 64871. 66590.] t2_sim:[66654. 66953. 67830.]
Task is 35.00% complete.
t1_sim:[64382. 63304. 62144.] t2_sim:[67030. 66645. 65755.]
Task is 36.00% complete.
t1_sim:[65219. 65212. 66581.] t2_sim:[64478. 63827. 66535.]
Task is 37.00% complete.
t1_sim:[61271. 60972. 59960.] t2_sim:[63192. 63314. 60914.]
Task is 38.00% complete.
t1_sim:[63674. 63928. 64357.] t2_sim:[61022. 60689. 58967.]
Task is 39.00% complete.
t1_sim:[65844. 65649. 65644.] t2_sim:[64327. 64009. 60489.]
Task is 40.00% complete.
t1_sim:[66756. 65048. 65384.] t2_sim:[60386. 59989. 62201.]
Task is 41.00% complete.
t1_sim:[61620. 60682. 60839.] t2_sim:[62655. 64715. 61765.]
Task is 42.00% complete.
t1_sim:[60155. 60869. 61691.] t2_sim:[63287. 63334. 64400.]
Task is 43.00% complete.
t1_sim:[59604. 60061. 60702.] t2_sim:[58687. 58145. 59250.]
Task is 44.00% complete.
t1_sim:[65698. 66474. 67381.] t2_sim:[60891. 61799. 62228.]
Task is 45.00% complete.
t1_sim:[63226. 62999. 64010.] t2_sim:[63022. 63708. 62375.]
Task is 46.00% complete.
t1_sim:[60370. 61902. 60983.] t2_sim:[65199. 65511. 66703.]
Task is 47.00% complete.
t1_sim:[66667. 67914. 69968.] t2_sim:[64501. 64880. 66642.]
Task is 48.00% complete.
t1_sim:[60580. 60953. 60698.] t2_sim:[62638. 62140. 61131.]
Task is 49.00% complete.
t1_sim:[62953. 61277. 65599.] t2_sim:[63691. 63358. 65888.]
Task is 50.00% complete.
t1_sim:[65098. 64375. 65072.] t2_sim:[60347. 59378. 62239.]
Task is 51.00% complete.
t1_sim:[63634. 63226. 64863.] t2_sim:[59778. 58790. 62744.]
Task is 52.00% complete.
t1_sim:[63547. 62746. 61572.] t2_sim:[61560. 63242. 62216.]
Task is 53.00% complete.
t1_sim:[58866. 59786. 58127.] t2_sim:[69320. 70553. 67925.]
Task is 54.00% complete.
t1_sim:[64858. 65629. 62953.] t2_sim:[57295. 57594. 60421.]
Task is 55.00% complete.
t1_sim:[67648. 68908. 68122.] t2_sim:[64171. 63352. 64202.]
Task is 56.00% complete.
t1_sim:[59455. 60046. 63949.] t2_sim:[67529. 68736. 68113.]
Task is 57.00% complete.
t1_sim:[66869. 66428. 66774.] t2_sim:[61708. 61052. 58277.]
Task is 58.00% complete.
t1_sim:[59775. 61074. 62017.] t2_sim:[60115. 61312. 57732.]
Task is 59.00% complete.
t1_sim:[62002. 62146. 64391.] t2_sim:[62038. 61688. 61742.]
Task is 60.00% complete.
t1_sim:[58647. 59623. 57219.] t2_sim:[64569. 65461. 65938.]
Task is 61.00% complete.
t1_sim:[65117. 65175. 65624.] t2_sim:[55564. 56370. 61010.]
Task is 62.00% complete.
t1_sim:[59716. 59995. 59315.] t2_sim:[60785. 61559. 63536.]
Task is 63.00% complete.
t1_sim:[64022. 63772. 64081.] t2_sim:[61337. 60969. 60240.]
Task is 64.00% complete.
t1_sim:[62885. 61444. 60676.] t2_sim:[60151. 60828. 61400.]
Task is 65.00% complete.
t1_sim:[66111. 66250. 65243.] t2_sim:[64592. 65852. 62088.]
Task is 66.00% complete.
t1_sim:[64132. 62592. 60918.] t2_sim:[59813. 59632. 58868.]
Task is 67.00% complete.
t1_sim:[62039. 61528. 59912.] t2_sim:[66587. 65341. 65565.]
Task is 68.00% complete.
t1_sim:[60661. 60843. 56172.] t2_sim:[62433. 62597. 66510.]
Task is 69.00% complete.
t1_sim:[68382. 68991. 64754.] t2_sim:[60854. 61185. 63202.]
Task is 70.00% complete.
t1_sim:[61561. 60460. 65253.] t2_sim:[62921. 63633. 62095.]
Task is 71.00% complete.
t1_sim:[59325. 60518. 60335.] t2_sim:[63398. 62789. 65659.]
Task is 72.00% complete.
t1_sim:[65638. 65703. 63038.] t2_sim:[60646. 59874. 60621.]
Task is 73.00% complete.
t1_sim:[63105. 63669. 63968.] t2_sim:[64083. 62592. 60893.]
Task is 74.00% complete.
t1_sim:[65984. 66201. 63047.] t2_sim:[60265. 61145. 63026.]
Task is 75.00% complete.
t1_sim:[65944. 64788. 69590.] t2_sim:[65388. 65444. 64821.]
Task is 76.00% complete.
t1_sim:[61159. 60720. 62984.] t2_sim:[66649. 65755. 64366.]
Task is 77.00% complete.
t1_sim:[66257. 65777. 63339.] t2_sim:[64377. 64275. 68286.]
Task is 78.00% complete.
t1_sim:[58059. 58152. 60819.] t2_sim:[65826. 65467. 69181.]
Task is 79.00% complete.
t1_sim:[63353. 62393. 62815.] t2_sim:[66101. 65427. 67696.]
Task is 80.00% complete.
t1_sim:[61137. 59570. 59071.] t2_sim:[66806. 66532. 69107.]
Task is 81.00% complete.
t1_sim:[64778. 65595. 63594.] t2_sim:[66092. 65821. 68535.]
Task is 82.00% complete.
t1_sim:[61555. 60817. 60107.] t2_sim:[66616. 66019. 68060.]
Task is 83.00% complete.
t1_sim:[61938. 61883. 59799.] t2_sim:[61392. 61414. 64246.]
Task is 84.00% complete.
t1_sim:[67682. 67408. 65893.] t2_sim:[54174. 54376. 52457.]
Task is 85.00% complete.
t1_sim:[63032. 61675. 63371.] t2_sim:[69012. 68357. 64971.]
Task is 86.00% complete.
t1_sim:[66339. 66501. 63122.] t2_sim:[61737. 60079. 59529.]
Task is 87.00% complete.
t1_sim:[63229. 62395. 65526.] t2_sim:[65473. 65678. 68398.]
Task is 88.00% complete.
t1_sim:[61956. 60093. 61821.] t2_sim:[63662. 62976. 62980.]
Task is 89.00% complete.
t1_sim:[61464. 61702. 61838.] t2_sim:[60312. 60519. 60264.]
Task is 90.00% complete.
t1_sim:[62120. 61803. 59922.] t2_sim:[67489. 66650. 63225.]
Task is 91.00% complete.
t1_sim:[68229. 66941. 66367.] t2_sim:[62014. 62773. 66409.]
Task is 92.00% complete.
t1_sim:[65104. 65175. 64161.] t2_sim:[57548. 57914. 57567.]
Task is 93.00% complete.
t1_sim:[69941. 71368. 70188.] t2_sim:[61065. 60578. 65643.]
Task is 94.00% complete.
t1_sim:[61422. 60343. 61854.] t2_sim:[62585. 61576. 65320.]
Task is 95.00% complete.
t1_sim:[67244. 68587. 67465.] t2_sim:[63689. 62897. 60865.]
Task is 96.00% complete.
t1_sim:[63288. 63300. 61325.] t2_sim:[66474. 67209. 65883.]
Task is 97.00% complete.
t1_sim:[60828. 60083. 61098.] t2_sim:[57705. 58297. 58212.]
Task is 98.00% complete.
t1_sim:[59293. 60245. 60970.] t2_sim:[68104. 68427. 69763.]
Task is 99.00% complete.
t1_sim:[60233. 60517. 61059.] t2_sim:[64871. 64769. 64850.]
Training start
t1_obs:[array(77622.), array(62813.), array(61485.)] t2_obs:[array(79268.), array(66433.), array(64849.)]
corr_G1:[None, None, 0.9670057514695699] corr_G2:[None, None, 0.9917308697481767]
Training end
Task is 0.00% complete.
t1_sim:[63239. 64251. 65629.] t2_sim:[67885. 67191. 66735.]
Task is 1.00% complete.
t1_sim:[59740. 59369. 61848.] t2_sim:[59440. 59018. 57041.]
Task is 2.00% complete.
t1_sim:[66537. 66215. 65224.] t2_sim:[64958. 66162. 64696.]
Task is 3.00% complete.
t1_sim:[67911. 68254. 70393.] t2_sim:[62376. 62827. 64233.]
Task is 4.00% complete.
t1_sim:[63707. 63629. 64991.] t2_sim:[60955. 61306. 64919.]
Task is 5.00% complete.
t1_sim:[60029. 58433. 58987.] t2_sim:[62589. 63082. 62169.]
Task is 6.00% complete.
t1_sim:[69480. 70960. 71802.] t2_sim:[63190. 63058. 64860.]
Task is 7.00% complete.
t1_sim:[66229. 64603. 63342.] t2_sim:[68028. 67518. 67100.]
Task is 8.00% complete.
t1_sim:[62872. 63923. 65194.] t2_sim:[68938. 68609. 66631.]
Task is 9.00% complete.
t1_sim:[56501. 58741. 60405.] t2_sim:[66651. 65506. 69042.]
Task is 10.00% complete.
t1_sim:[63095. 62797. 63121.] t2_sim:[65991. 65630. 65556.]
Task is 11.00% complete.
t1_sim:[63762. 63843. 63837.] t2_sim:[62364. 63267. 61769.]
Task is 12.00% complete.
t1_sim:[62639. 62277. 63179.] t2_sim:[64020. 63419. 65324.]
Task is 13.00% complete.
t1_sim:[57426. 58145. 59068.] t2_sim:[64576. 63250. 65877.]
Task is 14.00% complete.
t1_sim:[67026. 68167. 68457.] t2_sim:[66161. 65321. 67009.]
Task is 15.00% complete.
t1_sim:[61946. 61990. 62442.] t2_sim:[61415. 60217. 58719.]
Task is 16.00% complete.
t1_sim:[65061. 64465. 66090.] t2_sim:[59619. 60516. 59875.]
Task is 17.00% complete.
t1_sim:[66899. 66173. 65283.] t2_sim:[57953. 59216. 59762.]
Task is 18.00% complete.
t1_sim:[73889. 72747. 72160.] t2_sim:[63652. 63588. 67424.]
Task is 19.00% complete.
t1_sim:[58992. 59382. 59992.] t2_sim:[62507. 61503. 62512.]
Task is 20.00% complete.
t1_sim:[63999. 64173. 65630.] t2_sim:[65370. 65842. 66013.]
Task is 21.00% complete.
t1_sim:[60869. 59324. 59056.] t2_sim:[64218. 63976. 63906.]
Task is 22.00% complete.
t1_sim:[59965. 58761. 59562.] t2_sim:[60962. 59869. 58179.]
Task is 23.00% complete.
t1_sim:[57833. 57661. 58659.] t2_sim:[60187. 60381. 58225.]
Task is 24.00% complete.
t1_sim:[66579. 66769. 65991.] t2_sim:[67533. 69107. 68981.]
Task is 25.00% complete.
t1_sim:[63622. 63838. 62446.] t2_sim:[65095. 64784. 65105.]
Task is 26.00% complete.
t1_sim:[56222. 55528. 54404.] t2_sim:[67141. 67543. 66139.]
Task is 27.00% complete.
t1_sim:[65746. 65122. 67093.] t2_sim:[61904. 60681. 58154.]
Task is 28.00% complete.
t1_sim:[62889. 62847. 63481.] t2_sim:[62660. 62514. 64396.]
Task is 29.00% complete.
t1_sim:[60064. 58901. 61449.] t2_sim:[62486. 62248. 61866.]
Task is 30.00% complete.
t1_sim:[62813. 63707. 62691.] t2_sim:[63264. 61280. 61575.]
Task is 31.00% complete.
t1_sim:[64877. 65454. 66842.] t2_sim:[65334. 66379. 65388.]
Task is 32.00% complete.
t1_sim:[66879. 68492. 67538.] t2_sim:[65257. 65787. 66303.]
Task is 33.00% complete.
t1_sim:[57596. 56672. 56457.] t2_sim:[62510. 63284. 64879.]
Task is 34.00% complete.
t1_sim:[63979. 62823. 64005.] t2_sim:[63035. 63340. 62960.]
Task is 35.00% complete.
t1_sim:[64576. 63055. 61836.] t2_sim:[65466. 65194. 65803.]
Task is 36.00% complete.
t1_sim:[64337. 63372. 65966.] t2_sim:[63980. 64098. 67265.]
Task is 37.00% complete.
t1_sim:[66568. 66609. 67267.] t2_sim:[61113. 61395. 62699.]
Task is 38.00% complete.
t1_sim:[63110. 62328. 63226.] t2_sim:[57760. 58032. 59637.]
Task is 39.00% complete.
t1_sim:[63711. 63845. 63601.] t2_sim:[63596. 63928. 60671.]
Task is 40.00% complete.
t1_sim:[65694. 66179. 67227.] t2_sim:[61819. 62905. 63286.]
Task is 41.00% complete.
t1_sim:[67105. 68491. 68832.] t2_sim:[61774. 61215. 61270.]
Task is 42.00% complete.
t1_sim:[59585. 60107. 59951.] t2_sim:[57163. 56454. 59055.]
Task is 43.00% complete.
t1_sim:[62759. 63887. 65363.] t2_sim:[67381. 65892. 65273.]
Task is 44.00% complete.
t1_sim:[55419. 55153. 56837.] t2_sim:[59948. 60100. 61311.]
Task is 45.00% complete.
t1_sim:[59030. 59720. 62220.] t2_sim:[59562. 58740. 60463.]
Task is 46.00% complete.
t1_sim:[64899. 66546. 64817.] t2_sim:[59743. 61824. 61391.]
Task is 47.00% complete.
t1_sim:[62735. 62545. 65676.] t2_sim:[61189. 61250. 64321.]
Task is 48.00% complete.
t1_sim:[66398. 66530. 68604.] t2_sim:[62703. 61682. 62936.]
Task is 49.00% complete.
t1_sim:[62200. 62447. 60763.] t2_sim:[61128. 61580. 61445.]
Task is 50.00% complete.
t1_sim:[71916. 71872. 72925.] t2_sim:[68811. 67941. 69291.]
Task is 51.00% complete.
t1_sim:[63786. 63042. 65202.] t2_sim:[65875. 66254. 64124.]
Task is 52.00% complete.
t1_sim:[61147. 62266. 62709.] t2_sim:[65273. 65957. 66618.]
Task is 53.00% complete.
t1_sim:[63474. 62553. 62978.] t2_sim:[65505. 65743. 65242.]
Task is 54.00% complete.
t1_sim:[57242. 56701. 55964.] t2_sim:[62659. 62039. 62053.]
Task is 55.00% complete.
t1_sim:[65146. 64931. 67114.] t2_sim:[65231. 65415. 66718.]
Task is 56.00% complete.
t1_sim:[63140. 62678. 64145.] t2_sim:[59836. 61324. 61609.]
Task is 57.00% complete.
t1_sim:[68772. 68994. 69170.] t2_sim:[63236. 62458. 64163.]
Task is 58.00% complete.
t1_sim:[69959. 70598. 69130.] t2_sim:[56989. 57403. 59898.]
Task is 59.00% complete.
t1_sim:[61172. 59762. 60643.] t2_sim:[66114. 66341. 67033.]
Task is 60.00% complete.
t1_sim:[59695. 60217. 62954.] t2_sim:[63290. 63817. 64676.]
Task is 61.00% complete.
t1_sim:[66776. 67473. 67663.] t2_sim:[64958. 64383. 62673.]
Task is 62.00% complete.
t1_sim:[66522. 68287. 69088.] t2_sim:[62554. 62735. 64231.]
Task is 63.00% complete.
t1_sim:[62763. 62718. 61641.] t2_sim:[63918. 63179. 62417.]
Task is 64.00% complete.
t1_sim:[62157. 62130. 62983.] t2_sim:[65057. 64712. 65214.]
Task is 65.00% complete.
t1_sim:[59633. 60423. 61860.] t2_sim:[66873. 65532. 66093.]
Task is 66.00% complete.
t1_sim:[56961. 55281. 54770.] t2_sim:[59380. 59086. 57887.]
Task is 67.00% complete.
t1_sim:[64875. 64749. 62550.] t2_sim:[64197. 63579. 63054.]
Task is 68.00% complete.
t1_sim:[60223. 58606. 58218.] t2_sim:[59736. 58874. 57447.]
Task is 69.00% complete.
t1_sim:[63054. 62007. 60446.] t2_sim:[62585. 62355. 62389.]
Task is 70.00% complete.
t1_sim:[67253. 66185. 67460.] t2_sim:[58798. 58617. 59377.]
Task is 71.00% complete.
t1_sim:[67415. 68191. 68952.] t2_sim:[61910. 62140. 61967.]
Task is 72.00% complete.
t1_sim:[61057. 61618. 63561.] t2_sim:[61684. 61885. 62834.]
Task is 73.00% complete.
t1_sim:[60295. 60528. 61384.] t2_sim:[64116. 63969. 62366.]
Task is 74.00% complete.
t1_sim:[69135. 69032. 70859.] t2_sim:[59956. 60013. 62257.]
Task is 75.00% complete.
t1_sim:[64273. 63684. 66504.] t2_sim:[65062. 65432. 64869.]
Task is 76.00% complete.
t1_sim:[65221. 63604. 64217.] t2_sim:[61922. 62528. 62819.]
Task is 77.00% complete.
t1_sim:[61292. 61021. 60137.] t2_sim:[58797. 58488. 57441.]
Task is 78.00% complete.
t1_sim:[63247. 63604. 64382.] t2_sim:[66813. 65789. 66014.]
Task is 79.00% complete.
t1_sim:[61917. 62191. 65535.] t2_sim:[64288. 63136. 65237.]
Task is 80.00% complete.
t1_sim:[63194. 61969. 61398.] t2_sim:[59676. 60356. 62526.]
Task is 81.00% complete.
t1_sim:[56895. 56330. 57108.] t2_sim:[60453. 60316. 60433.]
Task is 82.00% complete.
t1_sim:[61290. 60803. 61269.] t2_sim:[64311. 64045. 63349.]
Task is 83.00% complete.
t1_sim:[63720. 62581. 61945.] t2_sim:[65740. 65416. 69079.]
Task is 84.00% complete.
t1_sim:[63842. 64283. 65530.] t2_sim:[63826. 64367. 63506.]
Task is 85.00% complete.
t1_sim:[62011. 62332. 62080.] t2_sim:[66664. 66150. 62666.]
Task is 86.00% complete.
t1_sim:[68652. 68008. 67645.] t2_sim:[58965. 59149. 59679.]
Task is 87.00% complete.
t1_sim:[61714. 62271. 61855.] t2_sim:[62696. 62253. 62658.]
Task is 88.00% complete.
t1_sim:[56389. 56697. 56294.] t2_sim:[64092. 64428. 63739.]
Task is 89.00% complete.
t1_sim:[61502. 62003. 60708.] t2_sim:[57762. 57297. 59740.]
Task is 90.00% complete.
t1_sim:[64441. 64744. 64038.] t2_sim:[60615. 59641. 60765.]
Task is 91.00% complete.
t1_sim:[62266. 63889. 65807.] t2_sim:[60911. 60988. 61183.]
Task is 92.00% complete.
t1_sim:[62616. 63281. 63806.] t2_sim:[59021. 58458. 58717.]
Task is 93.00% complete.
t1_sim:[58358. 60128. 59163.] t2_sim:[65551. 65633. 66891.]
Task is 94.00% complete.
t1_sim:[66711. 64348. 63620.] t2_sim:[64817. 65737. 67268.]
Task is 95.00% complete.
t1_sim:[66477. 66438. 66662.] t2_sim:[57559. 58463. 57196.]
Task is 96.00% complete.
t1_sim:[63178. 63662. 65031.] t2_sim:[64347. 65114. 64841.]
Task is 97.00% complete.
t1_sim:[56867. 58363. 59743.] t2_sim:[65386. 65803. 63453.]
Task is 98.00% complete.
t1_sim:[61597. 60898. 60360.] t2_sim:[68914. 68496. 66236.]
Task is 99.00% complete.
t1_sim:[67747. 67919. 68679.] t2_sim:[66965. 67333. 68134.]
Training start
t1_obs:[array(77622.), array(62813.), array(62830.)] t2_obs:[array(79268.), array(66433.), array(64510.)]
corr_G1:[None, None, -0.14473067794610783] corr_G2:[None, None, -0.12231840490030906]
Training end
Task is 0.00% complete.
t1_sim:[64363. 65314. 64507.] t2_sim:[55765. 55785. 54235.]
Task is 1.00% complete.
t1_sim:[59341. 60620. 61715.] t2_sim:[69385. 69913. 69639.]
Task is 2.00% complete.
t1_sim:[61600. 60992. 61627.] t2_sim:[61118. 60403. 59519.]
Task is 3.00% complete.
t1_sim:[60065. 61957. 63206.] t2_sim:[61301. 61556. 65437.]
Task is 4.00% complete.
t1_sim:[60808. 60859. 61458.] t2_sim:[65359. 64331. 63756.]
Task is 5.00% complete.
t1_sim:[61747. 61285. 61193.] t2_sim:[63007. 62459. 62816.]
Task is 6.00% complete.
t1_sim:[58096. 59507. 56035.] t2_sim:[55087. 53822. 55066.]
Task is 7.00% complete.
t1_sim:[59282. 59074. 58539.] t2_sim:[51097. 52274. 51045.]
Task is 8.00% complete.
t1_sim:[62609. 63689. 65225.] t2_sim:[64696. 64497. 64530.]
Task is 9.00% complete.
t1_sim:[61697. 62154. 64924.] t2_sim:[72263. 71827. 73689.]
Task is 10.00% complete.
t1_sim:[67330. 65953. 66669.] t2_sim:[61914. 62677. 58660.]
Task is 11.00% complete.
t1_sim:[63324. 63391. 62933.] t2_sim:[60620. 60881. 61832.]
Task is 12.00% complete.
t1_sim:[60850. 60572. 60413.] t2_sim:[69209. 69505. 69527.]
Task is 13.00% complete.
t1_sim:[63815. 61623. 60009.] t2_sim:[65193. 64907. 62733.]
Task is 14.00% complete.
t1_sim:[63396. 62394. 65352.] t2_sim:[62610. 63492. 64550.]
Task is 15.00% complete.
t1_sim:[65647. 64936. 66140.] t2_sim:[64441. 63220. 63192.]
Task is 16.00% complete.
t1_sim:[62712. 61941. 60917.] t2_sim:[70509. 69241. 69160.]
Task is 17.00% complete.
t1_sim:[66331. 65678. 68076.] t2_sim:[61049. 61301. 60979.]
Task is 18.00% complete.
t1_sim:[62542. 62716. 62185.] t2_sim:[64399. 63848. 63163.]
Task is 19.00% complete.
t1_sim:[60911. 60160. 63278.] t2_sim:[65474. 64663. 63358.]
Task is 20.00% complete.
t1_sim:[67101. 67332. 68198.] t2_sim:[60562. 59672. 60196.]
Task is 21.00% complete.
t1_sim:[58503. 58962. 59858.] t2_sim:[59516. 59023. 57118.]
Task is 22.00% complete.
t1_sim:[60939. 60003. 59950.] t2_sim:[69098. 68365. 68961.]
Task is 23.00% complete.
t1_sim:[67800. 68410. 67674.] t2_sim:[59794. 59032. 58743.]
Task is 24.00% complete.
t1_sim:[64082. 63740. 62958.] t2_sim:[64860. 65135. 61992.]
Task is 25.00% complete.
t1_sim:[63302. 63497. 64420.] t2_sim:[59615. 60202. 60631.]
Task is 26.00% complete.
t1_sim:[64529. 64882. 66003.] t2_sim:[54525. 55869. 55103.]
Task is 27.00% complete.
t1_sim:[64872. 64899. 61860.] t2_sim:[59757. 59917. 58238.]
Task is 28.00% complete.
t1_sim:[55533. 54940. 55029.] t2_sim:[64106. 63690. 68503.]
Task is 29.00% complete.
t1_sim:[66705. 65913. 66332.] t2_sim:[61470. 60671. 62033.]
Task is 30.00% complete.
t1_sim:[62592. 62147. 61272.] t2_sim:[66775. 66975. 67928.]
Task is 31.00% complete.
t1_sim:[61004. 61298. 62562.] t2_sim:[62364. 61871. 62040.]
Task is 32.00% complete.
t1_sim:[60747. 61452. 60655.] t2_sim:[64246. 62814. 62420.]
Task is 33.00% complete.
t1_sim:[59222. 59457. 62807.] t2_sim:[61544. 60917. 61732.]
Task is 34.00% complete.
t1_sim:[69255. 69880. 70467.] t2_sim:[65300. 64567. 61842.]
Task is 35.00% complete.
t1_sim:[63955. 64370. 65245.] t2_sim:[58817. 59115. 58043.]
Task is 36.00% complete.
t1_sim:[63419. 62087. 60958.] t2_sim:[65955. 65382. 62250.]
Task is 37.00% complete.
t1_sim:[61689. 60499. 62372.] t2_sim:[64544. 65232. 63503.]
Task is 38.00% complete.
t1_sim:[59647. 58435. 60992.] t2_sim:[67415. 66798. 65266.]
Task is 39.00% complete.
t1_sim:[63086. 65018. 66232.] t2_sim:[60198. 61275. 62562.]
Task is 40.00% complete.
t1_sim:[68732. 67757. 69158.] t2_sim:[59702. 60478. 61910.]
Task is 41.00% complete.
t1_sim:[65455. 64557. 62313.] t2_sim:[59415. 60129. 60736.]
Task is 42.00% complete.
t1_sim:[64588. 62447. 59640.] t2_sim:[63610. 62815. 62160.]
Task is 43.00% complete.
t1_sim:[59361. 58848. 59471.] t2_sim:[62907. 61915. 60319.]
Task is 44.00% complete.
t1_sim:[56535. 58664. 58599.] t2_sim:[59226. 58014. 57976.]
Task is 45.00% complete.
t1_sim:[65989. 66152. 65376.] t2_sim:[56006. 57966. 56473.]
Task is 46.00% complete.
t1_sim:[58465. 58031. 59224.] t2_sim:[60361. 60809. 62245.]
Task is 47.00% complete.
t1_sim:[64495. 66499. 65930.] t2_sim:[59408. 58673. 58294.]
Task is 48.00% complete.
t1_sim:[58688. 59806. 59574.] t2_sim:[66562. 66071. 66977.]
Task is 49.00% complete.
t1_sim:[63199. 64838. 67235.] t2_sim:[61229. 61831. 62117.]
Task is 50.00% complete.
t1_sim:[57629. 58953. 60526.] t2_sim:[63085. 64011. 61898.]
Task is 51.00% complete.
t1_sim:[60307. 58584. 59837.] t2_sim:[65736. 65292. 61600.]
Task is 52.00% complete.
t1_sim:[65360. 64947. 63814.] t2_sim:[65781. 65422. 65096.]
Task is 53.00% complete.
t1_sim:[61945. 62109. 62509.] t2_sim:[60935. 60733. 61420.]
Task is 54.00% complete.
t1_sim:[63416. 62342. 64405.] t2_sim:[67233. 67897. 66756.]
Task is 55.00% complete.
t1_sim:[70289. 69094. 68399.] t2_sim:[61179. 61182. 60850.]
Task is 56.00% complete.
t1_sim:[63796. 63662. 65656.] t2_sim:[59676. 60167. 60203.]
Task is 57.00% complete.
t1_sim:[61440. 62988. 65304.] t2_sim:[66936. 65712. 64278.]
Task is 58.00% complete.
t1_sim:[63403. 63592. 65329.] t2_sim:[63529. 64666. 64036.]
Task is 59.00% complete.
t1_sim:[66708. 65685. 68389.] t2_sim:[61843. 60672. 61546.]
Task is 60.00% complete.
t1_sim:[66694. 67084. 65822.] t2_sim:[65126. 64353. 64973.]
Task is 61.00% complete.
t1_sim:[66032. 67567. 70965.] t2_sim:[65313. 66133. 69062.]
Task is 62.00% complete.
t1_sim:[58941. 59561. 61546.] t2_sim:[62882. 63136. 65110.]
Task is 63.00% complete.
t1_sim:[62434. 61452. 62404.] t2_sim:[64425. 65256. 66046.]
Task is 64.00% complete.
t1_sim:[59567. 59490. 60665.] t2_sim:[58873. 58584. 58226.]
Task is 65.00% complete.
t1_sim:[60484. 59733. 60782.] t2_sim:[60975. 60430. 62343.]
Task is 66.00% complete.
t1_sim:[63582. 63600. 61545.] t2_sim:[64565. 64185. 64352.]
Task is 67.00% complete.
t1_sim:[61684. 61479. 61877.] t2_sim:[55321. 55278. 57614.]
Task is 68.00% complete.
t1_sim:[68080. 67580. 66058.] t2_sim:[56163. 55451. 55931.]
Task is 69.00% complete.
t1_sim:[59621. 59042. 61425.] t2_sim:[63608. 62482. 62610.]
Task is 70.00% complete.
t1_sim:[61308. 60120. 59149.] t2_sim:[63375. 61834. 60827.]
Task is 71.00% complete.
t1_sim:[66067. 65086. 66512.] t2_sim:[66305. 66694. 67774.]
Task is 72.00% complete.
t1_sim:[59383. 60149. 66305.] t2_sim:[62852. 63538. 63224.]
Task is 73.00% complete.
t1_sim:[59971. 59946. 60568.] t2_sim:[62269. 63222. 65737.]
Task is 74.00% complete.
t1_sim:[59559. 60996. 61027.] t2_sim:[65776. 65315. 66527.]
Task is 75.00% complete.
t1_sim:[63000. 64080. 63971.] t2_sim:[59136. 58225. 56284.]
Task is 76.00% complete.
t1_sim:[60002. 59865. 61833.] t2_sim:[65822. 66603. 68141.]
Task is 77.00% complete.
t1_sim:[64573. 63705. 63443.] t2_sim:[60124. 60057. 60466.]
Task is 78.00% complete.
t1_sim:[60544. 59709. 60646.] t2_sim:[63408. 63074. 62141.]
Task is 79.00% complete.
t1_sim:[58087. 59102. 60925.] t2_sim:[69720. 68813. 66084.]
Task is 80.00% complete.
t1_sim:[59999. 59067. 62646.] t2_sim:[58881. 59400. 55956.]
Task is 81.00% complete.
t1_sim:[63398. 63754. 62739.] t2_sim:[62880. 62549. 60451.]
Task is 82.00% complete.
t1_sim:[67419. 68384. 68760.] t2_sim:[67084. 65899. 65182.]
Task is 83.00% complete.
t1_sim:[63793. 64304. 69205.] t2_sim:[60932. 60362. 60657.]
Task is 84.00% complete.
t1_sim:[62711. 63995. 63887.] t2_sim:[62918. 62147. 62618.]
Task is 85.00% complete.
t1_sim:[65980. 66521. 64967.] t2_sim:[62834. 62789. 64324.]
Task is 86.00% complete.
t1_sim:[65979. 66027. 63261.] t2_sim:[66728. 66486. 66214.]
Task is 87.00% complete.
t1_sim:[61522. 61911. 60015.] t2_sim:[59193. 58987. 58845.]
Task is 88.00% complete.
t1_sim:[63617. 64396. 61870.] t2_sim:[60072. 60199. 61581.]
Task is 89.00% complete.
t1_sim:[57072. 58300. 59665.] t2_sim:[59127. 59310. 57146.]
Task is 90.00% complete.
t1_sim:[62116. 62178. 62440.] t2_sim:[56439. 56669. 55721.]
Task is 91.00% complete.
t1_sim:[65323. 65113. 66398.] t2_sim:[64616. 64059. 65211.]
Task is 92.00% complete.
t1_sim:[68546. 67683. 68805.] t2_sim:[62740. 62834. 62181.]
Task is 93.00% complete.
t1_sim:[64073. 64494. 66447.] t2_sim:[62874. 63912. 61845.]
Task is 94.00% complete.
t1_sim:[68714. 68877. 66407.] t2_sim:[60582. 61067. 61550.]
Task is 95.00% complete.
t1_sim:[61683. 62107. 61271.] t2_sim:[62923. 60866. 63317.]
Task is 96.00% complete.
t1_sim:[59284. 58989. 58731.] t2_sim:[65067. 65843. 66047.]
Task is 97.00% complete.
t1_sim:[68354. 69510. 67826.] t2_sim:[67496. 68281. 67861.]
Task is 98.00% complete.
t1_sim:[60915. 61052. 59623.] t2_sim:[66895. 66699. 67407.]
Task is 99.00% complete.
t1_sim:[61351. 60799. 61590.] t2_sim:[57256. 57493. 58617.]
Finished
