Begin
Training start
t1_obs:[array(62714.), array(62627.), array(60697.)] t2_obs:[array(64068.), array(64394.), array(64519.)]
corr_G1:[None, None, 0] corr_G2:[None, None, 0]
Training end
Task is 0.00% complete.
t1_sim:[64674. 64327. 64407.] t2_sim:[58468. 58533. 58605.]
Task is 1.00% complete.
t1_sim:[58796. 58906. 56983.] t2_sim:[59160. 59076. 59297.]
Task is 2.00% complete.
t1_sim:[61714. 61846. 59271.] t2_sim:[63383. 63606. 63920.]
Task is 3.00% complete.
t1_sim:[60106. 60233. 62986.] t2_sim:[60297. 60483. 61709.]
Task is 4.00% complete.
t1_sim:[62382. 62324. 57752.] t2_sim:[62090. 62134. 65082.]
Task is 5.00% complete.
t1_sim:[64828. 64690. 63078.] t2_sim:[57773. 57937. 63347.]
Task is 6.00% complete.
t1_sim:[61556. 61078. 62488.] t2_sim:[61139. 61246. 62608.]
Task is 7.00% complete.
t1_sim:[61441. 61505. 57947.] t2_sim:[66745. 67017. 64194.]
Task is 8.00% complete.
t1_sim:[64407. 64158. 64289.] t2_sim:[59687. 59361. 60904.]
Task is 9.00% complete.
t1_sim:[61306. 61270. 60540.] t2_sim:[64180. 64319. 64714.]
Task is 10.00% complete.
t1_sim:[60060. 60468. 61883.] t2_sim:[67093. 67112. 66170.]
Task is 11.00% complete.
t1_sim:[56336. 56283. 55096.] t2_sim:[64563. 65060. 72353.]
Task is 12.00% complete.
t1_sim:[63969. 64013. 64387.] t2_sim:[57708. 57868. 60253.]
Task is 13.00% complete.
t1_sim:[65258. 65313. 66117.] t2_sim:[62230. 61923. 62234.]
Task is 14.00% complete.
t1_sim:[62493. 62501. 63724.] t2_sim:[62455. 63100. 63896.]
Task is 15.00% complete.
t1_sim:[60567. 60545. 61024.] t2_sim:[65355. 65210. 64603.]
Task is 16.00% complete.
t1_sim:[61788. 61610. 64962.] t2_sim:[62051. 62089. 61060.]
Task is 17.00% complete.
t1_sim:[68389. 68424. 66312.] t2_sim:[63063. 63404. 63674.]
Task is 18.00% complete.
t1_sim:[67953. 68258. 67703.] t2_sim:[58294. 58709. 55655.]
Task is 19.00% complete.
t1_sim:[67545. 67740. 64041.] t2_sim:[58501. 58411. 59008.]
Task is 20.00% complete.
t1_sim:[57970. 57940. 57927.] t2_sim:[63633. 63701. 65921.]
Task is 21.00% complete.
t1_sim:[59855. 59647. 60222.] t2_sim:[67157. 66953. 68286.]
Task is 22.00% complete.
t1_sim:[61365. 61298. 62409.] t2_sim:[67272. 66947. 61213.]
Task is 23.00% complete.
t1_sim:[57637. 57385. 59842.] t2_sim:[66707. 66544. 63539.]
Task is 24.00% complete.
t1_sim:[63913. 64266. 61405.] t2_sim:[60252. 60309. 60491.]
Task is 25.00% complete.
t1_sim:[63122. 63133. 66654.] t2_sim:[59029. 59061. 61017.]
Task is 26.00% complete.
t1_sim:[61939. 62471. 63258.] t2_sim:[63019. 63070. 65358.]
Task is 27.00% complete.
t1_sim:[61224. 61360. 61533.] t2_sim:[59714. 59838. 60744.]
Task is 28.00% complete.
t1_sim:[62304. 62484. 63060.] t2_sim:[56715. 56838. 57777.]
Task is 29.00% complete.
t1_sim:[64217. 64240. 63253.] t2_sim:[59709. 59440. 61813.]
Task is 30.00% complete.
t1_sim:[64869. 64942. 63600.] t2_sim:[60202. 60548. 64309.]
Task is 31.00% complete.
t1_sim:[65937. 65855. 62336.] t2_sim:[62861. 62572. 59474.]
Task is 32.00% complete.
t1_sim:[63430. 63338. 65210.] t2_sim:[64041. 63939. 66702.]
Task is 33.00% complete.
t1_sim:[62682. 62756. 62077.] t2_sim:[68535. 68641. 63580.]
Task is 34.00% complete.
t1_sim:[65614. 65727. 63239.] t2_sim:[59393. 59125. 64904.]
Task is 35.00% complete.
t1_sim:[60203. 60484. 59717.] t2_sim:[64168. 64263. 63262.]
Task is 36.00% complete.
t1_sim:[67463. 67475. 67040.] t2_sim:[57653. 58164. 63388.]
Task is 37.00% complete.
t1_sim:[64074. 64170. 64027.] t2_sim:[65583. 65797. 67643.]
Task is 38.00% complete.
t1_sim:[68916. 69238. 65908.] t2_sim:[65038. 65290. 64806.]
Task is 39.00% complete.
t1_sim:[61771. 61884. 63536.] t2_sim:[58746. 59039. 59124.]
Task is 40.00% complete.
t1_sim:[63353. 63300. 67146.] t2_sim:[61522. 61810. 60469.]
Task is 41.00% complete.
t1_sim:[61025. 60802. 61742.] t2_sim:[65324. 65531. 66075.]
Task is 42.00% complete.
t1_sim:[59019. 59041. 57604.] t2_sim:[62492. 62486. 66042.]
Task is 43.00% complete.
t1_sim:[60759. 60875. 61323.] t2_sim:[62315. 61783. 61886.]
Task is 44.00% complete.
t1_sim:[63097. 63419. 61761.] t2_sim:[67430. 67449. 63872.]
Task is 45.00% complete.
t1_sim:[58751. 58439. 59058.] t2_sim:[60854. 60893. 59346.]
Task is 46.00% complete.
t1_sim:[65628. 65601. 66199.] t2_sim:[59340. 59239. 58450.]
Task is 47.00% complete.
t1_sim:[59914. 60188. 61992.] t2_sim:[61542. 61604. 64895.]
Task is 48.00% complete.
t1_sim:[65526. 65493. 63199.] t2_sim:[69047. 68591. 71021.]
Task is 49.00% complete.
t1_sim:[63109. 63182. 62336.] t2_sim:[62618. 62679. 63440.]
Task is 50.00% complete.
t1_sim:[57008. 57088. 58665.] t2_sim:[61530. 61842. 62815.]
Task is 51.00% complete.
t1_sim:[61442. 61379. 65806.] t2_sim:[64297. 64562. 59323.]
Task is 52.00% complete.
t1_sim:[65982. 66126. 70103.] t2_sim:[57454. 58057. 57609.]
Task is 53.00% complete.
t1_sim:[60362. 60208. 61472.] t2_sim:[58863. 58467. 58886.]
Task is 54.00% complete.
t1_sim:[56696. 56673. 54037.] t2_sim:[62264. 62390. 60368.]
Task is 55.00% complete.
t1_sim:[67905. 67901. 64681.] t2_sim:[60233. 60350. 65588.]
Task is 56.00% complete.
t1_sim:[64908. 65058. 65135.] t2_sim:[62218. 62161. 64805.]
Task is 57.00% complete.
t1_sim:[63960. 63482. 66519.] t2_sim:[64085. 64081. 62337.]
Task is 58.00% complete.
t1_sim:[61362. 61543. 63774.] t2_sim:[59312. 59443. 61021.]
Task is 59.00% complete.
t1_sim:[65553. 65715. 63944.] t2_sim:[58658. 58650. 59034.]
Task is 60.00% complete.
t1_sim:[63496. 63611. 64963.] t2_sim:[58406. 58217. 58692.]
Task is 61.00% complete.
t1_sim:[68982. 68749. 68255.] t2_sim:[57291. 57564. 56762.]
Task is 62.00% complete.
t1_sim:[67244. 67399. 65728.] t2_sim:[64581. 65146. 65156.]
Task is 63.00% complete.
t1_sim:[58248. 58117. 55395.] t2_sim:[64275. 64307. 64457.]
Task is 64.00% complete.
t1_sim:[60700. 59912. 59718.] t2_sim:[60002. 59868. 58936.]
Task is 65.00% complete.
t1_sim:[63432. 63126. 61894.] t2_sim:[65251. 64895. 66828.]
Task is 66.00% complete.
t1_sim:[62568. 62694. 59745.] t2_sim:[67241. 67551. 64802.]
Task is 67.00% complete.
t1_sim:[65098. 64974. 64722.] t2_sim:[61980. 62486. 63556.]
Task is 68.00% complete.
t1_sim:[60493. 60439. 64078.] t2_sim:[61067. 61031. 64779.]
Task is 69.00% complete.
t1_sim:[64555. 64340. 63046.] t2_sim:[66837. 66378. 66733.]
Task is 70.00% complete.
t1_sim:[59583. 59901. 61732.] t2_sim:[65100. 65425. 64488.]
Task is 71.00% complete.
t1_sim:[66091. 65870. 66748.] t2_sim:[62922. 62793. 65828.]
Task is 72.00% complete.
t1_sim:[64323. 63902. 61357.] t2_sim:[63121. 63006. 65775.]
Task is 73.00% complete.
t1_sim:[61004. 60692. 59450.] t2_sim:[60602. 60698. 61082.]
Task is 74.00% complete.
t1_sim:[59837. 59659. 59753.] t2_sim:[61704. 61775. 63285.]
Task is 75.00% complete.
t1_sim:[62203. 61681. 60894.] t2_sim:[63205. 63152. 65570.]
Task is 76.00% complete.
t1_sim:[67978. 68198. 66847.] t2_sim:[56193. 56567. 58421.]
Task is 77.00% complete.
t1_sim:[64781. 64589. 64232.] t2_sim:[64121. 64478. 62644.]
Task is 78.00% complete.
t1_sim:[58433. 58206. 57879.] t2_sim:[67373. 67312. 67164.]
Task is 79.00% complete.
t1_sim:[63680. 63172. 60061.] t2_sim:[61023. 61423. 60646.]
Task is 80.00% complete.
t1_sim:[57746. 57811. 58844.] t2_sim:[65753. 65647. 66970.]
Task is 81.00% complete.
t1_sim:[71430. 71709. 72227.] t2_sim:[60141. 60218. 57146.]
Task is 82.00% complete.
t1_sim:[66284. 66254. 65146.] t2_sim:[66568. 67023. 63758.]
Task is 83.00% complete.
t1_sim:[65864. 65897. 65012.] t2_sim:[62672. 62740. 61127.]
Task is 84.00% complete.
t1_sim:[63004. 63204. 59983.] t2_sim:[61908. 61705. 59089.]
Task is 85.00% complete.
t1_sim:[60233. 60155. 59736.] t2_sim:[58956. 59131. 59333.]
Task is 86.00% complete.
t1_sim:[61945. 61795. 64179.] t2_sim:[57318. 57046. 54977.]
Task is 87.00% complete.
t1_sim:[65307. 65608. 63194.] t2_sim:[60655. 60449. 59560.]
Task is 88.00% complete.
t1_sim:[63644. 63410. 60415.] t2_sim:[60554. 60996. 62746.]
Task is 89.00% complete.
t1_sim:[64361. 64571. 59753.] t2_sim:[68016. 67669. 65023.]
Task is 90.00% complete.
t1_sim:[67045. 66703. 65818.] t2_sim:[62726. 62647. 60268.]
Task is 91.00% complete.
t1_sim:[64130. 64211. 65556.] t2_sim:[58973. 59015. 59699.]
Task is 92.00% complete.
t1_sim:[63454. 63328. 63461.] t2_sim:[68748. 68557. 70812.]
Task is 93.00% complete.
t1_sim:[68056. 68068. 68468.] t2_sim:[61290. 61145. 63510.]
Task is 94.00% complete.
t1_sim:[54227. 53931. 57186.] t2_sim:[64740. 64637. 64638.]
Task is 95.00% complete.
t1_sim:[67338. 67612. 64452.] t2_sim:[62966. 63322. 63604.]
Task is 96.00% complete.
t1_sim:[63579. 63480. 62416.] t2_sim:[65064. 64985. 60776.]
Task is 97.00% complete.
t1_sim:[62036. 62342. 63549.] t2_sim:[64346. 64416. 63023.]
Task is 98.00% complete.
t1_sim:[61714. 61651. 61124.] t2_sim:[63835. 64092. 60895.]
Task is 99.00% complete.
t1_sim:[63113. 63126. 62290.] t2_sim:[58676. 58551. 55868.]
Training start
t1_obs:[array(62714.), array(62627.), array(62401.)] t2_obs:[array(64068.), array(64394.), array(63872.)]
corr_G1:[None, None, 0.9981504352930458] corr_G2:[None, None, 0.9901867831358406]
Training end
Task is 0.00% complete.
t1_sim:[58576. 58913. 57551.] t2_sim:[61728. 61673. 59856.]
Task is 1.00% complete.
t1_sim:[61875. 62014. 62422.] t2_sim:[61338. 61269. 59845.]
Task is 2.00% complete.
t1_sim:[64905. 64910. 64217.] t2_sim:[66290. 66198. 64171.]
Task is 3.00% complete.
t1_sim:[59903. 59946. 58382.] t2_sim:[62333. 62067. 59538.]
Task is 4.00% complete.
t1_sim:[62271. 62253. 62093.] t2_sim:[65673. 65633. 63758.]
Task is 5.00% complete.
t1_sim:[67180. 66892. 66229.] t2_sim:[61856. 62306. 61940.]
Task is 6.00% complete.
t1_sim:[56533. 56330. 58384.] t2_sim:[63050. 62630. 62808.]
Task is 7.00% complete.
t1_sim:[59322. 58904. 58431.] t2_sim:[61843. 61960. 62123.]
Task is 8.00% complete.
t1_sim:[62684. 62255. 61310.] t2_sim:[65478. 65522. 64660.]
Task is 9.00% complete.
t1_sim:[58522. 58292. 58270.] t2_sim:[60670. 60709. 60523.]
Task is 10.00% complete.
t1_sim:[63194. 63512. 65489.] t2_sim:[56325. 56207. 55151.]
Task is 11.00% complete.
t1_sim:[59578. 59712. 60589.] t2_sim:[62465. 62282. 61326.]
Task is 12.00% complete.
t1_sim:[63232. 62951. 60918.] t2_sim:[62732. 62834. 65080.]
Task is 13.00% complete.
t1_sim:[61458. 61652. 63677.] t2_sim:[65025. 65150. 65005.]
Task is 14.00% complete.
t1_sim:[63406. 63409. 63278.] t2_sim:[60607. 60264. 59432.]
Task is 15.00% complete.
t1_sim:[61426. 61129. 62658.] t2_sim:[59684. 59481. 61659.]
Task is 16.00% complete.
t1_sim:[61228. 60801. 60097.] t2_sim:[60931. 60979. 61812.]
Task is 17.00% complete.
t1_sim:[65970. 66141. 69331.] t2_sim:[65101. 65132. 66337.]
Task is 18.00% complete.
t1_sim:[57174. 57261. 58800.] t2_sim:[65909. 65976. 65495.]
Task is 19.00% complete.
t1_sim:[58336. 58233. 59021.] t2_sim:[61295. 61196. 61326.]
Task is 20.00% complete.
t1_sim:[62168. 62041. 61917.] t2_sim:[65008. 64627. 62060.]
Task is 21.00% complete.
t1_sim:[64126. 63988. 66536.] t2_sim:[62576. 62886. 62981.]
Task is 22.00% complete.
t1_sim:[60632. 60555. 61966.] t2_sim:[64091. 63997. 63890.]
Task is 23.00% complete.
t1_sim:[61252. 61433. 62044.] t2_sim:[54689. 54661. 57710.]
Task is 24.00% complete.
t1_sim:[62434. 62415. 61674.] t2_sim:[69185. 69469. 69781.]
Task is 25.00% complete.
t1_sim:[63012. 63045. 62802.] t2_sim:[63104. 63220. 63474.]
Task is 26.00% complete.
t1_sim:[60107. 60360. 62663.] t2_sim:[57326. 57617. 58826.]
Task is 27.00% complete.
t1_sim:[64226. 64485. 63088.] t2_sim:[56269. 56407. 56613.]
Task is 28.00% complete.
t1_sim:[69301. 69770. 69008.] t2_sim:[61493. 62315. 63610.]
Task is 29.00% complete.
t1_sim:[65130. 64660. 64798.] t2_sim:[65171. 65251. 66774.]
Task is 30.00% complete.
t1_sim:[59218. 59145. 59109.] t2_sim:[63597. 63971. 62126.]
Task is 31.00% complete.
t1_sim:[65230. 65451. 64902.] t2_sim:[56237. 56093. 57280.]
Task is 32.00% complete.
t1_sim:[68226. 68186. 65204.] t2_sim:[69190. 68885. 68954.]
Task is 33.00% complete.
t1_sim:[60917. 60920. 61492.] t2_sim:[64037. 63967. 62780.]
Task is 34.00% complete.
t1_sim:[66655. 66855. 67830.] t2_sim:[59310. 59146. 58642.]
Task is 35.00% complete.
t1_sim:[60768. 61044. 61213.] t2_sim:[64687. 65324. 66622.]
Task is 36.00% complete.
t1_sim:[63622. 63836. 64420.] t2_sim:[61521. 61249. 62090.]
Task is 37.00% complete.
t1_sim:[63142. 62948. 64656.] t2_sim:[63889. 63898. 62325.]
Task is 38.00% complete.
t1_sim:[63164. 63469. 63163.] t2_sim:[65890. 65755. 64969.]
Task is 39.00% complete.
t1_sim:[63218. 63340. 60407.] t2_sim:[64500. 64636. 67276.]
Task is 40.00% complete.
t1_sim:[60984. 61342. 63031.] t2_sim:[66927. 66994. 66418.]
Task is 41.00% complete.
t1_sim:[64481. 64135. 64302.] t2_sim:[67626. 67972. 69592.]
Task is 42.00% complete.
t1_sim:[64993. 65021. 65518.] t2_sim:[64492. 64302. 63318.]
Task is 43.00% complete.
t1_sim:[60548. 60420. 62658.] t2_sim:[63195. 62905. 60638.]
Task is 44.00% complete.
t1_sim:[58693. 58427. 60415.] t2_sim:[64269. 64187. 64655.]
Task is 45.00% complete.
t1_sim:[61673. 61546. 60783.] t2_sim:[56179. 56113. 58859.]
Task is 46.00% complete.
t1_sim:[60901. 61374. 60887.] t2_sim:[59932. 60236. 61108.]
Task is 47.00% complete.
t1_sim:[61046. 61201. 62166.] t2_sim:[71042. 71100. 70872.]
Task is 48.00% complete.
t1_sim:[63839. 63827. 63734.] t2_sim:[60789. 60763. 58625.]
Task is 49.00% complete.
t1_sim:[68648. 68952. 70692.] t2_sim:[64936. 64720. 65221.]
Task is 50.00% complete.
t1_sim:[68777. 68339. 65801.] t2_sim:[57386. 57592. 57359.]
Task is 51.00% complete.
t1_sim:[63025. 62978. 62070.] t2_sim:[63296. 62761. 62207.]
Task is 52.00% complete.
t1_sim:[61262. 60894. 60867.] t2_sim:[63014. 62810. 62865.]
Task is 53.00% complete.
t1_sim:[61453. 61223. 61916.] t2_sim:[66655. 66516. 66681.]
Task is 54.00% complete.
t1_sim:[63827. 63853. 62946.] t2_sim:[61976. 61727. 62456.]
Task is 55.00% complete.
t1_sim:[63996. 64095. 62707.] t2_sim:[64317. 64294. 62575.]
Task is 56.00% complete.
t1_sim:[65875. 66056. 63662.] t2_sim:[65740. 65612. 67495.]
Task is 57.00% complete.
t1_sim:[58912. 58773. 59855.] t2_sim:[65362. 65474. 63744.]
Task is 58.00% complete.
t1_sim:[66740. 67148. 64771.] t2_sim:[64813. 64771. 65580.]
Task is 59.00% complete.
t1_sim:[58629. 58823. 58698.] t2_sim:[62842. 62883. 60935.]
Task is 60.00% complete.
t1_sim:[63240. 63326. 62399.] t2_sim:[62548. 63018. 61123.]
Task is 61.00% complete.
t1_sim:[63443. 63466. 62263.] t2_sim:[62458. 62676. 61412.]
Task is 62.00% complete.
t1_sim:[60130. 59951. 59259.] t2_sim:[60309. 60332. 61811.]
Task is 63.00% complete.
t1_sim:[60889. 60698. 63609.] t2_sim:[64755. 64773. 64140.]
Task is 64.00% complete.
t1_sim:[62450. 62674. 63646.] t2_sim:[64782. 64803. 63128.]
Task is 65.00% complete.
t1_sim:[63125. 63034. 64147.] t2_sim:[66463. 66325. 64846.]
Task is 66.00% complete.
t1_sim:[69617. 69072. 68525.] t2_sim:[57615. 57402. 58964.]
Task is 67.00% complete.
t1_sim:[62019. 61739. 61267.] t2_sim:[63937. 64394. 65088.]
Task is 68.00% complete.
t1_sim:[58563. 58601. 59753.] t2_sim:[67714. 67940. 67565.]
Task is 69.00% complete.
t1_sim:[63051. 62922. 63990.] t2_sim:[66542. 66197. 65901.]
Task is 70.00% complete.
t1_sim:[67119. 67014. 67117.] t2_sim:[63810. 63769. 65252.]
Task is 71.00% complete.
t1_sim:[64859. 64397. 63160.] t2_sim:[63824. 63632. 63568.]
Task is 72.00% complete.
t1_sim:[57206. 57090. 55978.] t2_sim:[59321. 59063. 56154.]
Task is 73.00% complete.
t1_sim:[62874. 62977. 63256.] t2_sim:[63616. 63752. 64781.]
Task is 74.00% complete.
t1_sim:[66722. 66798. 66133.] t2_sim:[61421. 61811. 61149.]
Task is 75.00% complete.
t1_sim:[58287. 58321. 59007.] t2_sim:[67122. 67352. 67725.]
Task is 76.00% complete.
t1_sim:[62263. 62206. 64319.] t2_sim:[63985. 64094. 65640.]
Task is 77.00% complete.
t1_sim:[58227. 58570. 59002.] t2_sim:[61235. 61156. 60099.]
Task is 78.00% complete.
t1_sim:[65419. 65681. 64889.] t2_sim:[65366. 65500. 65933.]
Task is 79.00% complete.
t1_sim:[64701. 64573. 65693.] t2_sim:[54005. 54269. 53772.]
Task is 80.00% complete.
t1_sim:[62465. 62411. 63272.] t2_sim:[66773. 66448. 65176.]
Task is 81.00% complete.
t1_sim:[63344. 63504. 64237.] t2_sim:[70932. 70766. 70323.]
Task is 82.00% complete.
t1_sim:[65502. 65771. 63499.] t2_sim:[60178. 60528. 57893.]
Task is 83.00% complete.
t1_sim:[68072. 68483. 68703.] t2_sim:[68359. 68658. 69148.]
Task is 84.00% complete.
t1_sim:[63267. 63352. 63814.] t2_sim:[65656. 65484. 69149.]
Task is 85.00% complete.
t1_sim:[64146. 64291. 64348.] t2_sim:[61000. 61224. 59094.]
Task is 86.00% complete.
t1_sim:[65003. 65224. 65744.] t2_sim:[59831. 60316. 58720.]
Task is 87.00% complete.
t1_sim:[58411. 58442. 56702.] t2_sim:[67346. 67331. 70798.]
Task is 88.00% complete.
t1_sim:[64062. 63896. 65608.] t2_sim:[62266. 62099. 61216.]
Task is 89.00% complete.
t1_sim:[61255. 61182. 61426.] t2_sim:[63660. 63604. 65805.]
Task is 90.00% complete.
t1_sim:[68499. 67821. 66887.] t2_sim:[62160. 62167. 62206.]
Task is 91.00% complete.
t1_sim:[62716. 62877. 60918.] t2_sim:[62323. 62226. 63210.]
Task is 92.00% complete.
t1_sim:[62648. 63053. 62584.] t2_sim:[61893. 62013. 63629.]
Task is 93.00% complete.
t1_sim:[62559. 62435. 63335.] t2_sim:[58100. 58445. 57170.]
Task is 94.00% complete.
t1_sim:[60073. 59880. 57847.] t2_sim:[66440. 66244. 65615.]
Task is 95.00% complete.
t1_sim:[59996. 60129. 59941.] t2_sim:[62871. 63185. 62440.]
Task is 96.00% complete.
t1_sim:[64098. 63762. 63940.] t2_sim:[63816. 64073. 62237.]
Task is 97.00% complete.
t1_sim:[61401. 61443. 60865.] t2_sim:[62461. 62518. 63116.]
Task is 98.00% complete.
t1_sim:[61993. 62039. 62213.] t2_sim:[62546. 62619. 61976.]
Task is 99.00% complete.
t1_sim:[63844. 64138. 64649.] t2_sim:[63705. 63617. 60926.]
Training start
t1_obs:[array(62714.), array(62627.), array(61461.)] t2_obs:[array(64068.), array(64394.), array(64472.)]
corr_G1:[None, None, -0.03769125476241833] corr_G2:[None, None, 0.07776061349099715]
Training end
Task is 0.00% complete.
t1_sim:[69679. 69917. 66214.] t2_sim:[62696. 62888. 61018.]
Task is 1.00% complete.
t1_sim:[62692. 62891. 61601.] t2_sim:[62787. 62534. 62971.]
Task is 2.00% complete.
t1_sim:[56354. 56202. 54470.] t2_sim:[61287. 61095. 61365.]
Task is 3.00% complete.
t1_sim:[66268. 66293. 65338.] t2_sim:[66465. 66425. 69235.]
Task is 4.00% complete.
t1_sim:[66118. 65762. 63804.] t2_sim:[60864. 61332. 61455.]
Task is 5.00% complete.
t1_sim:[58098. 58384. 59415.] t2_sim:[62963. 63152. 63391.]
Task is 6.00% complete.
t1_sim:[64726. 64341. 62822.] t2_sim:[53923. 53663. 54278.]
Task is 7.00% complete.
t1_sim:[58701. 59004. 60386.] t2_sim:[60539. 60559. 63447.]
Task is 8.00% complete.
t1_sim:[61367. 61701. 62289.] t2_sim:[60654. 60849. 59917.]
Task is 9.00% complete.
t1_sim:[58339. 58225. 54619.] t2_sim:[59208. 59375. 59883.]
Task is 10.00% complete.
t1_sim:[59938. 59933. 57834.] t2_sim:[61636. 61818. 59763.]
Task is 11.00% complete.
t1_sim:[65237. 65661. 65253.] t2_sim:[64380. 64598. 65437.]
Task is 12.00% complete.
t1_sim:[66298. 66207. 64756.] t2_sim:[61534. 61408. 63964.]
Task is 13.00% complete.
t1_sim:[60026. 60171. 61418.] t2_sim:[58847. 58801. 59714.]
Task is 14.00% complete.
t1_sim:[63023. 63218. 63015.] t2_sim:[65034. 65300. 66165.]
Task is 15.00% complete.
t1_sim:[64882. 64603. 61827.] t2_sim:[63329. 63521. 62253.]
Task is 16.00% complete.
t1_sim:[64356. 64566. 64950.] t2_sim:[65594. 65088. 63775.]
Task is 17.00% complete.
t1_sim:[64124. 64160. 64070.] t2_sim:[59406. 59130. 58736.]
Task is 18.00% complete.
t1_sim:[60092. 60237. 63891.] t2_sim:[65385. 65608. 64481.]
Task is 19.00% complete.
t1_sim:[66559. 66750. 65397.] t2_sim:[67219. 66735. 67603.]
Task is 20.00% complete.
t1_sim:[60528. 60557. 62185.] t2_sim:[67296. 67354. 68079.]
Task is 21.00% complete.
t1_sim:[61707. 61554. 61397.] t2_sim:[63069. 62939. 63686.]
Task is 22.00% complete.
t1_sim:[63352. 63725. 63144.] t2_sim:[63519. 63823. 62845.]
Task is 23.00% complete.
t1_sim:[57523. 57701. 56476.] t2_sim:[66082. 66119. 66106.]
Task is 24.00% complete.
t1_sim:[65793. 65621. 65193.] t2_sim:[58522. 58540. 56462.]
Task is 25.00% complete.
t1_sim:[56165. 56412. 54910.] t2_sim:[65800. 65760. 65733.]
Task is 26.00% complete.
t1_sim:[60790. 60384. 62679.] t2_sim:[62435. 62579. 61667.]
Task is 27.00% complete.
t1_sim:[61309. 61340. 60165.] t2_sim:[59654. 59926. 58717.]
Task is 28.00% complete.
t1_sim:[64545. 64689. 64588.] t2_sim:[64753. 64618. 64531.]
Task is 29.00% complete.
t1_sim:[59754. 59835. 61116.] t2_sim:[57304. 57101. 57623.]
Task is 30.00% complete.
t1_sim:[60954. 60522. 58738.] t2_sim:[62049. 61739. 62376.]
Task is 31.00% complete.
t1_sim:[62097. 62340. 62991.] t2_sim:[63248. 63296. 62740.]
Task is 32.00% complete.
t1_sim:[60630. 60711. 60478.] t2_sim:[62191. 62171. 61762.]
Task is 33.00% complete.
t1_sim:[60375. 60846. 60057.] t2_sim:[60701. 60433. 58781.]
Task is 34.00% complete.
t1_sim:[62535. 62758. 60663.] t2_sim:[63713. 63537. 63476.]
Task is 35.00% complete.
t1_sim:[65865. 65715. 64318.] t2_sim:[58703. 58724. 59746.]
Task is 36.00% complete.
t1_sim:[64674. 64877. 64039.] t2_sim:[62026. 61717. 62855.]
Task is 37.00% complete.
t1_sim:[56778. 57253. 57820.] t2_sim:[58937. 58368. 56818.]
Task is 38.00% complete.
t1_sim:[59251. 59360. 59991.] t2_sim:[62950. 62585. 61992.]
Task is 39.00% complete.
t1_sim:[65708. 65646. 66483.] t2_sim:[58913. 59124. 57996.]
Task is 40.00% complete.
t1_sim:[61688. 61890. 61234.] t2_sim:[61535. 61201. 62785.]
Task is 41.00% complete.
t1_sim:[59020. 59206. 59555.] t2_sim:[62809. 62958. 62714.]
Task is 42.00% complete.
t1_sim:[61543. 61765. 60305.] t2_sim:[64431. 64576. 64278.]
Task is 43.00% complete.
t1_sim:[60084. 60018. 58355.] t2_sim:[66374. 66709. 65135.]
Task is 44.00% complete.
t1_sim:[67523. 67179. 65570.] t2_sim:[65070. 65135. 66101.]
Task is 45.00% complete.
t1_sim:[63110. 63210. 63819.] t2_sim:[66213. 66058. 64230.]
Task is 46.00% complete.
t1_sim:[62644. 62538. 60753.] t2_sim:[62925. 63017. 64757.]
Task is 47.00% complete.
t1_sim:[62371. 62134. 61358.] t2_sim:[58876. 59304. 59009.]
Task is 48.00% complete.
t1_sim:[58146. 57971. 58750.] t2_sim:[62470. 62682. 59906.]
Task is 49.00% complete.
t1_sim:[67500. 67218. 64844.] t2_sim:[64918. 65403. 63921.]
Task is 50.00% complete.
t1_sim:[60535. 60530. 61535.] t2_sim:[63562. 63691. 63465.]
Task is 51.00% complete.
t1_sim:[64950. 64611. 65042.] t2_sim:[62593. 63042. 62668.]
Task is 52.00% complete.
t1_sim:[52623. 53149. 51771.] t2_sim:[66951. 66864. 66876.]
Task is 53.00% complete.
t1_sim:[58611. 58667. 59135.] t2_sim:[62962. 63097. 62598.]
Task is 54.00% complete.
t1_sim:[68360. 68482. 64881.] t2_sim:[64943. 64844. 65379.]
Task is 55.00% complete.
t1_sim:[62703. 62742. 63514.] t2_sim:[61969. 61948. 62631.]
Task is 56.00% complete.
t1_sim:[62675. 62692. 64320.] t2_sim:[69747. 69911. 69112.]
Task is 57.00% complete.
t1_sim:[59079. 59356. 58687.] t2_sim:[67968. 67977. 67764.]
Task is 58.00% complete.
t1_sim:[60256. 60516. 60124.] t2_sim:[63220. 63212. 64337.]
Task is 59.00% complete.
t1_sim:[68162. 67860. 69533.] t2_sim:[69530. 69622. 69242.]
Task is 60.00% complete.
t1_sim:[60607. 60207. 58543.] t2_sim:[57569. 57021. 54674.]
Task is 61.00% complete.
t1_sim:[56614. 56636. 57162.] t2_sim:[62212. 61968. 59901.]
Task is 62.00% complete.
t1_sim:[58481. 58666. 59641.] t2_sim:[61360. 61189. 59939.]
Task is 63.00% complete.
t1_sim:[70274. 69618. 69199.] t2_sim:[68677. 68699. 67012.]
Task is 64.00% complete.
t1_sim:[56487. 56237. 54124.] t2_sim:[63316. 63456. 64490.]
Task is 65.00% complete.
t1_sim:[64685. 64436. 65102.] t2_sim:[64657. 64758. 65721.]
Task is 66.00% complete.
t1_sim:[60392. 60416. 60076.] t2_sim:[59055. 59224. 60717.]
Task is 67.00% complete.
t1_sim:[62980. 62933. 63702.] t2_sim:[61805. 61597. 63003.]
Task is 68.00% complete.
t1_sim:[60790. 60979. 60965.] t2_sim:[59101. 59189. 60981.]
Task is 69.00% complete.
t1_sim:[55554. 55681. 54189.] t2_sim:[68229. 68103. 69116.]
Task is 70.00% complete.
t1_sim:[64192. 64092. 64941.] t2_sim:[64257. 64465. 62888.]
Task is 71.00% complete.
t1_sim:[62546. 62297. 61570.] t2_sim:[65393. 65291. 62859.]
Task is 72.00% complete.
t1_sim:[63998. 63431. 64213.] t2_sim:[65897. 65805. 62272.]
Task is 73.00% complete.
t1_sim:[58813. 59008. 59651.] t2_sim:[60375. 60114. 59310.]
Task is 74.00% complete.
t1_sim:[63847. 63899. 65058.] t2_sim:[61768. 61502. 61581.]
Task is 75.00% complete.
t1_sim:[67325. 66918. 65565.] t2_sim:[61821. 61586. 62516.]
Task is 76.00% complete.
t1_sim:[62006. 62375. 61347.] t2_sim:[59720. 59522. 58915.]
Task is 77.00% complete.
t1_sim:[56715. 56426. 57394.] t2_sim:[62367. 62456. 60685.]
Task is 78.00% complete.
t1_sim:[53649. 53611. 53865.] t2_sim:[58490. 58541. 58815.]
Task is 79.00% complete.
t1_sim:[61705. 61818. 62322.] t2_sim:[61392. 61181. 61981.]
Task is 80.00% complete.
t1_sim:[69009. 68888. 69187.] t2_sim:[60247. 59897. 59875.]
Task is 81.00% complete.
t1_sim:[66607. 66284. 65256.] t2_sim:[62131. 62667. 61304.]
Task is 82.00% complete.
t1_sim:[59779. 59804. 61544.] t2_sim:[64865. 64438. 65403.]
Task is 83.00% complete.
t1_sim:[59801. 59718. 60707.] t2_sim:[62688. 62800. 63042.]
Task is 84.00% complete.
t1_sim:[60819. 60977. 60329.] t2_sim:[61287. 61042. 60387.]
Task is 85.00% complete.
t1_sim:[63017. 63076. 64074.] t2_sim:[65479. 65575. 65892.]
Task is 86.00% complete.
t1_sim:[64604. 64728. 66737.] t2_sim:[60894. 61152. 60454.]
Task is 87.00% complete.
t1_sim:[64782. 64690. 62904.] t2_sim:[61303. 61369. 62411.]
Task is 88.00% complete.
t1_sim:[61147. 61312. 60049.] t2_sim:[66832. 66434. 63927.]
Task is 89.00% complete.
t1_sim:[61211. 61367. 61778.] t2_sim:[62223. 61968. 59857.]
Task is 90.00% complete.
t1_sim:[63427. 62989. 62494.] t2_sim:[62152. 62018. 62656.]
Task is 91.00% complete.
t1_sim:[67349. 67595. 65859.] t2_sim:[60998. 60203. 59241.]
Task is 92.00% complete.
t1_sim:[66452. 66426. 66261.] t2_sim:[65111. 65068. 64191.]
Task is 93.00% complete.
t1_sim:[62566. 62638. 63192.] t2_sim:[59021. 59131. 58309.]
Task is 94.00% complete.
t1_sim:[58900. 58613. 61073.] t2_sim:[65231. 65357. 66886.]
Task is 95.00% complete.
t1_sim:[63668. 63741. 63720.] t2_sim:[58552. 58264. 58647.]
Task is 96.00% complete.
t1_sim:[66035. 65863. 65068.] t2_sim:[62055. 62038. 62472.]
Task is 97.00% complete.
t1_sim:[62646. 61946. 60403.] t2_sim:[64868. 64897. 65761.]
Task is 98.00% complete.
t1_sim:[60672. 60422. 60307.] t2_sim:[64251. 64066. 66048.]
Task is 99.00% complete.
t1_sim:[65228. 65582. 62835.] t2_sim:[62120. 62038. 62915.]
Finished
