Begin
Training start
t1_obs:[array(93378.), array(78030.), array(69886.)] t2_obs:[array(90826.), array(75011.), array(68331.)]
corr_G1:[None, None, -1.0318556188578296e-17] corr_G2:[None, None, -3.048097845841923e-17]
Training end
Task is 0.00% complete.
t1_sim:[61982. 62292. 59658.] t2_sim:[68885. 67267. 68549.]
Task is 1.00% complete.
t1_sim:[65644. 64760. 65472.] t2_sim:[66155. 65206. 65344.]
Task is 2.00% complete.
t1_sim:[59231. 58264. 59670.] t2_sim:[70225. 68814. 70784.]
Task is 3.00% complete.
t1_sim:[61729. 61570. 61590.] t2_sim:[61464. 60859. 61906.]
Task is 4.00% complete.
t1_sim:[64387. 64667. 64084.] t2_sim:[61166. 62410. 62835.]
Task is 5.00% complete.
t1_sim:[62032. 60993. 62607.] t2_sim:[60548. 60292. 57313.]
Task is 6.00% complete.
t1_sim:[62287. 60832. 62405.] t2_sim:[62138. 59801. 62685.]
Task is 7.00% complete.
t1_sim:[63396. 63806. 64310.] t2_sim:[70341. 68290. 68197.]
Task is 8.00% complete.
t1_sim:[67376. 66506. 65979.] t2_sim:[62212. 62425. 63181.]
Task is 9.00% complete.
t1_sim:[64771. 63474. 64903.] t2_sim:[65351. 65687. 67154.]
Task is 10.00% complete.
t1_sim:[56555. 55876. 57205.] t2_sim:[63417. 63824. 62356.]
Task is 11.00% complete.
t1_sim:[65543. 66725. 66541.] t2_sim:[61739. 62089. 62353.]
Task is 12.00% complete.
t1_sim:[63102. 62650. 63305.] t2_sim:[65119. 66907. 64364.]
Task is 13.00% complete.
t1_sim:[60101. 61340. 59709.] t2_sim:[63813. 60976. 62835.]
Task is 14.00% complete.
t1_sim:[64535. 63281. 62617.] t2_sim:[63132. 63929. 64600.]
Task is 15.00% complete.
t1_sim:[60925. 62931. 62617.] t2_sim:[56801. 57725. 56021.]
Task is 16.00% complete.
t1_sim:[62930. 59688. 61594.] t2_sim:[57942. 59606. 60610.]
Task is 17.00% complete.
t1_sim:[63648. 62966. 60221.] t2_sim:[65945. 64848. 65276.]
Task is 18.00% complete.
t1_sim:[58798. 59007. 56901.] t2_sim:[60669. 59373. 64753.]
Task is 19.00% complete.
t1_sim:[62886. 63373. 64328.] t2_sim:[60803. 60526. 59904.]
Task is 20.00% complete.
t1_sim:[63273. 63348. 66072.] t2_sim:[63459. 64127. 64496.]
Task is 21.00% complete.
t1_sim:[63037. 61746. 63537.] t2_sim:[64107. 64277. 60823.]
Task is 22.00% complete.
t1_sim:[59326. 59149. 59137.] t2_sim:[57928. 58456. 57808.]
Task is 23.00% complete.
t1_sim:[61533. 60162. 61345.] t2_sim:[66058. 65787. 66264.]
Task is 24.00% complete.
t1_sim:[60670. 61913. 60080.] t2_sim:[59166. 57510. 61869.]
Task is 25.00% complete.
t1_sim:[60878. 60168. 62062.] t2_sim:[62927. 62511. 60589.]
Task is 26.00% complete.
t1_sim:[63413. 61693. 61879.] t2_sim:[63143. 62968. 63079.]
Task is 27.00% complete.
t1_sim:[58953. 59206. 58634.] t2_sim:[56926. 56632. 59662.]
Task is 28.00% complete.
t1_sim:[60347. 60994. 64685.] t2_sim:[60550. 60428. 58621.]
Task is 29.00% complete.
t1_sim:[63997. 62684. 63840.] t2_sim:[64334. 66898. 63681.]
Task is 30.00% complete.
t1_sim:[64629. 63113. 65372.] t2_sim:[59199. 58733. 62945.]
Task is 31.00% complete.
t1_sim:[61585. 59904. 61665.] t2_sim:[63117. 64287. 63232.]
Task is 32.00% complete.
t1_sim:[61740. 60909. 60405.] t2_sim:[61496. 60074. 59643.]
Task is 33.00% complete.
t1_sim:[64227. 65369. 64384.] t2_sim:[61195. 60758. 64290.]
Task is 34.00% complete.
t1_sim:[61284. 60978. 62508.] t2_sim:[58858. 58369. 57758.]
Task is 35.00% complete.
t1_sim:[68625. 69460. 67371.] t2_sim:[59455. 61274. 58667.]
Task is 36.00% complete.
t1_sim:[59638. 61046. 60289.] t2_sim:[63684. 64836. 62281.]
Task is 37.00% complete.
t1_sim:[66331. 65963. 64608.] t2_sim:[58073. 57234. 60503.]
Task is 38.00% complete.
t1_sim:[68502. 67309. 67538.] t2_sim:[61959. 62212. 61598.]
Task is 39.00% complete.
t1_sim:[59839. 60610. 61588.] t2_sim:[58654. 56430. 58909.]
Task is 40.00% complete.
t1_sim:[61628. 63819. 65728.] t2_sim:[66242. 66747. 64658.]
Task is 41.00% complete.
t1_sim:[61869. 63662. 62766.] t2_sim:[60775. 61520. 59292.]
Task is 42.00% complete.
t1_sim:[63009. 63999. 61653.] t2_sim:[67950. 68761. 67368.]
Task is 43.00% complete.
t1_sim:[60580. 59098. 60870.] t2_sim:[58529. 57291. 61253.]
Task is 44.00% complete.
t1_sim:[66388. 65608. 70188.] t2_sim:[63745. 63228. 64227.]
Task is 45.00% complete.
t1_sim:[59676. 59462. 63300.] t2_sim:[66297. 66058. 65486.]
Task is 46.00% complete.
t1_sim:[68129. 68101. 68100.] t2_sim:[64063. 63592. 62882.]
Task is 47.00% complete.
t1_sim:[62829. 63118. 60589.] t2_sim:[57363. 57356. 57585.]
Task is 48.00% complete.
t1_sim:[67205. 66076. 67235.] t2_sim:[59137. 57911. 59454.]
Task is 49.00% complete.
t1_sim:[61649. 63906. 61755.] t2_sim:[59802. 58944. 57530.]
Task is 50.00% complete.
t1_sim:[65710. 63048. 62186.] t2_sim:[62549. 62015. 62302.]
Task is 51.00% complete.
t1_sim:[62755. 63239. 64070.] t2_sim:[64768. 62785. 63683.]
Task is 52.00% complete.
t1_sim:[57197. 57247. 60646.] t2_sim:[65871. 64569. 65380.]
Task is 53.00% complete.
t1_sim:[66008. 66115. 66215.] t2_sim:[59112. 59252. 59042.]
Task is 54.00% complete.
t1_sim:[57027. 58623. 59616.] t2_sim:[62101. 62279. 64720.]
Task is 55.00% complete.
t1_sim:[64543. 65102. 65580.] t2_sim:[63220. 61565. 63612.]
Task is 56.00% complete.
t1_sim:[67207. 64950. 63965.] t2_sim:[57280. 58532. 55775.]
Task is 57.00% complete.
t1_sim:[62021. 60471. 64009.] t2_sim:[61895. 62953. 59614.]
Task is 58.00% complete.
t1_sim:[58087. 58667. 56119.] t2_sim:[67906. 67062. 70550.]
Task is 59.00% complete.
t1_sim:[58744. 60406. 59290.] t2_sim:[60880. 60066. 61687.]
Task is 60.00% complete.
t1_sim:[59879. 59731. 61222.] t2_sim:[61728. 63180. 61160.]
Task is 61.00% complete.
t1_sim:[61143. 61292. 62633.] t2_sim:[62913. 64695. 63129.]
Task is 62.00% complete.
t1_sim:[64337. 65245. 70293.] t2_sim:[67498. 67499. 64234.]
Task is 63.00% complete.
t1_sim:[63608. 63556. 63877.] t2_sim:[63000. 63307. 65890.]
Task is 64.00% complete.
t1_sim:[66485. 65266. 63010.] t2_sim:[57954. 58532. 56629.]
Task is 65.00% complete.
t1_sim:[62908. 62848. 62872.] t2_sim:[64439. 63317. 64014.]
Task is 66.00% complete.
t1_sim:[61969. 61298. 65435.] t2_sim:[61079. 61354. 60122.]
Task is 67.00% complete.
t1_sim:[60419. 60076. 60109.] t2_sim:[57286. 58393. 58618.]
Task is 68.00% complete.
t1_sim:[64285. 63770. 62889.] t2_sim:[65235. 63679. 65193.]
Task is 69.00% complete.
t1_sim:[60269. 60585. 61935.] t2_sim:[67787. 66146. 65856.]
Task is 70.00% complete.
t1_sim:[63064. 61103. 61852.] t2_sim:[59571. 60503. 62608.]
Task is 71.00% complete.
t1_sim:[65260. 63309. 62607.] t2_sim:[60311. 61164. 60209.]
Task is 72.00% complete.
t1_sim:[64009. 64806. 67526.] t2_sim:[68902. 68778. 66192.]
Task is 73.00% complete.
t1_sim:[61929. 59694. 62303.] t2_sim:[58746. 58521. 58720.]
Task is 74.00% complete.
t1_sim:[62785. 62682. 60939.] t2_sim:[66408. 66154. 66217.]
Task is 75.00% complete.
t1_sim:[64230. 65234. 67024.] t2_sim:[59776. 60307. 62325.]
Task is 76.00% complete.
t1_sim:[64498. 61362. 62986.] t2_sim:[61473. 62086. 59241.]
Task is 77.00% complete.
t1_sim:[60026. 60517. 63477.] t2_sim:[62048. 62321. 62286.]
Task is 78.00% complete.
t1_sim:[65164. 62977. 64019.] t2_sim:[62446. 59523. 56653.]
Task is 79.00% complete.
t1_sim:[70355. 69760. 72415.] t2_sim:[66400. 64636. 66537.]
Task is 80.00% complete.
t1_sim:[63721. 64483. 64281.] t2_sim:[56879. 57458. 58388.]
Task is 81.00% complete.
t1_sim:[64232. 63863. 62950.] t2_sim:[60554. 60433. 60109.]
Task is 82.00% complete.
t1_sim:[61899. 62448. 60778.] t2_sim:[68286. 67304. 70121.]
Task is 83.00% complete.
t1_sim:[62479. 62964. 62517.] t2_sim:[62571. 63626. 63109.]
Task is 84.00% complete.
t1_sim:[62478. 61079. 59603.] t2_sim:[58507. 58462. 59951.]
Task is 85.00% complete.
t1_sim:[60363. 60592. 61290.] t2_sim:[59429. 59896. 60583.]
Task is 86.00% complete.
t1_sim:[57804. 58585. 59598.] t2_sim:[60243. 58675. 57860.]
Task is 87.00% complete.
t1_sim:[68263. 69502. 68041.] t2_sim:[63331. 63908. 65025.]
Task is 88.00% complete.
t1_sim:[57265. 56938. 56317.] t2_sim:[61053. 63050. 60549.]
Task is 89.00% complete.
t1_sim:[64402. 65367. 61730.] t2_sim:[60848. 61148. 61370.]
Task is 90.00% complete.
t1_sim:[63383. 63722. 60555.] t2_sim:[64875. 63840. 62270.]
Task is 91.00% complete.
t1_sim:[68002. 67421. 70698.] t2_sim:[61856. 62183. 60660.]
Task is 92.00% complete.
t1_sim:[59484. 58611. 55072.] t2_sim:[65608. 64326. 63970.]
Task is 93.00% complete.
t1_sim:[63649. 62711. 65864.] t2_sim:[64537. 67151. 67511.]
Task is 94.00% complete.
t1_sim:[62944. 63311. 62515.] t2_sim:[60512. 60487. 61278.]
Task is 95.00% complete.
t1_sim:[63111. 63158. 62845.] t2_sim:[61378. 60410. 60687.]
Task is 96.00% complete.
t1_sim:[58989. 59075. 59722.] t2_sim:[64161. 63743. 63603.]
Task is 97.00% complete.
t1_sim:[59921. 61118. 61089.] t2_sim:[66557. 67757. 66684.]
Task is 98.00% complete.
t1_sim:[63337. 65676. 63946.] t2_sim:[61668. 62462. 59046.]
Task is 99.00% complete.
t1_sim:[57792. 58102. 60948.] t2_sim:[70157. 72140. 71660.]
Training start
t1_obs:[array(93378.), array(78030.), array(73452.)] t2_obs:[array(90826.), array(75011.), array(71686.)]
corr_G1:[None, None, 0.9637111672358515] corr_G2:[None, None, 0.8770076630814885]
Training end
Task is 0.00% complete.
t1_sim:[68118. 66359. 65877.] t2_sim:[62646. 62471. 60934.]
Task is 1.00% complete.
t1_sim:[59161. 60289. 60472.] t2_sim:[64318. 64531. 63521.]
Task is 2.00% complete.
t1_sim:[63538. 63235. 62262.] t2_sim:[62730. 64718. 64048.]
Task is 3.00% complete.
t1_sim:[60384. 61333. 61899.] t2_sim:[63733. 64133. 64976.]
Task is 4.00% complete.
t1_sim:[66800. 67219. 65640.] t2_sim:[60499. 60753. 60941.]
Task is 5.00% complete.
t1_sim:[64628. 63957. 63924.] t2_sim:[62361. 62690. 61830.]
Task is 6.00% complete.
t1_sim:[68485. 67996. 67881.] t2_sim:[64624. 66427. 64869.]
Task is 7.00% complete.
t1_sim:[55695. 56214. 56881.] t2_sim:[60844. 60631. 60074.]
Task is 8.00% complete.
t1_sim:[56663. 57787. 58479.] t2_sim:[68065. 67979. 65196.]
Task is 9.00% complete.
t1_sim:[63982. 62774. 62296.] t2_sim:[66866. 64006. 65221.]
Task is 10.00% complete.
t1_sim:[63656. 64019. 63246.] t2_sim:[64601. 62765. 63786.]
Task is 11.00% complete.
t1_sim:[60971. 61467. 61702.] t2_sim:[62418. 61277. 62758.]
Task is 12.00% complete.
t1_sim:[66827. 66407. 65728.] t2_sim:[65467. 63582. 63152.]
Task is 13.00% complete.
t1_sim:[63308. 62086. 63999.] t2_sim:[63311. 62476. 61530.]
Task is 14.00% complete.
t1_sim:[58258. 59104. 60650.] t2_sim:[61267. 58952. 59011.]
Task is 15.00% complete.
t1_sim:[65135. 64492. 61680.] t2_sim:[61449. 60992. 60528.]
Task is 16.00% complete.
t1_sim:[64876. 61979. 61722.] t2_sim:[64468. 64045. 61547.]
Task is 17.00% complete.
t1_sim:[62621. 62768. 62315.] t2_sim:[61672. 61611. 61793.]
Task is 18.00% complete.
t1_sim:[59465. 60384. 62255.] t2_sim:[56895. 56368. 56235.]
Task is 19.00% complete.
t1_sim:[66690. 65282. 65140.] t2_sim:[66435. 66548. 66882.]
Task is 20.00% complete.
t1_sim:[66179. 66308. 66960.] t2_sim:[64223. 64382. 63519.]
Task is 21.00% complete.
t1_sim:[59843. 59742. 62352.] t2_sim:[63322. 64573. 64187.]
Task is 22.00% complete.
t1_sim:[64456. 62829. 60446.] t2_sim:[59907. 61054. 60641.]
Task is 23.00% complete.
t1_sim:[63298. 62921. 63157.] t2_sim:[63949. 64149. 64499.]
Task is 24.00% complete.
t1_sim:[65362. 63636. 63290.] t2_sim:[66534. 68336. 67433.]
Task is 25.00% complete.
t1_sim:[63844. 63234. 62862.] t2_sim:[55383. 55437. 56503.]
Task is 26.00% complete.
t1_sim:[65101. 64626. 62967.] t2_sim:[65130. 65931. 65634.]
Task is 27.00% complete.
t1_sim:[63148. 63728. 65458.] t2_sim:[57754. 58032. 56280.]
Task is 28.00% complete.
t1_sim:[65373. 64038. 63115.] t2_sim:[60757. 60579. 60689.]
Task is 29.00% complete.
t1_sim:[67546. 65460. 64892.] t2_sim:[59088. 57188. 56631.]
Task is 30.00% complete.
t1_sim:[59529. 61217. 60735.] t2_sim:[58971. 58077. 60269.]
Task is 31.00% complete.
t1_sim:[64020. 63498. 63396.] t2_sim:[60809. 61469. 61581.]
Task is 32.00% complete.
t1_sim:[65075. 64754. 64733.] t2_sim:[66262. 64838. 64275.]
Task is 33.00% complete.
t1_sim:[59447. 59798. 58731.] t2_sim:[65231. 64343. 64921.]
Task is 34.00% complete.
t1_sim:[59953. 61316. 63034.] t2_sim:[63199. 63430. 61259.]
Task is 35.00% complete.
t1_sim:[65051. 65138. 65780.] t2_sim:[62573. 63303. 63234.]
Task is 36.00% complete.
t1_sim:[54693. 56476. 58568.] t2_sim:[61107. 61401. 60815.]
Task is 37.00% complete.
t1_sim:[62134. 62366. 62944.] t2_sim:[59864. 61195. 60140.]
Task is 38.00% complete.
t1_sim:[63188. 62074. 61909.] t2_sim:[59699. 61457. 60848.]
Task is 39.00% complete.
t1_sim:[64258. 64131. 66358.] t2_sim:[62127. 62242. 61736.]
Task is 40.00% complete.
t1_sim:[65161. 63099. 63690.] t2_sim:[64412. 64506. 63877.]
Task is 41.00% complete.
t1_sim:[59426. 61317. 62494.] t2_sim:[61418. 60411. 61106.]
Task is 42.00% complete.
t1_sim:[63314. 63514. 63955.] t2_sim:[64944. 64771. 64789.]
Task is 43.00% complete.
t1_sim:[60986. 62289. 63076.] t2_sim:[67874. 67535. 66701.]
Task is 44.00% complete.
t1_sim:[60924. 59981. 61908.] t2_sim:[66614. 64978. 66786.]
Task is 45.00% complete.
t1_sim:[58902. 59240. 58217.] t2_sim:[63645. 64176. 64729.]
Task is 46.00% complete.
t1_sim:[56019. 55953. 58480.] t2_sim:[61410. 59811. 61536.]
Task is 47.00% complete.
t1_sim:[61272. 62391. 62090.] t2_sim:[68798. 70287. 68366.]
Task is 48.00% complete.
t1_sim:[64125. 64215. 65746.] t2_sim:[65639. 65955. 64895.]
Task is 49.00% complete.
t1_sim:[64359. 64013. 63544.] t2_sim:[63355. 64733. 64729.]
Task is 50.00% complete.
t1_sim:[65137. 66172. 65231.] t2_sim:[62138. 62610. 64011.]
Task is 51.00% complete.
t1_sim:[65430. 65025. 65803.] t2_sim:[60468. 61858. 63630.]
Task is 52.00% complete.
t1_sim:[61975. 62155. 62409.] t2_sim:[60865. 59895. 58296.]
Task is 53.00% complete.
t1_sim:[66264. 65613. 65359.] t2_sim:[62941. 61565. 63237.]
Task is 54.00% complete.
t1_sim:[54960. 53198. 52734.] t2_sim:[63701. 64653. 62381.]
Task is 55.00% complete.
t1_sim:[65955. 66990. 66640.] t2_sim:[63779. 62190. 60552.]
Task is 56.00% complete.
t1_sim:[61668. 59974. 58376.] t2_sim:[61443. 62424. 62138.]
Task is 57.00% complete.
t1_sim:[63614. 64195. 63033.] t2_sim:[62974. 62688. 61490.]
Task is 58.00% complete.
t1_sim:[61980. 62708. 60459.] t2_sim:[55544. 57366. 57547.]
Task is 59.00% complete.
t1_sim:[60039. 60409. 59418.] t2_sim:[60879. 59936. 60696.]
Task is 60.00% complete.
t1_sim:[65439. 66772. 65779.] t2_sim:[66946. 68384. 66166.]
Task is 61.00% complete.
t1_sim:[62705. 62663. 61934.] t2_sim:[62427. 63736. 63389.]
Task is 62.00% complete.
t1_sim:[67772. 66064. 66435.] t2_sim:[62281. 61251. 61400.]
Task is 63.00% complete.
t1_sim:[58185. 57015. 56487.] t2_sim:[62589. 64541. 63694.]
Task is 64.00% complete.
t1_sim:[62288. 62253. 62441.] t2_sim:[59151. 57849. 57041.]
Task is 65.00% complete.
t1_sim:[63265. 63513. 62660.] t2_sim:[63755. 65360. 65725.]
Task is 66.00% complete.
t1_sim:[70734. 69950. 70411.] t2_sim:[64383. 63890. 65844.]
Task is 67.00% complete.
t1_sim:[64516. 64431. 64120.] t2_sim:[58993. 58029. 59951.]
Task is 68.00% complete.
t1_sim:[64282. 65580. 64591.] t2_sim:[57734. 57001. 55614.]
Task is 69.00% complete.
t1_sim:[60978. 61251. 60888.] t2_sim:[60728. 59752. 59856.]
Task is 70.00% complete.
t1_sim:[61701. 62926. 64469.] t2_sim:[60336. 57946. 59646.]
Task is 71.00% complete.
t1_sim:[59197. 58045. 58182.] t2_sim:[62290. 61603. 58956.]
Task is 72.00% complete.
t1_sim:[62413. 62631. 61888.] t2_sim:[65071. 64630. 65389.]
Task is 73.00% complete.
t1_sim:[66236. 66063. 66287.] t2_sim:[58294. 60213. 59759.]
Task is 74.00% complete.
t1_sim:[58014. 58956. 59687.] t2_sim:[59495. 58910. 60540.]
Task is 75.00% complete.
t1_sim:[63765. 62560. 62084.] t2_sim:[59614. 60358. 58840.]
Task is 76.00% complete.
t1_sim:[64253. 64451. 64550.] t2_sim:[62061. 62914. 62529.]
Task is 77.00% complete.
t1_sim:[65280. 64610. 63936.] t2_sim:[59976. 59868. 60851.]
Task is 78.00% complete.
t1_sim:[60624. 61665. 61835.] t2_sim:[58110. 57794. 58578.]
Task is 79.00% complete.
t1_sim:[58862. 57369. 56177.] t2_sim:[54224. 53514. 53120.]
Task is 80.00% complete.
t1_sim:[70108. 70245. 70677.] t2_sim:[62121. 63252. 64171.]
Task is 81.00% complete.
t1_sim:[67069. 66060. 66275.] t2_sim:[56232. 56569. 56481.]
Task is 82.00% complete.
t1_sim:[61334. 61189. 61786.] t2_sim:[64252. 63904. 62698.]
Task is 83.00% complete.
t1_sim:[62960. 64968. 64976.] t2_sim:[60398. 60269. 59714.]
Task is 84.00% complete.
t1_sim:[61819. 60497. 60786.] t2_sim:[60393. 60355. 59577.]
Task is 85.00% complete.
t1_sim:[62066. 62652. 64210.] t2_sim:[60623. 62324. 61854.]
Task is 86.00% complete.
t1_sim:[61575. 63438. 63439.] t2_sim:[61536. 58947. 60882.]
Task is 87.00% complete.
t1_sim:[66550. 66590. 65640.] t2_sim:[64363. 65225. 65312.]
Task is 88.00% complete.
t1_sim:[65645. 64797. 64665.] t2_sim:[65803. 66964. 67432.]
Task is 89.00% complete.
t1_sim:[59191. 59016. 59061.] t2_sim:[57376. 58743. 58389.]
Task is 90.00% complete.
t1_sim:[66176. 65928. 65542.] t2_sim:[62078. 62940. 62020.]
Task is 91.00% complete.
t1_sim:[59640. 59800. 60413.] t2_sim:[62974. 64787. 66169.]
Task is 92.00% complete.
t1_sim:[60784. 60125. 60092.] t2_sim:[63032. 62356. 61630.]
Task is 93.00% complete.
t1_sim:[66961. 65926. 64680.] t2_sim:[62186. 62950. 63700.]
Task is 94.00% complete.
t1_sim:[65655. 66022. 67002.] t2_sim:[59976. 58449. 59511.]
Task is 95.00% complete.
t1_sim:[63202. 61185. 62372.] t2_sim:[63026. 61036. 61461.]
Task is 96.00% complete.
t1_sim:[58749. 57499. 57085.] t2_sim:[58235. 58899. 59567.]
Task is 97.00% complete.
t1_sim:[65964. 63814. 65090.] t2_sim:[65603. 64298. 63826.]
Task is 98.00% complete.
t1_sim:[66007. 63567. 61754.] t2_sim:[58253. 58657. 58218.]
Task is 99.00% complete.
t1_sim:[65731. 64363. 65559.] t2_sim:[63181. 64299. 62861.]
Training start
t1_obs:[array(93378.), array(78030.), array(70217.)] t2_obs:[array(90826.), array(75011.), array(67321.)]
corr_G1:[None, None, 0.2054890909449241] corr_G2:[None, None, 0.3682860547606226]
Training end
Task is 0.00% complete.
t1_sim:[60298. 59065. 58048.] t2_sim:[63184. 61988. 57917.]
Task is 1.00% complete.
t1_sim:[63599. 61964. 63310.] t2_sim:[61132. 62715. 58938.]
Task is 2.00% complete.
t1_sim:[54156. 54412. 54894.] t2_sim:[64282. 63443. 59496.]
Task is 3.00% complete.
t1_sim:[60532. 61531. 62644.] t2_sim:[56732. 56440. 54300.]
Task is 4.00% complete.
t1_sim:[65437. 65221. 66114.] t2_sim:[56237. 56286. 52752.]
Task is 5.00% complete.
t1_sim:[60501. 60542. 60351.] t2_sim:[66857. 66410. 61483.]
Task is 6.00% complete.
t1_sim:[62926. 60808. 60413.] t2_sim:[61198. 61598. 56649.]
Task is 7.00% complete.
t1_sim:[59936. 61553. 61761.] t2_sim:[64201. 63797. 58398.]
Task is 8.00% complete.
t1_sim:[63983. 64110. 66790.] t2_sim:[68861. 70117. 63781.]
Task is 9.00% complete.
t1_sim:[62272. 61323. 61328.] t2_sim:[60785. 59639. 55092.]
Task is 10.00% complete.
t1_sim:[64257. 64053. 62143.] t2_sim:[65457. 65815. 62735.]
Task is 11.00% complete.
t1_sim:[66921. 65673. 65868.] t2_sim:[62955. 63148. 58230.]
Task is 12.00% complete.
t1_sim:[64316. 64012. 64812.] t2_sim:[62795. 61597. 57210.]
Task is 13.00% complete.
t1_sim:[59743. 60999. 60326.] t2_sim:[60728. 60169. 56198.]
Task is 14.00% complete.
t1_sim:[66883. 69868. 70062.] t2_sim:[61047. 61893. 58450.]
Task is 15.00% complete.
t1_sim:[61088. 61464. 64807.] t2_sim:[61671. 61195. 58209.]
Task is 16.00% complete.
t1_sim:[60369. 60906. 60306.] t2_sim:[60413. 62084. 57371.]
Task is 17.00% complete.
t1_sim:[64290. 64774. 63691.] t2_sim:[59787. 61312. 58977.]
Task is 18.00% complete.
t1_sim:[60374. 61385. 60044.] t2_sim:[59398. 61578. 55748.]
Task is 19.00% complete.
t1_sim:[68169. 70425. 68488.] t2_sim:[69627. 69516. 65201.]
Task is 20.00% complete.
t1_sim:[65712. 65319. 67203.] t2_sim:[63593. 63585. 58233.]
Task is 21.00% complete.
t1_sim:[69279. 67329. 66924.] t2_sim:[61938. 61008. 56590.]
Task is 22.00% complete.
t1_sim:[61375. 60863. 59565.] t2_sim:[61301. 59457. 53333.]
Task is 23.00% complete.
t1_sim:[64451. 66620. 67274.] t2_sim:[59022. 59584. 53737.]
Task is 24.00% complete.
t1_sim:[65059. 64695. 64454.] t2_sim:[62019. 61445. 56696.]
Task is 25.00% complete.
t1_sim:[62767. 63032. 63017.] t2_sim:[56845. 54646. 53924.]
Task is 26.00% complete.
t1_sim:[64689. 67010. 65164.] t2_sim:[65254. 65626. 59108.]
Task is 27.00% complete.
t1_sim:[69144. 69613. 68705.] t2_sim:[55694. 57298. 52327.]
Task is 28.00% complete.
t1_sim:[63055. 61824. 61803.] t2_sim:[59832. 59895. 54543.]
Task is 29.00% complete.
t1_sim:[62079. 62084. 61574.] t2_sim:[55659. 55181. 51962.]
Task is 30.00% complete.
t1_sim:[58949. 59034. 58766.] t2_sim:[66256. 65628. 61668.]
Task is 31.00% complete.
t1_sim:[61930. 59915. 57750.] t2_sim:[63127. 62673. 57209.]
Task is 32.00% complete.
t1_sim:[61116. 62087. 61692.] t2_sim:[63735. 64799. 59791.]
Task is 33.00% complete.
t1_sim:[67164. 67063. 67846.] t2_sim:[58739. 60102. 54678.]
Task is 34.00% complete.
t1_sim:[63464. 64276. 63790.] t2_sim:[59918. 60908. 56919.]
Task is 35.00% complete.
t1_sim:[61601. 60746. 61031.] t2_sim:[65539. 66752. 61268.]
Task is 36.00% complete.
t1_sim:[64394. 65489. 64903.] t2_sim:[68557. 69746. 62393.]
Task is 37.00% complete.
t1_sim:[68064. 68905. 68071.] t2_sim:[53828. 52834. 49067.]
Task is 38.00% complete.
t1_sim:[67359. 67984. 67164.] t2_sim:[65789. 66269. 61055.]
Task is 39.00% complete.
t1_sim:[62071. 62656. 61524.] t2_sim:[64668. 64952. 61769.]
Task is 40.00% complete.
t1_sim:[61075. 61742. 60823.] t2_sim:[63341. 63194. 56917.]
Task is 41.00% complete.
t1_sim:[62601. 61869. 61239.] t2_sim:[58665. 59199. 56504.]
Task is 42.00% complete.
t1_sim:[64788. 64301. 63232.] t2_sim:[59713. 60685. 56867.]
Task is 43.00% complete.
t1_sim:[59929. 63021. 61227.] t2_sim:[63232. 63428. 57516.]
Task is 44.00% complete.
t1_sim:[58469. 57342. 57441.] t2_sim:[67175. 66803. 60662.]
Task is 45.00% complete.
t1_sim:[65965. 64284. 62520.] t2_sim:[57639. 58514. 51546.]
Task is 46.00% complete.
t1_sim:[63542. 62369. 61780.] t2_sim:[63554. 65834. 59142.]
Task is 47.00% complete.
t1_sim:[64444. 65632. 64651.] t2_sim:[57280. 58557. 52789.]
Task is 48.00% complete.
t1_sim:[57720. 58910. 57286.] t2_sim:[58497. 60055. 53656.]
Task is 49.00% complete.
t1_sim:[66768. 65304. 63238.] t2_sim:[56951. 56980. 52712.]
Task is 50.00% complete.
t1_sim:[59905. 60402. 59772.] t2_sim:[66409. 66345. 61494.]
Task is 51.00% complete.
t1_sim:[62552. 64640. 64548.] t2_sim:[62377. 60408. 55493.]
Task is 52.00% complete.
t1_sim:[64631. 63347. 61329.] t2_sim:[62115. 61908. 57370.]
Task is 53.00% complete.
t1_sim:[67405. 66871. 66169.] t2_sim:[64326. 63206. 56966.]
Task is 54.00% complete.
t1_sim:[66582. 66565. 64555.] t2_sim:[64782. 64971. 61847.]
Task is 55.00% complete.
t1_sim:[67067. 66929. 65404.] t2_sim:[60579. 62037. 57654.]
Task is 56.00% complete.
t1_sim:[62941. 63609. 63309.] t2_sim:[60826. 60332. 55430.]
Task is 57.00% complete.
t1_sim:[62475. 64290. 63933.] t2_sim:[63836. 65079. 60426.]
Task is 58.00% complete.
t1_sim:[67201. 66683. 65476.] t2_sim:[65055. 63216. 58922.]
Task is 59.00% complete.
t1_sim:[59622. 60425. 61042.] t2_sim:[59467. 59361. 52603.]
Task is 60.00% complete.
t1_sim:[66356. 67184. 68373.] t2_sim:[64337. 64877. 59468.]
Task is 61.00% complete.
t1_sim:[66506. 68444. 68939.] t2_sim:[66456. 65975. 61735.]
Task is 62.00% complete.
t1_sim:[65919. 66287. 65465.] t2_sim:[62882. 64364. 60406.]
Task is 63.00% complete.
t1_sim:[61546. 62469. 62991.] t2_sim:[65161. 64729. 59740.]
Task is 64.00% complete.
t1_sim:[66484. 66640. 66235.] t2_sim:[66567. 66208. 61656.]
Task is 65.00% complete.
t1_sim:[60659. 60066. 58526.] t2_sim:[65076. 63199. 59792.]
Task is 66.00% complete.
t1_sim:[65019. 62390. 60786.] t2_sim:[65918. 64112. 57865.]
Task is 67.00% complete.
t1_sim:[63129. 62625. 61998.] t2_sim:[59648. 61193. 56369.]
Task is 68.00% complete.
t1_sim:[65468. 64060. 62747.] t2_sim:[59400. 60706. 57938.]
Task is 69.00% complete.
t1_sim:[60188. 60949. 60330.] t2_sim:[65785. 63816. 59907.]
Task is 70.00% complete.
t1_sim:[61139. 61278. 60488.] t2_sim:[63373. 63841. 58367.]
Task is 71.00% complete.
t1_sim:[63852. 63653. 62173.] t2_sim:[61814. 60441. 57057.]
Task is 72.00% complete.
t1_sim:[66531. 67380. 66471.] t2_sim:[61222. 61362. 57199.]
Task is 73.00% complete.
t1_sim:[62526. 62485. 62519.] t2_sim:[62569. 63281. 59064.]
Task is 74.00% complete.
t1_sim:[60281. 59573. 56313.] t2_sim:[63627. 63371. 58323.]
Task is 75.00% complete.
t1_sim:[60774. 59530. 59383.] t2_sim:[63259. 63164. 57704.]
Task is 76.00% complete.
t1_sim:[63835. 62345. 62336.] t2_sim:[60801. 61720. 57404.]
Task is 77.00% complete.
t1_sim:[64358. 65777. 65359.] t2_sim:[66119. 67358. 62522.]
Task is 78.00% complete.
t1_sim:[58301. 58756. 58564.] t2_sim:[64441. 64990. 60710.]
Task is 79.00% complete.
t1_sim:[62364. 62548. 63932.] t2_sim:[62068. 62116. 56974.]
Task is 80.00% complete.
t1_sim:[59019. 59683. 58829.] t2_sim:[58475. 60084. 54724.]
Task is 81.00% complete.
t1_sim:[63441. 64073. 63439.] t2_sim:[66755. 67156. 62687.]
Task is 82.00% complete.
t1_sim:[60365. 60319. 61322.] t2_sim:[65770. 67019. 63374.]
Task is 83.00% complete.
t1_sim:[68371. 66627. 66856.] t2_sim:[66151. 67056. 60999.]
Task is 84.00% complete.
t1_sim:[62487. 62908. 61297.] t2_sim:[60856. 60698. 58418.]
Task is 85.00% complete.
t1_sim:[67936. 67376. 66086.] t2_sim:[60349. 61702. 57661.]
Task is 86.00% complete.
t1_sim:[60498. 61649. 60939.] t2_sim:[62139. 61125. 54380.]
Task is 87.00% complete.
t1_sim:[62649. 59850. 58079.] t2_sim:[60948. 60401. 55005.]
Task is 88.00% complete.
t1_sim:[62361. 63046. 63679.] t2_sim:[60421. 61089. 58810.]
Task is 89.00% complete.
t1_sim:[58544. 56740. 57374.] t2_sim:[63076. 61608. 59480.]
Task is 90.00% complete.
t1_sim:[62595. 62768. 64448.] t2_sim:[63157. 62016. 58070.]
Task is 91.00% complete.
t1_sim:[56788. 57621. 55109.] t2_sim:[70045. 70121. 67182.]
Task is 92.00% complete.
t1_sim:[68575. 70004. 68910.] t2_sim:[60224. 57256. 53035.]
Task is 93.00% complete.
t1_sim:[60243. 62198. 62279.] t2_sim:[59524. 58651. 55936.]
Task is 94.00% complete.
t1_sim:[62433. 59867. 59047.] t2_sim:[64259. 63780. 58750.]
Task is 95.00% complete.
t1_sim:[62519. 61258. 61344.] t2_sim:[57464. 58275. 56198.]
Task is 96.00% complete.
t1_sim:[61070. 62056. 61429.] t2_sim:[57825. 58013. 51478.]
Task is 97.00% complete.
t1_sim:[59089. 56547. 53713.] t2_sim:[59529. 58757. 54848.]
Task is 98.00% complete.
t1_sim:[62616. 64653. 62790.] t2_sim:[63633. 65862. 61840.]
Task is 99.00% complete.
t1_sim:[60864. 60091. 60801.] t2_sim:[61210. 60218. 55582.]
Finished
