Begin
Training start
t1_obs:[array(91003.), array(81925.), array(67214.)] t2_obs:[array(93208.), array(82987.), array(68478.)]
corr_G1:[None, None, -2.892550929610684e-17] corr_G2:[None, None, -1.5413536203867555e-17]
Training end
Task is 0.00% complete.
t1_sim:[62898. 61743. 63953.] t2_sim:[58403. 59582. 59157.]
Task is 1.00% complete.
t1_sim:[64961. 65315. 63411.] t2_sim:[57165. 57227. 57626.]
Task is 2.00% complete.
t1_sim:[59994. 61205. 62299.] t2_sim:[63483. 63667. 60725.]
Task is 3.00% complete.
t1_sim:[55195. 55324. 56738.] t2_sim:[55961. 56551. 59389.]
Task is 4.00% complete.
t1_sim:[68287. 66615. 66051.] t2_sim:[56119. 56632. 58302.]
Task is 5.00% complete.
t1_sim:[59034. 59856. 56749.] t2_sim:[63235. 64730. 63294.]
Task is 6.00% complete.
t1_sim:[60693. 61462. 60682.] t2_sim:[60725. 60625. 62148.]
Task is 7.00% complete.
t1_sim:[60891. 62407. 62833.] t2_sim:[57617. 57492. 61659.]
Task is 8.00% complete.
t1_sim:[64461. 64257. 64481.] t2_sim:[61349. 61804. 60484.]
Task is 9.00% complete.
t1_sim:[64551. 65127. 67355.] t2_sim:[55970. 57618. 57008.]
Task is 10.00% complete.
t1_sim:[62857. 62369. 61674.] t2_sim:[63476. 62701. 59815.]
Task is 11.00% complete.
t1_sim:[60747. 59498. 60508.] t2_sim:[69135. 68524. 66986.]
Task is 12.00% complete.
t1_sim:[61979. 60929. 59309.] t2_sim:[63701. 62639. 64781.]
Task is 13.00% complete.
t1_sim:[67354. 66650. 67437.] t2_sim:[58912. 57664. 57264.]
Task is 14.00% complete.
t1_sim:[65428. 66872. 64373.] t2_sim:[64092. 65281. 64301.]
Task is 15.00% complete.
t1_sim:[59004. 59309. 57670.] t2_sim:[60857. 59767. 63892.]
Task is 16.00% complete.
t1_sim:[64406. 63268. 65028.] t2_sim:[62850. 62389. 66565.]
Task is 17.00% complete.
t1_sim:[62825. 62446. 61617.] t2_sim:[62625. 63729. 64852.]
Task is 18.00% complete.
t1_sim:[62501. 60996. 62151.] t2_sim:[60023. 61444. 60800.]
Task is 19.00% complete.
t1_sim:[58722. 57906. 59775.] t2_sim:[59973. 59786. 63232.]
Task is 20.00% complete.
t1_sim:[68316. 68359. 67844.] t2_sim:[62582. 63006. 67280.]
Task is 21.00% complete.
t1_sim:[62044. 62145. 63587.] t2_sim:[63240. 63693. 61126.]
Task is 22.00% complete.
t1_sim:[67547. 67134. 64675.] t2_sim:[71945. 71320. 73022.]
Task is 23.00% complete.
t1_sim:[65788. 65878. 62761.] t2_sim:[58918. 60171. 59978.]
Task is 24.00% complete.
t1_sim:[64485. 64731. 65647.] t2_sim:[69391. 68767. 66055.]
Task is 25.00% complete.
t1_sim:[63060. 64396. 61806.] t2_sim:[70126. 69498. 68802.]
Task is 26.00% complete.
t1_sim:[62927. 62549. 63841.] t2_sim:[61544. 62869. 64107.]
Task is 27.00% complete.
t1_sim:[59474. 58854. 59247.] t2_sim:[62155. 62780. 65134.]
Task is 28.00% complete.
t1_sim:[58719. 58534. 63106.] t2_sim:[62773. 62956. 61600.]
Task is 29.00% complete.
t1_sim:[61821. 62444. 64410.] t2_sim:[59794. 60749. 62301.]
Task is 30.00% complete.
t1_sim:[66194. 66030. 64258.] t2_sim:[61996. 62226. 57466.]
Task is 31.00% complete.
t1_sim:[64365. 63113. 60242.] t2_sim:[61642. 60096. 57798.]
Task is 32.00% complete.
t1_sim:[67035. 66880. 64353.] t2_sim:[58771. 60969. 59175.]
Task is 33.00% complete.
t1_sim:[65366. 66471. 66625.] t2_sim:[61110. 60442. 60536.]
Task is 34.00% complete.
t1_sim:[60184. 60636. 63713.] t2_sim:[62185. 64394. 62870.]
Task is 35.00% complete.
t1_sim:[64505. 64706. 65962.] t2_sim:[64890. 66175. 65595.]
Task is 36.00% complete.
t1_sim:[61961. 61775. 62061.] t2_sim:[61083. 61976. 64408.]
Task is 37.00% complete.
t1_sim:[59194. 59291. 57443.] t2_sim:[65706. 66673. 64215.]
Task is 38.00% complete.
t1_sim:[62501. 63591. 62251.] t2_sim:[61302. 62111. 63083.]
Task is 39.00% complete.
t1_sim:[56893. 57626. 58051.] t2_sim:[64465. 66819. 63988.]
Task is 40.00% complete.
t1_sim:[62150. 62257. 60768.] t2_sim:[64049. 63643. 65329.]
Task is 41.00% complete.
t1_sim:[67153. 66635. 66996.] t2_sim:[61996. 62370. 62991.]
Task is 42.00% complete.
t1_sim:[57417. 57645. 60446.] t2_sim:[68003. 67439. 64604.]
Task is 43.00% complete.
t1_sim:[55547. 56590. 56340.] t2_sim:[63338. 63421. 61385.]
Task is 44.00% complete.
t1_sim:[60413. 60636. 63579.] t2_sim:[63263. 63987. 64602.]
Task is 45.00% complete.
t1_sim:[65862. 64886. 66273.] t2_sim:[65225. 65290. 66182.]
Task is 46.00% complete.
t1_sim:[64863. 65415. 63383.] t2_sim:[62855. 63099. 67040.]
Task is 47.00% complete.
t1_sim:[63559. 62173. 66845.] t2_sim:[61652. 62102. 64582.]
Task is 48.00% complete.
t1_sim:[63541. 63732. 64289.] t2_sim:[60282. 60644. 59201.]
Task is 49.00% complete.
t1_sim:[63445. 62724. 62141.] t2_sim:[65734. 64903. 64532.]
Task is 50.00% complete.
t1_sim:[59268. 61249. 60940.] t2_sim:[63037. 61872. 60537.]
Task is 51.00% complete.
t1_sim:[59287. 60610. 58329.] t2_sim:[61246. 61497. 59461.]
Task is 52.00% complete.
t1_sim:[60112. 60609. 64735.] t2_sim:[60020. 61105. 60968.]
Task is 53.00% complete.
t1_sim:[63952. 64218. 61779.] t2_sim:[64738. 63871. 63315.]
Task is 54.00% complete.
t1_sim:[59252. 58614. 58457.] t2_sim:[60718. 60803. 59902.]
Task is 55.00% complete.
t1_sim:[58699. 59721. 60047.] t2_sim:[61324. 60750. 61117.]
Task is 56.00% complete.
t1_sim:[62076. 61692. 63169.] t2_sim:[59468. 59693. 59846.]
Task is 57.00% complete.
t1_sim:[65364. 65582. 66664.] t2_sim:[65159. 64295. 64353.]
Task is 58.00% complete.
t1_sim:[58578. 58217. 57514.] t2_sim:[59707. 59232. 59142.]
Task is 59.00% complete.
t1_sim:[61606. 61527. 64636.] t2_sim:[65618. 67061. 65564.]
Task is 60.00% complete.
t1_sim:[60320. 59917. 63178.] t2_sim:[67879. 67322. 67382.]
Task is 61.00% complete.
t1_sim:[62961. 64085. 61120.] t2_sim:[61844. 61916. 62707.]
Task is 62.00% complete.
t1_sim:[59703. 58846. 62158.] t2_sim:[56674. 57727. 59087.]
Task is 63.00% complete.
t1_sim:[62721. 62805. 62487.] t2_sim:[64315. 64360. 63954.]
Task is 64.00% complete.
t1_sim:[64173. 64055. 65221.] t2_sim:[56394. 59198. 56932.]
Task is 65.00% complete.
t1_sim:[63488. 62885. 63490.] t2_sim:[69725. 70077. 66059.]
Task is 66.00% complete.
t1_sim:[63236. 63038. 59883.] t2_sim:[59223. 57837. 58372.]
Task is 67.00% complete.
t1_sim:[64994. 65367. 66772.] t2_sim:[62899. 62164. 62230.]
Task is 68.00% complete.
t1_sim:[64740. 64831. 68036.] t2_sim:[62063. 62157. 63828.]
Task is 69.00% complete.
t1_sim:[61330. 60205. 57763.] t2_sim:[59457. 60848. 61629.]
Task is 70.00% complete.
t1_sim:[61959. 61634. 64181.] t2_sim:[60424. 60549. 61424.]
Task is 71.00% complete.
t1_sim:[66698. 66635. 65893.] t2_sim:[61376. 59354. 62596.]
Task is 72.00% complete.
t1_sim:[64981. 62930. 65040.] t2_sim:[64309. 65679. 63968.]
Task is 73.00% complete.
t1_sim:[69361. 68844. 66179.] t2_sim:[64437. 64592. 68019.]
Task is 74.00% complete.
t1_sim:[63443. 63112. 58815.] t2_sim:[65227. 64358. 60476.]
Task is 75.00% complete.
t1_sim:[65792. 67058. 65704.] t2_sim:[65066. 65445. 63758.]
Task is 76.00% complete.
t1_sim:[60092. 60360. 61754.] t2_sim:[62005. 62354. 64484.]
Task is 77.00% complete.
t1_sim:[59276. 59435. 60173.] t2_sim:[58786. 59336. 57462.]
Task is 78.00% complete.
t1_sim:[66310. 66075. 64214.] t2_sim:[52795. 51498. 56979.]
Task is 79.00% complete.
t1_sim:[60058. 60300. 60453.] t2_sim:[59086. 58304. 59961.]
Task is 80.00% complete.
t1_sim:[61791. 62047. 60542.] t2_sim:[63043. 64710. 64337.]
Task is 81.00% complete.
t1_sim:[67285. 67605. 66301.] t2_sim:[60908. 59309. 57503.]
Task is 82.00% complete.
t1_sim:[63146. 63237. 63575.] t2_sim:[65638. 65404. 67558.]
Task is 83.00% complete.
t1_sim:[62445. 64016. 61466.] t2_sim:[66905. 68164. 68007.]
Task is 84.00% complete.
t1_sim:[61949. 61246. 63604.] t2_sim:[54993. 55633. 55739.]
Task is 85.00% complete.
t1_sim:[55532. 55402. 60889.] t2_sim:[64614. 63714. 62377.]
Task is 86.00% complete.
t1_sim:[61291. 61044. 58743.] t2_sim:[64128. 63215. 63362.]
Task is 87.00% complete.
t1_sim:[60575. 62071. 61326.] t2_sim:[61854. 61887. 61324.]
Task is 88.00% complete.
t1_sim:[64361. 64978. 64749.] t2_sim:[57017. 56163. 56231.]
Task is 89.00% complete.
t1_sim:[64007. 64991. 61891.] t2_sim:[56413. 56398. 59165.]
Task is 90.00% complete.
t1_sim:[54968. 56395. 55094.] t2_sim:[64153. 64930. 65006.]
Task is 91.00% complete.
t1_sim:[70018. 69157. 68332.] t2_sim:[64233. 62965. 65882.]
Task is 92.00% complete.
t1_sim:[66892. 66641. 65319.] t2_sim:[58585. 58669. 60530.]
Task is 93.00% complete.
t1_sim:[60540. 60582. 60796.] t2_sim:[64505. 64108. 64806.]
Task is 94.00% complete.
t1_sim:[60435. 59448. 58337.] t2_sim:[61697. 61780. 61078.]
Task is 95.00% complete.
t1_sim:[64488. 65889. 62071.] t2_sim:[62607. 63943. 63549.]
Task is 96.00% complete.
t1_sim:[56103. 56034. 55661.] t2_sim:[63393. 61829. 65824.]
Task is 97.00% complete.
t1_sim:[61079. 62012. 61071.] t2_sim:[66335. 67752. 62765.]
Task is 98.00% complete.
t1_sim:[54618. 54725. 54896.] t2_sim:[63061. 61972. 62569.]
Task is 99.00% complete.
t1_sim:[56416. 58013. 57134.] t2_sim:[62119. 63127. 64521.]
Training start
t1_obs:[array(91003.), array(81925.), array(72881.)] t2_obs:[array(93208.), array(82987.), array(71860.)]
corr_G1:[None, None, 0.9408215190704696] corr_G2:[None, None, 0.9343480890470216]
Training end
Task is 0.00% complete.
t1_sim:[55664. 56305. 55195.] t2_sim:[69683. 70068. 69342.]
Task is 1.00% complete.
t1_sim:[66548. 66464. 63967.] t2_sim:[55193. 55230. 54977.]
Task is 2.00% complete.
t1_sim:[60999. 60917. 59895.] t2_sim:[56520. 58609. 58758.]
Task is 3.00% complete.
t1_sim:[57630. 57869. 55894.] t2_sim:[53972. 53335. 52999.]
Task is 4.00% complete.
t1_sim:[62139. 62236. 59360.] t2_sim:[59868. 60690. 61071.]
Task is 5.00% complete.
t1_sim:[61686. 63032. 60457.] t2_sim:[64262. 64055. 64511.]
Task is 6.00% complete.
t1_sim:[54270. 54467. 53088.] t2_sim:[64208. 65336. 65242.]
Task is 7.00% complete.
t1_sim:[62366. 62093. 58893.] t2_sim:[60257. 58877. 58808.]
Task is 8.00% complete.
t1_sim:[63823. 62060. 61590.] t2_sim:[63241. 63637. 63989.]
Task is 9.00% complete.
t1_sim:[65286. 64770. 61856.] t2_sim:[63268. 63602. 63520.]
Task is 10.00% complete.
t1_sim:[57155. 55162. 55673.] t2_sim:[58523. 58884. 60346.]
Task is 11.00% complete.
t1_sim:[58914. 58964. 55915.] t2_sim:[69767. 68537. 68228.]
Task is 12.00% complete.
t1_sim:[61681. 61233. 59903.] t2_sim:[61692. 60631. 60729.]
Task is 13.00% complete.
t1_sim:[61008. 60786. 58587.] t2_sim:[63300. 63742. 61875.]
Task is 14.00% complete.
t1_sim:[58939. 59226. 57580.] t2_sim:[59344. 59109. 59620.]
Task is 15.00% complete.
t1_sim:[59855. 59489. 58652.] t2_sim:[66282. 66794. 65558.]
Task is 16.00% complete.
t1_sim:[65980. 64763. 63648.] t2_sim:[59550. 59430. 56826.]
Task is 17.00% complete.
t1_sim:[61895. 61016. 59889.] t2_sim:[64099. 64162. 65123.]
Task is 18.00% complete.
t1_sim:[63810. 63710. 61621.] t2_sim:[65687. 64081. 62114.]
Task is 19.00% complete.
t1_sim:[58788. 59152. 57095.] t2_sim:[61851. 59819. 57662.]
Task is 20.00% complete.
t1_sim:[58222. 58943. 57124.] t2_sim:[61473. 62230. 62248.]
Task is 21.00% complete.
t1_sim:[65167. 65129. 63821.] t2_sim:[60975. 61725. 62979.]
Task is 22.00% complete.
t1_sim:[58319. 58481. 56969.] t2_sim:[62768. 62852. 62145.]
Task is 23.00% complete.
t1_sim:[65539. 65712. 63112.] t2_sim:[66258. 65494. 64281.]
Task is 24.00% complete.
t1_sim:[63532. 62402. 60817.] t2_sim:[64234. 64971. 65970.]
Task is 25.00% complete.
t1_sim:[60202. 60714. 59559.] t2_sim:[57783. 58688. 59381.]
Task is 26.00% complete.
t1_sim:[58365. 58436. 56699.] t2_sim:[64985. 65017. 64143.]
Task is 27.00% complete.
t1_sim:[62003. 62164. 60970.] t2_sim:[64776. 64723. 63556.]
Task is 28.00% complete.
t1_sim:[63281. 62989. 59691.] t2_sim:[62961. 62419. 61438.]
Task is 29.00% complete.
t1_sim:[61716. 61735. 59946.] t2_sim:[64338. 63337. 62380.]
Task is 30.00% complete.
t1_sim:[61141. 62102. 61303.] t2_sim:[61874. 62062. 61509.]
Task is 31.00% complete.
t1_sim:[61354. 60045. 58778.] t2_sim:[64204. 63393. 62321.]
Task is 32.00% complete.
t1_sim:[59025. 60564. 57721.] t2_sim:[63844. 64573. 64709.]
Task is 33.00% complete.
t1_sim:[62285. 62504. 61494.] t2_sim:[58184. 58369. 59214.]
Task is 34.00% complete.
t1_sim:[63807. 65293. 61947.] t2_sim:[56176. 57347. 55916.]
Task is 35.00% complete.
t1_sim:[62651. 63186. 62362.] t2_sim:[61839. 61262. 62964.]
Task is 36.00% complete.
t1_sim:[63912. 64404. 64404.] t2_sim:[68373. 68589. 68347.]
Task is 37.00% complete.
t1_sim:[60870. 61314. 59475.] t2_sim:[69118. 68002. 66616.]
Task is 38.00% complete.
t1_sim:[68328. 68352. 67398.] t2_sim:[68862. 69969. 71033.]
Task is 39.00% complete.
t1_sim:[60981. 61663. 62384.] t2_sim:[57999. 58639. 57339.]
Task is 40.00% complete.
t1_sim:[66595. 65955. 63703.] t2_sim:[61001. 61731. 62697.]
Task is 41.00% complete.
t1_sim:[70891. 70708. 69103.] t2_sim:[65471. 66372. 67148.]
Task is 42.00% complete.
t1_sim:[59157. 59824. 58134.] t2_sim:[58569. 59382. 58963.]
Task is 43.00% complete.
t1_sim:[68238. 68153. 66543.] t2_sim:[67013. 66229. 65525.]
Task is 44.00% complete.
t1_sim:[63270. 64129. 61966.] t2_sim:[63360. 64057. 64484.]
Task is 45.00% complete.
t1_sim:[61677. 61500. 58715.] t2_sim:[65451. 67352. 70124.]
Task is 46.00% complete.
t1_sim:[64214. 63438. 60629.] t2_sim:[66530. 66908. 67060.]
Task is 47.00% complete.
t1_sim:[64911. 65032. 64090.] t2_sim:[60140. 60075. 58064.]
Task is 48.00% complete.
t1_sim:[62575. 63013. 60915.] t2_sim:[58855. 59473. 58332.]
Task is 49.00% complete.
t1_sim:[58623. 57885. 56926.] t2_sim:[61475. 62864. 63238.]
Task is 50.00% complete.
t1_sim:[64824. 64578. 61593.] t2_sim:[58999. 59845. 60117.]
Task is 51.00% complete.
t1_sim:[65964. 66670. 64543.] t2_sim:[60511. 60045. 59175.]
Task is 52.00% complete.
t1_sim:[60139. 60948. 59654.] t2_sim:[67655. 68315. 69977.]
Task is 53.00% complete.
t1_sim:[60291. 60479. 57174.] t2_sim:[60509. 61103. 61104.]
Task is 54.00% complete.
t1_sim:[66955. 66054. 63423.] t2_sim:[65097. 64460. 64847.]
Task is 55.00% complete.
t1_sim:[62840. 61601. 59743.] t2_sim:[63387. 64146. 64250.]
Task is 56.00% complete.
t1_sim:[70206. 70934. 70201.] t2_sim:[65495. 64879. 64703.]
Task is 57.00% complete.
t1_sim:[66439. 66918. 64001.] t2_sim:[64234. 64384. 65501.]
Task is 58.00% complete.
t1_sim:[59064. 59302. 58411.] t2_sim:[64873. 63860. 64237.]
Task is 59.00% complete.
t1_sim:[61594. 61665. 61538.] t2_sim:[66066. 65215. 63294.]
Task is 60.00% complete.
t1_sim:[61359. 61442. 58721.] t2_sim:[60340. 61576. 61020.]
Task is 61.00% complete.
t1_sim:[63668. 64773. 62621.] t2_sim:[62047. 62161. 60002.]
Task is 62.00% complete.
t1_sim:[61475. 61766. 58722.] t2_sim:[63465. 63643. 64302.]
Task is 63.00% complete.
t1_sim:[63541. 63358. 60584.] t2_sim:[60853. 59505. 58254.]
Task is 64.00% complete.
t1_sim:[66747. 66440. 65538.] t2_sim:[63665. 64462. 65972.]
Task is 65.00% complete.
t1_sim:[64692. 63524. 62529.] t2_sim:[56544. 57075. 58840.]
Task is 66.00% complete.
t1_sim:[57522. 56010. 53308.] t2_sim:[60853. 61267. 61457.]
Task is 67.00% complete.
t1_sim:[61281. 61367. 59169.] t2_sim:[62254. 61203. 59635.]
Task is 68.00% complete.
t1_sim:[66576. 66501. 64594.] t2_sim:[63145. 61474. 60913.]
Task is 69.00% complete.
t1_sim:[58477. 58325. 56322.] t2_sim:[68359. 66435. 66728.]
Task is 70.00% complete.
t1_sim:[60813. 61987. 58217.] t2_sim:[65723. 64716. 63529.]
Task is 71.00% complete.
t1_sim:[60250. 60989. 60918.] t2_sim:[60899. 62591. 62051.]
Task is 72.00% complete.
t1_sim:[62826. 63383. 62130.] t2_sim:[59676. 60601. 61497.]
Task is 73.00% complete.
t1_sim:[65166. 65560. 62941.] t2_sim:[63422. 64052. 63383.]
Task is 74.00% complete.
t1_sim:[61881. 61936. 60398.] t2_sim:[56999. 56262. 56489.]
Task is 75.00% complete.
t1_sim:[59896. 58947. 57142.] t2_sim:[62784. 62161. 61450.]
Task is 76.00% complete.
t1_sim:[61602. 61196. 57901.] t2_sim:[66044. 66635. 66673.]
Task is 77.00% complete.
t1_sim:[65590. 67041. 65241.] t2_sim:[64101. 63987. 63484.]
Task is 78.00% complete.
t1_sim:[65226. 64944. 61293.] t2_sim:[63847. 64270. 62450.]
Task is 79.00% complete.
t1_sim:[61126. 61994. 61704.] t2_sim:[64952. 65157. 66396.]
Task is 80.00% complete.
t1_sim:[60902. 60464. 58539.] t2_sim:[58423. 58398. 58418.]
Task is 81.00% complete.
t1_sim:[65770. 66128. 64515.] t2_sim:[65672. 64767. 63391.]
Task is 82.00% complete.
t1_sim:[62214. 62523. 61413.] t2_sim:[67155. 68569. 68217.]
Task is 83.00% complete.
t1_sim:[63034. 63021. 62007.] t2_sim:[64531. 63069. 62263.]
Task is 84.00% complete.
t1_sim:[70270. 70388. 66541.] t2_sim:[59654. 58889. 60626.]
Task is 85.00% complete.
t1_sim:[55971. 56373. 55394.] t2_sim:[63852. 63558. 63970.]
Task is 86.00% complete.
t1_sim:[58830. 58952. 58000.] t2_sim:[69561. 68295. 69061.]
Task is 87.00% complete.
t1_sim:[58310. 57128. 54130.] t2_sim:[62441. 61549. 59434.]
Task is 88.00% complete.
t1_sim:[65115. 66554. 64105.] t2_sim:[65613. 64709. 65217.]
Task is 89.00% complete.
t1_sim:[64277. 63753. 60463.] t2_sim:[70248. 69350. 68491.]
Task is 90.00% complete.
t1_sim:[60641. 60468. 57377.] t2_sim:[63697. 63952. 64967.]
Task is 91.00% complete.
t1_sim:[64024. 65444. 64986.] t2_sim:[64471. 64893. 65217.]
Task is 92.00% complete.
t1_sim:[63598. 63630. 61276.] t2_sim:[61401. 59851. 60158.]
Task is 93.00% complete.
t1_sim:[59072. 58787. 54924.] t2_sim:[64304. 63963. 65566.]
Task is 94.00% complete.
t1_sim:[58152. 58505. 57082.] t2_sim:[66202. 64417. 63307.]
Task is 95.00% complete.
t1_sim:[60913. 61800. 60529.] t2_sim:[62429. 62970. 61523.]
Task is 96.00% complete.
t1_sim:[64747. 65315. 62298.] t2_sim:[67480. 67904. 67804.]
Task is 97.00% complete.
t1_sim:[60211. 60356. 57135.] t2_sim:[62169. 62224. 61903.]
Task is 98.00% complete.
t1_sim:[61999. 62617. 62952.] t2_sim:[59627. 60064. 59628.]
Task is 99.00% complete.
t1_sim:[66060. 64514. 62701.] t2_sim:[59532. 59532. 60692.]
Training start
t1_obs:[array(91003.), array(81925.), array(67458.)] t2_obs:[array(93208.), array(82987.), array(71224.)]
corr_G1:[None, None, 0.15170062898331182] corr_G2:[None, None, 0.18161369293725732]
Training end
Task is 0.00% complete.
t1_sim:[57926. 58674. 57314.] t2_sim:[58347. 57730. 53350.]
Task is 1.00% complete.
t1_sim:[59845. 60159. 59225.] t2_sim:[63488. 62304. 57788.]
Task is 2.00% complete.
t1_sim:[61085. 61586. 61722.] t2_sim:[64107. 62776. 59517.]
Task is 3.00% complete.
t1_sim:[62358. 62505. 62567.] t2_sim:[58939. 58765. 53470.]
Task is 4.00% complete.
t1_sim:[60764. 59209. 60381.] t2_sim:[66802. 65982. 64105.]
Task is 5.00% complete.
t1_sim:[64842. 63833. 61030.] t2_sim:[63753. 63683. 61416.]
Task is 6.00% complete.
t1_sim:[56156. 56202. 57588.] t2_sim:[60801. 60904. 58654.]
Task is 7.00% complete.
t1_sim:[64045. 64723. 63441.] t2_sim:[60089. 61262. 56841.]
Task is 8.00% complete.
t1_sim:[62290. 61202. 58161.] t2_sim:[56651. 56659. 53073.]
Task is 9.00% complete.
t1_sim:[65924. 66166. 64692.] t2_sim:[68736. 69105. 66749.]
Task is 10.00% complete.
t1_sim:[62634. 62598. 63089.] t2_sim:[58664. 58219. 57172.]
Task is 11.00% complete.
t1_sim:[65882. 64995. 64346.] t2_sim:[58645. 60027. 58979.]
Task is 12.00% complete.
t1_sim:[62518. 62917. 60105.] t2_sim:[61942. 60606. 58472.]
Task is 13.00% complete.
t1_sim:[64006. 64986. 62971.] t2_sim:[70635. 69209. 68173.]
Task is 14.00% complete.
t1_sim:[59146. 58468. 58097.] t2_sim:[59756. 60382. 58176.]
Task is 15.00% complete.
t1_sim:[62844. 63483. 63913.] t2_sim:[64278. 64145. 62625.]
Task is 16.00% complete.
t1_sim:[61573. 61442. 60929.] t2_sim:[67602. 67064. 66152.]
Task is 17.00% complete.
t1_sim:[61634. 60920. 61696.] t2_sim:[64548. 65828. 62682.]
Task is 18.00% complete.
t1_sim:[67267. 67449. 63606.] t2_sim:[62582. 64095. 61363.]
Task is 19.00% complete.
t1_sim:[64123. 63984. 63650.] t2_sim:[62769. 61895. 60385.]
Task is 20.00% complete.
t1_sim:[61887. 63962. 62418.] t2_sim:[66025. 66803. 62734.]
Task is 21.00% complete.
t1_sim:[57719. 57805. 53835.] t2_sim:[55233. 56128. 54046.]
Task is 22.00% complete.
t1_sim:[65921. 65159. 64104.] t2_sim:[64170. 63550. 62094.]
Task is 23.00% complete.
t1_sim:[60190. 62047. 63166.] t2_sim:[56921. 57072. 56063.]
Task is 24.00% complete.
t1_sim:[58610. 60058. 61730.] t2_sim:[60342. 59933. 56642.]
Task is 25.00% complete.
t1_sim:[66746. 65524. 65262.] t2_sim:[61970. 60853. 59368.]
Task is 26.00% complete.
t1_sim:[61085. 61246. 59065.] t2_sim:[65916. 64941. 61708.]
Task is 27.00% complete.
t1_sim:[63537. 63413. 62786.] t2_sim:[63645. 63521. 62302.]
Task is 28.00% complete.
t1_sim:[65621. 65241. 65198.] t2_sim:[58952. 59047. 56015.]
Task is 29.00% complete.
t1_sim:[66714. 66449. 67282.] t2_sim:[59258. 58394. 57709.]
Task is 30.00% complete.
t1_sim:[61182. 61528. 60162.] t2_sim:[58131. 58293. 57347.]
Task is 31.00% complete.
t1_sim:[61520. 61357. 60363.] t2_sim:[59231. 59642. 58261.]
Task is 32.00% complete.
t1_sim:[65588. 65604. 63358.] t2_sim:[62445. 60808. 58985.]
Task is 33.00% complete.
t1_sim:[65845. 65075. 64368.] t2_sim:[62315. 61868. 57017.]
Task is 34.00% complete.
t1_sim:[57057. 56912. 54988.] t2_sim:[65128. 65188. 62697.]
Task is 35.00% complete.
t1_sim:[65834. 64231. 62788.] t2_sim:[63977. 64012. 61232.]
Task is 36.00% complete.
t1_sim:[64538. 63993. 63759.] t2_sim:[60180. 60800. 59106.]
Task is 37.00% complete.
t1_sim:[70487. 69266. 67740.] t2_sim:[64522. 66131. 62445.]
Task is 38.00% complete.
t1_sim:[58664. 59489. 60260.] t2_sim:[63433. 62399. 60674.]
Task is 39.00% complete.
t1_sim:[58474. 59103. 59672.] t2_sim:[57529. 57681. 56127.]
Task is 40.00% complete.
t1_sim:[62892. 64474. 64270.] t2_sim:[65150. 65978. 63955.]
Task is 41.00% complete.
t1_sim:[62559. 61236. 61546.] t2_sim:[60980. 59880. 58208.]
Task is 42.00% complete.
t1_sim:[64766. 64053. 64140.] t2_sim:[66395. 66607. 63523.]
Task is 43.00% complete.
t1_sim:[64777. 65542. 64286.] t2_sim:[63383. 62928. 60102.]
Task is 44.00% complete.
t1_sim:[60999. 60723. 60828.] t2_sim:[65164. 65122. 62528.]
Task is 45.00% complete.
t1_sim:[65776. 66338. 66280.] t2_sim:[59237. 59045. 56168.]
Task is 46.00% complete.
t1_sim:[68855. 68811. 66156.] t2_sim:[57811. 57409. 54413.]
Task is 47.00% complete.
t1_sim:[62526. 62619. 61179.] t2_sim:[67957. 67530. 63100.]
Task is 48.00% complete.
t1_sim:[65884. 65360. 66949.] t2_sim:[62212. 61496. 59148.]
Task is 49.00% complete.
t1_sim:[63120. 61325. 61579.] t2_sim:[58781. 57822. 55494.]
Task is 50.00% complete.
t1_sim:[65325. 65068. 64615.] t2_sim:[65580. 64836. 63776.]
Task is 51.00% complete.
t1_sim:[62946. 63263. 64041.] t2_sim:[65558. 65950. 63928.]
Task is 52.00% complete.
t1_sim:[63749. 64404. 66258.] t2_sim:[61397. 60823. 59398.]
Task is 53.00% complete.
t1_sim:[62466. 60942. 59806.] t2_sim:[63612. 63433. 60069.]
Task is 54.00% complete.
t1_sim:[58726. 59630. 58662.] t2_sim:[59982. 61251. 59937.]
Task is 55.00% complete.
t1_sim:[63134. 63683. 65553.] t2_sim:[60635. 59935. 58542.]
Task is 56.00% complete.
t1_sim:[58468. 57819. 58842.] t2_sim:[59344. 59639. 58055.]
Task is 57.00% complete.
t1_sim:[64240. 65563. 63407.] t2_sim:[66509. 65296. 64013.]
Task is 58.00% complete.
t1_sim:[69139. 68676. 68279.] t2_sim:[62540. 62805. 58583.]
Task is 59.00% complete.
t1_sim:[55292. 54534. 55064.] t2_sim:[58223. 57903. 54375.]
Task is 60.00% complete.
t1_sim:[55752. 55813. 53172.] t2_sim:[62696. 61404. 58331.]
Task is 61.00% complete.
t1_sim:[60380. 60924. 60449.] t2_sim:[66393. 65692. 64492.]
Task is 62.00% complete.
t1_sim:[61538. 61358. 59568.] t2_sim:[68867. 69019. 65699.]
Task is 63.00% complete.
t1_sim:[58882. 58087. 56957.] t2_sim:[70492. 69552. 66352.]
Task is 64.00% complete.
t1_sim:[63058. 63364. 62670.] t2_sim:[61789. 61929. 60018.]
Task is 65.00% complete.
t1_sim:[62311. 62792. 61102.] t2_sim:[60697. 59911. 56628.]
Task is 66.00% complete.
t1_sim:[63476. 63438. 60920.] t2_sim:[59154. 57995. 55587.]
Task is 67.00% complete.
t1_sim:[57767. 57877. 59006.] t2_sim:[63958. 63507. 61421.]
Task is 68.00% complete.
t1_sim:[60582. 60746. 62541.] t2_sim:[61682. 61186. 59006.]
Task is 69.00% complete.
t1_sim:[58562. 58325. 57395.] t2_sim:[63884. 63558. 60495.]
Task is 70.00% complete.
t1_sim:[62131. 62465. 61416.] t2_sim:[67297. 66666. 62812.]
Task is 71.00% complete.
t1_sim:[64605. 65196. 62188.] t2_sim:[58767. 59799. 57110.]
Task is 72.00% complete.
t1_sim:[66878. 66259. 63650.] t2_sim:[64256. 64666. 62473.]
Task is 73.00% complete.
t1_sim:[60834. 60803. 59505.] t2_sim:[63387. 62870. 59173.]
Task is 74.00% complete.
t1_sim:[58829. 59401. 57420.] t2_sim:[60437. 60538. 56922.]
Task is 75.00% complete.
t1_sim:[60454. 60630. 58746.] t2_sim:[60138. 61429. 59734.]
Task is 76.00% complete.
t1_sim:[65263. 63978. 63585.] t2_sim:[64061. 63525. 59909.]
Task is 77.00% complete.
t1_sim:[64232. 64148. 61548.] t2_sim:[65056. 63762. 61830.]
Task is 78.00% complete.
t1_sim:[63174. 63632. 63360.] t2_sim:[65190. 63185. 59994.]
Task is 79.00% complete.
t1_sim:[63796. 63749. 65282.] t2_sim:[64796. 64360. 60593.]
Task is 80.00% complete.
t1_sim:[59574. 59338. 58849.] t2_sim:[62333. 62832. 61001.]
Task is 81.00% complete.
t1_sim:[62904. 63307. 62849.] t2_sim:[56281. 56882. 52774.]
Task is 82.00% complete.
t1_sim:[56470. 56446. 54994.] t2_sim:[61724. 61812. 58842.]
Task is 83.00% complete.
t1_sim:[60562. 60436. 58880.] t2_sim:[59527. 60607. 57068.]
Task is 84.00% complete.
t1_sim:[63605. 63001. 62749.] t2_sim:[62897. 60932. 58630.]
Task is 85.00% complete.
t1_sim:[57373. 59015. 57407.] t2_sim:[56954. 57696. 56150.]
Task is 86.00% complete.
t1_sim:[61696. 61167. 57946.] t2_sim:[61032. 61990. 56164.]
Task is 87.00% complete.
t1_sim:[68010. 69690. 69964.] t2_sim:[65806. 64829. 62044.]
Task is 88.00% complete.
t1_sim:[64711. 64353. 63090.] t2_sim:[67673. 66055. 62198.]
Task is 89.00% complete.
t1_sim:[63297. 63721. 63826.] t2_sim:[65858. 66968. 63388.]
Task is 90.00% complete.
t1_sim:[61840. 60267. 58970.] t2_sim:[60053. 58979. 56902.]
Task is 91.00% complete.
t1_sim:[66001. 65852. 64239.] t2_sim:[63460. 63023. 60078.]
Task is 92.00% complete.
t1_sim:[58244. 58344. 59185.] t2_sim:[63974. 64653. 60982.]
Task is 93.00% complete.
t1_sim:[60171. 60699. 57627.] t2_sim:[63145. 62429. 61208.]
Task is 94.00% complete.
t1_sim:[69733. 70793. 69742.] t2_sim:[60671. 61347. 57457.]
Task is 95.00% complete.
t1_sim:[58822. 60091. 58805.] t2_sim:[68713. 69409. 65383.]
Task is 96.00% complete.
t1_sim:[65987. 64785. 65964.] t2_sim:[56568. 56884. 55065.]
Task is 97.00% complete.
t1_sim:[62218. 61838. 61118.] t2_sim:[60716. 61015. 59891.]
Task is 98.00% complete.
t1_sim:[62866. 62286. 61684.] t2_sim:[64341. 63440. 60746.]
Task is 99.00% complete.
t1_sim:[66862. 68580. 66697.] t2_sim:[61877. 62108. 60251.]
Finished
