Begin
Training start
t1_obs:[array(93988.), array(81412.), array(70307.)] t2_obs:[array(86223.), array(69599.), array(65683.)]
corr_G1:[None, None, 0] corr_G2:[None, None, 0]
Training end
Task is 0.00% complete.
t1_sim:[63796. 62008. 65245.] t2_sim:[65492. 65177. 64185.]
Task is 1.00% complete.
t1_sim:[65466. 65270. 65669.] t2_sim:[60655. 61842. 61831.]
Task is 2.00% complete.
t1_sim:[65116. 65901. 63624.] t2_sim:[63830. 64192. 67092.]
Task is 3.00% complete.
t1_sim:[62863. 64045. 63221.] t2_sim:[67566. 68097. 68580.]
Task is 4.00% complete.
t1_sim:[66241. 65801. 61647.] t2_sim:[57005. 58225. 60372.]
Task is 5.00% complete.
t1_sim:[57689. 55935. 60836.] t2_sim:[66324. 65418. 64812.]
Task is 6.00% complete.
t1_sim:[61365. 60750. 62822.] t2_sim:[68159. 66604. 65849.]
Task is 7.00% complete.
t1_sim:[63706. 63722. 60687.] t2_sim:[59384. 59881. 60267.]
Task is 8.00% complete.
t1_sim:[63639. 62269. 60703.] t2_sim:[63436. 62561. 61909.]
Task is 9.00% complete.
t1_sim:[62477. 61208. 62863.] t2_sim:[61699. 61759. 62304.]
Task is 10.00% complete.
t1_sim:[67152. 65247. 63934.] t2_sim:[62821. 63858. 63763.]
Task is 11.00% complete.
t1_sim:[63264. 64218. 63557.] t2_sim:[62911. 61800. 62581.]
Task is 12.00% complete.
t1_sim:[63053. 63163. 62088.] t2_sim:[64537. 62929. 63056.]
Task is 13.00% complete.
t1_sim:[63961. 62768. 65096.] t2_sim:[62658. 64267. 63113.]
Task is 14.00% complete.
t1_sim:[63873. 63356. 59199.] t2_sim:[65569. 65732. 64710.]
Task is 15.00% complete.
t1_sim:[60931. 61114. 60527.] t2_sim:[64086. 62758. 64266.]
Task is 16.00% complete.
t1_sim:[61679. 62479. 62533.] t2_sim:[68157. 66444. 66144.]
Task is 17.00% complete.
t1_sim:[65551. 65974. 65384.] t2_sim:[67226. 67276. 65146.]
Task is 18.00% complete.
t1_sim:[59825. 56828. 60238.] t2_sim:[65724. 67911. 63047.]
Task is 19.00% complete.
t1_sim:[63498. 62072. 62567.] t2_sim:[60966. 60606. 59890.]
Task is 20.00% complete.
t1_sim:[63516. 63460. 66201.] t2_sim:[62004. 63404. 65012.]
Task is 21.00% complete.
t1_sim:[63342. 62544. 60712.] t2_sim:[59549. 60961. 59573.]
Task is 22.00% complete.
t1_sim:[64683. 64695. 64297.] t2_sim:[63625. 64423. 63835.]
Task is 23.00% complete.
t1_sim:[64385. 65954. 63958.] t2_sim:[66522. 66577. 68150.]
Task is 24.00% complete.
t1_sim:[65488. 66537. 65136.] t2_sim:[59968. 62692. 59899.]
Task is 25.00% complete.
t1_sim:[62747. 65247. 62559.] t2_sim:[60116. 61899. 60287.]
Task is 26.00% complete.
t1_sim:[72082. 72373. 69047.] t2_sim:[56655. 56440. 58118.]
Task is 27.00% complete.
t1_sim:[61445. 59939. 61662.] t2_sim:[66293. 67684. 64390.]
Task is 28.00% complete.
t1_sim:[67425. 66995. 65422.] t2_sim:[64923. 65244. 65382.]
Task is 29.00% complete.
t1_sim:[63899. 64228. 63375.] t2_sim:[62707. 63060. 59692.]
Task is 30.00% complete.
t1_sim:[61134. 60910. 59707.] t2_sim:[58924. 58617. 58745.]
Task is 31.00% complete.
t1_sim:[64134. 64096. 61703.] t2_sim:[62621. 61974. 62104.]
Task is 32.00% complete.
t1_sim:[60376. 58411. 60720.] t2_sim:[65613. 65700. 66805.]
Task is 33.00% complete.
t1_sim:[63497. 63510. 63663.] t2_sim:[57407. 58873. 59246.]
Task is 34.00% complete.
t1_sim:[67572. 66388. 64363.] t2_sim:[62162. 61009. 62099.]
Task is 35.00% complete.
t1_sim:[60971. 60266. 61334.] t2_sim:[59290. 59894. 59071.]
Task is 36.00% complete.
t1_sim:[69461. 69665. 69105.] t2_sim:[59998. 58593. 63158.]
Task is 37.00% complete.
t1_sim:[61772. 62303. 62666.] t2_sim:[59665. 59590. 59125.]
Task is 38.00% complete.
t1_sim:[63596. 63472. 61188.] t2_sim:[61443. 61131. 63455.]
Task is 39.00% complete.
t1_sim:[67887. 66392. 70501.] t2_sim:[65808. 66920. 67715.]
Task is 40.00% complete.
t1_sim:[62514. 62722. 63307.] t2_sim:[53771. 54364. 54005.]
Task is 41.00% complete.
t1_sim:[57920. 57460. 60107.] t2_sim:[65071. 65810. 66534.]
Task is 42.00% complete.
t1_sim:[63987. 62768. 63759.] t2_sim:[64411. 64424. 65543.]
Task is 43.00% complete.
t1_sim:[63964. 65993. 67176.] t2_sim:[66615. 68392. 66820.]
Task is 44.00% complete.
t1_sim:[62093. 62832. 60399.] t2_sim:[68896. 67147. 66795.]
Task is 45.00% complete.
t1_sim:[72158. 70406. 70333.] t2_sim:[55767. 55162. 55061.]
Task is 46.00% complete.
t1_sim:[54319. 56125. 58543.] t2_sim:[64918. 66635. 64292.]
Task is 47.00% complete.
t1_sim:[67451. 68067. 65790.] t2_sim:[66448. 67531. 65532.]
Task is 48.00% complete.
t1_sim:[64534. 64240. 64183.] t2_sim:[56807. 57666. 57178.]
Task is 49.00% complete.
t1_sim:[58884. 59024. 58448.] t2_sim:[69052. 68128. 70446.]
Task is 50.00% complete.
t1_sim:[62520. 61299. 59816.] t2_sim:[64230. 65994. 64379.]
Task is 51.00% complete.
t1_sim:[62214. 62483. 61769.] t2_sim:[68618. 69303. 67958.]
Task is 52.00% complete.
t1_sim:[64497. 62537. 61198.] t2_sim:[60731. 61082. 59875.]
Task is 53.00% complete.
t1_sim:[59712. 59254. 60211.] t2_sim:[61091. 61013. 64075.]
Task is 54.00% complete.
t1_sim:[61870. 63690. 61414.] t2_sim:[63040. 64007. 62584.]
Task is 55.00% complete.
t1_sim:[61747. 59985. 58103.] t2_sim:[59035. 59852. 57073.]
Task is 56.00% complete.
t1_sim:[65322. 66941. 66415.] t2_sim:[60122. 61133. 62568.]
Task is 57.00% complete.
t1_sim:[66208. 67155. 66093.] t2_sim:[61990. 62823. 61954.]
Task is 58.00% complete.
t1_sim:[66460. 66247. 65744.] t2_sim:[63907. 62636. 64397.]
Task is 59.00% complete.
t1_sim:[62299. 62787. 61250.] t2_sim:[63733. 63692. 64665.]
Task is 60.00% complete.
t1_sim:[56845. 58054. 58347.] t2_sim:[62119. 62666. 64512.]
Task is 61.00% complete.
t1_sim:[64752. 63131. 62478.] t2_sim:[62054. 63064. 62533.]
Task is 62.00% complete.
t1_sim:[61925. 63008. 66450.] t2_sim:[55345. 56100. 58719.]
Task is 63.00% complete.
t1_sim:[63394. 63311. 65141.] t2_sim:[72562. 72956. 73718.]
Task is 64.00% complete.
t1_sim:[63801. 62812. 67074.] t2_sim:[61586. 62723. 62073.]
Task is 65.00% complete.
t1_sim:[58253. 57386. 57711.] t2_sim:[61074. 62048. 61006.]
Task is 66.00% complete.
t1_sim:[67244. 68905. 65779.] t2_sim:[66102. 66071. 67572.]
Task is 67.00% complete.
t1_sim:[59061. 59830. 57766.] t2_sim:[56611. 58107. 58359.]
Task is 68.00% complete.
t1_sim:[63619. 63930. 60021.] t2_sim:[64659. 66022. 64505.]
Task is 69.00% complete.
t1_sim:[61271. 61773. 59819.] t2_sim:[63883. 63022. 63429.]
Task is 70.00% complete.
t1_sim:[61054. 59613. 62397.] t2_sim:[58430. 57747. 61537.]
Task is 71.00% complete.
t1_sim:[60182. 60494. 60339.] t2_sim:[65059. 63903. 65412.]
Task is 72.00% complete.
t1_sim:[57371. 58248. 55971.] t2_sim:[64750. 63616. 66246.]
Task is 73.00% complete.
t1_sim:[64004. 62833. 63652.] t2_sim:[65468. 65048. 63240.]
Task is 74.00% complete.
t1_sim:[60021. 58221. 61314.] t2_sim:[59411. 59414. 58595.]
Task is 75.00% complete.
t1_sim:[64216. 64615. 63178.] t2_sim:[66057. 64545. 65732.]
Task is 76.00% complete.
t1_sim:[62147. 62174. 64566.] t2_sim:[60702. 60416. 59040.]
Task is 77.00% complete.
t1_sim:[63411. 64403. 65703.] t2_sim:[60872. 59844. 63636.]
Task is 78.00% complete.
t1_sim:[58793. 59990. 58432.] t2_sim:[63665. 64234. 63664.]
Task is 79.00% complete.
t1_sim:[62335. 62733. 61840.] t2_sim:[60761. 61950. 63184.]
Task is 80.00% complete.
t1_sim:[58164. 58124. 57497.] t2_sim:[62279. 62946. 64553.]
Task is 81.00% complete.
t1_sim:[59558. 59713. 56784.] t2_sim:[63288. 63194. 63560.]
Task is 82.00% complete.
t1_sim:[61567. 63514. 62302.] t2_sim:[56938. 57121. 57311.]
Task is 83.00% complete.
t1_sim:[62185. 62480. 62877.] t2_sim:[63144. 63678. 61389.]
Task is 84.00% complete.
t1_sim:[54299. 56003. 52618.] t2_sim:[70253. 71219. 68844.]
Task is 85.00% complete.
t1_sim:[59941. 59929. 60280.] t2_sim:[59729. 59042. 60811.]
Task is 86.00% complete.
t1_sim:[62965. 63200. 64101.] t2_sim:[57448. 56915. 57831.]
Task is 87.00% complete.
t1_sim:[62659. 63227. 62459.] t2_sim:[63603. 63563. 64922.]
Task is 88.00% complete.
t1_sim:[58556. 58051. 57775.] t2_sim:[62287. 59477. 60397.]
Task is 89.00% complete.
t1_sim:[68263. 67580. 63978.] t2_sim:[61137. 60469. 61937.]
Task is 90.00% complete.
t1_sim:[62605. 62169. 62158.] t2_sim:[62277. 63446. 63388.]
Task is 91.00% complete.
t1_sim:[61406. 59692. 58279.] t2_sim:[62942. 62933. 60344.]
Task is 92.00% complete.
t1_sim:[61563. 60550. 59987.] t2_sim:[62656. 61435. 62511.]
Task is 93.00% complete.
t1_sim:[63509. 62789. 61670.] t2_sim:[61074. 63201. 61573.]
Task is 94.00% complete.
t1_sim:[63205. 63436. 65113.] t2_sim:[64838. 63469. 63390.]
Task is 95.00% complete.
t1_sim:[63002. 63435. 61198.] t2_sim:[63091. 61785. 63868.]
Task is 96.00% complete.
t1_sim:[65707. 65277. 67128.] t2_sim:[64418. 65912. 67059.]
Task is 97.00% complete.
t1_sim:[61787. 61381. 62809.] t2_sim:[65728. 66953. 64343.]
Task is 98.00% complete.
t1_sim:[67034. 65326. 69522.] t2_sim:[64511. 62532. 63931.]
Task is 99.00% complete.
t1_sim:[67269. 67514. 66682.] t2_sim:[66842. 65875. 65842.]
Training start
t1_obs:[array(93988.), array(81412.), array(77993.)] t2_obs:[array(86223.), array(69599.), array(67374.)]
corr_G1:[None, None, 0.9696669464595475] corr_G2:[None, None, 0.9787302538182385]
Training end
Task is 0.00% complete.
t1_sim:[66527. 66559. 66286.] t2_sim:[63528. 63823. 62773.]
Task is 1.00% complete.
t1_sim:[64842. 66015. 65342.] t2_sim:[64849. 63968. 64382.]
Task is 2.00% complete.
t1_sim:[59346. 60582. 58753.] t2_sim:[58845. 59324. 60714.]
Task is 3.00% complete.
t1_sim:[58859. 60647. 61762.] t2_sim:[61435. 61533. 62740.]
Task is 4.00% complete.
t1_sim:[60375. 60523. 60288.] t2_sim:[62738. 63231. 61611.]
Task is 5.00% complete.
t1_sim:[66440. 65931. 63473.] t2_sim:[61556. 61618. 62314.]
Task is 6.00% complete.
t1_sim:[63560. 62965. 62087.] t2_sim:[59975. 60938. 58419.]
Task is 7.00% complete.
t1_sim:[60940. 59904. 58571.] t2_sim:[61452. 60392. 62195.]
Task is 8.00% complete.
t1_sim:[64205. 65436. 64907.] t2_sim:[60160. 60202. 64547.]
Task is 9.00% complete.
t1_sim:[65820. 64268. 65369.] t2_sim:[66017. 65211. 65203.]
Task is 10.00% complete.
t1_sim:[69372. 68947. 67951.] t2_sim:[69488. 67892. 68683.]
Task is 11.00% complete.
t1_sim:[56488. 56016. 57310.] t2_sim:[57107. 56913. 58425.]
Task is 12.00% complete.
t1_sim:[61504. 59850. 61632.] t2_sim:[61416. 62304. 60841.]
Task is 13.00% complete.
t1_sim:[64922. 64594. 65151.] t2_sim:[61001. 62352. 62289.]
Task is 14.00% complete.
t1_sim:[59705. 60393. 60442.] t2_sim:[63602. 64860. 65588.]
Task is 15.00% complete.
t1_sim:[62697. 62809. 63774.] t2_sim:[57273. 59734. 60580.]
Task is 16.00% complete.
t1_sim:[63582. 63292. 62389.] t2_sim:[59286. 58573. 60095.]
Task is 17.00% complete.
t1_sim:[59812. 61210. 61392.] t2_sim:[64112. 62642. 60564.]
Task is 18.00% complete.
t1_sim:[61456. 60213. 59691.] t2_sim:[60461. 61590. 64419.]
Task is 19.00% complete.
t1_sim:[60801. 60491. 60138.] t2_sim:[62051. 62809. 64323.]
Task is 20.00% complete.
t1_sim:[65598. 64873. 65719.] t2_sim:[66127. 65321. 65516.]
Task is 21.00% complete.
t1_sim:[61438. 62368. 62482.] t2_sim:[62363. 62083. 62281.]
Task is 22.00% complete.
t1_sim:[63761. 65183. 64764.] t2_sim:[62465. 61917. 62983.]
Task is 23.00% complete.
t1_sim:[61075. 61209. 61225.] t2_sim:[65825. 65912. 66566.]
Task is 24.00% complete.
t1_sim:[63477. 64951. 64949.] t2_sim:[63497. 63451. 63574.]
Task is 25.00% complete.
t1_sim:[61636. 59714. 61174.] t2_sim:[64370. 65308. 65138.]
Task is 26.00% complete.
t1_sim:[62425. 63243. 62849.] t2_sim:[64650. 64629. 63792.]
Task is 27.00% complete.
t1_sim:[61548. 64328. 64698.] t2_sim:[60408. 62365. 62930.]
Task is 28.00% complete.
t1_sim:[62405. 60777. 61568.] t2_sim:[64170. 65158. 64749.]
Task is 29.00% complete.
t1_sim:[64262. 63713. 65211.] t2_sim:[60664. 61245. 60772.]
Task is 30.00% complete.
t1_sim:[59762. 61078. 62058.] t2_sim:[63689. 65315. 64591.]
Task is 31.00% complete.
t1_sim:[60837. 60091. 61074.] t2_sim:[65181. 64047. 64066.]
Task is 32.00% complete.
t1_sim:[65450. 67076. 66283.] t2_sim:[64333. 65033. 65052.]
Task is 33.00% complete.
t1_sim:[64446. 66027. 67172.] t2_sim:[64146. 63923. 64963.]
Task is 34.00% complete.
t1_sim:[63410. 63434. 61346.] t2_sim:[67017. 67541. 65944.]
Task is 35.00% complete.
t1_sim:[65334. 66327. 67669.] t2_sim:[65939. 64491. 64335.]
Task is 36.00% complete.
t1_sim:[62681. 63173. 60555.] t2_sim:[60264. 61153. 61416.]
Task is 37.00% complete.
t1_sim:[62849. 62662. 62928.] t2_sim:[66863. 66788. 65214.]
Task is 38.00% complete.
t1_sim:[61368. 61616. 60786.] t2_sim:[66297. 66318. 66230.]
Task is 39.00% complete.
t1_sim:[61578. 62280. 61437.] t2_sim:[58987. 58581. 59885.]
Task is 40.00% complete.
t1_sim:[59132. 59596. 58867.] t2_sim:[69710. 70014. 69978.]
Task is 41.00% complete.
t1_sim:[65103. 65775. 65807.] t2_sim:[61717. 61324. 62190.]
Task is 42.00% complete.
t1_sim:[65724. 64380. 64177.] t2_sim:[61304. 62514. 62568.]
Task is 43.00% complete.
t1_sim:[63826. 62379. 61515.] t2_sim:[61900. 61563. 61728.]
Task is 44.00% complete.
t1_sim:[57448. 58120. 57582.] t2_sim:[59141. 58348. 59811.]
Task is 45.00% complete.
t1_sim:[64317. 66496. 65504.] t2_sim:[59840. 61557. 62452.]
Task is 46.00% complete.
t1_sim:[61649. 62222. 61926.] t2_sim:[65449. 64280. 63891.]
Task is 47.00% complete.
t1_sim:[66259. 65072. 66245.] t2_sim:[61870. 61499. 62870.]
Task is 48.00% complete.
t1_sim:[63982. 63415. 63802.] t2_sim:[66790. 66595. 66775.]
Task is 49.00% complete.
t1_sim:[65420. 65761. 65088.] t2_sim:[63883. 65262. 63422.]
Task is 50.00% complete.
t1_sim:[63358. 62970. 63468.] t2_sim:[65275. 63505. 64541.]
Task is 51.00% complete.
t1_sim:[57204. 57853. 56904.] t2_sim:[61654. 62434. 63034.]
Task is 52.00% complete.
t1_sim:[67207. 68025. 69287.] t2_sim:[67273. 68086. 67843.]
Task is 53.00% complete.
t1_sim:[57356. 57224. 58133.] t2_sim:[66850. 65533. 65165.]
Task is 54.00% complete.
t1_sim:[66513. 66980. 67147.] t2_sim:[65769. 65924. 65355.]
Task is 55.00% complete.
t1_sim:[62334. 61944. 62006.] t2_sim:[63037. 62319. 63837.]
Task is 56.00% complete.
t1_sim:[65348. 67259. 65091.] t2_sim:[64841. 66237. 64697.]
Task is 57.00% complete.
t1_sim:[63735. 63493. 63965.] t2_sim:[63857. 63039. 63785.]
Task is 58.00% complete.
t1_sim:[61201. 59861. 60062.] t2_sim:[58034. 59342. 57698.]
Task is 59.00% complete.
t1_sim:[62175. 62631. 62892.] t2_sim:[69344. 68069. 68276.]
Task is 60.00% complete.
t1_sim:[65569. 65611. 66129.] t2_sim:[63075. 62378. 63687.]
Task is 61.00% complete.
t1_sim:[56386. 56159. 56420.] t2_sim:[63148. 60801. 60952.]
Task is 62.00% complete.
t1_sim:[63010. 65140. 65094.] t2_sim:[54311. 53018. 53450.]
Task is 63.00% complete.
t1_sim:[63614. 64007. 64660.] t2_sim:[64151. 64469. 65507.]
Task is 64.00% complete.
t1_sim:[64612. 66012. 67423.] t2_sim:[54975. 58373. 58588.]
Task is 65.00% complete.
t1_sim:[64671. 63686. 65618.] t2_sim:[61243. 61197. 61078.]
Task is 66.00% complete.
t1_sim:[64111. 65372. 64180.] t2_sim:[63715. 64269. 63267.]
Task is 67.00% complete.
t1_sim:[60626. 61268. 60100.] t2_sim:[63138. 63650. 65186.]
Task is 68.00% complete.
t1_sim:[68383. 67979. 68859.] t2_sim:[60573. 61260. 61980.]
Task is 69.00% complete.
t1_sim:[63109. 63659. 65034.] t2_sim:[61715. 61075. 62243.]
Task is 70.00% complete.
t1_sim:[62473. 60676. 59537.] t2_sim:[57990. 57538. 58261.]
Task is 71.00% complete.
t1_sim:[63632. 62802. 64192.] t2_sim:[61307. 61598. 62168.]
Task is 72.00% complete.
t1_sim:[53351. 52858. 52831.] t2_sim:[64059. 63206. 63081.]
Task is 73.00% complete.
t1_sim:[66165. 66072. 65265.] t2_sim:[66553. 65891. 64812.]
Task is 74.00% complete.
t1_sim:[61135. 62182. 62689.] t2_sim:[66185. 68042. 68074.]
Task is 75.00% complete.
t1_sim:[61258. 61443. 61660.] t2_sim:[58371. 58905. 58043.]
Task is 76.00% complete.
t1_sim:[63522. 64927. 64134.] t2_sim:[65871. 65661. 66768.]
Task is 77.00% complete.
t1_sim:[67769. 67698. 68888.] t2_sim:[62978. 63534. 63348.]
Task is 78.00% complete.
t1_sim:[62472. 60750. 62229.] t2_sim:[60196. 60295. 59595.]
Task is 79.00% complete.
t1_sim:[67660. 66685. 67153.] t2_sim:[61248. 59012. 60618.]
Task is 80.00% complete.
t1_sim:[68929. 67702. 67059.] t2_sim:[65750. 65445. 65477.]
Task is 81.00% complete.
t1_sim:[63604. 64991. 65080.] t2_sim:[60890. 62864. 63878.]
Task is 82.00% complete.
t1_sim:[62522. 63561. 63809.] t2_sim:[68394. 68253. 66461.]
Task is 83.00% complete.
t1_sim:[64589. 65044. 63115.] t2_sim:[60082. 59844. 60430.]
Task is 84.00% complete.
t1_sim:[58654. 59237. 59082.] t2_sim:[62681. 61917. 61057.]
Task is 85.00% complete.
t1_sim:[67397. 67730. 68805.] t2_sim:[53592. 54695. 54716.]
Task is 86.00% complete.
t1_sim:[64087. 63281. 63486.] t2_sim:[60500. 61004. 59999.]
Task is 87.00% complete.
t1_sim:[65168. 63345. 62561.] t2_sim:[63026. 65197. 65053.]
Task is 88.00% complete.
t1_sim:[58737. 59341. 58993.] t2_sim:[58625. 60490. 60650.]
Task is 89.00% complete.
t1_sim:[64410. 65101. 65013.] t2_sim:[68088. 67356. 66335.]
Task is 90.00% complete.
t1_sim:[61982. 59917. 60371.] t2_sim:[63600. 63284. 63609.]
Task is 91.00% complete.
t1_sim:[66079. 65895. 65843.] t2_sim:[57415. 59404. 60335.]
Task is 92.00% complete.
t1_sim:[65858. 65675. 63905.] t2_sim:[70901. 69625. 67934.]
Task is 93.00% complete.
t1_sim:[65735. 65537. 65446.] t2_sim:[57343. 55050. 55863.]
Task is 94.00% complete.
t1_sim:[63763. 64815. 65577.] t2_sim:[63969. 63495. 66566.]
Task is 95.00% complete.
t1_sim:[54608. 53846. 54664.] t2_sim:[66163. 65357. 63508.]
Task is 96.00% complete.
t1_sim:[62022. 61530. 62601.] t2_sim:[55337. 56207. 54066.]
Task is 97.00% complete.
t1_sim:[58125. 57422. 58354.] t2_sim:[60513. 61920. 63004.]
Task is 98.00% complete.
t1_sim:[58405. 59103. 59147.] t2_sim:[58865. 57577. 58069.]
Task is 99.00% complete.
t1_sim:[62585. 63711. 65271.] t2_sim:[62694. 62864. 64081.]
Training start
t1_obs:[array(93988.), array(81412.), array(72873.)] t2_obs:[array(86223.), array(69599.), array(65215.)]
corr_G1:[None, None, 0.0810790029997155] corr_G2:[None, None, 0.005905687948500614]
Training end
Task is 0.00% complete.
t1_sim:[61224. 63015. 63508.] t2_sim:[61034. 60552. 57719.]
Task is 1.00% complete.
t1_sim:[59767. 61898. 62586.] t2_sim:[62803. 61706. 61742.]
Task is 2.00% complete.
t1_sim:[60854. 60481. 61886.] t2_sim:[63138. 63169. 59600.]
Task is 3.00% complete.
t1_sim:[62161. 60621. 61194.] t2_sim:[62812. 63029. 61065.]
Task is 4.00% complete.
t1_sim:[59256. 58853. 59570.] t2_sim:[66344. 67423. 64474.]
Task is 5.00% complete.
t1_sim:[57442. 58789. 60045.] t2_sim:[59203. 60564. 57767.]
Task is 6.00% complete.
t1_sim:[63235. 61374. 59385.] t2_sim:[63937. 63958. 60026.]
Task is 7.00% complete.
t1_sim:[60645. 58924. 61419.] t2_sim:[59595. 59554. 57197.]
Task is 8.00% complete.
t1_sim:[61846. 62837. 63469.] t2_sim:[60809. 61478. 60935.]
Task is 9.00% complete.
t1_sim:[64319. 64280. 64381.] t2_sim:[63292. 63589. 61169.]
Task is 10.00% complete.
t1_sim:[63278. 64279. 63728.] t2_sim:[59353. 59295. 58955.]
Task is 11.00% complete.
t1_sim:[60178. 61539. 60002.] t2_sim:[64690. 64831. 63581.]
Task is 12.00% complete.
t1_sim:[60292. 60012. 61085.] t2_sim:[59264. 60662. 58278.]
Task is 13.00% complete.
t1_sim:[60037. 60004. 59710.] t2_sim:[62460. 61013. 57750.]
Task is 14.00% complete.
t1_sim:[60512. 60993. 62864.] t2_sim:[64869. 65415. 64259.]
Task is 15.00% complete.
t1_sim:[59862. 61880. 64327.] t2_sim:[59663. 61738. 60287.]
Task is 16.00% complete.
t1_sim:[57512. 59886. 60380.] t2_sim:[62976. 64321. 61878.]
Task is 17.00% complete.
t1_sim:[65241. 64576. 63853.] t2_sim:[58945. 60321. 56676.]
Task is 18.00% complete.
t1_sim:[64298. 63707. 63079.] t2_sim:[61178. 62013. 62056.]
Task is 19.00% complete.
t1_sim:[63693. 65811. 64867.] t2_sim:[68388. 69271. 67507.]
Task is 20.00% complete.
t1_sim:[60282. 61306. 61165.] t2_sim:[66257. 66249. 63506.]
Task is 21.00% complete.
t1_sim:[67983. 67134. 66796.] t2_sim:[65027. 63312. 61457.]
Task is 22.00% complete.
t1_sim:[67980. 68794. 69468.] t2_sim:[63686. 63824. 61487.]
Task is 23.00% complete.
t1_sim:[60896. 60924. 60698.] t2_sim:[63495. 62200. 59189.]
Task is 24.00% complete.
t1_sim:[57487. 57988. 58127.] t2_sim:[62368. 62604. 60561.]
Task is 25.00% complete.
t1_sim:[65198. 66033. 65528.] t2_sim:[62065. 59728. 57996.]
Task is 26.00% complete.
t1_sim:[68283. 68339. 67972.] t2_sim:[65124. 65765. 63649.]
Task is 27.00% complete.
t1_sim:[66921. 65312. 64141.] t2_sim:[63587. 64431. 61541.]
Task is 28.00% complete.
t1_sim:[60688. 60228. 58381.] t2_sim:[53087. 54085. 53128.]
Task is 29.00% complete.
t1_sim:[65132. 64564. 64417.] t2_sim:[66538. 65857. 65731.]
Task is 30.00% complete.
t1_sim:[62349. 62578. 63183.] t2_sim:[63703. 62663. 59677.]
Task is 31.00% complete.
t1_sim:[64878. 64474. 64674.] t2_sim:[65624. 63307. 63256.]
Task is 32.00% complete.
t1_sim:[61324. 64009. 64245.] t2_sim:[61311. 61807. 59217.]
Task is 33.00% complete.
t1_sim:[65696. 65801. 63686.] t2_sim:[57185. 57965. 56331.]
Task is 34.00% complete.
t1_sim:[57967. 57560. 58317.] t2_sim:[63223. 62050. 62094.]
Task is 35.00% complete.
t1_sim:[63799. 64510. 62640.] t2_sim:[63327. 62098. 60035.]
Task is 36.00% complete.
t1_sim:[58348. 58095. 60514.] t2_sim:[65359. 66052. 65781.]
Task is 37.00% complete.
t1_sim:[58914. 60495. 61252.] t2_sim:[64552. 64935. 62017.]
Task is 38.00% complete.
t1_sim:[59073. 60817. 61033.] t2_sim:[61908. 63722. 62990.]
Task is 39.00% complete.
t1_sim:[65630. 66760. 65368.] t2_sim:[65353. 64510. 64041.]
Task is 40.00% complete.
t1_sim:[68033. 66968. 66173.] t2_sim:[67196. 68547. 68028.]
Task is 41.00% complete.
t1_sim:[59988. 61130. 64135.] t2_sim:[65084. 65526. 62631.]
Task is 42.00% complete.
t1_sim:[64103. 62399. 63040.] t2_sim:[59589. 58912. 56495.]
Task is 43.00% complete.
t1_sim:[61534. 61051. 58378.] t2_sim:[58622. 60267. 59573.]
Task is 44.00% complete.
t1_sim:[64861. 63247. 62187.] t2_sim:[63451. 61597. 60154.]
Task is 45.00% complete.
t1_sim:[61371. 61328. 59750.] t2_sim:[58624. 59535. 60150.]
Task is 46.00% complete.
t1_sim:[65709. 64827. 66137.] t2_sim:[62663. 61933. 59923.]
Task is 47.00% complete.
t1_sim:[57024. 56003. 55014.] t2_sim:[66162. 67726. 64579.]
Task is 48.00% complete.
t1_sim:[62749. 63925. 62179.] t2_sim:[59755. 61083. 59333.]
Task is 49.00% complete.
t1_sim:[63094. 62698. 62681.] t2_sim:[60764. 62920. 59820.]
Task is 50.00% complete.
t1_sim:[57068. 55874. 59672.] t2_sim:[61548. 61587. 61099.]
Task is 51.00% complete.
t1_sim:[64860. 64349. 62627.] t2_sim:[61188. 62439. 59542.]
Task is 52.00% complete.
t1_sim:[63727. 61246. 63378.] t2_sim:[63201. 62097. 61157.]
Task is 53.00% complete.
t1_sim:[67151. 66658. 66684.] t2_sim:[61940. 60411. 59922.]
Task is 54.00% complete.
t1_sim:[62063. 63333. 64704.] t2_sim:[60442. 61984. 60620.]
Task is 55.00% complete.
t1_sim:[66458. 66451. 66611.] t2_sim:[63308. 62471. 59808.]
Task is 56.00% complete.
t1_sim:[65059. 66253. 64513.] t2_sim:[60722. 62628. 61161.]
Task is 57.00% complete.
t1_sim:[61838. 62909. 63709.] t2_sim:[61319. 61090. 58741.]
Task is 58.00% complete.
t1_sim:[64806. 64563. 65060.] t2_sim:[64358. 63919. 63206.]
Task is 59.00% complete.
t1_sim:[65640. 66113. 62465.] t2_sim:[64043. 63952. 65224.]
Task is 60.00% complete.
t1_sim:[57680. 57690. 57830.] t2_sim:[66659. 65267. 62567.]
Task is 61.00% complete.
t1_sim:[58481. 60679. 60411.] t2_sim:[63659. 62062. 61852.]
Task is 62.00% complete.
t1_sim:[57240. 57264. 58296.] t2_sim:[60649. 61575. 60253.]
Task is 63.00% complete.
t1_sim:[63525. 62413. 61817.] t2_sim:[61851. 61650. 59669.]
Task is 64.00% complete.
t1_sim:[61789. 62713. 62753.] t2_sim:[57735. 59503. 59731.]
Task is 65.00% complete.
t1_sim:[64236. 64170. 63789.] t2_sim:[63458. 61969. 60214.]
Task is 66.00% complete.
t1_sim:[64532. 64473. 65379.] t2_sim:[64897. 64555. 64899.]
Task is 67.00% complete.
t1_sim:[61407. 61718. 63673.] t2_sim:[59980. 62040. 59289.]
Task is 68.00% complete.
t1_sim:[65928. 66122. 65532.] t2_sim:[65809. 65093. 61441.]
Task is 69.00% complete.
t1_sim:[61188. 60447. 59455.] t2_sim:[62461. 63678. 60128.]
Task is 70.00% complete.
t1_sim:[57473. 57487. 56277.] t2_sim:[61647. 59386. 56695.]
Task is 71.00% complete.
t1_sim:[64925. 63944. 64213.] t2_sim:[65065. 66408. 61880.]
Task is 72.00% complete.
t1_sim:[63115. 62767. 65341.] t2_sim:[61933. 63662. 62043.]
Task is 73.00% complete.
t1_sim:[62722. 62654. 62291.] t2_sim:[62377. 62793. 60821.]
Task is 74.00% complete.
t1_sim:[60156. 61501. 59227.] t2_sim:[68181. 69105. 66208.]
Task is 75.00% complete.
t1_sim:[58115. 58616. 58348.] t2_sim:[61934. 62931. 59458.]
Task is 76.00% complete.
t1_sim:[59699. 58016. 57387.] t2_sim:[69090. 68225. 66205.]
Task is 77.00% complete.
t1_sim:[67356. 66391. 65436.] t2_sim:[62888. 62361. 61235.]
Task is 78.00% complete.
t1_sim:[59979. 59339. 59895.] t2_sim:[56252. 56425. 53771.]
Task is 79.00% complete.
t1_sim:[62131. 62892. 64084.] t2_sim:[63220. 60686. 62075.]
Task is 80.00% complete.
t1_sim:[62549. 63165. 61241.] t2_sim:[69529. 69643. 68037.]
Task is 81.00% complete.
t1_sim:[58113. 56676. 57549.] t2_sim:[56727. 58681. 56434.]
Task is 82.00% complete.
t1_sim:[59311. 59679. 59317.] t2_sim:[66177. 69231. 67472.]
Task is 83.00% complete.
t1_sim:[65220. 64924. 64448.] t2_sim:[61827. 62181. 59803.]
Task is 84.00% complete.
t1_sim:[58872. 58597. 56670.] t2_sim:[64911. 63155. 63156.]
Task is 85.00% complete.
t1_sim:[62284. 63598. 63239.] t2_sim:[59504. 60349. 58818.]
Task is 86.00% complete.
t1_sim:[63864. 64439. 64500.] t2_sim:[57040. 57916. 56304.]
Task is 87.00% complete.
t1_sim:[61669. 60886. 61687.] t2_sim:[66271. 62757. 60270.]
Task is 88.00% complete.
t1_sim:[62075. 62714. 64511.] t2_sim:[63834. 64844. 64277.]
Task is 89.00% complete.
t1_sim:[62324. 63566. 62803.] t2_sim:[57037. 55813. 56367.]
Task is 90.00% complete.
t1_sim:[64226. 64561. 64709.] t2_sim:[63372. 63236. 61295.]
Task is 91.00% complete.
t1_sim:[59915. 61189. 61794.] t2_sim:[61412. 62511. 60196.]
Task is 92.00% complete.
t1_sim:[61445. 61870. 61504.] t2_sim:[63070. 62984. 60761.]
Task is 93.00% complete.
t1_sim:[65121. 65642. 64918.] t2_sim:[60484. 59936. 59194.]
Task is 94.00% complete.
t1_sim:[58923. 59859. 61436.] t2_sim:[64001. 65207. 63024.]
Task is 95.00% complete.
t1_sim:[59705. 61095. 61306.] t2_sim:[64371. 64594. 62873.]
Task is 96.00% complete.
t1_sim:[64675. 65075. 65653.] t2_sim:[59688. 57765. 59462.]
Task is 97.00% complete.
t1_sim:[61720. 60638. 59026.] t2_sim:[65062. 64841. 62480.]
Task is 98.00% complete.
t1_sim:[63742. 63415. 63355.] t2_sim:[64173. 63344. 60098.]
Task is 99.00% complete.
t1_sim:[61862. 61510. 63429.] t2_sim:[57832. 58366. 56091.]
Finished
