Begin
Training start
t1_obs:[array(91029.), array(81126.), array(66046.)] t2_obs:[array(94205.), array(85772.), array(66804.)]
corr_G1:[None, None, 0] corr_G2:[None, None, 0]
Training end
Task is 0.00% complete.
t1_sim:[63372. 62167. 63174.] t2_sim:[60381. 60471. 58526.]
Task is 1.00% complete.
t1_sim:[67647. 66778. 65873.] t2_sim:[61403. 60752. 59342.]
Task is 2.00% complete.
t1_sim:[55864. 55258. 57443.] t2_sim:[65158. 64316. 63123.]
Task is 3.00% complete.
t1_sim:[59809. 60771. 60336.] t2_sim:[67320. 66936. 67701.]
Task is 4.00% complete.
t1_sim:[59755. 59253. 59927.] t2_sim:[66980. 65308. 66043.]
Task is 5.00% complete.
t1_sim:[58852. 58782. 62702.] t2_sim:[58187. 60264. 59126.]
Task is 6.00% complete.
t1_sim:[65781. 66879. 64244.] t2_sim:[59833. 61807. 61666.]
Task is 7.00% complete.
t1_sim:[62286. 61523. 64454.] t2_sim:[64596. 63912. 65235.]
Task is 8.00% complete.
t1_sim:[65052. 65037. 66194.] t2_sim:[61930. 61013. 63214.]
Task is 9.00% complete.
t1_sim:[60487. 61821. 62533.] t2_sim:[60784. 62482. 61272.]
Task is 10.00% complete.
t1_sim:[65298. 64844. 63200.] t2_sim:[63283. 61640. 64225.]
Task is 11.00% complete.
t1_sim:[62002. 63281. 63421.] t2_sim:[60714. 59094. 61585.]
Task is 12.00% complete.
t1_sim:[60360. 60410. 63624.] t2_sim:[63367. 63824. 65716.]
Task is 13.00% complete.
t1_sim:[61382. 61088. 57789.] t2_sim:[66832. 66020. 66922.]
Task is 14.00% complete.
t1_sim:[58756. 59441. 59051.] t2_sim:[62386. 62526. 65685.]
Task is 15.00% complete.
t1_sim:[65111. 66489. 65038.] t2_sim:[62028. 61888. 62357.]
Task is 16.00% complete.
t1_sim:[58303. 58961. 58289.] t2_sim:[64178. 65163. 62587.]
Task is 17.00% complete.
t1_sim:[55994. 57072. 57460.] t2_sim:[55226. 54383. 56135.]
Task is 18.00% complete.
t1_sim:[58798. 59187. 57922.] t2_sim:[64316. 62811. 63252.]
Task is 19.00% complete.
t1_sim:[58933. 58229. 57559.] t2_sim:[64968. 65519. 63724.]
Task is 20.00% complete.
t1_sim:[59475. 59840. 59477.] t2_sim:[60719. 60807. 59157.]
Task is 21.00% complete.
t1_sim:[62457. 61191. 60596.] t2_sim:[60848. 60475. 60708.]
Task is 22.00% complete.
t1_sim:[64771. 65027. 63122.] t2_sim:[59381. 59677. 60387.]
Task is 23.00% complete.
t1_sim:[63575. 63899. 64448.] t2_sim:[60664. 61013. 60059.]
Task is 24.00% complete.
t1_sim:[61919. 61904. 59290.] t2_sim:[59888. 59980. 60027.]
Task is 25.00% complete.
t1_sim:[63491. 64558. 63410.] t2_sim:[68341. 69446. 66617.]
Task is 26.00% complete.
t1_sim:[66066. 66559. 65762.] t2_sim:[58210. 57311. 62124.]
Task is 27.00% complete.
t1_sim:[64336. 64763. 66720.] t2_sim:[61609. 60933. 63131.]
Task is 28.00% complete.
t1_sim:[60134. 59397. 57547.] t2_sim:[57974. 57432. 57229.]
Task is 29.00% complete.
t1_sim:[61042. 61467. 60699.] t2_sim:[64538. 64172. 68343.]
Task is 30.00% complete.
t1_sim:[59566. 58199. 60269.] t2_sim:[59040. 58506. 57695.]
Task is 31.00% complete.
t1_sim:[70153. 69407. 66763.] t2_sim:[65758. 66034. 67362.]
Task is 32.00% complete.
t1_sim:[56710. 56472. 57832.] t2_sim:[61090. 60859. 59238.]
Task is 33.00% complete.
t1_sim:[58098. 59796. 60848.] t2_sim:[61143. 61321. 62831.]
Task is 34.00% complete.
t1_sim:[63078. 64339. 63055.] t2_sim:[56523. 57776. 60573.]
Task is 35.00% complete.
t1_sim:[63956. 63381. 64835.] t2_sim:[68424. 68742. 67160.]
Task is 36.00% complete.
t1_sim:[64252. 64110. 63060.] t2_sim:[64198. 64225. 66867.]
Task is 37.00% complete.
t1_sim:[66750. 66226. 68052.] t2_sim:[60398. 60412. 61477.]
Task is 38.00% complete.
t1_sim:[67265. 67454. 66292.] t2_sim:[67179. 67055. 65893.]
Task is 39.00% complete.
t1_sim:[60819. 61206. 58515.] t2_sim:[65328. 64024. 64914.]
Task is 40.00% complete.
t1_sim:[69865. 70807. 65853.] t2_sim:[61602. 61230. 60369.]
Task is 41.00% complete.
t1_sim:[63665. 63331. 63964.] t2_sim:[63673. 63429. 60108.]
Task is 42.00% complete.
t1_sim:[58396. 58760. 57480.] t2_sim:[65058. 65466. 68021.]
Task is 43.00% complete.
t1_sim:[59780. 60449. 60567.] t2_sim:[60434. 61664. 60033.]
Task is 44.00% complete.
t1_sim:[56002. 55388. 55760.] t2_sim:[61763. 61766. 63016.]
Task is 45.00% complete.
t1_sim:[65759. 64533. 62492.] t2_sim:[65587. 65667. 68186.]
Task is 46.00% complete.
t1_sim:[63652. 64459. 64176.] t2_sim:[61957. 62293. 61449.]
Task is 47.00% complete.
t1_sim:[64428. 64850. 60833.] t2_sim:[63132. 62704. 61759.]
Task is 48.00% complete.
t1_sim:[60788. 61842. 59506.] t2_sim:[67860. 67929. 60320.]
Task is 49.00% complete.
t1_sim:[62754. 62056. 62472.] t2_sim:[60424. 60760. 59243.]
Task is 50.00% complete.
t1_sim:[59923. 61303. 59540.] t2_sim:[63780. 62698. 62646.]
Task is 51.00% complete.
t1_sim:[60380. 60941. 62568.] t2_sim:[62842. 63435. 62334.]
Task is 52.00% complete.
t1_sim:[60478. 61338. 63299.] t2_sim:[61763. 61065. 60765.]
Task is 53.00% complete.
t1_sim:[66884. 68041. 66949.] t2_sim:[53768. 54281. 55661.]
Task is 54.00% complete.
t1_sim:[60566. 59858. 57687.] t2_sim:[63324. 63969. 62550.]
Task is 55.00% complete.
t1_sim:[60132. 60696. 59265.] t2_sim:[59288. 58246. 58495.]
Task is 56.00% complete.
t1_sim:[62812. 61714. 60457.] t2_sim:[67035. 66151. 64109.]
Task is 57.00% complete.
t1_sim:[63809. 62367. 64693.] t2_sim:[64453. 64181. 65089.]
Task is 58.00% complete.
t1_sim:[63883. 63857. 63515.] t2_sim:[62055. 60428. 58982.]
Task is 59.00% complete.
t1_sim:[60489. 60927. 62127.] t2_sim:[61355. 62088. 66045.]
Task is 60.00% complete.
t1_sim:[61359. 60345. 62338.] t2_sim:[65689. 65480. 64282.]
Task is 61.00% complete.
t1_sim:[62294. 63751. 64632.] t2_sim:[63335. 63623. 61291.]
Task is 62.00% complete.
t1_sim:[60151. 61316. 61428.] t2_sim:[64951. 64114. 62388.]
Task is 63.00% complete.
t1_sim:[59259. 58689. 56331.] t2_sim:[62153. 61831. 61425.]
Task is 64.00% complete.
t1_sim:[63802. 64353. 62383.] t2_sim:[62404. 61407. 60807.]
Task is 65.00% complete.
t1_sim:[65971. 66676. 68070.] t2_sim:[65828. 64290. 64725.]
Task is 66.00% complete.
t1_sim:[60046. 59555. 62196.] t2_sim:[64590. 64884. 66313.]
Task is 67.00% complete.
t1_sim:[68181. 67585. 65917.] t2_sim:[64493. 66163. 65655.]
Task is 68.00% complete.
t1_sim:[67543. 65908. 62476.] t2_sim:[58020. 56929. 55446.]
Task is 69.00% complete.
t1_sim:[67206. 65705. 62847.] t2_sim:[64327. 64078. 63194.]
Task is 70.00% complete.
t1_sim:[61444. 61116. 64233.] t2_sim:[66912. 67705. 64889.]
Task is 71.00% complete.
t1_sim:[62287. 62330. 61381.] t2_sim:[61043. 62324. 60946.]
Task is 72.00% complete.
t1_sim:[60520. 59432. 59330.] t2_sim:[62139. 61671. 60932.]
Task is 73.00% complete.
t1_sim:[62006. 61725. 60613.] t2_sim:[59209. 59177. 58353.]
Task is 74.00% complete.
t1_sim:[64479. 63760. 61480.] t2_sim:[60756. 61814. 62628.]
Task is 75.00% complete.
t1_sim:[59835. 59449. 57798.] t2_sim:[61557. 60028. 57923.]
Task is 76.00% complete.
t1_sim:[63912. 63950. 68024.] t2_sim:[63498. 63805. 66473.]
Task is 77.00% complete.
t1_sim:[64585. 63953. 66812.] t2_sim:[64735. 65225. 67036.]
Task is 78.00% complete.
t1_sim:[59052. 58889. 59768.] t2_sim:[64079. 63239. 63955.]
Task is 79.00% complete.
t1_sim:[63426. 63382. 63616.] t2_sim:[67273. 65174. 66397.]
Task is 80.00% complete.
t1_sim:[64194. 65985. 69901.] t2_sim:[60243. 59392. 58260.]
Task is 81.00% complete.
t1_sim:[59104. 58788. 60205.] t2_sim:[60020. 59806. 59422.]
Task is 82.00% complete.
t1_sim:[61735. 61259. 60057.] t2_sim:[64251. 64528. 64793.]
Task is 83.00% complete.
t1_sim:[62501. 62690. 63612.] t2_sim:[64151. 64001. 66980.]
Task is 84.00% complete.
t1_sim:[62699. 62695. 61221.] t2_sim:[65382. 65882. 66156.]
Task is 85.00% complete.
t1_sim:[66962. 66240. 63828.] t2_sim:[62258. 61865. 59719.]
Task is 86.00% complete.
t1_sim:[65346. 64540. 64454.] t2_sim:[64153. 65633. 66902.]
Task is 87.00% complete.
t1_sim:[61943. 62028. 60176.] t2_sim:[62115. 61685. 65440.]
Task is 88.00% complete.
t1_sim:[63645. 63147. 63161.] t2_sim:[56712. 58310. 56686.]
Task is 89.00% complete.
t1_sim:[66279. 65752. 65265.] t2_sim:[65684. 65843. 65784.]
Task is 90.00% complete.
t1_sim:[66948. 68220. 67727.] t2_sim:[57768. 57888. 60274.]
Task is 91.00% complete.
t1_sim:[65138. 64518. 65392.] t2_sim:[57801. 58194. 59464.]
Task is 92.00% complete.
t1_sim:[60224. 61409. 58529.] t2_sim:[57788. 57677. 59100.]
Task is 93.00% complete.
t1_sim:[58757. 58345. 60785.] t2_sim:[62614. 60663. 61344.]
Task is 94.00% complete.
t1_sim:[63916. 64918. 61837.] t2_sim:[62400. 62819. 62837.]
Task is 95.00% complete.
t1_sim:[65592. 64496. 62271.] t2_sim:[63998. 64037. 62040.]
Task is 96.00% complete.
t1_sim:[61779. 63268. 59791.] t2_sim:[67517. 66249. 67832.]
Task is 97.00% complete.
t1_sim:[58827. 58971. 61107.] t2_sim:[64558. 63901. 60722.]
Task is 98.00% complete.
t1_sim:[59842. 62030. 57523.] t2_sim:[63004. 63096. 64450.]
Task is 99.00% complete.
t1_sim:[68290. 67913. 67410.] t2_sim:[61493. 61752. 62536.]
Training start
t1_obs:[array(91029.), array(81126.), array(71546.)] t2_obs:[array(94205.), array(85772.), array(74289.)]
corr_G1:[None, None, 0.9088105430456359] corr_G2:[None, None, 0.949439581989582]
Training end
Task is 0.00% complete.
t1_sim:[69952. 69405. 70359.] t2_sim:[66234. 66619. 66187.]
Task is 1.00% complete.
t1_sim:[65577. 65336. 65918.] t2_sim:[66263. 64087. 64547.]
Task is 2.00% complete.
t1_sim:[64049. 65894. 65601.] t2_sim:[60553. 60000. 59769.]
Task is 3.00% complete.
t1_sim:[63808. 61867. 62579.] t2_sim:[62276. 62385. 60292.]
Task is 4.00% complete.
t1_sim:[66308. 65834. 65811.] t2_sim:[66727. 65973. 66831.]
Task is 5.00% complete.
t1_sim:[61799. 63012. 63670.] t2_sim:[64036. 65037. 64883.]
Task is 6.00% complete.
t1_sim:[62777. 63190. 62505.] t2_sim:[63993. 63084. 61058.]
Task is 7.00% complete.
t1_sim:[63774. 65279. 67580.] t2_sim:[66543. 65425. 64800.]
Task is 8.00% complete.
t1_sim:[64045. 63198. 64303.] t2_sim:[66566. 66024. 66520.]
Task is 9.00% complete.
t1_sim:[66968. 67745. 68075.] t2_sim:[69513. 71022. 70587.]
Task is 10.00% complete.
t1_sim:[60797. 62572. 64323.] t2_sim:[60158. 60755. 60856.]
Task is 11.00% complete.
t1_sim:[62593. 62491. 61901.] t2_sim:[63856. 63104. 62813.]
Task is 12.00% complete.
t1_sim:[58283. 58946. 60111.] t2_sim:[63999. 62657. 61864.]
Task is 13.00% complete.
t1_sim:[58290. 58839. 59535.] t2_sim:[63689. 64029. 64129.]
Task is 14.00% complete.
t1_sim:[59363. 58906. 59131.] t2_sim:[66226. 67059. 65524.]
Task is 15.00% complete.
t1_sim:[70301. 70836. 70401.] t2_sim:[60083. 58101. 58424.]
Task is 16.00% complete.
t1_sim:[56391. 55741. 56557.] t2_sim:[60352. 59555. 58182.]
Task is 17.00% complete.
t1_sim:[69949. 68841. 67660.] t2_sim:[60345. 61337. 60193.]
Task is 18.00% complete.
t1_sim:[61854. 62576. 63245.] t2_sim:[65982. 65455. 64781.]
Task is 19.00% complete.
t1_sim:[59037. 60678. 61547.] t2_sim:[58695. 57874. 58806.]
Task is 20.00% complete.
t1_sim:[62449. 62193. 62391.] t2_sim:[61174. 61242. 61970.]
Task is 21.00% complete.
t1_sim:[59836. 59797. 61121.] t2_sim:[61125. 59993. 61231.]
Task is 22.00% complete.
t1_sim:[63639. 64062. 63482.] t2_sim:[59106. 59245. 60301.]
Task is 23.00% complete.
t1_sim:[62630. 61687. 61377.] t2_sim:[62219. 63682. 64143.]
Task is 24.00% complete.
t1_sim:[66804. 65599. 65880.] t2_sim:[59864. 59570. 59987.]
Task is 25.00% complete.
t1_sim:[58027. 57098. 56655.] t2_sim:[63673. 64585. 65548.]
Task is 26.00% complete.
t1_sim:[65379. 65526. 66545.] t2_sim:[58153. 57624. 60057.]
Task is 27.00% complete.
t1_sim:[63052. 62335. 61224.] t2_sim:[62185. 62662. 62880.]
Task is 28.00% complete.
t1_sim:[61377. 61066. 61684.] t2_sim:[64570. 64231. 65232.]
Task is 29.00% complete.
t1_sim:[63713. 64149. 62531.] t2_sim:[63070. 63292. 63680.]
Task is 30.00% complete.
t1_sim:[65094. 63345. 62062.] t2_sim:[61500. 61700. 61086.]
Task is 31.00% complete.
t1_sim:[60640. 60528. 61098.] t2_sim:[61484. 61125. 59596.]
Task is 32.00% complete.
t1_sim:[63579. 63672. 63774.] t2_sim:[59901. 60079. 59715.]
Task is 33.00% complete.
t1_sim:[69903. 68733. 68388.] t2_sim:[59631. 60279. 59231.]
Task is 34.00% complete.
t1_sim:[65525. 65763. 65463.] t2_sim:[64674. 65244. 63914.]
Task is 35.00% complete.
t1_sim:[57864. 59804. 58417.] t2_sim:[64069. 65508. 64228.]
Task is 36.00% complete.
t1_sim:[59798. 59764. 61070.] t2_sim:[63033. 63952. 63134.]
Task is 37.00% complete.
t1_sim:[61702. 61946. 60180.] t2_sim:[71656. 72164. 73339.]
Task is 38.00% complete.
t1_sim:[61822. 61822. 62393.] t2_sim:[58524. 58266. 59341.]
Task is 39.00% complete.
t1_sim:[62456. 62707. 61040.] t2_sim:[60198. 61552. 65467.]
Task is 40.00% complete.
t1_sim:[69417. 69804. 70124.] t2_sim:[63038. 62661. 61589.]
Task is 41.00% complete.
t1_sim:[61032. 61286. 60788.] t2_sim:[68890. 68952. 67136.]
Task is 42.00% complete.
t1_sim:[62928. 63558. 63751.] t2_sim:[60525. 60908. 62099.]
Task is 43.00% complete.
t1_sim:[60404. 60856. 59219.] t2_sim:[63113. 64235. 62254.]
Task is 44.00% complete.
t1_sim:[64002. 63156. 64278.] t2_sim:[63147. 64217. 65488.]
Task is 45.00% complete.
t1_sim:[60609. 61028. 59161.] t2_sim:[60306. 61290. 61431.]
Task is 46.00% complete.
t1_sim:[59712. 61254. 62940.] t2_sim:[63305. 63591. 63005.]
Task is 47.00% complete.
t1_sim:[59175. 58100. 58231.] t2_sim:[61510. 61886. 62416.]
Task is 48.00% complete.
t1_sim:[60415. 60529. 61365.] t2_sim:[59908. 60335. 59423.]
Task is 49.00% complete.
t1_sim:[63319. 63110. 62278.] t2_sim:[57992. 57853. 59610.]
Task is 50.00% complete.
t1_sim:[68458. 68140. 67095.] t2_sim:[59647. 59296. 59482.]
Task is 51.00% complete.
t1_sim:[67424. 67476. 66329.] t2_sim:[67761. 67177. 67734.]
Task is 52.00% complete.
t1_sim:[67614. 69093. 68148.] t2_sim:[63708. 63822. 63471.]
Task is 53.00% complete.
t1_sim:[65378. 65683. 66220.] t2_sim:[60309. 58764. 59810.]
Task is 54.00% complete.
t1_sim:[63649. 64843. 64952.] t2_sim:[58402. 56672. 54765.]
Task is 55.00% complete.
t1_sim:[56764. 57128. 57545.] t2_sim:[62439. 61991. 63303.]
Task is 56.00% complete.
t1_sim:[66491. 66682. 66770.] t2_sim:[59305. 61134. 61457.]
Task is 57.00% complete.
t1_sim:[60083. 60352. 60338.] t2_sim:[66974. 67023. 65569.]
Task is 58.00% complete.
t1_sim:[57688. 58039. 57048.] t2_sim:[60609. 60766. 61982.]
Task is 59.00% complete.
t1_sim:[65554. 64936. 65316.] t2_sim:[62196. 63023. 63637.]
Task is 60.00% complete.
t1_sim:[60016. 59816. 58776.] t2_sim:[60439. 61302. 61180.]
Task is 61.00% complete.
t1_sim:[55943. 55020. 56085.] t2_sim:[64865. 65194. 64953.]
Task is 62.00% complete.
t1_sim:[59614. 59453. 58872.] t2_sim:[60728. 60642. 60542.]
Task is 63.00% complete.
t1_sim:[60008. 61724. 60414.] t2_sim:[59152. 59982. 60844.]
Task is 64.00% complete.
t1_sim:[64550. 64702. 66413.] t2_sim:[66441. 66796. 68524.]
Task is 65.00% complete.
t1_sim:[60902. 59984. 59940.] t2_sim:[62929. 62893. 64225.]
Task is 66.00% complete.
t1_sim:[59636. 59589. 60790.] t2_sim:[63160. 62710. 62735.]
Task is 67.00% complete.
t1_sim:[61982. 62412. 62973.] t2_sim:[66995. 67340. 66763.]
Task is 68.00% complete.
t1_sim:[57725. 58866. 59063.] t2_sim:[61964. 59367. 58588.]
Task is 69.00% complete.
t1_sim:[62878. 61847. 62207.] t2_sim:[62250. 60792. 62194.]
Task is 70.00% complete.
t1_sim:[58442. 58766. 59700.] t2_sim:[67017. 67887. 70323.]
Task is 71.00% complete.
t1_sim:[63778. 63741. 63729.] t2_sim:[61277. 62065. 62304.]
Task is 72.00% complete.
t1_sim:[62093. 62613. 64179.] t2_sim:[64185. 65765. 66809.]
Task is 73.00% complete.
t1_sim:[62675. 63456. 64271.] t2_sim:[61932. 61680. 60673.]
Task is 74.00% complete.
t1_sim:[58671. 59570. 59541.] t2_sim:[62049. 62276. 60704.]
Task is 75.00% complete.
t1_sim:[60596. 61807. 61849.] t2_sim:[65661. 65275. 65755.]
Task is 76.00% complete.
t1_sim:[62281. 61801. 60688.] t2_sim:[58688. 58491. 58723.]
Task is 77.00% complete.
t1_sim:[62923. 62766. 60703.] t2_sim:[61042. 60611. 59152.]
Task is 78.00% complete.
t1_sim:[63190. 62750. 63801.] t2_sim:[65034. 63836. 63140.]
Task is 79.00% complete.
t1_sim:[63203. 62890. 61961.] t2_sim:[60732. 60856. 60773.]
Task is 80.00% complete.
t1_sim:[60833. 61327. 62317.] t2_sim:[62835. 63605. 63261.]
Task is 81.00% complete.
t1_sim:[58818. 55914. 55418.] t2_sim:[66677. 68548. 67914.]
Task is 82.00% complete.
t1_sim:[58083. 57720. 57622.] t2_sim:[62846. 62633. 64514.]
Task is 83.00% complete.
t1_sim:[61806. 61584. 61633.] t2_sim:[63109. 62082. 61812.]
Task is 84.00% complete.
t1_sim:[61020. 61702. 61902.] t2_sim:[59610. 60858. 62229.]
Task is 85.00% complete.
t1_sim:[65430. 66171. 68941.] t2_sim:[63080. 63889. 64124.]
Task is 86.00% complete.
t1_sim:[65308. 66296. 66045.] t2_sim:[57583. 58780. 58914.]
Task is 87.00% complete.
t1_sim:[62703. 62510. 61649.] t2_sim:[63882. 64763. 64954.]
Task is 88.00% complete.
t1_sim:[70366. 70304. 71073.] t2_sim:[65081. 65386. 65469.]
Task is 89.00% complete.
t1_sim:[61066. 61097. 59829.] t2_sim:[70396. 70325. 70764.]
Task is 90.00% complete.
t1_sim:[61109. 59491. 59223.] t2_sim:[63534. 62291. 61474.]
Task is 91.00% complete.
t1_sim:[62213. 61075. 61068.] t2_sim:[64640. 65844. 65189.]
Task is 92.00% complete.
t1_sim:[62353. 61747. 61350.] t2_sim:[65981. 64441. 64304.]
Task is 93.00% complete.
t1_sim:[62194. 62349. 63263.] t2_sim:[62744. 62749. 62130.]
Task is 94.00% complete.
t1_sim:[65995. 65774. 66355.] t2_sim:[70444. 70940. 70103.]
Task is 95.00% complete.
t1_sim:[63323. 62069. 61819.] t2_sim:[58369. 58651. 60162.]
Task is 96.00% complete.
t1_sim:[61928. 61844. 59060.] t2_sim:[66106. 66522. 68571.]
Task is 97.00% complete.
t1_sim:[61640. 60605. 60603.] t2_sim:[66158. 66781. 66948.]
Task is 98.00% complete.
t1_sim:[59847. 60379. 61649.] t2_sim:[65570. 63920. 64003.]
Task is 99.00% complete.
t1_sim:[64510. 63659. 64815.] t2_sim:[65045. 64476. 64894.]
Training start
t1_obs:[array(91029.), array(81126.), array(68999.)] t2_obs:[array(94205.), array(85772.), array(67771.)]
corr_G1:[None, None, 0.12723065955119356] corr_G2:[None, None, 0.21497444906960886]
Training end
Task is 0.00% complete.
t1_sim:[60690. 59284. 56864.] t2_sim:[66754. 66734. 65310.]
Task is 1.00% complete.
t1_sim:[60826. 61516. 57713.] t2_sim:[64242. 64737. 65330.]
Task is 2.00% complete.
t1_sim:[62529. 63002. 61073.] t2_sim:[55370. 54857. 55321.]
Task is 3.00% complete.
t1_sim:[60587. 59858. 57695.] t2_sim:[64885. 64767. 65729.]
Task is 4.00% complete.
t1_sim:[61965. 62502. 62925.] t2_sim:[62785. 61891. 62326.]
Task is 5.00% complete.
t1_sim:[64904. 64027. 59901.] t2_sim:[63893. 63157. 61163.]
Task is 6.00% complete.
t1_sim:[66912. 67259. 66413.] t2_sim:[61589. 59910. 58361.]
Task is 7.00% complete.
t1_sim:[69871. 69369. 67452.] t2_sim:[61407. 62455. 61261.]
Task is 8.00% complete.
t1_sim:[61560. 60729. 58909.] t2_sim:[68530. 68173. 66292.]
Task is 9.00% complete.
t1_sim:[63229. 63135. 62072.] t2_sim:[62936. 62765. 63827.]
Task is 10.00% complete.
t1_sim:[54571. 54160. 53160.] t2_sim:[64709. 65475. 64576.]
Task is 11.00% complete.
t1_sim:[62531. 63150. 60498.] t2_sim:[59224. 59612. 60630.]
Task is 12.00% complete.
t1_sim:[61054. 62342. 57364.] t2_sim:[66752. 66691. 64693.]
Task is 13.00% complete.
t1_sim:[62204. 63157. 60117.] t2_sim:[61123. 61691. 61622.]
Task is 14.00% complete.
t1_sim:[61625. 60488. 57582.] t2_sim:[63234. 62550. 60952.]
Task is 15.00% complete.
t1_sim:[63949. 63798. 61944.] t2_sim:[61129. 59589. 59346.]
Task is 16.00% complete.
t1_sim:[66205. 66086. 63755.] t2_sim:[60393. 61379. 64790.]
Task is 17.00% complete.
t1_sim:[64274. 64724. 63855.] t2_sim:[62564. 63424. 64686.]
Task is 18.00% complete.
t1_sim:[55568. 56315. 54689.] t2_sim:[60861. 59961. 58644.]
Task is 19.00% complete.
t1_sim:[59969. 59706. 58043.] t2_sim:[55193. 55368. 55675.]
Task is 20.00% complete.
t1_sim:[61192. 62194. 61374.] t2_sim:[64364. 63462. 64305.]
Task is 21.00% complete.
t1_sim:[64319. 63728. 61703.] t2_sim:[63704. 64009. 62829.]
Task is 22.00% complete.
t1_sim:[67956. 68547. 64170.] t2_sim:[64688. 65605. 63851.]
Task is 23.00% complete.
t1_sim:[61970. 61007. 59142.] t2_sim:[64768. 64540. 62691.]
Task is 24.00% complete.
t1_sim:[54256. 54571. 52505.] t2_sim:[58211. 58378. 57853.]
Task is 25.00% complete.
t1_sim:[65142. 63939. 62520.] t2_sim:[60117. 59000. 62050.]
Task is 26.00% complete.
t1_sim:[62971. 61697. 59847.] t2_sim:[62760. 64202. 62428.]
Task is 27.00% complete.
t1_sim:[66172. 67339. 64908.] t2_sim:[63893. 63178. 61363.]
Task is 28.00% complete.
t1_sim:[66720. 66780. 63623.] t2_sim:[61000. 61924. 62776.]
Task is 29.00% complete.
t1_sim:[68609. 68321. 66899.] t2_sim:[62025. 62068. 63112.]
Task is 30.00% complete.
t1_sim:[65455. 66977. 64989.] t2_sim:[60457. 60339. 62431.]
Task is 31.00% complete.
t1_sim:[66585. 66557. 64557.] t2_sim:[60910. 61620. 59954.]
Task is 32.00% complete.
t1_sim:[59246. 59670. 58694.] t2_sim:[64541. 64182. 63559.]
Task is 33.00% complete.
t1_sim:[63348. 63037. 61242.] t2_sim:[66152. 66430. 64898.]
Task is 34.00% complete.
t1_sim:[65973. 65683. 62945.] t2_sim:[54872. 55410. 54127.]
Task is 35.00% complete.
t1_sim:[55896. 57002. 55720.] t2_sim:[65519. 64765. 61581.]
Task is 36.00% complete.
t1_sim:[61079. 61002. 58060.] t2_sim:[62912. 61059. 58044.]
Task is 37.00% complete.
t1_sim:[61689. 61183. 58771.] t2_sim:[66711. 66033. 63959.]
Task is 38.00% complete.
t1_sim:[67552. 66544. 65429.] t2_sim:[66814. 66881. 64429.]
Task is 39.00% complete.
t1_sim:[64804. 65065. 64616.] t2_sim:[68352. 68381. 66899.]
Task is 40.00% complete.
t1_sim:[58869. 59500. 59768.] t2_sim:[62419. 62570. 61147.]
Task is 41.00% complete.
t1_sim:[58961. 58992. 60344.] t2_sim:[61655. 60881. 62779.]
Task is 42.00% complete.
t1_sim:[62546. 61628. 59364.] t2_sim:[58684. 58620. 60685.]
Task is 43.00% complete.
t1_sim:[60016. 61157. 61082.] t2_sim:[63106. 63990. 60930.]
Task is 44.00% complete.
t1_sim:[59918. 60293. 56925.] t2_sim:[60192. 59341. 61722.]
Task is 45.00% complete.
t1_sim:[63518. 63830. 61520.] t2_sim:[56628. 56637. 57788.]
Task is 46.00% complete.
t1_sim:[64941. 65231. 65275.] t2_sim:[60391. 61557. 61927.]
Task is 47.00% complete.
t1_sim:[65207. 65054. 63256.] t2_sim:[61211. 61638. 63209.]
Task is 48.00% complete.
t1_sim:[60016. 59689. 59109.] t2_sim:[67320. 67136. 66640.]
Task is 49.00% complete.
t1_sim:[60881. 58956. 56780.] t2_sim:[62137. 62196. 60984.]
Task is 50.00% complete.
t1_sim:[63182. 63340. 63299.] t2_sim:[57835. 60119. 61016.]
Task is 51.00% complete.
t1_sim:[64565. 65078. 62080.] t2_sim:[62157. 60410. 57771.]
Task is 52.00% complete.
t1_sim:[70178. 68452. 63710.] t2_sim:[67367. 67972. 68462.]
Task is 53.00% complete.
t1_sim:[67160. 66788. 63857.] t2_sim:[65300. 65087. 65281.]
Task is 54.00% complete.
t1_sim:[62674. 62483. 60840.] t2_sim:[64107. 63443. 64870.]
Task is 55.00% complete.
t1_sim:[57706. 58942. 57740.] t2_sim:[67231. 66147. 66038.]
Task is 56.00% complete.
t1_sim:[63943. 64225. 61379.] t2_sim:[60187. 60024. 60160.]
Task is 57.00% complete.
t1_sim:[58980. 59164. 60204.] t2_sim:[65066. 64637. 63076.]
Task is 58.00% complete.
t1_sim:[59546. 58494. 56727.] t2_sim:[58950. 57813. 59731.]
Task is 59.00% complete.
t1_sim:[59507. 59849. 56745.] t2_sim:[60825. 60301. 60207.]
Task is 60.00% complete.
t1_sim:[55356. 55876. 54641.] t2_sim:[63119. 64224. 65007.]
Task is 61.00% complete.
t1_sim:[60308. 58714. 57136.] t2_sim:[65690. 66884. 66791.]
Task is 62.00% complete.
t1_sim:[59819. 60681. 59760.] t2_sim:[62785. 62952. 63367.]
Task is 63.00% complete.
t1_sim:[66327. 66937. 65115.] t2_sim:[66318. 66183. 66076.]
Task is 64.00% complete.
t1_sim:[63032. 62478. 61832.] t2_sim:[60585. 61766. 62414.]
Task is 65.00% complete.
t1_sim:[64461. 65322. 61256.] t2_sim:[65836. 67550. 64609.]
Task is 66.00% complete.
t1_sim:[64305. 62802. 62073.] t2_sim:[61186. 59808. 61598.]
Task is 67.00% complete.
t1_sim:[57739. 58608. 56908.] t2_sim:[66750. 66389. 65939.]
Task is 68.00% complete.
t1_sim:[62520. 62612. 61357.] t2_sim:[57387. 57819. 57789.]
Task is 69.00% complete.
t1_sim:[61255. 60220. 56075.] t2_sim:[62333. 63015. 65149.]
Task is 70.00% complete.
t1_sim:[64772. 65500. 63455.] t2_sim:[62930. 63948. 64070.]
Task is 71.00% complete.
t1_sim:[60517. 58722. 56243.] t2_sim:[62142. 63363. 63432.]
Task is 72.00% complete.
t1_sim:[56819. 56546. 54645.] t2_sim:[68136. 66959. 67576.]
Task is 73.00% complete.
t1_sim:[68654. 67444. 64981.] t2_sim:[60965. 61333. 60044.]
Task is 74.00% complete.
t1_sim:[62111. 60374. 58738.] t2_sim:[61858. 61944. 63884.]
Task is 75.00% complete.
t1_sim:[67035. 65632. 65760.] t2_sim:[67479. 66014. 68165.]
Task is 76.00% complete.
t1_sim:[65080. 65968. 64442.] t2_sim:[67620. 68146. 65060.]
Task is 77.00% complete.
t1_sim:[60662. 61071. 60447.] t2_sim:[60690. 60320. 60949.]
Task is 78.00% complete.
t1_sim:[59096. 58622. 58354.] t2_sim:[62912. 62607. 59989.]
Task is 79.00% complete.
t1_sim:[61258. 62114. 61032.] t2_sim:[54158. 54510. 54924.]
Task is 80.00% complete.
t1_sim:[65092. 63693. 60345.] t2_sim:[57337. 57239. 59114.]
Task is 81.00% complete.
t1_sim:[60985. 62274. 61191.] t2_sim:[59781. 59042. 60708.]
Task is 82.00% complete.
t1_sim:[70029. 68492. 65556.] t2_sim:[58407. 59197. 59466.]
Task is 83.00% complete.
t1_sim:[62812. 62474. 58893.] t2_sim:[63721. 62780. 64944.]
Task is 84.00% complete.
t1_sim:[59548. 60847. 59670.] t2_sim:[68745. 68324. 67807.]
Task is 85.00% complete.
t1_sim:[63122. 63205. 61064.] t2_sim:[62760. 63054. 60854.]
Task is 86.00% complete.
t1_sim:[65134. 65442. 62132.] t2_sim:[64732. 64749. 62310.]
Task is 87.00% complete.
t1_sim:[64826. 64140. 62268.] t2_sim:[64805. 64135. 64688.]
Task is 88.00% complete.
t1_sim:[67655. 67869. 64379.] t2_sim:[54127. 53874. 54616.]
Task is 89.00% complete.
t1_sim:[58272. 57812. 57272.] t2_sim:[71060. 70785. 70979.]
Task is 90.00% complete.
t1_sim:[60424. 59027. 56696.] t2_sim:[64950. 65510. 65206.]
Task is 91.00% complete.
t1_sim:[61228. 61013. 59387.] t2_sim:[65371. 66245. 64433.]
Task is 92.00% complete.
t1_sim:[63910. 63594. 63077.] t2_sim:[62982. 61752. 63669.]
Task is 93.00% complete.
t1_sim:[60246. 61287. 58887.] t2_sim:[64014. 64379. 61286.]
Task is 94.00% complete.
t1_sim:[61841. 62316. 61123.] t2_sim:[58927. 59448. 59634.]
Task is 95.00% complete.
t1_sim:[59825. 59245. 56105.] t2_sim:[64237. 64667. 62746.]
Task is 96.00% complete.
t1_sim:[64910. 63152. 61792.] t2_sim:[70094. 68367. 67103.]
Task is 97.00% complete.
t1_sim:[63416. 61354. 59394.] t2_sim:[60937. 59748. 62294.]
Task is 98.00% complete.
t1_sim:[61892. 61436. 60472.] t2_sim:[64077. 64114. 63100.]
Task is 99.00% complete.
t1_sim:[60918. 61900. 59282.] t2_sim:[65446. 65329. 63955.]
Finished
