Begin
Training start
t1_obs:[array(92350.), array(81527.), array(69741.)] t2_obs:[array(91688.), array(81871.), array(66416.)]
corr_G1:[None, None, 0] corr_G2:[None, None, 0]
Training end
Task is 0.00% complete.
t1_sim:[57170. 58466. 58195.] t2_sim:[64006. 62986. 60753.]
Task is 1.00% complete.
t1_sim:[60470. 59469. 61816.] t2_sim:[58615. 58546. 55216.]
Task is 2.00% complete.
t1_sim:[62150. 62953. 61110.] t2_sim:[64577. 64910. 66716.]
Task is 3.00% complete.
t1_sim:[58111. 57726. 60914.] t2_sim:[62490. 63379. 60861.]
Task is 4.00% complete.
t1_sim:[64888. 65470. 63370.] t2_sim:[57720. 57632. 56443.]
Task is 5.00% complete.
t1_sim:[67303. 66445. 67830.] t2_sim:[62247. 62014. 65083.]
Task is 6.00% complete.
t1_sim:[61756. 61609. 63012.] t2_sim:[63255. 63379. 63098.]
Task is 7.00% complete.
t1_sim:[58131. 57011. 55500.] t2_sim:[61004. 61129. 62667.]
Task is 8.00% complete.
t1_sim:[61339. 60742. 63171.] t2_sim:[61298. 61014. 58584.]
Task is 9.00% complete.
t1_sim:[63811. 63884. 63501.] t2_sim:[62387. 62763. 61785.]
Task is 10.00% complete.
t1_sim:[63148. 64033. 64545.] t2_sim:[58853. 60514. 62775.]
Task is 11.00% complete.
t1_sim:[64533. 63516. 63103.] t2_sim:[59331. 59359. 57779.]
Task is 12.00% complete.
t1_sim:[60427. 59541. 60823.] t2_sim:[63336. 64314. 62852.]
Task is 13.00% complete.
t1_sim:[67305. 67622. 64938.] t2_sim:[69934. 70056. 68581.]
Task is 14.00% complete.
t1_sim:[57088. 56824. 57912.] t2_sim:[62007. 62911. 62713.]
Task is 15.00% complete.
t1_sim:[60732. 59580. 62814.] t2_sim:[64740. 65495. 64773.]
Task is 16.00% complete.
t1_sim:[61203. 60848. 62194.] t2_sim:[62275. 62010. 58398.]
Task is 17.00% complete.
t1_sim:[63909. 63796. 66250.] t2_sim:[61767. 61478. 58728.]
Task is 18.00% complete.
t1_sim:[60183. 59753. 58900.] t2_sim:[63472. 63258. 61301.]
Task is 19.00% complete.
t1_sim:[70011. 68427. 69989.] t2_sim:[57467. 57853. 57864.]
Task is 20.00% complete.
t1_sim:[60070. 61154. 60956.] t2_sim:[64062. 64126. 66580.]
Task is 21.00% complete.
t1_sim:[64215. 65110. 63620.] t2_sim:[59250. 59215. 61166.]
Task is 22.00% complete.
t1_sim:[65270. 64506. 61808.] t2_sim:[65108. 65598. 65153.]
Task is 23.00% complete.
t1_sim:[63400. 62995. 62865.] t2_sim:[57864. 57889. 59788.]
Task is 24.00% complete.
t1_sim:[60649. 60221. 57724.] t2_sim:[60931. 62145. 60797.]
Task is 25.00% complete.
t1_sim:[64401. 65480. 65915.] t2_sim:[66666. 65822. 67464.]
Task is 26.00% complete.
t1_sim:[62248. 62352. 62925.] t2_sim:[59977. 58829. 62494.]
Task is 27.00% complete.
t1_sim:[61155. 62428. 61701.] t2_sim:[61990. 63056. 65057.]
Task is 28.00% complete.
t1_sim:[58077. 58546. 59627.] t2_sim:[61641. 62868. 61472.]
Task is 29.00% complete.
t1_sim:[69084. 67475. 67323.] t2_sim:[63146. 60834. 60051.]
Task is 30.00% complete.
t1_sim:[63798. 63634. 64532.] t2_sim:[62487. 62701. 61622.]
Task is 31.00% complete.
t1_sim:[65639. 67141. 65830.] t2_sim:[59813. 60543. 61324.]
Task is 32.00% complete.
t1_sim:[66481. 66433. 62836.] t2_sim:[69151. 68771. 65767.]
Task is 33.00% complete.
t1_sim:[59926. 60457. 58143.] t2_sim:[60174. 57383. 60716.]
Task is 34.00% complete.
t1_sim:[58367. 59625. 59555.] t2_sim:[59038. 59644. 58259.]
Task is 35.00% complete.
t1_sim:[62354. 61370. 65599.] t2_sim:[62429. 64675. 65526.]
Task is 36.00% complete.
t1_sim:[63691. 62814. 64212.] t2_sim:[66395. 66244. 66255.]
Task is 37.00% complete.
t1_sim:[65460. 66116. 64456.] t2_sim:[67969. 67634. 65304.]
Task is 38.00% complete.
t1_sim:[62087. 61382. 64486.] t2_sim:[59461. 59480. 59689.]
Task is 39.00% complete.
t1_sim:[63251. 63080. 59979.] t2_sim:[65044. 66936. 66347.]
Task is 40.00% complete.
t1_sim:[66201. 66653. 65218.] t2_sim:[56311. 56764. 58738.]
Task is 41.00% complete.
t1_sim:[63484. 63176. 65019.] t2_sim:[67648. 67723. 65631.]
Task is 42.00% complete.
t1_sim:[63352. 63067. 64794.] t2_sim:[63283. 63296. 61572.]
Task is 43.00% complete.
t1_sim:[60804. 61214. 59442.] t2_sim:[62705. 62159. 63938.]
Task is 44.00% complete.
t1_sim:[61511. 62016. 59827.] t2_sim:[62256. 63535. 61813.]
Task is 45.00% complete.
t1_sim:[61023. 61955. 62894.] t2_sim:[62013. 61246. 61052.]
Task is 46.00% complete.
t1_sim:[63082. 63639. 63633.] t2_sim:[64541. 65461. 62410.]
Task is 47.00% complete.
t1_sim:[67962. 66992. 70465.] t2_sim:[60184. 59374. 59344.]
Task is 48.00% complete.
t1_sim:[59860. 59826. 60302.] t2_sim:[62526. 61311. 65941.]
Task is 49.00% complete.
t1_sim:[70562. 69644. 68415.] t2_sim:[63943. 64339. 62703.]
Task is 50.00% complete.
t1_sim:[61855. 63142. 60868.] t2_sim:[67876. 66423. 66260.]
Task is 51.00% complete.
t1_sim:[63315. 63650. 62741.] t2_sim:[61102. 60471. 62131.]
Task is 52.00% complete.
t1_sim:[66093. 65701. 64437.] t2_sim:[67420. 66557. 65756.]
Task is 53.00% complete.
t1_sim:[67123. 67082. 67309.] t2_sim:[65467. 65052. 63341.]
Task is 54.00% complete.
t1_sim:[63512. 63610. 65405.] t2_sim:[63182. 63413. 64809.]
Task is 55.00% complete.
t1_sim:[64213. 63973. 63265.] t2_sim:[65720. 67070. 68538.]
Task is 56.00% complete.
t1_sim:[64675. 64270. 57940.] t2_sim:[56820. 58547. 60606.]
Task is 57.00% complete.
t1_sim:[68118. 68680. 67912.] t2_sim:[61866. 62326. 64291.]
Task is 58.00% complete.
t1_sim:[60724. 60802. 63248.] t2_sim:[55654. 57118. 58564.]
Task is 59.00% complete.
t1_sim:[59236. 58519. 60756.] t2_sim:[61997. 62266. 60769.]
Task is 60.00% complete.
t1_sim:[73435. 73645. 74625.] t2_sim:[56760. 57271. 60170.]
Task is 61.00% complete.
t1_sim:[67696. 68836. 69303.] t2_sim:[62206. 62311. 65413.]
Task is 62.00% complete.
t1_sim:[63350. 64240. 63281.] t2_sim:[67978. 67943. 65797.]
Task is 63.00% complete.
t1_sim:[60103. 60778. 61987.] t2_sim:[63596. 62257. 65001.]
Task is 64.00% complete.
t1_sim:[60801. 62264. 62458.] t2_sim:[66599. 65516. 68408.]
Task is 65.00% complete.
t1_sim:[69792. 69258. 67061.] t2_sim:[64818. 64991. 64554.]
Task is 66.00% complete.
t1_sim:[63334. 65343. 64227.] t2_sim:[59502. 58819. 62207.]
Task is 67.00% complete.
t1_sim:[58241. 58908. 60784.] t2_sim:[66576. 66484. 63207.]
Task is 68.00% complete.
t1_sim:[65186. 63352. 64195.] t2_sim:[62703. 62732. 61881.]
Task is 69.00% complete.
t1_sim:[59306. 58137. 60851.] t2_sim:[59604. 60160. 59811.]
Task is 70.00% complete.
t1_sim:[65713. 64319. 66305.] t2_sim:[56273. 57313. 58385.]
Task is 71.00% complete.
t1_sim:[63219. 62984. 63365.] t2_sim:[63720. 64796. 67516.]
Task is 72.00% complete.
t1_sim:[56871. 56120. 55309.] t2_sim:[63167. 63236. 64440.]
Task is 73.00% complete.
t1_sim:[65133. 65832. 64126.] t2_sim:[60803. 60786. 62361.]
Task is 74.00% complete.
t1_sim:[62996. 65140. 65164.] t2_sim:[66577. 66296. 65387.]
Task is 75.00% complete.
t1_sim:[63232. 62382. 63870.] t2_sim:[64277. 63762. 62424.]
Task is 76.00% complete.
t1_sim:[60755. 60664. 62125.] t2_sim:[71440. 72102. 67876.]
Task is 77.00% complete.
t1_sim:[60466. 60128. 61265.] t2_sim:[62651. 64309. 62518.]
Task is 78.00% complete.
t1_sim:[63524. 65167. 64945.] t2_sim:[61930. 61121. 61677.]
Task is 79.00% complete.
t1_sim:[66489. 66285. 65378.] t2_sim:[64539. 63959. 64333.]
Task is 80.00% complete.
t1_sim:[63734. 64244. 64350.] t2_sim:[60266. 59580. 61819.]
Task is 81.00% complete.
t1_sim:[58805. 59114. 61011.] t2_sim:[67317. 66138. 67890.]
Task is 82.00% complete.
t1_sim:[66099. 65493. 65421.] t2_sim:[60892. 60622. 61503.]
Task is 83.00% complete.
t1_sim:[57108. 57000. 56609.] t2_sim:[63437. 62703. 59414.]
Task is 84.00% complete.
t1_sim:[57230. 57291. 57210.] t2_sim:[64538. 63499. 64531.]
Task is 85.00% complete.
t1_sim:[61906. 62346. 62646.] t2_sim:[63780. 63470. 64109.]
Task is 86.00% complete.
t1_sim:[54549. 55037. 54507.] t2_sim:[61695. 62960. 65210.]
Task is 87.00% complete.
t1_sim:[63641. 63973. 61121.] t2_sim:[58440. 58059. 59645.]
Task is 88.00% complete.
t1_sim:[60640. 60964. 58494.] t2_sim:[62077. 62727. 59924.]
Task is 89.00% complete.
t1_sim:[59672. 60485. 61518.] t2_sim:[63833. 64605. 64134.]
Task is 90.00% complete.
t1_sim:[67907. 68487. 67067.] t2_sim:[63175. 63291. 61098.]
Task is 91.00% complete.
t1_sim:[62174. 63133. 61508.] t2_sim:[65251. 65284. 70707.]
Task is 92.00% complete.
t1_sim:[63259. 63554. 63896.] t2_sim:[64046. 64634. 66763.]
Task is 93.00% complete.
t1_sim:[62974. 63741. 64153.] t2_sim:[64844. 64153. 64717.]
Task is 94.00% complete.
t1_sim:[59319. 59507. 58996.] t2_sim:[63086. 64777. 65409.]
Task is 95.00% complete.
t1_sim:[61289. 61744. 62876.] t2_sim:[64467. 64930. 61418.]
Task is 96.00% complete.
t1_sim:[65953. 66241. 64383.] t2_sim:[56530. 56606. 57776.]
Task is 97.00% complete.
t1_sim:[62918. 63599. 63068.] t2_sim:[58337. 58765. 60030.]
Task is 98.00% complete.
t1_sim:[60000. 59011. 59230.] t2_sim:[61716. 61432. 63671.]
Task is 99.00% complete.
t1_sim:[65316. 63673. 62908.] t2_sim:[62343. 61390. 60385.]
Training start
t1_obs:[array(92350.), array(81527.), array(71968.)] t2_obs:[array(91688.), array(81871.), array(69107.)]
corr_G1:[None, None, 0.9272976493251718] corr_G2:[None, None, 0.963896699451758]
Training end
Task is 0.00% complete.
t1_sim:[59739. 59300. 60425.] t2_sim:[66995. 66202. 65750.]
Task is 1.00% complete.
t1_sim:[59061. 58654. 58997.] t2_sim:[59885. 59307. 58669.]
Task is 2.00% complete.
t1_sim:[61674. 60681. 59905.] t2_sim:[65407. 65424. 67082.]
Task is 3.00% complete.
t1_sim:[63183. 61117. 60553.] t2_sim:[62399. 62933. 63625.]
Task is 4.00% complete.
t1_sim:[64941. 65829. 66945.] t2_sim:[58666. 56922. 57170.]
Task is 5.00% complete.
t1_sim:[64994. 67365. 66597.] t2_sim:[68504. 68240. 68514.]
Task is 6.00% complete.
t1_sim:[62907. 62278. 61047.] t2_sim:[63590. 63660. 63485.]
Task is 7.00% complete.
t1_sim:[61087. 60735. 59953.] t2_sim:[64084. 63926. 63218.]
Task is 8.00% complete.
t1_sim:[62407. 63079. 61337.] t2_sim:[57848. 58671. 57300.]
Task is 9.00% complete.
t1_sim:[66238. 65435. 64140.] t2_sim:[60973. 61028. 61908.]
Task is 10.00% complete.
t1_sim:[63639. 64501. 63181.] t2_sim:[63291. 63245. 62669.]
Task is 11.00% complete.
t1_sim:[58772. 58525. 57253.] t2_sim:[57531. 57104. 58314.]
Task is 12.00% complete.
t1_sim:[56940. 55020. 53127.] t2_sim:[68145. 67924. 68117.]
Task is 13.00% complete.
t1_sim:[65110. 64703. 62544.] t2_sim:[66668. 65860. 65390.]
Task is 14.00% complete.
t1_sim:[63657. 63836. 63392.] t2_sim:[59287. 60144. 59452.]
Task is 15.00% complete.
t1_sim:[70264. 69910. 67989.] t2_sim:[59976. 58685. 58719.]
Task is 16.00% complete.
t1_sim:[61866. 61749. 61085.] t2_sim:[60370. 60454. 61150.]
Task is 17.00% complete.
t1_sim:[63633. 64629. 62931.] t2_sim:[59971. 59301. 62287.]
Task is 18.00% complete.
t1_sim:[61027. 60668. 62284.] t2_sim:[65233. 65228. 66394.]
Task is 19.00% complete.
t1_sim:[61300. 61225. 60472.] t2_sim:[61236. 61416. 64312.]
Task is 20.00% complete.
t1_sim:[62240. 64261. 63720.] t2_sim:[65711. 64646. 66186.]
Task is 21.00% complete.
t1_sim:[63590. 64124. 63289.] t2_sim:[64364. 62988. 64215.]
Task is 22.00% complete.
t1_sim:[69960. 70128. 69971.] t2_sim:[60536. 60626. 59762.]
Task is 23.00% complete.
t1_sim:[62204. 62954. 61275.] t2_sim:[63857. 64274. 64920.]
Task is 24.00% complete.
t1_sim:[64809. 65090. 66093.] t2_sim:[57134. 58559. 60906.]
Task is 25.00% complete.
t1_sim:[63724. 65441. 65210.] t2_sim:[62079. 61078. 58202.]
Task is 26.00% complete.
t1_sim:[67150. 67423. 66115.] t2_sim:[70493. 68795. 67557.]
Task is 27.00% complete.
t1_sim:[65498. 64102. 63606.] t2_sim:[65799. 66473. 65193.]
Task is 28.00% complete.
t1_sim:[57444. 57146. 56694.] t2_sim:[64221. 62476. 61176.]
Task is 29.00% complete.
t1_sim:[62389. 61701. 61991.] t2_sim:[59875. 61093. 62089.]
Task is 30.00% complete.
t1_sim:[65272. 64582. 63203.] t2_sim:[62288. 61669. 61961.]
Task is 31.00% complete.
t1_sim:[63362. 62835. 62372.] t2_sim:[61088. 59924. 59498.]
Task is 32.00% complete.
t1_sim:[65842. 66133. 67379.] t2_sim:[63684. 63635. 65020.]
Task is 33.00% complete.
t1_sim:[64186. 64088. 61787.] t2_sim:[61592. 61923. 62356.]
Task is 34.00% complete.
t1_sim:[61814. 61443. 59705.] t2_sim:[59795. 58741. 59103.]
Task is 35.00% complete.
t1_sim:[62058. 62750. 63171.] t2_sim:[66953. 66896. 66125.]
Task is 36.00% complete.
t1_sim:[62524. 62408. 60488.] t2_sim:[68128. 68816. 69672.]
Task is 37.00% complete.
t1_sim:[59975. 57942. 58964.] t2_sim:[63865. 63568. 65749.]
Task is 38.00% complete.
t1_sim:[62574. 62055. 60728.] t2_sim:[60574. 61167. 60868.]
Task is 39.00% complete.
t1_sim:[64251. 64752. 62921.] t2_sim:[63528. 63393. 61488.]
Task is 40.00% complete.
t1_sim:[61666. 61145. 61192.] t2_sim:[65479. 67238. 67143.]
Task is 41.00% complete.
t1_sim:[61568. 61182. 60011.] t2_sim:[63734. 63752. 61690.]
Task is 42.00% complete.
t1_sim:[58509. 59201. 59733.] t2_sim:[63168. 62531. 63483.]
Task is 43.00% complete.
t1_sim:[65367. 63469. 64051.] t2_sim:[61795. 60953. 59123.]
Task is 44.00% complete.
t1_sim:[63490. 63606. 64517.] t2_sim:[62611. 62455. 65241.]
Task is 45.00% complete.
t1_sim:[61840. 61635. 59838.] t2_sim:[61835. 62438. 62755.]
Task is 46.00% complete.
t1_sim:[65257. 64687. 63616.] t2_sim:[61458. 60339. 60550.]
Task is 47.00% complete.
t1_sim:[61538. 60854. 59586.] t2_sim:[59908. 59534. 60841.]
Task is 48.00% complete.
t1_sim:[63471. 61714. 61195.] t2_sim:[64496. 64886. 64760.]
Task is 49.00% complete.
t1_sim:[61005. 60933. 59444.] t2_sim:[66667. 67584. 67263.]
Task is 50.00% complete.
t1_sim:[65233. 65353. 64828.] t2_sim:[60546. 61964. 59347.]
Task is 51.00% complete.
t1_sim:[64714. 64685. 65133.] t2_sim:[66968. 65860. 64746.]
Task is 52.00% complete.
t1_sim:[55735. 57285. 56600.] t2_sim:[63503. 63835. 65496.]
Task is 53.00% complete.
t1_sim:[61943. 62571. 64055.] t2_sim:[62023. 63287. 62577.]
Task is 54.00% complete.
t1_sim:[61302. 62831. 62295.] t2_sim:[61087. 62164. 61645.]
Task is 55.00% complete.
t1_sim:[62555. 62455. 62809.] t2_sim:[62682. 61624. 62898.]
Task is 56.00% complete.
t1_sim:[67092. 66838. 64580.] t2_sim:[59911. 60332. 61174.]
Task is 57.00% complete.
t1_sim:[58933. 58459. 58063.] t2_sim:[64025. 64764. 65440.]
Task is 58.00% complete.
t1_sim:[61468. 63999. 64492.] t2_sim:[60118. 59730. 59474.]
Task is 59.00% complete.
t1_sim:[64806. 66003. 65938.] t2_sim:[61597. 59724. 60950.]
Task is 60.00% complete.
t1_sim:[60051. 60544. 60818.] t2_sim:[55676. 56494. 58225.]
Task is 61.00% complete.
t1_sim:[58185. 59299. 59460.] t2_sim:[63255. 63368. 63017.]
Task is 62.00% complete.
t1_sim:[66913. 67528. 66076.] t2_sim:[62101. 62316. 62886.]
Task is 63.00% complete.
t1_sim:[61387. 63102. 62498.] t2_sim:[57274. 57975. 60985.]
Task is 64.00% complete.
t1_sim:[66670. 67039. 65729.] t2_sim:[66370. 66404. 64257.]
Task is 65.00% complete.
t1_sim:[67865. 67903. 67875.] t2_sim:[62227. 63857. 63728.]
Task is 66.00% complete.
t1_sim:[65788. 65660. 65944.] t2_sim:[61034. 62117. 63448.]
Task is 67.00% complete.
t1_sim:[64032. 62509. 61967.] t2_sim:[60609. 60824. 60355.]
Task is 68.00% complete.
t1_sim:[65342. 65140. 65155.] t2_sim:[67130. 68160. 67953.]
Task is 69.00% complete.
t1_sim:[61748. 61374. 60804.] t2_sim:[59086. 59674. 61828.]
Task is 70.00% complete.
t1_sim:[59797. 59634. 60716.] t2_sim:[68182. 68026. 67964.]
Task is 71.00% complete.
t1_sim:[65252. 65263. 65274.] t2_sim:[61239. 60847. 61526.]
Task is 72.00% complete.
t1_sim:[64537. 63644. 62632.] t2_sim:[65058. 65201. 66018.]
Task is 73.00% complete.
t1_sim:[63378. 62883. 63186.] t2_sim:[60313. 61584. 60017.]
Task is 74.00% complete.
t1_sim:[61263. 61052. 60359.] t2_sim:[58456. 56939. 56425.]
Task is 75.00% complete.
t1_sim:[60315. 60430. 59799.] t2_sim:[67024. 66669. 67039.]
Task is 76.00% complete.
t1_sim:[66169. 64794. 62113.] t2_sim:[60145. 61182. 61812.]
Task is 77.00% complete.
t1_sim:[70953. 70573. 69996.] t2_sim:[61637. 62409. 63136.]
Task is 78.00% complete.
t1_sim:[62513. 63058. 63283.] t2_sim:[62771. 64284. 63815.]
Task is 79.00% complete.
t1_sim:[63040. 64622. 64417.] t2_sim:[64534. 64030. 64034.]
Task is 80.00% complete.
t1_sim:[70910. 71747. 70666.] t2_sim:[61143. 62058. 62779.]
Task is 81.00% complete.
t1_sim:[63960. 65310. 65874.] t2_sim:[62782. 62378. 60520.]
Task is 82.00% complete.
t1_sim:[59545. 58907. 59391.] t2_sim:[63203. 61846. 62648.]
Task is 83.00% complete.
t1_sim:[59688. 60938. 61022.] t2_sim:[63368. 64277. 66316.]
Task is 84.00% complete.
t1_sim:[62117. 60656. 60488.] t2_sim:[63336. 64521. 65557.]
Task is 85.00% complete.
t1_sim:[60735. 61490. 62213.] t2_sim:[56302. 56577. 58266.]
Task is 86.00% complete.
t1_sim:[61215. 61433. 60740.] t2_sim:[61184. 61246. 62413.]
Task is 87.00% complete.
t1_sim:[63252. 63549. 61766.] t2_sim:[65655. 65385. 65141.]
Task is 88.00% complete.
t1_sim:[56052. 56706. 57708.] t2_sim:[68326. 67497. 65462.]
Task is 89.00% complete.
t1_sim:[64461. 65021. 65087.] t2_sim:[66842. 67308. 66979.]
Task is 90.00% complete.
t1_sim:[61026. 59644. 59104.] t2_sim:[58911. 58313. 58179.]
Task is 91.00% complete.
t1_sim:[65855. 65210. 64150.] t2_sim:[70938. 72233. 73398.]
Task is 92.00% complete.
t1_sim:[66189. 66700. 64945.] t2_sim:[64212. 64842. 63664.]
Task is 93.00% complete.
t1_sim:[61953. 60679. 60861.] t2_sim:[66618. 65288. 65124.]
Task is 94.00% complete.
t1_sim:[67277. 67585. 65563.] t2_sim:[63604. 64138. 63684.]
Task is 95.00% complete.
t1_sim:[60435. 60720. 60156.] t2_sim:[61680. 61021. 60100.]
Task is 96.00% complete.
t1_sim:[68314. 65780. 64670.] t2_sim:[65338. 62762. 63446.]
Task is 97.00% complete.
t1_sim:[63806. 63812. 63862.] t2_sim:[62160. 62824. 63909.]
Task is 98.00% complete.
t1_sim:[67785. 68371. 68873.] t2_sim:[61879. 62459. 62928.]
Task is 99.00% complete.
t1_sim:[63959. 62764. 62103.] t2_sim:[65181. 66535. 66486.]
Training start
t1_obs:[array(92350.), array(81527.), array(69190.)] t2_obs:[array(91688.), array(81871.), array(69991.)]
corr_G1:[None, None, 0.12502878192014863] corr_G2:[None, None, 0.07607322655916973]
Training end
Task is 0.00% complete.
t1_sim:[64948. 65951. 61061.] t2_sim:[64945. 66508. 65193.]
Task is 1.00% complete.
t1_sim:[66617. 65876. 63981.] t2_sim:[65739. 66589. 66798.]
Task is 2.00% complete.
t1_sim:[60908. 60637. 57463.] t2_sim:[58953. 60309. 60797.]
Task is 3.00% complete.
t1_sim:[63555. 63213. 60033.] t2_sim:[60566. 61772. 59571.]
Task is 4.00% complete.
t1_sim:[57446. 58889. 55533.] t2_sim:[59330. 58794. 58885.]
Task is 5.00% complete.
t1_sim:[65636. 66706. 64076.] t2_sim:[62151. 62372. 64672.]
Task is 6.00% complete.
t1_sim:[61017. 62217. 59701.] t2_sim:[59653. 59322. 59237.]
Task is 7.00% complete.
t1_sim:[62145. 60507. 56395.] t2_sim:[63017. 62014. 61215.]
Task is 8.00% complete.
t1_sim:[68675. 68657. 68420.] t2_sim:[65290. 66503. 63367.]
Task is 9.00% complete.
t1_sim:[67357. 67443. 64617.] t2_sim:[58218. 59554. 60819.]
Task is 10.00% complete.
t1_sim:[59206. 57796. 55109.] t2_sim:[61309. 61003. 62292.]
Task is 11.00% complete.
t1_sim:[57795. 58596. 54642.] t2_sim:[64968. 63993. 64052.]
Task is 12.00% complete.
t1_sim:[62518. 62466. 59669.] t2_sim:[63655. 64361. 64450.]
Task is 13.00% complete.
t1_sim:[63729. 64286. 62246.] t2_sim:[64307. 63817. 61681.]
Task is 14.00% complete.
t1_sim:[60922. 60571. 58153.] t2_sim:[64911. 62805. 60995.]
Task is 15.00% complete.
t1_sim:[64195. 64569. 64289.] t2_sim:[60562. 60420. 59416.]
Task is 16.00% complete.
t1_sim:[62969. 62891. 61289.] t2_sim:[63233. 61767. 60313.]
Task is 17.00% complete.
t1_sim:[57396. 57367. 56899.] t2_sim:[66636. 66801. 64132.]
Task is 18.00% complete.
t1_sim:[63928. 63358. 58906.] t2_sim:[68945. 68043. 68667.]
Task is 19.00% complete.
t1_sim:[56908. 57233. 55033.] t2_sim:[60493. 61637. 60138.]
Task is 20.00% complete.
t1_sim:[66205. 65174. 63049.] t2_sim:[61601. 59159. 59271.]
Task is 21.00% complete.
t1_sim:[58213. 58973. 57918.] t2_sim:[62164. 63134. 62781.]
Task is 22.00% complete.
t1_sim:[61242. 61251. 57932.] t2_sim:[55885. 57605. 59057.]
Task is 23.00% complete.
t1_sim:[66244. 64889. 62994.] t2_sim:[65085. 65879. 66618.]
Task is 24.00% complete.
t1_sim:[61503. 61238. 60084.] t2_sim:[61534. 61442. 63139.]
Task is 25.00% complete.
t1_sim:[59751. 60180. 57781.] t2_sim:[62366. 60913. 61658.]
Task is 26.00% complete.
t1_sim:[64746. 65118. 60582.] t2_sim:[63376. 61752. 62772.]
Task is 27.00% complete.
t1_sim:[61068. 61505. 57890.] t2_sim:[60497. 61499. 63518.]
Task is 28.00% complete.
t1_sim:[61716. 62374. 57645.] t2_sim:[66136. 64367. 61621.]
Task is 29.00% complete.
t1_sim:[61874. 61707. 57150.] t2_sim:[62515. 61607. 60472.]
Task is 30.00% complete.
t1_sim:[63354. 63447. 60327.] t2_sim:[61765. 62943. 63260.]
Task is 31.00% complete.
t1_sim:[68318. 66705. 62526.] t2_sim:[61828. 63093. 63588.]
Task is 32.00% complete.
t1_sim:[63737. 63923. 60238.] t2_sim:[62358. 62981. 64636.]
Task is 33.00% complete.
t1_sim:[60314. 60453. 57920.] t2_sim:[60919. 60363. 58834.]
Task is 34.00% complete.
t1_sim:[63846. 63891. 62234.] t2_sim:[59586. 58573. 59801.]
Task is 35.00% complete.
t1_sim:[65442. 65653. 61392.] t2_sim:[64577. 65674. 68242.]
Task is 36.00% complete.
t1_sim:[60815. 60995. 56359.] t2_sim:[65219. 66194. 66061.]
Task is 37.00% complete.
t1_sim:[63972. 63483. 59888.] t2_sim:[62943. 62613. 62298.]
Task is 38.00% complete.
t1_sim:[56414. 57379. 53975.] t2_sim:[61133. 61706. 62822.]
Task is 39.00% complete.
t1_sim:[62210. 61467. 58217.] t2_sim:[64907. 65047. 64225.]
Task is 40.00% complete.
t1_sim:[56761. 57186. 53519.] t2_sim:[60460. 61200. 62976.]
Task is 41.00% complete.
t1_sim:[59947. 58795. 55826.] t2_sim:[61738. 62650. 61618.]
Task is 42.00% complete.
t1_sim:[60520. 59668. 55055.] t2_sim:[65453. 66183. 64449.]
Task is 43.00% complete.
t1_sim:[63415. 62518. 58829.] t2_sim:[62034. 61521. 60713.]
Task is 44.00% complete.
t1_sim:[58537. 59814. 54519.] t2_sim:[60128. 58836. 59401.]
Task is 45.00% complete.
t1_sim:[58620. 58197. 54631.] t2_sim:[63205. 63509. 64386.]
Task is 46.00% complete.
t1_sim:[68970. 67193. 62778.] t2_sim:[65141. 64190. 62135.]
Task is 47.00% complete.
t1_sim:[68124. 67169. 62191.] t2_sim:[59950. 59687. 58836.]
Task is 48.00% complete.
t1_sim:[58130. 59561. 56102.] t2_sim:[62265. 61825. 60689.]
Task is 49.00% complete.
t1_sim:[62959. 61786. 57599.] t2_sim:[61305. 61221. 61149.]
Task is 50.00% complete.
t1_sim:[59951. 59958. 57428.] t2_sim:[61150. 60630. 60816.]
Task is 51.00% complete.
t1_sim:[61297. 61069. 57890.] t2_sim:[63562. 63371. 62786.]
Task is 52.00% complete.
t1_sim:[65846. 67679. 64186.] t2_sim:[63259. 62348. 62518.]
Task is 53.00% complete.
t1_sim:[60810. 61925. 58984.] t2_sim:[59663. 59387. 59019.]
Task is 54.00% complete.
t1_sim:[62043. 61181. 57362.] t2_sim:[62084. 62783. 63412.]
Task is 55.00% complete.
t1_sim:[64196. 64934. 61970.] t2_sim:[57738. 57490. 58077.]
Task is 56.00% complete.
t1_sim:[63976. 64524. 61641.] t2_sim:[56231. 56386. 56613.]
Task is 57.00% complete.
t1_sim:[62780. 61542. 57939.] t2_sim:[62677. 61856. 63526.]
Task is 58.00% complete.
t1_sim:[62440. 63571. 61948.] t2_sim:[60883. 60658. 60837.]
Task is 59.00% complete.
t1_sim:[65275. 64251. 58807.] t2_sim:[66653. 66569. 68230.]
Task is 60.00% complete.
t1_sim:[68560. 68634. 63239.] t2_sim:[55081. 55178. 54785.]
Task is 61.00% complete.
t1_sim:[59078. 60438. 57915.] t2_sim:[56403. 57004. 58129.]
Task is 62.00% complete.
t1_sim:[60719. 61222. 57763.] t2_sim:[59491. 58816. 60945.]
Task is 63.00% complete.
t1_sim:[61811. 60903. 57653.] t2_sim:[60410. 60775. 61327.]
Task is 64.00% complete.
t1_sim:[58428. 59941. 55547.] t2_sim:[61550. 61798. 61723.]
Task is 65.00% complete.
t1_sim:[59754. 58736. 54854.] t2_sim:[62611. 62159. 63838.]
Task is 66.00% complete.
t1_sim:[67556. 68493. 64368.] t2_sim:[63689. 62896. 61979.]
Task is 67.00% complete.
t1_sim:[65640. 66430. 62116.] t2_sim:[58285. 58581. 60003.]
Task is 68.00% complete.
t1_sim:[63247. 64161. 60008.] t2_sim:[65201. 66065. 67187.]
Task is 69.00% complete.
t1_sim:[62149. 63583. 62643.] t2_sim:[57702. 58941. 59707.]
Task is 70.00% complete.
t1_sim:[57305. 57775. 54718.] t2_sim:[67637. 67695. 67484.]
Task is 71.00% complete.
t1_sim:[64145. 64349. 63029.] t2_sim:[68594. 68492. 69189.]
Task is 72.00% complete.
t1_sim:[65223. 64234. 61021.] t2_sim:[60511. 61450. 60318.]
Task is 73.00% complete.
t1_sim:[68514. 67852. 63100.] t2_sim:[60797. 61522. 61400.]
Task is 74.00% complete.
t1_sim:[60036. 60159. 57989.] t2_sim:[60222. 60334. 61749.]
Task is 75.00% complete.
t1_sim:[63689. 62915. 61758.] t2_sim:[65809. 64487. 64063.]
Task is 76.00% complete.
t1_sim:[58822. 59983. 54830.] t2_sim:[65708. 65519. 66621.]
Task is 77.00% complete.
t1_sim:[58675. 58684. 52384.] t2_sim:[63844. 62603. 61010.]
Task is 78.00% complete.
t1_sim:[59336. 59177. 53993.] t2_sim:[59986. 58671. 58837.]
Task is 79.00% complete.
t1_sim:[61274. 60860. 59006.] t2_sim:[66345. 65979. 65915.]
Task is 80.00% complete.
t1_sim:[62944. 62975. 60775.] t2_sim:[62011. 61656. 62976.]
Task is 81.00% complete.
t1_sim:[62357. 62938. 59216.] t2_sim:[67692. 67384. 65805.]
Task is 82.00% complete.
t1_sim:[63026. 62228. 58368.] t2_sim:[65989. 66849. 67204.]
Task is 83.00% complete.
t1_sim:[58930. 58563. 55413.] t2_sim:[63048. 62643. 60832.]
Task is 84.00% complete.
t1_sim:[65200. 65979. 60714.] t2_sim:[59653. 60161. 61199.]
Task is 85.00% complete.
t1_sim:[58502. 59069. 56625.] t2_sim:[63866. 63905. 63871.]
Task is 86.00% complete.
t1_sim:[60002. 60936. 60003.] t2_sim:[60442. 61632. 63002.]
Task is 87.00% complete.
t1_sim:[59299. 60387. 56763.] t2_sim:[66192. 66214. 66839.]
Task is 88.00% complete.
t1_sim:[64350. 64261. 60021.] t2_sim:[63946. 64351. 64437.]
Task is 89.00% complete.
t1_sim:[61827. 62779. 60067.] t2_sim:[61634. 62402. 63515.]
Task is 90.00% complete.
t1_sim:[61325. 61034. 58034.] t2_sim:[64853. 65715. 66248.]
Task is 91.00% complete.
t1_sim:[62706. 61112. 57083.] t2_sim:[66376. 67719. 66829.]
Task is 92.00% complete.
t1_sim:[54247. 53233. 50461.] t2_sim:[66277. 64984. 63784.]
Task is 93.00% complete.
t1_sim:[66601. 65993. 62570.] t2_sim:[62658. 61961. 61071.]
Task is 94.00% complete.
t1_sim:[68048. 67202. 63333.] t2_sim:[64562. 65978. 67633.]
Task is 95.00% complete.
t1_sim:[62401. 60868. 57565.] t2_sim:[62958. 62778. 63334.]
Task is 96.00% complete.
t1_sim:[58051. 58974. 56614.] t2_sim:[59939. 60913. 62078.]
Task is 97.00% complete.
t1_sim:[66111. 66834. 63898.] t2_sim:[66100. 67258. 66585.]
Task is 98.00% complete.
t1_sim:[59659. 59070. 53744.] t2_sim:[59733. 57314. 57663.]
Task is 99.00% complete.
t1_sim:[60915. 61456. 58346.] t2_sim:[63368. 63673. 63448.]
Finished
