Begin
Training start
t1_obs:[array(57704.), array(57744.), array(59134.)] t2_obs:[array(61157.), array(61020.), array(62093.)]
corr_G1:[None, None, 0] corr_G2:[None, None, 4.165912009174094e-17]
Training end
Task is 0.00% complete.
t1_sim:[65183. 65129. 65928.] t2_sim:[63761. 63789. 61926.]
Task is 1.00% complete.
t1_sim:[70358. 70303. 69059.] t2_sim:[67164. 67187. 67880.]
Task is 2.00% complete.
t1_sim:[62798. 62799. 62009.] t2_sim:[57611. 57234. 61093.]
Task is 3.00% complete.
t1_sim:[63808. 63997. 65343.] t2_sim:[60883. 61265. 59793.]
Task is 4.00% complete.
t1_sim:[67532. 67452. 68709.] t2_sim:[66026. 65847. 67300.]
Task is 5.00% complete.
t1_sim:[68235. 68091. 63080.] t2_sim:[58851. 58811. 59803.]
Task is 6.00% complete.
t1_sim:[54578. 55068. 58551.] t2_sim:[59675. 59650. 62782.]
Task is 7.00% complete.
t1_sim:[62912. 62878. 61563.] t2_sim:[63237. 62997. 64273.]
Task is 8.00% complete.
t1_sim:[61102. 61093. 61921.] t2_sim:[64079. 64142. 62089.]
Task is 9.00% complete.
t1_sim:[64211. 64021. 62294.] t2_sim:[59901. 60141. 58991.]
Task is 10.00% complete.
t1_sim:[61316. 60875. 60076.] t2_sim:[65683. 65222. 66506.]
Task is 11.00% complete.
t1_sim:[62328. 62375. 64562.] t2_sim:[66173. 66175. 65662.]
Task is 12.00% complete.
t1_sim:[58261. 58249. 58009.] t2_sim:[68333. 67718. 66958.]
Task is 13.00% complete.
t1_sim:[60421. 60644. 59982.] t2_sim:[65072. 65067. 65460.]
Task is 14.00% complete.
t1_sim:[63617. 63623. 63171.] t2_sim:[65075. 65008. 63803.]
Task is 15.00% complete.
t1_sim:[64663. 64966. 62611.] t2_sim:[61900. 61780. 65129.]
Task is 16.00% complete.
t1_sim:[62548. 62870. 62942.] t2_sim:[59199. 58932. 56742.]
Task is 17.00% complete.
t1_sim:[62435. 62550. 61989.] t2_sim:[63911. 63648. 62985.]
Task is 18.00% complete.
t1_sim:[67918. 67703. 66779.] t2_sim:[65238. 65236. 69708.]
Task is 19.00% complete.
t1_sim:[63760. 63172. 64261.] t2_sim:[58222. 58139. 57529.]
Task is 20.00% complete.
t1_sim:[67114. 66777. 65580.] t2_sim:[60698. 60790. 63802.]
Task is 21.00% complete.
t1_sim:[65431. 64856. 61340.] t2_sim:[63510. 63993. 62373.]
Task is 22.00% complete.
t1_sim:[59195. 59344. 60479.] t2_sim:[66282. 66489. 66632.]
Task is 23.00% complete.
t1_sim:[65338. 64937. 66153.] t2_sim:[66439. 66965. 67795.]
Task is 24.00% complete.
t1_sim:[67595. 67264. 64987.] t2_sim:[62225. 62105. 62340.]
Task is 25.00% complete.
t1_sim:[62410. 62545. 62220.] t2_sim:[70386. 70399. 69101.]
Task is 26.00% complete.
t1_sim:[63065. 63072. 61791.] t2_sim:[67104. 66895. 63497.]
Task is 27.00% complete.
t1_sim:[60514. 60522. 60730.] t2_sim:[65167. 65035. 64210.]
Task is 28.00% complete.
t1_sim:[57777. 57295. 59078.] t2_sim:[58850. 59045. 58513.]
Task is 29.00% complete.
t1_sim:[65706. 65791. 65290.] t2_sim:[61423. 61026. 59478.]
Task is 30.00% complete.
t1_sim:[61728. 61530. 59272.] t2_sim:[60455. 60119. 61282.]
Task is 31.00% complete.
t1_sim:[66671. 66730. 69933.] t2_sim:[64522. 64528. 65885.]
Task is 32.00% complete.
t1_sim:[57232. 57147. 57467.] t2_sim:[55867. 55474. 55612.]
Task is 33.00% complete.
t1_sim:[65702. 65501. 64990.] t2_sim:[61065. 61518. 59311.]
Task is 34.00% complete.
t1_sim:[69512. 69606. 66805.] t2_sim:[56692. 57049. 59555.]
Task is 35.00% complete.
t1_sim:[73745. 73875. 72642.] t2_sim:[61401. 61628. 63058.]
Task is 36.00% complete.
t1_sim:[59511. 59542. 58249.] t2_sim:[64558. 64680. 62932.]
Task is 37.00% complete.
t1_sim:[66415. 66766. 66800.] t2_sim:[60134. 60423. 61053.]
Task is 38.00% complete.
t1_sim:[62701. 62507. 63221.] t2_sim:[52983. 53191. 57796.]
Task is 39.00% complete.
t1_sim:[59374. 59378. 58428.] t2_sim:[59225. 58521. 60975.]
Task is 40.00% complete.
t1_sim:[63093. 63583. 60246.] t2_sim:[62937. 62943. 58905.]
Task is 41.00% complete.
t1_sim:[61937. 62359. 63804.] t2_sim:[60202. 59887. 62658.]
Task is 42.00% complete.
t1_sim:[67833. 67452. 64215.] t2_sim:[63694. 63215. 66908.]
Task is 43.00% complete.
t1_sim:[66665. 66571. 65344.] t2_sim:[62430. 62153. 63778.]
Task is 44.00% complete.
t1_sim:[65448. 65729. 65698.] t2_sim:[63705. 63400. 65198.]
Task is 45.00% complete.
t1_sim:[65604. 65811. 66942.] t2_sim:[63816. 64026. 60464.]
Task is 46.00% complete.
t1_sim:[56535. 57096. 58300.] t2_sim:[65547. 65416. 67285.]
Task is 47.00% complete.
t1_sim:[63303. 63753. 63609.] t2_sim:[62791. 62644. 61181.]
Task is 48.00% complete.
t1_sim:[63475. 63840. 62248.] t2_sim:[63667. 63102. 62752.]
Task is 49.00% complete.
t1_sim:[68713. 68490. 68563.] t2_sim:[63675. 63879. 63515.]
Task is 50.00% complete.
t1_sim:[61893. 61751. 62719.] t2_sim:[63327. 62668. 60462.]
Task is 51.00% complete.
t1_sim:[62034. 61923. 64919.] t2_sim:[54878. 55241. 56824.]
Task is 52.00% complete.
t1_sim:[65233. 65142. 65793.] t2_sim:[65946. 65899. 62718.]
Task is 53.00% complete.
t1_sim:[67124. 67211. 64882.] t2_sim:[59580. 59693. 61851.]
Task is 54.00% complete.
t1_sim:[59576. 59447. 61178.] t2_sim:[63846. 64136. 62301.]
Task is 55.00% complete.
t1_sim:[62161. 61855. 58027.] t2_sim:[64314. 64259. 64727.]
Task is 56.00% complete.
t1_sim:[64759. 65114. 64726.] t2_sim:[60411. 59831. 59161.]
Task is 57.00% complete.
t1_sim:[64033. 64041. 59137.] t2_sim:[64634. 64357. 60980.]
Task is 58.00% complete.
t1_sim:[60909. 60950. 59165.] t2_sim:[63441. 63406. 63593.]
Task is 59.00% complete.
t1_sim:[59333. 59491. 61758.] t2_sim:[64754. 64489. 64369.]
Task is 60.00% complete.
t1_sim:[61597. 61540. 62992.] t2_sim:[59204. 59513. 64055.]
Task is 61.00% complete.
t1_sim:[57364. 57121. 62927.] t2_sim:[60090. 59466. 59960.]
Task is 62.00% complete.
t1_sim:[61650. 61724. 61418.] t2_sim:[63129. 62958. 63252.]
Task is 63.00% complete.
t1_sim:[65010. 65475. 65306.] t2_sim:[61226. 61541. 58125.]
Task is 64.00% complete.
t1_sim:[64134. 64096. 62478.] t2_sim:[57958. 57624. 57719.]
Task is 65.00% complete.
t1_sim:[65359. 65236. 68144.] t2_sim:[66381. 66281. 69416.]
Task is 66.00% complete.
t1_sim:[59797. 59484. 62478.] t2_sim:[63919. 64152. 66604.]
Task is 67.00% complete.
t1_sim:[64915. 64871. 64586.] t2_sim:[57321. 57374. 59291.]
Task is 68.00% complete.
t1_sim:[59434. 59567. 66975.] t2_sim:[58025. 57939. 57579.]
Task is 69.00% complete.
t1_sim:[59009. 59346. 61083.] t2_sim:[60333. 59830. 57667.]
Task is 70.00% complete.
t1_sim:[70681. 70563. 63185.] t2_sim:[63209. 63130. 67723.]
Task is 71.00% complete.
t1_sim:[65008. 64696. 64057.] t2_sim:[61992. 61835. 59964.]
Task is 72.00% complete.
t1_sim:[68809. 68938. 65253.] t2_sim:[60473. 60847. 62018.]
Task is 73.00% complete.
t1_sim:[62662. 62341. 62329.] t2_sim:[64389. 64681. 60367.]
Task is 74.00% complete.
t1_sim:[54536. 54737. 58227.] t2_sim:[66766. 66605. 63090.]
Task is 75.00% complete.
t1_sim:[65713. 65976. 63714.] t2_sim:[63189. 63354. 59600.]
Task is 76.00% complete.
t1_sim:[66246. 65982. 67375.] t2_sim:[59706. 59353. 61880.]
Task is 77.00% complete.
t1_sim:[56788. 56641. 56964.] t2_sim:[61457. 61736. 65298.]
Task is 78.00% complete.
t1_sim:[56835. 56545. 62492.] t2_sim:[62746. 62316. 69526.]
Task is 79.00% complete.
t1_sim:[59558. 59597. 59013.] t2_sim:[61607. 61688. 62808.]
Task is 80.00% complete.
t1_sim:[59861. 59631. 58082.] t2_sim:[58516. 58670. 61779.]
Task is 81.00% complete.
t1_sim:[60610. 60806. 60235.] t2_sim:[64423. 64532. 61046.]
Task is 82.00% complete.
t1_sim:[66637. 66541. 64164.] t2_sim:[62672. 62546. 65677.]
Task is 83.00% complete.
t1_sim:[65695. 65447. 63067.] t2_sim:[63322. 63128. 59855.]
Task is 84.00% complete.
t1_sim:[66319. 66133. 70075.] t2_sim:[62599. 62929. 64584.]
Task is 85.00% complete.
t1_sim:[62183. 62081. 61070.] t2_sim:[54709. 54707. 55597.]
Task is 86.00% complete.
t1_sim:[65402. 65244. 69953.] t2_sim:[63081. 62925. 66680.]
Task is 87.00% complete.
t1_sim:[62026. 61548. 56395.] t2_sim:[61683. 61209. 62333.]
Task is 88.00% complete.
t1_sim:[63549. 63899. 63758.] t2_sim:[59417. 59074. 61414.]
Task is 89.00% complete.
t1_sim:[67088. 66944. 65362.] t2_sim:[59698. 60078. 61983.]
Task is 90.00% complete.
t1_sim:[63083. 62803. 63537.] t2_sim:[61383. 60850. 63679.]
Task is 91.00% complete.
t1_sim:[66727. 66251. 64609.] t2_sim:[67227. 67292. 66499.]
Task is 92.00% complete.
t1_sim:[60762. 60183. 58486.] t2_sim:[64998. 65072. 65385.]
Task is 93.00% complete.
t1_sim:[62936. 63099. 63709.] t2_sim:[63348. 63444. 62503.]
Task is 94.00% complete.
t1_sim:[63693. 63571. 61168.] t2_sim:[63744. 64006. 63319.]
Task is 95.00% complete.
t1_sim:[66498. 66618. 69734.] t2_sim:[61030. 61214. 64939.]
Task is 96.00% complete.
t1_sim:[61725. 61400. 63950.] t2_sim:[69070. 69142. 66948.]
Task is 97.00% complete.
t1_sim:[67769. 68059. 67342.] t2_sim:[58366. 58574. 54835.]
Task is 98.00% complete.
t1_sim:[62202. 61893. 62799.] t2_sim:[69857. 69933. 67049.]
Task is 99.00% complete.
t1_sim:[65136. 65097. 61696.] t2_sim:[60964. 60792. 56981.]
Training start
t1_obs:[array(57704.), array(57744.), array(58707.)] t2_obs:[array(61157.), array(61020.), array(60823.)]
corr_G1:[None, None, 0.9804554942999022] corr_G2:[None, None, 0.981660915347382]
Training end
Task is 0.00% complete.
t1_sim:[59282. 59347. 60036.] t2_sim:[63436. 63411. 62577.]
Task is 1.00% complete.
t1_sim:[63586. 63438. 62629.] t2_sim:[67701. 67495. 65888.]
Task is 2.00% complete.
t1_sim:[65179. 65031. 66298.] t2_sim:[61425. 61688. 61921.]
Task is 3.00% complete.
t1_sim:[57557. 57893. 59190.] t2_sim:[59666. 59228. 59817.]
Task is 4.00% complete.
t1_sim:[61817. 61808. 63685.] t2_sim:[59296. 59892. 60473.]
Task is 5.00% complete.
t1_sim:[61678. 61254. 61250.] t2_sim:[63638. 63792. 63581.]
Task is 6.00% complete.
t1_sim:[65485. 65102. 65769.] t2_sim:[69543. 69760. 69421.]
Task is 7.00% complete.
t1_sim:[61370. 61269. 60307.] t2_sim:[54845. 54942. 54101.]
Task is 8.00% complete.
t1_sim:[63523. 63583. 64369.] t2_sim:[58940. 59021. 57869.]
Task is 9.00% complete.
t1_sim:[62856. 62486. 64703.] t2_sim:[64785. 64402. 61840.]
Task is 10.00% complete.
t1_sim:[66559. 66297. 67051.] t2_sim:[63489. 64316. 67275.]
Task is 11.00% complete.
t1_sim:[63973. 63720. 64009.] t2_sim:[68792. 68917. 67473.]
Task is 12.00% complete.
t1_sim:[64783. 64573. 64581.] t2_sim:[58078. 58103. 56556.]
Task is 13.00% complete.
t1_sim:[63730. 63983. 64482.] t2_sim:[63983. 63482. 65116.]
Task is 14.00% complete.
t1_sim:[67198. 67312. 68017.] t2_sim:[61458. 61277. 60641.]
Task is 15.00% complete.
t1_sim:[61960. 62666. 64151.] t2_sim:[58339. 58333. 60053.]
Task is 16.00% complete.
t1_sim:[62291. 62376. 63574.] t2_sim:[61104. 61196. 60591.]
Task is 17.00% complete.
t1_sim:[63566. 63916. 65845.] t2_sim:[62571. 62602. 65485.]
Task is 18.00% complete.
t1_sim:[64248. 64120. 64974.] t2_sim:[66760. 66387. 65725.]
Task is 19.00% complete.
t1_sim:[67495. 67778. 68663.] t2_sim:[67950. 68116. 67212.]
Task is 20.00% complete.
t1_sim:[59208. 59352. 60001.] t2_sim:[67766. 68041. 69032.]
Task is 21.00% complete.
t1_sim:[69726. 69803. 70539.] t2_sim:[61308. 61163. 61199.]
Task is 22.00% complete.
t1_sim:[65565. 65443. 63450.] t2_sim:[61198. 60952. 63039.]
Task is 23.00% complete.
t1_sim:[67057. 67132. 67280.] t2_sim:[59944. 60029. 61442.]
Task is 24.00% complete.
t1_sim:[62041. 61662. 62827.] t2_sim:[61519. 61674. 61906.]
Task is 25.00% complete.
t1_sim:[62119. 62650. 60492.] t2_sim:[61611. 61507. 61762.]
Task is 26.00% complete.
t1_sim:[68142. 68117. 66818.] t2_sim:[60963. 61007. 61519.]
Task is 27.00% complete.
t1_sim:[67237. 67149. 66699.] t2_sim:[56885. 57301. 57887.]
Task is 28.00% complete.
t1_sim:[66756. 66586. 66691.] t2_sim:[63218. 63786. 64147.]
Task is 29.00% complete.
t1_sim:[64920. 64899. 64717.] t2_sim:[71541. 71459. 70409.]
Task is 30.00% complete.
t1_sim:[63855. 63846. 64572.] t2_sim:[60293. 59804. 60048.]
Task is 31.00% complete.
t1_sim:[68364. 68684. 68690.] t2_sim:[63326. 62942. 63758.]
Task is 32.00% complete.
t1_sim:[64330. 64386. 64528.] t2_sim:[62192. 62978. 64101.]
Task is 33.00% complete.
t1_sim:[69913. 70168. 67289.] t2_sim:[61007. 61538. 64366.]
Task is 34.00% complete.
t1_sim:[61233. 61550. 61557.] t2_sim:[64373. 64288. 62242.]
Task is 35.00% complete.
t1_sim:[69099. 68613. 68748.] t2_sim:[58395. 58350. 60183.]
Task is 36.00% complete.
t1_sim:[60706. 60763. 59673.] t2_sim:[64406. 64750. 66064.]
Task is 37.00% complete.
t1_sim:[60043. 59937. 59568.] t2_sim:[61662. 61457. 62909.]
Task is 38.00% complete.
t1_sim:[56929. 56755. 57672.] t2_sim:[60961. 61185. 59402.]
Task is 39.00% complete.
t1_sim:[59401. 59508. 59856.] t2_sim:[58583. 58792. 60742.]
Task is 40.00% complete.
t1_sim:[60687. 61000. 62160.] t2_sim:[64729. 64287. 64526.]
Task is 41.00% complete.
t1_sim:[63136. 63284. 62978.] t2_sim:[64759. 64928. 65756.]
Task is 42.00% complete.
t1_sim:[53754. 53316. 56332.] t2_sim:[62967. 63054. 66969.]
Task is 43.00% complete.
t1_sim:[61909. 62220. 63078.] t2_sim:[61919. 62009. 60558.]
Task is 44.00% complete.
t1_sim:[68489. 68103. 68292.] t2_sim:[60342. 60648. 62087.]
Task is 45.00% complete.
t1_sim:[65168. 64830. 63920.] t2_sim:[64380. 64213. 63131.]
Task is 46.00% complete.
t1_sim:[56822. 57338. 57497.] t2_sim:[59409. 59799. 60122.]
Task is 47.00% complete.
t1_sim:[63759. 64136. 63106.] t2_sim:[61720. 61871. 61558.]
Task is 48.00% complete.
t1_sim:[64115. 63622. 61946.] t2_sim:[60836. 60534. 61384.]
Task is 49.00% complete.
t1_sim:[68812. 69211. 67521.] t2_sim:[63005. 62836. 61009.]
Task is 50.00% complete.
t1_sim:[65200. 65215. 65353.] t2_sim:[64840. 64642. 64485.]
Task is 51.00% complete.
t1_sim:[57486. 57637. 60795.] t2_sim:[64467. 64198. 64708.]
Task is 52.00% complete.
t1_sim:[67966. 67579. 67345.] t2_sim:[66603. 66705. 66042.]
Task is 53.00% complete.
t1_sim:[68179. 67859. 67719.] t2_sim:[64854. 64706. 64659.]
Task is 54.00% complete.
t1_sim:[55079. 54921. 57835.] t2_sim:[63826. 63564. 66401.]
Task is 55.00% complete.
t1_sim:[69791. 69814. 65184.] t2_sim:[65396. 64966. 62896.]
Task is 56.00% complete.
t1_sim:[61761. 61442. 61484.] t2_sim:[60748. 61289. 60290.]
Task is 57.00% complete.
t1_sim:[67281. 67080. 64955.] t2_sim:[60995. 60767. 60076.]
Task is 58.00% complete.
t1_sim:[60290. 60312. 59555.] t2_sim:[58892. 58970. 61177.]
Task is 59.00% complete.
t1_sim:[65331. 65111. 65899.] t2_sim:[57936. 57782. 57443.]
Task is 60.00% complete.
t1_sim:[62915. 62897. 62248.] t2_sim:[63400. 62733. 61135.]
Task is 61.00% complete.
t1_sim:[61595. 61548. 64321.] t2_sim:[58570. 58571. 58087.]
Task is 62.00% complete.
t1_sim:[63495. 63591. 63151.] t2_sim:[61598. 61620. 63482.]
Task is 63.00% complete.
t1_sim:[57648. 57330. 57330.] t2_sim:[63535. 63724. 65603.]
Task is 64.00% complete.
t1_sim:[62696. 62704. 63075.] t2_sim:[64445. 64557. 62628.]
Task is 65.00% complete.
t1_sim:[65136. 64708. 64992.] t2_sim:[64875. 64774. 65003.]
Task is 66.00% complete.
t1_sim:[60144. 59946. 60619.] t2_sim:[63899. 64229. 63846.]
Task is 67.00% complete.
t1_sim:[60698. 60713. 62320.] t2_sim:[68266. 67910. 68119.]
Task is 68.00% complete.
t1_sim:[58460. 58783. 62539.] t2_sim:[57801. 57791. 60438.]
Task is 69.00% complete.
t1_sim:[64368. 64245. 66649.] t2_sim:[60222. 60459. 58724.]
Task is 70.00% complete.
t1_sim:[58564. 58897. 56079.] t2_sim:[60899. 60994. 60247.]
Task is 71.00% complete.
t1_sim:[64360. 64472. 65130.] t2_sim:[62023. 62160. 65044.]
Task is 72.00% complete.
t1_sim:[61423. 61221. 59305.] t2_sim:[64145. 64303. 64050.]
Task is 73.00% complete.
t1_sim:[62471. 62434. 65078.] t2_sim:[62399. 62309. 62726.]
Task is 74.00% complete.
t1_sim:[67360. 67491. 65858.] t2_sim:[66615. 67002. 66604.]
Task is 75.00% complete.
t1_sim:[68078. 67937. 70180.] t2_sim:[58595. 58763. 62542.]
Task is 76.00% complete.
t1_sim:[68997. 68657. 67635.] t2_sim:[61092. 61135. 63821.]
Task is 77.00% complete.
t1_sim:[63034. 62606. 61918.] t2_sim:[66166. 66597. 66310.]
Task is 78.00% complete.
t1_sim:[62952. 62779. 61917.] t2_sim:[67003. 67031. 64163.]
Task is 79.00% complete.
t1_sim:[59163. 59183. 59837.] t2_sim:[60878. 61388. 63063.]
Task is 80.00% complete.
t1_sim:[60505. 60697. 60227.] t2_sim:[58403. 58446. 59009.]
Task is 81.00% complete.
t1_sim:[66772. 67179. 66019.] t2_sim:[61977. 62015. 60398.]
Task is 82.00% complete.
t1_sim:[61063. 61157. 61915.] t2_sim:[62082. 62246. 63934.]
Task is 83.00% complete.
t1_sim:[61833. 61925. 62611.] t2_sim:[64911. 64857. 67437.]
Task is 84.00% complete.
t1_sim:[62718. 63151. 63320.] t2_sim:[62953. 62806. 59579.]
Task is 85.00% complete.
t1_sim:[65046. 65294. 61821.] t2_sim:[62111. 62446. 63812.]
Task is 86.00% complete.
t1_sim:[62203. 62140. 63703.] t2_sim:[55507. 55256. 54960.]
Task is 87.00% complete.
t1_sim:[65129. 64982. 65345.] t2_sim:[57532. 57543. 61279.]
Task is 88.00% complete.
t1_sim:[65824. 66025. 65653.] t2_sim:[61405. 61855. 63294.]
Task is 89.00% complete.
t1_sim:[58512. 59052. 60262.] t2_sim:[57894. 58158. 59355.]
Task is 90.00% complete.
t1_sim:[66126. 66100. 66470.] t2_sim:[65192. 65322. 64745.]
Task is 91.00% complete.
t1_sim:[58322. 58713. 58610.] t2_sim:[62734. 62420. 61366.]
Task is 92.00% complete.
t1_sim:[64622. 65157. 67365.] t2_sim:[60832. 60806. 58920.]
Task is 93.00% complete.
t1_sim:[62166. 61645. 61317.] t2_sim:[59409. 59598. 59758.]
Task is 94.00% complete.
t1_sim:[60177. 60454. 59335.] t2_sim:[57435. 56838. 58560.]
Task is 95.00% complete.
t1_sim:[61149. 61631. 61931.] t2_sim:[61437. 61219. 60639.]
Task is 96.00% complete.
t1_sim:[57972. 57628. 60625.] t2_sim:[65724. 66132. 63704.]
Task is 97.00% complete.
t1_sim:[61055. 60992. 60038.] t2_sim:[62537. 62921. 62512.]
Task is 98.00% complete.
t1_sim:[62402. 62639. 63908.] t2_sim:[65001. 65181. 63519.]
Task is 99.00% complete.
t1_sim:[57979. 58334. 58140.] t2_sim:[56598. 56836. 56738.]
Training start
t1_obs:[array(57704.), array(57744.), array(57782.)] t2_obs:[array(61157.), array(61020.), array(60913.)]
corr_G1:[None, None, -0.039131636065163816] corr_G2:[None, None, -0.23907823433960992]
Training end
Task is 0.00% complete.
t1_sim:[59919. 60155. 60510.] t2_sim:[59333. 59186. 60230.]
Task is 1.00% complete.
t1_sim:[63743. 63971. 62844.] t2_sim:[61311. 61356. 59524.]
Task is 2.00% complete.
t1_sim:[58193. 58141. 56747.] t2_sim:[67443. 67454. 67081.]
Task is 3.00% complete.
t1_sim:[61279. 61140. 60438.] t2_sim:[62854. 63246. 63668.]
Task is 4.00% complete.
t1_sim:[66389. 66130. 65071.] t2_sim:[64419. 64077. 64203.]
Task is 5.00% complete.
t1_sim:[62498. 62827. 63789.] t2_sim:[63445. 63192. 64596.]
Task is 6.00% complete.
t1_sim:[61392. 61789. 63836.] t2_sim:[65883. 65870. 65361.]
Task is 7.00% complete.
t1_sim:[61510. 61409. 59143.] t2_sim:[57310. 57580. 56750.]
Task is 8.00% complete.
t1_sim:[65697. 65552. 65447.] t2_sim:[64064. 63955. 63542.]
Task is 9.00% complete.
t1_sim:[60484. 60487. 61692.] t2_sim:[63861. 64262. 61568.]
Task is 10.00% complete.
t1_sim:[61855. 61262. 61875.] t2_sim:[58706. 59064. 60927.]
Task is 11.00% complete.
t1_sim:[68079. 68016. 68360.] t2_sim:[64735. 64784. 64503.]
Task is 12.00% complete.
t1_sim:[62036. 61995. 62365.] t2_sim:[64059. 64273. 66414.]
Task is 13.00% complete.
t1_sim:[63658. 63628. 62122.] t2_sim:[62204. 62592. 64247.]
Task is 14.00% complete.
t1_sim:[64512. 64698. 67200.] t2_sim:[60746. 61022. 64466.]
Task is 15.00% complete.
t1_sim:[63324. 63538. 62006.] t2_sim:[57930. 58219. 57740.]
Task is 16.00% complete.
t1_sim:[62779. 62663. 62863.] t2_sim:[63223. 63488. 62491.]
Task is 17.00% complete.
t1_sim:[64220. 64419. 63369.] t2_sim:[60812. 61128. 61018.]
Task is 18.00% complete.
t1_sim:[60759. 60700. 60171.] t2_sim:[61632. 61567. 61973.]
Task is 19.00% complete.
t1_sim:[64247. 64339. 62143.] t2_sim:[63345. 63465. 62976.]
Task is 20.00% complete.
t1_sim:[63431. 63416. 61854.] t2_sim:[66376. 66230. 65011.]
Task is 21.00% complete.
t1_sim:[63385. 63006. 59866.] t2_sim:[67514. 67289. 67485.]
Task is 22.00% complete.
t1_sim:[62420. 62541. 62625.] t2_sim:[62577. 62786. 58889.]
Task is 23.00% complete.
t1_sim:[64604. 64261. 60057.] t2_sim:[61756. 61717. 62978.]
Task is 24.00% complete.
t1_sim:[64369. 64453. 63029.] t2_sim:[63617. 63405. 63061.]
Task is 25.00% complete.
t1_sim:[64448. 64332. 65394.] t2_sim:[58823. 58991. 58553.]
Task is 26.00% complete.
t1_sim:[63684. 63964. 65375.] t2_sim:[67622. 67611. 65458.]
Task is 27.00% complete.
t1_sim:[58340. 58139. 58071.] t2_sim:[66573. 66506. 66245.]
Task is 28.00% complete.
t1_sim:[61256. 61217. 62786.] t2_sim:[60241. 60202. 60675.]
Task is 29.00% complete.
t1_sim:[66372. 66635. 66418.] t2_sim:[57336. 57258. 56356.]
Task is 30.00% complete.
t1_sim:[62545. 63189. 61973.] t2_sim:[63917. 63355. 61553.]
Task is 31.00% complete.
t1_sim:[63357. 63516. 63948.] t2_sim:[58328. 58377. 60582.]
Task is 32.00% complete.
t1_sim:[57156. 57378. 56753.] t2_sim:[61731. 61828. 60413.]
Task is 33.00% complete.
t1_sim:[65214. 65085. 61828.] t2_sim:[59605. 59354. 59053.]
Task is 34.00% complete.
t1_sim:[58071. 57992. 56371.] t2_sim:[67339. 67728. 66534.]
Task is 35.00% complete.
t1_sim:[59595. 59274. 59597.] t2_sim:[60712. 61171. 64050.]
Task is 36.00% complete.
t1_sim:[67923. 67699. 66897.] t2_sim:[63560. 63237. 59763.]
Task is 37.00% complete.
t1_sim:[60919. 61104. 60110.] t2_sim:[60293. 59897. 59326.]
Task is 38.00% complete.
t1_sim:[59796. 59821. 62415.] t2_sim:[60981. 60715. 62963.]
Task is 39.00% complete.
t1_sim:[57999. 58275. 59896.] t2_sim:[67648. 67961. 66526.]
Task is 40.00% complete.
t1_sim:[58725. 58921. 59131.] t2_sim:[66348. 66327. 64527.]
Task is 41.00% complete.
t1_sim:[61863. 62115. 61691.] t2_sim:[62099. 62270. 61819.]
Task is 42.00% complete.
t1_sim:[65365. 65512. 64465.] t2_sim:[67044. 67066. 67785.]
Task is 43.00% complete.
t1_sim:[63361. 63551. 64352.] t2_sim:[65815. 65841. 66210.]
Task is 44.00% complete.
t1_sim:[58106. 58265. 59037.] t2_sim:[59376. 59694. 62223.]
Task is 45.00% complete.
t1_sim:[63099. 62997. 63268.] t2_sim:[60801. 60915. 62529.]
Task is 46.00% complete.
t1_sim:[64594. 64522. 65509.] t2_sim:[55589. 55855. 55286.]
Task is 47.00% complete.
t1_sim:[60299. 60638. 61346.] t2_sim:[59242. 59395. 61184.]
Task is 48.00% complete.
t1_sim:[65490. 65715. 66937.] t2_sim:[63612. 63729. 65362.]
Task is 49.00% complete.
t1_sim:[59799. 59772. 61635.] t2_sim:[62489. 62538. 63444.]
Task is 50.00% complete.
t1_sim:[64926. 65072. 65170.] t2_sim:[60846. 60978. 60267.]
Task is 51.00% complete.
t1_sim:[63511. 63541. 59906.] t2_sim:[65735. 65435. 63637.]
Task is 52.00% complete.
t1_sim:[59588. 59626. 61968.] t2_sim:[56166. 56276. 56730.]
Task is 53.00% complete.
t1_sim:[58127. 57906. 59550.] t2_sim:[63815. 63043. 62181.]
Task is 54.00% complete.
t1_sim:[61673. 62178. 63476.] t2_sim:[58515. 58392. 59166.]
Task is 55.00% complete.
t1_sim:[60699. 61072. 60789.] t2_sim:[60386. 60136. 59603.]
Task is 56.00% complete.
t1_sim:[62414. 62363. 61302.] t2_sim:[68762. 68867. 65984.]
Task is 57.00% complete.
t1_sim:[63491. 63113. 61520.] t2_sim:[62758. 62746. 63243.]
Task is 58.00% complete.
t1_sim:[63395. 63818. 62829.] t2_sim:[60308. 60123. 58242.]
Task is 59.00% complete.
t1_sim:[59288. 59392. 60146.] t2_sim:[60471. 60638. 59924.]
Task is 60.00% complete.
t1_sim:[60529. 60895. 61328.] t2_sim:[65422. 65290. 64965.]
Task is 61.00% complete.
t1_sim:[60262. 60073. 59421.] t2_sim:[65154. 65221. 65934.]
Task is 62.00% complete.
t1_sim:[71165. 71148. 71923.] t2_sim:[58875. 58334. 59336.]
Task is 63.00% complete.
t1_sim:[58931. 59591. 59093.] t2_sim:[64302. 64381. 63975.]
Task is 64.00% complete.
t1_sim:[60330. 60004. 60794.] t2_sim:[62460. 62828. 61106.]
Task is 65.00% complete.
t1_sim:[56458. 56923. 55665.] t2_sim:[67469. 67576. 65540.]
Task is 66.00% complete.
t1_sim:[64165. 64388. 63663.] t2_sim:[64504. 64339. 64388.]
Task is 67.00% complete.
t1_sim:[63371. 63347. 60516.] t2_sim:[66562. 65958. 63179.]
Task is 68.00% complete.
t1_sim:[65334. 65047. 63492.] t2_sim:[61247. 61304. 59052.]
Task is 69.00% complete.
t1_sim:[61984. 61794. 61819.] t2_sim:[68570. 68694. 67235.]
Task is 70.00% complete.
t1_sim:[61611. 61563. 60655.] t2_sim:[64657. 64590. 64647.]
Task is 71.00% complete.
t1_sim:[59516. 59613. 58974.] t2_sim:[64951. 64886. 63774.]
Task is 72.00% complete.
t1_sim:[67135. 66307. 65232.] t2_sim:[71767. 71812. 69041.]
Task is 73.00% complete.
t1_sim:[60794. 60803. 64034.] t2_sim:[63513. 63350. 64387.]
Task is 74.00% complete.
t1_sim:[65167. 65217. 65879.] t2_sim:[64795. 65190. 67010.]
Task is 75.00% complete.
t1_sim:[60489. 60443. 59592.] t2_sim:[69082. 69197. 70156.]
Task is 76.00% complete.
t1_sim:[60467. 60282. 62355.] t2_sim:[56686. 56443. 56422.]
Task is 77.00% complete.
t1_sim:[63964. 63803. 64082.] t2_sim:[66559. 66142. 68796.]
Task is 78.00% complete.
t1_sim:[61257. 61399. 61524.] t2_sim:[61749. 61202. 60583.]
Task is 79.00% complete.
t1_sim:[61901. 62000. 63902.] t2_sim:[64861. 65121. 67714.]
Task is 80.00% complete.
t1_sim:[66433. 66835. 69101.] t2_sim:[63901. 64159. 63495.]
Task is 81.00% complete.
t1_sim:[58709. 58677. 59496.] t2_sim:[64466. 64282. 65365.]
Task is 82.00% complete.
t1_sim:[65543. 65461. 64797.] t2_sim:[67704. 67385. 66187.]
Task is 83.00% complete.
t1_sim:[64585. 64469. 60869.] t2_sim:[61491. 61498. 63795.]
Task is 84.00% complete.
t1_sim:[64606. 64207. 65096.] t2_sim:[68478. 68258. 66276.]
Task is 85.00% complete.
t1_sim:[62151. 62144. 62621.] t2_sim:[64093. 64218. 62416.]
Task is 86.00% complete.
t1_sim:[63511. 63356. 61886.] t2_sim:[64901. 65012. 68033.]
Task is 87.00% complete.
t1_sim:[63553. 63594. 61673.] t2_sim:[62147. 62029. 61211.]
Task is 88.00% complete.
t1_sim:[57663. 57690. 57626.] t2_sim:[66941. 66724. 65463.]
Task is 89.00% complete.
t1_sim:[58622. 59022. 59359.] t2_sim:[63881. 63532. 61916.]
Task is 90.00% complete.
t1_sim:[62751. 62510. 60775.] t2_sim:[65777. 66174. 67872.]
Task is 91.00% complete.
t1_sim:[68193. 67792. 64888.] t2_sim:[63861. 64062. 65366.]
Task is 92.00% complete.
t1_sim:[63148. 62679. 61367.] t2_sim:[59020. 58615. 57615.]
Task is 93.00% complete.
t1_sim:[61974. 62269. 63700.] t2_sim:[58710. 58716. 59254.]
Task is 94.00% complete.
t1_sim:[61067. 61429. 62683.] t2_sim:[62462. 62379. 60155.]
Task is 95.00% complete.
t1_sim:[61586. 61527. 62458.] t2_sim:[62812. 62938. 61169.]
Task is 96.00% complete.
t1_sim:[61084. 61295. 63110.] t2_sim:[64711. 64889. 65147.]
Task is 97.00% complete.
t1_sim:[62062. 62323. 59569.] t2_sim:[64194. 64255. 62774.]
Task is 98.00% complete.
t1_sim:[64498. 64078. 64499.] t2_sim:[61545. 62012. 62272.]
Task is 99.00% complete.
t1_sim:[66125. 66475. 67381.] t2_sim:[60538. 60395. 61365.]
Finished
