Begin
Training start
t1_obs:[array(63759.), array(63962.), array(65489.)] t2_obs:[array(60480.), array(60517.), array(58993.)]
corr_G1:[None, None, -7.891141228333889e-18] corr_G2:[None, None, 0]
Training end
Task is 0.00% complete.
t1_sim:[58798. 58787. 60765.] t2_sim:[64668. 64504. 63964.]
Task is 1.00% complete.
t1_sim:[61848. 62088. 62592.] t2_sim:[64509. 64381. 65181.]
Task is 2.00% complete.
t1_sim:[63927. 64100. 62793.] t2_sim:[62787. 62673. 64001.]
Task is 3.00% complete.
t1_sim:[58322. 58203. 60934.] t2_sim:[64477. 64257. 66569.]
Task is 4.00% complete.
t1_sim:[59637. 59376. 59929.] t2_sim:[64744. 65269. 66953.]
Task is 5.00% complete.
t1_sim:[67360. 67599. 67213.] t2_sim:[60790. 60885. 59430.]
Task is 6.00% complete.
t1_sim:[63856. 63664. 58794.] t2_sim:[67145. 66888. 64134.]
Task is 7.00% complete.
t1_sim:[65789. 66123. 66771.] t2_sim:[63028. 62641. 60547.]
Task is 8.00% complete.
t1_sim:[61699. 61556. 58871.] t2_sim:[64268. 63776. 69539.]
Task is 9.00% complete.
t1_sim:[66569. 66375. 70616.] t2_sim:[62516. 62205. 63954.]
Task is 10.00% complete.
t1_sim:[62211. 62249. 65241.] t2_sim:[59541. 59933. 60302.]
Task is 11.00% complete.
t1_sim:[62669. 62203. 61068.] t2_sim:[61367. 61366. 62236.]
Task is 12.00% complete.
t1_sim:[67852. 67670. 66033.] t2_sim:[64366. 64782. 66077.]
Task is 13.00% complete.
t1_sim:[63548. 63312. 61891.] t2_sim:[62276. 62364. 63914.]
Task is 14.00% complete.
t1_sim:[60623. 60960. 59097.] t2_sim:[65186. 64753. 62895.]
Task is 15.00% complete.
t1_sim:[61645. 61451. 65645.] t2_sim:[61262. 60891. 61737.]
Task is 16.00% complete.
t1_sim:[63410. 63625. 64769.] t2_sim:[63800. 63836. 65427.]
Task is 17.00% complete.
t1_sim:[63425. 62937. 64859.] t2_sim:[60172. 59803. 63859.]
Task is 18.00% complete.
t1_sim:[63601. 63611. 67878.] t2_sim:[58641. 58967. 61654.]
Task is 19.00% complete.
t1_sim:[62428. 62621. 65606.] t2_sim:[60086. 60251. 60735.]
Task is 20.00% complete.
t1_sim:[59038. 59059. 56299.] t2_sim:[56303. 56302. 56587.]
Task is 21.00% complete.
t1_sim:[63216. 63357. 57318.] t2_sim:[61325. 61420. 60878.]
Task is 22.00% complete.
t1_sim:[62025. 62242. 61720.] t2_sim:[60721. 60787. 61851.]
Task is 23.00% complete.
t1_sim:[65283. 65090. 66611.] t2_sim:[61328. 61442. 57106.]
Task is 24.00% complete.
t1_sim:[62284. 62833. 62862.] t2_sim:[67367. 67449. 62475.]
Task is 25.00% complete.
t1_sim:[59613. 59509. 61569.] t2_sim:[63095. 62872. 63875.]
Task is 26.00% complete.
t1_sim:[61360. 61225. 59953.] t2_sim:[67522. 67790. 65268.]
Task is 27.00% complete.
t1_sim:[63852. 63926. 60796.] t2_sim:[65316. 65154. 63664.]
Task is 28.00% complete.
t1_sim:[64810. 64541. 59977.] t2_sim:[57644. 57385. 59369.]
Task is 29.00% complete.
t1_sim:[61687. 61617. 60076.] t2_sim:[61232. 61234. 61703.]
Task is 30.00% complete.
t1_sim:[58795. 58958. 60179.] t2_sim:[62961. 62797. 64583.]
Task is 31.00% complete.
t1_sim:[61954. 62115. 63765.] t2_sim:[64761. 64712. 65270.]
Task is 32.00% complete.
t1_sim:[55858. 55916. 56388.] t2_sim:[64487. 64138. 65576.]
Task is 33.00% complete.
t1_sim:[63253. 62956. 62859.] t2_sim:[66087. 65806. 64441.]
Task is 34.00% complete.
t1_sim:[62720. 62837. 61617.] t2_sim:[61217. 61350. 60158.]
Task is 35.00% complete.
t1_sim:[60444. 60346. 61622.] t2_sim:[63744. 63465. 61246.]
Task is 36.00% complete.
t1_sim:[62895. 63251. 65956.] t2_sim:[62786. 62805. 64718.]
Task is 37.00% complete.
t1_sim:[60036. 60015. 63036.] t2_sim:[60155. 59806. 62824.]
Task is 38.00% complete.
t1_sim:[59924. 59690. 57687.] t2_sim:[64292. 64285. 61504.]
Task is 39.00% complete.
t1_sim:[59838. 59899. 61609.] t2_sim:[60641. 61020. 59239.]
Task is 40.00% complete.
t1_sim:[64554. 64342. 64470.] t2_sim:[60899. 60705. 63921.]
Task is 41.00% complete.
t1_sim:[65092. 64602. 65977.] t2_sim:[56829. 56879. 60530.]
Task is 42.00% complete.
t1_sim:[60806. 61306. 60803.] t2_sim:[59738. 59500. 60519.]
Task is 43.00% complete.
t1_sim:[62183. 62066. 61230.] t2_sim:[63461. 63317. 60799.]
Task is 44.00% complete.
t1_sim:[65883. 65800. 62384.] t2_sim:[55011. 55271. 56920.]
Task is 45.00% complete.
t1_sim:[68819. 68545. 63000.] t2_sim:[67349. 67101. 67605.]
Task is 46.00% complete.
t1_sim:[61184. 61402. 61193.] t2_sim:[61361. 61432. 56909.]
Task is 47.00% complete.
t1_sim:[58413. 58256. 60572.] t2_sim:[65397. 65055. 66205.]
Task is 48.00% complete.
t1_sim:[60289. 60207. 59866.] t2_sim:[64476. 64775. 62602.]
Task is 49.00% complete.
t1_sim:[62318. 62333. 62042.] t2_sim:[58799. 58679. 59486.]
Task is 50.00% complete.
t1_sim:[66915. 66677. 68145.] t2_sim:[58043. 58004. 60330.]
Task is 51.00% complete.
t1_sim:[58548. 58266. 58537.] t2_sim:[63381. 63247. 64311.]
Task is 52.00% complete.
t1_sim:[63111. 63127. 63612.] t2_sim:[66370. 66409. 68495.]
Task is 53.00% complete.
t1_sim:[60879. 61223. 58835.] t2_sim:[61585. 61039. 60001.]
Task is 54.00% complete.
t1_sim:[64006. 64074. 61652.] t2_sim:[68627. 68600. 69251.]
Task is 55.00% complete.
t1_sim:[63752. 63974. 62911.] t2_sim:[59883. 60133. 61572.]
Task is 56.00% complete.
t1_sim:[65192. 64950. 63470.] t2_sim:[58501. 58155. 56514.]
Task is 57.00% complete.
t1_sim:[61738. 61694. 60973.] t2_sim:[58586. 59028. 64270.]
Task is 58.00% complete.
t1_sim:[69393. 69256. 67251.] t2_sim:[62167. 61920. 61328.]
Task is 59.00% complete.
t1_sim:[64050. 63912. 60661.] t2_sim:[61889. 61783. 64643.]
Task is 60.00% complete.
t1_sim:[63686. 63303. 59596.] t2_sim:[63090. 63062. 64288.]
Task is 61.00% complete.
t1_sim:[62378. 62473. 61921.] t2_sim:[65972. 65890. 67354.]
Task is 62.00% complete.
t1_sim:[65794. 65919. 64758.] t2_sim:[63378. 63359. 60734.]
Task is 63.00% complete.
t1_sim:[60969. 60838. 60095.] t2_sim:[60512. 60441. 64597.]
Task is 64.00% complete.
t1_sim:[62725. 62750. 61550.] t2_sim:[64705. 64446. 64512.]
Task is 65.00% complete.
t1_sim:[65171. 65376. 67349.] t2_sim:[60478. 60189. 58251.]
Task is 66.00% complete.
t1_sim:[65969. 66128. 63369.] t2_sim:[63039. 62879. 63426.]
Task is 67.00% complete.
t1_sim:[59639. 59488. 55987.] t2_sim:[55052. 54899. 55724.]
Task is 68.00% complete.
t1_sim:[61473. 61305. 61641.] t2_sim:[61103. 61155. 59790.]
Task is 69.00% complete.
t1_sim:[57861. 58026. 60086.] t2_sim:[63835. 63900. 66561.]
Task is 70.00% complete.
t1_sim:[64391. 64410. 63752.] t2_sim:[64264. 64041. 63608.]
Task is 71.00% complete.
t1_sim:[64161. 64290. 60106.] t2_sim:[63458. 63340. 64293.]
Task is 72.00% complete.
t1_sim:[55686. 55346. 56319.] t2_sim:[70390. 70190. 67184.]
Task is 73.00% complete.
t1_sim:[62414. 62233. 63741.] t2_sim:[64765. 64781. 66068.]
Task is 74.00% complete.
t1_sim:[60484. 60850. 61150.] t2_sim:[61429. 61595. 59468.]
Task is 75.00% complete.
t1_sim:[67652. 67862. 66810.] t2_sim:[67702. 67899. 67737.]
Task is 76.00% complete.
t1_sim:[62593. 63019. 64111.] t2_sim:[68310. 67811. 65788.]
Task is 77.00% complete.
t1_sim:[65608. 65549. 65038.] t2_sim:[64660. 64884. 64442.]
Task is 78.00% complete.
t1_sim:[67007. 66767. 62705.] t2_sim:[62526. 62463. 63925.]
Task is 79.00% complete.
t1_sim:[68673. 68549. 67290.] t2_sim:[60204. 60284. 61115.]
Task is 80.00% complete.
t1_sim:[60607. 60462. 64145.] t2_sim:[60122. 60383. 63205.]
Task is 81.00% complete.
t1_sim:[58505. 58548. 59531.] t2_sim:[61097. 60835. 63495.]
Task is 82.00% complete.
t1_sim:[62448. 62504. 65740.] t2_sim:[56607. 56749. 53534.]
Task is 83.00% complete.
t1_sim:[60259. 60369. 62055.] t2_sim:[65552. 65485. 64284.]
Task is 84.00% complete.
t1_sim:[68632. 68404. 66044.] t2_sim:[60080. 60099. 58365.]
Task is 85.00% complete.
t1_sim:[61912. 62162. 59341.] t2_sim:[58556. 58260. 56239.]
Task is 86.00% complete.
t1_sim:[64635. 64791. 60128.] t2_sim:[62073. 61616. 59584.]
Task is 87.00% complete.
t1_sim:[64063. 64069. 65945.] t2_sim:[65267. 64874. 66397.]
Task is 88.00% complete.
t1_sim:[63283. 63304. 62919.] t2_sim:[59556. 59429. 60242.]
Task is 89.00% complete.
t1_sim:[56709. 56931. 55501.] t2_sim:[63703. 63620. 62057.]
Task is 90.00% complete.
t1_sim:[59857. 60186. 60521.] t2_sim:[58604. 58730. 61673.]
Task is 91.00% complete.
t1_sim:[57214. 57071. 59551.] t2_sim:[58408. 58339. 55468.]
Task is 92.00% complete.
t1_sim:[61351. 61568. 59596.] t2_sim:[69695. 69575. 68185.]
Task is 93.00% complete.
t1_sim:[61848. 61697. 61312.] t2_sim:[64536. 64682. 62308.]
Task is 94.00% complete.
t1_sim:[65781. 66239. 66642.] t2_sim:[62222. 62464. 59650.]
Task is 95.00% complete.
t1_sim:[58442. 58423. 59435.] t2_sim:[69111. 69277. 68309.]
Task is 96.00% complete.
t1_sim:[65038. 64659. 63161.] t2_sim:[66038. 66638. 63347.]
Task is 97.00% complete.
t1_sim:[65118. 65352. 62633.] t2_sim:[61725. 61655. 58262.]
Task is 98.00% complete.
t1_sim:[63823. 63461. 61777.] t2_sim:[60023. 59870. 64433.]
Task is 99.00% complete.
t1_sim:[59626. 59904. 62252.] t2_sim:[62900. 63188. 65169.]
Training start
t1_obs:[array(63759.), array(63962.), array(65902.)] t2_obs:[array(60480.), array(60517.), array(59713.)]
corr_G1:[None, None, 0.9982446931577132] corr_G2:[None, None, 0.9929484702425468]
Training end
Task is 0.00% complete.
t1_sim:[63925. 63857. 66046.] t2_sim:[63588. 63610. 62435.]
Task is 1.00% complete.
t1_sim:[66094. 66028. 64711.] t2_sim:[70671. 70923. 68752.]
Task is 2.00% complete.
t1_sim:[65007. 65380. 65254.] t2_sim:[58943. 58871. 55570.]
Task is 3.00% complete.
t1_sim:[60756. 60740. 60568.] t2_sim:[67989. 67848. 69475.]
Task is 4.00% complete.
t1_sim:[63608. 63479. 65499.] t2_sim:[62828. 63246. 62953.]
Task is 5.00% complete.
t1_sim:[55140. 55295. 54486.] t2_sim:[65093. 65669. 66567.]
Task is 6.00% complete.
t1_sim:[60739. 60577. 61438.] t2_sim:[59966. 59839. 59096.]
Task is 7.00% complete.
t1_sim:[64033. 64100. 65707.] t2_sim:[57415. 57291. 56678.]
Task is 8.00% complete.
t1_sim:[56126. 55895. 56608.] t2_sim:[63535. 63596. 62432.]
Task is 9.00% complete.
t1_sim:[60562. 60614. 58743.] t2_sim:[67050. 66966. 66768.]
Task is 10.00% complete.
t1_sim:[63524. 63210. 60161.] t2_sim:[61191. 61323. 62226.]
Task is 11.00% complete.
t1_sim:[62086. 62172. 63051.] t2_sim:[60784. 60628. 60782.]
Task is 12.00% complete.
t1_sim:[59224. 59021. 60202.] t2_sim:[69220. 69073. 67813.]
Task is 13.00% complete.
t1_sim:[62549. 62887. 61604.] t2_sim:[71784. 71939. 71635.]
Task is 14.00% complete.
t1_sim:[62586. 62495. 61279.] t2_sim:[63106. 63312. 61160.]
Task is 15.00% complete.
t1_sim:[61797. 62129. 61007.] t2_sim:[70661. 70375. 70139.]
Task is 16.00% complete.
t1_sim:[63203. 63410. 63331.] t2_sim:[66139. 66100. 65985.]
Task is 17.00% complete.
t1_sim:[71671. 71245. 72708.] t2_sim:[64980. 64930. 65052.]
Task is 18.00% complete.
t1_sim:[64189. 64308. 64499.] t2_sim:[62403. 61979. 60557.]
Task is 19.00% complete.
t1_sim:[58584. 58390. 60012.] t2_sim:[61700. 61710. 58214.]
Task is 20.00% complete.
t1_sim:[63449. 63353. 63659.] t2_sim:[62576. 62145. 61217.]
Task is 21.00% complete.
t1_sim:[58299. 58642. 57731.] t2_sim:[62224. 61786. 59753.]
Task is 22.00% complete.
t1_sim:[59239. 58891. 58342.] t2_sim:[62873. 63182. 64755.]
Task is 23.00% complete.
t1_sim:[60331. 60024. 60576.] t2_sim:[63958. 63842. 61861.]
Task is 24.00% complete.
t1_sim:[63498. 63592. 62175.] t2_sim:[59084. 59337. 62689.]
Task is 25.00% complete.
t1_sim:[59832. 59683. 57480.] t2_sim:[63847. 64140. 65470.]
Task is 26.00% complete.
t1_sim:[59095. 59457. 60126.] t2_sim:[62208. 62231. 61861.]
Task is 27.00% complete.
t1_sim:[69792. 69663. 70633.] t2_sim:[62387. 62561. 61038.]
Task is 28.00% complete.
t1_sim:[60758. 60452. 59321.] t2_sim:[65419. 65225. 62255.]
Task is 29.00% complete.
t1_sim:[67179. 67296. 65407.] t2_sim:[64381. 64319. 63154.]
Task is 30.00% complete.
t1_sim:[63000. 62676. 63118.] t2_sim:[63402. 63529. 65753.]
Task is 31.00% complete.
t1_sim:[59671. 59661. 57693.] t2_sim:[61914. 61841. 62995.]
Task is 32.00% complete.
t1_sim:[58607. 58606. 60305.] t2_sim:[62953. 62788. 61675.]
Task is 33.00% complete.
t1_sim:[62136. 62425. 61081.] t2_sim:[60391. 60363. 61469.]
Task is 34.00% complete.
t1_sim:[60828. 60921. 63135.] t2_sim:[62753. 62551. 64030.]
Task is 35.00% complete.
t1_sim:[61060. 60534. 59093.] t2_sim:[57178. 57465. 58403.]
Task is 36.00% complete.
t1_sim:[60204. 60399. 61267.] t2_sim:[62397. 62213. 62250.]
Task is 37.00% complete.
t1_sim:[57303. 57570. 57810.] t2_sim:[63971. 64410. 65974.]
Task is 38.00% complete.
t1_sim:[62670. 62759. 63674.] t2_sim:[60978. 60857. 62368.]
Task is 39.00% complete.
t1_sim:[61518. 61671. 64793.] t2_sim:[61543. 61617. 63885.]
Task is 40.00% complete.
t1_sim:[62120. 62074. 63245.] t2_sim:[58139. 58460. 58852.]
Task is 41.00% complete.
t1_sim:[65291. 64856. 62280.] t2_sim:[62339. 62131. 60202.]
Task is 42.00% complete.
t1_sim:[63348. 63301. 62523.] t2_sim:[57168. 57469. 59533.]
Task is 43.00% complete.
t1_sim:[57599. 57864. 58069.] t2_sim:[67002. 66902. 66391.]
Task is 44.00% complete.
t1_sim:[59217. 59203. 60004.] t2_sim:[64169. 64341. 65594.]
Task is 45.00% complete.
t1_sim:[63595. 64087. 65305.] t2_sim:[63611. 63229. 63057.]
Task is 46.00% complete.
t1_sim:[62133. 62191. 63861.] t2_sim:[66222. 66028. 63368.]
Task is 47.00% complete.
t1_sim:[64739. 64551. 65466.] t2_sim:[63937. 63956. 64643.]
Task is 48.00% complete.
t1_sim:[57277. 57076. 58267.] t2_sim:[65681. 65908. 66643.]
Task is 49.00% complete.
t1_sim:[59157. 59065. 59369.] t2_sim:[56145. 55969. 57017.]
Task is 50.00% complete.
t1_sim:[64571. 64705. 64738.] t2_sim:[62573. 62582. 63215.]
Task is 51.00% complete.
t1_sim:[60866. 60650. 60833.] t2_sim:[59676. 59930. 59382.]
Task is 52.00% complete.
t1_sim:[57842. 57486. 57332.] t2_sim:[56687. 57022. 57633.]
Task is 53.00% complete.
t1_sim:[62013. 62161. 64874.] t2_sim:[61798. 61882. 60190.]
Task is 54.00% complete.
t1_sim:[58063. 58203. 62299.] t2_sim:[60688. 60724. 61595.]
Task is 55.00% complete.
t1_sim:[60189. 59955. 59738.] t2_sim:[62285. 62295. 62701.]
Task is 56.00% complete.
t1_sim:[61305. 61416. 59744.] t2_sim:[61485. 61209. 62010.]
Task is 57.00% complete.
t1_sim:[64107. 63840. 66169.] t2_sim:[58935. 59128. 57343.]
Task is 58.00% complete.
t1_sim:[59009. 58867. 58564.] t2_sim:[70210. 70341. 69819.]
Task is 59.00% complete.
t1_sim:[66711. 66756. 66042.] t2_sim:[58150. 57927. 55832.]
Task is 60.00% complete.
t1_sim:[59742. 59940. 62356.] t2_sim:[62522. 62219. 62153.]
Task is 61.00% complete.
t1_sim:[65424. 65475. 65148.] t2_sim:[59877. 60286. 61948.]
Task is 62.00% complete.
t1_sim:[62485. 62728. 63904.] t2_sim:[60502. 60978. 63020.]
Task is 63.00% complete.
t1_sim:[70477. 70723. 70647.] t2_sim:[66816. 66152. 65430.]
Task is 64.00% complete.
t1_sim:[57967. 58079. 61766.] t2_sim:[62927. 62851. 62914.]
Task is 65.00% complete.
t1_sim:[63167. 63359. 61888.] t2_sim:[62162. 61915. 61243.]
Task is 66.00% complete.
t1_sim:[63809. 63620. 60282.] t2_sim:[63180. 63225. 62911.]
Task is 67.00% complete.
t1_sim:[66907. 66767. 65340.] t2_sim:[63786. 63958. 65496.]
Task is 68.00% complete.
t1_sim:[60372. 60013. 61632.] t2_sim:[62462. 62987. 61803.]
Task is 69.00% complete.
t1_sim:[61116. 61409. 60383.] t2_sim:[66878. 67027. 67158.]
Task is 70.00% complete.
t1_sim:[64634. 64823. 64260.] t2_sim:[65201. 64993. 67002.]
Task is 71.00% complete.
t1_sim:[59356. 59376. 62678.] t2_sim:[57438. 57352. 58939.]
Task is 72.00% complete.
t1_sim:[55405. 55010. 54559.] t2_sim:[65151. 64930. 65398.]
Task is 73.00% complete.
t1_sim:[63732. 63887. 64052.] t2_sim:[63699. 63657. 63671.]
Task is 74.00% complete.
t1_sim:[62330. 62144. 63720.] t2_sim:[62137. 62290. 62703.]
Task is 75.00% complete.
t1_sim:[58871. 58969. 60652.] t2_sim:[63249. 63024. 62534.]
Task is 76.00% complete.
t1_sim:[62148. 62228. 62659.] t2_sim:[64558. 64478. 65861.]
Task is 77.00% complete.
t1_sim:[63557. 63648. 64664.] t2_sim:[61554. 61438. 63911.]
Task is 78.00% complete.
t1_sim:[59829. 60031. 61225.] t2_sim:[64398. 64312. 63125.]
Task is 79.00% complete.
t1_sim:[60496. 60739. 58809.] t2_sim:[62274. 62321. 60924.]
Task is 80.00% complete.
t1_sim:[67953. 67839. 65263.] t2_sim:[63649. 63639. 63353.]
Task is 81.00% complete.
t1_sim:[52774. 52977. 56005.] t2_sim:[64911. 65113. 66240.]
Task is 82.00% complete.
t1_sim:[60496. 60079. 60608.] t2_sim:[60884. 60764. 61519.]
Task is 83.00% complete.
t1_sim:[58974. 59031. 60723.] t2_sim:[61144. 61174. 61507.]
Task is 84.00% complete.
t1_sim:[63374. 63665. 64166.] t2_sim:[62914. 62780. 64525.]
Task is 85.00% complete.
t1_sim:[64445. 64563. 62984.] t2_sim:[62031. 61929. 62889.]
Task is 86.00% complete.
t1_sim:[60302. 60101. 58511.] t2_sim:[65569. 65439. 66016.]
Task is 87.00% complete.
t1_sim:[58828. 58872. 57203.] t2_sim:[65700. 65699. 63805.]
Task is 88.00% complete.
t1_sim:[64306. 64505. 63766.] t2_sim:[65646. 65965. 66785.]
Task is 89.00% complete.
t1_sim:[66110. 66209. 63472.] t2_sim:[66176. 66174. 66066.]
Task is 90.00% complete.
t1_sim:[64544. 64480. 64317.] t2_sim:[60850. 61009. 58254.]
Task is 91.00% complete.
t1_sim:[67396. 66902. 65565.] t2_sim:[60685. 60312. 59043.]
Task is 92.00% complete.
t1_sim:[59235. 58805. 58749.] t2_sim:[58738. 58595. 60161.]
Task is 93.00% complete.
t1_sim:[66696. 66515. 64535.] t2_sim:[64650. 64549. 64393.]
Task is 94.00% complete.
t1_sim:[67448. 67021. 68800.] t2_sim:[64375. 63850. 65776.]
Task is 95.00% complete.
t1_sim:[60493. 60583. 59521.] t2_sim:[59933. 59972. 62142.]
Task is 96.00% complete.
t1_sim:[56046. 56421. 57793.] t2_sim:[63058. 63126. 62920.]
Task is 97.00% complete.
t1_sim:[61030. 61341. 61577.] t2_sim:[70134. 70485. 68485.]
Task is 98.00% complete.
t1_sim:[63466. 63734. 63647.] t2_sim:[54990. 54795. 55103.]
Task is 99.00% complete.
t1_sim:[68445. 68615. 66139.] t2_sim:[64966. 64908. 66157.]
Training start
t1_obs:[array(63759.), array(63962.), array(65818.)] t2_obs:[array(60480.), array(60517.), array(59660.)]
corr_G1:[None, None, 0.06637031312759493] corr_G2:[None, None, 0.053352321661190534]
Training end
Task is 0.00% complete.
t1_sim:[61877. 61771. 61347.] t2_sim:[64057. 64093. 62227.]
Task is 1.00% complete.
t1_sim:[55542. 55269. 56870.] t2_sim:[62603. 62890. 64437.]
Task is 2.00% complete.
t1_sim:[63113. 63042. 63605.] t2_sim:[61558. 61438. 59003.]
Task is 3.00% complete.
t1_sim:[62910. 63189. 64525.] t2_sim:[55317. 54776. 56192.]
Task is 4.00% complete.
t1_sim:[65804. 65760. 64326.] t2_sim:[67222. 67282. 69013.]
Task is 5.00% complete.
t1_sim:[57755. 57584. 60114.] t2_sim:[64279. 64123. 64741.]
Task is 6.00% complete.
t1_sim:[56967. 57185. 56659.] t2_sim:[64414. 64310. 63076.]
Task is 7.00% complete.
t1_sim:[66315. 65823. 65262.] t2_sim:[62997. 63033. 62459.]
Task is 8.00% complete.
t1_sim:[57183. 56998. 55508.] t2_sim:[63495. 63467. 61709.]
Task is 9.00% complete.
t1_sim:[61240. 61027. 60432.] t2_sim:[63942. 63856. 64364.]
Task is 10.00% complete.
t1_sim:[59827. 59677. 60397.] t2_sim:[61706. 61437. 61583.]
Task is 11.00% complete.
t1_sim:[61897. 61580. 62092.] t2_sim:[58587. 58648. 61041.]
Task is 12.00% complete.
t1_sim:[62854. 62699. 63673.] t2_sim:[57943. 57622. 55519.]
Task is 13.00% complete.
t1_sim:[58769. 58463. 56790.] t2_sim:[66903. 67046. 68342.]
Task is 14.00% complete.
t1_sim:[64665. 64529. 63331.] t2_sim:[61350. 61020. 60430.]
Task is 15.00% complete.
t1_sim:[61228. 61505. 61194.] t2_sim:[61868. 61597. 62045.]
Task is 16.00% complete.
t1_sim:[61362. 61263. 61622.] t2_sim:[61784. 61901. 64895.]
Task is 17.00% complete.
t1_sim:[60606. 60915. 61864.] t2_sim:[59694. 59751. 61196.]
Task is 18.00% complete.
t1_sim:[55380. 55514. 57587.] t2_sim:[62364. 62235. 62371.]
Task is 19.00% complete.
t1_sim:[62297. 62077. 62901.] t2_sim:[59214. 59266. 58524.]
Task is 20.00% complete.
t1_sim:[64137. 64143. 64987.] t2_sim:[60258. 59989. 61564.]
Task is 21.00% complete.
t1_sim:[62700. 62712. 61188.] t2_sim:[70241. 70438. 70662.]
Task is 22.00% complete.
t1_sim:[58661. 58373. 59756.] t2_sim:[69134. 69313. 68907.]
Task is 23.00% complete.
t1_sim:[60142. 60027. 60472.] t2_sim:[67016. 66618. 65639.]
Task is 24.00% complete.
t1_sim:[68856. 68679. 69142.] t2_sim:[61917. 61937. 63048.]
Task is 25.00% complete.
t1_sim:[64886. 65065. 65945.] t2_sim:[62507. 62954. 63964.]
Task is 26.00% complete.
t1_sim:[64623. 64889. 65159.] t2_sim:[60332. 60150. 60331.]
Task is 27.00% complete.
t1_sim:[65882. 66231. 65886.] t2_sim:[60568. 60443. 59886.]
Task is 28.00% complete.
t1_sim:[63490. 63316. 62631.] t2_sim:[68026. 68118. 67052.]
Task is 29.00% complete.
t1_sim:[66428. 66607. 67406.] t2_sim:[59750. 59588. 59572.]
Task is 30.00% complete.
t1_sim:[62129. 62165. 61439.] t2_sim:[64353. 63987. 62974.]
Task is 31.00% complete.
t1_sim:[66000. 66047. 64866.] t2_sim:[64621. 65209. 66941.]
Task is 32.00% complete.
t1_sim:[60238. 60452. 61110.] t2_sim:[55986. 55705. 56697.]
Task is 33.00% complete.
t1_sim:[69246. 69528. 67756.] t2_sim:[63185. 63251. 60953.]
Task is 34.00% complete.
t1_sim:[62969. 63045. 67413.] t2_sim:[57080. 56939. 57979.]
Task is 35.00% complete.
t1_sim:[64285. 64062. 61025.] t2_sim:[60420. 60755. 59574.]
Task is 36.00% complete.
t1_sim:[60709. 60500. 61766.] t2_sim:[65748. 65842. 66114.]
Task is 37.00% complete.
t1_sim:[58221. 58375. 58846.] t2_sim:[65730. 65850. 66425.]
Task is 38.00% complete.
t1_sim:[61435. 61261. 63542.] t2_sim:[64645. 64209. 62820.]
Task is 39.00% complete.
t1_sim:[58289. 58587. 58297.] t2_sim:[53160. 53573. 56489.]
Task is 40.00% complete.
t1_sim:[62422. 62201. 60783.] t2_sim:[59134. 59308. 59376.]
Task is 41.00% complete.
t1_sim:[61081. 60959. 61420.] t2_sim:[62859. 62661. 60447.]
Task is 42.00% complete.
t1_sim:[61595. 61404. 58695.] t2_sim:[60228. 59765. 57765.]
Task is 43.00% complete.
t1_sim:[67982. 67797. 65176.] t2_sim:[62815. 63252. 61707.]
Task is 44.00% complete.
t1_sim:[63445. 63228. 66434.] t2_sim:[60567. 60394. 61537.]
Task is 45.00% complete.
t1_sim:[61363. 61190. 61087.] t2_sim:[64391. 64443. 64733.]
Task is 46.00% complete.
t1_sim:[60883. 60852. 62000.] t2_sim:[58019. 58103. 57749.]
Task is 47.00% complete.
t1_sim:[63047. 62873. 61694.] t2_sim:[57937. 57887. 59400.]
Task is 48.00% complete.
t1_sim:[63338. 62682. 62900.] t2_sim:[61502. 61678. 64005.]
Task is 49.00% complete.
t1_sim:[61145. 61021. 60393.] t2_sim:[69430. 69560. 67254.]
Task is 50.00% complete.
t1_sim:[58812. 58285. 59081.] t2_sim:[64567. 64479. 64546.]
Task is 51.00% complete.
t1_sim:[65048. 64983. 63407.] t2_sim:[63791. 64012. 62580.]
Task is 52.00% complete.
t1_sim:[67609. 67631. 66746.] t2_sim:[59332. 59301. 59735.]
Task is 53.00% complete.
t1_sim:[62922. 62995. 59891.] t2_sim:[64426. 64263. 61662.]
Task is 54.00% complete.
t1_sim:[64270. 64371. 62849.] t2_sim:[66991. 66831. 66678.]
Task is 55.00% complete.
t1_sim:[58643. 58974. 59093.] t2_sim:[64970. 65101. 67220.]
Task is 56.00% complete.
t1_sim:[66220. 66140. 66765.] t2_sim:[64458. 64237. 63536.]
Task is 57.00% complete.
t1_sim:[64393. 64086. 63331.] t2_sim:[62986. 63086. 64632.]
Task is 58.00% complete.
t1_sim:[63474. 63550. 61637.] t2_sim:[57232. 57097. 56220.]
Task is 59.00% complete.
t1_sim:[63839. 63923. 65667.] t2_sim:[61263. 61443. 62068.]
Task is 60.00% complete.
t1_sim:[60928. 60744. 61196.] t2_sim:[70331. 69901. 69757.]
Task is 61.00% complete.
t1_sim:[60955. 61318. 60144.] t2_sim:[59706. 59566. 61541.]
Task is 62.00% complete.
t1_sim:[64228. 63903. 64974.] t2_sim:[58308. 58306. 59321.]
Task is 63.00% complete.
t1_sim:[58920. 58863. 58644.] t2_sim:[58295. 58338. 59766.]
Task is 64.00% complete.
t1_sim:[59959. 59811. 60248.] t2_sim:[62732. 62477. 59994.]
Task is 65.00% complete.
t1_sim:[64893. 64903. 63674.] t2_sim:[66317. 66318. 66316.]
Task is 66.00% complete.
t1_sim:[62072. 62072. 62857.] t2_sim:[62751. 62763. 64081.]
Task is 67.00% complete.
t1_sim:[68121. 67658. 67541.] t2_sim:[66657. 66595. 67525.]
Task is 68.00% complete.
t1_sim:[68761. 68915. 70347.] t2_sim:[62173. 62093. 61107.]
Task is 69.00% complete.
t1_sim:[59972. 59858. 59835.] t2_sim:[58492. 58522. 60562.]
Task is 70.00% complete.
t1_sim:[62060. 62138. 62102.] t2_sim:[63771. 63900. 64962.]
Task is 71.00% complete.
t1_sim:[70464. 70313. 68206.] t2_sim:[64869. 64868. 64904.]
Task is 72.00% complete.
t1_sim:[68761. 68908. 68351.] t2_sim:[63983. 64287. 61844.]
Task is 73.00% complete.
t1_sim:[61838. 61901. 63624.] t2_sim:[68524. 68248. 67148.]
Task is 74.00% complete.
t1_sim:[62640. 63011. 64376.] t2_sim:[65984. 66156. 62710.]
Task is 75.00% complete.
t1_sim:[61771. 61889. 61296.] t2_sim:[61926. 62265. 63494.]
Task is 76.00% complete.
t1_sim:[67821. 67470. 65048.] t2_sim:[64538. 64523. 63161.]
Task is 77.00% complete.
t1_sim:[65577. 65451. 65257.] t2_sim:[63002. 63455. 63572.]
Task is 78.00% complete.
t1_sim:[56787. 56572. 55005.] t2_sim:[63264. 63324. 61002.]
Task is 79.00% complete.
t1_sim:[61364. 60862. 60492.] t2_sim:[60889. 60738. 58895.]
Task is 80.00% complete.
t1_sim:[59563. 59594. 59550.] t2_sim:[63707. 63824. 63554.]
Task is 81.00% complete.
t1_sim:[56419. 56347. 56730.] t2_sim:[60066. 60308. 58893.]
Task is 82.00% complete.
t1_sim:[62224. 61886. 62013.] t2_sim:[53676. 53195. 52112.]
Task is 83.00% complete.
t1_sim:[59707. 60125. 60821.] t2_sim:[58106. 58200. 53878.]
Task is 84.00% complete.
t1_sim:[60808. 60944. 61376.] t2_sim:[59305. 59101. 60607.]
Task is 85.00% complete.
t1_sim:[62697. 62542. 63915.] t2_sim:[64937. 64992. 64482.]
Task is 86.00% complete.
t1_sim:[65658. 65834. 66544.] t2_sim:[63863. 64042. 64308.]
Task is 87.00% complete.
t1_sim:[54705. 54394. 55425.] t2_sim:[61811. 61894. 58681.]
Task is 88.00% complete.
t1_sim:[68578. 68175. 66407.] t2_sim:[59569. 59963. 62327.]
Task is 89.00% complete.
t1_sim:[60316. 60557. 59236.] t2_sim:[60869. 60737. 60946.]
Task is 90.00% complete.
t1_sim:[56260. 56685. 55984.] t2_sim:[63469. 63447. 63593.]
Task is 91.00% complete.
t1_sim:[59904. 60106. 59514.] t2_sim:[62198. 62765. 63069.]
Task is 92.00% complete.
t1_sim:[58152. 58218. 57771.] t2_sim:[67104. 66699. 62910.]
Task is 93.00% complete.
t1_sim:[61974. 62223. 61109.] t2_sim:[56601. 56719. 57984.]
Task is 94.00% complete.
t1_sim:[59452. 59828. 61004.] t2_sim:[63868. 63843. 65341.]
Task is 95.00% complete.
t1_sim:[65170. 64942. 64268.] t2_sim:[65318. 65470. 65463.]
Task is 96.00% complete.
t1_sim:[66675. 67121. 64960.] t2_sim:[62639. 62563. 61961.]
Task is 97.00% complete.
t1_sim:[65456. 65021. 63149.] t2_sim:[63643. 63719. 66597.]
Task is 98.00% complete.
t1_sim:[60234. 60240. 62965.] t2_sim:[63615. 63704. 64339.]
Task is 99.00% complete.
t1_sim:[65021. 65090. 68519.] t2_sim:[64042. 64002. 63732.]
Finished
