Begin
Training start
t1_obs:[array(61029.), array(61082.), array(60195.)] t2_obs:[array(58157.), array(58425.), array(60347.)]
corr_G1:[None, None, 0] corr_G2:[None, None, -8.081450022642246e-17]
Training end
Task is 0.00% complete.
t1_sim:[60098. 60257. 62250.] t2_sim:[62380. 62194. 60749.]
Task is 1.00% complete.
t1_sim:[63707. 63685. 63383.] t2_sim:[71815. 71977. 70068.]
Task is 2.00% complete.
t1_sim:[61666. 61981. 61889.] t2_sim:[61349. 61425. 63017.]
Task is 3.00% complete.
t1_sim:[61295. 61087. 60793.] t2_sim:[60283. 60426. 63595.]
Task is 4.00% complete.
t1_sim:[63042. 62818. 65520.] t2_sim:[59664. 59805. 59465.]
Task is 5.00% complete.
t1_sim:[59070. 59096. 61531.] t2_sim:[61444. 61145. 64693.]
Task is 6.00% complete.
t1_sim:[64760. 64946. 66488.] t2_sim:[63395. 63430. 65033.]
Task is 7.00% complete.
t1_sim:[62321. 62768. 62248.] t2_sim:[68029. 68360. 68211.]
Task is 8.00% complete.
t1_sim:[57319. 56729. 60567.] t2_sim:[63002. 62647. 62968.]
Task is 9.00% complete.
t1_sim:[58619. 58687. 57048.] t2_sim:[68366. 68502. 64711.]
Task is 10.00% complete.
t1_sim:[60673. 60468. 61809.] t2_sim:[62985. 62813. 63415.]
Task is 11.00% complete.
t1_sim:[66362. 66390. 65799.] t2_sim:[64104. 63899. 63238.]
Task is 12.00% complete.
t1_sim:[66293. 66293. 64474.] t2_sim:[58875. 58917. 62068.]
Task is 13.00% complete.
t1_sim:[60153. 59744. 61038.] t2_sim:[66748. 67227. 66037.]
Task is 14.00% complete.
t1_sim:[68090. 67952. 63462.] t2_sim:[60662. 60508. 61692.]
Task is 15.00% complete.
t1_sim:[62603. 63095. 61487.] t2_sim:[63520. 63474. 57690.]
Task is 16.00% complete.
t1_sim:[58702. 58783. 59151.] t2_sim:[61061. 61353. 63716.]
Task is 17.00% complete.
t1_sim:[62772. 62806. 59845.] t2_sim:[60968. 61326. 63022.]
Task is 18.00% complete.
t1_sim:[61880. 61682. 65159.] t2_sim:[60767. 60445. 60972.]
Task is 19.00% complete.
t1_sim:[69723. 69457. 68774.] t2_sim:[58100. 58515. 55870.]
Task is 20.00% complete.
t1_sim:[62758. 62759. 58968.] t2_sim:[66502. 66507. 68463.]
Task is 21.00% complete.
t1_sim:[62899. 63030. 63355.] t2_sim:[61899. 62343. 65528.]
Task is 22.00% complete.
t1_sim:[61556. 61933. 62998.] t2_sim:[62547. 62985. 68242.]
Task is 23.00% complete.
t1_sim:[64032. 63641. 63554.] t2_sim:[61095. 61004. 63846.]
Task is 24.00% complete.
t1_sim:[62645. 62657. 58793.] t2_sim:[62698. 63356. 63691.]
Task is 25.00% complete.
t1_sim:[63467. 63271. 61206.] t2_sim:[61014. 60997. 61875.]
Task is 26.00% complete.
t1_sim:[63877. 63426. 62870.] t2_sim:[60662. 60679. 56314.]
Task is 27.00% complete.
t1_sim:[62106. 62331. 63927.] t2_sim:[62353. 62343. 63743.]
Task is 28.00% complete.
t1_sim:[63142. 63062. 60849.] t2_sim:[67059. 66910. 67553.]
Task is 29.00% complete.
t1_sim:[64382. 64080. 59082.] t2_sim:[58173. 58354. 59622.]
Task is 30.00% complete.
t1_sim:[62280. 62234. 60548.] t2_sim:[65887. 65939. 61443.]
Task is 31.00% complete.
t1_sim:[62238. 62712. 60263.] t2_sim:[61411. 60992. 64611.]
Task is 32.00% complete.
t1_sim:[62251. 62525. 63817.] t2_sim:[63621. 63774. 64032.]
Task is 33.00% complete.
t1_sim:[62378. 62395. 60775.] t2_sim:[63893. 63802. 61687.]
Task is 34.00% complete.
t1_sim:[68364. 68441. 67116.] t2_sim:[59935. 59895. 60926.]
Task is 35.00% complete.
t1_sim:[65798. 65205. 64260.] t2_sim:[60952. 61160. 58270.]
Task is 36.00% complete.
t1_sim:[66135. 65867. 68517.] t2_sim:[62345. 62134. 60080.]
Task is 37.00% complete.
t1_sim:[64760. 64785. 64644.] t2_sim:[70972. 71252. 69342.]
Task is 38.00% complete.
t1_sim:[60167. 60575. 61005.] t2_sim:[68608. 68242. 68523.]
Task is 39.00% complete.
t1_sim:[63832. 63574. 68300.] t2_sim:[64622. 63907. 63510.]
Task is 40.00% complete.
t1_sim:[64723. 64952. 65617.] t2_sim:[60493. 60283. 62345.]
Task is 41.00% complete.
t1_sim:[61182. 60938. 61523.] t2_sim:[66421. 66401. 63621.]
Task is 42.00% complete.
t1_sim:[62496. 62599. 62572.] t2_sim:[58226. 59175. 62509.]
Task is 43.00% complete.
t1_sim:[61959. 61702. 62808.] t2_sim:[61117. 60746. 61621.]
Task is 44.00% complete.
t1_sim:[61430. 61785. 59410.] t2_sim:[58696. 58987. 61022.]
Task is 45.00% complete.
t1_sim:[63174. 63257. 61849.] t2_sim:[62531. 62400. 62333.]
Task is 46.00% complete.
t1_sim:[63871. 64256. 66203.] t2_sim:[63299. 63407. 60817.]
Task is 47.00% complete.
t1_sim:[64699. 64454. 61509.] t2_sim:[60496. 60483. 59492.]
Task is 48.00% complete.
t1_sim:[64772. 65377. 66727.] t2_sim:[67240. 67366. 66130.]
Task is 49.00% complete.
t1_sim:[61701. 61379. 58942.] t2_sim:[64215. 64239. 63746.]
Task is 50.00% complete.
t1_sim:[61919. 61685. 59655.] t2_sim:[64987. 65154. 65019.]
Task is 51.00% complete.
t1_sim:[67103. 67148. 62775.] t2_sim:[62867. 62853. 64627.]
Task is 52.00% complete.
t1_sim:[63761. 63355. 65373.] t2_sim:[64794. 64420. 61167.]
Task is 53.00% complete.
t1_sim:[63623. 63485. 63794.] t2_sim:[61230. 61308. 61684.]
Task is 54.00% complete.
t1_sim:[66190. 66223. 70210.] t2_sim:[62521. 62829. 67385.]
Task is 55.00% complete.
t1_sim:[68897. 68493. 66828.] t2_sim:[63913. 63999. 66368.]
Task is 56.00% complete.
t1_sim:[66375. 66235. 59124.] t2_sim:[69040. 68983. 70682.]
Task is 57.00% complete.
t1_sim:[59500. 59578. 59881.] t2_sim:[66022. 66257. 66799.]
Task is 58.00% complete.
t1_sim:[58978. 59199. 60301.] t2_sim:[59067. 59192. 58290.]
Task is 59.00% complete.
t1_sim:[63975. 64133. 66508.] t2_sim:[64056. 63840. 63395.]
Task is 60.00% complete.
t1_sim:[64263. 64406. 64495.] t2_sim:[67576. 67653. 64791.]
Task is 61.00% complete.
t1_sim:[66158. 66409. 68545.] t2_sim:[66473. 66784. 64529.]
Task is 62.00% complete.
t1_sim:[56840. 57192. 58239.] t2_sim:[62817. 62644. 58538.]
Task is 63.00% complete.
t1_sim:[59067. 59131. 58642.] t2_sim:[60579. 60653. 61408.]
Task is 64.00% complete.
t1_sim:[59085. 59316. 60082.] t2_sim:[68248. 68368. 70905.]
Task is 65.00% complete.
t1_sim:[57292. 57219. 61272.] t2_sim:[59903. 59797. 65210.]
Task is 66.00% complete.
t1_sim:[58276. 58097. 59940.] t2_sim:[61386. 61549. 62892.]
Task is 67.00% complete.
t1_sim:[67454. 67230. 65385.] t2_sim:[64529. 64317. 61363.]
Task is 68.00% complete.
t1_sim:[59265. 59190. 60839.] t2_sim:[63121. 63533. 65073.]
Task is 69.00% complete.
t1_sim:[62194. 62468. 60799.] t2_sim:[61533. 61445. 59378.]
Task is 70.00% complete.
t1_sim:[66509. 66792. 64740.] t2_sim:[59265. 59247. 61778.]
Task is 71.00% complete.
t1_sim:[61876. 62501. 62351.] t2_sim:[60657. 60437. 60210.]
Task is 72.00% complete.
t1_sim:[62014. 62250. 60333.] t2_sim:[61314. 61413. 59324.]
Task is 73.00% complete.
t1_sim:[60261. 60671. 58760.] t2_sim:[62894. 63319. 60830.]
Task is 74.00% complete.
t1_sim:[68181. 68201. 64857.] t2_sim:[65783. 65645. 62285.]
Task is 75.00% complete.
t1_sim:[57005. 56758. 55468.] t2_sim:[64444. 64905. 63460.]
Task is 76.00% complete.
t1_sim:[62893. 63110. 63075.] t2_sim:[59393. 59641. 58411.]
Task is 77.00% complete.
t1_sim:[61510. 61438. 62038.] t2_sim:[67350. 67480. 67796.]
Task is 78.00% complete.
t1_sim:[52385. 52659. 54566.] t2_sim:[66044. 66025. 65288.]
Task is 79.00% complete.
t1_sim:[58288. 58118. 58347.] t2_sim:[59480. 59794. 61414.]
Task is 80.00% complete.
t1_sim:[65014. 65287. 65668.] t2_sim:[66134. 65517. 63592.]
Task is 81.00% complete.
t1_sim:[64154. 63649. 62502.] t2_sim:[68433. 68752. 68695.]
Task is 82.00% complete.
t1_sim:[65226. 65071. 62926.] t2_sim:[58151. 57538. 60646.]
Task is 83.00% complete.
t1_sim:[61408. 61060. 64266.] t2_sim:[62511. 62668. 62857.]
Task is 84.00% complete.
t1_sim:[65807. 66045. 64660.] t2_sim:[56513. 56612. 56013.]
Task is 85.00% complete.
t1_sim:[66859. 66859. 64587.] t2_sim:[62591. 62337. 59266.]
Task is 86.00% complete.
t1_sim:[57453. 57445. 58664.] t2_sim:[58691. 58643. 59939.]
Task is 87.00% complete.
t1_sim:[66034. 65836. 63687.] t2_sim:[65818. 65797. 67524.]
Task is 88.00% complete.
t1_sim:[67354. 67049. 64523.] t2_sim:[62740. 63313. 59407.]
Task is 89.00% complete.
t1_sim:[59878. 59688. 60058.] t2_sim:[63198. 63501. 61972.]
Task is 90.00% complete.
t1_sim:[64522. 64640. 61969.] t2_sim:[67685. 67859. 68120.]
Task is 91.00% complete.
t1_sim:[63192. 63489. 66466.] t2_sim:[59512. 59400. 63033.]
Task is 92.00% complete.
t1_sim:[58414. 57682. 56812.] t2_sim:[59058. 58605. 61909.]
Task is 93.00% complete.
t1_sim:[59197. 59304. 61013.] t2_sim:[63275. 63326. 62827.]
Task is 94.00% complete.
t1_sim:[61139. 61442. 61521.] t2_sim:[68055. 67921. 71097.]
Task is 95.00% complete.
t1_sim:[69245. 69244. 68591.] t2_sim:[62113. 62129. 62884.]
Task is 96.00% complete.
t1_sim:[60706. 60463. 62632.] t2_sim:[65397. 65200. 64299.]
Task is 97.00% complete.
t1_sim:[59945. 59407. 61324.] t2_sim:[61265. 60846. 58804.]
Task is 98.00% complete.
t1_sim:[64084. 64091. 59587.] t2_sim:[54884. 55259. 58433.]
Task is 99.00% complete.
t1_sim:[64687. 64468. 63905.] t2_sim:[60239. 60560. 63331.]
Training start
t1_obs:[array(61029.), array(61082.), array(61093.)] t2_obs:[array(58157.), array(58425.), array(57794.)]
corr_G1:[None, None, 0.9998451805540477] corr_G2:[None, None, 0.9898879886161953]
Training end
Task is 0.00% complete.
t1_sim:[60099. 60558. 63508.] t2_sim:[66514. 66465. 63906.]
Task is 1.00% complete.
t1_sim:[60078. 59989. 61445.] t2_sim:[62240. 62500. 64093.]
Task is 2.00% complete.
t1_sim:[58699. 58838. 58230.] t2_sim:[62658. 62498. 63531.]
Task is 3.00% complete.
t1_sim:[66747. 67016. 67245.] t2_sim:[62302. 61681. 59245.]
Task is 4.00% complete.
t1_sim:[58498. 58753. 58715.] t2_sim:[58613. 58552. 59134.]
Task is 5.00% complete.
t1_sim:[64262. 64735. 63131.] t2_sim:[61695. 62076. 60019.]
Task is 6.00% complete.
t1_sim:[68084. 67615. 65705.] t2_sim:[61006. 61110. 60591.]
Task is 7.00% complete.
t1_sim:[65975. 66326. 67261.] t2_sim:[60765. 60982. 61463.]
Task is 8.00% complete.
t1_sim:[62192. 62122. 62766.] t2_sim:[65726. 65627. 63569.]
Task is 9.00% complete.
t1_sim:[63229. 63414. 63930.] t2_sim:[57661. 57778. 58139.]
Task is 10.00% complete.
t1_sim:[66179. 66630. 67250.] t2_sim:[62105. 62550. 63482.]
Task is 11.00% complete.
t1_sim:[64295. 64434. 63153.] t2_sim:[66986. 67165. 68162.]
Task is 12.00% complete.
t1_sim:[62034. 62167. 64205.] t2_sim:[58800. 58674. 58685.]
Task is 13.00% complete.
t1_sim:[57811. 57623. 57732.] t2_sim:[63085. 63036. 63035.]
Task is 14.00% complete.
t1_sim:[62652. 62718. 63571.] t2_sim:[61280. 61524. 61405.]
Task is 15.00% complete.
t1_sim:[58428. 58745. 60546.] t2_sim:[56545. 56490. 57431.]
Task is 16.00% complete.
t1_sim:[59547. 60017. 59631.] t2_sim:[57371. 57287. 58684.]
Task is 17.00% complete.
t1_sim:[68396. 68355. 69007.] t2_sim:[64938. 64893. 63219.]
Task is 18.00% complete.
t1_sim:[62648. 62815. 64732.] t2_sim:[65234. 65261. 64733.]
Task is 19.00% complete.
t1_sim:[60912. 60778. 60321.] t2_sim:[62632. 62192. 64009.]
Task is 20.00% complete.
t1_sim:[64657. 64785. 66010.] t2_sim:[64089. 64276. 65131.]
Task is 21.00% complete.
t1_sim:[60052. 60241. 61222.] t2_sim:[60835. 60500. 61734.]
Task is 22.00% complete.
t1_sim:[62892. 63310. 62796.] t2_sim:[61757. 61509. 60339.]
Task is 23.00% complete.
t1_sim:[66419. 66391. 67513.] t2_sim:[62725. 62485. 64538.]
Task is 24.00% complete.
t1_sim:[56600. 56531. 55656.] t2_sim:[55234. 55589. 58595.]
Task is 25.00% complete.
t1_sim:[59699. 59875. 57697.] t2_sim:[59437. 59170. 59016.]
Task is 26.00% complete.
t1_sim:[62221. 61595. 58682.] t2_sim:[64707. 64619. 64454.]
Task is 27.00% complete.
t1_sim:[61418. 61481. 62571.] t2_sim:[67590. 67532. 69371.]
Task is 28.00% complete.
t1_sim:[64307. 64518. 62029.] t2_sim:[59954. 60222. 60399.]
Task is 29.00% complete.
t1_sim:[56632. 56540. 56590.] t2_sim:[64868. 64893. 64151.]
Task is 30.00% complete.
t1_sim:[59143. 59228. 58503.] t2_sim:[60410. 61021. 61883.]
Task is 31.00% complete.
t1_sim:[60360. 60413. 61534.] t2_sim:[67508. 67682. 68352.]
Task is 32.00% complete.
t1_sim:[61187. 61464. 62049.] t2_sim:[67843. 68158. 66979.]
Task is 33.00% complete.
t1_sim:[67539. 67585. 67736.] t2_sim:[65206. 65524. 65190.]
Task is 34.00% complete.
t1_sim:[67850. 67776. 68681.] t2_sim:[62234. 62157. 61532.]
Task is 35.00% complete.
t1_sim:[59940. 59503. 59803.] t2_sim:[67343. 67403. 66787.]
Task is 36.00% complete.
t1_sim:[67365. 67705. 66732.] t2_sim:[60671. 60805. 60108.]
Task is 37.00% complete.
t1_sim:[58286. 58108. 59904.] t2_sim:[63439. 63577. 64105.]
Task is 38.00% complete.
t1_sim:[61254. 61290. 62328.] t2_sim:[58768. 58971. 60755.]
Task is 39.00% complete.
t1_sim:[55739. 55884. 53525.] t2_sim:[65902. 65938. 66350.]
Task is 40.00% complete.
t1_sim:[58198. 58642. 58757.] t2_sim:[61599. 61041. 60753.]
Task is 41.00% complete.
t1_sim:[66690. 66590. 67405.] t2_sim:[61474. 61824. 60097.]
Task is 42.00% complete.
t1_sim:[59705. 59680. 59269.] t2_sim:[60554. 60363. 61803.]
Task is 43.00% complete.
t1_sim:[64821. 64801. 63840.] t2_sim:[63910. 63830. 63727.]
Task is 44.00% complete.
t1_sim:[68444. 69146. 68908.] t2_sim:[58194. 57975. 60170.]
Task is 45.00% complete.
t1_sim:[62693. 62858. 61159.] t2_sim:[59357. 59456. 57015.]
Task is 46.00% complete.
t1_sim:[60212. 60518. 61093.] t2_sim:[63749. 63441. 63257.]
Task is 47.00% complete.
t1_sim:[61233. 61597. 61405.] t2_sim:[60663. 60409. 59946.]
Task is 48.00% complete.
t1_sim:[61224. 61456. 61121.] t2_sim:[66119. 65974. 65237.]
Task is 49.00% complete.
t1_sim:[59551. 59580. 61816.] t2_sim:[57948. 58052. 59364.]
Task is 50.00% complete.
t1_sim:[58163. 57934. 58746.] t2_sim:[68823. 68725. 68088.]
Task is 51.00% complete.
t1_sim:[65142. 65440. 65571.] t2_sim:[63173. 62724. 62949.]
Task is 52.00% complete.
t1_sim:[65316. 65542. 65657.] t2_sim:[57791. 58095. 58231.]
Task is 53.00% complete.
t1_sim:[62308. 61915. 60209.] t2_sim:[62612. 62869. 65447.]
Task is 54.00% complete.
t1_sim:[61055. 61316. 59497.] t2_sim:[59437. 59571. 59662.]
Task is 55.00% complete.
t1_sim:[57634. 57748. 60501.] t2_sim:[59622. 59316. 60303.]
Task is 56.00% complete.
t1_sim:[65411. 65088. 64651.] t2_sim:[63496. 63885. 63282.]
Task is 57.00% complete.
t1_sim:[67173. 67176. 68289.] t2_sim:[67581. 67317. 69575.]
Task is 58.00% complete.
t1_sim:[64996. 65057. 65630.] t2_sim:[56598. 56734. 54993.]
Task is 59.00% complete.
t1_sim:[61884. 61992. 62428.] t2_sim:[64656. 64445. 64969.]
Task is 60.00% complete.
t1_sim:[64708. 64348. 63226.] t2_sim:[66575. 66569. 66107.]
Task is 61.00% complete.
t1_sim:[59730. 59305. 59852.] t2_sim:[62380. 62409. 61585.]
Task is 62.00% complete.
t1_sim:[62114. 61859. 62373.] t2_sim:[58151. 58236. 58134.]
Task is 63.00% complete.
t1_sim:[62815. 62615. 64418.] t2_sim:[58342. 58401. 59365.]
Task is 64.00% complete.
t1_sim:[69806. 69723. 66890.] t2_sim:[63759. 63723. 63271.]
Task is 65.00% complete.
t1_sim:[59490. 59339. 58239.] t2_sim:[59469. 59644. 58978.]
Task is 66.00% complete.
t1_sim:[60235. 59991. 57773.] t2_sim:[64505. 64712. 63626.]
Task is 67.00% complete.
t1_sim:[62140. 62216. 63098.] t2_sim:[60318. 60494. 59708.]
Task is 68.00% complete.
t1_sim:[62074. 62219. 63074.] t2_sim:[65787. 65340. 65377.]
Task is 69.00% complete.
t1_sim:[66786. 66679. 65825.] t2_sim:[66690. 66536. 66067.]
Task is 70.00% complete.
t1_sim:[61881. 61550. 62653.] t2_sim:[64340. 64634. 64569.]
Task is 71.00% complete.
t1_sim:[60302. 60217. 59658.] t2_sim:[63730. 64209. 64354.]
Task is 72.00% complete.
t1_sim:[70854. 70940. 67955.] t2_sim:[62016. 62044. 61784.]
Task is 73.00% complete.
t1_sim:[60454. 60846. 61055.] t2_sim:[64066. 63980. 62681.]
Task is 74.00% complete.
t1_sim:[64950. 64997. 65399.] t2_sim:[65374. 65455. 65483.]
Task is 75.00% complete.
t1_sim:[69373. 69197. 66971.] t2_sim:[61877. 61759. 61105.]
Task is 76.00% complete.
t1_sim:[69302. 69424. 69366.] t2_sim:[67582. 67122. 65723.]
Task is 77.00% complete.
t1_sim:[67133. 66821. 66816.] t2_sim:[62769. 62850. 62279.]
Task is 78.00% complete.
t1_sim:[64151. 64219. 63240.] t2_sim:[61562. 61041. 60096.]
Task is 79.00% complete.
t1_sim:[65216. 65333. 66170.] t2_sim:[61302. 61340. 62737.]
Task is 80.00% complete.
t1_sim:[67330. 67018. 66776.] t2_sim:[59937. 60088. 62269.]
Task is 81.00% complete.
t1_sim:[60988. 61087. 62351.] t2_sim:[68591. 68497. 67291.]
Task is 82.00% complete.
t1_sim:[63156. 63202. 63247.] t2_sim:[62617. 62604. 60950.]
Task is 83.00% complete.
t1_sim:[62451. 62408. 63098.] t2_sim:[62694. 62602. 63396.]
Task is 84.00% complete.
t1_sim:[62811. 62786. 60808.] t2_sim:[63510. 62760. 63503.]
Task is 85.00% complete.
t1_sim:[61642. 61981. 63943.] t2_sim:[64029. 64075. 64116.]
Task is 86.00% complete.
t1_sim:[62975. 62779. 61276.] t2_sim:[61946. 61776. 62032.]
Task is 87.00% complete.
t1_sim:[61485. 61389. 60073.] t2_sim:[68407. 68483. 67542.]
Task is 88.00% complete.
t1_sim:[58894. 59038. 60159.] t2_sim:[58250. 57663. 54661.]
Task is 89.00% complete.
t1_sim:[60203. 60201. 58012.] t2_sim:[63562. 64093. 66777.]
Task is 90.00% complete.
t1_sim:[61850. 61976. 60066.] t2_sim:[63985. 64033. 64029.]
Task is 91.00% complete.
t1_sim:[58811. 58624. 57132.] t2_sim:[62794. 62638. 61914.]
Task is 92.00% complete.
t1_sim:[61534. 61567. 60152.] t2_sim:[66459. 66841. 67210.]
Task is 93.00% complete.
t1_sim:[65263. 65302. 64785.] t2_sim:[60969. 61245. 62545.]
Task is 94.00% complete.
t1_sim:[63430. 63191. 63784.] t2_sim:[66486. 66697. 65361.]
Task is 95.00% complete.
t1_sim:[72708. 72427. 71218.] t2_sim:[59657. 59723. 61718.]
Task is 96.00% complete.
t1_sim:[62161. 62026. 63534.] t2_sim:[59278. 59087. 61561.]
Task is 97.00% complete.
t1_sim:[62852. 62939. 64445.] t2_sim:[63774. 63660. 63380.]
Task is 98.00% complete.
t1_sim:[65196. 65324. 63622.] t2_sim:[65566. 65581. 64782.]
Task is 99.00% complete.
t1_sim:[62255. 62285. 62799.] t2_sim:[62062. 62224. 63278.]
Training start
t1_obs:[array(61029.), array(61082.), array(62322.)] t2_obs:[array(58157.), array(58425.), array(57883.)]
corr_G1:[None, None, -0.07812688380659878] corr_G2:[None, None, -0.0799107437893769]
Training end
Task is 0.00% complete.
t1_sim:[62707. 62381. 63551.] t2_sim:[60117. 60362. 61999.]
Task is 1.00% complete.
t1_sim:[65550. 65391. 67627.] t2_sim:[58411. 58035. 55433.]
Task is 2.00% complete.
t1_sim:[63581. 63499. 63962.] t2_sim:[59540. 59337. 59206.]
Task is 3.00% complete.
t1_sim:[61312. 61526. 61334.] t2_sim:[64489. 64481. 62643.]
Task is 4.00% complete.
t1_sim:[61834. 61712. 62896.] t2_sim:[61176. 61098. 60763.]
Task is 5.00% complete.
t1_sim:[62249. 62361. 66407.] t2_sim:[58664. 58657. 58349.]
Task is 6.00% complete.
t1_sim:[61692. 62086. 64348.] t2_sim:[61994. 61790. 61568.]
Task is 7.00% complete.
t1_sim:[60305. 60449. 63295.] t2_sim:[60171. 60142. 61813.]
Task is 8.00% complete.
t1_sim:[64058. 64014. 64792.] t2_sim:[59781. 59798. 58608.]
Task is 9.00% complete.
t1_sim:[63559. 63688. 67907.] t2_sim:[62722. 62309. 63161.]
Task is 10.00% complete.
t1_sim:[63496. 63566. 65242.] t2_sim:[65254. 65264. 63206.]
Task is 11.00% complete.
t1_sim:[65044. 65073. 64282.] t2_sim:[64266. 64215. 64701.]
Task is 12.00% complete.
t1_sim:[65455. 65779. 66568.] t2_sim:[63133. 63182. 63115.]
Task is 13.00% complete.
t1_sim:[63273. 63120. 65883.] t2_sim:[61465. 61713. 62847.]
Task is 14.00% complete.
t1_sim:[65723. 65494. 68243.] t2_sim:[65159. 64984. 63917.]
Task is 15.00% complete.
t1_sim:[60210. 60146. 57958.] t2_sim:[61176. 60994. 62035.]
Task is 16.00% complete.
t1_sim:[59381. 59419. 61632.] t2_sim:[67444. 67405. 68043.]
Task is 17.00% complete.
t1_sim:[61745. 61913. 65952.] t2_sim:[63609. 63443. 64613.]
Task is 18.00% complete.
t1_sim:[62017. 61740. 61498.] t2_sim:[56749. 56795. 59109.]
Task is 19.00% complete.
t1_sim:[61018. 60866. 61491.] t2_sim:[71071. 70896. 69688.]
Task is 20.00% complete.
t1_sim:[60952. 61193. 62554.] t2_sim:[56962. 56934. 56954.]
Task is 21.00% complete.
t1_sim:[62136. 61928. 63185.] t2_sim:[64913. 64909. 63547.]
Task is 22.00% complete.
t1_sim:[64306. 64333. 68110.] t2_sim:[62378. 62353. 61794.]
Task is 23.00% complete.
t1_sim:[66969. 67080. 67142.] t2_sim:[56118. 56019. 56304.]
Task is 24.00% complete.
t1_sim:[61663. 61802. 61336.] t2_sim:[66124. 66083. 66448.]
Task is 25.00% complete.
t1_sim:[54785. 55108. 57953.] t2_sim:[59513. 59558. 59675.]
Task is 26.00% complete.
t1_sim:[62917. 62882. 65205.] t2_sim:[64500. 64453. 62494.]
Task is 27.00% complete.
t1_sim:[57303. 57004. 57742.] t2_sim:[61500. 61437. 63015.]
Task is 28.00% complete.
t1_sim:[59726. 59889. 61672.] t2_sim:[63808. 63791. 61156.]
Task is 29.00% complete.
t1_sim:[65530. 65836. 66455.] t2_sim:[62425. 62230. 64403.]
Task is 30.00% complete.
t1_sim:[62301. 62300. 63455.] t2_sim:[59022. 59491. 60869.]
Task is 31.00% complete.
t1_sim:[65001. 64940. 65990.] t2_sim:[61192. 61564. 60602.]
Task is 32.00% complete.
t1_sim:[56221. 56007. 55614.] t2_sim:[61393. 61699. 62998.]
Task is 33.00% complete.
t1_sim:[63794. 63672. 67239.] t2_sim:[62431. 62168. 63330.]
Task is 34.00% complete.
t1_sim:[63083. 62966. 65421.] t2_sim:[58570. 58590. 59051.]
Task is 35.00% complete.
t1_sim:[59425. 59584. 61096.] t2_sim:[63413. 63400. 63447.]
Task is 36.00% complete.
t1_sim:[65287. 65745. 66609.] t2_sim:[62286. 62322. 63759.]
Task is 37.00% complete.
t1_sim:[59903. 59868. 60401.] t2_sim:[63712. 63510. 63736.]
Task is 38.00% complete.
t1_sim:[66613. 66725. 68036.] t2_sim:[64073. 64457. 63985.]
Task is 39.00% complete.
t1_sim:[58355. 58477. 57220.] t2_sim:[60020. 59847. 58787.]
Task is 40.00% complete.
t1_sim:[63317. 63315. 65044.] t2_sim:[60630. 60716. 61198.]
Task is 41.00% complete.
t1_sim:[64359. 63862. 63988.] t2_sim:[65834. 66079. 65522.]
Task is 42.00% complete.
t1_sim:[65617. 65774. 67166.] t2_sim:[63469. 63621. 63454.]
Task is 43.00% complete.
t1_sim:[64412. 64304. 66308.] t2_sim:[69886. 69934. 69678.]
Task is 44.00% complete.
t1_sim:[59510. 59331. 61346.] t2_sim:[64578. 64173. 63943.]
Task is 45.00% complete.
t1_sim:[59259. 59617. 61358.] t2_sim:[61290. 61067. 59780.]
Task is 46.00% complete.
t1_sim:[66022. 66280. 70404.] t2_sim:[61425. 61423. 60894.]
Task is 47.00% complete.
t1_sim:[61908. 61983. 63148.] t2_sim:[66428. 66349. 63035.]
Task is 48.00% complete.
t1_sim:[63300. 63202. 66298.] t2_sim:[58069. 58003. 57477.]
Task is 49.00% complete.
t1_sim:[66330. 66404. 66860.] t2_sim:[64164. 63851. 63595.]
Task is 50.00% complete.
t1_sim:[57938. 58122. 60189.] t2_sim:[63842. 63907. 65065.]
Task is 51.00% complete.
t1_sim:[60600. 60688. 63743.] t2_sim:[56983. 56629. 56304.]
Task is 52.00% complete.
t1_sim:[59741. 59925. 61135.] t2_sim:[59669. 59676. 58143.]
Task is 53.00% complete.
t1_sim:[65003. 64191. 64216.] t2_sim:[60861. 60767. 58848.]
Task is 54.00% complete.
t1_sim:[63145. 63446. 64724.] t2_sim:[62363. 62736. 61239.]
Task is 55.00% complete.
t1_sim:[61347. 61608. 65373.] t2_sim:[57823. 57896. 58383.]
Task is 56.00% complete.
t1_sim:[61793. 62016. 64183.] t2_sim:[58879. 59203. 61260.]
Task is 57.00% complete.
t1_sim:[60840. 61153. 65612.] t2_sim:[57821. 57705. 58368.]
Task is 58.00% complete.
t1_sim:[61466. 61377. 62654.] t2_sim:[63072. 63084. 61290.]
Task is 59.00% complete.
t1_sim:[60363. 60623. 63032.] t2_sim:[64190. 64415. 67128.]
Task is 60.00% complete.
t1_sim:[59736. 59706. 61382.] t2_sim:[65659. 65572. 64728.]
Task is 61.00% complete.
t1_sim:[57257. 57226. 61011.] t2_sim:[58158. 58329. 61874.]
Task is 62.00% complete.
t1_sim:[65595. 65791. 67980.] t2_sim:[57086. 57182. 59891.]
Task is 63.00% complete.
t1_sim:[63882. 64183. 67085.] t2_sim:[64520. 64198. 63805.]
Task is 64.00% complete.
t1_sim:[65332. 65228. 66039.] t2_sim:[65149. 65014. 63763.]
Task is 65.00% complete.
t1_sim:[65257. 65365. 69090.] t2_sim:[62064. 62291. 64578.]
Task is 66.00% complete.
t1_sim:[59194. 58977. 62109.] t2_sim:[63765. 63936. 62006.]
Task is 67.00% complete.
t1_sim:[62149. 62130. 60244.] t2_sim:[65446. 65248. 64476.]
Task is 68.00% complete.
t1_sim:[58094. 57861. 59794.] t2_sim:[67698. 67682. 68415.]
Task is 69.00% complete.
t1_sim:[63663. 63959. 63919.] t2_sim:[57846. 57819. 60229.]
Task is 70.00% complete.
t1_sim:[63651. 63907. 64780.] t2_sim:[66633. 66551. 66992.]
Task is 71.00% complete.
t1_sim:[56534. 56555. 57360.] t2_sim:[61301. 61198. 61410.]
Task is 72.00% complete.
t1_sim:[65418. 65650. 67407.] t2_sim:[67969. 67535. 66987.]
Task is 73.00% complete.
t1_sim:[63977. 64132. 65550.] t2_sim:[57396. 57298. 56108.]
Task is 74.00% complete.
t1_sim:[64078. 63554. 65873.] t2_sim:[54346. 54395. 54169.]
Task is 75.00% complete.
t1_sim:[60656. 60558. 60497.] t2_sim:[61742. 62093. 62640.]
Task is 76.00% complete.
t1_sim:[69617. 69741. 71575.] t2_sim:[65800. 65872. 64587.]
Task is 77.00% complete.
t1_sim:[63458. 63601. 63361.] t2_sim:[62354. 62075. 60298.]
Task is 78.00% complete.
t1_sim:[63985. 64028. 62847.] t2_sim:[55066. 55194. 56360.]
Task is 79.00% complete.
t1_sim:[66175. 66246. 67977.] t2_sim:[64266. 64517. 65995.]
Task is 80.00% complete.
t1_sim:[63338. 63686. 64892.] t2_sim:[58155. 57874. 60551.]
Task is 81.00% complete.
t1_sim:[63920. 64095. 65095.] t2_sim:[61906. 62291. 62599.]
Task is 82.00% complete.
t1_sim:[59012. 58767. 60713.] t2_sim:[62331. 62236. 62930.]
Task is 83.00% complete.
t1_sim:[60695. 60639. 61979.] t2_sim:[58212. 58328. 60033.]
Task is 84.00% complete.
t1_sim:[63616. 63859. 65642.] t2_sim:[64220. 64074. 64581.]
Task is 85.00% complete.
t1_sim:[62623. 62759. 62685.] t2_sim:[63406. 63084. 63371.]
Task is 86.00% complete.
t1_sim:[58401. 58599. 59640.] t2_sim:[61339. 61208. 61941.]
Task is 87.00% complete.
t1_sim:[64214. 64047. 67729.] t2_sim:[62230. 62037. 62661.]
Task is 88.00% complete.
t1_sim:[56225. 56207. 57687.] t2_sim:[67635. 68049. 67178.]
Task is 89.00% complete.
t1_sim:[60332. 59838. 59704.] t2_sim:[59402. 59640. 60806.]
Task is 90.00% complete.
t1_sim:[64145. 64448. 65885.] t2_sim:[59448. 59606. 60923.]
Task is 91.00% complete.
t1_sim:[60906. 60719. 62794.] t2_sim:[61498. 62280. 64710.]
Task is 92.00% complete.
t1_sim:[70582. 70482. 72927.] t2_sim:[63558. 63472. 64493.]
Task is 93.00% complete.
t1_sim:[62115. 62393. 63018.] t2_sim:[58868. 58990. 61998.]
Task is 94.00% complete.
t1_sim:[62859. 63153. 63534.] t2_sim:[62136. 62345. 60008.]
Task is 95.00% complete.
t1_sim:[62569. 62370. 64104.] t2_sim:[61399. 61176. 60591.]
Task is 96.00% complete.
t1_sim:[66443. 66426. 69393.] t2_sim:[68376. 68276. 66473.]
Task is 97.00% complete.
t1_sim:[64802. 64799. 67321.] t2_sim:[70133. 70585. 68577.]
Task is 98.00% complete.
t1_sim:[61798. 61590. 64011.] t2_sim:[65684. 65232. 67577.]
Task is 99.00% complete.
t1_sim:[61204. 61462. 63195.] t2_sim:[55674. 55538. 55865.]
Finished
