Begin
Training start
t1_obs:[array(56838.), array(57013.), array(58101.)] t2_obs:[array(65907.), array(65785.), array(63609.)]
corr_G1:[None, None, 0] corr_G2:[None, None, 0]
Training end
Task is 0.00% complete.
t1_sim:[61865. 61950. 65169.] t2_sim:[61870. 61683. 62791.]
Task is 1.00% complete.
t1_sim:[63689. 63623. 64368.] t2_sim:[59107. 59111. 60089.]
Task is 2.00% complete.
t1_sim:[62054. 61938. 62251.] t2_sim:[62667. 62822. 59971.]
Task is 3.00% complete.
t1_sim:[58823. 58819. 60998.] t2_sim:[61856. 61432. 65556.]
Task is 4.00% complete.
t1_sim:[63031. 63061. 64458.] t2_sim:[64787. 64896. 65822.]
Task is 5.00% complete.
t1_sim:[56979. 56861. 60930.] t2_sim:[63480. 63700. 65738.]
Task is 6.00% complete.
t1_sim:[63420. 63553. 63838.] t2_sim:[60260. 60326. 59245.]
Task is 7.00% complete.
t1_sim:[59378. 59264. 63125.] t2_sim:[63846. 63932. 60288.]
Task is 8.00% complete.
t1_sim:[57337. 57153. 61001.] t2_sim:[62243. 62134. 61896.]
Task is 9.00% complete.
t1_sim:[63668. 63536. 62025.] t2_sim:[61399. 61481. 56709.]
Task is 10.00% complete.
t1_sim:[61724. 62013. 61353.] t2_sim:[64012. 64115. 66274.]
Task is 11.00% complete.
t1_sim:[59741. 59779. 58427.] t2_sim:[59153. 59125. 57935.]
Task is 12.00% complete.
t1_sim:[67717. 67137. 63657.] t2_sim:[62152. 62348. 61714.]
Task is 13.00% complete.
t1_sim:[67314. 67236. 68105.] t2_sim:[60311. 60645. 62802.]
Task is 14.00% complete.
t1_sim:[61693. 61836. 62116.] t2_sim:[53810. 53753. 51135.]
Task is 15.00% complete.
t1_sim:[63719. 63208. 65212.] t2_sim:[62674. 62585. 60446.]
Task is 16.00% complete.
t1_sim:[63989. 63611. 61728.] t2_sim:[57070. 57080. 62193.]
Task is 17.00% complete.
t1_sim:[63415. 63479. 65049.] t2_sim:[68128. 68207. 64433.]
Task is 18.00% complete.
t1_sim:[65897. 65930. 62189.] t2_sim:[62750. 62551. 63234.]
Task is 19.00% complete.
t1_sim:[57557. 57906. 57791.] t2_sim:[65799. 65314. 64812.]
Task is 20.00% complete.
t1_sim:[61029. 61040. 57521.] t2_sim:[66306. 66748. 66949.]
Task is 21.00% complete.
t1_sim:[56177. 56176. 59742.] t2_sim:[66230. 66317. 65349.]
Task is 22.00% complete.
t1_sim:[62140. 61840. 60385.] t2_sim:[62774. 62727. 62295.]
Task is 23.00% complete.
t1_sim:[57771. 57921. 55900.] t2_sim:[62091. 61967. 61164.]
Task is 24.00% complete.
t1_sim:[70697. 70649. 70136.] t2_sim:[64588. 64465. 65218.]
Task is 25.00% complete.
t1_sim:[64820. 64590. 63473.] t2_sim:[67914. 67638. 63935.]
Task is 26.00% complete.
t1_sim:[54822. 55263. 56597.] t2_sim:[62694. 62225. 60871.]
Task is 27.00% complete.
t1_sim:[64814. 65000. 60225.] t2_sim:[65302. 65147. 66038.]
Task is 28.00% complete.
t1_sim:[63434. 63714. 63658.] t2_sim:[61834. 62368. 63124.]
Task is 29.00% complete.
t1_sim:[61055. 60968. 60253.] t2_sim:[62350. 62339. 64954.]
Task is 30.00% complete.
t1_sim:[60467. 60642. 59695.] t2_sim:[56332. 56038. 57391.]
Task is 31.00% complete.
t1_sim:[64613. 64486. 62121.] t2_sim:[68852. 68917. 68627.]
Task is 32.00% complete.
t1_sim:[62062. 61983. 60712.] t2_sim:[68388. 68240. 63970.]
Task is 33.00% complete.
t1_sim:[61374. 61505. 60097.] t2_sim:[59941. 59831. 60377.]
Task is 34.00% complete.
t1_sim:[67088. 66945. 66861.] t2_sim:[61784. 61746. 63723.]
Task is 35.00% complete.
t1_sim:[60676. 61044. 61778.] t2_sim:[59511. 59729. 59909.]
Task is 36.00% complete.
t1_sim:[58120. 58284. 61520.] t2_sim:[67049. 67294. 68854.]
Task is 37.00% complete.
t1_sim:[62133. 61635. 58925.] t2_sim:[58119. 58122. 60128.]
Task is 38.00% complete.
t1_sim:[64443. 64432. 64179.] t2_sim:[63637. 63609. 67032.]
Task is 39.00% complete.
t1_sim:[55641. 55659. 59138.] t2_sim:[67027. 66913. 68217.]
Task is 40.00% complete.
t1_sim:[65281. 65899. 68811.] t2_sim:[68862. 68763. 65552.]
Task is 41.00% complete.
t1_sim:[66628. 66399. 66491.] t2_sim:[57728. 57916. 61068.]
Task is 42.00% complete.
t1_sim:[58165. 58290. 59157.] t2_sim:[66066. 66137. 66388.]
Task is 43.00% complete.
t1_sim:[56389. 56624. 54159.] t2_sim:[56972. 57238. 60212.]
Task is 44.00% complete.
t1_sim:[62372. 62363. 60907.] t2_sim:[59159. 59017. 56405.]
Task is 45.00% complete.
t1_sim:[59346. 59697. 59304.] t2_sim:[63469. 63619. 63871.]
Task is 46.00% complete.
t1_sim:[58921. 58552. 58851.] t2_sim:[63116. 62710. 63740.]
Task is 47.00% complete.
t1_sim:[60867. 61043. 57392.] t2_sim:[62531. 62459. 59887.]
Task is 48.00% complete.
t1_sim:[66102. 66224. 65333.] t2_sim:[62137. 61993. 65563.]
Task is 49.00% complete.
t1_sim:[63965. 63866. 62787.] t2_sim:[64592. 64514. 61803.]
Task is 50.00% complete.
t1_sim:[62166. 62026. 64079.] t2_sim:[64533. 64885. 66182.]
Task is 51.00% complete.
t1_sim:[58040. 57644. 58769.] t2_sim:[64898. 65287. 61819.]
Task is 52.00% complete.
t1_sim:[75255. 75109. 73232.] t2_sim:[63976. 63925. 63532.]
Task is 53.00% complete.
t1_sim:[59924. 59815. 60761.] t2_sim:[64807. 64602. 60253.]
Task is 54.00% complete.
t1_sim:[60958. 60519. 60164.] t2_sim:[60412. 60412. 61007.]
Task is 55.00% complete.
t1_sim:[62465. 62103. 63140.] t2_sim:[62498. 62120. 60325.]
Task is 56.00% complete.
t1_sim:[64830. 64576. 66992.] t2_sim:[65099. 65021. 64624.]
Task is 57.00% complete.
t1_sim:[58210. 58338. 59285.] t2_sim:[63372. 63429. 60695.]
Task is 58.00% complete.
t1_sim:[59743. 59550. 57743.] t2_sim:[67617. 67705. 66169.]
Task is 59.00% complete.
t1_sim:[66123. 66685. 64047.] t2_sim:[64025. 63659. 64673.]
Task is 60.00% complete.
t1_sim:[64087. 63854. 65427.] t2_sim:[65404. 65415. 64513.]
Task is 61.00% complete.
t1_sim:[64482. 64928. 65945.] t2_sim:[65544. 65466. 65541.]
Task is 62.00% complete.
t1_sim:[66609. 66288. 68490.] t2_sim:[63736. 63662. 64913.]
Task is 63.00% complete.
t1_sim:[60866. 60779. 58801.] t2_sim:[60962. 60992. 62591.]
Task is 64.00% complete.
t1_sim:[64200. 64394. 64255.] t2_sim:[63683. 63405. 67998.]
Task is 65.00% complete.
t1_sim:[58608. 58760. 61220.] t2_sim:[64919. 64814. 62710.]
Task is 66.00% complete.
t1_sim:[61510. 61569. 60406.] t2_sim:[61031. 61060. 58528.]
Task is 67.00% complete.
t1_sim:[61881. 61968. 61063.] t2_sim:[62701. 62985. 65321.]
Task is 68.00% complete.
t1_sim:[62257. 62519. 63381.] t2_sim:[62997. 63140. 62049.]
Task is 69.00% complete.
t1_sim:[62491. 62523. 65218.] t2_sim:[61198. 61165. 61897.]
Task is 70.00% complete.
t1_sim:[67201. 67299. 66126.] t2_sim:[57858. 58116. 60319.]
Task is 71.00% complete.
t1_sim:[61437. 61083. 61574.] t2_sim:[62212. 62254. 64488.]
Task is 72.00% complete.
t1_sim:[56871. 57289. 56236.] t2_sim:[56307. 56166. 62929.]
Task is 73.00% complete.
t1_sim:[63639. 63398. 63433.] t2_sim:[68045. 67812. 68387.]
Task is 74.00% complete.
t1_sim:[66220. 66026. 65575.] t2_sim:[61718. 61694. 63485.]
Task is 75.00% complete.
t1_sim:[64644. 64428. 63303.] t2_sim:[61981. 61935. 63078.]
Task is 76.00% complete.
t1_sim:[65811. 65786. 63401.] t2_sim:[68199. 68267. 66208.]
Task is 77.00% complete.
t1_sim:[64506. 64266. 64056.] t2_sim:[62685. 62287. 60414.]
Task is 78.00% complete.
t1_sim:[65009. 64372. 66015.] t2_sim:[57407. 57341. 59587.]
Task is 79.00% complete.
t1_sim:[57393. 57716. 58150.] t2_sim:[62774. 62436. 57902.]
Task is 80.00% complete.
t1_sim:[63048. 62963. 63590.] t2_sim:[62111. 61759. 61796.]
Task is 81.00% complete.
t1_sim:[62952. 63127. 65540.] t2_sim:[63559. 63702. 63204.]
Task is 82.00% complete.
t1_sim:[63144. 62891. 63346.] t2_sim:[64602. 64288. 61898.]
Task is 83.00% complete.
t1_sim:[65713. 65535. 66696.] t2_sim:[67304. 66901. 62156.]
Task is 84.00% complete.
t1_sim:[50443. 50477. 54018.] t2_sim:[62622. 62878. 59389.]
Task is 85.00% complete.
t1_sim:[60475. 60432. 64538.] t2_sim:[57976. 58149. 57347.]
Task is 86.00% complete.
t1_sim:[62987. 63078. 60319.] t2_sim:[62977. 63146. 62989.]
Task is 87.00% complete.
t1_sim:[66643. 66309. 65749.] t2_sim:[60014. 59791. 57677.]
Task is 88.00% complete.
t1_sim:[62973. 62995. 61957.] t2_sim:[77415. 77065. 72739.]
Task is 89.00% complete.
t1_sim:[62313. 62350. 63090.] t2_sim:[57653. 57434. 56919.]
Task is 90.00% complete.
t1_sim:[66417. 66337. 68872.] t2_sim:[58349. 58268. 59919.]
Task is 91.00% complete.
t1_sim:[63706. 63867. 62146.] t2_sim:[67062. 67181. 67916.]
Task is 92.00% complete.
t1_sim:[58217. 58226. 58344.] t2_sim:[62117. 61995. 60230.]
Task is 93.00% complete.
t1_sim:[60466. 60578. 59516.] t2_sim:[64871. 64823. 66629.]
Task is 94.00% complete.
t1_sim:[66692. 66662. 66267.] t2_sim:[64819. 64375. 64277.]
Task is 95.00% complete.
t1_sim:[67515. 67275. 65507.] t2_sim:[62998. 62998. 64740.]
Task is 96.00% complete.
t1_sim:[57468. 58191. 58680.] t2_sim:[64119. 64497. 62862.]
Task is 97.00% complete.
t1_sim:[57056. 57069. 58803.] t2_sim:[62194. 62158. 64543.]
Task is 98.00% complete.
t1_sim:[60993. 60812. 61517.] t2_sim:[61003. 61047. 62433.]
Task is 99.00% complete.
t1_sim:[61653. 61830. 62115.] t2_sim:[58858. 59046. 58274.]
Training start
t1_obs:[array(56838.), array(57013.), array(59268.)] t2_obs:[array(65907.), array(65785.), array(65156.)]
corr_G1:[None, None, 0.9796438285368495] corr_G2:[None, None, 0.9923531624912955]
Training end
Task is 0.00% complete.
t1_sim:[59772. 59908. 61369.] t2_sim:[70167. 70068. 67226.]
Task is 1.00% complete.
t1_sim:[65525. 65890. 66126.] t2_sim:[61628. 61507. 61639.]
Task is 2.00% complete.
t1_sim:[59472. 59186. 59205.] t2_sim:[62099. 62217. 62713.]
Task is 3.00% complete.
t1_sim:[60584. 60312. 60909.] t2_sim:[60173. 60009. 60243.]
Task is 4.00% complete.
t1_sim:[65716. 65726. 64405.] t2_sim:[63311. 63493. 63531.]
Task is 5.00% complete.
t1_sim:[61646. 61524. 59294.] t2_sim:[61986. 61705. 60557.]
Task is 6.00% complete.
t1_sim:[62937. 62568. 62143.] t2_sim:[57937. 57493. 58630.]
Task is 7.00% complete.
t1_sim:[56337. 56677. 57643.] t2_sim:[63859. 63716. 66568.]
Task is 8.00% complete.
t1_sim:[64222. 63752. 62522.] t2_sim:[59423. 59505. 59625.]
Task is 9.00% complete.
t1_sim:[61466. 61439. 62173.] t2_sim:[54445. 54316. 56346.]
Task is 10.00% complete.
t1_sim:[60419. 60506. 60041.] t2_sim:[58606. 58952. 58786.]
Task is 11.00% complete.
t1_sim:[68029. 67768. 66700.] t2_sim:[71115. 71235. 71159.]
Task is 12.00% complete.
t1_sim:[58962. 58938. 60207.] t2_sim:[61236. 61248. 62287.]
Task is 13.00% complete.
t1_sim:[65417. 65236. 63426.] t2_sim:[67485. 67089. 63888.]
Task is 14.00% complete.
t1_sim:[64005. 63873. 64289.] t2_sim:[62600. 62898. 60136.]
Task is 15.00% complete.
t1_sim:[63001. 62780. 61414.] t2_sim:[60156. 59805. 59235.]
Task is 16.00% complete.
t1_sim:[61080. 61051. 61029.] t2_sim:[61955. 61554. 62050.]
Task is 17.00% complete.
t1_sim:[58353. 57941. 58432.] t2_sim:[68209. 67970. 66269.]
Task is 18.00% complete.
t1_sim:[63244. 63478. 62725.] t2_sim:[65769. 66017. 66164.]
Task is 19.00% complete.
t1_sim:[59447. 59680. 60075.] t2_sim:[57238. 57566. 59688.]
Task is 20.00% complete.
t1_sim:[65017. 65047. 65726.] t2_sim:[64565. 64712. 61860.]
Task is 21.00% complete.
t1_sim:[65768. 65867. 63826.] t2_sim:[64216. 63932. 63836.]
Task is 22.00% complete.
t1_sim:[62632. 62467. 63752.] t2_sim:[60222. 60304. 60103.]
Task is 23.00% complete.
t1_sim:[60568. 60600. 60130.] t2_sim:[59155. 59199. 60177.]
Task is 24.00% complete.
t1_sim:[58693. 58737. 58744.] t2_sim:[60095. 59931. 60602.]
Task is 25.00% complete.
t1_sim:[64006. 64029. 61097.] t2_sim:[58343. 58523. 58856.]
Task is 26.00% complete.
t1_sim:[63587. 63548. 61925.] t2_sim:[65216. 65312. 66288.]
Task is 27.00% complete.
t1_sim:[53208. 53717. 56234.] t2_sim:[61860. 62020. 62580.]
Task is 28.00% complete.
t1_sim:[63656. 63502. 63631.] t2_sim:[61139. 61057. 59679.]
Task is 29.00% complete.
t1_sim:[67515. 67520. 66540.] t2_sim:[64113. 64143. 63622.]
Task is 30.00% complete.
t1_sim:[63807. 63869. 62856.] t2_sim:[60096. 59780. 59583.]
Task is 31.00% complete.
t1_sim:[65385. 65452. 67378.] t2_sim:[59386. 58966. 58775.]
Task is 32.00% complete.
t1_sim:[61516. 61721. 61378.] t2_sim:[63377. 63457. 63214.]
Task is 33.00% complete.
t1_sim:[68604. 68358. 68027.] t2_sim:[61084. 60770. 60799.]
Task is 34.00% complete.
t1_sim:[64654. 64197. 64770.] t2_sim:[62266. 62023. 63133.]
Task is 35.00% complete.
t1_sim:[65216. 65370. 63621.] t2_sim:[61876. 61981. 61830.]
Task is 36.00% complete.
t1_sim:[59953. 59732. 59636.] t2_sim:[59934. 60015. 60504.]
Task is 37.00% complete.
t1_sim:[58013. 57911. 58163.] t2_sim:[64226. 64164. 63434.]
Task is 38.00% complete.
t1_sim:[58627. 58623. 58943.] t2_sim:[63398. 63509. 65127.]
Task is 39.00% complete.
t1_sim:[60058. 59705. 60927.] t2_sim:[62907. 62587. 62965.]
Task is 40.00% complete.
t1_sim:[59777. 59551. 58400.] t2_sim:[62600. 62607. 63465.]
Task is 41.00% complete.
t1_sim:[63922. 64014. 62291.] t2_sim:[63162. 63285. 62546.]
Task is 42.00% complete.
t1_sim:[68314. 68103. 68302.] t2_sim:[71446. 71157. 73007.]
Task is 43.00% complete.
t1_sim:[63202. 63150. 62822.] t2_sim:[61564. 61682. 60333.]
Task is 44.00% complete.
t1_sim:[63160. 63332. 62983.] t2_sim:[61520. 61745. 61018.]
Task is 45.00% complete.
t1_sim:[65137. 64990. 66170.] t2_sim:[70924. 70538. 66869.]
Task is 46.00% complete.
t1_sim:[58257. 58699. 56613.] t2_sim:[66724. 66709. 65479.]
Task is 47.00% complete.
t1_sim:[62274. 62052. 61459.] t2_sim:[67198. 66875. 67163.]
Task is 48.00% complete.
t1_sim:[66964. 67007. 66844.] t2_sim:[60777. 61012. 59366.]
Task is 49.00% complete.
t1_sim:[65127. 65727. 65111.] t2_sim:[65386. 65506. 66453.]
Task is 50.00% complete.
t1_sim:[62396. 62196. 62184.] t2_sim:[63393. 63471. 63524.]
Task is 51.00% complete.
t1_sim:[62986. 63353. 64412.] t2_sim:[64379. 64187. 64941.]
Task is 52.00% complete.
t1_sim:[59199. 58689. 59252.] t2_sim:[60578. 60569. 62045.]
Task is 53.00% complete.
t1_sim:[65984. 66027. 65707.] t2_sim:[63645. 63626. 63628.]
Task is 54.00% complete.
t1_sim:[62236. 61975. 60293.] t2_sim:[60408. 60351. 61106.]
Task is 55.00% complete.
t1_sim:[66954. 66695. 65031.] t2_sim:[62017. 62223. 61319.]
Task is 56.00% complete.
t1_sim:[65682. 66131. 66435.] t2_sim:[58990. 59193. 59626.]
Task is 57.00% complete.
t1_sim:[68387. 68201. 66665.] t2_sim:[65414. 65396. 66803.]
Task is 58.00% complete.
t1_sim:[58381. 58578. 57145.] t2_sim:[62585. 62782. 64412.]
Task is 59.00% complete.
t1_sim:[59434. 59357. 61669.] t2_sim:[62953. 63159. 62924.]
Task is 60.00% complete.
t1_sim:[66923. 66569. 66313.] t2_sim:[61299. 61187. 61840.]
Task is 61.00% complete.
t1_sim:[65266. 65583. 64526.] t2_sim:[63279. 63088. 63839.]
Task is 62.00% complete.
t1_sim:[65052. 65202. 67284.] t2_sim:[63585. 63631. 63151.]
Task is 63.00% complete.
t1_sim:[67753. 67413. 65681.] t2_sim:[60784. 60679. 59757.]
Task is 64.00% complete.
t1_sim:[63621. 63593. 64314.] t2_sim:[66199. 66186. 67786.]
Task is 65.00% complete.
t1_sim:[59325. 59200. 60782.] t2_sim:[58589. 58985. 59620.]
Task is 66.00% complete.
t1_sim:[59239. 59576. 59088.] t2_sim:[61149. 61255. 62392.]
Task is 67.00% complete.
t1_sim:[64920. 64971. 64959.] t2_sim:[59695. 59188. 60354.]
Task is 68.00% complete.
t1_sim:[64371. 64200. 64254.] t2_sim:[63624. 63599. 62907.]
Task is 69.00% complete.
t1_sim:[61855. 62285. 61327.] t2_sim:[62761. 62841. 64315.]
Task is 70.00% complete.
t1_sim:[62363. 62760. 60232.] t2_sim:[62639. 62863. 63190.]
Task is 71.00% complete.
t1_sim:[63694. 63286. 63709.] t2_sim:[58221. 58230. 59631.]
Task is 72.00% complete.
t1_sim:[61488. 61887. 62678.] t2_sim:[61766. 61828. 62988.]
Task is 73.00% complete.
t1_sim:[66064. 65798. 66308.] t2_sim:[62021. 61852. 60755.]
Task is 74.00% complete.
t1_sim:[65243. 65369. 64415.] t2_sim:[56320. 56036. 56807.]
Task is 75.00% complete.
t1_sim:[64619. 65054. 65392.] t2_sim:[64068. 63863. 62362.]
Task is 76.00% complete.
t1_sim:[60730. 60738. 60153.] t2_sim:[65091. 64583. 63220.]
Task is 77.00% complete.
t1_sim:[63493. 63444. 64847.] t2_sim:[58996. 59242. 58469.]
Task is 78.00% complete.
t1_sim:[62748. 62948. 62411.] t2_sim:[61975. 61478. 61825.]
Task is 79.00% complete.
t1_sim:[70381. 69877. 68835.] t2_sim:[59965. 59966. 59204.]
Task is 80.00% complete.
t1_sim:[58664. 59041. 58089.] t2_sim:[65928. 66508. 66867.]
Task is 81.00% complete.
t1_sim:[64451. 64778. 67687.] t2_sim:[59228. 59540. 58906.]
Task is 82.00% complete.
t1_sim:[64497. 64498. 65198.] t2_sim:[69483. 69325. 71321.]
Task is 83.00% complete.
t1_sim:[57744. 57793. 59936.] t2_sim:[60494. 60664. 60634.]
Task is 84.00% complete.
t1_sim:[59518. 59594. 59440.] t2_sim:[60756. 60311. 59351.]
Task is 85.00% complete.
t1_sim:[60368. 60111. 59546.] t2_sim:[57060. 56869. 55313.]
Task is 86.00% complete.
t1_sim:[61625. 62024. 63128.] t2_sim:[61578. 61711. 62941.]
Task is 87.00% complete.
t1_sim:[65235. 65286. 65455.] t2_sim:[60978. 61027. 60399.]
Task is 88.00% complete.
t1_sim:[64123. 63716. 65737.] t2_sim:[63507. 63380. 64729.]
Task is 89.00% complete.
t1_sim:[61912. 61802. 61547.] t2_sim:[64956. 65194. 65726.]
Task is 90.00% complete.
t1_sim:[62241. 62225. 61520.] t2_sim:[64274. 64275. 65053.]
Task is 91.00% complete.
t1_sim:[61343. 61385. 60014.] t2_sim:[66297. 66358. 67255.]
Task is 92.00% complete.
t1_sim:[58391. 58318. 55066.] t2_sim:[67109. 66990. 65776.]
Task is 93.00% complete.
t1_sim:[58243. 58246. 59184.] t2_sim:[63432. 63646. 62164.]
Task is 94.00% complete.
t1_sim:[68444. 68604. 69131.] t2_sim:[61500. 61662. 61336.]
Task is 95.00% complete.
t1_sim:[64489. 64672. 63731.] t2_sim:[57302. 57379. 56186.]
Task is 96.00% complete.
t1_sim:[58154. 58531. 59376.] t2_sim:[61996. 62154. 61716.]
Task is 97.00% complete.
t1_sim:[63421. 63680. 64502.] t2_sim:[62566. 62386. 62939.]
Task is 98.00% complete.
t1_sim:[66671. 66781. 66566.] t2_sim:[62822. 62968. 63033.]
Task is 99.00% complete.
t1_sim:[59499. 59381. 59142.] t2_sim:[60741. 60608. 60219.]
Training start
t1_obs:[array(56838.), array(57013.), array(57919.)] t2_obs:[array(65907.), array(65785.), array(64018.)]
corr_G1:[None, None, -0.08939670593446183] corr_G2:[None, None, -0.3057333480091347]
Training end
Task is 0.00% complete.
t1_sim:[63838. 63881. 62506.] t2_sim:[59847. 59784. 58999.]
Task is 1.00% complete.
t1_sim:[64956. 65123. 64229.] t2_sim:[60099. 60148. 59775.]
Task is 2.00% complete.
t1_sim:[63307. 63444. 62079.] t2_sim:[66687. 66635. 65502.]
Task is 3.00% complete.
t1_sim:[64330. 64429. 62740.] t2_sim:[62608. 62660. 60920.]
Task is 4.00% complete.
t1_sim:[64673. 64644. 63541.] t2_sim:[60379. 60534. 59159.]
Task is 5.00% complete.
t1_sim:[59337. 59502. 58778.] t2_sim:[56224. 56548. 55107.]
Task is 6.00% complete.
t1_sim:[61866. 61639. 60562.] t2_sim:[61445. 61476. 62422.]
Task is 7.00% complete.
t1_sim:[59247. 59607. 56772.] t2_sim:[61148. 61400. 61238.]
Task is 8.00% complete.
t1_sim:[61531. 61351. 59389.] t2_sim:[64738. 65391. 67613.]
Task is 9.00% complete.
t1_sim:[62385. 62825. 61193.] t2_sim:[65544. 65619. 65866.]
Task is 10.00% complete.
t1_sim:[63444. 63188. 62728.] t2_sim:[64984. 65267. 67214.]
Task is 11.00% complete.
t1_sim:[63021. 63335. 62320.] t2_sim:[64990. 65645. 65994.]
Task is 12.00% complete.
t1_sim:[66740. 67082. 65582.] t2_sim:[63895. 63934. 63347.]
Task is 13.00% complete.
t1_sim:[56473. 56044. 53364.] t2_sim:[64436. 64771. 67404.]
Task is 14.00% complete.
t1_sim:[63246. 62590. 59574.] t2_sim:[65703. 65530. 65841.]
Task is 15.00% complete.
t1_sim:[67794. 68086. 64717.] t2_sim:[59344. 59557. 60226.]
Task is 16.00% complete.
t1_sim:[61562. 61337. 59189.] t2_sim:[59526. 59417. 60406.]
Task is 17.00% complete.
t1_sim:[55346. 55248. 56841.] t2_sim:[60984. 61124. 60554.]
Task is 18.00% complete.
t1_sim:[63553. 63296. 62518.] t2_sim:[66470. 66731. 68615.]
Task is 19.00% complete.
t1_sim:[57710. 57636. 54645.] t2_sim:[64851. 64880. 63147.]
Task is 20.00% complete.
t1_sim:[64735. 64725. 64892.] t2_sim:[64447. 64597. 64865.]
Task is 21.00% complete.
t1_sim:[65133. 65017. 64115.] t2_sim:[65489. 65153. 66092.]
Task is 22.00% complete.
t1_sim:[63978. 64011. 64825.] t2_sim:[62185. 62347. 64101.]
Task is 23.00% complete.
t1_sim:[59616. 59807. 60504.] t2_sim:[65562. 65354. 63629.]
Task is 24.00% complete.
t1_sim:[62222. 62320. 60164.] t2_sim:[64869. 64903. 65238.]
Task is 25.00% complete.
t1_sim:[57615. 57585. 57664.] t2_sim:[56037. 55647. 54175.]
Task is 26.00% complete.
t1_sim:[61556. 61390. 58120.] t2_sim:[60538. 60593. 60805.]
Task is 27.00% complete.
t1_sim:[60935. 60982. 61612.] t2_sim:[63478. 63750. 63495.]
Task is 28.00% complete.
t1_sim:[63307. 63434. 63797.] t2_sim:[56989. 57146. 57776.]
Task is 29.00% complete.
t1_sim:[62219. 62140. 59009.] t2_sim:[65844. 65840. 63844.]
Task is 30.00% complete.
t1_sim:[62987. 62754. 60708.] t2_sim:[60770. 60670. 60844.]
Task is 31.00% complete.
t1_sim:[60639. 60472. 58239.] t2_sim:[61531. 61480. 59806.]
Task is 32.00% complete.
t1_sim:[65885. 65440. 63194.] t2_sim:[66612. 66598. 66175.]
Task is 33.00% complete.
t1_sim:[60078. 59929. 55601.] t2_sim:[63076. 62927. 65289.]
Task is 34.00% complete.
t1_sim:[64183. 64312. 64522.] t2_sim:[62723. 62678. 59744.]
Task is 35.00% complete.
t1_sim:[61130. 61235. 58526.] t2_sim:[61234. 61483. 60606.]
Task is 36.00% complete.
t1_sim:[57723. 57820. 56851.] t2_sim:[65165. 65258. 63624.]
Task is 37.00% complete.
t1_sim:[63931. 64064. 61143.] t2_sim:[68294. 67752. 65892.]
Task is 38.00% complete.
t1_sim:[63978. 63940. 62853.] t2_sim:[65426. 65227. 65176.]
Task is 39.00% complete.
t1_sim:[59029. 59038. 59317.] t2_sim:[58775. 58727. 60435.]
Task is 40.00% complete.
t1_sim:[61265. 61073. 59302.] t2_sim:[63704. 63228. 63844.]
Task is 41.00% complete.
t1_sim:[61691. 61698. 60815.] t2_sim:[65115. 64892. 62297.]
Task is 42.00% complete.
t1_sim:[67833. 67481. 68128.] t2_sim:[60228. 60716. 61711.]
Task is 43.00% complete.
t1_sim:[64125. 63742. 62518.] t2_sim:[60453. 60305. 61202.]
Task is 44.00% complete.
t1_sim:[58272. 58660. 58866.] t2_sim:[65960. 65749. 65298.]
Task is 45.00% complete.
t1_sim:[64246. 64193. 62437.] t2_sim:[62684. 63067. 63910.]
Task is 46.00% complete.
t1_sim:[57735. 57122. 56037.] t2_sim:[65805. 65918. 64123.]
Task is 47.00% complete.
t1_sim:[62096. 62081. 59315.] t2_sim:[62402. 62358. 62884.]
Task is 48.00% complete.
t1_sim:[61301. 61266. 59899.] t2_sim:[58159. 58402. 60251.]
Task is 49.00% complete.
t1_sim:[58751. 58766. 57418.] t2_sim:[58091. 57887. 56152.]
Task is 50.00% complete.
t1_sim:[60058. 60161. 59019.] t2_sim:[60377. 60251. 59051.]
Task is 51.00% complete.
t1_sim:[59236. 59375. 58941.] t2_sim:[62738. 63118. 62042.]
Task is 52.00% complete.
t1_sim:[65434. 65493. 61804.] t2_sim:[65547. 65801. 65473.]
Task is 53.00% complete.
t1_sim:[68809. 68499. 66437.] t2_sim:[69938. 69874. 71024.]
Task is 54.00% complete.
t1_sim:[65747. 65473. 61272.] t2_sim:[68887. 69551. 69044.]
Task is 55.00% complete.
t1_sim:[60373. 60513. 59964.] t2_sim:[60023. 59819. 58792.]
Task is 56.00% complete.
t1_sim:[63034. 63224. 64553.] t2_sim:[59500. 59299. 60401.]
Task is 57.00% complete.
t1_sim:[60516. 60431. 60461.] t2_sim:[60196. 60215. 59641.]
Task is 58.00% complete.
t1_sim:[62785. 62794. 59564.] t2_sim:[61484. 61120. 60215.]
Task is 59.00% complete.
t1_sim:[58287. 58136. 55142.] t2_sim:[57361. 57483. 58484.]
Task is 60.00% complete.
t1_sim:[63588. 63296. 61877.] t2_sim:[64124. 63871. 63350.]
Task is 61.00% complete.
t1_sim:[59908. 60196. 57922.] t2_sim:[62298. 62164. 62221.]
Task is 62.00% complete.
t1_sim:[63093. 63312. 63920.] t2_sim:[66848. 67160. 67177.]
Task is 63.00% complete.
t1_sim:[64352. 64162. 62114.] t2_sim:[63306. 62888. 63278.]
Task is 64.00% complete.
t1_sim:[64430. 63985. 62103.] t2_sim:[58958. 59078. 61221.]
Task is 65.00% complete.
t1_sim:[61274. 61353. 60840.] t2_sim:[61479. 61579. 63139.]
Task is 66.00% complete.
t1_sim:[64724. 65170. 61532.] t2_sim:[59326. 59311. 59649.]
Task is 67.00% complete.
t1_sim:[65297. 65165. 65429.] t2_sim:[60021. 59891. 61658.]
Task is 68.00% complete.
t1_sim:[61191. 61239. 59253.] t2_sim:[59610. 59795. 60800.]
Task is 69.00% complete.
t1_sim:[61084. 61275. 58311.] t2_sim:[61702. 61828. 61717.]
Task is 70.00% complete.
t1_sim:[64377. 64217. 63389.] t2_sim:[59553. 59228. 61668.]
Task is 71.00% complete.
t1_sim:[59021. 59273. 58556.] t2_sim:[69217. 69245. 68994.]
Task is 72.00% complete.
t1_sim:[60810. 60749. 61470.] t2_sim:[61992. 62241. 64357.]
Task is 73.00% complete.
t1_sim:[67842. 67676. 66925.] t2_sim:[59411. 59660. 61982.]
Task is 74.00% complete.
t1_sim:[60870. 61182. 58648.] t2_sim:[54696. 54194. 56639.]
Task is 75.00% complete.
t1_sim:[59326. 59305. 55564.] t2_sim:[62707. 62826. 61119.]
Task is 76.00% complete.
t1_sim:[61134. 61143. 58004.] t2_sim:[61753. 61624. 60212.]
Task is 77.00% complete.
t1_sim:[59290. 59054. 60080.] t2_sim:[60853. 60773. 61282.]
Task is 78.00% complete.
t1_sim:[63027. 63245. 61629.] t2_sim:[66553. 66709. 65930.]
Task is 79.00% complete.
t1_sim:[64312. 64175. 62352.] t2_sim:[67263. 67201. 66175.]
Task is 80.00% complete.
t1_sim:[63914. 64039. 63123.] t2_sim:[60663. 60859. 61331.]
Task is 81.00% complete.
t1_sim:[67724. 67455. 63993.] t2_sim:[64661. 64804. 63637.]
Task is 82.00% complete.
t1_sim:[65956. 65795. 63355.] t2_sim:[63229. 63511. 63714.]
Task is 83.00% complete.
t1_sim:[69055. 69223. 68222.] t2_sim:[60267. 59693. 59637.]
Task is 84.00% complete.
t1_sim:[57660. 57339. 55223.] t2_sim:[65517. 65802. 66114.]
Task is 85.00% complete.
t1_sim:[62654. 62909. 60812.] t2_sim:[63860. 63470. 61438.]
Task is 86.00% complete.
t1_sim:[60157. 60353. 60803.] t2_sim:[63074. 62527. 62016.]
Task is 87.00% complete.
t1_sim:[67956. 68152. 62494.] t2_sim:[59951. 59861. 62586.]
Task is 88.00% complete.
t1_sim:[62937. 62988. 60773.] t2_sim:[64331. 64584. 64908.]
Task is 89.00% complete.
t1_sim:[62148. 62049. 63618.] t2_sim:[60538. 60346. 58863.]
Task is 90.00% complete.
t1_sim:[60039. 59908. 59671.] t2_sim:[64475. 64565. 64602.]
Task is 91.00% complete.
t1_sim:[67000. 66859. 65876.] t2_sim:[61210. 61391. 59764.]
Task is 92.00% complete.
t1_sim:[64080. 63693. 64185.] t2_sim:[61904. 62043. 62973.]
Task is 93.00% complete.
t1_sim:[62380. 61942. 58714.] t2_sim:[62295. 62182. 61557.]
Task is 94.00% complete.
t1_sim:[59489. 59425. 57460.] t2_sim:[69344. 69040. 65384.]
Task is 95.00% complete.
t1_sim:[63677. 63845. 60585.] t2_sim:[60497. 60397. 59234.]
Task is 96.00% complete.
t1_sim:[58711. 58747. 57267.] t2_sim:[65133. 65126. 65618.]
Task is 97.00% complete.
t1_sim:[58074. 57887. 57407.] t2_sim:[61726. 61856. 62989.]
Task is 98.00% complete.
t1_sim:[65039. 64807. 62499.] t2_sim:[59173. 59117. 58893.]
Task is 99.00% complete.
t1_sim:[55723. 55952. 56931.] t2_sim:[56763. 57052. 57983.]
Finished
