Begin
Training start
t1_obs:[array(91698.), array(83566.), array(67782.)] t2_obs:[array(90622.), array(82705.), array(68684.)]
corr_G1:[None, None, 1.818325680201982e-17] corr_G2:[None, None, -1.7100600624828592e-17]
Training end
Task is 0.00% complete.
t1_sim:[59797. 60197. 58302.] t2_sim:[64154. 63478. 61706.]
Task is 1.00% complete.
t1_sim:[59412. 59346. 59619.] t2_sim:[64138. 63351. 62303.]
Task is 2.00% complete.
t1_sim:[65515. 64035. 62606.] t2_sim:[61724. 63497. 63257.]
Task is 3.00% complete.
t1_sim:[58935. 58848. 59787.] t2_sim:[59879. 59526. 59829.]
Task is 4.00% complete.
t1_sim:[62804. 62903. 61830.] t2_sim:[62127. 62757. 63403.]
Task is 5.00% complete.
t1_sim:[61183. 60364. 61781.] t2_sim:[64925. 65569. 61213.]
Task is 6.00% complete.
t1_sim:[64598. 65298. 61898.] t2_sim:[62304. 60981. 62259.]
Task is 7.00% complete.
t1_sim:[59436. 59940. 61912.] t2_sim:[65298. 66236. 63912.]
Task is 8.00% complete.
t1_sim:[57638. 58611. 57427.] t2_sim:[62624. 61593. 60812.]
Task is 9.00% complete.
t1_sim:[65980. 66149. 64059.] t2_sim:[60606. 61482. 59129.]
Task is 10.00% complete.
t1_sim:[61534. 61068. 63190.] t2_sim:[65067. 64100. 63404.]
Task is 11.00% complete.
t1_sim:[59121. 60211. 60862.] t2_sim:[62458. 61962. 63733.]
Task is 12.00% complete.
t1_sim:[65007. 64488. 64539.] t2_sim:[64738. 65650. 63928.]
Task is 13.00% complete.
t1_sim:[62779. 63999. 62779.] t2_sim:[67191. 66177. 68050.]
Task is 14.00% complete.
t1_sim:[70625. 69788. 68851.] t2_sim:[63820. 63777. 64596.]
Task is 15.00% complete.
t1_sim:[62544. 61580. 57277.] t2_sim:[59727. 60223. 58131.]
Task is 16.00% complete.
t1_sim:[66749. 66652. 65021.] t2_sim:[64490. 64782. 65536.]
Task is 17.00% complete.
t1_sim:[59655. 62151. 61871.] t2_sim:[64738. 64940. 68020.]
Task is 18.00% complete.
t1_sim:[67230. 67638. 69924.] t2_sim:[66223. 66320. 69544.]
Task is 19.00% complete.
t1_sim:[58672. 58785. 57618.] t2_sim:[59041. 60072. 61471.]
Task is 20.00% complete.
t1_sim:[57491. 57544. 57750.] t2_sim:[63082. 63378. 65215.]
Task is 21.00% complete.
t1_sim:[62012. 59740. 61288.] t2_sim:[66054. 65029. 63876.]
Task is 22.00% complete.
t1_sim:[61486. 60774. 61310.] t2_sim:[61377. 62220. 61453.]
Task is 23.00% complete.
t1_sim:[66225. 66280. 68440.] t2_sim:[61162. 61474. 60500.]
Task is 24.00% complete.
t1_sim:[60536. 60845. 59406.] t2_sim:[59800. 60667. 60117.]
Task is 25.00% complete.
t1_sim:[59655. 59335. 56499.] t2_sim:[58928. 60584. 58982.]
Task is 26.00% complete.
t1_sim:[60611. 60910. 58862.] t2_sim:[64759. 65616. 66943.]
Task is 27.00% complete.
t1_sim:[59273. 59481. 61436.] t2_sim:[57718. 56177. 60182.]
Task is 28.00% complete.
t1_sim:[61068. 61411. 60074.] t2_sim:[61531. 61532. 61295.]
Task is 29.00% complete.
t1_sim:[63570. 64007. 60045.] t2_sim:[59662. 60390. 60616.]
Task is 30.00% complete.
t1_sim:[62173. 60454. 61481.] t2_sim:[61822. 60984. 61523.]
Task is 31.00% complete.
t1_sim:[63837. 63843. 65028.] t2_sim:[60885. 59976. 60693.]
Task is 32.00% complete.
t1_sim:[56961. 57231. 58567.] t2_sim:[65925. 65878. 65721.]
Task is 33.00% complete.
t1_sim:[67143. 68589. 66341.] t2_sim:[57125. 58105. 55692.]
Task is 34.00% complete.
t1_sim:[64686. 63436. 63534.] t2_sim:[64957. 65095. 62356.]
Task is 35.00% complete.
t1_sim:[65172. 67057. 67280.] t2_sim:[60388. 61474. 62348.]
Task is 36.00% complete.
t1_sim:[63281. 63889. 64619.] t2_sim:[60037. 58899. 59800.]
Task is 37.00% complete.
t1_sim:[65277. 65567. 62373.] t2_sim:[61661. 61336. 61654.]
Task is 38.00% complete.
t1_sim:[57171. 58137. 61642.] t2_sim:[64479. 65032. 62182.]
Task is 39.00% complete.
t1_sim:[59449. 58983. 60425.] t2_sim:[65188. 64923. 63419.]
Task is 40.00% complete.
t1_sim:[60560. 60301. 57441.] t2_sim:[67433. 66656. 67193.]
Task is 41.00% complete.
t1_sim:[54147. 54410. 56643.] t2_sim:[60521. 59775. 63270.]
Task is 42.00% complete.
t1_sim:[60285. 61459. 61739.] t2_sim:[63179. 63588. 61507.]
Task is 43.00% complete.
t1_sim:[60113. 59911. 61040.] t2_sim:[59478. 59916. 57389.]
Task is 44.00% complete.
t1_sim:[61657. 61671. 61841.] t2_sim:[64374. 63861. 64978.]
Task is 45.00% complete.
t1_sim:[63112. 63442. 62636.] t2_sim:[63893. 64682. 64467.]
Task is 46.00% complete.
t1_sim:[65574. 65716. 63924.] t2_sim:[58825. 60404. 59139.]
Task is 47.00% complete.
t1_sim:[65477. 65608. 65606.] t2_sim:[60732. 59913. 60645.]
Task is 48.00% complete.
t1_sim:[55241. 56843. 56722.] t2_sim:[66682. 65996. 68188.]
Task is 49.00% complete.
t1_sim:[61779. 62635. 67463.] t2_sim:[68881. 70009. 70294.]
Task is 50.00% complete.
t1_sim:[67792. 66756. 67591.] t2_sim:[64412. 63917. 63100.]
Task is 51.00% complete.
t1_sim:[56111. 56477. 58330.] t2_sim:[58776. 59745. 61376.]
Task is 52.00% complete.
t1_sim:[58450. 58585. 58826.] t2_sim:[66623. 65909. 68797.]
Task is 53.00% complete.
t1_sim:[59643. 58580. 59713.] t2_sim:[64092. 63892. 63834.]
Task is 54.00% complete.
t1_sim:[55902. 55914. 58285.] t2_sim:[55580. 56404. 54808.]
Task is 55.00% complete.
t1_sim:[59726. 60217. 58152.] t2_sim:[65161. 64633. 65338.]
Task is 56.00% complete.
t1_sim:[60540. 59102. 61038.] t2_sim:[62467. 62884. 60206.]
Task is 57.00% complete.
t1_sim:[64645. 65229. 61461.] t2_sim:[65875. 66936. 68037.]
Task is 58.00% complete.
t1_sim:[56542. 56034. 56965.] t2_sim:[64513. 64953. 64629.]
Task is 59.00% complete.
t1_sim:[64820. 63453. 61658.] t2_sim:[64802. 65278. 65603.]
Task is 60.00% complete.
t1_sim:[61312. 60945. 61511.] t2_sim:[65820. 65852. 65773.]
Task is 61.00% complete.
t1_sim:[61182. 62443. 64059.] t2_sim:[68803. 68433. 65820.]
Task is 62.00% complete.
t1_sim:[67810. 67224. 68373.] t2_sim:[68888. 67740. 65165.]
Task is 63.00% complete.
t1_sim:[63409. 63731. 66733.] t2_sim:[60423. 61000. 62565.]
Task is 64.00% complete.
t1_sim:[61249. 62108. 60807.] t2_sim:[59535. 59437. 60600.]
Task is 65.00% complete.
t1_sim:[58609. 58182. 57920.] t2_sim:[68505. 67497. 68892.]
Task is 66.00% complete.
t1_sim:[58524. 58617. 57849.] t2_sim:[64155. 64043. 63130.]
Task is 67.00% complete.
t1_sim:[65820. 65577. 65949.] t2_sim:[63976. 64663. 65945.]
Task is 68.00% complete.
t1_sim:[67498. 66443. 68715.] t2_sim:[63508. 65743. 67038.]
Task is 69.00% complete.
t1_sim:[57685. 58596. 55681.] t2_sim:[61759. 61330. 63793.]
Task is 70.00% complete.
t1_sim:[58767. 58757. 56533.] t2_sim:[63848. 64019. 65421.]
Task is 71.00% complete.
t1_sim:[62273. 60843. 61469.] t2_sim:[64021. 63795. 60315.]
Task is 72.00% complete.
t1_sim:[71199. 69283. 69781.] t2_sim:[60487. 60042. 60027.]
Task is 73.00% complete.
t1_sim:[64655. 62742. 65019.] t2_sim:[59957. 59535. 64798.]
Task is 74.00% complete.
t1_sim:[59788. 59752. 58283.] t2_sim:[58083. 58592. 59980.]
Task is 75.00% complete.
t1_sim:[67847. 67134. 64140.] t2_sim:[66002. 65872. 65942.]
Task is 76.00% complete.
t1_sim:[61154. 59690. 60646.] t2_sim:[65045. 64027. 62266.]
Task is 77.00% complete.
t1_sim:[63777. 63042. 65959.] t2_sim:[65686. 63827. 61270.]
Task is 78.00% complete.
t1_sim:[66172. 66748. 66431.] t2_sim:[67646. 68696. 69720.]
Task is 79.00% complete.
t1_sim:[59659. 59795. 62574.] t2_sim:[60597. 60457. 60500.]
Task is 80.00% complete.
t1_sim:[56652. 56532. 57501.] t2_sim:[61760. 63160. 62114.]
Task is 81.00% complete.
t1_sim:[66922. 67368. 65265.] t2_sim:[61578. 60377. 62155.]
Task is 82.00% complete.
t1_sim:[61146. 60246. 63181.] t2_sim:[66827. 67161. 65667.]
Task is 83.00% complete.
t1_sim:[65904. 65342. 66281.] t2_sim:[62035. 61585. 61587.]
Task is 84.00% complete.
t1_sim:[61205. 61760. 59284.] t2_sim:[60746. 60309. 62524.]
Task is 85.00% complete.
t1_sim:[60016. 60217. 61152.] t2_sim:[67549. 68632. 68430.]
Task is 86.00% complete.
t1_sim:[63817. 63108. 64267.] t2_sim:[59317. 59629. 58718.]
Task is 87.00% complete.
t1_sim:[58260. 57880. 58986.] t2_sim:[67465. 65667. 72021.]
Task is 88.00% complete.
t1_sim:[60341. 59820. 61743.] t2_sim:[67886. 68379. 67191.]
Task is 89.00% complete.
t1_sim:[63443. 64043. 64321.] t2_sim:[67266. 66513. 65272.]
Task is 90.00% complete.
t1_sim:[65132. 64054. 63648.] t2_sim:[56346. 57990. 58544.]
Task is 91.00% complete.
t1_sim:[56895. 56068. 58516.] t2_sim:[61142. 61444. 60744.]
Task is 92.00% complete.
t1_sim:[60530. 60660. 59940.] t2_sim:[62597. 62725. 64500.]
Task is 93.00% complete.
t1_sim:[60468. 60928. 61404.] t2_sim:[54948. 55484. 57206.]
Task is 94.00% complete.
t1_sim:[57828. 57953. 59267.] t2_sim:[64686. 65508. 64197.]
Task is 95.00% complete.
t1_sim:[63638. 63251. 62831.] t2_sim:[64707. 64505. 63995.]
Task is 96.00% complete.
t1_sim:[63302. 63357. 63161.] t2_sim:[60390. 59689. 59937.]
Task is 97.00% complete.
t1_sim:[58891. 59128. 58962.] t2_sim:[64598. 63420. 63327.]
Task is 98.00% complete.
t1_sim:[64631. 62604. 61969.] t2_sim:[59437. 60236. 60586.]
Task is 99.00% complete.
t1_sim:[58704. 57965. 60841.] t2_sim:[64476. 63997. 61443.]
Training start
t1_obs:[array(91698.), array(83566.), array(72351.)] t2_obs:[array(90622.), array(82705.), array(73064.)]
corr_G1:[None, None, 0.9992791286362096] corr_G2:[None, None, 0.9868629591299172]
Training end
Task is 0.00% complete.
t1_sim:[60187. 61721. 61999.] t2_sim:[53728. 52610. 52310.]
Task is 1.00% complete.
t1_sim:[60342. 60316. 59754.] t2_sim:[64436. 64806. 67080.]
Task is 2.00% complete.
t1_sim:[67622. 67886. 67058.] t2_sim:[67467. 66174. 64504.]
Task is 3.00% complete.
t1_sim:[63215. 64236. 63243.] t2_sim:[59569. 59119. 58680.]
Task is 4.00% complete.
t1_sim:[67090. 67928. 68143.] t2_sim:[62083. 61296. 59998.]
Task is 5.00% complete.
t1_sim:[61074. 60799. 60962.] t2_sim:[58480. 57626. 57425.]
Task is 6.00% complete.
t1_sim:[61042. 60755. 60988.] t2_sim:[64870. 65216. 63413.]
Task is 7.00% complete.
t1_sim:[64798. 65800. 66695.] t2_sim:[60524. 60942. 59712.]
Task is 8.00% complete.
t1_sim:[66079. 66434. 63933.] t2_sim:[58611. 58566. 61061.]
Task is 9.00% complete.
t1_sim:[57515. 58665. 59113.] t2_sim:[62543. 61545. 60368.]
Task is 10.00% complete.
t1_sim:[60528. 61241. 61416.] t2_sim:[66215. 65897. 64501.]
Task is 11.00% complete.
t1_sim:[60579. 58725. 60383.] t2_sim:[63042. 63951. 63943.]
Task is 12.00% complete.
t1_sim:[63673. 63145. 62872.] t2_sim:[62972. 63954. 63936.]
Task is 13.00% complete.
t1_sim:[64262. 64891. 66193.] t2_sim:[66624. 65602. 65714.]
Task is 14.00% complete.
t1_sim:[62799. 63024. 63113.] t2_sim:[70456. 69771. 67904.]
Task is 15.00% complete.
t1_sim:[60451. 60301. 60205.] t2_sim:[57623. 58710. 60998.]
Task is 16.00% complete.
t1_sim:[64227. 63653. 64399.] t2_sim:[68193. 68038. 65471.]
Task is 17.00% complete.
t1_sim:[62110. 60947. 62194.] t2_sim:[65458. 66786. 66712.]
Task is 18.00% complete.
t1_sim:[63403. 62791. 62794.] t2_sim:[59200. 59412. 59913.]
Task is 19.00% complete.
t1_sim:[63292. 62803. 64145.] t2_sim:[66983. 66060. 66071.]
Task is 20.00% complete.
t1_sim:[64617. 64700. 63080.] t2_sim:[63136. 62570. 60276.]
Task is 21.00% complete.
t1_sim:[59362. 59771. 60589.] t2_sim:[65059. 64833. 62292.]
Task is 22.00% complete.
t1_sim:[60049. 58752. 57321.] t2_sim:[67989. 67214. 67165.]
Task is 23.00% complete.
t1_sim:[60066. 59077. 58672.] t2_sim:[61661. 61443. 61230.]
Task is 24.00% complete.
t1_sim:[68302. 67505. 65376.] t2_sim:[67458. 68392. 68016.]
Task is 25.00% complete.
t1_sim:[56986. 57382. 56589.] t2_sim:[65750. 65493. 66989.]
Task is 26.00% complete.
t1_sim:[60945. 58611. 60114.] t2_sim:[57865. 59194. 58950.]
Task is 27.00% complete.
t1_sim:[59006. 58124. 57870.] t2_sim:[62622. 62996. 61291.]
Task is 28.00% complete.
t1_sim:[56146. 55961. 55132.] t2_sim:[60318. 60671. 59973.]
Task is 29.00% complete.
t1_sim:[59967. 59815. 60452.] t2_sim:[62302. 61939. 60974.]
Task is 30.00% complete.
t1_sim:[65642. 65855. 65249.] t2_sim:[65354. 65311. 66265.]
Task is 31.00% complete.
t1_sim:[59944. 59482. 60675.] t2_sim:[63537. 63938. 63287.]
Task is 32.00% complete.
t1_sim:[62493. 62489. 63469.] t2_sim:[62935. 63656. 62591.]
Task is 33.00% complete.
t1_sim:[63233. 62892. 63486.] t2_sim:[64471. 65549. 65448.]
Task is 34.00% complete.
t1_sim:[53542. 55174. 55413.] t2_sim:[60680. 61068. 61149.]
Task is 35.00% complete.
t1_sim:[62742. 62857. 64089.] t2_sim:[53117. 50673. 52075.]
Task is 36.00% complete.
t1_sim:[66622. 66299. 66475.] t2_sim:[67167. 66706. 67595.]
Task is 37.00% complete.
t1_sim:[59130. 59993. 59530.] t2_sim:[65494. 63804. 62637.]
Task is 38.00% complete.
t1_sim:[65016. 64950. 64335.] t2_sim:[63494. 63050. 64435.]
Task is 39.00% complete.
t1_sim:[60024. 60980. 62543.] t2_sim:[63534. 64021. 63508.]
Task is 40.00% complete.
t1_sim:[65376. 64972. 64998.] t2_sim:[66079. 66344. 64595.]
Task is 41.00% complete.
t1_sim:[63441. 63635. 62507.] t2_sim:[63089. 64518. 63836.]
Task is 42.00% complete.
t1_sim:[65328. 65986. 66911.] t2_sim:[58966. 58738. 58388.]
Task is 43.00% complete.
t1_sim:[58844. 58510. 59761.] t2_sim:[59297. 60274. 57960.]
Task is 44.00% complete.
t1_sim:[60520. 59349. 60447.] t2_sim:[65761. 65366. 63834.]
Task is 45.00% complete.
t1_sim:[68055. 67693. 66886.] t2_sim:[59045. 60395. 60929.]
Task is 46.00% complete.
t1_sim:[60381. 62345. 63387.] t2_sim:[54304. 55545. 56544.]
Task is 47.00% complete.
t1_sim:[61033. 60272. 60114.] t2_sim:[58871. 59350. 60340.]
Task is 48.00% complete.
t1_sim:[66776. 67337. 64795.] t2_sim:[59892. 59789. 60787.]
Task is 49.00% complete.
t1_sim:[61729. 60176. 58177.] t2_sim:[56955. 57309. 58598.]
Task is 50.00% complete.
t1_sim:[62255. 60445. 60804.] t2_sim:[65673. 65937. 66446.]
Task is 51.00% complete.
t1_sim:[67700. 68283. 66504.] t2_sim:[62763. 64075. 64424.]
Task is 52.00% complete.
t1_sim:[62908. 64151. 64562.] t2_sim:[64928. 65394. 63503.]
Task is 53.00% complete.
t1_sim:[58610. 58885. 59155.] t2_sim:[65557. 64892. 63189.]
Task is 54.00% complete.
t1_sim:[61854. 61022. 60818.] t2_sim:[59653. 59566. 59272.]
Task is 55.00% complete.
t1_sim:[65807. 65548. 66307.] t2_sim:[66404. 66240. 66114.]
Task is 56.00% complete.
t1_sim:[62446. 62398. 63635.] t2_sim:[54506. 53879. 54362.]
Task is 57.00% complete.
t1_sim:[61294. 62054. 62686.] t2_sim:[68616. 69045. 67327.]
Task is 58.00% complete.
t1_sim:[65790. 65734. 64507.] t2_sim:[62361. 61916. 63107.]
Task is 59.00% complete.
t1_sim:[66883. 66496. 66045.] t2_sim:[63127. 62542. 64004.]
Task is 60.00% complete.
t1_sim:[66021. 65054. 64063.] t2_sim:[63259. 64022. 64129.]
Task is 61.00% complete.
t1_sim:[64405. 65366. 65005.] t2_sim:[56745. 56800. 57158.]
Task is 62.00% complete.
t1_sim:[63276. 63686. 63341.] t2_sim:[59045. 57660. 59220.]
Task is 63.00% complete.
t1_sim:[66435. 67168. 66607.] t2_sim:[59092. 58827. 58901.]
Task is 64.00% complete.
t1_sim:[56830. 57136. 57159.] t2_sim:[61805. 61608. 62645.]
Task is 65.00% complete.
t1_sim:[62273. 63534. 63486.] t2_sim:[61273. 61433. 60986.]
Task is 66.00% complete.
t1_sim:[64804. 66024. 65389.] t2_sim:[59133. 59470. 60438.]
Task is 67.00% complete.
t1_sim:[65908. 65842. 65413.] t2_sim:[67663. 67939. 68114.]
Task is 68.00% complete.
t1_sim:[60790. 61466. 60559.] t2_sim:[64989. 64098. 63074.]
Task is 69.00% complete.
t1_sim:[60975. 61950. 63373.] t2_sim:[62827. 61871. 63192.]
Task is 70.00% complete.
t1_sim:[63605. 64494. 63803.] t2_sim:[60843. 61147. 60578.]
Task is 71.00% complete.
t1_sim:[60918. 59395. 59566.] t2_sim:[68230. 67359. 66164.]
Task is 72.00% complete.
t1_sim:[61842. 60899. 62198.] t2_sim:[66536. 65285. 66111.]
Task is 73.00% complete.
t1_sim:[58834. 59869. 59435.] t2_sim:[59327. 59618. 59167.]
Task is 74.00% complete.
t1_sim:[63742. 63472. 64840.] t2_sim:[62890. 63600. 63270.]
Task is 75.00% complete.
t1_sim:[57223. 57130. 57448.] t2_sim:[58280. 57970. 59932.]
Task is 76.00% complete.
t1_sim:[62709. 63423. 62351.] t2_sim:[64529. 64429. 66171.]
Task is 77.00% complete.
t1_sim:[65464. 65997. 65559.] t2_sim:[63789. 63475. 63160.]
Task is 78.00% complete.
t1_sim:[64811. 63458. 63932.] t2_sim:[66239. 65305. 66684.]
Task is 79.00% complete.
t1_sim:[59512. 59490. 59480.] t2_sim:[54489. 53658. 54578.]
Task is 80.00% complete.
t1_sim:[60479. 61480. 61589.] t2_sim:[65787. 66020. 66010.]
Task is 81.00% complete.
t1_sim:[63844. 63781. 64829.] t2_sim:[62888. 62192. 62355.]
Task is 82.00% complete.
t1_sim:[66592. 66505. 65555.] t2_sim:[63012. 62622. 62068.]
Task is 83.00% complete.
t1_sim:[61697. 61784. 60122.] t2_sim:[61745. 63221. 63480.]
Task is 84.00% complete.
t1_sim:[62129. 61581. 61815.] t2_sim:[64783. 65546. 63689.]
Task is 85.00% complete.
t1_sim:[61387. 60002. 59731.] t2_sim:[64788. 64910. 66008.]
Task is 86.00% complete.
t1_sim:[62126. 61674. 60901.] t2_sim:[63153. 66078. 64710.]
Task is 87.00% complete.
t1_sim:[62876. 63096. 62406.] t2_sim:[66852. 66048. 65749.]
Task is 88.00% complete.
t1_sim:[60570. 60365. 58384.] t2_sim:[55951. 56416. 54524.]
Task is 89.00% complete.
t1_sim:[62795. 62896. 61217.] t2_sim:[58771. 58778. 61020.]
Task is 90.00% complete.
t1_sim:[65041. 63426. 61819.] t2_sim:[63243. 62832. 62372.]
Task is 91.00% complete.
t1_sim:[64593. 64765. 63731.] t2_sim:[62001. 63121. 63708.]
Task is 92.00% complete.
t1_sim:[57598. 57784. 59518.] t2_sim:[58187. 59497. 60583.]
Task is 93.00% complete.
t1_sim:[62256. 63510. 65030.] t2_sim:[64100. 64096. 63914.]
Task is 94.00% complete.
t1_sim:[59050. 58816. 59993.] t2_sim:[64504. 64597. 63649.]
Task is 95.00% complete.
t1_sim:[62322. 62011. 63041.] t2_sim:[59350. 60241. 59697.]
Task is 96.00% complete.
t1_sim:[67066. 67945. 67901.] t2_sim:[59798. 61551. 61817.]
Task is 97.00% complete.
t1_sim:[61602. 62039. 63100.] t2_sim:[59660. 60311. 61119.]
Task is 98.00% complete.
t1_sim:[58528. 58329. 59826.] t2_sim:[64552. 64215. 64151.]
Task is 99.00% complete.
t1_sim:[60723. 59053. 57662.] t2_sim:[62469. 61557. 61859.]
Training start
t1_obs:[array(91698.), array(83566.), array(69387.)] t2_obs:[array(90622.), array(82705.), array(69987.)]
corr_G1:[None, None, 0.06991859341612142] corr_G2:[None, None, 0.1666668381340319]
Training end
Task is 0.00% complete.
t1_sim:[66118. 65396. 65343.] t2_sim:[69055. 68724. 66512.]
Task is 1.00% complete.
t1_sim:[66064. 65642. 65265.] t2_sim:[66775. 66835. 66918.]
Task is 2.00% complete.
t1_sim:[64906. 65264. 64486.] t2_sim:[63962. 63972. 65073.]
Task is 3.00% complete.
t1_sim:[61233. 60581. 58667.] t2_sim:[59615. 59187. 56396.]
Task is 4.00% complete.
t1_sim:[67861. 66818. 65907.] t2_sim:[65963. 65481. 65143.]
Task is 5.00% complete.
t1_sim:[66988. 67943. 67078.] t2_sim:[65862. 65934. 63930.]
Task is 6.00% complete.
t1_sim:[67301. 67704. 68789.] t2_sim:[64326. 64400. 61225.]
Task is 7.00% complete.
t1_sim:[66795. 65943. 63692.] t2_sim:[63596. 63487. 62366.]
Task is 8.00% complete.
t1_sim:[60137. 60228. 59671.] t2_sim:[60925. 61240. 59740.]
Task is 9.00% complete.
t1_sim:[60933. 61668. 61517.] t2_sim:[61116. 60616. 57281.]
Task is 10.00% complete.
t1_sim:[69802. 69558. 68837.] t2_sim:[66978. 65629. 63098.]
Task is 11.00% complete.
t1_sim:[64469. 64735. 62714.] t2_sim:[60176. 60896. 61010.]
Task is 12.00% complete.
t1_sim:[63846. 63755. 65582.] t2_sim:[59012. 59924. 58583.]
Task is 13.00% complete.
t1_sim:[60637. 59924. 58685.] t2_sim:[66103. 67182. 65640.]
Task is 14.00% complete.
t1_sim:[66491. 65493. 64048.] t2_sim:[65189. 65303. 64325.]
Task is 15.00% complete.
t1_sim:[57908. 58569. 58070.] t2_sim:[68137. 67594. 64506.]
Task is 16.00% complete.
t1_sim:[66865. 67024. 65258.] t2_sim:[65901. 65051. 62915.]
Task is 17.00% complete.
t1_sim:[61796. 62235. 61284.] t2_sim:[62094. 62090. 61324.]
Task is 18.00% complete.
t1_sim:[69340. 70563. 69006.] t2_sim:[59128. 60244. 58274.]
Task is 19.00% complete.
t1_sim:[64793. 64113. 64039.] t2_sim:[62009. 63110. 60681.]
Task is 20.00% complete.
t1_sim:[66067. 65564. 64851.] t2_sim:[59323. 59337. 58546.]
Task is 21.00% complete.
t1_sim:[57371. 57453. 57444.] t2_sim:[68788. 68642. 67482.]
Task is 22.00% complete.
t1_sim:[60848. 61197. 59988.] t2_sim:[60232. 59801. 58322.]
Task is 23.00% complete.
t1_sim:[64323. 65235. 64442.] t2_sim:[66090. 67926. 64371.]
Task is 24.00% complete.
t1_sim:[65425. 65208. 64648.] t2_sim:[58085. 57965. 54953.]
Task is 25.00% complete.
t1_sim:[62446. 62900. 60361.] t2_sim:[69180. 70103. 66820.]
Task is 26.00% complete.
t1_sim:[65166. 66012. 62470.] t2_sim:[57366. 57734. 56057.]
Task is 27.00% complete.
t1_sim:[60932. 61099. 60019.] t2_sim:[57592. 57897. 55691.]
Task is 28.00% complete.
t1_sim:[67294. 67392. 67668.] t2_sim:[55386. 56891. 57434.]
Task is 29.00% complete.
t1_sim:[59841. 59274. 58737.] t2_sim:[62779. 63095. 60571.]
Task is 30.00% complete.
t1_sim:[62119. 61936. 61309.] t2_sim:[63991. 66432. 64335.]
Task is 31.00% complete.
t1_sim:[64149. 65009. 65155.] t2_sim:[60886. 60048. 59617.]
Task is 32.00% complete.
t1_sim:[63332. 63193. 61969.] t2_sim:[67319. 67632. 64097.]
Task is 33.00% complete.
t1_sim:[58192. 58499. 57289.] t2_sim:[62515. 63236. 62170.]
Task is 34.00% complete.
t1_sim:[65788. 63849. 63367.] t2_sim:[70513. 70624. 67302.]
Task is 35.00% complete.
t1_sim:[57826. 56783. 55644.] t2_sim:[60929. 61489. 58261.]
Task is 36.00% complete.
t1_sim:[67790. 66739. 67372.] t2_sim:[55893. 55987. 55637.]
Task is 37.00% complete.
t1_sim:[62563. 62512. 63654.] t2_sim:[57866. 56875. 55738.]
Task is 38.00% complete.
t1_sim:[65854. 65728. 66047.] t2_sim:[63759. 63500. 62512.]
Task is 39.00% complete.
t1_sim:[60881. 61880. 62431.] t2_sim:[61376. 61855. 60004.]
Task is 40.00% complete.
t1_sim:[65806. 66429. 68523.] t2_sim:[62498. 62217. 60526.]
Task is 41.00% complete.
t1_sim:[67557. 67451. 67262.] t2_sim:[64522. 65115. 60277.]
Task is 42.00% complete.
t1_sim:[62479. 62075. 64147.] t2_sim:[58061. 57349. 56985.]
Task is 43.00% complete.
t1_sim:[60072. 58744. 61458.] t2_sim:[58629. 58788. 56546.]
Task is 44.00% complete.
t1_sim:[60776. 60688. 60515.] t2_sim:[66125. 66223. 64570.]
Task is 45.00% complete.
t1_sim:[58722. 58945. 57242.] t2_sim:[63250. 63546. 61700.]
Task is 46.00% complete.
t1_sim:[62362. 62090. 60959.] t2_sim:[66642. 67944. 64885.]
Task is 47.00% complete.
t1_sim:[67930. 68130. 67311.] t2_sim:[60964. 59986. 58868.]
Task is 48.00% complete.
t1_sim:[60853. 59930. 60227.] t2_sim:[62639. 62660. 60557.]
Task is 49.00% complete.
t1_sim:[60287. 61128. 63395.] t2_sim:[61111. 59715. 59433.]
Task is 50.00% complete.
t1_sim:[59473. 58347. 56369.] t2_sim:[55865. 55552. 54735.]
Task is 51.00% complete.
t1_sim:[58700. 60470. 61672.] t2_sim:[55582. 55956. 54223.]
Task is 52.00% complete.
t1_sim:[57081. 57462. 57799.] t2_sim:[64263. 64431. 62879.]
Task is 53.00% complete.
t1_sim:[64738. 65152. 63528.] t2_sim:[67888. 66663. 63478.]
Task is 54.00% complete.
t1_sim:[65877. 66179. 64928.] t2_sim:[66484. 66059. 63340.]
Task is 55.00% complete.
t1_sim:[59164. 58899. 55738.] t2_sim:[58405. 59258. 57916.]
Task is 56.00% complete.
t1_sim:[64718. 65461. 65077.] t2_sim:[61293. 60892. 59728.]
Task is 57.00% complete.
t1_sim:[63821. 65458. 65033.] t2_sim:[55894. 56229. 53795.]
Task is 58.00% complete.
t1_sim:[65274. 65555. 66042.] t2_sim:[65032. 64794. 62279.]
Task is 59.00% complete.
t1_sim:[65723. 66279. 65702.] t2_sim:[68569. 68219. 66686.]
Task is 60.00% complete.
t1_sim:[66554. 66194. 64490.] t2_sim:[59724. 60079. 57822.]
Task is 61.00% complete.
t1_sim:[58880. 58897. 58149.] t2_sim:[61308. 60806. 58464.]
Task is 62.00% complete.
t1_sim:[62534. 62799. 61146.] t2_sim:[66082. 65445. 61682.]
Task is 63.00% complete.
t1_sim:[65856. 66524. 64364.] t2_sim:[60482. 59969. 57536.]
Task is 64.00% complete.
t1_sim:[63970. 62829. 61826.] t2_sim:[60625. 60935. 58249.]
Task is 65.00% complete.
t1_sim:[57465. 57470. 54519.] t2_sim:[61690. 61657. 58824.]
Task is 66.00% complete.
t1_sim:[61514. 61349. 60923.] t2_sim:[62328. 63539. 61846.]
Task is 67.00% complete.
t1_sim:[64445. 65128. 63864.] t2_sim:[64448. 64967. 64379.]
Task is 68.00% complete.
t1_sim:[65328. 64318. 63448.] t2_sim:[67733. 65986. 63265.]
Task is 69.00% complete.
t1_sim:[64427. 64657. 62679.] t2_sim:[61531. 60826. 59296.]
Task is 70.00% complete.
t1_sim:[60749. 60635. 60042.] t2_sim:[63365. 63372. 60772.]
Task is 71.00% complete.
t1_sim:[64943. 64763. 62063.] t2_sim:[66446. 65571. 62918.]
Task is 72.00% complete.
t1_sim:[65927. 66916. 64930.] t2_sim:[65616. 64225. 63291.]
Task is 73.00% complete.
t1_sim:[58813. 58995. 58712.] t2_sim:[58095. 57937. 55363.]
Task is 74.00% complete.
t1_sim:[61804. 61325. 59717.] t2_sim:[60786. 60093. 58474.]
Task is 75.00% complete.
t1_sim:[60728. 61434. 62128.] t2_sim:[55523. 55457. 53145.]
Task is 76.00% complete.
t1_sim:[60035. 59641. 60011.] t2_sim:[55609. 55123. 54960.]
Task is 77.00% complete.
t1_sim:[63001. 63486. 64484.] t2_sim:[61017. 61274. 55468.]
Task is 78.00% complete.
t1_sim:[63326. 62141. 62884.] t2_sim:[63684. 63870. 62680.]
Task is 79.00% complete.
t1_sim:[62387. 62753. 62364.] t2_sim:[64940. 65108. 60346.]
Task is 80.00% complete.
t1_sim:[61835. 61382. 59523.] t2_sim:[62008. 60503. 57517.]
Task is 81.00% complete.
t1_sim:[66101. 65926. 66166.] t2_sim:[64796. 65998. 65517.]
Task is 82.00% complete.
t1_sim:[57885. 57617. 56959.] t2_sim:[58109. 57977. 55375.]
Task is 83.00% complete.
t1_sim:[66570. 66529. 66518.] t2_sim:[65297. 64530. 63155.]
Task is 84.00% complete.
t1_sim:[66754. 65151. 64563.] t2_sim:[62386. 63334. 60802.]
Task is 85.00% complete.
t1_sim:[66888. 67105. 68215.] t2_sim:[62610. 63386. 60044.]
Task is 86.00% complete.
t1_sim:[63122. 62654. 61635.] t2_sim:[59172. 59234. 57574.]
Task is 87.00% complete.
t1_sim:[64413. 64289. 62348.] t2_sim:[56704. 57211. 56586.]
Task is 88.00% complete.
t1_sim:[57149. 58460. 60822.] t2_sim:[61291. 61264. 57834.]
Task is 89.00% complete.
t1_sim:[58608. 58857. 56898.] t2_sim:[61588. 61405. 58160.]
Task is 90.00% complete.
t1_sim:[58914. 58720. 59530.] t2_sim:[63546. 62051. 60748.]
Task is 91.00% complete.
t1_sim:[66505. 65240. 61752.] t2_sim:[58914. 59616. 58327.]
Task is 92.00% complete.
t1_sim:[66357. 66826. 67062.] t2_sim:[66240. 66131. 63928.]
Task is 93.00% complete.
t1_sim:[60724. 60083. 61691.] t2_sim:[63956. 63457. 60673.]
Task is 94.00% complete.
t1_sim:[59000. 59494. 57875.] t2_sim:[63976. 63828. 62311.]
Task is 95.00% complete.
t1_sim:[68528. 69813. 68411.] t2_sim:[66253. 67054. 65895.]
Task is 96.00% complete.
t1_sim:[61467. 61575. 60628.] t2_sim:[59692. 59314. 56542.]
Task is 97.00% complete.
t1_sim:[61716. 61280. 61013.] t2_sim:[62749. 63522. 61946.]
Task is 98.00% complete.
t1_sim:[63236. 64232. 65689.] t2_sim:[65964. 66142. 63330.]
Task is 99.00% complete.
t1_sim:[60140. 61747. 62267.] t2_sim:[60539. 61150. 60437.]
Finished
