Begin
Training start
t1_obs:[array(55572.), array(55211.), array(54418.)] t2_obs:[array(57920.), array(57571.), array(60427.)]
corr_G1:[None, None, -7.43181268655748e-18] corr_G2:[None, None, 0]
Training end
Task is 0.00% complete.
t1_sim:[59927. 60170. 62177.] t2_sim:[60002. 59828. 63559.]
Task is 1.00% complete.
t1_sim:[62565. 63127. 63920.] t2_sim:[58723. 58642. 58272.]
Task is 2.00% complete.
t1_sim:[57163. 57350. 60896.] t2_sim:[62143. 62521. 64129.]
Task is 3.00% complete.
t1_sim:[60950. 60814. 59596.] t2_sim:[69035. 68687. 67082.]
Task is 4.00% complete.
t1_sim:[66354. 67135. 68769.] t2_sim:[64971. 64682. 66153.]
Task is 5.00% complete.
t1_sim:[60281. 60593. 60288.] t2_sim:[63372. 63497. 65629.]
Task is 6.00% complete.
t1_sim:[59801. 59774. 58903.] t2_sim:[62584. 62460. 63022.]
Task is 7.00% complete.
t1_sim:[66241. 66259. 63374.] t2_sim:[60008. 60317. 58964.]
Task is 8.00% complete.
t1_sim:[63076. 62747. 64273.] t2_sim:[63901. 64039. 63865.]
Task is 9.00% complete.
t1_sim:[58495. 58710. 62801.] t2_sim:[61432. 61464. 63510.]
Task is 10.00% complete.
t1_sim:[65558. 66298. 66321.] t2_sim:[64357. 64100. 64817.]
Task is 11.00% complete.
t1_sim:[61366. 61417. 63649.] t2_sim:[64111. 63871. 58518.]
Task is 12.00% complete.
t1_sim:[61482. 61687. 65713.] t2_sim:[62691. 63024. 63803.]
Task is 13.00% complete.
t1_sim:[68825. 68793. 67938.] t2_sim:[64894. 65039. 66829.]
Task is 14.00% complete.
t1_sim:[64803. 64992. 67033.] t2_sim:[64248. 64220. 67407.]
Task is 15.00% complete.
t1_sim:[59960. 60465. 59117.] t2_sim:[62992. 62456. 61472.]
Task is 16.00% complete.
t1_sim:[61510. 61785. 60448.] t2_sim:[58856. 58504. 60661.]
Task is 17.00% complete.
t1_sim:[64485. 64570. 66348.] t2_sim:[61998. 62199. 63474.]
Task is 18.00% complete.
t1_sim:[63008. 63077. 64853.] t2_sim:[57735. 58149. 59343.]
Task is 19.00% complete.
t1_sim:[57842. 57780. 60970.] t2_sim:[69244. 69212. 66859.]
Task is 20.00% complete.
t1_sim:[61592. 61387. 59851.] t2_sim:[67224. 67085. 64126.]
Task is 21.00% complete.
t1_sim:[62232. 61894. 63980.] t2_sim:[60437. 60047. 55761.]
Task is 22.00% complete.
t1_sim:[61616. 61520. 62870.] t2_sim:[62670. 62022. 62441.]
Task is 23.00% complete.
t1_sim:[60790. 60792. 62627.] t2_sim:[62878. 62886. 63387.]
Task is 24.00% complete.
t1_sim:[64802. 64738. 64107.] t2_sim:[61990. 61829. 61362.]
Task is 25.00% complete.
t1_sim:[58213. 58447. 59059.] t2_sim:[63135. 63564. 63196.]
Task is 26.00% complete.
t1_sim:[67922. 67330. 64138.] t2_sim:[55950. 56143. 56905.]
Task is 27.00% complete.
t1_sim:[63863. 64454. 66996.] t2_sim:[59333. 59717. 61357.]
Task is 28.00% complete.
t1_sim:[63483. 63443. 65089.] t2_sim:[67259. 67320. 64710.]
Task is 29.00% complete.
t1_sim:[59321. 59797. 59406.] t2_sim:[60609. 60560. 61928.]
Task is 30.00% complete.
t1_sim:[61488. 61193. 57934.] t2_sim:[59887. 59703. 60447.]
Task is 31.00% complete.
t1_sim:[67526. 67792. 67497.] t2_sim:[56471. 55878. 55604.]
Task is 32.00% complete.
t1_sim:[63061. 63831. 64842.] t2_sim:[57532. 57258. 62410.]
Task is 33.00% complete.
t1_sim:[69229. 69649. 67570.] t2_sim:[61226. 61278. 62513.]
Task is 34.00% complete.
t1_sim:[66735. 66950. 65055.] t2_sim:[61080. 60952. 61440.]
Task is 35.00% complete.
t1_sim:[59619. 59354. 61022.] t2_sim:[56756. 56543. 55639.]
Task is 36.00% complete.
t1_sim:[65077. 65265. 63946.] t2_sim:[60174. 60282. 59596.]
Task is 37.00% complete.
t1_sim:[62097. 61946. 62699.] t2_sim:[62404. 62166. 62829.]
Task is 38.00% complete.
t1_sim:[61438. 61396. 60002.] t2_sim:[67785. 68034. 67529.]
Task is 39.00% complete.
t1_sim:[65476. 65193. 62393.] t2_sim:[65366. 65690. 64360.]
Task is 40.00% complete.
t1_sim:[58960. 58709. 60387.] t2_sim:[61833. 61957. 63064.]
Task is 41.00% complete.
t1_sim:[63486. 63651. 63727.] t2_sim:[58930. 58918. 62713.]
Task is 42.00% complete.
t1_sim:[66625. 66578. 67533.] t2_sim:[61419. 61551. 60573.]
Task is 43.00% complete.
t1_sim:[60071. 60122. 57356.] t2_sim:[63405. 63136. 63800.]
Task is 44.00% complete.
t1_sim:[59185. 59487. 65102.] t2_sim:[58635. 58615. 57935.]
Task is 45.00% complete.
t1_sim:[64608. 64448. 62951.] t2_sim:[64345. 64248. 61773.]
Task is 46.00% complete.
t1_sim:[65945. 66052. 63938.] t2_sim:[63764. 63917. 65578.]
Task is 47.00% complete.
t1_sim:[60094. 60139. 60701.] t2_sim:[59411. 59585. 61835.]
Task is 48.00% complete.
t1_sim:[63401. 63801. 62640.] t2_sim:[66394. 66240. 66127.]
Task is 49.00% complete.
t1_sim:[65312. 65396. 64582.] t2_sim:[60713. 60979. 61014.]
Task is 50.00% complete.
t1_sim:[64543. 64703. 64690.] t2_sim:[64574. 64829. 62452.]
Task is 51.00% complete.
t1_sim:[63526. 63519. 62651.] t2_sim:[61773. 61890. 63035.]
Task is 52.00% complete.
t1_sim:[71917. 71846. 69987.] t2_sim:[62622. 62633. 60239.]
Task is 53.00% complete.
t1_sim:[62534. 62012. 61646.] t2_sim:[62694. 62868. 62398.]
Task is 54.00% complete.
t1_sim:[57104. 57352. 58504.] t2_sim:[53986. 53734. 54293.]
Task is 55.00% complete.
t1_sim:[59745. 59867. 60514.] t2_sim:[65741. 66561. 67463.]
Task is 56.00% complete.
t1_sim:[65166. 65072. 66010.] t2_sim:[62234. 61791. 60729.]
Task is 57.00% complete.
t1_sim:[65517. 65223. 67871.] t2_sim:[65743. 65803. 62896.]
Task is 58.00% complete.
t1_sim:[61560. 61294. 58460.] t2_sim:[57306. 57116. 58393.]
Task is 59.00% complete.
t1_sim:[63452. 63296. 61423.] t2_sim:[68400. 68457. 65405.]
Task is 60.00% complete.
t1_sim:[68209. 67973. 66032.] t2_sim:[67434. 67156. 65457.]
Task is 61.00% complete.
t1_sim:[62953. 63380. 62018.] t2_sim:[60200. 59872. 61162.]
Task is 62.00% complete.
t1_sim:[64381. 64472. 64529.] t2_sim:[62683. 62482. 60752.]
Task is 63.00% complete.
t1_sim:[67850. 68041. 69031.] t2_sim:[62352. 62024. 62874.]
Task is 64.00% complete.
t1_sim:[66454. 66223. 66115.] t2_sim:[64770. 65141. 67993.]
Task is 65.00% complete.
t1_sim:[64852. 64912. 62924.] t2_sim:[64594. 64540. 64365.]
Task is 66.00% complete.
t1_sim:[65498. 65802. 65307.] t2_sim:[64511. 65251. 62459.]
Task is 67.00% complete.
t1_sim:[58003. 57723. 59709.] t2_sim:[65881. 66126. 63434.]
Task is 68.00% complete.
t1_sim:[68212. 67931. 65443.] t2_sim:[64839. 64374. 62092.]
Task is 69.00% complete.
t1_sim:[53994. 53943. 54014.] t2_sim:[60082. 59777. 62957.]
Task is 70.00% complete.
t1_sim:[63660. 63892. 66803.] t2_sim:[65244. 64823. 63325.]
Task is 71.00% complete.
t1_sim:[67909. 67514. 65185.] t2_sim:[66355. 66834. 65211.]
Task is 72.00% complete.
t1_sim:[64034. 64190. 63856.] t2_sim:[62231. 62410. 62310.]
Task is 73.00% complete.
t1_sim:[64357. 64280. 65417.] t2_sim:[59637. 59959. 56397.]
Task is 74.00% complete.
t1_sim:[66142. 66341. 63622.] t2_sim:[69082. 68606. 65463.]
Task is 75.00% complete.
t1_sim:[60116. 60597. 62424.] t2_sim:[59047. 59161. 60172.]
Task is 76.00% complete.
t1_sim:[62195. 62439. 64098.] t2_sim:[63184. 62673. 60297.]
Task is 77.00% complete.
t1_sim:[65966. 65951. 64464.] t2_sim:[64281. 64387. 68790.]
Task is 78.00% complete.
t1_sim:[62283. 62270. 62115.] t2_sim:[65729. 65707. 64383.]
Task is 79.00% complete.
t1_sim:[70634. 70755. 67296.] t2_sim:[59389. 58899. 60434.]
Task is 80.00% complete.
t1_sim:[69862. 70055. 72528.] t2_sim:[63289. 63181. 62185.]
Task is 81.00% complete.
t1_sim:[65383. 65185. 65975.] t2_sim:[61023. 60727. 62846.]
Task is 82.00% complete.
t1_sim:[65527. 65459. 63338.] t2_sim:[63048. 63204. 62023.]
Task is 83.00% complete.
t1_sim:[62617. 62018. 61054.] t2_sim:[62249. 62174. 59203.]
Task is 84.00% complete.
t1_sim:[69555. 70255. 70370.] t2_sim:[58753. 58661. 59619.]
Task is 85.00% complete.
t1_sim:[58639. 58463. 55459.] t2_sim:[65224. 65048. 63877.]
Task is 86.00% complete.
t1_sim:[60815. 60847. 62221.] t2_sim:[64087. 64205. 66436.]
Task is 87.00% complete.
t1_sim:[66166. 66365. 64116.] t2_sim:[64823. 65200. 63620.]
Task is 88.00% complete.
t1_sim:[62352. 61910. 61218.] t2_sim:[58205. 58547. 60594.]
Task is 89.00% complete.
t1_sim:[58060. 58070. 60326.] t2_sim:[68873. 69096. 65758.]
Task is 90.00% complete.
t1_sim:[61827. 62472. 63058.] t2_sim:[65449. 64944. 66001.]
Task is 91.00% complete.
t1_sim:[64723. 64204. 61019.] t2_sim:[56113. 56559. 57106.]
Task is 92.00% complete.
t1_sim:[68700. 69280. 68798.] t2_sim:[60706. 60524. 58512.]
Task is 93.00% complete.
t1_sim:[64418. 64607. 63837.] t2_sim:[62262. 62042. 62068.]
Task is 94.00% complete.
t1_sim:[61784. 61780. 65024.] t2_sim:[66441. 66159. 67633.]
Task is 95.00% complete.
t1_sim:[61486. 61665. 62700.] t2_sim:[62331. 62616. 61259.]
Task is 96.00% complete.
t1_sim:[66757. 67041. 67398.] t2_sim:[68319. 68226. 67750.]
Task is 97.00% complete.
t1_sim:[64373. 64378. 64442.] t2_sim:[64789. 64384. 62325.]
Task is 98.00% complete.
t1_sim:[61776. 61695. 63717.] t2_sim:[59299. 59160. 60343.]
Task is 99.00% complete.
t1_sim:[64064. 63698. 62025.] t2_sim:[58287. 58751. 59489.]
Training start
t1_obs:[array(55572.), array(55211.), array(53749.)] t2_obs:[array(57920.), array(57571.), array(59536.)]
corr_G1:[None, None, 0.9987093691301896] corr_G2:[None, None, 0.9850188216180109]
Training end
Task is 0.00% complete.
t1_sim:[66907. 66852. 64640.] t2_sim:[66832. 66512. 65591.]
Task is 1.00% complete.
t1_sim:[59784. 59818. 61124.] t2_sim:[61808. 61456. 63108.]
Task is 2.00% complete.
t1_sim:[68502. 68489. 66901.] t2_sim:[62155. 61972. 63226.]
Task is 3.00% complete.
t1_sim:[58840. 59079. 59419.] t2_sim:[64241. 64289. 64132.]
Task is 4.00% complete.
t1_sim:[63218. 63437. 63822.] t2_sim:[64390. 64110. 62772.]
Task is 5.00% complete.
t1_sim:[63735. 64243. 65424.] t2_sim:[59974. 59940. 59264.]
Task is 6.00% complete.
t1_sim:[60179. 59892. 60109.] t2_sim:[63285. 63232. 63412.]
Task is 7.00% complete.
t1_sim:[63044. 63028. 63137.] t2_sim:[63148. 63325. 63766.]
Task is 8.00% complete.
t1_sim:[60728. 61028. 62281.] t2_sim:[61991. 61900. 62353.]
Task is 9.00% complete.
t1_sim:[69350. 69495. 71495.] t2_sim:[69568. 69786. 69380.]
Task is 10.00% complete.
t1_sim:[58899. 58801. 59796.] t2_sim:[62672. 62718. 63884.]
Task is 11.00% complete.
t1_sim:[56625. 56446. 57709.] t2_sim:[59830. 59469. 61024.]
Task is 12.00% complete.
t1_sim:[61369. 61446. 59361.] t2_sim:[63403. 63578. 66272.]
Task is 13.00% complete.
t1_sim:[61201. 61949. 63762.] t2_sim:[69516. 69302. 68473.]
Task is 14.00% complete.
t1_sim:[61749. 62174. 61322.] t2_sim:[65079. 65072. 62437.]
Task is 15.00% complete.
t1_sim:[64092. 63879. 62472.] t2_sim:[61321. 61237. 61888.]
Task is 16.00% complete.
t1_sim:[64093. 63935. 64123.] t2_sim:[61739. 61851. 64172.]
Task is 17.00% complete.
t1_sim:[58258. 57922. 57600.] t2_sim:[64945. 65187. 66311.]
Task is 18.00% complete.
t1_sim:[62973. 62621. 61718.] t2_sim:[63217. 62611. 61542.]
Task is 19.00% complete.
t1_sim:[59898. 60476. 60314.] t2_sim:[65689. 66174. 65679.]
Task is 20.00% complete.
t1_sim:[66873. 66842. 68054.] t2_sim:[57815. 57844. 58291.]
Task is 21.00% complete.
t1_sim:[60099. 59966. 60352.] t2_sim:[60926. 61361. 59820.]
Task is 22.00% complete.
t1_sim:[70256. 70507. 70416.] t2_sim:[69019. 68958. 68678.]
Task is 23.00% complete.
t1_sim:[60156. 60365. 59313.] t2_sim:[62794. 63114. 63360.]
Task is 24.00% complete.
t1_sim:[62641. 63351. 61787.] t2_sim:[64075. 64195. 63137.]
Task is 25.00% complete.
t1_sim:[58288. 57540. 58920.] t2_sim:[65970. 66200. 66367.]
Task is 26.00% complete.
t1_sim:[63049. 63175. 61595.] t2_sim:[64185. 64480. 64314.]
Task is 27.00% complete.
t1_sim:[56783. 56453. 57673.] t2_sim:[61518. 61542. 63087.]
Task is 28.00% complete.
t1_sim:[64025. 63536. 62563.] t2_sim:[68071. 67389. 68335.]
Task is 29.00% complete.
t1_sim:[65174. 64980. 66479.] t2_sim:[64367. 64623. 63568.]
Task is 30.00% complete.
t1_sim:[63065. 63327. 62835.] t2_sim:[62651. 62814. 61882.]
Task is 31.00% complete.
t1_sim:[63351. 62982. 61967.] t2_sim:[63474. 63567. 64062.]
Task is 32.00% complete.
t1_sim:[64148. 64545. 64543.] t2_sim:[64082. 64216. 65054.]
Task is 33.00% complete.
t1_sim:[59941. 59552. 56992.] t2_sim:[60948. 60989. 63086.]
Task is 34.00% complete.
t1_sim:[59788. 59607. 58405.] t2_sim:[64692. 64545. 63586.]
Task is 35.00% complete.
t1_sim:[62093. 62037. 58616.] t2_sim:[63022. 63020. 61019.]
Task is 36.00% complete.
t1_sim:[62354. 62923. 63420.] t2_sim:[58680. 58677. 59323.]
Task is 37.00% complete.
t1_sim:[61397. 61891. 62354.] t2_sim:[64446. 64378. 67071.]
Task is 38.00% complete.
t1_sim:[60645. 60433. 61476.] t2_sim:[58984. 58895. 59102.]
Task is 39.00% complete.
t1_sim:[66297. 65889. 63241.] t2_sim:[61900. 62040. 62700.]
Task is 40.00% complete.
t1_sim:[62961. 63070. 64372.] t2_sim:[67333. 67673. 66012.]
Task is 41.00% complete.
t1_sim:[61401. 61253. 64087.] t2_sim:[62127. 62018. 63291.]
Task is 42.00% complete.
t1_sim:[58517. 58604. 58254.] t2_sim:[63873. 64524. 65619.]
Task is 43.00% complete.
t1_sim:[67212. 66766. 64910.] t2_sim:[65417. 65275. 65067.]
Task is 44.00% complete.
t1_sim:[62098. 61690. 63322.] t2_sim:[64830. 64692. 64931.]
Task is 45.00% complete.
t1_sim:[62993. 62653. 62392.] t2_sim:[63684. 63305. 61920.]
Task is 46.00% complete.
t1_sim:[61179. 60828. 61264.] t2_sim:[64676. 65258. 66744.]
Task is 47.00% complete.
t1_sim:[62123. 62191. 64518.] t2_sim:[55087. 55169. 55352.]
Task is 48.00% complete.
t1_sim:[65273. 65499. 65720.] t2_sim:[68058. 68151. 68303.]
Task is 49.00% complete.
t1_sim:[63157. 63128. 62445.] t2_sim:[66416. 66702. 65343.]
Task is 50.00% complete.
t1_sim:[59448. 59325. 58161.] t2_sim:[64842. 64629. 64431.]
Task is 51.00% complete.
t1_sim:[61786. 61770. 63518.] t2_sim:[63791. 63979. 66913.]
Task is 52.00% complete.
t1_sim:[63312. 63089. 61886.] t2_sim:[60638. 60370. 60283.]
Task is 53.00% complete.
t1_sim:[63049. 63052. 64111.] t2_sim:[67157. 67073. 69605.]
Task is 54.00% complete.
t1_sim:[59288. 59151. 62160.] t2_sim:[62102. 62284. 61531.]
Task is 55.00% complete.
t1_sim:[66443. 66696. 67402.] t2_sim:[59800. 59814. 59537.]
Task is 56.00% complete.
t1_sim:[59659. 59788. 57804.] t2_sim:[62398. 62087. 61576.]
Task is 57.00% complete.
t1_sim:[64452. 64717. 63798.] t2_sim:[58725. 59170. 58023.]
Task is 58.00% complete.
t1_sim:[60011. 59996. 61455.] t2_sim:[62803. 62822. 64280.]
Task is 59.00% complete.
t1_sim:[64704. 64701. 65421.] t2_sim:[64641. 64977. 67108.]
Task is 60.00% complete.
t1_sim:[60779. 61065. 61383.] t2_sim:[67153. 67551. 68546.]
Task is 61.00% complete.
t1_sim:[66007. 65816. 64255.] t2_sim:[67718. 67331. 66763.]
Task is 62.00% complete.
t1_sim:[63133. 62931. 61944.] t2_sim:[63447. 63605. 63075.]
Task is 63.00% complete.
t1_sim:[59895. 59837. 63889.] t2_sim:[64558. 64512. 65131.]
Task is 64.00% complete.
t1_sim:[58273. 58534. 59887.] t2_sim:[66143. 66499. 68021.]
Task is 65.00% complete.
t1_sim:[61869. 61771. 61193.] t2_sim:[58708. 58509. 58544.]
Task is 66.00% complete.
t1_sim:[63154. 63372. 62497.] t2_sim:[62723. 62638. 60655.]
Task is 67.00% complete.
t1_sim:[64742. 64672. 63284.] t2_sim:[55681. 55710. 55820.]
Task is 68.00% complete.
t1_sim:[66063. 65572. 64356.] t2_sim:[61097. 61245. 59682.]
Task is 69.00% complete.
t1_sim:[61209. 61192. 59646.] t2_sim:[55783. 55736. 56375.]
Task is 70.00% complete.
t1_sim:[60906. 60453. 60898.] t2_sim:[62138. 62280. 62351.]
Task is 71.00% complete.
t1_sim:[61741. 61941. 62560.] t2_sim:[58859. 59227. 61500.]
Task is 72.00% complete.
t1_sim:[61002. 61180. 59839.] t2_sim:[61202. 61119. 60982.]
Task is 73.00% complete.
t1_sim:[61894. 62034. 63090.] t2_sim:[60190. 60361. 60722.]
Task is 74.00% complete.
t1_sim:[58549. 58758. 58134.] t2_sim:[61667. 61373. 64290.]
Task is 75.00% complete.
t1_sim:[67638. 67433. 69660.] t2_sim:[66824. 66859. 64475.]
Task is 76.00% complete.
t1_sim:[56999. 56716. 56127.] t2_sim:[60456. 60232. 60417.]
Task is 77.00% complete.
t1_sim:[60158. 59967. 59115.] t2_sim:[57982. 58170. 57894.]
Task is 78.00% complete.
t1_sim:[54762. 54898. 55335.] t2_sim:[63176. 63561. 63411.]
Task is 79.00% complete.
t1_sim:[61316. 61407. 62970.] t2_sim:[65100. 65072. 64063.]
Task is 80.00% complete.
t1_sim:[63671. 64082. 62968.] t2_sim:[62276. 62600. 60790.]
Task is 81.00% complete.
t1_sim:[65778. 65736. 64835.] t2_sim:[57625. 57284. 56362.]
Task is 82.00% complete.
t1_sim:[66772. 66506. 64631.] t2_sim:[65652. 65665. 65000.]
Task is 83.00% complete.
t1_sim:[65366. 66020. 66421.] t2_sim:[62081. 62181. 63664.]
Task is 84.00% complete.
t1_sim:[62108. 62247. 62358.] t2_sim:[55209. 55088. 56497.]
Task is 85.00% complete.
t1_sim:[64486. 64735. 66864.] t2_sim:[66754. 66343. 66242.]
Task is 86.00% complete.
t1_sim:[61487. 61968. 62409.] t2_sim:[63517. 63424. 63039.]
Task is 87.00% complete.
t1_sim:[63883. 63655. 64969.] t2_sim:[62337. 62413. 62255.]
Task is 88.00% complete.
t1_sim:[59384. 59065. 59826.] t2_sim:[58571. 58233. 57023.]
Task is 89.00% complete.
t1_sim:[61152. 61213. 62751.] t2_sim:[57695. 58090. 58995.]
Task is 90.00% complete.
t1_sim:[63989. 64077. 62923.] t2_sim:[65823. 65903. 63979.]
Task is 91.00% complete.
t1_sim:[63474. 63737. 63476.] t2_sim:[62370. 62347. 63941.]
Task is 92.00% complete.
t1_sim:[63794. 64096. 63350.] t2_sim:[64564. 64625. 64844.]
Task is 93.00% complete.
t1_sim:[61990. 62079. 60793.] t2_sim:[65372. 65361. 65506.]
Task is 94.00% complete.
t1_sim:[65555. 65691. 65457.] t2_sim:[64450. 64483. 63173.]
Task is 95.00% complete.
t1_sim:[61217. 61171. 59964.] t2_sim:[66117. 65898. 64724.]
Task is 96.00% complete.
t1_sim:[59478. 59483. 58475.] t2_sim:[64047. 63910. 62875.]
Task is 97.00% complete.
t1_sim:[66803. 66665. 67212.] t2_sim:[63457. 63534. 62920.]
Task is 98.00% complete.
t1_sim:[59031. 58827. 57946.] t2_sim:[61386. 61551. 59254.]
Task is 99.00% complete.
t1_sim:[60620. 60871. 60224.] t2_sim:[56656. 56809. 57516.]
Training start
t1_obs:[array(55572.), array(55211.), array(54351.)] t2_obs:[array(57920.), array(57571.), array(59504.)]
corr_G1:[None, None, 0.08365245517743565] corr_G2:[None, None, -0.06320464980767367]
Training end
Task is 0.00% complete.
t1_sim:[64475. 64506. 64710.] t2_sim:[56765. 56739. 58358.]
Task is 1.00% complete.
t1_sim:[62623. 62965. 65034.] t2_sim:[69066. 69070. 69381.]
Task is 2.00% complete.
t1_sim:[66805. 66987. 64814.] t2_sim:[62414. 62351. 61340.]
Task is 3.00% complete.
t1_sim:[60747. 60561. 65020.] t2_sim:[58835. 58995. 59695.]
Task is 4.00% complete.
t1_sim:[65269. 65361. 64730.] t2_sim:[62000. 61539. 59804.]
Task is 5.00% complete.
t1_sim:[70334. 70685. 72023.] t2_sim:[58623. 58543. 55401.]
Task is 6.00% complete.
t1_sim:[59953. 59703. 60084.] t2_sim:[61175. 60688. 59277.]
Task is 7.00% complete.
t1_sim:[58998. 58788. 59606.] t2_sim:[61120. 60996. 62632.]
Task is 8.00% complete.
t1_sim:[61990. 62390. 61041.] t2_sim:[69078. 69046. 70617.]
Task is 9.00% complete.
t1_sim:[65777. 65981. 69062.] t2_sim:[58458. 58530. 56920.]
Task is 10.00% complete.
t1_sim:[58081. 58317. 58052.] t2_sim:[60058. 59728. 58621.]
Task is 11.00% complete.
t1_sim:[69619. 69929. 72045.] t2_sim:[58860. 59466. 60329.]
Task is 12.00% complete.
t1_sim:[62976. 62473. 62147.] t2_sim:[61333. 61173. 63744.]
Task is 13.00% complete.
t1_sim:[57909. 57906. 58776.] t2_sim:[61344. 61062. 61546.]
Task is 14.00% complete.
t1_sim:[62962. 63006. 63426.] t2_sim:[64646. 64835. 65573.]
Task is 15.00% complete.
t1_sim:[69233. 69286. 68844.] t2_sim:[64748. 65017. 65470.]
Task is 16.00% complete.
t1_sim:[62134. 62541. 60802.] t2_sim:[63251. 63566. 65020.]
Task is 17.00% complete.
t1_sim:[58996. 59102. 61058.] t2_sim:[63824. 64083. 63479.]
Task is 18.00% complete.
t1_sim:[63684. 64021. 66784.] t2_sim:[59114. 58920. 57572.]
Task is 19.00% complete.
t1_sim:[61918. 62232. 64476.] t2_sim:[59342. 59774. 61990.]
Task is 20.00% complete.
t1_sim:[63034. 62864. 63090.] t2_sim:[62064. 62108. 64233.]
Task is 21.00% complete.
t1_sim:[62759. 62623. 59552.] t2_sim:[58757. 58560. 61425.]
Task is 22.00% complete.
t1_sim:[62287. 61808. 62433.] t2_sim:[60696. 60772. 61690.]
Task is 23.00% complete.
t1_sim:[64103. 63622. 65937.] t2_sim:[70076. 69663. 67708.]
Task is 24.00% complete.
t1_sim:[65118. 65261. 64944.] t2_sim:[64100. 64205. 63894.]
Task is 25.00% complete.
t1_sim:[61757. 62058. 62375.] t2_sim:[61324. 61771. 60782.]
Task is 26.00% complete.
t1_sim:[70020. 69899. 70366.] t2_sim:[66820. 67281. 68670.]
Task is 27.00% complete.
t1_sim:[63032. 63601. 66835.] t2_sim:[58862. 58997. 60923.]
Task is 28.00% complete.
t1_sim:[59494. 59947. 62036.] t2_sim:[59193. 58941. 59427.]
Task is 29.00% complete.
t1_sim:[64021. 64026. 65018.] t2_sim:[66135. 65644. 64609.]
Task is 30.00% complete.
t1_sim:[63195. 63155. 63785.] t2_sim:[64475. 64591. 64017.]
Task is 31.00% complete.
t1_sim:[59050. 58872. 60997.] t2_sim:[63326. 63476. 65654.]
Task is 32.00% complete.
t1_sim:[65725. 65891. 65555.] t2_sim:[61125. 61522. 60930.]
Task is 33.00% complete.
t1_sim:[63184. 63185. 62070.] t2_sim:[66282. 66566. 65994.]
Task is 34.00% complete.
t1_sim:[63714. 64255. 65962.] t2_sim:[63569. 63895. 66496.]
Task is 35.00% complete.
t1_sim:[67642. 67580. 67901.] t2_sim:[61054. 61250. 62202.]
Task is 36.00% complete.
t1_sim:[61265. 61103. 60185.] t2_sim:[64736. 64980. 64173.]
Task is 37.00% complete.
t1_sim:[56975. 57055. 58734.] t2_sim:[64946. 65095. 65858.]
Task is 38.00% complete.
t1_sim:[67793. 67755. 68766.] t2_sim:[60744. 61024. 62033.]
Task is 39.00% complete.
t1_sim:[56568. 56924. 57917.] t2_sim:[61817. 61748. 65620.]
Task is 40.00% complete.
t1_sim:[56357. 56446. 58839.] t2_sim:[62077. 61823. 60716.]
Task is 41.00% complete.
t1_sim:[60226. 60317. 62077.] t2_sim:[68102. 67803. 65499.]
Task is 42.00% complete.
t1_sim:[66232. 65952. 66528.] t2_sim:[60834. 60613. 59949.]
Task is 43.00% complete.
t1_sim:[68339. 67962. 66121.] t2_sim:[57437. 57127. 57045.]
Task is 44.00% complete.
t1_sim:[62827. 62563. 62924.] t2_sim:[65731. 65808. 67794.]
Task is 45.00% complete.
t1_sim:[67272. 67241. 64329.] t2_sim:[61946. 62037. 63297.]
Task is 46.00% complete.
t1_sim:[59589. 59554. 61094.] t2_sim:[65050. 64916. 66014.]
Task is 47.00% complete.
t1_sim:[65052. 65530. 65597.] t2_sim:[60021. 60369. 61752.]
Task is 48.00% complete.
t1_sim:[66938. 66904. 64528.] t2_sim:[63576. 63415. 63220.]
Task is 49.00% complete.
t1_sim:[60523. 60449. 62370.] t2_sim:[67035. 66824. 64528.]
Task is 50.00% complete.
t1_sim:[63189. 62948. 64079.] t2_sim:[62619. 62495. 62136.]
Task is 51.00% complete.
t1_sim:[64503. 64281. 65298.] t2_sim:[59873. 60357. 63517.]
Task is 52.00% complete.
t1_sim:[64522. 64654. 64115.] t2_sim:[62812. 62947. 62850.]
Task is 53.00% complete.
t1_sim:[68311. 68338. 66590.] t2_sim:[62177. 62304. 62117.]
Task is 54.00% complete.
t1_sim:[69122. 69841. 71255.] t2_sim:[65671. 66049. 67348.]
Task is 55.00% complete.
t1_sim:[61275. 61342. 60043.] t2_sim:[66876. 67076. 66647.]
Task is 56.00% complete.
t1_sim:[64653. 64746. 64605.] t2_sim:[63355. 63100. 67330.]
Task is 57.00% complete.
t1_sim:[58268. 58235. 60507.] t2_sim:[61895. 61025. 63066.]
Task is 58.00% complete.
t1_sim:[61384. 61579. 63184.] t2_sim:[62937. 63126. 65413.]
Task is 59.00% complete.
t1_sim:[61888. 61660. 59727.] t2_sim:[60641. 59950. 61084.]
Task is 60.00% complete.
t1_sim:[55201. 54951. 55312.] t2_sim:[60957. 60934. 60430.]
Task is 61.00% complete.
t1_sim:[60328. 60203. 60930.] t2_sim:[60758. 60660. 60221.]
Task is 62.00% complete.
t1_sim:[70519. 70325. 71910.] t2_sim:[63643. 63945. 63447.]
Task is 63.00% complete.
t1_sim:[60746. 60986. 59060.] t2_sim:[61121. 61023. 61068.]
Task is 64.00% complete.
t1_sim:[56296. 55955. 55810.] t2_sim:[64166. 64013. 64203.]
Task is 65.00% complete.
t1_sim:[60442. 60610. 60393.] t2_sim:[61091. 61023. 62858.]
Task is 66.00% complete.
t1_sim:[64608. 64255. 63626.] t2_sim:[61066. 60884. 59080.]
Task is 67.00% complete.
t1_sim:[60808. 60653. 62308.] t2_sim:[65008. 65215. 64204.]
Task is 68.00% complete.
t1_sim:[58551. 58551. 57561.] t2_sim:[59201. 59562. 60535.]
Task is 69.00% complete.
t1_sim:[63014. 63012. 63260.] t2_sim:[64395. 64371. 65069.]
Task is 70.00% complete.
t1_sim:[58295. 58062. 58786.] t2_sim:[64352. 64812. 63547.]
Task is 71.00% complete.
t1_sim:[56398. 56113. 55598.] t2_sim:[65043. 65389. 66274.]
Task is 72.00% complete.
t1_sim:[64302. 63973. 63082.] t2_sim:[64538. 64301. 62700.]
Task is 73.00% complete.
t1_sim:[66617. 66522. 65566.] t2_sim:[59997. 60121. 58568.]
Task is 74.00% complete.
t1_sim:[64093. 64129. 63311.] t2_sim:[57613. 57543. 58856.]
Task is 75.00% complete.
t1_sim:[65078. 64808. 65012.] t2_sim:[62707. 62943. 62357.]
Task is 76.00% complete.
t1_sim:[62767. 62800. 63121.] t2_sim:[66232. 66613. 67590.]
Task is 77.00% complete.
t1_sim:[64206. 64071. 65384.] t2_sim:[61640. 61460. 62277.]
Task is 78.00% complete.
t1_sim:[66756. 66766. 67639.] t2_sim:[62902. 62653. 62951.]
Task is 79.00% complete.
t1_sim:[63299. 62887. 60336.] t2_sim:[60170. 60647. 60992.]
Task is 80.00% complete.
t1_sim:[58201. 58290. 60132.] t2_sim:[66311. 66364. 70193.]
Task is 81.00% complete.
t1_sim:[56641. 56919. 57358.] t2_sim:[65881. 65856. 66575.]
Task is 82.00% complete.
t1_sim:[60546. 60814. 62012.] t2_sim:[58206. 58193. 60501.]
Task is 83.00% complete.
t1_sim:[62389. 62601. 65582.] t2_sim:[60739. 60802. 59659.]
Task is 84.00% complete.
t1_sim:[62964. 63167. 64889.] t2_sim:[61616. 61379. 59827.]
Task is 85.00% complete.
t1_sim:[61362. 60853. 58371.] t2_sim:[69113. 69270. 67846.]
Task is 86.00% complete.
t1_sim:[64008. 63520. 63823.] t2_sim:[65748. 65765. 64152.]
Task is 87.00% complete.
t1_sim:[65249. 65024. 65487.] t2_sim:[65538. 65475. 65414.]
Task is 88.00% complete.
t1_sim:[70258. 70440. 67200.] t2_sim:[62061. 62416. 62736.]
Task is 89.00% complete.
t1_sim:[64512. 64718. 64773.] t2_sim:[60501. 60769. 61865.]
Task is 90.00% complete.
t1_sim:[65224. 65172. 64891.] t2_sim:[71073. 70708. 70201.]
Task is 91.00% complete.
t1_sim:[61113. 61261. 62491.] t2_sim:[61496. 61396. 64087.]
Task is 92.00% complete.
t1_sim:[67723. 67391. 65891.] t2_sim:[62663. 62855. 61191.]
Task is 93.00% complete.
t1_sim:[62401. 62477. 63324.] t2_sim:[66285. 66016. 65953.]
Task is 94.00% complete.
t1_sim:[60298. 60352. 60258.] t2_sim:[60455. 60489. 63111.]
Task is 95.00% complete.
t1_sim:[67256. 67095. 67275.] t2_sim:[66985. 67325. 65189.]
Task is 96.00% complete.
t1_sim:[56196. 56023. 56599.] t2_sim:[65003. 65299. 64222.]
Task is 97.00% complete.
t1_sim:[65901. 66003. 67393.] t2_sim:[63896. 63936. 66788.]
Task is 98.00% complete.
t1_sim:[62029. 62047. 63302.] t2_sim:[67294. 67969. 68929.]
Task is 99.00% complete.
t1_sim:[67302. 67467. 65900.] t2_sim:[67572. 67609. 68179.]
Finished
