Begin
Training start
t1_obs:[array(91831.), array(83706.), array(70548.)] t2_obs:[array(92437.), array(81963.), array(67829.)]
corr_G1:[None, None, 0] corr_G2:[None, None, -5.982383717002151e-17]
Training end
Task is 0.00% complete.
t1_sim:[61654. 61632. 62992.] t2_sim:[61859. 61070. 58814.]
Task is 1.00% complete.
t1_sim:[63747. 63228. 63239.] t2_sim:[64033. 63402. 63506.]
Task is 2.00% complete.
t1_sim:[60057. 61031. 60866.] t2_sim:[63837. 63904. 64086.]
Task is 3.00% complete.
t1_sim:[61145. 60173. 61181.] t2_sim:[56595. 57589. 60899.]
Task is 4.00% complete.
t1_sim:[64445. 66300. 62780.] t2_sim:[63225. 62435. 61775.]
Task is 5.00% complete.
t1_sim:[63896. 65142. 64899.] t2_sim:[65546. 66856. 64949.]
Task is 6.00% complete.
t1_sim:[65289. 65440. 67256.] t2_sim:[57519. 57006. 58878.]
Task is 7.00% complete.
t1_sim:[58770. 58903. 59741.] t2_sim:[56213. 55479. 56972.]
Task is 8.00% complete.
t1_sim:[66239. 66326. 60336.] t2_sim:[57862. 59269. 57009.]
Task is 9.00% complete.
t1_sim:[63269. 63725. 64118.] t2_sim:[67319. 67109. 68648.]
Task is 10.00% complete.
t1_sim:[63020. 62161. 63010.] t2_sim:[70661. 69602. 68937.]
Task is 11.00% complete.
t1_sim:[59478. 60059. 62229.] t2_sim:[63327. 64622. 64569.]
Task is 12.00% complete.
t1_sim:[61418. 60725. 60273.] t2_sim:[65560. 64756. 62841.]
Task is 13.00% complete.
t1_sim:[59771. 61915. 61017.] t2_sim:[64681. 65662. 64451.]
Task is 14.00% complete.
t1_sim:[62483. 61535. 63067.] t2_sim:[65169. 64571. 62190.]
Task is 15.00% complete.
t1_sim:[62297. 62808. 64433.] t2_sim:[61618. 62013. 60817.]
Task is 16.00% complete.
t1_sim:[62098. 61454. 61173.] t2_sim:[62429. 63171. 62843.]
Task is 17.00% complete.
t1_sim:[66399. 66858. 67332.] t2_sim:[61649. 62161. 64914.]
Task is 18.00% complete.
t1_sim:[63844. 64484. 63285.] t2_sim:[59019. 60297. 58571.]
Task is 19.00% complete.
t1_sim:[63383. 63010. 67047.] t2_sim:[62546. 63048. 62325.]
Task is 20.00% complete.
t1_sim:[67954. 66853. 66091.] t2_sim:[62328. 61356. 60936.]
Task is 21.00% complete.
t1_sim:[65292. 64629. 64982.] t2_sim:[62453. 63360. 61788.]
Task is 22.00% complete.
t1_sim:[59230. 59906. 59752.] t2_sim:[57074. 57362. 58804.]
Task is 23.00% complete.
t1_sim:[65475. 64142. 66031.] t2_sim:[66316. 65935. 64381.]
Task is 24.00% complete.
t1_sim:[58309. 58724. 58365.] t2_sim:[63860. 65325. 62817.]
Task is 25.00% complete.
t1_sim:[70447. 70323. 68667.] t2_sim:[61065. 61526. 61848.]
Task is 26.00% complete.
t1_sim:[59898. 58579. 60843.] t2_sim:[62204. 62601. 62573.]
Task is 27.00% complete.
t1_sim:[65176. 64705. 64891.] t2_sim:[65222. 64605. 66537.]
Task is 28.00% complete.
t1_sim:[67732. 67162. 68701.] t2_sim:[64949. 63871. 62789.]
Task is 29.00% complete.
t1_sim:[63597. 64955. 63695.] t2_sim:[62911. 63140. 61879.]
Task is 30.00% complete.
t1_sim:[63931. 64437. 64408.] t2_sim:[61778. 62109. 62925.]
Task is 31.00% complete.
t1_sim:[66131. 65990. 63151.] t2_sim:[63041. 61854. 59043.]
Task is 32.00% complete.
t1_sim:[55199. 55593. 57983.] t2_sim:[60458. 59811. 62216.]
Task is 33.00% complete.
t1_sim:[62021. 62217. 62453.] t2_sim:[66340. 66211. 64819.]
Task is 34.00% complete.
t1_sim:[63331. 63855. 64604.] t2_sim:[63612. 62487. 67389.]
Task is 35.00% complete.
t1_sim:[61733. 61223. 61552.] t2_sim:[59758. 60206. 59657.]
Task is 36.00% complete.
t1_sim:[59338. 61639. 59058.] t2_sim:[67223. 67364. 64902.]
Task is 37.00% complete.
t1_sim:[69183. 69366. 68893.] t2_sim:[62464. 60825. 59904.]
Task is 38.00% complete.
t1_sim:[59274. 58420. 58495.] t2_sim:[61399. 61561. 61347.]
Task is 39.00% complete.
t1_sim:[61337. 61438. 60647.] t2_sim:[65516. 66299. 63572.]
Task is 40.00% complete.
t1_sim:[60477. 60253. 57841.] t2_sim:[68757. 68497. 66423.]
Task is 41.00% complete.
t1_sim:[65635. 65015. 63641.] t2_sim:[64109. 65127. 61849.]
Task is 42.00% complete.
t1_sim:[62979. 62073. 62480.] t2_sim:[60923. 59407. 60800.]
Task is 43.00% complete.
t1_sim:[63612. 61382. 63142.] t2_sim:[64607. 64028. 68043.]
Task is 44.00% complete.
t1_sim:[60391. 61417. 65311.] t2_sim:[64683. 65294. 66514.]
Task is 45.00% complete.
t1_sim:[64728. 63948. 62253.] t2_sim:[62501. 61911. 60648.]
Task is 46.00% complete.
t1_sim:[63717. 61896. 59262.] t2_sim:[65948. 65998. 66237.]
Task is 47.00% complete.
t1_sim:[62257. 61077. 63630.] t2_sim:[59654. 59054. 61523.]
Task is 48.00% complete.
t1_sim:[63159. 63262. 62110.] t2_sim:[65420. 64794. 61249.]
Task is 49.00% complete.
t1_sim:[60451. 60575. 58123.] t2_sim:[59336. 59350. 56657.]
Task is 50.00% complete.
t1_sim:[60044. 58934. 57843.] t2_sim:[65674. 66540. 63420.]
Task is 51.00% complete.
t1_sim:[63614. 63817. 66582.] t2_sim:[63784. 63968. 64514.]
Task is 52.00% complete.
t1_sim:[58957. 58752. 59639.] t2_sim:[59667. 59623. 55918.]
Task is 53.00% complete.
t1_sim:[71721. 70596. 71356.] t2_sim:[62177. 60343. 62520.]
Task is 54.00% complete.
t1_sim:[62343. 63584. 63832.] t2_sim:[65782. 66945. 67462.]
Task is 55.00% complete.
t1_sim:[59832. 60783. 61888.] t2_sim:[61030. 61952. 61973.]
Task is 56.00% complete.
t1_sim:[68448. 68395. 65148.] t2_sim:[65904. 65242. 65113.]
Task is 57.00% complete.
t1_sim:[62687. 63526. 60629.] t2_sim:[61124. 62425. 61795.]
Task is 58.00% complete.
t1_sim:[63959. 63849. 63534.] t2_sim:[62601. 63542. 64328.]
Task is 59.00% complete.
t1_sim:[64117. 64442. 65577.] t2_sim:[68524. 67316. 69150.]
Task is 60.00% complete.
t1_sim:[62529. 62027. 66672.] t2_sim:[62045. 63409. 62493.]
Task is 61.00% complete.
t1_sim:[58184. 59563. 59401.] t2_sim:[65757. 65907. 63238.]
Task is 62.00% complete.
t1_sim:[65271. 65346. 64562.] t2_sim:[68942. 68149. 67312.]
Task is 63.00% complete.
t1_sim:[59468. 59676. 60515.] t2_sim:[67852. 69196. 66423.]
Task is 64.00% complete.
t1_sim:[63875. 64597. 66243.] t2_sim:[58061. 58927. 59663.]
Task is 65.00% complete.
t1_sim:[61998. 62097. 63040.] t2_sim:[55078. 55360. 55859.]
Task is 66.00% complete.
t1_sim:[57520. 57212. 58553.] t2_sim:[61832. 61697. 60820.]
Task is 67.00% complete.
t1_sim:[64245. 63572. 64444.] t2_sim:[63925. 62806. 64786.]
Task is 68.00% complete.
t1_sim:[61833. 60862. 62033.] t2_sim:[64318. 66341. 65884.]
Task is 69.00% complete.
t1_sim:[64024. 65075. 65405.] t2_sim:[63994. 65336. 63136.]
Task is 70.00% complete.
t1_sim:[62039. 63870. 61509.] t2_sim:[61702. 62683. 63162.]
Task is 71.00% complete.
t1_sim:[59159. 60353. 57600.] t2_sim:[59612. 59234. 58616.]
Task is 72.00% complete.
t1_sim:[65075. 65790. 64130.] t2_sim:[68470. 69074. 69746.]
Task is 73.00% complete.
t1_sim:[60980. 61630. 58849.] t2_sim:[66741. 67003. 63146.]
Task is 74.00% complete.
t1_sim:[65777. 64962. 63744.] t2_sim:[61770. 63515. 60483.]
Task is 75.00% complete.
t1_sim:[62620. 61515. 62152.] t2_sim:[65798. 63980. 65879.]
Task is 76.00% complete.
t1_sim:[58898. 58977. 59953.] t2_sim:[63325. 61170. 63555.]
Task is 77.00% complete.
t1_sim:[65692. 66313. 64230.] t2_sim:[62672. 63945. 64180.]
Task is 78.00% complete.
t1_sim:[60832. 60626. 61135.] t2_sim:[64265. 63315. 63509.]
Task is 79.00% complete.
t1_sim:[64763. 65015. 65301.] t2_sim:[62963. 62613. 62950.]
Task is 80.00% complete.
t1_sim:[60586. 62078. 65457.] t2_sim:[64863. 65067. 64118.]
Task is 81.00% complete.
t1_sim:[66851. 65938. 66764.] t2_sim:[62449. 61898. 58656.]
Task is 82.00% complete.
t1_sim:[66203. 65644. 65992.] t2_sim:[62874. 61922. 61589.]
Task is 83.00% complete.
t1_sim:[60389. 60129. 59293.] t2_sim:[63696. 63437. 65238.]
Task is 84.00% complete.
t1_sim:[56116. 56632. 60401.] t2_sim:[68174. 67622. 61815.]
Task is 85.00% complete.
t1_sim:[67222. 67704. 70135.] t2_sim:[60511. 59634. 60892.]
Task is 86.00% complete.
t1_sim:[55022. 54851. 57900.] t2_sim:[61976. 62038. 65740.]
Task is 87.00% complete.
t1_sim:[62547. 62880. 64678.] t2_sim:[63225. 63338. 65561.]
Task is 88.00% complete.
t1_sim:[66114. 65511. 64439.] t2_sim:[60218. 60484. 58934.]
Task is 89.00% complete.
t1_sim:[63644. 63235. 63311.] t2_sim:[66831. 67005. 64154.]
Task is 90.00% complete.
t1_sim:[59137. 57946. 57783.] t2_sim:[64220. 64541. 65635.]
Task is 91.00% complete.
t1_sim:[65033. 65566. 63143.] t2_sim:[58666. 57499. 57572.]
Task is 92.00% complete.
t1_sim:[66218. 65319. 65054.] t2_sim:[64056. 64405. 66047.]
Task is 93.00% complete.
t1_sim:[68973. 69030. 67676.] t2_sim:[57766. 57877. 58647.]
Task is 94.00% complete.
t1_sim:[61025. 61056. 62346.] t2_sim:[70471. 69988. 73031.]
Task is 95.00% complete.
t1_sim:[61020. 61354. 61708.] t2_sim:[59446. 60569. 60440.]
Task is 96.00% complete.
t1_sim:[61763. 61196. 60738.] t2_sim:[60365. 61639. 62189.]
Task is 97.00% complete.
t1_sim:[60731. 60796. 62634.] t2_sim:[62306. 62922. 62311.]
Task is 98.00% complete.
t1_sim:[64318. 62428. 63325.] t2_sim:[58206. 59438. 61351.]
Task is 99.00% complete.
t1_sim:[65430. 64491. 66437.] t2_sim:[62337. 62661. 63166.]
Training start
t1_obs:[array(91831.), array(83706.), array(76362.)] t2_obs:[array(92437.), array(81963.), array(69689.)]
corr_G1:[None, None, 0.9271095745294683] corr_G2:[None, None, 0.9638973075197746]
Training end
Task is 0.00% complete.
t1_sim:[62943. 62141. 59601.] t2_sim:[71311. 71300. 72485.]
Task is 1.00% complete.
t1_sim:[58955. 58334. 55882.] t2_sim:[58793. 58201. 58133.]
Task is 2.00% complete.
t1_sim:[61842. 62989. 60385.] t2_sim:[65447. 66250. 66525.]
Task is 3.00% complete.
t1_sim:[66783. 67387. 66771.] t2_sim:[60726. 63292. 65495.]
Task is 4.00% complete.
t1_sim:[65800. 65259. 65260.] t2_sim:[65234. 65212. 65184.]
Task is 5.00% complete.
t1_sim:[64247. 63153. 61939.] t2_sim:[68825. 67838. 66547.]
Task is 6.00% complete.
t1_sim:[64970. 65605. 64183.] t2_sim:[65394. 64966. 65676.]
Task is 7.00% complete.
t1_sim:[62060. 61909. 59833.] t2_sim:[65592. 66332. 66103.]
Task is 8.00% complete.
t1_sim:[65349. 65386. 64298.] t2_sim:[58080. 59263. 57988.]
Task is 9.00% complete.
t1_sim:[59171. 59380. 58490.] t2_sim:[62519. 62035. 62413.]
Task is 10.00% complete.
t1_sim:[63307. 62866. 59959.] t2_sim:[67553. 66192. 64489.]
Task is 11.00% complete.
t1_sim:[60611. 60376. 58650.] t2_sim:[62109. 63034. 64382.]
Task is 12.00% complete.
t1_sim:[65266. 65592. 62474.] t2_sim:[62714. 62159. 61060.]
Task is 13.00% complete.
t1_sim:[61725. 61635. 60878.] t2_sim:[62654. 63630. 63126.]
Task is 14.00% complete.
t1_sim:[57748. 57943. 55765.] t2_sim:[62454. 62514. 60837.]
Task is 15.00% complete.
t1_sim:[58707. 58769. 57982.] t2_sim:[64899. 65553. 67140.]
Task is 16.00% complete.
t1_sim:[63871. 65431. 63136.] t2_sim:[63475. 62199. 60882.]
Task is 17.00% complete.
t1_sim:[61784. 63059. 64192.] t2_sim:[61790. 61955. 60874.]
Task is 18.00% complete.
t1_sim:[61674. 61034. 61006.] t2_sim:[62863. 62104. 63285.]
Task is 19.00% complete.
t1_sim:[64657. 63108. 63091.] t2_sim:[64351. 64374. 63875.]
Task is 20.00% complete.
t1_sim:[64732. 65569. 65339.] t2_sim:[57728. 58274. 62248.]
Task is 21.00% complete.
t1_sim:[64793. 64202. 61312.] t2_sim:[66599. 67389. 67514.]
Task is 22.00% complete.
t1_sim:[59702. 59116. 57935.] t2_sim:[67663. 65966. 64541.]
Task is 23.00% complete.
t1_sim:[63169. 62941. 60811.] t2_sim:[60488. 60133. 59747.]
Task is 24.00% complete.
t1_sim:[66868. 67289. 68116.] t2_sim:[63112. 62811. 61954.]
Task is 25.00% complete.
t1_sim:[60694. 62138. 59311.] t2_sim:[65415. 64985. 65473.]
Task is 26.00% complete.
t1_sim:[55121. 53468. 53009.] t2_sim:[65038. 65224. 67057.]
Task is 27.00% complete.
t1_sim:[58952. 59047. 57660.] t2_sim:[55294. 54699. 55949.]
Task is 28.00% complete.
t1_sim:[60233. 60219. 59935.] t2_sim:[62471. 62920. 62655.]
Task is 29.00% complete.
t1_sim:[62511. 61450. 61049.] t2_sim:[64000. 64705. 65797.]
Task is 30.00% complete.
t1_sim:[61007. 61700. 59024.] t2_sim:[60461. 59807. 59993.]
Task is 31.00% complete.
t1_sim:[68619. 68199. 66135.] t2_sim:[68495. 68916. 67258.]
Task is 32.00% complete.
t1_sim:[63220. 64260. 63097.] t2_sim:[68031. 67382. 67690.]
Task is 33.00% complete.
t1_sim:[67185. 67010. 65093.] t2_sim:[61123. 61015. 59824.]
Task is 34.00% complete.
t1_sim:[66595. 66860. 65108.] t2_sim:[63736. 64216. 64872.]
Task is 35.00% complete.
t1_sim:[61720. 61624. 61777.] t2_sim:[61176. 59449. 60529.]
Task is 36.00% complete.
t1_sim:[63093. 64331. 61443.] t2_sim:[59286. 59661. 57922.]
Task is 37.00% complete.
t1_sim:[57979. 57345. 57678.] t2_sim:[69955. 70384. 69722.]
Task is 38.00% complete.
t1_sim:[62067. 62379. 60588.] t2_sim:[60786. 61070. 59932.]
Task is 39.00% complete.
t1_sim:[59466. 59299. 57646.] t2_sim:[70651. 70120. 68818.]
Task is 40.00% complete.
t1_sim:[59905. 60346. 59350.] t2_sim:[59160. 59872. 60552.]
Task is 41.00% complete.
t1_sim:[65308. 65703. 64440.] t2_sim:[59840. 60970. 61523.]
Task is 42.00% complete.
t1_sim:[64380. 63450. 62519.] t2_sim:[56963. 57124. 58201.]
Task is 43.00% complete.
t1_sim:[64698. 65282. 63426.] t2_sim:[60817. 61888. 62370.]
Task is 44.00% complete.
t1_sim:[61347. 60485. 60485.] t2_sim:[64321. 64632. 66613.]
Task is 45.00% complete.
t1_sim:[66073. 64797. 62929.] t2_sim:[64336. 63519. 61579.]
Task is 46.00% complete.
t1_sim:[54620. 55176. 54932.] t2_sim:[66231. 66077. 65812.]
Task is 47.00% complete.
t1_sim:[59085. 58598. 58159.] t2_sim:[63639. 63239. 63764.]
Task is 48.00% complete.
t1_sim:[62590. 63256. 62691.] t2_sim:[60729. 62417. 64291.]
Task is 49.00% complete.
t1_sim:[60551. 60519. 59334.] t2_sim:[60398. 61111. 61172.]
Task is 50.00% complete.
t1_sim:[64941. 64613. 60523.] t2_sim:[62274. 63172. 61903.]
Task is 51.00% complete.
t1_sim:[70197. 70618. 68293.] t2_sim:[63506. 62804. 64376.]
Task is 52.00% complete.
t1_sim:[63541. 63351. 63581.] t2_sim:[63348. 63108. 62777.]
Task is 53.00% complete.
t1_sim:[61214. 61864. 60163.] t2_sim:[65691. 66482. 65977.]
Task is 54.00% complete.
t1_sim:[59889. 59795. 59707.] t2_sim:[64356. 64509. 64557.]
Task is 55.00% complete.
t1_sim:[63549. 61791. 61353.] t2_sim:[63970. 64480. 64852.]
Task is 56.00% complete.
t1_sim:[66773. 67441. 64599.] t2_sim:[60792. 61606. 61464.]
Task is 57.00% complete.
t1_sim:[55851. 55056. 53495.] t2_sim:[54295. 53579. 54269.]
Task is 58.00% complete.
t1_sim:[55780. 55480. 55429.] t2_sim:[64908. 66274. 66707.]
Task is 59.00% complete.
t1_sim:[59689. 59836. 59288.] t2_sim:[59278. 58738. 58887.]
Task is 60.00% complete.
t1_sim:[62368. 63548. 63500.] t2_sim:[63112. 62406. 63767.]
Task is 61.00% complete.
t1_sim:[63594. 64295. 62978.] t2_sim:[65753. 65373. 66226.]
Task is 62.00% complete.
t1_sim:[61764. 60864. 61484.] t2_sim:[60313. 60492. 59997.]
Task is 63.00% complete.
t1_sim:[61223. 60992. 60033.] t2_sim:[64838. 65116. 64566.]
Task is 64.00% complete.
t1_sim:[65905. 63049. 59763.] t2_sim:[63327. 62786. 62594.]
Task is 65.00% complete.
t1_sim:[64099. 65622. 64036.] t2_sim:[64633. 65712. 66907.]
Task is 66.00% complete.
t1_sim:[66927. 66747. 65326.] t2_sim:[61503. 60995. 59910.]
Task is 67.00% complete.
t1_sim:[61802. 61142. 60803.] t2_sim:[59009. 59075. 59372.]
Task is 68.00% complete.
t1_sim:[63550. 63173. 62197.] t2_sim:[60374. 60390. 61964.]
Task is 69.00% complete.
t1_sim:[64879. 63659. 62947.] t2_sim:[60753. 60113. 59488.]
Task is 70.00% complete.
t1_sim:[59800. 59252. 57829.] t2_sim:[58635. 57939. 61425.]
Task is 71.00% complete.
t1_sim:[70358. 69056. 67367.] t2_sim:[62315. 61562. 61749.]
Task is 72.00% complete.
t1_sim:[68523. 67664. 65944.] t2_sim:[63180. 64878. 65149.]
Task is 73.00% complete.
t1_sim:[58473. 58676. 57603.] t2_sim:[63436. 64257. 63331.]
Task is 74.00% complete.
t1_sim:[62058. 61365. 58863.] t2_sim:[62811. 62831. 63514.]
Task is 75.00% complete.
t1_sim:[66762. 66684. 64316.] t2_sim:[61819. 62803. 63649.]
Task is 76.00% complete.
t1_sim:[66052. 66372. 64793.] t2_sim:[60245. 61480. 63001.]
Task is 77.00% complete.
t1_sim:[65259. 66568. 65210.] t2_sim:[63484. 63395. 62861.]
Task is 78.00% complete.
t1_sim:[64356. 63734. 60012.] t2_sim:[65256. 64421. 61819.]
Task is 79.00% complete.
t1_sim:[64899. 64675. 64909.] t2_sim:[62405. 61690. 61249.]
Task is 80.00% complete.
t1_sim:[65316. 65506. 64271.] t2_sim:[63813. 64349. 62749.]
Task is 81.00% complete.
t1_sim:[67525. 65884. 64169.] t2_sim:[64674. 65778. 65805.]
Task is 82.00% complete.
t1_sim:[57694. 56531. 56308.] t2_sim:[64597. 65446. 64509.]
Task is 83.00% complete.
t1_sim:[58952. 58814. 56232.] t2_sim:[66111. 65537. 65634.]
Task is 84.00% complete.
t1_sim:[62405. 62437. 59930.] t2_sim:[62304. 59804. 59256.]
Task is 85.00% complete.
t1_sim:[58020. 57629. 56985.] t2_sim:[61231. 61961. 62679.]
Task is 86.00% complete.
t1_sim:[65067. 65084. 62617.] t2_sim:[59884. 59817. 61224.]
Task is 87.00% complete.
t1_sim:[67127. 67922. 66595.] t2_sim:[67681. 67453. 67401.]
Task is 88.00% complete.
t1_sim:[66053. 67478. 65319.] t2_sim:[64352. 63921. 63894.]
Task is 89.00% complete.
t1_sim:[62252. 64438. 62374.] t2_sim:[64988. 65934. 64876.]
Task is 90.00% complete.
t1_sim:[67444. 65935. 63466.] t2_sim:[57100. 56419. 57191.]
Task is 91.00% complete.
t1_sim:[64018. 65177. 62437.] t2_sim:[62137. 62337. 61599.]
Task is 92.00% complete.
t1_sim:[61092. 61609. 61193.] t2_sim:[62963. 64929. 64547.]
Task is 93.00% complete.
t1_sim:[64661. 62991. 61103.] t2_sim:[58483. 57812. 59692.]
Task is 94.00% complete.
t1_sim:[65978. 65541. 65044.] t2_sim:[56755. 56840. 57217.]
Task is 95.00% complete.
t1_sim:[63020. 62832. 61507.] t2_sim:[66617. 64602. 65008.]
Task is 96.00% complete.
t1_sim:[59191. 60859. 58522.] t2_sim:[61577. 60306. 59299.]
Task is 97.00% complete.
t1_sim:[63888. 63240. 61663.] t2_sim:[63546. 62569. 61264.]
Task is 98.00% complete.
t1_sim:[62359. 62712. 61303.] t2_sim:[57656. 56625. 56661.]
Task is 99.00% complete.
t1_sim:[63122. 63421. 60401.] t2_sim:[64835. 65176. 65639.]
Training start
t1_obs:[array(91831.), array(83706.), array(71953.)] t2_obs:[array(92437.), array(81963.), array(66995.)]
corr_G1:[None, None, 0.15131615442712373] corr_G2:[None, None, 0.18876638729084289]
Training end
Task is 0.00% complete.
t1_sim:[66882. 66543. 63257.] t2_sim:[68760. 70368. 66211.]
Task is 1.00% complete.
t1_sim:[69656. 69992. 66288.] t2_sim:[64219. 63325. 58128.]
Task is 2.00% complete.
t1_sim:[66410. 66023. 64228.] t2_sim:[69663. 68629. 62901.]
Task is 3.00% complete.
t1_sim:[65279. 65580. 63824.] t2_sim:[63790. 64055. 60390.]
Task is 4.00% complete.
t1_sim:[59928. 60125. 56067.] t2_sim:[57395. 56435. 50579.]
Task is 5.00% complete.
t1_sim:[62350. 61548. 60128.] t2_sim:[62921. 61997. 58043.]
Task is 6.00% complete.
t1_sim:[64374. 64878. 62548.] t2_sim:[63052. 62120. 58628.]
Task is 7.00% complete.
t1_sim:[63271. 63910. 62938.] t2_sim:[64423. 64382. 59233.]
Task is 8.00% complete.
t1_sim:[62636. 63990. 58604.] t2_sim:[65819. 66033. 62270.]
Task is 9.00% complete.
t1_sim:[63572. 60822. 59270.] t2_sim:[64120. 62442. 58910.]
Task is 10.00% complete.
t1_sim:[61647. 61267. 60419.] t2_sim:[56439. 55796. 52917.]
Task is 11.00% complete.
t1_sim:[63661. 64639. 59451.] t2_sim:[65783. 65969. 61205.]
Task is 12.00% complete.
t1_sim:[56943. 56882. 53195.] t2_sim:[66358. 66913. 64652.]
Task is 13.00% complete.
t1_sim:[66034. 66711. 61444.] t2_sim:[60324. 59538. 56366.]
Task is 14.00% complete.
t1_sim:[68039. 67132. 63867.] t2_sim:[62849. 62843. 58338.]
Task is 15.00% complete.
t1_sim:[66130. 65113. 61177.] t2_sim:[65094. 63829. 59762.]
Task is 16.00% complete.
t1_sim:[60076. 61060. 57586.] t2_sim:[67648. 68085. 65351.]
Task is 17.00% complete.
t1_sim:[58663. 58723. 55518.] t2_sim:[58695. 59890. 55419.]
Task is 18.00% complete.
t1_sim:[60743. 60268. 58935.] t2_sim:[58843. 59472. 57093.]
Task is 19.00% complete.
t1_sim:[66931. 66824. 63647.] t2_sim:[59210. 58900. 55913.]
Task is 20.00% complete.
t1_sim:[66647. 67350. 65061.] t2_sim:[54976. 55866. 52170.]
Task is 21.00% complete.
t1_sim:[65280. 64515. 61354.] t2_sim:[62311. 63846. 61369.]
Task is 22.00% complete.
t1_sim:[64936. 65867. 64464.] t2_sim:[61914. 62059. 57914.]
Task is 23.00% complete.
t1_sim:[66275. 66845. 63489.] t2_sim:[60445. 60422. 56477.]
Task is 24.00% complete.
t1_sim:[61922. 61568. 60321.] t2_sim:[61148. 61818. 58700.]
Task is 25.00% complete.
t1_sim:[66593. 67980. 65465.] t2_sim:[59825. 61640. 56625.]
Task is 26.00% complete.
t1_sim:[60546. 60070. 56692.] t2_sim:[68544. 69390. 66612.]
Task is 27.00% complete.
t1_sim:[63844. 64472. 60229.] t2_sim:[61416. 60758. 57875.]
Task is 28.00% complete.
t1_sim:[62018. 61586. 59363.] t2_sim:[68386. 68853. 64475.]
Task is 29.00% complete.
t1_sim:[64399. 65289. 62481.] t2_sim:[58554. 58372. 54424.]
Task is 30.00% complete.
t1_sim:[62859. 63667. 60827.] t2_sim:[65018. 65737. 60542.]
Task is 31.00% complete.
t1_sim:[67092. 67904. 62936.] t2_sim:[59580. 59919. 55305.]
Task is 32.00% complete.
t1_sim:[67356. 67162. 64203.] t2_sim:[60650. 62203. 58375.]
Task is 33.00% complete.
t1_sim:[59832. 60388. 55607.] t2_sim:[56793. 56055. 53245.]
Task is 34.00% complete.
t1_sim:[65332. 65925. 61357.] t2_sim:[62098. 61647. 57758.]
Task is 35.00% complete.
t1_sim:[66393. 67161. 62465.] t2_sim:[52394. 53758. 49713.]
Task is 36.00% complete.
t1_sim:[58582. 59323. 56536.] t2_sim:[56670. 57986. 55855.]
Task is 37.00% complete.
t1_sim:[60391. 60826. 59483.] t2_sim:[59548. 59454. 56219.]
Task is 38.00% complete.
t1_sim:[63350. 64064. 61504.] t2_sim:[65396. 66144. 62528.]
Task is 39.00% complete.
t1_sim:[62430. 61705. 60311.] t2_sim:[64225. 64006. 59503.]
Task is 40.00% complete.
t1_sim:[60928. 61257. 57346.] t2_sim:[66027. 66606. 62095.]
Task is 41.00% complete.
t1_sim:[65626. 66133. 63109.] t2_sim:[64165. 63221. 60670.]
Task is 42.00% complete.
t1_sim:[60142. 59930. 57068.] t2_sim:[61902. 63354. 60400.]
Task is 43.00% complete.
t1_sim:[64917. 65031. 61949.] t2_sim:[63379. 62470. 58742.]
Task is 44.00% complete.
t1_sim:[67553. 68524. 66692.] t2_sim:[58645. 58403. 55116.]
Task is 45.00% complete.
t1_sim:[62934. 64482. 62363.] t2_sim:[60980. 61098. 57949.]
Task is 46.00% complete.
t1_sim:[62688. 62538. 62909.] t2_sim:[64827. 63086. 60411.]
Task is 47.00% complete.
t1_sim:[63316. 62457. 59439.] t2_sim:[64686. 65766. 61679.]
Task is 48.00% complete.
t1_sim:[63673. 63222. 58796.] t2_sim:[63569. 64224. 60704.]
Task is 49.00% complete.
t1_sim:[66157. 64999. 63368.] t2_sim:[62676. 61517. 58482.]
Task is 50.00% complete.
t1_sim:[62733. 63172. 60991.] t2_sim:[66350. 65707. 62343.]
Task is 51.00% complete.
t1_sim:[63159. 63735. 60248.] t2_sim:[61000. 61242. 57601.]
Task is 52.00% complete.
t1_sim:[61794. 61917. 58946.] t2_sim:[67224. 67676. 64140.]
Task is 53.00% complete.
t1_sim:[59323. 58861. 57256.] t2_sim:[60385. 60884. 58234.]
Task is 54.00% complete.
t1_sim:[58530. 58885. 55926.] t2_sim:[57234. 56892. 53967.]
Task is 55.00% complete.
t1_sim:[61450. 62116. 59467.] t2_sim:[64033. 64913. 60809.]
Task is 56.00% complete.
t1_sim:[60344. 61057. 56116.] t2_sim:[66702. 68416. 64944.]
Task is 57.00% complete.
t1_sim:[64875. 64472. 61905.] t2_sim:[63406. 63344. 59710.]
Task is 58.00% complete.
t1_sim:[64714. 63974. 61553.] t2_sim:[58105. 57685. 53978.]
Task is 59.00% complete.
t1_sim:[62808. 62179. 58673.] t2_sim:[63065. 63785. 60230.]
Task is 60.00% complete.
t1_sim:[64951. 64438. 62100.] t2_sim:[66696. 64520. 59602.]
Task is 61.00% complete.
t1_sim:[62551. 61367. 60208.] t2_sim:[59807. 58812. 54844.]
Task is 62.00% complete.
t1_sim:[61229. 61135. 58723.] t2_sim:[63464. 63164. 58531.]
Task is 63.00% complete.
t1_sim:[60508. 60907. 58578.] t2_sim:[61379. 61548. 58776.]
Task is 64.00% complete.
t1_sim:[62105. 61851. 58548.] t2_sim:[60194. 61386. 57757.]
Task is 65.00% complete.
t1_sim:[58043. 58058. 56604.] t2_sim:[58913. 57335. 55327.]
Task is 66.00% complete.
t1_sim:[60669. 60296. 56237.] t2_sim:[65853. 65904. 61314.]
Task is 67.00% complete.
t1_sim:[64222. 63345. 60395.] t2_sim:[63826. 63778. 59317.]
Task is 68.00% complete.
t1_sim:[62305. 62123. 60039.] t2_sim:[61117. 60957. 59197.]
Task is 69.00% complete.
t1_sim:[70172. 68640. 65767.] t2_sim:[64528. 64485. 60618.]
Task is 70.00% complete.
t1_sim:[66090. 65234. 60955.] t2_sim:[57950. 57975. 54412.]
Task is 71.00% complete.
t1_sim:[63994. 63307. 59760.] t2_sim:[61175. 62301. 59212.]
Task is 72.00% complete.
t1_sim:[62378. 63499. 58413.] t2_sim:[66979. 66861. 63784.]
Task is 73.00% complete.
t1_sim:[59454. 60933. 61443.] t2_sim:[57031. 56460. 53580.]
Task is 74.00% complete.
t1_sim:[67953. 68493. 64001.] t2_sim:[64069. 62816. 59237.]
Task is 75.00% complete.
t1_sim:[62913. 64269. 60538.] t2_sim:[61153. 61727. 57617.]
Task is 76.00% complete.
t1_sim:[62547. 61977. 57324.] t2_sim:[62108. 60820. 56220.]
Task is 77.00% complete.
t1_sim:[64057. 64928. 62205.] t2_sim:[62992. 63642. 59991.]
Task is 78.00% complete.
t1_sim:[66638. 67232. 62678.] t2_sim:[59423. 59313. 54320.]
Task is 79.00% complete.
t1_sim:[68088. 67314. 65454.] t2_sim:[61314. 61995. 58126.]
Task is 80.00% complete.
t1_sim:[62227. 61819. 56531.] t2_sim:[64618. 63706. 61004.]
Task is 81.00% complete.
t1_sim:[59134. 59008. 56269.] t2_sim:[54984. 56764. 52200.]
Task is 82.00% complete.
t1_sim:[67757. 67877. 65354.] t2_sim:[61448. 62341. 58185.]
Task is 83.00% complete.
t1_sim:[55659. 56005. 52946.] t2_sim:[58490. 59044. 56313.]
Task is 84.00% complete.
t1_sim:[60160. 60594. 57336.] t2_sim:[61991. 61028. 57434.]
Task is 85.00% complete.
t1_sim:[65764. 68351. 63885.] t2_sim:[68055. 67249. 63747.]
Task is 86.00% complete.
t1_sim:[65650. 64716. 62994.] t2_sim:[67225. 67520. 63983.]
Task is 87.00% complete.
t1_sim:[61215. 61404. 57843.] t2_sim:[61191. 60964. 58123.]
Task is 88.00% complete.
t1_sim:[63050. 63998. 57936.] t2_sim:[60704. 60736. 57721.]
Task is 89.00% complete.
t1_sim:[63739. 64232. 60508.] t2_sim:[58082. 57995. 53666.]
Task is 90.00% complete.
t1_sim:[64496. 64767. 63097.] t2_sim:[66984. 68080. 64832.]
Task is 91.00% complete.
t1_sim:[64781. 65950. 62638.] t2_sim:[62753. 62947. 59890.]
Task is 92.00% complete.
t1_sim:[60466. 60860. 58620.] t2_sim:[63766. 63638. 62472.]
Task is 93.00% complete.
t1_sim:[61361. 61833. 57951.] t2_sim:[65080. 65148. 61443.]
Task is 94.00% complete.
t1_sim:[59958. 61902. 60366.] t2_sim:[62941. 63018. 59065.]
Task is 95.00% complete.
t1_sim:[57974. 58230. 55181.] t2_sim:[64787. 63629. 58248.]
Task is 96.00% complete.
t1_sim:[58779. 59417. 55424.] t2_sim:[62734. 63837. 60818.]
Task is 97.00% complete.
t1_sim:[58991. 59656. 57315.] t2_sim:[64403. 64691. 60182.]
Task is 98.00% complete.
t1_sim:[65346. 66370. 61611.] t2_sim:[64683. 63845. 59636.]
Task is 99.00% complete.
t1_sim:[60324. 60651. 57439.] t2_sim:[62782. 63250. 58671.]
Finished
