Begin
Training start
t1_obs:[array(65286.), array(65154.), array(64816.)] t2_obs:[array(62228.), array(62059.), array(59857.)]
corr_G1:[None, None, 0] corr_G2:[None, None, 4.514210227383547e-17]
Training end
Task is 0.00% complete.
t1_sim:[56761. 56778. 59942.] t2_sim:[61359. 61827. 64775.]
Task is 1.00% complete.
t1_sim:[65985. 66031. 62945.] t2_sim:[62506. 62342. 62676.]
Task is 2.00% complete.
t1_sim:[58951. 58969. 58053.] t2_sim:[62950. 63057. 63418.]
Task is 3.00% complete.
t1_sim:[64661. 64649. 66063.] t2_sim:[60407. 60605. 63713.]
Task is 4.00% complete.
t1_sim:[59641. 59633. 62107.] t2_sim:[61241. 61300. 61216.]
Task is 5.00% complete.
t1_sim:[64538. 64282. 64717.] t2_sim:[65257. 64961. 60909.]
Task is 6.00% complete.
t1_sim:[68879. 68363. 69951.] t2_sim:[62671. 62621. 58486.]
Task is 7.00% complete.
t1_sim:[62577. 62549. 65268.] t2_sim:[64430. 64759. 67254.]
Task is 8.00% complete.
t1_sim:[58381. 58489. 59242.] t2_sim:[66627. 66447. 64977.]
Task is 9.00% complete.
t1_sim:[59050. 59136. 60070.] t2_sim:[60085. 59961. 60658.]
Task is 10.00% complete.
t1_sim:[62119. 62280. 61430.] t2_sim:[66816. 67018. 68338.]
Task is 11.00% complete.
t1_sim:[59182. 59100. 57290.] t2_sim:[65939. 65960. 66165.]
Task is 12.00% complete.
t1_sim:[62515. 62710. 66347.] t2_sim:[63815. 63605. 64085.]
Task is 13.00% complete.
t1_sim:[66551. 66500. 65546.] t2_sim:[60782. 60788. 61219.]
Task is 14.00% complete.
t1_sim:[58669. 58660. 58101.] t2_sim:[62811. 63123. 62417.]
Task is 15.00% complete.
t1_sim:[57134. 57204. 58710.] t2_sim:[60760. 60227. 62448.]
Task is 16.00% complete.
t1_sim:[59153. 59374. 56686.] t2_sim:[58265. 58522. 58978.]
Task is 17.00% complete.
t1_sim:[57448. 57367. 56484.] t2_sim:[63344. 63212. 64665.]
Task is 18.00% complete.
t1_sim:[61343. 61465. 59781.] t2_sim:[60839. 60999. 61345.]
Task is 19.00% complete.
t1_sim:[62119. 62067. 60657.] t2_sim:[69868. 70073. 69236.]
Task is 20.00% complete.
t1_sim:[62466. 62801. 64224.] t2_sim:[56979. 57110. 57887.]
Task is 21.00% complete.
t1_sim:[65951. 65721. 66221.] t2_sim:[67774. 68105. 67484.]
Task is 22.00% complete.
t1_sim:[59512. 60089. 58984.] t2_sim:[64144. 64129. 67715.]
Task is 23.00% complete.
t1_sim:[62257. 62012. 64902.] t2_sim:[60637. 60787. 60893.]
Task is 24.00% complete.
t1_sim:[63639. 63739. 61182.] t2_sim:[59595. 59608. 61346.]
Task is 25.00% complete.
t1_sim:[61744. 61711. 63123.] t2_sim:[62486. 62528. 61578.]
Task is 26.00% complete.
t1_sim:[60063. 60215. 59754.] t2_sim:[57831. 57715. 58094.]
Task is 27.00% complete.
t1_sim:[60627. 61147. 57099.] t2_sim:[67703. 67758. 62617.]
Task is 28.00% complete.
t1_sim:[68099. 67902. 69132.] t2_sim:[58729. 58636. 62104.]
Task is 29.00% complete.
t1_sim:[63123. 63039. 61298.] t2_sim:[62058. 61751. 61224.]
Task is 30.00% complete.
t1_sim:[60456. 60489. 62754.] t2_sim:[65078. 65318. 65428.]
Task is 31.00% complete.
t1_sim:[60729. 60872. 55427.] t2_sim:[60550. 60459. 56797.]
Task is 32.00% complete.
t1_sim:[62894. 62714. 65079.] t2_sim:[65709. 65351. 62386.]
Task is 33.00% complete.
t1_sim:[62745. 62407. 65748.] t2_sim:[64605. 64400. 60430.]
Task is 34.00% complete.
t1_sim:[63854. 64260. 62436.] t2_sim:[62440. 62071. 60328.]
Task is 35.00% complete.
t1_sim:[65336. 65329. 61221.] t2_sim:[61444. 61358. 58033.]
Task is 36.00% complete.
t1_sim:[63277. 63056. 62008.] t2_sim:[61652. 61835. 62444.]
Task is 37.00% complete.
t1_sim:[61132. 61313. 66893.] t2_sim:[59386. 59245. 56726.]
Task is 38.00% complete.
t1_sim:[60270. 60464. 61866.] t2_sim:[67447. 67160. 65420.]
Task is 39.00% complete.
t1_sim:[67471. 67188. 64967.] t2_sim:[59663. 59594. 61035.]
Task is 40.00% complete.
t1_sim:[65911. 66228. 65228.] t2_sim:[73085. 73019. 71119.]
Task is 41.00% complete.
t1_sim:[64366. 64366. 67507.] t2_sim:[68519. 68339. 69428.]
Task is 42.00% complete.
t1_sim:[57206. 57364. 59564.] t2_sim:[60076. 60127. 59323.]
Task is 43.00% complete.
t1_sim:[65442. 65895. 67181.] t2_sim:[60284. 60342. 64779.]
Task is 44.00% complete.
t1_sim:[56548. 56765. 57512.] t2_sim:[60938. 61203. 57848.]
Task is 45.00% complete.
t1_sim:[63098. 63541. 63929.] t2_sim:[66462. 66747. 65270.]
Task is 46.00% complete.
t1_sim:[62502. 62503. 61970.] t2_sim:[61812. 61990. 59303.]
Task is 47.00% complete.
t1_sim:[52302. 52337. 55169.] t2_sim:[58633. 58870. 59938.]
Task is 48.00% complete.
t1_sim:[64549. 64632. 63413.] t2_sim:[60909. 60786. 61818.]
Task is 49.00% complete.
t1_sim:[65593. 65506. 66657.] t2_sim:[67049. 66848. 61701.]
Task is 50.00% complete.
t1_sim:[62634. 63030. 66462.] t2_sim:[65879. 65707. 63554.]
Task is 51.00% complete.
t1_sim:[60407. 60325. 60705.] t2_sim:[65023. 65183. 61596.]
Task is 52.00% complete.
t1_sim:[61148. 60988. 58523.] t2_sim:[57070. 57082. 59063.]
Task is 53.00% complete.
t1_sim:[57084. 57151. 58702.] t2_sim:[67117. 67107. 63881.]
Task is 54.00% complete.
t1_sim:[62783. 62880. 62673.] t2_sim:[60622. 60567. 62014.]
Task is 55.00% complete.
t1_sim:[64194. 64471. 67838.] t2_sim:[58722. 58672. 60349.]
Task is 56.00% complete.
t1_sim:[68257. 68367. 67130.] t2_sim:[61625. 61771. 64247.]
Task is 57.00% complete.
t1_sim:[63501. 63563. 60370.] t2_sim:[66667. 66916. 67528.]
Task is 58.00% complete.
t1_sim:[61751. 61498. 61825.] t2_sim:[60562. 60969. 65297.]
Task is 59.00% complete.
t1_sim:[66476. 66150. 64003.] t2_sim:[61024. 61303. 59122.]
Task is 60.00% complete.
t1_sim:[58738. 59082. 59569.] t2_sim:[65330. 65116. 67467.]
Task is 61.00% complete.
t1_sim:[66711. 66950. 60802.] t2_sim:[59207. 59411. 56687.]
Task is 62.00% complete.
t1_sim:[64619. 64551. 67467.] t2_sim:[66534. 65925. 62552.]
Task is 63.00% complete.
t1_sim:[64169. 64276. 63085.] t2_sim:[66165. 66564. 67735.]
Task is 64.00% complete.
t1_sim:[64792. 64978. 66621.] t2_sim:[58476. 58495. 60636.]
Task is 65.00% complete.
t1_sim:[63990. 63969. 62097.] t2_sim:[60167. 60050. 59946.]
Task is 66.00% complete.
t1_sim:[64218. 64224. 62007.] t2_sim:[63679. 63467. 62845.]
Task is 67.00% complete.
t1_sim:[59695. 59609. 62882.] t2_sim:[61231. 61038. 62325.]
Task is 68.00% complete.
t1_sim:[55786. 55844. 58492.] t2_sim:[63830. 63951. 62890.]
Task is 69.00% complete.
t1_sim:[61041. 60878. 58027.] t2_sim:[57132. 56800. 60541.]
Task is 70.00% complete.
t1_sim:[60971. 61335. 56402.] t2_sim:[63618. 63979. 62010.]
Task is 71.00% complete.
t1_sim:[58671. 58942. 57562.] t2_sim:[62960. 63506. 63284.]
Task is 72.00% complete.
t1_sim:[61132. 61366. 62720.] t2_sim:[63428. 63518. 61844.]
Task is 73.00% complete.
t1_sim:[61370. 60998. 62807.] t2_sim:[61329. 61215. 60396.]
Task is 74.00% complete.
t1_sim:[58056. 58027. 59785.] t2_sim:[65707. 65755. 67327.]
Task is 75.00% complete.
t1_sim:[59393. 59343. 58786.] t2_sim:[61720. 61760. 59273.]
Task is 76.00% complete.
t1_sim:[61336. 61349. 61968.] t2_sim:[57631. 57627. 63367.]
Task is 77.00% complete.
t1_sim:[63018. 62382. 62980.] t2_sim:[60435. 60753. 56965.]
Task is 78.00% complete.
t1_sim:[63707. 63357. 62164.] t2_sim:[63096. 63030. 65885.]
Task is 79.00% complete.
t1_sim:[63195. 62813. 63377.] t2_sim:[62688. 62593. 63161.]
Task is 80.00% complete.
t1_sim:[68637. 68850. 66903.] t2_sim:[65497. 65622. 66366.]
Task is 81.00% complete.
t1_sim:[66785. 66702. 68608.] t2_sim:[59253. 59545. 54434.]
Task is 82.00% complete.
t1_sim:[67704. 67762. 67730.] t2_sim:[62592. 62669. 63307.]
Task is 83.00% complete.
t1_sim:[60491. 60497. 60971.] t2_sim:[58198. 58502. 61760.]
Task is 84.00% complete.
t1_sim:[68043. 67859. 66388.] t2_sim:[57865. 57942. 56939.]
Task is 85.00% complete.
t1_sim:[65931. 65800. 62681.] t2_sim:[61369. 61597. 63069.]
Task is 86.00% complete.
t1_sim:[68780. 68764. 69634.] t2_sim:[70113. 70167. 68364.]
Task is 87.00% complete.
t1_sim:[67130. 67187. 64950.] t2_sim:[63905. 63513. 67116.]
Task is 88.00% complete.
t1_sim:[66478. 66578. 66558.] t2_sim:[63544. 63633. 58452.]
Task is 89.00% complete.
t1_sim:[62268. 61983. 59702.] t2_sim:[56901. 57016. 55941.]
Task is 90.00% complete.
t1_sim:[67274. 67313. 65192.] t2_sim:[68090. 67685. 65518.]
Task is 91.00% complete.
t1_sim:[64830. 64652. 66426.] t2_sim:[63397. 63797. 62473.]
Task is 92.00% complete.
t1_sim:[53515. 53202. 55093.] t2_sim:[63104. 62660. 61819.]
Task is 93.00% complete.
t1_sim:[57443. 57399. 57970.] t2_sim:[55673. 55732. 61472.]
Task is 94.00% complete.
t1_sim:[63613. 63236. 63767.] t2_sim:[57124. 57123. 57908.]
Task is 95.00% complete.
t1_sim:[64595. 64737. 64131.] t2_sim:[66891. 67153. 64769.]
Task is 96.00% complete.
t1_sim:[66879. 66786. 70125.] t2_sim:[60345. 60657. 63138.]
Task is 97.00% complete.
t1_sim:[60787. 60947. 57769.] t2_sim:[56771. 56368. 62313.]
Task is 98.00% complete.
t1_sim:[65991. 65887. 63505.] t2_sim:[60104. 60263. 62412.]
Task is 99.00% complete.
t1_sim:[63079. 63121. 59318.] t2_sim:[60752. 61064. 58833.]
Training start
t1_obs:[array(65286.), array(65154.), array(64059.)] t2_obs:[array(62228.), array(62059.), array(60776.)]
corr_G1:[None, None, 0.9982698788903641] corr_G2:[None, None, 0.9854309209045513]
Training end
Task is 0.00% complete.
t1_sim:[60998. 61378. 59353.] t2_sim:[65229. 65297. 63396.]
Task is 1.00% complete.
t1_sim:[54413. 54462. 53441.] t2_sim:[64743. 64770. 65259.]
Task is 2.00% complete.
t1_sim:[61746. 61757. 62743.] t2_sim:[66901. 66969. 66583.]
Task is 3.00% complete.
t1_sim:[62074. 61608. 61661.] t2_sim:[64230. 64250. 65159.]
Task is 4.00% complete.
t1_sim:[60218. 60372. 59731.] t2_sim:[61431. 61873. 59451.]
Task is 5.00% complete.
t1_sim:[65080. 64996. 63723.] t2_sim:[66716. 66832. 67842.]
Task is 6.00% complete.
t1_sim:[68215. 68207. 67113.] t2_sim:[61504. 61610. 61493.]
Task is 7.00% complete.
t1_sim:[63071. 63417. 62656.] t2_sim:[62842. 62961. 61832.]
Task is 8.00% complete.
t1_sim:[61785. 61858. 62015.] t2_sim:[62744. 63060. 62363.]
Task is 9.00% complete.
t1_sim:[63258. 63140. 62419.] t2_sim:[63511. 63352. 65079.]
Task is 10.00% complete.
t1_sim:[60588. 60820. 60195.] t2_sim:[64051. 63953. 62418.]
Task is 11.00% complete.
t1_sim:[64159. 64461. 67001.] t2_sim:[61155. 61229. 64404.]
Task is 12.00% complete.
t1_sim:[62713. 62484. 62360.] t2_sim:[59427. 59595. 61549.]
Task is 13.00% complete.
t1_sim:[59307. 59202. 61976.] t2_sim:[62786. 62764. 62949.]
Task is 14.00% complete.
t1_sim:[69829. 69789. 71000.] t2_sim:[59186. 58814. 59099.]
Task is 15.00% complete.
t1_sim:[60122. 59998. 60119.] t2_sim:[69601. 69943. 70770.]
Task is 16.00% complete.
t1_sim:[63010. 63263. 60813.] t2_sim:[62797. 62647. 61687.]
Task is 17.00% complete.
t1_sim:[59013. 59413. 58127.] t2_sim:[60990. 61134. 63275.]
Task is 18.00% complete.
t1_sim:[59737. 59700. 58812.] t2_sim:[63207. 63450. 64461.]
Task is 19.00% complete.
t1_sim:[61405. 61232. 59992.] t2_sim:[60455. 60353. 60315.]
Task is 20.00% complete.
t1_sim:[57737. 57920. 57824.] t2_sim:[61693. 61984. 63581.]
Task is 21.00% complete.
t1_sim:[65491. 65972. 63819.] t2_sim:[60710. 60792. 59398.]
Task is 22.00% complete.
t1_sim:[65958. 65692. 66821.] t2_sim:[60550. 60757. 60860.]
Task is 23.00% complete.
t1_sim:[64513. 64675. 64535.] t2_sim:[64130. 64481. 66558.]
Task is 24.00% complete.
t1_sim:[65704. 65464. 65827.] t2_sim:[61913. 61863. 60935.]
Task is 25.00% complete.
t1_sim:[63552. 64046. 64740.] t2_sim:[62212. 61973. 59045.]
Task is 26.00% complete.
t1_sim:[61344. 61415. 61309.] t2_sim:[57877. 58131. 57851.]
Task is 27.00% complete.
t1_sim:[65537. 66051. 64853.] t2_sim:[63622. 63474. 61607.]
Task is 28.00% complete.
t1_sim:[61146. 61093. 63611.] t2_sim:[64152. 64089. 63497.]
Task is 29.00% complete.
t1_sim:[60576. 60805. 59958.] t2_sim:[62235. 62036. 61608.]
Task is 30.00% complete.
t1_sim:[61129. 61323. 61952.] t2_sim:[62408. 62388. 63763.]
Task is 31.00% complete.
t1_sim:[57958. 57830. 60133.] t2_sim:[59202. 58831. 57471.]
Task is 32.00% complete.
t1_sim:[60304. 60556. 60207.] t2_sim:[61730. 61374. 61141.]
Task is 33.00% complete.
t1_sim:[57284. 57414. 56461.] t2_sim:[59083. 58656. 57017.]
Task is 34.00% complete.
t1_sim:[61996. 61870. 59530.] t2_sim:[64232. 64361. 62642.]
Task is 35.00% complete.
t1_sim:[61968. 62415. 64425.] t2_sim:[66206. 66047. 65068.]
Task is 36.00% complete.
t1_sim:[64056. 64053. 64105.] t2_sim:[67190. 67332. 65951.]
Task is 37.00% complete.
t1_sim:[69163. 69236. 70795.] t2_sim:[63469. 63245. 60284.]
Task is 38.00% complete.
t1_sim:[65155. 64927. 65254.] t2_sim:[63809. 63570. 63454.]
Task is 39.00% complete.
t1_sim:[63558. 63543. 61893.] t2_sim:[65345. 65330. 66136.]
Task is 40.00% complete.
t1_sim:[61918. 61983. 62461.] t2_sim:[65342. 65293. 63098.]
Task is 41.00% complete.
t1_sim:[64417. 64166. 64720.] t2_sim:[59182. 59031. 60500.]
Task is 42.00% complete.
t1_sim:[63572. 63263. 63243.] t2_sim:[63277. 63392. 63559.]
Task is 43.00% complete.
t1_sim:[60969. 61160. 63232.] t2_sim:[64724. 64483. 66046.]
Task is 44.00% complete.
t1_sim:[66592. 66476. 66277.] t2_sim:[57475. 57259. 56689.]
Task is 45.00% complete.
t1_sim:[60209. 60107. 58531.] t2_sim:[67100. 67170. 68802.]
Task is 46.00% complete.
t1_sim:[60959. 60822. 61036.] t2_sim:[65682. 65511. 62337.]
Task is 47.00% complete.
t1_sim:[65769. 66011. 64794.] t2_sim:[59271. 59732. 59735.]
Task is 48.00% complete.
t1_sim:[61676. 61448. 61447.] t2_sim:[65853. 66079. 66243.]
Task is 49.00% complete.
t1_sim:[62205. 62844. 62944.] t2_sim:[61868. 61894. 63509.]
Task is 50.00% complete.
t1_sim:[58645. 58838. 60522.] t2_sim:[67092. 66963. 65183.]
Task is 51.00% complete.
t1_sim:[64217. 64170. 61647.] t2_sim:[67176. 67135. 68679.]
Task is 52.00% complete.
t1_sim:[63537. 63484. 64441.] t2_sim:[61170. 61442. 61397.]
Task is 53.00% complete.
t1_sim:[56892. 56523. 55947.] t2_sim:[60423. 60247. 60135.]
Task is 54.00% complete.
t1_sim:[67940. 67582. 67530.] t2_sim:[64800. 65182. 63616.]
Task is 55.00% complete.
t1_sim:[62020. 61777. 62722.] t2_sim:[62389. 62453. 63915.]
Task is 56.00% complete.
t1_sim:[63410. 63591. 63508.] t2_sim:[57007. 56686. 55099.]
Task is 57.00% complete.
t1_sim:[60358. 60673. 60681.] t2_sim:[61556. 61757. 61646.]
Task is 58.00% complete.
t1_sim:[60419. 60735. 62672.] t2_sim:[60885. 61244. 61046.]
Task is 59.00% complete.
t1_sim:[59931. 60023. 58793.] t2_sim:[61889. 62001. 61719.]
Task is 60.00% complete.
t1_sim:[64523. 64691. 64481.] t2_sim:[62170. 62205. 61721.]
Task is 61.00% complete.
t1_sim:[60261. 60051. 58878.] t2_sim:[57646. 58424. 57303.]
Task is 62.00% complete.
t1_sim:[60638. 60999. 62283.] t2_sim:[62619. 62582. 62192.]
Task is 63.00% complete.
t1_sim:[65270. 65218. 65275.] t2_sim:[61926. 61828. 62196.]
Task is 64.00% complete.
t1_sim:[64388. 64248. 65029.] t2_sim:[63925. 63913. 66553.]
Task is 65.00% complete.
t1_sim:[63939. 63634. 62569.] t2_sim:[59272. 59101. 59268.]
Task is 66.00% complete.
t1_sim:[59375. 59378. 58482.] t2_sim:[69739. 69411. 68645.]
Task is 67.00% complete.
t1_sim:[60721. 60728. 60029.] t2_sim:[60883. 61048. 59908.]
Task is 68.00% complete.
t1_sim:[61362. 61317. 60051.] t2_sim:[60930. 61552. 61543.]
Task is 69.00% complete.
t1_sim:[63124. 62854. 62870.] t2_sim:[61411. 61308. 63755.]
Task is 70.00% complete.
t1_sim:[61135. 61425. 60075.] t2_sim:[62781. 62918. 61994.]
Task is 71.00% complete.
t1_sim:[67414. 67788. 69395.] t2_sim:[70942. 71283. 68267.]
Task is 72.00% complete.
t1_sim:[63973. 63999. 64347.] t2_sim:[64718. 64734. 63683.]
Task is 73.00% complete.
t1_sim:[60108. 60161. 59207.] t2_sim:[64190. 63502. 64374.]
Task is 74.00% complete.
t1_sim:[63924. 63945. 64459.] t2_sim:[59619. 59875. 61339.]
Task is 75.00% complete.
t1_sim:[63954. 64030. 65034.] t2_sim:[63631. 63495. 66035.]
Task is 76.00% complete.
t1_sim:[58304. 58346. 57489.] t2_sim:[63025. 63122. 60425.]
Task is 77.00% complete.
t1_sim:[61668. 61214. 58125.] t2_sim:[65472. 65528. 66373.]
Task is 78.00% complete.
t1_sim:[60404. 60360. 59427.] t2_sim:[57669. 58037. 59437.]
Task is 79.00% complete.
t1_sim:[58953. 59185. 61262.] t2_sim:[60446. 60830. 60046.]
Task is 80.00% complete.
t1_sim:[64973. 65110. 64732.] t2_sim:[66686. 66936. 64829.]
Task is 81.00% complete.
t1_sim:[56088. 55896. 55112.] t2_sim:[54374. 54453. 54127.]
Task is 82.00% complete.
t1_sim:[62762. 62702. 62402.] t2_sim:[60902. 60867. 58341.]
Task is 83.00% complete.
t1_sim:[57545. 57764. 58130.] t2_sim:[62523. 63157. 62285.]
Task is 84.00% complete.
t1_sim:[60491. 60293. 62587.] t2_sim:[61314. 61409. 61279.]
Task is 85.00% complete.
t1_sim:[58418. 58331. 58813.] t2_sim:[58344. 58410. 58759.]
Task is 86.00% complete.
t1_sim:[62039. 62180. 62317.] t2_sim:[57535. 57673. 58710.]
Task is 87.00% complete.
t1_sim:[66903. 66976. 69536.] t2_sim:[60304. 59948. 59102.]
Task is 88.00% complete.
t1_sim:[70100. 69943. 68586.] t2_sim:[64566. 64474. 64019.]
Task is 89.00% complete.
t1_sim:[65398. 65734. 65273.] t2_sim:[64962. 65020. 65996.]
Task is 90.00% complete.
t1_sim:[58631. 58700. 61932.] t2_sim:[60615. 60423. 60276.]
Task is 91.00% complete.
t1_sim:[60608. 60982. 60970.] t2_sim:[63102. 63509. 62285.]
Task is 92.00% complete.
t1_sim:[59999. 60338. 58876.] t2_sim:[62629. 62556. 65392.]
Task is 93.00% complete.
t1_sim:[63552. 63870. 66389.] t2_sim:[62223. 62213. 62606.]
Task is 94.00% complete.
t1_sim:[64397. 64549. 62639.] t2_sim:[61085. 60997. 60164.]
Task is 95.00% complete.
t1_sim:[65672. 65922. 65071.] t2_sim:[61358. 61403. 63544.]
Task is 96.00% complete.
t1_sim:[62523. 62485. 60993.] t2_sim:[63055. 62673. 62523.]
Task is 97.00% complete.
t1_sim:[62199. 62101. 60610.] t2_sim:[61351. 61420. 61024.]
Task is 98.00% complete.
t1_sim:[68018. 67737. 65995.] t2_sim:[67035. 66915. 65744.]
Task is 99.00% complete.
t1_sim:[64370. 64624. 65401.] t2_sim:[59522. 59698. 57723.]
Training start
t1_obs:[array(65286.), array(65154.), array(63984.)] t2_obs:[array(62228.), array(62059.), array(60274.)]
corr_G1:[None, None, 0.04478882580815339] corr_G2:[None, None, -0.09863005000324722]
Training end
Task is 0.00% complete.
t1_sim:[67400. 67515. 67926.] t2_sim:[58749. 58506. 58743.]
Task is 1.00% complete.
t1_sim:[58228. 57908. 57673.] t2_sim:[64238. 64141. 61992.]
Task is 2.00% complete.
t1_sim:[65383. 65349. 65394.] t2_sim:[65583. 65479. 65425.]
Task is 3.00% complete.
t1_sim:[62237. 62250. 65219.] t2_sim:[63761. 63614. 65236.]
Task is 4.00% complete.
t1_sim:[62741. 62698. 60751.] t2_sim:[63334. 63233. 64560.]
Task is 5.00% complete.
t1_sim:[61267. 61143. 62140.] t2_sim:[65928. 66093. 64319.]
Task is 6.00% complete.
t1_sim:[59394. 59376. 59999.] t2_sim:[63422. 63203. 63784.]
Task is 7.00% complete.
t1_sim:[62124. 62500. 63348.] t2_sim:[62968. 62978. 60168.]
Task is 8.00% complete.
t1_sim:[63901. 63604. 59878.] t2_sim:[68918. 69082. 69144.]
Task is 9.00% complete.
t1_sim:[63951. 63582. 62507.] t2_sim:[63266. 63238. 61244.]
Task is 10.00% complete.
t1_sim:[65998. 65740. 64616.] t2_sim:[60803. 60981. 59036.]
Task is 11.00% complete.
t1_sim:[66993. 67240. 65928.] t2_sim:[61435. 61518. 61678.]
Task is 12.00% complete.
t1_sim:[62553. 62256. 61505.] t2_sim:[63192. 62860. 61268.]
Task is 13.00% complete.
t1_sim:[63529. 63788. 65057.] t2_sim:[68313. 68412. 67089.]
Task is 14.00% complete.
t1_sim:[63110. 63297. 63446.] t2_sim:[64743. 65024. 67672.]
Task is 15.00% complete.
t1_sim:[64165. 64495. 64229.] t2_sim:[55196. 54965. 57192.]
Task is 16.00% complete.
t1_sim:[63750. 63607. 64667.] t2_sim:[63423. 63585. 61167.]
Task is 17.00% complete.
t1_sim:[60814. 60608. 60493.] t2_sim:[59446. 59525. 59826.]
Task is 18.00% complete.
t1_sim:[62093. 61781. 60986.] t2_sim:[66327. 66223. 65292.]
Task is 19.00% complete.
t1_sim:[63254. 63073. 65746.] t2_sim:[64118. 64025. 64815.]
Task is 20.00% complete.
t1_sim:[64167. 64111. 64771.] t2_sim:[62113. 62318. 63512.]
Task is 21.00% complete.
t1_sim:[59379. 59190. 60693.] t2_sim:[69519. 69261. 66040.]
Task is 22.00% complete.
t1_sim:[59415. 59676. 57770.] t2_sim:[62213. 62199. 61774.]
Task is 23.00% complete.
t1_sim:[66353. 66352. 65861.] t2_sim:[63556. 64012. 63184.]
Task is 24.00% complete.
t1_sim:[66288. 66480. 64513.] t2_sim:[61710. 61853. 61076.]
Task is 25.00% complete.
t1_sim:[67625. 67659. 65677.] t2_sim:[60150. 60143. 60740.]
Task is 26.00% complete.
t1_sim:[66520. 66550. 64464.] t2_sim:[65499. 65790. 65647.]
Task is 27.00% complete.
t1_sim:[65364. 65429. 65049.] t2_sim:[61385. 60783. 60597.]
Task is 28.00% complete.
t1_sim:[64050. 63858. 66283.] t2_sim:[57853. 58085. 59391.]
Task is 29.00% complete.
t1_sim:[65659. 65746. 63888.] t2_sim:[62085. 62310. 61826.]
Task is 30.00% complete.
t1_sim:[62779. 62707. 60587.] t2_sim:[63279. 63024. 63683.]
Task is 31.00% complete.
t1_sim:[58854. 58853. 59611.] t2_sim:[66117. 66357. 65232.]
Task is 32.00% complete.
t1_sim:[66945. 66849. 68635.] t2_sim:[62533. 62474. 59686.]
Task is 33.00% complete.
t1_sim:[57436. 57375. 60871.] t2_sim:[60008. 60129. 59173.]
Task is 34.00% complete.
t1_sim:[62016. 62026. 65333.] t2_sim:[60523. 60715. 61333.]
Task is 35.00% complete.
t1_sim:[66345. 66012. 66108.] t2_sim:[62105. 62164. 65262.]
Task is 36.00% complete.
t1_sim:[61865. 61928. 64841.] t2_sim:[62610. 62540. 62530.]
Task is 37.00% complete.
t1_sim:[62305. 62363. 60683.] t2_sim:[68459. 68403. 68097.]
Task is 38.00% complete.
t1_sim:[62659. 62847. 61643.] t2_sim:[60323. 60356. 57783.]
Task is 39.00% complete.
t1_sim:[65087. 65356. 65514.] t2_sim:[63370. 62956. 63846.]
Task is 40.00% complete.
t1_sim:[62841. 62587. 60896.] t2_sim:[56556. 57008. 55885.]
Task is 41.00% complete.
t1_sim:[58305. 58848. 60263.] t2_sim:[67549. 67135. 65727.]
Task is 42.00% complete.
t1_sim:[61665. 61483. 62236.] t2_sim:[64132. 64183. 62489.]
Task is 43.00% complete.
t1_sim:[63786. 63837. 65004.] t2_sim:[62770. 62701. 60816.]
Task is 44.00% complete.
t1_sim:[59172. 59060. 57065.] t2_sim:[65187. 65514. 67101.]
Task is 45.00% complete.
t1_sim:[62803. 62615. 66055.] t2_sim:[63251. 63211. 64299.]
Task is 46.00% complete.
t1_sim:[62251. 62054. 62496.] t2_sim:[58322. 58392. 59210.]
Task is 47.00% complete.
t1_sim:[63053. 63114. 63155.] t2_sim:[63723. 63752. 63944.]
Task is 48.00% complete.
t1_sim:[65905. 66078. 67550.] t2_sim:[57829. 57907. 57679.]
Task is 49.00% complete.
t1_sim:[63728. 63807. 64267.] t2_sim:[67121. 67308. 66715.]
Task is 50.00% complete.
t1_sim:[61532. 61585. 63688.] t2_sim:[57863. 57863. 57994.]
Task is 51.00% complete.
t1_sim:[66032. 66149. 67876.] t2_sim:[62445. 62617. 63093.]
Task is 52.00% complete.
t1_sim:[65974. 66367. 67414.] t2_sim:[69118. 68572. 65461.]
Task is 53.00% complete.
t1_sim:[62289. 62094. 62187.] t2_sim:[60452. 60349. 60862.]
Task is 54.00% complete.
t1_sim:[58358. 58507. 59382.] t2_sim:[61295. 61593. 60540.]
Task is 55.00% complete.
t1_sim:[65465. 65421. 64337.] t2_sim:[55759. 56129. 56102.]
Task is 56.00% complete.
t1_sim:[61333. 61406. 62008.] t2_sim:[59657. 59686. 61194.]
Task is 57.00% complete.
t1_sim:[67959. 68368. 68094.] t2_sim:[66024. 65794. 65228.]
Task is 58.00% complete.
t1_sim:[60190. 60467. 60510.] t2_sim:[58637. 58487. 55857.]
Task is 59.00% complete.
t1_sim:[63539. 63366. 63242.] t2_sim:[63619. 63491. 63128.]
Task is 60.00% complete.
t1_sim:[65950. 65609. 66401.] t2_sim:[60852. 60691. 60168.]
Task is 61.00% complete.
t1_sim:[64094. 64432. 64683.] t2_sim:[65057. 64839. 64705.]
Task is 62.00% complete.
t1_sim:[61264. 61009. 59631.] t2_sim:[65104. 65024. 63205.]
Task is 63.00% complete.
t1_sim:[65295. 65345. 65474.] t2_sim:[61807. 61952. 64436.]
Task is 64.00% complete.
t1_sim:[67101. 67020. 66498.] t2_sim:[68077. 68032. 66351.]
Task is 65.00% complete.
t1_sim:[64857. 65191. 65774.] t2_sim:[68278. 68645. 68280.]
Task is 66.00% complete.
t1_sim:[63235. 62933. 61827.] t2_sim:[61438. 61646. 63803.]
Task is 67.00% complete.
t1_sim:[63035. 63011. 62220.] t2_sim:[64697. 64454. 62181.]
Task is 68.00% complete.
t1_sim:[61098. 60712. 61050.] t2_sim:[58547. 58785. 59563.]
Task is 69.00% complete.
t1_sim:[65451. 65101. 62198.] t2_sim:[68567. 68901. 68055.]
Task is 70.00% complete.
t1_sim:[59132. 58886. 58144.] t2_sim:[59934. 59954. 59525.]
Task is 71.00% complete.
t1_sim:[60695. 61129. 61897.] t2_sim:[60006. 59518. 60763.]
Task is 72.00% complete.
t1_sim:[63699. 63597. 62597.] t2_sim:[64176. 64298. 64608.]
Task is 73.00% complete.
t1_sim:[57203. 56923. 57410.] t2_sim:[68113. 68151. 64544.]
Task is 74.00% complete.
t1_sim:[63152. 63494. 62475.] t2_sim:[57637. 57449. 57370.]
Task is 75.00% complete.
t1_sim:[63012. 62916. 61985.] t2_sim:[64717. 64317. 63660.]
Task is 76.00% complete.
t1_sim:[60359. 60326. 62490.] t2_sim:[61530. 61891. 62537.]
Task is 77.00% complete.
t1_sim:[63937. 64280. 63215.] t2_sim:[58117. 58202. 60303.]
Task is 78.00% complete.
t1_sim:[64151. 64422. 64378.] t2_sim:[68742. 68645. 68039.]
Task is 79.00% complete.
t1_sim:[59982. 60310. 59416.] t2_sim:[60946. 61586. 61091.]
Task is 80.00% complete.
t1_sim:[63261. 63218. 66668.] t2_sim:[68733. 68757. 66433.]
Task is 81.00% complete.
t1_sim:[67605. 67811. 65074.] t2_sim:[62683. 62899. 63232.]
Task is 82.00% complete.
t1_sim:[65174. 65175. 68223.] t2_sim:[66324. 66541. 64136.]
Task is 83.00% complete.
t1_sim:[62860. 63092. 63466.] t2_sim:[67900. 68053. 69362.]
Task is 84.00% complete.
t1_sim:[57117. 57230. 54418.] t2_sim:[60859. 60915. 61870.]
Task is 85.00% complete.
t1_sim:[58941. 59207. 60637.] t2_sim:[65194. 64806. 62625.]
Task is 86.00% complete.
t1_sim:[59391. 59260. 59812.] t2_sim:[61827. 61823. 64402.]
Task is 87.00% complete.
t1_sim:[67090. 67282. 65869.] t2_sim:[68916. 69219. 67559.]
Task is 88.00% complete.
t1_sim:[63254. 63226. 64104.] t2_sim:[54921. 55331. 56085.]
Task is 89.00% complete.
t1_sim:[62119. 62092. 62459.] t2_sim:[58881. 58893. 57639.]
Task is 90.00% complete.
t1_sim:[59750. 60243. 61536.] t2_sim:[68944. 68825. 66819.]
Task is 91.00% complete.
t1_sim:[65389. 65138. 63835.] t2_sim:[67520. 67305. 65866.]
Task is 92.00% complete.
t1_sim:[57874. 57486. 56726.] t2_sim:[63797. 63949. 61581.]
Task is 93.00% complete.
t1_sim:[61790. 61723. 62062.] t2_sim:[59424. 59244. 57834.]
Task is 94.00% complete.
t1_sim:[68595. 68600. 64135.] t2_sim:[63324. 63353. 62745.]
Task is 95.00% complete.
t1_sim:[66688. 66711. 65863.] t2_sim:[62737. 63120. 60847.]
Task is 96.00% complete.
t1_sim:[65682. 65516. 62674.] t2_sim:[59999. 59902. 59801.]
Task is 97.00% complete.
t1_sim:[66060. 66178. 65422.] t2_sim:[62382. 62113. 62140.]
Task is 98.00% complete.
t1_sim:[60911. 60980. 59959.] t2_sim:[67117. 66962. 64572.]
Task is 99.00% complete.
t1_sim:[64702. 65146. 63308.] t2_sim:[60675. 60908. 64650.]
Finished
