Begin
Training start
t1_obs:[array(62715.), array(63085.), array(67119.)] t2_obs:[array(65350.), array(65636.), array(65716.)]
corr_G1:[None, None, 0] corr_G2:[None, None, 2.296498389393955e-18]
Training end
Task is 0.00% complete.
t1_sim:[57956. 58194. 60144.] t2_sim:[63097. 62750. 62809.]
Task is 1.00% complete.
t1_sim:[63772. 63972. 66045.] t2_sim:[68689. 68824. 68622.]
Task is 2.00% complete.
t1_sim:[62538. 62600. 61257.] t2_sim:[59310. 59157. 55889.]
Task is 3.00% complete.
t1_sim:[60665. 60592. 61348.] t2_sim:[65326. 64734. 61071.]
Task is 4.00% complete.
t1_sim:[65429. 65515. 66191.] t2_sim:[58962. 59446. 57538.]
Task is 5.00% complete.
t1_sim:[63357. 63260. 61378.] t2_sim:[62197. 62727. 62580.]
Task is 6.00% complete.
t1_sim:[64627. 64624. 61369.] t2_sim:[56494. 56584. 56012.]
Task is 7.00% complete.
t1_sim:[55758. 55729. 59021.] t2_sim:[63564. 63368. 59952.]
Task is 8.00% complete.
t1_sim:[62009. 62517. 63609.] t2_sim:[56481. 56167. 56669.]
Task is 9.00% complete.
t1_sim:[64290. 64374. 63553.] t2_sim:[60214. 59915. 59602.]
Task is 10.00% complete.
t1_sim:[64770. 64255. 61026.] t2_sim:[65461. 65534. 64950.]
Task is 11.00% complete.
t1_sim:[61110. 61133. 56484.] t2_sim:[67658. 67762. 66885.]
Task is 12.00% complete.
t1_sim:[63351. 63216. 64617.] t2_sim:[61919. 62389. 66833.]
Task is 13.00% complete.
t1_sim:[62061. 62012. 63202.] t2_sim:[64484. 64586. 63297.]
Task is 14.00% complete.
t1_sim:[65276. 65469. 67443.] t2_sim:[56734. 56967. 58363.]
Task is 15.00% complete.
t1_sim:[63702. 63899. 67731.] t2_sim:[61784. 61853. 63248.]
Task is 16.00% complete.
t1_sim:[61428. 61409. 60124.] t2_sim:[64910. 65137. 63838.]
Task is 17.00% complete.
t1_sim:[64204. 64154. 64405.] t2_sim:[63418. 63929. 61849.]
Task is 18.00% complete.
t1_sim:[68065. 67675. 64209.] t2_sim:[62366. 62357. 63698.]
Task is 19.00% complete.
t1_sim:[64604. 64767. 61487.] t2_sim:[63769. 63743. 61411.]
Task is 20.00% complete.
t1_sim:[59013. 58749. 59882.] t2_sim:[59229. 59163. 59777.]
Task is 21.00% complete.
t1_sim:[61927. 62270. 60013.] t2_sim:[63440. 63532. 64024.]
Task is 22.00% complete.
t1_sim:[66577. 66385. 65665.] t2_sim:[64273. 64393. 65099.]
Task is 23.00% complete.
t1_sim:[61681. 61577. 62248.] t2_sim:[65132. 64862. 64892.]
Task is 24.00% complete.
t1_sim:[58530. 58687. 59402.] t2_sim:[63272. 63338. 64181.]
Task is 25.00% complete.
t1_sim:[64442. 64420. 66640.] t2_sim:[65243. 65164. 61003.]
Task is 26.00% complete.
t1_sim:[62559. 62416. 65880.] t2_sim:[63732. 63838. 64287.]
Task is 27.00% complete.
t1_sim:[57880. 58370. 62016.] t2_sim:[65602. 65778. 69448.]
Task is 28.00% complete.
t1_sim:[62752. 62645. 62675.] t2_sim:[69923. 69590. 68060.]
Task is 29.00% complete.
t1_sim:[63468. 63225. 66143.] t2_sim:[55873. 55515. 58592.]
Task is 30.00% complete.
t1_sim:[58989. 59028. 59106.] t2_sim:[60751. 61365. 60771.]
Task is 31.00% complete.
t1_sim:[59282. 59418. 57381.] t2_sim:[64495. 64560. 64424.]
Task is 32.00% complete.
t1_sim:[59930. 59947. 59161.] t2_sim:[66445. 66458. 65066.]
Task is 33.00% complete.
t1_sim:[61697. 61450. 60795.] t2_sim:[61750. 62254. 58391.]
Task is 34.00% complete.
t1_sim:[63001. 63290. 65764.] t2_sim:[63568. 63789. 64825.]
Task is 35.00% complete.
t1_sim:[69451. 69801. 69949.] t2_sim:[64149. 64025. 60838.]
Task is 36.00% complete.
t1_sim:[62364. 62433. 64049.] t2_sim:[62358. 62005. 62129.]
Task is 37.00% complete.
t1_sim:[61491. 61369. 62607.] t2_sim:[61018. 60523. 59474.]
Task is 38.00% complete.
t1_sim:[62341. 62332. 57800.] t2_sim:[61845. 61896. 58458.]
Task is 39.00% complete.
t1_sim:[60592. 60294. 63123.] t2_sim:[58732. 58874. 59721.]
Task is 40.00% complete.
t1_sim:[65699. 65826. 65533.] t2_sim:[67596. 67309. 66607.]
Task is 41.00% complete.
t1_sim:[58128. 57709. 57818.] t2_sim:[63428. 63092. 65907.]
Task is 42.00% complete.
t1_sim:[57378. 57305. 56004.] t2_sim:[64490. 64303. 63665.]
Task is 43.00% complete.
t1_sim:[61698. 61698. 65216.] t2_sim:[61588. 61506. 62268.]
Task is 44.00% complete.
t1_sim:[65869. 65865. 66425.] t2_sim:[59779. 59958. 59761.]
Task is 45.00% complete.
t1_sim:[64030. 63616. 62663.] t2_sim:[64029. 63621. 63676.]
Task is 46.00% complete.
t1_sim:[65603. 65812. 65080.] t2_sim:[65176. 65118. 61142.]
Task is 47.00% complete.
t1_sim:[58165. 58246. 60036.] t2_sim:[59680. 60023. 59477.]
Task is 48.00% complete.
t1_sim:[64831. 65078. 64986.] t2_sim:[68569. 68708. 67048.]
Task is 49.00% complete.
t1_sim:[64055. 63614. 62598.] t2_sim:[61263. 61279. 61237.]
Task is 50.00% complete.
t1_sim:[61262. 61767. 57429.] t2_sim:[65619. 65435. 62472.]
Task is 51.00% complete.
t1_sim:[59295. 59257. 60784.] t2_sim:[58955. 59216. 60434.]
Task is 52.00% complete.
t1_sim:[62200. 62129. 62873.] t2_sim:[53708. 53808. 58493.]
Task is 53.00% complete.
t1_sim:[63982. 64334. 65237.] t2_sim:[67381. 67254. 65423.]
Task is 54.00% complete.
t1_sim:[64906. 64616. 64081.] t2_sim:[62336. 62099. 61061.]
Task is 55.00% complete.
t1_sim:[62160. 62066. 60011.] t2_sim:[62027. 62001. 61165.]
Task is 56.00% complete.
t1_sim:[60314. 60757. 62086.] t2_sim:[65719. 66091. 66858.]
Task is 57.00% complete.
t1_sim:[63390. 63417. 60610.] t2_sim:[60850. 60435. 58906.]
Task is 58.00% complete.
t1_sim:[61667. 61419. 62600.] t2_sim:[61306. 61229. 59627.]
Task is 59.00% complete.
t1_sim:[62038. 61639. 61592.] t2_sim:[65785. 65279. 61990.]
Task is 60.00% complete.
t1_sim:[60707. 60977. 61955.] t2_sim:[61781. 61609. 63509.]
Task is 61.00% complete.
t1_sim:[60242. 60438. 60712.] t2_sim:[59073. 58830. 61599.]
Task is 62.00% complete.
t1_sim:[61384. 61603. 60290.] t2_sim:[62791. 62578. 60393.]
Task is 63.00% complete.
t1_sim:[62062. 61791. 62982.] t2_sim:[65939. 65623. 61571.]
Task is 64.00% complete.
t1_sim:[57523. 57480. 60083.] t2_sim:[60827. 61528. 61660.]
Task is 65.00% complete.
t1_sim:[64098. 64272. 65282.] t2_sim:[60676. 60624. 61978.]
Task is 66.00% complete.
t1_sim:[64193. 64205. 63015.] t2_sim:[64085. 63969. 65556.]
Task is 67.00% complete.
t1_sim:[59775. 59594. 58822.] t2_sim:[67335. 67463. 68226.]
Task is 68.00% complete.
t1_sim:[64647. 64555. 65194.] t2_sim:[61662. 62100. 62126.]
Task is 69.00% complete.
t1_sim:[62372. 62515. 58584.] t2_sim:[58869. 58895. 61108.]
Task is 70.00% complete.
t1_sim:[64577. 64509. 64123.] t2_sim:[61742. 61814. 64729.]
Task is 71.00% complete.
t1_sim:[65890. 65355. 62451.] t2_sim:[60957. 60533. 57363.]
Task is 72.00% complete.
t1_sim:[63947. 63462. 62164.] t2_sim:[64493. 64718. 65684.]
Task is 73.00% complete.
t1_sim:[61151. 61325. 63100.] t2_sim:[62427. 62138. 60490.]
Task is 74.00% complete.
t1_sim:[64615. 64228. 63164.] t2_sim:[65091. 65550. 67715.]
Task is 75.00% complete.
t1_sim:[63461. 63625. 62126.] t2_sim:[68427. 67643. 66451.]
Task is 76.00% complete.
t1_sim:[57845. 57728. 57758.] t2_sim:[64308. 64494. 61781.]
Task is 77.00% complete.
t1_sim:[64682. 64510. 64745.] t2_sim:[63280. 63449. 66044.]
Task is 78.00% complete.
t1_sim:[60124. 60010. 59184.] t2_sim:[59387. 58887. 57575.]
Task is 79.00% complete.
t1_sim:[62634. 62705. 60300.] t2_sim:[64784. 64196. 65479.]
Task is 80.00% complete.
t1_sim:[62831. 63155. 63684.] t2_sim:[60965. 61283. 65001.]
Task is 81.00% complete.
t1_sim:[64591. 64334. 59749.] t2_sim:[66061. 66589. 63503.]
Task is 82.00% complete.
t1_sim:[64474. 64042. 59833.] t2_sim:[66871. 67324. 67290.]
Task is 83.00% complete.
t1_sim:[67973. 67842. 69044.] t2_sim:[62835. 63003. 65735.]
Task is 84.00% complete.
t1_sim:[65258. 65306. 64065.] t2_sim:[61408. 61790. 60323.]
Task is 85.00% complete.
t1_sim:[60315. 60635. 58995.] t2_sim:[62657. 62708. 63868.]
Task is 86.00% complete.
t1_sim:[60366. 60881. 60553.] t2_sim:[64918. 65053. 63847.]
Task is 87.00% complete.
t1_sim:[60434. 60450. 63284.] t2_sim:[57173. 57287. 60649.]
Task is 88.00% complete.
t1_sim:[56757. 57056. 57221.] t2_sim:[69077. 69029. 66646.]
Task is 89.00% complete.
t1_sim:[64334. 64221. 63828.] t2_sim:[70271. 70313. 70944.]
Task is 90.00% complete.
t1_sim:[64309. 64196. 61910.] t2_sim:[59309. 58932. 58993.]
Task is 91.00% complete.
t1_sim:[63346. 63663. 59587.] t2_sim:[63061. 62892. 60595.]
Task is 92.00% complete.
t1_sim:[63890. 63655. 61566.] t2_sim:[64828. 64804. 64698.]
Task is 93.00% complete.
t1_sim:[62691. 62782. 58063.] t2_sim:[59652. 59919. 59509.]
Task is 94.00% complete.
t1_sim:[64375. 64449. 64073.] t2_sim:[62897. 63037. 65628.]
Task is 95.00% complete.
t1_sim:[60886. 60796. 63132.] t2_sim:[60839. 60837. 61312.]
Task is 96.00% complete.
t1_sim:[60622. 61154. 59787.] t2_sim:[56826. 56662. 53071.]
Task is 97.00% complete.
t1_sim:[63197. 63205. 64472.] t2_sim:[63668. 63009. 62870.]
Task is 98.00% complete.
t1_sim:[62495. 62707. 62666.] t2_sim:[67496. 67656. 67386.]
Task is 99.00% complete.
t1_sim:[60733. 60683. 63654.] t2_sim:[63394. 63125. 64615.]
Training start
t1_obs:[array(62715.), array(63085.), array(64288.)] t2_obs:[array(65350.), array(65636.), array(64801.)]
corr_G1:[None, None, 0.9944862738348774] corr_G2:[None, None, 0.9546169176000626]
Training end
Task is 0.00% complete.
t1_sim:[58112. 58188. 58971.] t2_sim:[61023. 61313. 61405.]
Task is 1.00% complete.
t1_sim:[61965. 62185. 59912.] t2_sim:[58364. 58492. 58326.]
Task is 2.00% complete.
t1_sim:[63042. 63090. 63072.] t2_sim:[61242. 60869. 61756.]
Task is 3.00% complete.
t1_sim:[56676. 56818. 58359.] t2_sim:[62090. 62375. 63723.]
Task is 4.00% complete.
t1_sim:[67842. 67336. 66460.] t2_sim:[60549. 61098. 63132.]
Task is 5.00% complete.
t1_sim:[60436. 60644. 63468.] t2_sim:[64633. 64391. 64005.]
Task is 6.00% complete.
t1_sim:[62122. 61790. 58311.] t2_sim:[64450. 64737. 63021.]
Task is 7.00% complete.
t1_sim:[59364. 59129. 59213.] t2_sim:[59350. 59618. 60603.]
Task is 8.00% complete.
t1_sim:[60518. 60676. 59878.] t2_sim:[60592. 60733. 61320.]
Task is 9.00% complete.
t1_sim:[63421. 63378. 63956.] t2_sim:[61065. 60945. 61757.]
Task is 10.00% complete.
t1_sim:[62463. 62393. 63189.] t2_sim:[64574. 64795. 64173.]
Task is 11.00% complete.
t1_sim:[63742. 63768. 63472.] t2_sim:[61471. 61083. 61349.]
Task is 12.00% complete.
t1_sim:[65867. 65501. 65743.] t2_sim:[66910. 67005. 65403.]
Task is 13.00% complete.
t1_sim:[58466. 58682. 59835.] t2_sim:[57690. 58069. 59533.]
Task is 14.00% complete.
t1_sim:[65037. 65343. 66838.] t2_sim:[62538. 62847. 64039.]
Task is 15.00% complete.
t1_sim:[60490. 60845. 61732.] t2_sim:[62345. 62304. 63135.]
Task is 16.00% complete.
t1_sim:[65349. 65458. 67064.] t2_sim:[57679. 57575. 57293.]
Task is 17.00% complete.
t1_sim:[63205. 63680. 65961.] t2_sim:[63404. 62996. 63317.]
Task is 18.00% complete.
t1_sim:[69391. 69493. 67285.] t2_sim:[61431. 61870. 63642.]
Task is 19.00% complete.
t1_sim:[58783. 58542. 61784.] t2_sim:[66213. 66015. 65540.]
Task is 20.00% complete.
t1_sim:[59824. 59983. 59725.] t2_sim:[59729. 59689. 63837.]
Task is 21.00% complete.
t1_sim:[61705. 62116. 63546.] t2_sim:[63302. 62994. 63703.]
Task is 22.00% complete.
t1_sim:[64791. 64863. 65021.] t2_sim:[68116. 67705. 66028.]
Task is 23.00% complete.
t1_sim:[54963. 54839. 55421.] t2_sim:[56890. 56570. 57862.]
Task is 24.00% complete.
t1_sim:[63169. 63421. 62853.] t2_sim:[61502. 61547. 60560.]
Task is 25.00% complete.
t1_sim:[71646. 71665. 71414.] t2_sim:[65499. 65683. 66752.]
Task is 26.00% complete.
t1_sim:[63515. 63715. 63605.] t2_sim:[60225. 60056. 62616.]
Task is 27.00% complete.
t1_sim:[61491. 61259. 58710.] t2_sim:[65124. 65109. 63708.]
Task is 28.00% complete.
t1_sim:[65968. 66049. 66286.] t2_sim:[60378. 60480. 60657.]
Task is 29.00% complete.
t1_sim:[55742. 55665. 56286.] t2_sim:[55385. 55258. 54923.]
Task is 30.00% complete.
t1_sim:[63338. 63804. 64125.] t2_sim:[61700. 61395. 58867.]
Task is 31.00% complete.
t1_sim:[62902. 62531. 63034.] t2_sim:[57457. 57359. 59223.]
Task is 32.00% complete.
t1_sim:[67773. 67491. 66753.] t2_sim:[60381. 60330. 59820.]
Task is 33.00% complete.
t1_sim:[68901. 68892. 70413.] t2_sim:[59103. 59116. 60460.]
Task is 34.00% complete.
t1_sim:[61175. 61403. 60180.] t2_sim:[63318. 63935. 64382.]
Task is 35.00% complete.
t1_sim:[61913. 61984. 59889.] t2_sim:[66451. 66536. 66583.]
Task is 36.00% complete.
t1_sim:[56825. 57189. 58364.] t2_sim:[61230. 61432. 60980.]
Task is 37.00% complete.
t1_sim:[61175. 61076. 62163.] t2_sim:[58254. 58334. 59079.]
Task is 38.00% complete.
t1_sim:[60419. 60221. 59582.] t2_sim:[64950. 65286. 63846.]
Task is 39.00% complete.
t1_sim:[59769. 59662. 59361.] t2_sim:[65511. 65482. 59863.]
Task is 40.00% complete.
t1_sim:[62079. 61921. 61534.] t2_sim:[61171. 61048. 61121.]
Task is 41.00% complete.
t1_sim:[59637. 59463. 61456.] t2_sim:[56601. 56420. 57174.]
Task is 42.00% complete.
t1_sim:[69394. 68768. 67510.] t2_sim:[65120. 64891. 64238.]
Task is 43.00% complete.
t1_sim:[64250. 64343. 63689.] t2_sim:[65829. 65627. 65139.]
Task is 44.00% complete.
t1_sim:[62566. 62515. 62076.] t2_sim:[64255. 64201. 64234.]
Task is 45.00% complete.
t1_sim:[60964. 60639. 60148.] t2_sim:[66422. 65993. 66631.]
Task is 46.00% complete.
t1_sim:[63736. 63713. 63138.] t2_sim:[57114. 57458. 59263.]
Task is 47.00% complete.
t1_sim:[65927. 65845. 65650.] t2_sim:[60242. 60493. 61348.]
Task is 48.00% complete.
t1_sim:[63971. 64152. 65679.] t2_sim:[66811. 66822. 64790.]
Task is 49.00% complete.
t1_sim:[60946. 60644. 58380.] t2_sim:[63798. 63722. 64141.]
Task is 50.00% complete.
t1_sim:[63190. 63210. 63898.] t2_sim:[62832. 63315. 62908.]
Task is 51.00% complete.
t1_sim:[55963. 56046. 55188.] t2_sim:[60078. 60222. 60110.]
Task is 52.00% complete.
t1_sim:[57200. 57405. 58665.] t2_sim:[55596. 55788. 57585.]
Task is 53.00% complete.
t1_sim:[64566. 64165. 63202.] t2_sim:[62964. 62644. 61997.]
Task is 54.00% complete.
t1_sim:[68172. 68179. 68536.] t2_sim:[64201. 64448. 64502.]
Task is 55.00% complete.
t1_sim:[58477. 58420. 57467.] t2_sim:[68766. 69189. 69781.]
Task is 56.00% complete.
t1_sim:[63039. 63052. 62020.] t2_sim:[56483. 56935. 60881.]
Task is 57.00% complete.
t1_sim:[65621. 65899. 63537.] t2_sim:[64913. 65123. 65851.]
Task is 58.00% complete.
t1_sim:[54077. 54316. 55755.] t2_sim:[63572. 63825. 63381.]
Task is 59.00% complete.
t1_sim:[59409. 59541. 58274.] t2_sim:[58034. 57890. 59580.]
Task is 60.00% complete.
t1_sim:[61053. 61038. 61126.] t2_sim:[66222. 65698. 66268.]
Task is 61.00% complete.
t1_sim:[59147. 59210. 59511.] t2_sim:[59842. 59559. 59429.]
Task is 62.00% complete.
t1_sim:[57409. 57682. 55661.] t2_sim:[61758. 62043. 63659.]
Task is 63.00% complete.
t1_sim:[60714. 60843. 59209.] t2_sim:[68628. 68418. 68234.]
Task is 64.00% complete.
t1_sim:[62682. 63201. 62670.] t2_sim:[62543. 62161. 61966.]
Task is 65.00% complete.
t1_sim:[67635. 67942. 69726.] t2_sim:[59781. 59633. 63670.]
Task is 66.00% complete.
t1_sim:[61726. 62254. 64315.] t2_sim:[57820. 57566. 54609.]
Task is 67.00% complete.
t1_sim:[64289. 64955. 66195.] t2_sim:[64687. 64476. 65373.]
Task is 68.00% complete.
t1_sim:[61132. 60954. 62309.] t2_sim:[62445. 62652. 60906.]
Task is 69.00% complete.
t1_sim:[61750. 62268. 65108.] t2_sim:[63400. 63247. 61630.]
Task is 70.00% complete.
t1_sim:[57803. 58317. 59434.] t2_sim:[65294. 65109. 65868.]
Task is 71.00% complete.
t1_sim:[58513. 58151. 56244.] t2_sim:[62140. 61996. 62227.]
Task is 72.00% complete.
t1_sim:[60321. 60191. 60409.] t2_sim:[63263. 63067. 65819.]
Task is 73.00% complete.
t1_sim:[61952. 62186. 63034.] t2_sim:[62981. 63254. 64720.]
Task is 74.00% complete.
t1_sim:[65911. 65925. 66868.] t2_sim:[61547. 61451. 60307.]
Task is 75.00% complete.
t1_sim:[67936. 67418. 69605.] t2_sim:[63921. 64295. 64053.]
Task is 76.00% complete.
t1_sim:[59281. 59028. 60521.] t2_sim:[60386. 60060. 62680.]
Task is 77.00% complete.
t1_sim:[55547. 55678. 55422.] t2_sim:[66803. 66812. 66924.]
Task is 78.00% complete.
t1_sim:[61431. 61669. 60061.] t2_sim:[62276. 62122. 62645.]
Task is 79.00% complete.
t1_sim:[65856. 65912. 67358.] t2_sim:[63471. 63648. 63877.]
Task is 80.00% complete.
t1_sim:[57392. 57361. 58756.] t2_sim:[60439. 60079. 59760.]
Task is 81.00% complete.
t1_sim:[64381. 64225. 62263.] t2_sim:[65283. 65417. 66374.]
Task is 82.00% complete.
t1_sim:[62141. 61913. 60821.] t2_sim:[65049. 65028. 64888.]
Task is 83.00% complete.
t1_sim:[61145. 61584. 61357.] t2_sim:[62059. 61974. 63885.]
Task is 84.00% complete.
t1_sim:[63104. 63046. 62249.] t2_sim:[62617. 62455. 62644.]
Task is 85.00% complete.
t1_sim:[66229. 66424. 66466.] t2_sim:[59341. 59561. 62118.]
Task is 86.00% complete.
t1_sim:[63545. 63015. 63896.] t2_sim:[66065. 66371. 62691.]
Task is 87.00% complete.
t1_sim:[59613. 59842. 59936.] t2_sim:[65953. 65954. 65095.]
Task is 88.00% complete.
t1_sim:[62133. 62222. 62663.] t2_sim:[63520. 64243. 64437.]
Task is 89.00% complete.
t1_sim:[62677. 62576. 62181.] t2_sim:[61022. 61237. 60651.]
Task is 90.00% complete.
t1_sim:[64103. 64406. 62840.] t2_sim:[62771. 62723. 63742.]
Task is 91.00% complete.
t1_sim:[62108. 62079. 63608.] t2_sim:[65408. 64911. 64645.]
Task is 92.00% complete.
t1_sim:[67675. 67470. 68230.] t2_sim:[60864. 61222. 59422.]
Task is 93.00% complete.
t1_sim:[60495. 60450. 58304.] t2_sim:[59848. 60178. 60273.]
Task is 94.00% complete.
t1_sim:[66185. 66512. 64194.] t2_sim:[57891. 58029. 59816.]
Task is 95.00% complete.
t1_sim:[64765. 64496. 64464.] t2_sim:[64864. 65001. 66122.]
Task is 96.00% complete.
t1_sim:[63362. 63378. 64302.] t2_sim:[63478. 63761. 64517.]
Task is 97.00% complete.
t1_sim:[62006. 61981. 61668.] t2_sim:[67596. 67335. 67323.]
Task is 98.00% complete.
t1_sim:[59974. 59962. 59632.] t2_sim:[67143. 66532. 63321.]
Task is 99.00% complete.
t1_sim:[59974. 59915. 58420.] t2_sim:[69275. 68882. 68741.]
Training start
t1_obs:[array(62715.), array(63085.), array(64019.)] t2_obs:[array(65350.), array(65636.), array(65133.)]
corr_G1:[None, None, 0.08911740647342502] corr_G2:[None, None, -0.10988166780721545]
Training end
Task is 0.00% complete.
t1_sim:[62716. 62671. 61362.] t2_sim:[67390. 67446. 68795.]
Task is 1.00% complete.
t1_sim:[62750. 62641. 62434.] t2_sim:[66410. 66706. 65751.]
Task is 2.00% complete.
t1_sim:[63143. 63306. 64020.] t2_sim:[64313. 64418. 61496.]
Task is 3.00% complete.
t1_sim:[60288. 60129. 62177.] t2_sim:[66943. 66800. 66481.]
Task is 4.00% complete.
t1_sim:[65230. 65209. 64107.] t2_sim:[56575. 56334. 57318.]
Task is 5.00% complete.
t1_sim:[61608. 61218. 64780.] t2_sim:[67776. 67584. 68551.]
Task is 6.00% complete.
t1_sim:[62277. 62339. 62164.] t2_sim:[67655. 67752. 65489.]
Task is 7.00% complete.
t1_sim:[66045. 66143. 67384.] t2_sim:[62366. 62719. 64212.]
Task is 8.00% complete.
t1_sim:[59478. 59379. 58577.] t2_sim:[64986. 64883. 64858.]
Task is 9.00% complete.
t1_sim:[64868. 65070. 62858.] t2_sim:[64748. 64352. 64638.]
Task is 10.00% complete.
t1_sim:[63072. 62714. 61308.] t2_sim:[56555. 56427. 55675.]
Task is 11.00% complete.
t1_sim:[65650. 65522. 66389.] t2_sim:[57704. 57708. 59000.]
Task is 12.00% complete.
t1_sim:[66552. 66599. 64319.] t2_sim:[66849. 66806. 64703.]
Task is 13.00% complete.
t1_sim:[67318. 67305. 65402.] t2_sim:[56406. 56547. 55719.]
Task is 14.00% complete.
t1_sim:[61660. 61504. 64367.] t2_sim:[59455. 59017. 60983.]
Task is 15.00% complete.
t1_sim:[61654. 61377. 59868.] t2_sim:[65586. 65344. 64897.]
Task is 16.00% complete.
t1_sim:[63766. 64170. 65630.] t2_sim:[64926. 65535. 64646.]
Task is 17.00% complete.
t1_sim:[62063. 61752. 61068.] t2_sim:[61698. 62322. 62079.]
Task is 18.00% complete.
t1_sim:[57014. 56826. 58266.] t2_sim:[62892. 62847. 64300.]
Task is 19.00% complete.
t1_sim:[66480. 66795. 66401.] t2_sim:[72109. 71885. 71199.]
Task is 20.00% complete.
t1_sim:[62959. 63435. 63686.] t2_sim:[61853. 61770. 60323.]
Task is 21.00% complete.
t1_sim:[66101. 65850. 66236.] t2_sim:[61619. 61514. 59693.]
Task is 22.00% complete.
t1_sim:[68477. 68414. 68980.] t2_sim:[62164. 62460. 63679.]
Task is 23.00% complete.
t1_sim:[62019. 62093. 61570.] t2_sim:[61178. 61164. 60842.]
Task is 24.00% complete.
t1_sim:[63348. 63406. 62720.] t2_sim:[61909. 61647. 61866.]
Task is 25.00% complete.
t1_sim:[63918. 63641. 63567.] t2_sim:[65499. 65274. 66450.]
Task is 26.00% complete.
t1_sim:[62797. 62590. 60330.] t2_sim:[65772. 65328. 62879.]
Task is 27.00% complete.
t1_sim:[60428. 60079. 58510.] t2_sim:[64067. 64331. 63087.]
Task is 28.00% complete.
t1_sim:[68446. 68250. 70386.] t2_sim:[60998. 61020. 62590.]
Task is 29.00% complete.
t1_sim:[61717. 62010. 63130.] t2_sim:[64850. 65167. 64665.]
Task is 30.00% complete.
t1_sim:[65507. 64938. 66354.] t2_sim:[58541. 58843. 59568.]
Task is 31.00% complete.
t1_sim:[63832. 63967. 64796.] t2_sim:[60403. 60069. 61262.]
Task is 32.00% complete.
t1_sim:[63609. 63408. 63453.] t2_sim:[63032. 63012. 61781.]
Task is 33.00% complete.
t1_sim:[61418. 61112. 58668.] t2_sim:[61630. 62113. 61911.]
Task is 34.00% complete.
t1_sim:[60637. 60534. 59599.] t2_sim:[57086. 57403. 57156.]
Task is 35.00% complete.
t1_sim:[67787. 67771. 67239.] t2_sim:[65106. 65152. 65133.]
Task is 36.00% complete.
t1_sim:[60378. 60910. 60533.] t2_sim:[67501. 67013. 65735.]
Task is 37.00% complete.
t1_sim:[64063. 64188. 62255.] t2_sim:[62898. 62495. 60188.]
Task is 38.00% complete.
t1_sim:[69090. 69580. 70140.] t2_sim:[65280. 65425. 66101.]
Task is 39.00% complete.
t1_sim:[57258. 57717. 58615.] t2_sim:[64353. 64022. 63867.]
Task is 40.00% complete.
t1_sim:[58465. 58848. 57022.] t2_sim:[62605. 62221. 59493.]
Task is 41.00% complete.
t1_sim:[67361. 67138. 67876.] t2_sim:[59874. 60153. 59568.]
Task is 42.00% complete.
t1_sim:[61299. 60710. 60769.] t2_sim:[59454. 59699. 59694.]
Task is 43.00% complete.
t1_sim:[67505. 67621. 63687.] t2_sim:[62889. 62940. 64420.]
Task is 44.00% complete.
t1_sim:[63935. 64110. 63327.] t2_sim:[62913. 62869. 62564.]
Task is 45.00% complete.
t1_sim:[63473. 63513. 62259.] t2_sim:[58518. 58156. 59820.]
Task is 46.00% complete.
t1_sim:[63824. 63626. 60148.] t2_sim:[60760. 60368. 59753.]
Task is 47.00% complete.
t1_sim:[59228. 59429. 60996.] t2_sim:[67110. 67579. 68470.]
Task is 48.00% complete.
t1_sim:[59258. 59179. 60808.] t2_sim:[55367. 55177. 59079.]
Task is 49.00% complete.
t1_sim:[61933. 61919. 60418.] t2_sim:[60413. 60411. 59651.]
Task is 50.00% complete.
t1_sim:[64473. 64593. 64576.] t2_sim:[67811. 67886. 68684.]
Task is 51.00% complete.
t1_sim:[61413. 61469. 58885.] t2_sim:[63233. 63667. 64311.]
Task is 52.00% complete.
t1_sim:[59847. 59830. 61409.] t2_sim:[58949. 59226. 60724.]
Task is 53.00% complete.
t1_sim:[58114. 57994. 56556.] t2_sim:[63146. 62659. 61574.]
Task is 54.00% complete.
t1_sim:[60921. 60820. 60215.] t2_sim:[61291. 61538. 64562.]
Task is 55.00% complete.
t1_sim:[64934. 64978. 64714.] t2_sim:[70927. 70472. 69554.]
Task is 56.00% complete.
t1_sim:[62436. 62749. 64018.] t2_sim:[63122. 63337. 66678.]
Task is 57.00% complete.
t1_sim:[61433. 61257. 62399.] t2_sim:[53434. 53420. 54388.]
Task is 58.00% complete.
t1_sim:[62716. 62562. 61357.] t2_sim:[68169. 68208. 67297.]
Task is 59.00% complete.
t1_sim:[66361. 66498. 64954.] t2_sim:[65000. 64932. 62181.]
Task is 60.00% complete.
t1_sim:[60424. 59708. 60167.] t2_sim:[64137. 64162. 64233.]
Task is 61.00% complete.
t1_sim:[65461. 65097. 63657.] t2_sim:[55793. 55446. 54970.]
Task is 62.00% complete.
t1_sim:[62497. 62654. 60779.] t2_sim:[64947. 65051. 61584.]
Task is 63.00% complete.
t1_sim:[62482. 62512. 63301.] t2_sim:[62318. 62289. 60487.]
Task is 64.00% complete.
t1_sim:[63694. 63941. 64542.] t2_sim:[66284. 66528. 62566.]
Task is 65.00% complete.
t1_sim:[57852. 57850. 61834.] t2_sim:[65759. 65781. 62914.]
Task is 66.00% complete.
t1_sim:[60714. 60295. 63026.] t2_sim:[56982. 57477. 58830.]
Task is 67.00% complete.
t1_sim:[59544. 59509. 58517.] t2_sim:[64767. 64494. 64997.]
Task is 68.00% complete.
t1_sim:[61739. 61412. 62061.] t2_sim:[57618. 58253. 60895.]
Task is 69.00% complete.
t1_sim:[63104. 63359. 61672.] t2_sim:[56704. 56501. 56976.]
Task is 70.00% complete.
t1_sim:[57034. 57157. 57448.] t2_sim:[66517. 66397. 67623.]
Task is 71.00% complete.
t1_sim:[64926. 65408. 67059.] t2_sim:[67721. 67889. 66641.]
Task is 72.00% complete.
t1_sim:[58073. 58120. 58671.] t2_sim:[59453. 59333. 58782.]
Task is 73.00% complete.
t1_sim:[67589. 67929. 65544.] t2_sim:[60683. 60691. 60264.]
Task is 74.00% complete.
t1_sim:[64515. 64087. 61946.] t2_sim:[62606. 62787. 62316.]
Task is 75.00% complete.
t1_sim:[70016. 69988. 67523.] t2_sim:[69087. 68168. 67578.]
Task is 76.00% complete.
t1_sim:[66154. 66488. 63983.] t2_sim:[64757. 64754. 64386.]
Task is 77.00% complete.
t1_sim:[56563. 56218. 57004.] t2_sim:[65163. 65271. 64350.]
Task is 78.00% complete.
t1_sim:[62729. 62261. 58720.] t2_sim:[61644. 61488. 59893.]
Task is 79.00% complete.
t1_sim:[63170. 63194. 64224.] t2_sim:[63578. 63211. 59968.]
Task is 80.00% complete.
t1_sim:[63637. 64060. 60295.] t2_sim:[59247. 58759. 58512.]
Task is 81.00% complete.
t1_sim:[60925. 60650. 58626.] t2_sim:[68130. 68566. 68255.]
Task is 82.00% complete.
t1_sim:[54811. 54941. 56028.] t2_sim:[62981. 63235. 61844.]
Task is 83.00% complete.
t1_sim:[67964. 67892. 66769.] t2_sim:[64609. 64900. 63887.]
Task is 84.00% complete.
t1_sim:[66820. 66858. 69149.] t2_sim:[61125. 61096. 59848.]
Task is 85.00% complete.
t1_sim:[56290. 56372. 59385.] t2_sim:[57274. 57618. 58848.]
Task is 86.00% complete.
t1_sim:[64408. 64563. 64255.] t2_sim:[58431. 59006. 60619.]
Task is 87.00% complete.
t1_sim:[60677. 61333. 59064.] t2_sim:[65906. 65931. 66964.]
Task is 88.00% complete.
t1_sim:[54714. 54959. 57958.] t2_sim:[61282. 61163. 61765.]
Task is 89.00% complete.
t1_sim:[65476. 65221. 64431.] t2_sim:[61631. 61643. 63465.]
Task is 90.00% complete.
t1_sim:[58337. 58035. 59531.] t2_sim:[67787. 68162. 68278.]
Task is 91.00% complete.
t1_sim:[57907. 57750. 57427.] t2_sim:[60347. 59992. 60700.]
Task is 92.00% complete.
t1_sim:[64981. 64580. 65078.] t2_sim:[63141. 63128. 60232.]
Task is 93.00% complete.
t1_sim:[61053. 61043. 58555.] t2_sim:[58465. 58145. 61651.]
Task is 94.00% complete.
t1_sim:[61741. 61604. 59815.] t2_sim:[68963. 68856. 66248.]
Task is 95.00% complete.
t1_sim:[60063. 60174. 59253.] t2_sim:[62353. 61660. 60207.]
Task is 96.00% complete.
t1_sim:[61271. 61691. 60206.] t2_sim:[56377. 56478. 59179.]
Task is 97.00% complete.
t1_sim:[60601. 60132. 60627.] t2_sim:[62943. 63258. 63032.]
Task is 98.00% complete.
t1_sim:[60534. 60682. 61320.] t2_sim:[57638. 57915. 59027.]
Task is 99.00% complete.
t1_sim:[62623. 62326. 60460.] t2_sim:[62194. 62170. 61614.]
Finished
