Begin
Training start
t1_obs:[array(84817.), array(65663.), array(61006.)] t2_obs:[array(88283.), array(67709.), array(65406.)]
corr_G1:[None, None, 0] corr_G2:[None, None, 0]
Training end
Task is 0.00% complete.
t1_sim:[67788. 69036. 68107.] t2_sim:[69765. 69385. 69572.]
Task is 1.00% complete.
t1_sim:[67173. 66163. 67995.] t2_sim:[59301. 59231. 59320.]
Task is 2.00% complete.
t1_sim:[63104. 63442. 62803.] t2_sim:[62004. 61430. 61653.]
Task is 3.00% complete.
t1_sim:[60628. 60629. 63716.] t2_sim:[65961. 65812. 66512.]
Task is 4.00% complete.
t1_sim:[58607. 57912. 60283.] t2_sim:[65490. 65205. 66046.]
Task is 5.00% complete.
t1_sim:[60239. 59661. 60849.] t2_sim:[58651. 57058. 56459.]
Task is 6.00% complete.
t1_sim:[58595. 58483. 56999.] t2_sim:[64623. 66316. 66351.]
Task is 7.00% complete.
t1_sim:[62150. 60288. 59372.] t2_sim:[60388. 59932. 58919.]
Task is 8.00% complete.
t1_sim:[60685. 59782. 59143.] t2_sim:[65760. 66756. 64943.]
Task is 9.00% complete.
t1_sim:[57990. 57030. 58414.] t2_sim:[64646. 64978. 63275.]
Task is 10.00% complete.
t1_sim:[65360. 65454. 62883.] t2_sim:[63574. 62286. 61246.]
Task is 11.00% complete.
t1_sim:[58879. 61363. 60386.] t2_sim:[66285. 66710. 66468.]
Task is 12.00% complete.
t1_sim:[63851. 63554. 65764.] t2_sim:[60499. 61031. 61344.]
Task is 13.00% complete.
t1_sim:[64343. 65651. 63456.] t2_sim:[66203. 66091. 66306.]
Task is 14.00% complete.
t1_sim:[60556. 60746. 60913.] t2_sim:[60325. 56614. 57312.]
Task is 15.00% complete.
t1_sim:[61428. 62225. 63789.] t2_sim:[68712. 67334. 66180.]
Task is 16.00% complete.
t1_sim:[65869. 63917. 67059.] t2_sim:[62863. 62531. 61517.]
Task is 17.00% complete.
t1_sim:[62470. 61504. 62501.] t2_sim:[66687. 68806. 64443.]
Task is 18.00% complete.
t1_sim:[57934. 56483. 57747.] t2_sim:[68713. 68328. 64457.]
Task is 19.00% complete.
t1_sim:[56404. 57945. 56550.] t2_sim:[65689. 66474. 68070.]
Task is 20.00% complete.
t1_sim:[63955. 64938. 65670.] t2_sim:[61971. 60327. 58252.]
Task is 21.00% complete.
t1_sim:[67049. 64760. 64633.] t2_sim:[67200. 67318. 68302.]
Task is 22.00% complete.
t1_sim:[58862. 59090. 60590.] t2_sim:[68528. 68142. 65996.]
Task is 23.00% complete.
t1_sim:[58696. 59731. 60638.] t2_sim:[61365. 60028. 57920.]
Task is 24.00% complete.
t1_sim:[64793. 64520. 64947.] t2_sim:[62380. 62006. 61673.]
Task is 25.00% complete.
t1_sim:[65851. 65141. 65643.] t2_sim:[63019. 61127. 58506.]
Task is 26.00% complete.
t1_sim:[60163. 58322. 60657.] t2_sim:[61023. 60975. 57740.]
Task is 27.00% complete.
t1_sim:[62651. 63069. 62645.] t2_sim:[62507. 60375. 61718.]
Task is 28.00% complete.
t1_sim:[62634. 63706. 64981.] t2_sim:[67123. 67343. 65697.]
Task is 29.00% complete.
t1_sim:[56144. 56974. 60991.] t2_sim:[58045. 59363. 59821.]
Task is 30.00% complete.
t1_sim:[58618. 58076. 57678.] t2_sim:[60795. 61616. 62455.]
Task is 31.00% complete.
t1_sim:[67078. 65807. 64083.] t2_sim:[60100. 59379. 61014.]
Task is 32.00% complete.
t1_sim:[66335. 65604. 70254.] t2_sim:[61223. 61158. 63480.]
Task is 33.00% complete.
t1_sim:[60131. 60143. 62215.] t2_sim:[66764. 64650. 65941.]
Task is 34.00% complete.
t1_sim:[65564. 66206. 65816.] t2_sim:[61994. 63063. 60178.]
Task is 35.00% complete.
t1_sim:[60632. 59133. 61562.] t2_sim:[61696. 61779. 57080.]
Task is 36.00% complete.
t1_sim:[63186. 64092. 61544.] t2_sim:[65278. 66040. 69176.]
Task is 37.00% complete.
t1_sim:[63448. 63206. 61402.] t2_sim:[65605. 64898. 61851.]
Task is 38.00% complete.
t1_sim:[64822. 64224. 63085.] t2_sim:[61324. 61775. 59518.]
Task is 39.00% complete.
t1_sim:[60811. 60342. 62916.] t2_sim:[61576. 62656. 63964.]
Task is 40.00% complete.
t1_sim:[62676. 61574. 63143.] t2_sim:[59569. 60758. 62400.]
Task is 41.00% complete.
t1_sim:[61158. 60257. 61099.] t2_sim:[61837. 61673. 60490.]
Task is 42.00% complete.
t1_sim:[59543. 60076. 59159.] t2_sim:[60735. 61537. 61297.]
Task is 43.00% complete.
t1_sim:[60307. 61378. 59615.] t2_sim:[60313. 60002. 59709.]
Task is 44.00% complete.
t1_sim:[61322. 62100. 63064.] t2_sim:[60417. 59319. 58985.]
Task is 45.00% complete.
t1_sim:[61683. 63514. 64334.] t2_sim:[59480. 60712. 59997.]
Task is 46.00% complete.
t1_sim:[66911. 65942. 62279.] t2_sim:[62579. 60178. 60332.]
Task is 47.00% complete.
t1_sim:[63160. 64416. 62368.] t2_sim:[65555. 66465. 63837.]
Task is 48.00% complete.
t1_sim:[62388. 64397. 62794.] t2_sim:[66345. 67315. 66774.]
Task is 49.00% complete.
t1_sim:[60285. 59042. 57641.] t2_sim:[56400. 55712. 55680.]
Task is 50.00% complete.
t1_sim:[66232. 65207. 65039.] t2_sim:[58397. 59805. 57089.]
Task is 51.00% complete.
t1_sim:[66805. 65458. 64601.] t2_sim:[65871. 65521. 62996.]
Task is 52.00% complete.
t1_sim:[61279. 60110. 56614.] t2_sim:[63718. 64823. 66313.]
Task is 53.00% complete.
t1_sim:[60448. 61074. 60802.] t2_sim:[61388. 60995. 55380.]
Task is 54.00% complete.
t1_sim:[56811. 56298. 59350.] t2_sim:[61162. 59675. 58256.]
Task is 55.00% complete.
t1_sim:[63729. 62486. 64626.] t2_sim:[63193. 62649. 64094.]
Task is 56.00% complete.
t1_sim:[60735. 61573. 61289.] t2_sim:[59217. 60136. 64294.]
Task is 57.00% complete.
t1_sim:[64440. 64332. 65348.] t2_sim:[61664. 59517. 61123.]
Task is 58.00% complete.
t1_sim:[62836. 61298. 58937.] t2_sim:[60324. 60958. 64114.]
Task is 59.00% complete.
t1_sim:[65800. 66229. 67062.] t2_sim:[59968. 59268. 60368.]
Task is 60.00% complete.
t1_sim:[67082. 67559. 65856.] t2_sim:[63639. 64714. 67938.]
Task is 61.00% complete.
t1_sim:[68444. 69684. 68219.] t2_sim:[65383. 66010. 67181.]
Task is 62.00% complete.
t1_sim:[57812. 56135. 55627.] t2_sim:[65897. 65077. 61740.]
Task is 63.00% complete.
t1_sim:[56948. 58033. 58565.] t2_sim:[62580. 61570. 64236.]
Task is 64.00% complete.
t1_sim:[63038. 61627. 62319.] t2_sim:[61504. 60285. 62341.]
Task is 65.00% complete.
t1_sim:[58851. 58576. 59034.] t2_sim:[65256. 67432. 66079.]
Task is 66.00% complete.
t1_sim:[56720. 56977. 57253.] t2_sim:[61923. 61713. 58790.]
Task is 67.00% complete.
t1_sim:[56945. 55309. 56001.] t2_sim:[64507. 63792. 63692.]
Task is 68.00% complete.
t1_sim:[66585. 64223. 67112.] t2_sim:[62506. 62394. 64106.]
Task is 69.00% complete.
t1_sim:[59006. 57248. 57059.] t2_sim:[59935. 59505. 56701.]
Task is 70.00% complete.
t1_sim:[62702. 63391. 63422.] t2_sim:[67273. 66733. 70085.]
Task is 71.00% complete.
t1_sim:[64471. 62655. 62144.] t2_sim:[63578. 63397. 62313.]
Task is 72.00% complete.
t1_sim:[69011. 68458. 67468.] t2_sim:[59045. 61418. 61283.]
Task is 73.00% complete.
t1_sim:[56381. 56988. 58740.] t2_sim:[66487. 65496. 64430.]
Task is 74.00% complete.
t1_sim:[60239. 61316. 64366.] t2_sim:[61035. 59627. 59054.]
Task is 75.00% complete.
t1_sim:[62249. 61294. 62282.] t2_sim:[57317. 59087. 59096.]
Task is 76.00% complete.
t1_sim:[63567. 64321. 63751.] t2_sim:[58313. 58557. 57713.]
Task is 77.00% complete.
t1_sim:[61640. 60436. 58596.] t2_sim:[60415. 59718. 60531.]
Task is 78.00% complete.
t1_sim:[69284. 69263. 66188.] t2_sim:[63002. 63800. 66659.]
Task is 79.00% complete.
t1_sim:[64651. 63935. 61627.] t2_sim:[61635. 61254. 61078.]
Task is 80.00% complete.
t1_sim:[63225. 62842. 63673.] t2_sim:[63144. 62521. 61427.]
Task is 81.00% complete.
t1_sim:[58973. 58806. 58016.] t2_sim:[68760. 69280. 66054.]
Task is 82.00% complete.
t1_sim:[55181. 55752. 58527.] t2_sim:[64815. 65813. 67945.]
Task is 83.00% complete.
t1_sim:[60831. 59524. 61644.] t2_sim:[62689. 61566. 59178.]
Task is 84.00% complete.
t1_sim:[62220. 61252. 65923.] t2_sim:[61875. 62308. 61421.]
Task is 85.00% complete.
t1_sim:[59132. 59222. 62026.] t2_sim:[64385. 63972. 63678.]
Task is 86.00% complete.
t1_sim:[68041. 66242. 63095.] t2_sim:[61728. 62242. 61997.]
Task is 87.00% complete.
t1_sim:[63415. 62193. 59018.] t2_sim:[63409. 64645. 62553.]
Task is 88.00% complete.
t1_sim:[60792. 60487. 61929.] t2_sim:[59007. 58897. 59266.]
Task is 89.00% complete.
t1_sim:[66880. 67707. 67768.] t2_sim:[65079. 63755. 66033.]
Task is 90.00% complete.
t1_sim:[64759. 63247. 63351.] t2_sim:[66996. 67272. 65837.]
Task is 91.00% complete.
t1_sim:[61642. 61149. 62243.] t2_sim:[62603. 65254. 62678.]
Task is 92.00% complete.
t1_sim:[65630. 64885. 62502.] t2_sim:[65703. 64198. 64001.]
Task is 93.00% complete.
t1_sim:[66854. 67426. 64483.] t2_sim:[62910. 63299. 62831.]
Task is 94.00% complete.
t1_sim:[56860. 55371. 55375.] t2_sim:[63671. 61884. 60776.]
Task is 95.00% complete.
t1_sim:[64540. 63169. 60907.] t2_sim:[68015. 66428. 63331.]
Task is 96.00% complete.
t1_sim:[55412. 53781. 54972.] t2_sim:[61696. 62517. 64113.]
Task is 97.00% complete.
t1_sim:[61320. 60838. 64693.] t2_sim:[56235. 57459. 58299.]
Task is 98.00% complete.
t1_sim:[65794. 63929. 64777.] t2_sim:[63709. 64158. 63874.]
Task is 99.00% complete.
t1_sim:[65423. 64298. 63973.] t2_sim:[64011. 61431. 59366.]
Training start
t1_obs:[array(84817.), array(65663.), array(61026.)] t2_obs:[array(88283.), array(67709.), array(66765.)]
corr_G1:[None, None, 0.994359280522623] corr_G2:[None, None, 0.943753502545328]
Training end
Task is 0.00% complete.
t1_sim:[61128. 61465. 65164.] t2_sim:[61273. 62189. 62875.]
Task is 1.00% complete.
t1_sim:[61444. 60434. 62276.] t2_sim:[64397. 65303. 63712.]
Task is 2.00% complete.
t1_sim:[60014. 59765. 62353.] t2_sim:[65772. 67521. 69514.]
Task is 3.00% complete.
t1_sim:[59478. 58451. 62447.] t2_sim:[60367. 59212. 61962.]
Task is 4.00% complete.
t1_sim:[62599. 61299. 63434.] t2_sim:[65596. 66615. 66323.]
Task is 5.00% complete.
t1_sim:[63991. 63779. 66272.] t2_sim:[62425. 62760. 62609.]
Task is 6.00% complete.
t1_sim:[59972. 60289. 63466.] t2_sim:[63395. 64102. 65490.]
Task is 7.00% complete.
t1_sim:[63331. 60333. 63086.] t2_sim:[63276. 63149. 62401.]
Task is 8.00% complete.
t1_sim:[69348. 68937. 67437.] t2_sim:[61683. 63191. 62978.]
Task is 9.00% complete.
t1_sim:[66508. 65548. 68049.] t2_sim:[59364. 58516. 55992.]
Task is 10.00% complete.
t1_sim:[63452. 66096. 68491.] t2_sim:[65083. 65555. 67892.]
Task is 11.00% complete.
t1_sim:[63125. 61766. 64919.] t2_sim:[63413. 62956. 63333.]
Task is 12.00% complete.
t1_sim:[60093. 59732. 59363.] t2_sim:[62465. 60236. 61250.]
Task is 13.00% complete.
t1_sim:[60630. 61711. 66196.] t2_sim:[69785. 67668. 68039.]
Task is 14.00% complete.
t1_sim:[60900. 62416. 63933.] t2_sim:[63161. 63435. 64450.]
Task is 15.00% complete.
t1_sim:[60323. 59986. 62662.] t2_sim:[62834. 62895. 66814.]
Task is 16.00% complete.
t1_sim:[62854. 62333. 66347.] t2_sim:[58152. 58752. 61028.]
Task is 17.00% complete.
t1_sim:[64564. 64658. 65878.] t2_sim:[58205. 59153. 58528.]
Task is 18.00% complete.
t1_sim:[59798. 58836. 60775.] t2_sim:[62897. 63551. 61508.]
Task is 19.00% complete.
t1_sim:[64344. 63867. 64642.] t2_sim:[64888. 65530. 65182.]
Task is 20.00% complete.
t1_sim:[62323. 63589. 66110.] t2_sim:[60063. 60996. 63896.]
Task is 21.00% complete.
t1_sim:[65108. 64286. 67437.] t2_sim:[60363. 60830. 63962.]
Task is 22.00% complete.
t1_sim:[53158. 51182. 52797.] t2_sim:[64875. 66565. 67157.]
Task is 23.00% complete.
t1_sim:[60175. 58496. 62488.] t2_sim:[64602. 65364. 66437.]
Task is 24.00% complete.
t1_sim:[65533. 66573. 68886.] t2_sim:[63509. 63619. 65289.]
Task is 25.00% complete.
t1_sim:[55685. 55097. 58811.] t2_sim:[61722. 62408. 65272.]
Task is 26.00% complete.
t1_sim:[56779. 58469. 62245.] t2_sim:[61332. 61885. 62355.]
Task is 27.00% complete.
t1_sim:[71181. 71101. 73704.] t2_sim:[62786. 60869. 58083.]
Task is 28.00% complete.
t1_sim:[65222. 63569. 69021.] t2_sim:[64455. 62986. 64610.]
Task is 29.00% complete.
t1_sim:[63992. 66077. 69766.] t2_sim:[63077. 62586. 64449.]
Task is 30.00% complete.
t1_sim:[61614. 61462. 64362.] t2_sim:[57089. 58090. 60622.]
Task is 31.00% complete.
t1_sim:[59014. 59931. 62382.] t2_sim:[64488. 62748. 64189.]
Task is 32.00% complete.
t1_sim:[65593. 66381. 67821.] t2_sim:[60304. 61794. 63893.]
Task is 33.00% complete.
t1_sim:[59187. 57548. 59304.] t2_sim:[64521. 64853. 65910.]
Task is 34.00% complete.
t1_sim:[61039. 60757. 62601.] t2_sim:[59175. 60378. 60483.]
Task is 35.00% complete.
t1_sim:[68488. 68298. 70993.] t2_sim:[59285. 59067. 60251.]
Task is 36.00% complete.
t1_sim:[60221. 58632. 62896.] t2_sim:[62161. 62638. 63875.]
Task is 37.00% complete.
t1_sim:[66595. 66557. 69381.] t2_sim:[61687. 60256. 62203.]
Task is 38.00% complete.
t1_sim:[57516. 59196. 63867.] t2_sim:[62232. 62945. 63378.]
Task is 39.00% complete.
t1_sim:[62785. 61204. 62813.] t2_sim:[64468. 63051. 64772.]
Task is 40.00% complete.
t1_sim:[65384. 64497. 66973.] t2_sim:[63550. 63866. 62459.]
Task is 41.00% complete.
t1_sim:[70893. 69485. 72495.] t2_sim:[61401. 62497. 67217.]
Task is 42.00% complete.
t1_sim:[64048. 65555. 68248.] t2_sim:[60715. 62289. 60325.]
Task is 43.00% complete.
t1_sim:[64973. 63787. 65728.] t2_sim:[61285. 60675. 62153.]
Task is 44.00% complete.
t1_sim:[54068. 55361. 60685.] t2_sim:[66265. 64521. 65784.]
Task is 45.00% complete.
t1_sim:[67200. 66232. 67895.] t2_sim:[59843. 59588. 60407.]
Task is 46.00% complete.
t1_sim:[58493. 58256. 59470.] t2_sim:[62480. 63560. 63497.]
Task is 47.00% complete.
t1_sim:[62110. 62983. 67570.] t2_sim:[57945. 56480. 59675.]
Task is 48.00% complete.
t1_sim:[63800. 63686. 65488.] t2_sim:[58280. 57370. 58255.]
Task is 49.00% complete.
t1_sim:[63262. 64609. 65816.] t2_sim:[65755. 67802. 68109.]
Task is 50.00% complete.
t1_sim:[63535. 62504. 65576.] t2_sim:[60375. 61603. 62914.]
Task is 51.00% complete.
t1_sim:[65936. 66379. 65853.] t2_sim:[58227. 57925. 60624.]
Task is 52.00% complete.
t1_sim:[66054. 66461. 66538.] t2_sim:[64990. 66207. 68100.]
Task is 53.00% complete.
t1_sim:[61250. 62072. 65249.] t2_sim:[61824. 62539. 64416.]
Task is 54.00% complete.
t1_sim:[64709. 64046. 66061.] t2_sim:[65997. 64114. 64407.]
Task is 55.00% complete.
t1_sim:[62582. 61658. 66092.] t2_sim:[58910. 59089. 59352.]
Task is 56.00% complete.
t1_sim:[57393. 57185. 58044.] t2_sim:[63079. 62917. 62364.]
Task is 57.00% complete.
t1_sim:[64807. 64275. 66527.] t2_sim:[55134. 55946. 55142.]
Task is 58.00% complete.
t1_sim:[61873. 61798. 65273.] t2_sim:[65308. 67436. 66674.]
Task is 59.00% complete.
t1_sim:[63576. 64172. 66831.] t2_sim:[57835. 57905. 58016.]
Task is 60.00% complete.
t1_sim:[63729. 66458. 69173.] t2_sim:[65821. 65318. 64796.]
Task is 61.00% complete.
t1_sim:[65020. 64030. 63718.] t2_sim:[59220. 58729. 59776.]
Task is 62.00% complete.
t1_sim:[57791. 56879. 59949.] t2_sim:[62225. 63720. 63998.]
Task is 63.00% complete.
t1_sim:[60155. 61840. 64657.] t2_sim:[65109. 65102. 65413.]
Task is 64.00% complete.
t1_sim:[68341. 69385. 72456.] t2_sim:[67506. 68234. 68166.]
Task is 65.00% complete.
t1_sim:[61806. 61072. 63890.] t2_sim:[60330. 60418. 61365.]
Task is 66.00% complete.
t1_sim:[62092. 63091. 68439.] t2_sim:[60525. 60911. 62189.]
Task is 67.00% complete.
t1_sim:[61789. 60754. 63228.] t2_sim:[62989. 63465. 65727.]
Task is 68.00% complete.
t1_sim:[58840. 60825. 65701.] t2_sim:[63829. 62295. 60584.]
Task is 69.00% complete.
t1_sim:[65974. 66105. 68576.] t2_sim:[63025. 62363. 62185.]
Task is 70.00% complete.
t1_sim:[62828. 62614. 66937.] t2_sim:[63016. 63465. 62033.]
Task is 71.00% complete.
t1_sim:[65929. 66062. 67284.] t2_sim:[61803. 61754. 62889.]
Task is 72.00% complete.
t1_sim:[61326. 60321. 65199.] t2_sim:[57477. 57767. 60463.]
Task is 73.00% complete.
t1_sim:[60512. 60595. 62706.] t2_sim:[60400. 58344. 59132.]
Task is 74.00% complete.
t1_sim:[68677. 67953. 72089.] t2_sim:[64163. 63923. 65229.]
Task is 75.00% complete.
t1_sim:[66634. 67730. 68823.] t2_sim:[60408. 59922. 63560.]
Task is 76.00% complete.
t1_sim:[63709. 64260. 66739.] t2_sim:[59476. 58465. 58590.]
Task is 77.00% complete.
t1_sim:[63141. 62706. 65878.] t2_sim:[62835. 65964. 66365.]
Task is 78.00% complete.
t1_sim:[71473. 70319. 72438.] t2_sim:[65526. 66030. 67026.]
Task is 79.00% complete.
t1_sim:[57818. 58063. 62235.] t2_sim:[56473. 57051. 59731.]
Task is 80.00% complete.
t1_sim:[60441. 60719. 62526.] t2_sim:[63459. 63420. 63349.]
Task is 81.00% complete.
t1_sim:[66176. 66472. 66605.] t2_sim:[59286. 59836. 59756.]
Task is 82.00% complete.
t1_sim:[61856. 62012. 65502.] t2_sim:[66107. 64291. 64811.]
Task is 83.00% complete.
t1_sim:[66558. 66301. 67123.] t2_sim:[55032. 55608. 56363.]
Task is 84.00% complete.
t1_sim:[62870. 62816. 65404.] t2_sim:[58567. 58480. 60132.]
Task is 85.00% complete.
t1_sim:[61154. 62365. 67176.] t2_sim:[65278. 66546. 67064.]
Task is 86.00% complete.
t1_sim:[57401. 57783. 60039.] t2_sim:[62983. 63301. 64801.]
Task is 87.00% complete.
t1_sim:[65993. 66562. 70893.] t2_sim:[61882. 61372. 63372.]
Task is 88.00% complete.
t1_sim:[63096. 65189. 67338.] t2_sim:[61893. 60976. 60579.]
Task is 89.00% complete.
t1_sim:[66092. 65051. 68234.] t2_sim:[60559. 60429. 60776.]
Task is 90.00% complete.
t1_sim:[71502. 71568. 74564.] t2_sim:[69357. 67420. 68402.]
Task is 91.00% complete.
t1_sim:[64538. 63349. 64784.] t2_sim:[65955. 65363. 62856.]
Task is 92.00% complete.
t1_sim:[59924. 59593. 61004.] t2_sim:[56966. 57690. 58494.]
Task is 93.00% complete.
t1_sim:[64687. 63440. 65148.] t2_sim:[60229. 60518. 63429.]
Task is 94.00% complete.
t1_sim:[64963. 62858. 65688.] t2_sim:[60293. 60230. 62081.]
Task is 95.00% complete.
t1_sim:[58823. 58415. 59886.] t2_sim:[61961. 62821. 62503.]
Task is 96.00% complete.
t1_sim:[59833. 60250. 62152.] t2_sim:[60259. 59814. 59957.]
Task is 97.00% complete.
t1_sim:[59548. 57824. 58348.] t2_sim:[61881. 59670. 62202.]
Task is 98.00% complete.
t1_sim:[60995. 59848. 61304.] t2_sim:[64584. 64327. 65160.]
Task is 99.00% complete.
t1_sim:[65405. 64896. 68061.] t2_sim:[60578. 60731. 61984.]
Training start
t1_obs:[array(84817.), array(65663.), array(60712.)] t2_obs:[array(88283.), array(67709.), array(66107.)]
corr_G1:[None, None, 0.010444274318288425] corr_G2:[None, None, 0.0211601005938607]
Training end
Task is 0.00% complete.
t1_sim:[65371. 65150. 63630.] t2_sim:[60202. 58205. 56878.]
Task is 1.00% complete.
t1_sim:[63235. 61795. 62097.] t2_sim:[68671. 67910. 67020.]
Task is 2.00% complete.
t1_sim:[64319. 63716. 62460.] t2_sim:[60726. 62226. 61241.]
Task is 3.00% complete.
t1_sim:[61198. 62422. 63024.] t2_sim:[65783. 65216. 63575.]
Task is 4.00% complete.
t1_sim:[67438. 66594. 69035.] t2_sim:[68595. 68491. 66034.]
Task is 5.00% complete.
t1_sim:[64611. 65106. 63930.] t2_sim:[61659. 64292. 59239.]
Task is 6.00% complete.
t1_sim:[63459. 64470. 65624.] t2_sim:[62449. 62025. 61093.]
Task is 7.00% complete.
t1_sim:[59765. 60512. 59617.] t2_sim:[67095. 67807. 67984.]
Task is 8.00% complete.
t1_sim:[62424. 61560. 59794.] t2_sim:[71047. 69281. 69035.]
Task is 9.00% complete.
t1_sim:[61023. 59091. 58762.] t2_sim:[62591. 63193. 63238.]
Task is 10.00% complete.
t1_sim:[62833. 64957. 66264.] t2_sim:[62073. 61662. 59857.]
Task is 11.00% complete.
t1_sim:[61156. 61939. 62678.] t2_sim:[65888. 65207. 62945.]
Task is 12.00% complete.
t1_sim:[65455. 64925. 63751.] t2_sim:[58960. 60591. 60564.]
Task is 13.00% complete.
t1_sim:[63456. 63563. 62200.] t2_sim:[66422. 66816. 65459.]
Task is 14.00% complete.
t1_sim:[61193. 62674. 65396.] t2_sim:[56871. 58015. 55192.]
Task is 15.00% complete.
t1_sim:[59867. 60901. 60936.] t2_sim:[56069. 55601. 55941.]
Task is 16.00% complete.
t1_sim:[67166. 64753. 65400.] t2_sim:[62572. 61098. 60554.]
Task is 17.00% complete.
t1_sim:[59021. 57747. 58126.] t2_sim:[69438. 68368. 66966.]
Task is 18.00% complete.
t1_sim:[58812. 58606. 59104.] t2_sim:[58019. 59245. 59719.]
Task is 19.00% complete.
t1_sim:[69664. 70427. 68630.] t2_sim:[61279. 62180. 61613.]
Task is 20.00% complete.
t1_sim:[65896. 66746. 63363.] t2_sim:[54775. 55651. 55244.]
Task is 21.00% complete.
t1_sim:[64932. 63976. 64035.] t2_sim:[63297. 61995. 59806.]
Task is 22.00% complete.
t1_sim:[62328. 62148. 63536.] t2_sim:[63147. 63281. 61545.]
Task is 23.00% complete.
t1_sim:[62641. 62516. 62847.] t2_sim:[66089. 68613. 63747.]
Task is 24.00% complete.
t1_sim:[61168. 62582. 63209.] t2_sim:[65544. 64996. 62443.]
Task is 25.00% complete.
t1_sim:[62082. 63472. 62762.] t2_sim:[60013. 59720. 59419.]
Task is 26.00% complete.
t1_sim:[62730. 62997. 62582.] t2_sim:[63640. 64060. 62677.]
Task is 27.00% complete.
t1_sim:[61110. 61592. 62196.] t2_sim:[62921. 63740. 63657.]
Task is 28.00% complete.
t1_sim:[61479. 62507. 61919.] t2_sim:[56655. 58290. 56541.]
Task is 29.00% complete.
t1_sim:[57341. 57233. 57003.] t2_sim:[60701. 62483. 62642.]
Task is 30.00% complete.
t1_sim:[66427. 67338. 67694.] t2_sim:[59652. 60436. 61581.]
Task is 31.00% complete.
t1_sim:[59395. 60046. 59061.] t2_sim:[63173. 63695. 60446.]
Task is 32.00% complete.
t1_sim:[56296. 56382. 55403.] t2_sim:[63390. 63986. 64861.]
Task is 33.00% complete.
t1_sim:[62093. 63112. 62531.] t2_sim:[61340. 62219. 61380.]
Task is 34.00% complete.
t1_sim:[61045. 61708. 60378.] t2_sim:[57386. 57454. 57219.]
Task is 35.00% complete.
t1_sim:[63479. 62523. 61337.] t2_sim:[63603. 62999. 61870.]
Task is 36.00% complete.
t1_sim:[61984. 60557. 61345.] t2_sim:[63079. 64441. 64158.]
Task is 37.00% complete.
t1_sim:[64631. 63100. 62907.] t2_sim:[60767. 61854. 60956.]
Task is 38.00% complete.
t1_sim:[62413. 63373. 63216.] t2_sim:[58692. 59180. 59521.]
Task is 39.00% complete.
t1_sim:[70234. 70003. 68595.] t2_sim:[64613. 65208. 66691.]
Task is 40.00% complete.
t1_sim:[62086. 64201. 63415.] t2_sim:[61301. 63520. 62506.]
Task is 41.00% complete.
t1_sim:[65793. 66208. 67083.] t2_sim:[63349. 64632. 60616.]
Task is 42.00% complete.
t1_sim:[61964. 61653. 61867.] t2_sim:[61570. 62123. 58131.]
Task is 43.00% complete.
t1_sim:[69502. 70908. 71270.] t2_sim:[65231. 66516. 65461.]
Task is 44.00% complete.
t1_sim:[66600. 66279. 65884.] t2_sim:[64659. 65347. 62779.]
Task is 45.00% complete.
t1_sim:[58689. 58986. 59806.] t2_sim:[67104. 66604. 65844.]
Task is 46.00% complete.
t1_sim:[65830. 65957. 65253.] t2_sim:[61661. 60106. 60268.]
Task is 47.00% complete.
t1_sim:[56588. 55288. 56960.] t2_sim:[65785. 64171. 62908.]
Task is 48.00% complete.
t1_sim:[64011. 65264. 65056.] t2_sim:[68880. 68817. 69613.]
Task is 49.00% complete.
t1_sim:[59159. 59633. 59729.] t2_sim:[61665. 62965. 59937.]
Task is 50.00% complete.
t1_sim:[62286. 62723. 63883.] t2_sim:[57701. 59255. 60143.]
Task is 51.00% complete.
t1_sim:[64271. 62927. 63318.] t2_sim:[65597. 64143. 65142.]
Task is 52.00% complete.
t1_sim:[67155. 67639. 66296.] t2_sim:[64343. 64023. 61595.]
Task is 53.00% complete.
t1_sim:[60965. 61412. 60710.] t2_sim:[61366. 61922. 61675.]
Task is 54.00% complete.
t1_sim:[64660. 64374. 61810.] t2_sim:[64642. 64802. 62551.]
Task is 55.00% complete.
t1_sim:[60333. 59767. 58238.] t2_sim:[58615. 59403. 56911.]
Task is 56.00% complete.
t1_sim:[64173. 64169. 65870.] t2_sim:[63103. 63274. 61175.]
Task is 57.00% complete.
t1_sim:[67010. 65311. 63728.] t2_sim:[61814. 61959. 60746.]
Task is 58.00% complete.
t1_sim:[62677. 63956. 65833.] t2_sim:[63693. 63251. 61805.]
Task is 59.00% complete.
t1_sim:[64157. 65190. 65538.] t2_sim:[64029. 64079. 63033.]
Task is 60.00% complete.
t1_sim:[57514. 57515. 57005.] t2_sim:[61124. 61216. 62631.]
Task is 61.00% complete.
t1_sim:[63632. 63029. 64247.] t2_sim:[64901. 64480. 64476.]
Task is 62.00% complete.
t1_sim:[58378. 56971. 56481.] t2_sim:[63715. 63410. 61999.]
Task is 63.00% complete.
t1_sim:[62534. 62327. 62365.] t2_sim:[60607. 61357. 60986.]
Task is 64.00% complete.
t1_sim:[60248. 59165. 59427.] t2_sim:[58547. 59668. 58076.]
Task is 65.00% complete.
t1_sim:[58604. 59395. 61024.] t2_sim:[62506. 63713. 62665.]
Task is 66.00% complete.
t1_sim:[58300. 58870. 58718.] t2_sim:[60987. 59831. 57617.]
Task is 67.00% complete.
t1_sim:[63329. 63667. 63667.] t2_sim:[56823. 58796. 58323.]
Task is 68.00% complete.
t1_sim:[62355. 61245. 60926.] t2_sim:[73105. 73206. 71311.]
Task is 69.00% complete.
t1_sim:[64315. 61736. 61883.] t2_sim:[63758. 64408. 63893.]
Task is 70.00% complete.
t1_sim:[58773. 59249. 59212.] t2_sim:[63971. 64076. 65866.]
Task is 71.00% complete.
t1_sim:[55270. 55108. 55922.] t2_sim:[60547. 62247. 62790.]
Task is 72.00% complete.
t1_sim:[63376. 63693. 64135.] t2_sim:[63212. 63064. 62661.]
Task is 73.00% complete.
t1_sim:[63986. 64016. 62159.] t2_sim:[55819. 55977. 56860.]
Task is 74.00% complete.
t1_sim:[66527. 67416. 68280.] t2_sim:[61764. 62083. 62286.]
Task is 75.00% complete.
t1_sim:[66688. 68413. 69061.] t2_sim:[63995. 65446. 64075.]
Task is 76.00% complete.
t1_sim:[61810. 63045. 64513.] t2_sim:[66419. 66019. 66271.]
Task is 77.00% complete.
t1_sim:[70096. 69948. 69709.] t2_sim:[64551. 62903. 60661.]
Task is 78.00% complete.
t1_sim:[61325. 60802. 61017.] t2_sim:[59318. 59143. 59727.]
Task is 79.00% complete.
t1_sim:[62027. 61024. 61690.] t2_sim:[59949. 59758. 58884.]
Task is 80.00% complete.
t1_sim:[60722. 62606. 61464.] t2_sim:[62756. 63935. 65890.]
Task is 81.00% complete.
t1_sim:[62941. 63727. 64916.] t2_sim:[61217. 61881. 61425.]
Task is 82.00% complete.
t1_sim:[62973. 64425. 63682.] t2_sim:[62825. 63170. 63616.]
Task is 83.00% complete.
t1_sim:[57593. 55876. 56455.] t2_sim:[62847. 61921. 60491.]
Task is 84.00% complete.
t1_sim:[63783. 63774. 62203.] t2_sim:[64233. 65086. 64387.]
Task is 85.00% complete.
t1_sim:[60442. 61019. 58516.] t2_sim:[63924. 64370. 64760.]
Task is 86.00% complete.
t1_sim:[59710. 60587. 61806.] t2_sim:[62505. 61772. 60250.]
Task is 87.00% complete.
t1_sim:[62386. 61730. 62987.] t2_sim:[65071. 65342. 64110.]
Task is 88.00% complete.
t1_sim:[63262. 63300. 64737.] t2_sim:[56345. 55915. 59019.]
Task is 89.00% complete.
t1_sim:[55594. 55832. 55527.] t2_sim:[63850. 64783. 63741.]
Task is 90.00% complete.
t1_sim:[70117. 69985. 69450.] t2_sim:[66384. 65814. 63890.]
Task is 91.00% complete.
t1_sim:[61213. 60501. 61640.] t2_sim:[63924. 63317. 61067.]
Task is 92.00% complete.
t1_sim:[70053. 67496. 64305.] t2_sim:[63503. 63444. 59503.]
Task is 93.00% complete.
t1_sim:[59913. 58458. 57302.] t2_sim:[63711. 65288. 65877.]
Task is 94.00% complete.
t1_sim:[57924. 55549. 56942.] t2_sim:[63878. 62744. 60762.]
Task is 95.00% complete.
t1_sim:[58925. 57920. 56310.] t2_sim:[61946. 63410. 60908.]
Task is 96.00% complete.
t1_sim:[63093. 65620. 63523.] t2_sim:[65880. 65724. 66414.]
Task is 97.00% complete.
t1_sim:[66901. 68120. 67044.] t2_sim:[64568. 65441. 65732.]
Task is 98.00% complete.
t1_sim:[63279. 62802. 62925.] t2_sim:[64735. 66123. 67680.]
Task is 99.00% complete.
t1_sim:[63243. 62814. 62814.] t2_sim:[65999. 65706. 64339.]
Finished
