Begin
Training start
t1_obs:[array(89074.), array(82685.), array(66206.)] t2_obs:[array(100696.), array(93694.), array(78536.)]
corr_G1:[None, None, 2.4744427602305692e-17] corr_G2:[None, None, -2.1228653925457485e-17]
Training end
Task is 0.00% complete.
t1_sim:[64361. 64460. 66337.] t2_sim:[61629. 61705. 63151.]
Task is 1.00% complete.
t1_sim:[65646. 64850. 63063.] t2_sim:[65980. 66373. 65628.]
Task is 2.00% complete.
t1_sim:[64268. 64800. 62349.] t2_sim:[64563. 64712. 64047.]
Task is 3.00% complete.
t1_sim:[59552. 59380. 59752.] t2_sim:[67085. 67301. 64065.]
Task is 4.00% complete.
t1_sim:[65888. 64717. 64726.] t2_sim:[61185. 62222. 59496.]
Task is 5.00% complete.
t1_sim:[63994. 64082. 64649.] t2_sim:[64153. 65082. 65555.]
Task is 6.00% complete.
t1_sim:[66321. 67352. 64486.] t2_sim:[68258. 66512. 67569.]
Task is 7.00% complete.
t1_sim:[62089. 62282. 61892.] t2_sim:[64309. 64990. 63251.]
Task is 8.00% complete.
t1_sim:[60631. 59966. 59088.] t2_sim:[59160. 58969. 60189.]
Task is 9.00% complete.
t1_sim:[64002. 63513. 62252.] t2_sim:[57380. 58659. 58952.]
Task is 10.00% complete.
t1_sim:[62074. 62418. 63857.] t2_sim:[62427. 61277. 59385.]
Task is 11.00% complete.
t1_sim:[68657. 68500. 65940.] t2_sim:[65373. 66640. 66942.]
Task is 12.00% complete.
t1_sim:[63219. 63099. 62210.] t2_sim:[60299. 60504. 61681.]
Task is 13.00% complete.
t1_sim:[58376. 58825. 56892.] t2_sim:[60378. 61204. 60131.]
Task is 14.00% complete.
t1_sim:[60946. 61810. 62004.] t2_sim:[63917. 63599. 62280.]
Task is 15.00% complete.
t1_sim:[59806. 59457. 58130.] t2_sim:[62969. 63410. 62846.]
Task is 16.00% complete.
t1_sim:[66308. 65474. 67069.] t2_sim:[64119. 64062. 64494.]
Task is 17.00% complete.
t1_sim:[63703. 63984. 63427.] t2_sim:[62691. 61186. 63620.]
Task is 18.00% complete.
t1_sim:[63989. 63598. 62950.] t2_sim:[58870. 58331. 61002.]
Task is 19.00% complete.
t1_sim:[65255. 65504. 65065.] t2_sim:[65384. 65341. 66835.]
Task is 20.00% complete.
t1_sim:[59688. 60187. 60982.] t2_sim:[63854. 63400. 63138.]
Task is 21.00% complete.
t1_sim:[65188. 63202. 61532.] t2_sim:[56130. 56460. 56720.]
Task is 22.00% complete.
t1_sim:[61116. 62198. 60067.] t2_sim:[68002. 68599. 65663.]
Task is 23.00% complete.
t1_sim:[68345. 67405. 65064.] t2_sim:[67327. 66980. 67278.]
Task is 24.00% complete.
t1_sim:[63481. 63908. 66907.] t2_sim:[59387. 57530. 59441.]
Task is 25.00% complete.
t1_sim:[63446. 63289. 61651.] t2_sim:[63473. 63286. 66394.]
Task is 26.00% complete.
t1_sim:[72253. 71068. 67572.] t2_sim:[58860. 60261. 57292.]
Task is 27.00% complete.
t1_sim:[60646. 60605. 58822.] t2_sim:[63129. 63377. 60915.]
Task is 28.00% complete.
t1_sim:[65414. 65198. 64024.] t2_sim:[65234. 65107. 64068.]
Task is 29.00% complete.
t1_sim:[63849. 63681. 64962.] t2_sim:[65231. 65120. 64881.]
Task is 30.00% complete.
t1_sim:[61160. 61493. 63942.] t2_sim:[70001. 71095. 69759.]
Task is 31.00% complete.
t1_sim:[64759. 64378. 61343.] t2_sim:[62812. 63541. 63561.]
Task is 32.00% complete.
t1_sim:[61166. 61130. 60563.] t2_sim:[60602. 61419. 61590.]
Task is 33.00% complete.
t1_sim:[62218. 61772. 64847.] t2_sim:[60882. 59223. 62276.]
Task is 34.00% complete.
t1_sim:[65391. 65332. 64349.] t2_sim:[64875. 63899. 69140.]
Task is 35.00% complete.
t1_sim:[60066. 60553. 62444.] t2_sim:[67498. 65812. 63378.]
Task is 36.00% complete.
t1_sim:[63232. 61869. 62246.] t2_sim:[58720. 58480. 61142.]
Task is 37.00% complete.
t1_sim:[67872. 67276. 68659.] t2_sim:[62628. 63450. 63804.]
Task is 38.00% complete.
t1_sim:[66570. 66268. 63681.] t2_sim:[61210. 60473. 60590.]
Task is 39.00% complete.
t1_sim:[60438. 60362. 60179.] t2_sim:[60490. 60731. 59397.]
Task is 40.00% complete.
t1_sim:[63568. 63055. 65867.] t2_sim:[61313. 63225. 59381.]
Task is 41.00% complete.
t1_sim:[63695. 64182. 65020.] t2_sim:[62615. 61849. 58175.]
Task is 42.00% complete.
t1_sim:[57528. 56907. 60202.] t2_sim:[64919. 64627. 63822.]
Task is 43.00% complete.
t1_sim:[58391. 58651. 60388.] t2_sim:[68068. 69046. 64100.]
Task is 44.00% complete.
t1_sim:[66321. 68167. 63770.] t2_sim:[59773. 59967. 57074.]
Task is 45.00% complete.
t1_sim:[64877. 65603. 64701.] t2_sim:[54269. 54328. 55481.]
Task is 46.00% complete.
t1_sim:[61771. 62453. 60268.] t2_sim:[60326. 60758. 62040.]
Task is 47.00% complete.
t1_sim:[62847. 62463. 63426.] t2_sim:[59738. 60133. 62204.]
Task is 48.00% complete.
t1_sim:[60234. 61087. 60552.] t2_sim:[62402. 62789. 62441.]
Task is 49.00% complete.
t1_sim:[65470. 64067. 61284.] t2_sim:[59243. 59713. 57345.]
Task is 50.00% complete.
t1_sim:[57596. 57980. 60324.] t2_sim:[62625. 62391. 63313.]
Task is 51.00% complete.
t1_sim:[58675. 58498. 60255.] t2_sim:[63232. 62907. 59632.]
Task is 52.00% complete.
t1_sim:[61585. 60781. 61172.] t2_sim:[62750. 63050. 64328.]
Task is 53.00% complete.
t1_sim:[62257. 62004. 63128.] t2_sim:[69254. 67067. 65810.]
Task is 54.00% complete.
t1_sim:[55304. 56173. 57144.] t2_sim:[61570. 61755. 61003.]
Task is 55.00% complete.
t1_sim:[61322. 61504. 60600.] t2_sim:[62711. 62785. 62105.]
Task is 56.00% complete.
t1_sim:[64047. 64188. 63542.] t2_sim:[56643. 56000. 58101.]
Task is 57.00% complete.
t1_sim:[59849. 58426. 56812.] t2_sim:[63961. 62839. 63399.]
Task is 58.00% complete.
t1_sim:[62193. 61929. 62818.] t2_sim:[65224. 65559. 64031.]
Task is 59.00% complete.
t1_sim:[61398. 61997. 61441.] t2_sim:[67260. 66075. 64961.]
Task is 60.00% complete.
t1_sim:[63255. 63593. 65354.] t2_sim:[65946. 63975. 65463.]
Task is 61.00% complete.
t1_sim:[65690. 65692. 61398.] t2_sim:[59037. 58547. 60706.]
Task is 62.00% complete.
t1_sim:[60222. 59729. 60807.] t2_sim:[61117. 61212. 60422.]
Task is 63.00% complete.
t1_sim:[66682. 66488. 68303.] t2_sim:[65695. 66626. 66165.]
Task is 64.00% complete.
t1_sim:[56954. 57983. 59317.] t2_sim:[57524. 58072. 58585.]
Task is 65.00% complete.
t1_sim:[63021. 62170. 63083.] t2_sim:[60943. 60907. 60696.]
Task is 66.00% complete.
t1_sim:[64161. 63941. 63454.] t2_sim:[60016. 61838. 61245.]
Task is 67.00% complete.
t1_sim:[62000. 62094. 62919.] t2_sim:[57189. 57689. 56749.]
Task is 68.00% complete.
t1_sim:[62160. 62641. 62896.] t2_sim:[60332. 59107. 57847.]
Task is 69.00% complete.
t1_sim:[65098. 66560. 64097.] t2_sim:[59112. 58755. 60985.]
Task is 70.00% complete.
t1_sim:[57973. 57761. 59247.] t2_sim:[56117. 55438. 54211.]
Task is 71.00% complete.
t1_sim:[65183. 65170. 62835.] t2_sim:[54659. 56053. 58100.]
Task is 72.00% complete.
t1_sim:[59895. 61016. 60723.] t2_sim:[61854. 59897. 60861.]
Task is 73.00% complete.
t1_sim:[67984. 67920. 64943.] t2_sim:[68011. 67747. 69413.]
Task is 74.00% complete.
t1_sim:[58214. 58145. 58813.] t2_sim:[56002. 57099. 57571.]
Task is 75.00% complete.
t1_sim:[63137. 62818. 63383.] t2_sim:[57010. 56003. 58151.]
Task is 76.00% complete.
t1_sim:[62728. 61684. 64181.] t2_sim:[64554. 64178. 62259.]
Task is 77.00% complete.
t1_sim:[61954. 61958. 60505.] t2_sim:[66768. 65559. 67158.]
Task is 78.00% complete.
t1_sim:[64171. 63098. 63980.] t2_sim:[64200. 64471. 64338.]
Task is 79.00% complete.
t1_sim:[63583. 63242. 59906.] t2_sim:[65848. 67152. 65607.]
Task is 80.00% complete.
t1_sim:[59620. 58309. 57229.] t2_sim:[59467. 59682. 63540.]
Task is 81.00% complete.
t1_sim:[69931. 70062. 71394.] t2_sim:[62597. 62429. 60709.]
Task is 82.00% complete.
t1_sim:[62258. 63568. 63056.] t2_sim:[63367. 62471. 63694.]
Task is 83.00% complete.
t1_sim:[56122. 56252. 60505.] t2_sim:[64555. 65014. 65794.]
Task is 84.00% complete.
t1_sim:[63431. 62911. 64936.] t2_sim:[63999. 65635. 65187.]
Task is 85.00% complete.
t1_sim:[65287. 65308. 69055.] t2_sim:[68886. 68739. 67791.]
Task is 86.00% complete.
t1_sim:[71485. 71820. 72890.] t2_sim:[59223. 59384. 60197.]
Task is 87.00% complete.
t1_sim:[58835. 58075. 59029.] t2_sim:[64478. 63457. 66417.]
Task is 88.00% complete.
t1_sim:[62857. 62167. 60788.] t2_sim:[60260. 60636. 59959.]
Task is 89.00% complete.
t1_sim:[67412. 66642. 65809.] t2_sim:[66021. 65937. 64210.]
Task is 90.00% complete.
t1_sim:[67179. 66433. 68827.] t2_sim:[67746. 69070. 69339.]
Task is 91.00% complete.
t1_sim:[66701. 65981. 65996.] t2_sim:[65709. 66169. 65067.]
Task is 92.00% complete.
t1_sim:[58700. 57568. 58152.] t2_sim:[61225. 61421. 61256.]
Task is 93.00% complete.
t1_sim:[57498. 57109. 58169.] t2_sim:[63888. 64770. 65270.]
Task is 94.00% complete.
t1_sim:[66194. 64878. 64772.] t2_sim:[62230. 62663. 61667.]
Task is 95.00% complete.
t1_sim:[66612. 66780. 62357.] t2_sim:[66410. 65168. 65784.]
Task is 96.00% complete.
t1_sim:[57056. 58251. 59699.] t2_sim:[68737. 68164. 68045.]
Task is 97.00% complete.
t1_sim:[57504. 58075. 56251.] t2_sim:[59538. 58917. 60261.]
Task is 98.00% complete.
t1_sim:[64414. 64513. 64040.] t2_sim:[56279. 56113. 57459.]
Task is 99.00% complete.
t1_sim:[60556. 61233. 62182.] t2_sim:[60715. 61697. 63344.]
Training start
t1_obs:[array(89074.), array(82685.), array(71721.)] t2_obs:[array(100696.), array(93694.), array(85518.)]
corr_G1:[None, None, 0.9874957399242492] corr_G2:[None, None, 0.9283409301209458]
Training end
Task is 0.00% complete.
t1_sim:[64615. 64246. 63800.] t2_sim:[60895. 60340. 57921.]
Task is 1.00% complete.
t1_sim:[61995. 61664. 61948.] t2_sim:[58668. 58951. 56763.]
Task is 2.00% complete.
t1_sim:[61530. 61134. 57950.] t2_sim:[63071. 63515. 61483.]
Task is 3.00% complete.
t1_sim:[64121. 63319. 64298.] t2_sim:[64622. 63883. 62116.]
Task is 4.00% complete.
t1_sim:[60357. 60597. 61278.] t2_sim:[63901. 63808. 61240.]
Task is 5.00% complete.
t1_sim:[59364. 59462. 59727.] t2_sim:[55169. 55055. 53549.]
Task is 6.00% complete.
t1_sim:[62729. 61716. 63303.] t2_sim:[59086. 60165. 57614.]
Task is 7.00% complete.
t1_sim:[66615. 66124. 66333.] t2_sim:[67245. 66613. 64795.]
Task is 8.00% complete.
t1_sim:[61155. 60137. 60806.] t2_sim:[64745. 65241. 62292.]
Task is 9.00% complete.
t1_sim:[59833. 59643. 59259.] t2_sim:[66725. 67228. 64386.]
Task is 10.00% complete.
t1_sim:[59065. 59304. 59435.] t2_sim:[59521. 59172. 59065.]
Task is 11.00% complete.
t1_sim:[62736. 62735. 63188.] t2_sim:[65923. 66643. 64446.]
Task is 12.00% complete.
t1_sim:[62717. 63415. 64463.] t2_sim:[64016. 64158. 60508.]
Task is 13.00% complete.
t1_sim:[61558. 61272. 62396.] t2_sim:[64504. 63169. 60301.]
Task is 14.00% complete.
t1_sim:[62234. 62263. 62966.] t2_sim:[59336. 60518. 58000.]
Task is 15.00% complete.
t1_sim:[67967. 69413. 69113.] t2_sim:[60338. 61835. 58139.]
Task is 16.00% complete.
t1_sim:[58910. 58307. 59105.] t2_sim:[61215. 62447. 60111.]
Task is 17.00% complete.
t1_sim:[60697. 61003. 60975.] t2_sim:[57950. 58841. 56048.]
Task is 18.00% complete.
t1_sim:[65934. 66028. 66935.] t2_sim:[60653. 58642. 58328.]
Task is 19.00% complete.
t1_sim:[60316. 60103. 57955.] t2_sim:[58757. 58823. 55548.]
Task is 20.00% complete.
t1_sim:[56271. 55414. 56634.] t2_sim:[59596. 59608. 58287.]
Task is 21.00% complete.
t1_sim:[60580. 60944. 61752.] t2_sim:[64176. 63315. 61120.]
Task is 22.00% complete.
t1_sim:[61733. 61583. 60927.] t2_sim:[56366. 56330. 53545.]
Task is 23.00% complete.
t1_sim:[64871. 65364. 64310.] t2_sim:[59817. 60589. 58090.]
Task is 24.00% complete.
t1_sim:[64097. 63818. 62599.] t2_sim:[61850. 62077. 59413.]
Task is 25.00% complete.
t1_sim:[62010. 61771. 63690.] t2_sim:[57165. 57920. 57160.]
Task is 26.00% complete.
t1_sim:[64110. 64415. 63807.] t2_sim:[63277. 63503. 61760.]
Task is 27.00% complete.
t1_sim:[60047. 59590. 58675.] t2_sim:[61423. 61094. 59951.]
Task is 28.00% complete.
t1_sim:[64357. 65025. 65186.] t2_sim:[60981. 60121. 58707.]
Task is 29.00% complete.
t1_sim:[59085. 58099. 57223.] t2_sim:[63585. 63909. 61604.]
Task is 30.00% complete.
t1_sim:[66673. 66307. 64742.] t2_sim:[57831. 59753. 56394.]
Task is 31.00% complete.
t1_sim:[62586. 61842. 62601.] t2_sim:[61714. 61371. 58732.]
Task is 32.00% complete.
t1_sim:[65529. 65538. 64425.] t2_sim:[68009. 69396. 66832.]
Task is 33.00% complete.
t1_sim:[63494. 63513. 62239.] t2_sim:[59042. 59755. 59326.]
Task is 34.00% complete.
t1_sim:[56633. 57645. 56955.] t2_sim:[67477. 68298. 66062.]
Task is 35.00% complete.
t1_sim:[61540. 60635. 61438.] t2_sim:[60328. 60670. 59493.]
Task is 36.00% complete.
t1_sim:[62743. 63182. 62154.] t2_sim:[64745. 65397. 62072.]
Task is 37.00% complete.
t1_sim:[61986. 62061. 62330.] t2_sim:[62410. 63038. 62176.]
Task is 38.00% complete.
t1_sim:[57235. 56641. 57441.] t2_sim:[61866. 62905. 60610.]
Task is 39.00% complete.
t1_sim:[56815. 55565. 54846.] t2_sim:[59825. 58481. 55843.]
Task is 40.00% complete.
t1_sim:[68638. 68347. 65543.] t2_sim:[64045. 63614. 62770.]
Task is 41.00% complete.
t1_sim:[61615. 61809. 63247.] t2_sim:[60359. 59293. 57105.]
Task is 42.00% complete.
t1_sim:[56457. 56701. 58421.] t2_sim:[64909. 64820. 62918.]
Task is 43.00% complete.
t1_sim:[67507. 67035. 66334.] t2_sim:[63082. 62473. 60227.]
Task is 44.00% complete.
t1_sim:[62810. 63636. 64806.] t2_sim:[63083. 63538. 61058.]
Task is 45.00% complete.
t1_sim:[61395. 62504. 63619.] t2_sim:[64752. 65338. 62394.]
Task is 46.00% complete.
t1_sim:[62154. 60959. 60789.] t2_sim:[63504. 65264. 62877.]
Task is 47.00% complete.
t1_sim:[62795. 63509. 62451.] t2_sim:[62940. 64133. 63629.]
Task is 48.00% complete.
t1_sim:[58996. 57619. 55494.] t2_sim:[63516. 63957. 61592.]
Task is 49.00% complete.
t1_sim:[59046. 59173. 61068.] t2_sim:[62547. 63310. 61196.]
Task is 50.00% complete.
t1_sim:[67233. 67029. 65396.] t2_sim:[64243. 64666. 61410.]
Task is 51.00% complete.
t1_sim:[62024. 62467. 62932.] t2_sim:[62992. 63293. 60419.]
Task is 52.00% complete.
t1_sim:[65985. 67011. 66809.] t2_sim:[63949. 65058. 63610.]
Task is 53.00% complete.
t1_sim:[58852. 58246. 56834.] t2_sim:[60599. 61341. 57534.]
Task is 54.00% complete.
t1_sim:[60794. 62059. 60305.] t2_sim:[60642. 59450. 57405.]
Task is 55.00% complete.
t1_sim:[63274. 63653. 63251.] t2_sim:[61152. 61128. 59166.]
Task is 56.00% complete.
t1_sim:[65151. 64705. 62904.] t2_sim:[62924. 61899. 59956.]
Task is 57.00% complete.
t1_sim:[60213. 61196. 61460.] t2_sim:[61397. 60956. 59992.]
Task is 58.00% complete.
t1_sim:[55099. 55172. 54884.] t2_sim:[61042. 60991. 57685.]
Task is 59.00% complete.
t1_sim:[64197. 64294. 63268.] t2_sim:[57861. 58050. 56129.]
Task is 60.00% complete.
t1_sim:[63508. 63202. 64087.] t2_sim:[56005. 55863. 53190.]
Task is 61.00% complete.
t1_sim:[63310. 62848. 62901.] t2_sim:[64615. 65772. 63812.]
Task is 62.00% complete.
t1_sim:[61088. 61940. 60246.] t2_sim:[67735. 67963. 65256.]
Task is 63.00% complete.
t1_sim:[63530. 64319. 63459.] t2_sim:[66614. 66483. 64166.]
Task is 64.00% complete.
t1_sim:[63754. 63587. 63897.] t2_sim:[70641. 69805. 69205.]
Task is 65.00% complete.
t1_sim:[69665. 69083. 67338.] t2_sim:[68412. 66924. 64180.]
Task is 66.00% complete.
t1_sim:[65741. 66654. 64951.] t2_sim:[61376. 62290. 61213.]
Task is 67.00% complete.
t1_sim:[60275. 60026. 61509.] t2_sim:[62022. 62251. 59561.]
Task is 68.00% complete.
t1_sim:[58422. 59836. 61075.] t2_sim:[65048. 65670. 64603.]
Task is 69.00% complete.
t1_sim:[68356. 68187. 68848.] t2_sim:[57904. 56970. 55001.]
Task is 70.00% complete.
t1_sim:[60351. 60197. 60979.] t2_sim:[66903. 66329. 64436.]
Task is 71.00% complete.
t1_sim:[56471. 55701. 56501.] t2_sim:[61036. 61574. 60194.]
Task is 72.00% complete.
t1_sim:[62182. 62543. 61824.] t2_sim:[56273. 56185. 54914.]
Task is 73.00% complete.
t1_sim:[68768. 69517. 68431.] t2_sim:[64645. 64746. 63646.]
Task is 74.00% complete.
t1_sim:[63489. 62205. 61402.] t2_sim:[63665. 64536. 62134.]
Task is 75.00% complete.
t1_sim:[62404. 63018. 63636.] t2_sim:[64771. 63214. 60625.]
Task is 76.00% complete.
t1_sim:[65466. 66325. 65576.] t2_sim:[63113. 63908. 61249.]
Task is 77.00% complete.
t1_sim:[63153. 63539. 63267.] t2_sim:[63319. 62347. 59663.]
Task is 78.00% complete.
t1_sim:[62508. 61920. 62220.] t2_sim:[60419. 62317. 59104.]
Task is 79.00% complete.
t1_sim:[64782. 64468. 63124.] t2_sim:[62150. 61506. 59003.]
Task is 80.00% complete.
t1_sim:[60644. 61450. 61544.] t2_sim:[63573. 62262. 60100.]
Task is 81.00% complete.
t1_sim:[64646. 64705. 63920.] t2_sim:[66362. 66526. 65194.]
Task is 82.00% complete.
t1_sim:[61960. 61873. 61521.] t2_sim:[59443. 58069. 56109.]
Task is 83.00% complete.
t1_sim:[59262. 60565. 61821.] t2_sim:[60867. 62775. 60038.]
Task is 84.00% complete.
t1_sim:[58081. 57920. 57829.] t2_sim:[61768. 61333. 59430.]
Task is 85.00% complete.
t1_sim:[62099. 62178. 60568.] t2_sim:[62108. 62202. 60064.]
Task is 86.00% complete.
t1_sim:[64139. 64984. 64739.] t2_sim:[62352. 62029. 59287.]
Task is 87.00% complete.
t1_sim:[58693. 59441. 60515.] t2_sim:[59309. 59380. 57598.]
Task is 88.00% complete.
t1_sim:[66045. 65480. 64336.] t2_sim:[63125. 63610. 60504.]
Task is 89.00% complete.
t1_sim:[59393. 59878. 59268.] t2_sim:[55392. 55895. 53814.]
Task is 90.00% complete.
t1_sim:[59086. 60436. 62038.] t2_sim:[67750. 67627. 65845.]
Task is 91.00% complete.
t1_sim:[63429. 63147. 63272.] t2_sim:[61326. 60871. 60129.]
Task is 92.00% complete.
t1_sim:[66786. 66728. 64727.] t2_sim:[60371. 59935. 58549.]
Task is 93.00% complete.
t1_sim:[67786. 66913. 67312.] t2_sim:[71575. 71741. 69098.]
Task is 94.00% complete.
t1_sim:[62502. 62683. 61393.] t2_sim:[57157. 57731. 56709.]
Task is 95.00% complete.
t1_sim:[58723. 58812. 58585.] t2_sim:[65617. 65499. 63682.]
Task is 96.00% complete.
t1_sim:[66370. 66503. 65597.] t2_sim:[64260. 64668. 63357.]
Task is 97.00% complete.
t1_sim:[58255. 57087. 56226.] t2_sim:[58810. 59042. 57848.]
Task is 98.00% complete.
t1_sim:[65575. 66187. 65387.] t2_sim:[61375. 61945. 59601.]
Task is 99.00% complete.
t1_sim:[60238. 58649. 58679.] t2_sim:[61602. 61848. 59797.]
Training start
t1_obs:[array(89074.), array(82685.), array(67870.)] t2_obs:[array(100696.), array(93694.), array(79765.)]
corr_G1:[None, None, 0.14241973738439892] corr_G2:[None, None, 0.4708798419846746]
Training end
Task is 0.00% complete.
t1_sim:[65559. 64775. 62772.] t2_sim:[56541. 56508. 56357.]
Task is 1.00% complete.
t1_sim:[65036. 64138. 62270.] t2_sim:[61469. 62290. 62449.]
Task is 2.00% complete.
t1_sim:[64115. 63846. 61553.] t2_sim:[55818. 56482. 54474.]
Task is 3.00% complete.
t1_sim:[60290. 59497. 58502.] t2_sim:[62476. 60872. 57210.]
Task is 4.00% complete.
t1_sim:[67784. 67182. 64025.] t2_sim:[61897. 62308. 61440.]
Task is 5.00% complete.
t1_sim:[56053. 56006. 57289.] t2_sim:[64634. 64559. 63779.]
Task is 6.00% complete.
t1_sim:[58652. 58855. 57963.] t2_sim:[65130. 64931. 59385.]
Task is 7.00% complete.
t1_sim:[59908. 60664. 59838.] t2_sim:[56896. 57684. 57974.]
Task is 8.00% complete.
t1_sim:[60849. 59470. 58465.] t2_sim:[63159. 62681. 62066.]
Task is 9.00% complete.
t1_sim:[63694. 63801. 59993.] t2_sim:[63939. 64119. 63290.]
Task is 10.00% complete.
t1_sim:[70146. 70701. 66858.] t2_sim:[62301. 61852. 62250.]
Task is 11.00% complete.
t1_sim:[61088. 61959. 62464.] t2_sim:[61737. 61807. 59202.]
Task is 12.00% complete.
t1_sim:[57374. 56712. 56056.] t2_sim:[65722. 64768. 62559.]
Task is 13.00% complete.
t1_sim:[62687. 63655. 64956.] t2_sim:[66367. 66190. 65386.]
Task is 14.00% complete.
t1_sim:[61722. 61854. 60377.] t2_sim:[61286. 61930. 61589.]
Task is 15.00% complete.
t1_sim:[61675. 61877. 60366.] t2_sim:[54221. 55629. 55260.]
Task is 16.00% complete.
t1_sim:[61646. 61751. 60434.] t2_sim:[64310. 64550. 66324.]
Task is 17.00% complete.
t1_sim:[61962. 62198. 60779.] t2_sim:[63291. 63671. 60223.]
Task is 18.00% complete.
t1_sim:[62075. 62359. 60828.] t2_sim:[62767. 63014. 63507.]
Task is 19.00% complete.
t1_sim:[59108. 58749. 56345.] t2_sim:[59609. 59452. 57245.]
Task is 20.00% complete.
t1_sim:[65248. 65669. 63160.] t2_sim:[60963. 60728. 61265.]
Task is 21.00% complete.
t1_sim:[66538. 66121. 62262.] t2_sim:[62690. 63508. 60588.]
Task is 22.00% complete.
t1_sim:[60801. 60992. 60095.] t2_sim:[60958. 60086. 58583.]
Task is 23.00% complete.
t1_sim:[68126. 67829. 67599.] t2_sim:[66853. 66082. 63447.]
Task is 24.00% complete.
t1_sim:[66021. 65471. 65061.] t2_sim:[59313. 59166. 56370.]
Task is 25.00% complete.
t1_sim:[56419. 56841. 53464.] t2_sim:[69003. 68338. 65522.]
Task is 26.00% complete.
t1_sim:[63446. 63315. 61782.] t2_sim:[65438. 64669. 65435.]
Task is 27.00% complete.
t1_sim:[67995. 68779. 64731.] t2_sim:[65415. 66144. 64741.]
Task is 28.00% complete.
t1_sim:[57832. 57360. 57637.] t2_sim:[67562. 65480. 64708.]
Task is 29.00% complete.
t1_sim:[63972. 63659. 62873.] t2_sim:[60886. 62250. 62351.]
Task is 30.00% complete.
t1_sim:[61475. 62271. 63154.] t2_sim:[57891. 59212. 57899.]
Task is 31.00% complete.
t1_sim:[64232. 65104. 63576.] t2_sim:[67643. 67903. 67577.]
Task is 32.00% complete.
t1_sim:[59787. 58909. 58645.] t2_sim:[58440. 59112. 58425.]
Task is 33.00% complete.
t1_sim:[59269. 60408. 60452.] t2_sim:[61798. 61410. 59270.]
Task is 34.00% complete.
t1_sim:[66252. 65232. 63609.] t2_sim:[58591. 58443. 59562.]
Task is 35.00% complete.
t1_sim:[60493. 61262. 62574.] t2_sim:[60709. 61435. 61652.]
Task is 36.00% complete.
t1_sim:[59002. 59984. 58577.] t2_sim:[55803. 57244. 58172.]
Task is 37.00% complete.
t1_sim:[60669. 60464. 61044.] t2_sim:[60518. 60268. 60900.]
Task is 38.00% complete.
t1_sim:[58410. 58300. 57424.] t2_sim:[63134. 62944. 62073.]
Task is 39.00% complete.
t1_sim:[62455. 63016. 63117.] t2_sim:[66900. 66988. 63537.]
Task is 40.00% complete.
t1_sim:[64768. 64071. 63105.] t2_sim:[59300. 58900. 57731.]
Task is 41.00% complete.
t1_sim:[64136. 65076. 62531.] t2_sim:[62400. 61779. 61460.]
Task is 42.00% complete.
t1_sim:[61273. 61754. 59893.] t2_sim:[61560. 60712. 58656.]
Task is 43.00% complete.
t1_sim:[58531. 58720. 59299.] t2_sim:[58836. 58537. 57957.]
Task is 44.00% complete.
t1_sim:[60671. 60441. 59020.] t2_sim:[59951. 60555. 61133.]
Task is 45.00% complete.
t1_sim:[65744. 65998. 62745.] t2_sim:[64203. 63924. 62804.]
Task is 46.00% complete.
t1_sim:[64177. 64542. 63143.] t2_sim:[61306. 60954. 59554.]
Task is 47.00% complete.
t1_sim:[65173. 64741. 61107.] t2_sim:[59154. 60519. 58552.]
Task is 48.00% complete.
t1_sim:[61058. 61124. 60789.] t2_sim:[58838. 59698. 59858.]
Task is 49.00% complete.
t1_sim:[63761. 63198. 60573.] t2_sim:[68988. 66805. 66631.]
Task is 50.00% complete.
t1_sim:[65619. 65900. 63160.] t2_sim:[57097. 56759. 58578.]
Task is 51.00% complete.
t1_sim:[61343. 61310. 62505.] t2_sim:[63923. 63619. 61539.]
Task is 52.00% complete.
t1_sim:[60010. 60116. 58998.] t2_sim:[67113. 66916. 65816.]
Task is 53.00% complete.
t1_sim:[63428. 64016. 63561.] t2_sim:[60364. 60409. 57845.]
Task is 54.00% complete.
t1_sim:[61945. 61141. 59165.] t2_sim:[58874. 58800. 57688.]
Task is 55.00% complete.
t1_sim:[59898. 60868. 60836.] t2_sim:[63526. 63296. 65243.]
Task is 56.00% complete.
t1_sim:[54909. 55621. 56392.] t2_sim:[69278. 69234. 67437.]
Task is 57.00% complete.
t1_sim:[62604. 61149. 60656.] t2_sim:[61253. 61686. 61518.]
Task is 58.00% complete.
t1_sim:[57731. 57784. 56737.] t2_sim:[60795. 60516. 60177.]
Task is 59.00% complete.
t1_sim:[56274. 56369. 56535.] t2_sim:[58437. 59545. 59618.]
Task is 60.00% complete.
t1_sim:[57316. 57858. 56902.] t2_sim:[67184. 67956. 64414.]
Task is 61.00% complete.
t1_sim:[62600. 61689. 58286.] t2_sim:[65490. 65459. 65624.]
Task is 62.00% complete.
t1_sim:[69296. 68738. 67549.] t2_sim:[60377. 61528. 57230.]
Task is 63.00% complete.
t1_sim:[62032. 60978. 60529.] t2_sim:[65371. 65364. 63075.]
Task is 64.00% complete.
t1_sim:[60096. 59775. 60657.] t2_sim:[63487. 63584. 63365.]
Task is 65.00% complete.
t1_sim:[64052. 64403. 62550.] t2_sim:[59571. 58975. 59930.]
Task is 66.00% complete.
t1_sim:[59416. 58169. 56278.] t2_sim:[69604. 69561. 69711.]
Task is 67.00% complete.
t1_sim:[63134. 63126. 62736.] t2_sim:[61606. 61743. 57842.]
Task is 68.00% complete.
t1_sim:[60281. 58782. 55747.] t2_sim:[64234. 64096. 61490.]
Task is 69.00% complete.
t1_sim:[65442. 65250. 62053.] t2_sim:[65271. 64683. 63929.]
Task is 70.00% complete.
t1_sim:[62505. 62325. 60723.] t2_sim:[63721. 62990. 61915.]
Task is 71.00% complete.
t1_sim:[65599. 64971. 65645.] t2_sim:[66032. 64955. 63431.]
Task is 72.00% complete.
t1_sim:[62226. 61481. 60427.] t2_sim:[56697. 56858. 56918.]
Task is 73.00% complete.
t1_sim:[68711. 68441. 66657.] t2_sim:[65820. 65337. 66967.]
Task is 74.00% complete.
t1_sim:[68493. 68888. 66870.] t2_sim:[65217. 64981. 63847.]
Task is 75.00% complete.
t1_sim:[65036. 63620. 63284.] t2_sim:[62122. 62753. 60133.]
Task is 76.00% complete.
t1_sim:[62253. 61848. 59524.] t2_sim:[67471. 67294. 64836.]
Task is 77.00% complete.
t1_sim:[63942. 63618. 61075.] t2_sim:[64665. 64550. 63200.]
Task is 78.00% complete.
t1_sim:[61665. 62462. 63402.] t2_sim:[62024. 61427. 60423.]
Task is 79.00% complete.
t1_sim:[64911. 64635. 63390.] t2_sim:[59835. 59237. 59519.]
Task is 80.00% complete.
t1_sim:[58383. 59008. 54300.] t2_sim:[63357. 64751. 63846.]
Task is 81.00% complete.
t1_sim:[65444. 65908. 62168.] t2_sim:[64844. 64846. 63781.]
Task is 82.00% complete.
t1_sim:[70915. 69549. 68264.] t2_sim:[61461. 62127. 62018.]
Task is 83.00% complete.
t1_sim:[59207. 60009. 59667.] t2_sim:[63825. 60820. 58659.]
Task is 84.00% complete.
t1_sim:[62681. 62500. 60056.] t2_sim:[64932. 65522. 62637.]
Task is 85.00% complete.
t1_sim:[61272. 61406. 60190.] t2_sim:[60281. 61509. 59301.]
Task is 86.00% complete.
t1_sim:[61239. 63282. 63896.] t2_sim:[60944. 60605. 59577.]
Task is 87.00% complete.
t1_sim:[53126. 53377. 50601.] t2_sim:[59387. 58695. 56938.]
Task is 88.00% complete.
t1_sim:[67309. 66762. 66460.] t2_sim:[60145. 59332. 60436.]
Task is 89.00% complete.
t1_sim:[63437. 63487. 59789.] t2_sim:[63360. 63374. 61460.]
Task is 90.00% complete.
t1_sim:[64808. 63451. 60407.] t2_sim:[67736. 66965. 65951.]
Task is 91.00% complete.
t1_sim:[61211. 61304. 57375.] t2_sim:[62169. 61717. 62892.]
Task is 92.00% complete.
t1_sim:[56495. 56868. 54732.] t2_sim:[60306. 61471. 60474.]
Task is 93.00% complete.
t1_sim:[66901. 65972. 63728.] t2_sim:[65846. 66286. 67649.]
Task is 94.00% complete.
t1_sim:[67111. 67612. 63891.] t2_sim:[67070. 66777. 66264.]
Task is 95.00% complete.
t1_sim:[61677. 59852. 58576.] t2_sim:[61260. 62169. 60956.]
Task is 96.00% complete.
t1_sim:[65655. 65204. 62760.] t2_sim:[63104. 63331. 62984.]
Task is 97.00% complete.
t1_sim:[61506. 61508. 61116.] t2_sim:[62229. 63250. 60716.]
Task is 98.00% complete.
t1_sim:[63533. 64172. 63412.] t2_sim:[58915. 58467. 59277.]
Task is 99.00% complete.
t1_sim:[64770. 64208. 63733.] t2_sim:[63367. 63269. 60217.]
Finished
