Begin
Training start
t1_obs:[array(89378.), array(65909.), array(67201.)] t2_obs:[array(84724.), array(64251.), array(60467.)]
corr_G1:[None, None, 0] corr_G2:[None, None, 0]
Training end
Task is 0.00% complete.
t1_sim:[55067. 57898. 58336.] t2_sim:[58792. 60639. 59686.]
Task is 1.00% complete.
t1_sim:[64008. 67618. 65021.] t2_sim:[61987. 60623. 61235.]
Task is 2.00% complete.
t1_sim:[62793. 63992. 62586.] t2_sim:[64514. 63808. 62675.]
Task is 3.00% complete.
t1_sim:[62251. 63625. 61460.] t2_sim:[60339. 61671. 64727.]
Task is 4.00% complete.
t1_sim:[60783. 59387. 60276.] t2_sim:[62421. 64041. 66913.]
Task is 5.00% complete.
t1_sim:[63376. 64079. 65492.] t2_sim:[60940. 60343. 64885.]
Task is 6.00% complete.
t1_sim:[58134. 59226. 59538.] t2_sim:[57544. 58586. 60577.]
Task is 7.00% complete.
t1_sim:[60765. 60748. 61399.] t2_sim:[61052. 61844. 60250.]
Task is 8.00% complete.
t1_sim:[64270. 61566. 62824.] t2_sim:[61307. 63478. 66237.]
Task is 9.00% complete.
t1_sim:[60361. 60558. 60723.] t2_sim:[64625. 66050. 68951.]
Task is 10.00% complete.
t1_sim:[67686. 66588. 69896.] t2_sim:[60488. 60881. 57849.]
Task is 11.00% complete.
t1_sim:[65171. 67238. 63966.] t2_sim:[63742. 64175. 61476.]
Task is 12.00% complete.
t1_sim:[60554. 57711. 60529.] t2_sim:[61920. 62348. 62917.]
Task is 13.00% complete.
t1_sim:[56684. 56358. 56808.] t2_sim:[68773. 67952. 66136.]
Task is 14.00% complete.
t1_sim:[59602. 58460. 58923.] t2_sim:[63062. 64668. 65275.]
Task is 15.00% complete.
t1_sim:[61994. 64509. 65471.] t2_sim:[61056. 62687. 62996.]
Task is 16.00% complete.
t1_sim:[67315. 67773. 66679.] t2_sim:[63617. 63527. 65192.]
Task is 17.00% complete.
t1_sim:[61528. 63711. 65163.] t2_sim:[63027. 63071. 63165.]
Task is 18.00% complete.
t1_sim:[62984. 64632. 61799.] t2_sim:[59790. 59289. 57859.]
Task is 19.00% complete.
t1_sim:[65317. 66477. 63893.] t2_sim:[66667. 65483. 64526.]
Task is 20.00% complete.
t1_sim:[63384. 65184. 65388.] t2_sim:[61787. 59642. 61558.]
Task is 21.00% complete.
t1_sim:[65689. 65407. 69079.] t2_sim:[60935. 61040. 66259.]
Task is 22.00% complete.
t1_sim:[63525. 63694. 58764.] t2_sim:[62711. 63858. 63353.]
Task is 23.00% complete.
t1_sim:[68472. 69104. 67679.] t2_sim:[65441. 66970. 65001.]
Task is 24.00% complete.
t1_sim:[60005. 60890. 59063.] t2_sim:[62119. 63926. 63651.]
Task is 25.00% complete.
t1_sim:[67765. 68363. 67913.] t2_sim:[63701. 64416. 63733.]
Task is 26.00% complete.
t1_sim:[68125. 68523. 65011.] t2_sim:[61616. 59721. 59349.]
Task is 27.00% complete.
t1_sim:[61323. 59223. 58360.] t2_sim:[63295. 62589. 64097.]
Task is 28.00% complete.
t1_sim:[61061. 61760. 65432.] t2_sim:[60316. 58210. 59980.]
Task is 29.00% complete.
t1_sim:[72449. 71678. 68812.] t2_sim:[64787. 66244. 65787.]
Task is 30.00% complete.
t1_sim:[66091. 65871. 64089.] t2_sim:[63366. 63578. 63117.]
Task is 31.00% complete.
t1_sim:[60027. 59954. 57386.] t2_sim:[56453. 58698. 57974.]
Task is 32.00% complete.
t1_sim:[65210. 65243. 64823.] t2_sim:[62293. 62411. 63155.]
Task is 33.00% complete.
t1_sim:[66931. 65946. 65824.] t2_sim:[66099. 65471. 62511.]
Task is 34.00% complete.
t1_sim:[57886. 55972. 58929.] t2_sim:[58119. 58410. 59840.]
Task is 35.00% complete.
t1_sim:[60266. 61573. 59465.] t2_sim:[63790. 64178. 61494.]
Task is 36.00% complete.
t1_sim:[61839. 60168. 61488.] t2_sim:[60797. 61700. 60233.]
Task is 37.00% complete.
t1_sim:[61430. 61621. 62047.] t2_sim:[60906. 62826. 63137.]
Task is 38.00% complete.
t1_sim:[65585. 64055. 65754.] t2_sim:[67417. 64414. 60892.]
Task is 39.00% complete.
t1_sim:[66262. 65375. 65434.] t2_sim:[67377. 67472. 67541.]
Task is 40.00% complete.
t1_sim:[57862. 57505. 60751.] t2_sim:[60489. 60608. 62245.]
Task is 41.00% complete.
t1_sim:[61699. 62874. 59951.] t2_sim:[63701. 63984. 62964.]
Task is 42.00% complete.
t1_sim:[62223. 62187. 60301.] t2_sim:[53325. 54830. 55320.]
Task is 43.00% complete.
t1_sim:[64619. 63688. 63954.] t2_sim:[57785. 56753. 59832.]
Task is 44.00% complete.
t1_sim:[61003. 61548. 61755.] t2_sim:[58683. 58956. 58839.]
Task is 45.00% complete.
t1_sim:[66364. 67099. 70088.] t2_sim:[56571. 57617. 61678.]
Task is 46.00% complete.
t1_sim:[62524. 64562. 61014.] t2_sim:[64071. 65151. 65152.]
Task is 47.00% complete.
t1_sim:[59902. 59297. 63294.] t2_sim:[60200. 60792. 62497.]
Task is 48.00% complete.
t1_sim:[60583. 57946. 60805.] t2_sim:[61955. 61808. 59632.]
Task is 49.00% complete.
t1_sim:[64989. 66001. 65699.] t2_sim:[64515. 62823. 63815.]
Task is 50.00% complete.
t1_sim:[60913. 62228. 64109.] t2_sim:[64674. 65429. 63274.]
Task is 51.00% complete.
t1_sim:[60808. 61226. 60404.] t2_sim:[67142. 66911. 62534.]
Task is 52.00% complete.
t1_sim:[64972. 64079. 65257.] t2_sim:[60757. 62387. 62845.]
Task is 53.00% complete.
t1_sim:[65867. 64143. 63177.] t2_sim:[60096. 59726. 60921.]
Task is 54.00% complete.
t1_sim:[55871. 57343. 60040.] t2_sim:[63097. 64247. 63272.]
Task is 55.00% complete.
t1_sim:[58454. 59463. 63358.] t2_sim:[67898. 66951. 67879.]
Task is 56.00% complete.
t1_sim:[66320. 66583. 64862.] t2_sim:[62748. 63520. 63021.]
Task is 57.00% complete.
t1_sim:[58719. 59719. 56311.] t2_sim:[62487. 62715. 62655.]
Task is 58.00% complete.
t1_sim:[62603. 61885. 58019.] t2_sim:[68062. 69099. 68761.]
Task is 59.00% complete.
t1_sim:[64736. 64038. 63451.] t2_sim:[64212. 62980. 65930.]
Task is 60.00% complete.
t1_sim:[61533. 60959. 64066.] t2_sim:[63776. 64382. 65581.]
Task is 61.00% complete.
t1_sim:[62595. 63483. 58505.] t2_sim:[63856. 64845. 64332.]
Task is 62.00% complete.
t1_sim:[65589. 67253. 63410.] t2_sim:[66143. 65161. 63040.]
Task is 63.00% complete.
t1_sim:[61747. 64066. 66029.] t2_sim:[63381. 65321. 64587.]
Task is 64.00% complete.
t1_sim:[60298. 60729. 61365.] t2_sim:[62844. 62000. 62936.]
Task is 65.00% complete.
t1_sim:[66187. 64688. 64780.] t2_sim:[60932. 60671. 58787.]
Task is 66.00% complete.
t1_sim:[66834. 66537. 68475.] t2_sim:[65668. 66097. 65796.]
Task is 67.00% complete.
t1_sim:[65759. 66697. 68152.] t2_sim:[66411. 66107. 62819.]
Task is 68.00% complete.
t1_sim:[61361. 61678. 66476.] t2_sim:[58534. 59303. 58620.]
Task is 69.00% complete.
t1_sim:[69118. 68018. 69523.] t2_sim:[62745. 63276. 61628.]
Task is 70.00% complete.
t1_sim:[65097. 63244. 64135.] t2_sim:[58653. 59233. 59947.]
Task is 71.00% complete.
t1_sim:[60287. 60290. 57686.] t2_sim:[60433. 59689. 59901.]
Task is 72.00% complete.
t1_sim:[63023. 63811. 60798.] t2_sim:[61190. 63760. 60502.]
Task is 73.00% complete.
t1_sim:[57252. 56720. 56096.] t2_sim:[57973. 58676. 58688.]
Task is 74.00% complete.
t1_sim:[60897. 60509. 61816.] t2_sim:[67172. 67122. 68586.]
Task is 75.00% complete.
t1_sim:[62724. 63675. 64982.] t2_sim:[62256. 61718. 64975.]
Task is 76.00% complete.
t1_sim:[65644. 66396. 63951.] t2_sim:[59262. 59980. 58149.]
Task is 77.00% complete.
t1_sim:[63087. 63407. 63730.] t2_sim:[65716. 64478. 64307.]
Task is 78.00% complete.
t1_sim:[60828. 62113. 63754.] t2_sim:[59846. 60213. 60197.]
Task is 79.00% complete.
t1_sim:[69012. 69513. 67980.] t2_sim:[64093. 64843. 62821.]
Task is 80.00% complete.
t1_sim:[65589. 64187. 59120.] t2_sim:[65955. 66070. 67020.]
Task is 81.00% complete.
t1_sim:[61082. 63676. 60572.] t2_sim:[64008. 63744. 63947.]
Task is 82.00% complete.
t1_sim:[68021. 65973. 67557.] t2_sim:[61148. 61652. 62660.]
Task is 83.00% complete.
t1_sim:[60744. 60761. 62163.] t2_sim:[63135. 63789. 62998.]
Task is 84.00% complete.
t1_sim:[59747. 60050. 59807.] t2_sim:[58807. 59961. 62004.]
Task is 85.00% complete.
t1_sim:[60799. 60739. 58244.] t2_sim:[66241. 66133. 67921.]
Task is 86.00% complete.
t1_sim:[67424. 67551. 67594.] t2_sim:[63409. 62893. 64648.]
Task is 87.00% complete.
t1_sim:[54519. 57135. 59175.] t2_sim:[62295. 60238. 63323.]
Task is 88.00% complete.
t1_sim:[61770. 62458. 62860.] t2_sim:[60577. 62023. 64186.]
Task is 89.00% complete.
t1_sim:[64161. 61824. 61137.] t2_sim:[62942. 61219. 59243.]
Task is 90.00% complete.
t1_sim:[57876. 60444. 61511.] t2_sim:[64952. 61865. 62257.]
Task is 91.00% complete.
t1_sim:[65666. 65349. 63501.] t2_sim:[66111. 64157. 66720.]
Task is 92.00% complete.
t1_sim:[60097. 59814. 60583.] t2_sim:[59213. 59055. 61819.]
Task is 93.00% complete.
t1_sim:[65565. 64910. 66517.] t2_sim:[60393. 58688. 62027.]
Task is 94.00% complete.
t1_sim:[67201. 62822. 65674.] t2_sim:[64740. 65777. 62953.]
Task is 95.00% complete.
t1_sim:[61773. 62136. 61018.] t2_sim:[66473. 65920. 64950.]
Task is 96.00% complete.
t1_sim:[60361. 62616. 61144.] t2_sim:[64889. 63320. 60799.]
Task is 97.00% complete.
t1_sim:[65497. 65820. 67490.] t2_sim:[54465. 55082. 55861.]
Task is 98.00% complete.
t1_sim:[63370. 64080. 63405.] t2_sim:[54422. 57795. 59558.]
Task is 99.00% complete.
t1_sim:[63542. 65354. 64238.] t2_sim:[65461. 63443. 63225.]
Training start
t1_obs:[array(89378.), array(65909.), array(64279.)] t2_obs:[array(84724.), array(64251.), array(59948.)]
corr_G1:[None, None, 0.9497248070801055] corr_G2:[None, None, 0.9970981797997104]
Training end
Task is 0.00% complete.
t1_sim:[65863. 65658. 66468.] t2_sim:[60237. 59193. 61052.]
Task is 1.00% complete.
t1_sim:[69629. 70510. 70986.] t2_sim:[62880. 62962. 67075.]
Task is 2.00% complete.
t1_sim:[63444. 63691. 61549.] t2_sim:[60369. 61170. 65190.]
Task is 3.00% complete.
t1_sim:[61592. 58718. 60347.] t2_sim:[63653. 63009. 64009.]
Task is 4.00% complete.
t1_sim:[58601. 59176. 62766.] t2_sim:[68615. 68219. 68099.]
Task is 5.00% complete.
t1_sim:[68524. 68992. 70909.] t2_sim:[64525. 65256. 64611.]
Task is 6.00% complete.
t1_sim:[63496. 62448. 61374.] t2_sim:[62413. 62298. 63903.]
Task is 7.00% complete.
t1_sim:[65268. 64834. 65716.] t2_sim:[64779. 63378. 64944.]
Task is 8.00% complete.
t1_sim:[62987. 62928. 65312.] t2_sim:[64900. 62218. 61550.]
Task is 9.00% complete.
t1_sim:[59575. 59979. 62020.] t2_sim:[59623. 59597. 61695.]
Task is 10.00% complete.
t1_sim:[67242. 67419. 66041.] t2_sim:[68485. 68132. 70168.]
Task is 11.00% complete.
t1_sim:[60276. 59139. 57234.] t2_sim:[60601. 62251. 63438.]
Task is 12.00% complete.
t1_sim:[65295. 64862. 66458.] t2_sim:[61838. 59894. 61531.]
Task is 13.00% complete.
t1_sim:[66008. 65690. 66997.] t2_sim:[62744. 61729. 62957.]
Task is 14.00% complete.
t1_sim:[62751. 60853. 63031.] t2_sim:[61033. 62032. 64256.]
Task is 15.00% complete.
t1_sim:[61521. 60582. 61737.] t2_sim:[65296. 63885. 64093.]
Task is 16.00% complete.
t1_sim:[60919. 59528. 59323.] t2_sim:[67389. 67650. 66534.]
Task is 17.00% complete.
t1_sim:[62925. 65317. 67332.] t2_sim:[63250. 63276. 61992.]
Task is 18.00% complete.
t1_sim:[62346. 61863. 65973.] t2_sim:[58418. 56839. 59438.]
Task is 19.00% complete.
t1_sim:[61712. 62954. 66068.] t2_sim:[62511. 61896. 62974.]
Task is 20.00% complete.
t1_sim:[59400. 60260. 58442.] t2_sim:[65616. 64087. 65018.]
Task is 21.00% complete.
t1_sim:[63608. 62454. 65347.] t2_sim:[62386. 62474. 63126.]
Task is 22.00% complete.
t1_sim:[65567. 64289. 66244.] t2_sim:[63291. 62332. 64706.]
Task is 23.00% complete.
t1_sim:[69221. 68724. 70507.] t2_sim:[68149. 67045. 65964.]
Task is 24.00% complete.
t1_sim:[62416. 60391. 60417.] t2_sim:[61807. 63002. 63886.]
Task is 25.00% complete.
t1_sim:[68414. 68133. 68717.] t2_sim:[67828. 68993. 69447.]
Task is 26.00% complete.
t1_sim:[59502. 58233. 60862.] t2_sim:[61737. 61037. 62619.]
Task is 27.00% complete.
t1_sim:[62580. 62591. 65454.] t2_sim:[56409. 59878. 61924.]
Task is 28.00% complete.
t1_sim:[61074. 60894. 60459.] t2_sim:[62916. 62628. 60476.]
Task is 29.00% complete.
t1_sim:[60677. 61688. 61872.] t2_sim:[64760. 63808. 65304.]
Task is 30.00% complete.
t1_sim:[56907. 59070. 61789.] t2_sim:[62143. 62613. 62494.]
Task is 31.00% complete.
t1_sim:[59749. 60206. 61995.] t2_sim:[62295. 62315. 62488.]
Task is 32.00% complete.
t1_sim:[63689. 63482. 63136.] t2_sim:[65233. 64670. 65891.]
Task is 33.00% complete.
t1_sim:[63602. 63525. 65733.] t2_sim:[61860. 62116. 63901.]
Task is 34.00% complete.
t1_sim:[59740. 58402. 59227.] t2_sim:[69059. 67837. 68081.]
Task is 35.00% complete.
t1_sim:[59708. 61043. 61815.] t2_sim:[61899. 63765. 64899.]
Task is 36.00% complete.
t1_sim:[63550. 62826. 64200.] t2_sim:[62114. 61159. 60930.]
Task is 37.00% complete.
t1_sim:[62663. 63641. 63699.] t2_sim:[63898. 65118. 65380.]
Task is 38.00% complete.
t1_sim:[70145. 70824. 70353.] t2_sim:[67615. 64569. 64401.]
Task is 39.00% complete.
t1_sim:[66203. 67117. 68249.] t2_sim:[62043. 60198. 61910.]
Task is 40.00% complete.
t1_sim:[69444. 69995. 70015.] t2_sim:[63524. 63345. 64116.]
Task is 41.00% complete.
t1_sim:[64125. 64830. 63216.] t2_sim:[60368. 58746. 60734.]
Task is 42.00% complete.
t1_sim:[67618. 68497. 69391.] t2_sim:[63758. 63822. 64291.]
Task is 43.00% complete.
t1_sim:[66070. 63668. 62248.] t2_sim:[58262. 57463. 60266.]
Task is 44.00% complete.
t1_sim:[62744. 63383. 63807.] t2_sim:[64926. 64768. 65236.]
Task is 45.00% complete.
t1_sim:[61223. 59798. 63751.] t2_sim:[58886. 59158. 59434.]
Task is 46.00% complete.
t1_sim:[61063. 60944. 63089.] t2_sim:[63780. 61606. 64168.]
Task is 47.00% complete.
t1_sim:[63846. 63687. 66303.] t2_sim:[65584. 66477. 67117.]
Task is 48.00% complete.
t1_sim:[61986. 59867. 61870.] t2_sim:[64331. 65678. 67404.]
Task is 49.00% complete.
t1_sim:[64848. 65034. 64965.] t2_sim:[65080. 62846. 63663.]
Task is 50.00% complete.
t1_sim:[66511. 65186. 65551.] t2_sim:[58460. 57945. 57082.]
Task is 51.00% complete.
t1_sim:[63443. 61980. 64941.] t2_sim:[59017. 59505. 60011.]
Task is 52.00% complete.
t1_sim:[60918. 59711. 60106.] t2_sim:[61781. 60400. 62233.]
Task is 53.00% complete.
t1_sim:[64819. 63417. 63019.] t2_sim:[63476. 62788. 65383.]
Task is 54.00% complete.
t1_sim:[60214. 62004. 62040.] t2_sim:[68447. 66009. 67554.]
Task is 55.00% complete.
t1_sim:[54988. 55985. 55422.] t2_sim:[69261. 69763. 69086.]
Task is 56.00% complete.
t1_sim:[65789. 65758. 66170.] t2_sim:[65133. 66245. 65365.]
Task is 57.00% complete.
t1_sim:[61370. 60778. 61570.] t2_sim:[64615. 61990. 64985.]
Task is 58.00% complete.
t1_sim:[61372. 62575. 64184.] t2_sim:[58658. 58989. 59962.]
Task is 59.00% complete.
t1_sim:[60747. 61895. 62022.] t2_sim:[58203. 58770. 61455.]
Task is 60.00% complete.
t1_sim:[62071. 61796. 62675.] t2_sim:[57245. 57467. 59757.]
Task is 61.00% complete.
t1_sim:[67220. 67512. 69015.] t2_sim:[61702. 62711. 64206.]
Task is 62.00% complete.
t1_sim:[65730. 65416. 67451.] t2_sim:[66109. 65698. 67977.]
Task is 63.00% complete.
t1_sim:[59501. 59462. 60016.] t2_sim:[64700. 62967. 62760.]
Task is 64.00% complete.
t1_sim:[65122. 64932. 63143.] t2_sim:[67211. 66661. 65788.]
Task is 65.00% complete.
t1_sim:[61944. 62287. 63756.] t2_sim:[63604. 63660. 65538.]
Task is 66.00% complete.
t1_sim:[61360. 62274. 62394.] t2_sim:[66666. 65645. 65716.]
Task is 67.00% complete.
t1_sim:[59444. 59887. 60089.] t2_sim:[60747. 62365. 64816.]
Task is 68.00% complete.
t1_sim:[64295. 61367. 60914.] t2_sim:[70908. 69193. 66638.]
Task is 69.00% complete.
t1_sim:[60085. 62258. 64001.] t2_sim:[62784. 62690. 63908.]
Task is 70.00% complete.
t1_sim:[66621. 66640. 67834.] t2_sim:[64252. 63453. 65394.]
Task is 71.00% complete.
t1_sim:[66992. 66809. 68642.] t2_sim:[61448. 61620. 62339.]
Task is 72.00% complete.
t1_sim:[68782. 67806. 69767.] t2_sim:[56868. 57614. 58726.]
Task is 73.00% complete.
t1_sim:[64901. 63446. 61887.] t2_sim:[64411. 63466. 64377.]
Task is 74.00% complete.
t1_sim:[68113. 67203. 68599.] t2_sim:[67442. 67053. 67976.]
Task is 75.00% complete.
t1_sim:[62857. 62906. 65157.] t2_sim:[63032. 62031. 61252.]
Task is 76.00% complete.
t1_sim:[60009. 60188. 63816.] t2_sim:[58120. 58428. 61211.]
Task is 77.00% complete.
t1_sim:[58058. 58030. 58019.] t2_sim:[62655. 62085. 64045.]
Task is 78.00% complete.
t1_sim:[63653. 64814. 65311.] t2_sim:[62318. 58186. 58537.]
Task is 79.00% complete.
t1_sim:[70821. 70851. 70933.] t2_sim:[66183. 65231. 68031.]
Task is 80.00% complete.
t1_sim:[63269. 64885. 67645.] t2_sim:[63288. 65953. 66815.]
Task is 81.00% complete.
t1_sim:[64953. 64003. 66044.] t2_sim:[63457. 65878. 66301.]
Task is 82.00% complete.
t1_sim:[58281. 59505. 57895.] t2_sim:[65080. 63029. 67648.]
Task is 83.00% complete.
t1_sim:[60899. 61012. 61493.] t2_sim:[60323. 59803. 61370.]
Task is 84.00% complete.
t1_sim:[58007. 59940. 61502.] t2_sim:[60621. 60459. 59994.]
Task is 85.00% complete.
t1_sim:[65002. 63096. 63870.] t2_sim:[61155. 61118. 62057.]
Task is 86.00% complete.
t1_sim:[67439. 66796. 67638.] t2_sim:[63723. 63898. 66213.]
Task is 87.00% complete.
t1_sim:[64397. 63215. 62828.] t2_sim:[59479. 57668. 56997.]
Task is 88.00% complete.
t1_sim:[60121. 59518. 60666.] t2_sim:[60105. 60595. 61510.]
Task is 89.00% complete.
t1_sim:[58065. 55787. 58006.] t2_sim:[63159. 66636. 67629.]
Task is 90.00% complete.
t1_sim:[59642. 59649. 58520.] t2_sim:[60344. 62432. 62932.]
Task is 91.00% complete.
t1_sim:[57748. 56125. 57568.] t2_sim:[65328. 62492. 63045.]
Task is 92.00% complete.
t1_sim:[55839. 57134. 57795.] t2_sim:[60436. 62173. 62494.]
Task is 93.00% complete.
t1_sim:[64034. 62926. 65238.] t2_sim:[67095. 64137. 63824.]
Task is 94.00% complete.
t1_sim:[61536. 61077. 62606.] t2_sim:[58026. 57468. 58588.]
Task is 95.00% complete.
t1_sim:[62530. 64460. 63024.] t2_sim:[66107. 64941. 65979.]
Task is 96.00% complete.
t1_sim:[61854. 62759. 63427.] t2_sim:[65545. 66204. 66343.]
Task is 97.00% complete.
t1_sim:[61123. 61225. 63027.] t2_sim:[60949. 62015. 63805.]
Task is 98.00% complete.
t1_sim:[66074. 65066. 63607.] t2_sim:[56536. 57924. 59632.]
Task is 99.00% complete.
t1_sim:[61600. 61902. 60690.] t2_sim:[61669. 64710. 66430.]
Training start
t1_obs:[array(89378.), array(65909.), array(63479.)] t2_obs:[array(84724.), array(64251.), array(58662.)]
corr_G1:[None, None, 0.028571722875624275] corr_G2:[None, None, 0.14733992019274328]
Training end
Task is 0.00% complete.
t1_sim:[61859. 60286. 59088.] t2_sim:[63936. 61753. 58758.]
Task is 1.00% complete.
t1_sim:[65446. 64664. 63391.] t2_sim:[58448. 59413. 57408.]
Task is 2.00% complete.
t1_sim:[61160. 60081. 59327.] t2_sim:[66468. 65138. 60851.]
Task is 3.00% complete.
t1_sim:[57697. 60868. 59521.] t2_sim:[62317. 61592. 58423.]
Task is 4.00% complete.
t1_sim:[62445. 64705. 63655.] t2_sim:[62854. 65011. 59796.]
Task is 5.00% complete.
t1_sim:[64374. 63981. 61075.] t2_sim:[58565. 57324. 54190.]
Task is 6.00% complete.
t1_sim:[66701. 67205. 63139.] t2_sim:[65485. 65985. 61108.]
Task is 7.00% complete.
t1_sim:[57986. 59084. 57145.] t2_sim:[61653. 61346. 56867.]
Task is 8.00% complete.
t1_sim:[66768. 64627. 63264.] t2_sim:[61086. 62004. 56188.]
Task is 9.00% complete.
t1_sim:[58014. 58676. 55814.] t2_sim:[61177. 61204. 55000.]
Task is 10.00% complete.
t1_sim:[62624. 62754. 60843.] t2_sim:[59846. 59358. 55613.]
Task is 11.00% complete.
t1_sim:[66538. 66734. 62418.] t2_sim:[66365. 65562. 63865.]
Task is 12.00% complete.
t1_sim:[63289. 63425. 60373.] t2_sim:[63565. 65502. 62814.]
Task is 13.00% complete.
t1_sim:[57488. 57286. 57930.] t2_sim:[62073. 60268. 57541.]
Task is 14.00% complete.
t1_sim:[64463. 64441. 61335.] t2_sim:[62165. 62108. 58718.]
Task is 15.00% complete.
t1_sim:[62723. 64079. 63729.] t2_sim:[59176. 59907. 58215.]
Task is 16.00% complete.
t1_sim:[64572. 66528. 63499.] t2_sim:[65810. 66685. 62594.]
Task is 17.00% complete.
t1_sim:[65838. 66351. 61500.] t2_sim:[56425. 56097. 54406.]
Task is 18.00% complete.
t1_sim:[65552. 66030. 65230.] t2_sim:[58817. 58949. 57482.]
Task is 19.00% complete.
t1_sim:[64019. 65953. 61896.] t2_sim:[62532. 62935. 59392.]
Task is 20.00% complete.
t1_sim:[64059. 65343. 62391.] t2_sim:[63647. 64339. 58917.]
Task is 21.00% complete.
t1_sim:[63328. 64819. 63758.] t2_sim:[63118. 63371. 58951.]
Task is 22.00% complete.
t1_sim:[59271. 59824. 58339.] t2_sim:[62504. 63005. 59144.]
Task is 23.00% complete.
t1_sim:[64766. 64632. 61322.] t2_sim:[60775. 59147. 55634.]
Task is 24.00% complete.
t1_sim:[62789. 64937. 62694.] t2_sim:[64232. 65936. 62337.]
Task is 25.00% complete.
t1_sim:[58669. 60259. 58212.] t2_sim:[64366. 61772. 58975.]
Task is 26.00% complete.
t1_sim:[64895. 63647. 61646.] t2_sim:[64465. 65069. 60399.]
Task is 27.00% complete.
t1_sim:[60106. 60326. 58257.] t2_sim:[64646. 63326. 57745.]
Task is 28.00% complete.
t1_sim:[63428. 63914. 62874.] t2_sim:[59437. 60831. 56200.]
Task is 29.00% complete.
t1_sim:[67774. 68487. 63739.] t2_sim:[62900. 64652. 63420.]
Task is 30.00% complete.
t1_sim:[59387. 58645. 55148.] t2_sim:[59561. 57338. 56128.]
Task is 31.00% complete.
t1_sim:[55763. 55925. 53529.] t2_sim:[68072. 68170. 65646.]
Task is 32.00% complete.
t1_sim:[60085. 59094. 57142.] t2_sim:[60639. 59994. 58333.]
Task is 33.00% complete.
t1_sim:[61328. 60549. 59913.] t2_sim:[62596. 63078. 58932.]
Task is 34.00% complete.
t1_sim:[63161. 62419. 58147.] t2_sim:[67178. 67334. 62226.]
Task is 35.00% complete.
t1_sim:[60822. 60728. 56951.] t2_sim:[63830. 64460. 60614.]
Task is 36.00% complete.
t1_sim:[63555. 64100. 59358.] t2_sim:[71336. 73532. 71861.]
Task is 37.00% complete.
t1_sim:[61161. 61803. 60801.] t2_sim:[66610. 67887. 66894.]
Task is 38.00% complete.
t1_sim:[65940. 66687. 62958.] t2_sim:[64498. 62997. 60690.]
Task is 39.00% complete.
t1_sim:[64771. 64001. 61674.] t2_sim:[61957. 60477. 57559.]
Task is 40.00% complete.
t1_sim:[70236. 69462. 66433.] t2_sim:[62974. 62312. 56244.]
Task is 41.00% complete.
t1_sim:[65317. 65382. 63558.] t2_sim:[63113. 65239. 61698.]
Task is 42.00% complete.
t1_sim:[69935. 71810. 67849.] t2_sim:[58908. 58822. 57638.]
Task is 43.00% complete.
t1_sim:[56027. 57797. 56283.] t2_sim:[58777. 58296. 54792.]
Task is 44.00% complete.
t1_sim:[64806. 65496. 60097.] t2_sim:[62748. 61888. 55350.]
Task is 45.00% complete.
t1_sim:[67296. 64837. 62455.] t2_sim:[61492. 61232. 57733.]
Task is 46.00% complete.
t1_sim:[68445. 67506. 65134.] t2_sim:[65751. 65108. 62826.]
Task is 47.00% complete.
t1_sim:[62292. 64753. 63251.] t2_sim:[62594. 63253. 59720.]
Task is 48.00% complete.
t1_sim:[68380. 68929. 67555.] t2_sim:[67005. 65868. 62776.]
Task is 49.00% complete.
t1_sim:[62562. 60528. 58635.] t2_sim:[61421. 61969. 55369.]
Task is 50.00% complete.
t1_sim:[63975. 63321. 62911.] t2_sim:[64467. 66126. 64163.]
Task is 51.00% complete.
t1_sim:[60247. 57804. 57774.] t2_sim:[63102. 59545. 55783.]
Task is 52.00% complete.
t1_sim:[62047. 62122. 60384.] t2_sim:[64805. 62249. 61139.]
Task is 53.00% complete.
t1_sim:[59047. 57477. 53796.] t2_sim:[63528. 64474. 62626.]
Task is 54.00% complete.
t1_sim:[62899. 63410. 61556.] t2_sim:[62475. 62875. 57894.]
Task is 55.00% complete.
t1_sim:[63635. 65161. 63705.] t2_sim:[59956. 61302. 60293.]
Task is 56.00% complete.
t1_sim:[66776. 66648. 61696.] t2_sim:[64511. 64089. 62389.]
Task is 57.00% complete.
t1_sim:[62820. 60960. 59357.] t2_sim:[59781. 59226. 55163.]
Task is 58.00% complete.
t1_sim:[68252. 67596. 68317.] t2_sim:[64557. 64485. 60245.]
Task is 59.00% complete.
t1_sim:[67163. 64397. 61624.] t2_sim:[63292. 62410. 57408.]
Task is 60.00% complete.
t1_sim:[63079. 64219. 60529.] t2_sim:[57671. 58354. 55873.]
Task is 61.00% complete.
t1_sim:[61281. 60167. 59564.] t2_sim:[61353. 62623. 57688.]
Task is 62.00% complete.
t1_sim:[68027. 66319. 64347.] t2_sim:[60788. 60659. 56108.]
Task is 63.00% complete.
t1_sim:[65546. 66381. 63824.] t2_sim:[63089. 63570. 58257.]
Task is 64.00% complete.
t1_sim:[64791. 65013. 61592.] t2_sim:[62344. 62606. 60870.]
Task is 65.00% complete.
t1_sim:[64144. 66331. 63601.] t2_sim:[61792. 64513. 63083.]
Task is 66.00% complete.
t1_sim:[61161. 61243. 57792.] t2_sim:[60070. 59352. 56285.]
Task is 67.00% complete.
t1_sim:[55312. 56538. 52488.] t2_sim:[60881. 61175. 57743.]
Task is 68.00% complete.
t1_sim:[58547. 61067. 57518.] t2_sim:[65055. 64002. 62976.]
Task is 69.00% complete.
t1_sim:[66552. 68536. 67510.] t2_sim:[67530. 64801. 61553.]
Task is 70.00% complete.
t1_sim:[61383. 61618. 60713.] t2_sim:[66132. 68224. 65563.]
Task is 71.00% complete.
t1_sim:[61954. 60474. 60140.] t2_sim:[59995. 58650. 54848.]
Task is 72.00% complete.
t1_sim:[65967. 68716. 66159.] t2_sim:[65790. 64033. 61446.]
Task is 73.00% complete.
t1_sim:[61207. 61054. 60010.] t2_sim:[56783. 58143. 54075.]
Task is 74.00% complete.
t1_sim:[65927. 65821. 63455.] t2_sim:[64482. 62959. 58967.]
Task is 75.00% complete.
t1_sim:[65947. 66550. 65158.] t2_sim:[61307. 61555. 57391.]
Task is 76.00% complete.
t1_sim:[64056. 63589. 60718.] t2_sim:[63771. 61631. 58632.]
Task is 77.00% complete.
t1_sim:[67650. 63799. 61732.] t2_sim:[66530. 63080. 60844.]
Task is 78.00% complete.
t1_sim:[58081. 60303. 57493.] t2_sim:[68660. 67208. 61215.]
Task is 79.00% complete.
t1_sim:[64414. 64227. 62161.] t2_sim:[58484. 58429. 54417.]
Task is 80.00% complete.
t1_sim:[59140. 59012. 57946.] t2_sim:[68027. 65105. 63334.]
Task is 81.00% complete.
t1_sim:[52615. 52375. 48756.] t2_sim:[62734. 63139. 60458.]
Task is 82.00% complete.
t1_sim:[57543. 56859. 54690.] t2_sim:[62194. 62519. 60925.]
Task is 83.00% complete.
t1_sim:[66181. 66101. 63176.] t2_sim:[65008. 64299. 59929.]
Task is 84.00% complete.
t1_sim:[59391. 58851. 56555.] t2_sim:[63723. 64486. 63336.]
Task is 85.00% complete.
t1_sim:[60734. 61357. 60044.] t2_sim:[56144. 56623. 52093.]
Task is 86.00% complete.
t1_sim:[58338. 58961. 56063.] t2_sim:[63765. 64611. 60669.]
Task is 87.00% complete.
t1_sim:[62634. 64381. 61852.] t2_sim:[61495. 59352. 56556.]
Task is 88.00% complete.
t1_sim:[61595. 62678. 59264.] t2_sim:[63622. 65436. 62124.]
Task is 89.00% complete.
t1_sim:[64296. 63506. 59987.] t2_sim:[62086. 60525. 57908.]
Task is 90.00% complete.
t1_sim:[57871. 58941. 56829.] t2_sim:[63644. 62396. 56588.]
Task is 91.00% complete.
t1_sim:[67184. 66973. 64482.] t2_sim:[67293. 66607. 62178.]
Task is 92.00% complete.
t1_sim:[62287. 59755. 59423.] t2_sim:[57689. 55512. 52519.]
Task is 93.00% complete.
t1_sim:[65943. 66135. 64052.] t2_sim:[64269. 65755. 63837.]
Task is 94.00% complete.
t1_sim:[59985. 61530. 58633.] t2_sim:[61006. 58958. 58558.]
Task is 95.00% complete.
t1_sim:[57691. 58620. 58424.] t2_sim:[67412. 66578. 61432.]
Task is 96.00% complete.
t1_sim:[58735. 59387. 58180.] t2_sim:[65496. 65707. 60959.]
Task is 97.00% complete.
t1_sim:[56816. 59549. 58502.] t2_sim:[64739. 64126. 61174.]
Task is 98.00% complete.
t1_sim:[66499. 65220. 61334.] t2_sim:[66031. 66559. 60260.]
Task is 99.00% complete.
t1_sim:[58850. 57863. 53362.] t2_sim:[64662. 64196. 61205.]
Finished
