Begin
Training start
t1_obs:[array(59197.), array(59378.), array(59087.)] t2_obs:[array(62709.), array(63095.), array(57742.)]
corr_G1:[None, None, 0] corr_G2:[None, None, -1.457071900338265e-17]
Training end
Task is 0.00% complete.
t1_sim:[63207. 62766. 64755.] t2_sim:[60540. 60747. 57863.]
Task is 1.00% complete.
t1_sim:[64811. 64579. 62095.] t2_sim:[65453. 65617. 64341.]
Task is 2.00% complete.
t1_sim:[61967. 61836. 62735.] t2_sim:[66763. 66593. 62813.]
Task is 3.00% complete.
t1_sim:[64970. 64909. 65349.] t2_sim:[61968. 62187. 63866.]
Task is 4.00% complete.
t1_sim:[63279. 63559. 63337.] t2_sim:[61691. 61641. 62318.]
Task is 5.00% complete.
t1_sim:[53744. 53468. 59898.] t2_sim:[65488. 65387. 62560.]
Task is 6.00% complete.
t1_sim:[61993. 61957. 61749.] t2_sim:[53130. 53171. 57669.]
Task is 7.00% complete.
t1_sim:[59989. 59707. 60927.] t2_sim:[58741. 58524. 56639.]
Task is 8.00% complete.
t1_sim:[65706. 66056. 62851.] t2_sim:[64074. 64020. 64381.]
Task is 9.00% complete.
t1_sim:[65243. 65382. 68306.] t2_sim:[61838. 62076. 64006.]
Task is 10.00% complete.
t1_sim:[62727. 62456. 63864.] t2_sim:[59535. 59634. 62781.]
Task is 11.00% complete.
t1_sim:[56984. 56951. 60624.] t2_sim:[62878. 62802. 67478.]
Task is 12.00% complete.
t1_sim:[62226. 61807. 63948.] t2_sim:[61269. 61426. 63648.]
Task is 13.00% complete.
t1_sim:[66227. 66400. 60630.] t2_sim:[61431. 61607. 59074.]
Task is 14.00% complete.
t1_sim:[66637. 66805. 63304.] t2_sim:[57779. 57817. 61165.]
Task is 15.00% complete.
t1_sim:[66129. 66259. 64207.] t2_sim:[62988. 63332. 64189.]
Task is 16.00% complete.
t1_sim:[67434. 67292. 62995.] t2_sim:[61686. 61943. 65363.]
Task is 17.00% complete.
t1_sim:[60772. 60768. 63995.] t2_sim:[60291. 60301. 64182.]
Task is 18.00% complete.
t1_sim:[55921. 56129. 57361.] t2_sim:[67413. 67029. 66574.]
Task is 19.00% complete.
t1_sim:[59257. 59293. 62706.] t2_sim:[64566. 64426. 63123.]
Task is 20.00% complete.
t1_sim:[67263. 67441. 72067.] t2_sim:[61465. 61582. 58726.]
Task is 21.00% complete.
t1_sim:[62318. 62626. 68853.] t2_sim:[66199. 66761. 64623.]
Task is 22.00% complete.
t1_sim:[65329. 65377. 64309.] t2_sim:[58307. 58082. 60070.]
Task is 23.00% complete.
t1_sim:[62814. 62490. 63354.] t2_sim:[63503. 63601. 61995.]
Task is 24.00% complete.
t1_sim:[67165. 67023. 64297.] t2_sim:[58006. 57872. 60518.]
Task is 25.00% complete.
t1_sim:[60681. 60827. 65164.] t2_sim:[60586. 60526. 60489.]
Task is 26.00% complete.
t1_sim:[64229. 64025. 62897.] t2_sim:[61431. 61412. 61034.]
Task is 27.00% complete.
t1_sim:[63823. 63476. 65627.] t2_sim:[64237. 63974. 62825.]
Task is 28.00% complete.
t1_sim:[61062. 60859. 61948.] t2_sim:[67401. 67237. 60632.]
Task is 29.00% complete.
t1_sim:[64444. 64183. 66913.] t2_sim:[60248. 60236. 60786.]
Task is 30.00% complete.
t1_sim:[65270. 65400. 65935.] t2_sim:[60261. 60225. 60890.]
Task is 31.00% complete.
t1_sim:[56065. 56427. 58981.] t2_sim:[64219. 64200. 61392.]
Task is 32.00% complete.
t1_sim:[59756. 59793. 63104.] t2_sim:[66250. 66539. 69090.]
Task is 33.00% complete.
t1_sim:[64425. 64420. 65681.] t2_sim:[68707. 68341. 68672.]
Task is 34.00% complete.
t1_sim:[57276. 57221. 59334.] t2_sim:[61806. 61972. 60838.]
Task is 35.00% complete.
t1_sim:[69952. 69985. 69288.] t2_sim:[67905. 67982. 65819.]
Task is 36.00% complete.
t1_sim:[60101. 60152. 61133.] t2_sim:[63609. 63941. 64295.]
Task is 37.00% complete.
t1_sim:[57884. 57811. 59667.] t2_sim:[57376. 57404. 61361.]
Task is 38.00% complete.
t1_sim:[62291. 62491. 57314.] t2_sim:[64353. 64228. 64415.]
Task is 39.00% complete.
t1_sim:[65230. 65055. 67610.] t2_sim:[58144. 58439. 63259.]
Task is 40.00% complete.
t1_sim:[61349. 61353. 62011.] t2_sim:[59585. 60035. 60198.]
Task is 41.00% complete.
t1_sim:[63962. 63881. 65091.] t2_sim:[59125. 59290. 62263.]
Task is 42.00% complete.
t1_sim:[58784. 58864. 58681.] t2_sim:[59816. 59958. 62517.]
Task is 43.00% complete.
t1_sim:[58502. 58307. 60574.] t2_sim:[62355. 62146. 60010.]
Task is 44.00% complete.
t1_sim:[63327. 63396. 62264.] t2_sim:[63047. 63121. 67360.]
Task is 45.00% complete.
t1_sim:[66834. 67104. 68658.] t2_sim:[63512. 63656. 61263.]
Task is 46.00% complete.
t1_sim:[66850. 66398. 64636.] t2_sim:[67769. 67481. 65545.]
Task is 47.00% complete.
t1_sim:[59581. 59650. 58876.] t2_sim:[60050. 60047. 61566.]
Task is 48.00% complete.
t1_sim:[64360. 63989. 64187.] t2_sim:[61423. 61602. 63364.]
Task is 49.00% complete.
t1_sim:[62021. 61651. 61297.] t2_sim:[65472. 65682. 66995.]
Task is 50.00% complete.
t1_sim:[60830. 60747. 62953.] t2_sim:[61116. 60618. 63109.]
Task is 51.00% complete.
t1_sim:[64249. 64232. 65593.] t2_sim:[63133. 62881. 59989.]
Task is 52.00% complete.
t1_sim:[59331. 59418. 58725.] t2_sim:[61205. 61162. 61873.]
Task is 53.00% complete.
t1_sim:[59488. 59764. 60457.] t2_sim:[60208. 59760. 60431.]
Task is 54.00% complete.
t1_sim:[58644. 58540. 55773.] t2_sim:[66704. 66502. 66164.]
Task is 55.00% complete.
t1_sim:[58871. 59441. 59754.] t2_sim:[61523. 61103. 62302.]
Task is 56.00% complete.
t1_sim:[69291. 69133. 69260.] t2_sim:[59324. 59230. 59489.]
Task is 57.00% complete.
t1_sim:[61389. 61193. 58508.] t2_sim:[64294. 64676. 63318.]
Task is 58.00% complete.
t1_sim:[62762. 63000. 62344.] t2_sim:[61813. 61782. 66594.]
Task is 59.00% complete.
t1_sim:[63427. 63948. 64611.] t2_sim:[61588. 61280. 59865.]
Task is 60.00% complete.
t1_sim:[59725. 59542. 55374.] t2_sim:[62395. 62165. 63739.]
Task is 61.00% complete.
t1_sim:[61281. 61016. 63123.] t2_sim:[61220. 61348. 61652.]
Task is 62.00% complete.
t1_sim:[62056. 62209. 62728.] t2_sim:[60313. 60615. 60701.]
Task is 63.00% complete.
t1_sim:[57158. 57102. 60470.] t2_sim:[66775. 66592. 65300.]
Task is 64.00% complete.
t1_sim:[58543. 58724. 58122.] t2_sim:[65817. 66158. 64250.]
Task is 65.00% complete.
t1_sim:[63706. 63609. 64802.] t2_sim:[61062. 61336. 60082.]
Task is 66.00% complete.
t1_sim:[63446. 63590. 61577.] t2_sim:[64822. 65035. 64575.]
Task is 67.00% complete.
t1_sim:[69635. 69886. 70868.] t2_sim:[67996. 68193. 67471.]
Task is 68.00% complete.
t1_sim:[58635. 58287. 60196.] t2_sim:[58326. 58482. 59540.]
Task is 69.00% complete.
t1_sim:[61889. 61580. 60389.] t2_sim:[62623. 62734. 62112.]
Task is 70.00% complete.
t1_sim:[60521. 60683. 58235.] t2_sim:[60953. 61485. 64375.]
Task is 71.00% complete.
t1_sim:[61702. 61366. 63509.] t2_sim:[66310. 66311. 64032.]
Task is 72.00% complete.
t1_sim:[67661. 67720. 66875.] t2_sim:[61205. 61178. 62563.]
Task is 73.00% complete.
t1_sim:[67158. 66599. 67206.] t2_sim:[62691. 62707. 60066.]
Task is 74.00% complete.
t1_sim:[65324. 64972. 65832.] t2_sim:[58581. 58581. 57721.]
Task is 75.00% complete.
t1_sim:[63908. 63796. 63780.] t2_sim:[63544. 63565. 64264.]
Task is 76.00% complete.
t1_sim:[61474. 61390. 60956.] t2_sim:[65092. 65579. 63239.]
Task is 77.00% complete.
t1_sim:[65109. 64844. 65674.] t2_sim:[59314. 59752. 62027.]
Task is 78.00% complete.
t1_sim:[60638. 60520. 61230.] t2_sim:[62473. 62120. 59015.]
Task is 79.00% complete.
t1_sim:[55018. 55108. 54495.] t2_sim:[63723. 63990. 60682.]
Task is 80.00% complete.
t1_sim:[69690. 69340. 66207.] t2_sim:[64925. 64469. 61825.]
Task is 81.00% complete.
t1_sim:[63356. 63933. 59784.] t2_sim:[60727. 60633. 60335.]
Task is 82.00% complete.
t1_sim:[62583. 62488. 59757.] t2_sim:[59862. 59784. 65507.]
Task is 83.00% complete.
t1_sim:[61141. 61268. 63882.] t2_sim:[63553. 63726. 63244.]
Task is 84.00% complete.
t1_sim:[62089. 61944. 62400.] t2_sim:[64640. 64611. 62414.]
Task is 85.00% complete.
t1_sim:[60629. 60778. 64203.] t2_sim:[62501. 62614. 66162.]
Task is 86.00% complete.
t1_sim:[68284. 68124. 66380.] t2_sim:[60252. 60178. 61047.]
Task is 87.00% complete.
t1_sim:[60873. 61155. 62491.] t2_sim:[65068. 64975. 64773.]
Task is 88.00% complete.
t1_sim:[63759. 63997. 61580.] t2_sim:[65590. 65679. 68586.]
Task is 89.00% complete.
t1_sim:[60162. 59566. 60516.] t2_sim:[66279. 65620. 64522.]
Task is 90.00% complete.
t1_sim:[68447. 68297. 67329.] t2_sim:[64592. 64057. 57619.]
Task is 91.00% complete.
t1_sim:[58690. 58849. 55529.] t2_sim:[65921. 66190. 68121.]
Task is 92.00% complete.
t1_sim:[60864. 60949. 63015.] t2_sim:[61865. 61489. 58477.]
Task is 93.00% complete.
t1_sim:[61564. 61434. 61051.] t2_sim:[59290. 59230. 60068.]
Task is 94.00% complete.
t1_sim:[62882. 63127. 60615.] t2_sim:[72946. 72476. 71280.]
Task is 95.00% complete.
t1_sim:[63752. 63936. 67366.] t2_sim:[64737. 65342. 64791.]
Task is 96.00% complete.
t1_sim:[62655. 62692. 59972.] t2_sim:[66380. 66594. 70250.]
Task is 97.00% complete.
t1_sim:[59463. 59733. 61480.] t2_sim:[65681. 65596. 64022.]
Task is 98.00% complete.
t1_sim:[61052. 61141. 60420.] t2_sim:[67749. 67663. 70723.]
Task is 99.00% complete.
t1_sim:[62776. 62784. 67964.] t2_sim:[60925. 61079. 61710.]
Training start
t1_obs:[array(59197.), array(59378.), array(59767.)] t2_obs:[array(62709.), array(63095.), array(60056.)]
corr_G1:[None, None, 0.9939002884030558] corr_G2:[None, None, 0.9921649431202761]
Training end
Task is 0.00% complete.
t1_sim:[65198. 65450. 64853.] t2_sim:[60133. 60401. 61557.]
Task is 1.00% complete.
t1_sim:[61207. 61467. 60003.] t2_sim:[66240. 66320. 66287.]
Task is 2.00% complete.
t1_sim:[62348. 62590. 62460.] t2_sim:[61942. 62504. 61477.]
Task is 3.00% complete.
t1_sim:[65261. 65240. 67150.] t2_sim:[65245. 65575. 67306.]
Task is 4.00% complete.
t1_sim:[59661. 59810. 58448.] t2_sim:[65520. 65660. 66302.]
Task is 5.00% complete.
t1_sim:[54708. 54952. 55148.] t2_sim:[61329. 60918. 59646.]
Task is 6.00% complete.
t1_sim:[59809. 59492. 57908.] t2_sim:[65872. 66010. 66099.]
Task is 7.00% complete.
t1_sim:[64635. 64452. 65601.] t2_sim:[61770. 61606. 62623.]
Task is 8.00% complete.
t1_sim:[65636. 65717. 66387.] t2_sim:[59611. 59540. 61029.]
Task is 9.00% complete.
t1_sim:[61469. 61646. 59671.] t2_sim:[61013. 60952. 62386.]
Task is 10.00% complete.
t1_sim:[65908. 65783. 63174.] t2_sim:[61228. 61296. 63141.]
Task is 11.00% complete.
t1_sim:[57707. 57566. 58157.] t2_sim:[60951. 61443. 60333.]
Task is 12.00% complete.
t1_sim:[67767. 67768. 66104.] t2_sim:[62375. 62942. 61438.]
Task is 13.00% complete.
t1_sim:[60831. 60634. 59379.] t2_sim:[58243. 58350. 59499.]
Task is 14.00% complete.
t1_sim:[67475. 67220. 66731.] t2_sim:[57569. 57672. 58334.]
Task is 15.00% complete.
t1_sim:[60048. 60166. 60270.] t2_sim:[56738. 56517. 59811.]
Task is 16.00% complete.
t1_sim:[56645. 56564. 55738.] t2_sim:[62707. 62876. 63107.]
Task is 17.00% complete.
t1_sim:[62651. 62663. 62827.] t2_sim:[60006. 60095. 62715.]
Task is 18.00% complete.
t1_sim:[60333. 60379. 59174.] t2_sim:[63023. 63147. 64167.]
Task is 19.00% complete.
t1_sim:[64020. 64254. 62498.] t2_sim:[57139. 56896. 54947.]
Task is 20.00% complete.
t1_sim:[62425. 62131. 61863.] t2_sim:[66206. 66130. 68015.]
Task is 21.00% complete.
t1_sim:[62050. 61795. 60906.] t2_sim:[58911. 59144. 61636.]
Task is 22.00% complete.
t1_sim:[60056. 60039. 58332.] t2_sim:[60948. 60661. 60425.]
Task is 23.00% complete.
t1_sim:[63145. 63014. 61189.] t2_sim:[59883. 59708. 59325.]
Task is 24.00% complete.
t1_sim:[65552. 65452. 63595.] t2_sim:[62198. 61508. 61295.]
Task is 25.00% complete.
t1_sim:[62012. 61943. 62630.] t2_sim:[62771. 63139. 62423.]
Task is 26.00% complete.
t1_sim:[68144. 67998. 66902.] t2_sim:[68080. 68638. 69801.]
Task is 27.00% complete.
t1_sim:[61379. 61556. 63806.] t2_sim:[58391. 58638. 62035.]
Task is 28.00% complete.
t1_sim:[62346. 62410. 62496.] t2_sim:[61398. 61175. 58535.]
Task is 29.00% complete.
t1_sim:[65971. 66019. 64303.] t2_sim:[66857. 66655. 68600.]
Task is 30.00% complete.
t1_sim:[61655. 61688. 62196.] t2_sim:[65488. 65728. 67973.]
Task is 31.00% complete.
t1_sim:[62747. 63164. 65090.] t2_sim:[61505. 61257. 63398.]
Task is 32.00% complete.
t1_sim:[62340. 62505. 59094.] t2_sim:[64600. 64260. 64305.]
Task is 33.00% complete.
t1_sim:[65058. 64819. 65185.] t2_sim:[67223. 66850. 65943.]
Task is 34.00% complete.
t1_sim:[62881. 62826. 60288.] t2_sim:[60189. 60143. 59357.]
Task is 35.00% complete.
t1_sim:[67955. 68033. 70565.] t2_sim:[59917. 59845. 60778.]
Task is 36.00% complete.
t1_sim:[55806. 55172. 56757.] t2_sim:[62790. 62569. 63188.]
Task is 37.00% complete.
t1_sim:[62987. 63220. 61314.] t2_sim:[63189. 63386. 62448.]
Task is 38.00% complete.
t1_sim:[62224. 62169. 59134.] t2_sim:[60832. 60924. 62235.]
Task is 39.00% complete.
t1_sim:[66976. 66814. 63876.] t2_sim:[63734. 63530. 63682.]
Task is 40.00% complete.
t1_sim:[64218. 64439. 64077.] t2_sim:[63461. 62981. 63392.]
Task is 41.00% complete.
t1_sim:[62061. 61666. 60616.] t2_sim:[63192. 63542. 63449.]
Task is 42.00% complete.
t1_sim:[64061. 64016. 62908.] t2_sim:[62629. 62680. 61244.]
Task is 43.00% complete.
t1_sim:[59965. 59909. 61400.] t2_sim:[62925. 63064. 62384.]
Task is 44.00% complete.
t1_sim:[64453. 65034. 66226.] t2_sim:[63385. 63029. 66973.]
Task is 45.00% complete.
t1_sim:[60010. 59996. 61336.] t2_sim:[59073. 59047. 59018.]
Task is 46.00% complete.
t1_sim:[62329. 62397. 62676.] t2_sim:[65591. 65808. 68687.]
Task is 47.00% complete.
t1_sim:[59245. 59421. 58429.] t2_sim:[61385. 61454. 61357.]
Task is 48.00% complete.
t1_sim:[61621. 61578. 61978.] t2_sim:[69694. 69816. 69065.]
Task is 49.00% complete.
t1_sim:[66341. 66722. 65962.] t2_sim:[65143. 65111. 66524.]
Task is 50.00% complete.
t1_sim:[63045. 62946. 63572.] t2_sim:[65700. 65763. 63878.]
Task is 51.00% complete.
t1_sim:[62727. 62771. 64164.] t2_sim:[62732. 62734. 61754.]
Task is 52.00% complete.
t1_sim:[65128. 65326. 63818.] t2_sim:[63463. 63337. 63270.]
Task is 53.00% complete.
t1_sim:[61069. 61372. 63537.] t2_sim:[57712. 57671. 58427.]
Task is 54.00% complete.
t1_sim:[64195. 63928. 64837.] t2_sim:[63588. 63499. 62458.]
Task is 55.00% complete.
t1_sim:[62798. 62810. 64088.] t2_sim:[61481. 61535. 61771.]
Task is 56.00% complete.
t1_sim:[62283. 62194. 62798.] t2_sim:[61631. 61802. 62282.]
Task is 57.00% complete.
t1_sim:[62309. 62078. 61129.] t2_sim:[64787. 64720. 63498.]
Task is 58.00% complete.
t1_sim:[58444. 58384. 57287.] t2_sim:[66519. 66225. 65399.]
Task is 59.00% complete.
t1_sim:[64449. 64728. 65432.] t2_sim:[66264. 66198. 64736.]
Task is 60.00% complete.
t1_sim:[62329. 62231. 59514.] t2_sim:[64506. 64260. 62387.]
Task is 61.00% complete.
t1_sim:[58895. 59112. 60401.] t2_sim:[67770. 68010. 67278.]
Task is 62.00% complete.
t1_sim:[60690. 60814. 60420.] t2_sim:[62518. 62410. 63256.]
Task is 63.00% complete.
t1_sim:[69709. 69756. 68686.] t2_sim:[67833. 67614. 64990.]
Task is 64.00% complete.
t1_sim:[60969. 61032. 58427.] t2_sim:[61414. 61121. 61669.]
Task is 65.00% complete.
t1_sim:[63725. 63500. 64203.] t2_sim:[59561. 59306. 58567.]
Task is 66.00% complete.
t1_sim:[63539. 63328. 62406.] t2_sim:[64235. 64539. 64145.]
Task is 67.00% complete.
t1_sim:[59336. 59385. 61312.] t2_sim:[60742. 60634. 62897.]
Task is 68.00% complete.
t1_sim:[59900. 59854. 58065.] t2_sim:[63902. 64254. 65060.]
Task is 69.00% complete.
t1_sim:[61529. 61464. 61190.] t2_sim:[63643. 63714. 64780.]
Task is 70.00% complete.
t1_sim:[61973. 61865. 61370.] t2_sim:[61669. 62020. 61460.]
Task is 71.00% complete.
t1_sim:[62989. 62756. 62931.] t2_sim:[63515. 63354. 64624.]
Task is 72.00% complete.
t1_sim:[64073. 64277. 65989.] t2_sim:[59741. 59821. 59320.]
Task is 73.00% complete.
t1_sim:[61998. 62301. 64262.] t2_sim:[62379. 62478. 63647.]
Task is 74.00% complete.
t1_sim:[60354. 60456. 60121.] t2_sim:[62054. 61696. 65117.]
Task is 75.00% complete.
t1_sim:[59605. 59607. 61713.] t2_sim:[59696. 59259. 59565.]
Task is 76.00% complete.
t1_sim:[57304. 57316. 58952.] t2_sim:[61228. 61103. 59995.]
Task is 77.00% complete.
t1_sim:[58963. 59197. 57588.] t2_sim:[59551. 59868. 60619.]
Task is 78.00% complete.
t1_sim:[64416. 64677. 63051.] t2_sim:[66145. 66308. 64383.]
Task is 79.00% complete.
t1_sim:[57705. 57472. 55953.] t2_sim:[60786. 61254. 62248.]
Task is 80.00% complete.
t1_sim:[61278. 61318. 62587.] t2_sim:[61783. 61847. 64081.]
Task is 81.00% complete.
t1_sim:[65908. 66053. 67560.] t2_sim:[62953. 62875. 60516.]
Task is 82.00% complete.
t1_sim:[61224. 61725. 60230.] t2_sim:[60435. 60298. 61296.]
Task is 83.00% complete.
t1_sim:[64481. 64498. 61883.] t2_sim:[59993. 59927. 61193.]
Task is 84.00% complete.
t1_sim:[65227. 65470. 63733.] t2_sim:[62845. 63225. 63839.]
Task is 85.00% complete.
t1_sim:[62918. 62755. 62968.] t2_sim:[64110. 64323. 64243.]
Task is 86.00% complete.
t1_sim:[61121. 61470. 62034.] t2_sim:[60811. 60330. 60499.]
Task is 87.00% complete.
t1_sim:[69122. 69069. 66977.] t2_sim:[62561. 62584. 59600.]
Task is 88.00% complete.
t1_sim:[56891. 56845. 56957.] t2_sim:[66340. 66545. 67427.]
Task is 89.00% complete.
t1_sim:[58817. 58613. 58730.] t2_sim:[64596. 64365. 63175.]
Task is 90.00% complete.
t1_sim:[61652. 61716. 59636.] t2_sim:[67706. 67267. 65694.]
Task is 91.00% complete.
t1_sim:[61766. 61914. 62738.] t2_sim:[64802. 64799. 65494.]
Task is 92.00% complete.
t1_sim:[68791. 69020. 66974.] t2_sim:[62651. 62495. 64760.]
Task is 93.00% complete.
t1_sim:[62039. 61706. 60846.] t2_sim:[61531. 61085. 59361.]
Task is 94.00% complete.
t1_sim:[64888. 64726. 62964.] t2_sim:[63670. 64282. 60800.]
Task is 95.00% complete.
t1_sim:[66033. 66034. 66251.] t2_sim:[62947. 62948. 63087.]
Task is 96.00% complete.
t1_sim:[62495. 62646. 63734.] t2_sim:[64508. 64573. 64926.]
Task is 97.00% complete.
t1_sim:[61855. 61631. 62055.] t2_sim:[62563. 62595. 62822.]
Task is 98.00% complete.
t1_sim:[62926. 62915. 64120.] t2_sim:[61779. 61869. 61046.]
Task is 99.00% complete.
t1_sim:[63016. 63537. 62289.] t2_sim:[60549. 60625. 57889.]
Training start
t1_obs:[array(59197.), array(59378.), array(59457.)] t2_obs:[array(62709.), array(63095.), array(60375.)]
corr_G1:[None, None, 0.04506768423280624] corr_G2:[None, None, 0.06271344271696419]
Training end
Task is 0.00% complete.
t1_sim:[57815. 57802. 57710.] t2_sim:[63998. 63967. 63541.]
Task is 1.00% complete.
t1_sim:[63871. 63763. 64639.] t2_sim:[64859. 64730. 61437.]
Task is 2.00% complete.
t1_sim:[59047. 59079. 60880.] t2_sim:[62395. 62107. 61424.]
Task is 3.00% complete.
t1_sim:[62761. 62558. 64010.] t2_sim:[65955. 65528. 65588.]
Task is 4.00% complete.
t1_sim:[59861. 59824. 59065.] t2_sim:[59595. 59812. 63335.]
Task is 5.00% complete.
t1_sim:[56387. 56814. 56048.] t2_sim:[63978. 64105. 58948.]
Task is 6.00% complete.
t1_sim:[60604. 60445. 60864.] t2_sim:[62895. 63217. 61465.]
Task is 7.00% complete.
t1_sim:[62273. 62211. 59598.] t2_sim:[64027. 63847. 61267.]
Task is 8.00% complete.
t1_sim:[60709. 61339. 59604.] t2_sim:[62908. 63085. 64901.]
Task is 9.00% complete.
t1_sim:[58271. 58372. 57844.] t2_sim:[65348. 65999. 64486.]
Task is 10.00% complete.
t1_sim:[60347. 60439. 57718.] t2_sim:[64316. 63740. 62299.]
Task is 11.00% complete.
t1_sim:[59430. 59530. 59760.] t2_sim:[60282. 60455. 60281.]
Task is 12.00% complete.
t1_sim:[62610. 62296. 61948.] t2_sim:[61751. 62025. 63022.]
Task is 13.00% complete.
t1_sim:[59508. 59521. 60228.] t2_sim:[61193. 60766. 58408.]
Task is 14.00% complete.
t1_sim:[71663. 71777. 71755.] t2_sim:[70982. 71123. 69996.]
Task is 15.00% complete.
t1_sim:[62207. 61745. 59795.] t2_sim:[63050. 62973. 63797.]
Task is 16.00% complete.
t1_sim:[69158. 69375. 68073.] t2_sim:[60830. 60335. 63268.]
Task is 17.00% complete.
t1_sim:[60762. 60590. 62825.] t2_sim:[64734. 64753. 63335.]
Task is 18.00% complete.
t1_sim:[63298. 63322. 63223.] t2_sim:[63734. 63613. 60803.]
Task is 19.00% complete.
t1_sim:[57885. 57582. 57569.] t2_sim:[60104. 59841. 60019.]
Task is 20.00% complete.
t1_sim:[61316. 61424. 61010.] t2_sim:[60719. 60565. 58272.]
Task is 21.00% complete.
t1_sim:[57467. 58053. 60382.] t2_sim:[57817. 57590. 58676.]
Task is 22.00% complete.
t1_sim:[62652. 63035. 61365.] t2_sim:[68519. 68351. 68434.]
Task is 23.00% complete.
t1_sim:[59557. 59733. 58963.] t2_sim:[65122. 64837. 66293.]
Task is 24.00% complete.
t1_sim:[61830. 61801. 59525.] t2_sim:[66837. 66889. 63637.]
Task is 25.00% complete.
t1_sim:[64110. 63907. 61704.] t2_sim:[62099. 62286. 61348.]
Task is 26.00% complete.
t1_sim:[58645. 59113. 60631.] t2_sim:[61247. 61696. 59946.]
Task is 27.00% complete.
t1_sim:[67385. 67114. 66401.] t2_sim:[62765. 62314. 63147.]
Task is 28.00% complete.
t1_sim:[64597. 64285. 65577.] t2_sim:[58211. 57967. 58949.]
Task is 29.00% complete.
t1_sim:[64412. 64440. 63313.] t2_sim:[69432. 69191. 69145.]
Task is 30.00% complete.
t1_sim:[61692. 62043. 62460.] t2_sim:[69076. 68790. 65689.]
Task is 31.00% complete.
t1_sim:[64593. 64445. 64320.] t2_sim:[63960. 64406. 64044.]
Task is 32.00% complete.
t1_sim:[65960. 66031. 63467.] t2_sim:[62633. 62396. 61752.]
Task is 33.00% complete.
t1_sim:[67217. 67138. 66742.] t2_sim:[62812. 62956. 64128.]
Task is 34.00% complete.
t1_sim:[64363. 64477. 65790.] t2_sim:[60351. 60494. 61402.]
Task is 35.00% complete.
t1_sim:[63159. 63206. 64550.] t2_sim:[62016. 61647. 61991.]
Task is 36.00% complete.
t1_sim:[59289. 58945. 60409.] t2_sim:[58163. 58297. 58570.]
Task is 37.00% complete.
t1_sim:[64388. 64609. 64896.] t2_sim:[67559. 67432. 67616.]
Task is 38.00% complete.
t1_sim:[59469. 59306. 60140.] t2_sim:[68122. 68002. 66853.]
Task is 39.00% complete.
t1_sim:[55270. 55601. 57525.] t2_sim:[66433. 66234. 68178.]
Task is 40.00% complete.
t1_sim:[63728. 63873. 61477.] t2_sim:[61140. 60397. 59530.]
Task is 41.00% complete.
t1_sim:[63851. 63877. 61847.] t2_sim:[61905. 62053. 60946.]
Task is 42.00% complete.
t1_sim:[61626. 61425. 61882.] t2_sim:[64421. 64516. 63814.]
Task is 43.00% complete.
t1_sim:[58293. 58317. 62785.] t2_sim:[57111. 56918. 57755.]
Task is 44.00% complete.
t1_sim:[57042. 57288. 57917.] t2_sim:[65119. 65322. 62411.]
Task is 45.00% complete.
t1_sim:[65126. 64842. 65042.] t2_sim:[60364. 60361. 62109.]
Task is 46.00% complete.
t1_sim:[61139. 61437. 59175.] t2_sim:[62464. 62413. 62784.]
Task is 47.00% complete.
t1_sim:[65924. 65670. 63232.] t2_sim:[63407. 63533. 67236.]
Task is 48.00% complete.
t1_sim:[61229. 60837. 62060.] t2_sim:[62397. 62357. 61998.]
Task is 49.00% complete.
t1_sim:[65079. 64967. 63441.] t2_sim:[62563. 62658. 61621.]
Task is 50.00% complete.
t1_sim:[66161. 65990. 64288.] t2_sim:[65728. 66015. 64858.]
Task is 51.00% complete.
t1_sim:[66786. 66692. 65297.] t2_sim:[67918. 67403. 68487.]
Task is 52.00% complete.
t1_sim:[66050. 66146. 63840.] t2_sim:[67545. 67927. 67349.]
Task is 53.00% complete.
t1_sim:[64863. 64717. 64400.] t2_sim:[64827. 64528. 63543.]
Task is 54.00% complete.
t1_sim:[58655. 58275. 57507.] t2_sim:[63055. 63460. 65550.]
Task is 55.00% complete.
t1_sim:[65242. 65302. 64120.] t2_sim:[61132. 61138. 60626.]
Task is 56.00% complete.
t1_sim:[67220. 67484. 66056.] t2_sim:[61876. 62108. 65140.]
Task is 57.00% complete.
t1_sim:[69167. 68616. 66765.] t2_sim:[54884. 55077. 55288.]
Task is 58.00% complete.
t1_sim:[60245. 59581. 59064.] t2_sim:[58051. 58170. 57923.]
Task is 59.00% complete.
t1_sim:[60776. 60288. 60710.] t2_sim:[66390. 66220. 65506.]
Task is 60.00% complete.
t1_sim:[61376. 61006. 62568.] t2_sim:[65004. 65125. 67157.]
Task is 61.00% complete.
t1_sim:[60583. 60955. 61311.] t2_sim:[65684. 65509. 64647.]
Task is 62.00% complete.
t1_sim:[54101. 54216. 52557.] t2_sim:[67695. 67414. 66718.]
Task is 63.00% complete.
t1_sim:[64259. 64677. 64425.] t2_sim:[68580. 68760. 67000.]
Task is 64.00% complete.
t1_sim:[68705. 68663. 65479.] t2_sim:[63678. 63925. 63062.]
Task is 65.00% complete.
t1_sim:[58899. 58906. 57843.] t2_sim:[61231. 61331. 61292.]
Task is 66.00% complete.
t1_sim:[56862. 56788. 57808.] t2_sim:[61251. 61063. 58510.]
Task is 67.00% complete.
t1_sim:[60571. 60629. 61523.] t2_sim:[62155. 62156. 63139.]
Task is 68.00% complete.
t1_sim:[63148. 63763. 62622.] t2_sim:[60771. 60772. 59881.]
Task is 69.00% complete.
t1_sim:[61961. 62011. 60711.] t2_sim:[60942. 61338. 62047.]
Task is 70.00% complete.
t1_sim:[67679. 67617. 66835.] t2_sim:[61052. 61095. 61072.]
Task is 71.00% complete.
t1_sim:[66304. 66069. 65946.] t2_sim:[65790. 65548. 65816.]
Task is 72.00% complete.
t1_sim:[63739. 63754. 64713.] t2_sim:[65995. 65561. 65367.]
Task is 73.00% complete.
t1_sim:[54039. 53888. 55907.] t2_sim:[64812. 64153. 62403.]
Task is 74.00% complete.
t1_sim:[60800. 60613. 59570.] t2_sim:[62155. 62212. 60376.]
Task is 75.00% complete.
t1_sim:[66095. 65707. 65608.] t2_sim:[63377. 63381. 62415.]
Task is 76.00% complete.
t1_sim:[57883. 57695. 57292.] t2_sim:[64484. 64702. 65188.]
Task is 77.00% complete.
t1_sim:[61261. 61170. 62270.] t2_sim:[56379. 56292. 56627.]
Task is 78.00% complete.
t1_sim:[62816. 62805. 62109.] t2_sim:[62023. 62112. 62338.]
Task is 79.00% complete.
t1_sim:[63576. 63706. 63287.] t2_sim:[59994. 59955. 60308.]
Task is 80.00% complete.
t1_sim:[59714. 59438. 56835.] t2_sim:[66952. 66919. 63853.]
Task is 81.00% complete.
t1_sim:[63813. 63619. 63450.] t2_sim:[58192. 58344. 59789.]
Task is 82.00% complete.
t1_sim:[59770. 59847. 60902.] t2_sim:[60281. 60071. 61215.]
Task is 83.00% complete.
t1_sim:[58950. 58637. 58652.] t2_sim:[60934. 60814. 62443.]
Task is 84.00% complete.
t1_sim:[65001. 64725. 62224.] t2_sim:[59211. 58995. 58757.]
Task is 85.00% complete.
t1_sim:[62548. 62717. 62033.] t2_sim:[59647. 60015. 60139.]
Task is 86.00% complete.
t1_sim:[57830. 57297. 57749.] t2_sim:[62511. 62639. 61760.]
Task is 87.00% complete.
t1_sim:[58203. 58792. 61877.] t2_sim:[66375. 66417. 66670.]
Task is 88.00% complete.
t1_sim:[62844. 63092. 63579.] t2_sim:[66231. 66305. 66460.]
Task is 89.00% complete.
t1_sim:[60191. 60149. 62503.] t2_sim:[63058. 62943. 63502.]
Task is 90.00% complete.
t1_sim:[60869. 61337. 60120.] t2_sim:[66717. 66641. 66564.]
Task is 91.00% complete.
t1_sim:[58657. 58408. 60536.] t2_sim:[64499. 64332. 65380.]
Task is 92.00% complete.
t1_sim:[67068. 66762. 65618.] t2_sim:[63624. 63416. 60677.]
Task is 93.00% complete.
t1_sim:[63047. 62777. 61592.] t2_sim:[63943. 63967. 65283.]
Task is 94.00% complete.
t1_sim:[61586. 61520. 59495.] t2_sim:[55186. 55563. 54962.]
Task is 95.00% complete.
t1_sim:[67746. 68075. 71991.] t2_sim:[67808. 67684. 67877.]
Task is 96.00% complete.
t1_sim:[67774. 67831. 66495.] t2_sim:[61198. 61132. 59553.]
Task is 97.00% complete.
t1_sim:[64627. 64447. 63827.] t2_sim:[61991. 61674. 65316.]
Task is 98.00% complete.
t1_sim:[68498. 68321. 66260.] t2_sim:[62050. 61958. 61090.]
Task is 99.00% complete.
t1_sim:[62380. 62243. 62859.] t2_sim:[62545. 62620. 64100.]
Finished
