Begin
Training start
t1_obs:[array(93620.), array(71031.), array(70607.)] t2_obs:[array(87260.), array(63892.), array(65701.)]
corr_G1:[None, None, -5.1071213906483984e-17] corr_G2:[None, None, 1.0268244197298692e-19]
Training end
Task is 0.00% complete.
t1_sim:[64708. 64953. 63884.] t2_sim:[61669. 63451. 60833.]
Task is 1.00% complete.
t1_sim:[64239. 63751. 65300.] t2_sim:[66995. 65951. 61328.]
Task is 2.00% complete.
t1_sim:[66718. 67963. 66368.] t2_sim:[63589. 60718. 62396.]
Task is 3.00% complete.
t1_sim:[64082. 65444. 61061.] t2_sim:[64077. 63369. 63769.]
Task is 4.00% complete.
t1_sim:[62802. 62587. 66993.] t2_sim:[58523. 59015. 55814.]
Task is 5.00% complete.
t1_sim:[67531. 67717. 65274.] t2_sim:[65638. 66428. 61178.]
Task is 6.00% complete.
t1_sim:[68314. 67159. 68226.] t2_sim:[65774. 64873. 64773.]
Task is 7.00% complete.
t1_sim:[64955. 63712. 62137.] t2_sim:[67646. 65961. 66825.]
Task is 8.00% complete.
t1_sim:[65533. 65923. 67034.] t2_sim:[58776. 61140. 63126.]
Task is 9.00% complete.
t1_sim:[62624. 62528. 63454.] t2_sim:[65402. 65745. 66688.]
Task is 10.00% complete.
t1_sim:[62327. 62169. 62057.] t2_sim:[67361. 66607. 64758.]
Task is 11.00% complete.
t1_sim:[58844. 59871. 58957.] t2_sim:[62280. 61277. 63458.]
Task is 12.00% complete.
t1_sim:[64082. 64751. 64917.] t2_sim:[68504. 65802. 65004.]
Task is 13.00% complete.
t1_sim:[61078. 60171. 59616.] t2_sim:[61638. 61987. 61311.]
Task is 14.00% complete.
t1_sim:[56574. 55420. 55709.] t2_sim:[60437. 60575. 59053.]
Task is 15.00% complete.
t1_sim:[58934. 58968. 57059.] t2_sim:[61646. 63369. 61748.]
Task is 16.00% complete.
t1_sim:[65852. 65742. 64734.] t2_sim:[61292. 59958. 62201.]
Task is 17.00% complete.
t1_sim:[66517. 64325. 62309.] t2_sim:[59167. 56445. 59310.]
Task is 18.00% complete.
t1_sim:[67277. 64428. 67145.] t2_sim:[66549. 66852. 66744.]
Task is 19.00% complete.
t1_sim:[63656. 62496. 63743.] t2_sim:[65254. 64035. 63550.]
Task is 20.00% complete.
t1_sim:[58468. 59375. 55147.] t2_sim:[64462. 63987. 63790.]
Task is 21.00% complete.
t1_sim:[59325. 58429. 58180.] t2_sim:[64722. 65964. 65893.]
Task is 22.00% complete.
t1_sim:[66106. 65252. 67259.] t2_sim:[62591. 61512. 62605.]
Task is 23.00% complete.
t1_sim:[65789. 66751. 65916.] t2_sim:[59375. 61536. 60995.]
Task is 24.00% complete.
t1_sim:[60187. 64987. 60036.] t2_sim:[66186. 65266. 67037.]
Task is 25.00% complete.
t1_sim:[59177. 63307. 63394.] t2_sim:[66107. 67490. 64878.]
Task is 26.00% complete.
t1_sim:[65393. 65282. 65425.] t2_sim:[63609. 62337. 64563.]
Task is 27.00% complete.
t1_sim:[62140. 60908. 62630.] t2_sim:[61280. 61272. 61090.]
Task is 28.00% complete.
t1_sim:[60105. 60228. 57871.] t2_sim:[66939. 69469. 65143.]
Task is 29.00% complete.
t1_sim:[65135. 66662. 64766.] t2_sim:[64434. 63780. 65118.]
Task is 30.00% complete.
t1_sim:[66674. 68543. 69031.] t2_sim:[60931. 60921. 64177.]
Task is 31.00% complete.
t1_sim:[60108. 62250. 61346.] t2_sim:[62441. 62376. 63545.]
Task is 32.00% complete.
t1_sim:[61726. 60576. 61399.] t2_sim:[60014. 60451. 61155.]
Task is 33.00% complete.
t1_sim:[63394. 62074. 64673.] t2_sim:[62160. 61462. 62474.]
Task is 34.00% complete.
t1_sim:[64824. 66457. 63972.] t2_sim:[58924. 60073. 60802.]
Task is 35.00% complete.
t1_sim:[62296. 61059. 63230.] t2_sim:[57114. 58656. 61620.]
Task is 36.00% complete.
t1_sim:[59860. 58393. 61418.] t2_sim:[66210. 65542. 67649.]
Task is 37.00% complete.
t1_sim:[62420. 61896. 61561.] t2_sim:[65147. 66105. 68598.]
Task is 38.00% complete.
t1_sim:[63083. 64741. 63969.] t2_sim:[58681. 58816. 59549.]
Task is 39.00% complete.
t1_sim:[61067. 59336. 63538.] t2_sim:[59067. 63896. 58751.]
Task is 40.00% complete.
t1_sim:[63316. 64753. 69259.] t2_sim:[64287. 63377. 61003.]
Task is 41.00% complete.
t1_sim:[64144. 62895. 65390.] t2_sim:[55539. 54302. 58422.]
Task is 42.00% complete.
t1_sim:[63351. 65556. 66225.] t2_sim:[60692. 59606. 60663.]
Task is 43.00% complete.
t1_sim:[62422. 64567. 63629.] t2_sim:[59333. 60612. 59252.]
Task is 44.00% complete.
t1_sim:[62508. 62135. 64062.] t2_sim:[64798. 64770. 66983.]
Task is 45.00% complete.
t1_sim:[60614. 61543. 60317.] t2_sim:[58491. 60243. 59337.]
Task is 46.00% complete.
t1_sim:[55437. 56245. 54231.] t2_sim:[65543. 65574. 66589.]
Task is 47.00% complete.
t1_sim:[60438. 62956. 64685.] t2_sim:[63457. 62385. 63424.]
Task is 48.00% complete.
t1_sim:[61613. 62596. 61265.] t2_sim:[64774. 64643. 64187.]
Task is 49.00% complete.
t1_sim:[60707. 62392. 62802.] t2_sim:[62266. 58813. 61636.]
Task is 50.00% complete.
t1_sim:[59978. 60891. 61522.] t2_sim:[64544. 62922. 60442.]
Task is 51.00% complete.
t1_sim:[60567. 60716. 62539.] t2_sim:[60521. 63078. 59608.]
Task is 52.00% complete.
t1_sim:[62173. 61145. 61006.] t2_sim:[64598. 66466. 62702.]
Task is 53.00% complete.
t1_sim:[67964. 65946. 65045.] t2_sim:[63608. 64463. 66580.]
Task is 54.00% complete.
t1_sim:[63932. 63508. 63172.] t2_sim:[70807. 67681. 67396.]
Task is 55.00% complete.
t1_sim:[64381. 66084. 65439.] t2_sim:[64155. 65037. 61239.]
Task is 56.00% complete.
t1_sim:[60097. 63650. 62471.] t2_sim:[64995. 65055. 65264.]
Task is 57.00% complete.
t1_sim:[63214. 61514. 64854.] t2_sim:[63403. 65433. 66327.]
Task is 58.00% complete.
t1_sim:[61003. 60324. 59758.] t2_sim:[60399. 59324. 59599.]
Task is 59.00% complete.
t1_sim:[60411. 61006. 60866.] t2_sim:[62688. 63102. 59903.]
Task is 60.00% complete.
t1_sim:[61943. 63641. 61879.] t2_sim:[60110. 59762. 63217.]
Task is 61.00% complete.
t1_sim:[53030. 55826. 56743.] t2_sim:[66933. 66900. 65658.]
Task is 62.00% complete.
t1_sim:[61943. 62557. 62840.] t2_sim:[60638. 63383. 59527.]
Task is 63.00% complete.
t1_sim:[67467. 65248. 66078.] t2_sim:[60570. 60929. 58635.]
Task is 64.00% complete.
t1_sim:[57943. 56504. 59013.] t2_sim:[70377. 68616. 66691.]
Task is 65.00% complete.
t1_sim:[59775. 60933. 61096.] t2_sim:[66187. 65278. 62901.]
Task is 66.00% complete.
t1_sim:[57988. 56895. 57156.] t2_sim:[63140. 62661. 63114.]
Task is 67.00% complete.
t1_sim:[66767. 66566. 63642.] t2_sim:[63059. 62082. 62635.]
Task is 68.00% complete.
t1_sim:[62375. 60709. 61202.] t2_sim:[63169. 62024. 60736.]
Task is 69.00% complete.
t1_sim:[58254. 58226. 61671.] t2_sim:[61804. 63153. 58840.]
Task is 70.00% complete.
t1_sim:[65552. 64079. 65093.] t2_sim:[60084. 62441. 61187.]
Task is 71.00% complete.
t1_sim:[65566. 67342. 63924.] t2_sim:[59754. 60049. 62691.]
Task is 72.00% complete.
t1_sim:[65663. 66329. 64410.] t2_sim:[62888. 62465. 62984.]
Task is 73.00% complete.
t1_sim:[67027. 64141. 65086.] t2_sim:[61718. 61013. 66822.]
Task is 74.00% complete.
t1_sim:[63082. 61113. 63678.] t2_sim:[59472. 59024. 59376.]
Task is 75.00% complete.
t1_sim:[68369. 68432. 65028.] t2_sim:[66108. 66701. 65560.]
Task is 76.00% complete.
t1_sim:[63656. 65003. 66153.] t2_sim:[65018. 66352. 64588.]
Task is 77.00% complete.
t1_sim:[65332. 63508. 66145.] t2_sim:[62822. 62874. 64115.]
Task is 78.00% complete.
t1_sim:[63885. 63823. 61352.] t2_sim:[63824. 65008. 62305.]
Task is 79.00% complete.
t1_sim:[62173. 63277. 60178.] t2_sim:[59204. 60272. 57788.]
Task is 80.00% complete.
t1_sim:[58947. 60010. 61065.] t2_sim:[67618. 69481. 68234.]
Task is 81.00% complete.
t1_sim:[63624. 64117. 62968.] t2_sim:[64120. 62662. 63607.]
Task is 82.00% complete.
t1_sim:[60284. 61818. 64558.] t2_sim:[67020. 66431. 63842.]
Task is 83.00% complete.
t1_sim:[62950. 63439. 62359.] t2_sim:[58906. 59774. 61495.]
Task is 84.00% complete.
t1_sim:[64484. 63131. 61256.] t2_sim:[59833. 59198. 60926.]
Task is 85.00% complete.
t1_sim:[61365. 63232. 62993.] t2_sim:[59769. 59036. 59424.]
Task is 86.00% complete.
t1_sim:[60176. 60605. 58539.] t2_sim:[57740. 58741. 62529.]
Task is 87.00% complete.
t1_sim:[66630. 66918. 66286.] t2_sim:[58935. 60665. 60719.]
Task is 88.00% complete.
t1_sim:[62182. 61855. 67334.] t2_sim:[73474. 72660. 71275.]
Task is 89.00% complete.
t1_sim:[57289. 55719. 59646.] t2_sim:[56132. 58338. 56750.]
Task is 90.00% complete.
t1_sim:[62143. 62224. 61392.] t2_sim:[64143. 62381. 61845.]
Task is 91.00% complete.
t1_sim:[60358. 60608. 57969.] t2_sim:[59359. 60521. 59932.]
Task is 92.00% complete.
t1_sim:[57975. 58488. 59204.] t2_sim:[62551. 64407. 63658.]
Task is 93.00% complete.
t1_sim:[64562. 62558. 64378.] t2_sim:[67029. 66889. 65898.]
Task is 94.00% complete.
t1_sim:[67411. 70225. 68307.] t2_sim:[62580. 63755. 58887.]
Task is 95.00% complete.
t1_sim:[64455. 64954. 64243.] t2_sim:[62501. 62476. 60145.]
Task is 96.00% complete.
t1_sim:[61021. 61853. 55713.] t2_sim:[61551. 60874. 60895.]
Task is 97.00% complete.
t1_sim:[59101. 59415. 59854.] t2_sim:[67080. 66011. 69964.]
Task is 98.00% complete.
t1_sim:[63728. 65160. 65121.] t2_sim:[65463. 65707. 66245.]
Task is 99.00% complete.
t1_sim:[62343. 61745. 61412.] t2_sim:[67682. 66798. 65574.]
Training start
t1_obs:[array(93620.), array(71031.), array(68472.)] t2_obs:[array(87260.), array(63892.), array(62261.)]
corr_G1:[None, None, 0.9633353600580314] corr_G2:[None, None, 0.9990601513141446]
Training end
Task is 0.00% complete.
t1_sim:[62912. 65278. 66052.] t2_sim:[63462. 62191. 65230.]
Task is 1.00% complete.
t1_sim:[64316. 63574. 67932.] t2_sim:[69254. 68404. 70155.]
Task is 2.00% complete.
t1_sim:[65377. 64356. 65481.] t2_sim:[63149. 64714. 68243.]
Task is 3.00% complete.
t1_sim:[65507. 62423. 66807.] t2_sim:[62829. 65206. 68073.]
Task is 4.00% complete.
t1_sim:[64852. 62629. 66199.] t2_sim:[67822. 64879. 66268.]
Task is 5.00% complete.
t1_sim:[65084. 63976. 67377.] t2_sim:[61867. 61885. 62440.]
Task is 6.00% complete.
t1_sim:[59312. 59540. 59208.] t2_sim:[64008. 62931. 65307.]
Task is 7.00% complete.
t1_sim:[61576. 62646. 64237.] t2_sim:[65197. 64878. 66621.]
Task is 8.00% complete.
t1_sim:[64013. 63590. 64499.] t2_sim:[55975. 55619. 57385.]
Task is 9.00% complete.
t1_sim:[59124. 61176. 64331.] t2_sim:[61701. 60704. 60759.]
Task is 10.00% complete.
t1_sim:[59518. 58060. 60606.] t2_sim:[59933. 61541. 65704.]
Task is 11.00% complete.
t1_sim:[65218. 64859. 66713.] t2_sim:[60658. 62306. 65302.]
Task is 12.00% complete.
t1_sim:[66322. 68294. 71906.] t2_sim:[64486. 64934. 67861.]
Task is 13.00% complete.
t1_sim:[60477. 61578. 62421.] t2_sim:[59239. 59632. 60748.]
Task is 14.00% complete.
t1_sim:[64365. 62137. 64194.] t2_sim:[59703. 61705. 64908.]
Task is 15.00% complete.
t1_sim:[60592. 61293. 61611.] t2_sim:[58596. 56800. 61743.]
Task is 16.00% complete.
t1_sim:[60510. 63118. 67382.] t2_sim:[58496. 59259. 63543.]
Task is 17.00% complete.
t1_sim:[66373. 65636. 66701.] t2_sim:[65466. 65425. 69352.]
Task is 18.00% complete.
t1_sim:[60271. 57953. 60593.] t2_sim:[63837. 61908. 66505.]
Task is 19.00% complete.
t1_sim:[61528. 60668. 65632.] t2_sim:[64823. 63805. 66185.]
Task is 20.00% complete.
t1_sim:[59287. 59788. 62017.] t2_sim:[66928. 65757. 69086.]
Task is 21.00% complete.
t1_sim:[67010. 67056. 66784.] t2_sim:[62108. 62985. 64624.]
Task is 22.00% complete.
t1_sim:[68637. 67710. 70889.] t2_sim:[59038. 59254. 62002.]
Task is 23.00% complete.
t1_sim:[58244. 58266. 61978.] t2_sim:[61700. 64491. 66026.]
Task is 24.00% complete.
t1_sim:[62787. 59976. 62176.] t2_sim:[64722. 64926. 65530.]
Task is 25.00% complete.
t1_sim:[71795. 69055. 69360.] t2_sim:[65959. 64875. 67066.]
Task is 26.00% complete.
t1_sim:[62563. 63213. 64222.] t2_sim:[58656. 59732. 60231.]
Task is 27.00% complete.
t1_sim:[65218. 63999. 65227.] t2_sim:[68720. 68103. 70084.]
Task is 28.00% complete.
t1_sim:[69343. 70981. 72167.] t2_sim:[61096. 60730. 66016.]
Task is 29.00% complete.
t1_sim:[59567. 60374. 61601.] t2_sim:[64276. 64590. 65789.]
Task is 30.00% complete.
t1_sim:[66247. 66457. 68279.] t2_sim:[58586. 60197. 65264.]
Task is 31.00% complete.
t1_sim:[62134. 62338. 64279.] t2_sim:[64624. 62853. 63525.]
Task is 32.00% complete.
t1_sim:[66103. 63329. 64953.] t2_sim:[64980. 65877. 70269.]
Task is 33.00% complete.
t1_sim:[62854. 62950. 66523.] t2_sim:[60790. 60235. 61206.]
Task is 34.00% complete.
t1_sim:[59003. 59268. 63792.] t2_sim:[57651. 55880. 58721.]
Task is 35.00% complete.
t1_sim:[66071. 66750. 65995.] t2_sim:[60108. 61308. 62262.]
Task is 36.00% complete.
t1_sim:[65798. 67057. 69757.] t2_sim:[62991. 63171. 62964.]
Task is 37.00% complete.
t1_sim:[61039. 59619. 61346.] t2_sim:[61321. 59840. 61934.]
Task is 38.00% complete.
t1_sim:[62241. 63448. 66215.] t2_sim:[69138. 68290. 69609.]
Task is 39.00% complete.
t1_sim:[62761. 62184. 66646.] t2_sim:[61526. 61855. 65104.]
Task is 40.00% complete.
t1_sim:[56722. 57708. 61531.] t2_sim:[66238. 64920. 65936.]
Task is 41.00% complete.
t1_sim:[65480. 64851. 66130.] t2_sim:[65516. 65956. 66517.]
Task is 42.00% complete.
t1_sim:[59315. 61180. 63306.] t2_sim:[66420. 67248. 70720.]
Task is 43.00% complete.
t1_sim:[62410. 61491. 61381.] t2_sim:[62128. 61196. 65828.]
Task is 44.00% complete.
t1_sim:[62595. 62159. 65246.] t2_sim:[60490. 60576. 62707.]
Task is 45.00% complete.
t1_sim:[64912. 66677. 68014.] t2_sim:[57680. 58069. 61422.]
Task is 46.00% complete.
t1_sim:[70341. 72129. 73433.] t2_sim:[62526. 61417. 64292.]
Task is 47.00% complete.
t1_sim:[66791. 66543. 71715.] t2_sim:[59684. 59878. 62277.]
Task is 48.00% complete.
t1_sim:[63656. 63384. 67358.] t2_sim:[61236. 60958. 61954.]
Task is 49.00% complete.
t1_sim:[60477. 61682. 64508.] t2_sim:[67116. 66295. 67088.]
Task is 50.00% complete.
t1_sim:[57983. 59852. 61007.] t2_sim:[60618. 61787. 63658.]
Task is 51.00% complete.
t1_sim:[63395. 67107. 69283.] t2_sim:[63645. 63312. 64152.]
Task is 52.00% complete.
t1_sim:[63613. 68231. 70597.] t2_sim:[62028. 62414. 66325.]
Task is 53.00% complete.
t1_sim:[63665. 63180. 64264.] t2_sim:[64258. 63740. 64250.]
Task is 54.00% complete.
t1_sim:[64566. 65765. 69752.] t2_sim:[61105. 57956. 60878.]
Task is 55.00% complete.
t1_sim:[66230. 65395. 67953.] t2_sim:[58958. 60068. 62914.]
Task is 56.00% complete.
t1_sim:[65128. 67000. 69872.] t2_sim:[64968. 64549. 67766.]
Task is 57.00% complete.
t1_sim:[66587. 65134. 67944.] t2_sim:[65097. 64934. 67804.]
Task is 58.00% complete.
t1_sim:[59239. 61589. 64855.] t2_sim:[62408. 63024. 63860.]
Task is 59.00% complete.
t1_sim:[67375. 64477. 65415.] t2_sim:[61092. 59915. 61655.]
Task is 60.00% complete.
t1_sim:[63528. 64405. 67398.] t2_sim:[60345. 60889. 63245.]
Task is 61.00% complete.
t1_sim:[65099. 66493. 68650.] t2_sim:[62219. 61209. 65546.]
Task is 62.00% complete.
t1_sim:[68397. 69917. 70117.] t2_sim:[61569. 61912. 63560.]
Task is 63.00% complete.
t1_sim:[62284. 61636. 62097.] t2_sim:[59274. 61959. 64958.]
Task is 64.00% complete.
t1_sim:[66956. 69142. 69667.] t2_sim:[59990. 61713. 63055.]
Task is 65.00% complete.
t1_sim:[66395. 64862. 67330.] t2_sim:[62061. 62801. 67402.]
Task is 66.00% complete.
t1_sim:[61052. 60865. 62042.] t2_sim:[66356. 66690. 69322.]
Task is 67.00% complete.
t1_sim:[61317. 61044. 62200.] t2_sim:[62606. 64566. 66779.]
Task is 68.00% complete.
t1_sim:[62624. 63640. 66501.] t2_sim:[58408. 56447. 58881.]
Task is 69.00% complete.
t1_sim:[64021. 65323. 68573.] t2_sim:[68054. 64575. 65174.]
Task is 70.00% complete.
t1_sim:[69790. 69277. 70421.] t2_sim:[62925. 61205. 61702.]
Task is 71.00% complete.
t1_sim:[64912. 65956. 68999.] t2_sim:[61094. 60689. 62541.]
Task is 72.00% complete.
t1_sim:[55763. 56664. 59839.] t2_sim:[64533. 63926. 65603.]
Task is 73.00% complete.
t1_sim:[58735. 57142. 59674.] t2_sim:[65101. 64631. 66995.]
Task is 74.00% complete.
t1_sim:[60527. 61160. 62593.] t2_sim:[61927. 62476. 61022.]
Task is 75.00% complete.
t1_sim:[61903. 61785. 65572.] t2_sim:[65976. 63206. 64510.]
Task is 76.00% complete.
t1_sim:[61893. 61325. 65492.] t2_sim:[58887. 60408. 61025.]
Task is 77.00% complete.
t1_sim:[58248. 57872. 62219.] t2_sim:[59590. 62013. 63082.]
Task is 78.00% complete.
t1_sim:[62079. 61841. 64242.] t2_sim:[61664. 61000. 64704.]
Task is 79.00% complete.
t1_sim:[60548. 60651. 63579.] t2_sim:[66020. 66003. 71211.]
Task is 80.00% complete.
t1_sim:[68265. 66023. 66606.] t2_sim:[63570. 65150. 67380.]
Task is 81.00% complete.
t1_sim:[58800. 58593. 58915.] t2_sim:[54437. 54269. 58042.]
Task is 82.00% complete.
t1_sim:[64702. 64542. 66661.] t2_sim:[55832. 53900. 58543.]
Task is 83.00% complete.
t1_sim:[63647. 63326. 67144.] t2_sim:[62980. 63524. 65252.]
Task is 84.00% complete.
t1_sim:[59814. 60962. 60826.] t2_sim:[62299. 64370. 65711.]
Task is 85.00% complete.
t1_sim:[62187. 63311. 64280.] t2_sim:[65785. 66890. 69380.]
Task is 86.00% complete.
t1_sim:[60508. 60156. 63527.] t2_sim:[60252. 60354. 62321.]
Task is 87.00% complete.
t1_sim:[59602. 58350. 64829.] t2_sim:[63857. 65067. 69625.]
Task is 88.00% complete.
t1_sim:[63396. 62011. 63911.] t2_sim:[61837. 61839. 65052.]
Task is 89.00% complete.
t1_sim:[62454. 61863. 64030.] t2_sim:[64673. 65564. 68415.]
Task is 90.00% complete.
t1_sim:[60340. 60643. 60169.] t2_sim:[61228. 59998. 64364.]
Task is 91.00% complete.
t1_sim:[55768. 55296. 58968.] t2_sim:[65338. 65594. 68815.]
Task is 92.00% complete.
t1_sim:[63810. 63910. 68238.] t2_sim:[63004. 60932. 65054.]
Task is 93.00% complete.
t1_sim:[58348. 58230. 61900.] t2_sim:[69215. 69263. 71829.]
Task is 94.00% complete.
t1_sim:[61819. 62844. 66561.] t2_sim:[62324. 63460. 67193.]
Task is 95.00% complete.
t1_sim:[60653. 60190. 62982.] t2_sim:[63612. 62496. 64078.]
Task is 96.00% complete.
t1_sim:[59889. 61538. 63387.] t2_sim:[61034. 61622. 64372.]
Task is 97.00% complete.
t1_sim:[61834. 63532. 65359.] t2_sim:[67865. 67412. 68607.]
Task is 98.00% complete.
t1_sim:[57105. 55695. 58966.] t2_sim:[65976. 66634. 68237.]
Task is 99.00% complete.
t1_sim:[58927. 61649. 62716.] t2_sim:[63449. 62374. 64208.]
Training start
t1_obs:[array(93620.), array(71031.), array(67520.)] t2_obs:[array(87260.), array(63892.), array(63949.)]
corr_G1:[None, None, 0.25111773237639157] corr_G2:[None, None, 0.12087427501754605]
Training end
Task is 0.00% complete.
t1_sim:[58854. 60382. 55111.] t2_sim:[58762. 58507. 56481.]
Task is 1.00% complete.
t1_sim:[68170. 68124. 64598.] t2_sim:[68848. 69533. 66071.]
Task is 2.00% complete.
t1_sim:[67762. 67521. 61781.] t2_sim:[67357. 66072. 63450.]
Task is 3.00% complete.
t1_sim:[59991. 63211. 60488.] t2_sim:[58563. 60106. 61378.]
Task is 4.00% complete.
t1_sim:[63924. 62240. 58740.] t2_sim:[61621. 60966. 59399.]
Task is 5.00% complete.
t1_sim:[63358. 62480. 57207.] t2_sim:[60393. 60750. 59453.]
Task is 6.00% complete.
t1_sim:[63014. 61957. 58072.] t2_sim:[66310. 64964. 63542.]
Task is 7.00% complete.
t1_sim:[61929. 61104. 57650.] t2_sim:[63235. 63497. 63837.]
Task is 8.00% complete.
t1_sim:[67399. 68855. 62359.] t2_sim:[59878. 61260. 61789.]
Task is 9.00% complete.
t1_sim:[60456. 61628. 57066.] t2_sim:[62835. 61414. 61383.]
Task is 10.00% complete.
t1_sim:[64960. 64620. 58867.] t2_sim:[67657. 67590. 65872.]
Task is 11.00% complete.
t1_sim:[61557. 60873. 58473.] t2_sim:[64752. 63429. 60786.]
Task is 12.00% complete.
t1_sim:[63751. 64386. 58168.] t2_sim:[63030. 61689. 61929.]
Task is 13.00% complete.
t1_sim:[68507. 66289. 61135.] t2_sim:[62623. 63078. 61414.]
Task is 14.00% complete.
t1_sim:[64083. 63917. 61865.] t2_sim:[59585. 60944. 57244.]
Task is 15.00% complete.
t1_sim:[63198. 63502. 60435.] t2_sim:[59287. 58725. 59144.]
Task is 16.00% complete.
t1_sim:[64278. 62845. 60861.] t2_sim:[70734. 71227. 66354.]
Task is 17.00% complete.
t1_sim:[62210. 58715. 56083.] t2_sim:[61865. 62951. 60798.]
Task is 18.00% complete.
t1_sim:[56626. 56573. 51119.] t2_sim:[59930. 59804. 59084.]
Task is 19.00% complete.
t1_sim:[58821. 57938. 53536.] t2_sim:[56745. 56728. 55175.]
Task is 20.00% complete.
t1_sim:[63483. 62556. 57658.] t2_sim:[62228. 62491. 62756.]
Task is 21.00% complete.
t1_sim:[56288. 56083. 50688.] t2_sim:[57794. 59173. 59080.]
Task is 22.00% complete.
t1_sim:[61674. 60850. 55875.] t2_sim:[67630. 67078. 65732.]
Task is 23.00% complete.
t1_sim:[61244. 64134. 57316.] t2_sim:[61998. 59399. 58199.]
Task is 24.00% complete.
t1_sim:[67320. 66835. 62804.] t2_sim:[62369. 60374. 61439.]
Task is 25.00% complete.
t1_sim:[59250. 57860. 53593.] t2_sim:[57221. 57435. 57807.]
Task is 26.00% complete.
t1_sim:[61447. 64722. 59111.] t2_sim:[59840. 59950. 57724.]
Task is 27.00% complete.
t1_sim:[63319. 62267. 58314.] t2_sim:[65647. 66943. 64762.]
Task is 28.00% complete.
t1_sim:[66078. 65438. 58706.] t2_sim:[60961. 59580. 57459.]
Task is 29.00% complete.
t1_sim:[60139. 62359. 58688.] t2_sim:[61546. 62043. 58768.]
Task is 30.00% complete.
t1_sim:[68428. 69309. 62762.] t2_sim:[59075. 58372. 54753.]
Task is 31.00% complete.
t1_sim:[62506. 62542. 59380.] t2_sim:[56983. 56617. 56959.]
Task is 32.00% complete.
t1_sim:[61834. 63133. 57815.] t2_sim:[52084. 53128. 50855.]
Task is 33.00% complete.
t1_sim:[61622. 61497. 59567.] t2_sim:[66088. 67138. 65318.]
Task is 34.00% complete.
t1_sim:[63128. 63730. 58115.] t2_sim:[66421. 66631. 64700.]
Task is 35.00% complete.
t1_sim:[61792. 62451. 60148.] t2_sim:[60033. 60971. 58246.]
Task is 36.00% complete.
t1_sim:[66629. 66426. 61568.] t2_sim:[63767. 62222. 64147.]
Task is 37.00% complete.
t1_sim:[63703. 64873. 61277.] t2_sim:[65287. 64510. 62148.]
Task is 38.00% complete.
t1_sim:[65758. 65938. 60913.] t2_sim:[56405. 57650. 53898.]
Task is 39.00% complete.
t1_sim:[62100. 60641. 55741.] t2_sim:[62407. 63979. 63619.]
Task is 40.00% complete.
t1_sim:[57314. 57336. 54582.] t2_sim:[62955. 60545. 60840.]
Task is 41.00% complete.
t1_sim:[64099. 65469. 62228.] t2_sim:[67587. 69775. 66010.]
Task is 42.00% complete.
t1_sim:[61493. 61299. 58622.] t2_sim:[63876. 63828. 63758.]
Task is 43.00% complete.
t1_sim:[65923. 64301. 60102.] t2_sim:[64164. 63211. 61396.]
Task is 44.00% complete.
t1_sim:[68707. 69661. 62655.] t2_sim:[61403. 61250. 57084.]
Task is 45.00% complete.
t1_sim:[61587. 60419. 56793.] t2_sim:[64749. 63915. 63498.]
Task is 46.00% complete.
t1_sim:[63562. 65359. 60619.] t2_sim:[60763. 59276. 58206.]
Task is 47.00% complete.
t1_sim:[62004. 61933. 55500.] t2_sim:[65057. 64516. 61807.]
Task is 48.00% complete.
t1_sim:[60976. 61002. 56848.] t2_sim:[61660. 60494. 59775.]
Task is 49.00% complete.
t1_sim:[62493. 62684. 59952.] t2_sim:[62146. 63457. 61504.]
Task is 50.00% complete.
t1_sim:[59294. 59288. 54105.] t2_sim:[64559. 61965. 61564.]
Task is 51.00% complete.
t1_sim:[59591. 60092. 55127.] t2_sim:[66914. 66858. 63344.]
Task is 52.00% complete.
t1_sim:[63474. 63469. 59804.] t2_sim:[60155. 59034. 57495.]
Task is 53.00% complete.
t1_sim:[66317. 67258. 65128.] t2_sim:[59733. 59487. 61855.]
Task is 54.00% complete.
t1_sim:[69202. 70360. 64667.] t2_sim:[64233. 64589. 63009.]
Task is 55.00% complete.
t1_sim:[57759. 57460. 55612.] t2_sim:[62570. 62441. 61237.]
Task is 56.00% complete.
t1_sim:[62121. 62290. 57872.] t2_sim:[63083. 61338. 60268.]
Task is 57.00% complete.
t1_sim:[68106. 66328. 60393.] t2_sim:[63262. 63827. 60081.]
Task is 58.00% complete.
t1_sim:[68591. 66015. 60807.] t2_sim:[61465. 62253. 63294.]
Task is 59.00% complete.
t1_sim:[62909. 63843. 59387.] t2_sim:[58568. 59576. 59933.]
Task is 60.00% complete.
t1_sim:[67900. 68257. 64311.] t2_sim:[64100. 64441. 64715.]
Task is 61.00% complete.
t1_sim:[58205. 60658. 56225.] t2_sim:[61990. 60040. 58761.]
Task is 62.00% complete.
t1_sim:[56977. 58292. 55220.] t2_sim:[60713. 59943. 57841.]
Task is 63.00% complete.
t1_sim:[61354. 61983. 57091.] t2_sim:[67206. 67507. 66421.]
Task is 64.00% complete.
t1_sim:[56225. 56296. 50584.] t2_sim:[67009. 68063. 65930.]
Task is 65.00% complete.
t1_sim:[61755. 61731. 56130.] t2_sim:[67813. 66731. 62656.]
Task is 66.00% complete.
t1_sim:[63433. 63170. 58838.] t2_sim:[58648. 61142. 58220.]
Task is 67.00% complete.
t1_sim:[69108. 70319. 64928.] t2_sim:[64707. 67090. 65785.]
Task is 68.00% complete.
t1_sim:[61012. 61578. 56386.] t2_sim:[61747. 62355. 61794.]
Task is 69.00% complete.
t1_sim:[65336. 68398. 64654.] t2_sim:[65041. 64055. 63202.]
Task is 70.00% complete.
t1_sim:[63753. 64955. 60041.] t2_sim:[67784. 68245. 69027.]
Task is 71.00% complete.
t1_sim:[65480. 64205. 59428.] t2_sim:[61751. 61992. 60902.]
Task is 72.00% complete.
t1_sim:[62930. 61783. 58390.] t2_sim:[59917. 61031. 62051.]
Task is 73.00% complete.
t1_sim:[59525. 60234. 59450.] t2_sim:[61623. 60908. 59215.]
Task is 74.00% complete.
t1_sim:[68071. 67441. 65913.] t2_sim:[62958. 64705. 61194.]
Task is 75.00% complete.
t1_sim:[59526. 58300. 54607.] t2_sim:[65239. 65738. 66079.]
Task is 76.00% complete.
t1_sim:[63259. 62967. 57823.] t2_sim:[61467. 63832. 61299.]
Task is 77.00% complete.
t1_sim:[57332. 59407. 54002.] t2_sim:[60007. 59968. 57609.]
Task is 78.00% complete.
t1_sim:[60733. 61931. 60449.] t2_sim:[60858. 61234. 60399.]
Task is 79.00% complete.
t1_sim:[53135. 53961. 49733.] t2_sim:[62681. 62405. 60204.]
Task is 80.00% complete.
t1_sim:[60430. 60073. 57264.] t2_sim:[58565. 58997. 58898.]
Task is 81.00% complete.
t1_sim:[62593. 63386. 59604.] t2_sim:[59006. 59221. 57485.]
Task is 82.00% complete.
t1_sim:[63624. 63079. 60061.] t2_sim:[61131. 59559. 59699.]
Task is 83.00% complete.
t1_sim:[60808. 61395. 57201.] t2_sim:[63667. 64909. 62516.]
Task is 84.00% complete.
t1_sim:[68496. 69519. 66852.] t2_sim:[59929. 60982. 61256.]
Task is 85.00% complete.
t1_sim:[67586. 66009. 61044.] t2_sim:[65078. 63493. 62280.]
Task is 86.00% complete.
t1_sim:[59404. 61769. 59665.] t2_sim:[68267. 68603. 66597.]
Task is 87.00% complete.
t1_sim:[59301. 58354. 52235.] t2_sim:[59521. 57770. 58552.]
Task is 88.00% complete.
t1_sim:[54517. 55037. 54746.] t2_sim:[64669. 64929. 65081.]
Task is 89.00% complete.
t1_sim:[69215. 66850. 63978.] t2_sim:[60436. 62725. 64217.]
Task is 90.00% complete.
t1_sim:[63450. 63905. 59433.] t2_sim:[59179. 58833. 57429.]
Task is 91.00% complete.
t1_sim:[62575. 62236. 59637.] t2_sim:[62868. 61909. 61250.]
Task is 92.00% complete.
t1_sim:[59783. 62621. 57422.] t2_sim:[61772. 60734. 60272.]
Task is 93.00% complete.
t1_sim:[62597. 65268. 59263.] t2_sim:[62080. 63021. 62823.]
Task is 94.00% complete.
t1_sim:[68878. 67268. 61544.] t2_sim:[62926. 63337. 63886.]
Task is 95.00% complete.
t1_sim:[66028. 64824. 60109.] t2_sim:[59118. 58717. 57124.]
Task is 96.00% complete.
t1_sim:[61089. 62833. 57351.] t2_sim:[60936. 60183. 59333.]
Task is 97.00% complete.
t1_sim:[63135. 62243. 56688.] t2_sim:[64301. 63003. 61511.]
Task is 98.00% complete.
t1_sim:[62140. 60705. 59212.] t2_sim:[63495. 64596. 63760.]
Task is 99.00% complete.
t1_sim:[64310. 63906. 61312.] t2_sim:[67237. 67674. 63668.]
Finished
