Begin
Training start
t1_obs:[array(54761.), array(54835.), array(56615.)] t2_obs:[array(62670.), array(63214.), array(64991.)]
corr_G1:[None, None, 2.917665022912148e-17] corr_G2:[None, None, 0]
Training end
Task is 0.00% complete.
t1_sim:[63917. 63870. 60915.] t2_sim:[62799. 62846. 60938.]
Task is 1.00% complete.
t1_sim:[67122. 67134. 64446.] t2_sim:[62015. 61921. 64791.]
Task is 2.00% complete.
t1_sim:[58376. 58215. 60806.] t2_sim:[64187. 64293. 64980.]
Task is 3.00% complete.
t1_sim:[58830. 58730. 60476.] t2_sim:[64975. 65070. 64662.]
Task is 4.00% complete.
t1_sim:[60816. 60674. 60636.] t2_sim:[66610. 66439. 67024.]
Task is 5.00% complete.
t1_sim:[58521. 58650. 58899.] t2_sim:[69656. 69298. 65456.]
Task is 6.00% complete.
t1_sim:[67876. 68084. 63891.] t2_sim:[61778. 61429. 58861.]
Task is 7.00% complete.
t1_sim:[64448. 64544. 66586.] t2_sim:[60521. 60327. 63904.]
Task is 8.00% complete.
t1_sim:[58225. 57786. 57694.] t2_sim:[66648. 66612. 66388.]
Task is 9.00% complete.
t1_sim:[58054. 58045. 63991.] t2_sim:[63051. 63248. 61264.]
Task is 10.00% complete.
t1_sim:[60871. 60684. 58628.] t2_sim:[69042. 68944. 68976.]
Task is 11.00% complete.
t1_sim:[65350. 65423. 65554.] t2_sim:[64069. 64200. 62355.]
Task is 12.00% complete.
t1_sim:[62387. 62577. 64560.] t2_sim:[61920. 62001. 64394.]
Task is 13.00% complete.
t1_sim:[69349. 69143. 69630.] t2_sim:[59014. 59069. 63347.]
Task is 14.00% complete.
t1_sim:[63265. 63213. 60843.] t2_sim:[63609. 63707. 61881.]
Task is 15.00% complete.
t1_sim:[64343. 64439. 65872.] t2_sim:[63655. 63923. 64541.]
Task is 16.00% complete.
t1_sim:[64455. 64614. 63759.] t2_sim:[65587. 65976. 63542.]
Task is 17.00% complete.
t1_sim:[61514. 61418. 61833.] t2_sim:[54612. 54702. 57100.]
Task is 18.00% complete.
t1_sim:[60497. 60345. 59285.] t2_sim:[64231. 64236. 67304.]
Task is 19.00% complete.
t1_sim:[57622. 57434. 59090.] t2_sim:[63647. 63485. 64052.]
Task is 20.00% complete.
t1_sim:[63135. 63209. 63921.] t2_sim:[65487. 65419. 64103.]
Task is 21.00% complete.
t1_sim:[58826. 58881. 63174.] t2_sim:[65742. 65925. 68709.]
Task is 22.00% complete.
t1_sim:[69577. 69814. 70090.] t2_sim:[62460. 62233. 62464.]
Task is 23.00% complete.
t1_sim:[60046. 60090. 61775.] t2_sim:[58340. 58613. 59563.]
Task is 24.00% complete.
t1_sim:[66999. 66636. 69067.] t2_sim:[59386. 59337. 58660.]
Task is 25.00% complete.
t1_sim:[64664. 64497. 62714.] t2_sim:[61084. 61279. 59311.]
Task is 26.00% complete.
t1_sim:[67791. 67836. 70344.] t2_sim:[56289. 56463. 59207.]
Task is 27.00% complete.
t1_sim:[63762. 63873. 60057.] t2_sim:[66549. 66761. 65137.]
Task is 28.00% complete.
t1_sim:[59093. 58998. 60853.] t2_sim:[60583. 60267. 63265.]
Task is 29.00% complete.
t1_sim:[58638. 58595. 60971.] t2_sim:[61789. 61913. 59063.]
Task is 30.00% complete.
t1_sim:[67554. 67136. 64663.] t2_sim:[56239. 56438. 55446.]
Task is 31.00% complete.
t1_sim:[64324. 64469. 61416.] t2_sim:[65569. 65645. 64472.]
Task is 32.00% complete.
t1_sim:[60419. 60530. 61381.] t2_sim:[59300. 59647. 65732.]
Task is 33.00% complete.
t1_sim:[61063. 61406. 62521.] t2_sim:[62480. 62606. 61528.]
Task is 34.00% complete.
t1_sim:[64157. 64222. 63972.] t2_sim:[64000. 63721. 67085.]
Task is 35.00% complete.
t1_sim:[63934. 63631. 58029.] t2_sim:[60447. 60731. 58682.]
Task is 36.00% complete.
t1_sim:[60400. 60500. 60957.] t2_sim:[65745. 65963. 64706.]
Task is 37.00% complete.
t1_sim:[61991. 62208. 63908.] t2_sim:[64953. 64715. 61853.]
Task is 38.00% complete.
t1_sim:[60489. 60263. 61891.] t2_sim:[60466. 60600. 58860.]
Task is 39.00% complete.
t1_sim:[57526. 57235. 56483.] t2_sim:[58579. 59124. 61063.]
Task is 40.00% complete.
t1_sim:[62963. 62907. 59069.] t2_sim:[66623. 66646. 70253.]
Task is 41.00% complete.
t1_sim:[64176. 64298. 62921.] t2_sim:[62087. 61825. 61672.]
Task is 42.00% complete.
t1_sim:[63239. 62827. 59817.] t2_sim:[61895. 61506. 66495.]
Task is 43.00% complete.
t1_sim:[56870. 57202. 58002.] t2_sim:[68909. 69276. 71709.]
Task is 44.00% complete.
t1_sim:[62718. 62480. 61096.] t2_sim:[55416. 55341. 54221.]
Task is 45.00% complete.
t1_sim:[66295. 65988. 65437.] t2_sim:[60450. 60257. 60385.]
Task is 46.00% complete.
t1_sim:[59077. 59206. 59784.] t2_sim:[62729. 62546. 63643.]
Task is 47.00% complete.
t1_sim:[65187. 65399. 64095.] t2_sim:[66188. 66376. 63283.]
Task is 48.00% complete.
t1_sim:[64791. 64988. 63666.] t2_sim:[65561. 65605. 63150.]
Task is 49.00% complete.
t1_sim:[64045. 64004. 61079.] t2_sim:[59153. 59356. 59575.]
Task is 50.00% complete.
t1_sim:[61892. 61794. 60622.] t2_sim:[62249. 62225. 62189.]
Task is 51.00% complete.
t1_sim:[68530. 67838. 64685.] t2_sim:[66621. 66647. 67715.]
Task is 52.00% complete.
t1_sim:[63712. 63453. 57783.] t2_sim:[64768. 64950. 65091.]
Task is 53.00% complete.
t1_sim:[64220. 64309. 65639.] t2_sim:[65748. 66321. 66808.]
Task is 54.00% complete.
t1_sim:[64876. 64813. 63275.] t2_sim:[61246. 61101. 60939.]
Task is 55.00% complete.
t1_sim:[59970. 59931. 63457.] t2_sim:[64443. 64697. 64935.]
Task is 56.00% complete.
t1_sim:[58750. 59189. 60207.] t2_sim:[65414. 65484. 68111.]
Task is 57.00% complete.
t1_sim:[65946. 66098. 67126.] t2_sim:[59698. 60102. 61109.]
Task is 58.00% complete.
t1_sim:[65233. 65510. 63022.] t2_sim:[65640. 65875. 67048.]
Task is 59.00% complete.
t1_sim:[62277. 62267. 59013.] t2_sim:[65685. 65888. 63692.]
Task is 60.00% complete.
t1_sim:[65564. 65855. 66303.] t2_sim:[65250. 64994. 62295.]
Task is 61.00% complete.
t1_sim:[61906. 61792. 61334.] t2_sim:[62706. 62542. 59219.]
Task is 62.00% complete.
t1_sim:[61947. 61901. 63400.] t2_sim:[56605. 56828. 56625.]
Task is 63.00% complete.
t1_sim:[59438. 59476. 60994.] t2_sim:[63753. 64092. 64223.]
Task is 64.00% complete.
t1_sim:[65208. 64947. 68769.] t2_sim:[65851. 66247. 64314.]
Task is 65.00% complete.
t1_sim:[61884. 62110. 58795.] t2_sim:[66297. 66634. 67069.]
Task is 66.00% complete.
t1_sim:[64524. 64359. 62082.] t2_sim:[64924. 64858. 65329.]
Task is 67.00% complete.
t1_sim:[60983. 60765. 58225.] t2_sim:[61758. 62168. 64201.]
Task is 68.00% complete.
t1_sim:[57927. 58029. 59321.] t2_sim:[57458. 57698. 60504.]
Task is 69.00% complete.
t1_sim:[66252. 66263. 67747.] t2_sim:[58697. 58275. 60818.]
Task is 70.00% complete.
t1_sim:[69249. 69400. 67455.] t2_sim:[70920. 70810. 68653.]
Task is 71.00% complete.
t1_sim:[66741. 66936. 63239.] t2_sim:[63196. 63220. 63030.]
Task is 72.00% complete.
t1_sim:[66564. 66783. 64285.] t2_sim:[60403. 60281. 57951.]
Task is 73.00% complete.
t1_sim:[65397. 65518. 66830.] t2_sim:[65304. 65349. 65687.]
Task is 74.00% complete.
t1_sim:[65380. 65388. 63779.] t2_sim:[65147. 65149. 63204.]
Task is 75.00% complete.
t1_sim:[62527. 62891. 63065.] t2_sim:[60194. 60083. 63279.]
Task is 76.00% complete.
t1_sim:[61684. 61418. 58537.] t2_sim:[61844. 61770. 64226.]
Task is 77.00% complete.
t1_sim:[64536. 64901. 65855.] t2_sim:[62490. 62614. 62759.]
Task is 78.00% complete.
t1_sim:[60127. 59940. 65053.] t2_sim:[54774. 55302. 57776.]
Task is 79.00% complete.
t1_sim:[57481. 57586. 57483.] t2_sim:[65421. 65737. 70126.]
Task is 80.00% complete.
t1_sim:[67164. 67377. 69581.] t2_sim:[60941. 61277. 62793.]
Task is 81.00% complete.
t1_sim:[57843. 58032. 59974.] t2_sim:[61850. 62053. 59631.]
Task is 82.00% complete.
t1_sim:[64594. 64933. 61477.] t2_sim:[61925. 62251. 62469.]
Task is 83.00% complete.
t1_sim:[60205. 60039. 60975.] t2_sim:[65097. 65632. 66435.]
Task is 84.00% complete.
t1_sim:[65912. 65915. 63400.] t2_sim:[61798. 61599. 59173.]
Task is 85.00% complete.
t1_sim:[63227. 63429. 63338.] t2_sim:[62861. 62768. 63377.]
Task is 86.00% complete.
t1_sim:[61191. 61047. 57638.] t2_sim:[60914. 60766. 62160.]
Task is 87.00% complete.
t1_sim:[68113. 68115. 65091.] t2_sim:[68676. 68408. 69580.]
Task is 88.00% complete.
t1_sim:[64936. 64829. 62726.] t2_sim:[57509. 57784. 60772.]
Task is 89.00% complete.
t1_sim:[64896. 65021. 65231.] t2_sim:[67041. 67365. 69147.]
Task is 90.00% complete.
t1_sim:[65664. 65739. 65801.] t2_sim:[64530. 64606. 65141.]
Task is 91.00% complete.
t1_sim:[63722. 63623. 62587.] t2_sim:[62843. 63128. 60955.]
Task is 92.00% complete.
t1_sim:[64701. 64580. 64052.] t2_sim:[62057. 61903. 62070.]
Task is 93.00% complete.
t1_sim:[63052. 62883. 64496.] t2_sim:[59514. 59942. 57989.]
Task is 94.00% complete.
t1_sim:[63723. 63627. 61918.] t2_sim:[65191. 65176. 63214.]
Task is 95.00% complete.
t1_sim:[61731. 61617. 58787.] t2_sim:[72699. 72715. 70915.]
Task is 96.00% complete.
t1_sim:[60586. 60587. 62764.] t2_sim:[63863. 63961. 64087.]
Task is 97.00% complete.
t1_sim:[59003. 59238. 60471.] t2_sim:[55874. 55715. 58890.]
Task is 98.00% complete.
t1_sim:[63258. 63039. 69997.] t2_sim:[64403. 64515. 64276.]
Task is 99.00% complete.
t1_sim:[66622. 66538. 65938.] t2_sim:[63072. 63773. 63612.]
Training start
t1_obs:[array(54761.), array(54835.), array(54906.)] t2_obs:[array(62670.), array(63214.), array(65446.)]
corr_G1:[None, None, 0.999554167506421] corr_G2:[None, None, 0.9908013139222871]
Training end
Task is 0.00% complete.
t1_sim:[63056. 63206. 63384.] t2_sim:[64685. 64595. 65084.]
Task is 1.00% complete.
t1_sim:[59391. 59329. 60416.] t2_sim:[64404. 64533. 65762.]
Task is 2.00% complete.
t1_sim:[62372. 62068. 60980.] t2_sim:[70416. 70308. 69523.]
Task is 3.00% complete.
t1_sim:[62905. 62856. 62184.] t2_sim:[65669. 66124. 66690.]
Task is 4.00% complete.
t1_sim:[62852. 62950. 64571.] t2_sim:[64084. 64059. 64643.]
Task is 5.00% complete.
t1_sim:[59012. 59036. 59856.] t2_sim:[60863. 61089. 59942.]
Task is 6.00% complete.
t1_sim:[58556. 58847. 60558.] t2_sim:[65565. 65421. 62929.]
Task is 7.00% complete.
t1_sim:[62841. 63495. 63594.] t2_sim:[65304. 65532. 66311.]
Task is 8.00% complete.
t1_sim:[61829. 61984. 64886.] t2_sim:[65687. 65820. 66200.]
Task is 9.00% complete.
t1_sim:[58985. 59344. 60327.] t2_sim:[59239. 58994. 59085.]
Task is 10.00% complete.
t1_sim:[66738. 66596. 64883.] t2_sim:[62513. 62974. 63719.]
Task is 11.00% complete.
t1_sim:[55989. 56210. 58215.] t2_sim:[65502. 65299. 63732.]
Task is 12.00% complete.
t1_sim:[61460. 61488. 64743.] t2_sim:[60948. 60549. 60434.]
Task is 13.00% complete.
t1_sim:[61847. 61503. 63305.] t2_sim:[62678. 62815. 59733.]
Task is 14.00% complete.
t1_sim:[60929. 60525. 60270.] t2_sim:[61686. 61623. 63862.]
Task is 15.00% complete.
t1_sim:[61977. 61847. 62197.] t2_sim:[68516. 68039. 66143.]
Task is 16.00% complete.
t1_sim:[57822. 57889. 58383.] t2_sim:[60158. 60074. 61185.]
Task is 17.00% complete.
t1_sim:[67731. 68414. 68284.] t2_sim:[55206. 54506. 54235.]
Task is 18.00% complete.
t1_sim:[58645. 58590. 58511.] t2_sim:[57457. 57113. 56329.]
Task is 19.00% complete.
t1_sim:[63791. 64192. 64055.] t2_sim:[61956. 62070. 61425.]
Task is 20.00% complete.
t1_sim:[71756. 71754. 69266.] t2_sim:[62862. 62755. 62622.]
Task is 21.00% complete.
t1_sim:[66109. 65675. 66730.] t2_sim:[66320. 66021. 65774.]
Task is 22.00% complete.
t1_sim:[64054. 64196. 63027.] t2_sim:[63527. 63456. 63135.]
Task is 23.00% complete.
t1_sim:[56655. 56698. 60582.] t2_sim:[64741. 64939. 61784.]
Task is 24.00% complete.
t1_sim:[60161. 60230. 61177.] t2_sim:[56547. 56808. 57734.]
Task is 25.00% complete.
t1_sim:[62890. 63197. 63136.] t2_sim:[58566. 58478. 59054.]
Task is 26.00% complete.
t1_sim:[64945. 64790. 63751.] t2_sim:[59249. 58856. 57907.]
Task is 27.00% complete.
t1_sim:[64067. 64191. 63815.] t2_sim:[64569. 64140. 64088.]
Task is 28.00% complete.
t1_sim:[60516. 60099. 62803.] t2_sim:[71223. 71416. 72281.]
Task is 29.00% complete.
t1_sim:[63961. 63815. 64848.] t2_sim:[63552. 63335. 64337.]
Task is 30.00% complete.
t1_sim:[65650. 65536. 65135.] t2_sim:[66456. 66626. 65682.]
Task is 31.00% complete.
t1_sim:[58585. 58832. 59494.] t2_sim:[65143. 65448. 63074.]
Task is 32.00% complete.
t1_sim:[58467. 58559. 62263.] t2_sim:[61480. 61492. 59889.]
Task is 33.00% complete.
t1_sim:[67237. 67000. 64926.] t2_sim:[61272. 61075. 62154.]
Task is 34.00% complete.
t1_sim:[63543. 63701. 63728.] t2_sim:[59173. 59149. 60149.]
Task is 35.00% complete.
t1_sim:[59975. 60279. 62766.] t2_sim:[63642. 63466. 64097.]
Task is 36.00% complete.
t1_sim:[52421. 52167. 54271.] t2_sim:[66502. 66393. 67243.]
Task is 37.00% complete.
t1_sim:[62956. 62890. 62536.] t2_sim:[63598. 63378. 64424.]
Task is 38.00% complete.
t1_sim:[67054. 66640. 63823.] t2_sim:[63368. 63756. 63287.]
Task is 39.00% complete.
t1_sim:[66195. 66050. 64419.] t2_sim:[63901. 64046. 65956.]
Task is 40.00% complete.
t1_sim:[62213. 62227. 63952.] t2_sim:[63544. 63816. 66771.]
Task is 41.00% complete.
t1_sim:[65137. 65168. 63553.] t2_sim:[68628. 68240. 64757.]
Task is 42.00% complete.
t1_sim:[61164. 61212. 61398.] t2_sim:[67145. 66579. 65230.]
Task is 43.00% complete.
t1_sim:[61984. 62223. 61015.] t2_sim:[61646. 62216. 64557.]
Task is 44.00% complete.
t1_sim:[62543. 61988. 63699.] t2_sim:[69421. 69083. 68326.]
Task is 45.00% complete.
t1_sim:[67822. 68320. 69595.] t2_sim:[60391. 60135. 56128.]
Task is 46.00% complete.
t1_sim:[67665. 67792. 69635.] t2_sim:[60138. 60452. 61433.]
Task is 47.00% complete.
t1_sim:[60133. 60264. 60044.] t2_sim:[63442. 63771. 63680.]
Task is 48.00% complete.
t1_sim:[61629. 62029. 61500.] t2_sim:[61290. 61635. 63459.]
Task is 49.00% complete.
t1_sim:[61603. 62049. 62764.] t2_sim:[65494. 65800. 65457.]
Task is 50.00% complete.
t1_sim:[65522. 65282. 66120.] t2_sim:[57600. 57816. 59336.]
Task is 51.00% complete.
t1_sim:[60992. 61199. 64098.] t2_sim:[57199. 57885. 57243.]
Task is 52.00% complete.
t1_sim:[62348. 62664. 64418.] t2_sim:[62402. 62569. 64116.]
Task is 53.00% complete.
t1_sim:[57722. 57412. 57708.] t2_sim:[69032. 68884. 67926.]
Task is 54.00% complete.
t1_sim:[59426. 59631. 59317.] t2_sim:[61617. 61218. 60395.]
Task is 55.00% complete.
t1_sim:[62476. 62010. 61801.] t2_sim:[61495. 61291. 62047.]
Task is 56.00% complete.
t1_sim:[61263. 61673. 63331.] t2_sim:[69657. 69436. 69139.]
Task is 57.00% complete.
t1_sim:[58136. 58442. 59535.] t2_sim:[62205. 61700. 63069.]
Task is 58.00% complete.
t1_sim:[66576. 66444. 66019.] t2_sim:[65354. 65619. 63192.]
Task is 59.00% complete.
t1_sim:[66110. 65759. 65530.] t2_sim:[60791. 60696. 61332.]
Task is 60.00% complete.
t1_sim:[63750. 64091. 62866.] t2_sim:[60161. 59889. 59021.]
Task is 61.00% complete.
t1_sim:[61108. 61509. 62904.] t2_sim:[59574. 60053. 59768.]
Task is 62.00% complete.
t1_sim:[61117. 61306. 59989.] t2_sim:[62709. 62542. 62884.]
Task is 63.00% complete.
t1_sim:[63888. 64194. 64506.] t2_sim:[61590. 62023. 64733.]
Task is 64.00% complete.
t1_sim:[62979. 62988. 61195.] t2_sim:[61818. 61656. 60932.]
Task is 65.00% complete.
t1_sim:[67770. 67746. 67342.] t2_sim:[65518. 65360. 65429.]
Task is 66.00% complete.
t1_sim:[59764. 59797. 61386.] t2_sim:[65686. 65450. 63501.]
Task is 67.00% complete.
t1_sim:[61469. 61812. 61438.] t2_sim:[61854. 61622. 60894.]
Task is 68.00% complete.
t1_sim:[56973. 56732. 55135.] t2_sim:[60197. 59942. 61066.]
Task is 69.00% complete.
t1_sim:[66579. 66680. 67145.] t2_sim:[65010. 64710. 64323.]
Task is 70.00% complete.
t1_sim:[57619. 57641. 55325.] t2_sim:[64184. 64016. 63635.]
Task is 71.00% complete.
t1_sim:[65845. 65833. 67831.] t2_sim:[67283. 67222. 68374.]
Task is 72.00% complete.
t1_sim:[62609. 62314. 62649.] t2_sim:[64183. 63912. 63880.]
Task is 73.00% complete.
t1_sim:[60181. 60250. 61043.] t2_sim:[65950. 65571. 66524.]
Task is 74.00% complete.
t1_sim:[66467. 66619. 65009.] t2_sim:[61411. 61795. 62231.]
Task is 75.00% complete.
t1_sim:[53181. 52984. 56283.] t2_sim:[66104. 66484. 64301.]
Task is 76.00% complete.
t1_sim:[68582. 68957. 69900.] t2_sim:[64049. 64216. 64761.]
Task is 77.00% complete.
t1_sim:[63041. 62704. 64238.] t2_sim:[63581. 63762. 62950.]
Task is 78.00% complete.
t1_sim:[57627. 57819. 58256.] t2_sim:[63924. 63787. 63990.]
Task is 79.00% complete.
t1_sim:[65956. 66043. 65194.] t2_sim:[60044. 60342. 61938.]
Task is 80.00% complete.
t1_sim:[67099. 67047. 65318.] t2_sim:[62728. 62831. 62065.]
Task is 81.00% complete.
t1_sim:[68903. 68798. 70607.] t2_sim:[59172. 58727. 58271.]
Task is 82.00% complete.
t1_sim:[57955. 58180. 59620.] t2_sim:[60024. 59960. 60197.]
Task is 83.00% complete.
t1_sim:[61218. 61329. 59527.] t2_sim:[62975. 63275. 62282.]
Task is 84.00% complete.
t1_sim:[63619. 63117. 60857.] t2_sim:[64084. 63949. 63405.]
Task is 85.00% complete.
t1_sim:[60933. 60868. 62281.] t2_sim:[60573. 60690. 60591.]
Task is 86.00% complete.
t1_sim:[60648. 60812. 63228.] t2_sim:[63013. 63044. 63108.]
Task is 87.00% complete.
t1_sim:[58741. 58688. 61538.] t2_sim:[64128. 63715. 65868.]
Task is 88.00% complete.
t1_sim:[61642. 61518. 58865.] t2_sim:[66274. 66527. 66929.]
Task is 89.00% complete.
t1_sim:[66306. 66388. 68134.] t2_sim:[64762. 64479. 64611.]
Task is 90.00% complete.
t1_sim:[60212. 60259. 59142.] t2_sim:[65224. 65504. 67215.]
Task is 91.00% complete.
t1_sim:[61809. 61537. 62725.] t2_sim:[61174. 61673. 63546.]
Task is 92.00% complete.
t1_sim:[61779. 61861. 62716.] t2_sim:[67930. 67648. 64127.]
Task is 93.00% complete.
t1_sim:[63621. 63929. 64317.] t2_sim:[57649. 57625. 56982.]
Task is 94.00% complete.
t1_sim:[61353. 61542. 63539.] t2_sim:[59158. 58821. 57802.]
Task is 95.00% complete.
t1_sim:[61746. 61821. 60256.] t2_sim:[61536. 61869. 60678.]
Task is 96.00% complete.
t1_sim:[60098. 60274. 62235.] t2_sim:[63334. 63357. 64117.]
Task is 97.00% complete.
t1_sim:[62982. 62984. 62591.] t2_sim:[55908. 55560. 56722.]
Task is 98.00% complete.
t1_sim:[62747. 62862. 66444.] t2_sim:[59777. 59626. 57533.]
Task is 99.00% complete.
t1_sim:[55778. 56154. 57226.] t2_sim:[58720. 59021. 58641.]
Training start
t1_obs:[array(54761.), array(54835.), array(55503.)] t2_obs:[array(62670.), array(63214.), array(66198.)]
corr_G1:[None, None, -0.06259946446459473] corr_G2:[None, None, 0.09221719574412694]
Training end
Task is 0.00% complete.
t1_sim:[65753. 65707. 63842.] t2_sim:[64717. 64413. 63137.]
Task is 1.00% complete.
t1_sim:[61111. 61358. 60972.] t2_sim:[64589. 64799. 66874.]
Task is 2.00% complete.
t1_sim:[64713. 65102. 64719.] t2_sim:[62184. 61863. 62054.]
Task is 3.00% complete.
t1_sim:[61987. 62098. 63584.] t2_sim:[63678. 63279. 64374.]
Task is 4.00% complete.
t1_sim:[68953. 68991. 68197.] t2_sim:[67513. 67262. 66902.]
Task is 5.00% complete.
t1_sim:[61297. 61455. 60975.] t2_sim:[58954. 58850. 59314.]
Task is 6.00% complete.
t1_sim:[60042. 60090. 63471.] t2_sim:[60208. 59501. 58984.]
Task is 7.00% complete.
t1_sim:[61379. 61212. 61967.] t2_sim:[61735. 61604. 61516.]
Task is 8.00% complete.
t1_sim:[68239. 68402. 68235.] t2_sim:[67713. 67290. 66868.]
Task is 9.00% complete.
t1_sim:[64126. 63891. 63871.] t2_sim:[65733. 65807. 65627.]
Task is 10.00% complete.
t1_sim:[61896. 61902. 64347.] t2_sim:[60388. 60303. 62203.]
Task is 11.00% complete.
t1_sim:[61248. 60633. 63275.] t2_sim:[65382. 65229. 63920.]
Task is 12.00% complete.
t1_sim:[60529. 60105. 63126.] t2_sim:[63061. 63017. 63966.]
Task is 13.00% complete.
t1_sim:[61211. 61300. 61912.] t2_sim:[68630. 68231. 64390.]
Task is 14.00% complete.
t1_sim:[62792. 62612. 63327.] t2_sim:[60003. 60212. 61191.]
Task is 15.00% complete.
t1_sim:[60723. 60439. 61507.] t2_sim:[63095. 63074. 63775.]
Task is 16.00% complete.
t1_sim:[62816. 62627. 62340.] t2_sim:[65567. 65596. 64257.]
Task is 17.00% complete.
t1_sim:[62678. 63098. 66291.] t2_sim:[63774. 63421. 63226.]
Task is 18.00% complete.
t1_sim:[65307. 65134. 64342.] t2_sim:[70730. 71034. 70420.]
Task is 19.00% complete.
t1_sim:[60849. 60540. 61720.] t2_sim:[61224. 61550. 60831.]
Task is 20.00% complete.
t1_sim:[62187. 61921. 62608.] t2_sim:[64564. 64281. 62814.]
Task is 21.00% complete.
t1_sim:[62587. 62791. 63774.] t2_sim:[62917. 62563. 62581.]
Task is 22.00% complete.
t1_sim:[63481. 63405. 60040.] t2_sim:[62237. 62440. 62733.]
Task is 23.00% complete.
t1_sim:[64123. 64205. 63093.] t2_sim:[62611. 62772. 62313.]
Task is 24.00% complete.
t1_sim:[62336. 62211. 62551.] t2_sim:[66098. 65863. 63781.]
Task is 25.00% complete.
t1_sim:[60572. 60497. 61276.] t2_sim:[62562. 62597. 61353.]
Task is 26.00% complete.
t1_sim:[66605. 66732. 65247.] t2_sim:[70975. 70601. 69968.]
Task is 27.00% complete.
t1_sim:[64958. 64825. 65902.] t2_sim:[66570. 66805. 67876.]
Task is 28.00% complete.
t1_sim:[63409. 63366. 63234.] t2_sim:[64653. 65109. 67543.]
Task is 29.00% complete.
t1_sim:[56956. 56635. 58353.] t2_sim:[60718. 60651. 61392.]
Task is 30.00% complete.
t1_sim:[60452. 60792. 60477.] t2_sim:[62872. 62874. 61106.]
Task is 31.00% complete.
t1_sim:[63335. 63460. 64917.] t2_sim:[63634. 63924. 65708.]
Task is 32.00% complete.
t1_sim:[66457. 66115. 69295.] t2_sim:[63323. 63493. 63738.]
Task is 33.00% complete.
t1_sim:[66199. 65505. 66258.] t2_sim:[59079. 58833. 60133.]
Task is 34.00% complete.
t1_sim:[66370. 66110. 67443.] t2_sim:[61356. 61280. 61882.]
Task is 35.00% complete.
t1_sim:[62286. 62777. 60898.] t2_sim:[59765. 59689. 59589.]
Task is 36.00% complete.
t1_sim:[58776. 59147. 59802.] t2_sim:[63638. 63603. 64781.]
Task is 37.00% complete.
t1_sim:[61103. 61303. 62967.] t2_sim:[60337. 60612. 63284.]
Task is 38.00% complete.
t1_sim:[63035. 62551. 61400.] t2_sim:[61726. 62200. 63452.]
Task is 39.00% complete.
t1_sim:[62564. 62693. 65360.] t2_sim:[55732. 56044. 55714.]
Task is 40.00% complete.
t1_sim:[60793. 60550. 61138.] t2_sim:[59309. 59004. 59523.]
Task is 41.00% complete.
t1_sim:[63964. 64461. 60754.] t2_sim:[56823. 56381. 54244.]
Task is 42.00% complete.
t1_sim:[65157. 64776. 63912.] t2_sim:[58588. 58460. 58345.]
Task is 43.00% complete.
t1_sim:[60486. 60483. 62003.] t2_sim:[59751. 59466. 59584.]
Task is 44.00% complete.
t1_sim:[58357. 58524. 58794.] t2_sim:[61778. 61913. 63771.]
Task is 45.00% complete.
t1_sim:[67436. 67342. 70297.] t2_sim:[68950. 68803. 71645.]
Task is 46.00% complete.
t1_sim:[60714. 60992. 62370.] t2_sim:[64000. 64276. 63778.]
Task is 47.00% complete.
t1_sim:[62476. 62463. 65579.] t2_sim:[60242. 60527. 59857.]
Task is 48.00% complete.
t1_sim:[59637. 59560. 61233.] t2_sim:[68623. 69066. 69689.]
Task is 49.00% complete.
t1_sim:[67484. 67558. 65360.] t2_sim:[68165. 68273. 67051.]
Task is 50.00% complete.
t1_sim:[60116. 60499. 61522.] t2_sim:[66551. 65930. 65609.]
Task is 51.00% complete.
t1_sim:[61481. 61690. 61467.] t2_sim:[62750. 62704. 61771.]
Task is 52.00% complete.
t1_sim:[65816. 65680. 66759.] t2_sim:[66727. 66769. 65693.]
Task is 53.00% complete.
t1_sim:[63131. 62777. 63081.] t2_sim:[66518. 66628. 64443.]
Task is 54.00% complete.
t1_sim:[55532. 55966. 59877.] t2_sim:[64046. 64160. 64274.]
Task is 55.00% complete.
t1_sim:[62947. 62850. 66458.] t2_sim:[62177. 62116. 60489.]
Task is 56.00% complete.
t1_sim:[59335. 59389. 58366.] t2_sim:[58559. 58478. 57370.]
Task is 57.00% complete.
t1_sim:[62538. 62246. 61570.] t2_sim:[60153. 60398. 59513.]
Task is 58.00% complete.
t1_sim:[72362. 72002. 72611.] t2_sim:[56806. 57067. 59441.]
Task is 59.00% complete.
t1_sim:[67259. 67618. 71095.] t2_sim:[59265. 59031. 58212.]
Task is 60.00% complete.
t1_sim:[63457. 63332. 61508.] t2_sim:[59196. 59240. 59904.]
Task is 61.00% complete.
t1_sim:[64007. 64022. 62659.] t2_sim:[62647. 62475. 65122.]
Task is 62.00% complete.
t1_sim:[66606. 66615. 68382.] t2_sim:[65530. 65630. 67678.]
Task is 63.00% complete.
t1_sim:[59829. 59713. 58855.] t2_sim:[64503. 64336. 64168.]
Task is 64.00% complete.
t1_sim:[60488. 60441. 60249.] t2_sim:[57875. 57932. 60777.]
Task is 65.00% complete.
t1_sim:[66110. 65927. 65256.] t2_sim:[65689. 65969. 63666.]
Task is 66.00% complete.
t1_sim:[59272. 59522. 62034.] t2_sim:[66955. 66909. 65792.]
Task is 67.00% complete.
t1_sim:[57836. 57584. 56956.] t2_sim:[62757. 62775. 63301.]
Task is 68.00% complete.
t1_sim:[61655. 61387. 62270.] t2_sim:[67274. 67206. 67149.]
Task is 69.00% complete.
t1_sim:[67492. 67283. 68116.] t2_sim:[62563. 63136. 64333.]
Task is 70.00% complete.
t1_sim:[61149. 61244. 59527.] t2_sim:[61802. 62254. 60718.]
Task is 71.00% complete.
t1_sim:[63245. 62958. 65703.] t2_sim:[59513. 59167. 60544.]
Task is 72.00% complete.
t1_sim:[68017. 68129. 65091.] t2_sim:[60176. 60366. 61666.]
Task is 73.00% complete.
t1_sim:[63783. 63958. 65441.] t2_sim:[58765. 58701. 58854.]
Task is 74.00% complete.
t1_sim:[62673. 62975. 63859.] t2_sim:[59518. 59995. 59512.]
Task is 75.00% complete.
t1_sim:[62661. 62564. 64184.] t2_sim:[61828. 61818. 62193.]
Task is 76.00% complete.
t1_sim:[63352. 63100. 60162.] t2_sim:[56002. 55994. 55746.]
Task is 77.00% complete.
t1_sim:[60995. 60768. 62301.] t2_sim:[62485. 62163. 62438.]
Task is 78.00% complete.
t1_sim:[67265. 66808. 67324.] t2_sim:[58714. 59026. 60137.]
Task is 79.00% complete.
t1_sim:[63284. 63500. 63243.] t2_sim:[64870. 65068. 63971.]
Task is 80.00% complete.
t1_sim:[62505. 62214. 61023.] t2_sim:[63087. 62623. 62070.]
Task is 81.00% complete.
t1_sim:[60864. 60916. 61384.] t2_sim:[61527. 61719. 62367.]
Task is 82.00% complete.
t1_sim:[62851. 62922. 61532.] t2_sim:[63122. 63022. 64215.]
Task is 83.00% complete.
t1_sim:[57793. 57771. 55182.] t2_sim:[59393. 59428. 60152.]
Task is 84.00% complete.
t1_sim:[66802. 66704. 65720.] t2_sim:[60386. 60567. 61965.]
Task is 85.00% complete.
t1_sim:[65502. 65683. 66906.] t2_sim:[64197. 64135. 64341.]
Task is 86.00% complete.
t1_sim:[63669. 63639. 63471.] t2_sim:[65589. 65180. 64039.]
Task is 87.00% complete.
t1_sim:[65043. 64902. 64329.] t2_sim:[61130. 60859. 62384.]
Task is 88.00% complete.
t1_sim:[61267. 61461. 64049.] t2_sim:[61809. 61947. 62863.]
Task is 89.00% complete.
t1_sim:[60335. 60187. 59782.] t2_sim:[62389. 62268. 61927.]
Task is 90.00% complete.
t1_sim:[62416. 62561. 61093.] t2_sim:[61076. 60987. 59174.]
Task is 91.00% complete.
t1_sim:[62056. 61764. 66323.] t2_sim:[61716. 62331. 66664.]
Task is 92.00% complete.
t1_sim:[59873. 60214. 60705.] t2_sim:[57709. 58161. 59760.]
Task is 93.00% complete.
t1_sim:[61309. 61385. 61759.] t2_sim:[59090. 58941. 61230.]
Task is 94.00% complete.
t1_sim:[62695. 62881. 61251.] t2_sim:[62845. 63329. 63827.]
Task is 95.00% complete.
t1_sim:[62180. 62360. 58806.] t2_sim:[62630. 62656. 62470.]
Task is 96.00% complete.
t1_sim:[66781. 66696. 67496.] t2_sim:[58685. 58527. 58489.]
Task is 97.00% complete.
t1_sim:[58589. 59105. 59284.] t2_sim:[62310. 62267. 63650.]
Task is 98.00% complete.
t1_sim:[63351. 63756. 62161.] t2_sim:[65941. 66041. 64552.]
Task is 99.00% complete.
t1_sim:[62215. 62186. 62958.] t2_sim:[63124. 62766. 64360.]
Finished
