Begin
Training start
t1_obs:[array(66226.), array(66033.), array(66527.)] t2_obs:[array(56899.), array(56888.), array(57571.)]
corr_G1:[None, None, 0] corr_G2:[None, None, 1.2547945355832586e-17]
Training end
Task is 0.00% complete.
t1_sim:[62399. 62566. 64036.] t2_sim:[58628. 58693. 63093.]
Task is 1.00% complete.
t1_sim:[68007. 68153. 69322.] t2_sim:[56745. 56585. 57939.]
Task is 2.00% complete.
t1_sim:[65644. 65671. 63537.] t2_sim:[66035. 66250. 61891.]
Task is 3.00% complete.
t1_sim:[61799. 62138. 58751.] t2_sim:[62455. 62539. 65999.]
Task is 4.00% complete.
t1_sim:[57008. 57281. 60757.] t2_sim:[56789. 56626. 59437.]
Task is 5.00% complete.
t1_sim:[60196. 60200. 64428.] t2_sim:[64876. 65355. 63948.]
Task is 6.00% complete.
t1_sim:[67515. 67511. 68825.] t2_sim:[66158. 66264. 63691.]
Task is 7.00% complete.
t1_sim:[56696. 55935. 55387.] t2_sim:[63225. 63027. 61520.]
Task is 8.00% complete.
t1_sim:[60833. 60854. 62750.] t2_sim:[60940. 61103. 61492.]
Task is 9.00% complete.
t1_sim:[61512. 61766. 60845.] t2_sim:[68123. 68192. 64172.]
Task is 10.00% complete.
t1_sim:[68848. 68738. 68041.] t2_sim:[61039. 61221. 66452.]
Task is 11.00% complete.
t1_sim:[63773. 64204. 61904.] t2_sim:[63080. 62948. 62157.]
Task is 12.00% complete.
t1_sim:[65006. 64950. 63001.] t2_sim:[66013. 65729. 67585.]
Task is 13.00% complete.
t1_sim:[61274. 61295. 59908.] t2_sim:[64632. 65017. 65273.]
Task is 14.00% complete.
t1_sim:[60332. 60218. 57049.] t2_sim:[62464. 62186. 60631.]
Task is 15.00% complete.
t1_sim:[63735. 63494. 65348.] t2_sim:[61943. 62072. 66867.]
Task is 16.00% complete.
t1_sim:[60178. 59976. 63683.] t2_sim:[56721. 56271. 59890.]
Task is 17.00% complete.
t1_sim:[61108. 61020. 61456.] t2_sim:[65171. 65073. 63637.]
Task is 18.00% complete.
t1_sim:[64188. 64536. 63708.] t2_sim:[61731. 61850. 60407.]
Task is 19.00% complete.
t1_sim:[57915. 58111. 59051.] t2_sim:[63871. 63826. 65159.]
Task is 20.00% complete.
t1_sim:[66683. 66206. 62376.] t2_sim:[59973. 59622. 58034.]
Task is 21.00% complete.
t1_sim:[56334. 56114. 54011.] t2_sim:[61522. 61796. 65599.]
Task is 22.00% complete.
t1_sim:[64944. 64694. 68511.] t2_sim:[65707. 66236. 62823.]
Task is 23.00% complete.
t1_sim:[62629. 62746. 63695.] t2_sim:[63615. 63534. 60716.]
Task is 24.00% complete.
t1_sim:[64674. 64716. 67230.] t2_sim:[66122. 66539. 65294.]
Task is 25.00% complete.
t1_sim:[60023. 60275. 60007.] t2_sim:[67812. 67975. 66744.]
Task is 26.00% complete.
t1_sim:[64023. 64105. 65334.] t2_sim:[59986. 60368. 61170.]
Task is 27.00% complete.
t1_sim:[62067. 61904. 62139.] t2_sim:[69762. 69213. 67215.]
Task is 28.00% complete.
t1_sim:[63228. 63131. 62608.] t2_sim:[62579. 63003. 63277.]
Task is 29.00% complete.
t1_sim:[64171. 64176. 64389.] t2_sim:[62483. 62489. 65246.]
Task is 30.00% complete.
t1_sim:[65272. 64926. 64414.] t2_sim:[60620. 60568. 62510.]
Task is 31.00% complete.
t1_sim:[59387. 59293. 56787.] t2_sim:[61200. 60715. 60678.]
Task is 32.00% complete.
t1_sim:[62853. 62628. 64352.] t2_sim:[64734. 64571. 63248.]
Task is 33.00% complete.
t1_sim:[60602. 60594. 61531.] t2_sim:[60435. 60701. 63984.]
Task is 34.00% complete.
t1_sim:[59512. 59765. 56743.] t2_sim:[70429. 70366. 68081.]
Task is 35.00% complete.
t1_sim:[61645. 61550. 60787.] t2_sim:[62871. 63057. 62133.]
Task is 36.00% complete.
t1_sim:[59288. 59112. 57963.] t2_sim:[65110. 65538. 67008.]
Task is 37.00% complete.
t1_sim:[54705. 55115. 55472.] t2_sim:[64017. 63940. 61361.]
Task is 38.00% complete.
t1_sim:[60980. 61053. 60100.] t2_sim:[65588. 65695. 64230.]
Task is 39.00% complete.
t1_sim:[58113. 58106. 59601.] t2_sim:[62205. 61981. 64078.]
Task is 40.00% complete.
t1_sim:[57019. 57088. 58334.] t2_sim:[61740. 61989. 63994.]
Task is 41.00% complete.
t1_sim:[64202. 64130. 66826.] t2_sim:[64392. 64160. 62860.]
Task is 42.00% complete.
t1_sim:[62131. 62453. 64121.] t2_sim:[56051. 55979. 56144.]
Task is 43.00% complete.
t1_sim:[58640. 58787. 59435.] t2_sim:[70151. 70469. 64134.]
Task is 44.00% complete.
t1_sim:[68263. 68581. 65221.] t2_sim:[65151. 65601. 65742.]
Task is 45.00% complete.
t1_sim:[64492. 64341. 59798.] t2_sim:[68210. 68000. 63486.]
Task is 46.00% complete.
t1_sim:[69569. 70025. 66203.] t2_sim:[68355. 68536. 65174.]
Task is 47.00% complete.
t1_sim:[69769. 69854. 68766.] t2_sim:[64448. 65020. 65944.]
Task is 48.00% complete.
t1_sim:[68032. 67826. 70273.] t2_sim:[64784. 65071. 63171.]
Task is 49.00% complete.
t1_sim:[58970. 58681. 55390.] t2_sim:[65500. 65336. 62737.]
Task is 50.00% complete.
t1_sim:[60965. 61194. 63678.] t2_sim:[62593. 62453. 61059.]
Task is 51.00% complete.
t1_sim:[56976. 56850. 55420.] t2_sim:[62053. 61902. 60924.]
Task is 52.00% complete.
t1_sim:[57373. 56938. 58344.] t2_sim:[65263. 65402. 65448.]
Task is 53.00% complete.
t1_sim:[66070. 66324. 68229.] t2_sim:[61463. 61471. 59081.]
Task is 54.00% complete.
t1_sim:[65396. 65248. 64043.] t2_sim:[62012. 62371. 66429.]
Task is 55.00% complete.
t1_sim:[61372. 61377. 59886.] t2_sim:[58583. 58715. 61965.]
Task is 56.00% complete.
t1_sim:[65375. 65001. 63469.] t2_sim:[60812. 60530. 63190.]
Task is 57.00% complete.
t1_sim:[59998. 59918. 60851.] t2_sim:[63442. 63090. 60907.]
Task is 58.00% complete.
t1_sim:[60909. 60649. 58078.] t2_sim:[57983. 57883. 59917.]
Task is 59.00% complete.
t1_sim:[68506. 68232. 65391.] t2_sim:[55212. 55451. 56427.]
Task is 60.00% complete.
t1_sim:[59741. 60046. 59305.] t2_sim:[60887. 60924. 57965.]
Task is 61.00% complete.
t1_sim:[56252. 56473. 60319.] t2_sim:[61777. 61522. 60088.]
Task is 62.00% complete.
t1_sim:[63354. 62926. 62944.] t2_sim:[61297. 61084. 61141.]
Task is 63.00% complete.
t1_sim:[64250. 64248. 64109.] t2_sim:[58298. 58194. 62918.]
Task is 64.00% complete.
t1_sim:[63819. 63616. 65219.] t2_sim:[60724. 60295. 61620.]
Task is 65.00% complete.
t1_sim:[64659. 64627. 65894.] t2_sim:[57884. 57520. 58786.]
Task is 66.00% complete.
t1_sim:[61520. 61352. 61157.] t2_sim:[68743. 68626. 72229.]
Task is 67.00% complete.
t1_sim:[58420. 58643. 63234.] t2_sim:[61706. 61834. 61917.]
Task is 68.00% complete.
t1_sim:[62935. 63077. 66542.] t2_sim:[64670. 64779. 64622.]
Task is 69.00% complete.
t1_sim:[61943. 61970. 63517.] t2_sim:[57943. 57572. 57073.]
Task is 70.00% complete.
t1_sim:[60389. 60015. 60999.] t2_sim:[64454. 64948. 61474.]
Task is 71.00% complete.
t1_sim:[62740. 62838. 62255.] t2_sim:[61953. 61642. 61286.]
Task is 72.00% complete.
t1_sim:[67122. 66861. 63458.] t2_sim:[60379. 60119. 58604.]
Task is 73.00% complete.
t1_sim:[60799. 61137. 63196.] t2_sim:[63324. 63278. 63461.]
Task is 74.00% complete.
t1_sim:[62866. 62877. 64846.] t2_sim:[62980. 63034. 60361.]
Task is 75.00% complete.
t1_sim:[65004. 64934. 64560.] t2_sim:[61364. 61938. 66102.]
Task is 76.00% complete.
t1_sim:[64804. 64473. 63208.] t2_sim:[62332. 62390. 64850.]
Task is 77.00% complete.
t1_sim:[63051. 63223. 59422.] t2_sim:[59590. 59619. 61207.]
Task is 78.00% complete.
t1_sim:[56945. 57031. 58957.] t2_sim:[65502. 65238. 65062.]
Task is 79.00% complete.
t1_sim:[65565. 66343. 65621.] t2_sim:[62418. 62301. 61745.]
Task is 80.00% complete.
t1_sim:[62059. 61883. 62854.] t2_sim:[61429. 61650. 63508.]
Task is 81.00% complete.
t1_sim:[59461. 58923. 60164.] t2_sim:[65007. 65122. 64071.]
Task is 82.00% complete.
t1_sim:[58375. 58019. 57925.] t2_sim:[60486. 60461. 59993.]
Task is 83.00% complete.
t1_sim:[57934. 57778. 60550.] t2_sim:[59697. 60094. 66919.]
Task is 84.00% complete.
t1_sim:[63827. 63763. 63114.] t2_sim:[61079. 60914. 59030.]
Task is 85.00% complete.
t1_sim:[60381. 60455. 58804.] t2_sim:[67971. 68041. 68721.]
Task is 86.00% complete.
t1_sim:[61021. 61251. 62752.] t2_sim:[61808. 62487. 60517.]
Task is 87.00% complete.
t1_sim:[63431. 63079. 60816.] t2_sim:[63895. 63901. 62270.]
Task is 88.00% complete.
t1_sim:[58768. 58800. 61569.] t2_sim:[58522. 58598. 61725.]
Task is 89.00% complete.
t1_sim:[64569. 64582. 63857.] t2_sim:[62989. 62992. 58953.]
Task is 90.00% complete.
t1_sim:[58603. 58797. 56422.] t2_sim:[61867. 61611. 63774.]
Task is 91.00% complete.
t1_sim:[62451. 62558. 60503.] t2_sim:[61275. 61156. 59722.]
Task is 92.00% complete.
t1_sim:[57478. 57629. 61183.] t2_sim:[63282. 63212. 65022.]
Task is 93.00% complete.
t1_sim:[64253. 63659. 62002.] t2_sim:[65836. 65993. 64488.]
Task is 94.00% complete.
t1_sim:[61851. 61769. 64307.] t2_sim:[61978. 61749. 59671.]
Task is 95.00% complete.
t1_sim:[66687. 66322. 66431.] t2_sim:[59652. 59816. 59969.]
Task is 96.00% complete.
t1_sim:[59268. 59328. 60958.] t2_sim:[61260. 61282. 62617.]
Task is 97.00% complete.
t1_sim:[62075. 62348. 62875.] t2_sim:[61287. 61386. 65502.]
Task is 98.00% complete.
t1_sim:[61420. 61623. 60779.] t2_sim:[66714. 66673. 68046.]
Task is 99.00% complete.
t1_sim:[66902. 66742. 66779.] t2_sim:[64122. 64238. 64108.]
Training start
t1_obs:[array(66226.), array(66033.), array(65197.)] t2_obs:[array(56899.), array(56888.), array(56111.)]
corr_G1:[None, None, 0.9974895018530295] corr_G2:[None, None, 0.9731330317258826]
Training end
Task is 0.00% complete.
t1_sim:[65115. 64839. 63233.] t2_sim:[61521. 61380. 61027.]
Task is 1.00% complete.
t1_sim:[62134. 62441. 65677.] t2_sim:[67145. 67089. 66679.]
Task is 2.00% complete.
t1_sim:[65919. 66110. 64601.] t2_sim:[54744. 54500. 55083.]
Task is 3.00% complete.
t1_sim:[60024. 59803. 58796.] t2_sim:[59627. 59818. 59685.]
Task is 4.00% complete.
t1_sim:[63173. 63181. 62763.] t2_sim:[59211. 59343. 60690.]
Task is 5.00% complete.
t1_sim:[65066. 64787. 64187.] t2_sim:[60829. 60650. 60668.]
Task is 6.00% complete.
t1_sim:[58903. 59049. 61534.] t2_sim:[60115. 60329. 61412.]
Task is 7.00% complete.
t1_sim:[63066. 63225. 63285.] t2_sim:[60913. 60940. 62261.]
Task is 8.00% complete.
t1_sim:[57169. 57239. 58338.] t2_sim:[62424. 62252. 63016.]
Task is 9.00% complete.
t1_sim:[55216. 55319. 54926.] t2_sim:[54348. 54073. 54759.]
Task is 10.00% complete.
t1_sim:[66004. 65918. 65496.] t2_sim:[64234. 63967. 64519.]
Task is 11.00% complete.
t1_sim:[61802. 61574. 61517.] t2_sim:[66791. 67098. 67562.]
Task is 12.00% complete.
t1_sim:[67233. 67060. 66035.] t2_sim:[63053. 63242. 61391.]
Task is 13.00% complete.
t1_sim:[62575. 62471. 62838.] t2_sim:[56650. 56617. 57276.]
Task is 14.00% complete.
t1_sim:[64139. 64203. 63164.] t2_sim:[64233. 63591. 63967.]
Task is 15.00% complete.
t1_sim:[64288. 63879. 63047.] t2_sim:[59782. 59624. 57309.]
Task is 16.00% complete.
t1_sim:[66703. 66493. 64202.] t2_sim:[59716. 59438. 56975.]
Task is 17.00% complete.
t1_sim:[63679. 63998. 65323.] t2_sim:[61989. 61901. 64223.]
Task is 18.00% complete.
t1_sim:[54103. 53926. 56121.] t2_sim:[58336. 58230. 59475.]
Task is 19.00% complete.
t1_sim:[55150. 55361. 55963.] t2_sim:[67591. 67604. 65168.]
Task is 20.00% complete.
t1_sim:[65320. 65806. 65710.] t2_sim:[69997. 69995. 71990.]
Task is 21.00% complete.
t1_sim:[59624. 59765. 62086.] t2_sim:[59382. 59455. 59554.]
Task is 22.00% complete.
t1_sim:[66382. 66904. 67127.] t2_sim:[62740. 62418. 62743.]
Task is 23.00% complete.
t1_sim:[56640. 56116. 58011.] t2_sim:[64386. 64402. 62054.]
Task is 24.00% complete.
t1_sim:[61775. 61496. 60059.] t2_sim:[64997. 65194. 63553.]
Task is 25.00% complete.
t1_sim:[64344. 64334. 63574.] t2_sim:[59987. 59673. 58478.]
Task is 26.00% complete.
t1_sim:[62281. 61960. 61818.] t2_sim:[57364. 57206. 57928.]
Task is 27.00% complete.
t1_sim:[65731. 65525. 64778.] t2_sim:[58380. 58248. 58022.]
Task is 28.00% complete.
t1_sim:[63464. 63502. 61993.] t2_sim:[61011. 61069. 60226.]
Task is 29.00% complete.
t1_sim:[61986. 62094. 63465.] t2_sim:[63600. 63714. 64469.]
Task is 30.00% complete.
t1_sim:[61008. 61046. 59287.] t2_sim:[63021. 63274. 65245.]
Task is 31.00% complete.
t1_sim:[65154. 64933. 63741.] t2_sim:[66052. 65588. 63818.]
Task is 32.00% complete.
t1_sim:[68834. 69034. 69777.] t2_sim:[65122. 65181. 65386.]
Task is 33.00% complete.
t1_sim:[61889. 61435. 60822.] t2_sim:[66427. 66293. 66805.]
Task is 34.00% complete.
t1_sim:[63194. 63170. 63545.] t2_sim:[55858. 56111. 56377.]
Task is 35.00% complete.
t1_sim:[65568. 64862. 66748.] t2_sim:[60396. 60063. 61139.]
Task is 36.00% complete.
t1_sim:[68653. 68591. 67183.] t2_sim:[59397. 59425. 60465.]
Task is 37.00% complete.
t1_sim:[66392. 66590. 65270.] t2_sim:[69172. 69550. 69861.]
Task is 38.00% complete.
t1_sim:[65474. 65384. 63388.] t2_sim:[55450. 55430. 54760.]
Task is 39.00% complete.
t1_sim:[62672. 62789. 61006.] t2_sim:[60870. 60914. 58649.]
Task is 40.00% complete.
t1_sim:[57577. 57363. 56519.] t2_sim:[53144. 53248. 55588.]
Task is 41.00% complete.
t1_sim:[69621. 69607. 66712.] t2_sim:[56318. 56339. 59942.]
Task is 42.00% complete.
t1_sim:[61058. 60883. 61232.] t2_sim:[59984. 60390. 61199.]
Task is 43.00% complete.
t1_sim:[63813. 63926. 64200.] t2_sim:[64620. 64587. 62468.]
Task is 44.00% complete.
t1_sim:[62378. 61984. 63118.] t2_sim:[65952. 66253. 67824.]
Task is 45.00% complete.
t1_sim:[61538. 61121. 61338.] t2_sim:[62017. 62024. 63838.]
Task is 46.00% complete.
t1_sim:[64266. 63721. 62264.] t2_sim:[60193. 60022. 60942.]
Task is 47.00% complete.
t1_sim:[64890. 65067. 62730.] t2_sim:[65604. 65461. 66092.]
Task is 48.00% complete.
t1_sim:[61803. 61351. 61645.] t2_sim:[60725. 60798. 58289.]
Task is 49.00% complete.
t1_sim:[63927. 64089. 62496.] t2_sim:[57129. 57323. 57052.]
Task is 50.00% complete.
t1_sim:[58518. 58739. 58690.] t2_sim:[66712. 66522. 66259.]
Task is 51.00% complete.
t1_sim:[57237. 56883. 55515.] t2_sim:[61542. 61654. 62660.]
Task is 52.00% complete.
t1_sim:[65065. 65098. 65205.] t2_sim:[57980. 58050. 59194.]
Task is 53.00% complete.
t1_sim:[58263. 58121. 57782.] t2_sim:[61055. 61268. 61608.]
Task is 54.00% complete.
t1_sim:[64041. 64224. 64037.] t2_sim:[58052. 58137. 57091.]
Task is 55.00% complete.
t1_sim:[64724. 64628. 65377.] t2_sim:[62664. 62690. 60952.]
Task is 56.00% complete.
t1_sim:[59809. 59338. 56651.] t2_sim:[65571. 64998. 63520.]
Task is 57.00% complete.
t1_sim:[66140. 66328. 68214.] t2_sim:[58018. 57780. 58552.]
Task is 58.00% complete.
t1_sim:[63252. 63466. 66566.] t2_sim:[67377. 67369. 66970.]
Task is 59.00% complete.
t1_sim:[63547. 63344. 62078.] t2_sim:[55312. 55613. 56937.]
Task is 60.00% complete.
t1_sim:[64019. 64211. 63606.] t2_sim:[61743. 61666. 63891.]
Task is 61.00% complete.
t1_sim:[63440. 63134. 65640.] t2_sim:[63619. 63534. 64160.]
Task is 62.00% complete.
t1_sim:[64734. 65410. 67266.] t2_sim:[63097. 63235. 66089.]
Task is 63.00% complete.
t1_sim:[58000. 57947. 59516.] t2_sim:[62642. 62165. 61878.]
Task is 64.00% complete.
t1_sim:[63949. 64161. 64050.] t2_sim:[62770. 62754. 61739.]
Task is 65.00% complete.
t1_sim:[63093. 62713. 62913.] t2_sim:[63458. 63127. 62853.]
Task is 66.00% complete.
t1_sim:[58853. 59123. 59893.] t2_sim:[65681. 65552. 64348.]
Task is 67.00% complete.
t1_sim:[64365. 63792. 61566.] t2_sim:[58629. 58453. 57313.]
Task is 68.00% complete.
t1_sim:[63882. 64060. 63076.] t2_sim:[62834. 63189. 62424.]
Task is 69.00% complete.
t1_sim:[61090. 61066. 61446.] t2_sim:[58622. 58162. 59040.]
Task is 70.00% complete.
t1_sim:[65308. 65235. 64377.] t2_sim:[59826. 59710. 60031.]
Task is 71.00% complete.
t1_sim:[62857. 62716. 62414.] t2_sim:[63510. 62996. 63552.]
Task is 72.00% complete.
t1_sim:[64120. 63969. 63633.] t2_sim:[64284. 64290. 64262.]
Task is 73.00% complete.
t1_sim:[63235. 63025. 61928.] t2_sim:[67234. 66982. 67299.]
Task is 74.00% complete.
t1_sim:[66872. 66865. 64773.] t2_sim:[61263. 60991. 60021.]
Task is 75.00% complete.
t1_sim:[68316. 68180. 67431.] t2_sim:[64093. 63650. 60991.]
Task is 76.00% complete.
t1_sim:[64146. 64259. 61690.] t2_sim:[65369. 65358. 65815.]
Task is 77.00% complete.
t1_sim:[59879. 60175. 61826.] t2_sim:[59760. 59686. 60702.]
Task is 78.00% complete.
t1_sim:[66133. 65748. 61805.] t2_sim:[64801. 64778. 65174.]
Task is 79.00% complete.
t1_sim:[59525. 59747. 59470.] t2_sim:[67466. 67313. 67459.]
Task is 80.00% complete.
t1_sim:[62949. 63099. 64341.] t2_sim:[57631. 57892. 61547.]
Task is 81.00% complete.
t1_sim:[67813. 67577. 66637.] t2_sim:[60877. 60651. 60012.]
Task is 82.00% complete.
t1_sim:[59255. 59368. 58488.] t2_sim:[62333. 62404. 61688.]
Task is 83.00% complete.
t1_sim:[60147. 60270. 59301.] t2_sim:[66344. 66135. 65705.]
Task is 84.00% complete.
t1_sim:[65229. 65333. 67020.] t2_sim:[66598. 66844. 65960.]
Task is 85.00% complete.
t1_sim:[66859. 67000. 67477.] t2_sim:[54592. 54823. 56969.]
Task is 86.00% complete.
t1_sim:[63353. 63223. 63815.] t2_sim:[58812. 58243. 58786.]
Task is 87.00% complete.
t1_sim:[61409. 61452. 61380.] t2_sim:[63618. 63400. 64822.]
Task is 88.00% complete.
t1_sim:[62279. 61876. 62097.] t2_sim:[64524. 64615. 64506.]
Task is 89.00% complete.
t1_sim:[65404. 65320. 64750.] t2_sim:[54628. 54811. 55925.]
Task is 90.00% complete.
t1_sim:[64120. 64286. 61232.] t2_sim:[63076. 62730. 62736.]
Task is 91.00% complete.
t1_sim:[60724. 60741. 61979.] t2_sim:[62717. 62367. 62327.]
Task is 92.00% complete.
t1_sim:[64598. 64424. 62219.] t2_sim:[70481. 70577. 68172.]
Task is 93.00% complete.
t1_sim:[59891. 60152. 60186.] t2_sim:[66191. 66554. 67365.]
Task is 94.00% complete.
t1_sim:[63866. 63903. 61953.] t2_sim:[62091. 61926. 61012.]
Task is 95.00% complete.
t1_sim:[63632. 63652. 62720.] t2_sim:[66298. 65956. 62669.]
Task is 96.00% complete.
t1_sim:[62581. 62271. 61519.] t2_sim:[60104. 60051. 61246.]
Task is 97.00% complete.
t1_sim:[66722. 66483. 69484.] t2_sim:[61265. 61418. 64253.]
Task is 98.00% complete.
t1_sim:[66515. 66476. 64994.] t2_sim:[63279. 63547. 61256.]
Task is 99.00% complete.
t1_sim:[62109. 61810. 61121.] t2_sim:[59722. 59621. 59268.]
Training start
t1_obs:[array(66226.), array(66033.), array(65210.)] t2_obs:[array(56899.), array(56888.), array(56574.)]
corr_G1:[None, None, -0.02165547966415759] corr_G2:[None, None, 0.005664367563438176]
Training end
Task is 0.00% complete.
t1_sim:[64309. 64492. 63332.] t2_sim:[59872. 60073. 61215.]
Task is 1.00% complete.
t1_sim:[64396. 64744. 62149.] t2_sim:[60690. 60791. 62501.]
Task is 2.00% complete.
t1_sim:[62869. 62558. 63041.] t2_sim:[69263. 69215. 70228.]
Task is 3.00% complete.
t1_sim:[59482. 59227. 57767.] t2_sim:[58627. 58488. 59371.]
Task is 4.00% complete.
t1_sim:[57000. 56976. 56460.] t2_sim:[65737. 65656. 64554.]
Task is 5.00% complete.
t1_sim:[57732. 57661. 59495.] t2_sim:[65765. 66043. 64354.]
Task is 6.00% complete.
t1_sim:[59069. 59077. 60014.] t2_sim:[57410. 57038. 56319.]
Task is 7.00% complete.
t1_sim:[62596. 62731. 63986.] t2_sim:[65933. 65655. 63919.]
Task is 8.00% complete.
t1_sim:[58874. 58945. 57642.] t2_sim:[58745. 58695. 59478.]
Task is 9.00% complete.
t1_sim:[64282. 64157. 64051.] t2_sim:[66208. 66010. 66587.]
Task is 10.00% complete.
t1_sim:[65165. 64991. 65480.] t2_sim:[60797. 60819. 61763.]
Task is 11.00% complete.
t1_sim:[67158. 67189. 64206.] t2_sim:[55145. 55036. 56629.]
Task is 12.00% complete.
t1_sim:[63543. 64285. 63434.] t2_sim:[64207. 63920. 64497.]
Task is 13.00% complete.
t1_sim:[60647. 59806. 59020.] t2_sim:[62508. 62705. 63426.]
Task is 14.00% complete.
t1_sim:[73401. 73363. 70277.] t2_sim:[57428. 57348. 59138.]
Task is 15.00% complete.
t1_sim:[60596. 60706. 63177.] t2_sim:[61733. 61663. 60193.]
Task is 16.00% complete.
t1_sim:[62396. 62246. 61033.] t2_sim:[65312. 65133. 63407.]
Task is 17.00% complete.
t1_sim:[68713. 68602. 67476.] t2_sim:[61801. 61679. 63275.]
Task is 18.00% complete.
t1_sim:[62331. 62093. 64392.] t2_sim:[65525. 65506. 64648.]
Task is 19.00% complete.
t1_sim:[62744. 62657. 61476.] t2_sim:[56733. 56932. 58517.]
Task is 20.00% complete.
t1_sim:[65796. 65938. 65527.] t2_sim:[62771. 62761. 64036.]
Task is 21.00% complete.
t1_sim:[57401. 57128. 55192.] t2_sim:[65632. 65105. 62411.]
Task is 22.00% complete.
t1_sim:[62190. 62484. 62537.] t2_sim:[62703. 62958. 60920.]
Task is 23.00% complete.
t1_sim:[65348. 64967. 65776.] t2_sim:[59231. 59104. 60449.]
Task is 24.00% complete.
t1_sim:[56787. 56459. 56883.] t2_sim:[62784. 62670. 63157.]
Task is 25.00% complete.
t1_sim:[55684. 55519. 56743.] t2_sim:[63409. 63218. 63399.]
Task is 26.00% complete.
t1_sim:[58503. 58266. 61580.] t2_sim:[56465. 56616. 57983.]
Task is 27.00% complete.
t1_sim:[60573. 60800. 58650.] t2_sim:[64837. 64726. 64179.]
Task is 28.00% complete.
t1_sim:[66938. 66407. 68623.] t2_sim:[58854. 58973. 59806.]
Task is 29.00% complete.
t1_sim:[63870. 63847. 62859.] t2_sim:[62245. 62138. 62852.]
Task is 30.00% complete.
t1_sim:[69489. 69367. 66359.] t2_sim:[61317. 61613. 60857.]
Task is 31.00% complete.
t1_sim:[60143. 60162. 60856.] t2_sim:[59417. 59587. 60002.]
Task is 32.00% complete.
t1_sim:[66154. 65833. 66475.] t2_sim:[60052. 59653. 58102.]
Task is 33.00% complete.
t1_sim:[65892. 65760. 65650.] t2_sim:[61697. 61752. 62311.]
Task is 34.00% complete.
t1_sim:[61237. 61154. 59305.] t2_sim:[65510. 65784. 63758.]
Task is 35.00% complete.
t1_sim:[58730. 58801. 59335.] t2_sim:[62837. 62934. 65006.]
Task is 36.00% complete.
t1_sim:[67641. 67189. 66205.] t2_sim:[63042. 63031. 63598.]
Task is 37.00% complete.
t1_sim:[65379. 65158. 65366.] t2_sim:[63478. 63785. 65581.]
Task is 38.00% complete.
t1_sim:[60213. 59877. 62924.] t2_sim:[61716. 61905. 59199.]
Task is 39.00% complete.
t1_sim:[63945. 63944. 63001.] t2_sim:[63375. 63351. 63337.]
Task is 40.00% complete.
t1_sim:[61419. 61323. 60994.] t2_sim:[61520. 61202. 58084.]
Task is 41.00% complete.
t1_sim:[61267. 61438. 62434.] t2_sim:[67253. 67169. 64849.]
Task is 42.00% complete.
t1_sim:[66092. 65907. 65234.] t2_sim:[57134. 57456. 58475.]
Task is 43.00% complete.
t1_sim:[59997. 59795. 61895.] t2_sim:[62530. 62630. 63088.]
Task is 44.00% complete.
t1_sim:[59337. 58990. 58086.] t2_sim:[54061. 54240. 56086.]
Task is 45.00% complete.
t1_sim:[62509. 62579. 64057.] t2_sim:[60040. 59646. 61949.]
Task is 46.00% complete.
t1_sim:[57322. 57351. 55199.] t2_sim:[57692. 57559. 57950.]
Task is 47.00% complete.
t1_sim:[66559. 66429. 65165.] t2_sim:[60847. 61241. 63515.]
Task is 48.00% complete.
t1_sim:[60024. 59819. 61124.] t2_sim:[61763. 61420. 61575.]
Task is 49.00% complete.
t1_sim:[63612. 63437. 63692.] t2_sim:[54167. 54224. 57469.]
Task is 50.00% complete.
t1_sim:[64626. 64716. 63875.] t2_sim:[57154. 57054. 56818.]
Task is 51.00% complete.
t1_sim:[65488. 65250. 64266.] t2_sim:[58126. 57805. 57741.]
Task is 52.00% complete.
t1_sim:[60490. 60525. 62603.] t2_sim:[63589. 63535. 63333.]
Task is 53.00% complete.
t1_sim:[65886. 65717. 64158.] t2_sim:[65684. 65722. 66270.]
Task is 54.00% complete.
t1_sim:[65770. 65240. 64627.] t2_sim:[62853. 62897. 61785.]
Task is 55.00% complete.
t1_sim:[62606. 62566. 63611.] t2_sim:[67164. 67211. 65966.]
Task is 56.00% complete.
t1_sim:[63410. 63373. 63655.] t2_sim:[60957. 60792. 60926.]
Task is 57.00% complete.
t1_sim:[60279. 60390. 57816.] t2_sim:[59443. 59529. 58431.]
Task is 58.00% complete.
t1_sim:[61791. 61915. 62264.] t2_sim:[67854. 68041. 66495.]
Task is 59.00% complete.
t1_sim:[64060. 64146. 62921.] t2_sim:[63561. 63483. 61619.]
Task is 60.00% complete.
t1_sim:[62341. 62004. 59988.] t2_sim:[65376. 65298. 65433.]
Task is 61.00% complete.
t1_sim:[60426. 60277. 58406.] t2_sim:[57191. 57722. 60640.]
Task is 62.00% complete.
t1_sim:[68297. 68885. 71488.] t2_sim:[65567. 65430. 63574.]
Task is 63.00% complete.
t1_sim:[63432. 62983. 61811.] t2_sim:[65251. 65391. 66213.]
Task is 64.00% complete.
t1_sim:[60621. 60132. 58876.] t2_sim:[62299. 62375. 59237.]
Task is 65.00% complete.
t1_sim:[58693. 58471. 58601.] t2_sim:[64918. 65132. 66253.]
Task is 66.00% complete.
t1_sim:[64954. 64901. 64008.] t2_sim:[64774. 64992. 62633.]
Task is 67.00% complete.
t1_sim:[64024. 63846. 62790.] t2_sim:[66455. 66321. 66663.]
Task is 68.00% complete.
t1_sim:[61137. 60827. 61329.] t2_sim:[70752. 70501. 67556.]
Task is 69.00% complete.
t1_sim:[67237. 67377. 69196.] t2_sim:[58558. 58641. 58858.]
Task is 70.00% complete.
t1_sim:[57198. 56847. 57493.] t2_sim:[67434. 67187. 65529.]
Task is 71.00% complete.
t1_sim:[63016. 63103. 63789.] t2_sim:[58354. 58277. 59808.]
Task is 72.00% complete.
t1_sim:[57108. 57015. 57600.] t2_sim:[66895. 66850. 66604.]
Task is 73.00% complete.
t1_sim:[57619. 57781. 57703.] t2_sim:[64270. 64222. 65618.]
Task is 74.00% complete.
t1_sim:[60519. 60492. 61313.] t2_sim:[64619. 64262. 64645.]
Task is 75.00% complete.
t1_sim:[62032. 61934. 60943.] t2_sim:[62780. 62808. 61517.]
Task is 76.00% complete.
t1_sim:[64307. 64495. 64527.] t2_sim:[58157. 57997. 57797.]
Task is 77.00% complete.
t1_sim:[66118. 66103. 65897.] t2_sim:[61235. 61195. 58635.]
Task is 78.00% complete.
t1_sim:[64078. 64119. 61561.] t2_sim:[64579. 64721. 65628.]
Task is 79.00% complete.
t1_sim:[63336. 63777. 63203.] t2_sim:[65992. 66046. 64757.]
Task is 80.00% complete.
t1_sim:[59755. 59547. 60880.] t2_sim:[60377. 60123. 60752.]
Task is 81.00% complete.
t1_sim:[69764. 69333. 68889.] t2_sim:[57300. 56887. 53949.]
Task is 82.00% complete.
t1_sim:[62843. 63389. 64636.] t2_sim:[64709. 64924. 67549.]
Task is 83.00% complete.
t1_sim:[64675. 64636. 64119.] t2_sim:[58688. 58468. 59054.]
Task is 84.00% complete.
t1_sim:[68333. 68323. 66682.] t2_sim:[60556. 60784. 61529.]
Task is 85.00% complete.
t1_sim:[65235. 65124. 66635.] t2_sim:[57694. 57592. 61981.]
Task is 86.00% complete.
t1_sim:[67488. 68051. 67199.] t2_sim:[62918. 62663. 62340.]
Task is 87.00% complete.
t1_sim:[60349. 60386. 60460.] t2_sim:[66740. 66944. 67170.]
Task is 88.00% complete.
t1_sim:[65554. 65378. 66462.] t2_sim:[55583. 55719. 57135.]
Task is 89.00% complete.
t1_sim:[62812. 62620. 61686.] t2_sim:[55456. 55508. 56047.]
Task is 90.00% complete.
t1_sim:[63656. 63842. 63266.] t2_sim:[63709. 63519. 64917.]
Task is 91.00% complete.
t1_sim:[65112. 64943. 64694.] t2_sim:[67859. 67656. 68432.]
Task is 92.00% complete.
t1_sim:[58003. 58396. 57264.] t2_sim:[64148. 64468. 63653.]
Task is 93.00% complete.
t1_sim:[64907. 64452. 66318.] t2_sim:[63783. 64046. 64797.]
Task is 94.00% complete.
t1_sim:[63612. 63570. 61826.] t2_sim:[59038. 59513. 61740.]
Task is 95.00% complete.
t1_sim:[64055. 64331. 64843.] t2_sim:[67853. 68280. 66430.]
Task is 96.00% complete.
t1_sim:[62634. 62288. 63022.] t2_sim:[62271. 62483. 61003.]
Task is 97.00% complete.
t1_sim:[61995. 62357. 62480.] t2_sim:[59327. 59151. 60509.]
Task is 98.00% complete.
t1_sim:[58478. 58263. 59397.] t2_sim:[62355. 61775. 63019.]
Task is 99.00% complete.
t1_sim:[63384. 63602. 63278.] t2_sim:[62604. 62337. 64018.]
Finished
