Begin
Training start
t1_obs:[array(91997.), array(70020.), array(68129.)] t2_obs:[array(90025.), array(69793.), array(64538.)]
corr_G1:[None, None, 2.8254061614052996e-17] corr_G2:[None, None, -2.815485046281121e-17]
Training end
Task is 0.00% complete.
t1_sim:[57438. 57937. 59274.] t2_sim:[66283. 65248. 68045.]
Task is 1.00% complete.
t1_sim:[66796. 64614. 62970.] t2_sim:[62654. 64615. 63084.]
Task is 2.00% complete.
t1_sim:[64989. 63807. 65769.] t2_sim:[57928. 59332. 59486.]
Task is 3.00% complete.
t1_sim:[64709. 64594. 62376.] t2_sim:[60893. 61181. 60696.]
Task is 4.00% complete.
t1_sim:[59306. 60302. 60074.] t2_sim:[57140. 57842. 56848.]
Task is 5.00% complete.
t1_sim:[58407. 57114. 57974.] t2_sim:[61220. 59289. 65881.]
Task is 6.00% complete.
t1_sim:[59405. 61638. 64286.] t2_sim:[61300. 60651. 63781.]
Task is 7.00% complete.
t1_sim:[65290. 65326. 65437.] t2_sim:[57354. 55871. 56363.]
Task is 8.00% complete.
t1_sim:[64102. 64589. 64969.] t2_sim:[61526. 61045. 60493.]
Task is 9.00% complete.
t1_sim:[67322. 67810. 68823.] t2_sim:[59354. 59099. 57854.]
Task is 10.00% complete.
t1_sim:[63712. 65694. 68068.] t2_sim:[65480. 64616. 65751.]
Task is 11.00% complete.
t1_sim:[63743. 63864. 63417.] t2_sim:[61318. 62228. 66220.]
Task is 12.00% complete.
t1_sim:[58767. 58655. 59213.] t2_sim:[60501. 61211. 57969.]
Task is 13.00% complete.
t1_sim:[64983. 63040. 63594.] t2_sim:[58719. 57384. 57601.]
Task is 14.00% complete.
t1_sim:[59608. 60021. 62687.] t2_sim:[60869. 61259. 61666.]
Task is 15.00% complete.
t1_sim:[58508. 57825. 59475.] t2_sim:[62061. 62312. 62823.]
Task is 16.00% complete.
t1_sim:[63225. 61325. 61933.] t2_sim:[59352. 57682. 61681.]
Task is 17.00% complete.
t1_sim:[65235. 65308. 67151.] t2_sim:[59135. 58709. 59525.]
Task is 18.00% complete.
t1_sim:[61940. 62496. 63918.] t2_sim:[58603. 58815. 60888.]
Task is 19.00% complete.
t1_sim:[62506. 65447. 62069.] t2_sim:[62006. 60819. 61940.]
Task is 20.00% complete.
t1_sim:[64168. 62948. 60989.] t2_sim:[61075. 58063. 56742.]
Task is 21.00% complete.
t1_sim:[58796. 57776. 60006.] t2_sim:[63912. 61869. 63083.]
Task is 22.00% complete.
t1_sim:[64945. 66311. 65837.] t2_sim:[64339. 63987. 68007.]
Task is 23.00% complete.
t1_sim:[65690. 67624. 67214.] t2_sim:[57519. 60164. 58767.]
Task is 24.00% complete.
t1_sim:[64932. 64180. 60121.] t2_sim:[64566. 65242. 67363.]
Task is 25.00% complete.
t1_sim:[62363. 61212. 63134.] t2_sim:[62572. 61212. 58877.]
Task is 26.00% complete.
t1_sim:[66796. 66087. 67437.] t2_sim:[68180. 66854. 66059.]
Task is 27.00% complete.
t1_sim:[59652. 59668. 60423.] t2_sim:[63601. 62729. 64313.]
Task is 28.00% complete.
t1_sim:[60691. 59375. 60439.] t2_sim:[66780. 65127. 62086.]
Task is 29.00% complete.
t1_sim:[64668. 67272. 66136.] t2_sim:[63625. 65190. 64192.]
Task is 30.00% complete.
t1_sim:[57942. 59251. 61831.] t2_sim:[61022. 61112. 61545.]
Task is 31.00% complete.
t1_sim:[63153. 61744. 63982.] t2_sim:[61322. 60730. 59725.]
Task is 32.00% complete.
t1_sim:[63751. 63598. 59338.] t2_sim:[65408. 64743. 67872.]
Task is 33.00% complete.
t1_sim:[62671. 64482. 67160.] t2_sim:[69388. 68630. 69757.]
Task is 34.00% complete.
t1_sim:[58668. 59126. 59411.] t2_sim:[61384. 63492. 60233.]
Task is 35.00% complete.
t1_sim:[61005. 61250. 59204.] t2_sim:[61855. 63025. 59612.]
Task is 36.00% complete.
t1_sim:[60999. 59317. 62373.] t2_sim:[61394. 61726. 60491.]
Task is 37.00% complete.
t1_sim:[63555. 62156. 61876.] t2_sim:[59742. 61064. 60112.]
Task is 38.00% complete.
t1_sim:[59883. 58458. 63988.] t2_sim:[65380. 62925. 63885.]
Task is 39.00% complete.
t1_sim:[65314. 63653. 63152.] t2_sim:[60398. 60517. 59814.]
Task is 40.00% complete.
t1_sim:[64685. 61790. 60144.] t2_sim:[55072. 55323. 55605.]
Task is 41.00% complete.
t1_sim:[61807. 60753. 63586.] t2_sim:[63259. 61423. 63609.]
Task is 42.00% complete.
t1_sim:[62923. 63348. 64916.] t2_sim:[65904. 65036. 65522.]
Task is 43.00% complete.
t1_sim:[60374. 60166. 62417.] t2_sim:[66797. 63224. 61840.]
Task is 44.00% complete.
t1_sim:[59313. 60429. 58560.] t2_sim:[61980. 60878. 63396.]
Task is 45.00% complete.
t1_sim:[61142. 59376. 62340.] t2_sim:[64890. 65583. 64533.]
Task is 46.00% complete.
t1_sim:[60633. 62624. 62444.] t2_sim:[61279. 61625. 61639.]
Task is 47.00% complete.
t1_sim:[59662. 59176. 62630.] t2_sim:[66378. 66205. 66205.]
Task is 48.00% complete.
t1_sim:[60593. 60267. 61089.] t2_sim:[61393. 61819. 58210.]
Task is 49.00% complete.
t1_sim:[61469. 61747. 61074.] t2_sim:[60367. 61562. 62005.]
Task is 50.00% complete.
t1_sim:[71831. 71750. 68358.] t2_sim:[67904. 67397. 63999.]
Task is 51.00% complete.
t1_sim:[63758. 63550. 66886.] t2_sim:[63455. 63518. 66288.]
Task is 52.00% complete.
t1_sim:[58613. 58462. 56368.] t2_sim:[61209. 59973. 60677.]
Task is 53.00% complete.
t1_sim:[63832. 61761. 62159.] t2_sim:[57414. 56636. 56490.]
Task is 54.00% complete.
t1_sim:[60322. 60812. 59416.] t2_sim:[65424. 65400. 66435.]
Task is 55.00% complete.
t1_sim:[61685. 63003. 61128.] t2_sim:[62676. 62766. 62929.]
Task is 56.00% complete.
t1_sim:[60462. 59301. 61146.] t2_sim:[67454. 65696. 65068.]
Task is 57.00% complete.
t1_sim:[63099. 64020. 62365.] t2_sim:[59104. 57992. 58355.]
Task is 58.00% complete.
t1_sim:[61134. 62601. 62921.] t2_sim:[61634. 62771. 58649.]
Task is 59.00% complete.
t1_sim:[63398. 62717. 62323.] t2_sim:[61535. 61155. 59276.]
Task is 60.00% complete.
t1_sim:[62959. 65184. 62914.] t2_sim:[57988. 57879. 58921.]
Task is 61.00% complete.
t1_sim:[59632. 59398. 60628.] t2_sim:[63550. 62517. 63784.]
Task is 62.00% complete.
t1_sim:[57415. 56420. 60387.] t2_sim:[62899. 64081. 64736.]
Task is 63.00% complete.
t1_sim:[65082. 64020. 65458.] t2_sim:[62172. 62348. 63559.]
Task is 64.00% complete.
t1_sim:[64869. 65644. 64214.] t2_sim:[61321. 60738. 59394.]
Task is 65.00% complete.
t1_sim:[60732. 61709. 65591.] t2_sim:[59378. 57818. 61350.]
Task is 66.00% complete.
t1_sim:[59540. 60904. 60496.] t2_sim:[68209. 68947. 65972.]
Task is 67.00% complete.
t1_sim:[62057. 61227. 63517.] t2_sim:[67095. 67600. 63591.]
Task is 68.00% complete.
t1_sim:[63283. 63014. 66645.] t2_sim:[53113. 55565. 56111.]
Task is 69.00% complete.
t1_sim:[63808. 65779. 65657.] t2_sim:[60443. 60202. 60168.]
Task is 70.00% complete.
t1_sim:[65888. 67063. 68010.] t2_sim:[64721. 65339. 63935.]
Task is 71.00% complete.
t1_sim:[61396. 63019. 61569.] t2_sim:[63623. 61651. 60417.]
Task is 72.00% complete.
t1_sim:[66400. 64673. 63120.] t2_sim:[60267. 61600. 60758.]
Task is 73.00% complete.
t1_sim:[60416. 61145. 61694.] t2_sim:[61107. 61671. 64825.]
Task is 74.00% complete.
t1_sim:[65071. 63353. 65658.] t2_sim:[57817. 57828. 60397.]
Task is 75.00% complete.
t1_sim:[60911. 59793. 58876.] t2_sim:[59150. 59066. 59171.]
Task is 76.00% complete.
t1_sim:[56390. 53740. 58005.] t2_sim:[60804. 61801. 61436.]
Task is 77.00% complete.
t1_sim:[64687. 64602. 65555.] t2_sim:[64028. 62475. 65166.]
Task is 78.00% complete.
t1_sim:[62857. 61502. 59691.] t2_sim:[57923. 58252. 58490.]
Task is 79.00% complete.
t1_sim:[55600. 55830. 54241.] t2_sim:[60188. 59644. 64041.]
Task is 80.00% complete.
t1_sim:[59250. 59292. 56684.] t2_sim:[70347. 66480. 65903.]
Task is 81.00% complete.
t1_sim:[62390. 65358. 62619.] t2_sim:[64065. 64522. 61096.]
Task is 82.00% complete.
t1_sim:[58650. 58577. 57346.] t2_sim:[68501. 69546. 64679.]
Task is 83.00% complete.
t1_sim:[59498. 59481. 60887.] t2_sim:[61223. 60896. 62924.]
Task is 84.00% complete.
t1_sim:[62915. 62457. 64391.] t2_sim:[66801. 66873. 67597.]
Task is 85.00% complete.
t1_sim:[61959. 60779. 60546.] t2_sim:[61215. 62295. 61913.]
Task is 86.00% complete.
t1_sim:[60437. 59729. 64535.] t2_sim:[59605. 60261. 61646.]
Task is 87.00% complete.
t1_sim:[61595. 60366. 63469.] t2_sim:[65834. 66101. 63200.]
Task is 88.00% complete.
t1_sim:[64018. 63569. 63023.] t2_sim:[60866. 62012. 62524.]
Task is 89.00% complete.
t1_sim:[65868. 67279. 64421.] t2_sim:[63018. 63973. 64627.]
Task is 90.00% complete.
t1_sim:[58893. 59836. 60820.] t2_sim:[67417. 68795. 71830.]
Task is 91.00% complete.
t1_sim:[61272. 60872. 60764.] t2_sim:[62602. 62538. 61972.]
Task is 92.00% complete.
t1_sim:[58585. 58729. 58280.] t2_sim:[56274. 56648. 61276.]
Task is 93.00% complete.
t1_sim:[58436. 60356. 62189.] t2_sim:[55822. 55075. 53394.]
Task is 94.00% complete.
t1_sim:[63132. 63131. 63782.] t2_sim:[57988. 57943. 57438.]
Task is 95.00% complete.
t1_sim:[65027. 65222. 63898.] t2_sim:[60529. 61174. 58746.]
Task is 96.00% complete.
t1_sim:[63502. 64725. 60282.] t2_sim:[59354. 59833. 59201.]
Task is 97.00% complete.
t1_sim:[61788. 59771. 61548.] t2_sim:[66092. 65763. 66618.]
Task is 98.00% complete.
t1_sim:[67380. 67623. 67924.] t2_sim:[60824. 60239. 61029.]
Task is 99.00% complete.
t1_sim:[61982. 63526. 63695.] t2_sim:[63502. 62770. 68545.]
Training start
t1_obs:[array(91997.), array(70020.), array(66785.)] t2_obs:[array(90025.), array(69793.), array(53063.)]
corr_G1:[None, None, 0.8689966263542678] corr_G2:[None, None, 0.9759846148626008]
Training end
Task is 0.00% complete.
t1_sim:[61841. 62132. 60371.] t2_sim:[67382. 68227. 69199.]
Task is 1.00% complete.
t1_sim:[64477. 64852. 66979.] t2_sim:[60019. 60258. 65150.]
Task is 2.00% complete.
t1_sim:[65124. 65043. 67736.] t2_sim:[59637. 57949. 61335.]
Task is 3.00% complete.
t1_sim:[68837. 67862. 68768.] t2_sim:[64098. 62758. 67666.]
Task is 4.00% complete.
t1_sim:[59230. 60861. 61689.] t2_sim:[61127. 60136. 62926.]
Task is 5.00% complete.
t1_sim:[60408. 59949. 60072.] t2_sim:[65522. 66899. 69517.]
Task is 6.00% complete.
t1_sim:[65931. 64844. 64907.] t2_sim:[65029. 65718. 71259.]
Task is 7.00% complete.
t1_sim:[58008. 58562. 59386.] t2_sim:[67295. 67739. 67033.]
Task is 8.00% complete.
t1_sim:[63339. 63275. 66112.] t2_sim:[58951. 57799. 66151.]
Task is 9.00% complete.
t1_sim:[64341. 65248. 65601.] t2_sim:[59775. 58332. 61284.]
Task is 10.00% complete.
t1_sim:[64085. 65120. 69789.] t2_sim:[68927. 67606. 64764.]
Task is 11.00% complete.
t1_sim:[56586. 57606. 58119.] t2_sim:[59544. 61145. 61883.]
Task is 12.00% complete.
t1_sim:[56122. 57198. 58457.] t2_sim:[64946. 63157. 65899.]
Task is 13.00% complete.
t1_sim:[54112. 53949. 54591.] t2_sim:[67756. 66503. 67582.]
Task is 14.00% complete.
t1_sim:[67567. 67389. 67417.] t2_sim:[62637. 61562. 66650.]
Task is 15.00% complete.
t1_sim:[61911. 60476. 61100.] t2_sim:[56920. 58486. 62971.]
Task is 16.00% complete.
t1_sim:[63497. 64503. 65658.] t2_sim:[61326. 62664. 64044.]
Task is 17.00% complete.
t1_sim:[64559. 64666. 66973.] t2_sim:[58726. 59166. 62624.]
Task is 18.00% complete.
t1_sim:[64929. 67132. 67856.] t2_sim:[63044. 62583. 63000.]
Task is 19.00% complete.
t1_sim:[64351. 63481. 63267.] t2_sim:[60555. 58598. 62333.]
Task is 20.00% complete.
t1_sim:[67318. 65143. 66695.] t2_sim:[62337. 61821. 65715.]
Task is 21.00% complete.
t1_sim:[66479. 66396. 66701.] t2_sim:[59653. 58184. 64821.]
Task is 22.00% complete.
t1_sim:[62088. 62935. 66161.] t2_sim:[63663. 63684. 64723.]
Task is 23.00% complete.
t1_sim:[60762. 62674. 63571.] t2_sim:[58178. 57871. 64590.]
Task is 24.00% complete.
t1_sim:[64320. 64812. 65948.] t2_sim:[60587. 60135. 62633.]
Task is 25.00% complete.
t1_sim:[61238. 63751. 62721.] t2_sim:[62428. 63815. 66968.]
Task is 26.00% complete.
t1_sim:[58401. 59420. 62305.] t2_sim:[61042. 61466. 66421.]
Task is 27.00% complete.
t1_sim:[61293. 61187. 62189.] t2_sim:[61189. 59809. 64900.]
Task is 28.00% complete.
t1_sim:[66086. 67961. 65846.] t2_sim:[63194. 62819. 65362.]
Task is 29.00% complete.
t1_sim:[61056. 59407. 58476.] t2_sim:[63733. 62875. 65731.]
Task is 30.00% complete.
t1_sim:[60385. 61366. 62926.] t2_sim:[62245. 61183. 66338.]
Task is 31.00% complete.
t1_sim:[61186. 59896. 58742.] t2_sim:[68216. 69006. 71383.]
Task is 32.00% complete.
t1_sim:[70549. 70099. 69813.] t2_sim:[63796. 66258. 70858.]
Task is 33.00% complete.
t1_sim:[63037. 62700. 66061.] t2_sim:[60170. 58973. 61962.]
Task is 34.00% complete.
t1_sim:[62728. 65685. 65462.] t2_sim:[58039. 57864. 61759.]
Task is 35.00% complete.
t1_sim:[61847. 61605. 62625.] t2_sim:[61934. 62919. 67579.]
Task is 36.00% complete.
t1_sim:[56392. 55802. 57520.] t2_sim:[64735. 64413. 67781.]
Task is 37.00% complete.
t1_sim:[62743. 58585. 58984.] t2_sim:[60186. 60897. 65028.]
Task is 38.00% complete.
t1_sim:[65811. 64532. 67786.] t2_sim:[64347. 64822. 67694.]
Task is 39.00% complete.
t1_sim:[60183. 61008. 62427.] t2_sim:[65480. 65324. 68589.]
Task is 40.00% complete.
t1_sim:[65570. 66647. 69185.] t2_sim:[65807. 65117. 67603.]
Task is 41.00% complete.
t1_sim:[65485. 66801. 65660.] t2_sim:[66969. 65233. 65621.]
Task is 42.00% complete.
t1_sim:[57701. 58101. 59235.] t2_sim:[64877. 65045. 63847.]
Task is 43.00% complete.
t1_sim:[63981. 63515. 66740.] t2_sim:[61616. 61393. 61337.]
Task is 44.00% complete.
t1_sim:[64075. 63896. 65489.] t2_sim:[64787. 64202. 68041.]
Task is 45.00% complete.
t1_sim:[57172. 59006. 60779.] t2_sim:[66671. 67327. 67346.]
Task is 46.00% complete.
t1_sim:[57205. 59053. 60333.] t2_sim:[66485. 66919. 66612.]
Task is 47.00% complete.
t1_sim:[57270. 56908. 59507.] t2_sim:[58645. 60149. 61572.]
Task is 48.00% complete.
t1_sim:[58761. 58205. 60403.] t2_sim:[57541. 57660. 59820.]
Task is 49.00% complete.
t1_sim:[70540. 70277. 69699.] t2_sim:[63286. 63438. 62731.]
Task is 50.00% complete.
t1_sim:[60185. 59405. 61344.] t2_sim:[62164. 62300. 66012.]
Task is 51.00% complete.
t1_sim:[67538. 67977. 68724.] t2_sim:[64356. 62916. 65345.]
Task is 52.00% complete.
t1_sim:[60173. 59664. 60504.] t2_sim:[60939. 60081. 65860.]
Task is 53.00% complete.
t1_sim:[69826. 67988. 67572.] t2_sim:[62672. 62982. 62985.]
Task is 54.00% complete.
t1_sim:[64056. 64921. 63717.] t2_sim:[67358. 66270. 68539.]
Task is 55.00% complete.
t1_sim:[61897. 62002. 62169.] t2_sim:[61438. 60565. 66294.]
Task is 56.00% complete.
t1_sim:[58438. 59076. 58916.] t2_sim:[62618. 60847. 63724.]
Task is 57.00% complete.
t1_sim:[64061. 64132. 64601.] t2_sim:[64492. 63854. 68083.]
Task is 58.00% complete.
t1_sim:[60551. 58957. 58348.] t2_sim:[59159. 61719. 65796.]
Task is 59.00% complete.
t1_sim:[65330. 64169. 68078.] t2_sim:[66927. 66552. 67159.]
Task is 60.00% complete.
t1_sim:[62836. 63427. 65160.] t2_sim:[60495. 59644. 67599.]
Task is 61.00% complete.
t1_sim:[61942. 61815. 62845.] t2_sim:[61958. 63221. 66392.]
Task is 62.00% complete.
t1_sim:[63252. 63313. 63891.] t2_sim:[65801. 63636. 66691.]
Task is 63.00% complete.
t1_sim:[57096. 55713. 56137.] t2_sim:[63369. 62380. 61909.]
Task is 64.00% complete.
t1_sim:[66973. 68194. 67397.] t2_sim:[59233. 59604. 63029.]
Task is 65.00% complete.
t1_sim:[57728. 58552. 62086.] t2_sim:[69832. 68905. 72749.]
Task is 66.00% complete.
t1_sim:[67895. 65875. 66147.] t2_sim:[60728. 63362. 66953.]
Task is 67.00% complete.
t1_sim:[61480. 61824. 63117.] t2_sim:[61081. 60569. 66960.]
Task is 68.00% complete.
t1_sim:[61745. 60296. 61842.] t2_sim:[68523. 66667. 67411.]
Task is 69.00% complete.
t1_sim:[68456. 69233. 68829.] t2_sim:[70141. 69741. 70548.]
Task is 70.00% complete.
t1_sim:[67354. 67553. 69672.] t2_sim:[64429. 65132. 66921.]
Task is 71.00% complete.
t1_sim:[63999. 62009. 60882.] t2_sim:[66317. 65756. 67057.]
Task is 72.00% complete.
t1_sim:[64039. 64054. 63133.] t2_sim:[72382. 74128. 73234.]
Task is 73.00% complete.
t1_sim:[66297. 66012. 66124.] t2_sim:[60420. 59309. 64368.]
Task is 74.00% complete.
t1_sim:[59725. 60402. 60465.] t2_sim:[65588. 62694. 68822.]
Task is 75.00% complete.
t1_sim:[63100. 64239. 67956.] t2_sim:[59559. 57821. 61210.]
Task is 76.00% complete.
t1_sim:[64323. 64136. 64432.] t2_sim:[55136. 56155. 61034.]
Task is 77.00% complete.
t1_sim:[58014. 60570. 63208.] t2_sim:[55897. 54286. 57867.]
Task is 78.00% complete.
t1_sim:[62970. 59298. 62710.] t2_sim:[62073. 63156. 64621.]
Task is 79.00% complete.
t1_sim:[60086. 58991. 60672.] t2_sim:[63800. 66203. 66723.]
Task is 80.00% complete.
t1_sim:[64871. 65752. 67594.] t2_sim:[64908. 65416. 64408.]
Task is 81.00% complete.
t1_sim:[59287. 59988. 62309.] t2_sim:[65791. 65639. 71189.]
Task is 82.00% complete.
t1_sim:[66874. 66735. 66219.] t2_sim:[62234. 62281. 67823.]
Task is 83.00% complete.
t1_sim:[68870. 69046. 67467.] t2_sim:[63767. 62700. 67273.]
Task is 84.00% complete.
t1_sim:[58982. 59230. 61362.] t2_sim:[60473. 61692. 65074.]
Task is 85.00% complete.
t1_sim:[65501. 63802. 67398.] t2_sim:[64522. 65543. 70710.]
Task is 86.00% complete.
t1_sim:[61485. 61197. 63407.] t2_sim:[61450. 61104. 65706.]
Task is 87.00% complete.
t1_sim:[58625. 59899. 61756.] t2_sim:[66389. 66804. 65631.]
Task is 88.00% complete.
t1_sim:[62636. 62982. 65712.] t2_sim:[64256. 64871. 67682.]
Task is 89.00% complete.
t1_sim:[59422. 57544. 58233.] t2_sim:[62589. 62693. 62912.]
Task is 90.00% complete.
t1_sim:[62484. 62529. 61644.] t2_sim:[57610. 56179. 58492.]
Task is 91.00% complete.
t1_sim:[57913. 59761. 63086.] t2_sim:[61753. 61608. 66134.]
Task is 92.00% complete.
t1_sim:[61506. 62267. 63455.] t2_sim:[59494. 59777. 61581.]
Task is 93.00% complete.
t1_sim:[65515. 67337. 68915.] t2_sim:[64519. 66088. 68421.]
Task is 94.00% complete.
t1_sim:[64914. 65791. 63285.] t2_sim:[60249. 58731. 61966.]
Task is 95.00% complete.
t1_sim:[62524. 63022. 63689.] t2_sim:[64608. 62596. 63997.]
Task is 96.00% complete.
t1_sim:[65285. 65867. 68540.] t2_sim:[54989. 56079. 62756.]
Task is 97.00% complete.
t1_sim:[58866. 57750. 58988.] t2_sim:[69100. 70312. 70589.]
Task is 98.00% complete.
t1_sim:[60041. 59165. 61145.] t2_sim:[59882. 57865. 67779.]
Task is 99.00% complete.
t1_sim:[61145. 61730. 62092.] t2_sim:[62278. 64101. 66229.]
Training start
t1_obs:[array(91997.), array(70020.), array(68553.)] t2_obs:[array(90025.), array(69793.), array(65856.)]
corr_G1:[None, None, 0.10331636810508377] corr_G2:[None, None, -0.01451535347884631]
Training end
Task is 0.00% complete.
t1_sim:[62819. 64768. 63323.] t2_sim:[63451. 64402. 64933.]
Task is 1.00% complete.
t1_sim:[66382. 65148. 65180.] t2_sim:[62052. 61513. 59447.]
Task is 2.00% complete.
t1_sim:[65016. 65209. 66902.] t2_sim:[65721. 66566. 67435.]
Task is 3.00% complete.
t1_sim:[57107. 56615. 56934.] t2_sim:[58934. 58306. 58803.]
Task is 4.00% complete.
t1_sim:[61161. 59710. 60480.] t2_sim:[61901. 60354. 57558.]
Task is 5.00% complete.
t1_sim:[60340. 59487. 59594.] t2_sim:[59833. 59215. 58951.]
Task is 6.00% complete.
t1_sim:[60706. 60255. 61377.] t2_sim:[61366. 60635. 59299.]
Task is 7.00% complete.
t1_sim:[60121. 60557. 61030.] t2_sim:[67514. 66891. 65221.]
Task is 8.00% complete.
t1_sim:[62885. 61839. 58878.] t2_sim:[62849. 63265. 62660.]
Task is 9.00% complete.
t1_sim:[64530. 65630. 63806.] t2_sim:[63081. 64139. 63004.]
Task is 10.00% complete.
t1_sim:[59957. 60589. 59701.] t2_sim:[64706. 63880. 62199.]
Task is 11.00% complete.
t1_sim:[64349. 65498. 64477.] t2_sim:[67193. 66795. 65322.]
Task is 12.00% complete.
t1_sim:[62166. 61948. 61001.] t2_sim:[60569. 60173. 59061.]
Task is 13.00% complete.
t1_sim:[64558. 65779. 66181.] t2_sim:[58628. 58223. 56572.]
Task is 14.00% complete.
t1_sim:[64360. 66030. 65970.] t2_sim:[57460. 57553. 55132.]
Task is 15.00% complete.
t1_sim:[62317. 61592. 62626.] t2_sim:[60570. 61578. 63380.]
Task is 16.00% complete.
t1_sim:[58455. 59133. 60386.] t2_sim:[58072. 57274. 60162.]
Task is 17.00% complete.
t1_sim:[64506. 65791. 64297.] t2_sim:[69429. 67860. 68510.]
Task is 18.00% complete.
t1_sim:[58395. 55992. 56484.] t2_sim:[59224. 60872. 60479.]
Task is 19.00% complete.
t1_sim:[60359. 59899. 63822.] t2_sim:[63848. 63145. 61474.]
Task is 20.00% complete.
t1_sim:[68811. 68234. 69004.] t2_sim:[61668. 61231. 58943.]
Task is 21.00% complete.
t1_sim:[62101. 62438. 62726.] t2_sim:[57506. 58011. 60847.]
Task is 22.00% complete.
t1_sim:[64950. 64657. 64655.] t2_sim:[59323. 57843. 59640.]
Task is 23.00% complete.
t1_sim:[63240. 61283. 61147.] t2_sim:[65745. 65900. 65440.]
Task is 24.00% complete.
t1_sim:[56114. 56597. 57227.] t2_sim:[62248. 62823. 60525.]
Task is 25.00% complete.
t1_sim:[64067. 65021. 64562.] t2_sim:[62429. 62838. 62474.]
Task is 26.00% complete.
t1_sim:[61374. 60463. 63156.] t2_sim:[62120. 63600. 63259.]
Task is 27.00% complete.
t1_sim:[66166. 66425. 65825.] t2_sim:[61384. 62679. 61835.]
Task is 28.00% complete.
t1_sim:[67054. 65740. 65640.] t2_sim:[62557. 61168. 62333.]
Task is 29.00% complete.
t1_sim:[64815. 62278. 61098.] t2_sim:[60233. 60917. 59578.]
Task is 30.00% complete.
t1_sim:[60277. 60983. 63589.] t2_sim:[58439. 58807. 59040.]
Task is 31.00% complete.
t1_sim:[59756. 57539. 59403.] t2_sim:[62398. 64171. 62433.]
Task is 32.00% complete.
t1_sim:[57608. 56395. 54596.] t2_sim:[61235. 60782. 59626.]
Task is 33.00% complete.
t1_sim:[66017. 66730. 63537.] t2_sim:[63593. 63756. 64473.]
Task is 34.00% complete.
t1_sim:[65837. 66203. 64113.] t2_sim:[62766. 60688. 60295.]
Task is 35.00% complete.
t1_sim:[61689. 62452. 61673.] t2_sim:[59187. 60212. 61304.]
Task is 36.00% complete.
t1_sim:[61000. 59840. 59809.] t2_sim:[64078. 61830. 59068.]
Task is 37.00% complete.
t1_sim:[58558. 58488. 56521.] t2_sim:[60707. 61535. 62520.]
Task is 38.00% complete.
t1_sim:[62123. 62408. 62505.] t2_sim:[61344. 62657. 61990.]
Task is 39.00% complete.
t1_sim:[66684. 65995. 66191.] t2_sim:[62048. 62135. 58756.]
Task is 40.00% complete.
t1_sim:[62615. 62129. 62676.] t2_sim:[64251. 65034. 65548.]
Task is 41.00% complete.
t1_sim:[61911. 61481. 61465.] t2_sim:[66568. 67806. 66172.]
Task is 42.00% complete.
t1_sim:[68859. 67019. 64121.] t2_sim:[60410. 60709. 62631.]
Task is 43.00% complete.
t1_sim:[65818. 67321. 64939.] t2_sim:[62275. 63439. 60872.]
Task is 44.00% complete.
t1_sim:[53932. 53462. 54256.] t2_sim:[58090. 58199. 57185.]
Task is 45.00% complete.
t1_sim:[66677. 65036. 65597.] t2_sim:[64184. 62893. 62997.]
Task is 46.00% complete.
t1_sim:[65476. 66053. 64835.] t2_sim:[66588. 68135. 65733.]
Task is 47.00% complete.
t1_sim:[60314. 59080. 61130.] t2_sim:[60240. 61387. 59044.]
Task is 48.00% complete.
t1_sim:[58532. 59004. 60983.] t2_sim:[63078. 65885. 61592.]
Task is 49.00% complete.
t1_sim:[63075. 63420. 64503.] t2_sim:[60873. 59329. 59871.]
Task is 50.00% complete.
t1_sim:[59533. 59402. 59195.] t2_sim:[61295. 60497. 59334.]
Task is 51.00% complete.
t1_sim:[60691. 59603. 57612.] t2_sim:[64262. 66421. 64836.]
Task is 52.00% complete.
t1_sim:[61871. 62052. 60769.] t2_sim:[61979. 61812. 61718.]
Task is 53.00% complete.
t1_sim:[68090. 66333. 67656.] t2_sim:[63044. 63764. 63405.]
Task is 54.00% complete.
t1_sim:[62659. 62101. 64558.] t2_sim:[63703. 65221. 66252.]
Task is 55.00% complete.
t1_sim:[65309. 64217. 63981.] t2_sim:[59894. 59369. 58124.]
Task is 56.00% complete.
t1_sim:[67069. 67650. 66422.] t2_sim:[61091. 62202. 60093.]
Task is 57.00% complete.
t1_sim:[66495. 65043. 65660.] t2_sim:[62320. 61716. 60528.]
Task is 58.00% complete.
t1_sim:[64546. 65618. 67096.] t2_sim:[58045. 59012. 62114.]
Task is 59.00% complete.
t1_sim:[59739. 61172. 63146.] t2_sim:[61022. 60816. 60783.]
Task is 60.00% complete.
t1_sim:[63909. 64530. 66280.] t2_sim:[60429. 59329. 55912.]
Task is 61.00% complete.
t1_sim:[58669. 58712. 59475.] t2_sim:[62309. 62052. 61560.]
Task is 62.00% complete.
t1_sim:[63375. 63692. 65348.] t2_sim:[60039. 59284. 58939.]
Task is 63.00% complete.
t1_sim:[58408. 57011. 58581.] t2_sim:[60043. 59274. 59484.]
Task is 64.00% complete.
t1_sim:[61213. 61409. 61511.] t2_sim:[61223. 61067. 60386.]
Task is 65.00% complete.
t1_sim:[56662. 58193. 56660.] t2_sim:[57667. 59032. 62165.]
Task is 66.00% complete.
t1_sim:[64241. 62802. 59989.] t2_sim:[61846. 62277. 60382.]
Task is 67.00% complete.
t1_sim:[62225. 59739. 57647.] t2_sim:[64208. 61264. 62172.]
Task is 68.00% complete.
t1_sim:[61993. 64746. 63697.] t2_sim:[54843. 54938. 52376.]
Task is 69.00% complete.
t1_sim:[63607. 64013. 64411.] t2_sim:[64716. 64327. 64515.]
Task is 70.00% complete.
t1_sim:[60253. 61120. 61544.] t2_sim:[70217. 71865. 71354.]
Task is 71.00% complete.
t1_sim:[64592. 64403. 64804.] t2_sim:[58741. 58381. 58151.]
Task is 72.00% complete.
t1_sim:[62684. 62605. 62255.] t2_sim:[63658. 65140. 64473.]
Task is 73.00% complete.
t1_sim:[61599. 61371. 61659.] t2_sim:[61222. 61944. 60690.]
Task is 74.00% complete.
t1_sim:[62203. 61294. 61092.] t2_sim:[65942. 66589. 65622.]
Task is 75.00% complete.
t1_sim:[60822. 61071. 61213.] t2_sim:[65126. 65174. 65870.]
Task is 76.00% complete.
t1_sim:[67403. 66963. 66976.] t2_sim:[60042. 58860. 58694.]
Task is 77.00% complete.
t1_sim:[61982. 63645. 64806.] t2_sim:[60450. 60905. 60404.]
Task is 78.00% complete.
t1_sim:[63003. 66040. 64657.] t2_sim:[68858. 68182. 65699.]
Task is 79.00% complete.
t1_sim:[63484. 63346. 64062.] t2_sim:[63895. 62429. 62419.]
Task is 80.00% complete.
t1_sim:[64143. 65213. 65011.] t2_sim:[61981. 60307. 60991.]
Task is 81.00% complete.
t1_sim:[64765. 62685. 65004.] t2_sim:[65799. 66239. 64584.]
Task is 82.00% complete.
t1_sim:[59948. 59951. 60293.] t2_sim:[60093. 60056. 59846.]
Task is 83.00% complete.
t1_sim:[67587. 67410. 67698.] t2_sim:[62950. 61363. 60101.]
Task is 84.00% complete.
t1_sim:[60994. 62693. 63703.] t2_sim:[65219. 64370. 61855.]
Task is 85.00% complete.
t1_sim:[67333. 68096. 65409.] t2_sim:[62651. 62716. 59318.]
Task is 86.00% complete.
t1_sim:[67140. 65542. 64492.] t2_sim:[63613. 62884. 61649.]
Task is 87.00% complete.
t1_sim:[65905. 66882. 65023.] t2_sim:[62393. 62066. 65148.]
Task is 88.00% complete.
t1_sim:[62539. 61494. 61774.] t2_sim:[57176. 56216. 57771.]
Task is 89.00% complete.
t1_sim:[63857. 63703. 63077.] t2_sim:[64180. 63245. 59838.]
Task is 90.00% complete.
t1_sim:[57624. 59887. 60349.] t2_sim:[66384. 63923. 64033.]
Task is 91.00% complete.
t1_sim:[62089. 63988. 62757.] t2_sim:[62876. 63092. 62458.]
Task is 92.00% complete.
t1_sim:[60769. 63211. 64112.] t2_sim:[67073. 66081. 64927.]
Task is 93.00% complete.
t1_sim:[59875. 61640. 62365.] t2_sim:[63116. 61627. 60616.]
Task is 94.00% complete.
t1_sim:[61669. 60597. 62134.] t2_sim:[65412. 64744. 64712.]
Task is 95.00% complete.
t1_sim:[64710. 62262. 61468.] t2_sim:[64779. 64357. 63513.]
Task is 96.00% complete.
t1_sim:[65669. 66682. 66166.] t2_sim:[63238. 64520. 59181.]
Task is 97.00% complete.
t1_sim:[59584. 57859. 58526.] t2_sim:[64770. 65488. 62937.]
Task is 98.00% complete.
t1_sim:[60898. 58176. 58754.] t2_sim:[70110. 67761. 65873.]
Task is 99.00% complete.
t1_sim:[56215. 57215. 57425.] t2_sim:[55057. 56015. 54446.]
Finished
