Begin
Training start
t1_obs:[array(91816.), array(69911.), array(67013.)] t2_obs:[array(86723.), array(65569.), array(61862.)]
corr_G1:[None, None, 4.327221107133141e-18] corr_G2:[None, None, -1.000955272780885e-16]
Training end
Task is 0.00% complete.
t1_sim:[59082. 61088. 56682.] t2_sim:[60457. 59608. 60609.]
Task is 1.00% complete.
t1_sim:[61780. 62114. 59658.] t2_sim:[70575. 71488. 70297.]
Task is 2.00% complete.
t1_sim:[65949. 67183. 67180.] t2_sim:[67536. 66925. 66467.]
Task is 3.00% complete.
t1_sim:[62269. 61552. 61090.] t2_sim:[68458. 68251. 64772.]
Task is 4.00% complete.
t1_sim:[64800. 65514. 64026.] t2_sim:[62646. 64622. 62476.]
Task is 5.00% complete.
t1_sim:[57841. 56522. 57178.] t2_sim:[63081. 63515. 62748.]
Task is 6.00% complete.
t1_sim:[64687. 63178. 63693.] t2_sim:[65648. 64895. 66010.]
Task is 7.00% complete.
t1_sim:[61655. 63094. 61771.] t2_sim:[63623. 62807. 64702.]
Task is 8.00% complete.
t1_sim:[64097. 63343. 60505.] t2_sim:[60591. 62087. 62876.]
Task is 9.00% complete.
t1_sim:[58755. 59363. 62301.] t2_sim:[61374. 62089. 64769.]
Task is 10.00% complete.
t1_sim:[60410. 61644. 61155.] t2_sim:[59466. 59594. 62858.]
Task is 11.00% complete.
t1_sim:[58455. 58941. 60503.] t2_sim:[63860. 63587. 65118.]
Task is 12.00% complete.
t1_sim:[58473. 60630. 61264.] t2_sim:[67251. 64662. 66455.]
Task is 13.00% complete.
t1_sim:[71209. 70904. 68219.] t2_sim:[67485. 67910. 63847.]
Task is 14.00% complete.
t1_sim:[62486. 63275. 62066.] t2_sim:[59560. 59425. 61522.]
Task is 15.00% complete.
t1_sim:[65812. 64388. 61882.] t2_sim:[61748. 61587. 62112.]
Task is 16.00% complete.
t1_sim:[65837. 65950. 66958.] t2_sim:[67485. 67903. 67762.]
Task is 17.00% complete.
t1_sim:[64052. 62121. 64106.] t2_sim:[65263. 64477. 62307.]
Task is 18.00% complete.
t1_sim:[60442. 61321. 60295.] t2_sim:[64547. 64368. 64334.]
Task is 19.00% complete.
t1_sim:[64035. 64014. 63270.] t2_sim:[67503. 68098. 68910.]
Task is 20.00% complete.
t1_sim:[63425. 63178. 65606.] t2_sim:[60688. 60857. 60951.]
Task is 21.00% complete.
t1_sim:[66795. 67099. 64528.] t2_sim:[59162. 58933. 61101.]
Task is 22.00% complete.
t1_sim:[58427. 59465. 60683.] t2_sim:[63099. 63614. 62956.]
Task is 23.00% complete.
t1_sim:[60128. 61470. 59723.] t2_sim:[56319. 56580. 57630.]
Task is 24.00% complete.
t1_sim:[63699. 62912. 60406.] t2_sim:[63113. 63672. 68290.]
Task is 25.00% complete.
t1_sim:[62553. 60834. 60978.] t2_sim:[68983. 67054. 67588.]
Task is 26.00% complete.
t1_sim:[62693. 63975. 62178.] t2_sim:[62774. 63712. 62014.]
Task is 27.00% complete.
t1_sim:[61332. 59190. 60549.] t2_sim:[65823. 66179. 69283.]
Task is 28.00% complete.
t1_sim:[63483. 62683. 67829.] t2_sim:[64453. 64460. 60868.]
Task is 29.00% complete.
t1_sim:[62603. 62976. 65900.] t2_sim:[62521. 61906. 64302.]
Task is 30.00% complete.
t1_sim:[63423. 63327. 62617.] t2_sim:[66022. 65218. 64201.]
Task is 31.00% complete.
t1_sim:[61817. 61060. 62437.] t2_sim:[66156. 66880. 65561.]
Task is 32.00% complete.
t1_sim:[62686. 63683. 60822.] t2_sim:[61731. 61205. 63421.]
Task is 33.00% complete.
t1_sim:[63807. 62734. 63709.] t2_sim:[61404. 61650. 61476.]
Task is 34.00% complete.
t1_sim:[60941. 59862. 60308.] t2_sim:[65153. 64696. 65334.]
Task is 35.00% complete.
t1_sim:[64543. 64630. 64212.] t2_sim:[62145. 63095. 61898.]
Task is 36.00% complete.
t1_sim:[61287. 63326. 64713.] t2_sim:[63454. 61813. 64346.]
Task is 37.00% complete.
t1_sim:[56143. 54971. 57176.] t2_sim:[67822. 67562. 65164.]
Task is 38.00% complete.
t1_sim:[61709. 60434. 59998.] t2_sim:[60922. 61889. 61851.]
Task is 39.00% complete.
t1_sim:[68535. 68091. 68217.] t2_sim:[69665. 68567. 67086.]
Task is 40.00% complete.
t1_sim:[55818. 56523. 55038.] t2_sim:[61556. 60588. 59888.]
Task is 41.00% complete.
t1_sim:[65499. 63849. 65538.] t2_sim:[63260. 64378. 60775.]
Task is 42.00% complete.
t1_sim:[60783. 60618. 57297.] t2_sim:[60984. 62930. 61062.]
Task is 43.00% complete.
t1_sim:[63635. 64645. 63928.] t2_sim:[65702. 66061. 66554.]
Task is 44.00% complete.
t1_sim:[58191. 58718. 61030.] t2_sim:[61230. 63272. 62673.]
Task is 45.00% complete.
t1_sim:[65748. 64750. 63726.] t2_sim:[64861. 66005. 66045.]
Task is 46.00% complete.
t1_sim:[64185. 62880. 62641.] t2_sim:[65727. 65973. 65407.]
Task is 47.00% complete.
t1_sim:[60880. 59095. 62866.] t2_sim:[56362. 57182. 59901.]
Task is 48.00% complete.
t1_sim:[65168. 66980. 64444.] t2_sim:[62750. 62562. 59849.]
Task is 49.00% complete.
t1_sim:[60545. 61074. 62539.] t2_sim:[59350. 56441. 60726.]
Task is 50.00% complete.
t1_sim:[57512. 57828. 58958.] t2_sim:[61276. 59346. 61457.]
Task is 51.00% complete.
t1_sim:[63416. 62247. 62086.] t2_sim:[68251. 66626. 66752.]
Task is 52.00% complete.
t1_sim:[66911. 67983. 65527.] t2_sim:[68793. 67454. 67053.]
Task is 53.00% complete.
t1_sim:[65546. 63625. 65671.] t2_sim:[59236. 57654. 61538.]
Task is 54.00% complete.
t1_sim:[58485. 57748. 60745.] t2_sim:[60863. 59268. 58292.]
Task is 55.00% complete.
t1_sim:[61208. 59876. 60806.] t2_sim:[66824. 66251. 66321.]
Task is 56.00% complete.
t1_sim:[58950. 58318. 62380.] t2_sim:[64940. 65546. 65442.]
Task is 57.00% complete.
t1_sim:[62541. 61328. 65550.] t2_sim:[65635. 66507. 63992.]
Task is 58.00% complete.
t1_sim:[66675. 66868. 63576.] t2_sim:[63110. 63206. 65479.]
Task is 59.00% complete.
t1_sim:[60223. 57709. 57919.] t2_sim:[64974. 65498. 65543.]
Task is 60.00% complete.
t1_sim:[67678. 66063. 68097.] t2_sim:[64353. 66755. 65347.]
Task is 61.00% complete.
t1_sim:[61707. 62612. 62263.] t2_sim:[64617. 63943. 61756.]
Task is 62.00% complete.
t1_sim:[57094. 54965. 57584.] t2_sim:[62940. 64011. 63952.]
Task is 63.00% complete.
t1_sim:[65165. 63125. 68711.] t2_sim:[66768. 67008. 65807.]
Task is 64.00% complete.
t1_sim:[61432. 62280. 63172.] t2_sim:[60737. 61425. 60942.]
Task is 65.00% complete.
t1_sim:[68071. 68404. 66437.] t2_sim:[70046. 70195. 69116.]
Task is 66.00% complete.
t1_sim:[66785. 65791. 63997.] t2_sim:[62166. 61554. 60672.]
Task is 67.00% complete.
t1_sim:[61811. 59636. 58681.] t2_sim:[60415. 61184. 58051.]
Task is 68.00% complete.
t1_sim:[61938. 60626. 64921.] t2_sim:[65834. 65716. 65534.]
Task is 69.00% complete.
t1_sim:[62283. 62002. 65331.] t2_sim:[72050. 73268. 71404.]
Task is 70.00% complete.
t1_sim:[60381. 59376. 59537.] t2_sim:[60294. 61673. 66552.]
Task is 71.00% complete.
t1_sim:[62419. 61877. 62460.] t2_sim:[58939. 59480. 59678.]
Task is 72.00% complete.
t1_sim:[65335. 64113. 64467.] t2_sim:[62371. 62040. 59981.]
Task is 73.00% complete.
t1_sim:[62929. 64033. 60244.] t2_sim:[65721. 65566. 67708.]
Task is 74.00% complete.
t1_sim:[66206. 66638. 59433.] t2_sim:[62966. 62329. 62338.]
Task is 75.00% complete.
t1_sim:[61222. 62918. 62733.] t2_sim:[63535. 66729. 66150.]
Task is 76.00% complete.
t1_sim:[63896. 63943. 62040.] t2_sim:[65249. 65426. 61375.]
Task is 77.00% complete.
t1_sim:[71441. 70047. 69445.] t2_sim:[58543. 59329. 59292.]
Task is 78.00% complete.
t1_sim:[65749. 65236. 64853.] t2_sim:[65665. 64533. 65397.]
Task is 79.00% complete.
t1_sim:[59560. 58586. 60011.] t2_sim:[55977. 53481. 59214.]
Task is 80.00% complete.
t1_sim:[64531. 62703. 60920.] t2_sim:[62507. 60118. 61256.]
Task is 81.00% complete.
t1_sim:[69618. 70366. 69921.] t2_sim:[63197. 65234. 65155.]
Task is 82.00% complete.
t1_sim:[62883. 62499. 63598.] t2_sim:[59871. 59873. 60607.]
Task is 83.00% complete.
t1_sim:[70826. 70434. 67427.] t2_sim:[66337. 66170. 65606.]
Task is 84.00% complete.
t1_sim:[61138. 62061. 64376.] t2_sim:[67005. 69000. 66410.]
Task is 85.00% complete.
t1_sim:[64621. 64956. 64967.] t2_sim:[60290. 60484. 62791.]
Task is 86.00% complete.
t1_sim:[66291. 65288. 67443.] t2_sim:[65894. 64702. 65346.]
Task is 87.00% complete.
t1_sim:[61805. 60540. 61198.] t2_sim:[66949. 68026. 66848.]
Task is 88.00% complete.
t1_sim:[59263. 62689. 65222.] t2_sim:[61102. 61157. 61659.]
Task is 89.00% complete.
t1_sim:[64452. 64097. 65764.] t2_sim:[59835. 61568. 60931.]
Task is 90.00% complete.
t1_sim:[63895. 64816. 63748.] t2_sim:[67775. 66809. 69367.]
Task is 91.00% complete.
t1_sim:[57013. 56711. 56425.] t2_sim:[65492. 66503. 65826.]
Task is 92.00% complete.
t1_sim:[65315. 64383. 64799.] t2_sim:[60768. 60354. 56550.]
Task is 93.00% complete.
t1_sim:[65839. 64766. 65520.] t2_sim:[63685. 64263. 64234.]
Task is 94.00% complete.
t1_sim:[60369. 59259. 60562.] t2_sim:[66050. 64670. 64802.]
Task is 95.00% complete.
t1_sim:[62477. 63213. 63321.] t2_sim:[66342. 67360. 65478.]
Task is 96.00% complete.
t1_sim:[61478. 62798. 61165.] t2_sim:[64461. 64323. 64461.]
Task is 97.00% complete.
t1_sim:[62219. 61268. 62628.] t2_sim:[62259. 63520. 62665.]
Task is 98.00% complete.
t1_sim:[60836. 60755. 60650.] t2_sim:[64205. 66013. 63805.]
Task is 99.00% complete.
t1_sim:[63344. 64974. 63292.] t2_sim:[64432. 64903. 62045.]
Training start
t1_obs:[array(91816.), array(69911.), array(64206.)] t2_obs:[array(86723.), array(65569.), array(59425.)]
corr_G1:[None, None, 0.9978706247225804] corr_G2:[None, None, 0.9527183665393886]
Training end
Task is 0.00% complete.
t1_sim:[64075. 64299. 63517.] t2_sim:[59353. 58008. 60083.]
Task is 1.00% complete.
t1_sim:[62940. 62377. 66278.] t2_sim:[61764. 62839. 62409.]
Task is 2.00% complete.
t1_sim:[57685. 58452. 57411.] t2_sim:[58616. 58597. 63196.]
Task is 3.00% complete.
t1_sim:[63319. 62844. 63927.] t2_sim:[56913. 57655. 60448.]
Task is 4.00% complete.
t1_sim:[57709. 59381. 64158.] t2_sim:[64819. 65430. 65518.]
Task is 5.00% complete.
t1_sim:[67293. 65268. 68038.] t2_sim:[59539. 61390. 61887.]
Task is 6.00% complete.
t1_sim:[65166. 65890. 66299.] t2_sim:[64069. 64342. 63658.]
Task is 7.00% complete.
t1_sim:[59559. 59108. 64426.] t2_sim:[62656. 64072. 65780.]
Task is 8.00% complete.
t1_sim:[63593. 62609. 65620.] t2_sim:[62943. 63017. 67302.]
Task is 9.00% complete.
t1_sim:[65193. 65728. 68493.] t2_sim:[70846. 69292. 66759.]
Task is 10.00% complete.
t1_sim:[66898. 65442. 67059.] t2_sim:[63793. 63651. 65810.]
Task is 11.00% complete.
t1_sim:[62134. 60325. 62203.] t2_sim:[60641. 62396. 63712.]
Task is 12.00% complete.
t1_sim:[54446. 55807. 59125.] t2_sim:[68601. 67590. 69086.]
Task is 13.00% complete.
t1_sim:[60868. 59994. 61981.] t2_sim:[54955. 56075. 59013.]
Task is 14.00% complete.
t1_sim:[60385. 59511. 61276.] t2_sim:[60784. 60784. 62378.]
Task is 15.00% complete.
t1_sim:[60017. 59871. 61946.] t2_sim:[63358. 61302. 60404.]
Task is 16.00% complete.
t1_sim:[61788. 61307. 65038.] t2_sim:[64619. 62561. 64566.]
Task is 17.00% complete.
t1_sim:[60886. 60814. 66272.] t2_sim:[62825. 61911. 65594.]
Task is 18.00% complete.
t1_sim:[63216. 64927. 65814.] t2_sim:[67382. 66986. 66808.]
Task is 19.00% complete.
t1_sim:[61217. 61412. 62256.] t2_sim:[67910. 69230. 69978.]
Task is 20.00% complete.
t1_sim:[56616. 55716. 58754.] t2_sim:[70181. 70341. 72123.]
Task is 21.00% complete.
t1_sim:[65274. 63450. 64637.] t2_sim:[64953. 62414. 61609.]
Task is 22.00% complete.
t1_sim:[59541. 60852. 61211.] t2_sim:[59823. 60957. 64694.]
Task is 23.00% complete.
t1_sim:[62408. 59300. 64636.] t2_sim:[65888. 65467. 67342.]
Task is 24.00% complete.
t1_sim:[61940. 59778. 66375.] t2_sim:[61525. 60039. 61576.]
Task is 25.00% complete.
t1_sim:[59555. 59997. 62526.] t2_sim:[66291. 66786. 67019.]
Task is 26.00% complete.
t1_sim:[59762. 59221. 60932.] t2_sim:[56312. 56902. 61700.]
Task is 27.00% complete.
t1_sim:[65545. 64031. 66578.] t2_sim:[56515. 55014. 59390.]
Task is 28.00% complete.
t1_sim:[63993. 64919. 67443.] t2_sim:[57262. 57768. 56316.]
Task is 29.00% complete.
t1_sim:[67176. 65534. 68577.] t2_sim:[62466. 61237. 60871.]
Task is 30.00% complete.
t1_sim:[61745. 63257. 66744.] t2_sim:[64161. 62678. 65386.]
Task is 31.00% complete.
t1_sim:[68242. 68604. 74044.] t2_sim:[65305. 65530. 66459.]
Task is 32.00% complete.
t1_sim:[64115. 63230. 65671.] t2_sim:[58289. 58065. 60259.]
Task is 33.00% complete.
t1_sim:[59633. 58051. 63832.] t2_sim:[62988. 62581. 63894.]
Task is 34.00% complete.
t1_sim:[66024. 64842. 67161.] t2_sim:[63646. 65829. 64901.]
Task is 35.00% complete.
t1_sim:[64350. 63629. 65638.] t2_sim:[62963. 63801. 66817.]
Task is 36.00% complete.
t1_sim:[64762. 67588. 70442.] t2_sim:[63438. 61584. 64545.]
Task is 37.00% complete.
t1_sim:[64377. 62840. 64053.] t2_sim:[64193. 63842. 64774.]
Task is 38.00% complete.
t1_sim:[63750. 65362. 67263.] t2_sim:[58722. 57456. 60060.]
Task is 39.00% complete.
t1_sim:[62623. 63248. 65668.] t2_sim:[61802. 61781. 64246.]
Task is 40.00% complete.
t1_sim:[62618. 62867. 68730.] t2_sim:[62700. 65143. 65484.]
Task is 41.00% complete.
t1_sim:[62911. 62719. 64564.] t2_sim:[67196. 65027. 67856.]
Task is 42.00% complete.
t1_sim:[62862. 63717. 65429.] t2_sim:[69312. 67686. 70806.]
Task is 43.00% complete.
t1_sim:[60304. 62235. 65446.] t2_sim:[57948. 57502. 63167.]
Task is 44.00% complete.
t1_sim:[65621. 66433. 69522.] t2_sim:[65305. 66340. 67811.]
Task is 45.00% complete.
t1_sim:[68499. 67970. 73030.] t2_sim:[63134. 60816. 62892.]
Task is 46.00% complete.
t1_sim:[61500. 63510. 64141.] t2_sim:[68718. 68972. 68970.]
Task is 47.00% complete.
t1_sim:[62927. 63560. 67046.] t2_sim:[57410. 56130. 57847.]
Task is 48.00% complete.
t1_sim:[62494. 63603. 66891.] t2_sim:[61084. 60780. 62131.]
Task is 49.00% complete.
t1_sim:[62057. 62086. 63422.] t2_sim:[62856. 61516. 62736.]
Task is 50.00% complete.
t1_sim:[64928. 63611. 66610.] t2_sim:[63975. 64109. 63936.]
Task is 51.00% complete.
t1_sim:[60454. 59546. 60577.] t2_sim:[62524. 62079. 62246.]
Task is 52.00% complete.
t1_sim:[64371. 64902. 69798.] t2_sim:[63436. 65091. 65894.]
Task is 53.00% complete.
t1_sim:[63568. 62139. 61933.] t2_sim:[68626. 66934. 67337.]
Task is 54.00% complete.
t1_sim:[56118. 55663. 60378.] t2_sim:[65051. 64911. 65805.]
Task is 55.00% complete.
t1_sim:[62171. 60724. 63274.] t2_sim:[62267. 62262. 62143.]
Task is 56.00% complete.
t1_sim:[61812. 62133. 67907.] t2_sim:[62051. 61551. 63722.]
Task is 57.00% complete.
t1_sim:[56325. 57207. 62800.] t2_sim:[67774. 68210. 67754.]
Task is 58.00% complete.
t1_sim:[63407. 62862. 65202.] t2_sim:[55702. 55191. 58037.]
Task is 59.00% complete.
t1_sim:[59269. 61461. 65153.] t2_sim:[61321. 61368. 65087.]
Task is 60.00% complete.
t1_sim:[67016. 67362. 70308.] t2_sim:[59874. 61638. 64429.]
Task is 61.00% complete.
t1_sim:[60450. 60663. 61751.] t2_sim:[65453. 65440. 67159.]
Task is 62.00% complete.
t1_sim:[64955. 64318. 66688.] t2_sim:[58225. 58139. 60767.]
Task is 63.00% complete.
t1_sim:[66510. 66477. 71054.] t2_sim:[63988. 64059. 66584.]
Task is 64.00% complete.
t1_sim:[61119. 60417. 65405.] t2_sim:[62312. 63606. 63964.]
Task is 65.00% complete.
t1_sim:[65566. 64930. 69995.] t2_sim:[61495. 62445. 63622.]
Task is 66.00% complete.
t1_sim:[62322. 62386. 66957.] t2_sim:[63135. 64886. 67044.]
Task is 67.00% complete.
t1_sim:[59914. 59148. 62424.] t2_sim:[67491. 71699. 71669.]
Task is 68.00% complete.
t1_sim:[59951. 59080. 61637.] t2_sim:[57604. 58086. 60881.]
Task is 69.00% complete.
t1_sim:[61376. 60539. 65770.] t2_sim:[63063. 65022. 62818.]
Task is 70.00% complete.
t1_sim:[67738. 66839. 70737.] t2_sim:[60593. 59788. 62797.]
Task is 71.00% complete.
t1_sim:[57775. 58580. 62963.] t2_sim:[63002. 64551. 66370.]
Task is 72.00% complete.
t1_sim:[61065. 61475. 66439.] t2_sim:[62497. 62834. 64197.]
Task is 73.00% complete.
t1_sim:[62385. 61850. 65729.] t2_sim:[63173. 63146. 68304.]
Task is 74.00% complete.
t1_sim:[64509. 66258. 68672.] t2_sim:[68553. 66916. 68480.]
Task is 75.00% complete.
t1_sim:[65936. 67204. 67945.] t2_sim:[69026. 65736. 65593.]
Task is 76.00% complete.
t1_sim:[65425. 65880. 70486.] t2_sim:[62153. 61394. 64431.]
Task is 77.00% complete.
t1_sim:[62676. 61757. 65684.] t2_sim:[67609. 68115. 72447.]
Task is 78.00% complete.
t1_sim:[68380. 66735. 68195.] t2_sim:[62470. 63795. 67070.]
Task is 79.00% complete.
t1_sim:[61459. 60260. 59787.] t2_sim:[72535. 69815. 67876.]
Task is 80.00% complete.
t1_sim:[60661. 59961. 63748.] t2_sim:[62542. 62940. 63355.]
Task is 81.00% complete.
t1_sim:[66971. 68263. 72588.] t2_sim:[60599. 60598. 64175.]
Task is 82.00% complete.
t1_sim:[63154. 61656. 64677.] t2_sim:[61212. 61783. 64181.]
Task is 83.00% complete.
t1_sim:[61255. 63507. 65009.] t2_sim:[62199. 61763. 62791.]
Task is 84.00% complete.
t1_sim:[64839. 64479. 66134.] t2_sim:[64550. 64908. 67156.]
Task is 85.00% complete.
t1_sim:[63618. 63325. 67053.] t2_sim:[60728. 59761. 62851.]
Task is 86.00% complete.
t1_sim:[62610. 64080. 63819.] t2_sim:[72291. 71399. 69171.]
Task is 87.00% complete.
t1_sim:[65085. 63885. 66443.] t2_sim:[65595. 64417. 66889.]
Task is 88.00% complete.
t1_sim:[61226. 64429. 69739.] t2_sim:[63700. 61329. 65692.]
Task is 89.00% complete.
t1_sim:[60343. 60429. 66519.] t2_sim:[64638. 66773. 70051.]
Task is 90.00% complete.
t1_sim:[61347. 62500. 65610.] t2_sim:[57799. 59241. 61796.]
Task is 91.00% complete.
t1_sim:[61070. 61259. 67540.] t2_sim:[59872. 60136. 61604.]
Task is 92.00% complete.
t1_sim:[68306. 67960. 71167.] t2_sim:[65713. 65791. 64414.]
Task is 93.00% complete.
t1_sim:[64055. 65597. 68983.] t2_sim:[62242. 61293. 61565.]
Task is 94.00% complete.
t1_sim:[60868. 60830. 64536.] t2_sim:[62305. 62504. 67945.]
Task is 95.00% complete.
t1_sim:[60868. 60688. 65088.] t2_sim:[65919. 65105. 69073.]
Task is 96.00% complete.
t1_sim:[61444. 60928. 65020.] t2_sim:[64507. 61854. 62131.]
Task is 97.00% complete.
t1_sim:[59431. 58394. 60201.] t2_sim:[57559. 54593. 56372.]
Task is 98.00% complete.
t1_sim:[60337. 58877. 62678.] t2_sim:[62548. 62053. 62852.]
Task is 99.00% complete.
t1_sim:[67707. 68240. 72698.] t2_sim:[64263. 62630. 67165.]
Training start
t1_obs:[array(91816.), array(69911.), array(66130.)] t2_obs:[array(86723.), array(65569.), array(58915.)]
corr_G1:[None, None, 0.11619838310052744] corr_G2:[None, None, -0.005468598899070007]
Training end
Task is 0.00% complete.
t1_sim:[66217. 65660. 63097.] t2_sim:[60364. 59456. 56032.]
Task is 1.00% complete.
t1_sim:[60285. 60783. 60261.] t2_sim:[63320. 65789. 63064.]
Task is 2.00% complete.
t1_sim:[60911. 60802. 59844.] t2_sim:[64001. 63027. 59429.]
Task is 3.00% complete.
t1_sim:[65164. 64708. 61424.] t2_sim:[61728. 60017. 59389.]
Task is 4.00% complete.
t1_sim:[63866. 63869. 60533.] t2_sim:[60530. 59740. 55569.]
Task is 5.00% complete.
t1_sim:[56896. 56151. 55083.] t2_sim:[63287. 62544. 57973.]
Task is 6.00% complete.
t1_sim:[59314. 59447. 57988.] t2_sim:[60339. 61880. 57539.]
Task is 7.00% complete.
t1_sim:[59610. 59465. 55764.] t2_sim:[64930. 64737. 62453.]
Task is 8.00% complete.
t1_sim:[56834. 56705. 55713.] t2_sim:[60908. 60909. 57211.]
Task is 9.00% complete.
t1_sim:[57699. 58527. 57927.] t2_sim:[62609. 63766. 58299.]
Task is 10.00% complete.
t1_sim:[65076. 67540. 65030.] t2_sim:[64668. 66631. 59930.]
Task is 11.00% complete.
t1_sim:[65975. 63471. 58314.] t2_sim:[66470. 64619. 59606.]
Task is 12.00% complete.
t1_sim:[61090. 59848. 59649.] t2_sim:[63009. 63245. 57337.]
Task is 13.00% complete.
t1_sim:[60810. 63642. 60715.] t2_sim:[64424. 63916. 60678.]
Task is 14.00% complete.
t1_sim:[66611. 66285. 63107.] t2_sim:[66863. 66742. 63888.]
Task is 15.00% complete.
t1_sim:[60030. 60118. 60556.] t2_sim:[63846. 66798. 62215.]
Task is 16.00% complete.
t1_sim:[56801. 55277. 55684.] t2_sim:[57867. 59531. 53996.]
Task is 17.00% complete.
t1_sim:[62399. 61741. 60698.] t2_sim:[64605. 63450. 61220.]
Task is 18.00% complete.
t1_sim:[63280. 63851. 60380.] t2_sim:[65953. 65478. 61519.]
Task is 19.00% complete.
t1_sim:[62842. 63562. 59942.] t2_sim:[63045. 62359. 58608.]
Task is 20.00% complete.
t1_sim:[64187. 63572. 62405.] t2_sim:[62770. 63325. 60519.]
Task is 21.00% complete.
t1_sim:[61129. 63635. 60770.] t2_sim:[60888. 61954. 57632.]
Task is 22.00% complete.
t1_sim:[62549. 61876. 55922.] t2_sim:[62631. 62363. 57925.]
Task is 23.00% complete.
t1_sim:[58158. 60204. 56697.] t2_sim:[65392. 67794. 59447.]
Task is 24.00% complete.
t1_sim:[65287. 63830. 61856.] t2_sim:[62674. 60962. 55375.]
Task is 25.00% complete.
t1_sim:[60836. 61964. 56638.] t2_sim:[60359. 57606. 53361.]
Task is 26.00% complete.
t1_sim:[66715. 67309. 64889.] t2_sim:[62594. 62649. 58790.]
Task is 27.00% complete.
t1_sim:[63196. 62259. 61126.] t2_sim:[62970. 62699. 56602.]
Task is 28.00% complete.
t1_sim:[62496. 63586. 60961.] t2_sim:[62226. 62755. 57696.]
Task is 29.00% complete.
t1_sim:[66872. 68352. 62822.] t2_sim:[68789. 68237. 63481.]
Task is 30.00% complete.
t1_sim:[61717. 61003. 55799.] t2_sim:[66748. 64136. 58997.]
Task is 31.00% complete.
t1_sim:[60392. 57685. 55579.] t2_sim:[61721. 59985. 55911.]
Task is 32.00% complete.
t1_sim:[59375. 60481. 57016.] t2_sim:[65332. 64778. 61501.]
Task is 33.00% complete.
t1_sim:[59547. 59889. 56894.] t2_sim:[62030. 59822. 56656.]
Task is 34.00% complete.
t1_sim:[63665. 63607. 59687.] t2_sim:[69333. 70860. 67675.]
Task is 35.00% complete.
t1_sim:[62396. 63042. 63223.] t2_sim:[56920. 58823. 55968.]
Task is 36.00% complete.
t1_sim:[66606. 66010. 62768.] t2_sim:[62232. 62231. 58779.]
Task is 37.00% complete.
t1_sim:[66476. 67601. 62906.] t2_sim:[60969. 60592. 56096.]
Task is 38.00% complete.
t1_sim:[62275. 61638. 59261.] t2_sim:[62821. 62413. 58192.]
Task is 39.00% complete.
t1_sim:[58286. 57107. 55865.] t2_sim:[57611. 58402. 53577.]
Task is 40.00% complete.
t1_sim:[60397. 60497. 58551.] t2_sim:[65204. 64210. 57462.]
Task is 41.00% complete.
t1_sim:[61595. 63689. 60283.] t2_sim:[59111. 61036. 56806.]
Task is 42.00% complete.
t1_sim:[64012. 65035. 59951.] t2_sim:[66386. 67066. 59711.]
Task is 43.00% complete.
t1_sim:[60614. 60997. 58949.] t2_sim:[70651. 70097. 63956.]
Task is 44.00% complete.
t1_sim:[63481. 64245. 61449.] t2_sim:[62674. 63313. 58385.]
Task is 45.00% complete.
t1_sim:[63717. 64570. 59782.] t2_sim:[62188. 59117. 55743.]
Task is 46.00% complete.
t1_sim:[61965. 62236. 61120.] t2_sim:[60223. 62626. 57956.]
Task is 47.00% complete.
t1_sim:[64124. 65767. 61967.] t2_sim:[63146. 62444. 57109.]
Task is 48.00% complete.
t1_sim:[65912. 65876. 63684.] t2_sim:[66383. 65419. 58742.]
Task is 49.00% complete.
t1_sim:[64681. 64794. 62662.] t2_sim:[61464. 61446. 56015.]
Task is 50.00% complete.
t1_sim:[67424. 66439. 63004.] t2_sim:[60885. 61456. 56112.]
Task is 51.00% complete.
t1_sim:[56463. 56791. 52166.] t2_sim:[62031. 62088. 59443.]
Task is 52.00% complete.
t1_sim:[68148. 67324. 61692.] t2_sim:[67240. 65338. 61145.]
Task is 53.00% complete.
t1_sim:[64713. 66991. 64497.] t2_sim:[62952. 65596. 60641.]
Task is 54.00% complete.
t1_sim:[59643. 59364. 57772.] t2_sim:[62849. 64569. 57886.]
Task is 55.00% complete.
t1_sim:[63941. 64369. 61163.] t2_sim:[62138. 63444. 56878.]
Task is 56.00% complete.
t1_sim:[68636. 70630. 68149.] t2_sim:[62415. 63142. 57907.]
Task is 57.00% complete.
t1_sim:[62427. 61939. 62709.] t2_sim:[65957. 65178. 61492.]
Task is 58.00% complete.
t1_sim:[62287. 61375. 61000.] t2_sim:[60455. 60198. 54567.]
Task is 59.00% complete.
t1_sim:[61434. 59793. 55656.] t2_sim:[61292. 61697. 58617.]
Task is 60.00% complete.
t1_sim:[65279. 65114. 61268.] t2_sim:[63770. 65049. 60680.]
Task is 61.00% complete.
t1_sim:[64186. 62132. 60547.] t2_sim:[56485. 57004. 54145.]
Task is 62.00% complete.
t1_sim:[64025. 65472. 64286.] t2_sim:[62620. 60391. 55547.]
Task is 63.00% complete.
t1_sim:[62274. 62751. 57444.] t2_sim:[62113. 62880. 57704.]
Task is 64.00% complete.
t1_sim:[61709. 63877. 60271.] t2_sim:[59534. 59015. 53699.]
Task is 65.00% complete.
t1_sim:[66730. 65606. 60593.] t2_sim:[59354. 62233. 57818.]
Task is 66.00% complete.
t1_sim:[61809. 63809. 60759.] t2_sim:[63182. 64940. 60978.]
Task is 67.00% complete.
t1_sim:[64693. 66520. 62721.] t2_sim:[63598. 64349. 60960.]
Task is 68.00% complete.
t1_sim:[65617. 64275. 61204.] t2_sim:[56942. 56276. 52777.]
Task is 69.00% complete.
t1_sim:[63493. 64385. 61922.] t2_sim:[64901. 61737. 56096.]
Task is 70.00% complete.
t1_sim:[61754. 64290. 61951.] t2_sim:[56006. 58649. 51891.]
Task is 71.00% complete.
t1_sim:[61851. 61692. 62322.] t2_sim:[64197. 64199. 60461.]
Task is 72.00% complete.
t1_sim:[58581. 60956. 57471.] t2_sim:[62276. 60732. 57266.]
Task is 73.00% complete.
t1_sim:[68895. 70705. 63794.] t2_sim:[65271. 64903. 58468.]
Task is 74.00% complete.
t1_sim:[60806. 59652. 57521.] t2_sim:[61680. 59592. 56543.]
Task is 75.00% complete.
t1_sim:[63596. 62264. 59479.] t2_sim:[65113. 65658. 60967.]
Task is 76.00% complete.
t1_sim:[59784. 57666. 57616.] t2_sim:[63847. 64019. 59535.]
Task is 77.00% complete.
t1_sim:[59126. 60196. 59710.] t2_sim:[61927. 62534. 56520.]
Task is 78.00% complete.
t1_sim:[63270. 63306. 64080.] t2_sim:[66933. 66158. 58613.]
Task is 79.00% complete.
t1_sim:[58706. 61775. 57995.] t2_sim:[60742. 61317. 54993.]
Task is 80.00% complete.
t1_sim:[61514. 61800. 60270.] t2_sim:[63435. 63457. 57725.]
Task is 81.00% complete.
t1_sim:[63894. 63642. 61959.] t2_sim:[61361. 60954. 56731.]
Task is 82.00% complete.
t1_sim:[64094. 64104. 62846.] t2_sim:[62919. 62300. 58683.]
Task is 83.00% complete.
t1_sim:[71021. 69175. 64634.] t2_sim:[66214. 67174. 63038.]
Task is 84.00% complete.
t1_sim:[65755. 66353. 63138.] t2_sim:[63836. 62725. 60484.]
Task is 85.00% complete.
t1_sim:[66924. 66373. 62941.] t2_sim:[63032. 60782. 56267.]
Task is 86.00% complete.
t1_sim:[61810. 61287. 58853.] t2_sim:[64589. 64158. 56612.]
Task is 87.00% complete.
t1_sim:[59263. 59514. 58796.] t2_sim:[63164. 63813. 58168.]
Task is 88.00% complete.
t1_sim:[62318. 63270. 62598.] t2_sim:[64924. 63461. 55346.]
Task is 89.00% complete.
t1_sim:[67181. 65984. 61728.] t2_sim:[65697. 65518. 62459.]
Task is 90.00% complete.
t1_sim:[65648. 63815. 59397.] t2_sim:[64979. 64617. 59518.]
Task is 91.00% complete.
t1_sim:[67048. 65389. 64258.] t2_sim:[63935. 62572. 58119.]
Task is 92.00% complete.
t1_sim:[59753. 59551. 56271.] t2_sim:[63947. 63152. 57662.]
Task is 93.00% complete.
t1_sim:[66140. 64117. 63614.] t2_sim:[65339. 67738. 60280.]
Task is 94.00% complete.
t1_sim:[59780. 62521. 58581.] t2_sim:[62996. 64277. 60263.]
Task is 95.00% complete.
t1_sim:[57052. 57643. 55502.] t2_sim:[62166. 64270. 58884.]
Task is 96.00% complete.
t1_sim:[59617. 62983. 60164.] t2_sim:[65033. 65713. 61815.]
Task is 97.00% complete.
t1_sim:[61262. 61992. 60895.] t2_sim:[58121. 57340. 53521.]
Task is 98.00% complete.
t1_sim:[64073. 64146. 60753.] t2_sim:[56376. 58105. 55343.]
Task is 99.00% complete.
t1_sim:[60787. 60424. 59426.] t2_sim:[61034. 61745. 56918.]
Finished
