Begin
Training start
t1_obs:[array(97513.), array(76644.), array(73588.)] t2_obs:[array(91580.), array(70152.), array(65901.)]
corr_G1:[None, None, -6.758830232011582e-17] corr_G2:[None, None, 6.822958349739642e-17]
Training end
Task is 0.00% complete.
t1_sim:[67257. 66975. 66591.] t2_sim:[62369. 63646. 64917.]
Task is 1.00% complete.
t1_sim:[63274. 64483. 64124.] t2_sim:[65976. 64874. 65684.]
Task is 2.00% complete.
t1_sim:[58543. 57251. 57363.] t2_sim:[64543. 66284. 61753.]
Task is 3.00% complete.
t1_sim:[69442. 68064. 68600.] t2_sim:[59417. 62083. 62499.]
Task is 4.00% complete.
t1_sim:[63701. 59895. 65405.] t2_sim:[60821. 60693. 61262.]
Task is 5.00% complete.
t1_sim:[67038. 66657. 66681.] t2_sim:[60812. 60168. 58709.]
Task is 6.00% complete.
t1_sim:[56113. 58817. 59276.] t2_sim:[63957. 62753. 67407.]
Task is 7.00% complete.
t1_sim:[63754. 62618. 64172.] t2_sim:[62477. 60480. 60752.]
Task is 8.00% complete.
t1_sim:[66187. 65405. 65906.] t2_sim:[59794. 60387. 58705.]
Task is 9.00% complete.
t1_sim:[68128. 67111. 67093.] t2_sim:[63332. 60664. 57009.]
Task is 10.00% complete.
t1_sim:[66173. 65908. 68361.] t2_sim:[60270. 62514. 62217.]
Task is 11.00% complete.
t1_sim:[65886. 62333. 63149.] t2_sim:[66534. 66260. 65167.]
Task is 12.00% complete.
t1_sim:[57111. 55899. 57487.] t2_sim:[60287. 60951. 63250.]
Task is 13.00% complete.
t1_sim:[67695. 65338. 65934.] t2_sim:[66445. 66555. 69840.]
Task is 14.00% complete.
t1_sim:[63390. 64328. 62623.] t2_sim:[63794. 66215. 67308.]
Task is 15.00% complete.
t1_sim:[63513. 65978. 64826.] t2_sim:[62293. 62674. 64057.]
Task is 16.00% complete.
t1_sim:[55763. 57690. 56273.] t2_sim:[59809. 60476. 55827.]
Task is 17.00% complete.
t1_sim:[63602. 62088. 65669.] t2_sim:[62525. 60787. 61303.]
Task is 18.00% complete.
t1_sim:[62201. 62360. 64154.] t2_sim:[64233. 67069. 68971.]
Task is 19.00% complete.
t1_sim:[58408. 60343. 58254.] t2_sim:[61790. 60806. 61620.]
Task is 20.00% complete.
t1_sim:[58523. 58302. 56527.] t2_sim:[61317. 62845. 63796.]
Task is 21.00% complete.
t1_sim:[59518. 59370. 61528.] t2_sim:[61526. 62303. 60046.]
Task is 22.00% complete.
t1_sim:[65745. 65468. 65845.] t2_sim:[57592. 57216. 60972.]
Task is 23.00% complete.
t1_sim:[66097. 65037. 64624.] t2_sim:[63942. 63802. 62647.]
Task is 24.00% complete.
t1_sim:[58656. 58353. 59673.] t2_sim:[62715. 61831. 63691.]
Task is 25.00% complete.
t1_sim:[60327. 61329. 61297.] t2_sim:[63642. 63141. 59008.]
Task is 26.00% complete.
t1_sim:[57535. 58378. 60963.] t2_sim:[65724. 64720. 63569.]
Task is 27.00% complete.
t1_sim:[61553. 59356. 59595.] t2_sim:[61300. 60338. 61186.]
Task is 28.00% complete.
t1_sim:[69248. 67685. 65281.] t2_sim:[59354. 59247. 60339.]
Task is 29.00% complete.
t1_sim:[65188. 63208. 63461.] t2_sim:[65988. 66227. 66274.]
Task is 30.00% complete.
t1_sim:[66553. 67442. 63426.] t2_sim:[63765. 62773. 63709.]
Task is 31.00% complete.
t1_sim:[64084. 63608. 66498.] t2_sim:[67096. 65696. 64944.]
Task is 32.00% complete.
t1_sim:[63168. 62027. 57636.] t2_sim:[61329. 58925. 57546.]
Task is 33.00% complete.
t1_sim:[64613. 64112. 61726.] t2_sim:[62894. 62806. 66800.]
Task is 34.00% complete.
t1_sim:[60317. 59677. 63205.] t2_sim:[59593. 59856. 59091.]
Task is 35.00% complete.
t1_sim:[64885. 65748. 59395.] t2_sim:[62268. 63148. 62571.]
Task is 36.00% complete.
t1_sim:[64329. 64073. 65272.] t2_sim:[61454. 61716. 62378.]
Task is 37.00% complete.
t1_sim:[62824. 62761. 61903.] t2_sim:[65061. 66409. 63339.]
Task is 38.00% complete.
t1_sim:[63721. 61875. 64463.] t2_sim:[55204. 57577. 55742.]
Task is 39.00% complete.
t1_sim:[67635. 68729. 67413.] t2_sim:[68845. 70551. 69349.]
Task is 40.00% complete.
t1_sim:[69564. 69157. 68723.] t2_sim:[55809. 54622. 64088.]
Task is 41.00% complete.
t1_sim:[62946. 62635. 62817.] t2_sim:[55967. 53210. 56003.]
Task is 42.00% complete.
t1_sim:[66822. 64095. 65308.] t2_sim:[56467. 59994. 56761.]
Task is 43.00% complete.
t1_sim:[53973. 54471. 57982.] t2_sim:[55833. 55774. 57429.]
Task is 44.00% complete.
t1_sim:[63087. 60554. 60723.] t2_sim:[61456. 64741. 63270.]
Task is 45.00% complete.
t1_sim:[64530. 63900. 63835.] t2_sim:[61485. 63132. 60413.]
Task is 46.00% complete.
t1_sim:[61298. 63307. 64345.] t2_sim:[62279. 63015. 64101.]
Task is 47.00% complete.
t1_sim:[60213. 60574. 58561.] t2_sim:[59499. 60455. 62141.]
Task is 48.00% complete.
t1_sim:[56686. 58570. 56530.] t2_sim:[65431. 66049. 64027.]
Task is 49.00% complete.
t1_sim:[64640. 64561. 66070.] t2_sim:[66800. 66635. 65068.]
Task is 50.00% complete.
t1_sim:[65820. 65047. 65691.] t2_sim:[66787. 66921. 66177.]
Task is 51.00% complete.
t1_sim:[63571. 66330. 64095.] t2_sim:[63391. 64963. 63270.]
Task is 52.00% complete.
t1_sim:[62596. 65346. 65079.] t2_sim:[62020. 63867. 62784.]
Task is 53.00% complete.
t1_sim:[61197. 64027. 59004.] t2_sim:[56901. 55393. 60558.]
Task is 54.00% complete.
t1_sim:[69849. 68055. 67417.] t2_sim:[58494. 59865. 61753.]
Task is 55.00% complete.
t1_sim:[63695. 61454. 62413.] t2_sim:[60792. 62568. 60473.]
Task is 56.00% complete.
t1_sim:[69138. 67369. 69538.] t2_sim:[61208. 62304. 63481.]
Task is 57.00% complete.
t1_sim:[54908. 55532. 56021.] t2_sim:[62810. 63762. 57440.]
Task is 58.00% complete.
t1_sim:[62427. 62342. 63071.] t2_sim:[63788. 62973. 65698.]
Task is 59.00% complete.
t1_sim:[64568. 63933. 64735.] t2_sim:[56307. 54978. 57637.]
Task is 60.00% complete.
t1_sim:[63055. 64654. 63660.] t2_sim:[65696. 67221. 67469.]
Task is 61.00% complete.
t1_sim:[67248. 67078. 66166.] t2_sim:[67477. 64910. 69587.]
Task is 62.00% complete.
t1_sim:[58249. 57296. 58060.] t2_sim:[58679. 58437. 57395.]
Task is 63.00% complete.
t1_sim:[61867. 60798. 63073.] t2_sim:[60329. 60305. 62612.]
Task is 64.00% complete.
t1_sim:[65065. 63643. 63544.] t2_sim:[59437. 60002. 60641.]
Task is 65.00% complete.
t1_sim:[63436. 63396. 60356.] t2_sim:[60229. 61571. 63247.]
Task is 66.00% complete.
t1_sim:[63672. 63543. 65923.] t2_sim:[59883. 57092. 57515.]
Task is 67.00% complete.
t1_sim:[57891. 61506. 59368.] t2_sim:[64807. 63207. 60596.]
Task is 68.00% complete.
t1_sim:[64939. 66066. 65908.] t2_sim:[60566. 58160. 55448.]
Task is 69.00% complete.
t1_sim:[63647. 63447. 64302.] t2_sim:[65874. 65543. 67923.]
Task is 70.00% complete.
t1_sim:[67545. 67582. 71390.] t2_sim:[59387. 58515. 59941.]
Task is 71.00% complete.
t1_sim:[60663. 59223. 59701.] t2_sim:[66858. 66672. 64153.]
Task is 72.00% complete.
t1_sim:[62269. 62530. 60295.] t2_sim:[62004. 63812. 61578.]
Task is 73.00% complete.
t1_sim:[62108. 64033. 60167.] t2_sim:[60950. 62357. 62522.]
Task is 74.00% complete.
t1_sim:[58270. 59034. 60331.] t2_sim:[61951. 64422. 62763.]
Task is 75.00% complete.
t1_sim:[59364. 58944. 59509.] t2_sim:[59063. 59477. 61618.]
Task is 76.00% complete.
t1_sim:[66657. 66526. 67469.] t2_sim:[62629. 60950. 62971.]
Task is 77.00% complete.
t1_sim:[63159. 63311. 60045.] t2_sim:[63965. 62231. 61907.]
Task is 78.00% complete.
t1_sim:[61614. 60673. 60860.] t2_sim:[67179. 69094. 67210.]
Task is 79.00% complete.
t1_sim:[64982. 64932. 64020.] t2_sim:[64232. 64750. 62354.]
Task is 80.00% complete.
t1_sim:[68382. 67315. 65732.] t2_sim:[60439. 61448. 62496.]
Task is 81.00% complete.
t1_sim:[62003. 60091. 60117.] t2_sim:[62917. 65407. 60928.]
Task is 82.00% complete.
t1_sim:[66486. 65594. 65177.] t2_sim:[64505. 64175. 62656.]
Task is 83.00% complete.
t1_sim:[64994. 63031. 64314.] t2_sim:[63285. 65174. 65059.]
Task is 84.00% complete.
t1_sim:[66309. 66940. 66264.] t2_sim:[58599. 59014. 59864.]
Task is 85.00% complete.
t1_sim:[59919. 62842. 59736.] t2_sim:[60725. 60879. 61829.]
Task is 86.00% complete.
t1_sim:[60814. 59499. 60074.] t2_sim:[61851. 61909. 64673.]
Task is 87.00% complete.
t1_sim:[65209. 63654. 63631.] t2_sim:[57857. 59821. 61578.]
Task is 88.00% complete.
t1_sim:[58593. 56783. 57023.] t2_sim:[57829. 58694. 57374.]
Task is 89.00% complete.
t1_sim:[68256. 69083. 67628.] t2_sim:[64009. 61510. 60020.]
Task is 90.00% complete.
t1_sim:[63153. 62929. 61612.] t2_sim:[61257. 62334. 64231.]
Task is 91.00% complete.
t1_sim:[63020. 62460. 64690.] t2_sim:[60024. 59828. 57961.]
Task is 92.00% complete.
t1_sim:[60850. 59607. 59853.] t2_sim:[60516. 61319. 64039.]
Task is 93.00% complete.
t1_sim:[58445. 58886. 56856.] t2_sim:[60156. 60512. 62665.]
Task is 94.00% complete.
t1_sim:[61134. 60921. 61617.] t2_sim:[65222. 63994. 62860.]
Task is 95.00% complete.
t1_sim:[63540. 63456. 65648.] t2_sim:[64904. 62870. 63675.]
Task is 96.00% complete.
t1_sim:[63547. 64771. 65356.] t2_sim:[60432. 60212. 59782.]
Task is 97.00% complete.
t1_sim:[63662. 63825. 66435.] t2_sim:[67314. 66525. 66455.]
Task is 98.00% complete.
t1_sim:[60747. 61980. 62423.] t2_sim:[58423. 58495. 60504.]
Task is 99.00% complete.
t1_sim:[65816. 64463. 62710.] t2_sim:[59353. 58271. 60246.]
Training start
t1_obs:[array(97513.), array(76644.), array(72424.)] t2_obs:[array(91580.), array(70152.), array(65575.)]
corr_G1:[None, None, 0.996072252639137] corr_G2:[None, None, 0.9483513268178435]
Training end
Task is 0.00% complete.
t1_sim:[59959. 60099. 63602.] t2_sim:[67612. 67439. 68709.]
Task is 1.00% complete.
t1_sim:[66044. 65719. 66128.] t2_sim:[59923. 59329. 59276.]
Task is 2.00% complete.
t1_sim:[65942. 64495. 67486.] t2_sim:[64718. 64137. 63800.]
Task is 3.00% complete.
t1_sim:[65659. 67671. 67144.] t2_sim:[61553. 61877. 62177.]
Task is 4.00% complete.
t1_sim:[59456. 60599. 62433.] t2_sim:[62633. 63298. 66291.]
Task is 5.00% complete.
t1_sim:[61163. 61088. 62376.] t2_sim:[55332. 54525. 59310.]
Task is 6.00% complete.
t1_sim:[60678. 61095. 62687.] t2_sim:[67069. 67192. 67729.]
Task is 7.00% complete.
t1_sim:[59573. 58442. 59870.] t2_sim:[60155. 61255. 61565.]
Task is 8.00% complete.
t1_sim:[64386. 63974. 62041.] t2_sim:[63340. 63319. 64732.]
Task is 9.00% complete.
t1_sim:[64060. 66916. 68050.] t2_sim:[64610. 63801. 62849.]
Task is 10.00% complete.
t1_sim:[55622. 56504. 57697.] t2_sim:[60167. 62441. 63332.]
Task is 11.00% complete.
t1_sim:[61970. 62091. 63001.] t2_sim:[71666. 69122. 68731.]
Task is 12.00% complete.
t1_sim:[63464. 62450. 62855.] t2_sim:[59368. 57682. 59364.]
Task is 13.00% complete.
t1_sim:[67578. 66078. 65922.] t2_sim:[57061. 56888. 57237.]
Task is 14.00% complete.
t1_sim:[64767. 64165. 65860.] t2_sim:[60499. 61010. 60427.]
Task is 15.00% complete.
t1_sim:[63449. 63546. 64837.] t2_sim:[67138. 66208. 67823.]
Task is 16.00% complete.
t1_sim:[62895. 62154. 63899.] t2_sim:[61352. 60917. 60953.]
Task is 17.00% complete.
t1_sim:[68911. 67417. 69423.] t2_sim:[64774. 65366. 67034.]
Task is 18.00% complete.
t1_sim:[66275. 67522. 68771.] t2_sim:[67237. 65434. 66561.]
Task is 19.00% complete.
t1_sim:[62855. 62172. 64011.] t2_sim:[62536. 62244. 62791.]
Task is 20.00% complete.
t1_sim:[64929. 66351. 67599.] t2_sim:[65568. 66589. 67024.]
Task is 21.00% complete.
t1_sim:[62993. 64423. 64664.] t2_sim:[62800. 63687. 62082.]
Task is 22.00% complete.
t1_sim:[55106. 55932. 59063.] t2_sim:[64640. 63078. 64374.]
Task is 23.00% complete.
t1_sim:[64493. 63927. 64511.] t2_sim:[62649. 63185. 63424.]
Task is 24.00% complete.
t1_sim:[56162. 56616. 56350.] t2_sim:[63359. 63837. 65677.]
Task is 25.00% complete.
t1_sim:[62403. 64040. 65367.] t2_sim:[68443. 70245. 68466.]
Task is 26.00% complete.
t1_sim:[59128. 59268. 58427.] t2_sim:[61502. 60801. 63450.]
Task is 27.00% complete.
t1_sim:[65006. 62706. 63415.] t2_sim:[61122. 60910. 61114.]
Task is 28.00% complete.
t1_sim:[64340. 63699. 65422.] t2_sim:[65300. 63528. 63476.]
Task is 29.00% complete.
t1_sim:[64000. 63129. 64959.] t2_sim:[63265. 63581. 64675.]
Task is 30.00% complete.
t1_sim:[62852. 63564. 66424.] t2_sim:[62610. 62316. 61287.]
Task is 31.00% complete.
t1_sim:[59827. 60522. 62604.] t2_sim:[58229. 58900. 57627.]
Task is 32.00% complete.
t1_sim:[64047. 64689. 62829.] t2_sim:[61184. 61633. 60673.]
Task is 33.00% complete.
t1_sim:[58570. 59691. 62450.] t2_sim:[60862. 59460. 59341.]
Task is 34.00% complete.
t1_sim:[65934. 66149. 66544.] t2_sim:[61414. 63149. 65833.]
Task is 35.00% complete.
t1_sim:[63904. 66326. 68986.] t2_sim:[61854. 60936. 62849.]
Task is 36.00% complete.
t1_sim:[69845. 68856. 70597.] t2_sim:[62443. 64448. 66726.]
Task is 37.00% complete.
t1_sim:[64327. 63163. 62662.] t2_sim:[62166. 61625. 62249.]
Task is 38.00% complete.
t1_sim:[65759. 66104. 66609.] t2_sim:[60452. 60459. 60557.]
Task is 39.00% complete.
t1_sim:[63472. 64461. 66216.] t2_sim:[65427. 64141. 64436.]
Task is 40.00% complete.
t1_sim:[64230. 65573. 67979.] t2_sim:[58779. 59218. 60087.]
Task is 41.00% complete.
t1_sim:[64058. 62774. 63431.] t2_sim:[62933. 61733. 63833.]
Task is 42.00% complete.
t1_sim:[59070. 58566. 60699.] t2_sim:[63362. 66006. 66198.]
Task is 43.00% complete.
t1_sim:[57459. 56141. 58491.] t2_sim:[60136. 61370. 63110.]
Task is 44.00% complete.
t1_sim:[64804. 64639. 65854.] t2_sim:[59890. 59060. 61401.]
Task is 45.00% complete.
t1_sim:[57499. 58594. 64010.] t2_sim:[63817. 62605. 61318.]
Task is 46.00% complete.
t1_sim:[67025. 66709. 67048.] t2_sim:[61052. 60604. 61556.]
Task is 47.00% complete.
t1_sim:[62181. 59553. 60791.] t2_sim:[57610. 58363. 58666.]
Task is 48.00% complete.
t1_sim:[63878. 66164. 65918.] t2_sim:[56904. 58039. 58431.]
Task is 49.00% complete.
t1_sim:[61034. 60487. 62947.] t2_sim:[60483. 57998. 55224.]
Task is 50.00% complete.
t1_sim:[66039. 65608. 67278.] t2_sim:[62244. 63225. 64395.]
Task is 51.00% complete.
t1_sim:[61711. 62580. 61797.] t2_sim:[64331. 67583. 67194.]
Task is 52.00% complete.
t1_sim:[63481. 63113. 64177.] t2_sim:[65851. 64824. 65142.]
Task is 53.00% complete.
t1_sim:[56596. 58217. 59812.] t2_sim:[63449. 64025. 63851.]
Task is 54.00% complete.
t1_sim:[65035. 65627. 65189.] t2_sim:[66343. 64346. 67273.]
Task is 55.00% complete.
t1_sim:[56885. 55953. 57404.] t2_sim:[62792. 62126. 64273.]
Task is 56.00% complete.
t1_sim:[66072. 68275. 67865.] t2_sim:[64136. 64112. 66319.]
Task is 57.00% complete.
t1_sim:[61322. 61126. 62805.] t2_sim:[59351. 60582. 63224.]
Task is 58.00% complete.
t1_sim:[66780. 67018. 69831.] t2_sim:[68532. 68214. 66727.]
Task is 59.00% complete.
t1_sim:[62810. 61099. 63467.] t2_sim:[67962. 68440. 69905.]
Task is 60.00% complete.
t1_sim:[61594. 62708. 63027.] t2_sim:[60981. 60892. 62442.]
Task is 61.00% complete.
t1_sim:[61683. 61541. 61913.] t2_sim:[62917. 64565. 66191.]
Task is 62.00% complete.
t1_sim:[63979. 62172. 62396.] t2_sim:[58682. 59461. 61813.]
Task is 63.00% complete.
t1_sim:[56603. 56546. 59428.] t2_sim:[62303. 63828. 64085.]
Task is 64.00% complete.
t1_sim:[63695. 64380. 64434.] t2_sim:[63529. 64196. 65451.]
Task is 65.00% complete.
t1_sim:[59987. 61654. 62539.] t2_sim:[60378. 61108. 66330.]
Task is 66.00% complete.
t1_sim:[62962. 63856. 67118.] t2_sim:[61506. 62610. 65055.]
Task is 67.00% complete.
t1_sim:[64261. 64259. 66959.] t2_sim:[54617. 55426. 58389.]
Task is 68.00% complete.
t1_sim:[63833. 63307. 64313.] t2_sim:[58899. 60304. 61873.]
Task is 69.00% complete.
t1_sim:[59260. 61861. 62960.] t2_sim:[62223. 61988. 62681.]
Task is 70.00% complete.
t1_sim:[65838. 66519. 67912.] t2_sim:[62903. 63848. 64140.]
Task is 71.00% complete.
t1_sim:[62985. 64274. 66215.] t2_sim:[65642. 66307. 65847.]
Task is 72.00% complete.
t1_sim:[60037. 62093. 63227.] t2_sim:[58672. 59206. 60000.]
Task is 73.00% complete.
t1_sim:[61678. 63183. 64847.] t2_sim:[63207. 61963. 63645.]
Task is 74.00% complete.
t1_sim:[54036. 54032. 54968.] t2_sim:[68915. 67358. 67299.]
Task is 75.00% complete.
t1_sim:[65146. 64264. 64838.] t2_sim:[57278. 57024. 60414.]
Task is 76.00% complete.
t1_sim:[60597. 59657. 60627.] t2_sim:[65268. 65566. 67128.]
Task is 77.00% complete.
t1_sim:[65478. 65239. 65491.] t2_sim:[62319. 63704. 64852.]
Task is 78.00% complete.
t1_sim:[59321. 58860. 60602.] t2_sim:[60872. 63621. 65221.]
Task is 79.00% complete.
t1_sim:[63061. 62133. 62948.] t2_sim:[59266. 60171. 58258.]
Task is 80.00% complete.
t1_sim:[61721. 63022. 61940.] t2_sim:[65130. 64347. 65186.]
Task is 81.00% complete.
t1_sim:[64513. 63655. 64550.] t2_sim:[66651. 67222. 64897.]
Task is 82.00% complete.
t1_sim:[65711. 65235. 66933.] t2_sim:[64842. 63851. 66524.]
Task is 83.00% complete.
t1_sim:[63341. 61764. 64395.] t2_sim:[57586. 58031. 58333.]
Task is 84.00% complete.
t1_sim:[59428. 58789. 61179.] t2_sim:[68025. 68442. 68822.]
Task is 85.00% complete.
t1_sim:[68625. 68493. 70746.] t2_sim:[57684. 58756. 60784.]
Task is 86.00% complete.
t1_sim:[65386. 65242. 64912.] t2_sim:[64628. 65170. 67571.]
Task is 87.00% complete.
t1_sim:[61661. 60835. 61004.] t2_sim:[66157. 66425. 68084.]
Task is 88.00% complete.
t1_sim:[63841. 63829. 63994.] t2_sim:[57145. 56828. 60117.]
Task is 89.00% complete.
t1_sim:[63264. 63252. 66006.] t2_sim:[62290. 61345. 63282.]
Task is 90.00% complete.
t1_sim:[65088. 64422. 66131.] t2_sim:[67079. 66756. 66701.]
Task is 91.00% complete.
t1_sim:[63325. 62976. 63491.] t2_sim:[56791. 56490. 57313.]
Task is 92.00% complete.
t1_sim:[64792. 64053. 63210.] t2_sim:[60243. 60245. 62604.]
Task is 93.00% complete.
t1_sim:[61646. 63514. 64863.] t2_sim:[64234. 63976. 64332.]
Task is 94.00% complete.
t1_sim:[54452. 54299. 54564.] t2_sim:[66377. 65205. 64254.]
Task is 95.00% complete.
t1_sim:[61763. 61644. 62806.] t2_sim:[59237. 60464. 60180.]
Task is 96.00% complete.
t1_sim:[59804. 60661. 60980.] t2_sim:[66785. 67934. 68035.]
Task is 97.00% complete.
t1_sim:[61872. 60175. 62653.] t2_sim:[59447. 58440. 58827.]
Task is 98.00% complete.
t1_sim:[61298. 62009. 64768.] t2_sim:[58807. 60134. 61922.]
Task is 99.00% complete.
t1_sim:[63658. 63729. 61978.] t2_sim:[62505. 61622. 62138.]
Training start
t1_obs:[array(97513.), array(76644.), array(70321.)] t2_obs:[array(91580.), array(70152.), array(65451.)]
corr_G1:[None, None, 0.07098131931137974] corr_G2:[None, None, 0.012329387669649387]
Training end
Task is 0.00% complete.
t1_sim:[57093. 55678. 51836.] t2_sim:[58974. 58811. 55829.]
Task is 1.00% complete.
t1_sim:[58990. 57736. 53772.] t2_sim:[67003. 65142. 61329.]
Task is 2.00% complete.
t1_sim:[60867. 61319. 54838.] t2_sim:[63800. 63315. 60911.]
Task is 3.00% complete.
t1_sim:[62897. 62299. 59229.] t2_sim:[62908. 63151. 61135.]
Task is 4.00% complete.
t1_sim:[59268. 61261. 56704.] t2_sim:[60379. 60671. 60795.]
Task is 5.00% complete.
t1_sim:[60201. 60959. 57862.] t2_sim:[62397. 63255. 62682.]
Task is 6.00% complete.
t1_sim:[64827. 65266. 59764.] t2_sim:[59141. 59919. 56967.]
Task is 7.00% complete.
t1_sim:[63084. 63577. 56687.] t2_sim:[68240. 67263. 65518.]
Task is 8.00% complete.
t1_sim:[64287. 62996. 58527.] t2_sim:[62298. 63377. 60360.]
Task is 9.00% complete.
t1_sim:[60683. 57335. 52793.] t2_sim:[58053. 58009. 55917.]
Task is 10.00% complete.
t1_sim:[62947. 62932. 58446.] t2_sim:[68180. 67173. 65856.]
Task is 11.00% complete.
t1_sim:[63023. 61817. 57800.] t2_sim:[65626. 64925. 61005.]
Task is 12.00% complete.
t1_sim:[62047. 59579. 56322.] t2_sim:[59187. 60110. 57948.]
Task is 13.00% complete.
t1_sim:[61572. 61165. 57525.] t2_sim:[65203. 65748. 64453.]
Task is 14.00% complete.
t1_sim:[69603. 69526. 64358.] t2_sim:[62902. 63002. 59950.]
Task is 15.00% complete.
t1_sim:[64536. 64947. 61256.] t2_sim:[65858. 65599. 64520.]
Task is 16.00% complete.
t1_sim:[59303. 59441. 57690.] t2_sim:[65666. 67764. 66135.]
Task is 17.00% complete.
t1_sim:[65115. 64214. 60702.] t2_sim:[66891. 66083. 61720.]
Task is 18.00% complete.
t1_sim:[65306. 65289. 62027.] t2_sim:[64439. 64639. 62027.]
Task is 19.00% complete.
t1_sim:[64228. 65562. 60317.] t2_sim:[63354. 61492. 58753.]
Task is 20.00% complete.
t1_sim:[64359. 64331. 61032.] t2_sim:[64344. 66035. 62617.]
Task is 21.00% complete.
t1_sim:[63824. 62503. 57311.] t2_sim:[63080. 62632. 57839.]
Task is 22.00% complete.
t1_sim:[62355. 62770. 59293.] t2_sim:[63847. 63209. 59950.]
Task is 23.00% complete.
t1_sim:[58561. 59557. 57709.] t2_sim:[57034. 58999. 57088.]
Task is 24.00% complete.
t1_sim:[60934. 60848. 57596.] t2_sim:[61380. 63383. 59897.]
Task is 25.00% complete.
t1_sim:[61438. 60338. 57351.] t2_sim:[62641. 64861. 61454.]
Task is 26.00% complete.
t1_sim:[66468. 64058. 60799.] t2_sim:[54131. 53321. 53001.]
Task is 27.00% complete.
t1_sim:[57385. 58100. 52094.] t2_sim:[60828. 61161. 58344.]
Task is 28.00% complete.
t1_sim:[65825. 66493. 59821.] t2_sim:[64960. 64861. 61015.]
Task is 29.00% complete.
t1_sim:[61868. 61685. 58246.] t2_sim:[57577. 56335. 53688.]
Task is 30.00% complete.
t1_sim:[62425. 63191. 58334.] t2_sim:[68706. 68541. 66669.]
Task is 31.00% complete.
t1_sim:[60990. 61463. 58286.] t2_sim:[69796. 68390. 66086.]
Task is 32.00% complete.
t1_sim:[67033. 68210. 65150.] t2_sim:[56891. 58823. 57388.]
Task is 33.00% complete.
t1_sim:[60804. 58338. 55086.] t2_sim:[57909. 57913. 56597.]
Task is 34.00% complete.
t1_sim:[59318. 59435. 56540.] t2_sim:[61845. 63351. 59702.]
Task is 35.00% complete.
t1_sim:[58536. 58039. 53843.] t2_sim:[68592. 65641. 63233.]
Task is 36.00% complete.
t1_sim:[63172. 65061. 61185.] t2_sim:[62080. 61251. 58455.]
Task is 37.00% complete.
t1_sim:[65365. 65437. 61069.] t2_sim:[62517. 60463. 61491.]
Task is 38.00% complete.
t1_sim:[54646. 55323. 52274.] t2_sim:[59972. 60432. 58750.]
Task is 39.00% complete.
t1_sim:[66238. 67727. 64372.] t2_sim:[62126. 60716. 61145.]
Task is 40.00% complete.
t1_sim:[65820. 63964. 61437.] t2_sim:[69155. 68959. 65238.]
Task is 41.00% complete.
t1_sim:[65834. 64222. 59298.] t2_sim:[66377. 66540. 61541.]
Task is 42.00% complete.
t1_sim:[58872. 59822. 54329.] t2_sim:[59451. 59489. 56495.]
Task is 43.00% complete.
t1_sim:[63484. 62477. 58953.] t2_sim:[63123. 65668. 65197.]
Task is 44.00% complete.
t1_sim:[64733. 64600. 59871.] t2_sim:[62453. 63371. 59805.]
Task is 45.00% complete.
t1_sim:[65310. 65052. 61297.] t2_sim:[66118. 65201. 63704.]
Task is 46.00% complete.
t1_sim:[64054. 61974. 59556.] t2_sim:[60057. 59576. 57755.]
Task is 47.00% complete.
t1_sim:[62630. 62558. 60380.] t2_sim:[59321. 61267. 58567.]
Task is 48.00% complete.
t1_sim:[60832. 62827. 58769.] t2_sim:[60766. 60296. 60695.]
Task is 49.00% complete.
t1_sim:[60922. 61352. 58873.] t2_sim:[64112. 63569. 60002.]
Task is 50.00% complete.
t1_sim:[56895. 59596. 55690.] t2_sim:[61898. 60759. 60572.]
Task is 51.00% complete.
t1_sim:[62469. 62843. 62200.] t2_sim:[59147. 59706. 56927.]
Task is 52.00% complete.
t1_sim:[62404. 60927. 57149.] t2_sim:[64081. 64325. 62084.]
Task is 53.00% complete.
t1_sim:[64354. 64883. 60201.] t2_sim:[66062. 66489. 65427.]
Task is 54.00% complete.
t1_sim:[63510. 63224. 58107.] t2_sim:[63092. 62808. 61618.]
Task is 55.00% complete.
t1_sim:[62143. 62939. 59152.] t2_sim:[60788. 60149. 58252.]
Task is 56.00% complete.
t1_sim:[63129. 63071. 56446.] t2_sim:[58130. 58622. 56176.]
Task is 57.00% complete.
t1_sim:[67883. 67729. 59837.] t2_sim:[62857. 64346. 64178.]
Task is 58.00% complete.
t1_sim:[67522. 65505. 63402.] t2_sim:[62101. 64214. 64442.]
Task is 59.00% complete.
t1_sim:[63237. 61192. 59056.] t2_sim:[62683. 61876. 57983.]
Task is 60.00% complete.
t1_sim:[65108. 65383. 59980.] t2_sim:[60618. 61387. 61113.]
Task is 61.00% complete.
t1_sim:[64812. 64825. 61704.] t2_sim:[59592. 59626. 58086.]
Task is 62.00% complete.
t1_sim:[56053. 57428. 53006.] t2_sim:[60156. 62928. 62408.]
Task is 63.00% complete.
t1_sim:[64392. 62376. 57354.] t2_sim:[59746. 58760. 58353.]
Task is 64.00% complete.
t1_sim:[61123. 62158. 57863.] t2_sim:[64894. 64657. 61136.]
Task is 65.00% complete.
t1_sim:[64852. 65590. 60288.] t2_sim:[57859. 59477. 55880.]
Task is 66.00% complete.
t1_sim:[60338. 58940. 54649.] t2_sim:[63002. 63331. 59311.]
Task is 67.00% complete.
t1_sim:[63638. 64466. 58627.] t2_sim:[66224. 67459. 63946.]
Task is 68.00% complete.
t1_sim:[68239. 67308. 63769.] t2_sim:[63341. 63832. 63713.]
Task is 69.00% complete.
t1_sim:[63376. 63057. 57548.] t2_sim:[68065. 68716. 68121.]
Task is 70.00% complete.
t1_sim:[70211. 71402. 66817.] t2_sim:[62231. 62146. 61702.]
Task is 71.00% complete.
t1_sim:[67127. 67380. 61440.] t2_sim:[59380. 59153. 56913.]
Task is 72.00% complete.
t1_sim:[69203. 69022. 64689.] t2_sim:[65010. 63862. 61242.]
Task is 73.00% complete.
t1_sim:[63409. 62378. 59705.] t2_sim:[62117. 63859. 59994.]
Task is 74.00% complete.
t1_sim:[64072. 63377. 57769.] t2_sim:[64015. 63281. 60035.]
Task is 75.00% complete.
t1_sim:[60295. 59528. 54383.] t2_sim:[63599. 60482. 57925.]
Task is 76.00% complete.
t1_sim:[64746. 64694. 60693.] t2_sim:[65456. 68030. 66775.]
Task is 77.00% complete.
t1_sim:[56461. 54598. 51884.] t2_sim:[57703. 59760. 55158.]
Task is 78.00% complete.
t1_sim:[63712. 64751. 59496.] t2_sim:[60541. 61115. 57075.]
Task is 79.00% complete.
t1_sim:[60845. 60394. 57806.] t2_sim:[64529. 65688. 63399.]
Task is 80.00% complete.
t1_sim:[63119. 64363. 60793.] t2_sim:[63619. 63387. 60636.]
Task is 81.00% complete.
t1_sim:[60806. 63321. 59019.] t2_sim:[62039. 61129. 61403.]
Task is 82.00% complete.
t1_sim:[64872. 65785. 60812.] t2_sim:[63293. 63926. 61235.]
Task is 83.00% complete.
t1_sim:[64981. 63963. 60583.] t2_sim:[61587. 62605. 58587.]
Task is 84.00% complete.
t1_sim:[69212. 68103. 64733.] t2_sim:[61351. 62327. 60311.]
Task is 85.00% complete.
t1_sim:[66806. 65597. 61912.] t2_sim:[60173. 58423. 57377.]
Task is 86.00% complete.
t1_sim:[61500. 61169. 54695.] t2_sim:[71065. 70880. 68038.]
Task is 87.00% complete.
t1_sim:[61379. 61366. 58058.] t2_sim:[66566. 65027. 62271.]
Task is 88.00% complete.
t1_sim:[58271. 59017. 53464.] t2_sim:[59864. 59651. 58714.]
Task is 89.00% complete.
t1_sim:[64064. 63106. 61267.] t2_sim:[61393. 62639. 59700.]
Task is 90.00% complete.
t1_sim:[62653. 61086. 55904.] t2_sim:[62914. 65218. 64316.]
Task is 91.00% complete.
t1_sim:[62456. 62874. 58484.] t2_sim:[59161. 57644. 57338.]
Task is 92.00% complete.
t1_sim:[67928. 68817. 66300.] t2_sim:[58947. 59880. 57511.]
Task is 93.00% complete.
t1_sim:[63556. 64547. 59481.] t2_sim:[64379. 65138. 61927.]
Task is 94.00% complete.
t1_sim:[62220. 61429. 56317.] t2_sim:[68825. 66775. 64814.]
Task is 95.00% complete.
t1_sim:[66876. 64909. 59991.] t2_sim:[62232. 62057. 59413.]
Task is 96.00% complete.
t1_sim:[58405. 59229. 56034.] t2_sim:[61751. 61267. 60474.]
Task is 97.00% complete.
t1_sim:[61199. 61065. 57731.] t2_sim:[64915. 66358. 64494.]
Task is 98.00% complete.
t1_sim:[62611. 60681. 56712.] t2_sim:[60390. 62213. 57812.]
Task is 99.00% complete.
t1_sim:[60897. 60619. 57214.] t2_sim:[67015. 66846. 62490.]
Finished
