Begin
Training start
t1_obs:[array(59684.), array(60049.), array(56836.)] t2_obs:[array(66022.), array(66242.), array(67149.)]
corr_G1:[None, None, 4.383725273682576e-18] corr_G2:[None, None, 0]
Training end
Task is 0.00% complete.
t1_sim:[59330. 59333. 60920.] t2_sim:[64787. 64804. 64457.]
Task is 1.00% complete.
t1_sim:[62024. 61959. 62769.] t2_sim:[62914. 63374. 63442.]
Task is 2.00% complete.
t1_sim:[64973. 64962. 63175.] t2_sim:[57581. 57812. 60283.]
Task is 3.00% complete.
t1_sim:[61791. 61741. 62255.] t2_sim:[62843. 63104. 63682.]
Task is 4.00% complete.
t1_sim:[64784. 65011. 65170.] t2_sim:[60851. 60707. 60841.]
Task is 5.00% complete.
t1_sim:[62404. 62272. 61081.] t2_sim:[57539. 57187. 58300.]
Task is 6.00% complete.
t1_sim:[64321. 64387. 65545.] t2_sim:[58294. 57653. 58675.]
Task is 7.00% complete.
t1_sim:[59590. 59455. 58956.] t2_sim:[67424. 67380. 69426.]
Task is 8.00% complete.
t1_sim:[58826. 58909. 61541.] t2_sim:[59463. 59788. 58716.]
Task is 9.00% complete.
t1_sim:[57075. 56984. 59500.] t2_sim:[55136. 55308. 57263.]
Task is 10.00% complete.
t1_sim:[63862. 63690. 63899.] t2_sim:[68152. 68186. 68743.]
Task is 11.00% complete.
t1_sim:[60052. 59923. 59319.] t2_sim:[62103. 61721. 61797.]
Task is 12.00% complete.
t1_sim:[59939. 59372. 59863.] t2_sim:[60770. 60713. 62413.]
Task is 13.00% complete.
t1_sim:[64294. 64644. 62091.] t2_sim:[62761. 62481. 62660.]
Task is 14.00% complete.
t1_sim:[61873. 62093. 64253.] t2_sim:[64620. 64560. 65896.]
Task is 15.00% complete.
t1_sim:[65851. 65974. 63068.] t2_sim:[63382. 63646. 68935.]
Task is 16.00% complete.
t1_sim:[63278. 63467. 65594.] t2_sim:[66279. 66253. 67238.]
Task is 17.00% complete.
t1_sim:[60222. 60720. 60589.] t2_sim:[64672. 64335. 61911.]
Task is 18.00% complete.
t1_sim:[61935. 61691. 61948.] t2_sim:[66133. 66010. 66887.]
Task is 19.00% complete.
t1_sim:[61225. 61232. 62455.] t2_sim:[66637. 67069. 65988.]
Task is 20.00% complete.
t1_sim:[67904. 68186. 66927.] t2_sim:[59121. 59334. 59527.]
Task is 21.00% complete.
t1_sim:[60746. 60702. 60547.] t2_sim:[62029. 62183. 67477.]
Task is 22.00% complete.
t1_sim:[62920. 63066. 64393.] t2_sim:[55848. 56017. 58390.]
Task is 23.00% complete.
t1_sim:[62642. 62900. 61020.] t2_sim:[62344. 61954. 60857.]
Task is 24.00% complete.
t1_sim:[58470. 58737. 60646.] t2_sim:[59190. 58533. 58355.]
Task is 25.00% complete.
t1_sim:[61999. 61987. 60439.] t2_sim:[63167. 63323. 61286.]
Task is 26.00% complete.
t1_sim:[59353. 59138. 54886.] t2_sim:[58394. 58635. 59335.]
Task is 27.00% complete.
t1_sim:[63473. 63712. 64209.] t2_sim:[59770. 59617. 61660.]
Task is 28.00% complete.
t1_sim:[59088. 58944. 56489.] t2_sim:[59240. 59331. 62890.]
Task is 29.00% complete.
t1_sim:[66534. 66318. 62369.] t2_sim:[57554. 57237. 58615.]
Task is 30.00% complete.
t1_sim:[63688. 63423. 63193.] t2_sim:[66986. 67120. 67798.]
Task is 31.00% complete.
t1_sim:[61858. 61787. 63014.] t2_sim:[63488. 63478. 63532.]
Task is 32.00% complete.
t1_sim:[64199. 64021. 65280.] t2_sim:[59738. 59582. 59288.]
Task is 33.00% complete.
t1_sim:[61662. 61940. 58735.] t2_sim:[60542. 60785. 62700.]
Task is 34.00% complete.
t1_sim:[64663. 64537. 64866.] t2_sim:[68069. 67912. 65696.]
Task is 35.00% complete.
t1_sim:[57749. 57481. 60584.] t2_sim:[64262. 64192. 62460.]
Task is 36.00% complete.
t1_sim:[64684. 64327. 65970.] t2_sim:[58502. 58754. 58867.]
Task is 37.00% complete.
t1_sim:[61427. 61470. 65987.] t2_sim:[62061. 62448. 61972.]
Task is 38.00% complete.
t1_sim:[64122. 64324. 69914.] t2_sim:[57252. 57103. 58895.]
Task is 39.00% complete.
t1_sim:[58286. 58243. 62507.] t2_sim:[58237. 58198. 57918.]
Task is 40.00% complete.
t1_sim:[61568. 61520. 61721.] t2_sim:[59100. 59290. 60434.]
Task is 41.00% complete.
t1_sim:[66865. 66839. 65375.] t2_sim:[65418. 65010. 63878.]
Task is 42.00% complete.
t1_sim:[63018. 62492. 63926.] t2_sim:[64399. 64664. 65306.]
Task is 43.00% complete.
t1_sim:[57937. 58235. 57392.] t2_sim:[70420. 70267. 69359.]
Task is 44.00% complete.
t1_sim:[63434. 63319. 66995.] t2_sim:[59588. 59819. 60709.]
Task is 45.00% complete.
t1_sim:[62320. 62184. 59685.] t2_sim:[63875. 63775. 64448.]
Task is 46.00% complete.
t1_sim:[60500. 60375. 61081.] t2_sim:[63190. 62944. 61360.]
Task is 47.00% complete.
t1_sim:[62666. 62842. 57561.] t2_sim:[65030. 65068. 67157.]
Task is 48.00% complete.
t1_sim:[55154. 55230. 55081.] t2_sim:[58766. 58784. 62368.]
Task is 49.00% complete.
t1_sim:[58128. 58329. 62320.] t2_sim:[58001. 58245. 55630.]
Task is 50.00% complete.
t1_sim:[64440. 64938. 64308.] t2_sim:[59269. 59073. 60715.]
Task is 51.00% complete.
t1_sim:[60207. 60459. 60042.] t2_sim:[64276. 64099. 64309.]
Task is 52.00% complete.
t1_sim:[59660. 59248. 63019.] t2_sim:[62190. 62066. 64397.]
Task is 53.00% complete.
t1_sim:[65669. 65544. 64448.] t2_sim:[58077. 58224. 58964.]
Task is 54.00% complete.
t1_sim:[59601. 59933. 61073.] t2_sim:[58331. 58859. 57636.]
Task is 55.00% complete.
t1_sim:[68705. 68539. 64018.] t2_sim:[63032. 62602. 58902.]
Task is 56.00% complete.
t1_sim:[60304. 60714. 63319.] t2_sim:[60125. 60038. 60282.]
Task is 57.00% complete.
t1_sim:[67634. 67774. 68156.] t2_sim:[59643. 59793. 61808.]
Task is 58.00% complete.
t1_sim:[64479. 64677. 64612.] t2_sim:[64921. 65287. 64935.]
Task is 59.00% complete.
t1_sim:[57507. 57444. 59107.] t2_sim:[55334. 54964. 53114.]
Task is 60.00% complete.
t1_sim:[62752. 62598. 61861.] t2_sim:[56877. 56741. 50861.]
Task is 61.00% complete.
t1_sim:[62698. 62341. 61319.] t2_sim:[60672. 60526. 58484.]
Task is 62.00% complete.
t1_sim:[61473. 61561. 60846.] t2_sim:[66991. 67160. 66535.]
Task is 63.00% complete.
t1_sim:[62864. 62559. 64625.] t2_sim:[62666. 62350. 61471.]
Task is 64.00% complete.
t1_sim:[53409. 53581. 55794.] t2_sim:[64327. 64467. 64954.]
Task is 65.00% complete.
t1_sim:[62318. 62247. 63642.] t2_sim:[67320. 67393. 69991.]
Task is 66.00% complete.
t1_sim:[58141. 57953. 59349.] t2_sim:[58854. 59024. 61110.]
Task is 67.00% complete.
t1_sim:[61995. 62209. 61053.] t2_sim:[62694. 62838. 61068.]
Task is 68.00% complete.
t1_sim:[65966. 65979. 65600.] t2_sim:[59379. 59469. 57831.]
Task is 69.00% complete.
t1_sim:[69770. 69817. 66047.] t2_sim:[59432. 59209. 54611.]
Task is 70.00% complete.
t1_sim:[59379. 59590. 60682.] t2_sim:[62301. 62544. 60072.]
Task is 71.00% complete.
t1_sim:[60359. 60582. 61122.] t2_sim:[59311. 59616. 57694.]
Task is 72.00% complete.
t1_sim:[66637. 66495. 65064.] t2_sim:[60651. 60726. 59802.]
Task is 73.00% complete.
t1_sim:[66203. 65800. 65708.] t2_sim:[67734. 67477. 66326.]
Task is 74.00% complete.
t1_sim:[60054. 60193. 61459.] t2_sim:[64888. 65287. 63467.]
Task is 75.00% complete.
t1_sim:[65913. 66132. 63080.] t2_sim:[56968. 57279. 61150.]
Task is 76.00% complete.
t1_sim:[63505. 63527. 62381.] t2_sim:[63658. 63812. 62815.]
Task is 77.00% complete.
t1_sim:[56687. 56690. 60755.] t2_sim:[64711. 65046. 67653.]
Task is 78.00% complete.
t1_sim:[66681. 66719. 64553.] t2_sim:[61178. 61231. 58402.]
Task is 79.00% complete.
t1_sim:[68447. 68294. 64183.] t2_sim:[64213. 63891. 60606.]
Task is 80.00% complete.
t1_sim:[60023. 60209. 60548.] t2_sim:[65330. 65225. 62545.]
Task is 81.00% complete.
t1_sim:[57579. 57632. 60328.] t2_sim:[68969. 69167. 70886.]
Task is 82.00% complete.
t1_sim:[62845. 62701. 60828.] t2_sim:[66117. 66243. 68139.]
Task is 83.00% complete.
t1_sim:[63837. 63769. 64692.] t2_sim:[66261. 66860. 66890.]
Task is 84.00% complete.
t1_sim:[64074. 63954. 67100.] t2_sim:[64710. 64930. 65700.]
Task is 85.00% complete.
t1_sim:[54825. 54985. 57364.] t2_sim:[60662. 60883. 62065.]
Task is 86.00% complete.
t1_sim:[56680. 56339. 56753.] t2_sim:[61061. 61075. 65472.]
Task is 87.00% complete.
t1_sim:[63187. 63513. 63894.] t2_sim:[66867. 67055. 66789.]
Task is 88.00% complete.
t1_sim:[57995. 57640. 60676.] t2_sim:[63341. 63403. 61505.]
Task is 89.00% complete.
t1_sim:[58585. 58587. 59007.] t2_sim:[69846. 69705. 67544.]
Task is 90.00% complete.
t1_sim:[60655. 60816. 64652.] t2_sim:[64577. 64271. 69143.]
Task is 91.00% complete.
t1_sim:[59329. 59699. 59390.] t2_sim:[62292. 62387. 63331.]
Task is 92.00% complete.
t1_sim:[63640. 63858. 65134.] t2_sim:[63476. 63423. 66122.]
Task is 93.00% complete.
t1_sim:[58690. 58610. 57273.] t2_sim:[63924. 63541. 62702.]
Task is 94.00% complete.
t1_sim:[61511. 61431. 63688.] t2_sim:[67323. 67433. 65190.]
Task is 95.00% complete.
t1_sim:[59274. 59327. 61971.] t2_sim:[59349. 59116. 63891.]
Task is 96.00% complete.
t1_sim:[66245. 65942. 62547.] t2_sim:[58030. 57875. 57231.]
Task is 97.00% complete.
t1_sim:[68760. 68609. 68806.] t2_sim:[61565. 61733. 65068.]
Task is 98.00% complete.
t1_sim:[64542. 64184. 62215.] t2_sim:[57690. 57455. 59520.]
Task is 99.00% complete.
t1_sim:[61033. 61074. 60080.] t2_sim:[59412. 59764. 62628.]
Training start
t1_obs:[array(59684.), array(60049.), array(58246.)] t2_obs:[array(66022.), array(66242.), array(66746.)]
corr_G1:[None, None, 0.9844253778268457] corr_G2:[None, None, 0.9999792957665282]
Training end
Task is 0.00% complete.
t1_sim:[58662. 58594. 58589.] t2_sim:[55809. 56464. 56807.]
Task is 1.00% complete.
t1_sim:[65035. 64790. 63155.] t2_sim:[65885. 66230. 66531.]
Task is 2.00% complete.
t1_sim:[62218. 62384. 64551.] t2_sim:[63326. 63782. 65480.]
Task is 3.00% complete.
t1_sim:[65229. 65496. 63836.] t2_sim:[65030. 65294. 64727.]
Task is 4.00% complete.
t1_sim:[62407. 62236. 63702.] t2_sim:[65594. 65363. 64584.]
Task is 5.00% complete.
t1_sim:[63111. 63137. 62880.] t2_sim:[64447. 64275. 64806.]
Task is 6.00% complete.
t1_sim:[63930. 64180. 66195.] t2_sim:[60107. 60406. 59757.]
Task is 7.00% complete.
t1_sim:[66870. 66780. 65982.] t2_sim:[56242. 55886. 55016.]
Task is 8.00% complete.
t1_sim:[64699. 64483. 63706.] t2_sim:[63193. 63235. 64801.]
Task is 9.00% complete.
t1_sim:[62573. 62471. 62100.] t2_sim:[60625. 60238. 60784.]
Task is 10.00% complete.
t1_sim:[68613. 68296. 69673.] t2_sim:[57821. 58011. 58172.]
Task is 11.00% complete.
t1_sim:[63481. 63326. 62357.] t2_sim:[62793. 62790. 64926.]
Task is 12.00% complete.
t1_sim:[60422. 60640. 58146.] t2_sim:[55895. 56279. 57521.]
Task is 13.00% complete.
t1_sim:[66249. 66448. 67809.] t2_sim:[66337. 66446. 67693.]
Task is 14.00% complete.
t1_sim:[60874. 60564. 60811.] t2_sim:[59824. 59569. 59476.]
Task is 15.00% complete.
t1_sim:[59603. 59860. 60396.] t2_sim:[62017. 61540. 63416.]
Task is 16.00% complete.
t1_sim:[64187. 63889. 64234.] t2_sim:[65244. 64932. 62914.]
Task is 17.00% complete.
t1_sim:[62166. 61937. 63163.] t2_sim:[59395. 59254. 61049.]
Task is 18.00% complete.
t1_sim:[64437. 64154. 65725.] t2_sim:[69257. 69100. 69260.]
Task is 19.00% complete.
t1_sim:[65630. 65687. 61996.] t2_sim:[66739. 67170. 67527.]
Task is 20.00% complete.
t1_sim:[60555. 60756. 60931.] t2_sim:[61753. 61718. 59291.]
Task is 21.00% complete.
t1_sim:[61316. 61461. 60617.] t2_sim:[60906. 60930. 62461.]
Task is 22.00% complete.
t1_sim:[66090. 65991. 66389.] t2_sim:[66268. 66299. 66509.]
Task is 23.00% complete.
t1_sim:[56600. 56806. 56741.] t2_sim:[62241. 61977. 62900.]
Task is 24.00% complete.
t1_sim:[57947. 57682. 56944.] t2_sim:[65527. 65469. 65689.]
Task is 25.00% complete.
t1_sim:[65939. 66009. 63031.] t2_sim:[58328. 58180. 58903.]
Task is 26.00% complete.
t1_sim:[56842. 56796. 55681.] t2_sim:[65106. 65023. 63546.]
Task is 27.00% complete.
t1_sim:[64404. 64530. 64351.] t2_sim:[59472. 59332. 59082.]
Task is 28.00% complete.
t1_sim:[60738. 60897. 60891.] t2_sim:[59380. 59111. 61801.]
Task is 29.00% complete.
t1_sim:[63559. 63712. 64488.] t2_sim:[63378. 63603. 64432.]
Task is 30.00% complete.
t1_sim:[65277. 65083. 65569.] t2_sim:[61622. 61681. 61503.]
Task is 31.00% complete.
t1_sim:[55830. 55932. 56601.] t2_sim:[62998. 62950. 62991.]
Task is 32.00% complete.
t1_sim:[56781. 56557. 56169.] t2_sim:[57478. 57741. 58557.]
Task is 33.00% complete.
t1_sim:[65705. 65819. 67101.] t2_sim:[62625. 62755. 61557.]
Task is 34.00% complete.
t1_sim:[62633. 62491. 63023.] t2_sim:[62158. 62415. 63194.]
Task is 35.00% complete.
t1_sim:[61020. 60805. 62506.] t2_sim:[60997. 60563. 59970.]
Task is 36.00% complete.
t1_sim:[64399. 64060. 63231.] t2_sim:[60090. 59986. 60714.]
Task is 37.00% complete.
t1_sim:[60556. 60602. 60253.] t2_sim:[60173. 59637. 59472.]
Task is 38.00% complete.
t1_sim:[66939. 66875. 65873.] t2_sim:[63847. 63710. 63117.]
Task is 39.00% complete.
t1_sim:[63218. 63378. 64096.] t2_sim:[53919. 54028. 54513.]
Task is 40.00% complete.
t1_sim:[61932. 61866. 61097.] t2_sim:[64636. 64262. 65021.]
Task is 41.00% complete.
t1_sim:[62984. 63025. 62472.] t2_sim:[63000. 62966. 61290.]
Task is 42.00% complete.
t1_sim:[59647. 59479. 59479.] t2_sim:[66877. 66582. 65436.]
Task is 43.00% complete.
t1_sim:[72149. 72080. 70726.] t2_sim:[70117. 70155. 68286.]
Task is 44.00% complete.
t1_sim:[62761. 62643. 62979.] t2_sim:[63520. 63689. 62411.]
Task is 45.00% complete.
t1_sim:[56125. 56611. 55817.] t2_sim:[65891. 66055. 67172.]
Task is 46.00% complete.
t1_sim:[64827. 65193. 66262.] t2_sim:[64126. 64217. 66320.]
Task is 47.00% complete.
t1_sim:[65182. 65016. 62106.] t2_sim:[67429. 67547. 67685.]
Task is 48.00% complete.
t1_sim:[68382. 68627. 67439.] t2_sim:[61840. 61461. 61442.]
Task is 49.00% complete.
t1_sim:[64220. 64158. 61954.] t2_sim:[61822. 61605. 64835.]
Task is 50.00% complete.
t1_sim:[64893. 64864. 68170.] t2_sim:[64850. 64863. 66350.]
Task is 51.00% complete.
t1_sim:[66143. 66247. 66648.] t2_sim:[63338. 63679. 65076.]
Task is 52.00% complete.
t1_sim:[67080. 67258. 66618.] t2_sim:[61735. 61778. 62452.]
Task is 53.00% complete.
t1_sim:[61804. 62070. 63302.] t2_sim:[64290. 64036. 65074.]
Task is 54.00% complete.
t1_sim:[61619. 61281. 60631.] t2_sim:[56932. 57144. 59215.]
Task is 55.00% complete.
t1_sim:[64803. 64796. 64050.] t2_sim:[57067. 57421. 57492.]
Task is 56.00% complete.
t1_sim:[60567. 60732. 60222.] t2_sim:[55676. 56121. 56794.]
Task is 57.00% complete.
t1_sim:[64686. 64548. 62397.] t2_sim:[59917. 60250. 58922.]
Task is 58.00% complete.
t1_sim:[63310. 63218. 61588.] t2_sim:[67589. 67504. 68642.]
Task is 59.00% complete.
t1_sim:[58254. 57736. 55957.] t2_sim:[58897. 59004. 58603.]
Task is 60.00% complete.
t1_sim:[65921. 65764. 65096.] t2_sim:[65759. 65925. 64817.]
Task is 61.00% complete.
t1_sim:[62526. 62474. 60883.] t2_sim:[60836. 61181. 59043.]
Task is 62.00% complete.
t1_sim:[62433. 62666. 65079.] t2_sim:[59471. 59104. 58402.]
Task is 63.00% complete.
t1_sim:[69629. 69782. 69413.] t2_sim:[62925. 63468. 64497.]
Task is 64.00% complete.
t1_sim:[59369. 59153. 58255.] t2_sim:[59828. 60100. 58695.]
Task is 65.00% complete.
t1_sim:[63836. 63678. 63420.] t2_sim:[63454. 63624. 65548.]
Task is 66.00% complete.
t1_sim:[57224. 57030. 55464.] t2_sim:[68543. 68447. 68670.]
Task is 67.00% complete.
t1_sim:[59695. 59802. 59235.] t2_sim:[65598. 65393. 66801.]
Task is 68.00% complete.
t1_sim:[59843. 59919. 59241.] t2_sim:[67775. 68172. 67006.]
Task is 69.00% complete.
t1_sim:[64995. 64718. 63640.] t2_sim:[63183. 63075. 61671.]
Task is 70.00% complete.
t1_sim:[68152. 68237. 67463.] t2_sim:[58647. 58608. 59057.]
Task is 71.00% complete.
t1_sim:[61612. 62003. 62718.] t2_sim:[63443. 63319. 64173.]
Task is 72.00% complete.
t1_sim:[60956. 60672. 60361.] t2_sim:[66431. 66648. 65415.]
Task is 73.00% complete.
t1_sim:[65258. 65601. 66228.] t2_sim:[61153. 60699. 60613.]
Task is 74.00% complete.
t1_sim:[66668. 66548. 66308.] t2_sim:[57440. 57761. 58848.]
Task is 75.00% complete.
t1_sim:[63292. 63055. 64423.] t2_sim:[64494. 64118. 65659.]
Task is 76.00% complete.
t1_sim:[60730. 60257. 61647.] t2_sim:[62407. 61811. 61568.]
Task is 77.00% complete.
t1_sim:[59436. 59579. 58823.] t2_sim:[63449. 63278. 63135.]
Task is 78.00% complete.
t1_sim:[59628. 59543. 60917.] t2_sim:[63172. 63340. 63885.]
Task is 79.00% complete.
t1_sim:[57980. 57934. 59020.] t2_sim:[58830. 58990. 62097.]
Task is 80.00% complete.
t1_sim:[65226. 65152. 65434.] t2_sim:[65055. 65251. 63862.]
Task is 81.00% complete.
t1_sim:[63932. 63690. 63418.] t2_sim:[58368. 58568. 59934.]
Task is 82.00% complete.
t1_sim:[65441. 65782. 68191.] t2_sim:[62907. 62813. 61090.]
Task is 83.00% complete.
t1_sim:[61973. 61919. 61240.] t2_sim:[67839. 67685. 69815.]
Task is 84.00% complete.
t1_sim:[62641. 62809. 62790.] t2_sim:[64685. 64798. 62732.]
Task is 85.00% complete.
t1_sim:[64442. 64373. 64232.] t2_sim:[64109. 63992. 65170.]
Task is 86.00% complete.
t1_sim:[66577. 66768. 64362.] t2_sim:[57561. 57822. 60645.]
Task is 87.00% complete.
t1_sim:[58253. 58012. 58394.] t2_sim:[63524. 63305. 63292.]
Task is 88.00% complete.
t1_sim:[59203. 59225. 59285.] t2_sim:[60543. 60598. 60945.]
Task is 89.00% complete.
t1_sim:[60832. 60654. 59237.] t2_sim:[59837. 59610. 61940.]
Task is 90.00% complete.
t1_sim:[58325. 58321. 57939.] t2_sim:[59649. 60013. 57964.]
Task is 91.00% complete.
t1_sim:[63033. 63005. 64860.] t2_sim:[61607. 61996. 63057.]
Task is 92.00% complete.
t1_sim:[63505. 63526. 64514.] t2_sim:[64294. 64091. 63814.]
Task is 93.00% complete.
t1_sim:[63316. 63075. 64799.] t2_sim:[68697. 68331. 67047.]
Task is 94.00% complete.
t1_sim:[62446. 62372. 63256.] t2_sim:[61610. 62038. 63808.]
Task is 95.00% complete.
t1_sim:[58570. 58243. 58855.] t2_sim:[62100. 62280. 65869.]
Task is 96.00% complete.
t1_sim:[62443. 62562. 61493.] t2_sim:[68414. 68221. 70092.]
Task is 97.00% complete.
t1_sim:[65417. 65433. 64699.] t2_sim:[65891. 65793. 64173.]
Task is 98.00% complete.
t1_sim:[58920. 58699. 56861.] t2_sim:[63708. 63128. 63576.]
Task is 99.00% complete.
t1_sim:[61190. 61258. 62354.] t2_sim:[64011. 63914. 62571.]
Training start
t1_obs:[array(59684.), array(60049.), array(58056.)] t2_obs:[array(66022.), array(66242.), array(67312.)]
corr_G1:[None, None, 0.0741555631538327] corr_G2:[None, None, -0.03379471978380277]
Training end
Task is 0.00% complete.
t1_sim:[60486. 60639. 60947.] t2_sim:[64742. 64935. 63301.]
Task is 1.00% complete.
t1_sim:[64000. 63504. 64761.] t2_sim:[61104. 61350. 63941.]
Task is 2.00% complete.
t1_sim:[64826. 64756. 63773.] t2_sim:[60352. 60249. 59688.]
Task is 3.00% complete.
t1_sim:[61083. 61155. 63038.] t2_sim:[60288. 60543. 60667.]
Task is 4.00% complete.
t1_sim:[63441. 63233. 62407.] t2_sim:[60179. 60243. 63343.]
Task is 5.00% complete.
t1_sim:[63020. 62930. 64928.] t2_sim:[66457. 66241. 66074.]
Task is 6.00% complete.
t1_sim:[62510. 62343. 61378.] t2_sim:[59528. 58871. 60027.]
Task is 7.00% complete.
t1_sim:[60645. 60390. 61067.] t2_sim:[65972. 65752. 66234.]
Task is 8.00% complete.
t1_sim:[58135. 57996. 58314.] t2_sim:[64773. 64738. 64006.]
Task is 9.00% complete.
t1_sim:[59773. 59819. 61358.] t2_sim:[63078. 63076. 63837.]
Task is 10.00% complete.
t1_sim:[57814. 57678. 55906.] t2_sim:[66273. 66457. 66348.]
Task is 11.00% complete.
t1_sim:[69066. 68850. 69186.] t2_sim:[61933. 62134. 63849.]
Task is 12.00% complete.
t1_sim:[61322. 61062. 59275.] t2_sim:[54860. 54533. 54584.]
Task is 13.00% complete.
t1_sim:[66723. 66461. 68029.] t2_sim:[58828. 58817. 61231.]
Task is 14.00% complete.
t1_sim:[57051. 56751. 55923.] t2_sim:[57895. 57772. 57201.]
Task is 15.00% complete.
t1_sim:[64658. 64439. 63566.] t2_sim:[62890. 63138. 64368.]
Task is 16.00% complete.
t1_sim:[61407. 61470. 62501.] t2_sim:[58865. 58641. 60066.]
Task is 17.00% complete.
t1_sim:[64757. 65100. 64977.] t2_sim:[62274. 62956. 61588.]
Task is 18.00% complete.
t1_sim:[60960. 60813. 60097.] t2_sim:[64675. 64735. 62825.]
Task is 19.00% complete.
t1_sim:[57927. 58059. 58633.] t2_sim:[64215. 64122. 65664.]
Task is 20.00% complete.
t1_sim:[59350. 59637. 60930.] t2_sim:[62990. 63091. 62097.]
Task is 21.00% complete.
t1_sim:[62339. 62400. 61410.] t2_sim:[63042. 62864. 62672.]
Task is 22.00% complete.
t1_sim:[59830. 59955. 60600.] t2_sim:[67323. 66948. 66374.]
Task is 23.00% complete.
t1_sim:[63029. 63137. 64545.] t2_sim:[62290. 62188. 61007.]
Task is 24.00% complete.
t1_sim:[63766. 63687. 62751.] t2_sim:[60652. 61235. 63555.]
Task is 25.00% complete.
t1_sim:[59590. 59384. 62712.] t2_sim:[63012. 63285. 62184.]
Task is 26.00% complete.
t1_sim:[63749. 63552. 64976.] t2_sim:[68398. 68402. 68820.]
Task is 27.00% complete.
t1_sim:[64512. 64261. 62525.] t2_sim:[69792. 69754. 71076.]
Task is 28.00% complete.
t1_sim:[65314. 65159. 65011.] t2_sim:[65587. 65287. 64237.]
Task is 29.00% complete.
t1_sim:[63603. 63742. 63551.] t2_sim:[64453. 64372. 62329.]
Task is 30.00% complete.
t1_sim:[67522. 67694. 64556.] t2_sim:[66670. 67094. 65804.]
Task is 31.00% complete.
t1_sim:[65313. 65283. 67018.] t2_sim:[56038. 55965. 55995.]
Task is 32.00% complete.
t1_sim:[61844. 62227. 61411.] t2_sim:[66079. 66383. 64174.]
Task is 33.00% complete.
t1_sim:[60709. 60318. 61090.] t2_sim:[65268. 65286. 62890.]
Task is 34.00% complete.
t1_sim:[59949. 59730. 62421.] t2_sim:[58642. 58547. 61235.]
Task is 35.00% complete.
t1_sim:[60490. 60772. 61463.] t2_sim:[63848. 64057. 63222.]
Task is 36.00% complete.
t1_sim:[59024. 59147. 59497.] t2_sim:[55947. 56233. 60215.]
Task is 37.00% complete.
t1_sim:[63783. 63706. 64323.] t2_sim:[62610. 62801. 63106.]
Task is 38.00% complete.
t1_sim:[59605. 60364. 62407.] t2_sim:[63575. 63418. 60250.]
Task is 39.00% complete.
t1_sim:[64114. 64357. 66289.] t2_sim:[65810. 65807. 63476.]
Task is 40.00% complete.
t1_sim:[60573. 60448. 60088.] t2_sim:[61873. 61978. 59403.]
Task is 41.00% complete.
t1_sim:[62883. 63396. 64609.] t2_sim:[59229. 59188. 59296.]
Task is 42.00% complete.
t1_sim:[63148. 63176. 63088.] t2_sim:[59418. 58974. 58056.]
Task is 43.00% complete.
t1_sim:[68361. 68129. 67855.] t2_sim:[67224. 67614. 69232.]
Task is 44.00% complete.
t1_sim:[69807. 69642. 66429.] t2_sim:[58251. 58504. 58260.]
Task is 45.00% complete.
t1_sim:[59847. 59689. 62056.] t2_sim:[62358. 62439. 61469.]
Task is 46.00% complete.
t1_sim:[64348. 64329. 64206.] t2_sim:[65472. 66156. 67274.]
Task is 47.00% complete.
t1_sim:[61585. 61105. 61209.] t2_sim:[64488. 64259. 63440.]
Task is 48.00% complete.
t1_sim:[62648. 62820. 63243.] t2_sim:[56426. 56690. 57581.]
Task is 49.00% complete.
t1_sim:[62439. 62092. 61359.] t2_sim:[63577. 63437. 65826.]
Task is 50.00% complete.
t1_sim:[59039. 59096. 58823.] t2_sim:[58517. 58072. 56536.]
Task is 51.00% complete.
t1_sim:[61925. 62003. 60614.] t2_sim:[64100. 64079. 64824.]
Task is 52.00% complete.
t1_sim:[62058. 61921. 60712.] t2_sim:[63658. 63551. 63751.]
Task is 53.00% complete.
t1_sim:[62532. 62825. 64105.] t2_sim:[62414. 62502. 62908.]
Task is 54.00% complete.
t1_sim:[60043. 59572. 62082.] t2_sim:[66244. 66286. 65317.]
Task is 55.00% complete.
t1_sim:[64454. 64519. 64696.] t2_sim:[64026. 63336. 65208.]
Task is 56.00% complete.
t1_sim:[60844. 61022. 62062.] t2_sim:[60672. 60788. 59581.]
Task is 57.00% complete.
t1_sim:[60094. 59842. 59367.] t2_sim:[62676. 63069. 64564.]
Task is 58.00% complete.
t1_sim:[63794. 63877. 66178.] t2_sim:[66181. 66386. 67213.]
Task is 59.00% complete.
t1_sim:[63022. 62890. 61356.] t2_sim:[60605. 60067. 56745.]
Task is 60.00% complete.
t1_sim:[66024. 65816. 64293.] t2_sim:[63013. 63075. 65823.]
Task is 61.00% complete.
t1_sim:[58633. 58492. 57100.] t2_sim:[68246. 68029. 68117.]
Task is 62.00% complete.
t1_sim:[52223. 52619. 52404.] t2_sim:[64971. 65136. 64898.]
Task is 63.00% complete.
t1_sim:[63495. 63482. 65591.] t2_sim:[65252. 65305. 63869.]
Task is 64.00% complete.
t1_sim:[65744. 65578. 64695.] t2_sim:[68929. 68894. 67832.]
Task is 65.00% complete.
t1_sim:[55423. 55202. 54469.] t2_sim:[64230. 64445. 63206.]
Task is 66.00% complete.
t1_sim:[58091. 58045. 58882.] t2_sim:[61800. 62477. 62597.]
Task is 67.00% complete.
t1_sim:[59531. 59656. 59660.] t2_sim:[65883. 66476. 65137.]
Task is 68.00% complete.
t1_sim:[59597. 59307. 59425.] t2_sim:[65039. 65018. 62139.]
Task is 69.00% complete.
t1_sim:[62916. 62679. 64456.] t2_sim:[65800. 65659. 62700.]
Task is 70.00% complete.
t1_sim:[58237. 58391. 57293.] t2_sim:[61182. 61417. 59934.]
Task is 71.00% complete.
t1_sim:[63900. 64008. 65029.] t2_sim:[65501. 65455. 66483.]
Task is 72.00% complete.
t1_sim:[63418. 63334. 61048.] t2_sim:[60303. 59729. 61144.]
Task is 73.00% complete.
t1_sim:[64032. 63738. 62654.] t2_sim:[61576. 61564. 58049.]
Task is 74.00% complete.
t1_sim:[63766. 64076. 63803.] t2_sim:[60069. 59933. 61822.]
Task is 75.00% complete.
t1_sim:[63957. 64237. 64953.] t2_sim:[65025. 64764. 63284.]
Task is 76.00% complete.
t1_sim:[57376. 57512. 59436.] t2_sim:[59976. 59750. 58538.]
Task is 77.00% complete.
t1_sim:[66141. 66357. 66112.] t2_sim:[67776. 67753. 69157.]
Task is 78.00% complete.
t1_sim:[69431. 69316. 67422.] t2_sim:[59243. 59390. 59749.]
Task is 79.00% complete.
t1_sim:[61013. 61297. 63555.] t2_sim:[59352. 59288. 57800.]
Task is 80.00% complete.
t1_sim:[62512. 62455. 63613.] t2_sim:[60949. 61082. 62058.]
Task is 81.00% complete.
t1_sim:[60958. 60600. 59199.] t2_sim:[70167. 69779. 68983.]
Task is 82.00% complete.
t1_sim:[61737. 61788. 61642.] t2_sim:[63339. 63511. 63082.]
Task is 83.00% complete.
t1_sim:[59643. 59749. 60349.] t2_sim:[61984. 61975. 60642.]
Task is 84.00% complete.
t1_sim:[65900. 65506. 63836.] t2_sim:[65564. 65914. 66757.]
Task is 85.00% complete.
t1_sim:[66404. 66156. 65782.] t2_sim:[64404. 64041. 62652.]
Task is 86.00% complete.
t1_sim:[62574. 62644. 63239.] t2_sim:[73701. 74392. 73770.]
Task is 87.00% complete.
t1_sim:[67195. 67273. 68344.] t2_sim:[63166. 63219. 61512.]
Task is 88.00% complete.
t1_sim:[58712. 59011. 60538.] t2_sim:[63652. 63867. 65040.]
Task is 89.00% complete.
t1_sim:[53810. 54023. 55844.] t2_sim:[66659. 66630. 67805.]
Task is 90.00% complete.
t1_sim:[62905. 62401. 61302.] t2_sim:[62673. 62231. 63232.]
Task is 91.00% complete.
t1_sim:[60463. 60388. 60687.] t2_sim:[58759. 58947. 62514.]
Task is 92.00% complete.
t1_sim:[65577. 65605. 67469.] t2_sim:[65102. 64682. 63851.]
Task is 93.00% complete.
t1_sim:[63387. 63572. 63700.] t2_sim:[59670. 60213. 60353.]
Task is 94.00% complete.
t1_sim:[68278. 68423. 69095.] t2_sim:[67418. 67029. 65289.]
Task is 95.00% complete.
t1_sim:[63180. 63369. 65800.] t2_sim:[60370. 60048. 59522.]
Task is 96.00% complete.
t1_sim:[58956. 59270. 58791.] t2_sim:[67470. 67442. 66293.]
Task is 97.00% complete.
t1_sim:[51791. 51612. 54529.] t2_sim:[65431. 64985. 64612.]
Task is 98.00% complete.
t1_sim:[61152. 61268. 64081.] t2_sim:[60941. 61787. 60709.]
Task is 99.00% complete.
t1_sim:[64914. 64888. 65057.] t2_sim:[65960. 65825. 64032.]
Finished
