Begin
Training start
t1_obs:[array(59888.), array(59644.), array(59389.)] t2_obs:[array(66293.), array(66256.), array(62054.)]
corr_G1:[None, None, -1.1006052400869535e-16] corr_G2:[None, None, 0]
Training end
Task is 0.00% complete.
t1_sim:[59492. 59301. 57788.] t2_sim:[57038. 57281. 60308.]
Task is 1.00% complete.
t1_sim:[64636. 64458. 65234.] t2_sim:[65978. 66007. 66214.]
Task is 2.00% complete.
t1_sim:[61291. 61356. 59685.] t2_sim:[70087. 70034. 66868.]
Task is 3.00% complete.
t1_sim:[59224. 59436. 62302.] t2_sim:[61717. 61880. 62332.]
Task is 4.00% complete.
t1_sim:[60780. 60895. 60646.] t2_sim:[59560. 59447. 61336.]
Task is 5.00% complete.
t1_sim:[56684. 56095. 58134.] t2_sim:[64136. 64204. 63332.]
Task is 6.00% complete.
t1_sim:[62407. 62371. 60891.] t2_sim:[61771. 62010. 63186.]
Task is 7.00% complete.
t1_sim:[60831. 60743. 60439.] t2_sim:[63102. 63319. 61285.]
Task is 8.00% complete.
t1_sim:[63802. 63931. 62309.] t2_sim:[60603. 60408. 60928.]
Task is 9.00% complete.
t1_sim:[63681. 64091. 60410.] t2_sim:[61762. 62025. 65143.]
Task is 10.00% complete.
t1_sim:[59353. 59495. 60667.] t2_sim:[55861. 56216. 57424.]
Task is 11.00% complete.
t1_sim:[64965. 64595. 65046.] t2_sim:[66068. 66332. 65519.]
Task is 12.00% complete.
t1_sim:[65644. 65268. 64772.] t2_sim:[62032. 61765. 62271.]
Task is 13.00% complete.
t1_sim:[60155. 59812. 61708.] t2_sim:[65197. 65562. 67873.]
Task is 14.00% complete.
t1_sim:[60593. 60936. 63130.] t2_sim:[60140. 60436. 61821.]
Task is 15.00% complete.
t1_sim:[67577. 67918. 64359.] t2_sim:[62274. 62206. 61796.]
Task is 16.00% complete.
t1_sim:[60736. 60816. 64998.] t2_sim:[62844. 62305. 61127.]
Task is 17.00% complete.
t1_sim:[62493. 62446. 68685.] t2_sim:[62165. 62311. 60734.]
Task is 18.00% complete.
t1_sim:[60617. 60710. 56008.] t2_sim:[62801. 63294. 61426.]
Task is 19.00% complete.
t1_sim:[60505. 60733. 62622.] t2_sim:[64524. 64650. 65217.]
Task is 20.00% complete.
t1_sim:[59032. 59501. 61072.] t2_sim:[68617. 68321. 67671.]
Task is 21.00% complete.
t1_sim:[65919. 65695. 65701.] t2_sim:[69000. 68666. 67259.]
Task is 22.00% complete.
t1_sim:[65761. 65968. 66069.] t2_sim:[64200. 64476. 66439.]
Task is 23.00% complete.
t1_sim:[63968. 63748. 62825.] t2_sim:[61283. 61786. 59624.]
Task is 24.00% complete.
t1_sim:[59942. 59754. 59413.] t2_sim:[64488. 64247. 62830.]
Task is 25.00% complete.
t1_sim:[68768. 68100. 66847.] t2_sim:[61624. 61730. 62993.]
Task is 26.00% complete.
t1_sim:[61229. 61359. 62822.] t2_sim:[55991. 56280. 59876.]
Task is 27.00% complete.
t1_sim:[63243. 63481. 66850.] t2_sim:[60794. 61128. 59805.]
Task is 28.00% complete.
t1_sim:[59899. 59836. 58900.] t2_sim:[63179. 63355. 67562.]
Task is 29.00% complete.
t1_sim:[67700. 67268. 64346.] t2_sim:[64141. 63661. 62277.]
Task is 30.00% complete.
t1_sim:[64743. 64768. 66510.] t2_sim:[64719. 64491. 64070.]
Task is 31.00% complete.
t1_sim:[65205. 65084. 67730.] t2_sim:[62362. 62559. 63093.]
Task is 32.00% complete.
t1_sim:[61908. 61872. 61290.] t2_sim:[59828. 59981. 62240.]
Task is 33.00% complete.
t1_sim:[67439. 67290. 64848.] t2_sim:[60038. 59760. 62368.]
Task is 34.00% complete.
t1_sim:[58368. 58243. 61999.] t2_sim:[63966. 64143. 62423.]
Task is 35.00% complete.
t1_sim:[54918. 55146. 55767.] t2_sim:[61921. 62190. 60786.]
Task is 36.00% complete.
t1_sim:[63994. 63566. 65634.] t2_sim:[60697. 60688. 63357.]
Task is 37.00% complete.
t1_sim:[61677. 61713. 59185.] t2_sim:[62287. 62283. 63238.]
Task is 38.00% complete.
t1_sim:[63936. 64023. 61640.] t2_sim:[66564. 66630. 66217.]
Task is 39.00% complete.
t1_sim:[63646. 63402. 64248.] t2_sim:[65545. 65664. 67503.]
Task is 40.00% complete.
t1_sim:[60639. 60734. 64738.] t2_sim:[63110. 63126. 64026.]
Task is 41.00% complete.
t1_sim:[60648. 60601. 57901.] t2_sim:[65449. 65616. 67555.]
Task is 42.00% complete.
t1_sim:[55699. 55608. 57648.] t2_sim:[66771. 66876. 63782.]
Task is 43.00% complete.
t1_sim:[62950. 63176. 66106.] t2_sim:[71820. 72047. 71968.]
Task is 44.00% complete.
t1_sim:[64605. 64542. 60282.] t2_sim:[62502. 62860. 63925.]
Task is 45.00% complete.
t1_sim:[56284. 56577. 58677.] t2_sim:[62981. 63223. 60058.]
Task is 46.00% complete.
t1_sim:[63421. 63029. 63935.] t2_sim:[61884. 61763. 67132.]
Task is 47.00% complete.
t1_sim:[56581. 56500. 58873.] t2_sim:[63474. 63337. 64366.]
Task is 48.00% complete.
t1_sim:[62554. 62582. 61618.] t2_sim:[65155. 65314. 62313.]
Task is 49.00% complete.
t1_sim:[56190. 56327. 59425.] t2_sim:[67974. 67719. 66229.]
Task is 50.00% complete.
t1_sim:[65294. 65273. 63467.] t2_sim:[65702. 65498. 65751.]
Task is 51.00% complete.
t1_sim:[59696. 59906. 57468.] t2_sim:[63232. 63000. 61950.]
Task is 52.00% complete.
t1_sim:[65986. 65943. 64706.] t2_sim:[63015. 63310. 61230.]
Task is 53.00% complete.
t1_sim:[65641. 65819. 66497.] t2_sim:[64724. 64122. 63544.]
Task is 54.00% complete.
t1_sim:[61901. 61965. 60490.] t2_sim:[59593. 59934. 63316.]
Task is 55.00% complete.
t1_sim:[58104. 58106. 61909.] t2_sim:[65983. 65675. 60782.]
Task is 56.00% complete.
t1_sim:[65039. 65005. 63079.] t2_sim:[56375. 56985. 58479.]
Task is 57.00% complete.
t1_sim:[60273. 60447. 59440.] t2_sim:[60392. 60222. 61515.]
Task is 58.00% complete.
t1_sim:[58452. 58751. 56136.] t2_sim:[60712. 60941. 62290.]
Task is 59.00% complete.
t1_sim:[64473. 63941. 63326.] t2_sim:[61617. 61612. 64809.]
Task is 60.00% complete.
t1_sim:[66246. 65952. 61394.] t2_sim:[61093. 61392. 62318.]
Task is 61.00% complete.
t1_sim:[67244. 66687. 65302.] t2_sim:[70484. 70499. 65389.]
Task is 62.00% complete.
t1_sim:[57562. 57417. 56117.] t2_sim:[62122. 62173. 59943.]
Task is 63.00% complete.
t1_sim:[66451. 66530. 67547.] t2_sim:[65104. 65047. 61554.]
Task is 64.00% complete.
t1_sim:[64158. 64304. 62099.] t2_sim:[59912. 60293. 63945.]
Task is 65.00% complete.
t1_sim:[65360. 65113. 67879.] t2_sim:[61305. 61294. 61616.]
Task is 66.00% complete.
t1_sim:[60200. 60301. 56178.] t2_sim:[60728. 60992. 60371.]
Task is 67.00% complete.
t1_sim:[64077. 64318. 66844.] t2_sim:[66810. 66804. 70540.]
Task is 68.00% complete.
t1_sim:[63868. 64179. 64933.] t2_sim:[62172. 62274. 64391.]
Task is 69.00% complete.
t1_sim:[60733. 60414. 62730.] t2_sim:[57288. 57335. 55747.]
Task is 70.00% complete.
t1_sim:[67005. 66621. 67830.] t2_sim:[64598. 64348. 60511.]
Task is 71.00% complete.
t1_sim:[72404. 72379. 69447.] t2_sim:[60778. 60828. 59157.]
Task is 72.00% complete.
t1_sim:[62906. 62927. 61842.] t2_sim:[61046. 61080. 60309.]
Task is 73.00% complete.
t1_sim:[65158. 65005. 66075.] t2_sim:[59650. 59985. 56991.]
Task is 74.00% complete.
t1_sim:[65904. 65907. 66551.] t2_sim:[54915. 55174. 54983.]
Task is 75.00% complete.
t1_sim:[64234. 64245. 63392.] t2_sim:[65627. 65733. 68577.]
Task is 76.00% complete.
t1_sim:[62860. 62730. 63202.] t2_sim:[63098. 62813. 63496.]
Task is 77.00% complete.
t1_sim:[59688. 59944. 60674.] t2_sim:[61592. 61655. 62287.]
Task is 78.00% complete.
t1_sim:[62816. 62877. 59398.] t2_sim:[58853. 58867. 60614.]
Task is 79.00% complete.
t1_sim:[65415. 65591. 66053.] t2_sim:[55282. 55283. 57990.]
Task is 80.00% complete.
t1_sim:[58417. 58277. 59829.] t2_sim:[58221. 58264. 56933.]
Task is 81.00% complete.
t1_sim:[60322. 61003. 61194.] t2_sim:[58190. 58193. 60485.]
Task is 82.00% complete.
t1_sim:[62438. 62945. 61391.] t2_sim:[57618. 57236. 59697.]
Task is 83.00% complete.
t1_sim:[59511. 59521. 58199.] t2_sim:[60516. 60410. 59339.]
Task is 84.00% complete.
t1_sim:[64388. 63930. 62791.] t2_sim:[61996. 61726. 66957.]
Task is 85.00% complete.
t1_sim:[62355. 62670. 64776.] t2_sim:[63472. 63361. 63058.]
Task is 86.00% complete.
t1_sim:[68355. 68562. 64858.] t2_sim:[63518. 63576. 64860.]
Task is 87.00% complete.
t1_sim:[60441. 60424. 59674.] t2_sim:[59512. 59826. 60204.]
Task is 88.00% complete.
t1_sim:[61531. 61270. 62164.] t2_sim:[61403. 61165. 62109.]
Task is 89.00% complete.
t1_sim:[66607. 66565. 68065.] t2_sim:[63703. 63966. 62963.]
Task is 90.00% complete.
t1_sim:[64509. 64401. 65865.] t2_sim:[60464. 60233. 58788.]
Task is 91.00% complete.
t1_sim:[63606. 63850. 67083.] t2_sim:[70490. 70524. 71908.]
Task is 92.00% complete.
t1_sim:[58518. 58450. 61446.] t2_sim:[67932. 67675. 63059.]
Task is 93.00% complete.
t1_sim:[55405. 55438. 58390.] t2_sim:[61525. 61417. 64090.]
Task is 94.00% complete.
t1_sim:[63865. 64082. 64049.] t2_sim:[66162. 66019. 60310.]
Task is 95.00% complete.
t1_sim:[64974. 65240. 62277.] t2_sim:[63028. 63270. 65235.]
Task is 96.00% complete.
t1_sim:[71181. 71484. 68548.] t2_sim:[59762. 59488. 57285.]
Task is 97.00% complete.
t1_sim:[60316. 60854. 58834.] t2_sim:[65766. 65986. 64069.]
Task is 98.00% complete.
t1_sim:[59836. 59552. 54986.] t2_sim:[61728. 61823. 60519.]
Task is 99.00% complete.
t1_sim:[62190. 62664. 65737.] t2_sim:[70475. 70611. 65944.]
Training start
t1_obs:[array(59888.), array(59644.), array(58648.)] t2_obs:[array(66293.), array(66256.), array(65155.)]
corr_G1:[None, None, 0.9741123353046661] corr_G2:[None, None, 0.994002231154807]
Training end
Task is 0.00% complete.
t1_sim:[59868. 59780. 60290.] t2_sim:[61084. 60588. 59098.]
Task is 1.00% complete.
t1_sim:[62323. 62119. 61124.] t2_sim:[59334. 59532. 57860.]
Task is 2.00% complete.
t1_sim:[59830. 59843. 61090.] t2_sim:[61788. 61446. 61447.]
Task is 3.00% complete.
t1_sim:[59640. 59465. 60192.] t2_sim:[61816. 61512. 60047.]
Task is 4.00% complete.
t1_sim:[63093. 62884. 62460.] t2_sim:[63359. 63160. 63234.]
Task is 5.00% complete.
t1_sim:[66379. 66029. 67615.] t2_sim:[65861. 65767. 66004.]
Task is 6.00% complete.
t1_sim:[59806. 59610. 59131.] t2_sim:[62387. 62497. 63655.]
Task is 7.00% complete.
t1_sim:[59663. 59837. 62259.] t2_sim:[63230. 63434. 64742.]
Task is 8.00% complete.
t1_sim:[62196. 62144. 63359.] t2_sim:[61218. 61122. 61728.]
Task is 9.00% complete.
t1_sim:[62676. 62530. 66573.] t2_sim:[66669. 66383. 67116.]
Task is 10.00% complete.
t1_sim:[69535. 69088. 66336.] t2_sim:[62455. 62928. 63599.]
Task is 11.00% complete.
t1_sim:[62145. 62060. 60048.] t2_sim:[58433. 58419. 59722.]
Task is 12.00% complete.
t1_sim:[66237. 66483. 65781.] t2_sim:[62882. 63022. 64436.]
Task is 13.00% complete.
t1_sim:[53951. 54234. 54860.] t2_sim:[61138. 61082. 60289.]
Task is 14.00% complete.
t1_sim:[66877. 67074. 66583.] t2_sim:[64078. 64254. 65503.]
Task is 15.00% complete.
t1_sim:[59236. 59581. 61415.] t2_sim:[63227. 63276. 63983.]
Task is 16.00% complete.
t1_sim:[63670. 63677. 63510.] t2_sim:[66497. 66509. 65230.]
Task is 17.00% complete.
t1_sim:[59621. 59598. 58200.] t2_sim:[63706. 63518. 62319.]
Task is 18.00% complete.
t1_sim:[62023. 61582. 60737.] t2_sim:[63811. 64010. 64073.]
Task is 19.00% complete.
t1_sim:[63976. 63980. 64584.] t2_sim:[66187. 65911. 65050.]
Task is 20.00% complete.
t1_sim:[59845. 59766. 60970.] t2_sim:[61028. 60473. 59311.]
Task is 21.00% complete.
t1_sim:[67939. 67843. 67542.] t2_sim:[58377. 58712. 60139.]
Task is 22.00% complete.
t1_sim:[57774. 57702. 57847.] t2_sim:[61017. 60709. 60478.]
Task is 23.00% complete.
t1_sim:[62926. 62977. 62897.] t2_sim:[65491. 65327. 65162.]
Task is 24.00% complete.
t1_sim:[58768. 58831. 58780.] t2_sim:[59065. 59014. 60112.]
Task is 25.00% complete.
t1_sim:[57164. 57766. 59557.] t2_sim:[61407. 61541. 62682.]
Task is 26.00% complete.
t1_sim:[63904. 64363. 64591.] t2_sim:[61162. 61230. 62399.]
Task is 27.00% complete.
t1_sim:[60705. 60329. 61674.] t2_sim:[61284. 61268. 60762.]
Task is 28.00% complete.
t1_sim:[63103. 63185. 64508.] t2_sim:[67689. 67957. 66633.]
Task is 29.00% complete.
t1_sim:[63438. 63072. 63180.] t2_sim:[64206. 64689. 64712.]
Task is 30.00% complete.
t1_sim:[66389. 66310. 67485.] t2_sim:[64911. 65141. 65896.]
Task is 31.00% complete.
t1_sim:[62786. 62581. 61959.] t2_sim:[67446. 67381. 65985.]
Task is 32.00% complete.
t1_sim:[64800. 64832. 66073.] t2_sim:[60554. 60750. 60940.]
Task is 33.00% complete.
t1_sim:[60668. 60702. 61707.] t2_sim:[56606. 56753. 56779.]
Task is 34.00% complete.
t1_sim:[62688. 62859. 63976.] t2_sim:[64466. 64459. 65229.]
Task is 35.00% complete.
t1_sim:[67793. 67530. 66717.] t2_sim:[59962. 60125. 60302.]
Task is 36.00% complete.
t1_sim:[56621. 56797. 55054.] t2_sim:[68337. 68783. 70681.]
Task is 37.00% complete.
t1_sim:[63235. 62695. 60284.] t2_sim:[64558. 64620. 63927.]
Task is 38.00% complete.
t1_sim:[61430. 61012. 62787.] t2_sim:[66745. 66936. 66526.]
Task is 39.00% complete.
t1_sim:[63303. 63582. 61889.] t2_sim:[60620. 60078. 59575.]
Task is 40.00% complete.
t1_sim:[66102. 66080. 67565.] t2_sim:[58984. 58702. 57802.]
Task is 41.00% complete.
t1_sim:[56197. 56332. 55957.] t2_sim:[63150. 63324. 62800.]
Task is 42.00% complete.
t1_sim:[64042. 64027. 65473.] t2_sim:[67899. 67783. 68402.]
Task is 43.00% complete.
t1_sim:[67083. 66830. 63303.] t2_sim:[62129. 62134. 62256.]
Task is 44.00% complete.
t1_sim:[59041. 59153. 60463.] t2_sim:[67566. 67523. 67010.]
Task is 45.00% complete.
t1_sim:[63696. 63605. 61853.] t2_sim:[62242. 62139. 63123.]
Task is 46.00% complete.
t1_sim:[65914. 65728. 66282.] t2_sim:[61654. 61531. 60630.]
Task is 47.00% complete.
t1_sim:[67364. 67775. 66803.] t2_sim:[60503. 60758. 62117.]
Task is 48.00% complete.
t1_sim:[62941. 62974. 62528.] t2_sim:[61273. 61095. 64064.]
Task is 49.00% complete.
t1_sim:[60144. 59679. 61031.] t2_sim:[65016. 64953. 65448.]
Task is 50.00% complete.
t1_sim:[60204. 59813. 58439.] t2_sim:[63205. 63589. 64425.]
Task is 51.00% complete.
t1_sim:[68654. 68666. 69979.] t2_sim:[61206. 61448. 59640.]
Task is 52.00% complete.
t1_sim:[65583. 65509. 66035.] t2_sim:[64375. 64055. 64425.]
Task is 53.00% complete.
t1_sim:[59088. 59194. 59506.] t2_sim:[58557. 58691. 60113.]
Task is 54.00% complete.
t1_sim:[60523. 60709. 61278.] t2_sim:[64260. 64013. 62748.]
Task is 55.00% complete.
t1_sim:[60666. 60153. 59366.] t2_sim:[63911. 64017. 64740.]
Task is 56.00% complete.
t1_sim:[68404. 68626. 69303.] t2_sim:[59316. 59468. 59606.]
Task is 57.00% complete.
t1_sim:[59828. 59855. 57832.] t2_sim:[66829. 67004. 68107.]
Task is 58.00% complete.
t1_sim:[61413. 61566. 62198.] t2_sim:[57874. 57768. 57038.]
Task is 59.00% complete.
t1_sim:[57386. 56999. 55071.] t2_sim:[60686. 60875. 62775.]
Task is 60.00% complete.
t1_sim:[63965. 63586. 63660.] t2_sim:[61817. 61699. 62397.]
Task is 61.00% complete.
t1_sim:[66812. 66885. 66125.] t2_sim:[62960. 62845. 64341.]
Task is 62.00% complete.
t1_sim:[58118. 58159. 58850.] t2_sim:[62821. 62632. 63532.]
Task is 63.00% complete.
t1_sim:[61116. 60524. 61904.] t2_sim:[65829. 65587. 67614.]
Task is 64.00% complete.
t1_sim:[64225. 64136. 63694.] t2_sim:[60442. 60094. 58446.]
Task is 65.00% complete.
t1_sim:[63938. 63450. 60312.] t2_sim:[61630. 61655. 60934.]
Task is 66.00% complete.
t1_sim:[63089. 62696. 61548.] t2_sim:[65073. 65283. 65323.]
Task is 67.00% complete.
t1_sim:[65940. 65916. 64399.] t2_sim:[64508. 64581. 64872.]
Task is 68.00% complete.
t1_sim:[65854. 65824. 66100.] t2_sim:[62148. 62224. 61614.]
Task is 69.00% complete.
t1_sim:[67803. 67601. 70062.] t2_sim:[62718. 62611. 63567.]
Task is 70.00% complete.
t1_sim:[60696. 60733. 59739.] t2_sim:[55961. 55648. 54769.]
Task is 71.00% complete.
t1_sim:[61123. 61324. 62470.] t2_sim:[63379. 63394. 62679.]
Task is 72.00% complete.
t1_sim:[61549. 61945. 61868.] t2_sim:[67946. 67405. 68975.]
Task is 73.00% complete.
t1_sim:[62099. 62036. 61630.] t2_sim:[57039. 57225. 57709.]
Task is 74.00% complete.
t1_sim:[61653. 61902. 63680.] t2_sim:[64014. 64062. 64006.]
Task is 75.00% complete.
t1_sim:[59611. 59341. 60112.] t2_sim:[64882. 65187. 64306.]
Task is 76.00% complete.
t1_sim:[66565. 66655. 68129.] t2_sim:[61399. 61414. 59754.]
Task is 77.00% complete.
t1_sim:[55902. 55985. 56312.] t2_sim:[61331. 61474. 62563.]
Task is 78.00% complete.
t1_sim:[61464. 61986. 60282.] t2_sim:[67023. 67204. 65904.]
Task is 79.00% complete.
t1_sim:[58325. 58614. 59202.] t2_sim:[69366. 69181. 69709.]
Task is 80.00% complete.
t1_sim:[61075. 61425. 62077.] t2_sim:[62169. 62033. 60937.]
Task is 81.00% complete.
t1_sim:[63343. 63204. 60538.] t2_sim:[55866. 55918. 55847.]
Task is 82.00% complete.
t1_sim:[62284. 62150. 61889.] t2_sim:[64247. 64474. 63817.]
Task is 83.00% complete.
t1_sim:[69290. 69452. 67801.] t2_sim:[61561. 61552. 62212.]
Task is 84.00% complete.
t1_sim:[67187. 67345. 67285.] t2_sim:[62748. 62344. 61443.]
Task is 85.00% complete.
t1_sim:[64568. 64686. 63393.] t2_sim:[61696. 62217. 63197.]
Task is 86.00% complete.
t1_sim:[57326. 57517. 59955.] t2_sim:[62124. 62149. 61493.]
Task is 87.00% complete.
t1_sim:[67353. 67028. 65914.] t2_sim:[65660. 65192. 66053.]
Task is 88.00% complete.
t1_sim:[63297. 62945. 60384.] t2_sim:[60208. 60555. 62150.]
Task is 89.00% complete.
t1_sim:[61040. 61217. 60268.] t2_sim:[62861. 63343. 63077.]
Task is 90.00% complete.
t1_sim:[68127. 67938. 68189.] t2_sim:[63089. 63169. 64156.]
Task is 91.00% complete.
t1_sim:[60351. 60507. 62570.] t2_sim:[66650. 66869. 66734.]
Task is 92.00% complete.
t1_sim:[60525. 60339. 61813.] t2_sim:[60092. 59554. 60305.]
Task is 93.00% complete.
t1_sim:[58892. 58820. 58791.] t2_sim:[62736. 62473. 65024.]
Task is 94.00% complete.
t1_sim:[62442. 62743. 63342.] t2_sim:[57101. 57023. 57498.]
Task is 95.00% complete.
t1_sim:[63581. 63757. 65309.] t2_sim:[64223. 64191. 63269.]
Task is 96.00% complete.
t1_sim:[65713. 65608. 64216.] t2_sim:[60090. 60285. 61164.]
Task is 97.00% complete.
t1_sim:[59805. 59600. 60867.] t2_sim:[70471. 70399. 72055.]
Task is 98.00% complete.
t1_sim:[63797. 63417. 61540.] t2_sim:[60964. 60624. 61417.]
Task is 99.00% complete.
t1_sim:[65418. 65706. 66488.] t2_sim:[62539. 62507. 60933.]
Training start
t1_obs:[array(59888.), array(59644.), array(59120.)] t2_obs:[array(66293.), array(66256.), array(64503.)]
corr_G1:[None, None, -0.1662871067981892] corr_G2:[None, None, 0.11495637020939742]
Training end
Task is 0.00% complete.
t1_sim:[61207. 60826. 59099.] t2_sim:[69368. 69045. 69089.]
Task is 1.00% complete.
t1_sim:[58451. 58515. 59461.] t2_sim:[61811. 61559. 59407.]
Task is 2.00% complete.
t1_sim:[61028. 61006. 61706.] t2_sim:[60909. 60656. 60346.]
Task is 3.00% complete.
t1_sim:[66012. 65797. 66585.] t2_sim:[63477. 63425. 64485.]
Task is 4.00% complete.
t1_sim:[64708. 65112. 66438.] t2_sim:[68172. 67733. 68711.]
Task is 5.00% complete.
t1_sim:[62671. 62515. 61288.] t2_sim:[67012. 67505. 67194.]
Task is 6.00% complete.
t1_sim:[67422. 67697. 64719.] t2_sim:[62822. 62570. 61009.]
Task is 7.00% complete.
t1_sim:[62422. 62574. 62412.] t2_sim:[63794. 63814. 64063.]
Task is 8.00% complete.
t1_sim:[62291. 62032. 64711.] t2_sim:[62660. 62280. 61312.]
Task is 9.00% complete.
t1_sim:[62726. 62787. 61199.] t2_sim:[63480. 63578. 63043.]
Task is 10.00% complete.
t1_sim:[67690. 67294. 64183.] t2_sim:[64226. 64008. 66811.]
Task is 11.00% complete.
t1_sim:[63861. 64068. 62583.] t2_sim:[65834. 65914. 65910.]
Task is 12.00% complete.
t1_sim:[62658. 62631. 62741.] t2_sim:[62775. 62878. 61078.]
Task is 13.00% complete.
t1_sim:[59968. 59795. 60914.] t2_sim:[62945. 62817. 64254.]
Task is 14.00% complete.
t1_sim:[61057. 60698. 59145.] t2_sim:[65191. 64997. 63569.]
Task is 15.00% complete.
t1_sim:[66791. 67084. 65447.] t2_sim:[58606. 58514. 58572.]
Task is 16.00% complete.
t1_sim:[62716. 62718. 64550.] t2_sim:[66247. 66073. 66275.]
Task is 17.00% complete.
t1_sim:[62812. 62442. 65186.] t2_sim:[61673. 61859. 61391.]
Task is 18.00% complete.
t1_sim:[63796. 63677. 62920.] t2_sim:[64986. 64952. 62448.]
Task is 19.00% complete.
t1_sim:[65927. 65841. 67428.] t2_sim:[61109. 61360. 61951.]
Task is 20.00% complete.
t1_sim:[67322. 67160. 69553.] t2_sim:[67273. 67802. 67469.]
Task is 21.00% complete.
t1_sim:[72049. 72215. 71260.] t2_sim:[65518. 65461. 65770.]
Task is 22.00% complete.
t1_sim:[61817. 61315. 59917.] t2_sim:[65077. 65326. 67430.]
Task is 23.00% complete.
t1_sim:[61191. 61720. 60929.] t2_sim:[65676. 66023. 66412.]
Task is 24.00% complete.
t1_sim:[62207. 61836. 60378.] t2_sim:[63135. 62624. 63553.]
Task is 25.00% complete.
t1_sim:[70843. 70448. 70408.] t2_sim:[55883. 55871. 57420.]
Task is 26.00% complete.
t1_sim:[60218. 60614. 61106.] t2_sim:[58474. 58105. 59212.]
Task is 27.00% complete.
t1_sim:[60550. 60719. 61126.] t2_sim:[65520. 65618. 67030.]
Task is 28.00% complete.
t1_sim:[62101. 62389. 64098.] t2_sim:[62053. 62207. 61121.]
Task is 29.00% complete.
t1_sim:[66825. 66566. 65486.] t2_sim:[63809. 63704. 65183.]
Task is 30.00% complete.
t1_sim:[61607. 61472. 62597.] t2_sim:[61584. 61803. 61854.]
Task is 31.00% complete.
t1_sim:[58881. 59117. 60909.] t2_sim:[64209. 64140. 65614.]
Task is 32.00% complete.
t1_sim:[61110. 61127. 61321.] t2_sim:[68544. 68300. 67274.]
Task is 33.00% complete.
t1_sim:[66459. 66325. 66896.] t2_sim:[61570. 61265. 61874.]
Task is 34.00% complete.
t1_sim:[69324. 69285. 67888.] t2_sim:[63549. 63458. 64148.]
Task is 35.00% complete.
t1_sim:[65675. 65884. 64351.] t2_sim:[59159. 59186. 60383.]
Task is 36.00% complete.
t1_sim:[55623. 55707. 58741.] t2_sim:[63301. 63347. 63082.]
Task is 37.00% complete.
t1_sim:[60592. 60698. 60540.] t2_sim:[65821. 65630. 63488.]
Task is 38.00% complete.
t1_sim:[65529. 65744. 64579.] t2_sim:[61135. 61585. 64147.]
Task is 39.00% complete.
t1_sim:[66239. 66385. 66517.] t2_sim:[63352. 63146. 63173.]
Task is 40.00% complete.
t1_sim:[60710. 60790. 61915.] t2_sim:[58171. 58018. 56283.]
Task is 41.00% complete.
t1_sim:[60020. 60260. 61849.] t2_sim:[61935. 61575. 61770.]
Task is 42.00% complete.
t1_sim:[62374. 62326. 60958.] t2_sim:[65786. 65740. 64792.]
Task is 43.00% complete.
t1_sim:[65220. 65862. 66087.] t2_sim:[60113. 59773. 59528.]
Task is 44.00% complete.
t1_sim:[60459. 60281. 57969.] t2_sim:[62410. 62185. 60830.]
Task is 45.00% complete.
t1_sim:[59099. 59170. 63811.] t2_sim:[67251. 67387. 66906.]
Task is 46.00% complete.
t1_sim:[61733. 61670. 62665.] t2_sim:[56960. 57153. 58317.]
Task is 47.00% complete.
t1_sim:[60087. 59586. 59642.] t2_sim:[61377. 61212. 61752.]
Task is 48.00% complete.
t1_sim:[62483. 62652. 61208.] t2_sim:[60872. 60693. 59591.]
Task is 49.00% complete.
t1_sim:[64558. 64479. 65688.] t2_sim:[63318. 63328. 62506.]
Task is 50.00% complete.
t1_sim:[61864. 61965. 59916.] t2_sim:[61319. 61073. 62450.]
Task is 51.00% complete.
t1_sim:[62831. 62684. 64042.] t2_sim:[57236. 57291. 57880.]
Task is 52.00% complete.
t1_sim:[61955. 62103. 61916.] t2_sim:[63983. 64304. 63993.]
Task is 53.00% complete.
t1_sim:[62571. 62885. 63196.] t2_sim:[68111. 68087. 68007.]
Task is 54.00% complete.
t1_sim:[62986. 62516. 64065.] t2_sim:[67364. 66806. 64542.]
Task is 55.00% complete.
t1_sim:[61679. 61442. 59605.] t2_sim:[59552. 59360. 59097.]
Task is 56.00% complete.
t1_sim:[61269. 61020. 61080.] t2_sim:[64212. 63667. 61336.]
Task is 57.00% complete.
t1_sim:[63977. 64231. 64196.] t2_sim:[63456. 63603. 62163.]
Task is 58.00% complete.
t1_sim:[58257. 58619. 59232.] t2_sim:[67115. 67035. 68318.]
Task is 59.00% complete.
t1_sim:[59656. 59584. 58386.] t2_sim:[63974. 64289. 62535.]
Task is 60.00% complete.
t1_sim:[64513. 64871. 66712.] t2_sim:[58862. 59006. 60528.]
Task is 61.00% complete.
t1_sim:[59705. 59818. 61272.] t2_sim:[67823. 68197. 69263.]
Task is 62.00% complete.
t1_sim:[61870. 61732. 61762.] t2_sim:[60495. 60328. 59477.]
Task is 63.00% complete.
t1_sim:[64556. 64291. 63997.] t2_sim:[62178. 62199. 60925.]
Task is 64.00% complete.
t1_sim:[65431. 65467. 66895.] t2_sim:[65746. 65647. 65121.]
Task is 65.00% complete.
t1_sim:[64646. 64492. 64388.] t2_sim:[65135. 65762. 65220.]
Task is 66.00% complete.
t1_sim:[63627. 63631. 64150.] t2_sim:[61789. 62300. 61019.]
Task is 67.00% complete.
t1_sim:[62389. 62209. 64074.] t2_sim:[59998. 59907. 59112.]
Task is 68.00% complete.
t1_sim:[65654. 65871. 66933.] t2_sim:[64190. 64157. 66880.]
Task is 69.00% complete.
t1_sim:[66127. 66053. 66688.] t2_sim:[58331. 58092. 57136.]
Task is 70.00% complete.
t1_sim:[60065. 60182. 60366.] t2_sim:[68023. 67577. 68671.]
Task is 71.00% complete.
t1_sim:[60337. 60334. 62453.] t2_sim:[58191. 57865. 57600.]
Task is 72.00% complete.
t1_sim:[62602. 62482. 63959.] t2_sim:[60981. 60574. 61259.]
Task is 73.00% complete.
t1_sim:[62574. 61751. 60933.] t2_sim:[67680. 67720. 71195.]
Task is 74.00% complete.
t1_sim:[69111. 69389. 68381.] t2_sim:[61847. 62111. 64820.]
Task is 75.00% complete.
t1_sim:[61591. 61390. 59693.] t2_sim:[64771. 64750. 62773.]
Task is 76.00% complete.
t1_sim:[63854. 63880. 61567.] t2_sim:[58046. 58020. 57828.]
Task is 77.00% complete.
t1_sim:[60240. 60224. 59825.] t2_sim:[59804. 60028. 62334.]
Task is 78.00% complete.
t1_sim:[60647. 60478. 63843.] t2_sim:[62916. 63042. 63110.]
Task is 79.00% complete.
t1_sim:[61205. 61471. 61723.] t2_sim:[59593. 59695. 58744.]
Task is 80.00% complete.
t1_sim:[61769. 61912. 63200.] t2_sim:[57806. 57920. 57476.]
Task is 81.00% complete.
t1_sim:[64706. 64779. 64187.] t2_sim:[62393. 62511. 62437.]
Task is 82.00% complete.
t1_sim:[57490. 57223. 55760.] t2_sim:[64505. 64626. 65670.]
Task is 83.00% complete.
t1_sim:[59351. 59152. 60494.] t2_sim:[63249. 62724. 61997.]
Task is 84.00% complete.
t1_sim:[66316. 66511. 66338.] t2_sim:[58104. 57801. 58817.]
Task is 85.00% complete.
t1_sim:[62617. 62751. 60925.] t2_sim:[62971. 62863. 66306.]
Task is 86.00% complete.
t1_sim:[61121. 61221. 59509.] t2_sim:[65708. 65415. 65490.]
Task is 87.00% complete.
t1_sim:[63713. 63745. 64311.] t2_sim:[56801. 56759. 57534.]
Task is 88.00% complete.
t1_sim:[63223. 63099. 62181.] t2_sim:[62178. 62253. 62472.]
Task is 89.00% complete.
t1_sim:[67205. 67271. 64212.] t2_sim:[66223. 66452. 66145.]
Task is 90.00% complete.
t1_sim:[66062. 66085. 65686.] t2_sim:[59461. 58951. 60825.]
Task is 91.00% complete.
t1_sim:[60744. 60641. 60816.] t2_sim:[65541. 65759. 64748.]
Task is 92.00% complete.
t1_sim:[66779. 66650. 66571.] t2_sim:[62765. 62278. 60319.]
Task is 93.00% complete.
t1_sim:[62847. 62612. 62285.] t2_sim:[61891. 62035. 61853.]
Task is 94.00% complete.
t1_sim:[58870. 58765. 61617.] t2_sim:[65373. 65622. 66209.]
Task is 95.00% complete.
t1_sim:[67615. 67810. 66886.] t2_sim:[59555. 59261. 59493.]
Task is 96.00% complete.
t1_sim:[61580. 61255. 62477.] t2_sim:[61409. 60871. 62785.]
Task is 97.00% complete.
t1_sim:[68015. 67940. 64310.] t2_sim:[60914. 61043. 59647.]
Task is 98.00% complete.
t1_sim:[64587. 64308. 64179.] t2_sim:[61105. 61166. 61324.]
Task is 99.00% complete.
t1_sim:[64012. 63887. 63662.] t2_sim:[58188. 58378. 59398.]
Finished
