Begin
Training start
t1_obs:[array(92887.), array(71501.), array(68008.)] t2_obs:[array(94864.), array(72925.), array(66642.)]
corr_G1:[None, None, -1.0905227320658149e-17] corr_G2:[None, None, -3.143157599630755e-17]
Training end
Task is 0.00% complete.
t1_sim:[62135. 61535. 66660.] t2_sim:[67047. 66196. 64831.]
Task is 1.00% complete.
t1_sim:[61069. 62403. 60634.] t2_sim:[67561. 64817. 67546.]
Task is 2.00% complete.
t1_sim:[59135. 60406. 61519.] t2_sim:[61033. 61398. 61964.]
Task is 3.00% complete.
t1_sim:[63845. 63265. 64482.] t2_sim:[61422. 62529. 61309.]
Task is 4.00% complete.
t1_sim:[59477. 58030. 59835.] t2_sim:[61302. 59001. 57798.]
Task is 5.00% complete.
t1_sim:[63903. 63779. 62217.] t2_sim:[63552. 64638. 63276.]
Task is 6.00% complete.
t1_sim:[65038. 63960. 65471.] t2_sim:[59280. 58441. 58827.]
Task is 7.00% complete.
t1_sim:[68996. 67886. 63825.] t2_sim:[59882. 59715. 58777.]
Task is 8.00% complete.
t1_sim:[70150. 69529. 67149.] t2_sim:[59562. 59998. 63110.]
Task is 9.00% complete.
t1_sim:[64318. 64770. 61057.] t2_sim:[65577. 65122. 63610.]
Task is 10.00% complete.
t1_sim:[63817. 64472. 62077.] t2_sim:[62785. 61222. 61795.]
Task is 11.00% complete.
t1_sim:[58880. 59906. 59327.] t2_sim:[64384. 67335. 65450.]
Task is 12.00% complete.
t1_sim:[60791. 61585. 60222.] t2_sim:[62689. 63312. 63937.]
Task is 13.00% complete.
t1_sim:[61610. 62652. 62741.] t2_sim:[65135. 65030. 63690.]
Task is 14.00% complete.
t1_sim:[54874. 55990. 53113.] t2_sim:[60340. 59493. 60697.]
Task is 15.00% complete.
t1_sim:[64755. 63381. 64988.] t2_sim:[60028. 59263. 58648.]
Task is 16.00% complete.
t1_sim:[64814. 63061. 60505.] t2_sim:[64997. 66772. 67283.]
Task is 17.00% complete.
t1_sim:[64351. 60359. 63848.] t2_sim:[57654. 60321. 57592.]
Task is 18.00% complete.
t1_sim:[58195. 57204. 55956.] t2_sim:[64090. 61615. 63904.]
Task is 19.00% complete.
t1_sim:[60853. 62476. 61305.] t2_sim:[60713. 62381. 61497.]
Task is 20.00% complete.
t1_sim:[60246. 60709. 58126.] t2_sim:[63849. 64326. 64573.]
Task is 21.00% complete.
t1_sim:[62680. 62769. 61245.] t2_sim:[61881. 60892. 62272.]
Task is 22.00% complete.
t1_sim:[69249. 67135. 66047.] t2_sim:[64409. 62067. 63295.]
Task is 23.00% complete.
t1_sim:[61574. 61710. 60340.] t2_sim:[65446. 65838. 64544.]
Task is 24.00% complete.
t1_sim:[62307. 61238. 63050.] t2_sim:[59998. 60266. 61323.]
Task is 25.00% complete.
t1_sim:[70848. 71077. 67386.] t2_sim:[60680. 61360. 61562.]
Task is 26.00% complete.
t1_sim:[57977. 58270. 58188.] t2_sim:[64260. 63751. 60570.]
Task is 27.00% complete.
t1_sim:[60559. 59477. 60558.] t2_sim:[61456. 60366. 62637.]
Task is 28.00% complete.
t1_sim:[63567. 62978. 64102.] t2_sim:[65130. 66267. 65602.]
Task is 29.00% complete.
t1_sim:[54045. 53256. 52849.] t2_sim:[63701. 63397. 64618.]
Task is 30.00% complete.
t1_sim:[63692. 61564. 65617.] t2_sim:[58624. 59722. 58994.]
Task is 31.00% complete.
t1_sim:[59687. 60014. 58422.] t2_sim:[63249. 60883. 62509.]
Task is 32.00% complete.
t1_sim:[63166. 65219. 65708.] t2_sim:[68819. 68590. 68732.]
Task is 33.00% complete.
t1_sim:[63837. 63432. 59572.] t2_sim:[61450. 59704. 57667.]
Task is 34.00% complete.
t1_sim:[63220. 61615. 64890.] t2_sim:[59019. 57578. 58396.]
Task is 35.00% complete.
t1_sim:[55034. 55201. 56215.] t2_sim:[67707. 66932. 68687.]
Task is 36.00% complete.
t1_sim:[62772. 64719. 64029.] t2_sim:[60578. 59387. 56271.]
Task is 37.00% complete.
t1_sim:[59355. 60621. 61911.] t2_sim:[61943. 62984. 63136.]
Task is 38.00% complete.
t1_sim:[61121. 63034. 61336.] t2_sim:[64831. 65085. 64973.]
Task is 39.00% complete.
t1_sim:[63414. 63302. 65801.] t2_sim:[59418. 61160. 65625.]
Task is 40.00% complete.
t1_sim:[62111. 62671. 59989.] t2_sim:[56831. 55723. 57027.]
Task is 41.00% complete.
t1_sim:[58313. 60347. 58434.] t2_sim:[56749. 57860. 60283.]
Task is 42.00% complete.
t1_sim:[59709. 59656. 61516.] t2_sim:[61093. 60987. 58702.]
Task is 43.00% complete.
t1_sim:[62514. 60959. 59692.] t2_sim:[65485. 63921. 63325.]
Task is 44.00% complete.
t1_sim:[67188. 67605. 68329.] t2_sim:[56214. 56057. 60935.]
Task is 45.00% complete.
t1_sim:[63053. 64474. 65215.] t2_sim:[64470. 65091. 66255.]
Task is 46.00% complete.
t1_sim:[59770. 60910. 60324.] t2_sim:[60650. 59355. 59573.]
Task is 47.00% complete.
t1_sim:[61691. 58703. 61611.] t2_sim:[63574. 62321. 64044.]
Task is 48.00% complete.
t1_sim:[62240. 63710. 61266.] t2_sim:[63989. 63445. 64473.]
Task is 49.00% complete.
t1_sim:[62068. 62413. 61549.] t2_sim:[65746. 63221. 66310.]
Task is 50.00% complete.
t1_sim:[61099. 60774. 60681.] t2_sim:[65690. 68259. 63916.]
Task is 51.00% complete.
t1_sim:[57800. 58502. 61580.] t2_sim:[66004. 65507. 65996.]
Task is 52.00% complete.
t1_sim:[64257. 64915. 64889.] t2_sim:[68608. 69362. 65942.]
Task is 53.00% complete.
t1_sim:[65006. 64650. 61984.] t2_sim:[56849. 56269. 59173.]
Task is 54.00% complete.
t1_sim:[57279. 60967. 58977.] t2_sim:[59524. 56163. 59079.]
Task is 55.00% complete.
t1_sim:[54943. 56016. 55026.] t2_sim:[67791. 65933. 68453.]
Task is 56.00% complete.
t1_sim:[51694. 49956. 49855.] t2_sim:[65332. 67764. 68195.]
Task is 57.00% complete.
t1_sim:[62935. 63003. 61614.] t2_sim:[59617. 59485. 59699.]
Task is 58.00% complete.
t1_sim:[62261. 64611. 63045.] t2_sim:[63174. 63232. 59834.]
Task is 59.00% complete.
t1_sim:[60987. 61437. 62275.] t2_sim:[65395. 65239. 65727.]
Task is 60.00% complete.
t1_sim:[64055. 63873. 66235.] t2_sim:[62103. 61777. 64504.]
Task is 61.00% complete.
t1_sim:[54571. 54389. 53950.] t2_sim:[59888. 56965. 55852.]
Task is 62.00% complete.
t1_sim:[59372. 58228. 57181.] t2_sim:[63417. 61490. 63642.]
Task is 63.00% complete.
t1_sim:[69719. 70690. 68221.] t2_sim:[61260. 62536. 61728.]
Task is 64.00% complete.
t1_sim:[59730. 61354. 58641.] t2_sim:[65806. 64280. 65209.]
Task is 65.00% complete.
t1_sim:[61565. 60152. 60971.] t2_sim:[61798. 59661. 55845.]
Task is 66.00% complete.
t1_sim:[65445. 63917. 64339.] t2_sim:[57521. 58301. 58988.]
Task is 67.00% complete.
t1_sim:[61938. 61870. 65039.] t2_sim:[64810. 62604. 62753.]
Task is 68.00% complete.
t1_sim:[62091. 62120. 63233.] t2_sim:[66583. 64443. 66921.]
Task is 69.00% complete.
t1_sim:[62346. 61818. 59298.] t2_sim:[59410. 58466. 60201.]
Task is 70.00% complete.
t1_sim:[61193. 60878. 61400.] t2_sim:[65830. 62580. 63605.]
Task is 71.00% complete.
t1_sim:[62481. 61956. 62633.] t2_sim:[63845. 62031. 60940.]
Task is 72.00% complete.
t1_sim:[63910. 65411. 65684.] t2_sim:[66219. 66274. 66282.]
Task is 73.00% complete.
t1_sim:[58966. 57181. 58045.] t2_sim:[69689. 67983. 67207.]
Task is 74.00% complete.
t1_sim:[56741. 57580. 58097.] t2_sim:[63953. 63023. 61780.]
Task is 75.00% complete.
t1_sim:[60235. 58801. 63923.] t2_sim:[68903. 68547. 69537.]
Task is 76.00% complete.
t1_sim:[59428. 58789. 56398.] t2_sim:[64379. 64275. 63399.]
Task is 77.00% complete.
t1_sim:[63409. 63075. 63289.] t2_sim:[65698. 64725. 66278.]
Task is 78.00% complete.
t1_sim:[66762. 68957. 67708.] t2_sim:[62639. 62682. 62029.]
Task is 79.00% complete.
t1_sim:[59346. 60845. 58660.] t2_sim:[67724. 67868. 68147.]
Task is 80.00% complete.
t1_sim:[56205. 57696. 58353.] t2_sim:[58556. 60889. 58320.]
Task is 81.00% complete.
t1_sim:[63815. 64396. 67628.] t2_sim:[66426. 65554. 66860.]
Task is 82.00% complete.
t1_sim:[60247. 58723. 60852.] t2_sim:[65607. 64358. 62990.]
Task is 83.00% complete.
t1_sim:[65839. 67465. 64022.] t2_sim:[64178. 62635. 61504.]
Task is 84.00% complete.
t1_sim:[55481. 55321. 56609.] t2_sim:[64124. 61901. 67442.]
Task is 85.00% complete.
t1_sim:[63418. 62502. 63024.] t2_sim:[64792. 64731. 63131.]
Task is 86.00% complete.
t1_sim:[61240. 59848. 60337.] t2_sim:[60269. 59810. 63093.]
Task is 87.00% complete.
t1_sim:[65779. 64536. 60952.] t2_sim:[64054. 62899. 64572.]
Task is 88.00% complete.
t1_sim:[65830. 66437. 65964.] t2_sim:[60523. 61625. 60721.]
Task is 89.00% complete.
t1_sim:[65792. 66332. 63506.] t2_sim:[62748. 61586. 57375.]
Task is 90.00% complete.
t1_sim:[66471. 65350. 66077.] t2_sim:[59319. 59364. 60715.]
Task is 91.00% complete.
t1_sim:[66445. 66637. 69039.] t2_sim:[62402. 63008. 63471.]
Task is 92.00% complete.
t1_sim:[64111. 63594. 64266.] t2_sim:[66020. 64086. 66820.]
Task is 93.00% complete.
t1_sim:[59184. 62159. 59953.] t2_sim:[64748. 65230. 63029.]
Task is 94.00% complete.
t1_sim:[60751. 60555. 63342.] t2_sim:[60497. 60833. 58825.]
Task is 95.00% complete.
t1_sim:[61526. 62128. 62462.] t2_sim:[62805. 61972. 63678.]
Task is 96.00% complete.
t1_sim:[60495. 60902. 59881.] t2_sim:[63907. 63179. 65259.]
Task is 97.00% complete.
t1_sim:[59703. 59830. 58740.] t2_sim:[56912. 57085. 59297.]
Task is 98.00% complete.
t1_sim:[62663. 62527. 62104.] t2_sim:[55396. 57825. 58853.]
Task is 99.00% complete.
t1_sim:[65167. 65574. 63480.] t2_sim:[65133. 63187. 64797.]
Training start
t1_obs:[array(92887.), array(71501.), array(68448.)] t2_obs:[array(94864.), array(72925.), array(66228.)]
corr_G1:[None, None, 0.9874677548654758] corr_G2:[None, None, 0.9582761809146665]
Training end
Task is 0.00% complete.
t1_sim:[58539. 57980. 58486.] t2_sim:[61467. 64162. 67553.]
Task is 1.00% complete.
t1_sim:[60544. 59583. 61614.] t2_sim:[62387. 62681. 63882.]
Task is 2.00% complete.
t1_sim:[57062. 56373. 57463.] t2_sim:[64279. 64779. 65623.]
Task is 3.00% complete.
t1_sim:[62757. 62891. 65659.] t2_sim:[59777. 60460. 62175.]
Task is 4.00% complete.
t1_sim:[64301. 62701. 62830.] t2_sim:[65948. 67766. 70577.]
Task is 5.00% complete.
t1_sim:[64993. 63549. 64566.] t2_sim:[63839. 63787. 65313.]
Task is 6.00% complete.
t1_sim:[60187. 59487. 59691.] t2_sim:[60793. 59245. 62874.]
Task is 7.00% complete.
t1_sim:[63317. 62109. 63395.] t2_sim:[66421. 65485. 69308.]
Task is 8.00% complete.
t1_sim:[61889. 62535. 65500.] t2_sim:[65625. 64428. 66305.]
Task is 9.00% complete.
t1_sim:[62171. 59585. 60143.] t2_sim:[65194. 66890. 69305.]
Task is 10.00% complete.
t1_sim:[58237. 58104. 59161.] t2_sim:[60369. 60384. 65189.]
Task is 11.00% complete.
t1_sim:[54760. 57148. 58958.] t2_sim:[62875. 62507. 63383.]
Task is 12.00% complete.
t1_sim:[61928. 63127. 62119.] t2_sim:[68612. 67077. 70518.]
Task is 13.00% complete.
t1_sim:[63464. 64015. 64989.] t2_sim:[57713. 57176. 58203.]
Task is 14.00% complete.
t1_sim:[59571. 59361. 58867.] t2_sim:[60064. 60420. 62538.]
Task is 15.00% complete.
t1_sim:[59798. 61224. 62231.] t2_sim:[63335. 61988. 64411.]
Task is 16.00% complete.
t1_sim:[64697. 64124. 63060.] t2_sim:[67220. 67323. 68453.]
Task is 17.00% complete.
t1_sim:[65133. 64724. 61574.] t2_sim:[65068. 64616. 66353.]
Task is 18.00% complete.
t1_sim:[60973. 62421. 62872.] t2_sim:[62607. 60185. 59600.]
Task is 19.00% complete.
t1_sim:[55885. 54374. 53474.] t2_sim:[62366. 63119. 64649.]
Task is 20.00% complete.
t1_sim:[62631. 63682. 64242.] t2_sim:[56251. 55835. 57015.]
Task is 21.00% complete.
t1_sim:[61319. 61642. 61717.] t2_sim:[62936. 63418. 66035.]
Task is 22.00% complete.
t1_sim:[63176. 60942. 61477.] t2_sim:[61657. 59890. 61503.]
Task is 23.00% complete.
t1_sim:[53981. 54743. 56132.] t2_sim:[63327. 65077. 68860.]
Task is 24.00% complete.
t1_sim:[59183. 56791. 58884.] t2_sim:[66468. 64446. 66527.]
Task is 25.00% complete.
t1_sim:[62744. 63610. 63222.] t2_sim:[66728. 66157. 69603.]
Task is 26.00% complete.
t1_sim:[63423. 60395. 59973.] t2_sim:[63581. 64198. 66046.]
Task is 27.00% complete.
t1_sim:[58296. 59951. 58766.] t2_sim:[65411. 66130. 67719.]
Task is 28.00% complete.
t1_sim:[65855. 66068. 67233.] t2_sim:[60047. 61477. 65287.]
Task is 29.00% complete.
t1_sim:[64915. 63649. 63945.] t2_sim:[63977. 67650. 68148.]
Task is 30.00% complete.
t1_sim:[57259. 60349. 62208.] t2_sim:[57786. 59052. 60730.]
Task is 31.00% complete.
t1_sim:[60472. 60237. 60634.] t2_sim:[58472. 58347. 62508.]
Task is 32.00% complete.
t1_sim:[72030. 70519. 69921.] t2_sim:[55698. 57067. 59834.]
Task is 33.00% complete.
t1_sim:[65319. 64069. 62885.] t2_sim:[64765. 63745. 67336.]
Task is 34.00% complete.
t1_sim:[60248. 57873. 57914.] t2_sim:[65752. 63642. 66238.]
Task is 35.00% complete.
t1_sim:[61238. 60277. 59861.] t2_sim:[67318. 65985. 66278.]
Task is 36.00% complete.
t1_sim:[60650. 61524. 65295.] t2_sim:[59711. 60019. 62404.]
Task is 37.00% complete.
t1_sim:[60206. 59859. 58994.] t2_sim:[63719. 64762. 65450.]
Task is 38.00% complete.
t1_sim:[59927. 59525. 60102.] t2_sim:[55990. 54477. 59890.]
Task is 39.00% complete.
t1_sim:[62144. 61857. 61604.] t2_sim:[61120. 62386. 64386.]
Task is 40.00% complete.
t1_sim:[65001. 64246. 64699.] t2_sim:[58061. 57840. 61656.]
Task is 41.00% complete.
t1_sim:[60989. 61837. 62698.] t2_sim:[59460. 58571. 60955.]
Task is 42.00% complete.
t1_sim:[61929. 62783. 64001.] t2_sim:[61060. 62553. 64794.]
Task is 43.00% complete.
t1_sim:[54709. 55320. 57143.] t2_sim:[62660. 62098. 64059.]
Task is 44.00% complete.
t1_sim:[67381. 67183. 67104.] t2_sim:[60894. 63474. 66054.]
Task is 45.00% complete.
t1_sim:[55801. 55834. 57577.] t2_sim:[62872. 62904. 65232.]
Task is 46.00% complete.
t1_sim:[60799. 60638. 61411.] t2_sim:[60659. 58594. 62118.]
Task is 47.00% complete.
t1_sim:[63169. 60659. 62241.] t2_sim:[60801. 60971. 63496.]
Task is 48.00% complete.
t1_sim:[63992. 64398. 64177.] t2_sim:[61596. 63282. 66783.]
Task is 49.00% complete.
t1_sim:[62419. 63944. 64994.] t2_sim:[62737. 63865. 66673.]
Task is 50.00% complete.
t1_sim:[58412. 56734. 58821.] t2_sim:[61554. 61356. 64034.]
Task is 51.00% complete.
t1_sim:[56091. 54965. 56476.] t2_sim:[60041. 60060. 63338.]
Task is 52.00% complete.
t1_sim:[61123. 60763. 61781.] t2_sim:[56451. 57109. 59015.]
Task is 53.00% complete.
t1_sim:[64427. 66370. 66811.] t2_sim:[61189. 63160. 65731.]
Task is 54.00% complete.
t1_sim:[60580. 60186. 61899.] t2_sim:[66381. 65297. 67757.]
Task is 55.00% complete.
t1_sim:[66400. 67221. 65739.] t2_sim:[66623. 65340. 66892.]
Task is 56.00% complete.
t1_sim:[61825. 62028. 62706.] t2_sim:[61679. 62029. 64708.]
Task is 57.00% complete.
t1_sim:[67496. 69003. 67186.] t2_sim:[58902. 59907. 63003.]
Task is 58.00% complete.
t1_sim:[61033. 60775. 61516.] t2_sim:[62316. 63173. 65848.]
Task is 59.00% complete.
t1_sim:[63634. 64463. 65332.] t2_sim:[63431. 64605. 66501.]
Task is 60.00% complete.
t1_sim:[61733. 64510. 64294.] t2_sim:[64336. 63185. 64769.]
Task is 61.00% complete.
t1_sim:[55876. 57444. 58838.] t2_sim:[62201. 60892. 59750.]
Task is 62.00% complete.
t1_sim:[66875. 68262. 68612.] t2_sim:[58785. 59382. 63360.]
Task is 63.00% complete.
t1_sim:[64414. 63585. 64956.] t2_sim:[65477. 62862. 61560.]
Task is 64.00% complete.
t1_sim:[64820. 65023. 65123.] t2_sim:[63597. 62910. 63219.]
Task is 65.00% complete.
t1_sim:[64164. 63196. 67039.] t2_sim:[62720. 62024. 66161.]
Task is 66.00% complete.
t1_sim:[65177. 63901. 64355.] t2_sim:[59974. 60289. 61946.]
Task is 67.00% complete.
t1_sim:[63624. 63215. 64027.] t2_sim:[64273. 62524. 61750.]
Task is 68.00% complete.
t1_sim:[62809. 60267. 61841.] t2_sim:[58905. 59448. 62797.]
Task is 69.00% complete.
t1_sim:[57735. 58026. 59459.] t2_sim:[60982. 60083. 58670.]
Task is 70.00% complete.
t1_sim:[64752. 62649. 63045.] t2_sim:[66845. 65926. 67000.]
Task is 71.00% complete.
t1_sim:[58631. 57875. 56822.] t2_sim:[63529. 62992. 63898.]
Task is 72.00% complete.
t1_sim:[63371. 67030. 67255.] t2_sim:[69204. 67626. 69015.]
Task is 73.00% complete.
t1_sim:[61757. 61094. 63817.] t2_sim:[68364. 67986. 69954.]
Task is 74.00% complete.
t1_sim:[59592. 63082. 62531.] t2_sim:[63687. 64465. 66273.]
Task is 75.00% complete.
t1_sim:[64380. 66866. 66629.] t2_sim:[61774. 63038. 62809.]
Task is 76.00% complete.
t1_sim:[62354. 62857. 62660.] t2_sim:[62831. 64074. 65722.]
Task is 77.00% complete.
t1_sim:[66984. 66531. 68442.] t2_sim:[62348. 63437. 66849.]
Task is 78.00% complete.
t1_sim:[65181. 64634. 64962.] t2_sim:[64072. 64939. 65768.]
Task is 79.00% complete.
t1_sim:[67783. 67442. 67206.] t2_sim:[64317. 66421. 69261.]
Task is 80.00% complete.
t1_sim:[66266. 66475. 66047.] t2_sim:[65087. 65132. 67114.]
Task is 81.00% complete.
t1_sim:[66853. 66364. 65609.] t2_sim:[62124. 64254. 66479.]
Task is 82.00% complete.
t1_sim:[61188. 61939. 60253.] t2_sim:[66351. 64624. 67530.]
Task is 83.00% complete.
t1_sim:[60991. 62777. 64079.] t2_sim:[66041. 64595. 69211.]
Task is 84.00% complete.
t1_sim:[54760. 56654. 55878.] t2_sim:[58916. 60335. 62806.]
Task is 85.00% complete.
t1_sim:[61770. 63414. 63487.] t2_sim:[56272. 57553. 60224.]
Task is 86.00% complete.
t1_sim:[65827. 64473. 65366.] t2_sim:[61140. 59903. 64517.]
Task is 87.00% complete.
t1_sim:[63376. 62338. 60388.] t2_sim:[60747. 60977. 63478.]
Task is 88.00% complete.
t1_sim:[59452. 58959. 60406.] t2_sim:[64716. 66247. 66657.]
Task is 89.00% complete.
t1_sim:[63189. 60700. 62025.] t2_sim:[61601. 62036. 63587.]
Task is 90.00% complete.
t1_sim:[61537. 60760. 60147.] t2_sim:[69892. 69358. 73457.]
Task is 91.00% complete.
t1_sim:[63806. 65126. 63555.] t2_sim:[63199. 63142. 65297.]
Task is 92.00% complete.
t1_sim:[63223. 62490. 61639.] t2_sim:[61371. 63861. 64786.]
Task is 93.00% complete.
t1_sim:[66177. 63336. 65224.] t2_sim:[55445. 57055. 56324.]
Task is 94.00% complete.
t1_sim:[56572. 57839. 57623.] t2_sim:[61498. 60306. 62646.]
Task is 95.00% complete.
t1_sim:[62537. 61431. 60736.] t2_sim:[66890. 66322. 68706.]
Task is 96.00% complete.
t1_sim:[67757. 67731. 67383.] t2_sim:[62259. 60818. 62197.]
Task is 97.00% complete.
t1_sim:[60252. 61954. 63822.] t2_sim:[59734. 59494. 62306.]
Task is 98.00% complete.
t1_sim:[66687. 66852. 66750.] t2_sim:[65404. 65925. 67694.]
Task is 99.00% complete.
t1_sim:[59446. 59479. 62263.] t2_sim:[66972. 67421. 68015.]
Training start
t1_obs:[array(92887.), array(71501.), array(66641.)] t2_obs:[array(94864.), array(72925.), array(67828.)]
corr_G1:[None, None, -0.0025626577418596105] corr_G2:[None, None, 0.1694778655608861]
Training end
Task is 0.00% complete.
t1_sim:[63016. 61803. 57719.] t2_sim:[63649. 65748. 63190.]
Task is 1.00% complete.
t1_sim:[58075. 58737. 55460.] t2_sim:[66371. 64720. 60021.]
Task is 2.00% complete.
t1_sim:[58809. 59115. 53959.] t2_sim:[62881. 63801. 59731.]
Task is 3.00% complete.
t1_sim:[64789. 66970. 62626.] t2_sim:[59081. 57536. 54170.]
Task is 4.00% complete.
t1_sim:[61197. 62804. 56773.] t2_sim:[54639. 56844. 53501.]
Task is 5.00% complete.
t1_sim:[63438. 63029. 58267.] t2_sim:[60693. 61631. 60260.]
Task is 6.00% complete.
t1_sim:[58939. 59110. 55712.] t2_sim:[66712. 67186. 65854.]
Task is 7.00% complete.
t1_sim:[71942. 71307. 63448.] t2_sim:[62466. 61660. 59353.]
Task is 8.00% complete.
t1_sim:[58540. 58980. 55158.] t2_sim:[60150. 60550. 58455.]
Task is 9.00% complete.
t1_sim:[70664. 70169. 64360.] t2_sim:[63022. 62620. 59832.]
Task is 10.00% complete.
t1_sim:[63977. 63958. 58078.] t2_sim:[61440. 59849. 56560.]
Task is 11.00% complete.
t1_sim:[59108. 63223. 58326.] t2_sim:[67917. 67939. 65410.]
Task is 12.00% complete.
t1_sim:[60071. 61779. 57266.] t2_sim:[60678. 61554. 59475.]
Task is 13.00% complete.
t1_sim:[63688. 62189. 58961.] t2_sim:[59619. 59909. 58555.]
Task is 14.00% complete.
t1_sim:[59542. 59487. 55591.] t2_sim:[61211. 62453. 59984.]
Task is 15.00% complete.
t1_sim:[62597. 64744. 58293.] t2_sim:[66824. 67846. 65986.]
Task is 16.00% complete.
t1_sim:[63903. 61955. 58719.] t2_sim:[62302. 62509. 58649.]
Task is 17.00% complete.
t1_sim:[65235. 64259. 60013.] t2_sim:[60224. 60851. 60100.]
Task is 18.00% complete.
t1_sim:[62971. 64621. 60681.] t2_sim:[58799. 61563. 56320.]
Task is 19.00% complete.
t1_sim:[57565. 59357. 52882.] t2_sim:[63297. 61568. 59908.]
Task is 20.00% complete.
t1_sim:[61125. 60726. 57159.] t2_sim:[68839. 68556. 66009.]
Task is 21.00% complete.
t1_sim:[60702. 59548. 56648.] t2_sim:[60502. 59616. 56823.]
Task is 22.00% complete.
t1_sim:[63114. 61303. 56884.] t2_sim:[63637. 65358. 62493.]
Task is 23.00% complete.
t1_sim:[64986. 65756. 60516.] t2_sim:[58040. 59166. 57681.]
Task is 24.00% complete.
t1_sim:[69836. 68297. 61998.] t2_sim:[70870. 69565. 68563.]
Task is 25.00% complete.
t1_sim:[61431. 62194. 58822.] t2_sim:[60563. 61107. 57918.]
Task is 26.00% complete.
t1_sim:[66181. 65544. 61717.] t2_sim:[59238. 58969. 55826.]
Task is 27.00% complete.
t1_sim:[64440. 63919. 60878.] t2_sim:[62422. 62252. 58625.]
Task is 28.00% complete.
t1_sim:[59782. 59556. 54912.] t2_sim:[58538. 59504. 56338.]
Task is 29.00% complete.
t1_sim:[63161. 66105. 60497.] t2_sim:[64448. 65623. 62895.]
Task is 30.00% complete.
t1_sim:[65755. 65843. 62132.] t2_sim:[62586. 64480. 61154.]
Task is 31.00% complete.
t1_sim:[59829. 59069. 55518.] t2_sim:[63554. 64375. 62142.]
Task is 32.00% complete.
t1_sim:[56710. 56427. 53841.] t2_sim:[62123. 60843. 58863.]
Task is 33.00% complete.
t1_sim:[56741. 55614. 50723.] t2_sim:[57398. 55802. 55254.]
Task is 34.00% complete.
t1_sim:[62201. 61304. 56754.] t2_sim:[56101. 55607. 54006.]
Task is 35.00% complete.
t1_sim:[62622. 60538. 57714.] t2_sim:[62754. 61881. 60128.]
Task is 36.00% complete.
t1_sim:[64053. 63499. 58438.] t2_sim:[63722. 64686. 62153.]
Task is 37.00% complete.
t1_sim:[63370. 62824. 59470.] t2_sim:[62403. 63682. 62346.]
Task is 38.00% complete.
t1_sim:[62029. 61909. 57524.] t2_sim:[58776. 59921. 57979.]
Task is 39.00% complete.
t1_sim:[65785. 64950. 60907.] t2_sim:[66407. 65753. 62785.]
Task is 40.00% complete.
t1_sim:[62932. 64541. 59767.] t2_sim:[59475. 60660. 58342.]
Task is 41.00% complete.
t1_sim:[62579. 61946. 59256.] t2_sim:[63719. 63563. 60955.]
Task is 42.00% complete.
t1_sim:[63221. 63471. 60412.] t2_sim:[58267. 57420. 57556.]
Task is 43.00% complete.
t1_sim:[62136. 63531. 58736.] t2_sim:[60609. 60420. 58086.]
Task is 44.00% complete.
t1_sim:[62620. 62858. 57457.] t2_sim:[61614. 63671. 61011.]
Task is 45.00% complete.
t1_sim:[66559. 67255. 62208.] t2_sim:[60954. 59760. 60398.]
Task is 46.00% complete.
t1_sim:[61424. 62407. 57871.] t2_sim:[70387. 66047. 64073.]
Task is 47.00% complete.
t1_sim:[64455. 63444. 58270.] t2_sim:[62297. 62800. 57881.]
Task is 48.00% complete.
t1_sim:[60136. 59431. 54992.] t2_sim:[65585. 65361. 63983.]
Task is 49.00% complete.
t1_sim:[56287. 57682. 54519.] t2_sim:[67409. 66713. 61733.]
Task is 50.00% complete.
t1_sim:[64366. 66525. 60536.] t2_sim:[59392. 61790. 59528.]
Task is 51.00% complete.
t1_sim:[68886. 69349. 63782.] t2_sim:[61415. 60104. 54503.]
Task is 52.00% complete.
t1_sim:[70536. 71220. 64922.] t2_sim:[60374. 59204. 57532.]
Task is 53.00% complete.
t1_sim:[60723. 59298. 56535.] t2_sim:[63865. 61711. 57328.]
Task is 54.00% complete.
t1_sim:[68328. 67203. 61442.] t2_sim:[63611. 64171. 61206.]
Task is 55.00% complete.
t1_sim:[66344. 66617. 62337.] t2_sim:[63152. 63142. 61710.]
Task is 56.00% complete.
t1_sim:[60453. 57328. 52839.] t2_sim:[55742. 54334. 53279.]
Task is 57.00% complete.
t1_sim:[60775. 59863. 57113.] t2_sim:[59370. 58871. 53848.]
Task is 58.00% complete.
t1_sim:[65201. 63519. 61211.] t2_sim:[62611. 63171. 60617.]
Task is 59.00% complete.
t1_sim:[59883. 61997. 55510.] t2_sim:[61416. 60904. 61873.]
Task is 60.00% complete.
t1_sim:[54656. 53679. 50087.] t2_sim:[56536. 58769. 56766.]
Task is 61.00% complete.
t1_sim:[59333. 59543. 54993.] t2_sim:[62758. 61435. 58307.]
Task is 62.00% complete.
t1_sim:[64423. 64651. 60630.] t2_sim:[65760. 66037. 62439.]
Task is 63.00% complete.
t1_sim:[57687. 55778. 52444.] t2_sim:[66684. 66146. 64060.]
Task is 64.00% complete.
t1_sim:[57403. 55431. 51428.] t2_sim:[68435. 67088. 63942.]
Task is 65.00% complete.
t1_sim:[67261. 67233. 60741.] t2_sim:[63347. 64002. 60584.]
Task is 66.00% complete.
t1_sim:[59891. 57585. 52133.] t2_sim:[68672. 68985. 65624.]
Task is 67.00% complete.
t1_sim:[57546. 59418. 56723.] t2_sim:[66389. 66787. 61594.]
Task is 68.00% complete.
t1_sim:[62212. 64468. 59248.] t2_sim:[62663. 63058. 61057.]
Task is 69.00% complete.
t1_sim:[62543. 62825. 57419.] t2_sim:[58260. 56822. 54495.]
Task is 70.00% complete.
t1_sim:[63558. 63059. 60179.] t2_sim:[60139. 60817. 60022.]
Task is 71.00% complete.
t1_sim:[60991. 60619. 56707.] t2_sim:[62052. 60866. 58430.]
Task is 72.00% complete.
t1_sim:[62485. 62151. 59717.] t2_sim:[56949. 57814. 56116.]
Task is 73.00% complete.
t1_sim:[61046. 60409. 57081.] t2_sim:[60984. 61295. 58983.]
Task is 74.00% complete.
t1_sim:[57351. 57842. 52470.] t2_sim:[69751. 69147. 66908.]
Task is 75.00% complete.
t1_sim:[60667. 61315. 58183.] t2_sim:[57726. 60204. 57102.]
Task is 76.00% complete.
t1_sim:[58886. 61426. 57522.] t2_sim:[61016. 61657. 60542.]
Task is 77.00% complete.
t1_sim:[61496. 62864. 60021.] t2_sim:[64320. 63048. 61680.]
Task is 78.00% complete.
t1_sim:[65614. 64089. 60957.] t2_sim:[63218. 62251. 60901.]
Task is 79.00% complete.
t1_sim:[65745. 65976. 62089.] t2_sim:[61769. 60533. 58476.]
Task is 80.00% complete.
t1_sim:[66729. 66433. 63524.] t2_sim:[64350. 63872. 62493.]
Task is 81.00% complete.
t1_sim:[68262. 69438. 66602.] t2_sim:[62438. 62061. 58041.]
Task is 82.00% complete.
t1_sim:[61515. 61132. 57968.] t2_sim:[71403. 72338. 68469.]
Task is 83.00% complete.
t1_sim:[61759. 61273. 56125.] t2_sim:[61270. 59857. 59200.]
Task is 84.00% complete.
t1_sim:[63781. 64177. 60037.] t2_sim:[68152. 66907. 63332.]
Task is 85.00% complete.
t1_sim:[59311. 59864. 56496.] t2_sim:[57925. 56783. 55907.]
Task is 86.00% complete.
t1_sim:[65951. 64877. 60849.] t2_sim:[68031. 67208. 64275.]
Task is 87.00% complete.
t1_sim:[58651. 58784. 53004.] t2_sim:[62687. 62395. 59836.]
Task is 88.00% complete.
t1_sim:[58388. 60317. 56031.] t2_sim:[66120. 65522. 63100.]
Task is 89.00% complete.
t1_sim:[57620. 57409. 54417.] t2_sim:[60423. 59158. 57038.]
Task is 90.00% complete.
t1_sim:[52816. 55178. 49829.] t2_sim:[63608. 63328. 63937.]
Task is 91.00% complete.
t1_sim:[58273. 59793. 55928.] t2_sim:[61306. 61157. 60191.]
Task is 92.00% complete.
t1_sim:[62935. 64692. 57914.] t2_sim:[56755. 57145. 56068.]
Task is 93.00% complete.
t1_sim:[60188. 60815. 55712.] t2_sim:[64907. 65295. 61306.]
Task is 94.00% complete.
t1_sim:[62557. 62725. 57813.] t2_sim:[62121. 62497. 59990.]
Task is 95.00% complete.
t1_sim:[66864. 66001. 60074.] t2_sim:[65216. 64911. 63072.]
Task is 96.00% complete.
t1_sim:[62717. 62073. 57523.] t2_sim:[65582. 63850. 61923.]
Task is 97.00% complete.
t1_sim:[57793. 57753. 54329.] t2_sim:[62070. 61902. 56505.]
Task is 98.00% complete.
t1_sim:[61617. 64057. 60146.] t2_sim:[67927. 68097. 64169.]
Task is 99.00% complete.
t1_sim:[66760. 67252. 62652.] t2_sim:[60985. 60137. 58598.]
Finished
