Begin
Training start
t1_obs:[array(58129.), array(58794.), array(59599.)] t2_obs:[array(59664.), array(59630.), array(60794.)]
corr_G1:[None, None, 0] corr_G2:[None, None, -2.5026488685953034e-17]
Training end
Task is 0.00% complete.
t1_sim:[64721. 64509. 64050.] t2_sim:[66422. 66265. 68471.]
Task is 1.00% complete.
t1_sim:[63517. 63331. 61718.] t2_sim:[67005. 66828. 71160.]
Task is 2.00% complete.
t1_sim:[53887. 53923. 53094.] t2_sim:[58300. 58362. 59752.]
Task is 3.00% complete.
t1_sim:[63785. 63560. 62792.] t2_sim:[70070. 70073. 70745.]
Task is 4.00% complete.
t1_sim:[56124. 55947. 58618.] t2_sim:[60309. 60289. 60049.]
Task is 5.00% complete.
t1_sim:[60336. 60450. 57603.] t2_sim:[69098. 69184. 67936.]
Task is 6.00% complete.
t1_sim:[67879. 67906. 67900.] t2_sim:[68920. 68658. 65870.]
Task is 7.00% complete.
t1_sim:[64738. 64945. 62501.] t2_sim:[58799. 58806. 55016.]
Task is 8.00% complete.
t1_sim:[65479. 65879. 64373.] t2_sim:[62764. 62608. 60322.]
Task is 9.00% complete.
t1_sim:[66787. 66801. 68630.] t2_sim:[60561. 60480. 61911.]
Task is 10.00% complete.
t1_sim:[60125. 59956. 63236.] t2_sim:[61678. 61552. 59694.]
Task is 11.00% complete.
t1_sim:[62171. 62443. 60982.] t2_sim:[67230. 67215. 65982.]
Task is 12.00% complete.
t1_sim:[60606. 60521. 61952.] t2_sim:[66897. 66879. 64068.]
Task is 13.00% complete.
t1_sim:[60658. 60954. 62744.] t2_sim:[56743. 56707. 58323.]
Task is 14.00% complete.
t1_sim:[61813. 61678. 61033.] t2_sim:[60259. 60267. 59133.]
Task is 15.00% complete.
t1_sim:[61886. 61590. 62426.] t2_sim:[66708. 66477. 65011.]
Task is 16.00% complete.
t1_sim:[63426. 63599. 63063.] t2_sim:[68068. 68198. 66346.]
Task is 17.00% complete.
t1_sim:[57924. 57608. 55526.] t2_sim:[62849. 62947. 64423.]
Task is 18.00% complete.
t1_sim:[64804. 64882. 62682.] t2_sim:[63122. 63242. 61450.]
Task is 19.00% complete.
t1_sim:[51541. 51772. 58387.] t2_sim:[64739. 64566. 64838.]
Task is 20.00% complete.
t1_sim:[62563. 62853. 58650.] t2_sim:[60068. 60006. 60370.]
Task is 21.00% complete.
t1_sim:[61365. 61495. 64877.] t2_sim:[65625. 65500. 63434.]
Task is 22.00% complete.
t1_sim:[64327. 64551. 69221.] t2_sim:[64248. 64385. 66627.]
Task is 23.00% complete.
t1_sim:[56556. 56941. 59500.] t2_sim:[62045. 62161. 61253.]
Task is 24.00% complete.
t1_sim:[58479. 58669. 55824.] t2_sim:[62788. 62855. 63145.]
Task is 25.00% complete.
t1_sim:[58286. 57962. 62011.] t2_sim:[61150. 61025. 62847.]
Task is 26.00% complete.
t1_sim:[58986. 58764. 59765.] t2_sim:[55441. 55530. 55273.]
Task is 27.00% complete.
t1_sim:[64129. 63744. 59079.] t2_sim:[67920. 67966. 62240.]
Task is 28.00% complete.
t1_sim:[63044. 62952. 63091.] t2_sim:[63682. 63421. 61582.]
Task is 29.00% complete.
t1_sim:[59866. 59876. 63027.] t2_sim:[63398. 63251. 62931.]
Task is 30.00% complete.
t1_sim:[62180. 62233. 58707.] t2_sim:[72321. 72277. 69443.]
Task is 31.00% complete.
t1_sim:[50622. 50589. 58703.] t2_sim:[63075. 63307. 62106.]
Task is 32.00% complete.
t1_sim:[63282. 63103. 60579.] t2_sim:[65027. 64523. 66088.]
Task is 33.00% complete.
t1_sim:[61490. 61234. 63289.] t2_sim:[66431. 66384. 67214.]
Task is 34.00% complete.
t1_sim:[61687. 61899. 60978.] t2_sim:[65135. 65093. 64274.]
Task is 35.00% complete.
t1_sim:[66425. 66424. 63628.] t2_sim:[59609. 59781. 61798.]
Task is 36.00% complete.
t1_sim:[63918. 63476. 63324.] t2_sim:[64255. 64287. 67229.]
Task is 37.00% complete.
t1_sim:[62909. 62924. 65161.] t2_sim:[64067. 63785. 58812.]
Task is 38.00% complete.
t1_sim:[64822. 64991. 68154.] t2_sim:[59250. 59643. 63151.]
Task is 39.00% complete.
t1_sim:[66639. 67365. 66030.] t2_sim:[58618. 58388. 58575.]
Task is 40.00% complete.
t1_sim:[59720. 59760. 57842.] t2_sim:[61169. 61301. 64100.]
Task is 41.00% complete.
t1_sim:[64506. 64404. 66978.] t2_sim:[66085. 66212. 66266.]
Task is 42.00% complete.
t1_sim:[61149. 61274. 62495.] t2_sim:[65562. 65234. 67940.]
Task is 43.00% complete.
t1_sim:[73113. 73197. 71644.] t2_sim:[64378. 64280. 64403.]
Task is 44.00% complete.
t1_sim:[61045. 61225. 61865.] t2_sim:[63842. 63737. 63687.]
Task is 45.00% complete.
t1_sim:[61628. 61883. 63648.] t2_sim:[66808. 66936. 63626.]
Task is 46.00% complete.
t1_sim:[57084. 57182. 57310.] t2_sim:[61795. 61491. 63337.]
Task is 47.00% complete.
t1_sim:[65488. 65494. 64655.] t2_sim:[53284. 53203. 52487.]
Task is 48.00% complete.
t1_sim:[63869. 63969. 65159.] t2_sim:[64166. 64066. 58849.]
Task is 49.00% complete.
t1_sim:[61917. 61985. 63669.] t2_sim:[66272. 66084. 65621.]
Task is 50.00% complete.
t1_sim:[59195. 59233. 60800.] t2_sim:[65046. 65252. 66304.]
Task is 51.00% complete.
t1_sim:[67512. 67504. 63293.] t2_sim:[60362. 60734. 61153.]
Task is 52.00% complete.
t1_sim:[65097. 65056. 62114.] t2_sim:[63090. 63163. 61985.]
Task is 53.00% complete.
t1_sim:[69516. 69472. 70526.] t2_sim:[60680. 60456. 61690.]
Task is 54.00% complete.
t1_sim:[63072. 62980. 60693.] t2_sim:[69249. 69313. 71194.]
Task is 55.00% complete.
t1_sim:[65458. 65765. 65967.] t2_sim:[59738. 59704. 56182.]
Task is 56.00% complete.
t1_sim:[63148. 63333. 62375.] t2_sim:[59026. 59084. 58746.]
Task is 57.00% complete.
t1_sim:[66832. 66530. 64880.] t2_sim:[61259. 61358. 58967.]
Task is 58.00% complete.
t1_sim:[63507. 63352. 61661.] t2_sim:[62804. 62995. 64480.]
Task is 59.00% complete.
t1_sim:[64477. 64784. 66179.] t2_sim:[57756. 57607. 59819.]
Task is 60.00% complete.
t1_sim:[67625. 67438. 64067.] t2_sim:[64523. 64473. 67396.]
Task is 61.00% complete.
t1_sim:[65592. 65816. 64365.] t2_sim:[66733. 67051. 67356.]
Task is 62.00% complete.
t1_sim:[58732. 58252. 60025.] t2_sim:[66699. 66824. 63864.]
Task is 63.00% complete.
t1_sim:[62914. 63107. 66622.] t2_sim:[59093. 58972. 58812.]
Task is 64.00% complete.
t1_sim:[64530. 64352. 59801.] t2_sim:[69559. 69175. 68812.]
Task is 65.00% complete.
t1_sim:[59298. 59238. 58334.] t2_sim:[57690. 57647. 58459.]
Task is 66.00% complete.
t1_sim:[62490. 62172. 59967.] t2_sim:[65144. 65043. 66405.]
Task is 67.00% complete.
t1_sim:[62721. 62994. 63419.] t2_sim:[62941. 62736. 63758.]
Task is 68.00% complete.
t1_sim:[63253. 63071. 57366.] t2_sim:[58430. 58076. 59564.]
Task is 69.00% complete.
t1_sim:[59288. 59516. 58452.] t2_sim:[65356. 65216. 60892.]
Task is 70.00% complete.
t1_sim:[62682. 62394. 61158.] t2_sim:[67450. 67387. 66340.]
Task is 71.00% complete.
t1_sim:[63682. 63766. 64978.] t2_sim:[66398. 66229. 65049.]
Task is 72.00% complete.
t1_sim:[62229. 62416. 61495.] t2_sim:[61131. 61001. 58879.]
Task is 73.00% complete.
t1_sim:[66001. 65787. 64754.] t2_sim:[59769. 59609. 63062.]
Task is 74.00% complete.
t1_sim:[60998. 60550. 59978.] t2_sim:[60394. 60362. 64126.]
Task is 75.00% complete.
t1_sim:[60473. 60642. 57602.] t2_sim:[65400. 65408. 65403.]
Task is 76.00% complete.
t1_sim:[64698. 64580. 62864.] t2_sim:[64405. 64640. 62125.]
Task is 77.00% complete.
t1_sim:[60001. 60424. 61169.] t2_sim:[64309. 64383. 62538.]
Task is 78.00% complete.
t1_sim:[60740. 60711. 64009.] t2_sim:[66341. 66343. 64048.]
Task is 79.00% complete.
t1_sim:[63197. 63525. 63580.] t2_sim:[57710. 58037. 56292.]
Task is 80.00% complete.
t1_sim:[61899. 61834. 63100.] t2_sim:[65014. 65065. 64402.]
Task is 81.00% complete.
t1_sim:[61918. 61934. 62740.] t2_sim:[62206. 62200. 62582.]
Task is 82.00% complete.
t1_sim:[55782. 55898. 55598.] t2_sim:[71519. 71618. 69087.]
Task is 83.00% complete.
t1_sim:[60551. 60950. 62460.] t2_sim:[66490. 66799. 70309.]
Task is 84.00% complete.
t1_sim:[61759. 62482. 63749.] t2_sim:[62807. 62445. 63673.]
Task is 85.00% complete.
t1_sim:[61648. 61604. 63440.] t2_sim:[66392. 66548. 60633.]
Task is 86.00% complete.
t1_sim:[61543. 61539. 62244.] t2_sim:[65074. 64959. 62611.]
Task is 87.00% complete.
t1_sim:[62626. 62468. 61881.] t2_sim:[64933. 64993. 64935.]
Task is 88.00% complete.
t1_sim:[56953. 56625. 57890.] t2_sim:[61167. 60924. 61097.]
Task is 89.00% complete.
t1_sim:[61815. 61722. 60671.] t2_sim:[68421. 68824. 69769.]
Task is 90.00% complete.
t1_sim:[64586. 64382. 66167.] t2_sim:[64743. 64624. 65837.]
Task is 91.00% complete.
t1_sim:[64587. 64573. 62252.] t2_sim:[61136. 61538. 62199.]
Task is 92.00% complete.
t1_sim:[64805. 64964. 59008.] t2_sim:[59502. 59588. 62897.]
Task is 93.00% complete.
t1_sim:[59602. 59497. 62678.] t2_sim:[62011. 61949. 62590.]
Task is 94.00% complete.
t1_sim:[61104. 61221. 67640.] t2_sim:[60141. 59950. 57564.]
Task is 95.00% complete.
t1_sim:[61607. 61673. 61186.] t2_sim:[57943. 58013. 58146.]
Task is 96.00% complete.
t1_sim:[61353. 61426. 63665.] t2_sim:[64812. 64737. 67531.]
Task is 97.00% complete.
t1_sim:[67420. 67331. 67038.] t2_sim:[64386. 64078. 63668.]
Task is 98.00% complete.
t1_sim:[63937. 64009. 65411.] t2_sim:[54379. 54444. 57802.]
Task is 99.00% complete.
t1_sim:[59698. 59804. 58674.] t2_sim:[60566. 60393. 65883.]
Training start
t1_obs:[array(58129.), array(58794.), array(58727.)] t2_obs:[array(59664.), array(59630.), array(60440.)]
corr_G1:[None, None, 0.9974751376285398] corr_G2:[None, None, 0.9703646417003566]
Training end
Task is 0.00% complete.
t1_sim:[61909. 62302. 62643.] t2_sim:[64374. 64167. 66457.]
Task is 1.00% complete.
t1_sim:[57094. 57722. 59090.] t2_sim:[61559. 62119. 65491.]
Task is 2.00% complete.
t1_sim:[63712. 63832. 67054.] t2_sim:[63600. 62994. 65318.]
Task is 3.00% complete.
t1_sim:[58742. 58991. 59081.] t2_sim:[66104. 66235. 67273.]
Task is 4.00% complete.
t1_sim:[60314. 60538. 61403.] t2_sim:[57571. 57969. 57566.]
Task is 5.00% complete.
t1_sim:[63153. 63083. 61934.] t2_sim:[59356. 59002. 58953.]
Task is 6.00% complete.
t1_sim:[62212. 62050. 62054.] t2_sim:[63449. 63339. 64733.]
Task is 7.00% complete.
t1_sim:[62233. 62419. 60172.] t2_sim:[63347. 63317. 62369.]
Task is 8.00% complete.
t1_sim:[55285. 55322. 59268.] t2_sim:[61608. 61570. 61289.]
Task is 9.00% complete.
t1_sim:[66989. 67199. 67622.] t2_sim:[61963. 62031. 63091.]
Task is 10.00% complete.
t1_sim:[58978. 58772. 59533.] t2_sim:[64719. 65075. 64668.]
Task is 11.00% complete.
t1_sim:[55919. 56231. 56861.] t2_sim:[58547. 58582. 57916.]
Task is 12.00% complete.
t1_sim:[73232. 73401. 71561.] t2_sim:[61654. 61854. 62871.]
Task is 13.00% complete.
t1_sim:[64095. 63600. 62458.] t2_sim:[59845. 59848. 61068.]
Task is 14.00% complete.
t1_sim:[62475. 62769. 65434.] t2_sim:[73795. 73556. 73796.]
Task is 15.00% complete.
t1_sim:[67581. 67825. 66781.] t2_sim:[65138. 65143. 64967.]
Task is 16.00% complete.
t1_sim:[58411. 58668. 59001.] t2_sim:[64331. 64298. 63651.]
Task is 17.00% complete.
t1_sim:[60334. 60206. 60902.] t2_sim:[67202. 67151. 63990.]
Task is 18.00% complete.
t1_sim:[68414. 68649. 69641.] t2_sim:[59319. 59550. 63160.]
Task is 19.00% complete.
t1_sim:[63872. 63803. 64997.] t2_sim:[60508. 60433. 60946.]
Task is 20.00% complete.
t1_sim:[56069. 56280. 58031.] t2_sim:[58650. 58658. 61136.]
Task is 21.00% complete.
t1_sim:[62670. 62521. 63212.] t2_sim:[63562. 63472. 65548.]
Task is 22.00% complete.
t1_sim:[58596. 58882. 62606.] t2_sim:[57411. 57317. 59832.]
Task is 23.00% complete.
t1_sim:[66229. 66032. 65657.] t2_sim:[62801. 62453. 59475.]
Task is 24.00% complete.
t1_sim:[58035. 58041. 57694.] t2_sim:[56742. 56830. 55250.]
Task is 25.00% complete.
t1_sim:[61737. 61892. 61380.] t2_sim:[60962. 61209. 59780.]
Task is 26.00% complete.
t1_sim:[65416. 65732. 64534.] t2_sim:[63653. 63291. 63121.]
Task is 27.00% complete.
t1_sim:[67249. 67193. 65903.] t2_sim:[61136. 61081. 62445.]
Task is 28.00% complete.
t1_sim:[58357. 58795. 61429.] t2_sim:[62879. 62685. 62546.]
Task is 29.00% complete.
t1_sim:[66203. 66100. 66957.] t2_sim:[59151. 59017. 57356.]
Task is 30.00% complete.
t1_sim:[64804. 64701. 63704.] t2_sim:[63845. 63707. 62616.]
Task is 31.00% complete.
t1_sim:[62473. 62591. 62267.] t2_sim:[62394. 62723. 64115.]
Task is 32.00% complete.
t1_sim:[59160. 59109. 59147.] t2_sim:[67302. 67302. 68040.]
Task is 33.00% complete.
t1_sim:[65503. 65614. 65574.] t2_sim:[63876. 63872. 63515.]
Task is 34.00% complete.
t1_sim:[63270. 63611. 65733.] t2_sim:[58191. 58053. 56323.]
Task is 35.00% complete.
t1_sim:[57940. 58212. 59830.] t2_sim:[63163. 63067. 60761.]
Task is 36.00% complete.
t1_sim:[63712. 63757. 64475.] t2_sim:[61520. 61602. 64308.]
Task is 37.00% complete.
t1_sim:[64233. 64319. 65596.] t2_sim:[60980. 60432. 59396.]
Task is 38.00% complete.
t1_sim:[68971. 68881. 67566.] t2_sim:[58802. 58922. 58600.]
Task is 39.00% complete.
t1_sim:[62135. 62506. 64080.] t2_sim:[60149. 60343. 58991.]
Task is 40.00% complete.
t1_sim:[62779. 62831. 62731.] t2_sim:[63338. 63170. 63156.]
Task is 41.00% complete.
t1_sim:[65280. 65356. 68097.] t2_sim:[58143. 58315. 57343.]
Task is 42.00% complete.
t1_sim:[61694. 61765. 61299.] t2_sim:[66243. 66116. 68114.]
Task is 43.00% complete.
t1_sim:[63384. 63658. 60983.] t2_sim:[58798. 58796. 58081.]
Task is 44.00% complete.
t1_sim:[60606. 60724. 60494.] t2_sim:[62648. 62438. 62120.]
Task is 45.00% complete.
t1_sim:[60899. 60524. 58495.] t2_sim:[69575. 69580. 68331.]
Task is 46.00% complete.
t1_sim:[65256. 65584. 65732.] t2_sim:[63599. 63518. 64628.]
Task is 47.00% complete.
t1_sim:[65813. 65512. 64688.] t2_sim:[60511. 60205. 59258.]
Task is 48.00% complete.
t1_sim:[57953. 58389. 57271.] t2_sim:[62842. 62888. 62877.]
Task is 49.00% complete.
t1_sim:[61019. 60998. 60675.] t2_sim:[58383. 57944. 58968.]
Task is 50.00% complete.
t1_sim:[63330. 63312. 62440.] t2_sim:[62948. 63157. 65319.]
Task is 51.00% complete.
t1_sim:[60055. 60198. 59129.] t2_sim:[66877. 66801. 65027.]
Task is 52.00% complete.
t1_sim:[61800. 61733. 60266.] t2_sim:[62773. 62757. 59941.]
Task is 53.00% complete.
t1_sim:[61593. 61684. 63375.] t2_sim:[63762. 63741. 64336.]
Task is 54.00% complete.
t1_sim:[58909. 58837. 58776.] t2_sim:[64016. 64226. 64467.]
Task is 55.00% complete.
t1_sim:[64366. 64354. 62927.] t2_sim:[64277. 64221. 63279.]
Task is 56.00% complete.
t1_sim:[64637. 64386. 66545.] t2_sim:[61357. 60870. 60383.]
Task is 57.00% complete.
t1_sim:[61637. 61604. 62983.] t2_sim:[58231. 58146. 58464.]
Task is 58.00% complete.
t1_sim:[64116. 63864. 62223.] t2_sim:[63809. 63782. 64479.]
Task is 59.00% complete.
t1_sim:[54240. 54247. 55908.] t2_sim:[60137. 60096. 60183.]
Task is 60.00% complete.
t1_sim:[65746. 65351. 64733.] t2_sim:[61129. 61459. 61580.]
Task is 61.00% complete.
t1_sim:[62575. 62400. 60922.] t2_sim:[62834. 63090. 62349.]
Task is 62.00% complete.
t1_sim:[59929. 60003. 61545.] t2_sim:[67055. 67048. 64882.]
Task is 63.00% complete.
t1_sim:[60477. 60320. 60874.] t2_sim:[61018. 60952. 61235.]
Task is 64.00% complete.
t1_sim:[63331. 63122. 62479.] t2_sim:[60278. 60443. 61669.]
Task is 65.00% complete.
t1_sim:[66990. 67193. 66339.] t2_sim:[69189. 69573. 68484.]
Task is 66.00% complete.
t1_sim:[62686. 62913. 62212.] t2_sim:[62994. 63422. 63528.]
Task is 67.00% complete.
t1_sim:[61728. 62109. 64070.] t2_sim:[63758. 63650. 63797.]
Task is 68.00% complete.
t1_sim:[59446. 59250. 58718.] t2_sim:[61834. 61585. 60820.]
Task is 69.00% complete.
t1_sim:[60707. 60686. 60785.] t2_sim:[61229. 61068. 60617.]
Task is 70.00% complete.
t1_sim:[62427. 62804. 61654.] t2_sim:[63725. 63631. 62566.]
Task is 71.00% complete.
t1_sim:[68245. 68391. 67047.] t2_sim:[65681. 65026. 65672.]
Task is 72.00% complete.
t1_sim:[57631. 57628. 57353.] t2_sim:[65469. 65592. 65292.]
Task is 73.00% complete.
t1_sim:[60222. 59923. 59730.] t2_sim:[62600. 62563. 61352.]
Task is 74.00% complete.
t1_sim:[68733. 68782. 67394.] t2_sim:[56644. 56500. 53733.]
Task is 75.00% complete.
t1_sim:[63056. 62795. 60299.] t2_sim:[60237. 60473. 57640.]
Task is 76.00% complete.
t1_sim:[63899. 64182. 60098.] t2_sim:[65769. 65892. 66377.]
Task is 77.00% complete.
t1_sim:[62875. 62911. 61661.] t2_sim:[67238. 67427. 68952.]
Task is 78.00% complete.
t1_sim:[62901. 63017. 62130.] t2_sim:[65643. 65447. 67370.]
Task is 79.00% complete.
t1_sim:[60310. 60373. 60221.] t2_sim:[61565. 62004. 60216.]
Task is 80.00% complete.
t1_sim:[60362. 60439. 58287.] t2_sim:[59113. 59353. 60218.]
Task is 81.00% complete.
t1_sim:[63908. 64169. 68079.] t2_sim:[64357. 64282. 64316.]
Task is 82.00% complete.
t1_sim:[63576. 63771. 61259.] t2_sim:[60533. 60971. 63109.]
Task is 83.00% complete.
t1_sim:[64471. 64028. 64709.] t2_sim:[61229. 61239. 62117.]
Task is 84.00% complete.
t1_sim:[65456. 65386. 66199.] t2_sim:[60851. 61015. 60687.]
Task is 85.00% complete.
t1_sim:[63392. 63565. 65236.] t2_sim:[63836. 63883. 63585.]
Task is 86.00% complete.
t1_sim:[64705. 64481. 62650.] t2_sim:[63227. 63268. 64445.]
Task is 87.00% complete.
t1_sim:[60274. 60798. 58022.] t2_sim:[66297. 65964. 63989.]
Task is 88.00% complete.
t1_sim:[57517. 57469. 55721.] t2_sim:[60540. 60265. 58934.]
Task is 89.00% complete.
t1_sim:[64291. 64521. 60939.] t2_sim:[59181. 59227. 62496.]
Task is 90.00% complete.
t1_sim:[57790. 58097. 57453.] t2_sim:[59903. 59666. 61232.]
Task is 91.00% complete.
t1_sim:[63171. 63121. 62136.] t2_sim:[63045. 63191. 61492.]
Task is 92.00% complete.
t1_sim:[63886. 64194. 65695.] t2_sim:[68790. 69127. 68527.]
Task is 93.00% complete.
t1_sim:[62850. 62790. 63088.] t2_sim:[62754. 62503. 63073.]
Task is 94.00% complete.
t1_sim:[59645. 59552. 61915.] t2_sim:[62783. 63021. 63685.]
Task is 95.00% complete.
t1_sim:[58426. 58681. 62563.] t2_sim:[57249. 56735. 58574.]
Task is 96.00% complete.
t1_sim:[62808. 62811. 62830.] t2_sim:[61425. 61644. 61919.]
Task is 97.00% complete.
t1_sim:[63032. 63072. 61776.] t2_sim:[62198. 62316. 65111.]
Task is 98.00% complete.
t1_sim:[65978. 65598. 66337.] t2_sim:[63315. 62861. 59531.]
Task is 99.00% complete.
t1_sim:[70434. 70316. 67825.] t2_sim:[59156. 59312. 61056.]
Training start
t1_obs:[array(58129.), array(58794.), array(58554.)] t2_obs:[array(59664.), array(59630.), array(61911.)]
corr_G1:[None, None, -0.031751710220713415] corr_G2:[None, None, 0.01865353234380746]
Training end
Task is 0.00% complete.
t1_sim:[66527. 66807. 66775.] t2_sim:[64562. 64898. 62130.]
Task is 1.00% complete.
t1_sim:[67055. 66654. 65344.] t2_sim:[65568. 65956. 65453.]
Task is 2.00% complete.
t1_sim:[61603. 61884. 62437.] t2_sim:[65251. 65396. 64072.]
Task is 3.00% complete.
t1_sim:[63401. 63520. 65479.] t2_sim:[68574. 68274. 67075.]
Task is 4.00% complete.
t1_sim:[63112. 63007. 62215.] t2_sim:[64675. 64847. 64260.]
Task is 5.00% complete.
t1_sim:[63972. 64022. 66561.] t2_sim:[63775. 63794. 65786.]
Task is 6.00% complete.
t1_sim:[63572. 63536. 64023.] t2_sim:[67618. 67536. 66998.]
Task is 7.00% complete.
t1_sim:[71113. 71267. 70341.] t2_sim:[61337. 60976. 61976.]
Task is 8.00% complete.
t1_sim:[59506. 59519. 60787.] t2_sim:[61435. 61519. 63102.]
Task is 9.00% complete.
t1_sim:[67968. 67906. 68606.] t2_sim:[61190. 61527. 64024.]
Task is 10.00% complete.
t1_sim:[60874. 60916. 61770.] t2_sim:[59140. 59341. 61728.]
Task is 11.00% complete.
t1_sim:[61613. 61481. 61957.] t2_sim:[59243. 59616. 57926.]
Task is 12.00% complete.
t1_sim:[63954. 63948. 65427.] t2_sim:[64691. 64565. 63405.]
Task is 13.00% complete.
t1_sim:[61338. 61485. 62409.] t2_sim:[70037. 70377. 71905.]
Task is 14.00% complete.
t1_sim:[60959. 61257. 61364.] t2_sim:[62698. 62584. 60447.]
Task is 15.00% complete.
t1_sim:[70023. 69861. 68332.] t2_sim:[67690. 67736. 66845.]
Task is 16.00% complete.
t1_sim:[65430. 65193. 62873.] t2_sim:[62128. 62405. 64046.]
Task is 17.00% complete.
t1_sim:[64014. 64135. 64027.] t2_sim:[66658. 66532. 67931.]
Task is 18.00% complete.
t1_sim:[62134. 62014. 61662.] t2_sim:[69744. 69373. 66918.]
Task is 19.00% complete.
t1_sim:[56223. 56317. 59373.] t2_sim:[67097. 66706. 63905.]
Task is 20.00% complete.
t1_sim:[58696. 58847. 58539.] t2_sim:[55676. 55885. 56009.]
Task is 21.00% complete.
t1_sim:[55733. 55847. 58605.] t2_sim:[58110. 58606. 59091.]
Task is 22.00% complete.
t1_sim:[57902. 57651. 57641.] t2_sim:[66966. 67002. 64465.]
Task is 23.00% complete.
t1_sim:[65069. 65189. 65964.] t2_sim:[62283. 62538. 63506.]
Task is 24.00% complete.
t1_sim:[61386. 61556. 59945.] t2_sim:[63741. 63784. 61873.]
Task is 25.00% complete.
t1_sim:[60739. 60880. 60705.] t2_sim:[63200. 62835. 64504.]
Task is 26.00% complete.
t1_sim:[60605. 60715. 61797.] t2_sim:[68223. 68221. 68612.]
Task is 27.00% complete.
t1_sim:[61816. 61744. 62639.] t2_sim:[60103. 60133. 59355.]
Task is 28.00% complete.
t1_sim:[62926. 62889. 63691.] t2_sim:[61834. 61868. 61472.]
Task is 29.00% complete.
t1_sim:[69446. 69431. 67869.] t2_sim:[65545. 65100. 62679.]
Task is 30.00% complete.
t1_sim:[60037. 60184. 58497.] t2_sim:[64421. 64126. 64736.]
Task is 31.00% complete.
t1_sim:[62003. 61949. 62015.] t2_sim:[64116. 64362. 64694.]
Task is 32.00% complete.
t1_sim:[66704. 66651. 66653.] t2_sim:[64808. 65060. 65231.]
Task is 33.00% complete.
t1_sim:[62892. 63115. 62773.] t2_sim:[63562. 63677. 62933.]
Task is 34.00% complete.
t1_sim:[66323. 66254. 67495.] t2_sim:[59990. 60048. 59435.]
Task is 35.00% complete.
t1_sim:[64431. 64445. 61701.] t2_sim:[63101. 63287. 62974.]
Task is 36.00% complete.
t1_sim:[61738. 61467. 60827.] t2_sim:[59710. 59925. 61150.]
Task is 37.00% complete.
t1_sim:[55417. 55123. 56578.] t2_sim:[60135. 60054. 58666.]
Task is 38.00% complete.
t1_sim:[62871. 62757. 61559.] t2_sim:[53108. 53141. 54104.]
Task is 39.00% complete.
t1_sim:[56902. 56884. 55616.] t2_sim:[68770. 68918. 65194.]
Task is 40.00% complete.
t1_sim:[59157. 59366. 60956.] t2_sim:[61087. 60875. 63017.]
Task is 41.00% complete.
t1_sim:[64018. 63974. 61597.] t2_sim:[67852. 68249. 64036.]
Task is 42.00% complete.
t1_sim:[64444. 64201. 67649.] t2_sim:[66512. 66548. 64961.]
Task is 43.00% complete.
t1_sim:[59155. 59472. 63336.] t2_sim:[64006. 64408. 64595.]
Task is 44.00% complete.
t1_sim:[64664. 64664. 65129.] t2_sim:[57840. 57541. 61666.]
Task is 45.00% complete.
t1_sim:[68336. 68211. 68115.] t2_sim:[60396. 60265. 59184.]
Task is 46.00% complete.
t1_sim:[62370. 62486. 61270.] t2_sim:[64757. 64264. 65867.]
Task is 47.00% complete.
t1_sim:[58745. 58545. 59822.] t2_sim:[59078. 58954. 60681.]
Task is 48.00% complete.
t1_sim:[63059. 63078. 60483.] t2_sim:[61695. 61871. 61338.]
Task is 49.00% complete.
t1_sim:[56303. 56449. 57710.] t2_sim:[65051. 65061. 66056.]
Task is 50.00% complete.
t1_sim:[62254. 61903. 62783.] t2_sim:[62301. 62743. 60700.]
Task is 51.00% complete.
t1_sim:[53813. 53598. 54740.] t2_sim:[65104. 65538. 64953.]
Task is 52.00% complete.
t1_sim:[62672. 62763. 64623.] t2_sim:[68987. 69289. 67497.]
Task is 53.00% complete.
t1_sim:[69988. 70042. 67871.] t2_sim:[61975. 62158. 63673.]
Task is 54.00% complete.
t1_sim:[57989. 57375. 56905.] t2_sim:[63557. 63266. 63025.]
Task is 55.00% complete.
t1_sim:[59776. 59531. 60763.] t2_sim:[61388. 61574. 62658.]
Task is 56.00% complete.
t1_sim:[64481. 64400. 63455.] t2_sim:[58344. 58109. 57504.]
Task is 57.00% complete.
t1_sim:[63458. 63235. 62564.] t2_sim:[67127. 67450. 67510.]
Task is 58.00% complete.
t1_sim:[58166. 58553. 57723.] t2_sim:[65722. 65549. 64054.]
Task is 59.00% complete.
t1_sim:[66781. 66459. 67761.] t2_sim:[66530. 66574. 69780.]
Task is 60.00% complete.
t1_sim:[62149. 62044. 63637.] t2_sim:[57738. 57474. 55169.]
Task is 61.00% complete.
t1_sim:[65112. 64942. 64086.] t2_sim:[60358. 60607. 60732.]
Task is 62.00% complete.
t1_sim:[63073. 63386. 62887.] t2_sim:[63317. 63046. 61276.]
Task is 63.00% complete.
t1_sim:[59259. 58750. 61738.] t2_sim:[68892. 68670. 69779.]
Task is 64.00% complete.
t1_sim:[62684. 62506. 64094.] t2_sim:[63941. 64037. 66370.]
Task is 65.00% complete.
t1_sim:[54621. 54937. 58552.] t2_sim:[63687. 63741. 62044.]
Task is 66.00% complete.
t1_sim:[58192. 58312. 59647.] t2_sim:[59797. 59932. 60123.]
Task is 67.00% complete.
t1_sim:[57759. 57740. 56907.] t2_sim:[63896. 63883. 64498.]
Task is 68.00% complete.
t1_sim:[59340. 59144. 59085.] t2_sim:[64518. 64578. 63501.]
Task is 69.00% complete.
t1_sim:[60192. 59896. 61443.] t2_sim:[68361. 68227. 67230.]
Task is 70.00% complete.
t1_sim:[63167. 62906. 62451.] t2_sim:[61627. 61156. 59058.]
Task is 71.00% complete.
t1_sim:[65835. 65721. 64641.] t2_sim:[64964. 64754. 63237.]
Task is 72.00% complete.
t1_sim:[63982. 63969. 65051.] t2_sim:[58201. 58296. 62165.]
Task is 73.00% complete.
t1_sim:[67992. 67773. 66830.] t2_sim:[54604. 54499. 56097.]
Task is 74.00% complete.
t1_sim:[57444. 57780. 58181.] t2_sim:[60247. 60303. 60672.]
Task is 75.00% complete.
t1_sim:[63168. 62802. 62248.] t2_sim:[61738. 61548. 62833.]
Task is 76.00% complete.
t1_sim:[63378. 63774. 64749.] t2_sim:[67001. 66671. 64445.]
Task is 77.00% complete.
t1_sim:[63219. 63432. 62597.] t2_sim:[66846. 66701. 66512.]
Task is 78.00% complete.
t1_sim:[57646. 57629. 57533.] t2_sim:[61609. 62024. 61191.]
Task is 79.00% complete.
t1_sim:[67171. 66775. 66641.] t2_sim:[62767. 63118. 62586.]
Task is 80.00% complete.
t1_sim:[66055. 66422. 66366.] t2_sim:[60763. 60613. 63073.]
Task is 81.00% complete.
t1_sim:[57450. 57430. 57333.] t2_sim:[64513. 64562. 64823.]
Task is 82.00% complete.
t1_sim:[64495. 64160. 63848.] t2_sim:[68078. 67985. 66487.]
Task is 83.00% complete.
t1_sim:[63900. 64169. 64494.] t2_sim:[64744. 64776. 65525.]
Task is 84.00% complete.
t1_sim:[60538. 60799. 58728.] t2_sim:[66243. 66252. 65518.]
Task is 85.00% complete.
t1_sim:[59755. 60435. 61947.] t2_sim:[65554. 65370. 64456.]
Task is 86.00% complete.
t1_sim:[70095. 69954. 69565.] t2_sim:[59881. 59670. 62779.]
Task is 87.00% complete.
t1_sim:[68890. 69136. 70552.] t2_sim:[60099. 59970. 61340.]
Task is 88.00% complete.
t1_sim:[66033. 66262. 65012.] t2_sim:[68373. 68390. 67216.]
Task is 89.00% complete.
t1_sim:[64775. 64747. 63623.] t2_sim:[60701. 60999. 61625.]
Task is 90.00% complete.
t1_sim:[67882. 67816. 65413.] t2_sim:[63480. 63658. 62337.]
Task is 91.00% complete.
t1_sim:[65988. 66253. 68206.] t2_sim:[61800. 61832. 62964.]
Task is 92.00% complete.
t1_sim:[60362. 59899. 58184.] t2_sim:[61054. 61028. 61810.]
Task is 93.00% complete.
t1_sim:[69288. 69078. 68946.] t2_sim:[63216. 63013. 63482.]
Task is 94.00% complete.
t1_sim:[60875. 60633. 63015.] t2_sim:[62561. 62661. 64255.]
Task is 95.00% complete.
t1_sim:[64552. 64372. 65108.] t2_sim:[57311. 57574. 60001.]
Task is 96.00% complete.
t1_sim:[64218. 64137. 64157.] t2_sim:[61028. 61006. 59792.]
Task is 97.00% complete.
t1_sim:[60637. 60795. 59845.] t2_sim:[65818. 66076. 65535.]
Task is 98.00% complete.
t1_sim:[58654. 58923. 61309.] t2_sim:[67003. 66941. 67545.]
Task is 99.00% complete.
t1_sim:[64060. 64305. 63583.] t2_sim:[64512. 64539. 64927.]
Finished
