Begin
Training start
t1_obs:[array(62820.), array(62615.), array(62053.)] t2_obs:[array(62417.), array(62497.), array(58311.)]
corr_G1:[None, None, 0] corr_G2:[None, None, 6.39295691147565e-17]
Training end
Task is 0.00% complete.
t1_sim:[62340. 62177. 62395.] t2_sim:[62968. 62803. 63995.]
Task is 1.00% complete.
t1_sim:[59976. 60544. 56965.] t2_sim:[59033. 59285. 60136.]
Task is 2.00% complete.
t1_sim:[65038. 65044. 62842.] t2_sim:[65889. 65934. 65786.]
Task is 3.00% complete.
t1_sim:[61879. 62280. 67419.] t2_sim:[61222. 61668. 61064.]
Task is 4.00% complete.
t1_sim:[62262. 62431. 62566.] t2_sim:[64174. 64776. 62312.]
Task is 5.00% complete.
t1_sim:[60476. 60134. 62794.] t2_sim:[55562. 55273. 57685.]
Task is 6.00% complete.
t1_sim:[65348. 65819. 63096.] t2_sim:[62949. 63068. 63196.]
Task is 7.00% complete.
t1_sim:[72842. 72349. 68620.] t2_sim:[67425. 67636. 64777.]
Task is 8.00% complete.
t1_sim:[60998. 61311. 60027.] t2_sim:[60526. 60456. 64372.]
Task is 9.00% complete.
t1_sim:[67497. 67377. 66513.] t2_sim:[60975. 61199. 61524.]
Task is 10.00% complete.
t1_sim:[63343. 63370. 65762.] t2_sim:[57106. 57358. 60939.]
Task is 11.00% complete.
t1_sim:[66393. 66364. 66121.] t2_sim:[58890. 58835. 59722.]
Task is 12.00% complete.
t1_sim:[65004. 64750. 58826.] t2_sim:[62736. 62997. 66561.]
Task is 13.00% complete.
t1_sim:[61044. 60895. 63628.] t2_sim:[70740. 70403. 69928.]
Task is 14.00% complete.
t1_sim:[62568. 62504. 63709.] t2_sim:[57782. 57757. 57118.]
Task is 15.00% complete.
t1_sim:[67415. 67474. 67779.] t2_sim:[64663. 65031. 64620.]
Task is 16.00% complete.
t1_sim:[60956. 60953. 60372.] t2_sim:[61487. 61515. 57193.]
Task is 17.00% complete.
t1_sim:[63732. 64039. 64454.] t2_sim:[66156. 65928. 64808.]
Task is 18.00% complete.
t1_sim:[62175. 62560. 65856.] t2_sim:[60260. 60415. 59542.]
Task is 19.00% complete.
t1_sim:[60623. 60782. 59140.] t2_sim:[62037. 62047. 62869.]
Task is 20.00% complete.
t1_sim:[62202. 62023. 60340.] t2_sim:[64390. 64709. 65822.]
Task is 21.00% complete.
t1_sim:[64837. 64855. 64935.] t2_sim:[66113. 66285. 64090.]
Task is 22.00% complete.
t1_sim:[60874. 60950. 60922.] t2_sim:[70632. 70033. 67793.]
Task is 23.00% complete.
t1_sim:[63022. 62716. 64627.] t2_sim:[62443. 62277. 66487.]
Task is 24.00% complete.
t1_sim:[60408. 60234. 62107.] t2_sim:[59262. 59325. 58970.]
Task is 25.00% complete.
t1_sim:[64969. 65030. 59708.] t2_sim:[65040. 65110. 65003.]
Task is 26.00% complete.
t1_sim:[65824. 65648. 65455.] t2_sim:[68133. 68230. 70642.]
Task is 27.00% complete.
t1_sim:[59398. 59379. 58463.] t2_sim:[66757. 66456. 64485.]
Task is 28.00% complete.
t1_sim:[62632. 62790. 61562.] t2_sim:[57859. 57929. 61794.]
Task is 29.00% complete.
t1_sim:[61792. 61507. 61306.] t2_sim:[61768. 61720. 63178.]
Task is 30.00% complete.
t1_sim:[59861. 59993. 62027.] t2_sim:[63657. 63551. 60433.]
Task is 31.00% complete.
t1_sim:[60519. 60421. 62818.] t2_sim:[60178. 60326. 60207.]
Task is 32.00% complete.
t1_sim:[60635. 60948. 63657.] t2_sim:[64361. 64685. 62440.]
Task is 33.00% complete.
t1_sim:[59877. 59684. 56918.] t2_sim:[65242. 64982. 64550.]
Task is 34.00% complete.
t1_sim:[61799. 61451. 62156.] t2_sim:[63940. 63996. 66659.]
Task is 35.00% complete.
t1_sim:[62671. 62702. 62534.] t2_sim:[60338. 60246. 60209.]
Task is 36.00% complete.
t1_sim:[56655. 56635. 61025.] t2_sim:[66851. 67018. 64260.]
Task is 37.00% complete.
t1_sim:[54200. 54153. 56296.] t2_sim:[62809. 62744. 65393.]
Task is 38.00% complete.
t1_sim:[62838. 63167. 64742.] t2_sim:[62402. 62964. 64010.]
Task is 39.00% complete.
t1_sim:[66206. 65965. 69416.] t2_sim:[59005. 58837. 60078.]
Task is 40.00% complete.
t1_sim:[58719. 58729. 62048.] t2_sim:[60514. 60408. 62045.]
Task is 41.00% complete.
t1_sim:[62056. 61663. 64228.] t2_sim:[60650. 60901. 61171.]
Task is 42.00% complete.
t1_sim:[58862. 58918. 60451.] t2_sim:[60411. 60275. 59414.]
Task is 43.00% complete.
t1_sim:[60196. 59904. 61313.] t2_sim:[64426. 63994. 63461.]
Task is 44.00% complete.
t1_sim:[65083. 65409. 68215.] t2_sim:[58976. 58914. 59301.]
Task is 45.00% complete.
t1_sim:[66993. 66809. 66652.] t2_sim:[62960. 63073. 61212.]
Task is 46.00% complete.
t1_sim:[64389. 64264. 61424.] t2_sim:[63741. 63716. 64482.]
Task is 47.00% complete.
t1_sim:[60946. 60967. 62356.] t2_sim:[68952. 68614. 65134.]
Task is 48.00% complete.
t1_sim:[59882. 60283. 58873.] t2_sim:[61818. 61888. 63710.]
Task is 49.00% complete.
t1_sim:[58675. 58966. 61333.] t2_sim:[59143. 58989. 54602.]
Task is 50.00% complete.
t1_sim:[57615. 57486. 58650.] t2_sim:[61287. 61200. 58213.]
Task is 51.00% complete.
t1_sim:[60672. 60584. 62951.] t2_sim:[62624. 62657. 64108.]
Task is 52.00% complete.
t1_sim:[63984. 63960. 66033.] t2_sim:[68274. 68184. 66121.]
Task is 53.00% complete.
t1_sim:[71171. 71290. 68072.] t2_sim:[60746. 61260. 60273.]
Task is 54.00% complete.
t1_sim:[60991. 60946. 56818.] t2_sim:[59231. 59328. 61854.]
Task is 55.00% complete.
t1_sim:[70903. 70792. 67296.] t2_sim:[60869. 61005. 59814.]
Task is 56.00% complete.
t1_sim:[63478. 63420. 61894.] t2_sim:[59215. 59315. 61560.]
Task is 57.00% complete.
t1_sim:[58323. 58189. 63423.] t2_sim:[59325. 59658. 60178.]
Task is 58.00% complete.
t1_sim:[59623. 59614. 63330.] t2_sim:[63749. 63933. 62217.]
Task is 59.00% complete.
t1_sim:[61546. 61539. 63972.] t2_sim:[66714. 66824. 70746.]
Task is 60.00% complete.
t1_sim:[58088. 58345. 61000.] t2_sim:[63819. 64046. 67113.]
Task is 61.00% complete.
t1_sim:[62519. 62571. 61286.] t2_sim:[65362. 65781. 63339.]
Task is 62.00% complete.
t1_sim:[57096. 57230. 55614.] t2_sim:[58563. 58510. 58587.]
Task is 63.00% complete.
t1_sim:[63509. 63923. 61692.] t2_sim:[67092. 67095. 62698.]
Task is 64.00% complete.
t1_sim:[67157. 66854. 64128.] t2_sim:[63474. 63309. 63334.]
Task is 65.00% complete.
t1_sim:[64906. 65070. 62391.] t2_sim:[67460. 67328. 63326.]
Task is 66.00% complete.
t1_sim:[64928. 64663. 61779.] t2_sim:[69058. 68785. 66991.]
Task is 67.00% complete.
t1_sim:[61822. 61509. 64457.] t2_sim:[63718. 64063. 62600.]
Task is 68.00% complete.
t1_sim:[59412. 59202. 58986.] t2_sim:[61992. 61432. 60780.]
Task is 69.00% complete.
t1_sim:[64645. 64754. 65971.] t2_sim:[64596. 65044. 66753.]
Task is 70.00% complete.
t1_sim:[63995. 63752. 61988.] t2_sim:[63514. 63619. 62602.]
Task is 71.00% complete.
t1_sim:[59647. 60013. 60273.] t2_sim:[62618. 62712. 62635.]
Task is 72.00% complete.
t1_sim:[60105. 59987. 61223.] t2_sim:[66229. 66212. 64481.]
Task is 73.00% complete.
t1_sim:[65358. 64892. 64848.] t2_sim:[63050. 62867. 62353.]
Task is 74.00% complete.
t1_sim:[67092. 67060. 65542.] t2_sim:[63875. 63779. 61314.]
Task is 75.00% complete.
t1_sim:[64643. 64155. 63251.] t2_sim:[68714. 68793. 68792.]
Task is 76.00% complete.
t1_sim:[59253. 59340. 58412.] t2_sim:[59162. 59142. 60669.]
Task is 77.00% complete.
t1_sim:[64915. 64959. 65097.] t2_sim:[56372. 56473. 61570.]
Task is 78.00% complete.
t1_sim:[65460. 65565. 66494.] t2_sim:[59555. 59600. 61640.]
Task is 79.00% complete.
t1_sim:[64154. 64242. 61321.] t2_sim:[61944. 61995. 60168.]
Task is 80.00% complete.
t1_sim:[59872. 59850. 61153.] t2_sim:[57840. 57948. 56348.]
Task is 81.00% complete.
t1_sim:[66462. 66406. 67150.] t2_sim:[60189. 60370. 60673.]
Task is 82.00% complete.
t1_sim:[62951. 62998. 60407.] t2_sim:[60385. 60274. 59275.]
Task is 83.00% complete.
t1_sim:[57302. 57482. 58205.] t2_sim:[64659. 64492. 66646.]
Task is 84.00% complete.
t1_sim:[65563. 65706. 67074.] t2_sim:[62539. 62650. 67648.]
Task is 85.00% complete.
t1_sim:[60803. 60666. 64081.] t2_sim:[62113. 62429. 64962.]
Task is 86.00% complete.
t1_sim:[64189. 64274. 65307.] t2_sim:[62393. 62885. 59268.]
Task is 87.00% complete.
t1_sim:[59404. 59556. 61043.] t2_sim:[65175. 65393. 63574.]
Task is 88.00% complete.
t1_sim:[64868. 65258. 67536.] t2_sim:[67313. 67537. 61851.]
Task is 89.00% complete.
t1_sim:[69574. 69206. 65191.] t2_sim:[59382. 59235. 57494.]
Task is 90.00% complete.
t1_sim:[61632. 61850. 63863.] t2_sim:[66995. 66890. 63235.]
Task is 91.00% complete.
t1_sim:[65846. 66009. 64167.] t2_sim:[65852. 65866. 64168.]
Task is 92.00% complete.
t1_sim:[62265. 62113. 59369.] t2_sim:[66541. 66325. 63695.]
Task is 93.00% complete.
t1_sim:[64439. 64574. 65514.] t2_sim:[62311. 61833. 64968.]
Task is 94.00% complete.
t1_sim:[61720. 61712. 65622.] t2_sim:[68165. 68317. 67292.]
Task is 95.00% complete.
t1_sim:[67647. 67752. 68105.] t2_sim:[60130. 60340. 62979.]
Task is 96.00% complete.
t1_sim:[66824. 66602. 66188.] t2_sim:[69896. 70089. 67166.]
Task is 97.00% complete.
t1_sim:[50928. 50232. 54163.] t2_sim:[61514. 61551. 62537.]
Task is 98.00% complete.
t1_sim:[62704. 62726. 63747.] t2_sim:[61457. 61204. 64508.]
Task is 99.00% complete.
t1_sim:[62274. 62287. 65089.] t2_sim:[61254. 61077. 60297.]
Training start
t1_obs:[array(62820.), array(62615.), array(59817.)] t2_obs:[array(62417.), array(62497.), array(60704.)]
corr_G1:[None, None, 0.9869499729884506] corr_G2:[None, None, 0.977992211150535]
Training end
Task is 0.00% complete.
t1_sim:[62960. 62723. 61459.] t2_sim:[65012. 64990. 62984.]
Task is 1.00% complete.
t1_sim:[62328. 62112. 59839.] t2_sim:[64153. 64408. 63937.]
Task is 2.00% complete.
t1_sim:[58265. 58388. 58005.] t2_sim:[63131. 62944. 62246.]
Task is 3.00% complete.
t1_sim:[66394. 66402. 67279.] t2_sim:[57761. 57979. 59652.]
Task is 4.00% complete.
t1_sim:[65262. 65079. 63199.] t2_sim:[65172. 64985. 63530.]
Task is 5.00% complete.
t1_sim:[65121. 64935. 64941.] t2_sim:[65282. 65046. 63079.]
Task is 6.00% complete.
t1_sim:[64585. 64474. 65660.] t2_sim:[64017. 64401. 63970.]
Task is 7.00% complete.
t1_sim:[62505. 62723. 60241.] t2_sim:[66021. 65492. 63494.]
Task is 8.00% complete.
t1_sim:[70518. 70769. 66438.] t2_sim:[66345. 66521. 69823.]
Task is 9.00% complete.
t1_sim:[71363. 71308. 69241.] t2_sim:[60402. 60178. 61527.]
Task is 10.00% complete.
t1_sim:[56130. 56100. 55726.] t2_sim:[66270. 66578. 68667.]
Task is 11.00% complete.
t1_sim:[63682. 63844. 61043.] t2_sim:[57306. 57551. 59010.]
Task is 12.00% complete.
t1_sim:[64558. 64786. 62794.] t2_sim:[63927. 63393. 62195.]
Task is 13.00% complete.
t1_sim:[57599. 57786. 58849.] t2_sim:[69610. 69217. 66629.]
Task is 14.00% complete.
t1_sim:[57568. 57933. 58310.] t2_sim:[58720. 59168. 59528.]
Task is 15.00% complete.
t1_sim:[63419. 63106. 62346.] t2_sim:[58813. 59089. 57593.]
Task is 16.00% complete.
t1_sim:[68170. 68137. 66199.] t2_sim:[57658. 57258. 54768.]
Task is 17.00% complete.
t1_sim:[61743. 61713. 62052.] t2_sim:[65389. 65551. 65522.]
Task is 18.00% complete.
t1_sim:[58034. 58094. 61250.] t2_sim:[65314. 65495. 66229.]
Task is 19.00% complete.
t1_sim:[64032. 64406. 63012.] t2_sim:[61926. 61923. 61314.]
Task is 20.00% complete.
t1_sim:[60565. 60401. 58499.] t2_sim:[65789. 65379. 68325.]
Task is 21.00% complete.
t1_sim:[61291. 61485. 61757.] t2_sim:[66568. 66579. 66375.]
Task is 22.00% complete.
t1_sim:[59388. 59454. 59557.] t2_sim:[60700. 61454. 62498.]
Task is 23.00% complete.
t1_sim:[61856. 61974. 62366.] t2_sim:[58545. 58298. 57434.]
Task is 24.00% complete.
t1_sim:[59949. 59785. 58301.] t2_sim:[63985. 64585. 63815.]
Task is 25.00% complete.
t1_sim:[55449. 55785. 55825.] t2_sim:[64264. 63934. 63680.]
Task is 26.00% complete.
t1_sim:[66017. 65687. 65423.] t2_sim:[60485. 60587. 60139.]
Task is 27.00% complete.
t1_sim:[61978. 61951. 62347.] t2_sim:[68263. 68906. 70029.]
Task is 28.00% complete.
t1_sim:[61303. 61612. 61873.] t2_sim:[64648. 64907. 63438.]
Task is 29.00% complete.
t1_sim:[64926. 64857. 64153.] t2_sim:[65829. 65377. 65801.]
Task is 30.00% complete.
t1_sim:[62217. 62482. 62632.] t2_sim:[61896. 61700. 62992.]
Task is 31.00% complete.
t1_sim:[64340. 64496. 64313.] t2_sim:[63430. 63539. 66291.]
Task is 32.00% complete.
t1_sim:[60552. 60609. 61575.] t2_sim:[61292. 60963. 60635.]
Task is 33.00% complete.
t1_sim:[58067. 57936. 58587.] t2_sim:[59992. 59607. 61396.]
Task is 34.00% complete.
t1_sim:[56623. 56282. 54690.] t2_sim:[64356. 64588. 66530.]
Task is 35.00% complete.
t1_sim:[64964. 65042. 66365.] t2_sim:[65186. 64974. 64565.]
Task is 36.00% complete.
t1_sim:[65192. 65344. 65901.] t2_sim:[62474. 62351. 63196.]
Task is 37.00% complete.
t1_sim:[59205. 59410. 58568.] t2_sim:[65132. 65317. 68198.]
Task is 38.00% complete.
t1_sim:[62605. 62254. 62097.] t2_sim:[67110. 66834. 64703.]
Task is 39.00% complete.
t1_sim:[65541. 65924. 64778.] t2_sim:[67050. 67415. 67272.]
Task is 40.00% complete.
t1_sim:[62121. 62347. 61280.] t2_sim:[60821. 60616. 60673.]
Task is 41.00% complete.
t1_sim:[65350. 65249. 64142.] t2_sim:[67282. 67162. 65028.]
Task is 42.00% complete.
t1_sim:[64769. 64629. 65762.] t2_sim:[67252. 67432. 68714.]
Task is 43.00% complete.
t1_sim:[68095. 67858. 66223.] t2_sim:[65606. 65978. 65016.]
Task is 44.00% complete.
t1_sim:[67280. 67014. 67763.] t2_sim:[65394. 65589. 64122.]
Task is 45.00% complete.
t1_sim:[67625. 67742. 67292.] t2_sim:[64666. 64790. 66996.]
Task is 46.00% complete.
t1_sim:[65803. 65724. 66223.] t2_sim:[62447. 62249. 61554.]
Task is 47.00% complete.
t1_sim:[67335. 67826. 67539.] t2_sim:[58756. 58667. 58948.]
Task is 48.00% complete.
t1_sim:[62795. 62642. 60696.] t2_sim:[59623. 59712. 60128.]
Task is 49.00% complete.
t1_sim:[60945. 60925. 62527.] t2_sim:[63736. 64164. 63541.]
Task is 50.00% complete.
t1_sim:[63396. 63718. 62108.] t2_sim:[65602. 65555. 63976.]
Task is 51.00% complete.
t1_sim:[65959. 65840. 64435.] t2_sim:[63076. 63383. 64280.]
Task is 52.00% complete.
t1_sim:[57269. 56943. 56459.] t2_sim:[62243. 61869. 61217.]
Task is 53.00% complete.
t1_sim:[64339. 64153. 64240.] t2_sim:[62054. 61821. 61444.]
Task is 54.00% complete.
t1_sim:[63879. 63629. 62541.] t2_sim:[66980. 66892. 64950.]
Task is 55.00% complete.
t1_sim:[54440. 54788. 54772.] t2_sim:[63129. 63384. 63068.]
Task is 56.00% complete.
t1_sim:[60688. 60886. 62156.] t2_sim:[69633. 69469. 70326.]
Task is 57.00% complete.
t1_sim:[61951. 62153. 62654.] t2_sim:[61079. 61251. 61829.]
Task is 58.00% complete.
t1_sim:[63943. 63820. 64080.] t2_sim:[60249. 60234. 60930.]
Task is 59.00% complete.
t1_sim:[67463. 67496. 68970.] t2_sim:[65243. 65813. 69011.]
Task is 60.00% complete.
t1_sim:[55029. 55256. 55133.] t2_sim:[65529. 65796. 64606.]
Task is 61.00% complete.
t1_sim:[63895. 63935. 62927.] t2_sim:[60617. 60733. 61508.]
Task is 62.00% complete.
t1_sim:[63868. 63849. 61844.] t2_sim:[63365. 63150. 61660.]
Task is 63.00% complete.
t1_sim:[62524. 62667. 60329.] t2_sim:[65600. 65473. 67872.]
Task is 64.00% complete.
t1_sim:[54092. 53954. 54851.] t2_sim:[63278. 63405. 62823.]
Task is 65.00% complete.
t1_sim:[64830. 64412. 62921.] t2_sim:[58304. 58026. 60216.]
Task is 66.00% complete.
t1_sim:[63310. 63295. 62970.] t2_sim:[60701. 60642. 61850.]
Task is 67.00% complete.
t1_sim:[65529. 65458. 65554.] t2_sim:[60545. 60450. 58908.]
Task is 68.00% complete.
t1_sim:[68175. 68265. 66776.] t2_sim:[63247. 63821. 63656.]
Task is 69.00% complete.
t1_sim:[59824. 59714. 60898.] t2_sim:[59298. 58947. 60560.]
Task is 70.00% complete.
t1_sim:[62075. 62101. 63398.] t2_sim:[56392. 56427. 55182.]
Task is 71.00% complete.
t1_sim:[62150. 62290. 64846.] t2_sim:[63646. 63696. 64139.]
Task is 72.00% complete.
t1_sim:[60992. 61051. 61898.] t2_sim:[57881. 57832. 56931.]
Task is 73.00% complete.
t1_sim:[69681. 69683. 70403.] t2_sim:[59661. 59361. 57907.]
Task is 74.00% complete.
t1_sim:[60729. 60638. 58139.] t2_sim:[60058. 60173. 61126.]
Task is 75.00% complete.
t1_sim:[60072. 60045. 59310.] t2_sim:[61532. 61294. 63959.]
Task is 76.00% complete.
t1_sim:[65620. 65209. 66945.] t2_sim:[59356. 59199. 60843.]
Task is 77.00% complete.
t1_sim:[63533. 63399. 63619.] t2_sim:[57616. 57489. 57574.]
Task is 78.00% complete.
t1_sim:[65501. 65380. 62078.] t2_sim:[63144. 63399. 63917.]
Task is 79.00% complete.
t1_sim:[59510. 59385. 60984.] t2_sim:[62230. 62284. 60936.]
Task is 80.00% complete.
t1_sim:[64259. 63918. 64317.] t2_sim:[62890. 62669. 63553.]
Task is 81.00% complete.
t1_sim:[64775. 64863. 62950.] t2_sim:[61545. 62359. 63734.]
Task is 82.00% complete.
t1_sim:[64447. 64147. 62310.] t2_sim:[65619. 65662. 63192.]
Task is 83.00% complete.
t1_sim:[59388. 59169. 59726.] t2_sim:[57711. 58158. 57346.]
Task is 84.00% complete.
t1_sim:[58905. 58644. 60345.] t2_sim:[58211. 58507. 58642.]
Task is 85.00% complete.
t1_sim:[61637. 61795. 62201.] t2_sim:[61047. 61008. 60858.]
Task is 86.00% complete.
t1_sim:[64306. 64207. 61641.] t2_sim:[66169. 66141. 64950.]
Task is 87.00% complete.
t1_sim:[63556. 63104. 64883.] t2_sim:[66784. 67100. 67699.]
Task is 88.00% complete.
t1_sim:[60418. 60318. 59487.] t2_sim:[57295. 57101. 57481.]
Task is 89.00% complete.
t1_sim:[60792. 61267. 61380.] t2_sim:[66317. 66518. 63393.]
Task is 90.00% complete.
t1_sim:[63675. 63682. 62264.] t2_sim:[57806. 57596. 56243.]
Task is 91.00% complete.
t1_sim:[57633. 57653. 56045.] t2_sim:[60845. 61297. 62171.]
Task is 92.00% complete.
t1_sim:[53447. 53359. 56548.] t2_sim:[59579. 59603. 61801.]
Task is 93.00% complete.
t1_sim:[67687. 67396. 67027.] t2_sim:[66940. 66934. 66118.]
Task is 94.00% complete.
t1_sim:[60486. 60394. 61089.] t2_sim:[60898. 60780. 59840.]
Task is 95.00% complete.
t1_sim:[64983. 64949. 63900.] t2_sim:[61329. 61215. 61711.]
Task is 96.00% complete.
t1_sim:[64856. 64389. 64126.] t2_sim:[64510. 64333. 65972.]
Task is 97.00% complete.
t1_sim:[57135. 56992. 58242.] t2_sim:[61807. 61656. 60687.]
Task is 98.00% complete.
t1_sim:[67113. 66851. 65594.] t2_sim:[67503. 67656. 67119.]
Task is 99.00% complete.
t1_sim:[60349. 60453. 59130.] t2_sim:[66784. 66851. 69822.]
Training start
t1_obs:[array(62820.), array(62615.), array(60700.)] t2_obs:[array(62417.), array(62497.), array(60685.)]
corr_G1:[None, None, 0.179007857969213] corr_G2:[None, None, -0.03757282336429716]
Training end
Task is 0.00% complete.
t1_sim:[64832. 64632. 64794.] t2_sim:[63690. 63527. 62359.]
Task is 1.00% complete.
t1_sim:[62338. 62285. 64127.] t2_sim:[64998. 65196. 65102.]
Task is 2.00% complete.
t1_sim:[64038. 63943. 64162.] t2_sim:[57357. 57185. 58896.]
Task is 3.00% complete.
t1_sim:[64187. 64559. 65431.] t2_sim:[60558. 60811. 58232.]
Task is 4.00% complete.
t1_sim:[64781. 64982. 65674.] t2_sim:[64609. 64255. 65340.]
Task is 5.00% complete.
t1_sim:[61772. 61563. 59741.] t2_sim:[58858. 58584. 58881.]
Task is 6.00% complete.
t1_sim:[59765. 59700. 58977.] t2_sim:[65074. 65361. 65395.]
Task is 7.00% complete.
t1_sim:[59261. 59428. 59985.] t2_sim:[57930. 58493. 59576.]
Task is 8.00% complete.
t1_sim:[60241. 60478. 63924.] t2_sim:[62695. 62499. 65331.]
Task is 9.00% complete.
t1_sim:[61688. 61791. 59704.] t2_sim:[61259. 61138. 58636.]
Task is 10.00% complete.
t1_sim:[64710. 64548. 64200.] t2_sim:[62738. 62344. 62963.]
Task is 11.00% complete.
t1_sim:[64998. 64976. 64228.] t2_sim:[60397. 60212. 59380.]
Task is 12.00% complete.
t1_sim:[58975. 59344. 61851.] t2_sim:[61432. 61663. 62180.]
Task is 13.00% complete.
t1_sim:[64136. 63979. 65359.] t2_sim:[64096. 64307. 65445.]
Task is 14.00% complete.
t1_sim:[69506. 69728. 71156.] t2_sim:[62648. 62491. 62608.]
Task is 15.00% complete.
t1_sim:[68340. 68351. 65561.] t2_sim:[65841. 65831. 60884.]
Task is 16.00% complete.
t1_sim:[56115. 55817. 57252.] t2_sim:[64159. 64002. 61161.]
Task is 17.00% complete.
t1_sim:[64180. 64403. 63905.] t2_sim:[61371. 61144. 58236.]
Task is 18.00% complete.
t1_sim:[61708. 61901. 59123.] t2_sim:[59151. 59181. 59115.]
Task is 19.00% complete.
t1_sim:[58046. 58119. 58306.] t2_sim:[59786. 60076. 62181.]
Task is 20.00% complete.
t1_sim:[59988. 60367. 63228.] t2_sim:[59318. 59217. 59332.]
Task is 21.00% complete.
t1_sim:[66146. 65834. 66200.] t2_sim:[66577. 66727. 65022.]
Task is 22.00% complete.
t1_sim:[67031. 66677. 66467.] t2_sim:[67375. 67610. 67845.]
Task is 23.00% complete.
t1_sim:[59991. 60014. 62486.] t2_sim:[67368. 67211. 69017.]
Task is 24.00% complete.
t1_sim:[63146. 63064. 61336.] t2_sim:[64341. 64847. 62719.]
Task is 25.00% complete.
t1_sim:[69502. 69497. 64918.] t2_sim:[59227. 59133. 59150.]
Task is 26.00% complete.
t1_sim:[63996. 63830. 64369.] t2_sim:[65058. 64599. 66874.]
Task is 27.00% complete.
t1_sim:[60801. 60848. 61852.] t2_sim:[58281. 58107. 57703.]
Task is 28.00% complete.
t1_sim:[61659. 61421. 61290.] t2_sim:[67022. 66905. 69668.]
Task is 29.00% complete.
t1_sim:[66076. 66072. 65425.] t2_sim:[59754. 59772. 60759.]
Task is 30.00% complete.
t1_sim:[62130. 62254. 63490.] t2_sim:[56451. 56275. 56285.]
Task is 31.00% complete.
t1_sim:[62780. 62594. 63325.] t2_sim:[62915. 62627. 62466.]
Task is 32.00% complete.
t1_sim:[61568. 61232. 61117.] t2_sim:[59275. 59212. 58904.]
Task is 33.00% complete.
t1_sim:[66868. 66796. 63916.] t2_sim:[63279. 63085. 61955.]
Task is 34.00% complete.
t1_sim:[58616. 58449. 59028.] t2_sim:[58514. 58269. 58185.]
Task is 35.00% complete.
t1_sim:[53952. 53455. 55329.] t2_sim:[60929. 60949. 60202.]
Task is 36.00% complete.
t1_sim:[64373. 64595. 64620.] t2_sim:[62959. 62793. 60395.]
Task is 37.00% complete.
t1_sim:[63033. 63323. 60964.] t2_sim:[65117. 65160. 64703.]
Task is 38.00% complete.
t1_sim:[64822. 64434. 61820.] t2_sim:[67503. 67156. 64855.]
Task is 39.00% complete.
t1_sim:[62620. 62463. 62124.] t2_sim:[59425. 59185. 58836.]
Task is 40.00% complete.
t1_sim:[62968. 62522. 64847.] t2_sim:[59435. 59270. 62238.]
Task is 41.00% complete.
t1_sim:[61878. 61831. 62833.] t2_sim:[65363. 64764. 63917.]
Task is 42.00% complete.
t1_sim:[69793. 69760. 67588.] t2_sim:[62904. 62969. 61406.]
Task is 43.00% complete.
t1_sim:[64789. 64730. 65302.] t2_sim:[57226. 56607. 58157.]
Task is 44.00% complete.
t1_sim:[65736. 65599. 67162.] t2_sim:[66374. 66370. 64534.]
Task is 45.00% complete.
t1_sim:[63563. 63668. 64068.] t2_sim:[61522. 61544. 60820.]
Task is 46.00% complete.
t1_sim:[61933. 62384. 62130.] t2_sim:[62055. 61724. 60957.]
Task is 47.00% complete.
t1_sim:[55077. 54640. 56680.] t2_sim:[62196. 61812. 63345.]
Task is 48.00% complete.
t1_sim:[66040. 65864. 66811.] t2_sim:[64360. 64237. 65724.]
Task is 49.00% complete.
t1_sim:[64302. 64550. 63399.] t2_sim:[62757. 62381. 60270.]
Task is 50.00% complete.
t1_sim:[62481. 62731. 62070.] t2_sim:[61662. 61757. 62942.]
Task is 51.00% complete.
t1_sim:[64158. 64454. 65131.] t2_sim:[62300. 62395. 62706.]
Task is 52.00% complete.
t1_sim:[64872. 64562. 64947.] t2_sim:[62632. 62829. 65288.]
Task is 53.00% complete.
t1_sim:[62761. 62816. 61990.] t2_sim:[65475. 65684. 66187.]
Task is 54.00% complete.
t1_sim:[58975. 59012. 58736.] t2_sim:[66357. 66465. 64341.]
Task is 55.00% complete.
t1_sim:[65852. 65898. 66012.] t2_sim:[64556. 64786. 64546.]
Task is 56.00% complete.
t1_sim:[63643. 63729. 62377.] t2_sim:[65370. 65283. 68114.]
Task is 57.00% complete.
t1_sim:[61860. 61564. 61106.] t2_sim:[57582. 57372. 59377.]
Task is 58.00% complete.
t1_sim:[63791. 64138. 62319.] t2_sim:[63131. 63381. 63109.]
Task is 59.00% complete.
t1_sim:[63893. 63770. 63223.] t2_sim:[64714. 64818. 65219.]
Task is 60.00% complete.
t1_sim:[64374. 64666. 66484.] t2_sim:[66176. 66185. 68117.]
Task is 61.00% complete.
t1_sim:[56773. 57022. 58815.] t2_sim:[65233. 65639. 68230.]
Task is 62.00% complete.
t1_sim:[63245. 63644. 64544.] t2_sim:[66298. 66745. 67263.]
Task is 63.00% complete.
t1_sim:[58895. 58989. 59775.] t2_sim:[57412. 57733. 59156.]
Task is 64.00% complete.
t1_sim:[62860. 62836. 62518.] t2_sim:[63713. 63727. 63034.]
Task is 65.00% complete.
t1_sim:[66571. 66546. 65582.] t2_sim:[59650. 59606. 60962.]
Task is 66.00% complete.
t1_sim:[66235. 65764. 65701.] t2_sim:[66374. 66779. 66968.]
Task is 67.00% complete.
t1_sim:[67063. 66845. 66483.] t2_sim:[64076. 63558. 61515.]
Task is 68.00% complete.
t1_sim:[62178. 61982. 62051.] t2_sim:[66983. 67161. 70117.]
Task is 69.00% complete.
t1_sim:[60439. 60536. 60457.] t2_sim:[64397. 64066. 64402.]
Task is 70.00% complete.
t1_sim:[62002. 62418. 64420.] t2_sim:[59023. 58947. 57587.]
Task is 71.00% complete.
t1_sim:[58278. 58149. 59319.] t2_sim:[62482. 62810. 60038.]
Task is 72.00% complete.
t1_sim:[69284. 69181. 69639.] t2_sim:[63070. 63096. 62765.]
Task is 73.00% complete.
t1_sim:[67467. 67230. 67022.] t2_sim:[61673. 61965. 62523.]
Task is 74.00% complete.
t1_sim:[61412. 61429. 61549.] t2_sim:[69560. 69867. 70369.]
Task is 75.00% complete.
t1_sim:[61509. 60877. 61645.] t2_sim:[67358. 67123. 64988.]
Task is 76.00% complete.
t1_sim:[64919. 65376. 63721.] t2_sim:[64849. 64771. 64299.]
Task is 77.00% complete.
t1_sim:[60686. 60590. 60574.] t2_sim:[67500. 67638. 64020.]
Task is 78.00% complete.
t1_sim:[61677. 61792. 59699.] t2_sim:[64895. 64607. 64213.]
Task is 79.00% complete.
t1_sim:[62451. 62066. 62781.] t2_sim:[63158. 63297. 66265.]
Task is 80.00% complete.
t1_sim:[56074. 56150. 56583.] t2_sim:[63051. 62766. 63292.]
Task is 81.00% complete.
t1_sim:[61367. 61298. 60639.] t2_sim:[64826. 64811. 62636.]
Task is 82.00% complete.
t1_sim:[60688. 60528. 61399.] t2_sim:[65318. 65131. 66796.]
Task is 83.00% complete.
t1_sim:[60713. 60945. 60956.] t2_sim:[62270. 62227. 62837.]
Task is 84.00% complete.
t1_sim:[62702. 62669. 64257.] t2_sim:[58280. 57975. 57139.]
Task is 85.00% complete.
t1_sim:[66055. 66361. 65555.] t2_sim:[60778. 61017. 61337.]
Task is 86.00% complete.
t1_sim:[65476. 65492. 65214.] t2_sim:[69745. 69813. 67626.]
Task is 87.00% complete.
t1_sim:[66667. 66763. 65385.] t2_sim:[61940. 62262. 61983.]
Task is 88.00% complete.
t1_sim:[61046. 61015. 60596.] t2_sim:[61157. 61375. 62290.]
Task is 89.00% complete.
t1_sim:[66924. 66964. 66883.] t2_sim:[60461. 60732. 64994.]
Task is 90.00% complete.
t1_sim:[58006. 57987. 56815.] t2_sim:[63921. 63687. 63656.]
Task is 91.00% complete.
t1_sim:[58591. 58475. 57404.] t2_sim:[61864. 62037. 62763.]
Task is 92.00% complete.
t1_sim:[66658. 66645. 65437.] t2_sim:[62235. 62206. 62948.]
Task is 93.00% complete.
t1_sim:[63662. 63387. 63057.] t2_sim:[65334. 65603. 64070.]
Task is 94.00% complete.
t1_sim:[57366. 57271. 58133.] t2_sim:[62984. 62912. 64583.]
Task is 95.00% complete.
t1_sim:[65326. 65607. 65210.] t2_sim:[65009. 64894. 62568.]
Task is 96.00% complete.
t1_sim:[61457. 61383. 61853.] t2_sim:[62267. 62313. 61821.]
Task is 97.00% complete.
t1_sim:[63816. 63904. 64891.] t2_sim:[70768. 70430. 72330.]
Task is 98.00% complete.
t1_sim:[60770. 60555. 62038.] t2_sim:[60598. 60454. 60654.]
Task is 99.00% complete.
t1_sim:[64284. 64564. 66513.] t2_sim:[58450. 58422. 62176.]
Finished
