Begin
Training start
t1_obs:[array(88976.), array(67118.), array(64972.)] t2_obs:[array(88620.), array(67471.), array(63724.)]
corr_G1:[None, None, -2.311564966478237e-18] corr_G2:[None, None, 0]
Training end
Task is 0.00% complete.
t1_sim:[58087. 57771. 60053.] t2_sim:[59453. 60284. 58532.]
Task is 1.00% complete.
t1_sim:[59669. 58056. 61368.] t2_sim:[65921. 64034. 60374.]
Task is 2.00% complete.
t1_sim:[62317. 61687. 65016.] t2_sim:[64463. 63257. 66196.]
Task is 3.00% complete.
t1_sim:[61486. 61530. 58854.] t2_sim:[63518. 65131. 63979.]
Task is 4.00% complete.
t1_sim:[61207. 62403. 62861.] t2_sim:[61887. 61285. 62620.]
Task is 5.00% complete.
t1_sim:[64880. 63424. 63921.] t2_sim:[66751. 68058. 64573.]
Task is 6.00% complete.
t1_sim:[66434. 64353. 68453.] t2_sim:[68781. 66342. 68173.]
Task is 7.00% complete.
t1_sim:[57532. 59079. 60230.] t2_sim:[61862. 61018. 59556.]
Task is 8.00% complete.
t1_sim:[60366. 62059. 61525.] t2_sim:[66275. 66536. 64911.]
Task is 9.00% complete.
t1_sim:[61176. 61097. 62288.] t2_sim:[61151. 61334. 61036.]
Task is 10.00% complete.
t1_sim:[71115. 72179. 70546.] t2_sim:[66795. 66033. 69295.]
Task is 11.00% complete.
t1_sim:[65524. 65486. 61536.] t2_sim:[63224. 64946. 62446.]
Task is 12.00% complete.
t1_sim:[67155. 67340. 66807.] t2_sim:[64885. 67098. 62975.]
Task is 13.00% complete.
t1_sim:[61325. 61978. 61493.] t2_sim:[53177. 53882. 52796.]
Task is 14.00% complete.
t1_sim:[57978. 58372. 59614.] t2_sim:[57356. 59584. 62068.]
Task is 15.00% complete.
t1_sim:[62880. 60674. 62350.] t2_sim:[64373. 65466. 64269.]
Task is 16.00% complete.
t1_sim:[61442. 60998. 58840.] t2_sim:[60426. 61439. 61007.]
Task is 17.00% complete.
t1_sim:[60960. 61603. 58319.] t2_sim:[62516. 62528. 61541.]
Task is 18.00% complete.
t1_sim:[63854. 64157. 66110.] t2_sim:[60007. 60314. 56425.]
Task is 19.00% complete.
t1_sim:[67818. 66008. 64857.] t2_sim:[66737. 64197. 62635.]
Task is 20.00% complete.
t1_sim:[65315. 64823. 63233.] t2_sim:[66505. 66470. 64464.]
Task is 21.00% complete.
t1_sim:[61022. 62616. 64325.] t2_sim:[62031. 62647. 63152.]
Task is 22.00% complete.
t1_sim:[61177. 61524. 63814.] t2_sim:[62096. 61282. 59770.]
Task is 23.00% complete.
t1_sim:[66524. 65966. 66347.] t2_sim:[63067. 62289. 60948.]
Task is 24.00% complete.
t1_sim:[63788. 63732. 62668.] t2_sim:[70689. 69589. 68855.]
Task is 25.00% complete.
t1_sim:[65113. 63870. 67097.] t2_sim:[59254. 58012. 59012.]
Task is 26.00% complete.
t1_sim:[61383. 62919. 63499.] t2_sim:[58400. 57541. 57132.]
Task is 27.00% complete.
t1_sim:[60171. 62626. 61631.] t2_sim:[61844. 62234. 63462.]
Task is 28.00% complete.
t1_sim:[57620. 58479. 61091.] t2_sim:[66888. 66599. 65196.]
Task is 29.00% complete.
t1_sim:[63736. 64491. 64785.] t2_sim:[60640. 62561. 61170.]
Task is 30.00% complete.
t1_sim:[61506. 60151. 60862.] t2_sim:[64457. 64917. 64751.]
Task is 31.00% complete.
t1_sim:[67725. 67459. 66810.] t2_sim:[64148. 65701. 70606.]
Task is 32.00% complete.
t1_sim:[59706. 60307. 61690.] t2_sim:[62118. 62304. 61488.]
Task is 33.00% complete.
t1_sim:[61442. 61475. 63128.] t2_sim:[62145. 62255. 63183.]
Task is 34.00% complete.
t1_sim:[56014. 58239. 57062.] t2_sim:[63286. 60371. 63970.]
Task is 35.00% complete.
t1_sim:[63212. 63829. 63014.] t2_sim:[59476. 58363. 58444.]
Task is 36.00% complete.
t1_sim:[65871. 67832. 67185.] t2_sim:[61904. 61084. 63182.]
Task is 37.00% complete.
t1_sim:[66030. 63604. 68483.] t2_sim:[63658. 65050. 66462.]
Task is 38.00% complete.
t1_sim:[63863. 65489. 61937.] t2_sim:[65624. 65948. 64664.]
Task is 39.00% complete.
t1_sim:[60145. 62424. 58336.] t2_sim:[62187. 61558. 60806.]
Task is 40.00% complete.
t1_sim:[62214. 63758. 62555.] t2_sim:[65491. 66372. 66188.]
Task is 41.00% complete.
t1_sim:[57061. 58342. 60628.] t2_sim:[55649. 54781. 52707.]
Task is 42.00% complete.
t1_sim:[62033. 62285. 63866.] t2_sim:[66140. 66570. 63329.]
Task is 43.00% complete.
t1_sim:[62044. 61955. 64139.] t2_sim:[56010. 56461. 56704.]
Task is 44.00% complete.
t1_sim:[69042. 68971. 71441.] t2_sim:[64125. 63437. 64013.]
Task is 45.00% complete.
t1_sim:[66211. 66794. 67439.] t2_sim:[63038. 63782. 66214.]
Task is 46.00% complete.
t1_sim:[62553. 63184. 63358.] t2_sim:[58555. 59081. 60529.]
Task is 47.00% complete.
t1_sim:[60731. 61028. 58720.] t2_sim:[61244. 62226. 63342.]
Task is 48.00% complete.
t1_sim:[65062. 64466. 63538.] t2_sim:[64527. 63924. 63489.]
Task is 49.00% complete.
t1_sim:[65688. 65446. 64354.] t2_sim:[62608. 63672. 63813.]
Task is 50.00% complete.
t1_sim:[57772. 59746. 60259.] t2_sim:[60705. 63900. 60975.]
Task is 51.00% complete.
t1_sim:[64619. 63415. 63216.] t2_sim:[66149. 64285. 67351.]
Task is 52.00% complete.
t1_sim:[62501. 62085. 61753.] t2_sim:[65843. 63482. 63190.]
Task is 53.00% complete.
t1_sim:[67346. 66324. 66179.] t2_sim:[60680. 61282. 59384.]
Task is 54.00% complete.
t1_sim:[61672. 63013. 62536.] t2_sim:[54387. 54619. 55140.]
Task is 55.00% complete.
t1_sim:[64421. 64355. 59784.] t2_sim:[60667. 61411. 64299.]
Task is 56.00% complete.
t1_sim:[67624. 65238. 66050.] t2_sim:[60971. 60751. 62916.]
Task is 57.00% complete.
t1_sim:[65589. 64184. 63150.] t2_sim:[60628. 58761. 63757.]
Task is 58.00% complete.
t1_sim:[61469. 64017. 61711.] t2_sim:[59416. 60342. 60249.]
Task is 59.00% complete.
t1_sim:[66791. 64681. 65304.] t2_sim:[63241. 62259. 64768.]
Task is 60.00% complete.
t1_sim:[58324. 57798. 57249.] t2_sim:[60918. 60378. 61312.]
Task is 61.00% complete.
t1_sim:[67847. 67220. 64336.] t2_sim:[61676. 62827. 64111.]
Task is 62.00% complete.
t1_sim:[64622. 62120. 62755.] t2_sim:[60960. 61226. 63302.]
Task is 63.00% complete.
t1_sim:[61604. 62449. 55979.] t2_sim:[59034. 58941. 60890.]
Task is 64.00% complete.
t1_sim:[61796. 62030. 64058.] t2_sim:[59954. 60246. 60281.]
Task is 65.00% complete.
t1_sim:[60431. 60900. 61856.] t2_sim:[61143. 61728. 64733.]
Task is 66.00% complete.
t1_sim:[61746. 60892. 59621.] t2_sim:[63432. 62948. 66684.]
Task is 67.00% complete.
t1_sim:[61271. 59947. 59812.] t2_sim:[60338. 59793. 60113.]
Task is 68.00% complete.
t1_sim:[67381. 66664. 66426.] t2_sim:[57633. 59585. 59549.]
Task is 69.00% complete.
t1_sim:[64075. 63457. 61161.] t2_sim:[64866. 64678. 66024.]
Task is 70.00% complete.
t1_sim:[56521. 57495. 57171.] t2_sim:[61251. 61264. 61450.]
Task is 71.00% complete.
t1_sim:[66279. 65246. 66008.] t2_sim:[60925. 62635. 65491.]
Task is 72.00% complete.
t1_sim:[66807. 65460. 65996.] t2_sim:[55211. 56948. 55678.]
Task is 73.00% complete.
t1_sim:[62283. 61393. 59242.] t2_sim:[66385. 65705. 65048.]
Task is 74.00% complete.
t1_sim:[62849. 63067. 60897.] t2_sim:[62537. 62664. 62762.]
Task is 75.00% complete.
t1_sim:[63930. 62406. 59500.] t2_sim:[63558. 62308. 61244.]
Task is 76.00% complete.
t1_sim:[57613. 58373. 60702.] t2_sim:[62708. 63567. 63215.]
Task is 77.00% complete.
t1_sim:[64711. 64017. 63794.] t2_sim:[58858. 63187. 60753.]
Task is 78.00% complete.
t1_sim:[58025. 59608. 59247.] t2_sim:[64701. 64177. 66619.]
Task is 79.00% complete.
t1_sim:[64223. 63193. 61175.] t2_sim:[62254. 61322. 64270.]
Task is 80.00% complete.
t1_sim:[62994. 63537. 65119.] t2_sim:[59480. 60857. 61247.]
Task is 81.00% complete.
t1_sim:[61011. 61262. 63516.] t2_sim:[63790. 64638. 65243.]
Task is 82.00% complete.
t1_sim:[60005. 62509. 60167.] t2_sim:[60908. 60212. 62425.]
Task is 83.00% complete.
t1_sim:[56768. 57255. 57697.] t2_sim:[64812. 63788. 62461.]
Task is 84.00% complete.
t1_sim:[61657. 62703. 65091.] t2_sim:[61780. 62082. 63342.]
Task is 85.00% complete.
t1_sim:[64183. 62763. 65125.] t2_sim:[59000. 59835. 62424.]
Task is 86.00% complete.
t1_sim:[63451. 63436. 62345.] t2_sim:[64899. 65216. 66484.]
Task is 87.00% complete.
t1_sim:[57769. 58324. 58685.] t2_sim:[60767. 60259. 63556.]
Task is 88.00% complete.
t1_sim:[56479. 56281. 57714.] t2_sim:[66935. 65690. 62948.]
Task is 89.00% complete.
t1_sim:[64850. 62929. 65837.] t2_sim:[62848. 64324. 63819.]
Task is 90.00% complete.
t1_sim:[61133. 60505. 60615.] t2_sim:[63904. 62385. 60498.]
Task is 91.00% complete.
t1_sim:[62773. 62794. 62427.] t2_sim:[60955. 61354. 61360.]
Task is 92.00% complete.
t1_sim:[60454. 59727. 58892.] t2_sim:[69817. 69695. 69980.]
Task is 93.00% complete.
t1_sim:[59584. 58422. 64903.] t2_sim:[60790. 63222. 61343.]
Task is 94.00% complete.
t1_sim:[61945. 63366. 60628.] t2_sim:[61680. 61947. 56935.]
Task is 95.00% complete.
t1_sim:[69445. 68253. 68286.] t2_sim:[61021. 59193. 63507.]
Task is 96.00% complete.
t1_sim:[64389. 63868. 62612.] t2_sim:[63110. 61831. 61440.]
Task is 97.00% complete.
t1_sim:[63392. 62809. 63127.] t2_sim:[66024. 67193. 65556.]
Task is 98.00% complete.
t1_sim:[61897. 61039. 62661.] t2_sim:[61405. 63430. 61075.]
Task is 99.00% complete.
t1_sim:[62893. 63928. 62756.] t2_sim:[63667. 65300. 64694.]
Training start
t1_obs:[array(88976.), array(67118.), array(64681.)] t2_obs:[array(88620.), array(67471.), array(63028.)]
corr_G1:[None, None, 0.9828478125424606] corr_G2:[None, None, 0.9734952255235777]
Training end
Task is 0.00% complete.
t1_sim:[60135. 64008. 63518.] t2_sim:[62332. 62037. 65090.]
Task is 1.00% complete.
t1_sim:[69549. 68822. 68241.] t2_sim:[67784. 68546. 68841.]
Task is 2.00% complete.
t1_sim:[62173. 63548. 63401.] t2_sim:[64458. 64344. 64759.]
Task is 3.00% complete.
t1_sim:[68465. 67635. 67194.] t2_sim:[65907. 65002. 65198.]
Task is 4.00% complete.
t1_sim:[62653. 64409. 65624.] t2_sim:[58242. 59271. 61177.]
Task is 5.00% complete.
t1_sim:[58947. 60007. 61259.] t2_sim:[62736. 60875. 61228.]
Task is 6.00% complete.
t1_sim:[62595. 61936. 60241.] t2_sim:[64320. 64479. 63616.]
Task is 7.00% complete.
t1_sim:[67168. 67012. 66295.] t2_sim:[62117. 61986. 61630.]
Task is 8.00% complete.
t1_sim:[59780. 59583. 59092.] t2_sim:[62990. 62347. 61976.]
Task is 9.00% complete.
t1_sim:[63123. 61559. 61070.] t2_sim:[63782. 63154. 62849.]
Task is 10.00% complete.
t1_sim:[62541. 62963. 61849.] t2_sim:[64840. 65288. 66506.]
Task is 11.00% complete.
t1_sim:[65981. 65732. 64834.] t2_sim:[65352. 64939. 65744.]
Task is 12.00% complete.
t1_sim:[61821. 62290. 63781.] t2_sim:[58888. 60179. 64288.]
Task is 13.00% complete.
t1_sim:[60810. 61378. 60849.] t2_sim:[62214. 62442. 64565.]
Task is 14.00% complete.
t1_sim:[59056. 58525. 58667.] t2_sim:[62524. 62751. 65123.]
Task is 15.00% complete.
t1_sim:[61101. 57122. 59553.] t2_sim:[64921. 64419. 66913.]
Task is 16.00% complete.
t1_sim:[64097. 64193. 64399.] t2_sim:[63556. 61317. 60915.]
Task is 17.00% complete.
t1_sim:[66304. 66952. 64960.] t2_sim:[63134. 61642. 62460.]
Task is 18.00% complete.
t1_sim:[70633. 69649. 65798.] t2_sim:[62046. 62864. 65824.]
Task is 19.00% complete.
t1_sim:[61416. 62996. 63454.] t2_sim:[63489. 62827. 62830.]
Task is 20.00% complete.
t1_sim:[62865. 60177. 59996.] t2_sim:[65243. 66805. 67845.]
Task is 21.00% complete.
t1_sim:[66504. 69420. 70995.] t2_sim:[65111. 64378. 66471.]
Task is 22.00% complete.
t1_sim:[58940. 59678. 58025.] t2_sim:[67223. 67352. 67200.]
Task is 23.00% complete.
t1_sim:[63362. 62122. 62064.] t2_sim:[59859. 60671. 61222.]
Task is 24.00% complete.
t1_sim:[60176. 61054. 60532.] t2_sim:[68091. 67103. 66621.]
Task is 25.00% complete.
t1_sim:[63472. 66819. 65301.] t2_sim:[69191. 69080. 71281.]
Task is 26.00% complete.
t1_sim:[62548. 62523. 64690.] t2_sim:[55608. 56658. 56923.]
Task is 27.00% complete.
t1_sim:[59952. 58473. 59013.] t2_sim:[61882. 62775. 64340.]
Task is 28.00% complete.
t1_sim:[61629. 62705. 61712.] t2_sim:[59536. 59741. 61051.]
Task is 29.00% complete.
t1_sim:[62741. 63810. 62858.] t2_sim:[64691. 65778. 67546.]
Task is 30.00% complete.
t1_sim:[60840. 59333. 59575.] t2_sim:[67239. 67006. 66373.]
Task is 31.00% complete.
t1_sim:[63762. 64493. 64490.] t2_sim:[61142. 58783. 60645.]
Task is 32.00% complete.
t1_sim:[60223. 62818. 61862.] t2_sim:[65781. 65385. 65964.]
Task is 33.00% complete.
t1_sim:[62662. 62735. 61068.] t2_sim:[63006. 61438. 63883.]
Task is 34.00% complete.
t1_sim:[64521. 64004. 64731.] t2_sim:[65183. 63734. 65052.]
Task is 35.00% complete.
t1_sim:[60373. 60784. 61560.] t2_sim:[56469. 57164. 58292.]
Task is 36.00% complete.
t1_sim:[59243. 61070. 60395.] t2_sim:[65241. 64544. 65616.]
Task is 37.00% complete.
t1_sim:[67466. 68407. 67786.] t2_sim:[67076. 67804. 66481.]
Task is 38.00% complete.
t1_sim:[63733. 63045. 64405.] t2_sim:[59171. 60234. 60309.]
Task is 39.00% complete.
t1_sim:[62413. 61474. 61178.] t2_sim:[66275. 65733. 66843.]
Task is 40.00% complete.
t1_sim:[63670. 61636. 61202.] t2_sim:[66870. 67331. 66722.]
Task is 41.00% complete.
t1_sim:[65798. 69293. 68327.] t2_sim:[66179. 65697. 66561.]
Task is 42.00% complete.
t1_sim:[57734. 57923. 59127.] t2_sim:[61402. 59895. 61209.]
Task is 43.00% complete.
t1_sim:[59393. 58772. 58187.] t2_sim:[59829. 60314. 61450.]
Task is 44.00% complete.
t1_sim:[57255. 58202. 59006.] t2_sim:[62216. 61912. 62660.]
Task is 45.00% complete.
t1_sim:[60069. 59767. 61204.] t2_sim:[62647. 61028. 61886.]
Task is 46.00% complete.
t1_sim:[60513. 59291. 59423.] t2_sim:[60104. 61600. 60335.]
Task is 47.00% complete.
t1_sim:[63845. 63143. 62265.] t2_sim:[57721. 58874. 59121.]
Task is 48.00% complete.
t1_sim:[57846. 58210. 56642.] t2_sim:[63905. 61996. 62856.]
Task is 49.00% complete.
t1_sim:[63010. 61491. 60120.] t2_sim:[67311. 69110. 70618.]
Task is 50.00% complete.
t1_sim:[59409. 59589. 57928.] t2_sim:[62206. 62593. 63186.]
Task is 51.00% complete.
t1_sim:[58662. 58136. 57597.] t2_sim:[60983. 62300. 61256.]
Task is 52.00% complete.
t1_sim:[65573. 66103. 66843.] t2_sim:[56019. 57447. 58446.]
Task is 53.00% complete.
t1_sim:[65303. 64695. 63104.] t2_sim:[64809. 64584. 66450.]
Task is 54.00% complete.
t1_sim:[65130. 63424. 61060.] t2_sim:[60684. 62265. 63332.]
Task is 55.00% complete.
t1_sim:[59941. 62535. 60818.] t2_sim:[65313. 66356. 68755.]
Task is 56.00% complete.
t1_sim:[63999. 63165. 64005.] t2_sim:[66637. 65647. 68621.]
Task is 57.00% complete.
t1_sim:[62895. 63829. 62496.] t2_sim:[61662. 60832. 60121.]
Task is 58.00% complete.
t1_sim:[64470. 65177. 65363.] t2_sim:[65374. 65763. 65629.]
Task is 59.00% complete.
t1_sim:[62909. 61568. 61928.] t2_sim:[60401. 60361. 60235.]
Task is 60.00% complete.
t1_sim:[69246. 69264. 70701.] t2_sim:[65459. 64946. 65077.]
Task is 61.00% complete.
t1_sim:[61225. 62559. 61549.] t2_sim:[65391. 64080. 66667.]
Task is 62.00% complete.
t1_sim:[62538. 62238. 61459.] t2_sim:[62625. 62475. 63319.]
Task is 63.00% complete.
t1_sim:[64392. 65557. 64376.] t2_sim:[63868. 64446. 67037.]
Task is 64.00% complete.
t1_sim:[61397. 62193. 64977.] t2_sim:[57242. 57616. 59416.]
Task is 65.00% complete.
t1_sim:[62338. 60748. 60905.] t2_sim:[65524. 65205. 64881.]
Task is 66.00% complete.
t1_sim:[65763. 64887. 63940.] t2_sim:[66333. 64167. 65813.]
Task is 67.00% complete.
t1_sim:[61551. 61130. 58731.] t2_sim:[66483. 64485. 67131.]
Task is 68.00% complete.
t1_sim:[59574. 60618. 60957.] t2_sim:[61606. 61757. 62766.]
Task is 69.00% complete.
t1_sim:[62482. 62381. 61463.] t2_sim:[59278. 58158. 60238.]
Task is 70.00% complete.
t1_sim:[58405. 58310. 59491.] t2_sim:[65430. 66718. 65979.]
Task is 71.00% complete.
t1_sim:[63105. 62913. 63211.] t2_sim:[64685. 62407. 63571.]
Task is 72.00% complete.
t1_sim:[56700. 56679. 56217.] t2_sim:[65020. 63044. 62390.]
Task is 73.00% complete.
t1_sim:[60853. 60478. 59088.] t2_sim:[57242. 59841. 61721.]
Task is 74.00% complete.
t1_sim:[63864. 63539. 62548.] t2_sim:[62440. 61565. 62321.]
Task is 75.00% complete.
t1_sim:[65886. 67618. 66215.] t2_sim:[63542. 62842. 65705.]
Task is 76.00% complete.
t1_sim:[58324. 58271. 58399.] t2_sim:[57214. 57929. 59674.]
Task is 77.00% complete.
t1_sim:[62439. 62706. 63685.] t2_sim:[64054. 63652. 63869.]
Task is 78.00% complete.
t1_sim:[68452. 67725. 66465.] t2_sim:[59686. 59590. 61236.]
Task is 79.00% complete.
t1_sim:[62808. 63638. 64857.] t2_sim:[58248. 58792. 59768.]
Task is 80.00% complete.
t1_sim:[58636. 55998. 56982.] t2_sim:[64863. 65053. 66863.]
Task is 81.00% complete.
t1_sim:[67627. 66982. 67507.] t2_sim:[61200. 61538. 63956.]
Task is 82.00% complete.
t1_sim:[60610. 60636. 59441.] t2_sim:[61679. 62911. 65273.]
Task is 83.00% complete.
t1_sim:[62765. 64244. 65423.] t2_sim:[63698. 63426. 66136.]
Task is 84.00% complete.
t1_sim:[57410. 57085. 58438.] t2_sim:[60856. 59517. 62933.]
Task is 85.00% complete.
t1_sim:[56450. 53750. 53884.] t2_sim:[62039. 60949. 61467.]
Task is 86.00% complete.
t1_sim:[60095. 61223. 60726.] t2_sim:[61650. 61733. 62145.]
Task is 87.00% complete.
t1_sim:[59198. 57494. 57889.] t2_sim:[66028. 65359. 66516.]
Task is 88.00% complete.
t1_sim:[63162. 66613. 66737.] t2_sim:[62385. 62307. 63862.]
Task is 89.00% complete.
t1_sim:[61106. 59335. 60057.] t2_sim:[67026. 67009. 66230.]
Task is 90.00% complete.
t1_sim:[64863. 64949. 65105.] t2_sim:[61946. 62093. 62353.]
Task is 91.00% complete.
t1_sim:[64714. 65342. 66501.] t2_sim:[64733. 64241. 62731.]
Task is 92.00% complete.
t1_sim:[59224. 58608. 58257.] t2_sim:[56351. 57164. 58874.]
Task is 93.00% complete.
t1_sim:[63668. 64004. 63492.] t2_sim:[63698. 60529. 62106.]
Task is 94.00% complete.
t1_sim:[55728. 56388. 57539.] t2_sim:[60277. 58470. 60923.]
Task is 95.00% complete.
t1_sim:[60908. 61565. 60191.] t2_sim:[60321. 59759. 59216.]
Task is 96.00% complete.
t1_sim:[61825. 60172. 60807.] t2_sim:[69033. 69362. 69518.]
Task is 97.00% complete.
t1_sim:[67482. 69056. 68184.] t2_sim:[66207. 67304. 66878.]
Task is 98.00% complete.
t1_sim:[58477. 59168. 60826.] t2_sim:[61698. 62793. 62880.]
Task is 99.00% complete.
t1_sim:[61714. 62768. 64592.] t2_sim:[59204. 58886. 60516.]
Training start
t1_obs:[array(88976.), array(67118.), array(61130.)] t2_obs:[array(88620.), array(67471.), array(61819.)]
corr_G1:[None, None, 0.0436210646674391] corr_G2:[None, None, 0.03160146624448114]
Training end
Task is 0.00% complete.
t1_sim:[64436. 62043. 59289.] t2_sim:[62116. 60451. 57868.]
Task is 1.00% complete.
t1_sim:[67466. 65780. 63065.] t2_sim:[59429. 60244. 55254.]
Task is 2.00% complete.
t1_sim:[66806. 65188. 63622.] t2_sim:[67082. 66844. 65108.]
Task is 3.00% complete.
t1_sim:[61165. 60894. 59545.] t2_sim:[65068. 65453. 61076.]
Task is 4.00% complete.
t1_sim:[58497. 60107. 56292.] t2_sim:[59718. 60206. 58140.]
Task is 5.00% complete.
t1_sim:[63792. 62709. 59878.] t2_sim:[65440. 64815. 60922.]
Task is 6.00% complete.
t1_sim:[62372. 63750. 62850.] t2_sim:[60165. 62045. 59054.]
Task is 7.00% complete.
t1_sim:[60907. 60942. 59074.] t2_sim:[66193. 67262. 64327.]
Task is 8.00% complete.
t1_sim:[57796. 57145. 53654.] t2_sim:[63950. 65324. 57660.]
Task is 9.00% complete.
t1_sim:[66862. 65243. 63787.] t2_sim:[67892. 67074. 64159.]
Task is 10.00% complete.
t1_sim:[61742. 61830. 58113.] t2_sim:[66241. 64775. 60611.]
Task is 11.00% complete.
t1_sim:[62943. 63532. 60321.] t2_sim:[63090. 60841. 58375.]
Task is 12.00% complete.
t1_sim:[60768. 61858. 57132.] t2_sim:[62689. 62201. 56259.]
Task is 13.00% complete.
t1_sim:[58916. 59995. 58680.] t2_sim:[63194. 61223. 55677.]
Task is 14.00% complete.
t1_sim:[65282. 65368. 60433.] t2_sim:[61109. 60906. 55986.]
Task is 15.00% complete.
t1_sim:[57360. 59137. 54826.] t2_sim:[62372. 60795. 60278.]
Task is 16.00% complete.
t1_sim:[65434. 63408. 61149.] t2_sim:[60495. 60402. 58584.]
Task is 17.00% complete.
t1_sim:[61263. 60514. 55498.] t2_sim:[63025. 64094. 61410.]
Task is 18.00% complete.
t1_sim:[66391. 67875. 65260.] t2_sim:[63764. 63175. 59858.]
Task is 19.00% complete.
t1_sim:[60891. 60694. 57982.] t2_sim:[63099. 62014. 59272.]
Task is 20.00% complete.
t1_sim:[65850. 64892. 61328.] t2_sim:[62610. 62447. 56786.]
Task is 21.00% complete.
t1_sim:[65845. 66517. 65666.] t2_sim:[60409. 62359. 59403.]
Task is 22.00% complete.
t1_sim:[58392. 59539. 56807.] t2_sim:[61534. 61635. 59164.]
Task is 23.00% complete.
t1_sim:[61192. 62821. 59437.] t2_sim:[59991. 59428. 54175.]
Task is 24.00% complete.
t1_sim:[64244. 62948. 60418.] t2_sim:[68336. 68145. 66144.]
Task is 25.00% complete.
t1_sim:[64757. 65682. 63338.] t2_sim:[59695. 58660. 54401.]
Task is 26.00% complete.
t1_sim:[66245. 65174. 58673.] t2_sim:[61386. 61335. 59275.]
Task is 27.00% complete.
t1_sim:[61933. 61092. 59198.] t2_sim:[64041. 66369. 62832.]
Task is 28.00% complete.
t1_sim:[63039. 61918. 60300.] t2_sim:[59260. 58357. 54266.]
Task is 29.00% complete.
t1_sim:[62708. 63736. 59779.] t2_sim:[63501. 62663. 59852.]
Task is 30.00% complete.
t1_sim:[60703. 60505. 57815.] t2_sim:[65413. 66207. 61152.]
Task is 31.00% complete.
t1_sim:[59358. 58046. 55925.] t2_sim:[68044. 65176. 60229.]
Task is 32.00% complete.
t1_sim:[64492. 63471. 59903.] t2_sim:[63853. 64316. 59581.]
Task is 33.00% complete.
t1_sim:[64626. 63461. 63773.] t2_sim:[65661. 64393. 61937.]
Task is 34.00% complete.
t1_sim:[65227. 66254. 62233.] t2_sim:[60523. 60810. 57183.]
Task is 35.00% complete.
t1_sim:[64840. 64479. 58733.] t2_sim:[61634. 62999. 58776.]
Task is 36.00% complete.
t1_sim:[63879. 62854. 60368.] t2_sim:[61761. 60518. 58803.]
Task is 37.00% complete.
t1_sim:[56663. 56410. 54896.] t2_sim:[62291. 60427. 56795.]
Task is 38.00% complete.
t1_sim:[59474. 58077. 56504.] t2_sim:[58868. 59061. 55519.]
Task is 39.00% complete.
t1_sim:[65664. 67614. 66321.] t2_sim:[67065. 66802. 62754.]
Task is 40.00% complete.
t1_sim:[62345. 61222. 56577.] t2_sim:[63093. 63386. 60127.]
Task is 41.00% complete.
t1_sim:[63162. 62463. 59426.] t2_sim:[64689. 64604. 62157.]
Task is 42.00% complete.
t1_sim:[62698. 61837. 60963.] t2_sim:[69237. 68016. 62897.]
Task is 43.00% complete.
t1_sim:[65358. 65971. 64985.] t2_sim:[67281. 65748. 59489.]
Task is 44.00% complete.
t1_sim:[66306. 62578. 60154.] t2_sim:[60761. 61140. 59034.]
Task is 45.00% complete.
t1_sim:[54773. 55913. 52840.] t2_sim:[59923. 58313. 54752.]
Task is 46.00% complete.
t1_sim:[56831. 56331. 52297.] t2_sim:[65587. 65486. 61831.]
Task is 47.00% complete.
t1_sim:[61621. 61500. 57860.] t2_sim:[63010. 64456. 60149.]
Task is 48.00% complete.
t1_sim:[63760. 62925. 59582.] t2_sim:[61167. 59931. 56832.]
Task is 49.00% complete.
t1_sim:[68049. 66205. 63043.] t2_sim:[60192. 61455. 56848.]
Task is 50.00% complete.
t1_sim:[65171. 67036. 61614.] t2_sim:[59654. 59122. 54018.]
Task is 51.00% complete.
t1_sim:[68171. 69467. 65273.] t2_sim:[63130. 63850. 60033.]
Task is 52.00% complete.
t1_sim:[62647. 60940. 58227.] t2_sim:[65916. 65715. 60167.]
Task is 53.00% complete.
t1_sim:[63407. 59917. 54992.] t2_sim:[65471. 64996. 63045.]
Task is 54.00% complete.
t1_sim:[65330. 65927. 61764.] t2_sim:[58599. 59983. 57612.]
Task is 55.00% complete.
t1_sim:[60482. 61771. 60162.] t2_sim:[65303. 64487. 62775.]
Task is 56.00% complete.
t1_sim:[60542. 60621. 60267.] t2_sim:[59492. 59103. 57036.]
Task is 57.00% complete.
t1_sim:[68268. 64711. 61586.] t2_sim:[59626. 60048. 55995.]
Task is 58.00% complete.
t1_sim:[66790. 64838. 60865.] t2_sim:[60204. 62552. 54967.]
Task is 59.00% complete.
t1_sim:[58656. 60346. 56334.] t2_sim:[61943. 64176. 58762.]
Task is 60.00% complete.
t1_sim:[65430. 66346. 64328.] t2_sim:[67066. 64848. 60425.]
Task is 61.00% complete.
t1_sim:[63159. 64881. 61525.] t2_sim:[64184. 62642. 60194.]
Task is 62.00% complete.
t1_sim:[58858. 59678. 58912.] t2_sim:[62764. 62843. 60251.]
Task is 63.00% complete.
t1_sim:[61756. 59706. 56240.] t2_sim:[70091. 70878. 67014.]
Task is 64.00% complete.
t1_sim:[60529. 61732. 56948.] t2_sim:[68531. 67148. 64504.]
Task is 65.00% complete.
t1_sim:[61720. 59789. 57338.] t2_sim:[62739. 62947. 60107.]
Task is 66.00% complete.
t1_sim:[61140. 60811. 59598.] t2_sim:[63583. 65849. 62170.]
Task is 67.00% complete.
t1_sim:[63030. 63257. 61158.] t2_sim:[63092. 62917. 57121.]
Task is 68.00% complete.
t1_sim:[63920. 63775. 59204.] t2_sim:[63685. 64036. 60424.]
Task is 69.00% complete.
t1_sim:[64152. 62708. 59503.] t2_sim:[62988. 63178. 58262.]
Task is 70.00% complete.
t1_sim:[58507. 59889. 57878.] t2_sim:[64946. 64429. 61072.]
Task is 71.00% complete.
t1_sim:[62088. 60223. 60040.] t2_sim:[66427. 65704. 61691.]
Task is 72.00% complete.
t1_sim:[55541. 58258. 57733.] t2_sim:[63835. 63493. 61711.]
Task is 73.00% complete.
t1_sim:[64693. 65423. 60440.] t2_sim:[64710. 63500. 60410.]
Task is 74.00% complete.
t1_sim:[61770. 63557. 61663.] t2_sim:[63683. 62906. 61852.]
Task is 75.00% complete.
t1_sim:[60320. 61672. 59220.] t2_sim:[59106. 61498. 56508.]
Task is 76.00% complete.
t1_sim:[60771. 58135. 58216.] t2_sim:[60024. 58758. 55411.]
Task is 77.00% complete.
t1_sim:[57743. 57483. 54415.] t2_sim:[69665. 70061. 66202.]
Task is 78.00% complete.
t1_sim:[62717. 62715. 58868.] t2_sim:[65287. 66589. 62432.]
Task is 79.00% complete.
t1_sim:[57888. 56694. 54324.] t2_sim:[64169. 62757. 59223.]
Task is 80.00% complete.
t1_sim:[58867. 59894. 56332.] t2_sim:[66340. 66409. 62980.]
Task is 81.00% complete.
t1_sim:[64576. 61497. 58238.] t2_sim:[63324. 61471. 56723.]
Task is 82.00% complete.
t1_sim:[61420. 60544. 60007.] t2_sim:[60037. 61700. 58406.]
Task is 83.00% complete.
t1_sim:[63827. 63099. 59678.] t2_sim:[67167. 64904. 60743.]
Task is 84.00% complete.
t1_sim:[68161. 65742. 61839.] t2_sim:[63567. 62852. 57517.]
Task is 85.00% complete.
t1_sim:[64732. 62662. 59167.] t2_sim:[59133. 58511. 54514.]
Task is 86.00% complete.
t1_sim:[65913. 64678. 61304.] t2_sim:[63374. 64052. 58644.]
Task is 87.00% complete.
t1_sim:[61913. 61888. 58633.] t2_sim:[62826. 60553. 56333.]
Task is 88.00% complete.
t1_sim:[62304. 62879. 59513.] t2_sim:[66229. 64294. 59380.]
Task is 89.00% complete.
t1_sim:[58550. 59917. 57383.] t2_sim:[52735. 54273. 51425.]
Task is 90.00% complete.
t1_sim:[61035. 60487. 55618.] t2_sim:[56546. 57380. 54490.]
Task is 91.00% complete.
t1_sim:[59684. 62406. 59035.] t2_sim:[65460. 64195. 60457.]
Task is 92.00% complete.
t1_sim:[64390. 65494. 63607.] t2_sim:[63203. 63478. 58019.]
Task is 93.00% complete.
t1_sim:[63255. 63290. 61624.] t2_sim:[71871. 71274. 66994.]
Task is 94.00% complete.
t1_sim:[69647. 65437. 62155.] t2_sim:[61770. 60049. 57919.]
Task is 95.00% complete.
t1_sim:[61664. 62610. 60589.] t2_sim:[62602. 62175. 57999.]
Task is 96.00% complete.
t1_sim:[63582. 64653. 59324.] t2_sim:[62322. 62406. 59823.]
Task is 97.00% complete.
t1_sim:[53546. 53346. 52604.] t2_sim:[58695. 58740. 55546.]
Task is 98.00% complete.
t1_sim:[62582. 62022. 59630.] t2_sim:[60462. 59717. 56837.]
Task is 99.00% complete.
t1_sim:[62869. 62225. 58982.] t2_sim:[62612. 61826. 58709.]
Finished
