/scratch/jz4721/Post-prediction-Causal-Inference/venv/lib/python3.8/site-packages/numpy/core/getlimits.py:518: UserWarning: The value of the smallest subnormal for <class 'numpy.float64'> type is zero.
  setattr(self, word, getattr(machar, word).flat[0])
/scratch/jz4721/Post-prediction-Causal-Inference/venv/lib/python3.8/site-packages/numpy/core/getlimits.py:89: UserWarning: The value of the smallest subnormal for <class 'numpy.float64'> type is zero.
  return self._float_to_str(self.smallest_subnormal)
/scratch/jz4721/Post-prediction-Causal-Inference/venv/lib/python3.8/site-packages/numpy/core/getlimits.py:518: UserWarning: The value of the smallest subnormal for <class 'numpy.float32'> type is zero.
  setattr(self, word, getattr(machar, word).flat[0])
/scratch/jz4721/Post-prediction-Causal-Inference/venv/lib/python3.8/site-packages/numpy/core/getlimits.py:89: UserWarning: The value of the smallest subnormal for <class 'numpy.float32'> type is zero.
  return self._float_to_str(self.smallest_subnormal)
Begin
Training start
t1_obs:[array(90005.), array(81548.), array(72490.)] t2_obs:[array(99141.), array(91128.), array(87730.)]
corr_G1:[None, None, -2.6330804951824197e-17] corr_G2:[None, None, 7.328929229365284e-18]
Training end
Task is 0.00% complete.
t1_sim:[64114. 62877. 66355.] t2_sim:[58253. 59443. 56073.]
Task is 1.00% complete.
t1_sim:[63602. 64654. 63167.] t2_sim:[62300. 61313. 64148.]
Task is 2.00% complete.
t1_sim:[63411. 63532. 65424.] t2_sim:[63835. 64324. 64194.]
Task is 3.00% complete.
t1_sim:[63104. 64263. 62179.] t2_sim:[63825. 64516. 63150.]
Task is 4.00% complete.
t1_sim:[64498. 65312. 65421.] t2_sim:[57614. 58811. 56525.]
Task is 5.00% complete.
t1_sim:[66868. 67982. 66388.] t2_sim:[63760. 63067. 62876.]
Task is 6.00% complete.
t1_sim:[60123. 61190. 61091.] t2_sim:[62819. 62053. 59036.]
Task is 7.00% complete.
t1_sim:[63502. 63013. 66756.] t2_sim:[59332. 61320. 60983.]
Task is 8.00% complete.
t1_sim:[60692. 62076. 62083.] t2_sim:[55480. 54891. 55505.]
Task is 9.00% complete.
t1_sim:[58122. 59939. 60068.] t2_sim:[61677. 60456. 63162.]
Task is 10.00% complete.
t1_sim:[58685. 57650. 58763.] t2_sim:[63550. 64220. 63581.]
Task is 11.00% complete.
t1_sim:[65442. 64683. 63739.] t2_sim:[62659. 62870. 60571.]
Task is 12.00% complete.
t1_sim:[59546. 60201. 59602.] t2_sim:[58248. 58578. 56344.]
Task is 13.00% complete.
t1_sim:[61396. 63333. 62496.] t2_sim:[59018. 58327. 58903.]
Task is 14.00% complete.
t1_sim:[58610. 58556. 58937.] t2_sim:[59827. 61272. 60260.]
Task is 15.00% complete.
t1_sim:[69487. 70168. 70039.] t2_sim:[69529. 68315. 70401.]
Task is 16.00% complete.
t1_sim:[62701. 61063. 63158.] t2_sim:[58962. 60418. 60336.]
Task is 17.00% complete.
t1_sim:[61287. 61133. 62139.] t2_sim:[61904. 60995. 60660.]
Task is 18.00% complete.
t1_sim:[60550. 59510. 61496.] t2_sim:[64586. 65209. 63650.]
Task is 19.00% complete.
t1_sim:[64980. 65222. 64157.] t2_sim:[69657. 68293. 69210.]
Task is 20.00% complete.
t1_sim:[62149. 61964. 60771.] t2_sim:[67694. 66850. 66876.]
Task is 21.00% complete.
t1_sim:[59492. 60851. 60322.] t2_sim:[58123. 57798. 57418.]
Task is 22.00% complete.
t1_sim:[70720. 68208. 68303.] t2_sim:[60193. 60887. 59508.]
Task is 23.00% complete.
t1_sim:[65644. 64817. 65457.] t2_sim:[59713. 58412. 58631.]
Task is 24.00% complete.
t1_sim:[65884. 65714. 63724.] t2_sim:[67482. 68497. 66293.]
Task is 25.00% complete.
t1_sim:[59250. 58296. 59955.] t2_sim:[63999. 65189. 65433.]
Task is 26.00% complete.
t1_sim:[60656. 61832. 63397.] t2_sim:[66692. 68122. 63712.]
Task is 27.00% complete.
t1_sim:[62891. 62852. 63809.] t2_sim:[68016. 68320. 67214.]
Task is 28.00% complete.
t1_sim:[65152. 65672. 64787.] t2_sim:[62328. 62044. 62959.]
Task is 29.00% complete.
t1_sim:[68655. 68824. 67068.] t2_sim:[65164. 64056. 64934.]
Task is 30.00% complete.
t1_sim:[61200. 60913. 61093.] t2_sim:[59563. 60409. 59635.]
Task is 31.00% complete.
t1_sim:[61060. 58639. 63286.] t2_sim:[63831. 65185. 61894.]
Task is 32.00% complete.
t1_sim:[60277. 59230. 58752.] t2_sim:[65141. 64646. 64014.]
Task is 33.00% complete.
t1_sim:[62545. 63617. 62094.] t2_sim:[63975. 64719. 64558.]
Task is 34.00% complete.
t1_sim:[64835. 65642. 61130.] t2_sim:[58454. 58824. 57567.]
Task is 35.00% complete.
t1_sim:[62548. 61325. 63437.] t2_sim:[63159. 63565. 63471.]
Task is 36.00% complete.
t1_sim:[61157. 62508. 61218.] t2_sim:[61852. 61962. 61057.]
Task is 37.00% complete.
t1_sim:[66200. 66653. 68584.] t2_sim:[63534. 62768. 62968.]
Task is 38.00% complete.
t1_sim:[63327. 62918. 65334.] t2_sim:[65865. 65122. 64677.]
Task is 39.00% complete.
t1_sim:[63317. 62240. 64622.] t2_sim:[60084. 60392. 59072.]
Task is 40.00% complete.
t1_sim:[60662. 59258. 62047.] t2_sim:[66878. 67660. 65284.]
Task is 41.00% complete.
t1_sim:[55682. 56600. 59262.] t2_sim:[68596. 68263. 68829.]
Task is 42.00% complete.
t1_sim:[61638. 63768. 62175.] t2_sim:[64976. 63708. 65567.]
Task is 43.00% complete.
t1_sim:[64111. 63261. 62661.] t2_sim:[57388. 57960. 58330.]
Task is 44.00% complete.
t1_sim:[61258. 62052. 62972.] t2_sim:[66844. 66358. 63883.]
Task is 45.00% complete.
t1_sim:[63539. 63260. 61607.] t2_sim:[63799. 65350. 65012.]
Task is 46.00% complete.
t1_sim:[59847. 59762. 61216.] t2_sim:[63440. 63133. 61513.]
Task is 47.00% complete.
t1_sim:[65904. 66109. 67901.] t2_sim:[58360. 58149. 57980.]
Task is 48.00% complete.
t1_sim:[66047. 65920. 65903.] t2_sim:[62755. 60769. 61998.]
Task is 49.00% complete.
t1_sim:[66717. 65955. 67797.] t2_sim:[65213. 63698. 66637.]
Task is 50.00% complete.
t1_sim:[59480. 60583. 58239.] t2_sim:[61153. 60242. 60274.]
Task is 51.00% complete.
t1_sim:[56179. 57154. 58169.] t2_sim:[59109. 58176. 58574.]
Task is 52.00% complete.
t1_sim:[65206. 67182. 66651.] t2_sim:[59658. 60117. 59855.]
Task is 53.00% complete.
t1_sim:[59348. 58226. 58593.] t2_sim:[61860. 62492. 63202.]
Task is 54.00% complete.
t1_sim:[63916. 62841. 63105.] t2_sim:[58857. 60357. 57683.]
Task is 55.00% complete.
t1_sim:[60313. 60758. 58294.] t2_sim:[63476. 64100. 65082.]
Task is 56.00% complete.
t1_sim:[59141. 60009. 56956.] t2_sim:[64111. 63929. 63245.]
Task is 57.00% complete.
t1_sim:[60469. 60412. 62057.] t2_sim:[60006. 60193. 57828.]
Task is 58.00% complete.
t1_sim:[68670. 67819. 66329.] t2_sim:[57297. 58967. 59908.]
Task is 59.00% complete.
t1_sim:[59990. 59355. 62151.] t2_sim:[57861. 58407. 59443.]
Task is 60.00% complete.
t1_sim:[55652. 56374. 57562.] t2_sim:[61693. 61097. 62369.]
Task is 61.00% complete.
t1_sim:[61320. 62212. 60825.] t2_sim:[63149. 62311. 62993.]
Task is 62.00% complete.
t1_sim:[64628. 65013. 62227.] t2_sim:[58967. 59506. 61671.]
Task is 63.00% complete.
t1_sim:[60483. 62264. 60593.] t2_sim:[56353. 54925. 57864.]
Task is 64.00% complete.
t1_sim:[67181. 66925. 65339.] t2_sim:[59599. 61111. 60554.]
Task is 65.00% complete.
t1_sim:[60262. 61037. 57315.] t2_sim:[68393. 68874. 69465.]
Task is 66.00% complete.
t1_sim:[63895. 63093. 61020.] t2_sim:[67120. 65886. 66905.]
Task is 67.00% complete.
t1_sim:[59090. 60327. 61368.] t2_sim:[63729. 63543. 62630.]
Task is 68.00% complete.
t1_sim:[61497. 62516. 61247.] t2_sim:[55602. 56663. 57283.]
Task is 69.00% complete.
t1_sim:[64825. 63936. 63292.] t2_sim:[66559. 65852. 65137.]
Task is 70.00% complete.
t1_sim:[71703. 68897. 69499.] t2_sim:[63740. 62877. 62306.]
Task is 71.00% complete.
t1_sim:[59098. 59687. 59221.] t2_sim:[63208. 61231. 63956.]
Task is 72.00% complete.
t1_sim:[55241. 56013. 57485.] t2_sim:[60030. 59389. 59569.]
Task is 73.00% complete.
t1_sim:[63714. 63260. 63968.] t2_sim:[59676. 57142. 58268.]
Task is 74.00% complete.
t1_sim:[62976. 64379. 61597.] t2_sim:[58651. 60307. 59249.]
Task is 75.00% complete.
t1_sim:[58812. 59314. 62133.] t2_sim:[59889. 60862. 59550.]
Task is 76.00% complete.
t1_sim:[64107. 62294. 64925.] t2_sim:[55313. 55562. 55826.]
Task is 77.00% complete.
t1_sim:[66127. 67418. 63488.] t2_sim:[63577. 64925. 61659.]
Task is 78.00% complete.
t1_sim:[61587. 62797. 59467.] t2_sim:[65711. 66617. 67466.]
Task is 79.00% complete.
t1_sim:[57305. 57385. 56886.] t2_sim:[69414. 69979. 70309.]
Task is 80.00% complete.
t1_sim:[63444. 62319. 62086.] t2_sim:[65536. 67005. 65950.]
Task is 81.00% complete.
t1_sim:[61459. 61853. 59915.] t2_sim:[67015. 66358. 68648.]
Task is 82.00% complete.
t1_sim:[58898. 58396. 58657.] t2_sim:[59952. 63870. 58300.]
Task is 83.00% complete.
t1_sim:[60081. 60004. 59866.] t2_sim:[66534. 67400. 67415.]
Task is 84.00% complete.
t1_sim:[59082. 59867. 60283.] t2_sim:[66334. 67043. 64807.]
Task is 85.00% complete.
t1_sim:[59638. 60633. 59361.] t2_sim:[67208. 66824. 62526.]
Task is 86.00% complete.
t1_sim:[59311. 59353. 59236.] t2_sim:[65703. 66465. 63747.]
Task is 87.00% complete.
t1_sim:[61247. 60468. 60210.] t2_sim:[72398. 72861. 71494.]
Task is 88.00% complete.
t1_sim:[63769. 62584. 64724.] t2_sim:[64679. 63540. 63217.]
Task is 89.00% complete.
t1_sim:[62186. 60916. 62421.] t2_sim:[64534. 65753. 63330.]
Task is 90.00% complete.
t1_sim:[60585. 60039. 62570.] t2_sim:[64816. 64507. 62502.]
Task is 91.00% complete.
t1_sim:[64467. 62829. 66079.] t2_sim:[63398. 63600. 64058.]
Task is 92.00% complete.
t1_sim:[61334. 59660. 62770.] t2_sim:[62405. 60860. 62325.]
Task is 93.00% complete.
t1_sim:[65324. 65078. 63683.] t2_sim:[59611. 61291. 58598.]
Task is 94.00% complete.
t1_sim:[66541. 66742. 67525.] t2_sim:[62857. 62182. 62548.]
Task is 95.00% complete.
t1_sim:[58882. 59608. 61447.] t2_sim:[66064. 64568. 66816.]
Task is 96.00% complete.
t1_sim:[67678. 68006. 68659.] t2_sim:[60728. 59408. 61734.]
Task is 97.00% complete.
t1_sim:[66719. 65876. 65486.] t2_sim:[57639. 58299. 57127.]
Task is 98.00% complete.
t1_sim:[57974. 59544. 59783.] t2_sim:[62567. 60805. 64179.]
Task is 99.00% complete.
t1_sim:[64127. 65182. 64800.] t2_sim:[62132. 63721. 63469.]
Training start
t1_obs:[array(90005.), array(81548.), array(79308.)] t2_obs:[array(99141.), array(91128.), array(92081.)]
corr_G1:[None, None, 0.9756058268603407] corr_G2:[None, None, 0.8240801337586492]
Training end
Task is 0.00% complete.
t1_sim:[60970. 61724. 60615.] t2_sim:[65917. 64845. 65033.]
Task is 1.00% complete.
t1_sim:[58186. 58613. 58695.] t2_sim:[61363. 62980. 62281.]
Task is 2.00% complete.
t1_sim:[59391. 58650. 57714.] t2_sim:[64014. 65134. 65998.]
Task is 3.00% complete.
t1_sim:[58837. 60002. 59772.] t2_sim:[59597. 61574. 60029.]
Task is 4.00% complete.
t1_sim:[62849. 61849. 60721.] t2_sim:[66113. 65877. 64504.]
Task is 5.00% complete.
t1_sim:[61153. 60262. 60703.] t2_sim:[61099. 62504. 62268.]
Task is 6.00% complete.
t1_sim:[64493. 63100. 63712.] t2_sim:[62346. 61316. 62846.]
Task is 7.00% complete.
t1_sim:[64984. 65209. 65460.] t2_sim:[62216. 61308. 62219.]
Task is 8.00% complete.
t1_sim:[65062. 65534. 63759.] t2_sim:[57948. 58893. 59174.]
Task is 9.00% complete.
t1_sim:[55086. 54488. 55201.] t2_sim:[65914. 65322. 66009.]
Task is 10.00% complete.
t1_sim:[62520. 62173. 61993.] t2_sim:[59532. 57651. 58538.]
Task is 11.00% complete.
t1_sim:[60518. 59545. 60834.] t2_sim:[65085. 64251. 65207.]
Task is 12.00% complete.
t1_sim:[65092. 62154. 61818.] t2_sim:[66082. 64643. 65055.]
Task is 13.00% complete.
t1_sim:[61955. 61670. 61347.] t2_sim:[63452. 63415. 62754.]
Task is 14.00% complete.
t1_sim:[64086. 62366. 62159.] t2_sim:[59071. 58376. 58821.]
Task is 15.00% complete.
t1_sim:[61774. 61240. 60676.] t2_sim:[65472. 65508. 66416.]
Task is 16.00% complete.
t1_sim:[60869. 59500. 59427.] t2_sim:[58699. 57655. 56854.]
Task is 17.00% complete.
t1_sim:[61944. 63534. 61775.] t2_sim:[64704. 64218. 64801.]
Task is 18.00% complete.
t1_sim:[62235. 62116. 61559.] t2_sim:[63563. 63281. 63027.]
Task is 19.00% complete.
t1_sim:[61094. 62318. 62740.] t2_sim:[57065. 57115. 56296.]
Task is 20.00% complete.
t1_sim:[61459. 61009. 60436.] t2_sim:[62560. 62537. 63554.]
Task is 21.00% complete.
t1_sim:[61990. 61061. 61013.] t2_sim:[62507. 62436. 62730.]
Task is 22.00% complete.
t1_sim:[62892. 62747. 62885.] t2_sim:[64149. 63416. 64126.]
Task is 23.00% complete.
t1_sim:[62760. 63233. 63276.] t2_sim:[61682. 62342. 60585.]
Task is 24.00% complete.
t1_sim:[62455. 61796. 61526.] t2_sim:[59017. 59307. 59819.]
Task is 25.00% complete.
t1_sim:[58453. 59703. 61550.] t2_sim:[63491. 64413. 64241.]
Task is 26.00% complete.
t1_sim:[67037. 66562. 64832.] t2_sim:[55988. 57478. 58327.]
Task is 27.00% complete.
t1_sim:[61535. 61471. 60800.] t2_sim:[59313. 58633. 59176.]
Task is 28.00% complete.
t1_sim:[63658. 62867. 63737.] t2_sim:[61153. 62840. 63288.]
Task is 29.00% complete.
t1_sim:[62912. 62744. 62456.] t2_sim:[63956. 66420. 66137.]
Task is 30.00% complete.
t1_sim:[60087. 59792. 59835.] t2_sim:[58417. 57464. 58319.]
Task is 31.00% complete.
t1_sim:[60347. 58579. 58923.] t2_sim:[60209. 59532. 60226.]
Task is 32.00% complete.
t1_sim:[62605. 62206. 62932.] t2_sim:[63507. 63122. 63487.]
Task is 33.00% complete.
t1_sim:[61881. 61215. 61262.] t2_sim:[56092. 55429. 56208.]
Task is 34.00% complete.
t1_sim:[62368. 63110. 62195.] t2_sim:[61791. 62818. 60950.]
Task is 35.00% complete.
t1_sim:[64629. 64766. 64189.] t2_sim:[65210. 63358. 64364.]
Task is 36.00% complete.
t1_sim:[62392. 63154. 62616.] t2_sim:[56401. 56734. 58018.]
Task is 37.00% complete.
t1_sim:[63674. 64986. 64441.] t2_sim:[62679. 62933. 63412.]
Task is 38.00% complete.
t1_sim:[55404. 55046. 54100.] t2_sim:[60392. 60569. 61526.]
Task is 39.00% complete.
t1_sim:[67030. 65982. 67519.] t2_sim:[66198. 66340. 66831.]
Task is 40.00% complete.
t1_sim:[66446. 67038. 67723.] t2_sim:[69364. 69673. 69502.]
Task is 41.00% complete.
t1_sim:[69430. 68992. 68995.] t2_sim:[68080. 67880. 67263.]
Task is 42.00% complete.
t1_sim:[60340. 60724. 61272.] t2_sim:[60222. 61305. 62280.]
Task is 43.00% complete.
t1_sim:[65979. 65923. 66593.] t2_sim:[66233. 65971. 66282.]
Task is 44.00% complete.
t1_sim:[65173. 65103. 64168.] t2_sim:[64737. 65723. 65003.]
Task is 45.00% complete.
t1_sim:[65026. 63344. 64586.] t2_sim:[64867. 63799. 63703.]
Task is 46.00% complete.
t1_sim:[62195. 61669. 62345.] t2_sim:[60595. 58723. 59502.]
Task is 47.00% complete.
t1_sim:[61364. 62049. 61959.] t2_sim:[58118. 58958. 58166.]
Task is 48.00% complete.
t1_sim:[61730. 61848. 62072.] t2_sim:[61205. 61625. 61620.]
Task is 49.00% complete.
t1_sim:[64001. 65332. 65948.] t2_sim:[66286. 65621. 66215.]
Task is 50.00% complete.
t1_sim:[68204. 68733. 68403.] t2_sim:[60725. 60754. 61429.]
Task is 51.00% complete.
t1_sim:[62353. 60867. 62241.] t2_sim:[68092. 67556. 66167.]
Task is 52.00% complete.
t1_sim:[60429. 60795. 62034.] t2_sim:[65946. 64126. 65728.]
Task is 53.00% complete.
t1_sim:[64975. 64696. 66124.] t2_sim:[64630. 64378. 63313.]
Task is 54.00% complete.
t1_sim:[59379. 59382. 58716.] t2_sim:[65465. 65258. 64770.]
Task is 55.00% complete.
t1_sim:[67743. 65869. 64334.] t2_sim:[63082. 63991. 63147.]
Task is 56.00% complete.
t1_sim:[60480. 61852. 60901.] t2_sim:[59060. 58223. 58361.]
Task is 57.00% complete.
t1_sim:[63223. 63338. 63802.] t2_sim:[60229. 59002. 61065.]
Task is 58.00% complete.
t1_sim:[62749. 63054. 61098.] t2_sim:[65054. 63603. 64754.]
Task is 59.00% complete.
t1_sim:[64318. 63400. 63601.] t2_sim:[66014. 65475. 66956.]
Task is 60.00% complete.
t1_sim:[58168. 58212. 58113.] t2_sim:[64287. 65875. 64553.]
Task is 61.00% complete.
t1_sim:[58413. 60343. 58503.] t2_sim:[65440. 66077. 66720.]
Task is 62.00% complete.
t1_sim:[56218. 56220. 56315.] t2_sim:[61419. 59467. 60371.]
Task is 63.00% complete.
t1_sim:[62238. 61721. 61011.] t2_sim:[60096. 61086. 60849.]
Task is 64.00% complete.
t1_sim:[61125. 63095. 61560.] t2_sim:[63787. 64022. 65174.]
Task is 65.00% complete.
t1_sim:[57190. 56869. 58165.] t2_sim:[62744. 62617. 63303.]
Task is 66.00% complete.
t1_sim:[55487. 56179. 54674.] t2_sim:[61162. 60784. 60025.]
Task is 67.00% complete.
t1_sim:[67741. 66064. 66022.] t2_sim:[60062. 58592. 60286.]
Task is 68.00% complete.
t1_sim:[59490. 59232. 59123.] t2_sim:[57419. 55543. 57108.]
Task is 69.00% complete.
t1_sim:[69974. 68683. 69203.] t2_sim:[69283. 68667. 68493.]
Task is 70.00% complete.
t1_sim:[63131. 64053. 64779.] t2_sim:[68500. 68985. 70028.]
Task is 71.00% complete.
t1_sim:[59996. 59901. 59773.] t2_sim:[62513. 61790. 61837.]
Task is 72.00% complete.
t1_sim:[63444. 62966. 62962.] t2_sim:[63023. 62718. 63880.]
Task is 73.00% complete.
t1_sim:[65682. 64831. 63257.] t2_sim:[66031. 65642. 63498.]
Task is 74.00% complete.
t1_sim:[57710. 60019. 59109.] t2_sim:[62632. 62842. 63143.]
Task is 75.00% complete.
t1_sim:[59124. 59413. 60156.] t2_sim:[58376. 59084. 58748.]
Task is 76.00% complete.
t1_sim:[63009. 63509. 63699.] t2_sim:[65151. 66800. 65710.]
Task is 77.00% complete.
t1_sim:[56517. 55410. 55241.] t2_sim:[63168. 63830. 64099.]
Task is 78.00% complete.
t1_sim:[62964. 63629. 62881.] t2_sim:[64474. 63718. 63727.]
Task is 79.00% complete.
t1_sim:[66660. 67386. 66956.] t2_sim:[63908. 64478. 63949.]
Task is 80.00% complete.
t1_sim:[59625. 60848. 60192.] t2_sim:[66935. 67348. 67509.]
Task is 81.00% complete.
t1_sim:[61110. 61256. 61882.] t2_sim:[58716. 58955. 59187.]
Task is 82.00% complete.
t1_sim:[61567. 62619. 63579.] t2_sim:[60982. 59452. 60432.]
Task is 83.00% complete.
t1_sim:[61375. 60498. 62066.] t2_sim:[66320. 65738. 65794.]
Task is 84.00% complete.
t1_sim:[58970. 58130. 58948.] t2_sim:[68892. 71065. 69329.]
Task is 85.00% complete.
t1_sim:[68612. 67676. 66149.] t2_sim:[62970. 63545. 64660.]
Task is 86.00% complete.
t1_sim:[61642. 60632. 60638.] t2_sim:[60006. 59390. 59852.]
Task is 87.00% complete.
t1_sim:[63677. 62792. 63763.] t2_sim:[63632. 64092. 63613.]
Task is 88.00% complete.
t1_sim:[58462. 56900. 57274.] t2_sim:[56738. 56588. 56397.]
Task is 89.00% complete.
t1_sim:[63589. 62749. 63335.] t2_sim:[53275. 53105. 52823.]
Task is 90.00% complete.
t1_sim:[62480. 61505. 62796.] t2_sim:[59381. 59676. 58883.]
Task is 91.00% complete.
t1_sim:[59794. 60815. 60290.] t2_sim:[63761. 63168. 63351.]
Task is 92.00% complete.
t1_sim:[59806. 60488. 59801.] t2_sim:[67286. 66156. 65318.]
Task is 93.00% complete.
t1_sim:[65187. 64053. 63471.] t2_sim:[67765. 66617. 67814.]
Task is 94.00% complete.
t1_sim:[60749. 59922. 59118.] t2_sim:[61590. 61828. 61535.]
Task is 95.00% complete.
t1_sim:[64292. 64595. 62901.] t2_sim:[62446. 61916. 61170.]
Task is 96.00% complete.
t1_sim:[58382. 57967. 58175.] t2_sim:[55472. 55337. 55926.]
Task is 97.00% complete.
t1_sim:[65092. 64078. 63418.] t2_sim:[60089. 60044. 60089.]
Task is 98.00% complete.
t1_sim:[59066. 59692. 60400.] t2_sim:[60539. 58908. 59794.]
Task is 99.00% complete.
t1_sim:[65004. 63228. 64895.] t2_sim:[64696. 64761. 65199.]
Training start
t1_obs:[array(90005.), array(81548.), array(76384.)] t2_obs:[array(99141.), array(91128.), array(89479.)]
corr_G1:[None, None, 0.20383913019846767] corr_G2:[None, None, 0.25142232900251926]
Training end
Task is 0.00% complete.
t1_sim:[64624. 64553. 64281.] t2_sim:[64004. 65363. 59356.]
Task is 1.00% complete.
t1_sim:[64681. 65201. 65467.] t2_sim:[59561. 60743. 55705.]
Task is 2.00% complete.
t1_sim:[59334. 58829. 59869.] t2_sim:[63018. 63869. 58944.]
Task is 3.00% complete.
t1_sim:[62837. 62364. 61819.] t2_sim:[63911. 64321. 58143.]
Task is 4.00% complete.
t1_sim:[65444. 65161. 65258.] t2_sim:[63309. 61732. 58161.]
Task is 5.00% complete.
t1_sim:[63873. 62880. 65253.] t2_sim:[62813. 62866. 57394.]
Task is 6.00% complete.
t1_sim:[59668. 59388. 60829.] t2_sim:[53751. 54378. 49605.]
Task is 7.00% complete.
t1_sim:[64628. 65224. 63767.] t2_sim:[61046. 61021. 55364.]
Task is 8.00% complete.
t1_sim:[62505. 62159. 63220.] t2_sim:[60623. 59638. 55174.]
Task is 9.00% complete.
t1_sim:[58076. 59718. 57451.] t2_sim:[64494. 64857. 59709.]
Task is 10.00% complete.
t1_sim:[62354. 61888. 60665.] t2_sim:[62437. 62334. 58560.]
Task is 11.00% complete.
t1_sim:[65349. 65622. 65052.] t2_sim:[67002. 68392. 62323.]
Task is 12.00% complete.
t1_sim:[62913. 61192. 59837.] t2_sim:[66459. 65104. 60402.]
Task is 13.00% complete.
t1_sim:[66113. 66559. 67405.] t2_sim:[64137. 65959. 59683.]
Task is 14.00% complete.
t1_sim:[64228. 63478. 61939.] t2_sim:[64636. 65627. 61074.]
Task is 15.00% complete.
t1_sim:[64982. 63661. 65407.] t2_sim:[65116. 63340. 57529.]
Task is 16.00% complete.
t1_sim:[62492. 64590. 63444.] t2_sim:[60767. 61815. 56967.]
Task is 17.00% complete.
t1_sim:[67697. 68251. 66642.] t2_sim:[59459. 59167. 53105.]
Task is 18.00% complete.
t1_sim:[65531. 65153. 66755.] t2_sim:[61544. 62215. 56479.]
Task is 19.00% complete.
t1_sim:[63109. 62565. 64171.] t2_sim:[61279. 60054. 56764.]
Task is 20.00% complete.
t1_sim:[67127. 67161. 67458.] t2_sim:[61133. 62224. 56511.]
Task is 21.00% complete.
t1_sim:[70117. 68913. 69760.] t2_sim:[59617. 59751. 56282.]
Task is 22.00% complete.
t1_sim:[67643. 66946. 66474.] t2_sim:[64931. 66580. 61986.]
Task is 23.00% complete.
t1_sim:[66371. 66590. 65295.] t2_sim:[66949. 68579. 61625.]
Task is 24.00% complete.
t1_sim:[62129. 61442. 62760.] t2_sim:[62929. 63288. 58611.]
Task is 25.00% complete.
t1_sim:[61432. 61120. 61246.] t2_sim:[64925. 65377. 59227.]
Task is 26.00% complete.
t1_sim:[63918. 62952. 63990.] t2_sim:[56840. 56012. 51347.]
Task is 27.00% complete.
t1_sim:[65822. 63884. 64245.] t2_sim:[65031. 65272. 60289.]
Task is 28.00% complete.
t1_sim:[63894. 64306. 62445.] t2_sim:[67442. 66005. 62771.]
Task is 29.00% complete.
t1_sim:[62993. 63208. 61194.] t2_sim:[60893. 63282. 57230.]
Task is 30.00% complete.
t1_sim:[61263. 61245. 60430.] t2_sim:[61184. 60958. 55165.]
Task is 31.00% complete.
t1_sim:[64875. 64697. 63987.] t2_sim:[56369. 56128. 51763.]
Task is 32.00% complete.
t1_sim:[63073. 63772. 63484.] t2_sim:[60715. 60800. 54205.]
Task is 33.00% complete.
t1_sim:[59337. 58474. 60019.] t2_sim:[65080. 65462. 59917.]
Task is 34.00% complete.
t1_sim:[60631. 59827. 58492.] t2_sim:[61103. 62405. 57287.]
Task is 35.00% complete.
t1_sim:[71863. 71607. 73229.] t2_sim:[65323. 63407. 60071.]
Task is 36.00% complete.
t1_sim:[61140. 60093. 59782.] t2_sim:[64139. 63007. 57625.]
Task is 37.00% complete.
t1_sim:[68212. 68958. 67761.] t2_sim:[62344. 61444. 56712.]
Task is 38.00% complete.
t1_sim:[61766. 61093. 61867.] t2_sim:[59507. 59371. 53788.]
Task is 39.00% complete.
t1_sim:[61012. 60375. 60633.] t2_sim:[61058. 59632. 56442.]
Task is 40.00% complete.
t1_sim:[58726. 58325. 57008.] t2_sim:[65843. 66254. 59176.]
Task is 41.00% complete.
t1_sim:[64018. 63053. 63123.] t2_sim:[59444. 58703. 55428.]
Task is 42.00% complete.
t1_sim:[64974. 63298. 63942.] t2_sim:[62789. 62148. 57177.]
Task is 43.00% complete.
t1_sim:[67433. 68439. 68583.] t2_sim:[60599. 61648. 54530.]
Task is 44.00% complete.
t1_sim:[66410. 65945. 66608.] t2_sim:[60845. 60687. 55955.]
Task is 45.00% complete.
t1_sim:[57210. 56446. 57763.] t2_sim:[62642. 62118. 57362.]
Task is 46.00% complete.
t1_sim:[59866. 60611. 60844.] t2_sim:[58459. 58712. 54269.]
Task is 47.00% complete.
t1_sim:[61797. 61005. 60565.] t2_sim:[64612. 64896. 59390.]
Task is 48.00% complete.
t1_sim:[65256. 64118. 62733.] t2_sim:[62553. 62946. 56377.]
Task is 49.00% complete.
t1_sim:[62726. 62698. 62118.] t2_sim:[63435. 62321. 59052.]
Task is 50.00% complete.
t1_sim:[63188. 64936. 62298.] t2_sim:[55153. 54011. 50532.]
Task is 51.00% complete.
t1_sim:[64155. 63720. 63524.] t2_sim:[63844. 64279. 59463.]
Task is 52.00% complete.
t1_sim:[66019. 66916. 65469.] t2_sim:[63901. 62698. 58738.]
Task is 53.00% complete.
t1_sim:[63312. 62113. 60317.] t2_sim:[64744. 66600. 59697.]
Task is 54.00% complete.
t1_sim:[69725. 72414. 71102.] t2_sim:[56881. 57554. 53243.]
Task is 55.00% complete.
t1_sim:[60509. 61366. 62356.] t2_sim:[63938. 65150. 59354.]
Task is 56.00% complete.
t1_sim:[67604. 68834. 67430.] t2_sim:[59844. 60326. 54664.]
Task is 57.00% complete.
t1_sim:[60109. 59289. 59947.] t2_sim:[61560. 62665. 56808.]
Task is 58.00% complete.
t1_sim:[56284. 56766. 55164.] t2_sim:[68113. 66912. 61264.]
Task is 59.00% complete.
t1_sim:[61426. 61043. 61790.] t2_sim:[52730. 52865. 49130.]
Task is 60.00% complete.
t1_sim:[68102. 68828. 69886.] t2_sim:[66950. 67679. 62986.]
Task is 61.00% complete.
t1_sim:[65104. 65497. 65629.] t2_sim:[63288. 62594. 58473.]
Task is 62.00% complete.
t1_sim:[65794. 64190. 64930.] t2_sim:[60332. 60714. 56319.]
Task is 63.00% complete.
t1_sim:[64811. 65572. 63705.] t2_sim:[55420. 54582. 50032.]
Task is 64.00% complete.
t1_sim:[62101. 61274. 62664.] t2_sim:[64587. 63013. 59142.]
Task is 65.00% complete.
t1_sim:[65832. 66575. 66771.] t2_sim:[63654. 63088. 58560.]
Task is 66.00% complete.
t1_sim:[64103. 65104. 63881.] t2_sim:[61292. 62270. 55174.]
Task is 67.00% complete.
t1_sim:[58698. 58902. 60036.] t2_sim:[64819. 66027. 60174.]
Task is 68.00% complete.
t1_sim:[67040. 67298. 66998.] t2_sim:[56486. 57877. 51988.]
Task is 69.00% complete.
t1_sim:[62403. 61146. 63008.] t2_sim:[61890. 60424. 56162.]
Task is 70.00% complete.
t1_sim:[59015. 59384. 60538.] t2_sim:[66509. 66163. 62381.]
Task is 71.00% complete.
t1_sim:[58719. 59739. 59398.] t2_sim:[63397. 63576. 58915.]
Task is 72.00% complete.
t1_sim:[62715. 62948. 64514.] t2_sim:[60397. 60401. 55611.]
Task is 73.00% complete.
t1_sim:[61508. 62145. 61644.] t2_sim:[60367. 61163. 56624.]
Task is 74.00% complete.
t1_sim:[60416. 59902. 58802.] t2_sim:[62126. 61829. 56426.]
Task is 75.00% complete.
t1_sim:[63872. 63436. 63668.] t2_sim:[66098. 65087. 60896.]
Task is 76.00% complete.
t1_sim:[66568. 67430. 68156.] t2_sim:[63117. 62808. 58590.]
Task is 77.00% complete.
t1_sim:[55643. 56088. 55346.] t2_sim:[67409. 68200. 63163.]
Task is 78.00% complete.
t1_sim:[65477. 65519. 64778.] t2_sim:[62592. 63086. 57905.]
Task is 79.00% complete.
t1_sim:[59536. 58691. 57781.] t2_sim:[63110. 61147. 57789.]
Task is 80.00% complete.
t1_sim:[68891. 67198. 68233.] t2_sim:[61347. 62379. 57256.]
Task is 81.00% complete.
t1_sim:[63951. 64049. 63062.] t2_sim:[56642. 56249. 52020.]
Task is 82.00% complete.
t1_sim:[65111. 65810. 67208.] t2_sim:[64874. 64528. 59377.]
Task is 83.00% complete.
t1_sim:[64028. 63565. 66482.] t2_sim:[67030. 66028. 60723.]
Task is 84.00% complete.
t1_sim:[70104. 69107. 69227.] t2_sim:[65319. 62998. 56849.]
Task is 85.00% complete.
t1_sim:[63831. 62627. 63806.] t2_sim:[61817. 62354. 57165.]
Task is 86.00% complete.
t1_sim:[64859. 66145. 65184.] t2_sim:[63744. 65161. 59902.]
Task is 87.00% complete.
t1_sim:[66949. 66278. 67039.] t2_sim:[61637. 61116. 55926.]
Task is 88.00% complete.
t1_sim:[57948. 59756. 61868.] t2_sim:[65334. 67072. 61151.]
Task is 89.00% complete.
t1_sim:[60092. 60825. 60909.] t2_sim:[62192. 62669. 57393.]
Task is 90.00% complete.
t1_sim:[64779. 66045. 66315.] t2_sim:[64055. 62537. 59371.]
Task is 91.00% complete.
t1_sim:[66674. 66327. 65555.] t2_sim:[68339. 67137. 62211.]
Task is 92.00% complete.
t1_sim:[63066. 62779. 63636.] t2_sim:[64541. 65153. 59668.]
Task is 93.00% complete.
t1_sim:[62272. 61214. 62068.] t2_sim:[62717. 63655. 59262.]
Task is 94.00% complete.
t1_sim:[62135. 61925. 63138.] t2_sim:[68439. 67217. 63589.]
Task is 95.00% complete.
t1_sim:[70067. 70297. 68241.] t2_sim:[54300. 54248. 50027.]
Task is 96.00% complete.
t1_sim:[65033. 64748. 63980.] t2_sim:[65208. 64275. 60691.]
Task is 97.00% complete.
t1_sim:[60805. 60840. 61045.] t2_sim:[60389. 60196. 53878.]
Task is 98.00% complete.
t1_sim:[63077. 63303. 64489.] t2_sim:[64750. 63869. 58477.]
Task is 99.00% complete.
t1_sim:[63781. 64699. 63079.] t2_sim:[60037. 59443. 55056.]
Finished
