/scratch/jz4721/Post-prediction-Causal-Inference/venv/lib/python3.8/site-packages/numpy/core/getlimits.py:518: UserWarning: The value of the smallest subnormal for <class 'numpy.float64'> type is zero.
  setattr(self, word, getattr(machar, word).flat[0])
/scratch/jz4721/Post-prediction-Causal-Inference/venv/lib/python3.8/site-packages/numpy/core/getlimits.py:89: UserWarning: The value of the smallest subnormal for <class 'numpy.float64'> type is zero.
  return self._float_to_str(self.smallest_subnormal)
/scratch/jz4721/Post-prediction-Causal-Inference/venv/lib/python3.8/site-packages/numpy/core/getlimits.py:518: UserWarning: The value of the smallest subnormal for <class 'numpy.float32'> type is zero.
  setattr(self, word, getattr(machar, word).flat[0])
/scratch/jz4721/Post-prediction-Causal-Inference/venv/lib/python3.8/site-packages/numpy/core/getlimits.py:89: UserWarning: The value of the smallest subnormal for <class 'numpy.float32'> type is zero.
  return self._float_to_str(self.smallest_subnormal)
Begin
Training start
t1_obs:[array(92097.), array(83749.), array(75668.)] t2_obs:[array(94863.), array(84352.), array(80531.)]
corr_G1:[None, None, -9.043548720051672e-18] corr_G2:[None, None, 0]
Training end
Task is 0.00% complete.
t1_sim:[57475. 58108. 59716.] t2_sim:[66285. 65672. 64237.]
Task is 1.00% complete.
t1_sim:[64664. 64682. 64658.] t2_sim:[63686. 63623. 63587.]
Task is 2.00% complete.
t1_sim:[58537. 59644. 59856.] t2_sim:[54010. 54929. 54050.]
Task is 3.00% complete.
t1_sim:[60278. 60626. 58969.] t2_sim:[61983. 61612. 63478.]
Task is 4.00% complete.
t1_sim:[69188. 68651. 67042.] t2_sim:[63845. 63911. 62774.]
Task is 5.00% complete.
t1_sim:[64887. 66147. 65462.] t2_sim:[58678. 57132. 60108.]
Task is 6.00% complete.
t1_sim:[58330. 57574. 59299.] t2_sim:[60499. 62613. 61586.]
Task is 7.00% complete.
t1_sim:[58820. 60479. 58467.] t2_sim:[57509. 57535. 57518.]
Task is 8.00% complete.
t1_sim:[60016. 58497. 61685.] t2_sim:[66021. 65622. 67001.]
Task is 9.00% complete.
t1_sim:[65851. 64047. 63352.] t2_sim:[62092. 60226. 63353.]
Task is 10.00% complete.
t1_sim:[55828. 56794. 57613.] t2_sim:[60497. 60753. 59427.]
Task is 11.00% complete.
t1_sim:[65269. 66082. 64881.] t2_sim:[62068. 61638. 64045.]
Task is 12.00% complete.
t1_sim:[61813. 60310. 58800.] t2_sim:[64959. 64023. 64400.]
Task is 13.00% complete.
t1_sim:[64438. 64021. 63290.] t2_sim:[65835. 65141. 64480.]
Task is 14.00% complete.
t1_sim:[65846. 64791. 65106.] t2_sim:[62599. 60634. 63349.]
Task is 15.00% complete.
t1_sim:[65899. 67095. 65781.] t2_sim:[61127. 62897. 60576.]
Task is 16.00% complete.
t1_sim:[60847. 59946. 61206.] t2_sim:[63485. 64066. 63565.]
Task is 17.00% complete.
t1_sim:[64008. 65712. 64523.] t2_sim:[56228. 57594. 56493.]
Task is 18.00% complete.
t1_sim:[58558. 59075. 59609.] t2_sim:[66190. 66223. 66442.]
Task is 19.00% complete.
t1_sim:[60500. 60519. 61904.] t2_sim:[59873. 60943. 61644.]
Task is 20.00% complete.
t1_sim:[55459. 55610. 54974.] t2_sim:[67174. 66504. 66329.]
Task is 21.00% complete.
t1_sim:[61300. 61811. 61647.] t2_sim:[62550. 63455. 61430.]
Task is 22.00% complete.
t1_sim:[60738. 59916. 61586.] t2_sim:[59402. 59968. 59983.]
Task is 23.00% complete.
t1_sim:[63208. 64142. 64747.] t2_sim:[55985. 56325. 56532.]
Task is 24.00% complete.
t1_sim:[64273. 64410. 67161.] t2_sim:[67927. 69780. 64941.]
Task is 25.00% complete.
t1_sim:[64750. 67001. 63624.] t2_sim:[62814. 63149. 62770.]
Task is 26.00% complete.
t1_sim:[56698. 55893. 54170.] t2_sim:[62290. 62931. 63146.]
Task is 27.00% complete.
t1_sim:[64952. 65142. 64608.] t2_sim:[64813. 64687. 63965.]
Task is 28.00% complete.
t1_sim:[58406. 58969. 60628.] t2_sim:[60247. 59747. 59507.]
Task is 29.00% complete.
t1_sim:[62209. 63161. 64980.] t2_sim:[64535. 64376. 62202.]
Task is 30.00% complete.
t1_sim:[66510. 66631. 66929.] t2_sim:[63020. 63747. 64074.]
Task is 31.00% complete.
t1_sim:[61352. 58910. 58300.] t2_sim:[66279. 66790. 66018.]
Task is 32.00% complete.
t1_sim:[63782. 62879. 64908.] t2_sim:[65001. 65014. 66440.]
Task is 33.00% complete.
t1_sim:[61633. 62251. 66519.] t2_sim:[59013. 60300. 60621.]
Task is 34.00% complete.
t1_sim:[56589. 54996. 57990.] t2_sim:[59259. 59526. 61884.]
Task is 35.00% complete.
t1_sim:[61352. 61843. 60590.] t2_sim:[62485. 61539. 62391.]
Task is 36.00% complete.
t1_sim:[65323. 65826. 65778.] t2_sim:[65396. 66253. 65706.]
Task is 37.00% complete.
t1_sim:[61631. 61266. 60111.] t2_sim:[62370. 63254. 60784.]
Task is 38.00% complete.
t1_sim:[61241. 60005. 60259.] t2_sim:[65025. 65946. 61999.]
Task is 39.00% complete.
t1_sim:[64243. 64826. 62867.] t2_sim:[57729. 59452. 57277.]
Task is 40.00% complete.
t1_sim:[64287. 63714. 61906.] t2_sim:[66820. 65919. 66665.]
Task is 41.00% complete.
t1_sim:[65171. 65089. 64842.] t2_sim:[63182. 63198. 61860.]
Task is 42.00% complete.
t1_sim:[62780. 61264. 61537.] t2_sim:[62911. 63064. 59929.]
Task is 43.00% complete.
t1_sim:[63269. 61892. 63425.] t2_sim:[57010. 57704. 57521.]
Task is 44.00% complete.
t1_sim:[63243. 63380. 62189.] t2_sim:[61441. 61155. 60895.]
Task is 45.00% complete.
t1_sim:[58600. 61011. 59359.] t2_sim:[60732. 62388. 61428.]
Task is 46.00% complete.
t1_sim:[58597. 58232. 59958.] t2_sim:[67167. 68232. 65159.]
Task is 47.00% complete.
t1_sim:[62892. 63190. 62759.] t2_sim:[61957. 62446. 61623.]
Task is 48.00% complete.
t1_sim:[67951. 67878. 66032.] t2_sim:[67594. 68578. 65550.]
Task is 49.00% complete.
t1_sim:[61462. 60339. 62404.] t2_sim:[67647. 66737. 66786.]
Task is 50.00% complete.
t1_sim:[60200. 61139. 58871.] t2_sim:[62566. 61650. 61122.]
Task is 51.00% complete.
t1_sim:[62382. 62298. 61042.] t2_sim:[59206. 58881. 60142.]
Task is 52.00% complete.
t1_sim:[62591. 62891. 66081.] t2_sim:[62367. 62820. 61815.]
Task is 53.00% complete.
t1_sim:[64051. 64577. 62434.] t2_sim:[65429. 64641. 66488.]
Task is 54.00% complete.
t1_sim:[61817. 59831. 61468.] t2_sim:[60825. 61876. 62337.]
Task is 55.00% complete.
t1_sim:[61779. 63402. 60030.] t2_sim:[63157. 63161. 63094.]
Task is 56.00% complete.
t1_sim:[66793. 65549. 69241.] t2_sim:[60046. 60549. 62794.]
Task is 57.00% complete.
t1_sim:[65369. 64867. 66039.] t2_sim:[65558. 64582. 65127.]
Task is 58.00% complete.
t1_sim:[63096. 61242. 61612.] t2_sim:[61290. 61196. 63854.]
Task is 59.00% complete.
t1_sim:[61482. 60630. 59812.] t2_sim:[66019. 66525. 63749.]
Task is 60.00% complete.
t1_sim:[63221. 64256. 66514.] t2_sim:[63649. 64366. 66143.]
Task is 61.00% complete.
t1_sim:[60136. 60287. 61085.] t2_sim:[59904. 58558. 59483.]
Task is 62.00% complete.
t1_sim:[58977. 58804. 59101.] t2_sim:[67909. 69757. 70169.]
Task is 63.00% complete.
t1_sim:[60065. 59696. 59108.] t2_sim:[63681. 63495. 63722.]
Task is 64.00% complete.
t1_sim:[63156. 65405. 64388.] t2_sim:[58529. 58566. 59354.]
Task is 65.00% complete.
t1_sim:[65554. 66701. 64153.] t2_sim:[61062. 60731. 61470.]
Task is 66.00% complete.
t1_sim:[61768. 62849. 61897.] t2_sim:[63452. 63511. 63380.]
Task is 67.00% complete.
t1_sim:[63881. 63068. 60841.] t2_sim:[60265. 60721. 61252.]
Task is 68.00% complete.
t1_sim:[61542. 60204. 60030.] t2_sim:[62814. 61686. 59485.]
Task is 69.00% complete.
t1_sim:[61153. 63708. 63021.] t2_sim:[64045. 62735. 65379.]
Task is 70.00% complete.
t1_sim:[66603. 65661. 65610.] t2_sim:[66621. 67119. 66232.]
Task is 71.00% complete.
t1_sim:[67599. 69614. 66828.] t2_sim:[64230. 61772. 61028.]
Task is 72.00% complete.
t1_sim:[66191. 65883. 66972.] t2_sim:[63055. 63565. 62078.]
Task is 73.00% complete.
t1_sim:[65469. 66447. 68008.] t2_sim:[63126. 62757. 62045.]
Task is 74.00% complete.
t1_sim:[58548. 58822. 58472.] t2_sim:[66743. 65507. 63636.]
Task is 75.00% complete.
t1_sim:[66138. 66067. 62934.] t2_sim:[62441. 62104. 63171.]
Task is 76.00% complete.
t1_sim:[55130. 55214. 58317.] t2_sim:[63923. 61852. 64364.]
Task is 77.00% complete.
t1_sim:[57706. 57806. 59278.] t2_sim:[62877. 63814. 67655.]
Task is 78.00% complete.
t1_sim:[62342. 62911. 63158.] t2_sim:[63480. 64676. 63434.]
Task is 79.00% complete.
t1_sim:[61941. 62222. 60996.] t2_sim:[62222. 61445. 63296.]
Task is 80.00% complete.
t1_sim:[67083. 67671. 69645.] t2_sim:[67899. 67073. 65254.]
Task is 81.00% complete.
t1_sim:[66459. 66171. 63441.] t2_sim:[60391. 60247. 64605.]
Task is 82.00% complete.
t1_sim:[55033. 53757. 53116.] t2_sim:[59715. 60823. 60580.]
Task is 83.00% complete.
t1_sim:[56596. 56858. 57251.] t2_sim:[64452. 62994. 63807.]
Task is 84.00% complete.
t1_sim:[62433. 61502. 62365.] t2_sim:[62901. 63843. 64374.]
Task is 85.00% complete.
t1_sim:[65085. 65678. 66443.] t2_sim:[65401. 64272. 66633.]
Task is 86.00% complete.
t1_sim:[65299. 66822. 64068.] t2_sim:[67862. 67217. 67595.]
Task is 87.00% complete.
t1_sim:[60587. 62410. 63974.] t2_sim:[60173. 58540. 62065.]
Task is 88.00% complete.
t1_sim:[61202. 60786. 60636.] t2_sim:[59023. 59689. 57153.]
Task is 89.00% complete.
t1_sim:[63574. 63392. 64550.] t2_sim:[63164. 64761. 63658.]
Task is 90.00% complete.
t1_sim:[65045. 68065. 63670.] t2_sim:[59968. 61024. 59857.]
Task is 91.00% complete.
t1_sim:[59830. 60649. 59413.] t2_sim:[59588. 58540. 60196.]
Task is 92.00% complete.
t1_sim:[65969. 67157. 64044.] t2_sim:[57515. 58800. 56687.]
Task is 93.00% complete.
t1_sim:[62228. 60650. 64176.] t2_sim:[59088. 59580. 58048.]
Task is 94.00% complete.
t1_sim:[57620. 57716. 58163.] t2_sim:[60103. 60675. 59660.]
Task is 95.00% complete.
t1_sim:[62671. 61603. 63875.] t2_sim:[68547. 67405. 67310.]
Task is 96.00% complete.
t1_sim:[62774. 62497. 61533.] t2_sim:[61870. 61324. 64254.]
Task is 97.00% complete.
t1_sim:[64194. 63816. 64769.] t2_sim:[57376. 58002. 60087.]
Task is 98.00% complete.
t1_sim:[60800. 59346. 63226.] t2_sim:[58031. 57867. 58116.]
Task is 99.00% complete.
t1_sim:[64551. 65322. 62697.] t2_sim:[66133. 68422. 63873.]
Training start
t1_obs:[array(92097.), array(83749.), array(80763.)] t2_obs:[array(94863.), array(84352.), array(83601.)]
corr_G1:[None, None, 0.9361992734785947] corr_G2:[None, None, 0.8963315744878585]
Training end
Task is 0.00% complete.
t1_sim:[57604. 58277. 58447.] t2_sim:[59671. 58733. 59094.]
Task is 1.00% complete.
t1_sim:[67276. 68019. 68067.] t2_sim:[57445. 57306. 57970.]
Task is 2.00% complete.
t1_sim:[63435. 64171. 63635.] t2_sim:[61941. 62162. 62665.]
Task is 3.00% complete.
t1_sim:[64123. 62174. 63142.] t2_sim:[64288. 65117. 65943.]
Task is 4.00% complete.
t1_sim:[56762. 56701. 56762.] t2_sim:[65399. 64904. 65260.]
Task is 5.00% complete.
t1_sim:[63017. 62957. 63280.] t2_sim:[66277. 65964. 65625.]
Task is 6.00% complete.
t1_sim:[66383. 66554. 67026.] t2_sim:[65474. 65378. 65904.]
Task is 7.00% complete.
t1_sim:[59186. 58217. 59466.] t2_sim:[60413. 60084. 60976.]
Task is 8.00% complete.
t1_sim:[65340. 65198. 66347.] t2_sim:[62632. 62682. 61851.]
Task is 9.00% complete.
t1_sim:[55148. 56351. 56806.] t2_sim:[60757. 60718. 59543.]
Task is 10.00% complete.
t1_sim:[66307. 64898. 64836.] t2_sim:[61769. 59924. 58946.]
Task is 11.00% complete.
t1_sim:[64657. 64211. 63396.] t2_sim:[63300. 62542. 62021.]
Task is 12.00% complete.
t1_sim:[68181. 69067. 68435.] t2_sim:[61305. 61855. 61294.]
Task is 13.00% complete.
t1_sim:[62467. 62851. 59919.] t2_sim:[62493. 61847. 62066.]
Task is 14.00% complete.
t1_sim:[66958. 66667. 66066.] t2_sim:[61173. 61402. 60855.]
Task is 15.00% complete.
t1_sim:[59567. 61584. 61410.] t2_sim:[66230. 66583. 67235.]
Task is 16.00% complete.
t1_sim:[60096. 60709. 60757.] t2_sim:[57851. 59458. 60450.]
Task is 17.00% complete.
t1_sim:[57602. 57105. 59070.] t2_sim:[63630. 65415. 64794.]
Task is 18.00% complete.
t1_sim:[62681. 63386. 63686.] t2_sim:[66085. 65601. 64286.]
Task is 19.00% complete.
t1_sim:[59320. 59590. 61199.] t2_sim:[66964. 67311. 67632.]
Task is 20.00% complete.
t1_sim:[66450. 67062. 66176.] t2_sim:[64518. 64033. 64392.]
Task is 21.00% complete.
t1_sim:[64629. 64095. 64107.] t2_sim:[60751. 60023. 62522.]
Task is 22.00% complete.
t1_sim:[62115. 62519. 62107.] t2_sim:[56350. 58662. 57959.]
Task is 23.00% complete.
t1_sim:[65983. 65430. 65601.] t2_sim:[59088. 57764. 57692.]
Task is 24.00% complete.
t1_sim:[57679. 58794. 58143.] t2_sim:[61126. 61350. 61991.]
Task is 25.00% complete.
t1_sim:[57653. 58777. 58425.] t2_sim:[66451. 65887. 65650.]
Task is 26.00% complete.
t1_sim:[63604. 63945. 65428.] t2_sim:[65721. 65595. 66752.]
Task is 27.00% complete.
t1_sim:[63077. 61150. 61774.] t2_sim:[60890. 61109. 61633.]
Task is 28.00% complete.
t1_sim:[63510. 64200. 63843.] t2_sim:[63980. 62762. 65003.]
Task is 29.00% complete.
t1_sim:[61824. 60323. 60370.] t2_sim:[59938. 61129. 61475.]
Task is 30.00% complete.
t1_sim:[56350. 54885. 56569.] t2_sim:[62572. 61522. 61388.]
Task is 31.00% complete.
t1_sim:[66747. 66546. 66552.] t2_sim:[65487. 65768. 65204.]
Task is 32.00% complete.
t1_sim:[67333. 67298. 67336.] t2_sim:[66523. 66690. 66464.]
Task is 33.00% complete.
t1_sim:[64416. 64081. 63583.] t2_sim:[57350. 58614. 59107.]
Task is 34.00% complete.
t1_sim:[62240. 62714. 63948.] t2_sim:[65441. 66807. 65392.]
Task is 35.00% complete.
t1_sim:[62241. 63120. 62894.] t2_sim:[59641. 60177. 60104.]
Task is 36.00% complete.
t1_sim:[63727. 64843. 65197.] t2_sim:[59549. 60087. 61982.]
Task is 37.00% complete.
t1_sim:[64606. 65881. 65488.] t2_sim:[63079. 63852. 63098.]
Task is 38.00% complete.
t1_sim:[63284. 62226. 61926.] t2_sim:[61252. 62104. 62642.]
Task is 39.00% complete.
t1_sim:[69592. 69544. 71703.] t2_sim:[62275. 63060. 62960.]
Task is 40.00% complete.
t1_sim:[61254. 59519. 62452.] t2_sim:[59370. 59529. 60295.]
Task is 41.00% complete.
t1_sim:[62350. 62072. 61607.] t2_sim:[67387. 67110. 66150.]
Task is 42.00% complete.
t1_sim:[56819. 59008. 57424.] t2_sim:[61158. 61103. 61626.]
Task is 43.00% complete.
t1_sim:[64313. 64088. 63465.] t2_sim:[62103. 61128. 60419.]
Task is 44.00% complete.
t1_sim:[65360. 64426. 66039.] t2_sim:[61673. 62294. 61021.]
Task is 45.00% complete.
t1_sim:[54310. 54598. 54901.] t2_sim:[59869. 59614. 58786.]
Task is 46.00% complete.
t1_sim:[59385. 58144. 58637.] t2_sim:[65838. 64079. 64248.]
Task is 47.00% complete.
t1_sim:[64610. 63109. 63271.] t2_sim:[63903. 64298. 64658.]
Task is 48.00% complete.
t1_sim:[69792. 69814. 69559.] t2_sim:[51022. 50386. 49762.]
Task is 49.00% complete.
t1_sim:[62727. 60964. 60678.] t2_sim:[64200. 62715. 63933.]
Task is 50.00% complete.
t1_sim:[67745. 68443. 68790.] t2_sim:[62615. 64164. 63988.]
Task is 51.00% complete.
t1_sim:[60416. 60987. 62115.] t2_sim:[61504. 60888. 61726.]
Task is 52.00% complete.
t1_sim:[63975. 63934. 63476.] t2_sim:[63364. 64570. 63542.]
Task is 53.00% complete.
t1_sim:[68089. 67894. 67455.] t2_sim:[61383. 61375. 61229.]
Task is 54.00% complete.
t1_sim:[64153. 64369. 64695.] t2_sim:[63250. 65331. 66094.]
Task is 55.00% complete.
t1_sim:[65831. 65812. 67160.] t2_sim:[63786. 62542. 62764.]
Task is 56.00% complete.
t1_sim:[61218. 61934. 61327.] t2_sim:[67313. 67681. 68051.]
Task is 57.00% complete.
t1_sim:[64869. 63832. 64698.] t2_sim:[66699. 65777. 66002.]
Task is 58.00% complete.
t1_sim:[62690. 62015. 62623.] t2_sim:[60117. 61244. 60618.]
Task is 59.00% complete.
t1_sim:[64214. 63829. 63838.] t2_sim:[62372. 63404. 63109.]
Task is 60.00% complete.
t1_sim:[59940. 60726. 60721.] t2_sim:[64690. 64455. 64001.]
Task is 61.00% complete.
t1_sim:[59755. 61132. 60208.] t2_sim:[63777. 63331. 63591.]
Task is 62.00% complete.
t1_sim:[65900. 65840. 65477.] t2_sim:[60174. 59564. 59348.]
Task is 63.00% complete.
t1_sim:[65540. 65184. 64417.] t2_sim:[65645. 66855. 66265.]
Task is 64.00% complete.
t1_sim:[62788. 63052. 63631.] t2_sim:[60563. 60916. 61242.]
Task is 65.00% complete.
t1_sim:[62100. 61488. 61003.] t2_sim:[56821. 55640. 55480.]
Task is 66.00% complete.
t1_sim:[66780. 66567. 66149.] t2_sim:[60145. 60553. 59907.]
Task is 67.00% complete.
t1_sim:[58606. 59572. 59955.] t2_sim:[67845. 67065. 67960.]
Task is 68.00% complete.
t1_sim:[58156. 57507. 56589.] t2_sim:[56759. 56595. 56742.]
Task is 69.00% complete.
t1_sim:[65176. 65478. 65079.] t2_sim:[62765. 62653. 62177.]
Task is 70.00% complete.
t1_sim:[65141. 65061. 65444.] t2_sim:[57963. 58964. 59101.]
Task is 71.00% complete.
t1_sim:[58385. 58340. 58348.] t2_sim:[62378. 63155. 63059.]
Task is 72.00% complete.
t1_sim:[62491. 60953. 61407.] t2_sim:[61772. 61257. 62440.]
Task is 73.00% complete.
t1_sim:[59083. 57402. 57383.] t2_sim:[60668. 60627. 61502.]
Task is 74.00% complete.
t1_sim:[66027. 66194. 67282.] t2_sim:[61968. 60530. 61139.]
Task is 75.00% complete.
t1_sim:[57736. 57915. 56631.] t2_sim:[59913. 58671. 58917.]
Task is 76.00% complete.
t1_sim:[66731. 65980. 66732.] t2_sim:[61438. 61855. 62531.]
Task is 77.00% complete.
t1_sim:[65134. 64513. 64433.] t2_sim:[64858. 64439. 65383.]
Task is 78.00% complete.
t1_sim:[63281. 61765. 62957.] t2_sim:[68232. 68243. 67759.]
Task is 79.00% complete.
t1_sim:[62695. 60973. 61985.] t2_sim:[60382. 60361. 61109.]
Task is 80.00% complete.
t1_sim:[64665. 65126. 66604.] t2_sim:[60810. 61435. 61909.]
Task is 81.00% complete.
t1_sim:[60973. 59677. 59204.] t2_sim:[66533. 68205. 66478.]
Task is 82.00% complete.
t1_sim:[65331. 64782. 64104.] t2_sim:[64071. 62955. 64975.]
Task is 83.00% complete.
t1_sim:[62012. 62526. 62947.] t2_sim:[59715. 58901. 59961.]
Task is 84.00% complete.
t1_sim:[57843. 57124. 57849.] t2_sim:[63129. 63750. 64573.]
Task is 85.00% complete.
t1_sim:[60081. 60302. 59802.] t2_sim:[58869. 59176. 60119.]
Task is 86.00% complete.
t1_sim:[62398. 62116. 61983.] t2_sim:[55275. 56456. 56077.]
Task is 87.00% complete.
t1_sim:[67082. 66198. 66053.] t2_sim:[63685. 62690. 63477.]
Task is 88.00% complete.
t1_sim:[68040. 67956. 69517.] t2_sim:[62992. 62729. 64326.]
Task is 89.00% complete.
t1_sim:[67384. 67699. 67180.] t2_sim:[65281. 64541. 65444.]
Task is 90.00% complete.
t1_sim:[67135. 66769. 66209.] t2_sim:[64198. 65311. 65693.]
Task is 91.00% complete.
t1_sim:[65695. 65637. 65030.] t2_sim:[66145. 66241. 66440.]
Task is 92.00% complete.
t1_sim:[58910. 59922. 58860.] t2_sim:[62689. 63691. 63311.]
Task is 93.00% complete.
t1_sim:[67325. 67194. 67274.] t2_sim:[63745. 65073. 64650.]
Task is 94.00% complete.
t1_sim:[61932. 62153. 62275.] t2_sim:[64436. 64733. 63478.]
Task is 95.00% complete.
t1_sim:[68019. 68063. 68451.] t2_sim:[66991. 66290. 67009.]
Task is 96.00% complete.
t1_sim:[56799. 56819. 57299.] t2_sim:[62742. 64131. 64274.]
Task is 97.00% complete.
t1_sim:[55271. 54635. 55378.] t2_sim:[63912. 64352. 65042.]
Task is 98.00% complete.
t1_sim:[60575. 61247. 61972.] t2_sim:[63443. 61642. 63526.]
Task is 99.00% complete.
t1_sim:[57899. 58335. 58938.] t2_sim:[58362. 57682. 57106.]
Training start
t1_obs:[array(92097.), array(83749.), array(77525.)] t2_obs:[array(94863.), array(84352.), array(80604.)]
corr_G1:[None, None, 0.2609738675636362] corr_G2:[None, None, 0.5485559595796196]
Training end
Task is 0.00% complete.
t1_sim:[65589. 65894. 61619.] t2_sim:[61662. 59474. 57525.]
Task is 1.00% complete.
t1_sim:[62245. 63997. 58728.] t2_sim:[63183. 63128. 61447.]
Task is 2.00% complete.
t1_sim:[65162. 67107. 62344.] t2_sim:[63673. 64236. 61922.]
Task is 3.00% complete.
t1_sim:[60772. 60337. 55668.] t2_sim:[61447. 59974. 58114.]
Task is 4.00% complete.
t1_sim:[60710. 60704. 56735.] t2_sim:[60255. 61240. 60974.]
Task is 5.00% complete.
t1_sim:[62688. 62532. 59639.] t2_sim:[61548. 62005. 59637.]
Task is 6.00% complete.
t1_sim:[66172. 65825. 61204.] t2_sim:[61314. 62139. 60690.]
Task is 7.00% complete.
t1_sim:[59005. 58754. 54834.] t2_sim:[63289. 63012. 61726.]
Task is 8.00% complete.
t1_sim:[64492. 63710. 60338.] t2_sim:[65102. 64268. 62146.]
Task is 9.00% complete.
t1_sim:[63584. 61121. 58495.] t2_sim:[56830. 55890. 51127.]
Task is 10.00% complete.
t1_sim:[64572. 65248. 60860.] t2_sim:[61006. 61498. 58543.]
Task is 11.00% complete.
t1_sim:[64413. 65359. 60537.] t2_sim:[58878. 58193. 55521.]
Task is 12.00% complete.
t1_sim:[61157. 62386. 57116.] t2_sim:[57660. 59663. 56659.]
Task is 13.00% complete.
t1_sim:[66840. 66070. 60747.] t2_sim:[64399. 63602. 61631.]
Task is 14.00% complete.
t1_sim:[63784. 64653. 60151.] t2_sim:[58101. 60667. 56549.]
Task is 15.00% complete.
t1_sim:[59496. 58053. 56325.] t2_sim:[61124. 62111. 58835.]
Task is 16.00% complete.
t1_sim:[60225. 61436. 56570.] t2_sim:[60175. 61596. 58674.]
Task is 17.00% complete.
t1_sim:[67485. 68060. 63222.] t2_sim:[58342. 58978. 54775.]
Task is 18.00% complete.
t1_sim:[63053. 63279. 58426.] t2_sim:[61268. 60057. 59507.]
Task is 19.00% complete.
t1_sim:[64822. 64982. 62666.] t2_sim:[63503. 63650. 60159.]
Task is 20.00% complete.
t1_sim:[62110. 60693. 56873.] t2_sim:[64206. 64276. 61721.]
Task is 21.00% complete.
t1_sim:[57405. 58152. 53781.] t2_sim:[60271. 60808. 57789.]
Task is 22.00% complete.
t1_sim:[64785. 65457. 59114.] t2_sim:[62652. 62774. 60257.]
Task is 23.00% complete.
t1_sim:[64265. 66119. 60553.] t2_sim:[58170. 58254. 55137.]
Task is 24.00% complete.
t1_sim:[61318. 63374. 58349.] t2_sim:[63477. 64544. 63551.]
Task is 25.00% complete.
t1_sim:[68919. 67734. 62800.] t2_sim:[53579. 53359. 51387.]
Task is 26.00% complete.
t1_sim:[63731. 63963. 59524.] t2_sim:[62202. 61502. 58116.]
Task is 27.00% complete.
t1_sim:[61086. 60514. 56425.] t2_sim:[64534. 64224. 61682.]
Task is 28.00% complete.
t1_sim:[58774. 59218. 55125.] t2_sim:[63163. 62211. 59297.]
Task is 29.00% complete.
t1_sim:[61382. 60447. 56084.] t2_sim:[60122. 60114. 59219.]
Task is 30.00% complete.
t1_sim:[62895. 59374. 56707.] t2_sim:[61436. 61580. 58405.]
Task is 31.00% complete.
t1_sim:[64278. 65132. 59542.] t2_sim:[62983. 62420. 59433.]
Task is 32.00% complete.
t1_sim:[64267. 63146. 61109.] t2_sim:[61760. 61458. 58664.]
Task is 33.00% complete.
t1_sim:[61339. 61108. 56441.] t2_sim:[62764. 62390. 60894.]
Task is 34.00% complete.
t1_sim:[63156. 64006. 58573.] t2_sim:[56061. 57746. 52645.]
Task is 35.00% complete.
t1_sim:[62900. 62660. 57129.] t2_sim:[56512. 56697. 53376.]
Task is 36.00% complete.
t1_sim:[65272. 64325. 60993.] t2_sim:[65019. 66049. 63700.]
Task is 37.00% complete.
t1_sim:[59451. 58582. 55432.] t2_sim:[62978. 62072. 60491.]
Task is 38.00% complete.
t1_sim:[62469. 62158. 58489.] t2_sim:[60742. 61555. 59186.]
Task is 39.00% complete.
t1_sim:[55453. 55393. 51166.] t2_sim:[56605. 57806. 54124.]
Task is 40.00% complete.
t1_sim:[60900. 62289. 57071.] t2_sim:[56685. 58770. 55591.]
Task is 41.00% complete.
t1_sim:[63411. 63422. 58292.] t2_sim:[57837. 57427. 54903.]
Task is 42.00% complete.
t1_sim:[61582. 62694. 57162.] t2_sim:[64478. 62367. 61442.]
Task is 43.00% complete.
t1_sim:[62192. 63967. 59247.] t2_sim:[62056. 63388. 60542.]
Task is 44.00% complete.
t1_sim:[61143. 60655. 55083.] t2_sim:[60698. 61069. 59367.]
Task is 45.00% complete.
t1_sim:[68004. 67429. 63766.] t2_sim:[58891. 59850. 55761.]
Task is 46.00% complete.
t1_sim:[59719. 58943. 55004.] t2_sim:[62203. 61006. 60388.]
Task is 47.00% complete.
t1_sim:[65691. 65281. 61850.] t2_sim:[63674. 64284. 61577.]
Task is 48.00% complete.
t1_sim:[60891. 59646. 55990.] t2_sim:[62851. 62661. 59695.]
Task is 49.00% complete.
t1_sim:[67580. 65490. 61359.] t2_sim:[57932. 58464. 56059.]
Task is 50.00% complete.
t1_sim:[63053. 64698. 59090.] t2_sim:[65453. 67267. 63473.]
Task is 51.00% complete.
t1_sim:[65099. 63992. 59472.] t2_sim:[65134. 63474. 62492.]
Task is 52.00% complete.
t1_sim:[65051. 65284. 60693.] t2_sim:[57539. 57146. 55197.]
Task is 53.00% complete.
t1_sim:[64054. 62771. 58203.] t2_sim:[62661. 63635. 60159.]
Task is 54.00% complete.
t1_sim:[63222. 62828. 58957.] t2_sim:[59934. 60120. 57712.]
Task is 55.00% complete.
t1_sim:[66058. 65860. 61740.] t2_sim:[58899. 58419. 56256.]
Task is 56.00% complete.
t1_sim:[58020. 57902. 53439.] t2_sim:[62060. 60418. 57599.]
Task is 57.00% complete.
t1_sim:[57533. 57040. 52202.] t2_sim:[57393. 58024. 55178.]
Task is 58.00% complete.
t1_sim:[66942. 65638. 62645.] t2_sim:[62839. 62697. 60691.]
Task is 59.00% complete.
t1_sim:[64718. 66796. 61282.] t2_sim:[65417. 64918. 63161.]
Task is 60.00% complete.
t1_sim:[67044. 66683. 62812.] t2_sim:[57496. 57744. 55200.]
Task is 61.00% complete.
t1_sim:[67423. 66394. 63930.] t2_sim:[58353. 57295. 54550.]
Task is 62.00% complete.
t1_sim:[66297. 66467. 62196.] t2_sim:[56938. 57332. 55439.]
Task is 63.00% complete.
t1_sim:[62717. 62662. 59367.] t2_sim:[62273. 61143. 57780.]
Task is 64.00% complete.
t1_sim:[63426. 65408. 61587.] t2_sim:[65424. 65336. 62898.]
Task is 65.00% complete.
t1_sim:[63004. 63735. 59891.] t2_sim:[53937. 52119. 50323.]
Task is 66.00% complete.
t1_sim:[63792. 63874. 58701.] t2_sim:[67766. 66466. 63714.]
Task is 67.00% complete.
t1_sim:[59172. 59034. 54935.] t2_sim:[61075. 60459. 59914.]
Task is 68.00% complete.
t1_sim:[64058. 63611. 58482.] t2_sim:[63006. 62255. 59768.]
Task is 69.00% complete.
t1_sim:[56052. 56078. 52600.] t2_sim:[59980. 60765. 58532.]
Task is 70.00% complete.
t1_sim:[64433. 65361. 61390.] t2_sim:[63170. 62057. 59298.]
Task is 71.00% complete.
t1_sim:[63061. 61421. 58526.] t2_sim:[63458. 62386. 60852.]
Task is 72.00% complete.
t1_sim:[58865. 60085. 54411.] t2_sim:[65536. 66511. 63857.]
Task is 73.00% complete.
t1_sim:[62714. 63811. 59105.] t2_sim:[62270. 61997. 59961.]
Task is 74.00% complete.
t1_sim:[58488. 58185. 52529.] t2_sim:[64081. 64577. 62497.]
Task is 75.00% complete.
t1_sim:[59343. 58407. 54738.] t2_sim:[62713. 63277. 59974.]
Task is 76.00% complete.
t1_sim:[68551. 69038. 65380.] t2_sim:[61641. 61980. 59194.]
Task is 77.00% complete.
t1_sim:[59141. 58299. 53507.] t2_sim:[61497. 61155. 59302.]
Task is 78.00% complete.
t1_sim:[66142. 66332. 64083.] t2_sim:[59374. 60638. 58929.]
Task is 79.00% complete.
t1_sim:[62576. 62437. 58695.] t2_sim:[62021. 62526. 58824.]
Task is 80.00% complete.
t1_sim:[57742. 57803. 55546.] t2_sim:[60656. 61989. 59130.]
Task is 81.00% complete.
t1_sim:[64800. 64243. 60037.] t2_sim:[59382. 58119. 55771.]
Task is 82.00% complete.
t1_sim:[61561. 60410. 53805.] t2_sim:[62885. 62106. 58659.]
Task is 83.00% complete.
t1_sim:[63504. 62616. 58222.] t2_sim:[62979. 63117. 60371.]
Task is 84.00% complete.
t1_sim:[58688. 59020. 54789.] t2_sim:[63813. 62377. 60700.]
Task is 85.00% complete.
t1_sim:[65873. 65299. 62625.] t2_sim:[59026. 59051. 55723.]
Task is 86.00% complete.
t1_sim:[64133. 65150. 60975.] t2_sim:[63603. 64281. 60404.]
Task is 87.00% complete.
t1_sim:[61023. 63483. 58022.] t2_sim:[66633. 66192. 64199.]
Task is 88.00% complete.
t1_sim:[60358. 63154. 57096.] t2_sim:[64027. 65195. 59473.]
Task is 89.00% complete.
t1_sim:[60954. 61065. 56305.] t2_sim:[61592. 61000. 58914.]
Task is 90.00% complete.
t1_sim:[63201. 62312. 58753.] t2_sim:[61200. 60988. 58415.]
Task is 91.00% complete.
t1_sim:[61872. 63672. 58892.] t2_sim:[63848. 64228. 60306.]
Task is 92.00% complete.
t1_sim:[60556. 61031. 54904.] t2_sim:[62654. 62692. 59745.]
Task is 93.00% complete.
t1_sim:[69709. 70336. 65854.] t2_sim:[63054. 63934. 60941.]
Task is 94.00% complete.
t1_sim:[64136. 63838. 58643.] t2_sim:[63930. 62057. 59408.]
Task is 95.00% complete.
t1_sim:[58996. 58921. 52978.] t2_sim:[62026. 61259. 58458.]
Task is 96.00% complete.
t1_sim:[69222. 69582. 64671.] t2_sim:[60880. 59708. 58561.]
Task is 97.00% complete.
t1_sim:[58099. 58874. 55122.] t2_sim:[59611. 59292. 59455.]
Task is 98.00% complete.
t1_sim:[67675. 67643. 61942.] t2_sim:[59225. 59670. 56450.]
Task is 99.00% complete.
t1_sim:[62941. 62600. 57006.] t2_sim:[63426. 64562. 60531.]
Finished
