/scratch/jz4721/Post-prediction-Causal-Inference/venv/lib/python3.8/site-packages/numpy/core/getlimits.py:518: UserWarning: The value of the smallest subnormal for <class 'numpy.float64'> type is zero.
  setattr(self, word, getattr(machar, word).flat[0])
/scratch/jz4721/Post-prediction-Causal-Inference/venv/lib/python3.8/site-packages/numpy/core/getlimits.py:89: UserWarning: The value of the smallest subnormal for <class 'numpy.float64'> type is zero.
  return self._float_to_str(self.smallest_subnormal)
/scratch/jz4721/Post-prediction-Causal-Inference/venv/lib/python3.8/site-packages/numpy/core/getlimits.py:518: UserWarning: The value of the smallest subnormal for <class 'numpy.float32'> type is zero.
  setattr(self, word, getattr(machar, word).flat[0])
/scratch/jz4721/Post-prediction-Causal-Inference/venv/lib/python3.8/site-packages/numpy/core/getlimits.py:89: UserWarning: The value of the smallest subnormal for <class 'numpy.float32'> type is zero.
  return self._float_to_str(self.smallest_subnormal)
Begin
Training start
t1_obs:[array(90706.), array(80816.), array(68695.)] t2_obs:[array(88074.), array(79016.), array(65167.)]
corr_G1:[None, None, 0] corr_G2:[None, None, -1.0838359627876733e-17]
Training end
Task is 0.00% complete.
t1_sim:[64643. 64051. 64266.] t2_sim:[61128. 60629. 58851.]
Task is 1.00% complete.
t1_sim:[62797. 62029. 59510.] t2_sim:[62942. 61793. 59469.]
Task is 2.00% complete.
t1_sim:[66280. 66810. 66865.] t2_sim:[55737. 56743. 56763.]
Task is 3.00% complete.
t1_sim:[60167. 60608. 61301.] t2_sim:[65162. 65968. 60691.]
Task is 4.00% complete.
t1_sim:[59283. 60957. 60560.] t2_sim:[62724. 62895. 61475.]
Task is 5.00% complete.
t1_sim:[58139. 57115. 55749.] t2_sim:[58447. 58896. 58310.]
Task is 6.00% complete.
t1_sim:[71903. 70345. 70756.] t2_sim:[60368. 60876. 60606.]
Task is 7.00% complete.
t1_sim:[61064. 61500. 60627.] t2_sim:[63410. 62036. 63998.]
Task is 8.00% complete.
t1_sim:[69678. 68707. 69938.] t2_sim:[67188. 67365. 68705.]
Task is 9.00% complete.
t1_sim:[64709. 65773. 64401.] t2_sim:[60565. 61617. 59222.]
Task is 10.00% complete.
t1_sim:[63098. 64355. 63372.] t2_sim:[58435. 59221. 60128.]
Task is 11.00% complete.
t1_sim:[63532. 63490. 63890.] t2_sim:[68815. 67635. 68764.]
Task is 12.00% complete.
t1_sim:[63165. 63370. 66596.] t2_sim:[65637. 66386. 66526.]
Task is 13.00% complete.
t1_sim:[62362. 61359. 62330.] t2_sim:[66347. 66857. 66276.]
Task is 14.00% complete.
t1_sim:[63166. 63173. 62006.] t2_sim:[59404. 60393. 60635.]
Task is 15.00% complete.
t1_sim:[67322. 67168. 69789.] t2_sim:[62912. 61796. 66903.]
Task is 16.00% complete.
t1_sim:[55849. 56889. 57859.] t2_sim:[61310. 62236. 59628.]
Task is 17.00% complete.
t1_sim:[63550. 63608. 63514.] t2_sim:[63582. 64583. 65820.]
Task is 18.00% complete.
t1_sim:[61947. 62031. 60089.] t2_sim:[62778. 62814. 62898.]
Task is 19.00% complete.
t1_sim:[64426. 62544. 60914.] t2_sim:[65472. 65524. 65506.]
Task is 20.00% complete.
t1_sim:[58857. 60235. 61229.] t2_sim:[60348. 59721. 62938.]
Task is 21.00% complete.
t1_sim:[61128. 60322. 60685.] t2_sim:[61186. 60705. 57795.]
Task is 22.00% complete.
t1_sim:[62911. 63919. 63477.] t2_sim:[64124. 63102. 65429.]
Task is 23.00% complete.
t1_sim:[62663. 62722. 63267.] t2_sim:[62045. 61687. 60414.]
Task is 24.00% complete.
t1_sim:[62619. 61463. 60139.] t2_sim:[62946. 62668. 64372.]
Task is 25.00% complete.
t1_sim:[70650. 71194. 66442.] t2_sim:[61885. 61915. 65064.]
Task is 26.00% complete.
t1_sim:[59320. 58169. 58143.] t2_sim:[65841. 65344. 65772.]
Task is 27.00% complete.
t1_sim:[60789. 61469. 61131.] t2_sim:[64025. 64465. 60864.]
Task is 28.00% complete.
t1_sim:[59627. 60137. 59832.] t2_sim:[57342. 58370. 58781.]
Task is 29.00% complete.
t1_sim:[55492. 57056. 59108.] t2_sim:[65562. 66572. 61001.]
Task is 30.00% complete.
t1_sim:[64514. 63887. 63521.] t2_sim:[67472. 67668. 66638.]
Task is 31.00% complete.
t1_sim:[65259. 64738. 66151.] t2_sim:[60987. 61181. 61892.]
Task is 32.00% complete.
t1_sim:[62490. 64036. 60157.] t2_sim:[61268. 60562. 58788.]
Task is 33.00% complete.
t1_sim:[62981. 62650. 61294.] t2_sim:[67776. 68529. 64612.]
Task is 34.00% complete.
t1_sim:[58716. 59270. 62939.] t2_sim:[63042. 62091. 64153.]
Task is 35.00% complete.
t1_sim:[64079. 65032. 63748.] t2_sim:[60776. 60496. 59562.]
Task is 36.00% complete.
t1_sim:[65843. 67057. 64024.] t2_sim:[66547. 64487. 64510.]
Task is 37.00% complete.
t1_sim:[61400. 61669. 61826.] t2_sim:[68801. 69403. 65157.]
Task is 38.00% complete.
t1_sim:[59163. 58686. 59168.] t2_sim:[61685. 62078. 61263.]
Task is 39.00% complete.
t1_sim:[63493. 63743. 61204.] t2_sim:[60338. 59795. 59537.]
Task is 40.00% complete.
t1_sim:[61467. 60492. 59012.] t2_sim:[64503. 63957. 61504.]
Task is 41.00% complete.
t1_sim:[67717. 66034. 67839.] t2_sim:[64253. 64921. 63752.]
Task is 42.00% complete.
t1_sim:[63247. 64345. 61375.] t2_sim:[57503. 57973. 56997.]
Task is 43.00% complete.
t1_sim:[60245. 60090. 64667.] t2_sim:[62618. 62786. 66691.]
Task is 44.00% complete.
t1_sim:[65978. 65676. 63216.] t2_sim:[57793. 58356. 59912.]
Task is 45.00% complete.
t1_sim:[63449. 64101. 62966.] t2_sim:[69397. 69851. 70389.]
Task is 46.00% complete.
t1_sim:[60071. 60332. 56850.] t2_sim:[59867. 61182. 60807.]
Task is 47.00% complete.
t1_sim:[61576. 60867. 62556.] t2_sim:[64720. 62430. 64187.]
Task is 48.00% complete.
t1_sim:[56772. 55990. 55900.] t2_sim:[59144. 60229. 58973.]
Task is 49.00% complete.
t1_sim:[62605. 64104. 60053.] t2_sim:[65414. 64845. 65619.]
Task is 50.00% complete.
t1_sim:[71749. 71623. 71693.] t2_sim:[60376. 59081. 58586.]
Task is 51.00% complete.
t1_sim:[62747. 63515. 62619.] t2_sim:[59837. 60531. 63413.]
Task is 52.00% complete.
t1_sim:[60012. 59968. 59194.] t2_sim:[66830. 66723. 66688.]
Task is 53.00% complete.
t1_sim:[65323. 64627. 65823.] t2_sim:[69863. 69743. 73181.]
Task is 54.00% complete.
t1_sim:[63774. 63346. 64479.] t2_sim:[57325. 57731. 58389.]
Task is 55.00% complete.
t1_sim:[64973. 64763. 63875.] t2_sim:[62520. 62377. 63422.]
Task is 56.00% complete.
t1_sim:[63282. 62334. 61305.] t2_sim:[59256. 58560. 57524.]
Task is 57.00% complete.
t1_sim:[59812. 59944. 61463.] t2_sim:[66301. 68388. 69332.]
Task is 58.00% complete.
t1_sim:[62830. 61934. 59012.] t2_sim:[64815. 65356. 65577.]
Task is 59.00% complete.
t1_sim:[63254. 64504. 61860.] t2_sim:[60388. 60400. 62165.]
Task is 60.00% complete.
t1_sim:[61552. 62881. 64787.] t2_sim:[59430. 61510. 58643.]
Task is 61.00% complete.
t1_sim:[65298. 66330. 67186.] t2_sim:[58918. 58214. 58325.]
Task is 62.00% complete.
t1_sim:[61906. 61354. 59619.] t2_sim:[64150. 64710. 64354.]
Task is 63.00% complete.
t1_sim:[66874. 67106. 65199.] t2_sim:[57536. 59571. 61233.]
Task is 64.00% complete.
t1_sim:[59424. 58784. 59079.] t2_sim:[62637. 62697. 62063.]
Task is 65.00% complete.
t1_sim:[62212. 61535. 60385.] t2_sim:[56613. 55870. 57871.]
Task is 66.00% complete.
t1_sim:[56041. 55500. 54140.] t2_sim:[58146. 58544. 59653.]
Task is 67.00% complete.
t1_sim:[57087. 57202. 58195.] t2_sim:[60278. 60664. 58802.]
Task is 68.00% complete.
t1_sim:[65716. 66031. 68035.] t2_sim:[54115. 53064. 52320.]
Task is 69.00% complete.
t1_sim:[62825. 62648. 61228.] t2_sim:[68574. 68267. 70095.]
Task is 70.00% complete.
t1_sim:[63511. 62625. 64516.] t2_sim:[62141. 62110. 60567.]
Task is 71.00% complete.
t1_sim:[62008. 61967. 64500.] t2_sim:[62827. 64145. 64663.]
Task is 72.00% complete.
t1_sim:[63571. 62227. 60805.] t2_sim:[69033. 68979. 69689.]
Task is 73.00% complete.
t1_sim:[65285. 66471. 67103.] t2_sim:[65558. 65715. 65502.]
Task is 74.00% complete.
t1_sim:[62685. 62432. 61634.] t2_sim:[58352. 59456. 61023.]
Task is 75.00% complete.
t1_sim:[62770. 62602. 65024.] t2_sim:[56398. 57834. 55595.]
Task is 76.00% complete.
t1_sim:[67270. 68109. 66214.] t2_sim:[62725. 63801. 63446.]
Task is 77.00% complete.
t1_sim:[63678. 64357. 67433.] t2_sim:[62893. 62165. 62231.]
Task is 78.00% complete.
t1_sim:[59941. 58723. 60110.] t2_sim:[64178. 63048. 63688.]
Task is 79.00% complete.
t1_sim:[65210. 66101. 62187.] t2_sim:[64326. 63998. 65508.]
Task is 80.00% complete.
t1_sim:[57883. 57319. 58430.] t2_sim:[59741. 60953. 58225.]
Task is 81.00% complete.
t1_sim:[63792. 64804. 61133.] t2_sim:[61388. 60982. 62615.]
Task is 82.00% complete.
t1_sim:[66192. 67827. 65602.] t2_sim:[60200. 59942. 57481.]
Task is 83.00% complete.
t1_sim:[63366. 62748. 63663.] t2_sim:[56448. 56921. 59859.]
Task is 84.00% complete.
t1_sim:[65905. 66756. 65511.] t2_sim:[62863. 63057. 63332.]
Task is 85.00% complete.
t1_sim:[62760. 62839. 65257.] t2_sim:[59068. 59097. 60236.]
Task is 86.00% complete.
t1_sim:[62570. 62534. 65557.] t2_sim:[58784. 58253. 57690.]
Task is 87.00% complete.
t1_sim:[62419. 60273. 59831.] t2_sim:[64274. 66027. 64369.]
Task is 88.00% complete.
t1_sim:[65066. 65223. 64156.] t2_sim:[60309. 60884. 58137.]
Task is 89.00% complete.
t1_sim:[64484. 65071. 64181.] t2_sim:[67904. 68207. 69057.]
Task is 90.00% complete.
t1_sim:[66412. 67068. 64251.] t2_sim:[67926. 65503. 63472.]
Task is 91.00% complete.
t1_sim:[63753. 63845. 64759.] t2_sim:[63645. 62605. 61974.]
Task is 92.00% complete.
t1_sim:[63295. 62782. 63461.] t2_sim:[66720. 64914. 63344.]
Task is 93.00% complete.
t1_sim:[60999. 61760. 57133.] t2_sim:[59600. 59985. 62301.]
Task is 94.00% complete.
t1_sim:[63731. 63420. 66030.] t2_sim:[64410. 62996. 62466.]
Task is 95.00% complete.
t1_sim:[65871. 65682. 63754.] t2_sim:[61976. 61304. 59579.]
Task is 96.00% complete.
t1_sim:[61908. 61355. 58106.] t2_sim:[57264. 57337. 58037.]
Task is 97.00% complete.
t1_sim:[61286. 59570. 62004.] t2_sim:[60719. 59824. 59005.]
Task is 98.00% complete.
t1_sim:[63447. 63813. 59888.] t2_sim:[70904. 70794. 70906.]
Task is 99.00% complete.
t1_sim:[64429. 63690. 65469.] t2_sim:[66704. 66391. 65897.]
Training start
t1_obs:[array(90706.), array(80816.), array(72631.)] t2_obs:[array(88074.), array(79016.), array(69075.)]
corr_G1:[None, None, 0.9922632002827583] corr_G2:[None, None, 0.9109609357789897]
Training end
Task is 0.00% complete.
t1_sim:[64098. 63791. 63383.] t2_sim:[57255. 56320. 55007.]
Task is 1.00% complete.
t1_sim:[59104. 59886. 59991.] t2_sim:[59838. 59333. 58494.]
Task is 2.00% complete.
t1_sim:[57208. 57180. 57060.] t2_sim:[57442. 57728. 58805.]
Task is 3.00% complete.
t1_sim:[53720. 54203. 54927.] t2_sim:[65217. 64474. 62249.]
Task is 4.00% complete.
t1_sim:[63293. 63557. 63278.] t2_sim:[63800. 64022. 65016.]
Task is 5.00% complete.
t1_sim:[67209. 68244. 67752.] t2_sim:[60621. 60396. 61234.]
Task is 6.00% complete.
t1_sim:[62720. 62975. 62926.] t2_sim:[58385. 57501. 56806.]
Task is 7.00% complete.
t1_sim:[63946. 64461. 66054.] t2_sim:[66889. 66354. 63873.]
Task is 8.00% complete.
t1_sim:[67353. 66148. 67505.] t2_sim:[70083. 70279. 70005.]
Task is 9.00% complete.
t1_sim:[55486. 55826. 56207.] t2_sim:[58809. 58519. 56850.]
Task is 10.00% complete.
t1_sim:[63544. 63038. 64899.] t2_sim:[62604. 61266. 62795.]
Task is 11.00% complete.
t1_sim:[65178. 65049. 63445.] t2_sim:[61441. 61880. 60879.]
Task is 12.00% complete.
t1_sim:[66302. 65576. 66020.] t2_sim:[58567. 58471. 58677.]
Task is 13.00% complete.
t1_sim:[64752. 64882. 64060.] t2_sim:[63282. 63358. 64960.]
Task is 14.00% complete.
t1_sim:[59344. 59214. 59940.] t2_sim:[63497. 61864. 61358.]
Task is 15.00% complete.
t1_sim:[62754. 62817. 62689.] t2_sim:[63968. 63008. 63483.]
Task is 16.00% complete.
t1_sim:[62642. 63341. 61676.] t2_sim:[55760. 55808. 56378.]
Task is 17.00% complete.
t1_sim:[64472. 64241. 64173.] t2_sim:[66657. 66576. 65557.]
Task is 18.00% complete.
t1_sim:[58073. 57701. 59581.] t2_sim:[61304. 62577. 60593.]
Task is 19.00% complete.
t1_sim:[59856. 61361. 62676.] t2_sim:[61447. 61765. 62384.]
Task is 20.00% complete.
t1_sim:[64862. 64443. 62988.] t2_sim:[60378. 61407. 60840.]
Task is 21.00% complete.
t1_sim:[63978. 64403. 64385.] t2_sim:[64246. 64700. 66247.]
Task is 22.00% complete.
t1_sim:[56630. 56293. 54310.] t2_sim:[56550. 55499. 55785.]
Task is 23.00% complete.
t1_sim:[68085. 67946. 70853.] t2_sim:[62251. 62223. 61626.]
Task is 24.00% complete.
t1_sim:[63294. 63244. 63825.] t2_sim:[65961. 64868. 62712.]
Task is 25.00% complete.
t1_sim:[49927. 52049. 51890.] t2_sim:[66232. 67244. 68873.]
Task is 26.00% complete.
t1_sim:[59137. 59874. 59775.] t2_sim:[59785. 60009. 60289.]
Task is 27.00% complete.
t1_sim:[63254. 63031. 61698.] t2_sim:[64613. 64709. 64260.]
Task is 28.00% complete.
t1_sim:[64404. 63391. 64198.] t2_sim:[62606. 62433. 61979.]
Task is 29.00% complete.
t1_sim:[60253. 59642. 60149.] t2_sim:[61503. 61647. 60615.]
Task is 30.00% complete.
t1_sim:[62563. 61970. 61737.] t2_sim:[65441. 63939. 61109.]
Task is 31.00% complete.
t1_sim:[61071. 60661. 61464.] t2_sim:[64913. 63969. 66262.]
Task is 32.00% complete.
t1_sim:[60029. 59222. 57767.] t2_sim:[64079. 65538. 66089.]
Task is 33.00% complete.
t1_sim:[67056. 66556. 64545.] t2_sim:[67791. 67291. 66132.]
Task is 34.00% complete.
t1_sim:[64561. 63723. 62668.] t2_sim:[63099. 63088. 64637.]
Task is 35.00% complete.
t1_sim:[62543. 61895. 61658.] t2_sim:[64318. 64655. 65260.]
Task is 36.00% complete.
t1_sim:[60932. 60828. 61168.] t2_sim:[60843. 62588. 63121.]
Task is 37.00% complete.
t1_sim:[63521. 62623. 62529.] t2_sim:[60601. 60083. 59338.]
Task is 38.00% complete.
t1_sim:[67975. 67537. 69398.] t2_sim:[63134. 63644. 62302.]
Task is 39.00% complete.
t1_sim:[61547. 61638. 62073.] t2_sim:[67706. 66665. 65867.]
Task is 40.00% complete.
t1_sim:[63072. 62793. 62811.] t2_sim:[58016. 57950. 58989.]
Task is 41.00% complete.
t1_sim:[60924. 60759. 61480.] t2_sim:[62372. 62410. 61254.]
Task is 42.00% complete.
t1_sim:[57479. 57509. 56955.] t2_sim:[62832. 63610. 64497.]
Task is 43.00% complete.
t1_sim:[60340. 60061. 61098.] t2_sim:[63783. 64673. 64658.]
Task is 44.00% complete.
t1_sim:[63759. 63082. 63884.] t2_sim:[61605. 62702. 63672.]
Task is 45.00% complete.
t1_sim:[65773. 63708. 63137.] t2_sim:[61558. 61433. 62355.]
Task is 46.00% complete.
t1_sim:[63082. 62551. 61222.] t2_sim:[63677. 64010. 64384.]
Task is 47.00% complete.
t1_sim:[60704. 60749. 61585.] t2_sim:[57216. 58298. 59437.]
Task is 48.00% complete.
t1_sim:[63815. 64816. 65758.] t2_sim:[58142. 58782. 58783.]
Task is 49.00% complete.
t1_sim:[58916. 59105. 59840.] t2_sim:[64695. 64924. 63914.]
Task is 50.00% complete.
t1_sim:[59951. 60014. 59677.] t2_sim:[63461. 63181. 63538.]
Task is 51.00% complete.
t1_sim:[61381. 59590. 58449.] t2_sim:[61046. 61378. 62551.]
Task is 52.00% complete.
t1_sim:[65025. 65728. 63793.] t2_sim:[64119. 63212. 63628.]
Task is 53.00% complete.
t1_sim:[60933. 60727. 60110.] t2_sim:[67093. 67164. 67377.]
Task is 54.00% complete.
t1_sim:[66321. 65361. 66729.] t2_sim:[65523. 65418. 64972.]
Task is 55.00% complete.
t1_sim:[68348. 67006. 66026.] t2_sim:[65471. 63476. 63199.]
Task is 56.00% complete.
t1_sim:[57933. 58539. 60370.] t2_sim:[65616. 65311. 64455.]
Task is 57.00% complete.
t1_sim:[60194. 59565. 59116.] t2_sim:[62860. 63180. 62557.]
Task is 58.00% complete.
t1_sim:[59428. 59936. 60198.] t2_sim:[58197. 57029. 56878.]
Task is 59.00% complete.
t1_sim:[65659. 67147. 67119.] t2_sim:[59811. 60176. 59998.]
Task is 60.00% complete.
t1_sim:[60807. 59566. 60532.] t2_sim:[69528. 71141. 68931.]
Task is 61.00% complete.
t1_sim:[60523. 61270. 61461.] t2_sim:[60531. 59548. 58975.]
Task is 62.00% complete.
t1_sim:[65908. 67723. 67266.] t2_sim:[66385. 64531. 63035.]
Task is 63.00% complete.
t1_sim:[58940. 58434. 59031.] t2_sim:[63855. 62719. 61725.]
Task is 64.00% complete.
t1_sim:[56704. 58383. 59377.] t2_sim:[61493. 62050. 62851.]
Task is 65.00% complete.
t1_sim:[62064. 62037. 61573.] t2_sim:[64209. 65229. 65789.]
Task is 66.00% complete.
t1_sim:[58568. 57420. 59011.] t2_sim:[60148. 59804. 60244.]
Task is 67.00% complete.
t1_sim:[68278. 68376. 68609.] t2_sim:[64293. 63015. 61921.]
Task is 68.00% complete.
t1_sim:[61744. 62243. 62737.] t2_sim:[59883. 59560. 59539.]
Task is 69.00% complete.
t1_sim:[65694. 65108. 63811.] t2_sim:[65996. 65873. 65578.]
Task is 70.00% complete.
t1_sim:[59397. 59588. 58658.] t2_sim:[58689. 59669. 60101.]
Task is 71.00% complete.
t1_sim:[63512. 63405. 65341.] t2_sim:[63518. 63311. 65242.]
Task is 72.00% complete.
t1_sim:[56585. 55502. 56701.] t2_sim:[66271. 65626. 66029.]
Task is 73.00% complete.
t1_sim:[60541. 60678. 61154.] t2_sim:[64104. 64161. 62981.]
Task is 74.00% complete.
t1_sim:[67370. 67301. 68532.] t2_sim:[63330. 61636. 60580.]
Task is 75.00% complete.
t1_sim:[59776. 59053. 56905.] t2_sim:[62695. 62401. 60954.]
Task is 76.00% complete.
t1_sim:[60560. 58984. 58075.] t2_sim:[56732. 56286. 55410.]
Task is 77.00% complete.
t1_sim:[64153. 65413. 63051.] t2_sim:[64788. 63931. 63634.]
Task is 78.00% complete.
t1_sim:[58286. 58663. 58408.] t2_sim:[65126. 64921. 64110.]
Task is 79.00% complete.
t1_sim:[62151. 62102. 61502.] t2_sim:[63020. 62864. 63962.]
Task is 80.00% complete.
t1_sim:[67231. 66934. 67900.] t2_sim:[61512. 60955. 61253.]
Task is 81.00% complete.
t1_sim:[62545. 61882. 61418.] t2_sim:[64675. 65129. 65505.]
Task is 82.00% complete.
t1_sim:[66366. 65743. 64942.] t2_sim:[65224. 66185. 65825.]
Task is 83.00% complete.
t1_sim:[58883. 57444. 59007.] t2_sim:[63223. 63442. 63125.]
Task is 84.00% complete.
t1_sim:[56597. 57659. 58409.] t2_sim:[61015. 60575. 60956.]
Task is 85.00% complete.
t1_sim:[56660. 56020. 55417.] t2_sim:[62812. 62926. 63661.]
Task is 86.00% complete.
t1_sim:[61190. 60392. 61071.] t2_sim:[63731. 63700. 63563.]
Task is 87.00% complete.
t1_sim:[59105. 58950. 59645.] t2_sim:[59893. 59266. 62389.]
Task is 88.00% complete.
t1_sim:[64605. 63971. 65126.] t2_sim:[53826. 53476. 54521.]
Task is 89.00% complete.
t1_sim:[64331. 62847. 62295.] t2_sim:[59611. 59946. 60252.]
Task is 90.00% complete.
t1_sim:[60690. 60620. 59880.] t2_sim:[61601. 61357. 60848.]
Task is 91.00% complete.
t1_sim:[65668. 65200. 63659.] t2_sim:[61857. 61999. 62142.]
Task is 92.00% complete.
t1_sim:[62655. 61332. 61168.] t2_sim:[61503. 62274. 61999.]
Task is 93.00% complete.
t1_sim:[64812. 64185. 63777.] t2_sim:[65382. 64988. 64451.]
Task is 94.00% complete.
t1_sim:[60673. 60547. 60393.] t2_sim:[59108. 59078. 58413.]
Task is 95.00% complete.
t1_sim:[67645. 66581. 66513.] t2_sim:[65346. 65054. 64038.]
Task is 96.00% complete.
t1_sim:[60293. 60387. 62008.] t2_sim:[64301. 63665. 63879.]
Task is 97.00% complete.
t1_sim:[63895. 64383. 64240.] t2_sim:[61998. 61891. 61568.]
Task is 98.00% complete.
t1_sim:[55719. 55964. 55830.] t2_sim:[60495. 60083. 57975.]
Task is 99.00% complete.
t1_sim:[60859. 60724. 60858.] t2_sim:[61391. 62382. 62458.]
Training start
t1_obs:[array(90706.), array(80816.), array(69007.)] t2_obs:[array(88074.), array(79016.), array(67335.)]
corr_G1:[None, None, 0.16497619783366113] corr_G2:[None, None, 0.13730747041033192]
Training end
Task is 0.00% complete.
t1_sim:[67688. 68324. 63665.] t2_sim:[60899. 60752. 61915.]
Task is 1.00% complete.
t1_sim:[62111. 62872. 59969.] t2_sim:[56227. 56338. 58367.]
Task is 2.00% complete.
t1_sim:[61565. 61361. 56187.] t2_sim:[65051. 66641. 65635.]
Task is 3.00% complete.
t1_sim:[61419. 62296. 58298.] t2_sim:[61993. 62009. 61190.]
Task is 4.00% complete.
t1_sim:[56223. 56637. 54576.] t2_sim:[58216. 58791. 58384.]
Task is 5.00% complete.
t1_sim:[63129. 63960. 61128.] t2_sim:[61426. 60272. 61524.]
Task is 6.00% complete.
t1_sim:[66279. 67210. 64163.] t2_sim:[58567. 57602. 57074.]
Task is 7.00% complete.
t1_sim:[69214. 67667. 62423.] t2_sim:[66282. 65610. 64633.]
Task is 8.00% complete.
t1_sim:[62038. 62640. 60773.] t2_sim:[67050. 66342. 64327.]
Task is 9.00% complete.
t1_sim:[59411. 61031. 57426.] t2_sim:[67785. 68598. 69111.]
Task is 10.00% complete.
t1_sim:[59130. 59406. 56442.] t2_sim:[65902. 64302. 63536.]
Task is 11.00% complete.
t1_sim:[61625. 62345. 59472.] t2_sim:[70293. 71629. 71539.]
Task is 12.00% complete.
t1_sim:[62454. 61689. 59559.] t2_sim:[64440. 65107. 63652.]
Task is 13.00% complete.
t1_sim:[60545. 59325. 56415.] t2_sim:[64554. 65078. 65624.]
Task is 14.00% complete.
t1_sim:[60989. 60642. 56171.] t2_sim:[64164. 63176. 61936.]
Task is 15.00% complete.
t1_sim:[63091. 63467. 59365.] t2_sim:[59119. 58598. 56816.]
Task is 16.00% complete.
t1_sim:[62283. 63577. 58280.] t2_sim:[65978. 65039. 66807.]
Task is 17.00% complete.
t1_sim:[62369. 61865. 57800.] t2_sim:[65969. 66610. 65993.]
Task is 18.00% complete.
t1_sim:[61935. 62743. 58921.] t2_sim:[58451. 59789. 59926.]
Task is 19.00% complete.
t1_sim:[59058. 60749. 58754.] t2_sim:[60603. 61629. 63038.]
Task is 20.00% complete.
t1_sim:[60475. 59832. 57361.] t2_sim:[66113. 65214. 63242.]
Task is 21.00% complete.
t1_sim:[61932. 61882. 57780.] t2_sim:[55586. 57768. 57345.]
Task is 22.00% complete.
t1_sim:[58210. 57526. 54666.] t2_sim:[60421. 60718. 61558.]
Task is 23.00% complete.
t1_sim:[64668. 62844. 58511.] t2_sim:[65585. 64327. 63803.]
Task is 24.00% complete.
t1_sim:[61489. 60545. 56783.] t2_sim:[62097. 62447. 62482.]
Task is 25.00% complete.
t1_sim:[64665. 63576. 59316.] t2_sim:[65696. 64724. 66333.]
Task is 26.00% complete.
t1_sim:[70429. 71492. 69271.] t2_sim:[54776. 54667. 54516.]
Task is 27.00% complete.
t1_sim:[65705. 66402. 63878.] t2_sim:[57434. 57937. 58655.]
Task is 28.00% complete.
t1_sim:[65677. 66010. 61685.] t2_sim:[68899. 69981. 70015.]
Task is 29.00% complete.
t1_sim:[66891. 67347. 62277.] t2_sim:[66304. 66953. 67777.]
Task is 30.00% complete.
t1_sim:[68899. 69746. 67173.] t2_sim:[64773. 64955. 64484.]
Task is 31.00% complete.
t1_sim:[62202. 61547. 58288.] t2_sim:[59816. 59254. 59509.]
Task is 32.00% complete.
t1_sim:[64858. 65582. 61268.] t2_sim:[62348. 64401. 62348.]
Task is 33.00% complete.
t1_sim:[65760. 65479. 61290.] t2_sim:[60482. 61668. 62722.]
Task is 34.00% complete.
t1_sim:[61912. 61986. 57850.] t2_sim:[64438. 64974. 65207.]
Task is 35.00% complete.
t1_sim:[62412. 61964. 57723.] t2_sim:[61632. 63447. 63052.]
Task is 36.00% complete.
t1_sim:[64410. 65406. 62354.] t2_sim:[64899. 64486. 63331.]
Task is 37.00% complete.
t1_sim:[58482. 55560. 51243.] t2_sim:[58023. 58728. 59028.]
Task is 38.00% complete.
t1_sim:[62276. 62864. 58665.] t2_sim:[57502. 56096. 56041.]
Task is 39.00% complete.
t1_sim:[66043. 65827. 61776.] t2_sim:[57374. 58085. 57670.]
Task is 40.00% complete.
t1_sim:[63007. 63841. 61267.] t2_sim:[61367. 62225. 60721.]
Task is 41.00% complete.
t1_sim:[67714. 67794. 65180.] t2_sim:[68878. 69190. 67478.]
Task is 42.00% complete.
t1_sim:[69879. 68385. 62759.] t2_sim:[60312. 60554. 61561.]
Task is 43.00% complete.
t1_sim:[63603. 61855. 59708.] t2_sim:[54879. 54935. 54749.]
Task is 44.00% complete.
t1_sim:[64899. 63075. 59528.] t2_sim:[67197. 67477. 68012.]
Task is 45.00% complete.
t1_sim:[60586. 60073. 55415.] t2_sim:[63161. 64366. 64005.]
Task is 46.00% complete.
t1_sim:[63158. 62711. 59287.] t2_sim:[63820. 64136. 64031.]
Task is 47.00% complete.
t1_sim:[61179. 61748. 58449.] t2_sim:[56793. 56407. 57977.]
Task is 48.00% complete.
t1_sim:[64720. 64691. 62183.] t2_sim:[57717. 58386. 57775.]
Task is 49.00% complete.
t1_sim:[61162. 63145. 58982.] t2_sim:[59735. 59036. 58831.]
Task is 50.00% complete.
t1_sim:[67159. 66894. 64131.] t2_sim:[62458. 63280. 63224.]
Task is 51.00% complete.
t1_sim:[65005. 65281. 60489.] t2_sim:[58918. 59145. 57612.]
Task is 52.00% complete.
t1_sim:[65955. 66593. 62838.] t2_sim:[61926. 61718. 61329.]
Task is 53.00% complete.
t1_sim:[62072. 61555. 57800.] t2_sim:[62879. 62386. 61714.]
Task is 54.00% complete.
t1_sim:[64386. 65402. 63472.] t2_sim:[58857. 58895. 57996.]
Task is 55.00% complete.
t1_sim:[60507. 59564. 54677.] t2_sim:[66014. 67135. 64741.]
Task is 56.00% complete.
t1_sim:[66489. 66163. 61585.] t2_sim:[63083. 62469. 63269.]
Task is 57.00% complete.
t1_sim:[57512. 56015. 52240.] t2_sim:[58761. 60023. 59872.]
Task is 58.00% complete.
t1_sim:[62382. 63667. 56548.] t2_sim:[60042. 59455. 58999.]
Task is 59.00% complete.
t1_sim:[62629. 63419. 59371.] t2_sim:[60097. 60622. 60410.]
Task is 60.00% complete.
t1_sim:[57108. 56567. 52196.] t2_sim:[59528. 59066. 60289.]
Task is 61.00% complete.
t1_sim:[68902. 67613. 61123.] t2_sim:[65188. 65181. 63469.]
Task is 62.00% complete.
t1_sim:[65853. 64022. 60073.] t2_sim:[66112. 65852. 63377.]
Task is 63.00% complete.
t1_sim:[59351. 59076. 55609.] t2_sim:[66811. 67189. 66066.]
Task is 64.00% complete.
t1_sim:[60448. 61409. 59931.] t2_sim:[62350. 61420. 62443.]
Task is 65.00% complete.
t1_sim:[65194. 65194. 62908.] t2_sim:[59528. 59185. 58549.]
Task is 66.00% complete.
t1_sim:[62425. 64649. 60769.] t2_sim:[63405. 63644. 62849.]
Task is 67.00% complete.
t1_sim:[61664. 61220. 56259.] t2_sim:[64817. 65314. 64060.]
Task is 68.00% complete.
t1_sim:[62207. 62764. 59143.] t2_sim:[64016. 63221. 61248.]
Task is 69.00% complete.
t1_sim:[61407. 60973. 54498.] t2_sim:[64076. 63684. 64230.]
Task is 70.00% complete.
t1_sim:[64831. 64979. 60847.] t2_sim:[58928. 58474. 57103.]
Task is 71.00% complete.
t1_sim:[65523. 65089. 61357.] t2_sim:[63170. 62390. 61762.]
Task is 72.00% complete.
t1_sim:[62560. 63260. 59776.] t2_sim:[62507. 62780. 62391.]
Task is 73.00% complete.
t1_sim:[53650. 52994. 49516.] t2_sim:[61855. 60413. 59407.]
Task is 74.00% complete.
t1_sim:[58001. 56475. 53043.] t2_sim:[67470. 66483. 66984.]
Task is 75.00% complete.
t1_sim:[63131. 64182. 60525.] t2_sim:[61578. 61085. 63373.]
Task is 76.00% complete.
t1_sim:[65549. 65242. 63175.] t2_sim:[62343. 63743. 62564.]
Task is 77.00% complete.
t1_sim:[63359. 63252. 59294.] t2_sim:[65674. 66293. 67601.]
Task is 78.00% complete.
t1_sim:[61446. 63082. 58864.] t2_sim:[63267. 63133. 60320.]
Task is 79.00% complete.
t1_sim:[68442. 67663. 63317.] t2_sim:[61816. 62064. 60891.]
Task is 80.00% complete.
t1_sim:[61278. 61718. 58312.] t2_sim:[66632. 65463. 64045.]
Task is 81.00% complete.
t1_sim:[62646. 63177. 58776.] t2_sim:[65241. 64567. 63482.]
Task is 82.00% complete.
t1_sim:[67102. 67925. 65148.] t2_sim:[59742. 60269. 59699.]
Task is 83.00% complete.
t1_sim:[59180. 60735. 58284.] t2_sim:[67327. 67006. 68152.]
Task is 84.00% complete.
t1_sim:[65349. 64754. 62561.] t2_sim:[59988. 59615. 60098.]
Task is 85.00% complete.
t1_sim:[57172. 57330. 55241.] t2_sim:[60654. 59742. 58422.]
Task is 86.00% complete.
t1_sim:[61741. 62888. 59361.] t2_sim:[67735. 68980. 69589.]
Task is 87.00% complete.
t1_sim:[62245. 62732. 58312.] t2_sim:[60186. 60660. 60772.]
Task is 88.00% complete.
t1_sim:[65151. 65481. 59448.] t2_sim:[55472. 54410. 54915.]
Task is 89.00% complete.
t1_sim:[61129. 59901. 56818.] t2_sim:[62279. 62458. 61205.]
Task is 90.00% complete.
t1_sim:[59549. 60945. 56805.] t2_sim:[55761. 55747. 54752.]
Task is 91.00% complete.
t1_sim:[66964. 66416. 61092.] t2_sim:[58005. 57672. 56319.]
Task is 92.00% complete.
t1_sim:[61624. 59946. 55867.] t2_sim:[55683. 55361. 57070.]
Task is 93.00% complete.
t1_sim:[60920. 60598. 56982.] t2_sim:[58937. 58349. 57177.]
Task is 94.00% complete.
t1_sim:[63030. 62429. 59045.] t2_sim:[60665. 61207. 61521.]
Task is 95.00% complete.
t1_sim:[65906. 66041. 62125.] t2_sim:[63073. 63005. 63701.]
Task is 96.00% complete.
t1_sim:[68575. 67598. 63517.] t2_sim:[65585. 64304. 62601.]
Task is 97.00% complete.
t1_sim:[65796. 66044. 62372.] t2_sim:[61439. 61385. 59567.]
Task is 98.00% complete.
t1_sim:[63395. 62747. 60439.] t2_sim:[64287. 65142. 63548.]
Task is 99.00% complete.
t1_sim:[67994. 66768. 63375.] t2_sim:[65483. 64242. 65650.]
Finished
