/scratch/jz4721/Post-prediction-Causal-Inference/venv/lib/python3.8/site-packages/numpy/core/getlimits.py:518: UserWarning: The value of the smallest subnormal for <class 'numpy.float64'> type is zero.
  setattr(self, word, getattr(machar, word).flat[0])
/scratch/jz4721/Post-prediction-Causal-Inference/venv/lib/python3.8/site-packages/numpy/core/getlimits.py:89: UserWarning: The value of the smallest subnormal for <class 'numpy.float64'> type is zero.
  return self._float_to_str(self.smallest_subnormal)
/scratch/jz4721/Post-prediction-Causal-Inference/venv/lib/python3.8/site-packages/numpy/core/getlimits.py:518: UserWarning: The value of the smallest subnormal for <class 'numpy.float32'> type is zero.
  setattr(self, word, getattr(machar, word).flat[0])
/scratch/jz4721/Post-prediction-Causal-Inference/venv/lib/python3.8/site-packages/numpy/core/getlimits.py:89: UserWarning: The value of the smallest subnormal for <class 'numpy.float32'> type is zero.
  return self._float_to_str(self.smallest_subnormal)
Begin
Training start
t1_obs:[array(94824.), array(87376.), array(71316.)] t2_obs:[array(92793.), array(84735.), array(69635.)]
corr_G1:[None, None, -2.9839736208846236e-17] corr_G2:[None, None, 7.894400004965582e-17]
Training end
Task is 0.00% complete.
t1_sim:[55658. 56154. 56257.] t2_sim:[64261. 63152. 63681.]
Task is 1.00% complete.
t1_sim:[68496. 69153. 70502.] t2_sim:[56510. 57476. 59598.]
Task is 2.00% complete.
t1_sim:[57809. 58715. 59858.] t2_sim:[64010. 65110. 63528.]
Task is 3.00% complete.
t1_sim:[61044. 61542. 63725.] t2_sim:[65686. 66496. 67324.]
Task is 4.00% complete.
t1_sim:[56996. 56419. 56621.] t2_sim:[65294. 64982. 61764.]
Task is 5.00% complete.
t1_sim:[64434. 64659. 67067.] t2_sim:[60821. 62470. 62190.]
Task is 6.00% complete.
t1_sim:[65047. 65183. 64322.] t2_sim:[68039. 67534. 65788.]
Task is 7.00% complete.
t1_sim:[59909. 60456. 61910.] t2_sim:[63488. 62063. 61374.]
Task is 8.00% complete.
t1_sim:[58372. 58369. 57336.] t2_sim:[56959. 57323. 60031.]
Task is 9.00% complete.
t1_sim:[61597. 62410. 60256.] t2_sim:[61266. 62168. 62131.]
Task is 10.00% complete.
t1_sim:[60909. 60568. 61794.] t2_sim:[59065. 60083. 59185.]
Task is 11.00% complete.
t1_sim:[61746. 61899. 62740.] t2_sim:[59165. 58864. 63840.]
Task is 12.00% complete.
t1_sim:[64220. 63907. 63619.] t2_sim:[59798. 58845. 58358.]
Task is 13.00% complete.
t1_sim:[66890. 67790. 65996.] t2_sim:[65022. 63864. 61302.]
Task is 14.00% complete.
t1_sim:[62568. 61630. 67202.] t2_sim:[63721. 62844. 62788.]
Task is 15.00% complete.
t1_sim:[57622. 58062. 57372.] t2_sim:[65708. 65752. 67018.]
Task is 16.00% complete.
t1_sim:[61467. 61588. 60933.] t2_sim:[60473. 60325. 61094.]
Task is 17.00% complete.
t1_sim:[63471. 63620. 59944.] t2_sim:[64622. 62720. 63991.]
Task is 18.00% complete.
t1_sim:[57622. 58868. 60278.] t2_sim:[61256. 61994. 61063.]
Task is 19.00% complete.
t1_sim:[64288. 65088. 63597.] t2_sim:[62433. 63381. 60855.]
Task is 20.00% complete.
t1_sim:[62811. 63345. 62766.] t2_sim:[62273. 61795. 62175.]
Task is 21.00% complete.
t1_sim:[59210. 57841. 57069.] t2_sim:[58549. 58882. 60297.]
Task is 22.00% complete.
t1_sim:[65903. 66605. 63918.] t2_sim:[59101. 57688. 59101.]
Task is 23.00% complete.
t1_sim:[63784. 64206. 63928.] t2_sim:[63068. 62612. 57936.]
Task is 24.00% complete.
t1_sim:[60049. 58894. 59026.] t2_sim:[62877. 62570. 64133.]
Task is 25.00% complete.
t1_sim:[66401. 66622. 61848.] t2_sim:[61156. 61385. 61042.]
Task is 26.00% complete.
t1_sim:[56891. 56664. 56176.] t2_sim:[57003. 55999. 56072.]
Task is 27.00% complete.
t1_sim:[63036. 62532. 62963.] t2_sim:[63541. 63670. 62966.]
Task is 28.00% complete.
t1_sim:[62972. 63339. 61672.] t2_sim:[65580. 64760. 64743.]
Task is 29.00% complete.
t1_sim:[63416. 64088. 65303.] t2_sim:[60687. 59382. 58429.]
Task is 30.00% complete.
t1_sim:[66659. 66925. 64293.] t2_sim:[62510. 61250. 65081.]
Task is 31.00% complete.
t1_sim:[65497. 67048. 66732.] t2_sim:[66972. 67202. 64769.]
Task is 32.00% complete.
t1_sim:[60777. 59845. 60613.] t2_sim:[60653. 60779. 62669.]
Task is 33.00% complete.
t1_sim:[60407. 61097. 64751.] t2_sim:[58874. 58482. 56596.]
Task is 34.00% complete.
t1_sim:[66405. 66880. 65618.] t2_sim:[59400. 59638. 62276.]
Task is 35.00% complete.
t1_sim:[59252. 59066. 53263.] t2_sim:[66133. 64819. 63614.]
Task is 36.00% complete.
t1_sim:[59294. 58392. 59312.] t2_sim:[64206. 65048. 65169.]
Task is 37.00% complete.
t1_sim:[56819. 57158. 58315.] t2_sim:[60103. 58978. 60095.]
Task is 38.00% complete.
t1_sim:[61061. 59911. 60510.] t2_sim:[66842. 67386. 65284.]
Task is 39.00% complete.
t1_sim:[68212. 67091. 67098.] t2_sim:[64549. 65087. 65093.]
Task is 40.00% complete.
t1_sim:[68227. 68059. 70345.] t2_sim:[63061. 63088. 63123.]
Task is 41.00% complete.
t1_sim:[62088. 62047. 64288.] t2_sim:[68319. 67540. 70163.]
Task is 42.00% complete.
t1_sim:[69143. 69136. 68519.] t2_sim:[67459. 68247. 66734.]
Task is 43.00% complete.
t1_sim:[66035. 64397. 65322.] t2_sim:[69642. 68773. 66827.]
Task is 44.00% complete.
t1_sim:[63500. 63745. 62355.] t2_sim:[67276. 67029. 66876.]
Task is 45.00% complete.
t1_sim:[68040. 68187. 72475.] t2_sim:[63556. 63975. 63663.]
Task is 46.00% complete.
t1_sim:[63596. 63094. 61346.] t2_sim:[67935. 68298. 67446.]
Task is 47.00% complete.
t1_sim:[64445. 64489. 63644.] t2_sim:[60653. 60363. 58953.]
Task is 48.00% complete.
t1_sim:[61093. 60446. 59838.] t2_sim:[61464. 63144. 61962.]
Task is 49.00% complete.
t1_sim:[58364. 58572. 60702.] t2_sim:[63998. 64748. 65025.]
Task is 50.00% complete.
t1_sim:[64268. 64620. 61993.] t2_sim:[67027. 67027. 67694.]
Task is 51.00% complete.
t1_sim:[66882. 67857. 65618.] t2_sim:[66458. 67089. 62734.]
Task is 52.00% complete.
t1_sim:[65244. 65938. 67399.] t2_sim:[59578. 59928. 57032.]
Task is 53.00% complete.
t1_sim:[62599. 62188. 62783.] t2_sim:[65509. 65743. 64767.]
Task is 54.00% complete.
t1_sim:[69886. 69253. 70307.] t2_sim:[67729. 67439. 65534.]
Task is 55.00% complete.
t1_sim:[64061. 64058. 63210.] t2_sim:[62092. 62883. 63407.]
Task is 56.00% complete.
t1_sim:[65170. 64983. 66706.] t2_sim:[60360. 60264. 59997.]
Task is 57.00% complete.
t1_sim:[61374. 62366. 61080.] t2_sim:[61482. 61521. 62087.]
Task is 58.00% complete.
t1_sim:[65297. 65654. 65899.] t2_sim:[64013. 65059. 64850.]
Task is 59.00% complete.
t1_sim:[67219. 67237. 62989.] t2_sim:[64105. 63033. 59818.]
Task is 60.00% complete.
t1_sim:[58251. 59263. 61345.] t2_sim:[67397. 67123. 64646.]
Task is 61.00% complete.
t1_sim:[63949. 63403. 63535.] t2_sim:[65621. 65085. 63670.]
Task is 62.00% complete.
t1_sim:[62569. 62583. 61026.] t2_sim:[66284. 67103. 65534.]
Task is 63.00% complete.
t1_sim:[58555. 58786. 59583.] t2_sim:[60889. 61212. 58731.]
Task is 64.00% complete.
t1_sim:[62500. 62703. 63764.] t2_sim:[63686. 63929. 64016.]
Task is 65.00% complete.
t1_sim:[65697. 65991. 70845.] t2_sim:[63040. 63063. 63780.]
Task is 66.00% complete.
t1_sim:[56997. 56998. 55956.] t2_sim:[58743. 58699. 58630.]
Task is 67.00% complete.
t1_sim:[64981. 65291. 63300.] t2_sim:[59510. 60095. 60639.]
Task is 68.00% complete.
t1_sim:[62787. 63538. 60853.] t2_sim:[65011. 65517. 65017.]
Task is 69.00% complete.
t1_sim:[63282. 63216. 63239.] t2_sim:[58096. 60272. 59851.]
Task is 70.00% complete.
t1_sim:[56870. 58279. 58267.] t2_sim:[60848. 60230. 58880.]
Task is 71.00% complete.
t1_sim:[63333. 64944. 60441.] t2_sim:[66929. 66129. 65510.]
Task is 72.00% complete.
t1_sim:[59171. 59781. 61503.] t2_sim:[63306. 64072. 63358.]
Task is 73.00% complete.
t1_sim:[64633. 63350. 60074.] t2_sim:[62631. 62361. 57473.]
Task is 74.00% complete.
t1_sim:[56947. 56925. 60401.] t2_sim:[66982. 66538. 67225.]
Task is 75.00% complete.
t1_sim:[55049. 54916. 57508.] t2_sim:[61949. 62683. 63768.]
Task is 76.00% complete.
t1_sim:[64660. 64870. 62803.] t2_sim:[65604. 65411. 67314.]
Task is 77.00% complete.
t1_sim:[59641. 59486. 60594.] t2_sim:[58704. 58860. 60398.]
Task is 78.00% complete.
t1_sim:[59788. 59782. 59754.] t2_sim:[61380. 60930. 62236.]
Task is 79.00% complete.
t1_sim:[61496. 61181. 58411.] t2_sim:[66406. 66769. 66064.]
Task is 80.00% complete.
t1_sim:[60035. 59801. 60337.] t2_sim:[66217. 66670. 63629.]
Task is 81.00% complete.
t1_sim:[62610. 63319. 59075.] t2_sim:[59275. 59596. 62451.]
Task is 82.00% complete.
t1_sim:[65303. 64705. 65604.] t2_sim:[58110. 57230. 61840.]
Task is 83.00% complete.
t1_sim:[59739. 60655. 54640.] t2_sim:[64942. 64772. 63415.]
Task is 84.00% complete.
t1_sim:[61381. 61959. 62869.] t2_sim:[59250. 59522. 60401.]
Task is 85.00% complete.
t1_sim:[63471. 62693. 62802.] t2_sim:[69856. 70051. 66924.]
Task is 86.00% complete.
t1_sim:[64909. 64284. 60820.] t2_sim:[60749. 60359. 62455.]
Task is 87.00% complete.
t1_sim:[70422. 71111. 69033.] t2_sim:[62758. 62441. 64834.]
Task is 88.00% complete.
t1_sim:[60072. 60091. 62648.] t2_sim:[59287. 59894. 62291.]
Task is 89.00% complete.
t1_sim:[67911. 68349. 64336.] t2_sim:[60581. 60277. 61422.]
Task is 90.00% complete.
t1_sim:[66745. 66747. 65269.] t2_sim:[59200. 59982. 58391.]
Task is 91.00% complete.
t1_sim:[58690. 57799. 57141.] t2_sim:[66423. 65981. 69350.]
Task is 92.00% complete.
t1_sim:[60673. 61044. 60240.] t2_sim:[67097. 67082. 66685.]
Task is 93.00% complete.
t1_sim:[64333. 63511. 65593.] t2_sim:[61830. 63586. 60564.]
Task is 94.00% complete.
t1_sim:[62042. 63945. 63104.] t2_sim:[58875. 59390. 60011.]
Task is 95.00% complete.
t1_sim:[60678. 60875. 64481.] t2_sim:[61444. 61737. 64727.]
Task is 96.00% complete.
t1_sim:[64115. 63324. 63556.] t2_sim:[66323. 64787. 66405.]
Task is 97.00% complete.
t1_sim:[64409. 64720. 65260.] t2_sim:[60962. 59200. 60569.]
Task is 98.00% complete.
t1_sim:[63920. 63529. 59353.] t2_sim:[60154. 60261. 61010.]
Task is 99.00% complete.
t1_sim:[64826. 65097. 66549.] t2_sim:[61791. 61568. 62366.]
Training start
t1_obs:[array(94824.), array(87376.), array(78758.)] t2_obs:[array(92793.), array(84735.), array(74359.)]
corr_G1:[None, None, 0.8507463231226586] corr_G2:[None, None, 0.891097624688147]
Training end
Task is 0.00% complete.
t1_sim:[63560. 62711. 62932.] t2_sim:[61824. 61822. 62062.]
Task is 1.00% complete.
t1_sim:[58206. 57843. 57587.] t2_sim:[60363. 61004. 61294.]
Task is 2.00% complete.
t1_sim:[61168. 60292. 58542.] t2_sim:[61195. 60493. 60523.]
Task is 3.00% complete.
t1_sim:[61153. 61856. 63093.] t2_sim:[62828. 62577. 63172.]
Task is 4.00% complete.
t1_sim:[66591. 66834. 68042.] t2_sim:[64966. 66300. 66318.]
Task is 5.00% complete.
t1_sim:[60214. 60295. 58418.] t2_sim:[60458. 59811. 60304.]
Task is 6.00% complete.
t1_sim:[60844. 60515. 60953.] t2_sim:[64360. 64913. 65073.]
Task is 7.00% complete.
t1_sim:[65386. 66192. 65991.] t2_sim:[62336. 64331. 64984.]
Task is 8.00% complete.
t1_sim:[59902. 59004. 59883.] t2_sim:[65157. 64558. 66684.]
Task is 9.00% complete.
t1_sim:[59969. 60074. 59000.] t2_sim:[63102. 63259. 64062.]
Task is 10.00% complete.
t1_sim:[58545. 59683. 59190.] t2_sim:[64752. 66118. 65570.]
Task is 11.00% complete.
t1_sim:[57043. 56413. 53253.] t2_sim:[64791. 65150. 65059.]
Task is 12.00% complete.
t1_sim:[56992. 57317. 57520.] t2_sim:[63552. 63015. 63303.]
Task is 13.00% complete.
t1_sim:[57338. 57902. 57800.] t2_sim:[65798. 65810. 67761.]
Task is 14.00% complete.
t1_sim:[64769. 63807. 63618.] t2_sim:[65453. 64691. 64504.]
Task is 15.00% complete.
t1_sim:[57485. 58378. 58427.] t2_sim:[67399. 66301. 63374.]
Task is 16.00% complete.
t1_sim:[63406. 64471. 64664.] t2_sim:[67362. 67767. 68786.]
Task is 17.00% complete.
t1_sim:[67531. 68320. 68198.] t2_sim:[63004. 62844. 62151.]
Task is 18.00% complete.
t1_sim:[63108. 62073. 63404.] t2_sim:[68321. 68849. 68989.]
Task is 19.00% complete.
t1_sim:[60825. 61761. 64041.] t2_sim:[64371. 64590. 64390.]
Task is 20.00% complete.
t1_sim:[69454. 69849. 71029.] t2_sim:[57214. 57378. 58269.]
Task is 21.00% complete.
t1_sim:[66150. 65936. 67815.] t2_sim:[62914. 60739. 63150.]
Task is 22.00% complete.
t1_sim:[62957. 63393. 62718.] t2_sim:[51994. 53474. 54146.]
Task is 23.00% complete.
t1_sim:[60326. 60438. 61233.] t2_sim:[62448. 62508. 61927.]
Task is 24.00% complete.
t1_sim:[64267. 63959. 64059.] t2_sim:[61727. 61944. 62396.]
Task is 25.00% complete.
t1_sim:[65355. 65265. 66080.] t2_sim:[64184. 64138. 63257.]
Task is 26.00% complete.
t1_sim:[61896. 61748. 59523.] t2_sim:[61522. 61145. 61489.]
Task is 27.00% complete.
t1_sim:[62532. 63337. 62231.] t2_sim:[59025. 59271. 58945.]
Task is 28.00% complete.
t1_sim:[60287. 60686. 59555.] t2_sim:[59149. 58784. 55844.]
Task is 29.00% complete.
t1_sim:[67785. 68415. 67841.] t2_sim:[60723. 61459. 61586.]
Task is 30.00% complete.
t1_sim:[66028. 64679. 62369.] t2_sim:[64114. 65204. 66512.]
Task is 31.00% complete.
t1_sim:[62270. 60884. 63557.] t2_sim:[64838. 65272. 65516.]
Task is 32.00% complete.
t1_sim:[61115. 61207. 59987.] t2_sim:[61237. 60843. 59227.]
Task is 33.00% complete.
t1_sim:[59541. 59072. 59322.] t2_sim:[65737. 65654. 65945.]
Task is 34.00% complete.
t1_sim:[60668. 60052. 60777.] t2_sim:[58679. 59865. 60326.]
Task is 35.00% complete.
t1_sim:[63210. 63570. 64130.] t2_sim:[65303. 65141. 65318.]
Task is 36.00% complete.
t1_sim:[61043. 62104. 62931.] t2_sim:[63531. 64284. 64217.]
Task is 37.00% complete.
t1_sim:[67260. 68139. 68607.] t2_sim:[66212. 65787. 63216.]
Task is 38.00% complete.
t1_sim:[63115. 63224. 62709.] t2_sim:[61181. 60204. 60098.]
Task is 39.00% complete.
t1_sim:[58942. 58485. 57061.] t2_sim:[62455. 60891. 62558.]
Task is 40.00% complete.
t1_sim:[59739. 59997. 61145.] t2_sim:[57775. 58798. 59077.]
Task is 41.00% complete.
t1_sim:[61457. 62323. 59658.] t2_sim:[60493. 60517. 61371.]
Task is 42.00% complete.
t1_sim:[65142. 64183. 63280.] t2_sim:[63369. 64455. 65099.]
Task is 43.00% complete.
t1_sim:[60823. 59714. 60025.] t2_sim:[56515. 56692. 55770.]
Task is 44.00% complete.
t1_sim:[64021. 62973. 62295.] t2_sim:[61056. 61585. 60492.]
Task is 45.00% complete.
t1_sim:[67379. 67248. 68251.] t2_sim:[58943. 59425. 59470.]
Task is 46.00% complete.
t1_sim:[60878. 60122. 59751.] t2_sim:[60730. 59309. 60372.]
Task is 47.00% complete.
t1_sim:[60490. 59816. 61246.] t2_sim:[57488. 57865. 56164.]
Task is 48.00% complete.
t1_sim:[57748. 57879. 55898.] t2_sim:[62432. 62355. 60720.]
Task is 49.00% complete.
t1_sim:[64111. 62945. 62640.] t2_sim:[64043. 64007. 63526.]
Task is 50.00% complete.
t1_sim:[58467. 59027. 58013.] t2_sim:[60405. 60886. 59933.]
Task is 51.00% complete.
t1_sim:[58832. 57897. 58528.] t2_sim:[63617. 62252. 65218.]
Task is 52.00% complete.
t1_sim:[63225. 63291. 65289.] t2_sim:[62033. 61231. 61320.]
Task is 53.00% complete.
t1_sim:[61422. 63198. 62137.] t2_sim:[60911. 61789. 60718.]
Task is 54.00% complete.
t1_sim:[61155. 60995. 61150.] t2_sim:[67867. 67776. 66221.]
Task is 55.00% complete.
t1_sim:[60113. 61038. 61027.] t2_sim:[60617. 59931. 59954.]
Task is 56.00% complete.
t1_sim:[65434. 64721. 65505.] t2_sim:[56657. 56316. 54845.]
Task is 57.00% complete.
t1_sim:[61123. 62130. 62609.] t2_sim:[64070. 65256. 62778.]
Task is 58.00% complete.
t1_sim:[67710. 67872. 67537.] t2_sim:[60996. 60294. 60374.]
Task is 59.00% complete.
t1_sim:[60073. 60921. 61553.] t2_sim:[65294. 64694. 63140.]
Task is 60.00% complete.
t1_sim:[69686. 69233. 69071.] t2_sim:[69962. 68775. 70215.]
Task is 61.00% complete.
t1_sim:[58758. 58852. 59894.] t2_sim:[56089. 54730. 54162.]
Task is 62.00% complete.
t1_sim:[63277. 63818. 64457.] t2_sim:[65052. 64371. 63885.]
Task is 63.00% complete.
t1_sim:[57409. 56133. 56540.] t2_sim:[64202. 63286. 61306.]
Task is 64.00% complete.
t1_sim:[65628. 65203. 64490.] t2_sim:[58216. 58946. 59011.]
Task is 65.00% complete.
t1_sim:[64326. 65136. 64447.] t2_sim:[63140. 64239. 64539.]
Task is 66.00% complete.
t1_sim:[63543. 64009. 61299.] t2_sim:[61269. 61661. 63441.]
Task is 67.00% complete.
t1_sim:[57841. 57254. 58029.] t2_sim:[62623. 62442. 63656.]
Task is 68.00% complete.
t1_sim:[66291. 64708. 65595.] t2_sim:[61407. 61306. 60391.]
Task is 69.00% complete.
t1_sim:[64058. 64209. 62570.] t2_sim:[62584. 63879. 64312.]
Task is 70.00% complete.
t1_sim:[62554. 60654. 59433.] t2_sim:[62049. 61136. 60324.]
Task is 71.00% complete.
t1_sim:[63461. 62728. 64970.] t2_sim:[68687. 68220. 65366.]
Task is 72.00% complete.
t1_sim:[56529. 55649. 56347.] t2_sim:[64813. 64383. 63640.]
Task is 73.00% complete.
t1_sim:[57576. 56182. 57294.] t2_sim:[67932. 69062. 66005.]
Task is 74.00% complete.
t1_sim:[59559. 58809. 57902.] t2_sim:[61628. 61858. 61562.]
Task is 75.00% complete.
t1_sim:[59163. 57999. 59936.] t2_sim:[60009. 59965. 60827.]
Task is 76.00% complete.
t1_sim:[62577. 62046. 60672.] t2_sim:[60540. 61095. 61142.]
Task is 77.00% complete.
t1_sim:[64276. 63788. 64738.] t2_sim:[66564. 65386. 64722.]
Task is 78.00% complete.
t1_sim:[67521. 68362. 68652.] t2_sim:[53443. 53855. 54883.]
Task is 79.00% complete.
t1_sim:[59644. 59516. 60162.] t2_sim:[59630. 59118. 58451.]
Task is 80.00% complete.
t1_sim:[59453. 59820. 61298.] t2_sim:[62130. 62255. 63285.]
Task is 81.00% complete.
t1_sim:[57558. 57691. 57556.] t2_sim:[63428. 64047. 62356.]
Task is 82.00% complete.
t1_sim:[64100. 63591. 62456.] t2_sim:[52075. 52652. 51501.]
Task is 83.00% complete.
t1_sim:[60440. 60622. 61749.] t2_sim:[62656. 63184. 63186.]
Task is 84.00% complete.
t1_sim:[63482. 64443. 63511.] t2_sim:[55229. 54862. 54163.]
Task is 85.00% complete.
t1_sim:[59953. 59810. 60132.] t2_sim:[60478. 58739. 56557.]
Task is 86.00% complete.
t1_sim:[61512. 62335. 62162.] t2_sim:[64145. 65474. 65884.]
Task is 87.00% complete.
t1_sim:[61652. 62099. 60849.] t2_sim:[63193. 64072. 63284.]
Task is 88.00% complete.
t1_sim:[63915. 64041. 62092.] t2_sim:[60851. 60797. 60177.]
Task is 89.00% complete.
t1_sim:[61833. 61732. 60236.] t2_sim:[63362. 63913. 65951.]
Task is 90.00% complete.
t1_sim:[64472. 63591. 62236.] t2_sim:[60076. 59572. 58197.]
Task is 91.00% complete.
t1_sim:[72150. 70386. 70114.] t2_sim:[64653. 64774. 64339.]
Task is 92.00% complete.
t1_sim:[60801. 60771. 60788.] t2_sim:[67437. 66487. 63608.]
Task is 93.00% complete.
t1_sim:[59145. 60041. 59396.] t2_sim:[67567. 68239. 67066.]
Task is 94.00% complete.
t1_sim:[62361. 61904. 62999.] t2_sim:[66031. 65858. 65800.]
Task is 95.00% complete.
t1_sim:[72071. 72293. 69822.] t2_sim:[63448. 63119. 65185.]
Task is 96.00% complete.
t1_sim:[59393. 60150. 60039.] t2_sim:[60702. 59314. 59391.]
Task is 97.00% complete.
t1_sim:[63145. 64049. 65880.] t2_sim:[61327. 61230. 62209.]
Task is 98.00% complete.
t1_sim:[65664. 66201. 66846.] t2_sim:[56846. 57264. 57219.]
Task is 99.00% complete.
t1_sim:[63254. 63761. 63533.] t2_sim:[59586. 60644. 59242.]
Training start
t1_obs:[array(94824.), array(87376.), array(72887.)] t2_obs:[array(92793.), array(84735.), array(69795.)]
corr_G1:[None, None, 0.12053204303093173] corr_G2:[None, None, 0.5400836311659516]
Training end
Task is 0.00% complete.
t1_sim:[57656. 57855. 56810.] t2_sim:[65103. 64666. 64713.]
Task is 1.00% complete.
t1_sim:[60095. 59380. 57754.] t2_sim:[62191. 62447. 61169.]
Task is 2.00% complete.
t1_sim:[63909. 64934. 63130.] t2_sim:[61829. 61908. 59501.]
Task is 3.00% complete.
t1_sim:[62275. 63108. 58107.] t2_sim:[63082. 62871. 63913.]
Task is 4.00% complete.
t1_sim:[64195. 64175. 61659.] t2_sim:[60192. 58873. 58746.]
Task is 5.00% complete.
t1_sim:[59225. 58731. 56634.] t2_sim:[62863. 60954. 60663.]
Task is 6.00% complete.
t1_sim:[64858. 64435. 61383.] t2_sim:[65505. 63908. 63946.]
Task is 7.00% complete.
t1_sim:[63103. 62802. 59243.] t2_sim:[62300. 64270. 64817.]
Task is 8.00% complete.
t1_sim:[60809. 62585. 58316.] t2_sim:[62564. 61772. 59598.]
Task is 9.00% complete.
t1_sim:[65602. 64311. 57515.] t2_sim:[53980. 54345. 54241.]
Task is 10.00% complete.
t1_sim:[63433. 62880. 59510.] t2_sim:[63069. 63018. 62885.]
Task is 11.00% complete.
t1_sim:[65788. 67518. 62893.] t2_sim:[59335. 61353. 57909.]
Task is 12.00% complete.
t1_sim:[62282. 61362. 57697.] t2_sim:[59616. 57949. 57805.]
Task is 13.00% complete.
t1_sim:[61403. 61879. 58250.] t2_sim:[61623. 61255. 61877.]
Task is 14.00% complete.
t1_sim:[56537. 57189. 55260.] t2_sim:[60382. 60005. 58068.]
Task is 15.00% complete.
t1_sim:[63518. 62982. 58173.] t2_sim:[52638. 52010. 53017.]
Task is 16.00% complete.
t1_sim:[65778. 65008. 58226.] t2_sim:[63214. 61733. 61057.]
Task is 17.00% complete.
t1_sim:[58595. 58578. 55064.] t2_sim:[64716. 64652. 66231.]
Task is 18.00% complete.
t1_sim:[68075. 67962. 61568.] t2_sim:[58253. 59121. 59090.]
Task is 19.00% complete.
t1_sim:[60696. 61066. 58473.] t2_sim:[61037. 60585. 60544.]
Task is 20.00% complete.
t1_sim:[63324. 62587. 57934.] t2_sim:[60004. 60662. 61835.]
Task is 21.00% complete.
t1_sim:[59853. 59860. 58028.] t2_sim:[62027. 61255. 61701.]
Task is 22.00% complete.
t1_sim:[62504. 62495. 63229.] t2_sim:[61338. 61938. 62280.]
Task is 23.00% complete.
t1_sim:[57516. 57907. 56635.] t2_sim:[61405. 60606. 57991.]
Task is 24.00% complete.
t1_sim:[68736. 70145. 68577.] t2_sim:[61926. 62061. 61065.]
Task is 25.00% complete.
t1_sim:[62655. 62956. 58604.] t2_sim:[68476. 67593. 66929.]
Task is 26.00% complete.
t1_sim:[64643. 66184. 65111.] t2_sim:[55828. 56777. 54565.]
Task is 27.00% complete.
t1_sim:[58889. 59346. 55738.] t2_sim:[62211. 62140. 63035.]
Task is 28.00% complete.
t1_sim:[64466. 64291. 62509.] t2_sim:[63400. 63691. 64602.]
Task is 29.00% complete.
t1_sim:[60136. 61678. 59236.] t2_sim:[59784. 58668. 57523.]
Task is 30.00% complete.
t1_sim:[62075. 62380. 59979.] t2_sim:[70715. 69938. 67932.]
Task is 31.00% complete.
t1_sim:[62521. 63988. 61340.] t2_sim:[64393. 63499. 63229.]
Task is 32.00% complete.
t1_sim:[63956. 64314. 61044.] t2_sim:[54882. 54898. 56183.]
Task is 33.00% complete.
t1_sim:[61231. 60849. 60912.] t2_sim:[62589. 62997. 62813.]
Task is 34.00% complete.
t1_sim:[62077. 62227. 59712.] t2_sim:[63065. 63589. 61968.]
Task is 35.00% complete.
t1_sim:[57066. 56403. 53323.] t2_sim:[64940. 64224. 62869.]
Task is 36.00% complete.
t1_sim:[59564. 58359. 56885.] t2_sim:[57717. 57989. 56891.]
Task is 37.00% complete.
t1_sim:[67488. 67706. 64229.] t2_sim:[62662. 62970. 62185.]
Task is 38.00% complete.
t1_sim:[62815. 64276. 61069.] t2_sim:[63870. 64381. 62077.]
Task is 39.00% complete.
t1_sim:[60003. 60795. 57661.] t2_sim:[58095. 57445. 58085.]
Task is 40.00% complete.
t1_sim:[61659. 61228. 56373.] t2_sim:[62356. 62875. 61953.]
Task is 41.00% complete.
t1_sim:[62152. 60655. 59091.] t2_sim:[57370. 57839. 56586.]
Task is 42.00% complete.
t1_sim:[59270. 59215. 56561.] t2_sim:[62700. 63094. 60527.]
Task is 43.00% complete.
t1_sim:[64336. 64564. 60740.] t2_sim:[56764. 57032. 57895.]
Task is 44.00% complete.
t1_sim:[62523. 62427. 60435.] t2_sim:[64102. 64557. 64346.]
Task is 45.00% complete.
t1_sim:[57637. 58443. 55894.] t2_sim:[62331. 62614. 62262.]
Task is 46.00% complete.
t1_sim:[61782. 61609. 57984.] t2_sim:[67576. 68771. 68964.]
Task is 47.00% complete.
t1_sim:[66442. 64281. 59625.] t2_sim:[67631. 66622. 63601.]
Task is 48.00% complete.
t1_sim:[62389. 62651. 59279.] t2_sim:[60773. 61240. 61297.]
Task is 49.00% complete.
t1_sim:[63047. 61608. 59781.] t2_sim:[67239. 65824. 66954.]
Task is 50.00% complete.
t1_sim:[61820. 62498. 59383.] t2_sim:[61978. 61168. 58249.]
Task is 51.00% complete.
t1_sim:[62912. 62254. 60230.] t2_sim:[62748. 62499. 61585.]
Task is 52.00% complete.
t1_sim:[69145. 67916. 65979.] t2_sim:[70544. 70616. 70166.]
Task is 53.00% complete.
t1_sim:[64307. 65364. 60631.] t2_sim:[61449. 61670. 60076.]
Task is 54.00% complete.
t1_sim:[55006. 55272. 51342.] t2_sim:[63194. 62762. 62038.]
Task is 55.00% complete.
t1_sim:[59761. 59638. 55038.] t2_sim:[63174. 63679. 61127.]
Task is 56.00% complete.
t1_sim:[62044. 62370. 57706.] t2_sim:[62423. 62712. 66440.]
Task is 57.00% complete.
t1_sim:[60073. 59304. 57809.] t2_sim:[61011. 61946. 63440.]
Task is 58.00% complete.
t1_sim:[58773. 58519. 55485.] t2_sim:[63506. 63335. 61776.]
Task is 59.00% complete.
t1_sim:[62903. 62240. 61128.] t2_sim:[61249. 60901. 57606.]
Task is 60.00% complete.
t1_sim:[59663. 59263. 56471.] t2_sim:[66358. 67274. 65339.]
Task is 61.00% complete.
t1_sim:[62411. 63060. 63827.] t2_sim:[64716. 64315. 64114.]
Task is 62.00% complete.
t1_sim:[62634. 60836. 57784.] t2_sim:[65189. 65754. 61996.]
Task is 63.00% complete.
t1_sim:[61135. 60135. 57585.] t2_sim:[63097. 63641. 62651.]
Task is 64.00% complete.
t1_sim:[67276. 67513. 66345.] t2_sim:[70030. 69512. 68993.]
Task is 65.00% complete.
t1_sim:[58446. 59804. 58639.] t2_sim:[67042. 66275. 63751.]
Task is 66.00% complete.
t1_sim:[60311. 60877. 62368.] t2_sim:[59717. 59654. 61504.]
Task is 67.00% complete.
t1_sim:[60108. 59081. 56956.] t2_sim:[74028. 74294. 73555.]
Task is 68.00% complete.
t1_sim:[66509. 65391. 63052.] t2_sim:[63170. 64929. 62010.]
Task is 69.00% complete.
t1_sim:[63607. 61720. 59329.] t2_sim:[59515. 58707. 59008.]
Task is 70.00% complete.
t1_sim:[60920. 60565. 57376.] t2_sim:[57105. 56050. 57135.]
Task is 71.00% complete.
t1_sim:[58744. 59314. 58419.] t2_sim:[64910. 64279. 62534.]
Task is 72.00% complete.
t1_sim:[69200. 71077. 66782.] t2_sim:[64904. 65385. 64440.]
Task is 73.00% complete.
t1_sim:[64000. 63778. 62102.] t2_sim:[58393. 58016. 57675.]
Task is 74.00% complete.
t1_sim:[66331. 67737. 63038.] t2_sim:[58643. 57425. 56046.]
Task is 75.00% complete.
t1_sim:[66879. 66980. 65128.] t2_sim:[67547. 66507. 64898.]
Task is 76.00% complete.
t1_sim:[61946. 61427. 60726.] t2_sim:[60929. 60106. 58049.]
Task is 77.00% complete.
t1_sim:[65096. 65765. 63465.] t2_sim:[60906. 60852. 57654.]
Task is 78.00% complete.
t1_sim:[70720. 70668. 69528.] t2_sim:[57121. 57568. 55086.]
Task is 79.00% complete.
t1_sim:[68135. 67065. 65675.] t2_sim:[61386. 60517. 61056.]
Task is 80.00% complete.
t1_sim:[65786. 65289. 60908.] t2_sim:[65555. 65629. 65503.]
Task is 81.00% complete.
t1_sim:[62050. 62917. 61286.] t2_sim:[65788. 64040. 62448.]
Task is 82.00% complete.
t1_sim:[62157. 63245. 64197.] t2_sim:[63698. 64343. 64047.]
Task is 83.00% complete.
t1_sim:[60152. 59423. 55398.] t2_sim:[60880. 63020. 63229.]
Task is 84.00% complete.
t1_sim:[64673. 64509. 63278.] t2_sim:[62933. 63784. 63899.]
Task is 85.00% complete.
t1_sim:[59090. 60410. 58547.] t2_sim:[66071. 64673. 61279.]
Task is 86.00% complete.
t1_sim:[65407. 65214. 62645.] t2_sim:[60575. 61356. 63864.]
Task is 87.00% complete.
t1_sim:[62242. 62742. 61044.] t2_sim:[63132. 63459. 61487.]
Task is 88.00% complete.
t1_sim:[54452. 55647. 53386.] t2_sim:[61121. 61929. 60471.]
Task is 89.00% complete.
t1_sim:[63093. 62642. 60346.] t2_sim:[63002. 62051. 62795.]
Task is 90.00% complete.
t1_sim:[65480. 64104. 59387.] t2_sim:[64325. 66393. 65645.]
Task is 91.00% complete.
t1_sim:[65024. 64373. 61116.] t2_sim:[59109. 60589. 59149.]
Task is 92.00% complete.
t1_sim:[60664. 60596. 58279.] t2_sim:[61343. 60564. 61280.]
Task is 93.00% complete.
t1_sim:[63728. 64496. 62160.] t2_sim:[66112. 66601. 65565.]
Task is 94.00% complete.
t1_sim:[60137. 60231. 56659.] t2_sim:[63606. 63685. 64385.]
Task is 95.00% complete.
t1_sim:[59389. 61004. 57612.] t2_sim:[62158. 63648. 61956.]
Task is 96.00% complete.
t1_sim:[60785. 61050. 58825.] t2_sim:[63200. 61722. 62347.]
Task is 97.00% complete.
t1_sim:[66683. 68130. 65845.] t2_sim:[65776. 66235. 64993.]
Task is 98.00% complete.
t1_sim:[61031. 61784. 61400.] t2_sim:[63733. 64165. 65335.]
Task is 99.00% complete.
t1_sim:[61104. 60624. 60838.] t2_sim:[57788. 57068. 55474.]
Finished
