/scratch/jz4721/Post-prediction-Causal-Inference/venv/lib/python3.8/site-packages/numpy/core/getlimits.py:518: UserWarning: The value of the smallest subnormal for <class 'numpy.float64'> type is zero.
  setattr(self, word, getattr(machar, word).flat[0])
/scratch/jz4721/Post-prediction-Causal-Inference/venv/lib/python3.8/site-packages/numpy/core/getlimits.py:89: UserWarning: The value of the smallest subnormal for <class 'numpy.float64'> type is zero.
  return self._float_to_str(self.smallest_subnormal)
/scratch/jz4721/Post-prediction-Causal-Inference/venv/lib/python3.8/site-packages/numpy/core/getlimits.py:518: UserWarning: The value of the smallest subnormal for <class 'numpy.float32'> type is zero.
  setattr(self, word, getattr(machar, word).flat[0])
/scratch/jz4721/Post-prediction-Causal-Inference/venv/lib/python3.8/site-packages/numpy/core/getlimits.py:89: UserWarning: The value of the smallest subnormal for <class 'numpy.float32'> type is zero.
  return self._float_to_str(self.smallest_subnormal)
Begin
Training start
t1_obs:[array(93352.), array(82805.), array(77792.)] t2_obs:[array(93366.), array(81748.), array(73099.)]
corr_G1:[None, None, 5.12894356880812e-17] corr_G2:[None, None, -3.304737721020762e-17]
Training end
Task is 0.00% complete.
t1_sim:[65772. 65619. 65140.] t2_sim:[61608. 62605. 61776.]
Task is 1.00% complete.
t1_sim:[62777. 63437. 64516.] t2_sim:[63777. 65783. 63656.]
Task is 2.00% complete.
t1_sim:[62137. 61986. 65368.] t2_sim:[66339. 64613. 63619.]
Task is 3.00% complete.
t1_sim:[62782. 63582. 64180.] t2_sim:[57431. 58176. 60242.]
Task is 4.00% complete.
t1_sim:[67283. 66938. 67410.] t2_sim:[66338. 65206. 67077.]
Task is 5.00% complete.
t1_sim:[57022. 55896. 57494.] t2_sim:[61600. 61507. 62803.]
Task is 6.00% complete.
t1_sim:[61853. 62138. 60970.] t2_sim:[63258. 63457. 62203.]
Task is 7.00% complete.
t1_sim:[60310. 58199. 61578.] t2_sim:[60079. 59895. 58811.]
Task is 8.00% complete.
t1_sim:[55232. 53935. 56234.] t2_sim:[59312. 58444. 61620.]
Task is 9.00% complete.
t1_sim:[59801. 59207. 61263.] t2_sim:[59700. 60416. 58050.]
Task is 10.00% complete.
t1_sim:[59441. 60957. 61319.] t2_sim:[63681. 62587. 61330.]
Task is 11.00% complete.
t1_sim:[61267. 62772. 62374.] t2_sim:[63569. 65279. 64888.]
Task is 12.00% complete.
t1_sim:[63012. 62572. 62252.] t2_sim:[63189. 63934. 65190.]
Task is 13.00% complete.
t1_sim:[66446. 67672. 68170.] t2_sim:[63064. 63571. 63981.]
Task is 14.00% complete.
t1_sim:[59920. 61024. 57740.] t2_sim:[59903. 61337. 61136.]
Task is 15.00% complete.
t1_sim:[66357. 66270. 68286.] t2_sim:[61429. 60903. 62292.]
Task is 16.00% complete.
t1_sim:[59590. 60153. 62052.] t2_sim:[61729. 60839. 62571.]
Task is 17.00% complete.
t1_sim:[57606. 57942. 58077.] t2_sim:[61395. 62660. 60242.]
Task is 18.00% complete.
t1_sim:[61850. 60690. 59675.] t2_sim:[61046. 62360. 57974.]
Task is 19.00% complete.
t1_sim:[68331. 67627. 69387.] t2_sim:[61125. 59938. 61839.]
Task is 20.00% complete.
t1_sim:[64408. 63914. 64073.] t2_sim:[59426. 58310. 57066.]
Task is 21.00% complete.
t1_sim:[61872. 64282. 64313.] t2_sim:[63913. 62844. 66529.]
Task is 22.00% complete.
t1_sim:[63707. 65987. 64141.] t2_sim:[63673. 65851. 62291.]
Task is 23.00% complete.
t1_sim:[63503. 65586. 63197.] t2_sim:[66851. 68040. 64746.]
Task is 24.00% complete.
t1_sim:[59689. 59246. 57569.] t2_sim:[60159. 61283. 58606.]
Task is 25.00% complete.
t1_sim:[64160. 62394. 59593.] t2_sim:[62437. 63215. 62032.]
Task is 26.00% complete.
t1_sim:[68480. 68209. 71279.] t2_sim:[66187. 65033. 65154.]
Task is 27.00% complete.
t1_sim:[60949. 60558. 59077.] t2_sim:[67498. 68306. 68262.]
Task is 28.00% complete.
t1_sim:[69414. 70000. 68676.] t2_sim:[62228. 60684. 60942.]
Task is 29.00% complete.
t1_sim:[65806. 66171. 66646.] t2_sim:[67322. 65706. 66307.]
Task is 30.00% complete.
t1_sim:[65142. 65262. 60845.] t2_sim:[65052. 66039. 62534.]
Task is 31.00% complete.
t1_sim:[64273. 61878. 63945.] t2_sim:[64225. 63623. 62235.]
Task is 32.00% complete.
t1_sim:[54697. 53732. 56892.] t2_sim:[68922. 69979. 65042.]
Task is 33.00% complete.
t1_sim:[62704. 63315. 63540.] t2_sim:[67934. 68499. 68031.]
Task is 34.00% complete.
t1_sim:[62748. 62103. 62705.] t2_sim:[63861. 65087. 62804.]
Task is 35.00% complete.
t1_sim:[65647. 65442. 67955.] t2_sim:[58238. 57141. 60547.]
Task is 36.00% complete.
t1_sim:[71327. 69400. 71047.] t2_sim:[58939. 58813. 60611.]
Task is 37.00% complete.
t1_sim:[66147. 65558. 69665.] t2_sim:[56260. 57030. 56651.]
Task is 38.00% complete.
t1_sim:[58339. 57470. 55614.] t2_sim:[59383. 60464. 58257.]
Task is 39.00% complete.
t1_sim:[63209. 63284. 64428.] t2_sim:[66315. 67363. 64996.]
Task is 40.00% complete.
t1_sim:[59741. 59692. 61172.] t2_sim:[65493. 64945. 63197.]
Task is 41.00% complete.
t1_sim:[67636. 65865. 67832.] t2_sim:[64277. 64056. 62616.]
Task is 42.00% complete.
t1_sim:[62187. 61307. 60069.] t2_sim:[64618. 64524. 66597.]
Task is 43.00% complete.
t1_sim:[71217. 69699. 71220.] t2_sim:[63914. 62780. 63615.]
Task is 44.00% complete.
t1_sim:[65878. 66205. 67907.] t2_sim:[63383. 61760. 65641.]
Task is 45.00% complete.
t1_sim:[67726. 67434. 65357.] t2_sim:[61530. 60381. 65647.]
Task is 46.00% complete.
t1_sim:[62613. 62268. 62008.] t2_sim:[62741. 62757. 63185.]
Task is 47.00% complete.
t1_sim:[62649. 61523. 61179.] t2_sim:[63114. 65418. 63303.]
Task is 48.00% complete.
t1_sim:[56770. 57587. 56783.] t2_sim:[63896. 64890. 66465.]
Task is 49.00% complete.
t1_sim:[64477. 66805. 64431.] t2_sim:[57962. 59528. 58606.]
Task is 50.00% complete.
t1_sim:[63324. 63175. 63529.] t2_sim:[58494. 59251. 60543.]
Task is 51.00% complete.
t1_sim:[59577. 60142. 56147.] t2_sim:[60284. 59013. 61261.]
Task is 52.00% complete.
t1_sim:[59252. 59982. 58274.] t2_sim:[60937. 60117. 62578.]
Task is 53.00% complete.
t1_sim:[60809. 61438. 61818.] t2_sim:[66230. 65413. 66252.]
Task is 54.00% complete.
t1_sim:[63437. 62882. 62743.] t2_sim:[59580. 60077. 60987.]
Task is 55.00% complete.
t1_sim:[63015. 62844. 64299.] t2_sim:[57800. 58761. 56913.]
Task is 56.00% complete.
t1_sim:[64960. 65177. 63616.] t2_sim:[65848. 66089. 67532.]
Task is 57.00% complete.
t1_sim:[60386. 61450. 62046.] t2_sim:[67812. 65581. 66525.]
Task is 58.00% complete.
t1_sim:[63447. 61997. 66402.] t2_sim:[67834. 68396. 67552.]
Task is 59.00% complete.
t1_sim:[60177. 60554. 61351.] t2_sim:[62897. 64337. 65042.]
Task is 60.00% complete.
t1_sim:[58822. 60006. 59944.] t2_sim:[61110. 62339. 64554.]
Task is 61.00% complete.
t1_sim:[63416. 63777. 64103.] t2_sim:[66749. 68854. 63280.]
Task is 62.00% complete.
t1_sim:[66346. 64837. 65143.] t2_sim:[60512. 61143. 61219.]
Task is 63.00% complete.
t1_sim:[56082. 55053. 57787.] t2_sim:[60019. 62030. 62287.]
Task is 64.00% complete.
t1_sim:[60115. 60241. 59605.] t2_sim:[61800. 62070. 62976.]
Task is 65.00% complete.
t1_sim:[60421. 61771. 60539.] t2_sim:[60900. 60615. 60241.]
Task is 66.00% complete.
t1_sim:[67222. 66104. 65835.] t2_sim:[60169. 58330. 59967.]
Task is 67.00% complete.
t1_sim:[66538. 66432. 66378.] t2_sim:[61295. 62302. 63118.]
Task is 68.00% complete.
t1_sim:[65236. 66185. 66466.] t2_sim:[59519. 59776. 59249.]
Task is 69.00% complete.
t1_sim:[64731. 64355. 63746.] t2_sim:[65836. 66367. 63712.]
Task is 70.00% complete.
t1_sim:[64223. 63175. 61271.] t2_sim:[64996. 66546. 63895.]
Task is 71.00% complete.
t1_sim:[61397. 61799. 62787.] t2_sim:[62150. 61660. 64485.]
Task is 72.00% complete.
t1_sim:[63117. 64642. 62926.] t2_sim:[62714. 64357. 62739.]
Task is 73.00% complete.
t1_sim:[63206. 62138. 64708.] t2_sim:[63143. 62318. 60001.]
Task is 74.00% complete.
t1_sim:[62128. 62912. 61736.] t2_sim:[61954. 61941. 59978.]
Task is 75.00% complete.
t1_sim:[62560. 63498. 64311.] t2_sim:[67454. 67621. 65843.]
Task is 76.00% complete.
t1_sim:[58119. 58727. 60854.] t2_sim:[57363. 56150. 59190.]
Task is 77.00% complete.
t1_sim:[68111. 65357. 65560.] t2_sim:[61287. 61868. 58053.]
Task is 78.00% complete.
t1_sim:[55266. 56062. 52549.] t2_sim:[57903. 58669. 59852.]
Task is 79.00% complete.
t1_sim:[58348. 58369. 58340.] t2_sim:[63395. 64919. 63794.]
Task is 80.00% complete.
t1_sim:[57926. 58032. 60331.] t2_sim:[63130. 64361. 64110.]
Task is 81.00% complete.
t1_sim:[71101. 70389. 69033.] t2_sim:[57931. 59458. 58375.]
Task is 82.00% complete.
t1_sim:[57658. 59795. 59850.] t2_sim:[64466. 64573. 64742.]
Task is 83.00% complete.
t1_sim:[61174. 62265. 64297.] t2_sim:[61273. 61828. 59171.]
Task is 84.00% complete.
t1_sim:[62690. 62288. 62958.] t2_sim:[61893. 62241. 61718.]
Task is 85.00% complete.
t1_sim:[63445. 64754. 63981.] t2_sim:[61843. 60880. 62305.]
Task is 86.00% complete.
t1_sim:[62984. 60918. 63072.] t2_sim:[63631. 63310. 61868.]
Task is 87.00% complete.
t1_sim:[61349. 63167. 60863.] t2_sim:[62455. 61624. 61131.]
Task is 88.00% complete.
t1_sim:[56366. 55294. 57973.] t2_sim:[57348. 57634. 57563.]
Task is 89.00% complete.
t1_sim:[67459. 68311. 63674.] t2_sim:[65839. 65106. 65085.]
Task is 90.00% complete.
t1_sim:[62424. 63375. 62155.] t2_sim:[58359. 58590. 58596.]
Task is 91.00% complete.
t1_sim:[62936. 62199. 61350.] t2_sim:[59893. 60383. 59556.]
Task is 92.00% complete.
t1_sim:[67794. 69321. 66248.] t2_sim:[63675. 63307. 65174.]
Task is 93.00% complete.
t1_sim:[58342. 55956. 57929.] t2_sim:[58220. 58472. 58017.]
Task is 94.00% complete.
t1_sim:[58444. 56877. 57401.] t2_sim:[54857. 56271. 57261.]
Task is 95.00% complete.
t1_sim:[57815. 58009. 58107.] t2_sim:[59263. 62093. 58936.]
Task is 96.00% complete.
t1_sim:[60774. 62714. 60726.] t2_sim:[65433. 67051. 67065.]
Task is 97.00% complete.
t1_sim:[57511. 56840. 56914.] t2_sim:[56837. 57415. 58603.]
Task is 98.00% complete.
t1_sim:[59695. 59926. 60656.] t2_sim:[66135. 68406. 65705.]
Task is 99.00% complete.
t1_sim:[61968. 61368. 59817.] t2_sim:[61048. 61849. 59946.]
Training start
t1_obs:[array(93352.), array(82805.), array(82915.)] t2_obs:[array(93366.), array(81748.), array(77898.)]
corr_G1:[None, None, 0.8305027377238657] corr_G2:[None, None, 0.9866783780735485]
Training end
Task is 0.00% complete.
t1_sim:[61650. 62552. 62300.] t2_sim:[61775. 60278. 62102.]
Task is 1.00% complete.
t1_sim:[57340. 57449. 57995.] t2_sim:[60691. 61395. 61277.]
Task is 2.00% complete.
t1_sim:[58601. 59236. 59649.] t2_sim:[63783. 63151. 64568.]
Task is 3.00% complete.
t1_sim:[61889. 61236. 60985.] t2_sim:[66102. 66206. 66613.]
Task is 4.00% complete.
t1_sim:[62292. 62776. 62579.] t2_sim:[58604. 56817. 57376.]
Task is 5.00% complete.
t1_sim:[58691. 59068. 57282.] t2_sim:[63263. 63684. 62843.]
Task is 6.00% complete.
t1_sim:[66649. 65168. 64972.] t2_sim:[60479. 60831. 59955.]
Task is 7.00% complete.
t1_sim:[59589. 59583. 58879.] t2_sim:[58475. 56495. 56666.]
Task is 8.00% complete.
t1_sim:[59589. 59749. 59583.] t2_sim:[61799. 60898. 62059.]
Task is 9.00% complete.
t1_sim:[63788. 61293. 61160.] t2_sim:[64678. 63499. 65146.]
Task is 10.00% complete.
t1_sim:[58544. 57956. 58767.] t2_sim:[65886. 64949. 66126.]
Task is 11.00% complete.
t1_sim:[63344. 63523. 63318.] t2_sim:[67393. 68488. 67145.]
Task is 12.00% complete.
t1_sim:[70018. 69412. 68951.] t2_sim:[57082. 56268. 55948.]
Task is 13.00% complete.
t1_sim:[63280. 63590. 63370.] t2_sim:[65912. 66475. 65939.]
Task is 14.00% complete.
t1_sim:[58332. 57798. 57351.] t2_sim:[61938. 61489. 60367.]
Task is 15.00% complete.
t1_sim:[55978. 55943. 55788.] t2_sim:[62449. 62849. 63018.]
Task is 16.00% complete.
t1_sim:[60877. 62260. 63184.] t2_sim:[61972. 63219. 61678.]
Task is 17.00% complete.
t1_sim:[64436. 65745. 64714.] t2_sim:[66727. 66453. 66895.]
Task is 18.00% complete.
t1_sim:[62506. 61952. 61615.] t2_sim:[63084. 62061. 62590.]
Task is 19.00% complete.
t1_sim:[68998. 68981. 68395.] t2_sim:[69732. 71365. 71285.]
Task is 20.00% complete.
t1_sim:[62027. 62322. 61421.] t2_sim:[59715. 59781. 56778.]
Task is 21.00% complete.
t1_sim:[61719. 61893. 61549.] t2_sim:[67194. 66906. 65149.]
Task is 22.00% complete.
t1_sim:[65962. 64100. 64395.] t2_sim:[56527. 54792. 55508.]
Task is 23.00% complete.
t1_sim:[69691. 70485. 70783.] t2_sim:[64526. 62698. 62677.]
Task is 24.00% complete.
t1_sim:[58322. 57465. 58415.] t2_sim:[60356. 60008. 60375.]
Task is 25.00% complete.
t1_sim:[58342. 58421. 58143.] t2_sim:[66349. 65117. 65530.]
Task is 26.00% complete.
t1_sim:[62223. 61566. 61996.] t2_sim:[62197. 63690. 63648.]
Task is 27.00% complete.
t1_sim:[60991. 62094. 62018.] t2_sim:[60763. 63355. 62179.]
Task is 28.00% complete.
t1_sim:[65005. 63329. 64339.] t2_sim:[68324. 68084. 67591.]
Task is 29.00% complete.
t1_sim:[67305. 66542. 65887.] t2_sim:[63266. 65037. 63579.]
Task is 30.00% complete.
t1_sim:[63972. 62766. 62446.] t2_sim:[62048. 62117. 62319.]
Task is 31.00% complete.
t1_sim:[56445. 56998. 57342.] t2_sim:[65016. 64479. 64658.]
Task is 32.00% complete.
t1_sim:[63734. 64145. 64678.] t2_sim:[61537. 60622. 62102.]
Task is 33.00% complete.
t1_sim:[61243. 59732. 59018.] t2_sim:[58583. 59532. 60099.]
Task is 34.00% complete.
t1_sim:[62076. 61289. 61499.] t2_sim:[63391. 61152. 63002.]
Task is 35.00% complete.
t1_sim:[67668. 68065. 67759.] t2_sim:[64827. 63137. 64177.]
Task is 36.00% complete.
t1_sim:[54884. 55327. 55916.] t2_sim:[59775. 60510. 61128.]
Task is 37.00% complete.
t1_sim:[62924. 63427. 63886.] t2_sim:[58263. 58222. 59178.]
Task is 38.00% complete.
t1_sim:[61017. 61694. 60973.] t2_sim:[56147. 55411. 55074.]
Task is 39.00% complete.
t1_sim:[61171. 62638. 60859.] t2_sim:[63648. 64291. 65751.]
Task is 40.00% complete.
t1_sim:[61396. 60042. 60491.] t2_sim:[64051. 65885. 67194.]
Task is 41.00% complete.
t1_sim:[60166. 59468. 59817.] t2_sim:[59509. 59669. 59499.]
Task is 42.00% complete.
t1_sim:[65594. 65938. 65748.] t2_sim:[61435. 62421. 63497.]
Task is 43.00% complete.
t1_sim:[59806. 60061. 58044.] t2_sim:[66367. 67209. 67517.]
Task is 44.00% complete.
t1_sim:[64163. 65171. 65967.] t2_sim:[64513. 62840. 62190.]
Task is 45.00% complete.
t1_sim:[59932. 59330. 58407.] t2_sim:[65407. 65243. 63978.]
Task is 46.00% complete.
t1_sim:[69768. 71187. 69365.] t2_sim:[70261. 71084. 71399.]
Task is 47.00% complete.
t1_sim:[61113. 62124. 61262.] t2_sim:[61858. 63745. 64165.]
Task is 48.00% complete.
t1_sim:[61827. 59448. 59597.] t2_sim:[63058. 60787. 62461.]
Task is 49.00% complete.
t1_sim:[67935. 68939. 69728.] t2_sim:[57022. 58108. 59760.]
Task is 50.00% complete.
t1_sim:[63209. 61553. 62092.] t2_sim:[58662. 57296. 58060.]
Task is 51.00% complete.
t1_sim:[64578. 64611. 64293.] t2_sim:[59427. 59040. 59142.]
Task is 52.00% complete.
t1_sim:[65455. 66953. 66713.] t2_sim:[67725. 69403. 69731.]
Task is 53.00% complete.
t1_sim:[61313. 60098. 59218.] t2_sim:[63684. 62738. 63466.]
Task is 54.00% complete.
t1_sim:[61191. 59476. 60678.] t2_sim:[65668. 64537. 64908.]
Task is 55.00% complete.
t1_sim:[61781. 60078. 59935.] t2_sim:[65745. 66616. 64716.]
Task is 56.00% complete.
t1_sim:[65589. 65608. 65576.] t2_sim:[64021. 62753. 63692.]
Task is 57.00% complete.
t1_sim:[64005. 64369. 65643.] t2_sim:[63686. 64132. 64575.]
Task is 58.00% complete.
t1_sim:[61831. 61645. 61893.] t2_sim:[63353. 61228. 61223.]
Task is 59.00% complete.
t1_sim:[62844. 63482. 63687.] t2_sim:[60772. 60922. 60728.]
Task is 60.00% complete.
t1_sim:[67263. 67071. 69059.] t2_sim:[58389. 60427. 58750.]
Task is 61.00% complete.
t1_sim:[62263. 63455. 63352.] t2_sim:[64058. 63298. 63314.]
Task is 62.00% complete.
t1_sim:[64678. 65260. 63332.] t2_sim:[64423. 63607. 62436.]
Task is 63.00% complete.
t1_sim:[59113. 60019. 58474.] t2_sim:[64979. 62920. 64242.]
Task is 64.00% complete.
t1_sim:[60559. 59805. 59548.] t2_sim:[63768. 62460. 62084.]
Task is 65.00% complete.
t1_sim:[63606. 64669. 63126.] t2_sim:[68436. 67847. 67164.]
Task is 66.00% complete.
t1_sim:[60388. 60212. 59391.] t2_sim:[59509. 58711. 58976.]
Task is 67.00% complete.
t1_sim:[60552. 60890. 62136.] t2_sim:[64613. 64440. 63853.]
Task is 68.00% complete.
t1_sim:[64279. 63346. 64029.] t2_sim:[59117. 59787. 59370.]
Task is 69.00% complete.
t1_sim:[64320. 64902. 63953.] t2_sim:[62027. 61413. 61144.]
Task is 70.00% complete.
t1_sim:[65099. 66104. 65377.] t2_sim:[62954. 64559. 65706.]
Task is 71.00% complete.
t1_sim:[64578. 64026. 62401.] t2_sim:[60227. 61501. 60220.]
Task is 72.00% complete.
t1_sim:[65811. 66680. 66742.] t2_sim:[63443. 63750. 64031.]
Task is 73.00% complete.
t1_sim:[64342. 65596. 66360.] t2_sim:[61194. 61267. 61833.]
Task is 74.00% complete.
t1_sim:[61325. 61426. 62453.] t2_sim:[64886. 65106. 64657.]
Task is 75.00% complete.
t1_sim:[61758. 62839. 62016.] t2_sim:[59894. 60173. 60290.]
Task is 76.00% complete.
t1_sim:[64935. 64149. 64511.] t2_sim:[62669. 65106. 65163.]
Task is 77.00% complete.
t1_sim:[62270. 60950. 62395.] t2_sim:[66986. 66815. 67822.]
Task is 78.00% complete.
t1_sim:[63425. 64162. 63813.] t2_sim:[57282. 56132. 55747.]
Task is 79.00% complete.
t1_sim:[62821. 63033. 61654.] t2_sim:[58872. 60314. 59450.]
Task is 80.00% complete.
t1_sim:[62318. 63101. 62154.] t2_sim:[65746. 65062. 66108.]
Task is 81.00% complete.
t1_sim:[54130. 55324. 53545.] t2_sim:[64182. 63418. 62374.]
Task is 82.00% complete.
t1_sim:[59078. 57923. 57505.] t2_sim:[61545. 61424. 62194.]
Task is 83.00% complete.
t1_sim:[63791. 63127. 63853.] t2_sim:[57378. 57863. 57745.]
Task is 84.00% complete.
t1_sim:[60089. 60075. 59338.] t2_sim:[63526. 62866. 64146.]
Task is 85.00% complete.
t1_sim:[64948. 65544. 66320.] t2_sim:[67607. 69350. 67732.]
Task is 86.00% complete.
t1_sim:[62298. 63497. 62277.] t2_sim:[64053. 62022. 62487.]
Task is 87.00% complete.
t1_sim:[64239. 64777. 64476.] t2_sim:[64870. 63545. 62420.]
Task is 88.00% complete.
t1_sim:[64677. 65773. 67017.] t2_sim:[58541. 60009. 60044.]
Task is 89.00% complete.
t1_sim:[59991. 59710. 58991.] t2_sim:[60027. 58618. 59002.]
Task is 90.00% complete.
t1_sim:[63348. 61370. 61180.] t2_sim:[63633. 64733. 63535.]
Task is 91.00% complete.
t1_sim:[58209. 58445. 58034.] t2_sim:[63220. 64148. 63150.]
Task is 92.00% complete.
t1_sim:[63592. 62362. 63184.] t2_sim:[61596. 62355. 62018.]
Task is 93.00% complete.
t1_sim:[57778. 56262. 55466.] t2_sim:[62165. 61588. 62345.]
Task is 94.00% complete.
t1_sim:[69751. 68725. 70804.] t2_sim:[63649. 62601. 60627.]
Task is 95.00% complete.
t1_sim:[62888. 63640. 63519.] t2_sim:[66261. 65616. 66320.]
Task is 96.00% complete.
t1_sim:[64717. 64015. 63075.] t2_sim:[61750. 61993. 62348.]
Task is 97.00% complete.
t1_sim:[65487. 64936. 65295.] t2_sim:[60022. 59352. 59379.]
Task is 98.00% complete.
t1_sim:[62376. 61594. 63851.] t2_sim:[62860. 62629. 62900.]
Task is 99.00% complete.
t1_sim:[65610. 65281. 65525.] t2_sim:[61455. 61230. 59944.]
Training start
t1_obs:[array(93352.), array(82805.), array(78785.)] t2_obs:[array(93366.), array(81748.), array(72912.)]
corr_G1:[None, None, 0.378544143717105] corr_G2:[None, None, 0.2995027287281679]
Training end
Task is 0.00% complete.
t1_sim:[60698. 61751. 57701.] t2_sim:[63667. 63131. 59966.]
Task is 1.00% complete.
t1_sim:[65495. 65894. 62706.] t2_sim:[62117. 61678. 59641.]
Task is 2.00% complete.
t1_sim:[64666. 64985. 63653.] t2_sim:[58607. 59077. 56081.]
Task is 3.00% complete.
t1_sim:[66466. 66855. 64635.] t2_sim:[65927. 66824. 63399.]
Task is 4.00% complete.
t1_sim:[64490. 62325. 63539.] t2_sim:[62758. 63358. 57835.]
Task is 5.00% complete.
t1_sim:[68664. 68619. 65331.] t2_sim:[59257. 59978. 58648.]
Task is 6.00% complete.
t1_sim:[59566. 61000. 59408.] t2_sim:[66039. 66768. 62997.]
Task is 7.00% complete.
t1_sim:[67055. 67876. 65078.] t2_sim:[66159. 66580. 62345.]
Task is 8.00% complete.
t1_sim:[69124. 69231. 68194.] t2_sim:[66735. 67351. 65109.]
Task is 9.00% complete.
t1_sim:[63123. 65307. 61874.] t2_sim:[59468. 58179. 54130.]
Task is 10.00% complete.
t1_sim:[66138. 64475. 63602.] t2_sim:[61317. 60827. 59507.]
Task is 11.00% complete.
t1_sim:[70721. 69910. 68156.] t2_sim:[59923. 58998. 55545.]
Task is 12.00% complete.
t1_sim:[61216. 61589. 59648.] t2_sim:[63594. 64670. 62525.]
Task is 13.00% complete.
t1_sim:[60511. 61491. 59039.] t2_sim:[63531. 63354. 60884.]
Task is 14.00% complete.
t1_sim:[59651. 59565. 57469.] t2_sim:[66338. 65679. 61881.]
Task is 15.00% complete.
t1_sim:[68911. 67747. 67474.] t2_sim:[66114. 65065. 62130.]
Task is 16.00% complete.
t1_sim:[60787. 60850. 59031.] t2_sim:[57824. 57768. 55144.]
Task is 17.00% complete.
t1_sim:[69220. 69486. 68007.] t2_sim:[67362. 66990. 64899.]
Task is 18.00% complete.
t1_sim:[62198. 61831. 62537.] t2_sim:[63269. 63898. 61775.]
Task is 19.00% complete.
t1_sim:[61212. 59804. 59115.] t2_sim:[64435. 63106. 61149.]
Task is 20.00% complete.
t1_sim:[62475. 61961. 59766.] t2_sim:[61614. 59706. 58375.]
Task is 21.00% complete.
t1_sim:[56737. 56070. 53477.] t2_sim:[67975. 68326. 64418.]
Task is 22.00% complete.
t1_sim:[62203. 60717. 58196.] t2_sim:[62477. 62419. 61097.]
Task is 23.00% complete.
t1_sim:[62371. 62803. 60213.] t2_sim:[62683. 62921. 59143.]
Task is 24.00% complete.
t1_sim:[58827. 58585. 57619.] t2_sim:[61944. 61176. 57884.]
Task is 25.00% complete.
t1_sim:[59610. 59646. 59143.] t2_sim:[59257. 61041. 58218.]
Task is 26.00% complete.
t1_sim:[66444. 66517. 64931.] t2_sim:[60801. 60024. 57256.]
Task is 27.00% complete.
t1_sim:[67366. 66690. 66658.] t2_sim:[62377. 62627. 57734.]
Task is 28.00% complete.
t1_sim:[61329. 61440. 59569.] t2_sim:[65171. 64694. 60526.]
Task is 29.00% complete.
t1_sim:[65344. 63798. 63099.] t2_sim:[65031. 64308. 60721.]
Task is 30.00% complete.
t1_sim:[69593. 68876. 68947.] t2_sim:[61294. 61147. 58842.]
Task is 31.00% complete.
t1_sim:[59509. 58842. 58201.] t2_sim:[63326. 61737. 59647.]
Task is 32.00% complete.
t1_sim:[63523. 65109. 61608.] t2_sim:[58937. 58979. 55459.]
Task is 33.00% complete.
t1_sim:[70172. 70120. 66395.] t2_sim:[66559. 67840. 63320.]
Task is 34.00% complete.
t1_sim:[63887. 64694. 61705.] t2_sim:[59033. 57796. 54008.]
Task is 35.00% complete.
t1_sim:[58526. 58348. 57093.] t2_sim:[65241. 65702. 60842.]
Task is 36.00% complete.
t1_sim:[61349. 61024. 60399.] t2_sim:[67603. 66196. 62970.]
Task is 37.00% complete.
t1_sim:[57608. 57799. 57908.] t2_sim:[61449. 59954. 58482.]
Task is 38.00% complete.
t1_sim:[62931. 61089. 59046.] t2_sim:[66016. 66750. 63157.]
Task is 39.00% complete.
t1_sim:[64168. 63899. 62637.] t2_sim:[61246. 62773. 61667.]
Task is 40.00% complete.
t1_sim:[63526. 63548. 62949.] t2_sim:[63823. 64967. 62046.]
Task is 41.00% complete.
t1_sim:[62375. 63178. 62089.] t2_sim:[62149. 62670. 59409.]
Task is 42.00% complete.
t1_sim:[69438. 66054. 65542.] t2_sim:[58911. 60643. 55050.]
Task is 43.00% complete.
t1_sim:[64709. 64759. 63775.] t2_sim:[65352. 64359. 63546.]
Task is 44.00% complete.
t1_sim:[63115. 64194. 63282.] t2_sim:[62228. 62169. 59862.]
Task is 45.00% complete.
t1_sim:[59583. 60118. 59670.] t2_sim:[66610. 67613. 61639.]
Task is 46.00% complete.
t1_sim:[59552. 58969. 58417.] t2_sim:[65993. 65698. 61630.]
Task is 47.00% complete.
t1_sim:[57512. 58699. 55290.] t2_sim:[60307. 60616. 55215.]
Task is 48.00% complete.
t1_sim:[62809. 64309. 60933.] t2_sim:[63032. 63170. 60482.]
Task is 49.00% complete.
t1_sim:[60061. 60006. 58498.] t2_sim:[61314. 62897. 59829.]
Task is 50.00% complete.
t1_sim:[65817. 65794. 63569.] t2_sim:[66089. 66166. 63627.]
Task is 51.00% complete.
t1_sim:[62670. 64199. 63328.] t2_sim:[68659. 67610. 64886.]
Task is 52.00% complete.
t1_sim:[63358. 62752. 63031.] t2_sim:[62649. 63086. 58925.]
Task is 53.00% complete.
t1_sim:[58058. 57770. 55735.] t2_sim:[63679. 63071. 60310.]
Task is 54.00% complete.
t1_sim:[65943. 64345. 64152.] t2_sim:[58374. 57062. 53215.]
Task is 55.00% complete.
t1_sim:[65445. 65383. 62371.] t2_sim:[65879. 64867. 60746.]
Task is 56.00% complete.
t1_sim:[65221. 64536. 63292.] t2_sim:[63030. 63818. 60213.]
Task is 57.00% complete.
t1_sim:[59720. 61036. 59114.] t2_sim:[62805. 62396. 60134.]
Task is 58.00% complete.
t1_sim:[63192. 64549. 63021.] t2_sim:[61461. 60555. 56520.]
Task is 59.00% complete.
t1_sim:[59270. 59749. 58810.] t2_sim:[59692. 60981. 58472.]
Task is 60.00% complete.
t1_sim:[66265. 66341. 65162.] t2_sim:[63725. 63982. 60814.]
Task is 61.00% complete.
t1_sim:[70266. 69225. 67880.] t2_sim:[62589. 63084. 59610.]
Task is 62.00% complete.
t1_sim:[63486. 62517. 61705.] t2_sim:[59648. 58007. 54742.]
Task is 63.00% complete.
t1_sim:[65008. 63043. 64149.] t2_sim:[62353. 62465. 57919.]
Task is 64.00% complete.
t1_sim:[63125. 61651. 59098.] t2_sim:[65160. 64511. 61153.]
Task is 65.00% complete.
t1_sim:[65155. 65352. 62754.] t2_sim:[60747. 60442. 58608.]
Task is 66.00% complete.
t1_sim:[62624. 61644. 62867.] t2_sim:[61248. 63002. 59081.]
Task is 67.00% complete.
t1_sim:[63287. 64622. 62455.] t2_sim:[58778. 59698. 56317.]
Task is 68.00% complete.
t1_sim:[61279. 59395. 60735.] t2_sim:[63580. 63551. 61156.]
Task is 69.00% complete.
t1_sim:[61515. 60458. 57838.] t2_sim:[63046. 62400. 58104.]
Task is 70.00% complete.
t1_sim:[65292. 64464. 63702.] t2_sim:[61620. 59681. 56624.]
Task is 71.00% complete.
t1_sim:[65028. 65397. 64525.] t2_sim:[63506. 63543. 59481.]
Task is 72.00% complete.
t1_sim:[60849. 63762. 60684.] t2_sim:[58720. 57592. 55382.]
Task is 73.00% complete.
t1_sim:[65975. 67985. 65027.] t2_sim:[61250. 63074. 60514.]
Task is 74.00% complete.
t1_sim:[69194. 69340. 68160.] t2_sim:[58546. 56790. 53660.]
Task is 75.00% complete.
t1_sim:[62219. 62844. 60311.] t2_sim:[65803. 64617. 60597.]
Task is 76.00% complete.
t1_sim:[65745. 65724. 62798.] t2_sim:[66571. 66588. 61627.]
Task is 77.00% complete.
t1_sim:[62510. 63345. 58746.] t2_sim:[63598. 63482. 58993.]
Task is 78.00% complete.
t1_sim:[64264. 65736. 63673.] t2_sim:[58347. 58426. 56039.]
Task is 79.00% complete.
t1_sim:[64343. 64471. 63036.] t2_sim:[68438. 67519. 66938.]
Task is 80.00% complete.
t1_sim:[63674. 64215. 61641.] t2_sim:[57387. 58687. 53987.]
Task is 81.00% complete.
t1_sim:[63347. 63457. 62354.] t2_sim:[62829. 62093. 59294.]
Task is 82.00% complete.
t1_sim:[64454. 64625. 62213.] t2_sim:[69807. 68508. 63343.]
Task is 83.00% complete.
t1_sim:[66583. 67238. 65877.] t2_sim:[62726. 63706. 58818.]
Task is 84.00% complete.
t1_sim:[65770. 63962. 62715.] t2_sim:[60896. 60129. 57834.]
Task is 85.00% complete.
t1_sim:[62538. 62409. 59965.] t2_sim:[63554. 62302. 58418.]
Task is 86.00% complete.
t1_sim:[67458. 65514. 64560.] t2_sim:[65160. 64685. 59309.]
Task is 87.00% complete.
t1_sim:[57314. 57789. 57297.] t2_sim:[59189. 59420. 54260.]
Task is 88.00% complete.
t1_sim:[56333. 56773. 54399.] t2_sim:[59551. 58183. 55536.]
Task is 89.00% complete.
t1_sim:[70921. 70240. 68727.] t2_sim:[63536. 65624. 62676.]
Task is 90.00% complete.
t1_sim:[63187. 64750. 62061.] t2_sim:[58359. 57634. 53365.]
Task is 91.00% complete.
t1_sim:[65504. 64868. 61461.] t2_sim:[61755. 62329. 60173.]
Task is 92.00% complete.
t1_sim:[63472. 62305. 61797.] t2_sim:[62057. 63514. 56856.]
Task is 93.00% complete.
t1_sim:[62373. 63494. 60795.] t2_sim:[61746. 62546. 57619.]
Task is 94.00% complete.
t1_sim:[61501. 62105. 60530.] t2_sim:[57340. 58938. 54815.]
Task is 95.00% complete.
t1_sim:[67007. 67675. 63544.] t2_sim:[63852. 64208. 61461.]
Task is 96.00% complete.
t1_sim:[59516. 60839. 59662.] t2_sim:[61797. 62393. 61500.]
Task is 97.00% complete.
t1_sim:[65965. 64630. 63114.] t2_sim:[59180. 58315. 54297.]
Task is 98.00% complete.
t1_sim:[68270. 67962. 67626.] t2_sim:[64014. 63218. 60831.]
Task is 99.00% complete.
t1_sim:[64099. 63685. 62326.] t2_sim:[64652. 67293. 63469.]
Finished
