/scratch/jz4721/Post-prediction-Causal-Inference/venv/lib/python3.8/site-packages/numpy/core/getlimits.py:518: UserWarning: The value of the smallest subnormal for <class 'numpy.float64'> type is zero.
  setattr(self, word, getattr(machar, word).flat[0])
/scratch/jz4721/Post-prediction-Causal-Inference/venv/lib/python3.8/site-packages/numpy/core/getlimits.py:89: UserWarning: The value of the smallest subnormal for <class 'numpy.float64'> type is zero.
  return self._float_to_str(self.smallest_subnormal)
/scratch/jz4721/Post-prediction-Causal-Inference/venv/lib/python3.8/site-packages/numpy/core/getlimits.py:518: UserWarning: The value of the smallest subnormal for <class 'numpy.float32'> type is zero.
  setattr(self, word, getattr(machar, word).flat[0])
/scratch/jz4721/Post-prediction-Causal-Inference/venv/lib/python3.8/site-packages/numpy/core/getlimits.py:89: UserWarning: The value of the smallest subnormal for <class 'numpy.float32'> type is zero.
  return self._float_to_str(self.smallest_subnormal)
Begin
Training start
t1_obs:[array(90675.), array(78242.), array(69645.)] t2_obs:[array(93064.), array(80078.), array(73137.)]
corr_G1:[None, None, 0] corr_G2:[None, None, 0]
Training end
Task is 0.00% complete.
t1_sim:[61224. 61461. 63970.] t2_sim:[63911. 63420. 64099.]
Task is 1.00% complete.
t1_sim:[58415. 57096. 58208.] t2_sim:[66500. 64844. 59568.]
Task is 2.00% complete.
t1_sim:[63642. 62994. 62573.] t2_sim:[58227. 59624. 58324.]
Task is 3.00% complete.
t1_sim:[64783. 65915. 68295.] t2_sim:[62566. 59706. 62821.]
Task is 4.00% complete.
t1_sim:[68023. 67599. 66752.] t2_sim:[65391. 66446. 64854.]
Task is 5.00% complete.
t1_sim:[60085. 60129. 58947.] t2_sim:[66260. 65644. 63482.]
Task is 6.00% complete.
t1_sim:[59386. 58467. 62203.] t2_sim:[67937. 67589. 67709.]
Task is 7.00% complete.
t1_sim:[61385. 62137. 62619.] t2_sim:[65741. 64219. 65020.]
Task is 8.00% complete.
t1_sim:[59809. 60337. 61253.] t2_sim:[57768. 58968. 57378.]
Task is 9.00% complete.
t1_sim:[64704. 63679. 61811.] t2_sim:[57539. 57102. 58897.]
Task is 10.00% complete.
t1_sim:[62817. 62940. 58608.] t2_sim:[63155. 62429. 63088.]
Task is 11.00% complete.
t1_sim:[62975. 63615. 63449.] t2_sim:[64812. 63659. 64277.]
Task is 12.00% complete.
t1_sim:[63311. 62706. 62667.] t2_sim:[65669. 68073. 64402.]
Task is 13.00% complete.
t1_sim:[62257. 61881. 62600.] t2_sim:[62148. 61312. 62616.]
Task is 14.00% complete.
t1_sim:[58534. 57975. 59821.] t2_sim:[65159. 64755. 64206.]
Task is 15.00% complete.
t1_sim:[56965. 58567. 59053.] t2_sim:[69623. 68381. 69716.]
Task is 16.00% complete.
t1_sim:[60292. 61201. 62281.] t2_sim:[65691. 65776. 63923.]
Task is 17.00% complete.
t1_sim:[67294. 68466. 67706.] t2_sim:[65090. 65265. 66462.]
Task is 18.00% complete.
t1_sim:[61179. 60054. 63232.] t2_sim:[63384. 61570. 65050.]
Task is 19.00% complete.
t1_sim:[59272. 60383. 59689.] t2_sim:[65371. 63389. 62554.]
Task is 20.00% complete.
t1_sim:[65100. 64699. 65682.] t2_sim:[61370. 61306. 58451.]
Task is 21.00% complete.
t1_sim:[66407. 66088. 66051.] t2_sim:[57718. 57355. 58163.]
Task is 22.00% complete.
t1_sim:[60197. 59383. 58529.] t2_sim:[59254. 60276. 58192.]
Task is 23.00% complete.
t1_sim:[57071. 57494. 59491.] t2_sim:[65928. 65670. 67059.]
Task is 24.00% complete.
t1_sim:[61251. 61992. 60366.] t2_sim:[57858. 59689. 57868.]
Task is 25.00% complete.
t1_sim:[57774. 58790. 60055.] t2_sim:[64198. 65722. 64992.]
Task is 26.00% complete.
t1_sim:[64724. 65477. 63215.] t2_sim:[64714. 64142. 64991.]
Task is 27.00% complete.
t1_sim:[59004. 59098. 56482.] t2_sim:[63138. 62949. 61062.]
Task is 28.00% complete.
t1_sim:[61450. 62325. 61093.] t2_sim:[64009. 65080. 63740.]
Task is 29.00% complete.
t1_sim:[70345. 69741. 67957.] t2_sim:[64009. 64746. 63578.]
Task is 30.00% complete.
t1_sim:[59909. 59925. 62377.] t2_sim:[67431. 68318. 67246.]
Task is 31.00% complete.
t1_sim:[63882. 63319. 59967.] t2_sim:[68259. 67291. 68783.]
Task is 32.00% complete.
t1_sim:[60079. 58787. 60695.] t2_sim:[58383. 56731. 58379.]
Task is 33.00% complete.
t1_sim:[68859. 69428. 71862.] t2_sim:[69815. 69905. 66377.]
Task is 34.00% complete.
t1_sim:[62083. 61748. 61157.] t2_sim:[62797. 63090. 60616.]
Task is 35.00% complete.
t1_sim:[57954. 58972. 61172.] t2_sim:[59673. 60154. 61127.]
Task is 36.00% complete.
t1_sim:[61533. 60702. 60825.] t2_sim:[59295. 59128. 59910.]
Task is 37.00% complete.
t1_sim:[64237. 64148. 62894.] t2_sim:[61563. 62128. 63546.]
Task is 38.00% complete.
t1_sim:[61761. 61856. 62500.] t2_sim:[61740. 60348. 62482.]
Task is 39.00% complete.
t1_sim:[62928. 62362. 66403.] t2_sim:[53757. 52951. 56792.]
Task is 40.00% complete.
t1_sim:[56447. 57493. 58359.] t2_sim:[62325. 63123. 60480.]
Task is 41.00% complete.
t1_sim:[62483. 62373. 62644.] t2_sim:[61472. 61689. 61003.]
Task is 42.00% complete.
t1_sim:[63748. 64645. 63694.] t2_sim:[68968. 69199. 65535.]
Task is 43.00% complete.
t1_sim:[57062. 56822. 56880.] t2_sim:[57847. 58767. 61020.]
Task is 44.00% complete.
t1_sim:[61398. 60454. 60749.] t2_sim:[67813. 69732. 66646.]
Task is 45.00% complete.
t1_sim:[59225. 58969. 61213.] t2_sim:[59546. 59384. 60930.]
Task is 46.00% complete.
t1_sim:[65709. 64187. 65769.] t2_sim:[63296. 62088. 62929.]
Task is 47.00% complete.
t1_sim:[68341. 67752. 66125.] t2_sim:[64690. 66019. 65952.]
Task is 48.00% complete.
t1_sim:[64793. 65504. 66140.] t2_sim:[61517. 61598. 58525.]
Task is 49.00% complete.
t1_sim:[68751. 68064. 67169.] t2_sim:[67407. 68055. 65219.]
Task is 50.00% complete.
t1_sim:[61605. 62316. 60474.] t2_sim:[57784. 57756. 58484.]
Task is 51.00% complete.
t1_sim:[57017. 58536. 59009.] t2_sim:[64205. 62486. 62922.]
Task is 52.00% complete.
t1_sim:[61184. 61583. 63514.] t2_sim:[59572. 61033. 63699.]
Task is 53.00% complete.
t1_sim:[65237. 65598. 63373.] t2_sim:[62103. 63482. 61436.]
Task is 54.00% complete.
t1_sim:[64988. 63404. 66643.] t2_sim:[63230. 63374. 63122.]
Task is 55.00% complete.
t1_sim:[62284. 62774. 64121.] t2_sim:[66739. 68406. 65360.]
Task is 56.00% complete.
t1_sim:[60748. 61173. 62077.] t2_sim:[63696. 64049. 65924.]
Task is 57.00% complete.
t1_sim:[65178. 64301. 63223.] t2_sim:[67299. 66366. 66300.]
Task is 58.00% complete.
t1_sim:[61144. 61071. 60520.] t2_sim:[57174. 56371. 56711.]
Task is 59.00% complete.
t1_sim:[61182. 61111. 59663.] t2_sim:[63946. 63444. 64968.]
Task is 60.00% complete.
t1_sim:[67680. 67985. 66906.] t2_sim:[63262. 65343. 61362.]
Task is 61.00% complete.
t1_sim:[64100. 65498. 67926.] t2_sim:[63157. 62656. 61883.]
Task is 62.00% complete.
t1_sim:[62660. 63770. 64138.] t2_sim:[60201. 59985. 63008.]
Task is 63.00% complete.
t1_sim:[62252. 61054. 60440.] t2_sim:[67775. 67657. 67250.]
Task is 64.00% complete.
t1_sim:[63104. 63617. 63213.] t2_sim:[66062. 65021. 62268.]
Task is 65.00% complete.
t1_sim:[66824. 66748. 64222.] t2_sim:[61217. 62360. 60690.]
Task is 66.00% complete.
t1_sim:[66069. 66200. 64849.] t2_sim:[63596. 63863. 62498.]
Task is 67.00% complete.
t1_sim:[62503. 63114. 63854.] t2_sim:[61011. 59155. 56850.]
Task is 68.00% complete.
t1_sim:[64174. 64710. 64434.] t2_sim:[60578. 59089. 61703.]
Task is 69.00% complete.
t1_sim:[59912. 60392. 60675.] t2_sim:[62348. 61782. 62383.]
Task is 70.00% complete.
t1_sim:[58948. 58488. 58912.] t2_sim:[66376. 65565. 67153.]
Task is 71.00% complete.
t1_sim:[73745. 71249. 72340.] t2_sim:[63986. 63289. 61391.]
Task is 72.00% complete.
t1_sim:[61781. 60512. 59215.] t2_sim:[66421. 65965. 67848.]
Task is 73.00% complete.
t1_sim:[65945. 65857. 65516.] t2_sim:[63479. 64982. 62578.]
Task is 74.00% complete.
t1_sim:[61526. 62074. 64120.] t2_sim:[60757. 60879. 62233.]
Task is 75.00% complete.
t1_sim:[60595. 59971. 56549.] t2_sim:[58129. 57868. 58609.]
Task is 76.00% complete.
t1_sim:[64084. 63386. 63581.] t2_sim:[59899. 59605. 60758.]
Task is 77.00% complete.
t1_sim:[62237. 62463. 64128.] t2_sim:[62204. 61988. 60021.]
Task is 78.00% complete.
t1_sim:[61795. 60267. 63428.] t2_sim:[59933. 59626. 61169.]
Task is 79.00% complete.
t1_sim:[58430. 58714. 57851.] t2_sim:[63148. 64152. 59872.]
Task is 80.00% complete.
t1_sim:[59728. 60973. 59372.] t2_sim:[63101. 64826. 64097.]
Task is 81.00% complete.
t1_sim:[62660. 65477. 63125.] t2_sim:[64327. 64494. 60459.]
Task is 82.00% complete.
t1_sim:[62882. 63483. 62845.] t2_sim:[65767. 66617. 65506.]
Task is 83.00% complete.
t1_sim:[63694. 65357. 61205.] t2_sim:[65253. 65051. 64906.]
Task is 84.00% complete.
t1_sim:[60886. 61284. 62136.] t2_sim:[62183. 59850. 60222.]
Task is 85.00% complete.
t1_sim:[61112. 61814. 60584.] t2_sim:[58884. 58806. 59556.]
Task is 86.00% complete.
t1_sim:[56117. 56887. 54544.] t2_sim:[62407. 63649. 60811.]
Task is 87.00% complete.
t1_sim:[62016. 61817. 61684.] t2_sim:[66656. 66627. 66418.]
Task is 88.00% complete.
t1_sim:[56802. 57130. 57219.] t2_sim:[61282. 62041. 64006.]
Task is 89.00% complete.
t1_sim:[64243. 63623. 63052.] t2_sim:[64030. 61981. 66384.]
Task is 90.00% complete.
t1_sim:[62964. 61857. 60154.] t2_sim:[61113. 60311. 61369.]
Task is 91.00% complete.
t1_sim:[64368. 63812. 62597.] t2_sim:[61493. 62951. 61277.]
Task is 92.00% complete.
t1_sim:[64535. 64841. 62542.] t2_sim:[65882. 64028. 65214.]
Task is 93.00% complete.
t1_sim:[66388. 65238. 65957.] t2_sim:[60971. 60747. 61907.]
Task is 94.00% complete.
t1_sim:[59514. 60207. 59197.] t2_sim:[66931. 67439. 66051.]
Task is 95.00% complete.
t1_sim:[57538. 57277. 56779.] t2_sim:[67837. 66205. 64921.]
Task is 96.00% complete.
t1_sim:[66516. 65746. 65887.] t2_sim:[61092. 60708. 58506.]
Task is 97.00% complete.
t1_sim:[63499. 64059. 61794.] t2_sim:[65613. 64994. 67072.]
Task is 98.00% complete.
t1_sim:[64390. 64015. 63603.] t2_sim:[62409. 61000. 60960.]
Task is 99.00% complete.
t1_sim:[62519. 61268. 57787.] t2_sim:[61344. 60798. 59870.]
Training start
t1_obs:[array(90675.), array(78242.), array(75099.)] t2_obs:[array(93064.), array(80078.), array(76883.)]
corr_G1:[None, None, 0.9526250609324473] corr_G2:[None, None, 0.9441343595911749]
Training end
Task is 0.00% complete.
t1_sim:[60010. 59372. 60165.] t2_sim:[60987. 61015. 61038.]
Task is 1.00% complete.
t1_sim:[66160. 64896. 64549.] t2_sim:[63065. 63720. 63293.]
Task is 2.00% complete.
t1_sim:[65525. 65326. 64684.] t2_sim:[60999. 62599. 60707.]
Task is 3.00% complete.
t1_sim:[69932. 67709. 67199.] t2_sim:[70213. 70105. 69622.]
Task is 4.00% complete.
t1_sim:[65981. 67155. 66790.] t2_sim:[65269. 66279. 67884.]
Task is 5.00% complete.
t1_sim:[59121. 59974. 59949.] t2_sim:[59351. 58416. 58650.]
Task is 6.00% complete.
t1_sim:[64152. 65381. 66069.] t2_sim:[61907. 61482. 60925.]
Task is 7.00% complete.
t1_sim:[60987. 61172. 61080.] t2_sim:[60583. 61494. 62585.]
Task is 8.00% complete.
t1_sim:[60251. 61748. 61080.] t2_sim:[60144. 62594. 62000.]
Task is 9.00% complete.
t1_sim:[59013. 58955. 57922.] t2_sim:[60992. 61814. 61412.]
Task is 10.00% complete.
t1_sim:[60336. 58644. 59969.] t2_sim:[59838. 61626. 60436.]
Task is 11.00% complete.
t1_sim:[55674. 58176. 59291.] t2_sim:[63100. 62802. 63085.]
Task is 12.00% complete.
t1_sim:[62561. 62566. 60788.] t2_sim:[56509. 55710. 57041.]
Task is 13.00% complete.
t1_sim:[61844. 62299. 62185.] t2_sim:[58282. 57251. 58383.]
Task is 14.00% complete.
t1_sim:[55145. 55452. 55847.] t2_sim:[55592. 53410. 54258.]
Task is 15.00% complete.
t1_sim:[63650. 63928. 64376.] t2_sim:[67367. 66936. 67969.]
Task is 16.00% complete.
t1_sim:[60340. 60097. 59864.] t2_sim:[57612. 59041. 59225.]
Task is 17.00% complete.
t1_sim:[68144. 67601. 67228.] t2_sim:[58068. 58006. 58911.]
Task is 18.00% complete.
t1_sim:[60967. 60905. 61764.] t2_sim:[64392. 62763. 65098.]
Task is 19.00% complete.
t1_sim:[63833. 64105. 63374.] t2_sim:[64911. 65736. 64925.]
Task is 20.00% complete.
t1_sim:[62984. 63004. 62797.] t2_sim:[65210. 64521. 65366.]
Task is 21.00% complete.
t1_sim:[64710. 63948. 62321.] t2_sim:[60223. 63664. 63778.]
Task is 22.00% complete.
t1_sim:[63135. 61875. 62907.] t2_sim:[60580. 60310. 59998.]
Task is 23.00% complete.
t1_sim:[62415. 63200. 62916.] t2_sim:[62055. 62340. 63008.]
Task is 24.00% complete.
t1_sim:[62920. 64272. 65108.] t2_sim:[59285. 60050. 59155.]
Task is 25.00% complete.
t1_sim:[61611. 61989. 61840.] t2_sim:[66226. 65818. 64311.]
Task is 26.00% complete.
t1_sim:[67417. 67525. 68509.] t2_sim:[65573. 67624. 67532.]
Task is 27.00% complete.
t1_sim:[59856. 58741. 58881.] t2_sim:[56638. 58458. 58226.]
Task is 28.00% complete.
t1_sim:[68065. 68294. 69400.] t2_sim:[65038. 66253. 64669.]
Task is 29.00% complete.
t1_sim:[61267. 61694. 62160.] t2_sim:[59262. 59617. 58995.]
Task is 30.00% complete.
t1_sim:[58209. 58387. 58244.] t2_sim:[58644. 56181. 56471.]
Task is 31.00% complete.
t1_sim:[59958. 58218. 56752.] t2_sim:[59279. 59429. 59316.]
Task is 32.00% complete.
t1_sim:[59166. 59320. 59471.] t2_sim:[56925. 56808. 57234.]
Task is 33.00% complete.
t1_sim:[57573. 57191. 56394.] t2_sim:[63856. 63243. 64586.]
Task is 34.00% complete.
t1_sim:[67580. 67540. 66212.] t2_sim:[53704. 54541. 54570.]
Task is 35.00% complete.
t1_sim:[63949. 64034. 64824.] t2_sim:[57910. 58459. 58477.]
Task is 36.00% complete.
t1_sim:[62376. 62501. 61844.] t2_sim:[63186. 61738. 60754.]
Task is 37.00% complete.
t1_sim:[63102. 63710. 63277.] t2_sim:[60315. 60746. 60323.]
Task is 38.00% complete.
t1_sim:[59796. 59590. 61280.] t2_sim:[63889. 63355. 63851.]
Task is 39.00% complete.
t1_sim:[67855. 68745. 67815.] t2_sim:[69407. 70121. 69326.]
Task is 40.00% complete.
t1_sim:[65281. 66092. 65084.] t2_sim:[63814. 64309. 63513.]
Task is 41.00% complete.
t1_sim:[64171. 63755. 64740.] t2_sim:[58282. 59223. 59714.]
Task is 42.00% complete.
t1_sim:[63452. 63398. 63802.] t2_sim:[60650. 60595. 61742.]
Task is 43.00% complete.
t1_sim:[58848. 58106. 58945.] t2_sim:[59955. 59879. 59194.]
Task is 44.00% complete.
t1_sim:[62983. 63344. 64248.] t2_sim:[63650. 62531. 61911.]
Task is 45.00% complete.
t1_sim:[60757. 58022. 60045.] t2_sim:[62237. 62532. 61340.]
Task is 46.00% complete.
t1_sim:[63080. 63917. 63452.] t2_sim:[64413. 62778. 62476.]
Task is 47.00% complete.
t1_sim:[60218. 60376. 61161.] t2_sim:[63711. 62308. 61652.]
Task is 48.00% complete.
t1_sim:[59416. 58178. 58282.] t2_sim:[59473. 59726. 61234.]
Task is 49.00% complete.
t1_sim:[59761. 62500. 59806.] t2_sim:[59156. 56646. 56698.]
Task is 50.00% complete.
t1_sim:[61471. 62420. 62183.] t2_sim:[60304. 61246. 62333.]
Task is 51.00% complete.
t1_sim:[61476. 59956. 60195.] t2_sim:[60346. 60895. 61462.]
Task is 52.00% complete.
t1_sim:[60544. 61456. 59778.] t2_sim:[66759. 64717. 64996.]
Task is 53.00% complete.
t1_sim:[69543. 68018. 68111.] t2_sim:[62476. 63128. 61613.]
Task is 54.00% complete.
t1_sim:[58203. 58660. 59778.] t2_sim:[61331. 60720. 62373.]
Task is 55.00% complete.
t1_sim:[66986. 66594. 66031.] t2_sim:[64631. 63835. 65085.]
Task is 56.00% complete.
t1_sim:[61198. 61666. 61068.] t2_sim:[61470. 62802. 63129.]
Task is 57.00% complete.
t1_sim:[61854. 61679. 61402.] t2_sim:[56412. 57264. 58172.]
Task is 58.00% complete.
t1_sim:[63775. 63216. 64636.] t2_sim:[57513. 57204. 57379.]
Task is 59.00% complete.
t1_sim:[63348. 64301. 64899.] t2_sim:[66225. 65923. 66757.]
Task is 60.00% complete.
t1_sim:[64435. 62857. 61908.] t2_sim:[60836. 61016. 59578.]
Task is 61.00% complete.
t1_sim:[62701. 64522. 63033.] t2_sim:[66728. 65624. 66381.]
Task is 62.00% complete.
t1_sim:[67333. 68743. 67793.] t2_sim:[66924. 66842. 66949.]
Task is 63.00% complete.
t1_sim:[59653. 58864. 59356.] t2_sim:[60136. 61162. 62039.]
Task is 64.00% complete.
t1_sim:[67713. 68336. 67982.] t2_sim:[62587. 64294. 63419.]
Task is 65.00% complete.
t1_sim:[65631. 65650. 65076.] t2_sim:[62761. 65851. 64979.]
Task is 66.00% complete.
t1_sim:[58784. 59160. 58532.] t2_sim:[60611. 61805. 61256.]
Task is 67.00% complete.
t1_sim:[60025. 61250. 61946.] t2_sim:[59810. 59596. 59579.]
Task is 68.00% complete.
t1_sim:[67063. 65467. 64991.] t2_sim:[59757. 60825. 60594.]
Task is 69.00% complete.
t1_sim:[58035. 59224. 59942.] t2_sim:[60000. 59923. 59661.]
Task is 70.00% complete.
t1_sim:[62458. 61268. 60470.] t2_sim:[60877. 59258. 57885.]
Task is 71.00% complete.
t1_sim:[59085. 60596. 61186.] t2_sim:[59207. 59207. 60018.]
Task is 72.00% complete.
t1_sim:[60189. 61841. 62186.] t2_sim:[58923. 59361. 61205.]
Task is 73.00% complete.
t1_sim:[60531. 59810. 61379.] t2_sim:[68906. 69175. 69277.]
Task is 74.00% complete.
t1_sim:[65173. 66168. 64677.] t2_sim:[63292. 63711. 63044.]
Task is 75.00% complete.
t1_sim:[60801. 58819. 58526.] t2_sim:[65583. 66420. 65410.]
Task is 76.00% complete.
t1_sim:[60423. 62140. 60787.] t2_sim:[58144. 59098. 60826.]
Task is 77.00% complete.
t1_sim:[65476. 65268. 66275.] t2_sim:[63167. 63831. 63092.]
Task is 78.00% complete.
t1_sim:[60571. 60456. 59429.] t2_sim:[63471. 62380. 64286.]
Task is 79.00% complete.
t1_sim:[69751. 70008. 70970.] t2_sim:[57818. 58654. 57445.]
Task is 80.00% complete.
t1_sim:[66584. 65205. 65439.] t2_sim:[63274. 61484. 61607.]
Task is 81.00% complete.
t1_sim:[54690. 56022. 56459.] t2_sim:[66656. 65771. 65471.]
Task is 82.00% complete.
t1_sim:[63411. 61629. 60917.] t2_sim:[59250. 58668. 56361.]
Task is 83.00% complete.
t1_sim:[60100. 60542. 62014.] t2_sim:[61536. 61696. 61307.]
Task is 84.00% complete.
t1_sim:[64229. 65283. 64534.] t2_sim:[60554. 59937. 60371.]
Task is 85.00% complete.
t1_sim:[64860. 65489. 64318.] t2_sim:[62857. 61315. 62227.]
Task is 86.00% complete.
t1_sim:[62311. 61586. 64094.] t2_sim:[65237. 65609. 64762.]
Task is 87.00% complete.
t1_sim:[69557. 69224. 68112.] t2_sim:[60422. 61509. 63133.]
Task is 88.00% complete.
t1_sim:[65842. 64249. 65533.] t2_sim:[60185. 58593. 58734.]
Task is 89.00% complete.
t1_sim:[65728. 65736. 64254.] t2_sim:[64176. 63290. 62815.]
Task is 90.00% complete.
t1_sim:[68597. 67755. 67925.] t2_sim:[61420. 60085. 57918.]
Task is 91.00% complete.
t1_sim:[62616. 61933. 62347.] t2_sim:[59145. 59427. 62738.]
Task is 92.00% complete.
t1_sim:[63039. 63124. 62021.] t2_sim:[62160. 61600. 60821.]
Task is 93.00% complete.
t1_sim:[64890. 66020. 65604.] t2_sim:[62310. 64402. 65514.]
Task is 94.00% complete.
t1_sim:[67591. 68043. 67797.] t2_sim:[57479. 59974. 61202.]
Task is 95.00% complete.
t1_sim:[64719. 65467. 65451.] t2_sim:[63137. 63826. 63691.]
Task is 96.00% complete.
t1_sim:[58714. 60600. 59966.] t2_sim:[60947. 61088. 62602.]
Task is 97.00% complete.
t1_sim:[61102. 63164. 63187.] t2_sim:[63920. 63686. 63700.]
Task is 98.00% complete.
t1_sim:[62643. 62830. 62205.] t2_sim:[61876. 62565. 63213.]
Task is 99.00% complete.
t1_sim:[63038. 63031. 63088.] t2_sim:[68076. 68247. 67616.]
Training start
t1_obs:[array(90675.), array(78242.), array(70240.)] t2_obs:[array(93064.), array(80078.), array(72014.)]
corr_G1:[None, None, 0.12286175514291361] corr_G2:[None, None, 0.24207287369831593]
Training end
Task is 0.00% complete.
t1_sim:[69300. 69586. 70096.] t2_sim:[65170. 63841. 60358.]
Task is 1.00% complete.
t1_sim:[63995. 64854. 64349.] t2_sim:[61415. 61508. 55944.]
Task is 2.00% complete.
t1_sim:[62034. 62544. 62171.] t2_sim:[63111. 65046. 61741.]
Task is 3.00% complete.
t1_sim:[65263. 63566. 63116.] t2_sim:[64517. 66006. 61244.]
Task is 4.00% complete.
t1_sim:[65390. 65041. 61311.] t2_sim:[58348. 58645. 54644.]
Task is 5.00% complete.
t1_sim:[68626. 66680. 65192.] t2_sim:[58907. 60517. 54745.]
Task is 6.00% complete.
t1_sim:[60469. 60077. 58753.] t2_sim:[60233. 61522. 58279.]
Task is 7.00% complete.
t1_sim:[62283. 63090. 62805.] t2_sim:[59392. 59275. 56062.]
Task is 8.00% complete.
t1_sim:[60664. 60821. 58783.] t2_sim:[64966. 64061. 62656.]
Task is 9.00% complete.
t1_sim:[59235. 60500. 58315.] t2_sim:[56436. 58625. 55345.]
Task is 10.00% complete.
t1_sim:[62019. 61795. 60682.] t2_sim:[59697. 59785. 57910.]
Task is 11.00% complete.
t1_sim:[66528. 65738. 62978.] t2_sim:[61857. 61713. 57248.]
Task is 12.00% complete.
t1_sim:[64860. 63547. 61804.] t2_sim:[64616. 64098. 59212.]
Task is 13.00% complete.
t1_sim:[60756. 60776. 59915.] t2_sim:[61482. 61403. 56728.]
Task is 14.00% complete.
t1_sim:[61545. 60172. 60787.] t2_sim:[56292. 57333. 52608.]
Task is 15.00% complete.
t1_sim:[65707. 66217. 65446.] t2_sim:[65254. 63993. 61041.]
Task is 16.00% complete.
t1_sim:[62642. 61052. 62711.] t2_sim:[66007. 66721. 63601.]
Task is 17.00% complete.
t1_sim:[59752. 59551. 58870.] t2_sim:[70644. 71875. 67619.]
Task is 18.00% complete.
t1_sim:[67699. 67687. 68758.] t2_sim:[63017. 64446. 62026.]
Task is 19.00% complete.
t1_sim:[66800. 67012. 66786.] t2_sim:[65020. 65721. 60668.]
Task is 20.00% complete.
t1_sim:[65419. 66348. 64597.] t2_sim:[63921. 64422. 63394.]
Task is 21.00% complete.
t1_sim:[65635. 64039. 61999.] t2_sim:[56401. 56779. 53393.]
Task is 22.00% complete.
t1_sim:[64266. 64058. 61993.] t2_sim:[65953. 64513. 60149.]
Task is 23.00% complete.
t1_sim:[61201. 61530. 60169.] t2_sim:[65141. 65810. 62658.]
Task is 24.00% complete.
t1_sim:[66557. 66450. 63642.] t2_sim:[57896. 56815. 53076.]
Task is 25.00% complete.
t1_sim:[58937. 57146. 57416.] t2_sim:[63767. 64171. 60108.]
Task is 26.00% complete.
t1_sim:[60271. 59450. 58386.] t2_sim:[61220. 61474. 56935.]
Task is 27.00% complete.
t1_sim:[60031. 59600. 57342.] t2_sim:[60447. 60786. 54897.]
Task is 28.00% complete.
t1_sim:[58115. 57502. 58343.] t2_sim:[67315. 65375. 63230.]
Task is 29.00% complete.
t1_sim:[63730. 63291. 62017.] t2_sim:[58506. 57854. 53421.]
Task is 30.00% complete.
t1_sim:[59472. 60190. 58925.] t2_sim:[63818. 63329. 60806.]
Task is 31.00% complete.
t1_sim:[60980. 59812. 60980.] t2_sim:[65944. 65845. 62193.]
Task is 32.00% complete.
t1_sim:[63062. 63138. 61880.] t2_sim:[68209. 68626. 63554.]
Task is 33.00% complete.
t1_sim:[61672. 61469. 62102.] t2_sim:[71778. 71673. 69701.]
Task is 34.00% complete.
t1_sim:[61721. 61319. 60302.] t2_sim:[67778. 67486. 63838.]
Task is 35.00% complete.
t1_sim:[66413. 67289. 67112.] t2_sim:[61932. 62028. 57887.]
Task is 36.00% complete.
t1_sim:[63242. 63875. 64362.] t2_sim:[64671. 64953. 63218.]
Task is 37.00% complete.
t1_sim:[63379. 61142. 60570.] t2_sim:[61580. 61686. 56145.]
Task is 38.00% complete.
t1_sim:[58892. 60345. 59109.] t2_sim:[67471. 67959. 64627.]
Task is 39.00% complete.
t1_sim:[64093. 63463. 62711.] t2_sim:[61095. 62673. 57966.]
Task is 40.00% complete.
t1_sim:[60277. 60160. 61197.] t2_sim:[61650. 63547. 58092.]
Task is 41.00% complete.
t1_sim:[61950. 61029. 62237.] t2_sim:[63571. 63358. 58809.]
Task is 42.00% complete.
t1_sim:[62904. 62884. 60085.] t2_sim:[61586. 60931. 59260.]
Task is 43.00% complete.
t1_sim:[59253. 60135. 60882.] t2_sim:[58724. 57533. 52524.]
Task is 44.00% complete.
t1_sim:[62283. 61485. 60773.] t2_sim:[61541. 60446. 56157.]
Task is 45.00% complete.
t1_sim:[70889. 70474. 69435.] t2_sim:[64421. 63773. 58476.]
Task is 46.00% complete.
t1_sim:[65694. 65735. 64221.] t2_sim:[62452. 62550. 59502.]
Task is 47.00% complete.
t1_sim:[66453. 66311. 65789.] t2_sim:[58804. 61692. 58234.]
Task is 48.00% complete.
t1_sim:[66113. 65021. 67709.] t2_sim:[62542. 58910. 54649.]
Task is 49.00% complete.
t1_sim:[57946. 58012. 56754.] t2_sim:[59065. 58953. 55766.]
Task is 50.00% complete.
t1_sim:[61998. 61943. 60056.] t2_sim:[61981. 61914. 58821.]
Task is 51.00% complete.
t1_sim:[69802. 69045. 67232.] t2_sim:[60506. 59768. 55976.]
Task is 52.00% complete.
t1_sim:[62486. 62404. 63247.] t2_sim:[61911. 61631. 57890.]
Task is 53.00% complete.
t1_sim:[63472. 63321. 61788.] t2_sim:[64457. 63371. 59806.]
Task is 54.00% complete.
t1_sim:[60362. 61848. 63137.] t2_sim:[59471. 58652. 54947.]
Task is 55.00% complete.
t1_sim:[61569. 61330. 61917.] t2_sim:[62505. 62330. 58019.]
Task is 56.00% complete.
t1_sim:[58383. 58947. 56883.] t2_sim:[64154. 63972. 59149.]
Task is 57.00% complete.
t1_sim:[61809. 63264. 61685.] t2_sim:[62858. 61684. 58457.]
Task is 58.00% complete.
t1_sim:[62319. 62696. 64905.] t2_sim:[56946. 57755. 54322.]
Task is 59.00% complete.
t1_sim:[60553. 59418. 58963.] t2_sim:[57521. 58488. 54379.]
Task is 60.00% complete.
t1_sim:[59441. 59714. 60845.] t2_sim:[58838. 60919. 56605.]
Task is 61.00% complete.
t1_sim:[64452. 62864. 62415.] t2_sim:[63823. 64617. 61357.]
Task is 62.00% complete.
t1_sim:[62049. 60675. 63449.] t2_sim:[62160. 63015. 58992.]
Task is 63.00% complete.
t1_sim:[59652. 59829. 59526.] t2_sim:[59021. 57963. 55040.]
Task is 64.00% complete.
t1_sim:[59314. 61063. 63576.] t2_sim:[61369. 60755. 57571.]
Task is 65.00% complete.
t1_sim:[64216. 63062. 63557.] t2_sim:[62743. 62628. 60948.]
Task is 66.00% complete.
t1_sim:[63744. 63402. 64012.] t2_sim:[62326. 61949. 58780.]
Task is 67.00% complete.
t1_sim:[62724. 62143. 60511.] t2_sim:[62980. 62089. 59823.]
Task is 68.00% complete.
t1_sim:[68194. 67869. 67608.] t2_sim:[66005. 65462. 62440.]
Task is 69.00% complete.
t1_sim:[64398. 62644. 63993.] t2_sim:[57584. 57787. 54804.]
Task is 70.00% complete.
t1_sim:[60544. 61023. 59894.] t2_sim:[63405. 66027. 62719.]
Task is 71.00% complete.
t1_sim:[67177. 67689. 66790.] t2_sim:[63303. 62602. 57005.]
Task is 72.00% complete.
t1_sim:[65274. 62546. 63109.] t2_sim:[66455. 65810. 63818.]
Task is 73.00% complete.
t1_sim:[68775. 69586. 67547.] t2_sim:[69770. 66653. 61472.]
Task is 74.00% complete.
t1_sim:[57969. 57128. 57018.] t2_sim:[56562. 55396. 51538.]
Task is 75.00% complete.
t1_sim:[60853. 60994. 61267.] t2_sim:[66513. 65666. 61893.]
Task is 76.00% complete.
t1_sim:[60116. 61953. 59781.] t2_sim:[63671. 63514. 60157.]
Task is 77.00% complete.
t1_sim:[58391. 57656. 57830.] t2_sim:[70774. 70956. 65443.]
Task is 78.00% complete.
t1_sim:[63060. 62496. 60217.] t2_sim:[65347. 64355. 60670.]
Task is 79.00% complete.
t1_sim:[60731. 62235. 60545.] t2_sim:[65870. 64068. 59227.]
Task is 80.00% complete.
t1_sim:[70391. 70917. 68894.] t2_sim:[65473. 66126. 62479.]
Task is 81.00% complete.
t1_sim:[67217. 66010. 66860.] t2_sim:[57738. 58092. 55440.]
Task is 82.00% complete.
t1_sim:[63107. 61232. 62054.] t2_sim:[61960. 60719. 55667.]
Task is 83.00% complete.
t1_sim:[61438. 62549. 63463.] t2_sim:[59463. 58262. 55691.]
Task is 84.00% complete.
t1_sim:[58084. 56621. 56225.] t2_sim:[70436. 71590. 67255.]
Task is 85.00% complete.
t1_sim:[65485. 67044. 67195.] t2_sim:[56118. 57435. 52765.]
Task is 86.00% complete.
t1_sim:[64195. 63037. 64673.] t2_sim:[60869. 61634. 56323.]
Task is 87.00% complete.
t1_sim:[67597. 67896. 68572.] t2_sim:[62856. 62950. 58238.]
Task is 88.00% complete.
t1_sim:[63647. 63301. 61765.] t2_sim:[65485. 65300. 61838.]
Task is 89.00% complete.
t1_sim:[61756. 62244. 62246.] t2_sim:[67768. 65565. 62354.]
Task is 90.00% complete.
t1_sim:[60055. 58890. 61332.] t2_sim:[64194. 63619. 59710.]
Task is 91.00% complete.
t1_sim:[56821. 58192. 58365.] t2_sim:[60558. 59950. 57329.]
Task is 92.00% complete.
t1_sim:[65349. 65200. 60972.] t2_sim:[58615. 58660. 56340.]
Task is 93.00% complete.
t1_sim:[64448. 63947. 61334.] t2_sim:[66551. 65424. 61848.]
Task is 94.00% complete.
t1_sim:[64007. 66018. 62011.] t2_sim:[54311. 54690. 52596.]
Task is 95.00% complete.
t1_sim:[60743. 59532. 59874.] t2_sim:[64875. 66512. 62956.]
Task is 96.00% complete.
t1_sim:[64057. 64524. 63631.] t2_sim:[64014. 63672. 60885.]
Task is 97.00% complete.
t1_sim:[64933. 64022. 64819.] t2_sim:[61631. 60972. 57671.]
Task is 98.00% complete.
t1_sim:[63644. 64012. 63777.] t2_sim:[64919. 64499. 60960.]
Task is 99.00% complete.
t1_sim:[60832. 59886. 58545.] t2_sim:[56623. 58350. 52050.]
Finished
