/scratch/jz4721/Post-prediction-Causal-Inference/venv/lib/python3.8/site-packages/numpy/core/getlimits.py:518: UserWarning: The value of the smallest subnormal for <class 'numpy.float64'> type is zero.
  setattr(self, word, getattr(machar, word).flat[0])
/scratch/jz4721/Post-prediction-Causal-Inference/venv/lib/python3.8/site-packages/numpy/core/getlimits.py:89: UserWarning: The value of the smallest subnormal for <class 'numpy.float64'> type is zero.
  return self._float_to_str(self.smallest_subnormal)
/scratch/jz4721/Post-prediction-Causal-Inference/venv/lib/python3.8/site-packages/numpy/core/getlimits.py:518: UserWarning: The value of the smallest subnormal for <class 'numpy.float32'> type is zero.
  setattr(self, word, getattr(machar, word).flat[0])
/scratch/jz4721/Post-prediction-Causal-Inference/venv/lib/python3.8/site-packages/numpy/core/getlimits.py:89: UserWarning: The value of the smallest subnormal for <class 'numpy.float32'> type is zero.
  return self._float_to_str(self.smallest_subnormal)
Begin
Training start
t1_obs:[array(90941.), array(83281.), array(66934.)] t2_obs:[array(89986.), array(81391.), array(67696.)]
corr_G1:[None, None, 0] corr_G2:[None, None, -2.4969078420402517e-17]
Training end
Task is 0.00% complete.
t1_sim:[68716. 70149. 67227.] t2_sim:[65225. 64082. 65831.]
Task is 1.00% complete.
t1_sim:[60216. 60806. 60479.] t2_sim:[61143. 62021. 61306.]
Task is 2.00% complete.
t1_sim:[56398. 57444. 57706.] t2_sim:[61270. 60626. 64659.]
Task is 3.00% complete.
t1_sim:[62562. 62139. 62210.] t2_sim:[66811. 66432. 65494.]
Task is 4.00% complete.
t1_sim:[64757. 65540. 66388.] t2_sim:[65277. 65622. 65333.]
Task is 5.00% complete.
t1_sim:[60232. 61198. 59869.] t2_sim:[60717. 60468. 65075.]
Task is 6.00% complete.
t1_sim:[70225. 69706. 68378.] t2_sim:[62624. 60972. 63865.]
Task is 7.00% complete.
t1_sim:[66347. 67893. 69078.] t2_sim:[65712. 65441. 63036.]
Task is 8.00% complete.
t1_sim:[66626. 67616. 64915.] t2_sim:[63748. 62990. 62528.]
Task is 9.00% complete.
t1_sim:[56815. 57976. 56041.] t2_sim:[59464. 60818. 60458.]
Task is 10.00% complete.
t1_sim:[58419. 57645. 58416.] t2_sim:[68140. 68081. 65926.]
Task is 11.00% complete.
t1_sim:[63210. 63135. 64993.] t2_sim:[60190. 61029. 61641.]
Task is 12.00% complete.
t1_sim:[63353. 62792. 65921.] t2_sim:[66557. 64273. 64599.]
Task is 13.00% complete.
t1_sim:[61389. 60750. 64465.] t2_sim:[62672. 61111. 60305.]
Task is 14.00% complete.
t1_sim:[69467. 68396. 66877.] t2_sim:[64292. 62476. 61662.]
Task is 15.00% complete.
t1_sim:[57577. 58533. 58906.] t2_sim:[65710. 64609. 65729.]
Task is 16.00% complete.
t1_sim:[65948. 64929. 66432.] t2_sim:[59143. 59753. 60301.]
Task is 17.00% complete.
t1_sim:[69378. 70811. 68689.] t2_sim:[61872. 61237. 62510.]
Task is 18.00% complete.
t1_sim:[62724. 63164. 59937.] t2_sim:[59818. 58617. 60333.]
Task is 19.00% complete.
t1_sim:[63196. 62986. 61534.] t2_sim:[67325. 66360. 66560.]
Task is 20.00% complete.
t1_sim:[62403. 61817. 62178.] t2_sim:[59400. 61652. 61150.]
Task is 21.00% complete.
t1_sim:[65991. 66493. 67184.] t2_sim:[58790. 59011. 59198.]
Task is 22.00% complete.
t1_sim:[60936. 62783. 62809.] t2_sim:[60048. 61202. 59054.]
Task is 23.00% complete.
t1_sim:[58474. 58194. 55948.] t2_sim:[68428. 68373. 66399.]
Task is 24.00% complete.
t1_sim:[65242. 65032. 65736.] t2_sim:[65837. 65313. 66352.]
Task is 25.00% complete.
t1_sim:[64028. 63749. 64641.] t2_sim:[63195. 63880. 62274.]
Task is 26.00% complete.
t1_sim:[65363. 64493. 62861.] t2_sim:[62572. 62505. 60181.]
Task is 27.00% complete.
t1_sim:[62901. 62987. 61765.] t2_sim:[66996. 66993. 65377.]
Task is 28.00% complete.
t1_sim:[59534. 59258. 60393.] t2_sim:[63085. 63373. 62925.]
Task is 29.00% complete.
t1_sim:[60133. 60510. 61896.] t2_sim:[63492. 61688. 64421.]
Task is 30.00% complete.
t1_sim:[64319. 65388. 64504.] t2_sim:[62235. 61057. 62005.]
Task is 31.00% complete.
t1_sim:[64364. 64176. 63525.] t2_sim:[57054. 58669. 57372.]
Task is 32.00% complete.
t1_sim:[59529. 59203. 62572.] t2_sim:[70836. 70190. 70136.]
Task is 33.00% complete.
t1_sim:[66262. 63710. 67073.] t2_sim:[59157. 57876. 57928.]
Task is 34.00% complete.
t1_sim:[63455. 64784. 62508.] t2_sim:[60177. 61048. 58985.]
Task is 35.00% complete.
t1_sim:[59057. 59625. 58045.] t2_sim:[59747. 59074. 58230.]
Task is 36.00% complete.
t1_sim:[63524. 64290. 66860.] t2_sim:[67909. 67951. 66459.]
Task is 37.00% complete.
t1_sim:[68647. 70187. 66891.] t2_sim:[63494. 64204. 60203.]
Task is 38.00% complete.
t1_sim:[58167. 57466. 59081.] t2_sim:[66893. 67611. 64191.]
Task is 39.00% complete.
t1_sim:[63422. 63123. 63018.] t2_sim:[62653. 62003. 62212.]
Task is 40.00% complete.
t1_sim:[67195. 67171. 66284.] t2_sim:[64499. 65753. 67880.]
Task is 41.00% complete.
t1_sim:[60101. 60628. 60250.] t2_sim:[66432. 67273. 67891.]
Task is 42.00% complete.
t1_sim:[62666. 62499. 62037.] t2_sim:[60064. 59545. 57412.]
Task is 43.00% complete.
t1_sim:[62228. 62626. 59058.] t2_sim:[66594. 66614. 67990.]
Task is 44.00% complete.
t1_sim:[67170. 65400. 62130.] t2_sim:[59644. 57859. 58127.]
Task is 45.00% complete.
t1_sim:[63556. 62878. 63650.] t2_sim:[67738. 67908. 66588.]
Task is 46.00% complete.
t1_sim:[67225. 67215. 66684.] t2_sim:[66702. 67311. 67449.]
Task is 47.00% complete.
t1_sim:[61362. 61970. 64484.] t2_sim:[64725. 66099. 62590.]
Task is 48.00% complete.
t1_sim:[62090. 62528. 62320.] t2_sim:[58103. 58102. 57004.]
Task is 49.00% complete.
t1_sim:[63893. 63508. 61503.] t2_sim:[65836. 66108. 64671.]
Task is 50.00% complete.
t1_sim:[61192. 61197. 64980.] t2_sim:[61744. 60886. 59157.]
Task is 51.00% complete.
t1_sim:[63041. 63929. 63577.] t2_sim:[61391. 59873. 65305.]
Task is 52.00% complete.
t1_sim:[63984. 63801. 65028.] t2_sim:[63321. 62130. 63783.]
Task is 53.00% complete.
t1_sim:[67075. 66745. 68012.] t2_sim:[63623. 63694. 61745.]
Task is 54.00% complete.
t1_sim:[65225. 64548. 64854.] t2_sim:[66530. 65989. 68004.]
Task is 55.00% complete.
t1_sim:[61679. 62675. 58158.] t2_sim:[61315. 62273. 65612.]
Task is 56.00% complete.
t1_sim:[63021. 63531. 63651.] t2_sim:[65802. 64707. 65258.]
Task is 57.00% complete.
t1_sim:[61420. 61305. 62468.] t2_sim:[67739. 68569. 67455.]
Task is 58.00% complete.
t1_sim:[60680. 58993. 59324.] t2_sim:[61108. 60074. 60332.]
Task is 59.00% complete.
t1_sim:[65266. 65268. 63108.] t2_sim:[58733. 59370. 60198.]
Task is 60.00% complete.
t1_sim:[60771. 60764. 61132.] t2_sim:[64661. 64431. 62357.]
Task is 61.00% complete.
t1_sim:[61127. 61875. 59202.] t2_sim:[61084. 61809. 60179.]
Task is 62.00% complete.
t1_sim:[63728. 62631. 63463.] t2_sim:[62086. 61890. 61739.]
Task is 63.00% complete.
t1_sim:[61485. 60662. 59699.] t2_sim:[66881. 66672. 70710.]
Task is 64.00% complete.
t1_sim:[59556. 60614. 60214.] t2_sim:[61695. 61282. 64902.]
Task is 65.00% complete.
t1_sim:[55848. 55665. 59099.] t2_sim:[64490. 64907. 65283.]
Task is 66.00% complete.
t1_sim:[63111. 62787. 65099.] t2_sim:[65387. 65471. 63145.]
Task is 67.00% complete.
t1_sim:[65248. 64645. 67327.] t2_sim:[62893. 63242. 65230.]
Task is 68.00% complete.
t1_sim:[63914. 64037. 64472.] t2_sim:[66701. 66393. 67535.]
Task is 69.00% complete.
t1_sim:[57905. 58218. 59336.] t2_sim:[65915. 67143. 67415.]
Task is 70.00% complete.
t1_sim:[61646. 61738. 61961.] t2_sim:[65128. 64096. 65788.]
Task is 71.00% complete.
t1_sim:[66310. 66023. 64809.] t2_sim:[61958. 63119. 65505.]
Task is 72.00% complete.
t1_sim:[62769. 62499. 63946.] t2_sim:[66348. 67659. 63483.]
Task is 73.00% complete.
t1_sim:[69461. 68112. 67639.] t2_sim:[63507. 62383. 62418.]
Task is 74.00% complete.
t1_sim:[57350. 57767. 58336.] t2_sim:[68305. 69061. 68316.]
Task is 75.00% complete.
t1_sim:[57902. 58202. 64450.] t2_sim:[68228. 68316. 68447.]
Task is 76.00% complete.
t1_sim:[64015. 64292. 64177.] t2_sim:[70492. 71630. 71463.]
Task is 77.00% complete.
t1_sim:[59503. 60301. 59248.] t2_sim:[58577. 59672. 56085.]
Task is 78.00% complete.
t1_sim:[62473. 63149. 61897.] t2_sim:[59859. 60657. 60442.]
Task is 79.00% complete.
t1_sim:[59785. 59313. 60828.] t2_sim:[62161. 63935. 64565.]
Task is 80.00% complete.
t1_sim:[60273. 60755. 59385.] t2_sim:[65786. 65980. 66722.]
Task is 81.00% complete.
t1_sim:[66407. 65611. 64638.] t2_sim:[60909. 61910. 62171.]
Task is 82.00% complete.
t1_sim:[68848. 68785. 65968.] t2_sim:[62367. 62626. 65699.]
Task is 83.00% complete.
t1_sim:[58746. 58405. 57943.] t2_sim:[62822. 62021. 63196.]
Task is 84.00% complete.
t1_sim:[61665. 63597. 66061.] t2_sim:[69168. 69217. 68580.]
Task is 85.00% complete.
t1_sim:[59520. 58997. 62739.] t2_sim:[55359. 55173. 58367.]
Task is 86.00% complete.
t1_sim:[68726. 67756. 67854.] t2_sim:[63390. 62008. 59882.]
Task is 87.00% complete.
t1_sim:[59580. 59083. 58420.] t2_sim:[56916. 56101. 57847.]
Task is 88.00% complete.
t1_sim:[58302. 59266. 56728.] t2_sim:[62945. 62812. 64336.]
Task is 89.00% complete.
t1_sim:[67877. 67466. 67069.] t2_sim:[62574. 62941. 62826.]
Task is 90.00% complete.
t1_sim:[61703. 62029. 62110.] t2_sim:[67402. 68123. 66664.]
Task is 91.00% complete.
t1_sim:[60041. 59748. 60378.] t2_sim:[58306. 59046. 58594.]
Task is 92.00% complete.
t1_sim:[61910. 62554. 59052.] t2_sim:[60475. 59752. 60619.]
Task is 93.00% complete.
t1_sim:[62842. 63449. 62613.] t2_sim:[65071. 64395. 64714.]
Task is 94.00% complete.
t1_sim:[62618. 62608. 64518.] t2_sim:[67472. 67754. 68371.]
Task is 95.00% complete.
t1_sim:[58626. 59649. 58575.] t2_sim:[62796. 63286. 64550.]
Task is 96.00% complete.
t1_sim:[65880. 64767. 65310.] t2_sim:[68903. 68833. 67157.]
Task is 97.00% complete.
t1_sim:[68536. 69314. 63476.] t2_sim:[58752. 60213. 57890.]
Task is 98.00% complete.
t1_sim:[61334. 61867. 62337.] t2_sim:[59579. 60594. 58725.]
Task is 99.00% complete.
t1_sim:[64835. 63826. 60107.] t2_sim:[61273. 60028. 59649.]
Training start
t1_obs:[array(90941.), array(83281.), array(74369.)] t2_obs:[array(89986.), array(81391.), array(72257.)]
corr_G1:[None, None, 0.8513208323534863] corr_G2:[None, None, 0.9679552758484153]
Training end
Task is 0.00% complete.
t1_sim:[62652. 63122. 62376.] t2_sim:[67740. 66626. 66293.]
Task is 1.00% complete.
t1_sim:[60187. 59584. 58938.] t2_sim:[61346. 60556. 61212.]
Task is 2.00% complete.
t1_sim:[62074. 63126. 59590.] t2_sim:[56017. 55362. 55278.]
Task is 3.00% complete.
t1_sim:[62962. 63073. 61512.] t2_sim:[65328. 66207. 65239.]
Task is 4.00% complete.
t1_sim:[67795. 67416. 66808.] t2_sim:[66696. 66902. 66702.]
Task is 5.00% complete.
t1_sim:[58795. 58929. 57220.] t2_sim:[64014. 63958. 66079.]
Task is 6.00% complete.
t1_sim:[64469. 64370. 64909.] t2_sim:[61266. 61574. 60066.]
Task is 7.00% complete.
t1_sim:[63583. 63591. 64405.] t2_sim:[63908. 64320. 62806.]
Task is 8.00% complete.
t1_sim:[60417. 60300. 61877.] t2_sim:[62712. 60316. 61718.]
Task is 9.00% complete.
t1_sim:[65077. 64756. 63077.] t2_sim:[55472. 53941. 53936.]
Task is 10.00% complete.
t1_sim:[65670. 64138. 63159.] t2_sim:[66545. 65701. 64144.]
Task is 11.00% complete.
t1_sim:[61727. 60847. 61586.] t2_sim:[63316. 63201. 62328.]
Task is 12.00% complete.
t1_sim:[62206. 61978. 60726.] t2_sim:[66070. 66648. 65489.]
Task is 13.00% complete.
t1_sim:[62041. 61430. 58939.] t2_sim:[64377. 65073. 65610.]
Task is 14.00% complete.
t1_sim:[62060. 60632. 60549.] t2_sim:[67158. 66704. 67066.]
Task is 15.00% complete.
t1_sim:[62090. 61504. 62012.] t2_sim:[61978. 61408. 62647.]
Task is 16.00% complete.
t1_sim:[63870. 63295. 60916.] t2_sim:[64280. 65567. 64222.]
Task is 17.00% complete.
t1_sim:[64061. 63610. 63222.] t2_sim:[61185. 61930. 62427.]
Task is 18.00% complete.
t1_sim:[61206. 62068. 60054.] t2_sim:[62964. 62320. 61444.]
Task is 19.00% complete.
t1_sim:[63310. 62402. 59796.] t2_sim:[61149. 61180. 60527.]
Task is 20.00% complete.
t1_sim:[61422. 60520. 59268.] t2_sim:[65881. 66075. 66624.]
Task is 21.00% complete.
t1_sim:[64045. 64448. 63731.] t2_sim:[62941. 62846. 65230.]
Task is 22.00% complete.
t1_sim:[64346. 64386. 62882.] t2_sim:[63854. 63507. 64807.]
Task is 23.00% complete.
t1_sim:[66751. 65927. 64029.] t2_sim:[62155. 62244. 62630.]
Task is 24.00% complete.
t1_sim:[64421. 62755. 60886.] t2_sim:[71760. 72353. 71462.]
Task is 25.00% complete.
t1_sim:[68666. 68703. 67424.] t2_sim:[59134. 59572. 61102.]
Task is 26.00% complete.
t1_sim:[61342. 61859. 61360.] t2_sim:[64595. 65747. 65394.]
Task is 27.00% complete.
t1_sim:[60336. 61395. 59783.] t2_sim:[63641. 64158. 62044.]
Task is 28.00% complete.
t1_sim:[65761. 64698. 62979.] t2_sim:[60295. 61420. 62634.]
Task is 29.00% complete.
t1_sim:[65110. 65283. 62604.] t2_sim:[67232. 66491. 67430.]
Task is 30.00% complete.
t1_sim:[62419. 62156. 62668.] t2_sim:[56160. 54824. 53468.]
Task is 31.00% complete.
t1_sim:[64903. 64140. 62834.] t2_sim:[58464. 58627. 59843.]
Task is 32.00% complete.
t1_sim:[66941. 67004. 65482.] t2_sim:[62458. 63065. 63625.]
Task is 33.00% complete.
t1_sim:[70704. 70102. 67846.] t2_sim:[65600. 65551. 65044.]
Task is 34.00% complete.
t1_sim:[61840. 61649. 60776.] t2_sim:[62340. 61787. 62269.]
Task is 35.00% complete.
t1_sim:[56990. 56341. 55329.] t2_sim:[59081. 58621. 60163.]
Task is 36.00% complete.
t1_sim:[65887. 64114. 63345.] t2_sim:[66573. 66295. 67152.]
Task is 37.00% complete.
t1_sim:[58614. 59133. 58027.] t2_sim:[62593. 61195. 62897.]
Task is 38.00% complete.
t1_sim:[66940. 67499. 65604.] t2_sim:[61257. 60508. 59198.]
Task is 39.00% complete.
t1_sim:[60305. 60280. 60137.] t2_sim:[56828. 57064. 58327.]
Task is 40.00% complete.
t1_sim:[64397. 64880. 64089.] t2_sim:[67191. 67130. 67167.]
Task is 41.00% complete.
t1_sim:[62172. 62431. 63856.] t2_sim:[66801. 67538. 67695.]
Task is 42.00% complete.
t1_sim:[63704. 62315. 58403.] t2_sim:[67553. 66916. 68048.]
Task is 43.00% complete.
t1_sim:[63129. 64654. 62932.] t2_sim:[61938. 61730. 61680.]
Task is 44.00% complete.
t1_sim:[63279. 65339. 64929.] t2_sim:[59484. 60421. 60475.]
Task is 45.00% complete.
t1_sim:[62289. 62716. 60572.] t2_sim:[62175. 62988. 62899.]
Task is 46.00% complete.
t1_sim:[60062. 60053. 58990.] t2_sim:[62299. 62714. 63168.]
Task is 47.00% complete.
t1_sim:[61013. 60814. 60062.] t2_sim:[62217. 62604. 63033.]
Task is 48.00% complete.
t1_sim:[60648. 60403. 59421.] t2_sim:[59019. 59908. 60551.]
Task is 49.00% complete.
t1_sim:[65128. 64002. 61203.] t2_sim:[64851. 63001. 62230.]
Task is 50.00% complete.
t1_sim:[59346. 60714. 58101.] t2_sim:[55475. 55863. 57421.]
Task is 51.00% complete.
t1_sim:[68957. 68713. 67053.] t2_sim:[64268. 63276. 62484.]
Task is 52.00% complete.
t1_sim:[63539. 62135. 61358.] t2_sim:[63952. 64769. 65175.]
Task is 53.00% complete.
t1_sim:[72232. 72344. 71399.] t2_sim:[63026. 62163. 61029.]
Task is 54.00% complete.
t1_sim:[60550. 60274. 57594.] t2_sim:[63179. 63736. 63459.]
Task is 55.00% complete.
t1_sim:[60001. 60688. 60358.] t2_sim:[57358. 56696. 56425.]
Task is 56.00% complete.
t1_sim:[64550. 64307. 63642.] t2_sim:[60321. 59868. 60418.]
Task is 57.00% complete.
t1_sim:[64081. 62851. 60811.] t2_sim:[58010. 57742. 58165.]
Task is 58.00% complete.
t1_sim:[61307. 62089. 60869.] t2_sim:[63967. 64284. 64535.]
Task is 59.00% complete.
t1_sim:[59965. 60011. 59645.] t2_sim:[59240. 60397. 59778.]
Task is 60.00% complete.
t1_sim:[56052. 55285. 55003.] t2_sim:[62989. 64671. 64108.]
Task is 61.00% complete.
t1_sim:[58277. 58481. 58293.] t2_sim:[62484. 62901. 64639.]
Task is 62.00% complete.
t1_sim:[64274. 63604. 61936.] t2_sim:[65160. 64845. 64150.]
Task is 63.00% complete.
t1_sim:[59989. 59969. 58207.] t2_sim:[60326. 61445. 61643.]
Task is 64.00% complete.
t1_sim:[64793. 65266. 62085.] t2_sim:[62752. 63605. 63675.]
Task is 65.00% complete.
t1_sim:[61490. 60050. 60069.] t2_sim:[59179. 59300. 60270.]
Task is 66.00% complete.
t1_sim:[63772. 64159. 63066.] t2_sim:[60959. 60823. 61588.]
Task is 67.00% complete.
t1_sim:[59382. 59867. 57361.] t2_sim:[59180. 59282. 59551.]
Task is 68.00% complete.
t1_sim:[63087. 61581. 61937.] t2_sim:[60022. 60809. 60254.]
Task is 69.00% complete.
t1_sim:[64528. 65332. 63072.] t2_sim:[61070. 62902. 64585.]
Task is 70.00% complete.
t1_sim:[66025. 66478. 65485.] t2_sim:[56038. 55566. 55453.]
Task is 71.00% complete.
t1_sim:[60705. 61621. 61178.] t2_sim:[60465. 60307. 60114.]
Task is 72.00% complete.
t1_sim:[66519. 65563. 63468.] t2_sim:[55036. 56023. 55736.]
Task is 73.00% complete.
t1_sim:[61850. 61992. 61282.] t2_sim:[64740. 64047. 63343.]
Task is 74.00% complete.
t1_sim:[60379. 63174. 61360.] t2_sim:[64738. 65606. 63113.]
Task is 75.00% complete.
t1_sim:[65077. 66256. 65330.] t2_sim:[67719. 66482. 66154.]
Task is 76.00% complete.
t1_sim:[58183. 58707. 58036.] t2_sim:[63173. 63937. 63031.]
Task is 77.00% complete.
t1_sim:[62698. 63660. 62933.] t2_sim:[59010. 57892. 60244.]
Task is 78.00% complete.
t1_sim:[58163. 59042. 59672.] t2_sim:[65713. 65677. 63127.]
Task is 79.00% complete.
t1_sim:[62651. 63632. 60533.] t2_sim:[61776. 63361. 64257.]
Task is 80.00% complete.
t1_sim:[61780. 61165. 59849.] t2_sim:[62433. 62773. 64215.]
Task is 81.00% complete.
t1_sim:[62125. 62317. 61275.] t2_sim:[60883. 62033. 62662.]
Task is 82.00% complete.
t1_sim:[60160. 59561. 57529.] t2_sim:[64907. 66398. 63350.]
Task is 83.00% complete.
t1_sim:[63367. 63853. 62238.] t2_sim:[60637. 60922. 59982.]
Task is 84.00% complete.
t1_sim:[61911. 62033. 59884.] t2_sim:[63232. 61454. 59999.]
Task is 85.00% complete.
t1_sim:[63300. 63214. 62966.] t2_sim:[59651. 59542. 57994.]
Task is 86.00% complete.
t1_sim:[66759. 66282. 64556.] t2_sim:[67396. 68233. 68423.]
Task is 87.00% complete.
t1_sim:[68531. 68297. 65706.] t2_sim:[59548. 60113. 57947.]
Task is 88.00% complete.
t1_sim:[61957. 61322. 60763.] t2_sim:[64254. 64244. 66261.]
Task is 89.00% complete.
t1_sim:[65178. 66199. 65173.] t2_sim:[60533. 59249. 59681.]
Task is 90.00% complete.
t1_sim:[63010. 63111. 61938.] t2_sim:[60015. 60265. 60138.]
Task is 91.00% complete.
t1_sim:[64018. 64214. 63673.] t2_sim:[57808. 56743. 56262.]
Task is 92.00% complete.
t1_sim:[64952. 64362. 61779.] t2_sim:[59882. 60665. 60693.]
Task is 93.00% complete.
t1_sim:[68497. 68691. 68015.] t2_sim:[59285. 59466. 58890.]
Task is 94.00% complete.
t1_sim:[69975. 70498. 68526.] t2_sim:[63439. 62650. 61391.]
Task is 95.00% complete.
t1_sim:[64252. 65009. 63019.] t2_sim:[64737. 65306. 63690.]
Task is 96.00% complete.
t1_sim:[59400. 59276. 59655.] t2_sim:[61738. 61857. 61082.]
Task is 97.00% complete.
t1_sim:[61724. 61289. 60995.] t2_sim:[62375. 61697. 60489.]
Task is 98.00% complete.
t1_sim:[66084. 66205. 65861.] t2_sim:[64978. 64041. 65292.]
Task is 99.00% complete.
t1_sim:[61447. 61893. 60428.] t2_sim:[67407. 68245. 68652.]
Training start
t1_obs:[array(90941.), array(83281.), array(67860.)] t2_obs:[array(89986.), array(81391.), array(70318.)]
corr_G1:[None, None, 0.268461265948907] corr_G2:[None, None, 0.08677399051472928]
Training end
Task is 0.00% complete.
t1_sim:[58914. 58626. 59221.] t2_sim:[54099. 54279. 55378.]
Task is 1.00% complete.
t1_sim:[57579. 57407. 57880.] t2_sim:[59304. 59678. 61352.]
Task is 2.00% complete.
t1_sim:[69474. 67273. 65103.] t2_sim:[56139. 55584. 54500.]
Task is 3.00% complete.
t1_sim:[62415. 61952. 61947.] t2_sim:[66745. 65683. 66799.]
Task is 4.00% complete.
t1_sim:[58400. 58007. 57642.] t2_sim:[59076. 60230. 59743.]
Task is 5.00% complete.
t1_sim:[63100. 61587. 60570.] t2_sim:[65734. 65367. 65800.]
Task is 6.00% complete.
t1_sim:[56566. 56622. 58799.] t2_sim:[64647. 64095. 61402.]
Task is 7.00% complete.
t1_sim:[64921. 65609. 64118.] t2_sim:[64878. 63746. 63915.]
Task is 8.00% complete.
t1_sim:[58308. 59902. 58439.] t2_sim:[59366. 60345. 60275.]
Task is 9.00% complete.
t1_sim:[58505. 57991. 57416.] t2_sim:[64302. 62953. 61809.]
Task is 10.00% complete.
t1_sim:[63989. 64876. 63679.] t2_sim:[61407. 61201. 59801.]
Task is 11.00% complete.
t1_sim:[65362. 64567. 63522.] t2_sim:[67340. 68002. 65089.]
Task is 12.00% complete.
t1_sim:[63874. 63055. 65747.] t2_sim:[64695. 63492. 62040.]
Task is 13.00% complete.
t1_sim:[63333. 63405. 63092.] t2_sim:[66295. 64980. 64161.]
Task is 14.00% complete.
t1_sim:[61429. 61609. 62615.] t2_sim:[58242. 59701. 60609.]
Task is 15.00% complete.
t1_sim:[63929. 63241. 62295.] t2_sim:[62447. 63091. 62106.]
Task is 16.00% complete.
t1_sim:[60603. 60441. 61831.] t2_sim:[62505. 62091. 62189.]
Task is 17.00% complete.
t1_sim:[65568. 64382. 60522.] t2_sim:[61979. 63652. 60867.]
Task is 18.00% complete.
t1_sim:[66780. 66160. 64752.] t2_sim:[64117. 63854. 61533.]
Task is 19.00% complete.
t1_sim:[62436. 63026. 63098.] t2_sim:[63109. 63030. 62409.]
Task is 20.00% complete.
t1_sim:[66138. 64483. 63888.] t2_sim:[64619. 65660. 64685.]
Task is 21.00% complete.
t1_sim:[61010. 59905. 59218.] t2_sim:[63955. 65222. 63518.]
Task is 22.00% complete.
t1_sim:[60591. 60046. 58583.] t2_sim:[59964. 60398. 61307.]
Task is 23.00% complete.
t1_sim:[63153. 64173. 64496.] t2_sim:[58309. 59480. 60485.]
Task is 24.00% complete.
t1_sim:[59212. 58924. 61050.] t2_sim:[64187. 65892. 62698.]
Task is 25.00% complete.
t1_sim:[63697. 63390. 63376.] t2_sim:[58794. 57659. 56810.]
Task is 26.00% complete.
t1_sim:[64385. 64707. 64360.] t2_sim:[64056. 63306. 62289.]
Task is 27.00% complete.
t1_sim:[62135. 61038. 62353.] t2_sim:[63598. 63334. 61454.]
Task is 28.00% complete.
t1_sim:[60870. 60894. 61256.] t2_sim:[64868. 62945. 59872.]
Task is 29.00% complete.
t1_sim:[65258. 64252. 63664.] t2_sim:[63887. 62774. 61963.]
Task is 30.00% complete.
t1_sim:[64102. 62434. 61694.] t2_sim:[58551. 57246. 56107.]
Task is 31.00% complete.
t1_sim:[67082. 67382. 65714.] t2_sim:[61400. 62200. 60891.]
Task is 32.00% complete.
t1_sim:[60206. 61321. 61195.] t2_sim:[59889. 59232. 57774.]
Task is 33.00% complete.
t1_sim:[67568. 66778. 68295.] t2_sim:[64002. 64216. 62076.]
Task is 34.00% complete.
t1_sim:[57561. 57679. 59624.] t2_sim:[61494. 61747. 62374.]
Task is 35.00% complete.
t1_sim:[68136. 68703. 67127.] t2_sim:[61539. 61418. 60765.]
Task is 36.00% complete.
t1_sim:[67450. 67783. 69139.] t2_sim:[65004. 66192. 67353.]
Task is 37.00% complete.
t1_sim:[67095. 65629. 65276.] t2_sim:[63348. 62542. 60792.]
Task is 38.00% complete.
t1_sim:[65468. 66299. 65528.] t2_sim:[60947. 60627. 59428.]
Task is 39.00% complete.
t1_sim:[58918. 57653. 58800.] t2_sim:[60458. 61700. 61683.]
Task is 40.00% complete.
t1_sim:[61036. 61628. 63291.] t2_sim:[64817. 63839. 62828.]
Task is 41.00% complete.
t1_sim:[64302. 64695. 65315.] t2_sim:[60245. 60695. 59745.]
Task is 42.00% complete.
t1_sim:[62334. 62670. 62768.] t2_sim:[60130. 60540. 61390.]
Task is 43.00% complete.
t1_sim:[59658. 59153. 56623.] t2_sim:[66039. 66314. 65757.]
Task is 44.00% complete.
t1_sim:[66257. 66659. 67796.] t2_sim:[63028. 62906. 62427.]
Task is 45.00% complete.
t1_sim:[64196. 63679. 63382.] t2_sim:[59858. 59724. 60307.]
Task is 46.00% complete.
t1_sim:[65439. 66551. 66180.] t2_sim:[55538. 55786. 54017.]
Task is 47.00% complete.
t1_sim:[55879. 57836. 58229.] t2_sim:[62780. 63193. 62806.]
Task is 48.00% complete.
t1_sim:[61157. 60243. 58329.] t2_sim:[62666. 62043. 63193.]
Task is 49.00% complete.
t1_sim:[60669. 61230. 62197.] t2_sim:[71145. 71844. 68575.]
Task is 50.00% complete.
t1_sim:[61508. 60382. 61263.] t2_sim:[65528. 65832. 64443.]
Task is 51.00% complete.
t1_sim:[62499. 62648. 65021.] t2_sim:[66436. 65610. 65437.]
Task is 52.00% complete.
t1_sim:[67126. 65990. 64916.] t2_sim:[63946. 64550. 63956.]
Task is 53.00% complete.
t1_sim:[65279. 66550. 67321.] t2_sim:[60107. 61381. 60443.]
Task is 54.00% complete.
t1_sim:[67290. 67559. 66324.] t2_sim:[64829. 64831. 64695.]
Task is 55.00% complete.
t1_sim:[64968. 64670. 66177.] t2_sim:[64377. 62023. 61990.]
Task is 56.00% complete.
t1_sim:[62095. 63561. 63442.] t2_sim:[59589. 60528. 62263.]
Task is 57.00% complete.
t1_sim:[60362. 60696. 60678.] t2_sim:[64951. 65123. 62118.]
Task is 58.00% complete.
t1_sim:[60314. 60470. 59070.] t2_sim:[63852. 64968. 63628.]
Task is 59.00% complete.
t1_sim:[58220. 59608. 59745.] t2_sim:[61582. 62935. 62372.]
Task is 60.00% complete.
t1_sim:[63552. 64796. 64936.] t2_sim:[58581. 57418. 56633.]
Task is 61.00% complete.
t1_sim:[62196. 64020. 67826.] t2_sim:[67298. 67438. 66546.]
Task is 62.00% complete.
t1_sim:[59043. 59062. 57556.] t2_sim:[61597. 61241. 61354.]
Task is 63.00% complete.
t1_sim:[66226. 66520. 66449.] t2_sim:[59402. 59196. 59176.]
Task is 64.00% complete.
t1_sim:[59289. 57794. 59287.] t2_sim:[67078. 67314. 64115.]
Task is 65.00% complete.
t1_sim:[63029. 63373. 64097.] t2_sim:[58827. 58390. 58548.]
Task is 66.00% complete.
t1_sim:[71528. 72787. 71297.] t2_sim:[60770. 60264. 60605.]
Task is 67.00% complete.
t1_sim:[65089. 64817. 66821.] t2_sim:[61545. 61607. 61749.]
Task is 68.00% complete.
t1_sim:[59675. 60101. 61605.] t2_sim:[65802. 63765. 60791.]
Task is 69.00% complete.
t1_sim:[62030. 61782. 61253.] t2_sim:[63993. 63232. 61996.]
Task is 70.00% complete.
t1_sim:[69807. 69532. 69136.] t2_sim:[65874. 66375. 67031.]
Task is 71.00% complete.
t1_sim:[66011. 66587. 65974.] t2_sim:[60289. 60725. 59982.]
Task is 72.00% complete.
t1_sim:[63188. 63514. 62921.] t2_sim:[62224. 60807. 61273.]
Task is 73.00% complete.
t1_sim:[68127. 69513. 68811.] t2_sim:[65519. 64937. 64701.]
Task is 74.00% complete.
t1_sim:[67096. 66537. 66535.] t2_sim:[63033. 62200. 59381.]
Task is 75.00% complete.
t1_sim:[66686. 67141. 65518.] t2_sim:[58344. 58737. 56862.]
Task is 76.00% complete.
t1_sim:[60270. 60559. 58675.] t2_sim:[60883. 60428. 60775.]
Task is 77.00% complete.
t1_sim:[60362. 59718. 59153.] t2_sim:[56326. 57006. 54738.]
Task is 78.00% complete.
t1_sim:[61623. 62250. 61861.] t2_sim:[68161. 66529. 65975.]
Task is 79.00% complete.
t1_sim:[60371. 60585. 61843.] t2_sim:[59919. 58636. 58490.]
Task is 80.00% complete.
t1_sim:[59730. 59326. 58602.] t2_sim:[60610. 61078. 62538.]
Task is 81.00% complete.
t1_sim:[64272. 64349. 63561.] t2_sim:[61271. 61396. 60619.]
Task is 82.00% complete.
t1_sim:[60400. 60302. 62653.] t2_sim:[61723. 59784. 59934.]
Task is 83.00% complete.
t1_sim:[67001. 66761. 66698.] t2_sim:[56619. 57515. 57662.]
Task is 84.00% complete.
t1_sim:[62890. 61765. 60065.] t2_sim:[62388. 62549. 58810.]
Task is 85.00% complete.
t1_sim:[60561. 61451. 59139.] t2_sim:[68997. 67490. 64940.]
Task is 86.00% complete.
t1_sim:[62382. 62626. 61134.] t2_sim:[66889. 66945. 64702.]
Task is 87.00% complete.
t1_sim:[64409. 63926. 65549.] t2_sim:[62617. 62975. 62627.]
Task is 88.00% complete.
t1_sim:[61517. 60430. 58991.] t2_sim:[62994. 64235. 63649.]
Task is 89.00% complete.
t1_sim:[57273. 57212. 60199.] t2_sim:[66495. 67850. 68565.]
Task is 90.00% complete.
t1_sim:[60477. 60530. 61806.] t2_sim:[61035. 60093. 60247.]
Task is 91.00% complete.
t1_sim:[60204. 60449. 61682.] t2_sim:[60460. 60862. 61174.]
Task is 92.00% complete.
t1_sim:[60150. 60190. 60334.] t2_sim:[63229. 63449. 61695.]
Task is 93.00% complete.
t1_sim:[61761. 61986. 63466.] t2_sim:[66438. 65587. 64952.]
Task is 94.00% complete.
t1_sim:[67537. 67738. 65751.] t2_sim:[58187. 57907. 56899.]
Task is 95.00% complete.
t1_sim:[64153. 63536. 62088.] t2_sim:[61059. 60620. 60808.]
Task is 96.00% complete.
t1_sim:[61648. 60857. 61479.] t2_sim:[65081. 65138. 62753.]
Task is 97.00% complete.
t1_sim:[60466. 60582. 62138.] t2_sim:[64647. 64466. 62123.]
Task is 98.00% complete.
t1_sim:[63448. 62074. 60739.] t2_sim:[69997. 71610. 69117.]
Task is 99.00% complete.
t1_sim:[61422. 62877. 63306.] t2_sim:[64254. 63756. 63211.]
Finished
