/scratch/jz4721/Post-prediction-Causal-Inference/venv/lib/python3.8/site-packages/numpy/core/getlimits.py:518: UserWarning: The value of the smallest subnormal for <class 'numpy.float64'> type is zero.
  setattr(self, word, getattr(machar, word).flat[0])
/scratch/jz4721/Post-prediction-Causal-Inference/venv/lib/python3.8/site-packages/numpy/core/getlimits.py:89: UserWarning: The value of the smallest subnormal for <class 'numpy.float64'> type is zero.
  return self._float_to_str(self.smallest_subnormal)
/scratch/jz4721/Post-prediction-Causal-Inference/venv/lib/python3.8/site-packages/numpy/core/getlimits.py:518: UserWarning: The value of the smallest subnormal for <class 'numpy.float32'> type is zero.
  setattr(self, word, getattr(machar, word).flat[0])
/scratch/jz4721/Post-prediction-Causal-Inference/venv/lib/python3.8/site-packages/numpy/core/getlimits.py:89: UserWarning: The value of the smallest subnormal for <class 'numpy.float32'> type is zero.
  return self._float_to_str(self.smallest_subnormal)
Begin
Training start
t1_obs:[array(92604.), array(80424.), array(72422.)] t2_obs:[array(93993.), array(81510.), array(76336.)]
corr_G1:[None, None, 2.983080546385931e-18] corr_G2:[None, None, -1.678560546361387e-17]
Training end
Task is 0.00% complete.
t1_sim:[58602. 57453. 58223.] t2_sim:[64414. 63948. 66354.]
Task is 1.00% complete.
t1_sim:[63210. 63201. 63386.] t2_sim:[63680. 64698. 65483.]
Task is 2.00% complete.
t1_sim:[65756. 63408. 64754.] t2_sim:[65708. 66365. 66293.]
Task is 3.00% complete.
t1_sim:[61480. 61915. 62754.] t2_sim:[61067. 61770. 63339.]
Task is 4.00% complete.
t1_sim:[62675. 62694. 64289.] t2_sim:[64272. 64623. 62026.]
Task is 5.00% complete.
t1_sim:[67320. 66552. 67877.] t2_sim:[59588. 59863. 62599.]
Task is 6.00% complete.
t1_sim:[65412. 64753. 65447.] t2_sim:[59532. 58887. 58139.]
Task is 7.00% complete.
t1_sim:[65363. 65115. 62209.] t2_sim:[61075. 61170. 60121.]
Task is 8.00% complete.
t1_sim:[63516. 62946. 64145.] t2_sim:[62885. 62587. 60740.]
Task is 9.00% complete.
t1_sim:[56535. 56275. 56939.] t2_sim:[57938. 58141. 57797.]
Task is 10.00% complete.
t1_sim:[70761. 69977. 70553.] t2_sim:[62147. 62631. 62063.]
Task is 11.00% complete.
t1_sim:[66101. 65660. 67364.] t2_sim:[66318. 67322. 65911.]
Task is 12.00% complete.
t1_sim:[64373. 65251. 67654.] t2_sim:[66275. 66879. 65516.]
Task is 13.00% complete.
t1_sim:[60201. 61816. 62085.] t2_sim:[66252. 65366. 67800.]
Task is 14.00% complete.
t1_sim:[61065. 61189. 58955.] t2_sim:[64376. 63733. 63180.]
Task is 15.00% complete.
t1_sim:[62703. 61641. 59523.] t2_sim:[64980. 67087. 66098.]
Task is 16.00% complete.
t1_sim:[63818. 64087. 62832.] t2_sim:[67950. 68497. 64755.]
Task is 17.00% complete.
t1_sim:[61302. 59679. 60084.] t2_sim:[63457. 62006. 61613.]
Task is 18.00% complete.
t1_sim:[57228. 55805. 58589.] t2_sim:[61510. 62724. 62580.]
Task is 19.00% complete.
t1_sim:[59394. 60093. 59055.] t2_sim:[61762. 62277. 62588.]
Task is 20.00% complete.
t1_sim:[64265. 64903. 67110.] t2_sim:[62742. 62238. 64055.]
Task is 21.00% complete.
t1_sim:[63257. 63560. 62690.] t2_sim:[59500. 59562. 60871.]
Task is 22.00% complete.
t1_sim:[61867. 60600. 61612.] t2_sim:[59792. 60343. 61052.]
Task is 23.00% complete.
t1_sim:[58238. 56348. 57152.] t2_sim:[60758. 60842. 62755.]
Task is 24.00% complete.
t1_sim:[60829. 58204. 56511.] t2_sim:[66437. 65407. 65888.]
Task is 25.00% complete.
t1_sim:[63748. 62887. 64508.] t2_sim:[64283. 63907. 64642.]
Task is 26.00% complete.
t1_sim:[62224. 62215. 62332.] t2_sim:[57625. 57743. 59053.]
Task is 27.00% complete.
t1_sim:[62543. 63644. 62876.] t2_sim:[61972. 61573. 61954.]
Task is 28.00% complete.
t1_sim:[68543. 69926. 68092.] t2_sim:[65922. 65896. 61143.]
Task is 29.00% complete.
t1_sim:[60363. 58808. 60499.] t2_sim:[69275. 69072. 69795.]
Task is 30.00% complete.
t1_sim:[61334. 60097. 57694.] t2_sim:[57212. 55562. 54265.]
Task is 31.00% complete.
t1_sim:[59916. 61604. 59789.] t2_sim:[62658. 64910. 63839.]
Task is 32.00% complete.
t1_sim:[60593. 62372. 59788.] t2_sim:[65464. 65253. 66794.]
Task is 33.00% complete.
t1_sim:[67297. 67434. 68912.] t2_sim:[58709. 58810. 56313.]
Task is 34.00% complete.
t1_sim:[64801. 65470. 64878.] t2_sim:[55033. 55086. 56704.]
Task is 35.00% complete.
t1_sim:[58338. 56178. 58326.] t2_sim:[66173. 65347. 65593.]
Task is 36.00% complete.
t1_sim:[62555. 64771. 63973.] t2_sim:[60900. 59457. 62379.]
Task is 37.00% complete.
t1_sim:[66531. 64799. 64317.] t2_sim:[58107. 59928. 58667.]
Task is 38.00% complete.
t1_sim:[60707. 59761. 62621.] t2_sim:[65362. 62731. 62218.]
Task is 39.00% complete.
t1_sim:[58902. 60888. 60349.] t2_sim:[63630. 64996. 64187.]
Task is 40.00% complete.
t1_sim:[58924. 59292. 58744.] t2_sim:[60467. 59866. 59396.]
Task is 41.00% complete.
t1_sim:[67404. 67281. 66601.] t2_sim:[59594. 60676. 61336.]
Task is 42.00% complete.
t1_sim:[59259. 58637. 59447.] t2_sim:[68082. 65691. 67521.]
Task is 43.00% complete.
t1_sim:[61192. 60295. 63946.] t2_sim:[50277. 50785. 53663.]
Task is 44.00% complete.
t1_sim:[64670. 63977. 64800.] t2_sim:[67066. 67538. 67403.]
Task is 45.00% complete.
t1_sim:[58173. 58170. 60645.] t2_sim:[67323. 67105. 69778.]
Task is 46.00% complete.
t1_sim:[65498. 66328. 66711.] t2_sim:[58413. 58671. 59725.]
Task is 47.00% complete.
t1_sim:[66988. 65907. 65044.] t2_sim:[64863. 65013. 64645.]
Task is 48.00% complete.
t1_sim:[66886. 67056. 65833.] t2_sim:[62659. 64405. 62271.]
Task is 49.00% complete.
t1_sim:[60399. 59094. 57886.] t2_sim:[61312. 60934. 62279.]
Task is 50.00% complete.
t1_sim:[56813. 55812. 57942.] t2_sim:[60367. 58907. 62055.]
Task is 51.00% complete.
t1_sim:[64626. 65269. 64081.] t2_sim:[64303. 63555. 65032.]
Task is 52.00% complete.
t1_sim:[62040. 63124. 64881.] t2_sim:[68513. 68607. 68236.]
Task is 53.00% complete.
t1_sim:[64298. 64703. 63692.] t2_sim:[64788. 62987. 64644.]
Task is 54.00% complete.
t1_sim:[63760. 62966. 62642.] t2_sim:[62729. 62613. 62078.]
Task is 55.00% complete.
t1_sim:[61097. 62939. 61655.] t2_sim:[66168. 67526. 65516.]
Task is 56.00% complete.
t1_sim:[61574. 62420. 62713.] t2_sim:[63713. 65445. 63220.]
Task is 57.00% complete.
t1_sim:[60721. 61545. 60063.] t2_sim:[69445. 68662. 65742.]
Task is 58.00% complete.
t1_sim:[61360. 60302. 62934.] t2_sim:[63670. 64062. 62430.]
Task is 59.00% complete.
t1_sim:[63883. 64050. 63793.] t2_sim:[62535. 61652. 62838.]
Task is 60.00% complete.
t1_sim:[59254. 59563. 60195.] t2_sim:[62816. 62145. 66132.]
Task is 61.00% complete.
t1_sim:[67553. 66738. 70114.] t2_sim:[62097. 61247. 62473.]
Task is 62.00% complete.
t1_sim:[62341. 63162. 64651.] t2_sim:[64486. 63236. 63620.]
Task is 63.00% complete.
t1_sim:[62217. 61903. 60105.] t2_sim:[57531. 57133. 60489.]
Task is 64.00% complete.
t1_sim:[60117. 59909. 60057.] t2_sim:[64385. 63824. 65634.]
Task is 65.00% complete.
t1_sim:[63853. 64643. 67166.] t2_sim:[63560. 64336. 62430.]
Task is 66.00% complete.
t1_sim:[59414. 60377. 60186.] t2_sim:[63200. 64021. 62400.]
Task is 67.00% complete.
t1_sim:[59503. 62224. 63159.] t2_sim:[62058. 62957. 60309.]
Task is 68.00% complete.
t1_sim:[62097. 63340. 65212.] t2_sim:[63785. 62233. 61798.]
Task is 69.00% complete.
t1_sim:[69056. 69216. 69153.] t2_sim:[68730. 68453. 68043.]
Task is 70.00% complete.
t1_sim:[60396. 60827. 63878.] t2_sim:[66648. 64567. 65850.]
Task is 71.00% complete.
t1_sim:[65302. 63633. 64606.] t2_sim:[63069. 63406. 62381.]
Task is 72.00% complete.
t1_sim:[66566. 65603. 66703.] t2_sim:[68894. 69675. 69435.]
Task is 73.00% complete.
t1_sim:[60307. 58819. 60989.] t2_sim:[64420. 63242. 65086.]
Task is 74.00% complete.
t1_sim:[64268. 64237. 63219.] t2_sim:[65818. 63635. 64555.]
Task is 75.00% complete.
t1_sim:[59110. 60161. 59291.] t2_sim:[61806. 62052. 62447.]
Task is 76.00% complete.
t1_sim:[67179. 66706. 65241.] t2_sim:[63205. 63469. 65885.]
Task is 77.00% complete.
t1_sim:[60527. 60660. 59246.] t2_sim:[64918. 65126. 65955.]
Task is 78.00% complete.
t1_sim:[67098. 68652. 67859.] t2_sim:[63288. 65184. 62622.]
Task is 79.00% complete.
t1_sim:[61785. 62524. 59708.] t2_sim:[63965. 61056. 61119.]
Task is 80.00% complete.
t1_sim:[64685. 65093. 67241.] t2_sim:[61957. 61628. 63252.]
Task is 81.00% complete.
t1_sim:[64217. 65149. 62601.] t2_sim:[62120. 61661. 62770.]
Task is 82.00% complete.
t1_sim:[61158. 61299. 60081.] t2_sim:[63753. 68086. 62852.]
Task is 83.00% complete.
t1_sim:[63767. 63881. 64478.] t2_sim:[68834. 70415. 68381.]
Task is 84.00% complete.
t1_sim:[62556. 62588. 62741.] t2_sim:[64815. 65630. 65818.]
Task is 85.00% complete.
t1_sim:[60965. 62183. 60069.] t2_sim:[63858. 61500. 67326.]
Task is 86.00% complete.
t1_sim:[68483. 66488. 68515.] t2_sim:[62973. 64213. 63543.]
Task is 87.00% complete.
t1_sim:[60412. 60922. 63727.] t2_sim:[60647. 60192. 60899.]
Task is 88.00% complete.
t1_sim:[59496. 61606. 59538.] t2_sim:[63498. 63583. 62743.]
Task is 89.00% complete.
t1_sim:[60461. 58487. 60289.] t2_sim:[58432. 58797. 58850.]
Task is 90.00% complete.
t1_sim:[56702. 57367. 58216.] t2_sim:[56743. 58601. 56302.]
Task is 91.00% complete.
t1_sim:[67521. 67224. 66232.] t2_sim:[58027. 59575. 56866.]
Task is 92.00% complete.
t1_sim:[58217. 56894. 58224.] t2_sim:[57188. 57812. 56144.]
Task is 93.00% complete.
t1_sim:[64109. 61588. 62515.] t2_sim:[61122. 63332. 62718.]
Task is 94.00% complete.
t1_sim:[63162. 63657. 67146.] t2_sim:[60499. 62002. 61193.]
Task is 95.00% complete.
t1_sim:[63188. 62477. 61391.] t2_sim:[60526. 61478. 60425.]
Task is 96.00% complete.
t1_sim:[55188. 53877. 54123.] t2_sim:[61852. 60325. 61431.]
Task is 97.00% complete.
t1_sim:[59086. 59760. 59755.] t2_sim:[56755. 58250. 57566.]
Task is 98.00% complete.
t1_sim:[62922. 64027. 61507.] t2_sim:[60612. 61665. 59515.]
Task is 99.00% complete.
t1_sim:[66227. 66649. 66977.] t2_sim:[59575. 59507. 62311.]
Training start
t1_obs:[array(92604.), array(80424.), array(77063.)] t2_obs:[array(93993.), array(81510.), array(80908.)]
corr_G1:[None, None, 0.9958110625711046] corr_G2:[None, None, 0.9343478988667918]
Training end
Task is 0.00% complete.
t1_sim:[62787. 62983. 63560.] t2_sim:[59671. 60034. 59592.]
Task is 1.00% complete.
t1_sim:[60784. 58603. 58882.] t2_sim:[58859. 58653. 58680.]
Task is 2.00% complete.
t1_sim:[52987. 53250. 52260.] t2_sim:[62703. 62700. 62229.]
Task is 3.00% complete.
t1_sim:[62993. 61681. 63550.] t2_sim:[63734. 63739. 65639.]
Task is 4.00% complete.
t1_sim:[60758. 59698. 60242.] t2_sim:[63703. 63912. 63961.]
Task is 5.00% complete.
t1_sim:[63419. 64480. 62961.] t2_sim:[72001. 71765. 72456.]
Task is 6.00% complete.
t1_sim:[61779. 61629. 60389.] t2_sim:[68762. 68230. 69580.]
Task is 7.00% complete.
t1_sim:[57570. 58784. 59245.] t2_sim:[63774. 64471. 62893.]
Task is 8.00% complete.
t1_sim:[62091. 62712. 62693.] t2_sim:[62851. 61630. 62079.]
Task is 9.00% complete.
t1_sim:[66200. 66047. 65454.] t2_sim:[73282. 74237. 73718.]
Task is 10.00% complete.
t1_sim:[63659. 64797. 65148.] t2_sim:[59737. 58629. 60217.]
Task is 11.00% complete.
t1_sim:[64005. 64086. 62993.] t2_sim:[57299. 59698. 58453.]
Task is 12.00% complete.
t1_sim:[52878. 53124. 55699.] t2_sim:[60116. 59969. 59765.]
Task is 13.00% complete.
t1_sim:[65309. 66686. 66768.] t2_sim:[63880. 65766. 64712.]
Task is 14.00% complete.
t1_sim:[61384. 61039. 60986.] t2_sim:[64794. 64721. 65137.]
Task is 15.00% complete.
t1_sim:[68958. 70836. 71719.] t2_sim:[65678. 64493. 65037.]
Task is 16.00% complete.
t1_sim:[58116. 57294. 57592.] t2_sim:[61619. 62053. 61643.]
Task is 17.00% complete.
t1_sim:[62136. 63089. 63373.] t2_sim:[61578. 62066. 63081.]
Task is 18.00% complete.
t1_sim:[60454. 60050. 59840.] t2_sim:[60976. 60893. 61420.]
Task is 19.00% complete.
t1_sim:[59251. 60743. 63579.] t2_sim:[56392. 58640. 57503.]
Task is 20.00% complete.
t1_sim:[61162. 60846. 62144.] t2_sim:[59809. 59663. 59884.]
Task is 21.00% complete.
t1_sim:[65785. 65842. 63881.] t2_sim:[62041. 61675. 61934.]
Task is 22.00% complete.
t1_sim:[66324. 66999. 65524.] t2_sim:[62493. 63148. 63037.]
Task is 23.00% complete.
t1_sim:[66803. 66759. 67980.] t2_sim:[61075. 59781. 59854.]
Task is 24.00% complete.
t1_sim:[66066. 63981. 62615.] t2_sim:[64213. 62927. 63903.]
Task is 25.00% complete.
t1_sim:[61062. 60498. 62002.] t2_sim:[68739. 68137. 67536.]
Task is 26.00% complete.
t1_sim:[64717. 63734. 65252.] t2_sim:[64614. 63136. 63673.]
Task is 27.00% complete.
t1_sim:[57377. 57442. 57595.] t2_sim:[59819. 60011. 59831.]
Task is 28.00% complete.
t1_sim:[73708. 71563. 72021.] t2_sim:[60326. 62051. 61308.]
Task is 29.00% complete.
t1_sim:[65293. 67106. 65744.] t2_sim:[62378. 60794. 60739.]
Task is 30.00% complete.
t1_sim:[58064. 60129. 62280.] t2_sim:[63092. 63555. 62592.]
Task is 31.00% complete.
t1_sim:[64116. 64214. 64211.] t2_sim:[61936. 63727. 63788.]
Task is 32.00% complete.
t1_sim:[56484. 57420. 57327.] t2_sim:[65995. 66469. 65650.]
Task is 33.00% complete.
t1_sim:[63327. 63826. 64317.] t2_sim:[57956. 57663. 57368.]
Task is 34.00% complete.
t1_sim:[58479. 59607. 60200.] t2_sim:[62585. 62564. 62799.]
Task is 35.00% complete.
t1_sim:[57874. 59627. 60499.] t2_sim:[65993. 65801. 65214.]
Task is 36.00% complete.
t1_sim:[59461. 58791. 59557.] t2_sim:[62056. 63280. 61709.]
Task is 37.00% complete.
t1_sim:[60424. 59347. 60043.] t2_sim:[59493. 59829. 60606.]
Task is 38.00% complete.
t1_sim:[63571. 63366. 62942.] t2_sim:[60429. 60252. 59146.]
Task is 39.00% complete.
t1_sim:[63637. 63206. 64860.] t2_sim:[67373. 68350. 69059.]
Task is 40.00% complete.
t1_sim:[60087. 60429. 60503.] t2_sim:[65957. 64452. 65061.]
Task is 41.00% complete.
t1_sim:[66017. 67628. 66344.] t2_sim:[65276. 65089. 63600.]
Task is 42.00% complete.
t1_sim:[65929. 65922. 64367.] t2_sim:[60676. 61131. 59757.]
Task is 43.00% complete.
t1_sim:[61251. 62247. 62268.] t2_sim:[59032. 59472. 58304.]
Task is 44.00% complete.
t1_sim:[63411. 61288. 60803.] t2_sim:[65140. 63949. 65278.]
Task is 45.00% complete.
t1_sim:[61583. 60676. 59591.] t2_sim:[59371. 59549. 58798.]
Task is 46.00% complete.
t1_sim:[61453. 60736. 60572.] t2_sim:[63177. 62502. 62689.]
Task is 47.00% complete.
t1_sim:[62298. 63060. 62763.] t2_sim:[60921. 60534. 60379.]
Task is 48.00% complete.
t1_sim:[61884. 63422. 61969.] t2_sim:[62023. 61197. 61143.]
Task is 49.00% complete.
t1_sim:[65006. 65790. 66579.] t2_sim:[58389. 60577. 58687.]
Task is 50.00% complete.
t1_sim:[61866. 62055. 62864.] t2_sim:[64497. 62956. 64035.]
Task is 51.00% complete.
t1_sim:[65429. 64545. 63998.] t2_sim:[64537. 63390. 62775.]
Task is 52.00% complete.
t1_sim:[57824. 57342. 57676.] t2_sim:[61892. 60859. 60987.]
Task is 53.00% complete.
t1_sim:[63465. 63553. 62462.] t2_sim:[58793. 57287. 58005.]
Task is 54.00% complete.
t1_sim:[64791. 65658. 65444.] t2_sim:[59673. 57630. 57879.]
Task is 55.00% complete.
t1_sim:[63773. 64546. 65165.] t2_sim:[68229. 68836. 68736.]
Task is 56.00% complete.
t1_sim:[64898. 65087. 64571.] t2_sim:[62407. 62810. 61770.]
Task is 57.00% complete.
t1_sim:[60919. 61165. 61057.] t2_sim:[66456. 66036. 65080.]
Task is 58.00% complete.
t1_sim:[58904. 59280. 61399.] t2_sim:[58208. 58460. 59924.]
Task is 59.00% complete.
t1_sim:[67491. 66139. 66816.] t2_sim:[61015. 60516. 61914.]
Task is 60.00% complete.
t1_sim:[63062. 63466. 65441.] t2_sim:[60125. 59634. 59622.]
Task is 61.00% complete.
t1_sim:[63328. 63616. 63672.] t2_sim:[64505. 64549. 63405.]
Task is 62.00% complete.
t1_sim:[69518. 68880. 68702.] t2_sim:[62766. 65062. 63862.]
Task is 63.00% complete.
t1_sim:[67069. 67474. 67080.] t2_sim:[59240. 60087. 60744.]
Task is 64.00% complete.
t1_sim:[59396. 60904. 59011.] t2_sim:[62060. 63703. 61869.]
Task is 65.00% complete.
t1_sim:[60394. 58832. 58344.] t2_sim:[61566. 60871. 61045.]
Task is 66.00% complete.
t1_sim:[65479. 66174. 65558.] t2_sim:[60303. 59559. 60583.]
Task is 67.00% complete.
t1_sim:[63106. 62292. 62730.] t2_sim:[62037. 62528. 59494.]
Task is 68.00% complete.
t1_sim:[65535. 65319. 64486.] t2_sim:[59149. 57966. 56181.]
Task is 69.00% complete.
t1_sim:[68378. 66097. 67461.] t2_sim:[59511. 59075. 58245.]
Task is 70.00% complete.
t1_sim:[62137. 63265. 61841.] t2_sim:[62520. 62479. 61510.]
Task is 71.00% complete.
t1_sim:[68159. 67684. 67576.] t2_sim:[60393. 63024. 62148.]
Task is 72.00% complete.
t1_sim:[65804. 64931. 64237.] t2_sim:[66031. 65421. 64859.]
Task is 73.00% complete.
t1_sim:[61903. 61633. 62797.] t2_sim:[64870. 64630. 66869.]
Task is 74.00% complete.
t1_sim:[63664. 65842. 62722.] t2_sim:[64282. 65239. 65435.]
Task is 75.00% complete.
t1_sim:[65486. 66938. 65172.] t2_sim:[55685. 57425. 57305.]
Task is 76.00% complete.
t1_sim:[64515. 62773. 62835.] t2_sim:[60845. 61389. 61368.]
Task is 77.00% complete.
t1_sim:[64216. 65377. 66266.] t2_sim:[67575. 66554. 66246.]
Task is 78.00% complete.
t1_sim:[63147. 63069. 61418.] t2_sim:[64746. 65046. 65144.]
Task is 79.00% complete.
t1_sim:[57420. 56832. 57383.] t2_sim:[66364. 67863. 67109.]
Task is 80.00% complete.
t1_sim:[63030. 63489. 64274.] t2_sim:[60688. 60766. 62454.]
Task is 81.00% complete.
t1_sim:[62110. 61244. 61770.] t2_sim:[68924. 68356. 66896.]
Task is 82.00% complete.
t1_sim:[57547. 57884. 57838.] t2_sim:[58339. 59759. 59906.]
Task is 83.00% complete.
t1_sim:[57126. 56012. 56910.] t2_sim:[63716. 64609. 63494.]
Task is 84.00% complete.
t1_sim:[58897. 58530. 57340.] t2_sim:[62097. 61485. 61750.]
Task is 85.00% complete.
t1_sim:[66926. 65829. 63971.] t2_sim:[68153. 68510. 68638.]
Task is 86.00% complete.
t1_sim:[60671. 62273. 60656.] t2_sim:[62999. 63288. 62510.]
Task is 87.00% complete.
t1_sim:[62289. 62823. 63781.] t2_sim:[63390. 64252. 63537.]
Task is 88.00% complete.
t1_sim:[60734. 61163. 59176.] t2_sim:[66178. 64784. 63408.]
Task is 89.00% complete.
t1_sim:[56244. 57082. 57335.] t2_sim:[59118. 59968. 59024.]
Task is 90.00% complete.
t1_sim:[61883. 63418. 63611.] t2_sim:[62676. 61847. 63165.]
Task is 91.00% complete.
t1_sim:[66386. 67003. 67538.] t2_sim:[62916. 61572. 61744.]
Task is 92.00% complete.
t1_sim:[61631. 60159. 59064.] t2_sim:[70098. 70133. 69966.]
Task is 93.00% complete.
t1_sim:[65031. 65585. 64998.] t2_sim:[71663. 71893. 71375.]
Task is 94.00% complete.
t1_sim:[58836. 58839. 60437.] t2_sim:[63777. 64460. 64359.]
Task is 95.00% complete.
t1_sim:[64195. 64629. 63031.] t2_sim:[59653. 60896. 60601.]
Task is 96.00% complete.
t1_sim:[59918. 61915. 61211.] t2_sim:[59440. 56544. 56787.]
Task is 97.00% complete.
t1_sim:[60496. 59188. 60028.] t2_sim:[64145. 64192. 63355.]
Task is 98.00% complete.
t1_sim:[66416. 65271. 64587.] t2_sim:[66511. 66195. 66758.]
Task is 99.00% complete.
t1_sim:[61837. 63765. 63641.] t2_sim:[58797. 58509. 58252.]
Training start
t1_obs:[array(92604.), array(80424.), array(74077.)] t2_obs:[array(93993.), array(81510.), array(75476.)]
corr_G1:[None, None, 0.26522847231481983] corr_G2:[None, None, 0.27618316320851666]
Training end
Task is 0.00% complete.
t1_sim:[62482. 62855. 62366.] t2_sim:[62166. 64136. 57315.]
Task is 1.00% complete.
t1_sim:[65776. 65456. 63702.] t2_sim:[59960. 58662. 55678.]
Task is 2.00% complete.
t1_sim:[59555. 59262. 57159.] t2_sim:[60851. 61643. 55799.]
Task is 3.00% complete.
t1_sim:[60591. 58971. 57444.] t2_sim:[62275. 62495. 55879.]
Task is 4.00% complete.
t1_sim:[63373. 61961. 59855.] t2_sim:[60081. 61207. 55981.]
Task is 5.00% complete.
t1_sim:[59238. 57594. 54291.] t2_sim:[62732. 62011. 56183.]
Task is 6.00% complete.
t1_sim:[65007. 66517. 62660.] t2_sim:[65738. 65678. 61093.]
Task is 7.00% complete.
t1_sim:[60052. 61812. 59035.] t2_sim:[65267. 66462. 59770.]
Task is 8.00% complete.
t1_sim:[67525. 68842. 66461.] t2_sim:[69821. 69584. 64774.]
Task is 9.00% complete.
t1_sim:[59999. 61879. 58857.] t2_sim:[64493. 66890. 60645.]
Task is 10.00% complete.
t1_sim:[63049. 62727. 61052.] t2_sim:[55366. 55047. 50501.]
Task is 11.00% complete.
t1_sim:[66154. 66572. 64910.] t2_sim:[57932. 58091. 51784.]
Task is 12.00% complete.
t1_sim:[66211. 65797. 64881.] t2_sim:[66411. 64613. 59138.]
Task is 13.00% complete.
t1_sim:[61042. 61650. 60713.] t2_sim:[60894. 62571. 55510.]
Task is 14.00% complete.
t1_sim:[62288. 61860. 59543.] t2_sim:[66384. 65479. 59580.]
Task is 15.00% complete.
t1_sim:[55183. 55073. 54210.] t2_sim:[54010. 54633. 49838.]
Task is 16.00% complete.
t1_sim:[62771. 63125. 61324.] t2_sim:[63477. 62855. 57034.]
Task is 17.00% complete.
t1_sim:[64999. 65771. 62773.] t2_sim:[60467. 60989. 55367.]
Task is 18.00% complete.
t1_sim:[63671. 64416. 62668.] t2_sim:[61946. 64540. 57792.]
Task is 19.00% complete.
t1_sim:[66139. 67968. 65222.] t2_sim:[64537. 64807. 60100.]
Task is 20.00% complete.
t1_sim:[64291. 63597. 62855.] t2_sim:[62752. 63344. 57367.]
Task is 21.00% complete.
t1_sim:[64299. 66091. 62178.] t2_sim:[62634. 62344. 55163.]
Task is 22.00% complete.
t1_sim:[60338. 58638. 57913.] t2_sim:[69554. 68196. 63103.]
Task is 23.00% complete.
t1_sim:[66148. 67093. 65730.] t2_sim:[59307. 59008. 53165.]
Task is 24.00% complete.
t1_sim:[70699. 69946. 69318.] t2_sim:[65171. 66744. 58259.]
Task is 25.00% complete.
t1_sim:[65942. 66983. 63566.] t2_sim:[62543. 62943. 58157.]
Task is 26.00% complete.
t1_sim:[63903. 62606. 62489.] t2_sim:[63807. 65551. 57621.]
Task is 27.00% complete.
t1_sim:[69447. 68713. 66272.] t2_sim:[62809. 64672. 57710.]
Task is 28.00% complete.
t1_sim:[63623. 62794. 59497.] t2_sim:[59327. 58637. 54431.]
Task is 29.00% complete.
t1_sim:[63214. 62407. 61502.] t2_sim:[61004. 62726. 57722.]
Task is 30.00% complete.
t1_sim:[65450. 65921. 63122.] t2_sim:[65067. 63339. 57580.]
Task is 31.00% complete.
t1_sim:[63980. 64424. 62812.] t2_sim:[57617. 57963. 51998.]
Task is 32.00% complete.
t1_sim:[57774. 56378. 56107.] t2_sim:[68533. 68033. 64054.]
Task is 33.00% complete.
t1_sim:[62564. 62670. 62171.] t2_sim:[69186. 67035. 62431.]
Task is 34.00% complete.
t1_sim:[64359. 64333. 63360.] t2_sim:[63586. 63667. 58056.]
Task is 35.00% complete.
t1_sim:[61282. 61326. 59978.] t2_sim:[60731. 59535. 53929.]
Task is 36.00% complete.
t1_sim:[60064. 59726. 57439.] t2_sim:[56790. 58005. 52228.]
Task is 37.00% complete.
t1_sim:[60321. 60739. 56325.] t2_sim:[64851. 64785. 59659.]
Task is 38.00% complete.
t1_sim:[72113. 70893. 66638.] t2_sim:[65309. 64605. 59967.]
Task is 39.00% complete.
t1_sim:[58950. 58354. 56187.] t2_sim:[54387. 56994. 51899.]
Task is 40.00% complete.
t1_sim:[61036. 60785. 59291.] t2_sim:[58777. 57819. 52964.]
Task is 41.00% complete.
t1_sim:[64690. 62750. 59915.] t2_sim:[62260. 61384. 55787.]
Task is 42.00% complete.
t1_sim:[60129. 59865. 55693.] t2_sim:[61803. 61363. 56279.]
Task is 43.00% complete.
t1_sim:[65300. 64468. 62638.] t2_sim:[61503. 60986. 54792.]
Task is 44.00% complete.
t1_sim:[62836. 64146. 61630.] t2_sim:[62533. 62200. 56781.]
Task is 45.00% complete.
t1_sim:[63373. 63863. 59861.] t2_sim:[61525. 63350. 57944.]
Task is 46.00% complete.
t1_sim:[57447. 58361. 56431.] t2_sim:[61335. 63742. 55889.]
Task is 47.00% complete.
t1_sim:[59554. 58906. 57061.] t2_sim:[65737. 66233. 58454.]
Task is 48.00% complete.
t1_sim:[60175. 60865. 61115.] t2_sim:[67684. 67079. 62460.]
Task is 49.00% complete.
t1_sim:[62517. 61148. 60031.] t2_sim:[59171. 57453. 51467.]
Task is 50.00% complete.
t1_sim:[58404. 60281. 56650.] t2_sim:[65149. 65537. 59650.]
Task is 51.00% complete.
t1_sim:[62361. 62993. 60226.] t2_sim:[69098. 70554. 63418.]
Task is 52.00% complete.
t1_sim:[62800. 63078. 61210.] t2_sim:[61028. 60117. 55340.]
Task is 53.00% complete.
t1_sim:[63605. 62710. 60168.] t2_sim:[63982. 61969. 57079.]
Task is 54.00% complete.
t1_sim:[68218. 69684. 67226.] t2_sim:[63914. 63599. 57659.]
Task is 55.00% complete.
t1_sim:[63853. 63484. 62774.] t2_sim:[63167. 61425. 57125.]
Task is 56.00% complete.
t1_sim:[59402. 59881. 57855.] t2_sim:[60003. 60616. 55623.]
Task is 57.00% complete.
t1_sim:[65897. 64686. 63466.] t2_sim:[65813. 64617. 57637.]
Task is 58.00% complete.
t1_sim:[59096. 58981. 58449.] t2_sim:[68424. 66715. 61306.]
Task is 59.00% complete.
t1_sim:[66474. 65902. 64788.] t2_sim:[65172. 66481. 59877.]
Task is 60.00% complete.
t1_sim:[59315. 60010. 57540.] t2_sim:[58088. 57036. 51545.]
Task is 61.00% complete.
t1_sim:[63871. 64613. 63788.] t2_sim:[63939. 63842. 57712.]
Task is 62.00% complete.
t1_sim:[62920. 63324. 61719.] t2_sim:[60555. 61370. 56714.]
Task is 63.00% complete.
t1_sim:[58252. 56818. 56995.] t2_sim:[57622. 58161. 52417.]
Task is 64.00% complete.
t1_sim:[61203. 61335. 57766.] t2_sim:[69021. 68732. 62598.]
Task is 65.00% complete.
t1_sim:[56056. 56675. 54626.] t2_sim:[63016. 63649. 57559.]
Task is 66.00% complete.
t1_sim:[59688. 57423. 57158.] t2_sim:[64497. 65522. 60015.]
Task is 67.00% complete.
t1_sim:[60868. 61577. 60074.] t2_sim:[61051. 60296. 56827.]
Task is 68.00% complete.
t1_sim:[62626. 62947. 59686.] t2_sim:[62262. 62433. 57529.]
Task is 69.00% complete.
t1_sim:[63842. 63487. 62343.] t2_sim:[63792. 63084. 57308.]
Task is 70.00% complete.
t1_sim:[67027. 67347. 63178.] t2_sim:[70106. 69010. 62922.]
Task is 71.00% complete.
t1_sim:[64396. 65001. 61756.] t2_sim:[67267. 66353. 60421.]
Task is 72.00% complete.
t1_sim:[59248. 59481. 57014.] t2_sim:[68446. 68897. 65107.]
Task is 73.00% complete.
t1_sim:[63626. 64273. 62060.] t2_sim:[70650. 70004. 63819.]
Task is 74.00% complete.
t1_sim:[64204. 64898. 62341.] t2_sim:[60747. 61928. 57205.]
Task is 75.00% complete.
t1_sim:[63234. 62953. 60059.] t2_sim:[62091. 61063. 56406.]
Task is 76.00% complete.
t1_sim:[60578. 60382. 57371.] t2_sim:[60940. 60746. 57479.]
Task is 77.00% complete.
t1_sim:[64001. 63559. 62071.] t2_sim:[65006. 66250. 59569.]
Task is 78.00% complete.
t1_sim:[61737. 61420. 60356.] t2_sim:[65103. 62600. 57996.]
Task is 79.00% complete.
t1_sim:[65879. 64591. 63728.] t2_sim:[66839. 67348. 60158.]
Task is 80.00% complete.
t1_sim:[64033. 63591. 62522.] t2_sim:[67349. 66698. 62349.]
Task is 81.00% complete.
t1_sim:[61348. 62270. 61130.] t2_sim:[58285. 59249. 54200.]
Task is 82.00% complete.
t1_sim:[61411. 61385. 59252.] t2_sim:[60151. 61985. 53791.]
Task is 83.00% complete.
t1_sim:[64093. 66082. 62950.] t2_sim:[60961. 61114. 55904.]
Task is 84.00% complete.
t1_sim:[62250. 61433. 60307.] t2_sim:[60485. 61692. 55032.]
Task is 85.00% complete.
t1_sim:[61473. 60683. 59005.] t2_sim:[58697. 58524. 52597.]
Task is 86.00% complete.
t1_sim:[56254. 57257. 55700.] t2_sim:[64226. 65218. 58818.]
Task is 87.00% complete.
t1_sim:[64414. 65208. 60691.] t2_sim:[65020. 66087. 59526.]
Task is 88.00% complete.
t1_sim:[57527. 59056. 58166.] t2_sim:[62836. 62320. 56660.]
Task is 89.00% complete.
t1_sim:[63858. 63919. 60927.] t2_sim:[66889. 66339. 60223.]
Task is 90.00% complete.
t1_sim:[67513. 67868. 65795.] t2_sim:[68975. 70734. 62825.]
Task is 91.00% complete.
t1_sim:[57143. 59705. 58232.] t2_sim:[63810. 63165. 55807.]
Task is 92.00% complete.
t1_sim:[58571. 59015. 56003.] t2_sim:[65958. 65636. 59093.]
Task is 93.00% complete.
t1_sim:[60980. 62006. 60031.] t2_sim:[65862. 65228. 60157.]
Task is 94.00% complete.
t1_sim:[56910. 57893. 58445.] t2_sim:[60965. 59833. 53907.]
Task is 95.00% complete.
t1_sim:[64344. 66294. 61692.] t2_sim:[56670. 57120. 53682.]
Task is 96.00% complete.
t1_sim:[64334. 65686. 65504.] t2_sim:[65471. 64779. 59017.]
Task is 97.00% complete.
t1_sim:[67632. 67076. 65747.] t2_sim:[57018. 57840. 51656.]
Task is 98.00% complete.
t1_sim:[69714. 71162. 68902.] t2_sim:[59570. 59138. 55207.]
Task is 99.00% complete.
t1_sim:[58103. 58504. 58559.] t2_sim:[60393. 60492. 54904.]
Finished
