/scratch/jz4721/Post-prediction-Causal-Inference/venv/lib/python3.8/site-packages/numpy/core/getlimits.py:518: UserWarning: The value of the smallest subnormal for <class 'numpy.float64'> type is zero.
  setattr(self, word, getattr(machar, word).flat[0])
/scratch/jz4721/Post-prediction-Causal-Inference/venv/lib/python3.8/site-packages/numpy/core/getlimits.py:89: UserWarning: The value of the smallest subnormal for <class 'numpy.float64'> type is zero.
  return self._float_to_str(self.smallest_subnormal)
/scratch/jz4721/Post-prediction-Causal-Inference/venv/lib/python3.8/site-packages/numpy/core/getlimits.py:518: UserWarning: The value of the smallest subnormal for <class 'numpy.float32'> type is zero.
  setattr(self, word, getattr(machar, word).flat[0])
/scratch/jz4721/Post-prediction-Causal-Inference/venv/lib/python3.8/site-packages/numpy/core/getlimits.py:89: UserWarning: The value of the smallest subnormal for <class 'numpy.float32'> type is zero.
  return self._float_to_str(self.smallest_subnormal)
Begin
Training start
t1_obs:[array(93352.), array(84502.), array(72430.)] t2_obs:[array(94089.), array(88126.), array(69977.)]
corr_G1:[None, None, 0] corr_G2:[None, None, 2.0390289103242938e-17]
Training end
Task is 0.00% complete.
t1_sim:[58802. 58353. 58473.] t2_sim:[64386. 64874. 63404.]
Task is 1.00% complete.
t1_sim:[63112. 62515. 59585.] t2_sim:[61830. 61568. 61597.]
Task is 2.00% complete.
t1_sim:[59719. 59006. 58687.] t2_sim:[65870. 67331. 68237.]
Task is 3.00% complete.
t1_sim:[62105. 61979. 59835.] t2_sim:[61752. 62882. 61729.]
Task is 4.00% complete.
t1_sim:[64437. 64656. 63240.] t2_sim:[65410. 65358. 61946.]
Task is 5.00% complete.
t1_sim:[65373. 65058. 65533.] t2_sim:[61630. 62463. 62628.]
Task is 6.00% complete.
t1_sim:[61716. 62072. 59802.] t2_sim:[57429. 58438. 59586.]
Task is 7.00% complete.
t1_sim:[54036. 54792. 53132.] t2_sim:[63794. 64739. 67371.]
Task is 8.00% complete.
t1_sim:[62145. 61666. 58847.] t2_sim:[64064. 64743. 63862.]
Task is 9.00% complete.
t1_sim:[68188. 67604. 65739.] t2_sim:[69744. 69721. 68052.]
Task is 10.00% complete.
t1_sim:[65008. 64139. 62571.] t2_sim:[64768. 64904. 66154.]
Task is 11.00% complete.
t1_sim:[62489. 61780. 63995.] t2_sim:[65694. 65689. 64222.]
Task is 12.00% complete.
t1_sim:[63276. 62076. 62005.] t2_sim:[62357. 62900. 61458.]
Task is 13.00% complete.
t1_sim:[63767. 64010. 64691.] t2_sim:[64024. 62665. 62376.]
Task is 14.00% complete.
t1_sim:[61094. 61984. 59785.] t2_sim:[61331. 61665. 61786.]
Task is 15.00% complete.
t1_sim:[61062. 60685. 61410.] t2_sim:[68477. 68570. 65385.]
Task is 16.00% complete.
t1_sim:[61951. 61243. 60566.] t2_sim:[68073. 67771. 66105.]
Task is 17.00% complete.
t1_sim:[68807. 69283. 68204.] t2_sim:[59884. 59468. 63074.]
Task is 18.00% complete.
t1_sim:[63781. 63260. 65432.] t2_sim:[61628. 60075. 55866.]
Task is 19.00% complete.
t1_sim:[57300. 56803. 58378.] t2_sim:[58703. 58460. 63292.]
Task is 20.00% complete.
t1_sim:[64191. 63623. 63415.] t2_sim:[61348. 61696. 63221.]
Task is 21.00% complete.
t1_sim:[66610. 66318. 68392.] t2_sim:[62990. 63256. 63859.]
Task is 22.00% complete.
t1_sim:[62078. 60906. 63995.] t2_sim:[56190. 56433. 56754.]
Task is 23.00% complete.
t1_sim:[57871. 58689. 58958.] t2_sim:[60402. 60809. 60446.]
Task is 24.00% complete.
t1_sim:[56508. 56685. 57458.] t2_sim:[64273. 64814. 64266.]
Task is 25.00% complete.
t1_sim:[64596. 64264. 59122.] t2_sim:[64694. 65461. 66052.]
Task is 26.00% complete.
t1_sim:[56040. 56530. 55071.] t2_sim:[67203. 68564. 69001.]
Task is 27.00% complete.
t1_sim:[64601. 63867. 65116.] t2_sim:[63088. 63681. 62531.]
Task is 28.00% complete.
t1_sim:[61407. 61787. 60471.] t2_sim:[62499. 63899. 62234.]
Task is 29.00% complete.
t1_sim:[61905. 61677. 61698.] t2_sim:[57564. 57336. 59097.]
Task is 30.00% complete.
t1_sim:[66860. 67931. 68255.] t2_sim:[61282. 61753. 60277.]
Task is 31.00% complete.
t1_sim:[58475. 58367. 59486.] t2_sim:[58508. 58446. 58759.]
Task is 32.00% complete.
t1_sim:[64040. 62035. 62364.] t2_sim:[62774. 62884. 60920.]
Task is 33.00% complete.
t1_sim:[59437. 58970. 58829.] t2_sim:[63055. 63218. 61998.]
Task is 34.00% complete.
t1_sim:[64667. 64620. 65657.] t2_sim:[56684. 58006. 58995.]
Task is 35.00% complete.
t1_sim:[66447. 67522. 67683.] t2_sim:[66286. 65528. 65812.]
Task is 36.00% complete.
t1_sim:[58864. 59008. 61550.] t2_sim:[53538. 54593. 57586.]
Task is 37.00% complete.
t1_sim:[60835. 60083. 57611.] t2_sim:[69615. 70856. 68467.]
Task is 38.00% complete.
t1_sim:[56471. 58190. 60758.] t2_sim:[56733. 57216. 60235.]
Task is 39.00% complete.
t1_sim:[60306. 60561. 56522.] t2_sim:[63456. 64464. 61704.]
Task is 40.00% complete.
t1_sim:[60877. 60870. 60184.] t2_sim:[63477. 63292. 66695.]
Task is 41.00% complete.
t1_sim:[67376. 67541. 65925.] t2_sim:[64385. 65086. 65513.]
Task is 42.00% complete.
t1_sim:[61770. 62248. 63829.] t2_sim:[66987. 65788. 66179.]
Task is 43.00% complete.
t1_sim:[65168. 64138. 64442.] t2_sim:[62045. 60626. 61467.]
Task is 44.00% complete.
t1_sim:[66172. 65416. 65481.] t2_sim:[66356. 65344. 64215.]
Task is 45.00% complete.
t1_sim:[60362. 59428. 61972.] t2_sim:[59072. 60256. 59555.]
Task is 46.00% complete.
t1_sim:[65234. 63869. 63430.] t2_sim:[62291. 62385. 61803.]
Task is 47.00% complete.
t1_sim:[60878. 62430. 62864.] t2_sim:[63146. 62432. 60966.]
Task is 48.00% complete.
t1_sim:[62340. 62877. 60760.] t2_sim:[60822. 60895. 61220.]
Task is 49.00% complete.
t1_sim:[67730. 66255. 65533.] t2_sim:[59311. 59417. 58272.]
Task is 50.00% complete.
t1_sim:[66749. 66931. 66254.] t2_sim:[57503. 57488. 56535.]
Task is 51.00% complete.
t1_sim:[65702. 65135. 64911.] t2_sim:[58345. 58359. 59555.]
Task is 52.00% complete.
t1_sim:[65550. 65486. 63201.] t2_sim:[61062. 60878. 63562.]
Task is 53.00% complete.
t1_sim:[59527. 59805. 58674.] t2_sim:[65400. 64558. 64280.]
Task is 54.00% complete.
t1_sim:[60184. 60844. 60264.] t2_sim:[64267. 63312. 63586.]
Task is 55.00% complete.
t1_sim:[60963. 61344. 62010.] t2_sim:[62887. 61986. 63520.]
Task is 56.00% complete.
t1_sim:[62475. 62612. 62752.] t2_sim:[66623. 65886. 69010.]
Task is 57.00% complete.
t1_sim:[58503. 57645. 59663.] t2_sim:[58770. 59598. 59354.]
Task is 58.00% complete.
t1_sim:[64084. 63117. 63789.] t2_sim:[63500. 63677. 65000.]
Task is 59.00% complete.
t1_sim:[61341. 60308. 60698.] t2_sim:[64349. 63783. 62065.]
Task is 60.00% complete.
t1_sim:[66275. 67110. 66319.] t2_sim:[63461. 64437. 61681.]
Task is 61.00% complete.
t1_sim:[58742. 58865. 59066.] t2_sim:[62900. 64441. 62588.]
Task is 62.00% complete.
t1_sim:[60212. 60514. 62291.] t2_sim:[66207. 65878. 66917.]
Task is 63.00% complete.
t1_sim:[59297. 59916. 61706.] t2_sim:[61922. 61934. 60793.]
Task is 64.00% complete.
t1_sim:[62093. 62448. 64733.] t2_sim:[64953. 63866. 62413.]
Task is 65.00% complete.
t1_sim:[62922. 64399. 64086.] t2_sim:[62990. 63133. 60746.]
Task is 66.00% complete.
t1_sim:[61517. 62169. 61264.] t2_sim:[60747. 59497. 61930.]
Task is 67.00% complete.
t1_sim:[63752. 64692. 63511.] t2_sim:[57945. 58228. 61032.]
Task is 68.00% complete.
t1_sim:[59873. 59905. 59150.] t2_sim:[65753. 66956. 65816.]
Task is 69.00% complete.
t1_sim:[62632. 61891. 61982.] t2_sim:[65263. 65562. 67375.]
Task is 70.00% complete.
t1_sim:[64520. 64885. 66640.] t2_sim:[60731. 59970. 60341.]
Task is 71.00% complete.
t1_sim:[62114. 63217. 65132.] t2_sim:[66612. 65994. 67417.]
Task is 72.00% complete.
t1_sim:[60715. 60774. 62432.] t2_sim:[62527. 63131. 60833.]
Task is 73.00% complete.
t1_sim:[59372. 60689. 60612.] t2_sim:[61196. 61822. 64519.]
Task is 74.00% complete.
t1_sim:[59744. 60247. 58993.] t2_sim:[66491. 67496. 62575.]
Task is 75.00% complete.
t1_sim:[61002. 60038. 64242.] t2_sim:[65875. 66354. 66509.]
Task is 76.00% complete.
t1_sim:[59312. 58163. 57920.] t2_sim:[61395. 62650. 65793.]
Task is 77.00% complete.
t1_sim:[67562. 67944. 68160.] t2_sim:[60927. 60253. 64003.]
Task is 78.00% complete.
t1_sim:[68621. 68697. 68816.] t2_sim:[63177. 64261. 65362.]
Task is 79.00% complete.
t1_sim:[64815. 65103. 66124.] t2_sim:[57583. 58242. 59419.]
Task is 80.00% complete.
t1_sim:[65275. 64632. 65998.] t2_sim:[64927. 65350. 68386.]
Task is 81.00% complete.
t1_sim:[63326. 63799. 64189.] t2_sim:[61532. 61626. 63387.]
Task is 82.00% complete.
t1_sim:[63631. 63436. 61583.] t2_sim:[65661. 65393. 63604.]
Task is 83.00% complete.
t1_sim:[65472. 65633. 65189.] t2_sim:[56367. 55707. 56996.]
Task is 84.00% complete.
t1_sim:[60163. 61114. 59291.] t2_sim:[58014. 57192. 60891.]
Task is 85.00% complete.
t1_sim:[64265. 64326. 62324.] t2_sim:[66136. 66149. 68501.]
Task is 86.00% complete.
t1_sim:[67836. 67816. 66240.] t2_sim:[65480. 67123. 66137.]
Task is 87.00% complete.
t1_sim:[62563. 62219. 59987.] t2_sim:[64495. 63460. 64278.]
Task is 88.00% complete.
t1_sim:[60357. 60193. 60201.] t2_sim:[59174. 59943. 58913.]
Task is 89.00% complete.
t1_sim:[60328. 59988. 60833.] t2_sim:[59598. 58983. 58554.]
Task is 90.00% complete.
t1_sim:[56670. 57853. 59422.] t2_sim:[61195. 60620. 57803.]
Task is 91.00% complete.
t1_sim:[61795. 62040. 60540.] t2_sim:[58305. 58109. 63259.]
Task is 92.00% complete.
t1_sim:[62932. 62543. 63587.] t2_sim:[66523. 67550. 68358.]
Task is 93.00% complete.
t1_sim:[69647. 69660. 68672.] t2_sim:[66223. 66381. 69246.]
Task is 94.00% complete.
t1_sim:[58134. 56347. 58322.] t2_sim:[59110. 58531. 60265.]
Task is 95.00% complete.
t1_sim:[68620. 67909. 67782.] t2_sim:[60554. 58907. 58774.]
Task is 96.00% complete.
t1_sim:[64191. 63711. 63404.] t2_sim:[65363. 64920. 66150.]
Task is 97.00% complete.
t1_sim:[61844. 61846. 60218.] t2_sim:[64512. 63969. 61340.]
Task is 98.00% complete.
t1_sim:[67077. 67335. 68050.] t2_sim:[62623. 61442. 62926.]
Task is 99.00% complete.
t1_sim:[63730. 62611. 62815.] t2_sim:[61175. 60706. 61972.]
Training start
t1_obs:[array(93352.), array(84502.), array(76629.)] t2_obs:[array(94089.), array(88126.), array(73312.)]
corr_G1:[None, None, 0.6547119153381535] corr_G2:[None, None, 0.968502826611316]
Training end
Task is 0.00% complete.
t1_sim:[55146. 55025. 52422.] t2_sim:[58209. 57892. 59024.]
Task is 1.00% complete.
t1_sim:[65695. 66312. 63628.] t2_sim:[60000. 58798. 60522.]
Task is 2.00% complete.
t1_sim:[61595. 61391. 58817.] t2_sim:[58985. 58219. 56728.]
Task is 3.00% complete.
t1_sim:[63424. 63467. 62566.] t2_sim:[63835. 63708. 63951.]
Task is 4.00% complete.
t1_sim:[61212. 61755. 57757.] t2_sim:[61210. 60644. 60578.]
Task is 5.00% complete.
t1_sim:[65262. 64321. 62346.] t2_sim:[63677. 63436. 61435.]
Task is 6.00% complete.
t1_sim:[65777. 65699. 62152.] t2_sim:[63584. 63936. 62082.]
Task is 7.00% complete.
t1_sim:[67360. 67411. 64068.] t2_sim:[65998. 65577. 64502.]
Task is 8.00% complete.
t1_sim:[63279. 63238. 62272.] t2_sim:[59974. 59475. 59971.]
Task is 9.00% complete.
t1_sim:[61697. 61143. 58406.] t2_sim:[63010. 62462. 60682.]
Task is 10.00% complete.
t1_sim:[55583. 55166. 53928.] t2_sim:[65207. 64023. 64513.]
Task is 11.00% complete.
t1_sim:[62261. 61604. 60421.] t2_sim:[61846. 61782. 61054.]
Task is 12.00% complete.
t1_sim:[62952. 61770. 60477.] t2_sim:[58671. 59668. 61614.]
Task is 13.00% complete.
t1_sim:[59821. 59914. 56429.] t2_sim:[60943. 60412. 60582.]
Task is 14.00% complete.
t1_sim:[63114. 63501. 59466.] t2_sim:[63898. 63653. 63921.]
Task is 15.00% complete.
t1_sim:[69236. 70193. 66326.] t2_sim:[70818. 72407. 70501.]
Task is 16.00% complete.
t1_sim:[63043. 63833. 62533.] t2_sim:[65678. 65346. 63996.]
Task is 17.00% complete.
t1_sim:[63028. 64924. 61751.] t2_sim:[63686. 62765. 63202.]
Task is 18.00% complete.
t1_sim:[64299. 64536. 61611.] t2_sim:[64133. 64411. 63819.]
Task is 19.00% complete.
t1_sim:[64473. 65567. 62434.] t2_sim:[59083. 56923. 57728.]
Task is 20.00% complete.
t1_sim:[63099. 62466. 62021.] t2_sim:[63752. 63559. 65979.]
Task is 21.00% complete.
t1_sim:[63108. 62391. 59648.] t2_sim:[56843. 56565. 59762.]
Task is 22.00% complete.
t1_sim:[65093. 65683. 64172.] t2_sim:[63930. 62193. 60607.]
Task is 23.00% complete.
t1_sim:[61697. 62669. 58009.] t2_sim:[64272. 64065. 66025.]
Task is 24.00% complete.
t1_sim:[68426. 67721. 65487.] t2_sim:[63024. 62130. 64841.]
Task is 25.00% complete.
t1_sim:[63824. 63394. 60845.] t2_sim:[66501. 65897. 66420.]
Task is 26.00% complete.
t1_sim:[56978. 56814. 55155.] t2_sim:[58572. 58388. 57382.]
Task is 27.00% complete.
t1_sim:[55049. 56370. 55041.] t2_sim:[65817. 65613. 67932.]
Task is 28.00% complete.
t1_sim:[65479. 65677. 63981.] t2_sim:[63934. 64807. 64824.]
Task is 29.00% complete.
t1_sim:[60608. 59814. 57836.] t2_sim:[58475. 59902. 63857.]
Task is 30.00% complete.
t1_sim:[65269. 65473. 62041.] t2_sim:[62190. 61892. 62685.]
Task is 31.00% complete.
t1_sim:[63778. 63786. 61070.] t2_sim:[55913. 57588. 57509.]
Task is 32.00% complete.
t1_sim:[63792. 62838. 62216.] t2_sim:[64975. 64867. 65298.]
Task is 33.00% complete.
t1_sim:[65442. 65445. 62686.] t2_sim:[59467. 60180. 60957.]
Task is 34.00% complete.
t1_sim:[65529. 64898. 62336.] t2_sim:[60774. 58947. 58129.]
Task is 35.00% complete.
t1_sim:[64526. 65193. 61796.] t2_sim:[64668. 63690. 63264.]
Task is 36.00% complete.
t1_sim:[59160. 59953. 59231.] t2_sim:[56819. 57843. 60404.]
Task is 37.00% complete.
t1_sim:[62562. 63227. 60544.] t2_sim:[60029. 58920. 59343.]
Task is 38.00% complete.
t1_sim:[65213. 64146. 61727.] t2_sim:[66284. 65935. 68218.]
Task is 39.00% complete.
t1_sim:[64085. 64836. 63048.] t2_sim:[57582. 57609. 58386.]
Task is 40.00% complete.
t1_sim:[69097. 68431. 65013.] t2_sim:[68890. 68898. 69878.]
Task is 41.00% complete.
t1_sim:[57944. 60309. 58554.] t2_sim:[66063. 66697. 68297.]
Task is 42.00% complete.
t1_sim:[60323. 59990. 56897.] t2_sim:[63901. 64672. 63733.]
Task is 43.00% complete.
t1_sim:[63258. 63004. 60585.] t2_sim:[63091. 63382. 60154.]
Task is 44.00% complete.
t1_sim:[58358. 58849. 58886.] t2_sim:[65282. 63889. 63757.]
Task is 45.00% complete.
t1_sim:[60361. 60596. 57442.] t2_sim:[65715. 64536. 62673.]
Task is 46.00% complete.
t1_sim:[64436. 65498. 62685.] t2_sim:[62675. 62063. 61793.]
Task is 47.00% complete.
t1_sim:[63564. 63619. 61259.] t2_sim:[65125. 65055. 64249.]
Task is 48.00% complete.
t1_sim:[59812. 60902. 58845.] t2_sim:[57360. 58262. 58672.]
Task is 49.00% complete.
t1_sim:[68308. 67158. 64976.] t2_sim:[62771. 62479. 64016.]
Task is 50.00% complete.
t1_sim:[65024. 64895. 63340.] t2_sim:[62170. 62359. 60760.]
Task is 51.00% complete.
t1_sim:[57759. 57259. 54009.] t2_sim:[62255. 62598. 60884.]
Task is 52.00% complete.
t1_sim:[61391. 61884. 60602.] t2_sim:[62480. 61328. 59023.]
Task is 53.00% complete.
t1_sim:[69960. 70350. 66495.] t2_sim:[61310. 62114. 62327.]
Task is 54.00% complete.
t1_sim:[63822. 63292. 60698.] t2_sim:[61126. 60846. 60139.]
Task is 55.00% complete.
t1_sim:[53972. 53486. 51920.] t2_sim:[60310. 59449. 58470.]
Task is 56.00% complete.
t1_sim:[60009. 60839. 58784.] t2_sim:[68157. 68680. 67882.]
Task is 57.00% complete.
t1_sim:[53791. 55204. 54088.] t2_sim:[69600. 69345. 69718.]
Task is 58.00% complete.
t1_sim:[59363. 59648. 56352.] t2_sim:[61650. 61635. 63757.]
Task is 59.00% complete.
t1_sim:[63583. 63673. 61009.] t2_sim:[60935. 60668. 58937.]
Task is 60.00% complete.
t1_sim:[63050. 63120. 60416.] t2_sim:[60563. 60206. 60535.]
Task is 61.00% complete.
t1_sim:[60619. 60249. 56419.] t2_sim:[53293. 53967. 55473.]
Task is 62.00% complete.
t1_sim:[63336. 62843. 59907.] t2_sim:[60962. 61709. 61299.]
Task is 63.00% complete.
t1_sim:[68828. 69090. 67401.] t2_sim:[61473. 61135. 60946.]
Task is 64.00% complete.
t1_sim:[65186. 63855. 62364.] t2_sim:[55004. 54784. 57093.]
Task is 65.00% complete.
t1_sim:[65089. 66079. 62971.] t2_sim:[63618. 63141. 61584.]
Task is 66.00% complete.
t1_sim:[60969. 60409. 59700.] t2_sim:[62275. 62109. 63261.]
Task is 67.00% complete.
t1_sim:[56836. 58165. 55637.] t2_sim:[60625. 61295. 60239.]
Task is 68.00% complete.
t1_sim:[59792. 59041. 56764.] t2_sim:[62967. 63506. 63831.]
Task is 69.00% complete.
t1_sim:[66040. 65890. 63342.] t2_sim:[62281. 62377. 63575.]
Task is 70.00% complete.
t1_sim:[59416. 59322. 58266.] t2_sim:[63709. 64460. 63523.]
Task is 71.00% complete.
t1_sim:[60451. 58468. 55221.] t2_sim:[59054. 59079. 57718.]
Task is 72.00% complete.
t1_sim:[63466. 64015. 62508.] t2_sim:[58528. 59942. 61284.]
Task is 73.00% complete.
t1_sim:[62658. 62697. 59665.] t2_sim:[68411. 68306. 69065.]
Task is 74.00% complete.
t1_sim:[64698. 64386. 63674.] t2_sim:[63909. 64493. 63595.]
Task is 75.00% complete.
t1_sim:[65888. 67231. 64943.] t2_sim:[61046. 61118. 60430.]
Task is 76.00% complete.
t1_sim:[58885. 59052. 55167.] t2_sim:[64267. 64258. 63540.]
Task is 77.00% complete.
t1_sim:[60501. 60963. 56951.] t2_sim:[56714. 56534. 56147.]
Task is 78.00% complete.
t1_sim:[62653. 64100. 61289.] t2_sim:[58425. 59176. 58242.]
Task is 79.00% complete.
t1_sim:[55183. 55425. 54341.] t2_sim:[54784. 54671. 54143.]
Task is 80.00% complete.
t1_sim:[63653. 63557. 58929.] t2_sim:[63596. 63468. 65401.]
Task is 81.00% complete.
t1_sim:[58181. 58926. 55494.] t2_sim:[64279. 64438. 64331.]
Task is 82.00% complete.
t1_sim:[61289. 60379. 58199.] t2_sim:[62064. 62774. 63415.]
Task is 83.00% complete.
t1_sim:[59836. 59172. 55525.] t2_sim:[62941. 63235. 63076.]
Task is 84.00% complete.
t1_sim:[61089. 60950. 57169.] t2_sim:[66329. 65363. 64857.]
Task is 85.00% complete.
t1_sim:[65029. 65104. 64483.] t2_sim:[56500. 57564. 59696.]
Task is 86.00% complete.
t1_sim:[69816. 70407. 66033.] t2_sim:[64085. 63413. 61710.]
Task is 87.00% complete.
t1_sim:[69514. 69751. 67406.] t2_sim:[61513. 62083. 61939.]
Task is 88.00% complete.
t1_sim:[63173. 62304. 59154.] t2_sim:[61661. 61551. 62647.]
Task is 89.00% complete.
t1_sim:[64078. 64010. 60280.] t2_sim:[66677. 66693. 64455.]
Task is 90.00% complete.
t1_sim:[63258. 63071. 60688.] t2_sim:[61416. 61315. 60865.]
Task is 91.00% complete.
t1_sim:[62265. 62251. 58408.] t2_sim:[51943. 52230. 52529.]
Task is 92.00% complete.
t1_sim:[64350. 64904. 62474.] t2_sim:[59496. 59448. 63646.]
Task is 93.00% complete.
t1_sim:[64733. 66549. 61772.] t2_sim:[64176. 63837. 62684.]
Task is 94.00% complete.
t1_sim:[61807. 62732. 60172.] t2_sim:[66497. 66930. 67752.]
Task is 95.00% complete.
t1_sim:[60954. 61608. 57969.] t2_sim:[63234. 63617. 63906.]
Task is 96.00% complete.
t1_sim:[64977. 65127. 62835.] t2_sim:[65092. 65671. 64410.]
Task is 97.00% complete.
t1_sim:[66800. 67849. 64952.] t2_sim:[60062. 58588. 56313.]
Task is 98.00% complete.
t1_sim:[64619. 63585. 62021.] t2_sim:[59505. 58720. 60512.]
Task is 99.00% complete.
t1_sim:[66503. 66977. 65140.] t2_sim:[67142. 66787. 67879.]
Training start
t1_obs:[array(93352.), array(84502.), array(70151.)] t2_obs:[array(94089.), array(88126.), array(71669.)]
corr_G1:[None, None, 0.44038357862508815] corr_G2:[None, None, 0.34896023500621065]
Training end
Task is 0.00% complete.
t1_sim:[60491. 60653. 61337.] t2_sim:[65564. 64794. 62667.]
Task is 1.00% complete.
t1_sim:[60922. 61983. 63738.] t2_sim:[59231. 61313. 62596.]
Task is 2.00% complete.
t1_sim:[56017. 55178. 55523.] t2_sim:[61200. 61464. 59137.]
Task is 3.00% complete.
t1_sim:[66035. 66346. 67300.] t2_sim:[62756. 61612. 59197.]
Task is 4.00% complete.
t1_sim:[65998. 66420. 66471.] t2_sim:[66929. 66475. 65798.]
Task is 5.00% complete.
t1_sim:[62770. 62012. 62273.] t2_sim:[64239. 64033. 62094.]
Task is 6.00% complete.
t1_sim:[65596. 65856. 64278.] t2_sim:[61015. 61625. 61428.]
Task is 7.00% complete.
t1_sim:[62098. 61428. 61230.] t2_sim:[61397. 61453. 60143.]
Task is 8.00% complete.
t1_sim:[60087. 59463. 57989.] t2_sim:[64141. 64311. 63142.]
Task is 9.00% complete.
t1_sim:[63268. 63143. 62574.] t2_sim:[62092. 63330. 61051.]
Task is 10.00% complete.
t1_sim:[61362. 60766. 62295.] t2_sim:[66141. 65239. 65129.]
Task is 11.00% complete.
t1_sim:[64442. 63883. 64121.] t2_sim:[58125. 58152. 56081.]
Task is 12.00% complete.
t1_sim:[67801. 67234. 66636.] t2_sim:[61613. 60863. 60355.]
Task is 13.00% complete.
t1_sim:[61063. 61009. 60549.] t2_sim:[62118. 61315. 59560.]
Task is 14.00% complete.
t1_sim:[56721. 58285. 56469.] t2_sim:[61675. 61877. 60713.]
Task is 15.00% complete.
t1_sim:[71203. 71929. 72037.] t2_sim:[60265. 60139. 61491.]
Task is 16.00% complete.
t1_sim:[64853. 64108. 63168.] t2_sim:[64599. 65509. 62114.]
Task is 17.00% complete.
t1_sim:[56018. 56283. 56510.] t2_sim:[60501. 60922. 56642.]
Task is 18.00% complete.
t1_sim:[67598. 67626. 65452.] t2_sim:[64959. 63614. 60660.]
Task is 19.00% complete.
t1_sim:[67587. 66857. 64517.] t2_sim:[60185. 59572. 56049.]
Task is 20.00% complete.
t1_sim:[60018. 60078. 59483.] t2_sim:[61980. 63029. 62655.]
Task is 21.00% complete.
t1_sim:[59146. 61803. 64095.] t2_sim:[62308. 62719. 64235.]
Task is 22.00% complete.
t1_sim:[66723. 66741. 66207.] t2_sim:[59770. 60373. 58896.]
Task is 23.00% complete.
t1_sim:[56617. 56934. 53727.] t2_sim:[61423. 60974. 59232.]
Task is 24.00% complete.
t1_sim:[61031. 61693. 63949.] t2_sim:[67692. 67189. 65220.]
Task is 25.00% complete.
t1_sim:[63191. 62145. 61813.] t2_sim:[67048. 65841. 62697.]
Task is 26.00% complete.
t1_sim:[55155. 56020. 56793.] t2_sim:[65238. 64920. 63561.]
Task is 27.00% complete.
t1_sim:[63670. 65457. 64096.] t2_sim:[60771. 58867. 54170.]
Task is 28.00% complete.
t1_sim:[60687. 60124. 61682.] t2_sim:[60836. 60669. 61038.]
Task is 29.00% complete.
t1_sim:[62788. 63263. 63566.] t2_sim:[63037. 63034. 63184.]
Task is 30.00% complete.
t1_sim:[55045. 54372. 54500.] t2_sim:[59921. 60363. 57584.]
Task is 31.00% complete.
t1_sim:[66189. 66562. 65471.] t2_sim:[64835. 64556. 62816.]
Task is 32.00% complete.
t1_sim:[62991. 63906. 62224.] t2_sim:[57538. 57103. 58284.]
Task is 33.00% complete.
t1_sim:[67041. 68838. 66253.] t2_sim:[58611. 58532. 57523.]
Task is 34.00% complete.
t1_sim:[62763. 63499. 64063.] t2_sim:[62159. 61396. 60445.]
Task is 35.00% complete.
t1_sim:[66659. 66175. 66066.] t2_sim:[61075. 60122. 58461.]
Task is 36.00% complete.
t1_sim:[60143. 60650. 59560.] t2_sim:[63216. 64011. 63168.]
Task is 37.00% complete.
t1_sim:[54178. 54914. 52927.] t2_sim:[60923. 61208. 59057.]
Task is 38.00% complete.
t1_sim:[64497. 63586. 62045.] t2_sim:[63996. 63809. 57681.]
Task is 39.00% complete.
t1_sim:[60834. 60377. 59714.] t2_sim:[61969. 61501. 59461.]
Task is 40.00% complete.
t1_sim:[60143. 60057. 60460.] t2_sim:[58142. 59387. 57347.]
Task is 41.00% complete.
t1_sim:[55544. 55649. 56596.] t2_sim:[63302. 62493. 60405.]
Task is 42.00% complete.
t1_sim:[59648. 60258. 60356.] t2_sim:[62631. 61010. 59093.]
Task is 43.00% complete.
t1_sim:[65403. 64613. 65376.] t2_sim:[63300. 63379. 61699.]
Task is 44.00% complete.
t1_sim:[60796. 60493. 59771.] t2_sim:[59404. 59031. 58792.]
Task is 45.00% complete.
t1_sim:[57256. 56124. 53323.] t2_sim:[62442. 62366. 62224.]
Task is 46.00% complete.
t1_sim:[56035. 56266. 55809.] t2_sim:[64115. 63264. 62796.]
Task is 47.00% complete.
t1_sim:[56871. 56879. 57525.] t2_sim:[63796. 63439. 61561.]
Task is 48.00% complete.
t1_sim:[62309. 61103. 61409.] t2_sim:[63153. 63248. 60137.]
Task is 49.00% complete.
t1_sim:[60527. 61269. 61966.] t2_sim:[64175. 65730. 65762.]
Task is 50.00% complete.
t1_sim:[65242. 64803. 64010.] t2_sim:[63942. 63142. 60880.]
Task is 51.00% complete.
t1_sim:[62653. 61639. 60609.] t2_sim:[65527. 65539. 61350.]
Task is 52.00% complete.
t1_sim:[59797. 61159. 61710.] t2_sim:[60000. 60265. 58532.]
Task is 53.00% complete.
t1_sim:[62432. 62989. 64599.] t2_sim:[63364. 62806. 61836.]
Task is 54.00% complete.
t1_sim:[60957. 61064. 62302.] t2_sim:[55634. 55177. 54935.]
Task is 55.00% complete.
t1_sim:[58811. 58700. 59725.] t2_sim:[57165. 58333. 55320.]
Task is 56.00% complete.
t1_sim:[60427. 60247. 58340.] t2_sim:[63713. 63546. 61045.]
Task is 57.00% complete.
t1_sim:[64642. 64176. 64323.] t2_sim:[66407. 66418. 64111.]
Task is 58.00% complete.
t1_sim:[62885. 63341. 64707.] t2_sim:[62319. 62430. 61129.]
Task is 59.00% complete.
t1_sim:[57280. 56840. 55570.] t2_sim:[65289. 65731. 64380.]
Task is 60.00% complete.
t1_sim:[64205. 63980. 63871.] t2_sim:[63231. 63805. 63045.]
Task is 61.00% complete.
t1_sim:[51950. 53148. 53736.] t2_sim:[58843. 59201. 59657.]
Task is 62.00% complete.
t1_sim:[59056. 59674. 59676.] t2_sim:[60337. 60076. 58665.]
Task is 63.00% complete.
t1_sim:[63746. 64191. 60685.] t2_sim:[63393. 63166. 63607.]
Task is 64.00% complete.
t1_sim:[65725. 65499. 66338.] t2_sim:[60078. 60997. 58518.]
Task is 65.00% complete.
t1_sim:[59404. 60207. 60209.] t2_sim:[63566. 63472. 62181.]
Task is 66.00% complete.
t1_sim:[64800. 63989. 63308.] t2_sim:[58998. 59302. 60100.]
Task is 67.00% complete.
t1_sim:[59006. 59236. 60235.] t2_sim:[61983. 61706. 60779.]
Task is 68.00% complete.
t1_sim:[59967. 61282. 61395.] t2_sim:[60835. 62280. 57543.]
Task is 69.00% complete.
t1_sim:[62693. 61004. 59915.] t2_sim:[63733. 63713. 62395.]
Task is 70.00% complete.
t1_sim:[61239. 61069. 61485.] t2_sim:[61619. 60769. 58622.]
Task is 71.00% complete.
t1_sim:[63610. 62738. 60746.] t2_sim:[64603. 63534. 61249.]
Task is 72.00% complete.
t1_sim:[65570. 65162. 65765.] t2_sim:[63583. 63855. 62203.]
Task is 73.00% complete.
t1_sim:[62296. 62672. 59873.] t2_sim:[56926. 56828. 57731.]
Task is 74.00% complete.
t1_sim:[63246. 62487. 63568.] t2_sim:[59371. 59182. 56526.]
Task is 75.00% complete.
t1_sim:[63057. 63222. 64166.] t2_sim:[63140. 63222. 58987.]
Task is 76.00% complete.
t1_sim:[56643. 56890. 56802.] t2_sim:[62877. 63600. 62826.]
Task is 77.00% complete.
t1_sim:[64237. 64103. 64147.] t2_sim:[65165. 66653. 66024.]
Task is 78.00% complete.
t1_sim:[62113. 61748. 62151.] t2_sim:[64525. 65293. 63394.]
Task is 79.00% complete.
t1_sim:[61418. 61314. 62092.] t2_sim:[63187. 63111. 62063.]
Task is 80.00% complete.
t1_sim:[65009. 65779. 62582.] t2_sim:[57285. 58007. 58606.]
Task is 81.00% complete.
t1_sim:[64824. 65428. 64922.] t2_sim:[60198. 60780. 60226.]
Task is 82.00% complete.
t1_sim:[69331. 69895. 70571.] t2_sim:[62309. 63151. 59756.]
Task is 83.00% complete.
t1_sim:[63050. 63381. 62907.] t2_sim:[61130. 62174. 61615.]
Task is 84.00% complete.
t1_sim:[61962. 62236. 63064.] t2_sim:[64139. 63896. 59452.]
Task is 85.00% complete.
t1_sim:[60103. 59770. 58455.] t2_sim:[66079. 65498. 63153.]
Task is 86.00% complete.
t1_sim:[65145. 65287. 64602.] t2_sim:[63772. 64446. 62850.]
Task is 87.00% complete.
t1_sim:[59924. 58553. 58500.] t2_sim:[60103. 59524. 58808.]
Task is 88.00% complete.
t1_sim:[65008. 64667. 67868.] t2_sim:[61777. 63183. 59484.]
Task is 89.00% complete.
t1_sim:[60741. 59957. 59765.] t2_sim:[62505. 62964. 63116.]
Task is 90.00% complete.
t1_sim:[63748. 63553. 64788.] t2_sim:[62233. 62077. 60519.]
Task is 91.00% complete.
t1_sim:[66250. 66010. 65513.] t2_sim:[64406. 65145. 62214.]
Task is 92.00% complete.
t1_sim:[63006. 62207. 62600.] t2_sim:[64317. 64800. 62842.]
Task is 93.00% complete.
t1_sim:[63553. 63053. 60926.] t2_sim:[62808. 62801. 59454.]
Task is 94.00% complete.
t1_sim:[60011. 60186. 57444.] t2_sim:[60410. 60539. 60621.]
Task is 95.00% complete.
t1_sim:[68232. 68978. 70235.] t2_sim:[63376. 63453. 62255.]
Task is 96.00% complete.
t1_sim:[63467. 62931. 62055.] t2_sim:[54847. 55983. 52696.]
Task is 97.00% complete.
t1_sim:[59914. 59953. 59514.] t2_sim:[65438. 65884. 64446.]
Task is 98.00% complete.
t1_sim:[66378. 65631. 64785.] t2_sim:[63703. 63535. 62640.]
Task is 99.00% complete.
t1_sim:[64775. 63728. 63900.] t2_sim:[60034. 61183. 63293.]
Finished
