/scratch/jz4721/Post-prediction-Causal-Inference/venv/lib/python3.8/site-packages/numpy/core/getlimits.py:518: UserWarning: The value of the smallest subnormal for <class 'numpy.float64'> type is zero.
  setattr(self, word, getattr(machar, word).flat[0])
/scratch/jz4721/Post-prediction-Causal-Inference/venv/lib/python3.8/site-packages/numpy/core/getlimits.py:89: UserWarning: The value of the smallest subnormal for <class 'numpy.float64'> type is zero.
  return self._float_to_str(self.smallest_subnormal)
/scratch/jz4721/Post-prediction-Causal-Inference/venv/lib/python3.8/site-packages/numpy/core/getlimits.py:518: UserWarning: The value of the smallest subnormal for <class 'numpy.float32'> type is zero.
  setattr(self, word, getattr(machar, word).flat[0])
/scratch/jz4721/Post-prediction-Causal-Inference/venv/lib/python3.8/site-packages/numpy/core/getlimits.py:89: UserWarning: The value of the smallest subnormal for <class 'numpy.float32'> type is zero.
  return self._float_to_str(self.smallest_subnormal)
Begin
Training start
t1_obs:[array(91840.), array(84360.), array(73484.)] t2_obs:[array(98454.), array(90196.), array(87457.)]
corr_G1:[None, None, 0] corr_G2:[None, None, 0]
Training end
Task is 0.00% complete.
t1_sim:[66359. 67283. 67063.] t2_sim:[68301. 67044. 67577.]
Task is 1.00% complete.
t1_sim:[54508. 53125. 54413.] t2_sim:[65422. 64845. 65146.]
Task is 2.00% complete.
t1_sim:[66989. 67364. 68141.] t2_sim:[68489. 68810. 69942.]
Task is 3.00% complete.
t1_sim:[65041. 64485. 65175.] t2_sim:[59215. 59606. 61162.]
Task is 4.00% complete.
t1_sim:[62326. 59743. 63323.] t2_sim:[62572. 63485. 61057.]
Task is 5.00% complete.
t1_sim:[63624. 63254. 62831.] t2_sim:[66034. 66130. 62581.]
Task is 6.00% complete.
t1_sim:[68457. 67539. 66711.] t2_sim:[68929. 68081. 69692.]
Task is 7.00% complete.
t1_sim:[62604. 63373. 59529.] t2_sim:[61799. 62377. 62446.]
Task is 8.00% complete.
t1_sim:[63555. 63256. 64746.] t2_sim:[64172. 63546. 64456.]
Task is 9.00% complete.
t1_sim:[62097. 62512. 59915.] t2_sim:[60588. 58966. 62012.]
Task is 10.00% complete.
t1_sim:[62045. 63039. 62168.] t2_sim:[67384. 66060. 67280.]
Task is 11.00% complete.
t1_sim:[62662. 63611. 61618.] t2_sim:[62480. 62191. 63964.]
Task is 12.00% complete.
t1_sim:[58981. 59131. 59326.] t2_sim:[63344. 62085. 64191.]
Task is 13.00% complete.
t1_sim:[64953. 64210. 67458.] t2_sim:[62593. 62793. 61933.]
Task is 14.00% complete.
t1_sim:[60187. 60313. 63299.] t2_sim:[67985. 65083. 68245.]
Task is 15.00% complete.
t1_sim:[62857. 61792. 62735.] t2_sim:[62469. 62762. 62779.]
Task is 16.00% complete.
t1_sim:[62187. 61903. 63519.] t2_sim:[63044. 62274. 66377.]
Task is 17.00% complete.
t1_sim:[59530. 58014. 56992.] t2_sim:[55680. 56008. 55807.]
Task is 18.00% complete.
t1_sim:[62308. 62117. 61366.] t2_sim:[64665. 63178. 65311.]
Task is 19.00% complete.
t1_sim:[61834. 62457. 63693.] t2_sim:[60592. 59555. 60814.]
Task is 20.00% complete.
t1_sim:[61144. 60328. 57267.] t2_sim:[60448. 59573. 60023.]
Task is 21.00% complete.
t1_sim:[63048. 63099. 61808.] t2_sim:[66504. 67892. 65855.]
Task is 22.00% complete.
t1_sim:[62086. 60659. 61892.] t2_sim:[61056. 60942. 61772.]
Task is 23.00% complete.
t1_sim:[62705. 63472. 62071.] t2_sim:[61268. 61744. 58600.]
Task is 24.00% complete.
t1_sim:[64951. 64705. 65531.] t2_sim:[63939. 65185. 61506.]
Task is 25.00% complete.
t1_sim:[64512. 62076. 65737.] t2_sim:[65814. 65486. 63876.]
Task is 26.00% complete.
t1_sim:[65322. 65016. 65864.] t2_sim:[66192. 66056. 62933.]
Task is 27.00% complete.
t1_sim:[64572. 63883. 64222.] t2_sim:[61230. 61325. 58462.]
Task is 28.00% complete.
t1_sim:[64626. 64964. 65809.] t2_sim:[64818. 65104. 59438.]
Task is 29.00% complete.
t1_sim:[55949. 57217. 56282.] t2_sim:[66099. 67152. 67812.]
Task is 30.00% complete.
t1_sim:[68240. 68165. 65508.] t2_sim:[58755. 59142. 60316.]
Task is 31.00% complete.
t1_sim:[62818. 63585. 63516.] t2_sim:[67513. 68281. 68417.]
Task is 32.00% complete.
t1_sim:[60700. 60478. 62407.] t2_sim:[68101. 67063. 68902.]
Task is 33.00% complete.
t1_sim:[60749. 60078. 61131.] t2_sim:[62169. 62178. 62357.]
Task is 34.00% complete.
t1_sim:[64244. 64092. 63112.] t2_sim:[58681. 58928. 57310.]
Task is 35.00% complete.
t1_sim:[62573. 63594. 64957.] t2_sim:[69307. 68161. 68843.]
Task is 36.00% complete.
t1_sim:[67986. 67222. 66173.] t2_sim:[62192. 63922. 65193.]
Task is 37.00% complete.
t1_sim:[60483. 60553. 60826.] t2_sim:[66108. 65094. 67960.]
Task is 38.00% complete.
t1_sim:[64663. 65233. 64472.] t2_sim:[67535. 68477. 66793.]
Task is 39.00% complete.
t1_sim:[64078. 65177. 65616.] t2_sim:[68020. 66750. 69659.]
Task is 40.00% complete.
t1_sim:[62151. 61481. 64222.] t2_sim:[65014. 64819. 64198.]
Task is 41.00% complete.
t1_sim:[64374. 63363. 67230.] t2_sim:[65405. 64109. 66939.]
Task is 42.00% complete.
t1_sim:[68865. 69713. 68888.] t2_sim:[61909. 61044. 60586.]
Task is 43.00% complete.
t1_sim:[58376. 59336. 59183.] t2_sim:[64603. 65741. 64286.]
Task is 44.00% complete.
t1_sim:[65252. 65523. 67431.] t2_sim:[58103. 57263. 60195.]
Task is 45.00% complete.
t1_sim:[60438. 61315. 60094.] t2_sim:[61086. 62002. 61855.]
Task is 46.00% complete.
t1_sim:[62418. 63353. 61798.] t2_sim:[58436. 58611. 60282.]
Task is 47.00% complete.
t1_sim:[61234. 60126. 60480.] t2_sim:[63985. 62867. 64505.]
Task is 48.00% complete.
t1_sim:[58076. 59930. 56417.] t2_sim:[62940. 62761. 61599.]
Task is 49.00% complete.
t1_sim:[61525. 62255. 62054.] t2_sim:[60255. 58501. 58303.]
Task is 50.00% complete.
t1_sim:[59684. 59865. 61549.] t2_sim:[62245. 62694. 60496.]
Task is 51.00% complete.
t1_sim:[65592. 65516. 68573.] t2_sim:[64374. 64076. 64863.]
Task is 52.00% complete.
t1_sim:[64140. 63878. 63291.] t2_sim:[57607. 57010. 58444.]
Task is 53.00% complete.
t1_sim:[63404. 64058. 61336.] t2_sim:[59170. 58563. 59510.]
Task is 54.00% complete.
t1_sim:[61428. 64215. 62103.] t2_sim:[64168. 65191. 64901.]
Task is 55.00% complete.
t1_sim:[62026. 61246. 59446.] t2_sim:[61333. 62324. 63167.]
Task is 56.00% complete.
t1_sim:[59195. 60230. 59408.] t2_sim:[62636. 62060. 62754.]
Task is 57.00% complete.
t1_sim:[59877. 59811. 60533.] t2_sim:[61521. 61224. 62654.]
Task is 58.00% complete.
t1_sim:[63682. 63494. 60831.] t2_sim:[64228. 63353. 65877.]
Task is 59.00% complete.
t1_sim:[55303. 55970. 57787.] t2_sim:[61605. 63320. 62708.]
Task is 60.00% complete.
t1_sim:[68721. 68191. 69248.] t2_sim:[63373. 65586. 63249.]
Task is 61.00% complete.
t1_sim:[66685. 65099. 66369.] t2_sim:[61206. 60237. 61790.]
Task is 62.00% complete.
t1_sim:[60655. 62019. 59520.] t2_sim:[67794. 66451. 66768.]
Task is 63.00% complete.
t1_sim:[64985. 64879. 66703.] t2_sim:[55655. 53964. 56699.]
Task is 64.00% complete.
t1_sim:[61141. 60391. 64094.] t2_sim:[60809. 62174. 61397.]
Task is 65.00% complete.
t1_sim:[68439. 68626. 68214.] t2_sim:[60079. 58505. 60934.]
Task is 66.00% complete.
t1_sim:[66190. 65311. 63912.] t2_sim:[63340. 65018. 63371.]
Task is 67.00% complete.
t1_sim:[66869. 66800. 65477.] t2_sim:[59446. 59796. 62571.]
Task is 68.00% complete.
t1_sim:[60471. 60573. 58228.] t2_sim:[59653. 62202. 59225.]
Task is 69.00% complete.
t1_sim:[63130. 64137. 63258.] t2_sim:[61235. 61823. 61832.]
Task is 70.00% complete.
t1_sim:[60549. 59039. 62981.] t2_sim:[63026. 61153. 64054.]
Task is 71.00% complete.
t1_sim:[65424. 66147. 63761.] t2_sim:[68190. 68621. 66958.]
Task is 72.00% complete.
t1_sim:[59005. 58898. 61289.] t2_sim:[67287. 65407. 66830.]
Task is 73.00% complete.
t1_sim:[55300. 54112. 55861.] t2_sim:[65865. 66539. 64009.]
Task is 74.00% complete.
t1_sim:[65908. 65633. 65259.] t2_sim:[69380. 70474. 70000.]
Task is 75.00% complete.
t1_sim:[61687. 59832. 62254.] t2_sim:[60362. 58636. 61567.]
Task is 76.00% complete.
t1_sim:[62580. 61986. 62248.] t2_sim:[60462. 59389. 60043.]
Task is 77.00% complete.
t1_sim:[65930. 67252. 62923.] t2_sim:[63802. 63635. 62175.]
Task is 78.00% complete.
t1_sim:[64438. 62941. 64128.] t2_sim:[62905. 63872. 63575.]
Task is 79.00% complete.
t1_sim:[60866. 61800. 60824.] t2_sim:[60946. 60866. 59568.]
Task is 80.00% complete.
t1_sim:[59904. 60032. 65733.] t2_sim:[66410. 65545. 65690.]
Task is 81.00% complete.
t1_sim:[60948. 59118. 60639.] t2_sim:[64475. 65262. 64295.]
Task is 82.00% complete.
t1_sim:[65031. 64147. 65051.] t2_sim:[63259. 63292. 64463.]
Task is 83.00% complete.
t1_sim:[66308. 67813. 67250.] t2_sim:[59980. 60728. 60110.]
Task is 84.00% complete.
t1_sim:[69531. 67962. 67433.] t2_sim:[55487. 56285. 56864.]
Task is 85.00% complete.
t1_sim:[64375. 63734. 65494.] t2_sim:[63512. 63540. 62178.]
Task is 86.00% complete.
t1_sim:[63667. 64092. 63406.] t2_sim:[63880. 63141. 62890.]
Task is 87.00% complete.
t1_sim:[65163. 64540. 64387.] t2_sim:[59550. 59023. 61032.]
Task is 88.00% complete.
t1_sim:[65538. 65192. 66201.] t2_sim:[63295. 63709. 61724.]
Task is 89.00% complete.
t1_sim:[62335. 61863. 60494.] t2_sim:[61946. 59857. 62124.]
Task is 90.00% complete.
t1_sim:[61197. 61073. 63087.] t2_sim:[58583. 59303. 57965.]
Task is 91.00% complete.
t1_sim:[66468. 65545. 63372.] t2_sim:[62010. 61274. 62337.]
Task is 92.00% complete.
t1_sim:[61241. 61775. 60556.] t2_sim:[68644. 68427. 71296.]
Task is 93.00% complete.
t1_sim:[61277. 60059. 63352.] t2_sim:[62249. 64432. 61108.]
Task is 94.00% complete.
t1_sim:[66360. 65671. 65187.] t2_sim:[63476. 62599. 65512.]
Task is 95.00% complete.
t1_sim:[59177. 59217. 58353.] t2_sim:[59980. 62586. 57904.]
Task is 96.00% complete.
t1_sim:[58861. 59919. 61553.] t2_sim:[63166. 64089. 62600.]
Task is 97.00% complete.
t1_sim:[64747. 64070. 63678.] t2_sim:[58007. 58242. 57260.]
Task is 98.00% complete.
t1_sim:[58973. 59161. 60788.] t2_sim:[61036. 61313. 63683.]
Task is 99.00% complete.
t1_sim:[63135. 64284. 60810.] t2_sim:[59666. 58489. 60833.]
Training start
t1_obs:[array(91840.), array(84360.), array(78899.)] t2_obs:[array(98454.), array(90196.), array(90972.)]
corr_G1:[None, None, 0.8347408507476021] corr_G2:[None, None, 0.7139356559146234]
Training end
Task is 0.00% complete.
t1_sim:[64014. 64018. 66643.] t2_sim:[61989. 62342. 63457.]
Task is 1.00% complete.
t1_sim:[63232. 63003. 64267.] t2_sim:[62857. 61974. 64147.]
Task is 2.00% complete.
t1_sim:[62026. 62726. 64305.] t2_sim:[67305. 65121. 65336.]
Task is 3.00% complete.
t1_sim:[62793. 62224. 63319.] t2_sim:[63343. 64007. 64343.]
Task is 4.00% complete.
t1_sim:[65043. 66029. 66542.] t2_sim:[60211. 59921. 61362.]
Task is 5.00% complete.
t1_sim:[61280. 59678. 60809.] t2_sim:[64865. 63929. 65171.]
Task is 6.00% complete.
t1_sim:[62857. 61735. 64080.] t2_sim:[64701. 64820. 65499.]
Task is 7.00% complete.
t1_sim:[58934. 60500. 61403.] t2_sim:[65688. 63745. 65565.]
Task is 8.00% complete.
t1_sim:[57280. 57557. 61122.] t2_sim:[65068. 64443. 65324.]
Task is 9.00% complete.
t1_sim:[63344. 65154. 65619.] t2_sim:[57335. 58412. 57904.]
Task is 10.00% complete.
t1_sim:[64045. 62363. 65460.] t2_sim:[61172. 61244. 63470.]
Task is 11.00% complete.
t1_sim:[65134. 65678. 66775.] t2_sim:[64498. 63059. 63761.]
Task is 12.00% complete.
t1_sim:[65953. 65811. 67166.] t2_sim:[65776. 65807. 64960.]
Task is 13.00% complete.
t1_sim:[61661. 62970. 63558.] t2_sim:[65571. 67466. 67146.]
Task is 14.00% complete.
t1_sim:[58518. 57506. 59426.] t2_sim:[63004. 62269. 62946.]
Task is 15.00% complete.
t1_sim:[67915. 66650. 67432.] t2_sim:[61937. 62756. 62183.]
Task is 16.00% complete.
t1_sim:[68890. 69606. 71936.] t2_sim:[58513. 57487. 59997.]
Task is 17.00% complete.
t1_sim:[60286. 61425. 61242.] t2_sim:[62127. 63277. 64134.]
Task is 18.00% complete.
t1_sim:[59132. 58574. 59224.] t2_sim:[64403. 64616. 65843.]
Task is 19.00% complete.
t1_sim:[57667. 56395. 59013.] t2_sim:[61183. 62387. 62537.]
Task is 20.00% complete.
t1_sim:[65459. 65471. 67182.] t2_sim:[61054. 63349. 62508.]
Task is 21.00% complete.
t1_sim:[62504. 63558. 63796.] t2_sim:[61425. 61684. 61799.]
Task is 22.00% complete.
t1_sim:[62421. 64059. 63584.] t2_sim:[67355. 68539. 68416.]
Task is 23.00% complete.
t1_sim:[66293. 65574. 67487.] t2_sim:[66178. 66593. 66154.]
Task is 24.00% complete.
t1_sim:[60251. 59612. 61117.] t2_sim:[66209. 66053. 66293.]
Task is 25.00% complete.
t1_sim:[61773. 61142. 62732.] t2_sim:[63268. 63865. 63168.]
Task is 26.00% complete.
t1_sim:[64619. 65500. 66989.] t2_sim:[63377. 62444. 62904.]
Task is 27.00% complete.
t1_sim:[66161. 65197. 66466.] t2_sim:[65450. 65357. 65862.]
Task is 28.00% complete.
t1_sim:[54971. 54896. 57142.] t2_sim:[61056. 59428. 61589.]
Task is 29.00% complete.
t1_sim:[60868. 61156. 63058.] t2_sim:[61408. 59685. 61532.]
Task is 30.00% complete.
t1_sim:[63315. 64882. 64425.] t2_sim:[62084. 63181. 63510.]
Task is 31.00% complete.
t1_sim:[62907. 63161. 65578.] t2_sim:[58929. 59908. 59529.]
Task is 32.00% complete.
t1_sim:[60608. 62280. 61311.] t2_sim:[54831. 54132. 55308.]
Task is 33.00% complete.
t1_sim:[66521. 65500. 68328.] t2_sim:[66309. 65444. 65779.]
Task is 34.00% complete.
t1_sim:[65368. 65626. 67060.] t2_sim:[61179. 60328. 61243.]
Task is 35.00% complete.
t1_sim:[66252. 63204. 65957.] t2_sim:[67914. 67095. 67662.]
Task is 36.00% complete.
t1_sim:[64455. 63897. 65434.] t2_sim:[64440. 65090. 65175.]
Task is 37.00% complete.
t1_sim:[65126. 66763. 67118.] t2_sim:[56318. 57554. 57885.]
Task is 38.00% complete.
t1_sim:[55510. 56791. 58497.] t2_sim:[58675. 60517. 59498.]
Task is 39.00% complete.
t1_sim:[64045. 65347. 66533.] t2_sim:[53517. 53482. 53726.]
Task is 40.00% complete.
t1_sim:[66588. 64939. 66829.] t2_sim:[63164. 63691. 63395.]
Task is 41.00% complete.
t1_sim:[64010. 63785. 64355.] t2_sim:[60805. 59429. 60871.]
Task is 42.00% complete.
t1_sim:[63963. 64346. 64624.] t2_sim:[55300. 55230. 55169.]
Task is 43.00% complete.
t1_sim:[65813. 67499. 67302.] t2_sim:[64343. 63989. 64140.]
Task is 44.00% complete.
t1_sim:[69916. 68120. 71145.] t2_sim:[59196. 59606. 60768.]
Task is 45.00% complete.
t1_sim:[63915. 65492. 65372.] t2_sim:[62508. 64646. 65061.]
Task is 46.00% complete.
t1_sim:[62631. 62867. 64050.] t2_sim:[59927. 61569. 61818.]
Task is 47.00% complete.
t1_sim:[59859. 59480. 61585.] t2_sim:[61705. 62776. 61082.]
Task is 48.00% complete.
t1_sim:[63121. 63120. 64399.] t2_sim:[60288. 61247. 61243.]
Task is 49.00% complete.
t1_sim:[59268. 57905. 60521.] t2_sim:[57486. 58236. 58007.]
Task is 50.00% complete.
t1_sim:[63882. 65111. 66123.] t2_sim:[57884. 58206. 59514.]
Task is 51.00% complete.
t1_sim:[60965. 61516. 63445.] t2_sim:[59448. 60208. 61531.]
Task is 52.00% complete.
t1_sim:[59300. 60135. 61589.] t2_sim:[63527. 64345. 64729.]
Task is 53.00% complete.
t1_sim:[57417. 55525. 59271.] t2_sim:[59415. 59612. 61723.]
Task is 54.00% complete.
t1_sim:[64589. 63562. 64984.] t2_sim:[65367. 65888. 66551.]
Task is 55.00% complete.
t1_sim:[60303. 60265. 60962.] t2_sim:[68697. 70306. 69620.]
Task is 56.00% complete.
t1_sim:[59211. 58895. 59596.] t2_sim:[61369. 60545. 61518.]
Task is 57.00% complete.
t1_sim:[64625. 63626. 64825.] t2_sim:[66041. 65944. 65601.]
Task is 58.00% complete.
t1_sim:[60545. 61334. 63622.] t2_sim:[59156. 59689. 59407.]
Task is 59.00% complete.
t1_sim:[65064. 63220. 64878.] t2_sim:[67279. 67165. 67759.]
Task is 60.00% complete.
t1_sim:[65629. 65909. 68473.] t2_sim:[65480. 66218. 66493.]
Task is 61.00% complete.
t1_sim:[62145. 61672. 63069.] t2_sim:[64092. 65550. 65955.]
Task is 62.00% complete.
t1_sim:[61756. 62760. 63212.] t2_sim:[60163. 60074. 60921.]
Task is 63.00% complete.
t1_sim:[62507. 61290. 62839.] t2_sim:[60534. 62611. 62708.]
Task is 64.00% complete.
t1_sim:[62208. 61281. 61931.] t2_sim:[61546. 63418. 62905.]
Task is 65.00% complete.
t1_sim:[61970. 62217. 63972.] t2_sim:[63859. 65136. 65504.]
Task is 66.00% complete.
t1_sim:[64088. 63877. 65647.] t2_sim:[65935. 64693. 65347.]
Task is 67.00% complete.
t1_sim:[66078. 65242. 67234.] t2_sim:[60422. 60004. 60198.]
Task is 68.00% complete.
t1_sim:[59002. 59176. 59637.] t2_sim:[60120. 59666. 59756.]
Task is 69.00% complete.
t1_sim:[61383. 61426. 63706.] t2_sim:[62584. 61646. 61342.]
Task is 70.00% complete.
t1_sim:[62756. 62040. 62888.] t2_sim:[62104. 64211. 63208.]
Task is 71.00% complete.
t1_sim:[62505. 61608. 62747.] t2_sim:[61967. 63699. 63540.]
Task is 72.00% complete.
t1_sim:[64511. 65909. 64177.] t2_sim:[64761. 63751. 64987.]
Task is 73.00% complete.
t1_sim:[68524. 66881. 68382.] t2_sim:[61352. 61424. 62433.]
Task is 74.00% complete.
t1_sim:[67411. 67686. 70168.] t2_sim:[56658. 56638. 57650.]
Task is 75.00% complete.
t1_sim:[63740. 63804. 63291.] t2_sim:[61689. 61643. 61679.]
Task is 76.00% complete.
t1_sim:[63483. 62099. 64939.] t2_sim:[56090. 56472. 58772.]
Task is 77.00% complete.
t1_sim:[65469. 68112. 69105.] t2_sim:[60855. 60907. 61750.]
Task is 78.00% complete.
t1_sim:[61132. 59349. 61679.] t2_sim:[65530. 65441. 66441.]
Task is 79.00% complete.
t1_sim:[62288. 61500. 63332.] t2_sim:[60388. 58994. 60178.]
Task is 80.00% complete.
t1_sim:[58405. 58041. 58262.] t2_sim:[65684. 65975. 64881.]
Task is 81.00% complete.
t1_sim:[65987. 66409. 65988.] t2_sim:[66631. 67538. 68138.]
Task is 82.00% complete.
t1_sim:[59626. 57836. 62398.] t2_sim:[60749. 61712. 61616.]
Task is 83.00% complete.
t1_sim:[57670. 58858. 59267.] t2_sim:[66372. 66373. 65846.]
Task is 84.00% complete.
t1_sim:[60963. 59532. 61089.] t2_sim:[61247. 62113. 63864.]
Task is 85.00% complete.
t1_sim:[66931. 66431. 68067.] t2_sim:[68206. 66308. 67961.]
Task is 86.00% complete.
t1_sim:[60579. 62113. 62455.] t2_sim:[63467. 63777. 63574.]
Task is 87.00% complete.
t1_sim:[60842. 59930. 61831.] t2_sim:[67780. 66639. 67462.]
Task is 88.00% complete.
t1_sim:[59918. 58998. 63622.] t2_sim:[62662. 62805. 64589.]
Task is 89.00% complete.
t1_sim:[62972. 62032. 62981.] t2_sim:[61205. 62750. 63662.]
Task is 90.00% complete.
t1_sim:[61769. 62427. 62806.] t2_sim:[63756. 63428. 63474.]
Task is 91.00% complete.
t1_sim:[61689. 63401. 65358.] t2_sim:[54920. 55702. 56917.]
Task is 92.00% complete.
t1_sim:[67301. 67317. 68906.] t2_sim:[60398. 61961. 62091.]
Task is 93.00% complete.
t1_sim:[58774. 60421. 61096.] t2_sim:[57560. 56197. 58093.]
Task is 94.00% complete.
t1_sim:[57430. 58083. 59554.] t2_sim:[61551. 63497. 63575.]
Task is 95.00% complete.
t1_sim:[66057. 65327. 66927.] t2_sim:[62931. 62564. 63445.]
Task is 96.00% complete.
t1_sim:[62027. 62581. 64499.] t2_sim:[63391. 63871. 64735.]
Task is 97.00% complete.
t1_sim:[60814. 61366. 61967.] t2_sim:[59166. 58738. 58748.]
Task is 98.00% complete.
t1_sim:[60762. 61788. 64113.] t2_sim:[65532. 66911. 67577.]
Task is 99.00% complete.
t1_sim:[63956. 65056. 65081.] t2_sim:[64284. 64644. 64223.]
Training start
t1_obs:[array(91840.), array(84360.), array(77280.)] t2_obs:[array(98454.), array(90196.), array(88573.)]
corr_G1:[None, None, 0.5205906933956923] corr_G2:[None, None, 0.5410177795231961]
Training end
Task is 0.00% complete.
t1_sim:[64605. 64569. 62209.] t2_sim:[67512. 65939. 63285.]
Task is 1.00% complete.
t1_sim:[64148. 66486. 62269.] t2_sim:[65004. 65640. 60741.]
Task is 2.00% complete.
t1_sim:[61906. 60448. 59957.] t2_sim:[65947. 65387. 60765.]
Task is 3.00% complete.
t1_sim:[58850. 58867. 56483.] t2_sim:[65538. 63745. 60202.]
Task is 4.00% complete.
t1_sim:[61653. 63302. 61081.] t2_sim:[67019. 66651. 63622.]
Task is 5.00% complete.
t1_sim:[56812. 56764. 53663.] t2_sim:[62301. 62286. 57820.]
Task is 6.00% complete.
t1_sim:[64265. 64306. 61532.] t2_sim:[62133. 61582. 58077.]
Task is 7.00% complete.
t1_sim:[67881. 68621. 63817.] t2_sim:[61572. 62522. 59429.]
Task is 8.00% complete.
t1_sim:[65278. 64969. 60984.] t2_sim:[60879. 63568. 57987.]
Task is 9.00% complete.
t1_sim:[60710. 60282. 58498.] t2_sim:[66714. 64998. 61529.]
Task is 10.00% complete.
t1_sim:[61386. 61908. 58560.] t2_sim:[64241. 64185. 60299.]
Task is 11.00% complete.
t1_sim:[67011. 65087. 62562.] t2_sim:[63224. 63377. 60343.]
Task is 12.00% complete.
t1_sim:[62691. 61723. 61234.] t2_sim:[60258. 60727. 55968.]
Task is 13.00% complete.
t1_sim:[66698. 64764. 61344.] t2_sim:[60888. 58930. 55954.]
Task is 14.00% complete.
t1_sim:[62674. 61644. 59395.] t2_sim:[64242. 64566. 59613.]
Task is 15.00% complete.
t1_sim:[65233. 66386. 63934.] t2_sim:[66120. 65976. 61054.]
Task is 16.00% complete.
t1_sim:[61082. 60559. 59016.] t2_sim:[64512. 66070. 60795.]
Task is 17.00% complete.
t1_sim:[63865. 62892. 60847.] t2_sim:[67545. 67218. 63138.]
Task is 18.00% complete.
t1_sim:[66829. 68200. 63528.] t2_sim:[61559. 62351. 57922.]
Task is 19.00% complete.
t1_sim:[61998. 61539. 58889.] t2_sim:[55106. 55638. 52394.]
Task is 20.00% complete.
t1_sim:[62417. 61297. 59372.] t2_sim:[64860. 62772. 60609.]
Task is 21.00% complete.
t1_sim:[61829. 61799. 57570.] t2_sim:[64484. 62913. 60525.]
Task is 22.00% complete.
t1_sim:[60257. 60941. 56807.] t2_sim:[64006. 64446. 61084.]
Task is 23.00% complete.
t1_sim:[68239. 67986. 67053.] t2_sim:[63886. 63645. 60772.]
Task is 24.00% complete.
t1_sim:[63459. 65009. 62212.] t2_sim:[63390. 63577. 59444.]
Task is 25.00% complete.
t1_sim:[69852. 68484. 66457.] t2_sim:[62699. 62651. 58210.]
Task is 26.00% complete.
t1_sim:[66017. 64530. 62673.] t2_sim:[62375. 62740. 58834.]
Task is 27.00% complete.
t1_sim:[64625. 64027. 60809.] t2_sim:[63030. 65214. 60509.]
Task is 28.00% complete.
t1_sim:[58819. 59169. 56353.] t2_sim:[58290. 57831. 52071.]
Task is 29.00% complete.
t1_sim:[55887. 55677. 51655.] t2_sim:[64217. 64489. 61162.]
Task is 30.00% complete.
t1_sim:[62263. 64012. 61107.] t2_sim:[59979. 60736. 56368.]
Task is 31.00% complete.
t1_sim:[58267. 58646. 55189.] t2_sim:[58739. 59505. 55585.]
Task is 32.00% complete.
t1_sim:[59040. 59148. 55923.] t2_sim:[59803. 58737. 55533.]
Task is 33.00% complete.
t1_sim:[64114. 63687. 60378.] t2_sim:[60069. 60185. 56817.]
Task is 34.00% complete.
t1_sim:[56131. 56945. 53768.] t2_sim:[65908. 65715. 62001.]
Task is 35.00% complete.
t1_sim:[64510. 64684. 60596.] t2_sim:[62881. 62936. 60257.]
Task is 36.00% complete.
t1_sim:[66391. 65766. 63108.] t2_sim:[56834. 57694. 55384.]
Task is 37.00% complete.
t1_sim:[64903. 63974. 61973.] t2_sim:[61197. 62487. 59679.]
Task is 38.00% complete.
t1_sim:[63516. 63995. 61428.] t2_sim:[62787. 61840. 58762.]
Task is 39.00% complete.
t1_sim:[60398. 61198. 57024.] t2_sim:[65089. 65711. 61715.]
Task is 40.00% complete.
t1_sim:[67121. 67222. 63162.] t2_sim:[58072. 57507. 54669.]
Task is 41.00% complete.
t1_sim:[61917. 61135. 58814.] t2_sim:[66540. 66542. 63440.]
Task is 42.00% complete.
t1_sim:[62553. 62299. 58815.] t2_sim:[64902. 64863. 62673.]
Task is 43.00% complete.
t1_sim:[61387. 61077. 58917.] t2_sim:[59616. 61480. 56573.]
Task is 44.00% complete.
t1_sim:[53203. 55322. 52878.] t2_sim:[60941. 59845. 55492.]
Task is 45.00% complete.
t1_sim:[65260. 64987. 63826.] t2_sim:[64178. 64167. 60508.]
Task is 46.00% complete.
t1_sim:[67875. 66684. 64244.] t2_sim:[62918. 61805. 58368.]
Task is 47.00% complete.
t1_sim:[58215. 58940. 54868.] t2_sim:[63138. 61650. 58851.]
Task is 48.00% complete.
t1_sim:[65600. 65450. 62294.] t2_sim:[56320. 56832. 51983.]
Task is 49.00% complete.
t1_sim:[60373. 59337. 57659.] t2_sim:[63880. 64691. 61502.]
Task is 50.00% complete.
t1_sim:[64168. 64038. 60199.] t2_sim:[62626. 62514. 58623.]
Task is 51.00% complete.
t1_sim:[55839. 56310. 54545.] t2_sim:[63395. 64658. 61055.]
Task is 52.00% complete.
t1_sim:[65307. 67031. 61391.] t2_sim:[57813. 57444. 55521.]
Task is 53.00% complete.
t1_sim:[64841. 65575. 63052.] t2_sim:[67724. 68217. 64146.]
Task is 54.00% complete.
t1_sim:[63976. 63105. 60934.] t2_sim:[58655. 59838. 55893.]
Task is 55.00% complete.
t1_sim:[60984. 62525. 58420.] t2_sim:[61568. 61368. 56743.]
Task is 56.00% complete.
t1_sim:[62315. 63263. 60152.] t2_sim:[61016. 61998. 58865.]
Task is 57.00% complete.
t1_sim:[67051. 65916. 63428.] t2_sim:[59883. 59747. 56304.]
Task is 58.00% complete.
t1_sim:[63959. 63371. 59938.] t2_sim:[64583. 64114. 61582.]
Task is 59.00% complete.
t1_sim:[57349. 57271. 54714.] t2_sim:[60208. 59035. 56213.]
Task is 60.00% complete.
t1_sim:[61426. 62351. 58265.] t2_sim:[63964. 64568. 61197.]
Task is 61.00% complete.
t1_sim:[63725. 63460. 60784.] t2_sim:[65234. 64543. 61011.]
Task is 62.00% complete.
t1_sim:[67842. 66314. 61873.] t2_sim:[60235. 60760. 57251.]
Task is 63.00% complete.
t1_sim:[61856. 60551. 59883.] t2_sim:[63369. 63281. 59932.]
Task is 64.00% complete.
t1_sim:[60163. 61474. 58745.] t2_sim:[65427. 65158. 61826.]
Task is 65.00% complete.
t1_sim:[60730. 59649. 56697.] t2_sim:[55442. 54470. 52488.]
Task is 66.00% complete.
t1_sim:[61816. 60600. 57735.] t2_sim:[59628. 58025. 54714.]
Task is 67.00% complete.
t1_sim:[60964. 61363. 59357.] t2_sim:[64141. 63748. 59648.]
Task is 68.00% complete.
t1_sim:[60708. 58946. 57030.] t2_sim:[67526. 67575. 64641.]
Task is 69.00% complete.
t1_sim:[62735. 62901. 59626.] t2_sim:[64836. 65151. 62729.]
Task is 70.00% complete.
t1_sim:[57245. 57298. 55337.] t2_sim:[62140. 60008. 57091.]
Task is 71.00% complete.
t1_sim:[65053. 65702. 63536.] t2_sim:[68984. 67297. 65410.]
Task is 72.00% complete.
t1_sim:[60873. 60674. 59268.] t2_sim:[63687. 61760. 59433.]
Task is 73.00% complete.
t1_sim:[64186. 63836. 62490.] t2_sim:[60293. 60125. 58074.]
Task is 74.00% complete.
t1_sim:[57520. 57252. 55351.] t2_sim:[65033. 63221. 60252.]
Task is 75.00% complete.
t1_sim:[59776. 60808. 57959.] t2_sim:[57741. 58564. 55593.]
Task is 76.00% complete.
t1_sim:[65930. 67372. 64577.] t2_sim:[61832. 62605. 59481.]
Task is 77.00% complete.
t1_sim:[60683. 59351. 56520.] t2_sim:[62769. 63064. 58732.]
Task is 78.00% complete.
t1_sim:[63369. 62702. 60895.] t2_sim:[59439. 59991. 55830.]
Task is 79.00% complete.
t1_sim:[65056. 65043. 62097.] t2_sim:[63093. 62926. 59518.]
Task is 80.00% complete.
t1_sim:[62332. 62371. 58585.] t2_sim:[61979. 62852. 59822.]
Task is 81.00% complete.
t1_sim:[66627. 67874. 64746.] t2_sim:[65063. 63402. 61049.]
Task is 82.00% complete.
t1_sim:[62554. 61722. 59743.] t2_sim:[60558. 61034. 57304.]
Task is 83.00% complete.
t1_sim:[60943. 61713. 59857.] t2_sim:[61050. 61617. 57456.]
Task is 84.00% complete.
t1_sim:[59788. 61687. 59557.] t2_sim:[60364. 60542. 57349.]
Task is 85.00% complete.
t1_sim:[64460. 63776. 61626.] t2_sim:[57516. 59414. 54709.]
Task is 86.00% complete.
t1_sim:[63370. 63144. 61451.] t2_sim:[69668. 69482. 65942.]
Task is 87.00% complete.
t1_sim:[61585. 62775. 57367.] t2_sim:[64232. 62937. 58464.]
Task is 88.00% complete.
t1_sim:[64147. 63469. 63415.] t2_sim:[63314. 62644. 58729.]
Task is 89.00% complete.
t1_sim:[61661. 61462. 58917.] t2_sim:[63582. 64648. 61425.]
Task is 90.00% complete.
t1_sim:[65950. 63844. 63866.] t2_sim:[63321. 61920. 58892.]
Task is 91.00% complete.
t1_sim:[59319. 60134. 56255.] t2_sim:[60937. 62924. 58135.]
Task is 92.00% complete.
t1_sim:[60517. 59979. 59236.] t2_sim:[66695. 65973. 63123.]
Task is 93.00% complete.
t1_sim:[60061. 59191. 56959.] t2_sim:[62128. 60670. 57632.]
Task is 94.00% complete.
t1_sim:[65073. 66240. 60845.] t2_sim:[61691. 61883. 57635.]
Task is 95.00% complete.
t1_sim:[61572. 61808. 60250.] t2_sim:[66339. 65120. 61503.]
Task is 96.00% complete.
t1_sim:[61035. 61665. 57758.] t2_sim:[59952. 60466. 56949.]
Task is 97.00% complete.
t1_sim:[62308. 62279. 60075.] t2_sim:[62899. 63883. 59387.]
Task is 98.00% complete.
t1_sim:[65027. 64190. 62036.] t2_sim:[62522. 60699. 58935.]
Task is 99.00% complete.
t1_sim:[61940. 61290. 58470.] t2_sim:[66343. 65660. 62238.]
Finished
