/scratch/jz4721/Post-prediction-Causal-Inference/venv/lib/python3.8/site-packages/numpy/core/getlimits.py:518: UserWarning: The value of the smallest subnormal for <class 'numpy.float64'> type is zero.
  setattr(self, word, getattr(machar, word).flat[0])
/scratch/jz4721/Post-prediction-Causal-Inference/venv/lib/python3.8/site-packages/numpy/core/getlimits.py:89: UserWarning: The value of the smallest subnormal for <class 'numpy.float64'> type is zero.
  return self._float_to_str(self.smallest_subnormal)
/scratch/jz4721/Post-prediction-Causal-Inference/venv/lib/python3.8/site-packages/numpy/core/getlimits.py:518: UserWarning: The value of the smallest subnormal for <class 'numpy.float32'> type is zero.
  setattr(self, word, getattr(machar, word).flat[0])
/scratch/jz4721/Post-prediction-Causal-Inference/venv/lib/python3.8/site-packages/numpy/core/getlimits.py:89: UserWarning: The value of the smallest subnormal for <class 'numpy.float32'> type is zero.
  return self._float_to_str(self.smallest_subnormal)
Begin
Training start
t1_obs:[array(93854.), array(92317.), array(74382.)] t2_obs:[array(93349.), array(91660.), array(79109.)]
corr_G1:[None, None, 0] corr_G2:[None, None, -4.392241123238578e-18]
Training end
Task is 0.00% complete.
t1_sim:[63949. 63962. 68260.] t2_sim:[66904. 65860. 65729.]
Task is 1.00% complete.
t1_sim:[66242. 65380. 66148.] t2_sim:[62359. 62658. 63158.]
Task is 2.00% complete.
t1_sim:[63083. 63613. 63807.] t2_sim:[56589. 56624. 60644.]
Task is 3.00% complete.
t1_sim:[63333. 62759. 59931.] t2_sim:[60279. 60150. 59947.]
Task is 4.00% complete.
t1_sim:[67039. 67582. 68750.] t2_sim:[66357. 65348. 66233.]
Task is 5.00% complete.
t1_sim:[61783. 62245. 62325.] t2_sim:[62772. 61748. 62425.]
Task is 6.00% complete.
t1_sim:[62688. 63036. 63039.] t2_sim:[61436. 61877. 61367.]
Task is 7.00% complete.
t1_sim:[66328. 65495. 65658.] t2_sim:[62520. 61439. 62978.]
Task is 8.00% complete.
t1_sim:[59704. 59813. 56567.] t2_sim:[57349. 56695. 59310.]
Task is 9.00% complete.
t1_sim:[62435. 62375. 63507.] t2_sim:[60571. 60548. 61683.]
Task is 10.00% complete.
t1_sim:[63898. 63745. 59112.] t2_sim:[64075. 64292. 63399.]
Task is 11.00% complete.
t1_sim:[59137. 58744. 61689.] t2_sim:[70336. 71039. 70228.]
Task is 12.00% complete.
t1_sim:[64279. 64780. 60200.] t2_sim:[61081. 60829. 60195.]
Task is 13.00% complete.
t1_sim:[60551. 61252. 60671.] t2_sim:[62986. 63735. 64503.]
Task is 14.00% complete.
t1_sim:[60730. 61488. 60586.] t2_sim:[60978. 60662. 62241.]
Task is 15.00% complete.
t1_sim:[62923. 62661. 62556.] t2_sim:[62036. 62736. 63551.]
Task is 16.00% complete.
t1_sim:[64498. 64044. 63994.] t2_sim:[60723. 60090. 61930.]
Task is 17.00% complete.
t1_sim:[62616. 62984. 62068.] t2_sim:[54331. 55166. 57689.]
Task is 18.00% complete.
t1_sim:[61527. 62157. 62533.] t2_sim:[60989. 60842. 59510.]
Task is 19.00% complete.
t1_sim:[60342. 59772. 60659.] t2_sim:[67943. 66895. 66492.]
Task is 20.00% complete.
t1_sim:[64270. 64048. 64189.] t2_sim:[60740. 60458. 58999.]
Task is 21.00% complete.
t1_sim:[64738. 65044. 66855.] t2_sim:[60663. 61468. 60460.]
Task is 22.00% complete.
t1_sim:[63791. 63805. 61531.] t2_sim:[64179. 64651. 65238.]
Task is 23.00% complete.
t1_sim:[67174. 66788. 68091.] t2_sim:[67976. 67801. 68788.]
Task is 24.00% complete.
t1_sim:[63594. 63967. 64050.] t2_sim:[68062. 69254. 65077.]
Task is 25.00% complete.
t1_sim:[58741. 59243. 57993.] t2_sim:[64727. 64477. 64521.]
Task is 26.00% complete.
t1_sim:[62999. 62579. 62036.] t2_sim:[60472. 60555. 59969.]
Task is 27.00% complete.
t1_sim:[59725. 58094. 57906.] t2_sim:[58872. 57645. 56187.]
Task is 28.00% complete.
t1_sim:[66941. 66320. 66191.] t2_sim:[56733. 56530. 57047.]
Task is 29.00% complete.
t1_sim:[57470. 56968. 59725.] t2_sim:[61429. 62273. 62727.]
Task is 30.00% complete.
t1_sim:[59504. 60445. 60210.] t2_sim:[62294. 61547. 61036.]
Task is 31.00% complete.
t1_sim:[64972. 64008. 63013.] t2_sim:[61586. 61659. 63890.]
Task is 32.00% complete.
t1_sim:[60665. 60627. 63376.] t2_sim:[58842. 58519. 58480.]
Task is 33.00% complete.
t1_sim:[64917. 64739. 65128.] t2_sim:[62241. 62301. 64530.]
Task is 34.00% complete.
t1_sim:[63084. 63099. 62842.] t2_sim:[56050. 56071. 59425.]
Task is 35.00% complete.
t1_sim:[60342. 59741. 58821.] t2_sim:[58823. 59789. 60127.]
Task is 36.00% complete.
t1_sim:[62068. 61578. 61923.] t2_sim:[61996. 62472. 60857.]
Task is 37.00% complete.
t1_sim:[62180. 61940. 60135.] t2_sim:[67923. 68002. 66022.]
Task is 38.00% complete.
t1_sim:[63376. 63198. 67099.] t2_sim:[64774. 65547. 65409.]
Task is 39.00% complete.
t1_sim:[60548. 60261. 60474.] t2_sim:[65321. 65568. 63820.]
Task is 40.00% complete.
t1_sim:[55302. 54783. 57700.] t2_sim:[54974. 55471. 55834.]
Task is 41.00% complete.
t1_sim:[58707. 58623. 59608.] t2_sim:[57122. 57466. 58991.]
Task is 42.00% complete.
t1_sim:[56631. 57440. 56077.] t2_sim:[61345. 60909. 60628.]
Task is 43.00% complete.
t1_sim:[64038. 63654. 62402.] t2_sim:[66176. 66573. 63796.]
Task is 44.00% complete.
t1_sim:[62032. 61828. 61594.] t2_sim:[62678. 62863. 62015.]
Task is 45.00% complete.
t1_sim:[53731. 53823. 57349.] t2_sim:[60383. 60706. 61484.]
Task is 46.00% complete.
t1_sim:[64295. 64539. 65664.] t2_sim:[67694. 67115. 69182.]
Task is 47.00% complete.
t1_sim:[65766. 65864. 66779.] t2_sim:[65037. 64199. 64638.]
Task is 48.00% complete.
t1_sim:[66890. 66042. 67032.] t2_sim:[59587. 60198. 61105.]
Task is 49.00% complete.
t1_sim:[59087. 59670. 60117.] t2_sim:[62498. 61521. 63856.]
Task is 50.00% complete.
t1_sim:[57819. 57507. 57192.] t2_sim:[65971. 66472. 67452.]
Task is 51.00% complete.
t1_sim:[57531. 58310. 60330.] t2_sim:[63580. 63084. 62776.]
Task is 52.00% complete.
t1_sim:[59720. 59803. 56725.] t2_sim:[65872. 65634. 64775.]
Task is 53.00% complete.
t1_sim:[62958. 62815. 62519.] t2_sim:[60481. 60311. 59678.]
Task is 54.00% complete.
t1_sim:[64264. 64186. 63757.] t2_sim:[60888. 61258. 61464.]
Task is 55.00% complete.
t1_sim:[59340. 58507. 58895.] t2_sim:[60894. 60666. 59950.]
Task is 56.00% complete.
t1_sim:[59511. 58949. 56147.] t2_sim:[57782. 56918. 58204.]
Task is 57.00% complete.
t1_sim:[62678. 62514. 61844.] t2_sim:[64686. 63835. 63519.]
Task is 58.00% complete.
t1_sim:[67898. 67639. 65819.] t2_sim:[61463. 61839. 62952.]
Task is 59.00% complete.
t1_sim:[63244. 63494. 61629.] t2_sim:[68114. 68966. 66599.]
Task is 60.00% complete.
t1_sim:[61707. 61388. 62005.] t2_sim:[65468. 65744. 67496.]
Task is 61.00% complete.
t1_sim:[66680. 67374. 69069.] t2_sim:[62565. 63678. 64250.]
Task is 62.00% complete.
t1_sim:[62186. 62176. 63437.] t2_sim:[69393. 68620. 65638.]
Task is 63.00% complete.
t1_sim:[57777. 57354. 56134.] t2_sim:[62504. 63426. 62439.]
Task is 64.00% complete.
t1_sim:[61668. 61229. 63888.] t2_sim:[62391. 62111. 63468.]
Task is 65.00% complete.
t1_sim:[66588. 66125. 64792.] t2_sim:[65443. 64347. 64925.]
Task is 66.00% complete.
t1_sim:[60177. 60325. 59767.] t2_sim:[67542. 67621. 68388.]
Task is 67.00% complete.
t1_sim:[60962. 61766. 63288.] t2_sim:[60373. 61195. 58199.]
Task is 68.00% complete.
t1_sim:[60619. 61004. 61418.] t2_sim:[60058. 60728. 62180.]
Task is 69.00% complete.
t1_sim:[66802. 67150. 67624.] t2_sim:[63913. 62585. 63897.]
Task is 70.00% complete.
t1_sim:[61218. 61390. 62225.] t2_sim:[65790. 66038. 64340.]
Task is 71.00% complete.
t1_sim:[67020. 66669. 67752.] t2_sim:[67675. 66671. 67531.]
Task is 72.00% complete.
t1_sim:[59342. 59274. 59797.] t2_sim:[62642. 61440. 60315.]
Task is 73.00% complete.
t1_sim:[63273. 62748. 62024.] t2_sim:[59812. 60260. 60233.]
Task is 74.00% complete.
t1_sim:[60578. 62097. 60591.] t2_sim:[65038. 65850. 67737.]
Task is 75.00% complete.
t1_sim:[62342. 61530. 62477.] t2_sim:[61599. 61622. 58849.]
Task is 76.00% complete.
t1_sim:[63478. 62314. 62904.] t2_sim:[60600. 59087. 61885.]
Task is 77.00% complete.
t1_sim:[62190. 63771. 61453.] t2_sim:[60803. 60193. 60093.]
Task is 78.00% complete.
t1_sim:[59677. 59647. 57450.] t2_sim:[57806. 57428. 58014.]
Task is 79.00% complete.
t1_sim:[61497. 60566. 60113.] t2_sim:[61190. 61556. 63425.]
Task is 80.00% complete.
t1_sim:[65108. 63694. 62363.] t2_sim:[68153. 66639. 65736.]
Task is 81.00% complete.
t1_sim:[62470. 62527. 60224.] t2_sim:[67668. 67216. 66120.]
Task is 82.00% complete.
t1_sim:[62466. 62555. 64788.] t2_sim:[57845. 58092. 58394.]
Task is 83.00% complete.
t1_sim:[63158. 62752. 64497.] t2_sim:[64103. 64335. 64691.]
Task is 84.00% complete.
t1_sim:[64327. 64112. 65420.] t2_sim:[62712. 62487. 64029.]
Task is 85.00% complete.
t1_sim:[54587. 55003. 57040.] t2_sim:[70362. 69601. 70417.]
Task is 86.00% complete.
t1_sim:[59158. 59154. 56665.] t2_sim:[60489. 60697. 61535.]
Task is 87.00% complete.
t1_sim:[62797. 63147. 63133.] t2_sim:[60457. 61622. 63910.]
Task is 88.00% complete.
t1_sim:[64686. 65319. 64190.] t2_sim:[60443. 60807. 59861.]
Task is 89.00% complete.
t1_sim:[58360. 58177. 58872.] t2_sim:[63228. 63777. 62309.]
Task is 90.00% complete.
t1_sim:[59414. 59857. 60596.] t2_sim:[62685. 63110. 64190.]
Task is 91.00% complete.
t1_sim:[64851. 64689. 65248.] t2_sim:[65326. 65550. 65994.]
Task is 92.00% complete.
t1_sim:[70526. 71582. 68903.] t2_sim:[67514. 67723. 69342.]
Task is 93.00% complete.
t1_sim:[63097. 63640. 64733.] t2_sim:[64521. 64740. 64114.]
Task is 94.00% complete.
t1_sim:[63462. 63990. 63593.] t2_sim:[69668. 69254. 67402.]
Task is 95.00% complete.
t1_sim:[60667. 61004. 64397.] t2_sim:[59719. 59600. 60764.]
Task is 96.00% complete.
t1_sim:[66953. 67280. 66479.] t2_sim:[70127. 70631. 67553.]
Task is 97.00% complete.
t1_sim:[64268. 63902. 63895.] t2_sim:[57324. 57254. 57889.]
Task is 98.00% complete.
t1_sim:[59164. 59914. 63482.] t2_sim:[63995. 63258. 65142.]
Task is 99.00% complete.
t1_sim:[67580. 68020. 63594.] t2_sim:[60284. 59657. 62959.]
Training start
t1_obs:[array(93854.), array(92317.), array(84051.)] t2_obs:[array(93349.), array(91660.), array(84637.)]
corr_G1:[None, None, 0.9779862599166987] corr_G2:[None, None, 0.9861390154746952]
Training end
Task is 0.00% complete.
t1_sim:[59446. 58344. 56948.] t2_sim:[69794. 70072. 67355.]
Task is 1.00% complete.
t1_sim:[57369. 57834. 56373.] t2_sim:[60713. 60910. 60473.]
Task is 2.00% complete.
t1_sim:[61046. 59550. 58021.] t2_sim:[65666. 65225. 64126.]
Task is 3.00% complete.
t1_sim:[62897. 62836. 60523.] t2_sim:[57431. 58217. 56844.]
Task is 4.00% complete.
t1_sim:[62703. 62461. 61057.] t2_sim:[61841. 62676. 61870.]
Task is 5.00% complete.
t1_sim:[59354. 59552. 57393.] t2_sim:[59056. 59714. 58753.]
Task is 6.00% complete.
t1_sim:[62397. 61993. 60599.] t2_sim:[64219. 64442. 61897.]
Task is 7.00% complete.
t1_sim:[58368. 58583. 56834.] t2_sim:[62640. 62477. 61282.]
Task is 8.00% complete.
t1_sim:[63363. 63479. 60139.] t2_sim:[65500. 66873. 65560.]
Task is 9.00% complete.
t1_sim:[68145. 68550. 67350.] t2_sim:[58638. 58528. 57329.]
Task is 10.00% complete.
t1_sim:[65449. 65769. 64375.] t2_sim:[60868. 60832. 59340.]
Task is 11.00% complete.
t1_sim:[67519. 67924. 65084.] t2_sim:[63690. 63531. 62215.]
Task is 12.00% complete.
t1_sim:[61775. 62040. 60214.] t2_sim:[64042. 63951. 62485.]
Task is 13.00% complete.
t1_sim:[62197. 61630. 59629.] t2_sim:[68503. 67532. 66870.]
Task is 14.00% complete.
t1_sim:[57366. 57359. 56187.] t2_sim:[62208. 61482. 59138.]
Task is 15.00% complete.
t1_sim:[64986. 64965. 64254.] t2_sim:[60961. 60061. 58562.]
Task is 16.00% complete.
t1_sim:[68251. 68250. 66043.] t2_sim:[63992. 64781. 63275.]
Task is 17.00% complete.
t1_sim:[62511. 63559. 62530.] t2_sim:[61573. 61005. 59620.]
Task is 18.00% complete.
t1_sim:[57012. 55892. 52852.] t2_sim:[58410. 58280. 57094.]
Task is 19.00% complete.
t1_sim:[56074. 56828. 54400.] t2_sim:[62835. 64177. 62210.]
Task is 20.00% complete.
t1_sim:[63521. 64027. 61697.] t2_sim:[68640. 68443. 66621.]
Task is 21.00% complete.
t1_sim:[62235. 62628. 62734.] t2_sim:[66868. 67090. 65766.]
Task is 22.00% complete.
t1_sim:[70191. 70937. 69071.] t2_sim:[61579. 61558. 59323.]
Task is 23.00% complete.
t1_sim:[63194. 63320. 59759.] t2_sim:[65413. 65317. 64750.]
Task is 24.00% complete.
t1_sim:[63842. 62960. 61771.] t2_sim:[66391. 67395. 66000.]
Task is 25.00% complete.
t1_sim:[62994. 63112. 61102.] t2_sim:[64587. 64164. 62369.]
Task is 26.00% complete.
t1_sim:[57299. 57562. 56345.] t2_sim:[62151. 61673. 60566.]
Task is 27.00% complete.
t1_sim:[63042. 63502. 61455.] t2_sim:[59810. 60410. 58989.]
Task is 28.00% complete.
t1_sim:[61802. 62366. 61021.] t2_sim:[61725. 61260. 59567.]
Task is 29.00% complete.
t1_sim:[62166. 62037. 58433.] t2_sim:[64505. 64388. 63400.]
Task is 30.00% complete.
t1_sim:[57821. 57660. 54862.] t2_sim:[64784. 64709. 64178.]
Task is 31.00% complete.
t1_sim:[60025. 59401. 59195.] t2_sim:[62272. 62097. 61601.]
Task is 32.00% complete.
t1_sim:[64720. 64442. 62922.] t2_sim:[70593. 69816. 67767.]
Task is 33.00% complete.
t1_sim:[60820. 61763. 60306.] t2_sim:[58389. 58209. 56551.]
Task is 34.00% complete.
t1_sim:[65103. 65437. 64768.] t2_sim:[58749. 59216. 58059.]
Task is 35.00% complete.
t1_sim:[66233. 67024. 65859.] t2_sim:[62278. 62188. 61286.]
Task is 36.00% complete.
t1_sim:[63840. 63891. 62671.] t2_sim:[65934. 65127. 63199.]
Task is 37.00% complete.
t1_sim:[64904. 64501. 62507.] t2_sim:[58273. 58176. 56225.]
Task is 38.00% complete.
t1_sim:[63722. 63413. 62355.] t2_sim:[60362. 60744. 60098.]
Task is 39.00% complete.
t1_sim:[68485. 68897. 66683.] t2_sim:[59132. 59407. 58194.]
Task is 40.00% complete.
t1_sim:[68713. 68570. 65934.] t2_sim:[64282. 64353. 63356.]
Task is 41.00% complete.
t1_sim:[62635. 63210. 62007.] t2_sim:[62191. 61997. 59748.]
Task is 42.00% complete.
t1_sim:[57599. 57866. 56109.] t2_sim:[64199. 63742. 63016.]
Task is 43.00% complete.
t1_sim:[53154. 53839. 52055.] t2_sim:[66441. 66954. 65072.]
Task is 44.00% complete.
t1_sim:[59935. 60287. 58209.] t2_sim:[61788. 62242. 60825.]
Task is 45.00% complete.
t1_sim:[60961. 60880. 60188.] t2_sim:[64142. 63459. 62211.]
Task is 46.00% complete.
t1_sim:[61515. 61602. 59820.] t2_sim:[63667. 63746. 63077.]
Task is 47.00% complete.
t1_sim:[58394. 57749. 55788.] t2_sim:[65500. 65753. 64281.]
Task is 48.00% complete.
t1_sim:[63933. 64352. 62856.] t2_sim:[67686. 68029. 65535.]
Task is 49.00% complete.
t1_sim:[62468. 62617. 59670.] t2_sim:[65153. 65869. 63710.]
Task is 50.00% complete.
t1_sim:[67491. 68426. 66876.] t2_sim:[62667. 62967. 62764.]
Task is 51.00% complete.
t1_sim:[63624. 62934. 59550.] t2_sim:[61115. 60264. 58643.]
Task is 52.00% complete.
t1_sim:[61914. 61434. 60320.] t2_sim:[58687. 60166. 58771.]
Task is 53.00% complete.
t1_sim:[63873. 63908. 62945.] t2_sim:[64691. 63884. 61926.]
Task is 54.00% complete.
t1_sim:[61558. 61875. 59321.] t2_sim:[64793. 64539. 63814.]
Task is 55.00% complete.
t1_sim:[61523. 61041. 60476.] t2_sim:[65797. 66240. 63887.]
Task is 56.00% complete.
t1_sim:[68948. 68271. 66057.] t2_sim:[62231. 62927. 62207.]
Task is 57.00% complete.
t1_sim:[59779. 60294. 59641.] t2_sim:[58532. 58384. 57344.]
Task is 58.00% complete.
t1_sim:[69011. 69343. 67125.] t2_sim:[61214. 61358. 59883.]
Task is 59.00% complete.
t1_sim:[67671. 67919. 64255.] t2_sim:[62739. 63192. 62621.]
Task is 60.00% complete.
t1_sim:[60096. 60706. 60128.] t2_sim:[58561. 59688. 56723.]
Task is 61.00% complete.
t1_sim:[63619. 64312. 63057.] t2_sim:[63722. 63355. 60410.]
Task is 62.00% complete.
t1_sim:[59951. 60038. 58345.] t2_sim:[59399. 59741. 57397.]
Task is 63.00% complete.
t1_sim:[64620. 63932. 63457.] t2_sim:[66993. 66987. 67518.]
Task is 64.00% complete.
t1_sim:[58331. 59102. 58058.] t2_sim:[64255. 64222. 62638.]
Task is 65.00% complete.
t1_sim:[66994. 67029. 65682.] t2_sim:[64835. 65203. 62949.]
Task is 66.00% complete.
t1_sim:[63178. 63180. 61506.] t2_sim:[65420. 65808. 66469.]
Task is 67.00% complete.
t1_sim:[64645. 65274. 63957.] t2_sim:[65707. 66106. 64719.]
Task is 68.00% complete.
t1_sim:[62972. 62158. 59676.] t2_sim:[64195. 64344. 63057.]
Task is 69.00% complete.
t1_sim:[65975. 65249. 62756.] t2_sim:[61702. 62776. 61288.]
Task is 70.00% complete.
t1_sim:[61573. 62533. 61781.] t2_sim:[59890. 61022. 59740.]
Task is 71.00% complete.
t1_sim:[61618. 61557. 61163.] t2_sim:[68539. 68605. 66059.]
Task is 72.00% complete.
t1_sim:[61540. 62238. 61123.] t2_sim:[58929. 59432. 57311.]
Task is 73.00% complete.
t1_sim:[66295. 66267. 64931.] t2_sim:[57274. 57149. 55827.]
Task is 74.00% complete.
t1_sim:[63291. 63644. 61819.] t2_sim:[64246. 63934. 63011.]
Task is 75.00% complete.
t1_sim:[65694. 65248. 64069.] t2_sim:[67258. 68368. 66897.]
Task is 76.00% complete.
t1_sim:[58787. 58313. 57467.] t2_sim:[66554. 67196. 65167.]
Task is 77.00% complete.
t1_sim:[56966. 57845. 56491.] t2_sim:[62665. 61926. 60261.]
Task is 78.00% complete.
t1_sim:[61660. 61984. 60870.] t2_sim:[64878. 64279. 62163.]
Task is 79.00% complete.
t1_sim:[62503. 62557. 59808.] t2_sim:[61266. 62188. 61047.]
Task is 80.00% complete.
t1_sim:[66050. 67188. 66567.] t2_sim:[62567. 62279. 60678.]
Task is 81.00% complete.
t1_sim:[67390. 67411. 65416.] t2_sim:[61111. 60864. 59810.]
Task is 82.00% complete.
t1_sim:[55262. 55798. 56528.] t2_sim:[60297. 60425. 58483.]
Task is 83.00% complete.
t1_sim:[61407. 61165. 59433.] t2_sim:[60204. 59213. 57780.]
Task is 84.00% complete.
t1_sim:[63663. 63652. 62515.] t2_sim:[62679. 62410. 60976.]
Task is 85.00% complete.
t1_sim:[65879. 65949. 63701.] t2_sim:[69077. 68989. 68768.]
Task is 86.00% complete.
t1_sim:[69736. 70948. 67891.] t2_sim:[56178. 56134. 55010.]
Task is 87.00% complete.
t1_sim:[64575. 64723. 60471.] t2_sim:[64859. 64642. 63415.]
Task is 88.00% complete.
t1_sim:[55958. 56916. 55605.] t2_sim:[59798. 60243. 59543.]
Task is 89.00% complete.
t1_sim:[64833. 64639. 63327.] t2_sim:[66358. 66480. 65176.]
Task is 90.00% complete.
t1_sim:[59772. 59674. 58639.] t2_sim:[66150. 65962. 63356.]
Task is 91.00% complete.
t1_sim:[65634. 65777. 62727.] t2_sim:[61313. 62282. 60414.]
Task is 92.00% complete.
t1_sim:[62814. 63121. 60897.] t2_sim:[61395. 60952. 59780.]
Task is 93.00% complete.
t1_sim:[59569. 60826. 58441.] t2_sim:[62261. 62995. 61111.]
Task is 94.00% complete.
t1_sim:[66045. 66108. 63667.] t2_sim:[60848. 61199. 60494.]
Task is 95.00% complete.
t1_sim:[62407. 61412. 58787.] t2_sim:[64047. 64752. 63192.]
Task is 96.00% complete.
t1_sim:[62536. 62290. 61117.] t2_sim:[62652. 63833. 62367.]
Task is 97.00% complete.
t1_sim:[65114. 64990. 62495.] t2_sim:[59977. 59138. 57045.]
Task is 98.00% complete.
t1_sim:[63480. 62923. 60154.] t2_sim:[57216. 57274. 56210.]
Task is 99.00% complete.
t1_sim:[64767. 64808. 61616.] t2_sim:[66336. 66555. 64738.]
Training start
t1_obs:[array(93854.), array(92317.), array(79924.)] t2_obs:[array(93349.), array(91660.), array(80816.)]
corr_G1:[None, None, 0.5342760056607653] corr_G2:[None, None, 0.44497282593490545]
Training end
Task is 0.00% complete.
t1_sim:[61575. 62167. 58909.] t2_sim:[63708. 63828. 60414.]
Task is 1.00% complete.
t1_sim:[62676. 64052. 58777.] t2_sim:[62617. 62768. 56902.]
Task is 2.00% complete.
t1_sim:[65744. 65372. 60320.] t2_sim:[62345. 61933. 57753.]
Task is 3.00% complete.
t1_sim:[59392. 59901. 55978.] t2_sim:[59552. 58997. 55889.]
Task is 4.00% complete.
t1_sim:[59539. 60197. 55581.] t2_sim:[59152. 59490. 55276.]
Task is 5.00% complete.
t1_sim:[66676. 67026. 63092.] t2_sim:[61661. 61858. 57451.]
Task is 6.00% complete.
t1_sim:[67938. 67845. 64191.] t2_sim:[63411. 62615. 57801.]
Task is 7.00% complete.
t1_sim:[59772. 59639. 55482.] t2_sim:[58002. 58390. 53691.]
Task is 8.00% complete.
t1_sim:[59742. 59639. 55170.] t2_sim:[64826. 65067. 62168.]
Task is 9.00% complete.
t1_sim:[62417. 62936. 57848.] t2_sim:[61834. 61944. 57251.]
Task is 10.00% complete.
t1_sim:[62856. 63172. 59086.] t2_sim:[63965. 63308. 60121.]
Task is 11.00% complete.
t1_sim:[60364. 60385. 55240.] t2_sim:[60687. 59703. 55994.]
Task is 12.00% complete.
t1_sim:[61272. 60281. 56938.] t2_sim:[65742. 65549. 62800.]
Task is 13.00% complete.
t1_sim:[60128. 59490. 54953.] t2_sim:[61727. 61062. 57456.]
Task is 14.00% complete.
t1_sim:[68452. 68746. 65220.] t2_sim:[67044. 66271. 62825.]
Task is 15.00% complete.
t1_sim:[59555. 59569. 55112.] t2_sim:[63658. 63765. 58875.]
Task is 16.00% complete.
t1_sim:[57338. 56930. 53186.] t2_sim:[63407. 62953. 58239.]
Task is 17.00% complete.
t1_sim:[59720. 59771. 55914.] t2_sim:[59454. 59602. 56313.]
Task is 18.00% complete.
t1_sim:[66316. 66806. 61652.] t2_sim:[64744. 64819. 61663.]
Task is 19.00% complete.
t1_sim:[60814. 60911. 57224.] t2_sim:[64835. 64540. 59398.]
Task is 20.00% complete.
t1_sim:[62175. 62505. 57703.] t2_sim:[62015. 61956. 59504.]
Task is 21.00% complete.
t1_sim:[60954. 61446. 60170.] t2_sim:[62618. 63096. 58611.]
Task is 22.00% complete.
t1_sim:[56049. 56001. 52109.] t2_sim:[63341. 64221. 60547.]
Task is 23.00% complete.
t1_sim:[64730. 64010. 57714.] t2_sim:[59359. 59819. 56709.]
Task is 24.00% complete.
t1_sim:[67366. 67233. 63015.] t2_sim:[63319. 62935. 57789.]
Task is 25.00% complete.
t1_sim:[62992. 62706. 58147.] t2_sim:[64658. 64428. 59510.]
Task is 26.00% complete.
t1_sim:[62923. 62169. 58109.] t2_sim:[62677. 63176. 59126.]
Task is 27.00% complete.
t1_sim:[62193. 61610. 57955.] t2_sim:[64062. 63139. 58171.]
Task is 28.00% complete.
t1_sim:[67259. 66447. 61399.] t2_sim:[65191. 65317. 60601.]
Task is 29.00% complete.
t1_sim:[58637. 57271. 52952.] t2_sim:[60941. 61057. 56232.]
Task is 30.00% complete.
t1_sim:[59641. 59604. 53684.] t2_sim:[66996. 65979. 61473.]
Task is 31.00% complete.
t1_sim:[62758. 63380. 61233.] t2_sim:[56321. 56257. 50931.]
Task is 32.00% complete.
t1_sim:[63957. 63371. 60525.] t2_sim:[59203. 59300. 54696.]
Task is 33.00% complete.
t1_sim:[59885. 59597. 55182.] t2_sim:[56262. 55352. 50803.]
Task is 34.00% complete.
t1_sim:[58476. 58245. 53729.] t2_sim:[64344. 64110. 60261.]
Task is 35.00% complete.
t1_sim:[61377. 60623. 57011.] t2_sim:[63642. 62822. 58200.]
Task is 36.00% complete.
t1_sim:[60280. 60235. 56802.] t2_sim:[58399. 56913. 53415.]
Task is 37.00% complete.
t1_sim:[65255. 65290. 61501.] t2_sim:[65820. 65550. 60489.]
Task is 38.00% complete.
t1_sim:[59929. 59982. 56560.] t2_sim:[60794. 60191. 56011.]
Task is 39.00% complete.
t1_sim:[63972. 63898. 59080.] t2_sim:[60812. 61669. 57692.]
Task is 40.00% complete.
t1_sim:[63451. 63245. 58925.] t2_sim:[59248. 58855. 55792.]
Task is 41.00% complete.
t1_sim:[62341. 62813. 58561.] t2_sim:[65120. 64893. 60570.]
Task is 42.00% complete.
t1_sim:[60534. 60608. 55831.] t2_sim:[67738. 67995. 62741.]
Task is 43.00% complete.
t1_sim:[63237. 63200. 59477.] t2_sim:[63328. 63112. 58451.]
Task is 44.00% complete.
t1_sim:[59426. 60517. 58107.] t2_sim:[59917. 60229. 55462.]
Task is 45.00% complete.
t1_sim:[66683. 67393. 62333.] t2_sim:[59230. 59128. 55906.]
Task is 46.00% complete.
t1_sim:[70598. 70258. 65244.] t2_sim:[60414. 60997. 56897.]
Task is 47.00% complete.
t1_sim:[63238. 63233. 58389.] t2_sim:[62699. 62971. 59493.]
Task is 48.00% complete.
t1_sim:[66034. 65972. 61754.] t2_sim:[62388. 63407. 58730.]
Task is 49.00% complete.
t1_sim:[58809. 59335. 54366.] t2_sim:[58586. 59395. 55879.]
Task is 50.00% complete.
t1_sim:[64044. 64169. 61269.] t2_sim:[60038. 59708. 54479.]
Task is 51.00% complete.
t1_sim:[65161. 65528. 61448.] t2_sim:[63313. 63026. 58553.]
Task is 52.00% complete.
t1_sim:[68915. 69046. 65068.] t2_sim:[66765. 66721. 61786.]
Task is 53.00% complete.
t1_sim:[59581. 60351. 57312.] t2_sim:[63077. 62722. 59390.]
Task is 54.00% complete.
t1_sim:[59598. 59515. 55999.] t2_sim:[61506. 61707. 56508.]
Task is 55.00% complete.
t1_sim:[56747. 55906. 51653.] t2_sim:[63848. 64095. 58050.]
Task is 56.00% complete.
t1_sim:[62016. 62771. 61337.] t2_sim:[61557. 61453. 56133.]
Task is 57.00% complete.
t1_sim:[70327. 70105. 66267.] t2_sim:[67372. 66931. 63191.]
Task is 58.00% complete.
t1_sim:[57737. 57389. 55815.] t2_sim:[65794. 65819. 61164.]
Task is 59.00% complete.
t1_sim:[56865. 56560. 51705.] t2_sim:[64995. 65604. 62752.]
Task is 60.00% complete.
t1_sim:[60154. 60207. 56003.] t2_sim:[65060. 65159. 60244.]
Task is 61.00% complete.
t1_sim:[63429. 63480. 60295.] t2_sim:[59505. 59896. 56233.]
Task is 62.00% complete.
t1_sim:[67983. 67172. 63420.] t2_sim:[59614. 59634. 53688.]
Task is 63.00% complete.
t1_sim:[61354. 61697. 57784.] t2_sim:[58867. 59457. 55105.]
Task is 64.00% complete.
t1_sim:[65588. 65219. 61500.] t2_sim:[64252. 64539. 61762.]
Task is 65.00% complete.
t1_sim:[65467. 65085. 61296.] t2_sim:[61110. 60869. 56256.]
Task is 66.00% complete.
t1_sim:[57481. 58198. 53998.] t2_sim:[70564. 69772. 64184.]
Task is 67.00% complete.
t1_sim:[68823. 68262. 63440.] t2_sim:[66212. 66664. 60933.]
Task is 68.00% complete.
t1_sim:[68033. 69140. 64531.] t2_sim:[63105. 64239. 60631.]
Task is 69.00% complete.
t1_sim:[62008. 62284. 58196.] t2_sim:[60276. 60340. 56403.]
Task is 70.00% complete.
t1_sim:[59963. 60468. 56956.] t2_sim:[58618. 57732. 53127.]
Task is 71.00% complete.
t1_sim:[59906. 61227. 56226.] t2_sim:[68567. 68282. 61295.]
Task is 72.00% complete.
t1_sim:[64646. 64441. 60978.] t2_sim:[63666. 64305. 60911.]
Task is 73.00% complete.
t1_sim:[59911. 60381. 57506.] t2_sim:[61343. 61767. 57897.]
Task is 74.00% complete.
t1_sim:[60026. 58944. 54841.] t2_sim:[67397. 67551. 62800.]
Task is 75.00% complete.
t1_sim:[65823. 65453. 60929.] t2_sim:[71112. 71039. 66074.]
Task is 76.00% complete.
t1_sim:[58583. 58467. 53845.] t2_sim:[62744. 62512. 58748.]
Task is 77.00% complete.
t1_sim:[60233. 60799. 56776.] t2_sim:[67989. 67299. 63347.]
Task is 78.00% complete.
t1_sim:[66850. 66925. 62473.] t2_sim:[59101. 59083. 55265.]
Task is 79.00% complete.
t1_sim:[64390. 63652. 58889.] t2_sim:[56516. 57348. 53615.]
Task is 80.00% complete.
t1_sim:[62934. 63301. 57904.] t2_sim:[64433. 64573. 60308.]
Task is 81.00% complete.
t1_sim:[66631. 66929. 63019.] t2_sim:[66362. 65516. 62108.]
Task is 82.00% complete.
t1_sim:[65406. 66113. 63168.] t2_sim:[66891. 66751. 61399.]
Task is 83.00% complete.
t1_sim:[66878. 66768. 62384.] t2_sim:[62310. 61676. 57764.]
Task is 84.00% complete.
t1_sim:[62606. 62725. 58869.] t2_sim:[58594. 58531. 53867.]
Task is 85.00% complete.
t1_sim:[63629. 63099. 59275.] t2_sim:[64714. 64647. 59877.]
Task is 86.00% complete.
t1_sim:[62427. 61666. 56426.] t2_sim:[59200. 58559. 53619.]
Task is 87.00% complete.
t1_sim:[61119. 61119. 59206.] t2_sim:[58089. 58071. 55036.]
Task is 88.00% complete.
t1_sim:[66403. 66913. 61784.] t2_sim:[64539. 62981. 58812.]
Task is 89.00% complete.
t1_sim:[57810. 58009. 53186.] t2_sim:[69539. 69647. 66442.]
Task is 90.00% complete.
t1_sim:[60746. 60400. 56062.] t2_sim:[67496. 66164. 61643.]
Task is 91.00% complete.
t1_sim:[62806. 62484. 58164.] t2_sim:[63941. 64946. 58474.]
Task is 92.00% complete.
t1_sim:[65943. 65743. 59951.] t2_sim:[64553. 63219. 58455.]
Task is 93.00% complete.
t1_sim:[65684. 65940. 62554.] t2_sim:[57544. 57763. 51555.]
Task is 94.00% complete.
t1_sim:[65387. 65409. 61525.] t2_sim:[66654. 66124. 60846.]
Task is 95.00% complete.
t1_sim:[60338. 60352. 55966.] t2_sim:[60806. 60193. 57416.]
Task is 96.00% complete.
t1_sim:[58321. 58369. 53872.] t2_sim:[64612. 63524. 58952.]
Task is 97.00% complete.
t1_sim:[67068. 67376. 64844.] t2_sim:[58515. 59049. 54705.]
Task is 98.00% complete.
t1_sim:[71935. 71620. 69017.] t2_sim:[59254. 60105. 54538.]
Task is 99.00% complete.
t1_sim:[58487. 58612. 55012.] t2_sim:[59225. 59355. 54674.]
Finished
