/scratch/jz4721/Post-prediction-Causal-Inference/venv/lib/python3.8/site-packages/numpy/core/getlimits.py:518: UserWarning: The value of the smallest subnormal for <class 'numpy.float64'> type is zero.
  setattr(self, word, getattr(machar, word).flat[0])
/scratch/jz4721/Post-prediction-Causal-Inference/venv/lib/python3.8/site-packages/numpy/core/getlimits.py:89: UserWarning: The value of the smallest subnormal for <class 'numpy.float64'> type is zero.
  return self._float_to_str(self.smallest_subnormal)
/scratch/jz4721/Post-prediction-Causal-Inference/venv/lib/python3.8/site-packages/numpy/core/getlimits.py:518: UserWarning: The value of the smallest subnormal for <class 'numpy.float32'> type is zero.
  setattr(self, word, getattr(machar, word).flat[0])
/scratch/jz4721/Post-prediction-Causal-Inference/venv/lib/python3.8/site-packages/numpy/core/getlimits.py:89: UserWarning: The value of the smallest subnormal for <class 'numpy.float32'> type is zero.
  return self._float_to_str(self.smallest_subnormal)
Begin
Training start
t1_obs:[array(92286.), array(84710.), array(70520.)] t2_obs:[array(95102.), array(88827.), array(70217.)]
corr_G1:[None, None, 2.3688890226685996e-17] corr_G2:[None, None, 0]
Training end
Task is 0.00% complete.
t1_sim:[56609. 57178. 55872.] t2_sim:[61013. 60838. 63155.]
Task is 1.00% complete.
t1_sim:[58369. 58580. 61236.] t2_sim:[63303. 63328. 60425.]
Task is 2.00% complete.
t1_sim:[56993. 57682. 58212.] t2_sim:[64700. 65445. 63205.]
Task is 3.00% complete.
t1_sim:[62661. 62177. 63305.] t2_sim:[67399. 67526. 68472.]
Task is 4.00% complete.
t1_sim:[66822. 67444. 66558.] t2_sim:[62038. 62266. 64774.]
Task is 5.00% complete.
t1_sim:[66745. 64747. 62301.] t2_sim:[64984. 64847. 66457.]
Task is 6.00% complete.
t1_sim:[61433. 61402. 59798.] t2_sim:[60703. 60703. 61321.]
Task is 7.00% complete.
t1_sim:[62362. 62398. 59887.] t2_sim:[65591. 66095. 67947.]
Task is 8.00% complete.
t1_sim:[64526. 65385. 66734.] t2_sim:[67729. 68233. 64601.]
Task is 9.00% complete.
t1_sim:[65619. 64250. 62888.] t2_sim:[61362. 61831. 63065.]
Task is 10.00% complete.
t1_sim:[66156. 64413. 62976.] t2_sim:[67479. 67440. 68908.]
Task is 11.00% complete.
t1_sim:[59263. 59183. 58674.] t2_sim:[60950. 60213. 61753.]
Task is 12.00% complete.
t1_sim:[63129. 63489. 63786.] t2_sim:[68010. 69316. 67896.]
Task is 13.00% complete.
t1_sim:[61628. 62511. 65338.] t2_sim:[65586. 63739. 64921.]
Task is 14.00% complete.
t1_sim:[60656. 60632. 62429.] t2_sim:[60135. 60417. 60121.]
Task is 15.00% complete.
t1_sim:[57934. 57710. 58181.] t2_sim:[62803. 63605. 67283.]
Task is 16.00% complete.
t1_sim:[64040. 64720. 66032.] t2_sim:[63994. 64205. 66215.]
Task is 17.00% complete.
t1_sim:[64325. 63074. 65640.] t2_sim:[58590. 59051. 63423.]
Task is 18.00% complete.
t1_sim:[60541. 61690. 61639.] t2_sim:[65343. 64921. 66729.]
Task is 19.00% complete.
t1_sim:[56831. 56872. 58811.] t2_sim:[63868. 65181. 67620.]
Task is 20.00% complete.
t1_sim:[57098. 57051. 60102.] t2_sim:[64622. 65482. 60954.]
Task is 21.00% complete.
t1_sim:[66750. 66639. 65630.] t2_sim:[62332. 62805. 59746.]
Task is 22.00% complete.
t1_sim:[59856. 59851. 58986.] t2_sim:[62790. 61959. 59732.]
Task is 23.00% complete.
t1_sim:[64201. 65486. 62040.] t2_sim:[65379. 65163. 66329.]
Task is 24.00% complete.
t1_sim:[55881. 58102. 58034.] t2_sim:[59924. 60356. 58344.]
Task is 25.00% complete.
t1_sim:[63110. 61753. 63066.] t2_sim:[66882. 68530. 65426.]
Task is 26.00% complete.
t1_sim:[63980. 63617. 64552.] t2_sim:[61093. 61411. 61958.]
Task is 27.00% complete.
t1_sim:[62937. 63144. 61741.] t2_sim:[64573. 64249. 62173.]
Task is 28.00% complete.
t1_sim:[62865. 64050. 63010.] t2_sim:[66978. 66659. 66309.]
Task is 29.00% complete.
t1_sim:[64381. 65645. 66917.] t2_sim:[63936. 63607. 60909.]
Task is 30.00% complete.
t1_sim:[65055. 64408. 62133.] t2_sim:[62327. 62614. 62498.]
Task is 31.00% complete.
t1_sim:[64071. 63727. 63689.] t2_sim:[58883. 59170. 59788.]
Task is 32.00% complete.
t1_sim:[56804. 56211. 57762.] t2_sim:[63350. 63231. 61186.]
Task is 33.00% complete.
t1_sim:[62790. 63152. 61737.] t2_sim:[60759. 61365. 62615.]
Task is 34.00% complete.
t1_sim:[60722. 60318. 61231.] t2_sim:[62449. 62640. 61544.]
Task is 35.00% complete.
t1_sim:[60370. 59495. 60658.] t2_sim:[61956. 62891. 61951.]
Task is 36.00% complete.
t1_sim:[58201. 58042. 59413.] t2_sim:[63320. 64358. 63220.]
Task is 37.00% complete.
t1_sim:[64476. 64379. 63301.] t2_sim:[64987. 65034. 68369.]
Task is 38.00% complete.
t1_sim:[66899. 65699. 67098.] t2_sim:[62609. 60980. 59261.]
Task is 39.00% complete.
t1_sim:[62135. 63147. 62234.] t2_sim:[58339. 57838. 56859.]
Task is 40.00% complete.
t1_sim:[61922. 62053. 62650.] t2_sim:[58186. 56081. 60521.]
Task is 41.00% complete.
t1_sim:[64820. 65356. 63564.] t2_sim:[60248. 60934. 60006.]
Task is 42.00% complete.
t1_sim:[61482. 60931. 59185.] t2_sim:[61682. 61176. 63825.]
Task is 43.00% complete.
t1_sim:[62198. 63030. 64014.] t2_sim:[69288. 68846. 70362.]
Task is 44.00% complete.
t1_sim:[57227. 58160. 60739.] t2_sim:[62290. 60792. 62139.]
Task is 45.00% complete.
t1_sim:[59189. 59530. 64829.] t2_sim:[65272. 65533. 63321.]
Task is 46.00% complete.
t1_sim:[61181. 61852. 59749.] t2_sim:[61000. 59919. 60268.]
Task is 47.00% complete.
t1_sim:[60704. 62273. 64021.] t2_sim:[65818. 66677. 65427.]
Task is 48.00% complete.
t1_sim:[58655. 59719. 61783.] t2_sim:[63859. 64178. 65584.]
Task is 49.00% complete.
t1_sim:[68103. 67854. 66007.] t2_sim:[65612. 64000. 65602.]
Task is 50.00% complete.
t1_sim:[64062. 63811. 60887.] t2_sim:[60640. 61226. 61560.]
Task is 51.00% complete.
t1_sim:[63018. 64115. 64438.] t2_sim:[61062. 60448. 59946.]
Task is 52.00% complete.
t1_sim:[62862. 63159. 62619.] t2_sim:[61775. 61490. 62347.]
Task is 53.00% complete.
t1_sim:[63382. 62115. 63953.] t2_sim:[65117. 64300. 65796.]
Task is 54.00% complete.
t1_sim:[67388. 67530. 66791.] t2_sim:[60960. 61427. 61813.]
Task is 55.00% complete.
t1_sim:[63190. 63519. 60785.] t2_sim:[62121. 62824. 59094.]
Task is 56.00% complete.
t1_sim:[65032. 66036. 61400.] t2_sim:[63169. 64095. 61440.]
Task is 57.00% complete.
t1_sim:[61127. 59722. 60819.] t2_sim:[60790. 61494. 61240.]
Task is 58.00% complete.
t1_sim:[61999. 61472. 63826.] t2_sim:[66830. 68927. 66902.]
Task is 59.00% complete.
t1_sim:[63738. 63686. 62583.] t2_sim:[63209. 62381. 62622.]
Task is 60.00% complete.
t1_sim:[62162. 62038. 61156.] t2_sim:[57291. 57449. 56443.]
Task is 61.00% complete.
t1_sim:[58923. 59458. 61463.] t2_sim:[58273. 58055. 58869.]
Task is 62.00% complete.
t1_sim:[57812. 58960. 57595.] t2_sim:[62698. 63503. 62855.]
Task is 63.00% complete.
t1_sim:[68486. 68372. 67228.] t2_sim:[58316. 57798. 61300.]
Task is 64.00% complete.
t1_sim:[62284. 63181. 63802.] t2_sim:[66948. 66873. 68575.]
Task is 65.00% complete.
t1_sim:[63163. 63346. 63346.] t2_sim:[61538. 61390. 62902.]
Task is 66.00% complete.
t1_sim:[58783. 59631. 59764.] t2_sim:[64683. 65411. 63249.]
Task is 67.00% complete.
t1_sim:[65327. 65028. 62810.] t2_sim:[62248. 62210. 62627.]
Task is 68.00% complete.
t1_sim:[63035. 63237. 63198.] t2_sim:[53793. 53236. 56945.]
Task is 69.00% complete.
t1_sim:[66025. 65646. 66247.] t2_sim:[57483. 56947. 59090.]
Task is 70.00% complete.
t1_sim:[65522. 65854. 67845.] t2_sim:[58211. 58207. 60532.]
Task is 71.00% complete.
t1_sim:[63183. 63624. 63651.] t2_sim:[64273. 64130. 61942.]
Task is 72.00% complete.
t1_sim:[58859. 59650. 59069.] t2_sim:[57745. 56969. 55796.]
Task is 73.00% complete.
t1_sim:[60989. 61536. 65130.] t2_sim:[63958. 62087. 60619.]
Task is 74.00% complete.
t1_sim:[58524. 57097. 57070.] t2_sim:[68576. 69020. 65287.]
Task is 75.00% complete.
t1_sim:[58602. 59877. 57358.] t2_sim:[52216. 53011. 53825.]
Task is 76.00% complete.
t1_sim:[59383. 59293. 61040.] t2_sim:[65069. 64640. 67172.]
Task is 77.00% complete.
t1_sim:[60036. 60489. 58962.] t2_sim:[59943. 60016. 58879.]
Task is 78.00% complete.
t1_sim:[64163. 63900. 64053.] t2_sim:[61452. 62509. 59858.]
Task is 79.00% complete.
t1_sim:[59668. 58783. 58085.] t2_sim:[66613. 66543. 65947.]
Task is 80.00% complete.
t1_sim:[62221. 63332. 62398.] t2_sim:[58843. 58665. 58141.]
Task is 81.00% complete.
t1_sim:[62406. 61672. 60855.] t2_sim:[64746. 64643. 67154.]
Task is 82.00% complete.
t1_sim:[57447. 56486. 57030.] t2_sim:[62281. 62552. 63790.]
Task is 83.00% complete.
t1_sim:[63438. 61708. 63368.] t2_sim:[57521. 56812. 54840.]
Task is 84.00% complete.
t1_sim:[67015. 66633. 67490.] t2_sim:[65784. 66431. 67131.]
Task is 85.00% complete.
t1_sim:[62857. 62821. 61987.] t2_sim:[61260. 61914. 61676.]
Task is 86.00% complete.
t1_sim:[56561. 55982. 57983.] t2_sim:[59683. 59850. 56974.]
Task is 87.00% complete.
t1_sim:[60829. 58845. 60632.] t2_sim:[64141. 64419. 63170.]
Task is 88.00% complete.
t1_sim:[63145. 63820. 61410.] t2_sim:[66177. 65010. 65326.]
Task is 89.00% complete.
t1_sim:[62007. 62131. 60365.] t2_sim:[60959. 61730. 62772.]
Task is 90.00% complete.
t1_sim:[58597. 58878. 58888.] t2_sim:[62480. 63152. 60998.]
Task is 91.00% complete.
t1_sim:[62830. 62401. 63947.] t2_sim:[64521. 63410. 62862.]
Task is 92.00% complete.
t1_sim:[63367. 64002. 63474.] t2_sim:[61180. 61224. 61119.]
Task is 93.00% complete.
t1_sim:[64243. 65846. 65479.] t2_sim:[66727. 65978. 64003.]
Task is 94.00% complete.
t1_sim:[60903. 61561. 61792.] t2_sim:[66033. 66124. 60816.]
Task is 95.00% complete.
t1_sim:[62816. 63419. 67138.] t2_sim:[62873. 63049. 63039.]
Task is 96.00% complete.
t1_sim:[64864. 63798. 61514.] t2_sim:[64199. 64046. 60161.]
Task is 97.00% complete.
t1_sim:[55821. 55623. 54353.] t2_sim:[66036. 64848. 63797.]
Task is 98.00% complete.
t1_sim:[60236. 60890. 59210.] t2_sim:[54162. 54756. 55877.]
Task is 99.00% complete.
t1_sim:[60817. 61044. 61698.] t2_sim:[67005. 66983. 63896.]
Training start
t1_obs:[array(92286.), array(84710.), array(75825.)] t2_obs:[array(95102.), array(88827.), array(77077.)]
corr_G1:[None, None, 0.7346116577010796] corr_G2:[None, None, 0.9049933681251019]
Training end
Task is 0.00% complete.
t1_sim:[60644. 59902. 58774.] t2_sim:[61636. 61867. 59514.]
Task is 1.00% complete.
t1_sim:[67019. 66388. 65533.] t2_sim:[60230. 59696. 61168.]
Task is 2.00% complete.
t1_sim:[58651. 59042. 61798.] t2_sim:[60828. 60060. 61150.]
Task is 3.00% complete.
t1_sim:[53437. 54689. 54930.] t2_sim:[59192. 58402. 58821.]
Task is 4.00% complete.
t1_sim:[63865. 63636. 62932.] t2_sim:[63719. 64386. 65019.]
Task is 5.00% complete.
t1_sim:[62749. 63751. 63427.] t2_sim:[58424. 57715. 56158.]
Task is 6.00% complete.
t1_sim:[65157. 63788. 62476.] t2_sim:[58221. 58187. 56576.]
Task is 7.00% complete.
t1_sim:[63641. 63145. 60054.] t2_sim:[63782. 63595. 63125.]
Task is 8.00% complete.
t1_sim:[65386. 66350. 67788.] t2_sim:[63519. 63577. 63994.]
Task is 9.00% complete.
t1_sim:[62295. 63461. 63451.] t2_sim:[67454. 68268. 68207.]
Task is 10.00% complete.
t1_sim:[63068. 63849. 64357.] t2_sim:[61146. 61006. 60895.]
Task is 11.00% complete.
t1_sim:[61668. 61583. 59588.] t2_sim:[66450. 66529. 65019.]
Task is 12.00% complete.
t1_sim:[56819. 58062. 56227.] t2_sim:[60383. 61407. 60716.]
Task is 13.00% complete.
t1_sim:[60370. 60147. 60157.] t2_sim:[64575. 64399. 63641.]
Task is 14.00% complete.
t1_sim:[61620. 61575. 62438.] t2_sim:[60973. 59961. 60220.]
Task is 15.00% complete.
t1_sim:[59300. 58789. 57076.] t2_sim:[63956. 64256. 64947.]
Task is 16.00% complete.
t1_sim:[64520. 63869. 64290.] t2_sim:[66442. 67469. 69497.]
Task is 17.00% complete.
t1_sim:[66038. 67645. 67234.] t2_sim:[60994. 60671. 60779.]
Task is 18.00% complete.
t1_sim:[59311. 59008. 57592.] t2_sim:[66853. 66586. 67175.]
Task is 19.00% complete.
t1_sim:[62374. 61925. 61344.] t2_sim:[64488. 64752. 64887.]
Task is 20.00% complete.
t1_sim:[66269. 65341. 65206.] t2_sim:[62844. 64223. 66017.]
Task is 21.00% complete.
t1_sim:[66437. 66580. 67579.] t2_sim:[65679. 64376. 64153.]
Task is 22.00% complete.
t1_sim:[62975. 63527. 62180.] t2_sim:[62876. 62880. 63472.]
Task is 23.00% complete.
t1_sim:[63091. 62450. 61263.] t2_sim:[61364. 61475. 59589.]
Task is 24.00% complete.
t1_sim:[63312. 61808. 60766.] t2_sim:[61002. 62304. 61866.]
Task is 25.00% complete.
t1_sim:[63170. 62771. 62308.] t2_sim:[63913. 63090. 64610.]
Task is 26.00% complete.
t1_sim:[60569. 60695. 58476.] t2_sim:[62385. 62758. 60952.]
Task is 27.00% complete.
t1_sim:[61237. 61287. 60502.] t2_sim:[63666. 63790. 63664.]
Task is 28.00% complete.
t1_sim:[61921. 62831. 62283.] t2_sim:[64518. 65085. 63741.]
Task is 29.00% complete.
t1_sim:[70533. 70089. 68420.] t2_sim:[60535. 60846. 60242.]
Task is 30.00% complete.
t1_sim:[66136. 65068. 64833.] t2_sim:[61386. 61836. 61265.]
Task is 31.00% complete.
t1_sim:[60980. 60767. 59566.] t2_sim:[65875. 66410. 65490.]
Task is 32.00% complete.
t1_sim:[55171. 54843. 56391.] t2_sim:[61367. 61702. 59855.]
Task is 33.00% complete.
t1_sim:[65680. 65432. 63384.] t2_sim:[54531. 54301. 55835.]
Task is 34.00% complete.
t1_sim:[63920. 63400. 61972.] t2_sim:[59521. 59593. 58784.]
Task is 35.00% complete.
t1_sim:[60192. 58768. 57038.] t2_sim:[59882. 58987. 58413.]
Task is 36.00% complete.
t1_sim:[61916. 61769. 62189.] t2_sim:[65831. 65447. 66060.]
Task is 37.00% complete.
t1_sim:[63373. 62575. 62971.] t2_sim:[64490. 64716. 64440.]
Task is 38.00% complete.
t1_sim:[56338. 55689. 54922.] t2_sim:[60351. 62204. 63668.]
Task is 39.00% complete.
t1_sim:[60486. 60579. 59698.] t2_sim:[63223. 63281. 62362.]
Task is 40.00% complete.
t1_sim:[63940. 63173. 61831.] t2_sim:[65158. 65357. 63731.]
Task is 41.00% complete.
t1_sim:[61267. 61615. 61671.] t2_sim:[64493. 64756. 65797.]
Task is 42.00% complete.
t1_sim:[65008. 65338. 64348.] t2_sim:[59939. 60104. 61522.]
Task is 43.00% complete.
t1_sim:[58010. 56823. 56355.] t2_sim:[59781. 60679. 61051.]
Task is 44.00% complete.
t1_sim:[67766. 66517. 65312.] t2_sim:[64227. 64765. 64696.]
Task is 45.00% complete.
t1_sim:[59341. 58676. 57645.] t2_sim:[64387. 64392. 64650.]
Task is 46.00% complete.
t1_sim:[59834. 59476. 56771.] t2_sim:[63050. 63116. 62380.]
Task is 47.00% complete.
t1_sim:[62639. 62747. 61814.] t2_sim:[58417. 57795. 55020.]
Task is 48.00% complete.
t1_sim:[62745. 62508. 62922.] t2_sim:[64137. 63466. 61729.]
Task is 49.00% complete.
t1_sim:[66256. 66192. 65680.] t2_sim:[58799. 58675. 59094.]
Task is 50.00% complete.
t1_sim:[61291. 58981. 57890.] t2_sim:[57402. 57762. 60545.]
Task is 51.00% complete.
t1_sim:[62113. 61136. 59783.] t2_sim:[62889. 63720. 61748.]
Task is 52.00% complete.
t1_sim:[63562. 63425. 62785.] t2_sim:[55346. 56643. 56766.]
Task is 53.00% complete.
t1_sim:[61469. 59937. 58322.] t2_sim:[60745. 60431. 59850.]
Task is 54.00% complete.
t1_sim:[60817. 60992. 59080.] t2_sim:[67581. 67706. 67482.]
Task is 55.00% complete.
t1_sim:[62390. 61981. 60745.] t2_sim:[59808. 59806. 59093.]
Task is 56.00% complete.
t1_sim:[65200. 63839. 61758.] t2_sim:[64554. 63403. 61808.]
Task is 57.00% complete.
t1_sim:[64820. 63772. 61698.] t2_sim:[64093. 64899. 67725.]
Task is 58.00% complete.
t1_sim:[64940. 65165. 63431.] t2_sim:[67240. 67434. 68716.]
Task is 59.00% complete.
t1_sim:[64218. 63549. 60810.] t2_sim:[66352. 66516. 66356.]
Task is 60.00% complete.
t1_sim:[64595. 64520. 62644.] t2_sim:[59280. 59890. 60128.]
Task is 61.00% complete.
t1_sim:[68185. 67686. 65749.] t2_sim:[62735. 63259. 65031.]
Task is 62.00% complete.
t1_sim:[66018. 66093. 66696.] t2_sim:[63713. 63704. 62028.]
Task is 63.00% complete.
t1_sim:[62584. 63529. 62804.] t2_sim:[64486. 63341. 62728.]
Task is 64.00% complete.
t1_sim:[58833. 58512. 56344.] t2_sim:[59792. 59569. 59673.]
Task is 65.00% complete.
t1_sim:[58622. 59894. 59705.] t2_sim:[57793. 59434. 57888.]
Task is 66.00% complete.
t1_sim:[58681. 58011. 58922.] t2_sim:[63974. 64727. 65235.]
Task is 67.00% complete.
t1_sim:[64393. 63826. 62939.] t2_sim:[67398. 68999. 67883.]
Task is 68.00% complete.
t1_sim:[64739. 66094. 64780.] t2_sim:[63410. 62330. 62907.]
Task is 69.00% complete.
t1_sim:[64268. 64873. 64242.] t2_sim:[64579. 65964. 65099.]
Task is 70.00% complete.
t1_sim:[61672. 60990. 61111.] t2_sim:[66907. 65878. 64629.]
Task is 71.00% complete.
t1_sim:[63061. 61953. 61694.] t2_sim:[63361. 63672. 64004.]
Task is 72.00% complete.
t1_sim:[61733. 60629. 59745.] t2_sim:[58040. 57763. 57269.]
Task is 73.00% complete.
t1_sim:[63812. 64183. 62427.] t2_sim:[68288. 68503. 69363.]
Task is 74.00% complete.
t1_sim:[64948. 62987. 62367.] t2_sim:[58348. 59995. 60983.]
Task is 75.00% complete.
t1_sim:[63509. 63092. 62951.] t2_sim:[58440. 59127. 59564.]
Task is 76.00% complete.
t1_sim:[63179. 63650. 62277.] t2_sim:[64673. 64110. 63293.]
Task is 77.00% complete.
t1_sim:[61940. 61117. 61539.] t2_sim:[60925. 59914. 60311.]
Task is 78.00% complete.
t1_sim:[66887. 67212. 65715.] t2_sim:[65643. 65227. 64033.]
Task is 79.00% complete.
t1_sim:[61147. 61478. 61298.] t2_sim:[61853. 61840. 60314.]
Task is 80.00% complete.
t1_sim:[63409. 61660. 59007.] t2_sim:[62920. 62340. 62387.]
Task is 81.00% complete.
t1_sim:[61607. 61926. 61181.] t2_sim:[64474. 63966. 65656.]
Task is 82.00% complete.
t1_sim:[63390. 63096. 64179.] t2_sim:[60538. 60184. 60442.]
Task is 83.00% complete.
t1_sim:[65246. 64997. 65345.] t2_sim:[68950. 67867. 67219.]
Task is 84.00% complete.
t1_sim:[57827. 57293. 55725.] t2_sim:[60183. 60736. 59853.]
Task is 85.00% complete.
t1_sim:[60089. 59430. 57918.] t2_sim:[65308. 65313. 64991.]
Task is 86.00% complete.
t1_sim:[59692. 59422. 59462.] t2_sim:[61008. 60334. 59563.]
Task is 87.00% complete.
t1_sim:[62356. 62385. 63291.] t2_sim:[62171. 63532. 64353.]
Task is 88.00% complete.
t1_sim:[63040. 63108. 63444.] t2_sim:[59513. 61310. 61865.]
Task is 89.00% complete.
t1_sim:[62000. 61690. 59907.] t2_sim:[62312. 61280. 62690.]
Task is 90.00% complete.
t1_sim:[61764. 62953. 62137.] t2_sim:[60982. 60082. 61918.]
Task is 91.00% complete.
t1_sim:[59932. 60425. 60332.] t2_sim:[57086. 57136. 58287.]
Task is 92.00% complete.
t1_sim:[61137. 60372. 58882.] t2_sim:[60599. 59921. 59753.]
Task is 93.00% complete.
t1_sim:[62109. 60620. 60787.] t2_sim:[65775. 65833. 66467.]
Task is 94.00% complete.
t1_sim:[68141. 67319. 63999.] t2_sim:[65266. 65215. 64552.]
Task is 95.00% complete.
t1_sim:[57552. 56672. 57393.] t2_sim:[63877. 63775. 64999.]
Task is 96.00% complete.
t1_sim:[61811. 61073. 59639.] t2_sim:[60020. 60109. 58857.]
Task is 97.00% complete.
t1_sim:[61427. 61664. 59647.] t2_sim:[69512. 68367. 68442.]
Task is 98.00% complete.
t1_sim:[59340. 58191. 59987.] t2_sim:[63643. 63249. 61829.]
Task is 99.00% complete.
t1_sim:[62655. 61340. 62022.] t2_sim:[63143. 63692. 62801.]
Training start
t1_obs:[array(92286.), array(84710.), array(72443.)] t2_obs:[array(95102.), array(88827.), array(73277.)]
corr_G1:[None, None, 0.39347715819963824] corr_G2:[None, None, 0.07366080054063921]
Training end
Task is 0.00% complete.
t1_sim:[61419. 60351. 56340.] t2_sim:[58512. 58960. 52749.]
Task is 1.00% complete.
t1_sim:[60261. 61084. 57382.] t2_sim:[63339. 62616. 56575.]
Task is 2.00% complete.
t1_sim:[59844. 59961. 55585.] t2_sim:[57633. 57814. 54639.]
Task is 3.00% complete.
t1_sim:[64542. 63343. 59802.] t2_sim:[62827. 63673. 58765.]
Task is 4.00% complete.
t1_sim:[58427. 59315. 55811.] t2_sim:[59503. 60267. 53831.]
Task is 5.00% complete.
t1_sim:[56370. 57209. 50381.] t2_sim:[61091. 61495. 56114.]
Task is 6.00% complete.
t1_sim:[61787. 62401. 56676.] t2_sim:[60388. 60738. 57239.]
Task is 7.00% complete.
t1_sim:[58704. 59395. 56797.] t2_sim:[63174. 62425. 58024.]
Task is 8.00% complete.
t1_sim:[61672. 62242. 57848.] t2_sim:[65678. 65644. 59503.]
Task is 9.00% complete.
t1_sim:[61633. 62198. 58058.] t2_sim:[64229. 66136. 62036.]
Task is 10.00% complete.
t1_sim:[64682. 64145. 59771.] t2_sim:[65045. 64682. 60020.]
Task is 11.00% complete.
t1_sim:[60143. 60945. 56116.] t2_sim:[67713. 66853. 62823.]
Task is 12.00% complete.
t1_sim:[64826. 65033. 58138.] t2_sim:[66016. 65758. 60811.]
Task is 13.00% complete.
t1_sim:[66071. 65468. 60682.] t2_sim:[66868. 66233. 61859.]
Task is 14.00% complete.
t1_sim:[57880. 57949. 54283.] t2_sim:[63883. 63846. 60139.]
Task is 15.00% complete.
t1_sim:[66550. 66443. 61781.] t2_sim:[57676. 58603. 53054.]
Task is 16.00% complete.
t1_sim:[60442. 59778. 55269.] t2_sim:[59901. 59462. 54061.]
Task is 17.00% complete.
t1_sim:[59367. 59737. 54071.] t2_sim:[58527. 59769. 53934.]
Task is 18.00% complete.
t1_sim:[58236. 58268. 54291.] t2_sim:[58331. 58172. 52292.]
Task is 19.00% complete.
t1_sim:[68943. 70257. 66344.] t2_sim:[54988. 55277. 50882.]
Task is 20.00% complete.
t1_sim:[61344. 61847. 57129.] t2_sim:[58481. 57713. 52407.]
Task is 21.00% complete.
t1_sim:[65033. 64991. 61754.] t2_sim:[62489. 60819. 56491.]
Task is 22.00% complete.
t1_sim:[65882. 64868. 60769.] t2_sim:[54915. 53925. 49710.]
Task is 23.00% complete.
t1_sim:[65141. 64393. 60403.] t2_sim:[62893. 63477. 58338.]
Task is 24.00% complete.
t1_sim:[60689. 60201. 56771.] t2_sim:[66820. 68055. 63985.]
Task is 25.00% complete.
t1_sim:[61825. 62128. 58799.] t2_sim:[61978. 62239. 55998.]
Task is 26.00% complete.
t1_sim:[63815. 63847. 61184.] t2_sim:[61203. 61542. 55211.]
Task is 27.00% complete.
t1_sim:[62041. 62377. 55780.] t2_sim:[62833. 64222. 60225.]
Task is 28.00% complete.
t1_sim:[59577. 59857. 58358.] t2_sim:[62704. 62952. 57681.]
Task is 29.00% complete.
t1_sim:[67766. 68977. 65022.] t2_sim:[64051. 63448. 59569.]
Task is 30.00% complete.
t1_sim:[58559. 59329. 55881.] t2_sim:[69412. 68095. 63283.]
Task is 31.00% complete.
t1_sim:[63535. 62830. 58454.] t2_sim:[66396. 67307. 62196.]
Task is 32.00% complete.
t1_sim:[60209. 60775. 56588.] t2_sim:[61173. 60478. 56153.]
Task is 33.00% complete.
t1_sim:[64849. 65267. 59121.] t2_sim:[59536. 60691. 56436.]
Task is 34.00% complete.
t1_sim:[66642. 66523. 64574.] t2_sim:[61418. 60203. 55824.]
Task is 35.00% complete.
t1_sim:[66540. 66841. 61832.] t2_sim:[67832. 67642. 62002.]
Task is 36.00% complete.
t1_sim:[66898. 68987. 63938.] t2_sim:[65931. 65391. 60502.]
Task is 37.00% complete.
t1_sim:[57564. 58203. 52933.] t2_sim:[58845. 59618. 56971.]
Task is 38.00% complete.
t1_sim:[59702. 59799. 56804.] t2_sim:[64984. 65658. 60370.]
Task is 39.00% complete.
t1_sim:[60862. 61067. 57139.] t2_sim:[61486. 62623. 59056.]
Task is 40.00% complete.
t1_sim:[60983. 58982. 54543.] t2_sim:[60671. 59615. 58071.]
Task is 41.00% complete.
t1_sim:[68902. 68284. 64916.] t2_sim:[59445. 59401. 54379.]
Task is 42.00% complete.
t1_sim:[64568. 64684. 61683.] t2_sim:[64739. 65922. 63142.]
Task is 43.00% complete.
t1_sim:[64270. 63897. 57802.] t2_sim:[67673. 66374. 60473.]
Task is 44.00% complete.
t1_sim:[64296. 64470. 60409.] t2_sim:[59667. 58452. 54336.]
Task is 45.00% complete.
t1_sim:[59021. 60499. 56638.] t2_sim:[67956. 66912. 60736.]
Task is 46.00% complete.
t1_sim:[64595. 63863. 59081.] t2_sim:[61743. 62667. 58916.]
Task is 47.00% complete.
t1_sim:[63069. 62820. 58066.] t2_sim:[58600. 59415. 57102.]
Task is 48.00% complete.
t1_sim:[62427. 62076. 57874.] t2_sim:[64729. 65812. 59417.]
Task is 49.00% complete.
t1_sim:[58697. 58002. 55130.] t2_sim:[57580. 58914. 53143.]
Task is 50.00% complete.
t1_sim:[57477. 56605. 51394.] t2_sim:[64300. 64916. 60095.]
Task is 51.00% complete.
t1_sim:[63745. 63433. 58041.] t2_sim:[68087. 68147. 65155.]
Task is 52.00% complete.
t1_sim:[58032. 58070. 52843.] t2_sim:[61905. 63755. 59259.]
Task is 53.00% complete.
t1_sim:[59885. 58871. 54936.] t2_sim:[60094. 59654. 54750.]
Task is 54.00% complete.
t1_sim:[60146. 59280. 55407.] t2_sim:[59665. 60191. 54851.]
Task is 55.00% complete.
t1_sim:[67389. 66900. 60885.] t2_sim:[65565. 65691. 62181.]
Task is 56.00% complete.
t1_sim:[68698. 68644. 64482.] t2_sim:[64345. 65007. 59754.]
Task is 57.00% complete.
t1_sim:[60993. 61701. 57144.] t2_sim:[62964. 61078. 56828.]
Task is 58.00% complete.
t1_sim:[62475. 63192. 56746.] t2_sim:[66825. 65584. 61801.]
Task is 59.00% complete.
t1_sim:[59730. 61152. 57365.] t2_sim:[64065. 64298. 58511.]
Task is 60.00% complete.
t1_sim:[61190. 61228. 57043.] t2_sim:[63752. 63437. 59374.]
Task is 61.00% complete.
t1_sim:[59197. 58890. 55383.] t2_sim:[62875. 63953. 61283.]
Task is 62.00% complete.
t1_sim:[60494. 60014. 55212.] t2_sim:[59423. 59741. 56643.]
Task is 63.00% complete.
t1_sim:[61363. 61459. 56519.] t2_sim:[62030. 62993. 57698.]
Task is 64.00% complete.
t1_sim:[66472. 66602. 61504.] t2_sim:[63151. 62536. 57366.]
Task is 65.00% complete.
t1_sim:[57047. 56428. 51324.] t2_sim:[65415. 65519. 58892.]
Task is 66.00% complete.
t1_sim:[65231. 65982. 60671.] t2_sim:[59544. 59307. 55573.]
Task is 67.00% complete.
t1_sim:[60291. 60203. 55536.] t2_sim:[65748. 66026. 60873.]
Task is 68.00% complete.
t1_sim:[56618. 56872. 52971.] t2_sim:[58684. 57861. 52911.]
Task is 69.00% complete.
t1_sim:[63622. 64599. 59753.] t2_sim:[58370. 57566. 52957.]
Task is 70.00% complete.
t1_sim:[58891. 59295. 56982.] t2_sim:[67389. 67877. 65077.]
Task is 71.00% complete.
t1_sim:[56910. 56965. 52925.] t2_sim:[62960. 62613. 59032.]
Task is 72.00% complete.
t1_sim:[60881. 61140. 57074.] t2_sim:[63007. 62828. 57619.]
Task is 73.00% complete.
t1_sim:[67506. 66756. 62219.] t2_sim:[71920. 70621. 65725.]
Task is 74.00% complete.
t1_sim:[62170. 60883. 56401.] t2_sim:[57171. 56981. 52277.]
Task is 75.00% complete.
t1_sim:[62333. 62393. 59640.] t2_sim:[62429. 60442. 53411.]
Task is 76.00% complete.
t1_sim:[62431. 62922. 58039.] t2_sim:[59313. 58793. 55676.]
Task is 77.00% complete.
t1_sim:[60837. 61470. 56103.] t2_sim:[64586. 64637. 62661.]
Task is 78.00% complete.
t1_sim:[62887. 62403. 56792.] t2_sim:[63750. 64304. 61419.]
Task is 79.00% complete.
t1_sim:[60066. 59379. 54527.] t2_sim:[65199. 64266. 59738.]
Task is 80.00% complete.
t1_sim:[64805. 67178. 61524.] t2_sim:[66887. 65942. 62381.]
Task is 81.00% complete.
t1_sim:[61467. 61582. 55110.] t2_sim:[60530. 61198. 57658.]
Task is 82.00% complete.
t1_sim:[58248. 58490. 52343.] t2_sim:[65412. 65518. 62086.]
Task is 83.00% complete.
t1_sim:[64620. 64493. 60228.] t2_sim:[61034. 61914. 57141.]
Task is 84.00% complete.
t1_sim:[70120. 69774. 65724.] t2_sim:[61995. 61670. 57822.]
Task is 85.00% complete.
t1_sim:[62110. 61452. 58250.] t2_sim:[60930. 61641. 55434.]
Task is 86.00% complete.
t1_sim:[63815. 63136. 56811.] t2_sim:[63062. 63592. 59016.]
Task is 87.00% complete.
t1_sim:[59428. 58951. 54903.] t2_sim:[58609. 58631. 54454.]
Task is 88.00% complete.
t1_sim:[57858. 57180. 54849.] t2_sim:[67066. 67021. 63280.]
Task is 89.00% complete.
t1_sim:[67897. 68423. 63538.] t2_sim:[66334. 67051. 62645.]
Task is 90.00% complete.
t1_sim:[64186. 64876. 57949.] t2_sim:[65488. 64954. 60608.]
Task is 91.00% complete.
t1_sim:[59987. 59419. 55647.] t2_sim:[59862. 60351. 55978.]
Task is 92.00% complete.
t1_sim:[62820. 62424. 57368.] t2_sim:[67544. 67143. 61969.]
Task is 93.00% complete.
t1_sim:[61109. 61542. 55870.] t2_sim:[62350. 62503. 56572.]
Task is 94.00% complete.
t1_sim:[65523. 65134. 59753.] t2_sim:[60574. 59563. 55590.]
Task is 95.00% complete.
t1_sim:[61479. 60970. 55040.] t2_sim:[65479. 66594. 62302.]
Task is 96.00% complete.
t1_sim:[63025. 62329. 58909.] t2_sim:[59762. 59918. 53223.]
Task is 97.00% complete.
t1_sim:[63444. 63290. 58809.] t2_sim:[68043. 68626. 62859.]
Task is 98.00% complete.
t1_sim:[57303. 57206. 54081.] t2_sim:[58336. 59043. 53933.]
Task is 99.00% complete.
t1_sim:[68220. 66992. 60888.] t2_sim:[60250. 61251. 56144.]
Finished
