/scratch/jz4721/Post-prediction-Causal-Inference/venv/lib/python3.8/site-packages/numpy/core/getlimits.py:518: UserWarning: The value of the smallest subnormal for <class 'numpy.float64'> type is zero.
  setattr(self, word, getattr(machar, word).flat[0])
/scratch/jz4721/Post-prediction-Causal-Inference/venv/lib/python3.8/site-packages/numpy/core/getlimits.py:89: UserWarning: The value of the smallest subnormal for <class 'numpy.float64'> type is zero.
  return self._float_to_str(self.smallest_subnormal)
/scratch/jz4721/Post-prediction-Causal-Inference/venv/lib/python3.8/site-packages/numpy/core/getlimits.py:518: UserWarning: The value of the smallest subnormal for <class 'numpy.float32'> type is zero.
  setattr(self, word, getattr(machar, word).flat[0])
/scratch/jz4721/Post-prediction-Causal-Inference/venv/lib/python3.8/site-packages/numpy/core/getlimits.py:89: UserWarning: The value of the smallest subnormal for <class 'numpy.float32'> type is zero.
  return self._float_to_str(self.smallest_subnormal)
Begin
Training start
t1_obs:[array(96277.), array(82046.), array(70845.)] t2_obs:[array(95590.), array(84301.), array(74648.)]
corr_G1:[None, None, 4.808257432080329e-18] corr_G2:[None, None, 0]
Training end
Task is 0.00% complete.
t1_sim:[65297. 63684. 64036.] t2_sim:[63887. 64636. 65123.]
Task is 1.00% complete.
t1_sim:[60537. 61917. 60943.] t2_sim:[64048. 62044. 64430.]
Task is 2.00% complete.
t1_sim:[65249. 65973. 65778.] t2_sim:[64100. 63751. 62712.]
Task is 3.00% complete.
t1_sim:[59334. 59618. 57495.] t2_sim:[61424. 62095. 64559.]
Task is 4.00% complete.
t1_sim:[63710. 64158. 63664.] t2_sim:[66868. 67261. 66856.]
Task is 5.00% complete.
t1_sim:[61232. 59765. 59038.] t2_sim:[61221. 62421. 61229.]
Task is 6.00% complete.
t1_sim:[58206. 57205. 57450.] t2_sim:[65949. 66022. 64269.]
Task is 7.00% complete.
t1_sim:[61790. 63458. 64168.] t2_sim:[65891. 67118. 65078.]
Task is 8.00% complete.
t1_sim:[61188. 60918. 60582.] t2_sim:[61272. 63541. 60934.]
Task is 9.00% complete.
t1_sim:[63756. 65428. 63670.] t2_sim:[60555. 60407. 60264.]
Task is 10.00% complete.
t1_sim:[68023. 67508. 70442.] t2_sim:[63782. 64762. 61414.]
Task is 11.00% complete.
t1_sim:[60956. 60224. 61892.] t2_sim:[64916. 63746. 63819.]
Task is 12.00% complete.
t1_sim:[67417. 66825. 67822.] t2_sim:[62320. 62110. 63759.]
Task is 13.00% complete.
t1_sim:[57722. 59242. 56799.] t2_sim:[60407. 58680. 60542.]
Task is 14.00% complete.
t1_sim:[64488. 65854. 62587.] t2_sim:[61071. 61700. 62268.]
Task is 15.00% complete.
t1_sim:[57314. 56269. 55652.] t2_sim:[61463. 60986. 61744.]
Task is 16.00% complete.
t1_sim:[60834. 61257. 62496.] t2_sim:[62331. 61859. 63229.]
Task is 17.00% complete.
t1_sim:[58597. 59706. 62243.] t2_sim:[60887. 60140. 64721.]
Task is 18.00% complete.
t1_sim:[62338. 61133. 64534.] t2_sim:[59993. 62614. 62066.]
Task is 19.00% complete.
t1_sim:[65908. 65340. 65921.] t2_sim:[61461. 61564. 60182.]
Task is 20.00% complete.
t1_sim:[65881. 65150. 63842.] t2_sim:[64080. 64525. 63176.]
Task is 21.00% complete.
t1_sim:[64842. 64399. 62371.] t2_sim:[58343. 59357. 58731.]
Task is 22.00% complete.
t1_sim:[64410. 63785. 65031.] t2_sim:[66924. 67581. 64194.]
Task is 23.00% complete.
t1_sim:[62919. 64054. 60676.] t2_sim:[63168. 64475. 64504.]
Task is 24.00% complete.
t1_sim:[59786. 59408. 60340.] t2_sim:[57373. 57355. 60413.]
Task is 25.00% complete.
t1_sim:[65738. 67076. 65309.] t2_sim:[61170. 62088. 64459.]
Task is 26.00% complete.
t1_sim:[65465. 66085. 66208.] t2_sim:[60668. 62313. 66783.]
Task is 27.00% complete.
t1_sim:[60369. 60488. 60567.] t2_sim:[60851. 60896. 58894.]
Task is 28.00% complete.
t1_sim:[64588. 64814. 64539.] t2_sim:[66007. 66565. 64339.]
Task is 29.00% complete.
t1_sim:[67402. 67639. 67000.] t2_sim:[65916. 67030. 64838.]
Task is 30.00% complete.
t1_sim:[69234. 68485. 66074.] t2_sim:[60025. 61560. 56080.]
Task is 31.00% complete.
t1_sim:[61130. 60754. 59848.] t2_sim:[68254. 68469. 66123.]
Task is 32.00% complete.
t1_sim:[67046. 68424. 67606.] t2_sim:[54236. 56318. 57737.]
Task is 33.00% complete.
t1_sim:[60651. 60620. 59318.] t2_sim:[68546. 67163. 67356.]
Task is 34.00% complete.
t1_sim:[58268. 60654. 58674.] t2_sim:[62051. 62187. 62592.]
Task is 35.00% complete.
t1_sim:[63304. 61061. 61811.] t2_sim:[63778. 63510. 62950.]
Task is 36.00% complete.
t1_sim:[66149. 65054. 64732.] t2_sim:[67101. 67411. 68462.]
Task is 37.00% complete.
t1_sim:[61234. 60271. 59949.] t2_sim:[56895. 56936. 58076.]
Task is 38.00% complete.
t1_sim:[62458. 61005. 64137.] t2_sim:[60441. 58659. 58104.]
Task is 39.00% complete.
t1_sim:[59845. 61480. 60906.] t2_sim:[64452. 63273. 66122.]
Task is 40.00% complete.
t1_sim:[63270. 63296. 65026.] t2_sim:[64188. 63883. 63842.]
Task is 41.00% complete.
t1_sim:[59466. 59458. 61420.] t2_sim:[59031. 56545. 61820.]
Task is 42.00% complete.
t1_sim:[67269. 67902. 69477.] t2_sim:[65029. 64932. 64435.]
Task is 43.00% complete.
t1_sim:[62882. 63344. 62266.] t2_sim:[63540. 63842. 63075.]
Task is 44.00% complete.
t1_sim:[63975. 64054. 64207.] t2_sim:[64416. 65136. 64033.]
Task is 45.00% complete.
t1_sim:[67826. 66734. 69754.] t2_sim:[62817. 61861. 62369.]
Task is 46.00% complete.
t1_sim:[65263. 65318. 66507.] t2_sim:[59303. 59793. 60011.]
Task is 47.00% complete.
t1_sim:[63429. 63029. 63000.] t2_sim:[60418. 60368. 60586.]
Task is 48.00% complete.
t1_sim:[62573. 63674. 63552.] t2_sim:[62758. 60670. 62028.]
Task is 49.00% complete.
t1_sim:[61420. 63129. 63956.] t2_sim:[57044. 57862. 59089.]
Task is 50.00% complete.
t1_sim:[61495. 63200. 62527.] t2_sim:[63736. 63778. 63598.]
Task is 51.00% complete.
t1_sim:[58214. 57881. 59650.] t2_sim:[64892. 63078. 62334.]
Task is 52.00% complete.
t1_sim:[57701. 56170. 58130.] t2_sim:[62056. 61736. 64086.]
Task is 53.00% complete.
t1_sim:[63846. 65522. 63191.] t2_sim:[66390. 66849. 66227.]
Task is 54.00% complete.
t1_sim:[62490. 63138. 62052.] t2_sim:[62237. 62158. 59223.]
Task is 55.00% complete.
t1_sim:[62425. 62506. 64228.] t2_sim:[62154. 60569. 63930.]
Task is 56.00% complete.
t1_sim:[64299. 65418. 66243.] t2_sim:[58880. 57371. 59174.]
Task is 57.00% complete.
t1_sim:[63158. 63900. 59556.] t2_sim:[58059. 57999. 58771.]
Task is 58.00% complete.
t1_sim:[59546. 59764. 59620.] t2_sim:[59906. 60519. 62018.]
Task is 59.00% complete.
t1_sim:[62863. 63244. 63081.] t2_sim:[63278. 64194. 66437.]
Task is 60.00% complete.
t1_sim:[62850. 62378. 60089.] t2_sim:[59508. 59131. 57433.]
Task is 61.00% complete.
t1_sim:[69256. 69400. 66308.] t2_sim:[63865. 64032. 66699.]
Task is 62.00% complete.
t1_sim:[65099. 66830. 63188.] t2_sim:[64533. 64250. 65085.]
Task is 63.00% complete.
t1_sim:[68606. 67710. 67004.] t2_sim:[59771. 59580. 58917.]
Task is 64.00% complete.
t1_sim:[58473. 58877. 61037.] t2_sim:[64497. 63728. 61011.]
Task is 65.00% complete.
t1_sim:[58862. 60949. 58908.] t2_sim:[59887. 60176. 60500.]
Task is 66.00% complete.
t1_sim:[58811. 60912. 58030.] t2_sim:[67767. 68496. 67784.]
Task is 67.00% complete.
t1_sim:[65315. 63412. 63144.] t2_sim:[61079. 61942. 61013.]
Task is 68.00% complete.
t1_sim:[64182. 64785. 64584.] t2_sim:[63633. 63068. 63872.]
Task is 69.00% complete.
t1_sim:[55082. 55981. 55736.] t2_sim:[57735. 57964. 60593.]
Task is 70.00% complete.
t1_sim:[65941. 66104. 63741.] t2_sim:[60678. 61227. 63407.]
Task is 71.00% complete.
t1_sim:[58255. 57684. 57799.] t2_sim:[61661. 61423. 62887.]
Task is 72.00% complete.
t1_sim:[58188. 59132. 60346.] t2_sim:[63138. 63370. 62358.]
Task is 73.00% complete.
t1_sim:[62996. 62222. 58978.] t2_sim:[61918. 62237. 61349.]
Task is 74.00% complete.
t1_sim:[64120. 64287. 59205.] t2_sim:[58065. 58232. 59233.]
Task is 75.00% complete.
t1_sim:[63447. 62808. 64312.] t2_sim:[60819. 61281. 60901.]
Task is 76.00% complete.
t1_sim:[62354. 62441. 62894.] t2_sim:[59880. 60822. 59236.]
Task is 77.00% complete.
t1_sim:[64591. 66098. 64076.] t2_sim:[55157. 57326. 57748.]
Task is 78.00% complete.
t1_sim:[58745. 58479. 57228.] t2_sim:[58651. 58475. 60440.]
Task is 79.00% complete.
t1_sim:[62516. 61379. 61103.] t2_sim:[65910. 64732. 64471.]
Task is 80.00% complete.
t1_sim:[64702. 63288. 62415.] t2_sim:[59134. 59964. 58011.]
Task is 81.00% complete.
t1_sim:[62734. 63229. 62961.] t2_sim:[62097. 61639. 60963.]
Task is 82.00% complete.
t1_sim:[63793. 64089. 63994.] t2_sim:[62452. 64598. 61717.]
Task is 83.00% complete.
t1_sim:[57150. 56810. 58091.] t2_sim:[66661. 68097. 68254.]
Task is 84.00% complete.
t1_sim:[57461. 57986. 56980.] t2_sim:[60570. 60348. 59086.]
Task is 85.00% complete.
t1_sim:[60098. 59022. 56631.] t2_sim:[68316. 68711. 68307.]
Task is 86.00% complete.
t1_sim:[61456. 62914. 61597.] t2_sim:[59553. 59092. 59323.]
Task is 87.00% complete.
t1_sim:[65909. 66541. 64494.] t2_sim:[65573. 64692. 66538.]
Task is 88.00% complete.
t1_sim:[62100. 61428. 60746.] t2_sim:[66119. 66227. 65710.]
Task is 89.00% complete.
t1_sim:[63551. 62679. 63811.] t2_sim:[64104. 66308. 64886.]
Task is 90.00% complete.
t1_sim:[63385. 63033. 63653.] t2_sim:[61990. 62708. 63795.]
Task is 91.00% complete.
t1_sim:[60971. 61335. 63631.] t2_sim:[63649. 64007. 61583.]
Task is 92.00% complete.
t1_sim:[64690. 63077. 61939.] t2_sim:[63251. 62040. 61241.]
Task is 93.00% complete.
t1_sim:[70987. 68566. 70182.] t2_sim:[63240. 62968. 65675.]
Task is 94.00% complete.
t1_sim:[58022. 56667. 57237.] t2_sim:[60115. 59578. 61938.]
Task is 95.00% complete.
t1_sim:[63724. 63072. 60323.] t2_sim:[55654. 56809. 54847.]
Task is 96.00% complete.
t1_sim:[59210. 58810. 60034.] t2_sim:[60175. 60429. 60852.]
Task is 97.00% complete.
t1_sim:[59168. 59708. 59601.] t2_sim:[62391. 60758. 60864.]
Task is 98.00% complete.
t1_sim:[67418. 67282. 65155.] t2_sim:[59763. 58358. 60047.]
Task is 99.00% complete.
t1_sim:[62805. 63385. 64853.] t2_sim:[66831. 66323. 65510.]
Training start
t1_obs:[array(96277.), array(82046.), array(75785.)] t2_obs:[array(95590.), array(84301.), array(80880.)]
corr_G1:[None, None, 0.8412210956457922] corr_G2:[None, None, 0.9924658140203612]
Training end
Task is 0.00% complete.
t1_sim:[65196. 65088. 64582.] t2_sim:[64284. 63959. 64196.]
Task is 1.00% complete.
t1_sim:[57424. 56713. 56815.] t2_sim:[63240. 62539. 64739.]
Task is 2.00% complete.
t1_sim:[67140. 67270. 66063.] t2_sim:[64940. 63588. 64216.]
Task is 3.00% complete.
t1_sim:[66009. 66448. 66702.] t2_sim:[62686. 64401. 65151.]
Task is 4.00% complete.
t1_sim:[66160. 66042. 66042.] t2_sim:[69185. 67857. 68680.]
Task is 5.00% complete.
t1_sim:[64784. 64754. 64488.] t2_sim:[62759. 62490. 61990.]
Task is 6.00% complete.
t1_sim:[66021. 66416. 66904.] t2_sim:[59556. 60814. 61030.]
Task is 7.00% complete.
t1_sim:[63357. 61835. 61755.] t2_sim:[62180. 63117. 63308.]
Task is 8.00% complete.
t1_sim:[67538. 66448. 67449.] t2_sim:[62065. 63136. 62569.]
Task is 9.00% complete.
t1_sim:[65872. 65693. 67951.] t2_sim:[61166. 61532. 63652.]
Task is 10.00% complete.
t1_sim:[60297. 60395. 62035.] t2_sim:[66842. 66659. 66994.]
Task is 11.00% complete.
t1_sim:[63574. 64273. 63109.] t2_sim:[68809. 69930. 68349.]
Task is 12.00% complete.
t1_sim:[59786. 60211. 60091.] t2_sim:[68198. 67374. 67315.]
Task is 13.00% complete.
t1_sim:[65646. 64381. 64889.] t2_sim:[64490. 64168. 63543.]
Task is 14.00% complete.
t1_sim:[66846. 66841. 67220.] t2_sim:[56101. 55690. 55926.]
Task is 15.00% complete.
t1_sim:[66175. 64642. 64058.] t2_sim:[60859. 59979. 59637.]
Task is 16.00% complete.
t1_sim:[58004. 59162. 58907.] t2_sim:[62359. 60782. 59204.]
Task is 17.00% complete.
t1_sim:[65849. 63650. 62895.] t2_sim:[63644. 63545. 62269.]
Task is 18.00% complete.
t1_sim:[63463. 62428. 61044.] t2_sim:[63264. 63469. 62621.]
Task is 19.00% complete.
t1_sim:[61835. 62684. 64901.] t2_sim:[56152. 56685. 58394.]
Task is 20.00% complete.
t1_sim:[64602. 64029. 63565.] t2_sim:[61592. 62397. 63348.]
Task is 21.00% complete.
t1_sim:[55213. 54507. 55348.] t2_sim:[64610. 65209. 64214.]
Task is 22.00% complete.
t1_sim:[64810. 65549. 64130.] t2_sim:[62396. 62024. 62685.]
Task is 23.00% complete.
t1_sim:[61667. 60830. 59819.] t2_sim:[61750. 62273. 63448.]
Task is 24.00% complete.
t1_sim:[66899. 65286. 66488.] t2_sim:[62557. 61985. 61546.]
Task is 25.00% complete.
t1_sim:[64227. 64167. 63247.] t2_sim:[60367. 60197. 61613.]
Task is 26.00% complete.
t1_sim:[67252. 66385. 66442.] t2_sim:[64549. 64027. 64637.]
Task is 27.00% complete.
t1_sim:[62313. 62699. 61012.] t2_sim:[62057. 63128. 61090.]
Task is 28.00% complete.
t1_sim:[66258. 64692. 64261.] t2_sim:[64571. 63451. 63889.]
Task is 29.00% complete.
t1_sim:[59149. 59950. 61135.] t2_sim:[56776. 55405. 55594.]
Task is 30.00% complete.
t1_sim:[58785. 61115. 60918.] t2_sim:[66175. 67235. 66526.]
Task is 31.00% complete.
t1_sim:[63746. 63825. 65063.] t2_sim:[65293. 65798. 64584.]
Task is 32.00% complete.
t1_sim:[63289. 63168. 62239.] t2_sim:[62825. 62975. 64378.]
Task is 33.00% complete.
t1_sim:[52753. 54703. 55510.] t2_sim:[58416. 59240. 60118.]
Task is 34.00% complete.
t1_sim:[63050. 63672. 63337.] t2_sim:[64805. 65075. 65562.]
Task is 35.00% complete.
t1_sim:[63648. 63630. 63148.] t2_sim:[59815. 59483. 59531.]
Task is 36.00% complete.
t1_sim:[58410. 56222. 56734.] t2_sim:[65200. 65079. 65820.]
Task is 37.00% complete.
t1_sim:[67817. 67614. 68195.] t2_sim:[60596. 60225. 59669.]
Task is 38.00% complete.
t1_sim:[54481. 56248. 56056.] t2_sim:[61960. 61891. 63607.]
Task is 39.00% complete.
t1_sim:[70988. 70375. 71376.] t2_sim:[62412. 63144. 62979.]
Task is 40.00% complete.
t1_sim:[65168. 64351. 63256.] t2_sim:[59065. 60469. 58914.]
Task is 41.00% complete.
t1_sim:[65890. 64939. 63701.] t2_sim:[65314. 62579. 62339.]
Task is 42.00% complete.
t1_sim:[73144. 71789. 70654.] t2_sim:[63369. 63456. 62499.]
Task is 43.00% complete.
t1_sim:[62964. 60236. 60020.] t2_sim:[63471. 62619. 62734.]
Task is 44.00% complete.
t1_sim:[61820. 62574. 62583.] t2_sim:[63225. 62645. 61805.]
Task is 45.00% complete.
t1_sim:[59182. 59945. 60522.] t2_sim:[59311. 57971. 57621.]
Task is 46.00% complete.
t1_sim:[62373. 62418. 61089.] t2_sim:[59904. 59697. 60169.]
Task is 47.00% complete.
t1_sim:[59851. 60995. 61103.] t2_sim:[60252. 60634. 62656.]
Task is 48.00% complete.
t1_sim:[57874. 57178. 57843.] t2_sim:[68033. 67823. 68546.]
Task is 49.00% complete.
t1_sim:[66424. 65117. 65851.] t2_sim:[59552. 60313. 59528.]
Task is 50.00% complete.
t1_sim:[59764. 58838. 57201.] t2_sim:[61040. 60497. 61415.]
Task is 51.00% complete.
t1_sim:[64276. 64414. 64258.] t2_sim:[67409. 67359. 66236.]
Task is 52.00% complete.
t1_sim:[56246. 57060. 58068.] t2_sim:[64131. 64563. 64594.]
Task is 53.00% complete.
t1_sim:[69591. 70240. 70852.] t2_sim:[65487. 65335. 63662.]
Task is 54.00% complete.
t1_sim:[62042. 61517. 63209.] t2_sim:[64713. 64040. 64401.]
Task is 55.00% complete.
t1_sim:[60511. 60714. 60049.] t2_sim:[60640. 60612. 61666.]
Task is 56.00% complete.
t1_sim:[61231. 61954. 60337.] t2_sim:[64236. 63954. 65916.]
Task is 57.00% complete.
t1_sim:[65411. 65545. 66317.] t2_sim:[60233. 60530. 62421.]
Task is 58.00% complete.
t1_sim:[61208. 61373. 60924.] t2_sim:[61115. 60642. 58992.]
Task is 59.00% complete.
t1_sim:[61289. 61619. 64255.] t2_sim:[66059. 67095. 66673.]
Task is 60.00% complete.
t1_sim:[58859. 59482. 58776.] t2_sim:[64250. 64333. 65484.]
Task is 61.00% complete.
t1_sim:[63936. 63253. 65042.] t2_sim:[63050. 63136. 63913.]
Task is 62.00% complete.
t1_sim:[62742. 63862. 62139.] t2_sim:[61461. 60473. 61808.]
Task is 63.00% complete.
t1_sim:[63189. 62379. 62647.] t2_sim:[60543. 61146. 60656.]
Task is 64.00% complete.
t1_sim:[63942. 64450. 65266.] t2_sim:[61277. 60095. 60793.]
Task is 65.00% complete.
t1_sim:[61305. 61546. 61507.] t2_sim:[59673. 58955. 59472.]
Task is 66.00% complete.
t1_sim:[60287. 62711. 60940.] t2_sim:[57885. 57730. 59802.]
Task is 67.00% complete.
t1_sim:[57395. 59648. 60312.] t2_sim:[61092. 60157. 61386.]
Task is 68.00% complete.
t1_sim:[61924. 61069. 61597.] t2_sim:[63277. 63701. 64678.]
Task is 69.00% complete.
t1_sim:[58473. 58567. 60911.] t2_sim:[58160. 59485. 58522.]
Task is 70.00% complete.
t1_sim:[62070. 62662. 61362.] t2_sim:[67042. 66986. 67294.]
Task is 71.00% complete.
t1_sim:[65715. 66338. 65981.] t2_sim:[61668. 61485. 61886.]
Task is 72.00% complete.
t1_sim:[62275. 61137. 62512.] t2_sim:[64800. 64551. 64201.]
Task is 73.00% complete.
t1_sim:[61714. 60320. 59465.] t2_sim:[65659. 65355. 66203.]
Task is 74.00% complete.
t1_sim:[63241. 62904. 62269.] t2_sim:[69926. 67758. 69613.]
Task is 75.00% complete.
t1_sim:[58320. 58537. 59464.] t2_sim:[64593. 63391. 63137.]
Task is 76.00% complete.
t1_sim:[63573. 63394. 63258.] t2_sim:[60895. 61923. 62915.]
Task is 77.00% complete.
t1_sim:[65762. 66935. 65460.] t2_sim:[63049. 63756. 65051.]
Task is 78.00% complete.
t1_sim:[66578. 67840. 66587.] t2_sim:[61995. 61135. 60202.]
Task is 79.00% complete.
t1_sim:[64320. 63892. 63854.] t2_sim:[62479. 61911. 61941.]
Task is 80.00% complete.
t1_sim:[67835. 67027. 67565.] t2_sim:[63897. 63641. 62504.]
Task is 81.00% complete.
t1_sim:[57445. 57268. 55040.] t2_sim:[61853. 62176. 62093.]
Task is 82.00% complete.
t1_sim:[65517. 63715. 63507.] t2_sim:[61805. 61825. 63276.]
Task is 83.00% complete.
t1_sim:[64132. 64089. 64743.] t2_sim:[61938. 61939. 61520.]
Task is 84.00% complete.
t1_sim:[57522. 58748. 59061.] t2_sim:[64483. 63949. 64904.]
Task is 85.00% complete.
t1_sim:[61576. 61720. 61161.] t2_sim:[64252. 64832. 63770.]
Task is 86.00% complete.
t1_sim:[64759. 63797. 64508.] t2_sim:[58137. 58372. 60356.]
Task is 87.00% complete.
t1_sim:[59095. 60868. 61966.] t2_sim:[64477. 63502. 63414.]
Task is 88.00% complete.
t1_sim:[68371. 68659. 68192.] t2_sim:[62224. 63079. 63223.]
Task is 89.00% complete.
t1_sim:[63138. 62713. 61920.] t2_sim:[66314. 65727. 63436.]
Task is 90.00% complete.
t1_sim:[62151. 61074. 62014.] t2_sim:[62049. 61616. 62677.]
Task is 91.00% complete.
t1_sim:[64406. 65396. 64702.] t2_sim:[63733. 65988. 66160.]
Task is 92.00% complete.
t1_sim:[63343. 64570. 65649.] t2_sim:[66974. 66391. 67024.]
Task is 93.00% complete.
t1_sim:[64361. 63742. 61624.] t2_sim:[61495. 62200. 62983.]
Task is 94.00% complete.
t1_sim:[59244. 59059. 59424.] t2_sim:[52937. 52607. 54697.]
Task is 95.00% complete.
t1_sim:[62936. 64084. 63188.] t2_sim:[53636. 54918. 54004.]
Task is 96.00% complete.
t1_sim:[65398. 64126. 64409.] t2_sim:[59602. 60921. 62918.]
Task is 97.00% complete.
t1_sim:[63776. 65420. 66091.] t2_sim:[63400. 63660. 65066.]
Task is 98.00% complete.
t1_sim:[63340. 64205. 64663.] t2_sim:[66824. 65643. 67065.]
Task is 99.00% complete.
t1_sim:[63042. 62966. 60359.] t2_sim:[58993. 60187. 60153.]
Training start
t1_obs:[array(96277.), array(82046.), array(72578.)] t2_obs:[array(95590.), array(84301.), array(76611.)]
corr_G1:[None, None, 0.5354994287824395] corr_G2:[None, None, 0.18036681749130581]
Training end
Task is 0.00% complete.
t1_sim:[64655. 64614. 63603.] t2_sim:[63495. 63839. 59876.]
Task is 1.00% complete.
t1_sim:[61887. 61677. 63119.] t2_sim:[57261. 58379. 55118.]
Task is 2.00% complete.
t1_sim:[61684. 63240. 61722.] t2_sim:[64397. 63301. 60807.]
Task is 3.00% complete.
t1_sim:[57560. 57469. 60494.] t2_sim:[66825. 66828. 64699.]
Task is 4.00% complete.
t1_sim:[71443. 71084. 69774.] t2_sim:[60703. 61629. 59074.]
Task is 5.00% complete.
t1_sim:[58175. 57732. 56937.] t2_sim:[60976. 62855. 58847.]
Task is 6.00% complete.
t1_sim:[62611. 61996. 61385.] t2_sim:[62269. 63231. 58789.]
Task is 7.00% complete.
t1_sim:[61505. 62433. 62950.] t2_sim:[62175. 61824. 58083.]
Task is 8.00% complete.
t1_sim:[59441. 58887. 57075.] t2_sim:[62751. 62616. 58266.]
Task is 9.00% complete.
t1_sim:[63925. 63900. 65518.] t2_sim:[62039. 61221. 58291.]
Task is 10.00% complete.
t1_sim:[63603. 64099. 64710.] t2_sim:[65767. 65111. 62659.]
Task is 11.00% complete.
t1_sim:[63706. 62340. 60447.] t2_sim:[61648. 61396. 57683.]
Task is 12.00% complete.
t1_sim:[55261. 55915. 55666.] t2_sim:[62570. 61890. 58499.]
Task is 13.00% complete.
t1_sim:[72207. 72681. 72238.] t2_sim:[59495. 61508. 59099.]
Task is 14.00% complete.
t1_sim:[62560. 62700. 63643.] t2_sim:[62065. 62133. 56819.]
Task is 15.00% complete.
t1_sim:[66855. 68926. 67006.] t2_sim:[58024. 59068. 55945.]
Task is 16.00% complete.
t1_sim:[64915. 65335. 65844.] t2_sim:[62956. 62748. 62213.]
Task is 17.00% complete.
t1_sim:[61423. 63928. 64150.] t2_sim:[60564. 60846. 58253.]
Task is 18.00% complete.
t1_sim:[59166. 59858. 59565.] t2_sim:[63774. 65909. 61576.]
Task is 19.00% complete.
t1_sim:[58469. 56624. 58133.] t2_sim:[60622. 60733. 58301.]
Task is 20.00% complete.
t1_sim:[62212. 61864. 59969.] t2_sim:[60506. 62481. 58840.]
Task is 21.00% complete.
t1_sim:[66149. 66100. 65051.] t2_sim:[56618. 55554. 54639.]
Task is 22.00% complete.
t1_sim:[61591. 61918. 59750.] t2_sim:[64101. 64457. 59979.]
Task is 23.00% complete.
t1_sim:[56338. 58725. 59764.] t2_sim:[62644. 61753. 56878.]
Task is 24.00% complete.
t1_sim:[61726. 60494. 60881.] t2_sim:[65919. 66038. 60589.]
Task is 25.00% complete.
t1_sim:[69566. 68623. 70069.] t2_sim:[59354. 58355. 55003.]
Task is 26.00% complete.
t1_sim:[62646. 63019. 63832.] t2_sim:[62273. 61727. 57855.]
Task is 27.00% complete.
t1_sim:[61280. 59684. 60542.] t2_sim:[64631. 64550. 61869.]
Task is 28.00% complete.
t1_sim:[62461. 61451. 61690.] t2_sim:[59699. 59004. 56316.]
Task is 29.00% complete.
t1_sim:[65795. 67246. 67375.] t2_sim:[63029. 62979. 59326.]
Task is 30.00% complete.
t1_sim:[58124. 57647. 55584.] t2_sim:[56744. 57554. 56448.]
Task is 31.00% complete.
t1_sim:[63412. 64227. 63594.] t2_sim:[67682. 68132. 64139.]
Task is 32.00% complete.
t1_sim:[64222. 64118. 65899.] t2_sim:[59293. 58252. 56745.]
Task is 33.00% complete.
t1_sim:[61050. 61065. 60265.] t2_sim:[66048. 66651. 64124.]
Task is 34.00% complete.
t1_sim:[67687. 67326. 69354.] t2_sim:[59055. 59052. 54623.]
Task is 35.00% complete.
t1_sim:[65547. 67798. 63299.] t2_sim:[61324. 61823. 57036.]
Task is 36.00% complete.
t1_sim:[69740. 71802. 71703.] t2_sim:[64294. 63293. 60926.]
Task is 37.00% complete.
t1_sim:[60523. 61043. 62311.] t2_sim:[65549. 65956. 62042.]
Task is 38.00% complete.
t1_sim:[62658. 61979. 59222.] t2_sim:[68360. 67869. 63300.]
Task is 39.00% complete.
t1_sim:[59561. 61337. 60821.] t2_sim:[65028. 62956. 61080.]
Task is 40.00% complete.
t1_sim:[59979. 60665. 61520.] t2_sim:[66982. 68146. 65458.]
Task is 41.00% complete.
t1_sim:[59522. 60635. 60563.] t2_sim:[62107. 61681. 58889.]
Task is 42.00% complete.
t1_sim:[61353. 60852. 60418.] t2_sim:[68755. 67657. 64350.]
Task is 43.00% complete.
t1_sim:[60274. 59395. 60904.] t2_sim:[63715. 64300. 61882.]
Task is 44.00% complete.
t1_sim:[58832. 59897. 61200.] t2_sim:[61080. 60938. 58458.]
Task is 45.00% complete.
t1_sim:[63078. 61276. 61587.] t2_sim:[57311. 57015. 52769.]
Task is 46.00% complete.
t1_sim:[66565. 67847. 66518.] t2_sim:[61794. 63096. 59058.]
Task is 47.00% complete.
t1_sim:[63149. 62829. 62684.] t2_sim:[66316. 63908. 61018.]
Task is 48.00% complete.
t1_sim:[62414. 64724. 65101.] t2_sim:[62721. 61809. 59932.]
Task is 49.00% complete.
t1_sim:[62411. 63349. 64078.] t2_sim:[65948. 65426. 63805.]
Task is 50.00% complete.
t1_sim:[63921. 63424. 64902.] t2_sim:[60082. 59465. 57817.]
Task is 51.00% complete.
t1_sim:[63766. 63168. 64400.] t2_sim:[61216. 61903. 58742.]
Task is 52.00% complete.
t1_sim:[62512. 62617. 63467.] t2_sim:[61205. 63396. 59134.]
Task is 53.00% complete.
t1_sim:[62434. 62447. 63892.] t2_sim:[59261. 57687. 56692.]
Task is 54.00% complete.
t1_sim:[62045. 61521. 60775.] t2_sim:[65448. 65260. 64835.]
Task is 55.00% complete.
t1_sim:[62963. 63425. 65383.] t2_sim:[62380. 63335. 59237.]
Task is 56.00% complete.
t1_sim:[60039. 58859. 60193.] t2_sim:[63205. 63531. 59725.]
Task is 57.00% complete.
t1_sim:[62427. 62294. 61746.] t2_sim:[63791. 65156. 59921.]
Task is 58.00% complete.
t1_sim:[64738. 63663. 62111.] t2_sim:[66035. 66867. 64656.]
Task is 59.00% complete.
t1_sim:[70562. 69552. 68685.] t2_sim:[61862. 62747. 59896.]
Task is 60.00% complete.
t1_sim:[61711. 63859. 63573.] t2_sim:[64398. 64768. 61671.]
Task is 61.00% complete.
t1_sim:[62869. 61107. 62723.] t2_sim:[61969. 61544. 57144.]
Task is 62.00% complete.
t1_sim:[68137. 70076. 68796.] t2_sim:[57959. 57884. 54986.]
Task is 63.00% complete.
t1_sim:[56777. 56749. 57533.] t2_sim:[57408. 59412. 55668.]
Task is 64.00% complete.
t1_sim:[63325. 62719. 60093.] t2_sim:[62190. 61472. 59548.]
Task is 65.00% complete.
t1_sim:[62458. 61450. 62572.] t2_sim:[60411. 62600. 59011.]
Task is 66.00% complete.
t1_sim:[57540. 56053. 54078.] t2_sim:[63310. 62940. 61172.]
Task is 67.00% complete.
t1_sim:[61678. 62897. 62264.] t2_sim:[65656. 65583. 62089.]
Task is 68.00% complete.
t1_sim:[60444. 60323. 60325.] t2_sim:[61861. 63603. 59693.]
Task is 69.00% complete.
t1_sim:[62154. 63566. 62198.] t2_sim:[61360. 62556. 59617.]
Task is 70.00% complete.
t1_sim:[62691. 63006. 63138.] t2_sim:[61001. 59420. 58532.]
Task is 71.00% complete.
t1_sim:[61522. 61379. 59958.] t2_sim:[63422. 61315. 59675.]
Task is 72.00% complete.
t1_sim:[58091. 58074. 60232.] t2_sim:[66134. 66320. 63530.]
Task is 73.00% complete.
t1_sim:[64776. 63881. 63360.] t2_sim:[61429. 59985. 57872.]
Task is 74.00% complete.
t1_sim:[64540. 63080. 62274.] t2_sim:[61631. 62449. 61058.]
Task is 75.00% complete.
t1_sim:[59713. 59015. 57308.] t2_sim:[63877. 63796. 62669.]
Task is 76.00% complete.
t1_sim:[60575. 59291. 59504.] t2_sim:[63012. 63658. 60858.]
Task is 77.00% complete.
t1_sim:[64312. 64845. 64014.] t2_sim:[62526. 63121. 61899.]
Task is 78.00% complete.
t1_sim:[64007. 63974. 63458.] t2_sim:[64424. 62498. 60840.]
Task is 79.00% complete.
t1_sim:[66638. 67073. 66751.] t2_sim:[61973. 61240. 58786.]
Task is 80.00% complete.
t1_sim:[60026. 61035. 59819.] t2_sim:[59761. 59875. 57450.]
Task is 81.00% complete.
t1_sim:[58399. 60731. 61454.] t2_sim:[63028. 63491. 61760.]
Task is 82.00% complete.
t1_sim:[61506. 61086. 60923.] t2_sim:[58186. 58193. 55930.]
Task is 83.00% complete.
t1_sim:[64813. 65091. 65044.] t2_sim:[62892. 64928. 62242.]
Task is 84.00% complete.
t1_sim:[62017. 62193. 62175.] t2_sim:[54426. 54614. 53243.]
Task is 85.00% complete.
t1_sim:[67562. 68207. 67748.] t2_sim:[56819. 55989. 52754.]
Task is 86.00% complete.
t1_sim:[62891. 63134. 61039.] t2_sim:[62924. 62801. 58963.]
Task is 87.00% complete.
t1_sim:[56934. 59064. 56057.] t2_sim:[64943. 62815. 59597.]
Task is 88.00% complete.
t1_sim:[64426. 64144. 66555.] t2_sim:[55916. 55642. 52159.]
Task is 89.00% complete.
t1_sim:[63591. 63222. 66459.] t2_sim:[62631. 63807. 59229.]
Task is 90.00% complete.
t1_sim:[59489. 60549. 59543.] t2_sim:[66473. 65626. 61137.]
Task is 91.00% complete.
t1_sim:[62643. 62214. 62879.] t2_sim:[58578. 60266. 57730.]
Task is 92.00% complete.
t1_sim:[62747. 62177. 61115.] t2_sim:[65982. 66453. 60750.]
Task is 93.00% complete.
t1_sim:[61352. 61589. 62898.] t2_sim:[60554. 62608. 59075.]
Task is 94.00% complete.
t1_sim:[68900. 67225. 67035.] t2_sim:[66821. 65073. 62509.]
Task is 95.00% complete.
t1_sim:[59171. 59344. 59363.] t2_sim:[69299. 69344. 65619.]
Task is 96.00% complete.
t1_sim:[71061. 71533. 72627.] t2_sim:[68421. 67692. 64775.]
Task is 97.00% complete.
t1_sim:[66124. 64735. 64681.] t2_sim:[63263. 63124. 59070.]
Task is 98.00% complete.
t1_sim:[68247. 66322. 66291.] t2_sim:[57994. 57250. 54788.]
Task is 99.00% complete.
t1_sim:[59244. 59285. 59546.] t2_sim:[62809. 61400. 59930.]
Finished
