/scratch/jz4721/Post-prediction-Causal-Inference/venv/lib/python3.8/site-packages/numpy/core/getlimits.py:518: UserWarning: The value of the smallest subnormal for <class 'numpy.float64'> type is zero.
  setattr(self, word, getattr(machar, word).flat[0])
/scratch/jz4721/Post-prediction-Causal-Inference/venv/lib/python3.8/site-packages/numpy/core/getlimits.py:89: UserWarning: The value of the smallest subnormal for <class 'numpy.float64'> type is zero.
  return self._float_to_str(self.smallest_subnormal)
/scratch/jz4721/Post-prediction-Causal-Inference/venv/lib/python3.8/site-packages/numpy/core/getlimits.py:518: UserWarning: The value of the smallest subnormal for <class 'numpy.float32'> type is zero.
  setattr(self, word, getattr(machar, word).flat[0])
/scratch/jz4721/Post-prediction-Causal-Inference/venv/lib/python3.8/site-packages/numpy/core/getlimits.py:89: UserWarning: The value of the smallest subnormal for <class 'numpy.float32'> type is zero.
  return self._float_to_str(self.smallest_subnormal)
Begin
Training start
t1_obs:[array(85850.), array(78423.), array(62696.)] t2_obs:[array(92324.), array(86514.), array(70070.)]
corr_G1:[None, None, 1.3082819659268182e-17] corr_G2:[None, None, -7.585846352820136e-17]
Training end
Task is 0.00% complete.
t1_sim:[62358. 62264. 65357.] t2_sim:[64068. 63617. 67440.]
Task is 1.00% complete.
t1_sim:[60456. 61843. 61636.] t2_sim:[58197. 57936. 59333.]
Task is 2.00% complete.
t1_sim:[58604. 59594. 57835.] t2_sim:[60354. 59592. 59510.]
Task is 3.00% complete.
t1_sim:[65203. 65680. 61887.] t2_sim:[67622. 67542. 67408.]
Task is 4.00% complete.
t1_sim:[62797. 63268. 60534.] t2_sim:[63848. 63973. 62427.]
Task is 5.00% complete.
t1_sim:[66308. 66474. 66653.] t2_sim:[61931. 61664. 59457.]
Task is 6.00% complete.
t1_sim:[66153. 65113. 65533.] t2_sim:[65676. 65210. 66145.]
Task is 7.00% complete.
t1_sim:[54231. 54079. 55204.] t2_sim:[61421. 61501. 61812.]
Task is 8.00% complete.
t1_sim:[68323. 70059. 70519.] t2_sim:[66066. 65510. 62658.]
Task is 9.00% complete.
t1_sim:[59552. 57276. 61482.] t2_sim:[64153. 64188. 62536.]
Task is 10.00% complete.
t1_sim:[63614. 63822. 63057.] t2_sim:[61356. 62004. 58037.]
Task is 11.00% complete.
t1_sim:[64283. 64495. 62066.] t2_sim:[60143. 60263. 65729.]
Task is 12.00% complete.
t1_sim:[64774. 64633. 63289.] t2_sim:[56845. 57289. 59476.]
Task is 13.00% complete.
t1_sim:[61082. 61510. 63058.] t2_sim:[64815. 65499. 64105.]
Task is 14.00% complete.
t1_sim:[65945. 65522. 64401.] t2_sim:[60492. 60146. 61415.]
Task is 15.00% complete.
t1_sim:[57335. 58035. 57695.] t2_sim:[67911. 67152. 65994.]
Task is 16.00% complete.
t1_sim:[60485. 59845. 61887.] t2_sim:[68505. 68115. 68521.]
Task is 17.00% complete.
t1_sim:[66268. 67055. 65903.] t2_sim:[62871. 63489. 64396.]
Task is 18.00% complete.
t1_sim:[58500. 58126. 58008.] t2_sim:[62945. 61868. 62616.]
Task is 19.00% complete.
t1_sim:[63217. 63089. 62051.] t2_sim:[63927. 64721. 65588.]
Task is 20.00% complete.
t1_sim:[64412. 63305. 62199.] t2_sim:[62141. 61926. 61606.]
Task is 21.00% complete.
t1_sim:[59986. 59442. 62663.] t2_sim:[55382. 55601. 57728.]
Task is 22.00% complete.
t1_sim:[65846. 66446. 66569.] t2_sim:[62652. 63426. 63676.]
Task is 23.00% complete.
t1_sim:[67586. 67748. 67282.] t2_sim:[61853. 62105. 62305.]
Task is 24.00% complete.
t1_sim:[65890. 66297. 62399.] t2_sim:[56565. 57153. 56832.]
Task is 25.00% complete.
t1_sim:[66765. 66665. 64690.] t2_sim:[63495. 64208. 60556.]
Task is 26.00% complete.
t1_sim:[61204. 60467. 60182.] t2_sim:[60786. 62398. 62175.]
Task is 27.00% complete.
t1_sim:[62963. 63078. 63735.] t2_sim:[69562. 68647. 67036.]
Task is 28.00% complete.
t1_sim:[62303. 63922. 63805.] t2_sim:[60397. 60826. 61047.]
Task is 29.00% complete.
t1_sim:[59982. 59055. 61279.] t2_sim:[62170. 62934. 63592.]
Task is 30.00% complete.
t1_sim:[62312. 61595. 60811.] t2_sim:[62209. 64045. 61775.]
Task is 31.00% complete.
t1_sim:[64268. 64801. 64459.] t2_sim:[68283. 69099. 68440.]
Task is 32.00% complete.
t1_sim:[66273. 65347. 63884.] t2_sim:[61409. 63003. 62005.]
Task is 33.00% complete.
t1_sim:[69222. 69317. 67616.] t2_sim:[65521. 64361. 67212.]
Task is 34.00% complete.
t1_sim:[63534. 64457. 62741.] t2_sim:[64233. 65019. 64410.]
Task is 35.00% complete.
t1_sim:[66562. 66345. 66308.] t2_sim:[62942. 62517. 61601.]
Task is 36.00% complete.
t1_sim:[63628. 64020. 66339.] t2_sim:[66915. 65413. 65375.]
Task is 37.00% complete.
t1_sim:[62001. 63901. 62374.] t2_sim:[64656. 65463. 65451.]
Task is 38.00% complete.
t1_sim:[63387. 63679. 61467.] t2_sim:[63640. 64298. 59467.]
Task is 39.00% complete.
t1_sim:[64796. 65815. 67558.] t2_sim:[64268. 63248. 59696.]
Task is 40.00% complete.
t1_sim:[65495. 64568. 65858.] t2_sim:[65844. 65342. 65930.]
Task is 41.00% complete.
t1_sim:[63323. 64502. 65112.] t2_sim:[59388. 59201. 58845.]
Task is 42.00% complete.
t1_sim:[61452. 60238. 61123.] t2_sim:[62578. 62039. 61796.]
Task is 43.00% complete.
t1_sim:[63002. 62584. 63529.] t2_sim:[63463. 63603. 62047.]
Task is 44.00% complete.
t1_sim:[63402. 62997. 62896.] t2_sim:[57545. 57364. 56725.]
Task is 45.00% complete.
t1_sim:[61481. 60906. 62776.] t2_sim:[61342. 60587. 61345.]
Task is 46.00% complete.
t1_sim:[66353. 65502. 64932.] t2_sim:[58681. 58691. 58334.]
Task is 47.00% complete.
t1_sim:[66393. 65422. 65346.] t2_sim:[57794. 57660. 59834.]
Task is 48.00% complete.
t1_sim:[62003. 62284. 61228.] t2_sim:[59182. 58195. 61619.]
Task is 49.00% complete.
t1_sim:[57559. 58121. 60428.] t2_sim:[62100. 62970. 64276.]
Task is 50.00% complete.
t1_sim:[65899. 65537. 68537.] t2_sim:[59101. 58727. 60237.]
Task is 51.00% complete.
t1_sim:[65352. 65584. 63528.] t2_sim:[66126. 66382. 64074.]
Task is 52.00% complete.
t1_sim:[71092. 70374. 69421.] t2_sim:[63897. 63483. 63258.]
Task is 53.00% complete.
t1_sim:[65427. 64603. 61140.] t2_sim:[65726. 65886. 67536.]
Task is 54.00% complete.
t1_sim:[63783. 64436. 65505.] t2_sim:[60561. 60959. 62928.]
Task is 55.00% complete.
t1_sim:[61923. 62531. 61443.] t2_sim:[63505. 63125. 58988.]
Task is 56.00% complete.
t1_sim:[65567. 65469. 65034.] t2_sim:[64652. 65056. 65774.]
Task is 57.00% complete.
t1_sim:[64539. 63512. 60433.] t2_sim:[58802. 59299. 58860.]
Task is 58.00% complete.
t1_sim:[62770. 63779. 63302.] t2_sim:[57929. 59023. 58409.]
Task is 59.00% complete.
t1_sim:[62255. 62619. 67398.] t2_sim:[62593. 63744. 64072.]
Task is 60.00% complete.
t1_sim:[57571. 57322. 57460.] t2_sim:[58417. 58472. 59710.]
Task is 61.00% complete.
t1_sim:[65936. 65602. 65195.] t2_sim:[68207. 66745. 66163.]
Task is 62.00% complete.
t1_sim:[63741. 63192. 62806.] t2_sim:[65369. 64890. 66876.]
Task is 63.00% complete.
t1_sim:[63983. 64107. 65591.] t2_sim:[63796. 63170. 64571.]
Task is 64.00% complete.
t1_sim:[65452. 66337. 64671.] t2_sim:[65600. 65847. 64470.]
Task is 65.00% complete.
t1_sim:[61995. 61015. 63941.] t2_sim:[66846. 66095. 65520.]
Task is 66.00% complete.
t1_sim:[69723. 68693. 66554.] t2_sim:[63317. 61908. 62134.]
Task is 67.00% complete.
t1_sim:[65030. 65139. 66126.] t2_sim:[61640. 61108. 61991.]
Task is 68.00% complete.
t1_sim:[66307. 65084. 65625.] t2_sim:[61481. 60790. 62325.]
Task is 69.00% complete.
t1_sim:[58032. 59431. 59799.] t2_sim:[66214. 67219. 64577.]
Task is 70.00% complete.
t1_sim:[62401. 63715. 62579.] t2_sim:[58770. 58187. 59749.]
Task is 71.00% complete.
t1_sim:[58107. 56602. 59612.] t2_sim:[58028. 58125. 59335.]
Task is 72.00% complete.
t1_sim:[64803. 65710. 64967.] t2_sim:[60880. 61198. 64117.]
Task is 73.00% complete.
t1_sim:[57042. 57623. 57813.] t2_sim:[64876. 65236. 61469.]
Task is 74.00% complete.
t1_sim:[58983. 59500. 58950.] t2_sim:[64912. 65472. 63556.]
Task is 75.00% complete.
t1_sim:[58224. 57536. 60018.] t2_sim:[57746. 57785. 54452.]
Task is 76.00% complete.
t1_sim:[57831. 58476. 59367.] t2_sim:[66855. 66647. 66293.]
Task is 77.00% complete.
t1_sim:[57809. 57680. 61369.] t2_sim:[66658. 67076. 68242.]
Task is 78.00% complete.
t1_sim:[58133. 58470. 60394.] t2_sim:[64011. 64013. 66318.]
Task is 79.00% complete.
t1_sim:[64180. 64545. 65678.] t2_sim:[62755. 62933. 61602.]
Task is 80.00% complete.
t1_sim:[60869. 60595. 64705.] t2_sim:[60500. 59197. 58761.]
Task is 81.00% complete.
t1_sim:[58482. 60685. 59665.] t2_sim:[63444. 62038. 59729.]
Task is 82.00% complete.
t1_sim:[57306. 58232. 59180.] t2_sim:[62256. 62679. 63746.]
Task is 83.00% complete.
t1_sim:[62713. 63122. 61406.] t2_sim:[64348. 64715. 62506.]
Task is 84.00% complete.
t1_sim:[64692. 65127. 62286.] t2_sim:[62153. 62342. 62627.]
Task is 85.00% complete.
t1_sim:[61761. 61835. 60917.] t2_sim:[56404. 56691. 54990.]
Task is 86.00% complete.
t1_sim:[64622. 64388. 65524.] t2_sim:[67516. 67768. 69849.]
Task is 87.00% complete.
t1_sim:[64539. 64495. 65200.] t2_sim:[66556. 66241. 64446.]
Task is 88.00% complete.
t1_sim:[61386. 60750. 59521.] t2_sim:[62719. 63195. 59605.]
Task is 89.00% complete.
t1_sim:[61735. 61403. 58315.] t2_sim:[64064. 65606. 65507.]
Task is 90.00% complete.
t1_sim:[64763. 64542. 65436.] t2_sim:[63031. 63568. 63836.]
Task is 91.00% complete.
t1_sim:[64269. 64290. 67549.] t2_sim:[68571. 69273. 65402.]
Task is 92.00% complete.
t1_sim:[64410. 64199. 66169.] t2_sim:[62569. 61463. 63283.]
Task is 93.00% complete.
t1_sim:[63759. 62635. 63045.] t2_sim:[67638. 66497. 64812.]
Task is 94.00% complete.
t1_sim:[58662. 58910. 59218.] t2_sim:[61671. 62730. 62136.]
Task is 95.00% complete.
t1_sim:[62182. 61651. 63599.] t2_sim:[65675. 65269. 63874.]
Task is 96.00% complete.
t1_sim:[62487. 63417. 62057.] t2_sim:[63500. 63914. 62719.]
Task is 97.00% complete.
t1_sim:[62629. 62507. 64886.] t2_sim:[62442. 63420. 64123.]
Task is 98.00% complete.
t1_sim:[60900. 59023. 57419.] t2_sim:[61428. 61157. 62966.]
Task is 99.00% complete.
t1_sim:[66103. 66313. 68005.] t2_sim:[64004. 63389. 63219.]
Training start
t1_obs:[array(85850.), array(78423.), array(67083.)] t2_obs:[array(92324.), array(86514.), array(78116.)]
corr_G1:[None, None, 0.9662275192009472] corr_G2:[None, None, 0.944926763614589]
Training end
Task is 0.00% complete.
t1_sim:[60779. 62134. 60577.] t2_sim:[59242. 59038. 57766.]
Task is 1.00% complete.
t1_sim:[64281. 64587. 65946.] t2_sim:[64258. 63832. 61894.]
Task is 2.00% complete.
t1_sim:[64058. 64378. 65085.] t2_sim:[65165. 64079. 63739.]
Task is 3.00% complete.
t1_sim:[64671. 64336. 62903.] t2_sim:[60873. 61194. 59208.]
Task is 4.00% complete.
t1_sim:[67453. 66828. 66165.] t2_sim:[64589. 65409. 64269.]
Task is 5.00% complete.
t1_sim:[61537. 62278. 62218.] t2_sim:[62498. 62768. 62030.]
Task is 6.00% complete.
t1_sim:[65653. 65409. 66554.] t2_sim:[64227. 65218. 63261.]
Task is 7.00% complete.
t1_sim:[59557. 59121. 59842.] t2_sim:[61831. 62493. 60476.]
Task is 8.00% complete.
t1_sim:[59820. 60350. 61206.] t2_sim:[62029. 62622. 60372.]
Task is 9.00% complete.
t1_sim:[62467. 63274. 64317.] t2_sim:[60275. 58662. 56170.]
Task is 10.00% complete.
t1_sim:[66491. 65838. 66345.] t2_sim:[62394. 62780. 60635.]
Task is 11.00% complete.
t1_sim:[65572. 64815. 62419.] t2_sim:[59429. 59034. 56647.]
Task is 12.00% complete.
t1_sim:[68383. 67456. 65280.] t2_sim:[69451. 69368. 67007.]
Task is 13.00% complete.
t1_sim:[58849. 58060. 56743.] t2_sim:[59659. 58998. 55503.]
Task is 14.00% complete.
t1_sim:[60952. 61381. 62077.] t2_sim:[60835. 60694. 58354.]
Task is 15.00% complete.
t1_sim:[61641. 61990. 61358.] t2_sim:[60588. 61325. 58283.]
Task is 16.00% complete.
t1_sim:[67860. 66680. 64289.] t2_sim:[61726. 61533. 58501.]
Task is 17.00% complete.
t1_sim:[61550. 61263. 60806.] t2_sim:[58606. 58030. 55895.]
Task is 18.00% complete.
t1_sim:[60246. 60673. 61010.] t2_sim:[65677. 65543. 65344.]
Task is 19.00% complete.
t1_sim:[64626. 64564. 64798.] t2_sim:[61956. 61617. 58826.]
Task is 20.00% complete.
t1_sim:[59109. 60140. 60496.] t2_sim:[65834. 65296. 62704.]
Task is 21.00% complete.
t1_sim:[58096. 58068. 58154.] t2_sim:[58433. 58323. 56048.]
Task is 22.00% complete.
t1_sim:[61581. 60069. 59034.] t2_sim:[62889. 62730. 60715.]
Task is 23.00% complete.
t1_sim:[65930. 66348. 66768.] t2_sim:[60685. 60737. 56727.]
Task is 24.00% complete.
t1_sim:[61789. 60645. 60326.] t2_sim:[63518. 63994. 62752.]
Task is 25.00% complete.
t1_sim:[58132. 58339. 57533.] t2_sim:[68198. 67665. 65926.]
Task is 26.00% complete.
t1_sim:[58614. 58212. 57681.] t2_sim:[58417. 57724. 55523.]
Task is 27.00% complete.
t1_sim:[56683. 57510. 59143.] t2_sim:[67067. 65352. 63155.]
Task is 28.00% complete.
t1_sim:[62550. 62919. 61879.] t2_sim:[61019. 62021. 58581.]
Task is 29.00% complete.
t1_sim:[58142. 58232. 58393.] t2_sim:[66084. 66250. 63275.]
Task is 30.00% complete.
t1_sim:[65283. 65241. 65255.] t2_sim:[61426. 62196. 60269.]
Task is 31.00% complete.
t1_sim:[69181. 68664. 67705.] t2_sim:[57314. 56679. 54070.]
Task is 32.00% complete.
t1_sim:[63824. 63283. 63957.] t2_sim:[61793. 61448. 59043.]
Task is 33.00% complete.
t1_sim:[65609. 65661. 66732.] t2_sim:[61946. 62193. 62075.]
Task is 34.00% complete.
t1_sim:[60430. 60159. 60753.] t2_sim:[62778. 64571. 61772.]
Task is 35.00% complete.
t1_sim:[61452. 61934. 61992.] t2_sim:[59458. 59906. 57518.]
Task is 36.00% complete.
t1_sim:[61018. 60853. 62367.] t2_sim:[59570. 58320. 57029.]
Task is 37.00% complete.
t1_sim:[60495. 61591. 61665.] t2_sim:[65399. 64964. 60825.]
Task is 38.00% complete.
t1_sim:[63171. 63326. 62636.] t2_sim:[62987. 63832. 62592.]
Task is 39.00% complete.
t1_sim:[63797. 63715. 64558.] t2_sim:[58495. 58314. 57381.]
Task is 40.00% complete.
t1_sim:[64527. 65341. 65796.] t2_sim:[65282. 63903. 60703.]
Task is 41.00% complete.
t1_sim:[60699. 61564. 63399.] t2_sim:[63701. 63331. 61040.]
Task is 42.00% complete.
t1_sim:[63691. 63632. 62751.] t2_sim:[62283. 63057. 61922.]
Task is 43.00% complete.
t1_sim:[62895. 61633. 61503.] t2_sim:[62063. 61939. 59522.]
Task is 44.00% complete.
t1_sim:[65155. 64148. 63517.] t2_sim:[58690. 58494. 56120.]
Task is 45.00% complete.
t1_sim:[54944. 56724. 58416.] t2_sim:[64838. 64669. 62254.]
Task is 46.00% complete.
t1_sim:[66806. 66557. 66163.] t2_sim:[63614. 64306. 62679.]
Task is 47.00% complete.
t1_sim:[63378. 63524. 60916.] t2_sim:[66088. 65749. 63252.]
Task is 48.00% complete.
t1_sim:[60860. 59944. 59216.] t2_sim:[63999. 63971. 62528.]
Task is 49.00% complete.
t1_sim:[62554. 63381. 65382.] t2_sim:[65071. 63896. 61041.]
Task is 50.00% complete.
t1_sim:[67641. 67711. 68242.] t2_sim:[59393. 60095. 56682.]
Task is 51.00% complete.
t1_sim:[55677. 55601. 55361.] t2_sim:[62981. 62832. 60852.]
Task is 52.00% complete.
t1_sim:[62630. 63509. 65080.] t2_sim:[62800. 63129. 61420.]
Task is 53.00% complete.
t1_sim:[69391. 70488. 71704.] t2_sim:[64263. 64117. 61865.]
Task is 54.00% complete.
t1_sim:[63591. 61371. 58772.] t2_sim:[60169. 59390. 56602.]
Task is 55.00% complete.
t1_sim:[60455. 60626. 59884.] t2_sim:[61476. 60988. 60977.]
Task is 56.00% complete.
t1_sim:[60335. 61227. 62772.] t2_sim:[60986. 60808. 58320.]
Task is 57.00% complete.
t1_sim:[64689. 64050. 64145.] t2_sim:[62887. 63617. 60245.]
Task is 58.00% complete.
t1_sim:[63648. 63938. 65325.] t2_sim:[60556. 60575. 59562.]
Task is 59.00% complete.
t1_sim:[62945. 61700. 62422.] t2_sim:[66547. 67173. 65320.]
Task is 60.00% complete.
t1_sim:[63374. 63351. 63499.] t2_sim:[58917. 58406. 55897.]
Task is 61.00% complete.
t1_sim:[58206. 57913. 57666.] t2_sim:[57720. 58523. 56978.]
Task is 62.00% complete.
t1_sim:[59339. 60987. 60433.] t2_sim:[63701. 62363. 58414.]
Task is 63.00% complete.
t1_sim:[57116. 58066. 58898.] t2_sim:[66670. 66549. 63478.]
Task is 64.00% complete.
t1_sim:[64026. 64809. 65599.] t2_sim:[56724. 57616. 55559.]
Task is 65.00% complete.
t1_sim:[63467. 63234. 63427.] t2_sim:[65154. 65387. 63754.]
Task is 66.00% complete.
t1_sim:[65902. 65647. 65758.] t2_sim:[65389. 64248. 61931.]
Task is 67.00% complete.
t1_sim:[66021. 65528. 66442.] t2_sim:[61990. 62109. 61326.]
Task is 68.00% complete.
t1_sim:[66978. 67854. 66763.] t2_sim:[61412. 61316. 60033.]
Task is 69.00% complete.
t1_sim:[66036. 65351. 65938.] t2_sim:[64639. 65634. 63893.]
Task is 70.00% complete.
t1_sim:[66911. 67047. 66616.] t2_sim:[58380. 58896. 57618.]
Task is 71.00% complete.
t1_sim:[59903. 60277. 59545.] t2_sim:[61974. 62898. 61075.]
Task is 72.00% complete.
t1_sim:[62313. 61731. 60663.] t2_sim:[62845. 63148. 60399.]
Task is 73.00% complete.
t1_sim:[64807. 63692. 61536.] t2_sim:[67384. 67716. 65905.]
Task is 74.00% complete.
t1_sim:[60876. 59760. 60884.] t2_sim:[63577. 63894. 61252.]
Task is 75.00% complete.
t1_sim:[55003. 56595. 58334.] t2_sim:[63882. 63049. 59702.]
Task is 76.00% complete.
t1_sim:[58067. 57451. 58218.] t2_sim:[59725. 59013. 56775.]
Task is 77.00% complete.
t1_sim:[56820. 56538. 58447.] t2_sim:[59269. 60363. 57294.]
Task is 78.00% complete.
t1_sim:[52762. 52426. 52601.] t2_sim:[58822. 58908. 57412.]
Task is 79.00% complete.
t1_sim:[59763. 59739. 59041.] t2_sim:[62073. 62421. 59641.]
Task is 80.00% complete.
t1_sim:[66229. 65050. 63681.] t2_sim:[68857. 68820. 65797.]
Task is 81.00% complete.
t1_sim:[62526. 62772. 62199.] t2_sim:[56882. 57051. 56199.]
Task is 82.00% complete.
t1_sim:[62891. 63958. 63530.] t2_sim:[63906. 64122. 62574.]
Task is 83.00% complete.
t1_sim:[58303. 57512. 57186.] t2_sim:[64603. 64561. 62477.]
Task is 84.00% complete.
t1_sim:[66394. 65704. 64819.] t2_sim:[59439. 59622. 57666.]
Task is 85.00% complete.
t1_sim:[66209. 66003. 64086.] t2_sim:[61660. 62025. 58817.]
Task is 86.00% complete.
t1_sim:[54330. 55356. 55290.] t2_sim:[59191. 60080. 59583.]
Task is 87.00% complete.
t1_sim:[65578. 66101. 66562.] t2_sim:[66805. 66640. 64300.]
Task is 88.00% complete.
t1_sim:[63201. 63666. 63515.] t2_sim:[61398. 60813. 57967.]
Task is 89.00% complete.
t1_sim:[61269. 61432. 62512.] t2_sim:[60432. 60570. 57532.]
Task is 90.00% complete.
t1_sim:[69053. 69023. 68769.] t2_sim:[59511. 58997. 56123.]
Task is 91.00% complete.
t1_sim:[62898. 63094. 64147.] t2_sim:[62090. 61577. 58534.]
Task is 92.00% complete.
t1_sim:[62436. 62198. 61920.] t2_sim:[55520. 56141. 54581.]
Task is 93.00% complete.
t1_sim:[61725. 59660. 59134.] t2_sim:[61837. 62306. 58849.]
Task is 94.00% complete.
t1_sim:[63348. 62499. 62138.] t2_sim:[60815. 61510. 58763.]
Task is 95.00% complete.
t1_sim:[58803. 57904. 58649.] t2_sim:[67109. 67284. 66509.]
Task is 96.00% complete.
t1_sim:[59517. 59861. 60021.] t2_sim:[58965. 58717. 56315.]
Task is 97.00% complete.
t1_sim:[60357. 59361. 58814.] t2_sim:[61846. 62208. 60625.]
Task is 98.00% complete.
t1_sim:[63761. 62080. 63449.] t2_sim:[60358. 60363. 59012.]
Task is 99.00% complete.
t1_sim:[65850. 67224. 69455.] t2_sim:[64323. 64382. 62517.]
Training start
t1_obs:[array(85850.), array(78423.), array(62462.)] t2_obs:[array(92324.), array(86514.), array(73432.)]
corr_G1:[None, None, 0.27402717004062294] corr_G2:[None, None, 0.27685005172228405]
Training end
Task is 0.00% complete.
t1_sim:[66353. 65757. 64820.] t2_sim:[58992. 59582. 59076.]
Task is 1.00% complete.
t1_sim:[66740. 66688. 65232.] t2_sim:[63681. 62358. 60368.]
Task is 2.00% complete.
t1_sim:[62442. 62542. 63650.] t2_sim:[62055. 63324. 62020.]
Task is 3.00% complete.
t1_sim:[65506. 65470. 63810.] t2_sim:[66489. 66127. 62933.]
Task is 4.00% complete.
t1_sim:[67984. 69266. 69826.] t2_sim:[62203. 62751. 60760.]
Task is 5.00% complete.
t1_sim:[62691. 62400. 63007.] t2_sim:[64293. 63831. 62578.]
Task is 6.00% complete.
t1_sim:[56306. 55988. 54372.] t2_sim:[60862. 60454. 58959.]
Task is 7.00% complete.
t1_sim:[61000. 61568. 60817.] t2_sim:[60668. 61049. 60586.]
Task is 8.00% complete.
t1_sim:[59681. 60855. 59789.] t2_sim:[60740. 60525. 61917.]
Task is 9.00% complete.
t1_sim:[63972. 65252. 63357.] t2_sim:[64994. 65776. 66286.]
Task is 10.00% complete.
t1_sim:[64445. 64893. 63524.] t2_sim:[59785. 60876. 58528.]
Task is 11.00% complete.
t1_sim:[55713. 54653. 54563.] t2_sim:[62286. 62089. 62314.]
Task is 12.00% complete.
t1_sim:[62349. 61266. 60029.] t2_sim:[54981. 55098. 54174.]
Task is 13.00% complete.
t1_sim:[57465. 58803. 58175.] t2_sim:[63967. 64181. 61606.]
Task is 14.00% complete.
t1_sim:[58816. 58014. 58716.] t2_sim:[58221. 57523. 56092.]
Task is 15.00% complete.
t1_sim:[63459. 63047. 62742.] t2_sim:[58136. 57481. 55796.]
Task is 16.00% complete.
t1_sim:[61535. 62083. 62782.] t2_sim:[62209. 60444. 59028.]
Task is 17.00% complete.
t1_sim:[66407. 65901. 65820.] t2_sim:[63650. 64799. 62128.]
Task is 18.00% complete.
t1_sim:[57483. 57877. 58754.] t2_sim:[58957. 59522. 59473.]
Task is 19.00% complete.
t1_sim:[60633. 62193. 61547.] t2_sim:[60861. 61247. 59301.]
Task is 20.00% complete.
t1_sim:[69587. 69805. 68717.] t2_sim:[58649. 57978. 58293.]
Task is 21.00% complete.
t1_sim:[61303. 60819. 59471.] t2_sim:[64473. 63924. 60487.]
Task is 22.00% complete.
t1_sim:[64782. 64931. 62601.] t2_sim:[63581. 62835. 63256.]
Task is 23.00% complete.
t1_sim:[66099. 65673. 66394.] t2_sim:[59471. 58754. 57394.]
Task is 24.00% complete.
t1_sim:[65622. 66274. 65194.] t2_sim:[66350. 65587. 62630.]
Task is 25.00% complete.
t1_sim:[63581. 64232. 63100.] t2_sim:[63821. 62435. 59908.]
Task is 26.00% complete.
t1_sim:[61428. 61651. 60498.] t2_sim:[64262. 63884. 62581.]
Task is 27.00% complete.
t1_sim:[59456. 60267. 61478.] t2_sim:[60347. 60960. 59184.]
Task is 28.00% complete.
t1_sim:[62811. 62046. 63850.] t2_sim:[62827. 61904. 62311.]
Task is 29.00% complete.
t1_sim:[63792. 63792. 62579.] t2_sim:[62966. 63278. 62715.]
Task is 30.00% complete.
t1_sim:[64109. 64308. 64761.] t2_sim:[59195. 58894. 59886.]
Task is 31.00% complete.
t1_sim:[60717. 60395. 58962.] t2_sim:[59437. 59176. 57857.]
Task is 32.00% complete.
t1_sim:[63224. 63062. 59974.] t2_sim:[62861. 62621. 61902.]
Task is 33.00% complete.
t1_sim:[62457. 61867. 61212.] t2_sim:[68333. 67112. 63320.]
Task is 34.00% complete.
t1_sim:[61278. 61352. 61415.] t2_sim:[63509. 64459. 62973.]
Task is 35.00% complete.
t1_sim:[60035. 59613. 59669.] t2_sim:[57534. 57709. 56770.]
Task is 36.00% complete.
t1_sim:[67339. 67507. 65637.] t2_sim:[60361. 60021. 58472.]
Task is 37.00% complete.
t1_sim:[57597. 58588. 58260.] t2_sim:[58254. 58495. 57418.]
Task is 38.00% complete.
t1_sim:[63169. 62770. 63492.] t2_sim:[61188. 61969. 60826.]
Task is 39.00% complete.
t1_sim:[60332. 60598. 58779.] t2_sim:[61657. 61694. 61513.]
Task is 40.00% complete.
t1_sim:[60343. 60374. 59943.] t2_sim:[59948. 60357. 58573.]
Task is 41.00% complete.
t1_sim:[59015. 58217. 57880.] t2_sim:[64195. 64680. 62526.]
Task is 42.00% complete.
t1_sim:[60005. 60914. 60720.] t2_sim:[63515. 62850. 61296.]
Task is 43.00% complete.
t1_sim:[60088. 60805. 61397.] t2_sim:[63664. 63187. 59296.]
Task is 44.00% complete.
t1_sim:[61866. 61898. 58343.] t2_sim:[63520. 62944. 61776.]
Task is 45.00% complete.
t1_sim:[67817. 67683. 65643.] t2_sim:[61055. 60103. 58636.]
Task is 46.00% complete.
t1_sim:[59614. 59558. 56603.] t2_sim:[59442. 59619. 57101.]
Task is 47.00% complete.
t1_sim:[61678. 61525. 62086.] t2_sim:[57210. 58285. 57483.]
Task is 48.00% complete.
t1_sim:[61219. 61085. 60216.] t2_sim:[62262. 63760. 62107.]
Task is 49.00% complete.
t1_sim:[66745. 66233. 68024.] t2_sim:[66455. 66638. 64164.]
Task is 50.00% complete.
t1_sim:[60039. 60282. 60104.] t2_sim:[62050. 62214. 62696.]
Task is 51.00% complete.
t1_sim:[62172. 60741. 60250.] t2_sim:[68463. 66601. 64587.]
Task is 52.00% complete.
t1_sim:[66159. 65957. 65020.] t2_sim:[61034. 61704. 60755.]
Task is 53.00% complete.
t1_sim:[65809. 64988. 65001.] t2_sim:[60176. 60999. 60999.]
Task is 54.00% complete.
t1_sim:[62488. 63244. 65761.] t2_sim:[59429. 60315. 58364.]
Task is 55.00% complete.
t1_sim:[64007. 65442. 63184.] t2_sim:[62157. 61941. 61681.]
Task is 56.00% complete.
t1_sim:[63078. 62927. 63113.] t2_sim:[62837. 62820. 62494.]
Task is 57.00% complete.
t1_sim:[62731. 62816. 61450.] t2_sim:[62207. 61828. 58434.]
Task is 58.00% complete.
t1_sim:[65665. 64768. 63316.] t2_sim:[60877. 61930. 61478.]
Task is 59.00% complete.
t1_sim:[61537. 61410. 61539.] t2_sim:[59881. 60326. 58154.]
Task is 60.00% complete.
t1_sim:[63923. 64150. 63989.] t2_sim:[57717. 59790. 58399.]
Task is 61.00% complete.
t1_sim:[59697. 61089. 61293.] t2_sim:[58281. 57370. 56329.]
Task is 62.00% complete.
t1_sim:[64003. 63260. 62488.] t2_sim:[65085. 64241. 62621.]
Task is 63.00% complete.
t1_sim:[63785. 63073. 60283.] t2_sim:[56489. 55881. 55481.]
Task is 64.00% complete.
t1_sim:[60247. 60488. 62113.] t2_sim:[60486. 61346. 61786.]
Task is 65.00% complete.
t1_sim:[63647. 63647. 62758.] t2_sim:[58293. 58787. 59112.]
Task is 66.00% complete.
t1_sim:[63608. 63813. 62234.] t2_sim:[61872. 61642. 60528.]
Task is 67.00% complete.
t1_sim:[63907. 63653. 64545.] t2_sim:[63618. 64259. 61770.]
Task is 68.00% complete.
t1_sim:[61895. 62241. 60835.] t2_sim:[56680. 56393. 56551.]
Task is 69.00% complete.
t1_sim:[57408. 58785. 59477.] t2_sim:[58444. 58367. 59662.]
Task is 70.00% complete.
t1_sim:[60335. 60432. 60953.] t2_sim:[60991. 61621. 61066.]
Task is 71.00% complete.
t1_sim:[64777. 64595. 61376.] t2_sim:[60668. 60471. 58987.]
Task is 72.00% complete.
t1_sim:[63699. 63888. 63222.] t2_sim:[62211. 63530. 61286.]
Task is 73.00% complete.
t1_sim:[65674. 64725. 64272.] t2_sim:[61488. 62257. 63534.]
Task is 74.00% complete.
t1_sim:[64412. 63806. 64442.] t2_sim:[62900. 62615. 61371.]
Task is 75.00% complete.
t1_sim:[66600. 66527. 66311.] t2_sim:[61723. 60622. 59532.]
Task is 76.00% complete.
t1_sim:[62561. 62483. 61447.] t2_sim:[63064. 62793. 60703.]
Task is 77.00% complete.
t1_sim:[63605. 63618. 63179.] t2_sim:[65267. 63490. 60334.]
Task is 78.00% complete.
t1_sim:[65407. 63593. 62462.] t2_sim:[59774. 60074. 59255.]
Task is 79.00% complete.
t1_sim:[56527. 55165. 52244.] t2_sim:[67069. 68778. 67794.]
Task is 80.00% complete.
t1_sim:[67259. 66499. 65348.] t2_sim:[64234. 64364. 62393.]
Task is 81.00% complete.
t1_sim:[68052. 68597. 68860.] t2_sim:[62658. 61952. 57069.]
Task is 82.00% complete.
t1_sim:[65446. 65242. 63764.] t2_sim:[58805. 58519. 57675.]
Task is 83.00% complete.
t1_sim:[68582. 67287. 63724.] t2_sim:[60119. 59639. 58215.]
Task is 84.00% complete.
t1_sim:[59672. 57367. 54648.] t2_sim:[66452. 67964. 66876.]
Task is 85.00% complete.
t1_sim:[64251. 64172. 62774.] t2_sim:[62575. 61933. 60074.]
Task is 86.00% complete.
t1_sim:[60927. 60183. 58502.] t2_sim:[62188. 62617. 61657.]
Task is 87.00% complete.
t1_sim:[64839. 65626. 63853.] t2_sim:[63661. 63987. 62801.]
Task is 88.00% complete.
t1_sim:[64548. 65333. 62928.] t2_sim:[67194. 67626. 64359.]
Task is 89.00% complete.
t1_sim:[63584. 62799. 64059.] t2_sim:[62053. 61931. 62276.]
Task is 90.00% complete.
t1_sim:[66879. 67059. 66835.] t2_sim:[67307. 67119. 63942.]
Task is 91.00% complete.
t1_sim:[64643. 64855. 65761.] t2_sim:[61525. 61753. 60576.]
Task is 92.00% complete.
t1_sim:[57248. 57340. 57964.] t2_sim:[66997. 68203. 67352.]
Task is 93.00% complete.
t1_sim:[60683. 60621. 60535.] t2_sim:[61465. 61097. 58597.]
Task is 94.00% complete.
t1_sim:[59843. 60446. 59271.] t2_sim:[66781. 66567. 64577.]
Task is 95.00% complete.
t1_sim:[63312. 62822. 59864.] t2_sim:[57460. 58042. 57594.]
Task is 96.00% complete.
t1_sim:[61369. 61182. 61149.] t2_sim:[59724. 59676. 58122.]
Task is 97.00% complete.
t1_sim:[63873. 65529. 66669.] t2_sim:[62076. 62152. 60814.]
Task is 98.00% complete.
t1_sim:[62842. 63333. 63111.] t2_sim:[70312. 70136. 67971.]
Task is 99.00% complete.
t1_sim:[64925. 65280. 66897.] t2_sim:[65165. 64648. 63246.]
Finished
