/scratch/jz4721/Post-prediction-Causal-Inference/venv/lib/python3.8/site-packages/numpy/core/getlimits.py:518: UserWarning: The value of the smallest subnormal for <class 'numpy.float64'> type is zero.
  setattr(self, word, getattr(machar, word).flat[0])
/scratch/jz4721/Post-prediction-Causal-Inference/venv/lib/python3.8/site-packages/numpy/core/getlimits.py:89: UserWarning: The value of the smallest subnormal for <class 'numpy.float64'> type is zero.
  return self._float_to_str(self.smallest_subnormal)
/scratch/jz4721/Post-prediction-Causal-Inference/venv/lib/python3.8/site-packages/numpy/core/getlimits.py:518: UserWarning: The value of the smallest subnormal for <class 'numpy.float32'> type is zero.
  setattr(self, word, getattr(machar, word).flat[0])
/scratch/jz4721/Post-prediction-Causal-Inference/venv/lib/python3.8/site-packages/numpy/core/getlimits.py:89: UserWarning: The value of the smallest subnormal for <class 'numpy.float32'> type is zero.
  return self._float_to_str(self.smallest_subnormal)
Begin
Training start
t1_obs:[array(94374.), array(93027.), array(79639.)] t2_obs:[array(91572.), array(89297.), array(74465.)]
corr_G1:[None, None, 0] corr_G2:[None, None, 2.1008696974531232e-17]
Training end
Task is 0.00% complete.
t1_sim:[64634. 64553. 63370.] t2_sim:[60508. 61020. 57903.]
Task is 1.00% complete.
t1_sim:[58224. 59135. 59730.] t2_sim:[63040. 63657. 61034.]
Task is 2.00% complete.
t1_sim:[64459. 64043. 66208.] t2_sim:[62412. 63014. 63796.]
Task is 3.00% complete.
t1_sim:[62377. 62633. 62472.] t2_sim:[58753. 59055. 54227.]
Task is 4.00% complete.
t1_sim:[59548. 59231. 57928.] t2_sim:[70018. 69719. 69225.]
Task is 5.00% complete.
t1_sim:[56526. 56823. 57487.] t2_sim:[62188. 62594. 64462.]
Task is 6.00% complete.
t1_sim:[59837. 59655. 58836.] t2_sim:[58861. 59626. 60428.]
Task is 7.00% complete.
t1_sim:[64947. 64554. 65140.] t2_sim:[62035. 61782. 63590.]
Task is 8.00% complete.
t1_sim:[57053. 57267. 56097.] t2_sim:[64382. 63598. 62459.]
Task is 9.00% complete.
t1_sim:[62029. 62567. 62132.] t2_sim:[64095. 63061. 64828.]
Task is 10.00% complete.
t1_sim:[61615. 62410. 60001.] t2_sim:[64346. 64663. 61106.]
Task is 11.00% complete.
t1_sim:[63968. 63918. 65005.] t2_sim:[59879. 60126. 60133.]
Task is 12.00% complete.
t1_sim:[64578. 63391. 65311.] t2_sim:[64548. 64412. 65114.]
Task is 13.00% complete.
t1_sim:[61587. 60793. 63039.] t2_sim:[64830. 65220. 63031.]
Task is 14.00% complete.
t1_sim:[62034. 62540. 61350.] t2_sim:[62536. 62013. 61404.]
Task is 15.00% complete.
t1_sim:[62569. 63982. 65811.] t2_sim:[57777. 58032. 57679.]
Task is 16.00% complete.
t1_sim:[54178. 54057. 53429.] t2_sim:[63209. 63537. 64363.]
Task is 17.00% complete.
t1_sim:[58079. 57330. 57770.] t2_sim:[61170. 61231. 62539.]
Task is 18.00% complete.
t1_sim:[61630. 61436. 63961.] t2_sim:[62052. 62568. 61489.]
Task is 19.00% complete.
t1_sim:[63927. 64566. 62567.] t2_sim:[58851. 58295. 61073.]
Task is 20.00% complete.
t1_sim:[60654. 60934. 58918.] t2_sim:[61228. 62209. 61715.]
Task is 21.00% complete.
t1_sim:[67365. 67389. 67780.] t2_sim:[62919. 63346. 64274.]
Task is 22.00% complete.
t1_sim:[65866. 65324. 64700.] t2_sim:[65384. 65229. 65655.]
Task is 23.00% complete.
t1_sim:[59012. 59945. 59200.] t2_sim:[66145. 65657. 65507.]
Task is 24.00% complete.
t1_sim:[63239. 62326. 66068.] t2_sim:[66015. 65365. 65054.]
Task is 25.00% complete.
t1_sim:[60753. 60736. 61736.] t2_sim:[64298. 62736. 62459.]
Task is 26.00% complete.
t1_sim:[63681. 62803. 58877.] t2_sim:[63060. 62960. 65816.]
Task is 27.00% complete.
t1_sim:[64891. 64869. 64569.] t2_sim:[65972. 65517. 70008.]
Task is 28.00% complete.
t1_sim:[62716. 62975. 63681.] t2_sim:[63736. 62870. 63183.]
Task is 29.00% complete.
t1_sim:[63401. 63285. 63922.] t2_sim:[58497. 58412. 58637.]
Task is 30.00% complete.
t1_sim:[61005. 60985. 60759.] t2_sim:[64221. 63230. 66169.]
Task is 31.00% complete.
t1_sim:[57933. 57482. 59592.] t2_sim:[59669. 58931. 60004.]
Task is 32.00% complete.
t1_sim:[59731. 60581. 59297.] t2_sim:[60399. 60339. 59471.]
Task is 33.00% complete.
t1_sim:[59010. 59297. 60763.] t2_sim:[63769. 63780. 65926.]
Task is 34.00% complete.
t1_sim:[60555. 60889. 62096.] t2_sim:[64827. 64089. 64864.]
Task is 35.00% complete.
t1_sim:[59178. 59008. 58763.] t2_sim:[62174. 62575. 63852.]
Task is 36.00% complete.
t1_sim:[64090. 64395. 62604.] t2_sim:[60426. 60625. 61273.]
Task is 37.00% complete.
t1_sim:[57464. 58580. 56838.] t2_sim:[63181. 63370. 62592.]
Task is 38.00% complete.
t1_sim:[60921. 60227. 61102.] t2_sim:[63793. 63927. 64973.]
Task is 39.00% complete.
t1_sim:[66720. 67190. 65488.] t2_sim:[60479. 61319. 63819.]
Task is 40.00% complete.
t1_sim:[59016. 60295. 57703.] t2_sim:[62223. 63110. 63337.]
Task is 41.00% complete.
t1_sim:[60561. 60281. 59867.] t2_sim:[58763. 59183. 58926.]
Task is 42.00% complete.
t1_sim:[67057. 66174. 66872.] t2_sim:[62876. 63069. 65479.]
Task is 43.00% complete.
t1_sim:[65516. 64867. 64345.] t2_sim:[59791. 58882. 58459.]
Task is 44.00% complete.
t1_sim:[63488. 63743. 62921.] t2_sim:[56719. 56949. 55074.]
Task is 45.00% complete.
t1_sim:[60470. 61249. 62309.] t2_sim:[65026. 65172. 68069.]
Task is 46.00% complete.
t1_sim:[57111. 57624. 54561.] t2_sim:[61898. 61458. 61028.]
Task is 47.00% complete.
t1_sim:[61615. 62619. 58387.] t2_sim:[60156. 60873. 60508.]
Task is 48.00% complete.
t1_sim:[58351. 58344. 58347.] t2_sim:[60246. 60711. 58330.]
Task is 49.00% complete.
t1_sim:[62796. 62943. 63360.] t2_sim:[62302. 63183. 63547.]
Task is 50.00% complete.
t1_sim:[62548. 61642. 63128.] t2_sim:[69731. 69632. 71474.]
Task is 51.00% complete.
t1_sim:[57375. 57920. 55559.] t2_sim:[67583. 67882. 65786.]
Task is 52.00% complete.
t1_sim:[60507. 61014. 62165.] t2_sim:[60848. 61355. 62083.]
Task is 53.00% complete.
t1_sim:[60205. 59848. 62628.] t2_sim:[67637. 67760. 67259.]
Task is 54.00% complete.
t1_sim:[63251. 63324. 62030.] t2_sim:[58728. 60227. 58797.]
Task is 55.00% complete.
t1_sim:[62883. 63088. 61457.] t2_sim:[61938. 61133. 62114.]
Task is 56.00% complete.
t1_sim:[63580. 63739. 64059.] t2_sim:[60782. 61052. 59728.]
Task is 57.00% complete.
t1_sim:[63298. 63195. 63598.] t2_sim:[59514. 59539. 60162.]
Task is 58.00% complete.
t1_sim:[67974. 68398. 63851.] t2_sim:[57858. 58272. 57243.]
Task is 59.00% complete.
t1_sim:[64339. 64302. 62726.] t2_sim:[58182. 57739. 58214.]
Task is 60.00% complete.
t1_sim:[64371. 63904. 63010.] t2_sim:[61143. 60785. 60254.]
Task is 61.00% complete.
t1_sim:[62764. 61971. 63586.] t2_sim:[67073. 66379. 67452.]
Task is 62.00% complete.
t1_sim:[64164. 65532. 61063.] t2_sim:[66292. 66284. 66577.]
Task is 63.00% complete.
t1_sim:[63373. 63043. 63234.] t2_sim:[63436. 63232. 60931.]
Task is 64.00% complete.
t1_sim:[68925. 69452. 68210.] t2_sim:[68231. 68278. 71332.]
Task is 65.00% complete.
t1_sim:[58666. 59446. 56666.] t2_sim:[61369. 61740. 61976.]
Task is 66.00% complete.
t1_sim:[56894. 57232. 58346.] t2_sim:[63924. 64134. 63383.]
Task is 67.00% complete.
t1_sim:[56449. 57415. 59241.] t2_sim:[62172. 61700. 65524.]
Task is 68.00% complete.
t1_sim:[62168. 62110. 60339.] t2_sim:[61791. 61996. 63342.]
Task is 69.00% complete.
t1_sim:[62486. 62563. 62387.] t2_sim:[62263. 62914. 61838.]
Task is 70.00% complete.
t1_sim:[59674. 59952. 59384.] t2_sim:[59178. 59686. 58130.]
Task is 71.00% complete.
t1_sim:[64164. 64760. 65152.] t2_sim:[61579. 60576. 64321.]
Task is 72.00% complete.
t1_sim:[66012. 65914. 65784.] t2_sim:[52398. 51803. 52997.]
Task is 73.00% complete.
t1_sim:[61881. 62019. 61124.] t2_sim:[63472. 63308. 65115.]
Task is 74.00% complete.
t1_sim:[65590. 65589. 67899.] t2_sim:[58572. 59394. 58269.]
Task is 75.00% complete.
t1_sim:[64214. 64234. 62474.] t2_sim:[66808. 66660. 66321.]
Task is 76.00% complete.
t1_sim:[58331. 58594. 57159.] t2_sim:[61441. 61540. 60912.]
Task is 77.00% complete.
t1_sim:[60973. 60128. 63651.] t2_sim:[63159. 64262. 61319.]
Task is 78.00% complete.
t1_sim:[60255. 59858. 61057.] t2_sim:[62547. 63204. 63109.]
Task is 79.00% complete.
t1_sim:[57080. 57406. 57995.] t2_sim:[58417. 58109. 56378.]
Task is 80.00% complete.
t1_sim:[62189. 62073. 62532.] t2_sim:[63811. 63914. 61825.]
Task is 81.00% complete.
t1_sim:[62374. 62716. 61397.] t2_sim:[62308. 62113. 62132.]
Task is 82.00% complete.
t1_sim:[70113. 69447. 70353.] t2_sim:[57230. 57604. 56611.]
Task is 83.00% complete.
t1_sim:[59683. 60091. 59505.] t2_sim:[63600. 62992. 63220.]
Task is 84.00% complete.
t1_sim:[62309. 62472. 61852.] t2_sim:[64433. 65039. 64138.]
Task is 85.00% complete.
t1_sim:[59878. 59467. 60531.] t2_sim:[61820. 61944. 60125.]
Task is 86.00% complete.
t1_sim:[64968. 64455. 63331.] t2_sim:[70358. 71426. 68864.]
Task is 87.00% complete.
t1_sim:[61418. 62511. 61612.] t2_sim:[63457. 63550. 63234.]
Task is 88.00% complete.
t1_sim:[60960. 61590. 60081.] t2_sim:[61821. 63229. 62803.]
Task is 89.00% complete.
t1_sim:[60604. 60556. 60613.] t2_sim:[61002. 61169. 59694.]
Task is 90.00% complete.
t1_sim:[60228. 60176. 60780.] t2_sim:[67725. 68006. 65939.]
Task is 91.00% complete.
t1_sim:[61970. 62596. 59122.] t2_sim:[68866. 68898. 68652.]
Task is 92.00% complete.
t1_sim:[61712. 62228. 59806.] t2_sim:[66599. 66786. 65328.]
Task is 93.00% complete.
t1_sim:[68450. 67524. 69364.] t2_sim:[62402. 61957. 62486.]
Task is 94.00% complete.
t1_sim:[67395. 67281. 66209.] t2_sim:[66618. 65523. 64905.]
Task is 95.00% complete.
t1_sim:[67613. 67262. 71180.] t2_sim:[57845. 58316. 57985.]
Task is 96.00% complete.
t1_sim:[63050. 63688. 61148.] t2_sim:[58596. 59434. 58958.]
Task is 97.00% complete.
t1_sim:[65059. 65123. 64426.] t2_sim:[60008. 60988. 60665.]
Task is 98.00% complete.
t1_sim:[57961. 59026. 56574.] t2_sim:[63616. 63573. 61522.]
Task is 99.00% complete.
t1_sim:[60000. 59720. 63332.] t2_sim:[62428. 63114. 61534.]
Training start
t1_obs:[array(94374.), array(93027.), array(87243.)] t2_obs:[array(91572.), array(89297.), array(82421.)]
corr_G1:[None, None, 0.9268478756532026] corr_G2:[None, None, 0.8361860981788208]
Training end
Task is 0.00% complete.
t1_sim:[65405. 64908. 64053.] t2_sim:[59790. 61073. 60287.]
Task is 1.00% complete.
t1_sim:[68403. 68284. 67222.] t2_sim:[65341. 64188. 63932.]
Task is 2.00% complete.
t1_sim:[65362. 65302. 63949.] t2_sim:[59327. 58986. 59389.]
Task is 3.00% complete.
t1_sim:[61570. 61096. 60441.] t2_sim:[60695. 59369. 60170.]
Task is 4.00% complete.
t1_sim:[63586. 64430. 62942.] t2_sim:[63265. 63234. 63946.]
Task is 5.00% complete.
t1_sim:[60254. 60466. 58395.] t2_sim:[58469. 58823. 59734.]
Task is 6.00% complete.
t1_sim:[54313. 54377. 54579.] t2_sim:[63526. 64624. 63737.]
Task is 7.00% complete.
t1_sim:[64432. 65107. 64369.] t2_sim:[56579. 56276. 54511.]
Task is 8.00% complete.
t1_sim:[63555. 63746. 62851.] t2_sim:[66615. 66400. 66012.]
Task is 9.00% complete.
t1_sim:[64147. 64955. 66450.] t2_sim:[56359. 55953. 55155.]
Task is 10.00% complete.
t1_sim:[67022. 67020. 66002.] t2_sim:[63806. 63915. 65985.]
Task is 11.00% complete.
t1_sim:[61779. 61334. 60152.] t2_sim:[62913. 63357. 63124.]
Task is 12.00% complete.
t1_sim:[63140. 63031. 62673.] t2_sim:[64018. 63492. 62689.]
Task is 13.00% complete.
t1_sim:[60290. 60415. 60012.] t2_sim:[65936. 66080. 65462.]
Task is 14.00% complete.
t1_sim:[65417. 65612. 65649.] t2_sim:[66247. 66911. 67204.]
Task is 15.00% complete.
t1_sim:[68316. 67531. 66465.] t2_sim:[62365. 62923. 62894.]
Task is 16.00% complete.
t1_sim:[63752. 65043. 65714.] t2_sim:[57886. 58518. 58281.]
Task is 17.00% complete.
t1_sim:[63815. 63864. 64551.] t2_sim:[58235. 57986. 58940.]
Task is 18.00% complete.
t1_sim:[61225. 61725. 61489.] t2_sim:[64001. 63695. 62304.]
Task is 19.00% complete.
t1_sim:[65928. 66389. 67045.] t2_sim:[64768. 66042. 65964.]
Task is 20.00% complete.
t1_sim:[62113. 61966. 59613.] t2_sim:[61515. 62131. 61071.]
Task is 21.00% complete.
t1_sim:[57920. 57644. 57239.] t2_sim:[64830. 64311. 63392.]
Task is 22.00% complete.
t1_sim:[60575. 60272. 60526.] t2_sim:[60898. 61105. 61396.]
Task is 23.00% complete.
t1_sim:[61913. 61996. 61975.] t2_sim:[62384. 62064. 61647.]
Task is 24.00% complete.
t1_sim:[68023. 67790. 65180.] t2_sim:[58220. 59001. 60309.]
Task is 25.00% complete.
t1_sim:[63194. 63086. 62680.] t2_sim:[60484. 60906. 60661.]
Task is 26.00% complete.
t1_sim:[70977. 71135. 71662.] t2_sim:[58679. 58353. 60064.]
Task is 27.00% complete.
t1_sim:[62092. 62109. 60120.] t2_sim:[60684. 59486. 59835.]
Task is 28.00% complete.
t1_sim:[64982. 64411. 63837.] t2_sim:[65418. 66869. 66953.]
Task is 29.00% complete.
t1_sim:[64396. 64617. 62035.] t2_sim:[60273. 60003. 59668.]
Task is 30.00% complete.
t1_sim:[63395. 62994. 62089.] t2_sim:[62335. 61605. 60566.]
Task is 31.00% complete.
t1_sim:[62468. 63051. 61418.] t2_sim:[63209. 63855. 64191.]
Task is 32.00% complete.
t1_sim:[61961. 61631. 60706.] t2_sim:[57328. 57301. 56449.]
Task is 33.00% complete.
t1_sim:[64692. 64129. 62996.] t2_sim:[67499. 67107. 66244.]
Task is 34.00% complete.
t1_sim:[58875. 58775. 57338.] t2_sim:[64089. 63594. 63432.]
Task is 35.00% complete.
t1_sim:[58450. 59239. 57678.] t2_sim:[60710. 60708. 60708.]
Task is 36.00% complete.
t1_sim:[67868. 66647. 66671.] t2_sim:[64241. 62874. 62450.]
Task is 37.00% complete.
t1_sim:[59515. 59887. 59894.] t2_sim:[64203. 64628. 64607.]
Task is 38.00% complete.
t1_sim:[58009. 58380. 57137.] t2_sim:[65873. 66540. 66939.]
Task is 39.00% complete.
t1_sim:[63518. 62641. 63261.] t2_sim:[63864. 64492. 62169.]
Task is 40.00% complete.
t1_sim:[66429. 66871. 66055.] t2_sim:[65103. 66661. 66836.]
Task is 41.00% complete.
t1_sim:[53345. 53055. 53966.] t2_sim:[63274. 64175. 64326.]
Task is 42.00% complete.
t1_sim:[58962. 58983. 58973.] t2_sim:[58609. 58996. 59478.]
Task is 43.00% complete.
t1_sim:[64657. 64219. 63409.] t2_sim:[62730. 62319. 62937.]
Task is 44.00% complete.
t1_sim:[60532. 60720. 61271.] t2_sim:[59611. 60218. 60350.]
Task is 45.00% complete.
t1_sim:[61720. 61370. 61288.] t2_sim:[62836. 61961. 62426.]
Task is 46.00% complete.
t1_sim:[60515. 60483. 59886.] t2_sim:[65008. 65554. 65579.]
Task is 47.00% complete.
t1_sim:[55523. 55272. 54733.] t2_sim:[57832. 57200. 57285.]
Task is 48.00% complete.
t1_sim:[64353. 63863. 63040.] t2_sim:[63801. 64275. 64207.]
Task is 49.00% complete.
t1_sim:[60808. 61115. 61562.] t2_sim:[62054. 61580. 60428.]
Task is 50.00% complete.
t1_sim:[59280. 59107. 58789.] t2_sim:[60296. 60413. 59433.]
Task is 51.00% complete.
t1_sim:[65822. 65646. 65804.] t2_sim:[63111. 61892. 61378.]
Task is 52.00% complete.
t1_sim:[66668. 66557. 65462.] t2_sim:[63990. 63608. 63398.]
Task is 53.00% complete.
t1_sim:[65380. 66181. 66987.] t2_sim:[66825. 66776. 66570.]
Task is 54.00% complete.
t1_sim:[65080. 65610. 65702.] t2_sim:[61066. 60985. 60008.]
Task is 55.00% complete.
t1_sim:[69083. 69367. 67298.] t2_sim:[64064. 63117. 62841.]
Task is 56.00% complete.
t1_sim:[58613. 58223. 58406.] t2_sim:[61449. 62765. 63094.]
Task is 57.00% complete.
t1_sim:[57409. 56852. 56179.] t2_sim:[66963. 66937. 66046.]
Task is 58.00% complete.
t1_sim:[58718. 57727. 56496.] t2_sim:[63709. 62441. 62127.]
Task is 59.00% complete.
t1_sim:[61717. 61838. 61028.] t2_sim:[60285. 60773. 61001.]
Task is 60.00% complete.
t1_sim:[60277. 60414. 60476.] t2_sim:[63154. 63683. 62550.]
Task is 61.00% complete.
t1_sim:[64679. 63973. 62352.] t2_sim:[64060. 63191. 62761.]
Task is 62.00% complete.
t1_sim:[60170. 60250. 59291.] t2_sim:[61235. 61815. 60386.]
Task is 63.00% complete.
t1_sim:[62279. 62235. 61491.] t2_sim:[62796. 62718. 62946.]
Task is 64.00% complete.
t1_sim:[55621. 55782. 56098.] t2_sim:[59485. 60004. 59933.]
Task is 65.00% complete.
t1_sim:[66633. 66667. 67341.] t2_sim:[61631. 62228. 61285.]
Task is 66.00% complete.
t1_sim:[63873. 64431. 64001.] t2_sim:[60260. 60148. 59707.]
Task is 67.00% complete.
t1_sim:[64855. 64420. 63360.] t2_sim:[64276. 64469. 65564.]
Task is 68.00% complete.
t1_sim:[57773. 58199. 57382.] t2_sim:[59330. 59292. 58601.]
Task is 69.00% complete.
t1_sim:[62185. 63246. 62417.] t2_sim:[54217. 53999. 55560.]
Task is 70.00% complete.
t1_sim:[61951. 62178. 61744.] t2_sim:[67346. 66466. 66285.]
Task is 71.00% complete.
t1_sim:[66008. 66399. 65430.] t2_sim:[64770. 63908. 62677.]
Task is 72.00% complete.
t1_sim:[67673. 66329. 66370.] t2_sim:[63516. 63749. 62547.]
Task is 73.00% complete.
t1_sim:[58520. 58815. 57392.] t2_sim:[56791. 55929. 55533.]
Task is 74.00% complete.
t1_sim:[62130. 62343. 61249.] t2_sim:[63874. 63864. 63745.]
Task is 75.00% complete.
t1_sim:[60996. 59566. 58514.] t2_sim:[61564. 61082. 59645.]
Task is 76.00% complete.
t1_sim:[62824. 62766. 62110.] t2_sim:[63282. 63326. 61656.]
Task is 77.00% complete.
t1_sim:[68493. 69241. 68540.] t2_sim:[64393. 65792. 63846.]
Task is 78.00% complete.
t1_sim:[65048. 64001. 62057.] t2_sim:[58138. 59189. 58942.]
Task is 79.00% complete.
t1_sim:[62292. 62363. 62293.] t2_sim:[55718. 55842. 55836.]
Task is 80.00% complete.
t1_sim:[60880. 61036. 60872.] t2_sim:[68972. 68112. 68329.]
Task is 81.00% complete.
t1_sim:[56452. 56308. 55663.] t2_sim:[64071. 64613. 64570.]
Task is 82.00% complete.
t1_sim:[59567. 58123. 55964.] t2_sim:[61741. 62112. 62321.]
Task is 83.00% complete.
t1_sim:[64840. 64674. 63376.] t2_sim:[62942. 62387. 63106.]
Task is 84.00% complete.
t1_sim:[62783. 61825. 59939.] t2_sim:[61307. 61115. 60092.]
Task is 85.00% complete.
t1_sim:[65189. 64636. 65146.] t2_sim:[66496. 66396. 67216.]
Task is 86.00% complete.
t1_sim:[61552. 61955. 62625.] t2_sim:[65862. 66758. 65599.]
Task is 87.00% complete.
t1_sim:[60132. 60951. 61169.] t2_sim:[61486. 61743. 60321.]
Task is 88.00% complete.
t1_sim:[68221. 68535. 67341.] t2_sim:[54834. 56289. 56531.]
Task is 89.00% complete.
t1_sim:[63702. 63675. 62334.] t2_sim:[70121. 70995. 71259.]
Task is 90.00% complete.
t1_sim:[60168. 60961. 61319.] t2_sim:[59663. 60064. 60016.]
Task is 91.00% complete.
t1_sim:[67909. 66825. 64893.] t2_sim:[64512. 65576. 65499.]
Task is 92.00% complete.
t1_sim:[64823. 64574. 63903.] t2_sim:[63263. 63023. 64934.]
Task is 93.00% complete.
t1_sim:[63470. 63480. 62798.] t2_sim:[59666. 59908. 59747.]
Task is 94.00% complete.
t1_sim:[62440. 63166. 62338.] t2_sim:[62497. 62028. 62033.]
Task is 95.00% complete.
t1_sim:[63244. 62361. 60507.] t2_sim:[66145. 66028. 65745.]
Task is 96.00% complete.
t1_sim:[60252. 60746. 60421.] t2_sim:[69663. 69579. 70361.]
Task is 97.00% complete.
t1_sim:[62333. 61669. 61315.] t2_sim:[62386. 61651. 61858.]
Task is 98.00% complete.
t1_sim:[62044. 61503. 60057.] t2_sim:[71248. 71436. 70617.]
Task is 99.00% complete.
t1_sim:[60842. 60273. 59994.] t2_sim:[62772. 62831. 62721.]
Training start
t1_obs:[array(94374.), array(93027.), array(84620.)] t2_obs:[array(91572.), array(89297.), array(82725.)]
corr_G1:[None, None, 0.33740903753805596] corr_G2:[None, None, 0.3127522457818982]
Training end
Task is 0.00% complete.
t1_sim:[58599. 58886. 57670.] t2_sim:[58430. 57865. 56248.]
Task is 1.00% complete.
t1_sim:[64951. 64192. 64946.] t2_sim:[68536. 68589. 66085.]
Task is 2.00% complete.
t1_sim:[59430. 59336. 60147.] t2_sim:[61662. 61812. 60592.]
Task is 3.00% complete.
t1_sim:[65862. 65832. 64575.] t2_sim:[63934. 64331. 62260.]
Task is 4.00% complete.
t1_sim:[60759. 61225. 60816.] t2_sim:[68418. 68156. 67126.]
Task is 5.00% complete.
t1_sim:[65600. 64927. 63623.] t2_sim:[68223. 67369. 64533.]
Task is 6.00% complete.
t1_sim:[65033. 66370. 66829.] t2_sim:[62653. 62737. 61128.]
Task is 7.00% complete.
t1_sim:[59442. 58450. 57719.] t2_sim:[59427. 59455. 58349.]
Task is 8.00% complete.
t1_sim:[58004. 57838. 58469.] t2_sim:[57918. 58496. 57196.]
Task is 9.00% complete.
t1_sim:[60486. 60578. 61404.] t2_sim:[62020. 60992. 59225.]
Task is 10.00% complete.
t1_sim:[65940. 65660. 64930.] t2_sim:[66578. 66952. 65320.]
Task is 11.00% complete.
t1_sim:[64745. 63449. 64380.] t2_sim:[62905. 63057. 61746.]
Task is 12.00% complete.
t1_sim:[63072. 63113. 63526.] t2_sim:[55790. 55141. 54681.]
Task is 13.00% complete.
t1_sim:[61635. 62031. 60229.] t2_sim:[59936. 58788. 58627.]
Task is 14.00% complete.
t1_sim:[60293. 60843. 60392.] t2_sim:[62306. 62732. 61518.]
Task is 15.00% complete.
t1_sim:[61172. 60931. 61779.] t2_sim:[59181. 58458. 57359.]
Task is 16.00% complete.
t1_sim:[65801. 65274. 65572.] t2_sim:[58720. 58873. 57300.]
Task is 17.00% complete.
t1_sim:[63614. 64116. 64168.] t2_sim:[70223. 70192. 69007.]
Task is 18.00% complete.
t1_sim:[60980. 61034. 59761.] t2_sim:[59639. 59985. 59348.]
Task is 19.00% complete.
t1_sim:[58246. 59019. 59481.] t2_sim:[59831. 59667. 57591.]
Task is 20.00% complete.
t1_sim:[67590. 67798. 66789.] t2_sim:[59907. 60124. 58981.]
Task is 21.00% complete.
t1_sim:[70057. 69644. 68254.] t2_sim:[61523. 61709. 59619.]
Task is 22.00% complete.
t1_sim:[58451. 58898. 61515.] t2_sim:[65718. 65697. 63118.]
Task is 23.00% complete.
t1_sim:[65591. 65544. 65222.] t2_sim:[64208. 63971. 62740.]
Task is 24.00% complete.
t1_sim:[59383. 59485. 58483.] t2_sim:[64653. 65344. 63711.]
Task is 25.00% complete.
t1_sim:[67376. 66503. 66210.] t2_sim:[64571. 64577. 61841.]
Task is 26.00% complete.
t1_sim:[60294. 60435. 61286.] t2_sim:[58749. 58773. 57025.]
Task is 27.00% complete.
t1_sim:[60116. 60497. 60165.] t2_sim:[64036. 63933. 61495.]
Task is 28.00% complete.
t1_sim:[61318. 61141. 62088.] t2_sim:[60526. 61783. 59069.]
Task is 29.00% complete.
t1_sim:[62687. 62852. 63225.] t2_sim:[61740. 61387. 60538.]
Task is 30.00% complete.
t1_sim:[56361. 55923. 57395.] t2_sim:[66866. 66415. 64923.]
Task is 31.00% complete.
t1_sim:[66336. 66354. 64722.] t2_sim:[62120. 62373. 61715.]
Task is 32.00% complete.
t1_sim:[63517. 63573. 62999.] t2_sim:[63524. 63728. 60839.]
Task is 33.00% complete.
t1_sim:[62762. 63027. 64369.] t2_sim:[63946. 64442. 63841.]
Task is 34.00% complete.
t1_sim:[63190. 63043. 62684.] t2_sim:[65016. 65303. 63184.]
Task is 35.00% complete.
t1_sim:[62437. 62737. 62173.] t2_sim:[64456. 64131. 63076.]
Task is 36.00% complete.
t1_sim:[57042. 56518. 56428.] t2_sim:[61067. 59751. 58598.]
Task is 37.00% complete.
t1_sim:[62131. 62096. 60890.] t2_sim:[64660. 64710. 62970.]
Task is 38.00% complete.
t1_sim:[64888. 65027. 65964.] t2_sim:[60554. 61358. 60724.]
Task is 39.00% complete.
t1_sim:[65536. 66111. 67033.] t2_sim:[59046. 58715. 56773.]
Task is 40.00% complete.
t1_sim:[65092. 65121. 64854.] t2_sim:[63158. 62898. 61331.]
Task is 41.00% complete.
t1_sim:[66734. 66054. 65508.] t2_sim:[63924. 63429. 62177.]
Task is 42.00% complete.
t1_sim:[62212. 60761. 62225.] t2_sim:[62660. 62434. 60376.]
Task is 43.00% complete.
t1_sim:[58551. 58379. 57782.] t2_sim:[58591. 57711. 56674.]
Task is 44.00% complete.
t1_sim:[64291. 62941. 64512.] t2_sim:[65674. 65878. 64469.]
Task is 45.00% complete.
t1_sim:[62034. 61659. 64655.] t2_sim:[56969. 56998. 56359.]
Task is 46.00% complete.
t1_sim:[65902. 66335. 65861.] t2_sim:[67014. 66568. 65149.]
Task is 47.00% complete.
t1_sim:[63256. 63581. 65300.] t2_sim:[65254. 64274. 62224.]
Task is 48.00% complete.
t1_sim:[62151. 63165. 61616.] t2_sim:[63254. 63859. 62200.]
Task is 49.00% complete.
t1_sim:[64289. 65118. 64690.] t2_sim:[60031. 59267. 56833.]
Task is 50.00% complete.
t1_sim:[64968. 64380. 63565.] t2_sim:[60924. 61326. 58814.]
Task is 51.00% complete.
t1_sim:[62316. 63292. 64234.] t2_sim:[66496. 65246. 65204.]
Task is 52.00% complete.
t1_sim:[57980. 58044. 60314.] t2_sim:[64989. 65445. 64623.]
Task is 53.00% complete.
t1_sim:[65904. 66015. 64451.] t2_sim:[56986. 56499. 56325.]
Task is 54.00% complete.
t1_sim:[66261. 66170. 66560.] t2_sim:[65031. 64824. 63660.]
Task is 55.00% complete.
t1_sim:[62892. 63508. 64465.] t2_sim:[62546. 63398. 62984.]
Task is 56.00% complete.
t1_sim:[64469. 65366. 63964.] t2_sim:[61177. 61050. 60237.]
Task is 57.00% complete.
t1_sim:[64897. 66562. 65411.] t2_sim:[65889. 65943. 65030.]
Task is 58.00% complete.
t1_sim:[64129. 64711. 63313.] t2_sim:[66363. 66622. 64711.]
Task is 59.00% complete.
t1_sim:[61934. 62075. 63660.] t2_sim:[67287. 67054. 65282.]
Task is 60.00% complete.
t1_sim:[56539. 56807. 54834.] t2_sim:[62307. 62138. 61295.]
Task is 61.00% complete.
t1_sim:[69301. 68816. 68515.] t2_sim:[62513. 62342. 61066.]
Task is 62.00% complete.
t1_sim:[59383. 58285. 58163.] t2_sim:[61344. 62341. 62228.]
Task is 63.00% complete.
t1_sim:[63536. 62626. 61645.] t2_sim:[62287. 62053. 59875.]
Task is 64.00% complete.
t1_sim:[62629. 62149. 62761.] t2_sim:[64121. 63833. 61760.]
Task is 65.00% complete.
t1_sim:[58888. 58859. 57365.] t2_sim:[63835. 64530. 64358.]
Task is 66.00% complete.
t1_sim:[61748. 62064. 61646.] t2_sim:[64427. 64430. 62723.]
Task is 67.00% complete.
t1_sim:[65845. 66043. 66598.] t2_sim:[63191. 62662. 62111.]
Task is 68.00% complete.
t1_sim:[65139. 64492. 65335.] t2_sim:[63242. 63909. 60280.]
Task is 69.00% complete.
t1_sim:[60043. 60175. 60889.] t2_sim:[61403. 61894. 61802.]
Task is 70.00% complete.
t1_sim:[65084. 64487. 66626.] t2_sim:[66449. 67202. 65295.]
Task is 71.00% complete.
t1_sim:[58154. 57874. 58034.] t2_sim:[62873. 63356. 61114.]
Task is 72.00% complete.
t1_sim:[60384. 60547. 60012.] t2_sim:[69238. 69304. 68041.]
Task is 73.00% complete.
t1_sim:[55822. 55918. 56362.] t2_sim:[60761. 60723. 59261.]
Task is 74.00% complete.
t1_sim:[61303. 61507. 62618.] t2_sim:[60117. 59755. 58677.]
Task is 75.00% complete.
t1_sim:[63958. 63817. 64015.] t2_sim:[61539. 61432. 59590.]
Task is 76.00% complete.
t1_sim:[61980. 61635. 62220.] t2_sim:[60369. 61465. 58313.]
Task is 77.00% complete.
t1_sim:[64586. 64013. 63623.] t2_sim:[63555. 63000. 63014.]
Task is 78.00% complete.
t1_sim:[60369. 59991. 59740.] t2_sim:[58582. 58293. 57457.]
Task is 79.00% complete.
t1_sim:[58152. 58580. 60047.] t2_sim:[58707. 58809. 58471.]
Task is 80.00% complete.
t1_sim:[60256. 59122. 58877.] t2_sim:[64059. 64093. 61803.]
Task is 81.00% complete.
t1_sim:[59705. 59327. 58938.] t2_sim:[62567. 63333. 61078.]
Task is 82.00% complete.
t1_sim:[63539. 63680. 63835.] t2_sim:[66376. 65522. 63460.]
Task is 83.00% complete.
t1_sim:[59502. 58969. 58986.] t2_sim:[63574. 62987. 62158.]
Task is 84.00% complete.
t1_sim:[66075. 67263. 67083.] t2_sim:[59041. 58936. 59555.]
Task is 85.00% complete.
t1_sim:[56749. 57495. 57585.] t2_sim:[62780. 62731. 60031.]
Task is 86.00% complete.
t1_sim:[63629. 63152. 64029.] t2_sim:[62987. 63841. 62804.]
Task is 87.00% complete.
t1_sim:[60939. 60454. 59787.] t2_sim:[56390. 56090. 54285.]
Task is 88.00% complete.
t1_sim:[61942. 61671. 61981.] t2_sim:[62696. 62734. 60857.]
Task is 89.00% complete.
t1_sim:[56809. 56048. 57839.] t2_sim:[62371. 62387. 60778.]
Task is 90.00% complete.
t1_sim:[63841. 63155. 62562.] t2_sim:[63368. 64518. 62248.]
Task is 91.00% complete.
t1_sim:[54813. 55099. 54248.] t2_sim:[61580. 60798. 58293.]
Task is 92.00% complete.
t1_sim:[58407. 57926. 58818.] t2_sim:[62659. 61930. 59980.]
Task is 93.00% complete.
t1_sim:[67415. 67048. 67105.] t2_sim:[64591. 65394. 64776.]
Task is 94.00% complete.
t1_sim:[64137. 63071. 62854.] t2_sim:[59649. 59210. 58144.]
Task is 95.00% complete.
t1_sim:[57871. 58312. 58074.] t2_sim:[69843. 68908. 65460.]
Task is 96.00% complete.
t1_sim:[70515. 69912. 70836.] t2_sim:[64685. 64102. 62723.]
Task is 97.00% complete.
t1_sim:[62347. 62832. 62860.] t2_sim:[65917. 65978. 64497.]
Task is 98.00% complete.
t1_sim:[61391. 62051. 62772.] t2_sim:[64389. 65093. 63288.]
Task is 99.00% complete.
t1_sim:[65870. 65864. 64529.] t2_sim:[70023. 69948. 68377.]
Finished
