/scratch/jz4721/Post-prediction-Causal-Inference/venv/lib/python3.8/site-packages/numpy/core/getlimits.py:518: UserWarning: The value of the smallest subnormal for <class 'numpy.float64'> type is zero.
  setattr(self, word, getattr(machar, word).flat[0])
/scratch/jz4721/Post-prediction-Causal-Inference/venv/lib/python3.8/site-packages/numpy/core/getlimits.py:89: UserWarning: The value of the smallest subnormal for <class 'numpy.float64'> type is zero.
  return self._float_to_str(self.smallest_subnormal)
/scratch/jz4721/Post-prediction-Causal-Inference/venv/lib/python3.8/site-packages/numpy/core/getlimits.py:518: UserWarning: The value of the smallest subnormal for <class 'numpy.float32'> type is zero.
  setattr(self, word, getattr(machar, word).flat[0])
/scratch/jz4721/Post-prediction-Causal-Inference/venv/lib/python3.8/site-packages/numpy/core/getlimits.py:89: UserWarning: The value of the smallest subnormal for <class 'numpy.float32'> type is zero.
  return self._float_to_str(self.smallest_subnormal)
Begin
Training start
t1_obs:[array(92097.), array(84530.), array(80501.)] t2_obs:[array(93875.), array(85526.), array(72433.)]
corr_G1:[None, None, 7.131235507808915e-17] corr_G2:[None, None, 0]
Training end
Task is 0.00% complete.
t1_sim:[65470. 66325. 64931.] t2_sim:[61922. 62216. 61993.]
Task is 1.00% complete.
t1_sim:[62462. 62706. 64767.] t2_sim:[65781. 65739. 65392.]
Task is 2.00% complete.
t1_sim:[63346. 64020. 65938.] t2_sim:[66657. 64373. 65167.]
Task is 3.00% complete.
t1_sim:[63192. 62310. 62301.] t2_sim:[62962. 63040. 59433.]
Task is 4.00% complete.
t1_sim:[59306. 59556. 57724.] t2_sim:[64422. 65114. 66630.]
Task is 5.00% complete.
t1_sim:[68263. 66165. 67368.] t2_sim:[65188. 65977. 64572.]
Task is 6.00% complete.
t1_sim:[60050. 61416. 60605.] t2_sim:[60732. 59622. 60682.]
Task is 7.00% complete.
t1_sim:[54916. 55526. 53783.] t2_sim:[60279. 60330. 62557.]
Task is 8.00% complete.
t1_sim:[63828. 64836. 64795.] t2_sim:[59736. 59635. 61049.]
Task is 9.00% complete.
t1_sim:[57481. 57466. 59713.] t2_sim:[66180. 65655. 66717.]
Task is 10.00% complete.
t1_sim:[63647. 61601. 63841.] t2_sim:[60949. 60577. 58102.]
Task is 11.00% complete.
t1_sim:[54490. 54581. 56927.] t2_sim:[65053. 65567. 65437.]
Task is 12.00% complete.
t1_sim:[69714. 69863. 71880.] t2_sim:[56561. 57614. 59195.]
Task is 13.00% complete.
t1_sim:[64194. 64124. 63324.] t2_sim:[65791. 66272. 66739.]
Task is 14.00% complete.
t1_sim:[59687. 60252. 60034.] t2_sim:[60091. 60135. 59505.]
Task is 15.00% complete.
t1_sim:[63171. 62841. 61180.] t2_sim:[61938. 61851. 63455.]
Task is 16.00% complete.
t1_sim:[67724. 68097. 65505.] t2_sim:[61256. 62375. 57267.]
Task is 17.00% complete.
t1_sim:[60830. 62029. 59409.] t2_sim:[65070. 65221. 62978.]
Task is 18.00% complete.
t1_sim:[62070. 61017. 61115.] t2_sim:[59139. 59650. 56296.]
Task is 19.00% complete.
t1_sim:[60649. 60731. 61074.] t2_sim:[65813. 65640. 64658.]
Task is 20.00% complete.
t1_sim:[61352. 62234. 60233.] t2_sim:[71546. 72129. 70357.]
Task is 21.00% complete.
t1_sim:[60408. 61248. 61811.] t2_sim:[60640. 60367. 58217.]
Task is 22.00% complete.
t1_sim:[62986. 64757. 62628.] t2_sim:[60834. 59837. 63184.]
Task is 23.00% complete.
t1_sim:[62587. 62150. 64437.] t2_sim:[63452. 62619. 63424.]
Task is 24.00% complete.
t1_sim:[61385. 62122. 58193.] t2_sim:[63262. 62241. 63182.]
Task is 25.00% complete.
t1_sim:[60429. 59867. 60346.] t2_sim:[59608. 60309. 58430.]
Task is 26.00% complete.
t1_sim:[65023. 64061. 64715.] t2_sim:[61878. 60676. 62292.]
Task is 27.00% complete.
t1_sim:[68948. 67433. 66448.] t2_sim:[60561. 60499. 61106.]
Task is 28.00% complete.
t1_sim:[64185. 63374. 63793.] t2_sim:[57183. 57803. 57274.]
Task is 29.00% complete.
t1_sim:[65702. 63998. 65877.] t2_sim:[65856. 65047. 64983.]
Task is 30.00% complete.
t1_sim:[64861. 64648. 65055.] t2_sim:[63900. 63487. 62582.]
Task is 31.00% complete.
t1_sim:[58569. 58745. 58000.] t2_sim:[60372. 59544. 58637.]
Task is 32.00% complete.
t1_sim:[63971. 62999. 62949.] t2_sim:[71914. 71756. 68703.]
Task is 33.00% complete.
t1_sim:[66490. 67066. 66788.] t2_sim:[67928. 65672. 67359.]
Task is 34.00% complete.
t1_sim:[55692. 53829. 52240.] t2_sim:[65825. 67526. 66033.]
Task is 35.00% complete.
t1_sim:[64314. 64347. 62017.] t2_sim:[67748. 68431. 69440.]
Task is 36.00% complete.
t1_sim:[64839. 62806. 64405.] t2_sim:[69346. 66809. 68017.]
Task is 37.00% complete.
t1_sim:[64467. 64988. 62916.] t2_sim:[59131. 60110. 61731.]
Task is 38.00% complete.
t1_sim:[60475. 59783. 60579.] t2_sim:[65145. 66212. 63920.]
Task is 39.00% complete.
t1_sim:[61400. 62351. 62360.] t2_sim:[60043. 61043. 56507.]
Task is 40.00% complete.
t1_sim:[57751. 59415. 57562.] t2_sim:[59723. 60413. 60189.]
Task is 41.00% complete.
t1_sim:[64974. 65940. 65337.] t2_sim:[66664. 65683. 66746.]
Task is 42.00% complete.
t1_sim:[60177. 61467. 58840.] t2_sim:[61372. 61375. 64350.]
Task is 43.00% complete.
t1_sim:[69698. 69967. 70266.] t2_sim:[59360. 59112. 63522.]
Task is 44.00% complete.
t1_sim:[68711. 69431. 66848.] t2_sim:[66747. 66000. 66951.]
Task is 45.00% complete.
t1_sim:[65126. 64830. 63255.] t2_sim:[58811. 59592. 59908.]
Task is 46.00% complete.
t1_sim:[50865. 52574. 53222.] t2_sim:[56122. 56317. 57539.]
Task is 47.00% complete.
t1_sim:[70216. 70702. 69660.] t2_sim:[56124. 56009. 55999.]
Task is 48.00% complete.
t1_sim:[62607. 61914. 61033.] t2_sim:[68786. 69154. 65646.]
Task is 49.00% complete.
t1_sim:[63064. 64480. 63898.] t2_sim:[61693. 59813. 61235.]
Task is 50.00% complete.
t1_sim:[67920. 68804. 67969.] t2_sim:[65036. 65780. 61290.]
Task is 51.00% complete.
t1_sim:[60872. 60929. 61539.] t2_sim:[63536. 63933. 62731.]
Task is 52.00% complete.
t1_sim:[62592. 61980. 61673.] t2_sim:[65695. 65286. 65050.]
Task is 53.00% complete.
t1_sim:[65149. 63095. 65462.] t2_sim:[60124. 59353. 59944.]
Task is 54.00% complete.
t1_sim:[67674. 66184. 64759.] t2_sim:[52239. 52989. 53278.]
Task is 55.00% complete.
t1_sim:[62575. 61796. 61651.] t2_sim:[69238. 69176. 65549.]
Task is 56.00% complete.
t1_sim:[63081. 62776. 62079.] t2_sim:[64217. 64974. 63924.]
Task is 57.00% complete.
t1_sim:[65469. 67263. 64353.] t2_sim:[58444. 57538. 61333.]
Task is 58.00% complete.
t1_sim:[60244. 61097. 59784.] t2_sim:[65664. 65803. 63107.]
Task is 59.00% complete.
t1_sim:[60513. 60267. 58547.] t2_sim:[65689. 63185. 66235.]
Task is 60.00% complete.
t1_sim:[64011. 64891. 64905.] t2_sim:[65584. 66325. 62479.]
Task is 61.00% complete.
t1_sim:[63255. 63535. 61293.] t2_sim:[63925. 63501. 66643.]
Task is 62.00% complete.
t1_sim:[66226. 65923. 65390.] t2_sim:[63007. 63877. 67246.]
Task is 63.00% complete.
t1_sim:[64062. 65542. 64739.] t2_sim:[59388. 59571. 56353.]
Task is 64.00% complete.
t1_sim:[54934. 54245. 53268.] t2_sim:[57236. 57996. 57969.]
Task is 65.00% complete.
t1_sim:[60088. 60896. 61422.] t2_sim:[60755. 62512. 58744.]
Task is 66.00% complete.
t1_sim:[70775. 72165. 72653.] t2_sim:[58701. 59407. 61130.]
Task is 67.00% complete.
t1_sim:[66604. 66387. 67963.] t2_sim:[61275. 59658. 59381.]
Task is 68.00% complete.
t1_sim:[62518. 59544. 62221.] t2_sim:[62151. 62212. 63141.]
Task is 69.00% complete.
t1_sim:[58724. 59233. 61299.] t2_sim:[62977. 63299. 63640.]
Task is 70.00% complete.
t1_sim:[57408. 58455. 57793.] t2_sim:[62878. 64015. 63010.]
Task is 71.00% complete.
t1_sim:[57396. 58193. 59947.] t2_sim:[62323. 62960. 61156.]
Task is 72.00% complete.
t1_sim:[60079. 60511. 61664.] t2_sim:[65085. 64870. 63408.]
Task is 73.00% complete.
t1_sim:[58595. 57070. 58864.] t2_sim:[61658. 61221. 61756.]
Task is 74.00% complete.
t1_sim:[57603. 58119. 58593.] t2_sim:[63160. 63683. 64126.]
Task is 75.00% complete.
t1_sim:[65015. 66164. 64348.] t2_sim:[64484. 63215. 63026.]
Task is 76.00% complete.
t1_sim:[65287. 65098. 65671.] t2_sim:[66239. 65021. 64352.]
Task is 77.00% complete.
t1_sim:[60894. 59708. 60839.] t2_sim:[65676. 65888. 63967.]
Task is 78.00% complete.
t1_sim:[64602. 65177. 63528.] t2_sim:[64935. 65466. 64035.]
Task is 79.00% complete.
t1_sim:[60544. 61238. 57861.] t2_sim:[67437. 68746. 64942.]
Task is 80.00% complete.
t1_sim:[57728. 59896. 57822.] t2_sim:[58381. 59017. 61403.]
Task is 81.00% complete.
t1_sim:[63720. 64324. 67216.] t2_sim:[61117. 59923. 60345.]
Task is 82.00% complete.
t1_sim:[60922. 59844. 59200.] t2_sim:[64616. 64643. 64038.]
Task is 83.00% complete.
t1_sim:[61106. 60770. 60207.] t2_sim:[60660. 61119. 61517.]
Task is 84.00% complete.
t1_sim:[55678. 56110. 53986.] t2_sim:[63613. 62608. 64070.]
Task is 85.00% complete.
t1_sim:[62726. 62125. 62214.] t2_sim:[62323. 61635. 60400.]
Task is 86.00% complete.
t1_sim:[70056. 70719. 68541.] t2_sim:[58770. 57963. 58008.]
Task is 87.00% complete.
t1_sim:[63372. 63384. 63994.] t2_sim:[60503. 61684. 63984.]
Task is 88.00% complete.
t1_sim:[55296. 55796. 56964.] t2_sim:[65607. 64175. 66369.]
Task is 89.00% complete.
t1_sim:[63372. 63840. 63133.] t2_sim:[63293. 64068. 64198.]
Task is 90.00% complete.
t1_sim:[65937. 66491. 67021.] t2_sim:[65392. 65250. 66350.]
Task is 91.00% complete.
t1_sim:[65794. 66779. 63089.] t2_sim:[59606. 59602. 57126.]
Task is 92.00% complete.
t1_sim:[67040. 66564. 67828.] t2_sim:[61889. 62051. 59935.]
Task is 93.00% complete.
t1_sim:[61249. 60680. 59096.] t2_sim:[60009. 59620. 61623.]
Task is 94.00% complete.
t1_sim:[62491. 63305. 63347.] t2_sim:[65482. 64729. 64459.]
Task is 95.00% complete.
t1_sim:[68256. 69142. 67000.] t2_sim:[64394. 65920. 63685.]
Task is 96.00% complete.
t1_sim:[63697. 64088. 60992.] t2_sim:[61502. 62466. 63567.]
Task is 97.00% complete.
t1_sim:[64634. 62019. 65090.] t2_sim:[68118. 67003. 66058.]
Task is 98.00% complete.
t1_sim:[66570. 65895. 67692.] t2_sim:[63198. 64806. 62618.]
Task is 99.00% complete.
t1_sim:[64716. 64124. 63991.] t2_sim:[63761. 63852. 61468.]
Training start
t1_obs:[array(92097.), array(84530.), array(84315.)] t2_obs:[array(93875.), array(85526.), array(83879.)]
corr_G1:[None, None, 0.8186469529236633] corr_G2:[None, None, 0.5466681573752709]
Training end
Task is 0.00% complete.
t1_sim:[60852. 62944. 60840.] t2_sim:[62456. 62925. 62557.]
Task is 1.00% complete.
t1_sim:[59972. 59339. 58961.] t2_sim:[64044. 64407. 64804.]
Task is 2.00% complete.
t1_sim:[61998. 61024. 61304.] t2_sim:[65582. 64033. 65291.]
Task is 3.00% complete.
t1_sim:[59267. 58786. 58559.] t2_sim:[65654. 65239. 65973.]
Task is 4.00% complete.
t1_sim:[59708. 60743. 61031.] t2_sim:[62996. 63239. 62186.]
Task is 5.00% complete.
t1_sim:[64093. 61745. 61786.] t2_sim:[64406. 65064. 64812.]
Task is 6.00% complete.
t1_sim:[58256. 58170. 59552.] t2_sim:[62137. 63126. 64426.]
Task is 7.00% complete.
t1_sim:[54979. 55207. 54449.] t2_sim:[64550. 63340. 64263.]
Task is 8.00% complete.
t1_sim:[62003. 59962. 60130.] t2_sim:[61389. 62098. 61475.]
Task is 9.00% complete.
t1_sim:[62780. 64924. 63426.] t2_sim:[63078. 63036. 63246.]
Task is 10.00% complete.
t1_sim:[61366. 60478. 60837.] t2_sim:[64143. 64030. 64258.]
Task is 11.00% complete.
t1_sim:[65592. 64680. 65079.] t2_sim:[60211. 59076. 59032.]
Task is 12.00% complete.
t1_sim:[63660. 63458. 64385.] t2_sim:[65460. 65144. 64667.]
Task is 13.00% complete.
t1_sim:[57410. 59109. 58091.] t2_sim:[61175. 60368. 61182.]
Task is 14.00% complete.
t1_sim:[58585. 57775. 57762.] t2_sim:[58994. 58636. 59172.]
Task is 15.00% complete.
t1_sim:[59045. 59264. 58667.] t2_sim:[65623. 65336. 64959.]
Task is 16.00% complete.
t1_sim:[62714. 61880. 60887.] t2_sim:[59159. 60609. 60337.]
Task is 17.00% complete.
t1_sim:[57869. 57290. 57387.] t2_sim:[63357. 62448. 62729.]
Task is 18.00% complete.
t1_sim:[64357. 64199. 61450.] t2_sim:[64097. 62483. 62490.]
Task is 19.00% complete.
t1_sim:[56816. 57694. 58305.] t2_sim:[62756. 61502. 61192.]
Task is 20.00% complete.
t1_sim:[65039. 65095. 65462.] t2_sim:[58914. 59917. 59513.]
Task is 21.00% complete.
t1_sim:[65761. 66390. 67097.] t2_sim:[61068. 62769. 61972.]
Task is 22.00% complete.
t1_sim:[64157. 64266. 64946.] t2_sim:[72941. 72186. 73113.]
Task is 23.00% complete.
t1_sim:[64251. 64734. 64752.] t2_sim:[62555. 63660. 63257.]
Task is 24.00% complete.
t1_sim:[64313. 64128. 63375.] t2_sim:[62127. 61248. 63110.]
Task is 25.00% complete.
t1_sim:[63106. 62573. 62792.] t2_sim:[67553. 66638. 65140.]
Task is 26.00% complete.
t1_sim:[63914. 64761. 64419.] t2_sim:[60621. 59929. 59470.]
Task is 27.00% complete.
t1_sim:[65964. 65922. 65166.] t2_sim:[63541. 64110. 65112.]
Task is 28.00% complete.
t1_sim:[66112. 68055. 66741.] t2_sim:[63288. 63856. 64456.]
Task is 29.00% complete.
t1_sim:[61459. 63336. 62595.] t2_sim:[63644. 64152. 63739.]
Task is 30.00% complete.
t1_sim:[64436. 66342. 65756.] t2_sim:[58772. 58399. 58592.]
Task is 31.00% complete.
t1_sim:[63801. 63482. 63553.] t2_sim:[60538. 60441. 59148.]
Task is 32.00% complete.
t1_sim:[63757. 64221. 64559.] t2_sim:[67209. 65668. 65113.]
Task is 33.00% complete.
t1_sim:[62204. 63732. 62517.] t2_sim:[66820. 66315. 65486.]
Task is 34.00% complete.
t1_sim:[56651. 58585. 58730.] t2_sim:[61606. 62214. 61125.]
Task is 35.00% complete.
t1_sim:[59745. 59124. 59919.] t2_sim:[58884. 59132. 59748.]
Task is 36.00% complete.
t1_sim:[57122. 57381. 57365.] t2_sim:[69782. 69793. 69061.]
Task is 37.00% complete.
t1_sim:[62169. 59481. 60624.] t2_sim:[60514. 59715. 60001.]
Task is 38.00% complete.
t1_sim:[65323. 66741. 66380.] t2_sim:[61893. 60300. 61625.]
Task is 39.00% complete.
t1_sim:[64473. 64393. 65858.] t2_sim:[65265. 65777. 66713.]
Task is 40.00% complete.
t1_sim:[67477. 67093. 66538.] t2_sim:[72369. 72757. 73048.]
Task is 41.00% complete.
t1_sim:[62036. 61193. 61911.] t2_sim:[60870. 61410. 61003.]
Task is 42.00% complete.
t1_sim:[61488. 62364. 61379.] t2_sim:[68378. 69937. 69074.]
Task is 43.00% complete.
t1_sim:[66221. 66690. 66960.] t2_sim:[62644. 63780. 64742.]
Task is 44.00% complete.
t1_sim:[68879. 71280. 71399.] t2_sim:[67488. 67147. 68268.]
Task is 45.00% complete.
t1_sim:[62506. 63442. 65359.] t2_sim:[65225. 66173. 66686.]
Task is 46.00% complete.
t1_sim:[66268. 67877. 65246.] t2_sim:[61601. 61786. 61481.]
Task is 47.00% complete.
t1_sim:[61005. 61707. 62251.] t2_sim:[64770. 66719. 66579.]
Task is 48.00% complete.
t1_sim:[64467. 64019. 63448.] t2_sim:[60571. 61485. 61604.]
Task is 49.00% complete.
t1_sim:[65342. 65202. 65996.] t2_sim:[70574. 68177. 67259.]
Task is 50.00% complete.
t1_sim:[65047. 66383. 67163.] t2_sim:[64782. 64143. 63533.]
Task is 51.00% complete.
t1_sim:[59200. 60573. 60428.] t2_sim:[59027. 58503. 57824.]
Task is 52.00% complete.
t1_sim:[56564. 57087. 56299.] t2_sim:[59794. 60719. 59495.]
Task is 53.00% complete.
t1_sim:[63233. 62905. 63036.] t2_sim:[62555. 61786. 61848.]
Task is 54.00% complete.
t1_sim:[62761. 62024. 61329.] t2_sim:[62133. 62898. 63042.]
Task is 55.00% complete.
t1_sim:[58288. 58627. 58060.] t2_sim:[62614. 62445. 63446.]
Task is 56.00% complete.
t1_sim:[60853. 59408. 61261.] t2_sim:[64454. 63590. 63286.]
Task is 57.00% complete.
t1_sim:[57388. 56022. 57494.] t2_sim:[60835. 59081. 59178.]
Task is 58.00% complete.
t1_sim:[59832. 61129. 62296.] t2_sim:[61396. 60544. 62263.]
Task is 59.00% complete.
t1_sim:[63469. 62697. 63931.] t2_sim:[59650. 60568. 59753.]
Task is 60.00% complete.
t1_sim:[62662. 59287. 60100.] t2_sim:[62592. 62163. 62911.]
Task is 61.00% complete.
t1_sim:[60963. 60595. 60948.] t2_sim:[56530. 56263. 57654.]
Task is 62.00% complete.
t1_sim:[60645. 61756. 61042.] t2_sim:[67090. 66368. 63880.]
Task is 63.00% complete.
t1_sim:[57116. 58403. 59558.] t2_sim:[62204. 62753. 61786.]
Task is 64.00% complete.
t1_sim:[63529. 63460. 60917.] t2_sim:[58582. 57039. 57805.]
Task is 65.00% complete.
t1_sim:[63446. 63579. 63366.] t2_sim:[61712. 61659. 62089.]
Task is 66.00% complete.
t1_sim:[57830. 56563. 56451.] t2_sim:[63312. 63504. 63027.]
Task is 67.00% complete.
t1_sim:[67419. 67512. 67268.] t2_sim:[65267. 65398. 66265.]
Task is 68.00% complete.
t1_sim:[59532. 60087. 60016.] t2_sim:[62077. 62450. 62437.]
Task is 69.00% complete.
t1_sim:[60567. 58606. 59559.] t2_sim:[64332. 64264. 64505.]
Task is 70.00% complete.
t1_sim:[67064. 68270. 67469.] t2_sim:[62343. 61202. 61999.]
Task is 71.00% complete.
t1_sim:[71740. 71266. 71173.] t2_sim:[63494. 62862. 62835.]
Task is 72.00% complete.
t1_sim:[67626. 68647. 69405.] t2_sim:[55429. 54919. 54740.]
Task is 73.00% complete.
t1_sim:[62686. 61749. 60360.] t2_sim:[62501. 61932. 61999.]
Task is 74.00% complete.
t1_sim:[62247. 63548. 63352.] t2_sim:[64564. 66146. 66468.]
Task is 75.00% complete.
t1_sim:[59868. 59496. 58430.] t2_sim:[58767. 59496. 60348.]
Task is 76.00% complete.
t1_sim:[57242. 56889. 56478.] t2_sim:[66309. 65457. 67010.]
Task is 77.00% complete.
t1_sim:[70682. 68235. 69474.] t2_sim:[56866. 56528. 56759.]
Task is 78.00% complete.
t1_sim:[63158. 65544. 64619.] t2_sim:[64982. 63962. 65600.]
Task is 79.00% complete.
t1_sim:[61795. 60385. 60431.] t2_sim:[64584. 65091. 65533.]
Task is 80.00% complete.
t1_sim:[62830. 65212. 62741.] t2_sim:[65106. 65067. 64940.]
Task is 81.00% complete.
t1_sim:[64011. 61439. 61885.] t2_sim:[60248. 59668. 59011.]
Task is 82.00% complete.
t1_sim:[54654. 56029. 55762.] t2_sim:[59472. 59896. 60433.]
Task is 83.00% complete.
t1_sim:[61769. 60924. 59979.] t2_sim:[61548. 60629. 61115.]
Task is 84.00% complete.
t1_sim:[61672. 60676. 62111.] t2_sim:[59970. 61337. 60471.]
Task is 85.00% complete.
t1_sim:[55853. 56328. 56147.] t2_sim:[59009. 59386. 61035.]
Task is 86.00% complete.
t1_sim:[63858. 64193. 64840.] t2_sim:[58029. 58219. 56843.]
Task is 87.00% complete.
t1_sim:[58909. 58285. 59089.] t2_sim:[66851. 67421. 67303.]
Task is 88.00% complete.
t1_sim:[62217. 61339. 61609.] t2_sim:[68371. 66924. 66044.]
Task is 89.00% complete.
t1_sim:[60067. 61099. 60537.] t2_sim:[59467. 59606. 59295.]
Task is 90.00% complete.
t1_sim:[60955. 60407. 61002.] t2_sim:[64241. 63622. 64442.]
Task is 91.00% complete.
t1_sim:[61870. 61854. 63063.] t2_sim:[63687. 63688. 63611.]
Task is 92.00% complete.
t1_sim:[66067. 65838. 65734.] t2_sim:[59322. 59764. 58826.]
Task is 93.00% complete.
t1_sim:[55896. 57496. 56529.] t2_sim:[64913. 64567. 66440.]
Task is 94.00% complete.
t1_sim:[62599. 62358. 62195.] t2_sim:[63487. 63960. 64102.]
Task is 95.00% complete.
t1_sim:[67832. 69156. 68033.] t2_sim:[66129. 66796. 69545.]
Task is 96.00% complete.
t1_sim:[62215. 62733. 61876.] t2_sim:[59874. 59138. 60030.]
Task is 97.00% complete.
t1_sim:[67657. 66023. 66607.] t2_sim:[57107. 57876. 57796.]
Task is 98.00% complete.
t1_sim:[65319. 66326. 65512.] t2_sim:[61560. 62339. 63046.]
Task is 99.00% complete.
t1_sim:[55902. 57405. 57874.] t2_sim:[58269. 57305. 58883.]
Training start
t1_obs:[array(92097.), array(84530.), array(81287.)] t2_obs:[array(93875.), array(85526.), array(79501.)]
corr_G1:[None, None, 0.528974722909028] corr_G2:[None, None, 0.4404648832564365]
Training end
Task is 0.00% complete.
t1_sim:[62129. 62149. 57472.] t2_sim:[63177. 61594. 59186.]
Task is 1.00% complete.
t1_sim:[68031. 68290. 62895.] t2_sim:[64214. 65536. 59297.]
Task is 2.00% complete.
t1_sim:[64446. 66049. 60926.] t2_sim:[71031. 70694. 66261.]
Task is 3.00% complete.
t1_sim:[63766. 62508. 58126.] t2_sim:[67759. 67937. 62010.]
Task is 4.00% complete.
t1_sim:[63647. 64099. 58453.] t2_sim:[66021. 66855. 62308.]
Task is 5.00% complete.
t1_sim:[64658. 65530. 60798.] t2_sim:[64630. 64603. 60624.]
Task is 6.00% complete.
t1_sim:[60369. 60237. 54340.] t2_sim:[60382. 60363. 54399.]
Task is 7.00% complete.
t1_sim:[62694. 60866. 57603.] t2_sim:[55832. 55528. 51820.]
Task is 8.00% complete.
t1_sim:[58166. 59690. 53848.] t2_sim:[63142. 63359. 58405.]
Task is 9.00% complete.
t1_sim:[65912. 64324. 58129.] t2_sim:[66870. 67148. 61869.]
Task is 10.00% complete.
t1_sim:[65888. 65645. 60641.] t2_sim:[61437. 63377. 57599.]
Task is 11.00% complete.
t1_sim:[61475. 61954. 57372.] t2_sim:[67708. 67932. 63390.]
Task is 12.00% complete.
t1_sim:[57189. 56569. 51571.] t2_sim:[64717. 61649. 57636.]
Task is 13.00% complete.
t1_sim:[60783. 60150. 55243.] t2_sim:[65603. 65441. 60296.]
Task is 14.00% complete.
t1_sim:[58036. 58470. 54161.] t2_sim:[66427. 66547. 61061.]
Task is 15.00% complete.
t1_sim:[62002. 62410. 58799.] t2_sim:[62158. 62134. 57122.]
Task is 16.00% complete.
t1_sim:[67873. 67206. 63346.] t2_sim:[63536. 63406. 59499.]
Task is 17.00% complete.
t1_sim:[62618. 61963. 58975.] t2_sim:[66473. 65563. 60401.]
Task is 18.00% complete.
t1_sim:[62355. 61965. 56349.] t2_sim:[62870. 61902. 56424.]
Task is 19.00% complete.
t1_sim:[62312. 61458. 56608.] t2_sim:[62696. 63569. 58064.]
Task is 20.00% complete.
t1_sim:[66849. 66024. 60559.] t2_sim:[58282. 59212. 52466.]
Task is 21.00% complete.
t1_sim:[67315. 66156. 60747.] t2_sim:[65180. 64595. 59179.]
Task is 22.00% complete.
t1_sim:[65308. 65305. 60711.] t2_sim:[61950. 61817. 58023.]
Task is 23.00% complete.
t1_sim:[57450. 59095. 54358.] t2_sim:[58811. 60518. 54107.]
Task is 24.00% complete.
t1_sim:[63797. 65212. 60163.] t2_sim:[67449. 67242. 61913.]
Task is 25.00% complete.
t1_sim:[68443. 66022. 61447.] t2_sim:[63571. 63873. 55885.]
Task is 26.00% complete.
t1_sim:[59940. 60843. 55930.] t2_sim:[60499. 62597. 55416.]
Task is 27.00% complete.
t1_sim:[61157. 61442. 56123.] t2_sim:[63020. 62513. 58084.]
Task is 28.00% complete.
t1_sim:[64944. 65037. 59855.] t2_sim:[59686. 60699. 55144.]
Task is 29.00% complete.
t1_sim:[57104. 58042. 53877.] t2_sim:[66897. 65531. 58623.]
Task is 30.00% complete.
t1_sim:[56162. 57197. 53073.] t2_sim:[58652. 58339. 53931.]
Task is 31.00% complete.
t1_sim:[59601. 62272. 56473.] t2_sim:[57178. 58040. 53273.]
Task is 32.00% complete.
t1_sim:[60644. 61508. 56190.] t2_sim:[63825. 65276. 58069.]
Task is 33.00% complete.
t1_sim:[63004. 62370. 57550.] t2_sim:[65276. 65271. 59520.]
Task is 34.00% complete.
t1_sim:[63929. 64464. 57977.] t2_sim:[65115. 64821. 59783.]
Task is 35.00% complete.
t1_sim:[58525. 58690. 54839.] t2_sim:[62560. 60920. 56413.]
Task is 36.00% complete.
t1_sim:[61494. 61654. 57503.] t2_sim:[63856. 63316. 59185.]
Task is 37.00% complete.
t1_sim:[63410. 62825. 57626.] t2_sim:[59549. 59948. 54543.]
Task is 38.00% complete.
t1_sim:[65894. 64904. 59237.] t2_sim:[55534. 55604. 50713.]
Task is 39.00% complete.
t1_sim:[68889. 67229. 62404.] t2_sim:[57577. 56967. 54032.]
Task is 40.00% complete.
t1_sim:[66452. 65206. 61506.] t2_sim:[68255. 69020. 65363.]
Task is 41.00% complete.
t1_sim:[59120. 58510. 53267.] t2_sim:[57970. 57367. 53137.]
Task is 42.00% complete.
t1_sim:[56332. 59500. 52395.] t2_sim:[64070. 64258. 58354.]
Task is 43.00% complete.
t1_sim:[60505. 60424. 54643.] t2_sim:[62365. 61949. 56873.]
Task is 44.00% complete.
t1_sim:[63935. 64608. 57840.] t2_sim:[57989. 57426. 53756.]
Task is 45.00% complete.
t1_sim:[59958. 59849. 55077.] t2_sim:[63543. 64451. 60231.]
Task is 46.00% complete.
t1_sim:[58277. 59431. 53258.] t2_sim:[65622. 64781. 61965.]
Task is 47.00% complete.
t1_sim:[66862. 66687. 62170.] t2_sim:[63367. 63485. 58898.]
Task is 48.00% complete.
t1_sim:[60949. 61644. 56486.] t2_sim:[57856. 58654. 53595.]
Task is 49.00% complete.
t1_sim:[57671. 58715. 52288.] t2_sim:[66843. 66540. 59401.]
Task is 50.00% complete.
t1_sim:[61432. 61060. 56169.] t2_sim:[69403. 68395. 63439.]
Task is 51.00% complete.
t1_sim:[58059. 57815. 52936.] t2_sim:[65647. 64171. 60150.]
Task is 52.00% complete.
t1_sim:[58080. 58254. 54492.] t2_sim:[55399. 55116. 50504.]
Task is 53.00% complete.
t1_sim:[62916. 62303. 57051.] t2_sim:[64061. 63091. 57971.]
Task is 54.00% complete.
t1_sim:[62798. 63568. 59018.] t2_sim:[60781. 59550. 55806.]
Task is 55.00% complete.
t1_sim:[64202. 65158. 60885.] t2_sim:[66081. 64584. 61354.]
Task is 56.00% complete.
t1_sim:[61741. 60845. 55873.] t2_sim:[64522. 64951. 59660.]
Task is 57.00% complete.
t1_sim:[61123. 60571. 55520.] t2_sim:[59896. 58762. 53700.]
Task is 58.00% complete.
t1_sim:[62491. 62641. 57521.] t2_sim:[62791. 62551. 56804.]
Task is 59.00% complete.
t1_sim:[62943. 64351. 58474.] t2_sim:[63352. 63485. 56323.]
Task is 60.00% complete.
t1_sim:[64191. 64580. 59294.] t2_sim:[63254. 64301. 58566.]
Task is 61.00% complete.
t1_sim:[66940. 67339. 60249.] t2_sim:[64398. 64813. 59990.]
Task is 62.00% complete.
t1_sim:[63141. 64129. 57597.] t2_sim:[63834. 63071. 58187.]
Task is 63.00% complete.
t1_sim:[60238. 60733. 55814.] t2_sim:[65196. 64361. 61040.]
Task is 64.00% complete.
t1_sim:[63223. 62168. 57425.] t2_sim:[66102. 64912. 60066.]
Task is 65.00% complete.
t1_sim:[63462. 61760. 58807.] t2_sim:[64318. 64836. 58786.]
Task is 66.00% complete.
t1_sim:[68762. 68309. 63319.] t2_sim:[62622. 63280. 57933.]
Task is 67.00% complete.
t1_sim:[59393. 58485. 53957.] t2_sim:[61441. 64193. 56947.]
Task is 68.00% complete.
t1_sim:[62672. 63444. 57027.] t2_sim:[66428. 67252. 60637.]
Task is 69.00% complete.
t1_sim:[66825. 67412. 61104.] t2_sim:[63602. 65330. 57306.]
Task is 70.00% complete.
t1_sim:[60511. 61843. 54634.] t2_sim:[66517. 65838. 62323.]
Task is 71.00% complete.
t1_sim:[63044. 63190. 58397.] t2_sim:[58815. 58786. 54498.]
Task is 72.00% complete.
t1_sim:[63788. 63526. 58535.] t2_sim:[58914. 59596. 55122.]
Task is 73.00% complete.
t1_sim:[60858. 61388. 57885.] t2_sim:[62553. 63709. 59002.]
Task is 74.00% complete.
t1_sim:[65072. 62708. 59440.] t2_sim:[64488. 64224. 58914.]
Task is 75.00% complete.
t1_sim:[65449. 66395. 61560.] t2_sim:[58096. 59459. 54559.]
Task is 76.00% complete.
t1_sim:[63405. 63865. 58262.] t2_sim:[59274. 60372. 53090.]
Task is 77.00% complete.
t1_sim:[61543. 61512. 56271.] t2_sim:[66221. 65360. 60363.]
Task is 78.00% complete.
t1_sim:[66113. 65754. 61652.] t2_sim:[63741. 64932. 58943.]
Task is 79.00% complete.
t1_sim:[58075. 60603. 53199.] t2_sim:[66675. 65494. 59367.]
Task is 80.00% complete.
t1_sim:[63621. 65392. 58810.] t2_sim:[64351. 63559. 59816.]
Task is 81.00% complete.
t1_sim:[64344. 62739. 59541.] t2_sim:[62089. 60959. 55564.]
Task is 82.00% complete.
t1_sim:[64552. 64758. 59646.] t2_sim:[60286. 59851. 54643.]
Task is 83.00% complete.
t1_sim:[60783. 61171. 56511.] t2_sim:[61217. 61195. 54564.]
Task is 84.00% complete.
t1_sim:[61946. 61415. 58064.] t2_sim:[58747. 57495. 54273.]
Task is 85.00% complete.
t1_sim:[60190. 60276. 56680.] t2_sim:[64735. 63759. 59341.]
Task is 86.00% complete.
t1_sim:[60638. 61497. 56518.] t2_sim:[64075. 64697. 58923.]
Task is 87.00% complete.
t1_sim:[59021. 60229. 53686.] t2_sim:[55342. 55999. 51348.]
Task is 88.00% complete.
t1_sim:[66956. 64117. 60018.] t2_sim:[58643. 59502. 54476.]
Task is 89.00% complete.
t1_sim:[60105. 61320. 56437.] t2_sim:[59175. 58581. 55049.]
Task is 90.00% complete.
t1_sim:[63290. 63055. 56982.] t2_sim:[61442. 61303. 55569.]
Task is 91.00% complete.
t1_sim:[64309. 63423. 59006.] t2_sim:[64549. 65261. 59377.]
Task is 92.00% complete.
t1_sim:[66315. 66529. 59002.] t2_sim:[65555. 63992. 60472.]
Task is 93.00% complete.
t1_sim:[62547. 63480. 58789.] t2_sim:[64744. 64281. 60030.]
Task is 94.00% complete.
t1_sim:[61985. 61765. 56766.] t2_sim:[60752. 61545. 56654.]
Task is 95.00% complete.
t1_sim:[56188. 57326. 52718.] t2_sim:[65393. 65291. 59318.]
Task is 96.00% complete.
t1_sim:[61380. 61337. 57649.] t2_sim:[64462. 65669. 59733.]
Task is 97.00% complete.
t1_sim:[59751. 57854. 55523.] t2_sim:[60784. 61333. 56439.]
Task is 98.00% complete.
t1_sim:[58325. 57846. 53752.] t2_sim:[60480. 59335. 55541.]
Task is 99.00% complete.
t1_sim:[60634. 60644. 55939.] t2_sim:[64642. 64510. 61115.]
Finished
