/scratch/jz4721/Post-prediction-Causal-Inference/venv/lib/python3.8/site-packages/numpy/core/getlimits.py:518: UserWarning: The value of the smallest subnormal for <class 'numpy.float64'> type is zero.
  setattr(self, word, getattr(machar, word).flat[0])
/scratch/jz4721/Post-prediction-Causal-Inference/venv/lib/python3.8/site-packages/numpy/core/getlimits.py:89: UserWarning: The value of the smallest subnormal for <class 'numpy.float64'> type is zero.
  return self._float_to_str(self.smallest_subnormal)
/scratch/jz4721/Post-prediction-Causal-Inference/venv/lib/python3.8/site-packages/numpy/core/getlimits.py:518: UserWarning: The value of the smallest subnormal for <class 'numpy.float32'> type is zero.
  setattr(self, word, getattr(machar, word).flat[0])
/scratch/jz4721/Post-prediction-Causal-Inference/venv/lib/python3.8/site-packages/numpy/core/getlimits.py:89: UserWarning: The value of the smallest subnormal for <class 'numpy.float32'> type is zero.
  return self._float_to_str(self.smallest_subnormal)
Begin
Training start
t1_obs:[array(96509.), array(82461.), array(77660.)] t2_obs:[array(93011.), array(79799.), array(73452.)]
corr_G1:[None, None, -1.0022239804405929e-18] corr_G2:[None, None, 0]
Training end
Task is 0.00% complete.
t1_sim:[66129. 65767. 64410.] t2_sim:[60175. 60326. 60377.]
Task is 1.00% complete.
t1_sim:[63184. 63578. 61878.] t2_sim:[59994. 59506. 59952.]
Task is 2.00% complete.
t1_sim:[65303. 65728. 63113.] t2_sim:[66901. 67025. 68467.]
Task is 3.00% complete.
t1_sim:[63043. 62680. 62841.] t2_sim:[67968. 68254. 68135.]
Task is 4.00% complete.
t1_sim:[64180. 65937. 64650.] t2_sim:[68072. 65520. 67807.]
Task is 5.00% complete.
t1_sim:[56135. 56038. 56616.] t2_sim:[63664. 64048. 65477.]
Task is 6.00% complete.
t1_sim:[60770. 59337. 59819.] t2_sim:[63314. 64098. 64129.]
Task is 7.00% complete.
t1_sim:[60318. 60916. 59528.] t2_sim:[61704. 61008. 63912.]
Task is 8.00% complete.
t1_sim:[62465. 62115. 65998.] t2_sim:[61823. 60948. 64417.]
Task is 9.00% complete.
t1_sim:[61703. 63414. 64284.] t2_sim:[65243. 64138. 65674.]
Task is 10.00% complete.
t1_sim:[57326. 57517. 59116.] t2_sim:[66635. 67756. 67117.]
Task is 11.00% complete.
t1_sim:[60900. 61515. 61076.] t2_sim:[64283. 64644. 61941.]
Task is 12.00% complete.
t1_sim:[60055. 57755. 63120.] t2_sim:[59057. 59244. 58640.]
Task is 13.00% complete.
t1_sim:[60193. 61937. 59576.] t2_sim:[59450. 60442. 61598.]
Task is 14.00% complete.
t1_sim:[55084. 55240. 50764.] t2_sim:[61170. 60921. 61870.]
Task is 15.00% complete.
t1_sim:[61321. 62801. 63425.] t2_sim:[61797. 60629. 59356.]
Task is 16.00% complete.
t1_sim:[63145. 63378. 67517.] t2_sim:[59701. 60954. 60325.]
Task is 17.00% complete.
t1_sim:[61448. 61301. 59176.] t2_sim:[61667. 61298. 60292.]
Task is 18.00% complete.
t1_sim:[60087. 59253. 59241.] t2_sim:[66813. 65744. 68978.]
Task is 19.00% complete.
t1_sim:[65363. 67053. 63930.] t2_sim:[63633. 62876. 63837.]
Task is 20.00% complete.
t1_sim:[67708. 68514. 66304.] t2_sim:[60337. 60884. 58286.]
Task is 21.00% complete.
t1_sim:[63058. 64444. 66349.] t2_sim:[62588. 60858. 59558.]
Task is 22.00% complete.
t1_sim:[65544. 64761. 62166.] t2_sim:[60681. 59534. 59710.]
Task is 23.00% complete.
t1_sim:[58264. 60713. 58560.] t2_sim:[65767. 65078. 65951.]
Task is 24.00% complete.
t1_sim:[58216. 59063. 56796.] t2_sim:[64326. 64474. 66320.]
Task is 25.00% complete.
t1_sim:[67554. 67793. 65864.] t2_sim:[65124. 65526. 61668.]
Task is 26.00% complete.
t1_sim:[65607. 63519. 64778.] t2_sim:[60249. 60193. 61382.]
Task is 27.00% complete.
t1_sim:[65123. 65154. 61692.] t2_sim:[58700. 61598. 60659.]
Task is 28.00% complete.
t1_sim:[68015. 66297. 67539.] t2_sim:[63502. 63324. 61184.]
Task is 29.00% complete.
t1_sim:[62526. 61363. 60959.] t2_sim:[58305. 59544. 54178.]
Task is 30.00% complete.
t1_sim:[66399. 64404. 63684.] t2_sim:[64988. 65069. 64482.]
Task is 31.00% complete.
t1_sim:[66139. 65122. 68422.] t2_sim:[59428. 58279. 56357.]
Task is 32.00% complete.
t1_sim:[67353. 67914. 66494.] t2_sim:[54485. 56079. 56910.]
Task is 33.00% complete.
t1_sim:[61454. 63155. 62185.] t2_sim:[64722. 64001. 65522.]
Task is 34.00% complete.
t1_sim:[60349. 58648. 60826.] t2_sim:[62396. 62490. 62782.]
Task is 35.00% complete.
t1_sim:[58557. 59462. 59321.] t2_sim:[58934. 59339. 61375.]
Task is 36.00% complete.
t1_sim:[55863. 58016. 57951.] t2_sim:[62152. 60866. 61888.]
Task is 37.00% complete.
t1_sim:[60477. 59556. 59295.] t2_sim:[63250. 64201. 62507.]
Task is 38.00% complete.
t1_sim:[58528. 58154. 61796.] t2_sim:[57028. 56350. 58674.]
Task is 39.00% complete.
t1_sim:[62229. 62804. 61833.] t2_sim:[60411. 60515. 62601.]
Task is 40.00% complete.
t1_sim:[59295. 58659. 60711.] t2_sim:[64745. 62261. 63237.]
Task is 41.00% complete.
t1_sim:[70483. 69870. 68689.] t2_sim:[55960. 57185. 56477.]
Task is 42.00% complete.
t1_sim:[64597. 64198. 64683.] t2_sim:[60951. 59983. 59321.]
Task is 43.00% complete.
t1_sim:[62402. 61598. 63820.] t2_sim:[62549. 64548. 66557.]
Task is 44.00% complete.
t1_sim:[63790. 63151. 63542.] t2_sim:[59967. 59525. 61544.]
Task is 45.00% complete.
t1_sim:[61180. 60875. 62008.] t2_sim:[70506. 69358. 68354.]
Task is 46.00% complete.
t1_sim:[69632. 70696. 66719.] t2_sim:[58314. 57239. 58519.]
Task is 47.00% complete.
t1_sim:[61003. 60616. 59392.] t2_sim:[60604. 61121. 58104.]
Task is 48.00% complete.
t1_sim:[53365. 53986. 57152.] t2_sim:[62754. 62913. 61827.]
Task is 49.00% complete.
t1_sim:[65282. 64864. 63935.] t2_sim:[69977. 71193. 70925.]
Task is 50.00% complete.
t1_sim:[59941. 61996. 61951.] t2_sim:[60206. 60009. 63050.]
Task is 51.00% complete.
t1_sim:[63741. 63475. 59721.] t2_sim:[59395. 58622. 59347.]
Task is 52.00% complete.
t1_sim:[66431. 66918. 66118.] t2_sim:[65770. 65246. 65787.]
Task is 53.00% complete.
t1_sim:[65138. 64530. 65369.] t2_sim:[62861. 62398. 62075.]
Task is 54.00% complete.
t1_sim:[59002. 60141. 60157.] t2_sim:[66156. 64335. 63104.]
Task is 55.00% complete.
t1_sim:[62831. 61655. 60791.] t2_sim:[60367. 60902. 59285.]
Task is 56.00% complete.
t1_sim:[60095. 60576. 59459.] t2_sim:[57856. 59113. 62049.]
Task is 57.00% complete.
t1_sim:[62195. 60654. 60655.] t2_sim:[67568. 69551. 66583.]
Task is 58.00% complete.
t1_sim:[65967. 65990. 64561.] t2_sim:[61515. 62118. 63214.]
Task is 59.00% complete.
t1_sim:[68335. 67634. 70550.] t2_sim:[63271. 62598. 65068.]
Task is 60.00% complete.
t1_sim:[60389. 62043. 60912.] t2_sim:[59616. 61781. 63126.]
Task is 61.00% complete.
t1_sim:[60154. 60618. 63386.] t2_sim:[63001. 62878. 66092.]
Task is 62.00% complete.
t1_sim:[68526. 68514. 66936.] t2_sim:[59587. 60416. 60646.]
Task is 63.00% complete.
t1_sim:[71606. 69795. 70558.] t2_sim:[62309. 60592. 60092.]
Task is 64.00% complete.
t1_sim:[58866. 61758. 60193.] t2_sim:[56486. 58124. 59145.]
Task is 65.00% complete.
t1_sim:[58326. 58846. 58403.] t2_sim:[60549. 60369. 62165.]
Task is 66.00% complete.
t1_sim:[66777. 66996. 66953.] t2_sim:[62107. 62375. 61441.]
Task is 67.00% complete.
t1_sim:[70488. 71488. 70966.] t2_sim:[64206. 65843. 64422.]
Task is 68.00% complete.
t1_sim:[63041. 63948. 63632.] t2_sim:[58995. 56479. 57475.]
Task is 69.00% complete.
t1_sim:[59953. 62548. 62233.] t2_sim:[59937. 57649. 58829.]
Task is 70.00% complete.
t1_sim:[62455. 61915. 65096.] t2_sim:[66032. 66079. 64886.]
Task is 71.00% complete.
t1_sim:[62144. 62296. 63552.] t2_sim:[62371. 62520. 63615.]
Task is 72.00% complete.
t1_sim:[63080. 65106. 67264.] t2_sim:[65190. 62961. 61361.]
Task is 73.00% complete.
t1_sim:[59702. 60021. 60793.] t2_sim:[66558. 64839. 64815.]
Task is 74.00% complete.
t1_sim:[60616. 59426. 59803.] t2_sim:[62049. 60687. 59857.]
Task is 75.00% complete.
t1_sim:[64149. 64249. 64514.] t2_sim:[67375. 67268. 68651.]
Task is 76.00% complete.
t1_sim:[64321. 67042. 63466.] t2_sim:[62415. 61301. 60952.]
Task is 77.00% complete.
t1_sim:[58466. 58724. 57654.] t2_sim:[63820. 64742. 66683.]
Task is 78.00% complete.
t1_sim:[58090. 56540. 58760.] t2_sim:[62401. 63164. 65326.]
Task is 79.00% complete.
t1_sim:[65118. 64467. 66733.] t2_sim:[62971. 62591. 65661.]
Task is 80.00% complete.
t1_sim:[62675. 63638. 63114.] t2_sim:[63772. 64318. 60685.]
Task is 81.00% complete.
t1_sim:[60061. 61292. 60120.] t2_sim:[61721. 63154. 62915.]
Task is 82.00% complete.
t1_sim:[69702. 68627. 68471.] t2_sim:[62512. 62048. 63612.]
Task is 83.00% complete.
t1_sim:[71094. 70985. 67187.] t2_sim:[63071. 62401. 62794.]
Task is 84.00% complete.
t1_sim:[61190. 63020. 62352.] t2_sim:[58649. 57745. 59535.]
Task is 85.00% complete.
t1_sim:[62804. 61669. 63659.] t2_sim:[63577. 65210. 64590.]
Task is 86.00% complete.
t1_sim:[64283. 63868. 62858.] t2_sim:[57704. 57145. 58796.]
Task is 87.00% complete.
t1_sim:[60965. 60993. 59964.] t2_sim:[61872. 63240. 61564.]
Task is 88.00% complete.
t1_sim:[64177. 65637. 63636.] t2_sim:[62298. 60679. 59702.]
Task is 89.00% complete.
t1_sim:[62186. 61513. 62424.] t2_sim:[61604. 61029. 63064.]
Task is 90.00% complete.
t1_sim:[66155. 65692. 66715.] t2_sim:[63775. 65243. 62377.]
Task is 91.00% complete.
t1_sim:[63996. 64079. 65568.] t2_sim:[63978. 61227. 65783.]
Task is 92.00% complete.
t1_sim:[58717. 60851. 60783.] t2_sim:[63417. 64679. 64989.]
Task is 93.00% complete.
t1_sim:[62950. 64925. 63416.] t2_sim:[71910. 73207. 71297.]
Task is 94.00% complete.
t1_sim:[63822. 64552. 66873.] t2_sim:[68202. 68603. 69160.]
Task is 95.00% complete.
t1_sim:[52122. 51446. 51316.] t2_sim:[60574. 62456. 62107.]
Task is 96.00% complete.
t1_sim:[66129. 65493. 65857.] t2_sim:[62325. 63296. 59588.]
Task is 97.00% complete.
t1_sim:[58218. 59183. 60410.] t2_sim:[64294. 62840. 62787.]
Task is 98.00% complete.
t1_sim:[57121. 58381. 54764.] t2_sim:[63374. 65117. 61890.]
Task is 99.00% complete.
t1_sim:[58303. 59480. 57496.] t2_sim:[62585. 62546. 63740.]
Training start
t1_obs:[array(96509.), array(82461.), array(76960.)] t2_obs:[array(93011.), array(79799.), array(79293.)]
corr_G1:[None, None, 0.9850612779403931] corr_G2:[None, None, 0.9962688269739988]
Training end
Task is 0.00% complete.
t1_sim:[61928. 61951. 64781.] t2_sim:[60446. 61125. 60633.]
Task is 1.00% complete.
t1_sim:[63717. 61943. 61063.] t2_sim:[63228. 64417. 63534.]
Task is 2.00% complete.
t1_sim:[61715. 62903. 61767.] t2_sim:[61214. 58788. 60738.]
Task is 3.00% complete.
t1_sim:[58692. 59023. 58297.] t2_sim:[63252. 61523. 63038.]
Task is 4.00% complete.
t1_sim:[61644. 60934. 62394.] t2_sim:[60049. 59166. 58656.]
Task is 5.00% complete.
t1_sim:[64964. 66898. 65905.] t2_sim:[65536. 66068. 65526.]
Task is 6.00% complete.
t1_sim:[63452. 62976. 61538.] t2_sim:[60622. 61663. 62125.]
Task is 7.00% complete.
t1_sim:[62813. 61672. 66304.] t2_sim:[62471. 61723. 61236.]
Task is 8.00% complete.
t1_sim:[58872. 59200. 60552.] t2_sim:[59635. 60657. 60798.]
Task is 9.00% complete.
t1_sim:[59324. 59340. 60640.] t2_sim:[65029. 63528. 62325.]
Task is 10.00% complete.
t1_sim:[63810. 63928. 61310.] t2_sim:[63080. 64170. 63888.]
Task is 11.00% complete.
t1_sim:[63317. 60609. 62044.] t2_sim:[57819. 56116. 58385.]
Task is 12.00% complete.
t1_sim:[65097. 64585. 64923.] t2_sim:[58333. 60215. 60475.]
Task is 13.00% complete.
t1_sim:[66509. 66680. 67606.] t2_sim:[59848. 59925. 58979.]
Task is 14.00% complete.
t1_sim:[61964. 59302. 61790.] t2_sim:[58522. 56672. 57711.]
Task is 15.00% complete.
t1_sim:[66060. 68312. 66390.] t2_sim:[65121. 65907. 64600.]
Task is 16.00% complete.
t1_sim:[65667. 65231. 64743.] t2_sim:[62503. 62561. 61885.]
Task is 17.00% complete.
t1_sim:[63913. 64174. 61900.] t2_sim:[57018. 56509. 54931.]
Task is 18.00% complete.
t1_sim:[61914. 61859. 63232.] t2_sim:[64289. 63558. 64287.]
Task is 19.00% complete.
t1_sim:[61689. 62652. 63144.] t2_sim:[64584. 65521. 66560.]
Task is 20.00% complete.
t1_sim:[59461. 58587. 60376.] t2_sim:[62818. 61900. 61030.]
Task is 21.00% complete.
t1_sim:[58943. 58778. 60231.] t2_sim:[64557. 62697. 63297.]
Task is 22.00% complete.
t1_sim:[61222. 59976. 62232.] t2_sim:[56731. 56850. 58897.]
Task is 23.00% complete.
t1_sim:[61778. 60257. 63004.] t2_sim:[59752. 60586. 61377.]
Task is 24.00% complete.
t1_sim:[63709. 63415. 63860.] t2_sim:[59932. 60099. 57567.]
Task is 25.00% complete.
t1_sim:[58839. 58859. 61790.] t2_sim:[57220. 58878. 59032.]
Task is 26.00% complete.
t1_sim:[58691. 59201. 60113.] t2_sim:[62938. 62204. 60104.]
Task is 27.00% complete.
t1_sim:[63748. 63529. 65091.] t2_sim:[65034. 63585. 63518.]
Task is 28.00% complete.
t1_sim:[62073. 62102. 60634.] t2_sim:[63498. 63194. 61747.]
Task is 29.00% complete.
t1_sim:[62089. 61554. 60874.] t2_sim:[65289. 66319. 64433.]
Task is 30.00% complete.
t1_sim:[61351. 59836. 60598.] t2_sim:[63467. 63925. 64674.]
Task is 31.00% complete.
t1_sim:[61645. 61714. 64462.] t2_sim:[57810. 57820. 59139.]
Task is 32.00% complete.
t1_sim:[59034. 61113. 61549.] t2_sim:[61593. 61403. 63408.]
Task is 33.00% complete.
t1_sim:[60961. 58921. 58358.] t2_sim:[66337. 65271. 65122.]
Task is 34.00% complete.
t1_sim:[61829. 61281. 61684.] t2_sim:[70441. 71094. 70627.]
Task is 35.00% complete.
t1_sim:[63079. 64879. 64379.] t2_sim:[61436. 63607. 63438.]
Task is 36.00% complete.
t1_sim:[62256. 62360. 62946.] t2_sim:[65052. 65029. 65448.]
Task is 37.00% complete.
t1_sim:[64838. 63639. 62535.] t2_sim:[65300. 66457. 68086.]
Task is 38.00% complete.
t1_sim:[61417. 62518. 61068.] t2_sim:[62583. 63747. 61443.]
Task is 39.00% complete.
t1_sim:[65565. 65439. 63539.] t2_sim:[64602. 64096. 64071.]
Task is 40.00% complete.
t1_sim:[67090. 65899. 67700.] t2_sim:[65382. 64965. 66622.]
Task is 41.00% complete.
t1_sim:[68412. 67740. 70305.] t2_sim:[65538. 66996. 65995.]
Task is 42.00% complete.
t1_sim:[61869. 61765. 64354.] t2_sim:[67962. 69131. 68379.]
Task is 43.00% complete.
t1_sim:[64603. 65165. 62629.] t2_sim:[66387. 66656. 66571.]
Task is 44.00% complete.
t1_sim:[58200. 59596. 61629.] t2_sim:[69482. 68696. 69335.]
Task is 45.00% complete.
t1_sim:[57018. 56021. 57740.] t2_sim:[61842. 61121. 61438.]
Task is 46.00% complete.
t1_sim:[63231. 63343. 62418.] t2_sim:[65964. 67186. 67198.]
Task is 47.00% complete.
t1_sim:[60382. 58702. 62443.] t2_sim:[60222. 60926. 61819.]
Task is 48.00% complete.
t1_sim:[60349. 60595. 61254.] t2_sim:[61881. 62873. 63563.]
Task is 49.00% complete.
t1_sim:[63702. 62743. 62889.] t2_sim:[61286. 61239. 61089.]
Task is 50.00% complete.
t1_sim:[64804. 63299. 61675.] t2_sim:[64222. 62043. 62974.]
Task is 51.00% complete.
t1_sim:[63232. 63097. 62825.] t2_sim:[64586. 64832. 64779.]
Task is 52.00% complete.
t1_sim:[61773. 59480. 62178.] t2_sim:[70294. 70214. 69318.]
Task is 53.00% complete.
t1_sim:[71305. 72003. 71746.] t2_sim:[62841. 62949. 63478.]
Task is 54.00% complete.
t1_sim:[64108. 65348. 66571.] t2_sim:[64633. 63926. 62343.]
Task is 55.00% complete.
t1_sim:[58672. 57358. 61846.] t2_sim:[60518. 61854. 61816.]
Task is 56.00% complete.
t1_sim:[66407. 64865. 66772.] t2_sim:[58214. 58465. 59405.]
Task is 57.00% complete.
t1_sim:[63164. 65051. 64993.] t2_sim:[63196. 62961. 62100.]
Task is 58.00% complete.
t1_sim:[65599. 63855. 65335.] t2_sim:[64934. 63611. 63900.]
Task is 59.00% complete.
t1_sim:[63797. 62989. 64101.] t2_sim:[64233. 65795. 64313.]
Task is 60.00% complete.
t1_sim:[63912. 63596. 59873.] t2_sim:[63177. 62507. 61454.]
Task is 61.00% complete.
t1_sim:[66440. 65175. 63384.] t2_sim:[63912. 64208. 65215.]
Task is 62.00% complete.
t1_sim:[63615. 64071. 63684.] t2_sim:[63437. 61873. 61733.]
Task is 63.00% complete.
t1_sim:[59790. 61097. 60366.] t2_sim:[67377. 67813. 68178.]
Task is 64.00% complete.
t1_sim:[59714. 57640. 56768.] t2_sim:[63043. 62141. 62567.]
Task is 65.00% complete.
t1_sim:[64816. 63222. 60740.] t2_sim:[63690. 64675. 66562.]
Task is 66.00% complete.
t1_sim:[63253. 64521. 61963.] t2_sim:[70548. 69436. 69591.]
Task is 67.00% complete.
t1_sim:[59935. 59595. 60678.] t2_sim:[64726. 64464. 66980.]
Task is 68.00% complete.
t1_sim:[65690. 65094. 65818.] t2_sim:[58311. 59304. 57892.]
Task is 69.00% complete.
t1_sim:[62020. 62064. 64054.] t2_sim:[64958. 64600. 65189.]
Task is 70.00% complete.
t1_sim:[61204. 60645. 58112.] t2_sim:[63321. 63637. 62360.]
Task is 71.00% complete.
t1_sim:[62229. 64138. 63353.] t2_sim:[62829. 62294. 63385.]
Task is 72.00% complete.
t1_sim:[55680. 56795. 58582.] t2_sim:[57536. 57681. 59461.]
Task is 73.00% complete.
t1_sim:[63468. 63235. 64540.] t2_sim:[59413. 59310. 59866.]
Task is 74.00% complete.
t1_sim:[61213. 60796. 60266.] t2_sim:[59515. 58807. 57403.]
Task is 75.00% complete.
t1_sim:[60671. 60832. 62113.] t2_sim:[62845. 63912. 62789.]
Task is 76.00% complete.
t1_sim:[60810. 61173. 58325.] t2_sim:[66411. 66647. 67173.]
Task is 77.00% complete.
t1_sim:[60010. 59491. 62965.] t2_sim:[63784. 63025. 64493.]
Task is 78.00% complete.
t1_sim:[61339. 61762. 60941.] t2_sim:[65862. 66214. 64799.]
Task is 79.00% complete.
t1_sim:[64634. 66071. 68025.] t2_sim:[63306. 63877. 62071.]
Task is 80.00% complete.
t1_sim:[53571. 52689. 54271.] t2_sim:[62807. 63814. 64676.]
Task is 81.00% complete.
t1_sim:[60873. 61419. 63305.] t2_sim:[63698. 64576. 62794.]
Task is 82.00% complete.
t1_sim:[59180. 60725. 57249.] t2_sim:[61529. 60931. 61665.]
Task is 83.00% complete.
t1_sim:[66362. 66747. 68439.] t2_sim:[62311. 62260. 63013.]
Task is 84.00% complete.
t1_sim:[64161. 64049. 63587.] t2_sim:[59108. 60436. 61022.]
Task is 85.00% complete.
t1_sim:[58004. 59338. 59336.] t2_sim:[62313. 63939. 62750.]
Task is 86.00% complete.
t1_sim:[61233. 60985. 63129.] t2_sim:[62287. 64391. 63753.]
Task is 87.00% complete.
t1_sim:[62573. 61254. 60951.] t2_sim:[60882. 62591. 62492.]
Task is 88.00% complete.
t1_sim:[65803. 65054. 65392.] t2_sim:[69414. 67507. 67463.]
Task is 89.00% complete.
t1_sim:[64120. 62855. 64453.] t2_sim:[55637. 55902. 56913.]
Task is 90.00% complete.
t1_sim:[63427. 62197. 61839.] t2_sim:[63881. 63705. 63427.]
Task is 91.00% complete.
t1_sim:[65096. 64316. 63371.] t2_sim:[60892. 59678. 59594.]
Task is 92.00% complete.
t1_sim:[62122. 62823. 63156.] t2_sim:[63656. 60777. 60736.]
Task is 93.00% complete.
t1_sim:[63165. 62991. 64875.] t2_sim:[65957. 65181. 64824.]
Task is 94.00% complete.
t1_sim:[68901. 67801. 69970.] t2_sim:[60677. 61637. 59606.]
Task is 95.00% complete.
t1_sim:[61545. 59951. 61625.] t2_sim:[59774. 58989. 59753.]
Task is 96.00% complete.
t1_sim:[58267. 57860. 58633.] t2_sim:[64304. 64823. 63482.]
Task is 97.00% complete.
t1_sim:[62528. 63168. 62582.] t2_sim:[59357. 63442. 61615.]
Task is 98.00% complete.
t1_sim:[59859. 60422. 62038.] t2_sim:[63146. 61892. 64306.]
Task is 99.00% complete.
t1_sim:[66344. 65882. 65342.] t2_sim:[62077. 64766. 65047.]
Training start
t1_obs:[array(96509.), array(82461.), array(76721.)] t2_obs:[array(93011.), array(79799.), array(74647.)]
corr_G1:[None, None, 0.12468949388454385] corr_G2:[None, None, 0.0030969743500153914]
Training end
Task is 0.00% complete.
t1_sim:[64207. 64420. 64910.] t2_sim:[62400. 62404. 63850.]
Task is 1.00% complete.
t1_sim:[62269. 63507. 62777.] t2_sim:[54146. 53669. 54366.]
Task is 2.00% complete.
t1_sim:[60888. 61523. 61247.] t2_sim:[62781. 63057. 63240.]
Task is 3.00% complete.
t1_sim:[65651. 66297. 64616.] t2_sim:[65994. 66099. 67683.]
Task is 4.00% complete.
t1_sim:[58224. 58187. 58624.] t2_sim:[63083. 62438. 61768.]
Task is 5.00% complete.
t1_sim:[64460. 63457. 64875.] t2_sim:[64334. 61978. 61583.]
Task is 6.00% complete.
t1_sim:[58129. 58691. 57751.] t2_sim:[63410. 62948. 64153.]
Task is 7.00% complete.
t1_sim:[58446. 59074. 57669.] t2_sim:[63229. 62482. 61749.]
Task is 8.00% complete.
t1_sim:[67523. 66976. 65377.] t2_sim:[60701. 60885. 61187.]
Task is 9.00% complete.
t1_sim:[65570. 63414. 63130.] t2_sim:[65623. 66242. 64388.]
Task is 10.00% complete.
t1_sim:[60091. 59616. 58511.] t2_sim:[67596. 68764. 67298.]
Task is 11.00% complete.
t1_sim:[63600. 64065. 65537.] t2_sim:[62241. 62676. 62214.]
Task is 12.00% complete.
t1_sim:[60492. 59943. 57933.] t2_sim:[64693. 63287. 62409.]
Task is 13.00% complete.
t1_sim:[60578. 60621. 60939.] t2_sim:[61912. 62064. 60482.]
Task is 14.00% complete.
t1_sim:[65992. 65683. 66888.] t2_sim:[65556. 63194. 63976.]
Task is 15.00% complete.
t1_sim:[65925. 67341. 67673.] t2_sim:[64408. 64043. 63332.]
Task is 16.00% complete.
t1_sim:[65043. 63099. 65144.] t2_sim:[59833. 60929. 61870.]
Task is 17.00% complete.
t1_sim:[65804. 64285. 64767.] t2_sim:[63850. 62585. 62621.]
Task is 18.00% complete.
t1_sim:[62021. 61795. 62802.] t2_sim:[58304. 58924. 58413.]
Task is 19.00% complete.
t1_sim:[66742. 67771. 67931.] t2_sim:[63609. 63722. 64350.]
Task is 20.00% complete.
t1_sim:[58319. 57499. 58623.] t2_sim:[61234. 60627. 61949.]
Task is 21.00% complete.
t1_sim:[64528. 63884. 63441.] t2_sim:[57606. 58620. 62214.]
Task is 22.00% complete.
t1_sim:[60590. 59523. 58996.] t2_sim:[65926. 64507. 64145.]
Task is 23.00% complete.
t1_sim:[63673. 62815. 62735.] t2_sim:[66438. 65915. 66185.]
Task is 24.00% complete.
t1_sim:[62826. 63134. 63106.] t2_sim:[64169. 65371. 64928.]
Task is 25.00% complete.
t1_sim:[61498. 61350. 61508.] t2_sim:[63362. 64332. 64972.]
Task is 26.00% complete.
t1_sim:[65499. 65836. 64136.] t2_sim:[61490. 62683. 63639.]
Task is 27.00% complete.
t1_sim:[60302. 59882. 59664.] t2_sim:[61750. 61522. 58198.]
Task is 28.00% complete.
t1_sim:[61019. 63118. 61748.] t2_sim:[61960. 61978. 65510.]
Task is 29.00% complete.
t1_sim:[65511. 64755. 64848.] t2_sim:[67902. 67969. 64511.]
Task is 30.00% complete.
t1_sim:[60401. 59362. 58418.] t2_sim:[66529. 65227. 67623.]
Task is 31.00% complete.
t1_sim:[59996. 60857. 62010.] t2_sim:[61785. 60449. 61808.]
Task is 32.00% complete.
t1_sim:[58820. 61790. 60177.] t2_sim:[58703. 59067. 56215.]
Task is 33.00% complete.
t1_sim:[59992. 59455. 59831.] t2_sim:[57130. 57180. 58157.]
Task is 34.00% complete.
t1_sim:[63332. 62799. 60653.] t2_sim:[62818. 63528. 61763.]
Task is 35.00% complete.
t1_sim:[61285. 60052. 60060.] t2_sim:[61424. 61439. 62194.]
Task is 36.00% complete.
t1_sim:[68986. 68706. 69986.] t2_sim:[64196. 62667. 63487.]
Task is 37.00% complete.
t1_sim:[66299. 65904. 66121.] t2_sim:[63801. 61929. 62899.]
Task is 38.00% complete.
t1_sim:[65332. 64710. 64492.] t2_sim:[61827. 61040. 63244.]
Task is 39.00% complete.
t1_sim:[62502. 63137. 64781.] t2_sim:[58687. 59358. 58862.]
Task is 40.00% complete.
t1_sim:[64606. 65629. 64469.] t2_sim:[58978. 60001. 58847.]
Task is 41.00% complete.
t1_sim:[62127. 62880. 63136.] t2_sim:[65089. 63365. 64097.]
Task is 42.00% complete.
t1_sim:[63045. 62336. 61205.] t2_sim:[65766. 66806. 66751.]
Task is 43.00% complete.
t1_sim:[64083. 64122. 64045.] t2_sim:[61896. 60846. 60482.]
Task is 44.00% complete.
t1_sim:[60447. 60957. 61196.] t2_sim:[63305. 64193. 63069.]
Task is 45.00% complete.
t1_sim:[65659. 62800. 62621.] t2_sim:[67204. 68160. 68350.]
Task is 46.00% complete.
t1_sim:[62243. 62689. 63638.] t2_sim:[61497. 61423. 59907.]
Task is 47.00% complete.
t1_sim:[63475. 65430. 64526.] t2_sim:[64886. 63644. 63345.]
Task is 48.00% complete.
t1_sim:[66655. 64637. 61919.] t2_sim:[59281. 58859. 59787.]
Task is 49.00% complete.
t1_sim:[64819. 65820. 65351.] t2_sim:[59383. 59168. 59157.]
Task is 50.00% complete.
t1_sim:[59168. 58865. 57537.] t2_sim:[56663. 58626. 57529.]
Task is 51.00% complete.
t1_sim:[61158. 60968. 60710.] t2_sim:[65184. 63472. 64251.]
Task is 52.00% complete.
t1_sim:[61714. 61242. 60705.] t2_sim:[62685. 61822. 63585.]
Task is 53.00% complete.
t1_sim:[63737. 65827. 65512.] t2_sim:[66713. 66835. 67218.]
Task is 54.00% complete.
t1_sim:[63912. 62939. 64563.] t2_sim:[64206. 65021. 64434.]
Task is 55.00% complete.
t1_sim:[60117. 61304. 57533.] t2_sim:[65623. 64162. 64879.]
Task is 56.00% complete.
t1_sim:[65166. 66491. 66407.] t2_sim:[64547. 63599. 64224.]
Task is 57.00% complete.
t1_sim:[63880. 63958. 61971.] t2_sim:[62873. 62838. 64015.]
Task is 58.00% complete.
t1_sim:[64021. 63819. 62840.] t2_sim:[66322. 65470. 64263.]
Task is 59.00% complete.
t1_sim:[58287. 58474. 57623.] t2_sim:[67437. 69312. 67958.]
Task is 60.00% complete.
t1_sim:[64458. 64453. 62315.] t2_sim:[61290. 60525. 60353.]
Task is 61.00% complete.
t1_sim:[65477. 63353. 63200.] t2_sim:[71086. 68027. 71464.]
Task is 62.00% complete.
t1_sim:[58330. 58160. 56566.] t2_sim:[63544. 63599. 62593.]
Task is 63.00% complete.
t1_sim:[60808. 60137. 61614.] t2_sim:[64153. 65033. 64546.]
Task is 64.00% complete.
t1_sim:[56185. 56306. 55559.] t2_sim:[62257. 64681. 62911.]
Task is 65.00% complete.
t1_sim:[66724. 64628. 66308.] t2_sim:[66471. 64282. 66120.]
Task is 66.00% complete.
t1_sim:[61551. 62461. 59145.] t2_sim:[65881. 66291. 64545.]
Task is 67.00% complete.
t1_sim:[58839. 59977. 61103.] t2_sim:[67811. 66250. 69001.]
Task is 68.00% complete.
t1_sim:[62227. 61669. 61957.] t2_sim:[59482. 61043. 62555.]
Task is 69.00% complete.
t1_sim:[61659. 63503. 61951.] t2_sim:[62672. 61637. 59622.]
Task is 70.00% complete.
t1_sim:[68639. 67431. 67422.] t2_sim:[64269. 65212. 63707.]
Task is 71.00% complete.
t1_sim:[65912. 66518. 65760.] t2_sim:[67094. 66735. 67011.]
Task is 72.00% complete.
t1_sim:[68328. 65857. 65448.] t2_sim:[61668. 62980. 64688.]
Task is 73.00% complete.
t1_sim:[57478. 56761. 58684.] t2_sim:[59225. 59604. 59645.]
Task is 74.00% complete.
t1_sim:[59213. 58756. 60162.] t2_sim:[60452. 61336. 59023.]
Task is 75.00% complete.
t1_sim:[62232. 61827. 63237.] t2_sim:[63166. 63845. 63734.]
Task is 76.00% complete.
t1_sim:[68139. 67072. 66515.] t2_sim:[61921. 63770. 64742.]
Task is 77.00% complete.
t1_sim:[57826. 58659. 57746.] t2_sim:[61501. 61948. 62073.]
Task is 78.00% complete.
t1_sim:[61588. 60401. 59763.] t2_sim:[68478. 68429. 68183.]
Task is 79.00% complete.
t1_sim:[60540. 61045. 60050.] t2_sim:[62765. 64772. 63481.]
Task is 80.00% complete.
t1_sim:[58545. 58652. 59801.] t2_sim:[66356. 68694. 67364.]
Task is 81.00% complete.
t1_sim:[56390. 58421. 58793.] t2_sim:[68039. 68002. 67777.]
Task is 82.00% complete.
t1_sim:[57939. 59012. 58242.] t2_sim:[59147. 58637. 60436.]
Task is 83.00% complete.
t1_sim:[61285. 60454. 60722.] t2_sim:[61046. 60524. 63208.]
Task is 84.00% complete.
t1_sim:[61639. 63513. 63452.] t2_sim:[61860. 60868. 62069.]
Task is 85.00% complete.
t1_sim:[62218. 62636. 62455.] t2_sim:[63602. 63139. 62198.]
Task is 86.00% complete.
t1_sim:[62271. 62416. 62659.] t2_sim:[61589. 62032. 62359.]
Task is 87.00% complete.
t1_sim:[66523. 65476. 63328.] t2_sim:[60194. 59112. 59400.]
Task is 88.00% complete.
t1_sim:[65559. 64723. 64977.] t2_sim:[65919. 67125. 64750.]
Task is 89.00% complete.
t1_sim:[63459. 62264. 62300.] t2_sim:[65193. 65232. 65748.]
Task is 90.00% complete.
t1_sim:[64383. 63256. 62613.] t2_sim:[64481. 65249. 64251.]
Task is 91.00% complete.
t1_sim:[65789. 65869. 65778.] t2_sim:[53482. 54636. 54987.]
Task is 92.00% complete.
t1_sim:[63939. 63630. 63897.] t2_sim:[65042. 64968. 66910.]
Task is 93.00% complete.
t1_sim:[63440. 64368. 60307.] t2_sim:[64108. 62488. 62417.]
Task is 94.00% complete.
t1_sim:[67091. 67651. 64953.] t2_sim:[65455. 64316. 64567.]
Task is 95.00% complete.
t1_sim:[67068. 64737. 63936.] t2_sim:[55566. 57768. 59455.]
Task is 96.00% complete.
t1_sim:[59046. 59828. 60568.] t2_sim:[61102. 61013. 61312.]
Task is 97.00% complete.
t1_sim:[58834. 59734. 57188.] t2_sim:[59329. 59480. 60639.]
Task is 98.00% complete.
t1_sim:[60710. 59589. 58330.] t2_sim:[59934. 59197. 59376.]
Task is 99.00% complete.
t1_sim:[55580. 57134. 56610.] t2_sim:[64015. 62750. 64697.]
Finished
