/scratch/jz4721/Post-prediction-Causal-Inference/venv/lib/python3.8/site-packages/numpy/core/getlimits.py:518: UserWarning: The value of the smallest subnormal for <class 'numpy.float64'> type is zero.
  setattr(self, word, getattr(machar, word).flat[0])
/scratch/jz4721/Post-prediction-Causal-Inference/venv/lib/python3.8/site-packages/numpy/core/getlimits.py:89: UserWarning: The value of the smallest subnormal for <class 'numpy.float64'> type is zero.
  return self._float_to_str(self.smallest_subnormal)
/scratch/jz4721/Post-prediction-Causal-Inference/venv/lib/python3.8/site-packages/numpy/core/getlimits.py:518: UserWarning: The value of the smallest subnormal for <class 'numpy.float32'> type is zero.
  setattr(self, word, getattr(machar, word).flat[0])
/scratch/jz4721/Post-prediction-Causal-Inference/venv/lib/python3.8/site-packages/numpy/core/getlimits.py:89: UserWarning: The value of the smallest subnormal for <class 'numpy.float32'> type is zero.
  return self._float_to_str(self.smallest_subnormal)
Begin
Training start
t1_obs:[array(96570.), array(87768.), array(79189.)] t2_obs:[array(93769.), array(81900.), array(77812.)]
corr_G1:[None, None, 8.448143993903679e-17] corr_G2:[None, None, 4.001439849221294e-18]
Training end
Task is 0.00% complete.
t1_sim:[62503. 61327. 61596.] t2_sim:[64607. 64089. 63238.]
Task is 1.00% complete.
t1_sim:[62784. 61802. 63206.] t2_sim:[67785. 67153. 68992.]
Task is 2.00% complete.
t1_sim:[61429. 62484. 63204.] t2_sim:[57415. 56858. 59945.]
Task is 3.00% complete.
t1_sim:[63986. 62072. 62864.] t2_sim:[60640. 60043. 62002.]
Task is 4.00% complete.
t1_sim:[55871. 55713. 53715.] t2_sim:[61319. 62191. 60183.]
Task is 5.00% complete.
t1_sim:[67513. 67148. 67399.] t2_sim:[67893. 68031. 67777.]
Task is 6.00% complete.
t1_sim:[61901. 60948. 61111.] t2_sim:[61933. 60437. 60026.]
Task is 7.00% complete.
t1_sim:[64636. 63514. 65165.] t2_sim:[60680. 61143. 61354.]
Task is 8.00% complete.
t1_sim:[65473. 65263. 62933.] t2_sim:[69737. 69142. 67691.]
Task is 9.00% complete.
t1_sim:[63637. 62551. 63409.] t2_sim:[60773. 60786. 60353.]
Task is 10.00% complete.
t1_sim:[63638. 63676. 62437.] t2_sim:[65211. 65786. 65852.]
Task is 11.00% complete.
t1_sim:[61158. 62503. 60652.] t2_sim:[55840. 55672. 56174.]
Task is 12.00% complete.
t1_sim:[59583. 60212. 59882.] t2_sim:[59218. 59422. 57983.]
Task is 13.00% complete.
t1_sim:[60764. 60784. 62743.] t2_sim:[68775. 69352. 70469.]
Task is 14.00% complete.
t1_sim:[67851. 66361. 65553.] t2_sim:[57258. 55860. 59433.]
Task is 15.00% complete.
t1_sim:[65945. 64335. 63537.] t2_sim:[59251. 57693. 59201.]
Task is 16.00% complete.
t1_sim:[61984. 61790. 62615.] t2_sim:[63893. 64932. 64330.]
Task is 17.00% complete.
t1_sim:[62887. 65308. 63955.] t2_sim:[66234. 67214. 67311.]
Task is 18.00% complete.
t1_sim:[58196. 58521. 58235.] t2_sim:[59424. 58147. 60498.]
Task is 19.00% complete.
t1_sim:[60796. 61405. 60379.] t2_sim:[61045. 61279. 61849.]
Task is 20.00% complete.
t1_sim:[63729. 64793. 62913.] t2_sim:[65406. 62654. 64553.]
Task is 21.00% complete.
t1_sim:[59469. 59517. 58380.] t2_sim:[57465. 57372. 57286.]
Task is 22.00% complete.
t1_sim:[60584. 60888. 60524.] t2_sim:[62417. 63900. 62306.]
Task is 23.00% complete.
t1_sim:[58311. 59000. 61520.] t2_sim:[64988. 65272. 64504.]
Task is 24.00% complete.
t1_sim:[60453. 60791. 62294.] t2_sim:[63890. 64265. 63844.]
Task is 25.00% complete.
t1_sim:[65578. 65035. 64707.] t2_sim:[62954. 66317. 62419.]
Task is 26.00% complete.
t1_sim:[62069. 63773. 60465.] t2_sim:[57806. 58196. 58230.]
Task is 27.00% complete.
t1_sim:[63812. 62530. 61231.] t2_sim:[63443. 65118. 62924.]
Task is 28.00% complete.
t1_sim:[64202. 63246. 64664.] t2_sim:[55785. 54227. 57531.]
Task is 29.00% complete.
t1_sim:[62747. 62059. 61931.] t2_sim:[56756. 59276. 59555.]
Task is 30.00% complete.
t1_sim:[61084. 62109. 61801.] t2_sim:[63629. 60114. 60391.]
Task is 31.00% complete.
t1_sim:[63089. 62872. 62990.] t2_sim:[66951. 66235. 67105.]
Task is 32.00% complete.
t1_sim:[61967. 61816. 64218.] t2_sim:[62698. 62450. 60225.]
Task is 33.00% complete.
t1_sim:[59336. 60485. 58976.] t2_sim:[61518. 62257. 62121.]
Task is 34.00% complete.
t1_sim:[64964. 64229. 62726.] t2_sim:[59830. 59186. 59671.]
Task is 35.00% complete.
t1_sim:[63440. 63974. 65357.] t2_sim:[66334. 66906. 64881.]
Task is 36.00% complete.
t1_sim:[67107. 65228. 68064.] t2_sim:[65362. 66750. 65840.]
Task is 37.00% complete.
t1_sim:[65530. 65608. 65274.] t2_sim:[61950. 62299. 63409.]
Task is 38.00% complete.
t1_sim:[62040. 62202. 60345.] t2_sim:[64910. 63216. 63174.]
Task is 39.00% complete.
t1_sim:[61697. 60982. 63532.] t2_sim:[60806. 62716. 64414.]
Task is 40.00% complete.
t1_sim:[62628. 61992. 63078.] t2_sim:[61799. 62756. 61438.]
Task is 41.00% complete.
t1_sim:[68025. 70066. 67595.] t2_sim:[55320. 55610. 54990.]
Task is 42.00% complete.
t1_sim:[58229. 59343. 59751.] t2_sim:[60206. 58351. 61620.]
Task is 43.00% complete.
t1_sim:[59271. 60015. 56874.] t2_sim:[59644. 59876. 59645.]
Task is 44.00% complete.
t1_sim:[61239. 61327. 60790.] t2_sim:[65214. 65899. 65588.]
Task is 45.00% complete.
t1_sim:[63051. 62922. 66934.] t2_sim:[62568. 62759. 64164.]
Task is 46.00% complete.
t1_sim:[63035. 62438. 61225.] t2_sim:[60717. 61917. 62088.]
Task is 47.00% complete.
t1_sim:[59461. 59726. 59177.] t2_sim:[61022. 61989. 61598.]
Task is 48.00% complete.
t1_sim:[58879. 58851. 59834.] t2_sim:[56905. 58387. 55443.]
Task is 49.00% complete.
t1_sim:[65395. 64494. 64379.] t2_sim:[60855. 61295. 59886.]
Task is 50.00% complete.
t1_sim:[57730. 59334. 60557.] t2_sim:[62303. 65062. 62918.]
Task is 51.00% complete.
t1_sim:[62657. 63527. 62400.] t2_sim:[65476. 66472. 68545.]
Task is 52.00% complete.
t1_sim:[65129. 65915. 65882.] t2_sim:[59220. 59788. 59787.]
Task is 53.00% complete.
t1_sim:[59340. 60560. 59421.] t2_sim:[65449. 64399. 64385.]
Task is 54.00% complete.
t1_sim:[67987. 67862. 68826.] t2_sim:[64604. 64174. 65684.]
Task is 55.00% complete.
t1_sim:[60578. 60328. 58130.] t2_sim:[59276. 58678. 57502.]
Task is 56.00% complete.
t1_sim:[62297. 62458. 63009.] t2_sim:[57390. 57710. 55978.]
Task is 57.00% complete.
t1_sim:[61760. 61734. 63321.] t2_sim:[68445. 66518. 69142.]
Task is 58.00% complete.
t1_sim:[63207. 64749. 63860.] t2_sim:[58302. 58329. 61792.]
Task is 59.00% complete.
t1_sim:[59266. 60690. 58623.] t2_sim:[60964. 62370. 63727.]
Task is 60.00% complete.
t1_sim:[61201. 61185. 58926.] t2_sim:[58266. 59938. 61160.]
Task is 61.00% complete.
t1_sim:[63947. 65341. 63134.] t2_sim:[62486. 60648. 63391.]
Task is 62.00% complete.
t1_sim:[68492. 68210. 67343.] t2_sim:[65727. 65970. 67682.]
Task is 63.00% complete.
t1_sim:[59245. 60380. 61312.] t2_sim:[62211. 60304. 63407.]
Task is 64.00% complete.
t1_sim:[59387. 59465. 58596.] t2_sim:[68474. 67114. 64820.]
Task is 65.00% complete.
t1_sim:[57633. 57159. 60489.] t2_sim:[64126. 64064. 63382.]
Task is 66.00% complete.
t1_sim:[64117. 64456. 62975.] t2_sim:[62265. 60827. 63216.]
Task is 67.00% complete.
t1_sim:[69465. 68884. 69816.] t2_sim:[63894. 62096. 63204.]
Task is 68.00% complete.
t1_sim:[61808. 62233. 62797.] t2_sim:[61580. 60120. 60592.]
Task is 69.00% complete.
t1_sim:[59698. 60959. 60734.] t2_sim:[59307. 61374. 57394.]
Task is 70.00% complete.
t1_sim:[61472. 62930. 62499.] t2_sim:[55740. 56754. 57183.]
Task is 71.00% complete.
t1_sim:[62387. 62330. 62367.] t2_sim:[64885. 64674. 62018.]
Task is 72.00% complete.
t1_sim:[60672. 62053. 59953.] t2_sim:[61710. 61328. 64621.]
Task is 73.00% complete.
t1_sim:[60829. 61065. 60821.] t2_sim:[61515. 59915. 62287.]
Task is 74.00% complete.
t1_sim:[62269. 61705. 59967.] t2_sim:[62460. 62135. 61266.]
Task is 75.00% complete.
t1_sim:[68171. 69238. 64622.] t2_sim:[62489. 61967. 59131.]
Task is 76.00% complete.
t1_sim:[64700. 66076. 63650.] t2_sim:[67117. 66012. 66776.]
Task is 77.00% complete.
t1_sim:[68234. 67543. 65214.] t2_sim:[55033. 55320. 56675.]
Task is 78.00% complete.
t1_sim:[61424. 62564. 61941.] t2_sim:[61725. 61500. 62014.]
Task is 79.00% complete.
t1_sim:[66439. 66850. 64732.] t2_sim:[67727. 68655. 66687.]
Task is 80.00% complete.
t1_sim:[63594. 64323. 62698.] t2_sim:[64402. 64724. 64092.]
Task is 81.00% complete.
t1_sim:[64092. 64653. 61775.] t2_sim:[65147. 64330. 66851.]
Task is 82.00% complete.
t1_sim:[58554. 59423. 59068.] t2_sim:[63899. 65968. 64873.]
Task is 83.00% complete.
t1_sim:[60674. 60431. 61202.] t2_sim:[62017. 61288. 62945.]
Task is 84.00% complete.
t1_sim:[67475. 67245. 67078.] t2_sim:[60784. 62740. 61861.]
Task is 85.00% complete.
t1_sim:[61860. 61338. 61993.] t2_sim:[62376. 62614. 60814.]
Task is 86.00% complete.
t1_sim:[61507. 61375. 63894.] t2_sim:[62522. 63100. 61199.]
Task is 87.00% complete.
t1_sim:[58961. 58807. 59269.] t2_sim:[60150. 59095. 57635.]
Task is 88.00% complete.
t1_sim:[62331. 61242. 60117.] t2_sim:[59587. 59213. 58979.]
Task is 89.00% complete.
t1_sim:[63356. 65163. 62481.] t2_sim:[60481. 59382. 59082.]
Task is 90.00% complete.
t1_sim:[65643. 66276. 63161.] t2_sim:[63872. 64995. 62274.]
Task is 91.00% complete.
t1_sim:[66210. 66129. 66056.] t2_sim:[60002. 60057. 59197.]
Task is 92.00% complete.
t1_sim:[62870. 64811. 61682.] t2_sim:[64595. 64168. 67307.]
Task is 93.00% complete.
t1_sim:[65856. 65470. 64174.] t2_sim:[61609. 62131. 62197.]
Task is 94.00% complete.
t1_sim:[60790. 63078. 60579.] t2_sim:[61609. 63309. 62199.]
Task is 95.00% complete.
t1_sim:[64101. 63887. 66836.] t2_sim:[62623. 61949. 64040.]
Task is 96.00% complete.
t1_sim:[65060. 63755. 63807.] t2_sim:[66358. 65229. 64608.]
Task is 97.00% complete.
t1_sim:[60006. 59440. 61383.] t2_sim:[66092. 64977. 66212.]
Task is 98.00% complete.
t1_sim:[66775. 65057. 66171.] t2_sim:[59518. 59266. 61427.]
Task is 99.00% complete.
t1_sim:[64852. 65313. 66657.] t2_sim:[63413. 63764. 63967.]
Training start
t1_obs:[array(96570.), array(87768.), array(85724.)] t2_obs:[array(93769.), array(81900.), array(82654.)]
corr_G1:[None, None, 0.535774760424571] corr_G2:[None, None, 0.9428779581887863]
Training end
Task is 0.00% complete.
t1_sim:[61600. 61347. 62341.] t2_sim:[67312. 67737. 68145.]
Task is 1.00% complete.
t1_sim:[59887. 60024. 59115.] t2_sim:[59023. 56453. 55797.]
Task is 2.00% complete.
t1_sim:[61542. 63277. 64738.] t2_sim:[65508. 65908. 63729.]
Task is 3.00% complete.
t1_sim:[61923. 62082. 61477.] t2_sim:[66933. 65962. 66151.]
Task is 4.00% complete.
t1_sim:[60190. 59961. 59510.] t2_sim:[61455. 61199. 60880.]
Task is 5.00% complete.
t1_sim:[60540. 61450. 60834.] t2_sim:[59822. 59816. 59837.]
Task is 6.00% complete.
t1_sim:[60840. 62343. 60505.] t2_sim:[68517. 68134. 68070.]
Task is 7.00% complete.
t1_sim:[58068. 59659. 58663.] t2_sim:[60044. 60700. 60004.]
Task is 8.00% complete.
t1_sim:[61896. 63530. 62175.] t2_sim:[63928. 64503. 64192.]
Task is 9.00% complete.
t1_sim:[68309. 67661. 68238.] t2_sim:[62727. 64139. 63580.]
Task is 10.00% complete.
t1_sim:[60524. 62138. 62749.] t2_sim:[59583. 60755. 58926.]
Task is 11.00% complete.
t1_sim:[63716. 61567. 61869.] t2_sim:[60784. 61264. 62412.]
Task is 12.00% complete.
t1_sim:[60668. 60920. 60009.] t2_sim:[62395. 60885. 61922.]
Task is 13.00% complete.
t1_sim:[57793. 58175. 59363.] t2_sim:[64909. 65692. 64809.]
Task is 14.00% complete.
t1_sim:[56051. 56169. 56650.] t2_sim:[61309. 61480. 59818.]
Task is 15.00% complete.
t1_sim:[62506. 62574. 61565.] t2_sim:[55442. 56220. 57625.]
Task is 16.00% complete.
t1_sim:[63812. 63128. 63192.] t2_sim:[66543. 67009. 66506.]
Task is 17.00% complete.
t1_sim:[63557. 64640. 64310.] t2_sim:[61135. 61276. 60940.]
Task is 18.00% complete.
t1_sim:[58099. 59170. 59345.] t2_sim:[64108. 65000. 65932.]
Task is 19.00% complete.
t1_sim:[62553. 62868. 63924.] t2_sim:[57726. 56236. 59517.]
Task is 20.00% complete.
t1_sim:[61257. 61398. 61739.] t2_sim:[61764. 61882. 61793.]
Task is 21.00% complete.
t1_sim:[60651. 60349. 59881.] t2_sim:[60813. 63874. 63363.]
Task is 22.00% complete.
t1_sim:[59819. 59493. 60953.] t2_sim:[60126. 60381. 59849.]
Task is 23.00% complete.
t1_sim:[63819. 65121. 64065.] t2_sim:[65203. 65360. 65324.]
Task is 24.00% complete.
t1_sim:[65842. 66591. 66179.] t2_sim:[59467. 61151. 58836.]
Task is 25.00% complete.
t1_sim:[61983. 61396. 60465.] t2_sim:[61922. 61313. 60426.]
Task is 26.00% complete.
t1_sim:[71488. 71267. 70171.] t2_sim:[63308. 63970. 64767.]
Task is 27.00% complete.
t1_sim:[59575. 59221. 58907.] t2_sim:[57123. 58323. 59337.]
Task is 28.00% complete.
t1_sim:[67097. 65977. 64970.] t2_sim:[60239. 59961. 60433.]
Task is 29.00% complete.
t1_sim:[58355. 57045. 59943.] t2_sim:[62256. 63018. 62599.]
Task is 30.00% complete.
t1_sim:[67123. 67327. 66277.] t2_sim:[65853. 65718. 64806.]
Task is 31.00% complete.
t1_sim:[58531. 58124. 58710.] t2_sim:[61093. 61617. 59847.]
Task is 32.00% complete.
t1_sim:[57996. 56628. 59169.] t2_sim:[63545. 62159. 61910.]
Task is 33.00% complete.
t1_sim:[62496. 63686. 62728.] t2_sim:[61335. 57979. 59996.]
Task is 34.00% complete.
t1_sim:[64752. 64662. 64801.] t2_sim:[62614. 63838. 62755.]
Task is 35.00% complete.
t1_sim:[61793. 61875. 60932.] t2_sim:[63726. 64006. 62953.]
Task is 36.00% complete.
t1_sim:[58688. 58408. 59442.] t2_sim:[65862. 65315. 64050.]
Task is 37.00% complete.
t1_sim:[59329. 59804. 59799.] t2_sim:[63917. 66505. 66195.]
Task is 38.00% complete.
t1_sim:[59459. 57801. 58382.] t2_sim:[64179. 62515. 62253.]
Task is 39.00% complete.
t1_sim:[62592. 60978. 63061.] t2_sim:[64878. 63452. 64852.]
Task is 40.00% complete.
t1_sim:[60498. 61458. 60456.] t2_sim:[65217. 63802. 65117.]
Task is 41.00% complete.
t1_sim:[61377. 62845. 61951.] t2_sim:[65084. 65150. 65156.]
Task is 42.00% complete.
t1_sim:[64776. 65933. 66479.] t2_sim:[66097. 65845. 66668.]
Task is 43.00% complete.
t1_sim:[60477. 60441. 60649.] t2_sim:[64777. 63513. 63021.]
Task is 44.00% complete.
t1_sim:[63305. 60453. 61293.] t2_sim:[60811. 62038. 61804.]
Task is 45.00% complete.
t1_sim:[59846. 60923. 61722.] t2_sim:[62551. 62711. 62570.]
Task is 46.00% complete.
t1_sim:[65384. 66786. 66623.] t2_sim:[68826. 68944. 67985.]
Task is 47.00% complete.
t1_sim:[64594. 65623. 64651.] t2_sim:[59830. 59999. 59873.]
Task is 48.00% complete.
t1_sim:[65357. 65623. 65595.] t2_sim:[58223. 58060. 57255.]
Task is 49.00% complete.
t1_sim:[62105. 60220. 60422.] t2_sim:[66058. 64032. 64693.]
Task is 50.00% complete.
t1_sim:[64416. 63486. 63509.] t2_sim:[58635. 58517. 58888.]
Task is 51.00% complete.
t1_sim:[58519. 59678. 60208.] t2_sim:[66624. 67321. 65875.]
Task is 52.00% complete.
t1_sim:[62225. 61918. 61125.] t2_sim:[61998. 63097. 62714.]
Task is 53.00% complete.
t1_sim:[60189. 60302. 61258.] t2_sim:[61218. 61314. 62220.]
Task is 54.00% complete.
t1_sim:[71850. 71980. 71576.] t2_sim:[62010. 62711. 60389.]
Task is 55.00% complete.
t1_sim:[63865. 64660. 65100.] t2_sim:[62488. 62852. 63740.]
Task is 56.00% complete.
t1_sim:[57694. 58047. 58018.] t2_sim:[56550. 57699. 56688.]
Task is 57.00% complete.
t1_sim:[59790. 61329. 60541.] t2_sim:[62999. 63275. 63973.]
Task is 58.00% complete.
t1_sim:[58830. 58354. 59745.] t2_sim:[61666. 60609. 60960.]
Task is 59.00% complete.
t1_sim:[62398. 63051. 62542.] t2_sim:[64602. 64567. 64612.]
Task is 60.00% complete.
t1_sim:[62169. 62448. 62850.] t2_sim:[66221. 65837. 66701.]
Task is 61.00% complete.
t1_sim:[63319. 62632. 62816.] t2_sim:[58637. 58552. 59183.]
Task is 62.00% complete.
t1_sim:[64772. 62857. 64752.] t2_sim:[59355. 58855. 59454.]
Task is 63.00% complete.
t1_sim:[74086. 73095. 72010.] t2_sim:[65284. 65532. 63897.]
Task is 64.00% complete.
t1_sim:[66563. 69380. 68808.] t2_sim:[60582. 59960. 59454.]
Task is 65.00% complete.
t1_sim:[64336. 64372. 65475.] t2_sim:[60039. 61877. 60365.]
Task is 66.00% complete.
t1_sim:[59916. 59161. 59093.] t2_sim:[60852. 58126. 58369.]
Task is 67.00% complete.
t1_sim:[61583. 62078. 61824.] t2_sim:[60876. 61988. 60014.]
Task is 68.00% complete.
t1_sim:[70125. 69368. 68286.] t2_sim:[73928. 73492. 73898.]
Task is 69.00% complete.
t1_sim:[63722. 65319. 66943.] t2_sim:[61337. 60073. 59153.]
Task is 70.00% complete.
t1_sim:[56209. 56161. 55957.] t2_sim:[57768. 55789. 56662.]
Task is 71.00% complete.
t1_sim:[62419. 62639. 60192.] t2_sim:[62224. 61438. 62572.]
Task is 72.00% complete.
t1_sim:[64730. 63765. 63390.] t2_sim:[62440. 62102. 61822.]
Task is 73.00% complete.
t1_sim:[61793. 58807. 58098.] t2_sim:[62556. 61999. 62753.]
Task is 74.00% complete.
t1_sim:[63273. 64334. 62655.] t2_sim:[61086. 60967. 59797.]
Task is 75.00% complete.
t1_sim:[67086. 67373. 67528.] t2_sim:[63017. 62962. 62085.]
Task is 76.00% complete.
t1_sim:[54301. 53962. 53519.] t2_sim:[65289. 65209. 65962.]
Task is 77.00% complete.
t1_sim:[63176. 64346. 63077.] t2_sim:[57442. 56689. 56123.]
Task is 78.00% complete.
t1_sim:[60726. 61319. 62112.] t2_sim:[60287. 57600. 60509.]
Task is 79.00% complete.
t1_sim:[51707. 51630. 51504.] t2_sim:[61021. 60327. 60779.]
Task is 80.00% complete.
t1_sim:[64014. 61453. 61139.] t2_sim:[58035. 57221. 56947.]
Task is 81.00% complete.
t1_sim:[61511. 61520. 60799.] t2_sim:[62399. 61429. 60289.]
Task is 82.00% complete.
t1_sim:[63350. 63105. 63830.] t2_sim:[57079. 56545. 56502.]
Task is 83.00% complete.
t1_sim:[63905. 64405. 63585.] t2_sim:[57498. 57358. 56096.]
Task is 84.00% complete.
t1_sim:[64614. 63430. 65032.] t2_sim:[62365. 64208. 63776.]
Task is 85.00% complete.
t1_sim:[62915. 62600. 62909.] t2_sim:[65078. 64311. 65240.]
Task is 86.00% complete.
t1_sim:[65497. 65357. 65878.] t2_sim:[66388. 65744. 66880.]
Task is 87.00% complete.
t1_sim:[63022. 64149. 65354.] t2_sim:[61654. 61789. 61241.]
Task is 88.00% complete.
t1_sim:[66136. 66554. 63282.] t2_sim:[65160. 66284. 65816.]
Task is 89.00% complete.
t1_sim:[61193. 61986. 60038.] t2_sim:[63002. 62221. 61991.]
Task is 90.00% complete.
t1_sim:[65134. 64172. 64027.] t2_sim:[59943. 61152. 60957.]
Task is 91.00% complete.
t1_sim:[58228. 57709. 56623.] t2_sim:[59869. 60053. 60523.]
Task is 92.00% complete.
t1_sim:[60762. 60587. 60287.] t2_sim:[51823. 52973. 52625.]
Task is 93.00% complete.
t1_sim:[65607. 64756. 64338.] t2_sim:[64655. 64614. 64942.]
Task is 94.00% complete.
t1_sim:[56091. 57275. 56587.] t2_sim:[70171. 69249. 69357.]
Task is 95.00% complete.
t1_sim:[63078. 63830. 63320.] t2_sim:[61813. 61379. 62884.]
Task is 96.00% complete.
t1_sim:[64568. 65426. 64837.] t2_sim:[67217. 65637. 66285.]
Task is 97.00% complete.
t1_sim:[63915. 64912. 66019.] t2_sim:[59468. 59848. 58289.]
Task is 98.00% complete.
t1_sim:[66679. 65689. 65868.] t2_sim:[59781. 59770. 60023.]
Task is 99.00% complete.
t1_sim:[63441. 63467. 63378.] t2_sim:[56668. 57650. 58034.]
Training start
t1_obs:[array(96570.), array(87768.), array(81576.)] t2_obs:[array(93769.), array(81900.), array(79044.)]
corr_G1:[None, None, 0.8013507172378717] corr_G2:[None, None, 0.3727465726110736]
Training end
Task is 0.00% complete.
t1_sim:[58598. 58037. 58081.] t2_sim:[60382. 61609. 60941.]
Task is 1.00% complete.
t1_sim:[59012. 58171. 57049.] t2_sim:[64633. 61976. 60141.]
Task is 2.00% complete.
t1_sim:[58813. 58374. 57487.] t2_sim:[54579. 54478. 52072.]
Task is 3.00% complete.
t1_sim:[63858. 63165. 64165.] t2_sim:[66221. 66278. 64396.]
Task is 4.00% complete.
t1_sim:[60292. 59451. 60046.] t2_sim:[64831. 63796. 64217.]
Task is 5.00% complete.
t1_sim:[57298. 59021. 57924.] t2_sim:[67203. 66791. 66060.]
Task is 6.00% complete.
t1_sim:[60404. 60442. 60934.] t2_sim:[57886. 61709. 60509.]
Task is 7.00% complete.
t1_sim:[62801. 61107. 62964.] t2_sim:[60586. 58752. 58639.]
Task is 8.00% complete.
t1_sim:[57952. 57190. 57499.] t2_sim:[61246. 63465. 62422.]
Task is 9.00% complete.
t1_sim:[58396. 58662. 58041.] t2_sim:[61223. 62903. 62073.]
Task is 10.00% complete.
t1_sim:[62894. 62432. 61937.] t2_sim:[66657. 66365. 64446.]
Task is 11.00% complete.
t1_sim:[61130. 61834. 60184.] t2_sim:[64736. 66036. 64716.]
Task is 12.00% complete.
t1_sim:[60318. 60626. 59729.] t2_sim:[66570. 64854. 63232.]
Task is 13.00% complete.
t1_sim:[61723. 61969. 60646.] t2_sim:[61538. 62631. 58481.]
Task is 14.00% complete.
t1_sim:[64453. 62750. 61266.] t2_sim:[62692. 63083. 64147.]
Task is 15.00% complete.
t1_sim:[64790. 61859. 63687.] t2_sim:[62932. 62568. 59905.]
Task is 16.00% complete.
t1_sim:[65991. 66998. 68769.] t2_sim:[62793. 62462. 62063.]
Task is 17.00% complete.
t1_sim:[65497. 66090. 65903.] t2_sim:[62457. 62809. 63072.]
Task is 18.00% complete.
t1_sim:[64050. 63580. 63052.] t2_sim:[59355. 59832. 59194.]
Task is 19.00% complete.
t1_sim:[65076. 65074. 63997.] t2_sim:[58856. 59165. 57650.]
Task is 20.00% complete.
t1_sim:[63171. 62627. 62309.] t2_sim:[61707. 61036. 59698.]
Task is 21.00% complete.
t1_sim:[64362. 65058. 63103.] t2_sim:[62233. 62292. 62100.]
Task is 22.00% complete.
t1_sim:[61566. 62337. 61264.] t2_sim:[65027. 64933. 63563.]
Task is 23.00% complete.
t1_sim:[63383. 61918. 63157.] t2_sim:[56398. 57119. 55692.]
Task is 24.00% complete.
t1_sim:[64117. 64204. 63667.] t2_sim:[64494. 65909. 64467.]
Task is 25.00% complete.
t1_sim:[61247. 61787. 60980.] t2_sim:[67068. 66296. 65294.]
Task is 26.00% complete.
t1_sim:[61443. 62008. 61036.] t2_sim:[59665. 59618. 59981.]
Task is 27.00% complete.
t1_sim:[59887. 59883. 58594.] t2_sim:[63429. 61105. 61504.]
Task is 28.00% complete.
t1_sim:[60506. 60664. 61260.] t2_sim:[57153. 56538. 56956.]
Task is 29.00% complete.
t1_sim:[57420. 56331. 56804.] t2_sim:[60763. 61913. 61552.]
Task is 30.00% complete.
t1_sim:[62319. 59936. 61950.] t2_sim:[63131. 61845. 60001.]
Task is 31.00% complete.
t1_sim:[62869. 63220. 61200.] t2_sim:[58120. 57697. 57524.]
Task is 32.00% complete.
t1_sim:[61248. 61557. 60804.] t2_sim:[60691. 61153. 61023.]
Task is 33.00% complete.
t1_sim:[65913. 64670. 63459.] t2_sim:[61134. 59595. 58233.]
Task is 34.00% complete.
t1_sim:[57611. 58135. 57438.] t2_sim:[60758. 59565. 60073.]
Task is 35.00% complete.
t1_sim:[68014. 66352. 64799.] t2_sim:[59975. 59539. 59389.]
Task is 36.00% complete.
t1_sim:[63633. 64252. 63317.] t2_sim:[62897. 63470. 61033.]
Task is 37.00% complete.
t1_sim:[60487. 59455. 59003.] t2_sim:[65212. 64660. 63205.]
Task is 38.00% complete.
t1_sim:[71641. 71230. 70185.] t2_sim:[66507. 67392. 63162.]
Task is 39.00% complete.
t1_sim:[57616. 57222. 56007.] t2_sim:[69136. 67721. 66426.]
Task is 40.00% complete.
t1_sim:[58869. 58039. 59127.] t2_sim:[63251. 64848. 64218.]
Task is 41.00% complete.
t1_sim:[61105. 61607. 60299.] t2_sim:[58272. 58465. 59579.]
Task is 42.00% complete.
t1_sim:[64192. 64920. 63646.] t2_sim:[59103. 59269. 58961.]
Task is 43.00% complete.
t1_sim:[63683. 64950. 62641.] t2_sim:[58417. 59262. 59244.]
Task is 44.00% complete.
t1_sim:[63069. 62708. 60915.] t2_sim:[56145. 55283. 54186.]
Task is 45.00% complete.
t1_sim:[68651. 68096. 66152.] t2_sim:[63027. 63367. 63899.]
Task is 46.00% complete.
t1_sim:[61726. 60767. 58656.] t2_sim:[64402. 65104. 62948.]
Task is 47.00% complete.
t1_sim:[63108. 63109. 63133.] t2_sim:[62069. 61322. 61325.]
Task is 48.00% complete.
t1_sim:[65109. 64192. 65558.] t2_sim:[58277. 58370. 59098.]
Task is 49.00% complete.
t1_sim:[61071. 60936. 58048.] t2_sim:[61925. 61195. 62243.]
Task is 50.00% complete.
t1_sim:[63314. 62653. 64068.] t2_sim:[59769. 57867. 57554.]
Task is 51.00% complete.
t1_sim:[62735. 61549. 64386.] t2_sim:[62646. 62559. 61117.]
Task is 52.00% complete.
t1_sim:[63893. 62652. 60473.] t2_sim:[64978. 64945. 65295.]
Task is 53.00% complete.
t1_sim:[61216. 62375. 61659.] t2_sim:[63911. 63719. 63344.]
Task is 54.00% complete.
t1_sim:[57429. 59493. 57439.] t2_sim:[61754. 62812. 61287.]
Task is 55.00% complete.
t1_sim:[63255. 62824. 63135.] t2_sim:[62564. 61722. 62345.]
Task is 56.00% complete.
t1_sim:[68085. 67328. 65664.] t2_sim:[62913. 63543. 61513.]
Task is 57.00% complete.
t1_sim:[60284. 60899. 59484.] t2_sim:[62651. 62857. 61914.]
Task is 58.00% complete.
t1_sim:[63419. 62947. 64035.] t2_sim:[65552. 65491. 63071.]
Task is 59.00% complete.
t1_sim:[58961. 60682. 59339.] t2_sim:[59655. 59956. 58549.]
Task is 60.00% complete.
t1_sim:[65974. 65304. 65779.] t2_sim:[61315. 61081. 60880.]
Task is 61.00% complete.
t1_sim:[63518. 64839. 63157.] t2_sim:[61354. 62046. 61331.]
Task is 62.00% complete.
t1_sim:[63164. 62407. 64164.] t2_sim:[65490. 63640. 64237.]
Task is 63.00% complete.
t1_sim:[60326. 60747. 59440.] t2_sim:[60818. 62510. 60836.]
Task is 64.00% complete.
t1_sim:[59550. 58927. 59036.] t2_sim:[58065. 58403. 58710.]
Task is 65.00% complete.
t1_sim:[60598. 60268. 58986.] t2_sim:[61152. 63177. 60319.]
Task is 66.00% complete.
t1_sim:[61304. 61751. 59616.] t2_sim:[61317. 61918. 59892.]
Task is 67.00% complete.
t1_sim:[66756. 66605. 64477.] t2_sim:[60886. 61997. 61283.]
Task is 68.00% complete.
t1_sim:[62858. 63316. 63588.] t2_sim:[62327. 63477. 62448.]
Task is 69.00% complete.
t1_sim:[65084. 64588. 64289.] t2_sim:[62199. 62155. 61608.]
Task is 70.00% complete.
t1_sim:[63971. 64096. 64416.] t2_sim:[59804. 60789. 60173.]
Task is 71.00% complete.
t1_sim:[56737. 57511. 55066.] t2_sim:[55127. 55149. 53919.]
Task is 72.00% complete.
t1_sim:[62897. 64383. 60716.] t2_sim:[59942. 59449. 59227.]
Task is 73.00% complete.
t1_sim:[56181. 56685. 58483.] t2_sim:[63237. 64064. 63356.]
Task is 74.00% complete.
t1_sim:[66894. 66300. 67350.] t2_sim:[57323. 58631. 58158.]
Task is 75.00% complete.
t1_sim:[61486. 61290. 60758.] t2_sim:[64145. 63986. 62485.]
Task is 76.00% complete.
t1_sim:[62998. 63113. 62875.] t2_sim:[65166. 66534. 64464.]
Task is 77.00% complete.
t1_sim:[67970. 67042. 67722.] t2_sim:[61378. 61062. 61367.]
Task is 78.00% complete.
t1_sim:[65208. 64683. 64772.] t2_sim:[61586. 59152. 60525.]
Task is 79.00% complete.
t1_sim:[62930. 62937. 63860.] t2_sim:[59983. 62094. 62171.]
Task is 80.00% complete.
t1_sim:[64302. 63343. 62640.] t2_sim:[64480. 63831. 61731.]
Task is 81.00% complete.
t1_sim:[56164. 58284. 58497.] t2_sim:[62225. 61311. 60723.]
Task is 82.00% complete.
t1_sim:[71714. 71660. 71233.] t2_sim:[68929. 67624. 66984.]
Task is 83.00% complete.
t1_sim:[60922. 62110. 61381.] t2_sim:[61679. 62102. 61424.]
Task is 84.00% complete.
t1_sim:[63702. 62407. 62656.] t2_sim:[67277. 67351. 67139.]
Task is 85.00% complete.
t1_sim:[62466. 63244. 64983.] t2_sim:[64691. 64459. 62595.]
Task is 86.00% complete.
t1_sim:[60300. 59619. 59256.] t2_sim:[59479. 59960. 59788.]
Task is 87.00% complete.
t1_sim:[64936. 64756. 65506.] t2_sim:[65266. 66765. 65463.]
Task is 88.00% complete.
t1_sim:[66161. 66827. 64794.] t2_sim:[55535. 57389. 56661.]
Task is 89.00% complete.
t1_sim:[63158. 63049. 61409.] t2_sim:[64157. 65839. 65161.]
Task is 90.00% complete.
t1_sim:[61574. 62013. 63794.] t2_sim:[59393. 60693. 60396.]
Task is 91.00% complete.
t1_sim:[60162. 59756. 58663.] t2_sim:[60600. 61513. 58588.]
Task is 92.00% complete.
t1_sim:[68152. 68052. 65394.] t2_sim:[63839. 65481. 64516.]
Task is 93.00% complete.
t1_sim:[58582. 59383. 59327.] t2_sim:[59796. 60735. 59826.]
Task is 94.00% complete.
t1_sim:[63331. 64069. 63356.] t2_sim:[58346. 60319. 59680.]
Task is 95.00% complete.
t1_sim:[56306. 57610. 57072.] t2_sim:[62109. 62586. 62269.]
Task is 96.00% complete.
t1_sim:[64401. 63931. 64161.] t2_sim:[66996. 66267. 63681.]
Task is 97.00% complete.
t1_sim:[65889. 65311. 65932.] t2_sim:[59405. 56989. 57018.]
Task is 98.00% complete.
t1_sim:[63027. 62881. 63536.] t2_sim:[60732. 61958. 59666.]
Task is 99.00% complete.
t1_sim:[61582. 61243. 59022.] t2_sim:[67155. 68204. 65044.]
Finished
