/scratch/jz4721/Post-prediction-Causal-Inference/venv/lib/python3.8/site-packages/numpy/core/getlimits.py:518: UserWarning: The value of the smallest subnormal for <class 'numpy.float64'> type is zero.
  setattr(self, word, getattr(machar, word).flat[0])
/scratch/jz4721/Post-prediction-Causal-Inference/venv/lib/python3.8/site-packages/numpy/core/getlimits.py:89: UserWarning: The value of the smallest subnormal for <class 'numpy.float64'> type is zero.
  return self._float_to_str(self.smallest_subnormal)
/scratch/jz4721/Post-prediction-Causal-Inference/venv/lib/python3.8/site-packages/numpy/core/getlimits.py:518: UserWarning: The value of the smallest subnormal for <class 'numpy.float32'> type is zero.
  setattr(self, word, getattr(machar, word).flat[0])
/scratch/jz4721/Post-prediction-Causal-Inference/venv/lib/python3.8/site-packages/numpy/core/getlimits.py:89: UserWarning: The value of the smallest subnormal for <class 'numpy.float32'> type is zero.
  return self._float_to_str(self.smallest_subnormal)
Begin
Training start
t1_obs:[array(93109.), array(79243.), array(68488.)] t2_obs:[array(95722.), array(80817.), array(75358.)]
corr_G1:[None, None, 1.190502417862475e-17] corr_G2:[None, None, -1.0690039748358404e-16]
Training end
Task is 0.00% complete.
t1_sim:[64931. 64786. 64819.] t2_sim:[58901. 59678. 59921.]
Task is 1.00% complete.
t1_sim:[63154. 63703. 64135.] t2_sim:[56599. 56410. 59931.]
Task is 2.00% complete.
t1_sim:[65031. 66444. 65875.] t2_sim:[59930. 61604. 62879.]
Task is 3.00% complete.
t1_sim:[56022. 57014. 54326.] t2_sim:[62308. 64211. 63436.]
Task is 4.00% complete.
t1_sim:[61912. 61058. 62242.] t2_sim:[54810. 56076. 56513.]
Task is 5.00% complete.
t1_sim:[62724. 62674. 63063.] t2_sim:[63871. 62735. 59247.]
Task is 6.00% complete.
t1_sim:[63148. 62058. 61918.] t2_sim:[59571. 58260. 59379.]
Task is 7.00% complete.
t1_sim:[63781. 62642. 62018.] t2_sim:[65711. 64171. 65347.]
Task is 8.00% complete.
t1_sim:[63270. 64424. 62900.] t2_sim:[63942. 64322. 62034.]
Task is 9.00% complete.
t1_sim:[74541. 74080. 69370.] t2_sim:[65817. 66619. 65859.]
Task is 10.00% complete.
t1_sim:[62417. 64368. 59839.] t2_sim:[59590. 59749. 59643.]
Task is 11.00% complete.
t1_sim:[65581. 67077. 63924.] t2_sim:[61242. 62084. 59290.]
Task is 12.00% complete.
t1_sim:[59274. 58896. 60504.] t2_sim:[60736. 62077. 58887.]
Task is 13.00% complete.
t1_sim:[69419. 66246. 67270.] t2_sim:[63700. 64070. 63825.]
Task is 14.00% complete.
t1_sim:[66233. 64614. 67072.] t2_sim:[63232. 62664. 62304.]
Task is 15.00% complete.
t1_sim:[64256. 66206. 63247.] t2_sim:[57804. 59644. 55541.]
Task is 16.00% complete.
t1_sim:[61451. 62922. 60926.] t2_sim:[66298. 67261. 63551.]
Task is 17.00% complete.
t1_sim:[59453. 59441. 59051.] t2_sim:[64930. 65736. 64300.]
Task is 18.00% complete.
t1_sim:[61403. 61176. 59319.] t2_sim:[61915. 60203. 60103.]
Task is 19.00% complete.
t1_sim:[64616. 65859. 64526.] t2_sim:[59383. 60258. 58667.]
Task is 20.00% complete.
t1_sim:[56661. 55386. 56009.] t2_sim:[66049. 66056. 64249.]
Task is 21.00% complete.
t1_sim:[61174. 62177. 61076.] t2_sim:[58469. 58819. 59310.]
Task is 22.00% complete.
t1_sim:[65526. 66892. 64152.] t2_sim:[61942. 63508. 66886.]
Task is 23.00% complete.
t1_sim:[66182. 66072. 65970.] t2_sim:[61186. 59490. 60036.]
Task is 24.00% complete.
t1_sim:[66279. 67590. 65893.] t2_sim:[56798. 59322. 60022.]
Task is 25.00% complete.
t1_sim:[67413. 66835. 65306.] t2_sim:[64693. 65026. 61026.]
Task is 26.00% complete.
t1_sim:[66353. 66283. 65922.] t2_sim:[64824. 64164. 66019.]
Task is 27.00% complete.
t1_sim:[60875. 60139. 60580.] t2_sim:[67726. 67528. 67574.]
Task is 28.00% complete.
t1_sim:[62121. 62490. 60301.] t2_sim:[62542. 61096. 61806.]
Task is 29.00% complete.
t1_sim:[58802. 58299. 57703.] t2_sim:[62058. 61679. 60849.]
Task is 30.00% complete.
t1_sim:[61522. 61880. 60285.] t2_sim:[62946. 64750. 60524.]
Task is 31.00% complete.
t1_sim:[64057. 62071. 63494.] t2_sim:[59860. 58976. 60064.]
Task is 32.00% complete.
t1_sim:[59374. 59046. 64162.] t2_sim:[56951. 58864. 56837.]
Task is 33.00% complete.
t1_sim:[64729. 64310. 65077.] t2_sim:[66284. 65384. 63517.]
Task is 34.00% complete.
t1_sim:[63805. 62899. 61360.] t2_sim:[60174. 59905. 60928.]
Task is 35.00% complete.
t1_sim:[59979. 58560. 59571.] t2_sim:[64701. 63146. 61619.]
Task is 36.00% complete.
t1_sim:[66740. 68170. 65438.] t2_sim:[63994. 63990. 64271.]
Task is 37.00% complete.
t1_sim:[61340. 62789. 64225.] t2_sim:[54088. 53847. 55254.]
Task is 38.00% complete.
t1_sim:[61310. 60447. 64664.] t2_sim:[61616. 59380. 58677.]
Task is 39.00% complete.
t1_sim:[61346. 62815. 63655.] t2_sim:[63812. 63532. 62216.]
Task is 40.00% complete.
t1_sim:[66697. 66512. 67148.] t2_sim:[56098. 57424. 57144.]
Task is 41.00% complete.
t1_sim:[63273. 63591. 61197.] t2_sim:[60969. 59620. 58212.]
Task is 42.00% complete.
t1_sim:[61980. 63252. 61590.] t2_sim:[62460. 63008. 66432.]
Task is 43.00% complete.
t1_sim:[58260. 60280. 60453.] t2_sim:[59908. 57081. 62353.]
Task is 44.00% complete.
t1_sim:[67415. 66911. 68575.] t2_sim:[63621. 63707. 62547.]
Task is 45.00% complete.
t1_sim:[59961. 59802. 62049.] t2_sim:[59441. 59229. 61920.]
Task is 46.00% complete.
t1_sim:[60566. 62071. 60177.] t2_sim:[64839. 65000. 62697.]
Task is 47.00% complete.
t1_sim:[63289. 63403. 66316.] t2_sim:[66316. 66740. 64957.]
Task is 48.00% complete.
t1_sim:[60109. 59269. 61491.] t2_sim:[61403. 61564. 64526.]
Task is 49.00% complete.
t1_sim:[64674. 63980. 66242.] t2_sim:[64041. 64632. 62968.]
Task is 50.00% complete.
t1_sim:[66028. 65404. 65572.] t2_sim:[64633. 63930. 62398.]
Task is 51.00% complete.
t1_sim:[60206. 59788. 62890.] t2_sim:[64770. 64942. 66647.]
Task is 52.00% complete.
t1_sim:[60355. 61980. 61975.] t2_sim:[61202. 61412. 61230.]
Task is 53.00% complete.
t1_sim:[64004. 62001. 59939.] t2_sim:[65343. 64114. 64459.]
Task is 54.00% complete.
t1_sim:[58359. 58702. 58938.] t2_sim:[62565. 62445. 63081.]
Task is 55.00% complete.
t1_sim:[68112. 64651. 63018.] t2_sim:[66276. 65738. 66930.]
Task is 56.00% complete.
t1_sim:[66237. 63854. 68252.] t2_sim:[64730. 63114. 63735.]
Task is 57.00% complete.
t1_sim:[62920. 64806. 64922.] t2_sim:[62985. 63209. 64366.]
Task is 58.00% complete.
t1_sim:[55658. 55921. 54726.] t2_sim:[66907. 65206. 65175.]
Task is 59.00% complete.
t1_sim:[63885. 63382. 62643.] t2_sim:[63667. 64438. 60746.]
Task is 60.00% complete.
t1_sim:[62961. 62675. 62237.] t2_sim:[57782. 56053. 59935.]
Task is 61.00% complete.
t1_sim:[64790. 64517. 63520.] t2_sim:[66180. 64420. 66976.]
Task is 62.00% complete.
t1_sim:[63536. 63087. 61291.] t2_sim:[56420. 57287. 57640.]
Task is 63.00% complete.
t1_sim:[59659. 60435. 57193.] t2_sim:[62813. 65706. 65863.]
Task is 64.00% complete.
t1_sim:[62611. 62095. 59121.] t2_sim:[56535. 56483. 59099.]
Task is 65.00% complete.
t1_sim:[58527. 61747. 60431.] t2_sim:[59833. 59416. 60321.]
Task is 66.00% complete.
t1_sim:[66069. 64120. 66505.] t2_sim:[61247. 60742. 61641.]
Task is 67.00% complete.
t1_sim:[65124. 65912. 65360.] t2_sim:[61049. 58066. 59990.]
Task is 68.00% complete.
t1_sim:[63646. 65037. 65564.] t2_sim:[59624. 59131. 60883.]
Task is 69.00% complete.
t1_sim:[69439. 69928. 69297.] t2_sim:[66267. 65708. 64244.]
Task is 70.00% complete.
t1_sim:[58232. 57615. 58458.] t2_sim:[68017. 68954. 67016.]
Task is 71.00% complete.
t1_sim:[59039. 59378. 59664.] t2_sim:[61124. 60348. 63554.]
Task is 72.00% complete.
t1_sim:[67701. 68534. 67459.] t2_sim:[58228. 60510. 61326.]
Task is 73.00% complete.
t1_sim:[64362. 63713. 64490.] t2_sim:[60062. 59734. 59932.]
Task is 74.00% complete.
t1_sim:[58461. 58939. 58616.] t2_sim:[63308. 62170. 61268.]
Task is 75.00% complete.
t1_sim:[58314. 57989. 57814.] t2_sim:[66742. 68359. 69251.]
Task is 76.00% complete.
t1_sim:[58287. 58200. 59022.] t2_sim:[58608. 56326. 56169.]
Task is 77.00% complete.
t1_sim:[66153. 67648. 64078.] t2_sim:[62368. 62938. 62478.]
Task is 78.00% complete.
t1_sim:[64032. 63963. 64380.] t2_sim:[62842. 64225. 64380.]
Task is 79.00% complete.
t1_sim:[60463. 57941. 60073.] t2_sim:[65864. 65709. 67702.]
Task is 80.00% complete.
t1_sim:[65937. 69398. 68047.] t2_sim:[64448. 62429. 64649.]
Task is 81.00% complete.
t1_sim:[56436. 57147. 60636.] t2_sim:[62978. 61109. 61135.]
Task is 82.00% complete.
t1_sim:[68154. 66869. 69890.] t2_sim:[70119. 72707. 72496.]
Task is 83.00% complete.
t1_sim:[59713. 60948. 59106.] t2_sim:[58666. 59684. 57746.]
Task is 84.00% complete.
t1_sim:[61146. 61926. 60090.] t2_sim:[63197. 63200. 64848.]
Task is 85.00% complete.
t1_sim:[65543. 66246. 65110.] t2_sim:[59686. 57308. 60926.]
Task is 86.00% complete.
t1_sim:[62462. 62795. 62675.] t2_sim:[66855. 66835. 67482.]
Task is 87.00% complete.
t1_sim:[64940. 64435. 65740.] t2_sim:[64033. 64768. 65553.]
Task is 88.00% complete.
t1_sim:[65511. 64524. 65518.] t2_sim:[62197. 63433. 61903.]
Task is 89.00% complete.
t1_sim:[54921. 55503. 58748.] t2_sim:[62005. 63172. 61359.]
Task is 90.00% complete.
t1_sim:[60369. 60597. 62542.] t2_sim:[55425. 56810. 57964.]
Task is 91.00% complete.
t1_sim:[62315. 61504. 61245.] t2_sim:[62920. 62574. 61798.]
Task is 92.00% complete.
t1_sim:[62302. 64114. 63659.] t2_sim:[58090. 58345. 58510.]
Task is 93.00% complete.
t1_sim:[65745. 64241. 61473.] t2_sim:[66699. 67167. 68763.]
Task is 94.00% complete.
t1_sim:[67006. 67025. 66559.] t2_sim:[61585. 61952. 61743.]
Task is 95.00% complete.
t1_sim:[59069. 60400. 59091.] t2_sim:[56390. 54031. 57175.]
Task is 96.00% complete.
t1_sim:[63940. 65054. 67394.] t2_sim:[60108. 60820. 58154.]
Task is 97.00% complete.
t1_sim:[53021. 54298. 54505.] t2_sim:[63980. 64615. 63922.]
Task is 98.00% complete.
t1_sim:[63889. 62952. 65253.] t2_sim:[66637. 65040. 64875.]
Task is 99.00% complete.
t1_sim:[63890. 64792. 65481.] t2_sim:[61050. 62563. 58979.]
Training start
t1_obs:[array(93109.), array(79243.), array(73449.)] t2_obs:[array(95722.), array(80817.), array(77745.)]
corr_G1:[None, None, 0.8671287480684144] corr_G2:[None, None, 0.939462713248185]
Training end
Task is 0.00% complete.
t1_sim:[61099. 60848. 61106.] t2_sim:[61762. 63228. 62945.]
Task is 1.00% complete.
t1_sim:[64662. 65458. 67662.] t2_sim:[59885. 61883. 63046.]
Task is 2.00% complete.
t1_sim:[62966. 61835. 62102.] t2_sim:[60600. 62749. 63207.]
Task is 3.00% complete.
t1_sim:[60902. 61034. 61278.] t2_sim:[67679. 68606. 66677.]
Task is 4.00% complete.
t1_sim:[64599. 65954. 64589.] t2_sim:[61019. 62783. 61587.]
Task is 5.00% complete.
t1_sim:[58187. 60298. 62088.] t2_sim:[63588. 63679. 63262.]
Task is 6.00% complete.
t1_sim:[63414. 61561. 60647.] t2_sim:[64256. 62426. 63686.]
Task is 7.00% complete.
t1_sim:[58340. 57717. 56451.] t2_sim:[60252. 60242. 61792.]
Task is 8.00% complete.
t1_sim:[68985. 67938. 68218.] t2_sim:[68287. 68695. 67717.]
Task is 9.00% complete.
t1_sim:[67053. 66476. 66929.] t2_sim:[58732. 59080. 59504.]
Task is 10.00% complete.
t1_sim:[58757. 59285. 60212.] t2_sim:[64660. 65129. 65538.]
Task is 11.00% complete.
t1_sim:[62156. 60945. 59348.] t2_sim:[60557. 63250. 62479.]
Task is 12.00% complete.
t1_sim:[65031. 64069. 63367.] t2_sim:[64233. 65194. 63545.]
Task is 13.00% complete.
t1_sim:[64247. 63449. 63875.] t2_sim:[64123. 63452. 62895.]
Task is 14.00% complete.
t1_sim:[58387. 57517. 57781.] t2_sim:[62542. 64711. 65254.]
Task is 15.00% complete.
t1_sim:[63403. 62752. 61786.] t2_sim:[63205. 62433. 63433.]
Task is 16.00% complete.
t1_sim:[59950. 59836. 57981.] t2_sim:[64613. 64046. 62754.]
Task is 17.00% complete.
t1_sim:[61145. 62538. 60698.] t2_sim:[63882. 64311. 64592.]
Task is 18.00% complete.
t1_sim:[66057. 65917. 64491.] t2_sim:[64683. 64587. 64775.]
Task is 19.00% complete.
t1_sim:[61490. 61907. 62230.] t2_sim:[58535. 60293. 61614.]
Task is 20.00% complete.
t1_sim:[61223. 63507. 64329.] t2_sim:[60409. 60438. 61488.]
Task is 21.00% complete.
t1_sim:[59431. 58923. 59535.] t2_sim:[64820. 65829. 66271.]
Task is 22.00% complete.
t1_sim:[61262. 59725. 60399.] t2_sim:[54251. 53361. 55229.]
Task is 23.00% complete.
t1_sim:[65093. 66225. 66768.] t2_sim:[67750. 66202. 67230.]
Task is 24.00% complete.
t1_sim:[66211. 65531. 64399.] t2_sim:[64396. 65639. 63815.]
Task is 25.00% complete.
t1_sim:[57402. 57129. 55727.] t2_sim:[64383. 64111. 65258.]
Task is 26.00% complete.
t1_sim:[61013. 61034. 61544.] t2_sim:[60024. 59139. 61438.]
Task is 27.00% complete.
t1_sim:[60783. 60972. 61902.] t2_sim:[63848. 63139. 62775.]
Task is 28.00% complete.
t1_sim:[61776. 61360. 61959.] t2_sim:[64313. 65602. 64439.]
Task is 29.00% complete.
t1_sim:[70080. 70758. 71609.] t2_sim:[58060. 59936. 59746.]
Task is 30.00% complete.
t1_sim:[69203. 70913. 70829.] t2_sim:[65095. 67366. 67948.]
Task is 31.00% complete.
t1_sim:[55726. 57112. 57720.] t2_sim:[64664. 62647. 65331.]
Task is 32.00% complete.
t1_sim:[58907. 59549. 60970.] t2_sim:[58382. 58805. 58642.]
Task is 33.00% complete.
t1_sim:[63048. 61840. 62589.] t2_sim:[69054. 68134. 68453.]
Task is 34.00% complete.
t1_sim:[56508. 57638. 57834.] t2_sim:[61322. 60474. 61766.]
Task is 35.00% complete.
t1_sim:[61040. 60535. 61051.] t2_sim:[59705. 60259. 60552.]
Task is 36.00% complete.
t1_sim:[62756. 62675. 63641.] t2_sim:[70018. 69221. 69782.]
Task is 37.00% complete.
t1_sim:[60948. 59271. 59557.] t2_sim:[61701. 61425. 60219.]
Task is 38.00% complete.
t1_sim:[62427. 63030. 62366.] t2_sim:[59358. 59646. 60156.]
Task is 39.00% complete.
t1_sim:[64165. 62941. 63061.] t2_sim:[59638. 61472. 62225.]
Task is 40.00% complete.
t1_sim:[62612. 61740. 60594.] t2_sim:[59924. 59573. 56949.]
Task is 41.00% complete.
t1_sim:[63967. 63202. 61083.] t2_sim:[60545. 62826. 63848.]
Task is 42.00% complete.
t1_sim:[61186. 61241. 59752.] t2_sim:[63765. 63634. 62699.]
Task is 43.00% complete.
t1_sim:[62410. 60769. 61582.] t2_sim:[61470. 61133. 60010.]
Task is 44.00% complete.
t1_sim:[59360. 60987. 63773.] t2_sim:[61401. 58636. 59315.]
Task is 45.00% complete.
t1_sim:[61126. 62697. 61248.] t2_sim:[65883. 64929. 65018.]
Task is 46.00% complete.
t1_sim:[68206. 69130. 68500.] t2_sim:[57900. 58048. 57557.]
Task is 47.00% complete.
t1_sim:[63254. 62787. 62580.] t2_sim:[66091. 65058. 65025.]
Task is 48.00% complete.
t1_sim:[66723. 67877. 67228.] t2_sim:[63836. 63677. 64262.]
Task is 49.00% complete.
t1_sim:[68065. 66989. 66952.] t2_sim:[64477. 63957. 62436.]
Task is 50.00% complete.
t1_sim:[63193. 62527. 63645.] t2_sim:[57903. 58673. 58426.]
Task is 51.00% complete.
t1_sim:[63307. 64412. 65040.] t2_sim:[61364. 60284. 59977.]
Task is 52.00% complete.
t1_sim:[57759. 57600. 57470.] t2_sim:[64333. 64000. 63063.]
Task is 53.00% complete.
t1_sim:[62392. 62504. 63405.] t2_sim:[64066. 64357. 63437.]
Task is 54.00% complete.
t1_sim:[64661. 64638. 63680.] t2_sim:[58664. 59184. 58503.]
Task is 55.00% complete.
t1_sim:[59298. 59067. 59378.] t2_sim:[60005. 59519. 59070.]
Task is 56.00% complete.
t1_sim:[59981. 60083. 60986.] t2_sim:[64413. 63948. 64738.]
Task is 57.00% complete.
t1_sim:[63136. 61593. 62058.] t2_sim:[62257. 63264. 63981.]
Task is 58.00% complete.
t1_sim:[58634. 57457. 57939.] t2_sim:[67118. 67337. 66228.]
Task is 59.00% complete.
t1_sim:[58161. 59310. 58463.] t2_sim:[60738. 60446. 60738.]
Task is 60.00% complete.
t1_sim:[60007. 59379. 60775.] t2_sim:[63778. 64449. 61902.]
Task is 61.00% complete.
t1_sim:[64706. 64063. 63060.] t2_sim:[63733. 65344. 64042.]
Task is 62.00% complete.
t1_sim:[59516. 59638. 62139.] t2_sim:[64598. 66964. 66295.]
Task is 63.00% complete.
t1_sim:[60990. 60806. 59105.] t2_sim:[60420. 63160. 62219.]
Task is 64.00% complete.
t1_sim:[62046. 63479. 61882.] t2_sim:[63353. 64604. 63515.]
Task is 65.00% complete.
t1_sim:[63546. 63304. 63191.] t2_sim:[60713. 60367. 60616.]
Task is 66.00% complete.
t1_sim:[58815. 58312. 59270.] t2_sim:[64612. 65079. 63804.]
Task is 67.00% complete.
t1_sim:[59036. 58812. 60047.] t2_sim:[61539. 62630. 62761.]
Task is 68.00% complete.
t1_sim:[61512. 60888. 61084.] t2_sim:[65199. 65777. 64345.]
Task is 69.00% complete.
t1_sim:[58002. 58692. 58127.] t2_sim:[58252. 58547. 58342.]
Task is 70.00% complete.
t1_sim:[64814. 65506. 65090.] t2_sim:[59809. 58052. 58107.]
Task is 71.00% complete.
t1_sim:[60877. 62250. 63777.] t2_sim:[63740. 63669. 64353.]
Task is 72.00% complete.
t1_sim:[61021. 59731. 60125.] t2_sim:[60998. 60788. 61360.]
Task is 73.00% complete.
t1_sim:[58275. 56183. 57961.] t2_sim:[60502. 63109. 63378.]
Task is 74.00% complete.
t1_sim:[58629. 60669. 61889.] t2_sim:[62289. 61818. 63542.]
Task is 75.00% complete.
t1_sim:[62745. 63754. 62788.] t2_sim:[63144. 62435. 63484.]
Task is 76.00% complete.
t1_sim:[59651. 57514. 59329.] t2_sim:[65861. 65236. 65911.]
Task is 77.00% complete.
t1_sim:[63304. 62030. 61172.] t2_sim:[63387. 61118. 61213.]
Task is 78.00% complete.
t1_sim:[62726. 62763. 61041.] t2_sim:[64238. 62838. 61941.]
Task is 79.00% complete.
t1_sim:[66454. 64786. 66850.] t2_sim:[60936. 60553. 61720.]
Task is 80.00% complete.
t1_sim:[60645. 62238. 61102.] t2_sim:[64646. 62572. 63574.]
Task is 81.00% complete.
t1_sim:[63119. 62088. 62422.] t2_sim:[62650. 62791. 62196.]
Task is 82.00% complete.
t1_sim:[61713. 62556. 61539.] t2_sim:[68609. 68966. 68486.]
Task is 83.00% complete.
t1_sim:[57222. 57813. 59659.] t2_sim:[67725. 67510. 67416.]
Task is 84.00% complete.
t1_sim:[66879. 67006. 66755.] t2_sim:[62484. 61970. 61692.]
Task is 85.00% complete.
t1_sim:[56757. 56289. 57243.] t2_sim:[61438. 62136. 61555.]
Task is 86.00% complete.
t1_sim:[60716. 60301. 61582.] t2_sim:[68823. 69110. 69583.]
Task is 87.00% complete.
t1_sim:[64448. 64491. 65655.] t2_sim:[62354. 62832. 63105.]
Task is 88.00% complete.
t1_sim:[60624. 60016. 61256.] t2_sim:[63084. 64327. 66239.]
Task is 89.00% complete.
t1_sim:[55675. 55713. 55916.] t2_sim:[63448. 64615. 64416.]
Task is 90.00% complete.
t1_sim:[58163. 56367. 54493.] t2_sim:[66747. 66839. 66434.]
Task is 91.00% complete.
t1_sim:[64440. 63561. 60209.] t2_sim:[61427. 59841. 59937.]
Task is 92.00% complete.
t1_sim:[67114. 68763. 67578.] t2_sim:[63048. 65542. 66851.]
Task is 93.00% complete.
t1_sim:[62876. 64126. 62874.] t2_sim:[64538. 64864. 64029.]
Task is 94.00% complete.
t1_sim:[63960. 66072. 67523.] t2_sim:[65005. 64002. 64802.]
Task is 95.00% complete.
t1_sim:[64379. 64321. 64452.] t2_sim:[59956. 60357. 61245.]
Task is 96.00% complete.
t1_sim:[66725. 68243. 66286.] t2_sim:[68704. 66206. 65206.]
Task is 97.00% complete.
t1_sim:[61341. 61262. 60480.] t2_sim:[69204. 67507. 67220.]
Task is 98.00% complete.
t1_sim:[66021. 65521. 64857.] t2_sim:[58788. 58206. 59171.]
Task is 99.00% complete.
t1_sim:[63975. 62749. 62285.] t2_sim:[61274. 59428. 58910.]
Training start
t1_obs:[array(93109.), array(79243.), array(69210.)] t2_obs:[array(95722.), array(80817.), array(74478.)]
corr_G1:[None, None, 0.5506366645048678] corr_G2:[None, None, 0.15718338088403747]
Training end
Task is 0.00% complete.
t1_sim:[65690. 67281. 62768.] t2_sim:[61678. 62152. 57217.]
Task is 1.00% complete.
t1_sim:[60300. 61025. 58244.] t2_sim:[61721. 60938. 53773.]
Task is 2.00% complete.
t1_sim:[58592. 57821. 54086.] t2_sim:[61997. 60705. 56289.]
Task is 3.00% complete.
t1_sim:[55381. 53042. 51840.] t2_sim:[64361. 63914. 59713.]
Task is 4.00% complete.
t1_sim:[62122. 62807. 60339.] t2_sim:[64989. 63198. 59331.]
Task is 5.00% complete.
t1_sim:[58399. 58869. 56683.] t2_sim:[59696. 61457. 55437.]
Task is 6.00% complete.
t1_sim:[59225. 61203. 58229.] t2_sim:[63996. 62996. 58185.]
Task is 7.00% complete.
t1_sim:[64799. 64632. 61272.] t2_sim:[60235. 60620. 54658.]
Task is 8.00% complete.
t1_sim:[65242. 64657. 61383.] t2_sim:[62292. 62128. 56544.]
Task is 9.00% complete.
t1_sim:[63941. 63683. 60210.] t2_sim:[62014. 62532. 58177.]
Task is 10.00% complete.
t1_sim:[59451. 60319. 57368.] t2_sim:[60265. 58622. 55758.]
Task is 11.00% complete.
t1_sim:[58507. 58083. 54841.] t2_sim:[69771. 67856. 64378.]
Task is 12.00% complete.
t1_sim:[66603. 66024. 62537.] t2_sim:[60934. 63665. 57151.]
Task is 13.00% complete.
t1_sim:[61992. 62683. 59495.] t2_sim:[58691. 60489. 53825.]
Task is 14.00% complete.
t1_sim:[60270. 60355. 56888.] t2_sim:[63168. 63212. 57849.]
Task is 15.00% complete.
t1_sim:[60127. 61220. 59163.] t2_sim:[61750. 61804. 56873.]
Task is 16.00% complete.
t1_sim:[57896. 58456. 57317.] t2_sim:[61681. 63112. 57193.]
Task is 17.00% complete.
t1_sim:[63950. 63509. 58986.] t2_sim:[61496. 61422. 55982.]
Task is 18.00% complete.
t1_sim:[57989. 59659. 57689.] t2_sim:[62670. 62366. 56845.]
Task is 19.00% complete.
t1_sim:[59892. 59781. 55154.] t2_sim:[60106. 59008. 53406.]
Task is 20.00% complete.
t1_sim:[61804. 60975. 58483.] t2_sim:[62788. 62868. 58410.]
Task is 21.00% complete.
t1_sim:[61696. 62854. 60222.] t2_sim:[60614. 61061. 54792.]
Task is 22.00% complete.
t1_sim:[65852. 66458. 61519.] t2_sim:[63696. 62822. 60198.]
Task is 23.00% complete.
t1_sim:[61161. 61786. 57233.] t2_sim:[59176. 58913. 53395.]
Task is 24.00% complete.
t1_sim:[57348. 57394. 54632.] t2_sim:[61730. 61927. 56968.]
Task is 25.00% complete.
t1_sim:[64788. 64282. 62625.] t2_sim:[60339. 60913. 55109.]
Task is 26.00% complete.
t1_sim:[66007. 67374. 65373.] t2_sim:[66235. 67318. 59674.]
Task is 27.00% complete.
t1_sim:[64258. 63494. 60208.] t2_sim:[59205. 60142. 55268.]
Task is 28.00% complete.
t1_sim:[60071. 62349. 59550.] t2_sim:[69381. 69795. 63472.]
Task is 29.00% complete.
t1_sim:[66330. 69507. 64810.] t2_sim:[58763. 57481. 52150.]
Task is 30.00% complete.
t1_sim:[60914. 62567. 59479.] t2_sim:[64593. 63736. 57235.]
Task is 31.00% complete.
t1_sim:[65605. 66625. 62754.] t2_sim:[62419. 64617. 58823.]
Task is 32.00% complete.
t1_sim:[60595. 60142. 57302.] t2_sim:[67287. 64486. 59918.]
Task is 33.00% complete.
t1_sim:[58740. 58983. 54616.] t2_sim:[61705. 62114. 57843.]
Task is 34.00% complete.
t1_sim:[63075. 64163. 60550.] t2_sim:[62915. 63562. 59022.]
Task is 35.00% complete.
t1_sim:[67508. 67493. 65014.] t2_sim:[59503. 60186. 54756.]
Task is 36.00% complete.
t1_sim:[62696. 61625. 59527.] t2_sim:[61430. 61607. 56073.]
Task is 37.00% complete.
t1_sim:[65254. 65356. 62197.] t2_sim:[59146. 58313. 53530.]
Task is 38.00% complete.
t1_sim:[63125. 63077. 60053.] t2_sim:[59848. 57998. 53519.]
Task is 39.00% complete.
t1_sim:[65804. 63501. 59396.] t2_sim:[61901. 59690. 56161.]
Task is 40.00% complete.
t1_sim:[59927. 59141. 55701.] t2_sim:[64475. 62077. 58370.]
Task is 41.00% complete.
t1_sim:[67063. 69614. 66913.] t2_sim:[63038. 61509. 55511.]
Task is 42.00% complete.
t1_sim:[59769. 59916. 54843.] t2_sim:[64454. 62865. 57642.]
Task is 43.00% complete.
t1_sim:[64466. 63447. 60191.] t2_sim:[64262. 63220. 58274.]
Task is 44.00% complete.
t1_sim:[57469. 58071. 55373.] t2_sim:[61918. 61949. 56870.]
Task is 45.00% complete.
t1_sim:[56075. 56073. 52695.] t2_sim:[62307. 63394. 58585.]
Task is 46.00% complete.
t1_sim:[65597. 65621. 61888.] t2_sim:[59840. 60704. 55175.]
Task is 47.00% complete.
t1_sim:[62100. 64297. 61025.] t2_sim:[66836. 65676. 61377.]
Task is 48.00% complete.
t1_sim:[61433. 63417. 60686.] t2_sim:[62085. 64738. 58091.]
Task is 49.00% complete.
t1_sim:[59599. 60552. 59771.] t2_sim:[63562. 63444. 57846.]
Task is 50.00% complete.
t1_sim:[62343. 61409. 58315.] t2_sim:[64457. 65911. 62502.]
Task is 51.00% complete.
t1_sim:[59558. 61393. 57877.] t2_sim:[59109. 57579. 52369.]
Task is 52.00% complete.
t1_sim:[65237. 66256. 62559.] t2_sim:[65723. 65271. 59989.]
Task is 53.00% complete.
t1_sim:[62780. 61615. 59424.] t2_sim:[61843. 63736. 58528.]
Task is 54.00% complete.
t1_sim:[64620. 63193. 63610.] t2_sim:[59236. 60936. 54918.]
Task is 55.00% complete.
t1_sim:[66021. 66912. 63270.] t2_sim:[62779. 63715. 59239.]
Task is 56.00% complete.
t1_sim:[64727. 64744. 59053.] t2_sim:[64370. 62789. 60030.]
Task is 57.00% complete.
t1_sim:[62903. 62292. 58998.] t2_sim:[62926. 64962. 59542.]
Task is 58.00% complete.
t1_sim:[65621. 65997. 62677.] t2_sim:[67231. 68095. 61488.]
Task is 59.00% complete.
t1_sim:[62748. 62353. 59220.] t2_sim:[62865. 63131. 58699.]
Task is 60.00% complete.
t1_sim:[65969. 64949. 59998.] t2_sim:[59119. 59479. 55177.]
Task is 61.00% complete.
t1_sim:[67999. 68699. 65450.] t2_sim:[59759. 60903. 57214.]
Task is 62.00% complete.
t1_sim:[63924. 65874. 63222.] t2_sim:[67837. 66105. 61399.]
Task is 63.00% complete.
t1_sim:[61195. 61532. 59978.] t2_sim:[65137. 64824. 59711.]
Task is 64.00% complete.
t1_sim:[62126. 60295. 56280.] t2_sim:[62441. 63783. 58358.]
Task is 65.00% complete.
t1_sim:[61934. 61988. 56788.] t2_sim:[58073. 56550. 52435.]
Task is 66.00% complete.
t1_sim:[63532. 62794. 60729.] t2_sim:[63276. 62387. 58452.]
Task is 67.00% complete.
t1_sim:[61995. 62419. 61185.] t2_sim:[60662. 61785. 56453.]
Task is 68.00% complete.
t1_sim:[64230. 64797. 63353.] t2_sim:[57054. 55688. 50637.]
Task is 69.00% complete.
t1_sim:[67053. 67307. 62174.] t2_sim:[59708. 60875. 55171.]
Task is 70.00% complete.
t1_sim:[60675. 63429. 59927.] t2_sim:[62878. 62998. 56318.]
Task is 71.00% complete.
t1_sim:[69520. 67246. 64550.] t2_sim:[60836. 60307. 56853.]
Task is 72.00% complete.
t1_sim:[63811. 63724. 62090.] t2_sim:[60877. 61707. 55032.]
Task is 73.00% complete.
t1_sim:[61532. 61040. 58493.] t2_sim:[61272. 60654. 56543.]
Task is 74.00% complete.
t1_sim:[63840. 64620. 62185.] t2_sim:[62839. 62345. 58256.]
Task is 75.00% complete.
t1_sim:[66007. 65329. 62530.] t2_sim:[56703. 55441. 50403.]
Task is 76.00% complete.
t1_sim:[61727. 61298. 58551.] t2_sim:[57754. 58397. 51945.]
Task is 77.00% complete.
t1_sim:[61930. 61105. 59209.] t2_sim:[60663. 62142. 57934.]
Task is 78.00% complete.
t1_sim:[67496. 68299. 64861.] t2_sim:[62402. 61674. 57124.]
Task is 79.00% complete.
t1_sim:[58972. 59354. 56285.] t2_sim:[64307. 62925. 57517.]
Task is 80.00% complete.
t1_sim:[63902. 65158. 61943.] t2_sim:[64528. 65413. 59552.]
Task is 81.00% complete.
t1_sim:[63116. 63166. 59483.] t2_sim:[58714. 59452. 54018.]
Task is 82.00% complete.
t1_sim:[61298. 62005. 59482.] t2_sim:[65536. 63856. 59205.]
Task is 83.00% complete.
t1_sim:[63494. 64173. 59603.] t2_sim:[65657. 67244. 61746.]
Task is 84.00% complete.
t1_sim:[64464. 63351. 60649.] t2_sim:[62401. 62556. 56951.]
Task is 85.00% complete.
t1_sim:[62759. 63539. 59483.] t2_sim:[63064. 64211. 57320.]
Task is 86.00% complete.
t1_sim:[57680. 59065. 56616.] t2_sim:[66654. 66632. 60036.]
Task is 87.00% complete.
t1_sim:[68368. 66585. 62203.] t2_sim:[64091. 63463. 57985.]
Task is 88.00% complete.
t1_sim:[68630. 67928. 63344.] t2_sim:[60351. 59790. 54281.]
Task is 89.00% complete.
t1_sim:[64274. 64517. 61677.] t2_sim:[65585. 65099. 60408.]
Task is 90.00% complete.
t1_sim:[69342. 70030. 67097.] t2_sim:[62206. 61234. 58074.]
Task is 91.00% complete.
t1_sim:[64406. 63306. 58831.] t2_sim:[70076. 69046. 65383.]
Task is 92.00% complete.
t1_sim:[62801. 62721. 59405.] t2_sim:[68191. 68584. 64780.]
Task is 93.00% complete.
t1_sim:[61246. 61150. 58621.] t2_sim:[55792. 56378. 52478.]
Task is 94.00% complete.
t1_sim:[60487. 59756. 55881.] t2_sim:[61838. 61700. 56843.]
Task is 95.00% complete.
t1_sim:[64566. 61912. 59951.] t2_sim:[61002. 62026. 57985.]
Task is 96.00% complete.
t1_sim:[64520. 64445. 62056.] t2_sim:[66511. 67063. 60324.]
Task is 97.00% complete.
t1_sim:[62477. 61775. 58024.] t2_sim:[63497. 65053. 59998.]
Task is 98.00% complete.
t1_sim:[57743. 59553. 57044.] t2_sim:[58938. 55844. 52959.]
Task is 99.00% complete.
t1_sim:[63443. 64364. 60617.] t2_sim:[70172. 70962. 63168.]
Finished
