/scratch/jz4721/Post-prediction-Causal-Inference/venv/lib/python3.8/site-packages/numpy/core/getlimits.py:518: UserWarning: The value of the smallest subnormal for <class 'numpy.float64'> type is zero.
  setattr(self, word, getattr(machar, word).flat[0])
/scratch/jz4721/Post-prediction-Causal-Inference/venv/lib/python3.8/site-packages/numpy/core/getlimits.py:89: UserWarning: The value of the smallest subnormal for <class 'numpy.float64'> type is zero.
  return self._float_to_str(self.smallest_subnormal)
/scratch/jz4721/Post-prediction-Causal-Inference/venv/lib/python3.8/site-packages/numpy/core/getlimits.py:518: UserWarning: The value of the smallest subnormal for <class 'numpy.float32'> type is zero.
  setattr(self, word, getattr(machar, word).flat[0])
/scratch/jz4721/Post-prediction-Causal-Inference/venv/lib/python3.8/site-packages/numpy/core/getlimits.py:89: UserWarning: The value of the smallest subnormal for <class 'numpy.float32'> type is zero.
  return self._float_to_str(self.smallest_subnormal)
Begin
Training start
t1_obs:[array(91526.), array(77782.), array(68659.)] t2_obs:[array(93159.), array(80515.), array(74567.)]
corr_G1:[None, None, 3.502554551826413e-17] corr_G2:[None, None, 0]
Training end
Task is 0.00% complete.
t1_sim:[55228. 56661. 60153.] t2_sim:[55491. 55788. 55289.]
Task is 1.00% complete.
t1_sim:[69413. 69223. 70560.] t2_sim:[61852. 61516. 61009.]
Task is 2.00% complete.
t1_sim:[59075. 60479. 62066.] t2_sim:[62723. 62291. 59002.]
Task is 3.00% complete.
t1_sim:[65181. 65493. 63899.] t2_sim:[61275. 61320. 60778.]
Task is 4.00% complete.
t1_sim:[60944. 62253. 60259.] t2_sim:[60685. 60557. 59787.]
Task is 5.00% complete.
t1_sim:[64716. 62420. 64486.] t2_sim:[64522. 64528. 62825.]
Task is 6.00% complete.
t1_sim:[68326. 67856. 70632.] t2_sim:[61676. 61690. 61640.]
Task is 7.00% complete.
t1_sim:[59689. 59434. 61052.] t2_sim:[66293. 62991. 63984.]
Task is 8.00% complete.
t1_sim:[58164. 56431. 59500.] t2_sim:[60600. 62445. 61292.]
Task is 9.00% complete.
t1_sim:[55620. 59762. 59933.] t2_sim:[60495. 61867. 61035.]
Task is 10.00% complete.
t1_sim:[65292. 65683. 63509.] t2_sim:[58570. 58572. 59837.]
Task is 11.00% complete.
t1_sim:[61775. 64942. 60970.] t2_sim:[63391. 63321. 63798.]
Task is 12.00% complete.
t1_sim:[69259. 69103. 69429.] t2_sim:[62783. 62243. 63042.]
Task is 13.00% complete.
t1_sim:[61606. 60852. 61274.] t2_sim:[61007. 61009. 60256.]
Task is 14.00% complete.
t1_sim:[65157. 65295. 63976.] t2_sim:[63819. 65504. 63430.]
Task is 15.00% complete.
t1_sim:[59532. 61508. 56407.] t2_sim:[66246. 65489. 67544.]
Task is 16.00% complete.
t1_sim:[64133. 62984. 65163.] t2_sim:[63848. 64650. 65895.]
Task is 17.00% complete.
t1_sim:[63026. 61181. 60297.] t2_sim:[58317. 57092. 58016.]
Task is 18.00% complete.
t1_sim:[64893. 64409. 64993.] t2_sim:[61668. 62214. 59493.]
Task is 19.00% complete.
t1_sim:[56808. 56311. 58703.] t2_sim:[62907. 63100. 64695.]
Task is 20.00% complete.
t1_sim:[63395. 62686. 63098.] t2_sim:[61000. 61846. 59618.]
Task is 21.00% complete.
t1_sim:[64888. 65162. 66338.] t2_sim:[69471. 68749. 68631.]
Task is 22.00% complete.
t1_sim:[58298. 58571. 58993.] t2_sim:[63847. 64041. 63674.]
Task is 23.00% complete.
t1_sim:[59076. 61378. 59994.] t2_sim:[61667. 60512. 61465.]
Task is 24.00% complete.
t1_sim:[58605. 59370. 58833.] t2_sim:[65366. 63591. 65912.]
Task is 25.00% complete.
t1_sim:[65639. 65938. 65627.] t2_sim:[65252. 64932. 66648.]
Task is 26.00% complete.
t1_sim:[63931. 62272. 60650.] t2_sim:[67627. 66280. 69184.]
Task is 27.00% complete.
t1_sim:[64519. 63872. 63596.] t2_sim:[62122. 62616. 64122.]
Task is 28.00% complete.
t1_sim:[63468. 61956. 64564.] t2_sim:[66745. 67166. 66346.]
Task is 29.00% complete.
t1_sim:[68908. 69393. 65907.] t2_sim:[59015. 59560. 60312.]
Task is 30.00% complete.
t1_sim:[62370. 61036. 58061.] t2_sim:[58242. 57607. 59380.]
Task is 31.00% complete.
t1_sim:[63473. 63076. 66020.] t2_sim:[65991. 62901. 61244.]
Task is 32.00% complete.
t1_sim:[71548. 70407. 70917.] t2_sim:[63864. 65097. 63851.]
Task is 33.00% complete.
t1_sim:[55364. 58170. 58524.] t2_sim:[61817. 61982. 64448.]
Task is 34.00% complete.
t1_sim:[57340. 56464. 58745.] t2_sim:[62570. 63533. 65763.]
Task is 35.00% complete.
t1_sim:[60422. 59612. 61577.] t2_sim:[61055. 60624. 57277.]
Task is 36.00% complete.
t1_sim:[63130. 62458. 61993.] t2_sim:[64162. 65466. 65089.]
Task is 37.00% complete.
t1_sim:[66382. 65188. 63781.] t2_sim:[61457. 63507. 61818.]
Task is 38.00% complete.
t1_sim:[59908. 60075. 56827.] t2_sim:[63000. 62629. 63773.]
Task is 39.00% complete.
t1_sim:[62003. 64103. 64668.] t2_sim:[56360. 57679. 57319.]
Task is 40.00% complete.
t1_sim:[61151. 60485. 61172.] t2_sim:[57282. 58799. 58909.]
Task is 41.00% complete.
t1_sim:[68298. 68778. 67427.] t2_sim:[64893. 65006. 66583.]
Task is 42.00% complete.
t1_sim:[61809. 59965. 59957.] t2_sim:[62593. 64533. 63322.]
Task is 43.00% complete.
t1_sim:[58985. 57849. 64827.] t2_sim:[65184. 65274. 65709.]
Task is 44.00% complete.
t1_sim:[66216. 65720. 69844.] t2_sim:[68839. 70139. 69667.]
Task is 45.00% complete.
t1_sim:[60198. 60975. 59778.] t2_sim:[64220. 63183. 62856.]
Task is 46.00% complete.
t1_sim:[57252. 61362. 59411.] t2_sim:[59123. 59512. 61005.]
Task is 47.00% complete.
t1_sim:[60907. 60459. 61042.] t2_sim:[57542. 57366. 61164.]
Task is 48.00% complete.
t1_sim:[66410. 66959. 66050.] t2_sim:[63525. 63913. 62186.]
Task is 49.00% complete.
t1_sim:[69020. 69020. 67683.] t2_sim:[63652. 63550. 64656.]
Task is 50.00% complete.
t1_sim:[57417. 58761. 59211.] t2_sim:[61563. 60637. 63222.]
Task is 51.00% complete.
t1_sim:[65059. 64135. 66724.] t2_sim:[60973. 62874. 62967.]
Task is 52.00% complete.
t1_sim:[62072. 62627. 62511.] t2_sim:[60699. 58905. 59581.]
Task is 53.00% complete.
t1_sim:[63345. 66291. 66468.] t2_sim:[70323. 69534. 71482.]
Task is 54.00% complete.
t1_sim:[60281. 58603. 57602.] t2_sim:[61601. 58501. 59726.]
Task is 55.00% complete.
t1_sim:[61476. 60601. 63877.] t2_sim:[57695. 57614. 59634.]
Task is 56.00% complete.
t1_sim:[60030. 56801. 60453.] t2_sim:[64696. 64275. 63325.]
Task is 57.00% complete.
t1_sim:[65021. 67027. 66020.] t2_sim:[65570. 64584. 64346.]
Task is 58.00% complete.
t1_sim:[56803. 57981. 59046.] t2_sim:[61557. 60680. 63408.]
Task is 59.00% complete.
t1_sim:[63373. 63519. 60263.] t2_sim:[59732. 59901. 59563.]
Task is 60.00% complete.
t1_sim:[62009. 60833. 64321.] t2_sim:[60978. 61352. 60171.]
Task is 61.00% complete.
t1_sim:[66860. 68154. 67317.] t2_sim:[63354. 63157. 61407.]
Task is 62.00% complete.
t1_sim:[58865. 58178. 59190.] t2_sim:[60996. 62031. 63111.]
Task is 63.00% complete.
t1_sim:[58464. 57098. 61960.] t2_sim:[61298. 61712. 63062.]
Task is 64.00% complete.
t1_sim:[61412. 60892. 58703.] t2_sim:[65566. 64449. 67112.]
Task is 65.00% complete.
t1_sim:[58966. 58691. 59943.] t2_sim:[64194. 62157. 64700.]
Task is 66.00% complete.
t1_sim:[62022. 63386. 60148.] t2_sim:[69297. 70176. 68788.]
Task is 67.00% complete.
t1_sim:[62588. 65067. 64663.] t2_sim:[66488. 67031. 69241.]
Task is 68.00% complete.
t1_sim:[61555. 61405. 62227.] t2_sim:[63456. 62373. 62092.]
Task is 69.00% complete.
t1_sim:[57622. 56966. 58752.] t2_sim:[62970. 63879. 63360.]
Task is 70.00% complete.
t1_sim:[65210. 65721. 64837.] t2_sim:[62797. 64537. 65017.]
Task is 71.00% complete.
t1_sim:[61213. 61343. 58870.] t2_sim:[62386. 62462. 63448.]
Task is 72.00% complete.
t1_sim:[66287. 65839. 65707.] t2_sim:[61199. 60912. 58824.]
Task is 73.00% complete.
t1_sim:[61625. 61818. 60398.] t2_sim:[63124. 62322. 64848.]
Task is 74.00% complete.
t1_sim:[63432. 62258. 61334.] t2_sim:[67486. 66604. 66842.]
Task is 75.00% complete.
t1_sim:[67419. 66385. 68516.] t2_sim:[67990. 67161. 67535.]
Task is 76.00% complete.
t1_sim:[59429. 57773. 60650.] t2_sim:[68426. 68865. 66559.]
Task is 77.00% complete.
t1_sim:[61416. 62486. 65276.] t2_sim:[61091. 61105. 61608.]
Task is 78.00% complete.
t1_sim:[59790. 57398. 58629.] t2_sim:[67677. 65032. 65688.]
Task is 79.00% complete.
t1_sim:[65246. 65117. 67237.] t2_sim:[61806. 62278. 61994.]
Task is 80.00% complete.
t1_sim:[64612. 65793. 63573.] t2_sim:[61947. 64578. 63589.]
Task is 81.00% complete.
t1_sim:[63176. 62318. 66284.] t2_sim:[64092. 64049. 65511.]
Task is 82.00% complete.
t1_sim:[63676. 64520. 62890.] t2_sim:[59713. 60876. 59522.]
Task is 83.00% complete.
t1_sim:[65016. 64308. 65399.] t2_sim:[57601. 54961. 55656.]
Task is 84.00% complete.
t1_sim:[64073. 63887. 61953.] t2_sim:[60223. 61019. 61431.]
Task is 85.00% complete.
t1_sim:[60999. 61024. 57036.] t2_sim:[65861. 64807. 69114.]
Task is 86.00% complete.
t1_sim:[64763. 64283. 65291.] t2_sim:[60292. 60127. 62381.]
Task is 87.00% complete.
t1_sim:[62552. 60502. 64996.] t2_sim:[69050. 68676. 66846.]
Task is 88.00% complete.
t1_sim:[62010. 59575. 56550.] t2_sim:[61581. 61911. 63289.]
Task is 89.00% complete.
t1_sim:[63371. 62532. 63361.] t2_sim:[60475. 56903. 58139.]
Task is 90.00% complete.
t1_sim:[66168. 65758. 66446.] t2_sim:[62547. 64651. 62697.]
Task is 91.00% complete.
t1_sim:[67222. 67249. 64899.] t2_sim:[70129. 71072. 67148.]
Task is 92.00% complete.
t1_sim:[61273. 61493. 60266.] t2_sim:[62044. 60606. 62498.]
Task is 93.00% complete.
t1_sim:[61021. 60361. 62712.] t2_sim:[61057. 61989. 61250.]
Task is 94.00% complete.
t1_sim:[63799. 65377. 64509.] t2_sim:[56816. 55988. 58751.]
Task is 95.00% complete.
t1_sim:[59836. 59318. 60735.] t2_sim:[66089. 66825. 61218.]
Task is 96.00% complete.
t1_sim:[63281. 62661. 62990.] t2_sim:[61175. 61404. 61635.]
Task is 97.00% complete.
t1_sim:[65941. 65608. 65336.] t2_sim:[60821. 60301. 59161.]
Task is 98.00% complete.
t1_sim:[63528. 61861. 64156.] t2_sim:[66986. 65765. 61622.]
Task is 99.00% complete.
t1_sim:[58216. 58192. 57303.] t2_sim:[62059. 62318. 62398.]
Training start
t1_obs:[array(91526.), array(77782.), array(74010.)] t2_obs:[array(93159.), array(80515.), array(79623.)]
corr_G1:[None, None, 0.9965929108275685] corr_G2:[None, None, 0.9482346334813149]
Training end
Task is 0.00% complete.
t1_sim:[65046. 64180. 63565.] t2_sim:[59291. 58242. 57834.]
Task is 1.00% complete.
t1_sim:[65326. 63605. 64593.] t2_sim:[63194. 64347. 63610.]
Task is 2.00% complete.
t1_sim:[67971. 65780. 66459.] t2_sim:[62153. 62316. 62493.]
Task is 3.00% complete.
t1_sim:[61178. 60985. 60304.] t2_sim:[65193. 64789. 64131.]
Task is 4.00% complete.
t1_sim:[63834. 64884. 64329.] t2_sim:[62414. 64369. 65673.]
Task is 5.00% complete.
t1_sim:[59847. 59047. 60049.] t2_sim:[59392. 58518. 58031.]
Task is 6.00% complete.
t1_sim:[62677. 61678. 59664.] t2_sim:[65723. 67092. 66394.]
Task is 7.00% complete.
t1_sim:[62061. 61477. 61551.] t2_sim:[66615. 66130. 67099.]
Task is 8.00% complete.
t1_sim:[64863. 64832. 66045.] t2_sim:[62487. 61398. 61336.]
Task is 9.00% complete.
t1_sim:[60975. 59696. 59041.] t2_sim:[60981. 61758. 62833.]
Task is 10.00% complete.
t1_sim:[64444. 65551. 63222.] t2_sim:[52994. 55220. 53992.]
Task is 11.00% complete.
t1_sim:[61763. 60978. 62119.] t2_sim:[64945. 64722. 64631.]
Task is 12.00% complete.
t1_sim:[62959. 60697. 61557.] t2_sim:[64690. 63784. 64165.]
Task is 13.00% complete.
t1_sim:[62560. 62207. 62465.] t2_sim:[60953. 61638. 62748.]
Task is 14.00% complete.
t1_sim:[66472. 66033. 66171.] t2_sim:[61099. 63218. 61668.]
Task is 15.00% complete.
t1_sim:[59586. 58589. 59512.] t2_sim:[66036. 65979. 67105.]
Task is 16.00% complete.
t1_sim:[56848. 59368. 58073.] t2_sim:[61154. 61413. 61159.]
Task is 17.00% complete.
t1_sim:[62004. 62556. 60116.] t2_sim:[62768. 62853. 63113.]
Task is 18.00% complete.
t1_sim:[64974. 65124. 64892.] t2_sim:[61778. 61732. 60013.]
Task is 19.00% complete.
t1_sim:[64753. 64318. 65552.] t2_sim:[59272. 58743. 60203.]
Task is 20.00% complete.
t1_sim:[60283. 58769. 58392.] t2_sim:[65489. 66830. 66681.]
Task is 21.00% complete.
t1_sim:[60051. 59871. 58235.] t2_sim:[67508. 66533. 66749.]
Task is 22.00% complete.
t1_sim:[61398. 62376. 63660.] t2_sim:[65844. 64092. 64361.]
Task is 23.00% complete.
t1_sim:[61314. 61113. 60528.] t2_sim:[63549. 62026. 63131.]
Task is 24.00% complete.
t1_sim:[64923. 63778. 62451.] t2_sim:[65024. 64432. 63174.]
Task is 25.00% complete.
t1_sim:[64768. 65326. 65450.] t2_sim:[63905. 63808. 63584.]
Task is 26.00% complete.
t1_sim:[64309. 62819. 63056.] t2_sim:[61333. 61660. 60780.]
Task is 27.00% complete.
t1_sim:[61908. 63908. 62864.] t2_sim:[58568. 58011. 56786.]
Task is 28.00% complete.
t1_sim:[58322. 58833. 59750.] t2_sim:[59933. 59797. 59265.]
Task is 29.00% complete.
t1_sim:[64780. 64373. 63561.] t2_sim:[63929. 64819. 64653.]
Task is 30.00% complete.
t1_sim:[65467. 63704. 63563.] t2_sim:[65123. 66768. 66942.]
Task is 31.00% complete.
t1_sim:[59762. 59650. 59749.] t2_sim:[60360. 60203. 60792.]
Task is 32.00% complete.
t1_sim:[66114. 65971. 65822.] t2_sim:[65096. 62776. 62592.]
Task is 33.00% complete.
t1_sim:[59095. 57883. 58274.] t2_sim:[60703. 62793. 60940.]
Task is 34.00% complete.
t1_sim:[57727. 56847. 56024.] t2_sim:[59373. 61003. 61587.]
Task is 35.00% complete.
t1_sim:[57312. 56539. 57196.] t2_sim:[65859. 64833. 66266.]
Task is 36.00% complete.
t1_sim:[61397. 60788. 61192.] t2_sim:[56866. 56349. 56397.]
Task is 37.00% complete.
t1_sim:[62538. 61154. 61300.] t2_sim:[61838. 61304. 61577.]
Task is 38.00% complete.
t1_sim:[54050. 55933. 53027.] t2_sim:[59508. 60787. 60585.]
Task is 39.00% complete.
t1_sim:[68621. 68971. 69240.] t2_sim:[61623. 62930. 62828.]
Task is 40.00% complete.
t1_sim:[63276. 64199. 63088.] t2_sim:[61586. 62844. 63416.]
Task is 41.00% complete.
t1_sim:[65092. 65601. 64248.] t2_sim:[65684. 65686. 65162.]
Task is 42.00% complete.
t1_sim:[60557. 60053. 59958.] t2_sim:[61660. 62276. 62843.]
Task is 43.00% complete.
t1_sim:[55405. 58666. 60084.] t2_sim:[60792. 60623. 61409.]
Task is 44.00% complete.
t1_sim:[62482. 63508. 64162.] t2_sim:[63240. 65074. 65233.]
Task is 45.00% complete.
t1_sim:[61604. 61219. 60901.] t2_sim:[63259. 61271. 61112.]
Task is 46.00% complete.
t1_sim:[62874. 63035. 63270.] t2_sim:[56613. 56860. 56969.]
Task is 47.00% complete.
t1_sim:[63512. 63390. 65022.] t2_sim:[59642. 58835. 59123.]
Task is 48.00% complete.
t1_sim:[63409. 63497. 62821.] t2_sim:[56385. 56618. 54842.]
Task is 49.00% complete.
t1_sim:[60648. 60217. 62211.] t2_sim:[63411. 61965. 63730.]
Task is 50.00% complete.
t1_sim:[61340. 60704. 61597.] t2_sim:[65411. 67341. 68674.]
Task is 51.00% complete.
t1_sim:[61766. 64147. 64236.] t2_sim:[66453. 63516. 64316.]
Task is 52.00% complete.
t1_sim:[61760. 62392. 63207.] t2_sim:[56156. 57388. 57691.]
Task is 53.00% complete.
t1_sim:[62409. 60728. 62556.] t2_sim:[60391. 61537. 60778.]
Task is 54.00% complete.
t1_sim:[67307. 66557. 65779.] t2_sim:[64993. 64277. 64171.]
Task is 55.00% complete.
t1_sim:[60171. 60907. 60836.] t2_sim:[61996. 63314. 62449.]
Task is 56.00% complete.
t1_sim:[62257. 61544. 61892.] t2_sim:[65074. 65807. 65168.]
Task is 57.00% complete.
t1_sim:[58850. 59496. 59764.] t2_sim:[60825. 61695. 61768.]
Task is 58.00% complete.
t1_sim:[63227. 61766. 61903.] t2_sim:[59680. 59168. 58006.]
Task is 59.00% complete.
t1_sim:[66296. 64415. 66323.] t2_sim:[63755. 63485. 64498.]
Task is 60.00% complete.
t1_sim:[63586. 63024. 64670.] t2_sim:[67976. 68814. 67676.]
Task is 61.00% complete.
t1_sim:[62473. 62851. 63983.] t2_sim:[61916. 62887. 63966.]
Task is 62.00% complete.
t1_sim:[64923. 64867. 65567.] t2_sim:[60117. 59344. 59947.]
Task is 63.00% complete.
t1_sim:[60862. 59415. 60823.] t2_sim:[62381. 61625. 63015.]
Task is 64.00% complete.
t1_sim:[61996. 63809. 63684.] t2_sim:[62301. 61675. 60237.]
Task is 65.00% complete.
t1_sim:[62764. 59973. 60969.] t2_sim:[60674. 60829. 61549.]
Task is 66.00% complete.
t1_sim:[59544. 59131. 60640.] t2_sim:[58942. 57279. 56901.]
Task is 67.00% complete.
t1_sim:[61610. 60357. 61653.] t2_sim:[58984. 59550. 57971.]
Task is 68.00% complete.
t1_sim:[63413. 63547. 62514.] t2_sim:[65533. 67446. 69016.]
Task is 69.00% complete.
t1_sim:[65192. 65888. 66164.] t2_sim:[65431. 64344. 65234.]
Task is 70.00% complete.
t1_sim:[57474. 59180. 59407.] t2_sim:[61491. 62754. 62498.]
Task is 71.00% complete.
t1_sim:[60283. 60507. 60954.] t2_sim:[62443. 63644. 61780.]
Task is 72.00% complete.
t1_sim:[69139. 68907. 69679.] t2_sim:[62426. 61428. 63217.]
Task is 73.00% complete.
t1_sim:[68379. 67556. 66065.] t2_sim:[61992. 58702. 58358.]
Task is 74.00% complete.
t1_sim:[63907. 64147. 64249.] t2_sim:[61856. 60293. 61363.]
Task is 75.00% complete.
t1_sim:[60979. 63521. 62758.] t2_sim:[64037. 63550. 64950.]
Task is 76.00% complete.
t1_sim:[57455. 57502. 56943.] t2_sim:[64281. 65566. 64220.]
Task is 77.00% complete.
t1_sim:[64815. 63869. 63614.] t2_sim:[64913. 64792. 63845.]
Task is 78.00% complete.
t1_sim:[57415. 55992. 57001.] t2_sim:[62838. 62027. 63540.]
Task is 79.00% complete.
t1_sim:[66124. 65571. 65867.] t2_sim:[59527. 58322. 58121.]
Task is 80.00% complete.
t1_sim:[59143. 59665. 61141.] t2_sim:[64141. 64880. 65617.]
Task is 81.00% complete.
t1_sim:[59768. 60551. 59875.] t2_sim:[60185. 59567. 59575.]
Task is 82.00% complete.
t1_sim:[65392. 62460. 65280.] t2_sim:[62462. 61621. 62697.]
Task is 83.00% complete.
t1_sim:[62486. 62903. 62769.] t2_sim:[63582. 61715. 62852.]
Task is 84.00% complete.
t1_sim:[63575. 63627. 63728.] t2_sim:[64365. 63256. 63906.]
Task is 85.00% complete.
t1_sim:[56468. 56127. 55705.] t2_sim:[67443. 67735. 68189.]
Task is 86.00% complete.
t1_sim:[68502. 67297. 67593.] t2_sim:[60549. 59478. 60237.]
Task is 87.00% complete.
t1_sim:[61327. 59423. 60254.] t2_sim:[56278. 54989. 55891.]
Task is 88.00% complete.
t1_sim:[63105. 63300. 64139.] t2_sim:[58581. 57976. 60082.]
Task is 89.00% complete.
t1_sim:[65886. 66716. 67668.] t2_sim:[59020. 61559. 61021.]
Task is 90.00% complete.
t1_sim:[70016. 66474. 65794.] t2_sim:[66232. 64778. 64718.]
Task is 91.00% complete.
t1_sim:[60196. 61326. 58786.] t2_sim:[63347. 65421. 63253.]
Task is 92.00% complete.
t1_sim:[63558. 64297. 64423.] t2_sim:[64765. 65728. 64898.]
Task is 93.00% complete.
t1_sim:[68382. 68416. 70271.] t2_sim:[57662. 57972. 58872.]
Task is 94.00% complete.
t1_sim:[62507. 62073. 62561.] t2_sim:[59647. 58804. 58909.]
Task is 95.00% complete.
t1_sim:[65491. 65435. 65713.] t2_sim:[62546. 62661. 62862.]
Task is 96.00% complete.
t1_sim:[61653. 60768. 61586.] t2_sim:[63357. 64235. 63870.]
Task is 97.00% complete.
t1_sim:[65713. 64884. 65975.] t2_sim:[65670. 64437. 64914.]
Task is 98.00% complete.
t1_sim:[65549. 63872. 64592.] t2_sim:[67037. 66238. 66400.]
Task is 99.00% complete.
t1_sim:[61515. 60339. 61886.] t2_sim:[64441. 62789. 62478.]
Training start
t1_obs:[array(91526.), array(77782.), array(68817.)] t2_obs:[array(93159.), array(80515.), array(76732.)]
corr_G1:[None, None, 0.08117313926849098] corr_G2:[None, None, 0.21779560027294248]
Training end
Task is 0.00% complete.
t1_sim:[63411. 62228. 63524.] t2_sim:[63125. 62584. 59045.]
Task is 1.00% complete.
t1_sim:[63891. 62734. 65343.] t2_sim:[59360. 60369. 56861.]
Task is 2.00% complete.
t1_sim:[58613. 59730. 61291.] t2_sim:[63964. 63088. 60785.]
Task is 3.00% complete.
t1_sim:[62364. 61581. 60432.] t2_sim:[61631. 63390. 61539.]
Task is 4.00% complete.
t1_sim:[60411. 58295. 59640.] t2_sim:[66285. 65086. 63157.]
Task is 5.00% complete.
t1_sim:[62615. 62206. 60383.] t2_sim:[62403. 62863. 59737.]
Task is 6.00% complete.
t1_sim:[59294. 57786. 57950.] t2_sim:[63201. 59827. 57138.]
Task is 7.00% complete.
t1_sim:[59702. 59717. 58978.] t2_sim:[60779. 61441. 58953.]
Task is 8.00% complete.
t1_sim:[60340. 61473. 62090.] t2_sim:[66756. 66791. 62464.]
Task is 9.00% complete.
t1_sim:[63994. 65980. 66429.] t2_sim:[67180. 67051. 66091.]
Task is 10.00% complete.
t1_sim:[62107. 61773. 59659.] t2_sim:[60513. 60299. 57513.]
Task is 11.00% complete.
t1_sim:[59989. 60858. 58857.] t2_sim:[60596. 60554. 57591.]
Task is 12.00% complete.
t1_sim:[60272. 58161. 59246.] t2_sim:[62256. 62996. 60362.]
Task is 13.00% complete.
t1_sim:[63407. 60934. 61099.] t2_sim:[59753. 59849. 58171.]
Task is 14.00% complete.
t1_sim:[64778. 64249. 66478.] t2_sim:[64879. 64957. 62540.]
Task is 15.00% complete.
t1_sim:[59802. 59530. 62665.] t2_sim:[59184. 61205. 57701.]
Task is 16.00% complete.
t1_sim:[62882. 61464. 60913.] t2_sim:[60769. 61466. 57993.]
Task is 17.00% complete.
t1_sim:[58838. 57535. 57002.] t2_sim:[62273. 61474. 58326.]
Task is 18.00% complete.
t1_sim:[58638. 58728. 58381.] t2_sim:[67385. 67031. 63859.]
Task is 19.00% complete.
t1_sim:[63971. 61528. 61582.] t2_sim:[64330. 63558. 61599.]
Task is 20.00% complete.
t1_sim:[60016. 60394. 59537.] t2_sim:[65300. 64456. 61658.]
Task is 21.00% complete.
t1_sim:[63805. 63044. 61563.] t2_sim:[64634. 62873. 62218.]
Task is 22.00% complete.
t1_sim:[60299. 61043. 62526.] t2_sim:[55416. 54602. 51537.]
Task is 23.00% complete.
t1_sim:[65963. 64668. 64554.] t2_sim:[62017. 63990. 61135.]
Task is 24.00% complete.
t1_sim:[59181. 59665. 59980.] t2_sim:[59601. 60412. 57603.]
Task is 25.00% complete.
t1_sim:[66628. 65667. 66426.] t2_sim:[60480. 60057. 58634.]
Task is 26.00% complete.
t1_sim:[65176. 62806. 64598.] t2_sim:[59054. 57846. 55329.]
Task is 27.00% complete.
t1_sim:[64865. 67802. 68118.] t2_sim:[65313. 66541. 62626.]
Task is 28.00% complete.
t1_sim:[56540. 58813. 60358.] t2_sim:[66581. 65965. 63278.]
Task is 29.00% complete.
t1_sim:[62463. 61589. 63293.] t2_sim:[64777. 65193. 61389.]
Task is 30.00% complete.
t1_sim:[57169. 57419. 58968.] t2_sim:[61510. 61358. 58520.]
Task is 31.00% complete.
t1_sim:[57345. 58897. 57525.] t2_sim:[64152. 61925. 57273.]
Task is 32.00% complete.
t1_sim:[61094. 61618. 59618.] t2_sim:[60017. 59111. 57140.]
Task is 33.00% complete.
t1_sim:[60845. 60815. 61095.] t2_sim:[63791. 65280. 61877.]
Task is 34.00% complete.
t1_sim:[64049. 64058. 64783.] t2_sim:[61279. 61974. 60401.]
Task is 35.00% complete.
t1_sim:[68590. 67120. 67838.] t2_sim:[61952. 60835. 59325.]
Task is 36.00% complete.
t1_sim:[66583. 65850. 66638.] t2_sim:[64442. 64914. 61002.]
Task is 37.00% complete.
t1_sim:[61734. 62352. 61166.] t2_sim:[56863. 57882. 56911.]
Task is 38.00% complete.
t1_sim:[60798. 62781. 60900.] t2_sim:[60109. 60393. 58747.]
Task is 39.00% complete.
t1_sim:[62335. 63513. 60883.] t2_sim:[62574. 63509. 58576.]
Task is 40.00% complete.
t1_sim:[56982. 57313. 57751.] t2_sim:[62074. 63507. 60956.]
Task is 41.00% complete.
t1_sim:[62310. 64717. 63937.] t2_sim:[57816. 57463. 54935.]
Task is 42.00% complete.
t1_sim:[61056. 62899. 63792.] t2_sim:[61643. 63907. 59678.]
Task is 43.00% complete.
t1_sim:[62353. 62104. 61823.] t2_sim:[61177. 60972. 58602.]
Task is 44.00% complete.
t1_sim:[72065. 73012. 69612.] t2_sim:[57240. 56224. 53939.]
Task is 45.00% complete.
t1_sim:[60018. 59847. 60912.] t2_sim:[55561. 54831. 52061.]
Task is 46.00% complete.
t1_sim:[65380. 65244. 65128.] t2_sim:[65708. 65953. 63276.]
Task is 47.00% complete.
t1_sim:[57086. 57763. 61560.] t2_sim:[57951. 59733. 57880.]
Task is 48.00% complete.
t1_sim:[63898. 65750. 65343.] t2_sim:[64435. 64942. 62827.]
Task is 49.00% complete.
t1_sim:[66790. 66240. 66743.] t2_sim:[59700. 60029. 57463.]
Task is 50.00% complete.
t1_sim:[62272. 62441. 62749.] t2_sim:[63707. 62881. 58330.]
Task is 51.00% complete.
t1_sim:[59709. 58890. 59657.] t2_sim:[62445. 62344. 58933.]
Task is 52.00% complete.
t1_sim:[62743. 64266. 64415.] t2_sim:[70396. 71992. 68967.]
Task is 53.00% complete.
t1_sim:[68984. 70344. 70190.] t2_sim:[58957. 60885. 57764.]
Task is 54.00% complete.
t1_sim:[62575. 63188. 61313.] t2_sim:[59192. 58720. 57315.]
Task is 55.00% complete.
t1_sim:[65830. 64278. 62580.] t2_sim:[60756. 59925. 56638.]
Task is 56.00% complete.
t1_sim:[60060. 60498. 58722.] t2_sim:[56920. 58815. 56731.]
Task is 57.00% complete.
t1_sim:[57492. 57261. 58890.] t2_sim:[62695. 64108. 61803.]
Task is 58.00% complete.
t1_sim:[64682. 64585. 63524.] t2_sim:[63461. 64342. 61291.]
Task is 59.00% complete.
t1_sim:[66392. 66692. 64761.] t2_sim:[67642. 67122. 66378.]
Task is 60.00% complete.
t1_sim:[64942. 64942. 63451.] t2_sim:[68545. 66577. 65794.]
Task is 61.00% complete.
t1_sim:[60635. 61906. 63890.] t2_sim:[59154. 60630. 56529.]
Task is 62.00% complete.
t1_sim:[61470. 59099. 56341.] t2_sim:[61025. 61835. 58197.]
Task is 63.00% complete.
t1_sim:[62763. 62398. 61872.] t2_sim:[62454. 63976. 60094.]
Task is 64.00% complete.
t1_sim:[57330. 58244. 56972.] t2_sim:[64565. 64457. 59741.]
Task is 65.00% complete.
t1_sim:[68920. 68072. 67135.] t2_sim:[60790. 60927. 58642.]
Task is 66.00% complete.
t1_sim:[63486. 63819. 62947.] t2_sim:[57426. 57748. 55085.]
Task is 67.00% complete.
t1_sim:[66495. 66332. 66849.] t2_sim:[61898. 61876. 59985.]
Task is 68.00% complete.
t1_sim:[60480. 60473. 61109.] t2_sim:[61004. 60064. 56760.]
Task is 69.00% complete.
t1_sim:[61045. 61163. 59701.] t2_sim:[61405. 61552. 58325.]
Task is 70.00% complete.
t1_sim:[59513. 60477. 61743.] t2_sim:[65492. 65709. 63199.]
Task is 71.00% complete.
t1_sim:[71666. 70527. 68536.] t2_sim:[59768. 57777. 55716.]
Task is 72.00% complete.
t1_sim:[57762. 59341. 61872.] t2_sim:[60302. 60498. 57684.]
Task is 73.00% complete.
t1_sim:[62492. 61866. 61622.] t2_sim:[63437. 62388. 59146.]
Task is 74.00% complete.
t1_sim:[64258. 65047. 64685.] t2_sim:[64651. 66133. 63253.]
Task is 75.00% complete.
t1_sim:[67605. 68954. 67172.] t2_sim:[60540. 59497. 56525.]
Task is 76.00% complete.
t1_sim:[69241. 67776. 68420.] t2_sim:[57770. 58727. 55839.]
Task is 77.00% complete.
t1_sim:[59975. 59300. 56683.] t2_sim:[58769. 60363. 55510.]
Task is 78.00% complete.
t1_sim:[59833. 59340. 58795.] t2_sim:[59143. 57715. 54132.]
Task is 79.00% complete.
t1_sim:[60178. 61548. 61444.] t2_sim:[67743. 65445. 65175.]
Task is 80.00% complete.
t1_sim:[58838. 60638. 60067.] t2_sim:[55943. 57237. 55400.]
Task is 81.00% complete.
t1_sim:[65834. 65228. 64214.] t2_sim:[63614. 63541. 59537.]
Task is 82.00% complete.
t1_sim:[62753. 61666. 63144.] t2_sim:[63019. 62743. 61153.]
Task is 83.00% complete.
t1_sim:[65818. 65066. 67414.] t2_sim:[62424. 63705. 62134.]
Task is 84.00% complete.
t1_sim:[59591. 61462. 61590.] t2_sim:[68675. 68540. 64934.]
Task is 85.00% complete.
t1_sim:[55408. 55746. 54691.] t2_sim:[65374. 64230. 62621.]
Task is 86.00% complete.
t1_sim:[62057. 62238. 62661.] t2_sim:[64046. 65642. 62453.]
Task is 87.00% complete.
t1_sim:[64979. 63804. 63317.] t2_sim:[64242. 65415. 60762.]
Task is 88.00% complete.
t1_sim:[65727. 66660. 68554.] t2_sim:[61279. 64383. 61387.]
Task is 89.00% complete.
t1_sim:[66384. 65930. 68689.] t2_sim:[63885. 65328. 60830.]
Task is 90.00% complete.
t1_sim:[61525. 64189. 65030.] t2_sim:[65551. 64940. 61510.]
Task is 91.00% complete.
t1_sim:[56709. 56516. 58815.] t2_sim:[62581. 63518. 59754.]
Task is 92.00% complete.
t1_sim:[59271. 57303. 57899.] t2_sim:[67817. 67740. 66230.]
Task is 93.00% complete.
t1_sim:[64016. 63671. 66139.] t2_sim:[67771. 68136. 64382.]
Task is 94.00% complete.
t1_sim:[66461. 66026. 65344.] t2_sim:[59763. 59524. 58413.]
Task is 95.00% complete.
t1_sim:[60704. 61584. 62174.] t2_sim:[64725. 65095. 62554.]
Task is 96.00% complete.
t1_sim:[66695. 66958. 66558.] t2_sim:[66019. 65201. 62555.]
Task is 97.00% complete.
t1_sim:[66487. 66015. 66726.] t2_sim:[62176. 61881. 58272.]
Task is 98.00% complete.
t1_sim:[64152. 63756. 62862.] t2_sim:[68974. 68663. 65684.]
Task is 99.00% complete.
t1_sim:[67302. 67658. 67279.] t2_sim:[57278. 56717. 54121.]
Finished
