/scratch/jz4721/Post-prediction-Causal-Inference/venv/lib/python3.8/site-packages/numpy/core/getlimits.py:518: UserWarning: The value of the smallest subnormal for <class 'numpy.float64'> type is zero.
  setattr(self, word, getattr(machar, word).flat[0])
/scratch/jz4721/Post-prediction-Causal-Inference/venv/lib/python3.8/site-packages/numpy/core/getlimits.py:89: UserWarning: The value of the smallest subnormal for <class 'numpy.float64'> type is zero.
  return self._float_to_str(self.smallest_subnormal)
/scratch/jz4721/Post-prediction-Causal-Inference/venv/lib/python3.8/site-packages/numpy/core/getlimits.py:518: UserWarning: The value of the smallest subnormal for <class 'numpy.float32'> type is zero.
  setattr(self, word, getattr(machar, word).flat[0])
/scratch/jz4721/Post-prediction-Causal-Inference/venv/lib/python3.8/site-packages/numpy/core/getlimits.py:89: UserWarning: The value of the smallest subnormal for <class 'numpy.float32'> type is zero.
  return self._float_to_str(self.smallest_subnormal)
Begin
Training start
t1_obs:[array(94372.), array(85824.), array(71246.)] t2_obs:[array(94578.), array(85788.), array(71893.)]
corr_G1:[None, None, 1.5206307868220146e-17] corr_G2:[None, None, 3.2082386238613813e-17]
Training end
Task is 0.00% complete.
t1_sim:[58602. 59385. 58470.] t2_sim:[63135. 63961. 63459.]
Task is 1.00% complete.
t1_sim:[65721. 65483. 63168.] t2_sim:[61872. 61598. 61996.]
Task is 2.00% complete.
t1_sim:[59116. 58468. 61289.] t2_sim:[63618. 63905. 63561.]
Task is 3.00% complete.
t1_sim:[61398. 61896. 61099.] t2_sim:[63994. 64615. 65286.]
Task is 4.00% complete.
t1_sim:[67109. 66834. 67486.] t2_sim:[63025. 61692. 62542.]
Task is 5.00% complete.
t1_sim:[65553. 65732. 68492.] t2_sim:[64013. 64413. 61998.]
Task is 6.00% complete.
t1_sim:[60749. 60841. 58995.] t2_sim:[65240. 64481. 66644.]
Task is 7.00% complete.
t1_sim:[61849. 62047. 61118.] t2_sim:[55982. 57685. 56407.]
Task is 8.00% complete.
t1_sim:[65395. 63653. 60467.] t2_sim:[57215. 57325. 62359.]
Task is 9.00% complete.
t1_sim:[60975. 59739. 61018.] t2_sim:[61664. 62146. 61599.]
Task is 10.00% complete.
t1_sim:[67802. 67054. 68323.] t2_sim:[59158. 58029. 60063.]
Task is 11.00% complete.
t1_sim:[64164. 62822. 64007.] t2_sim:[66850. 67516. 66233.]
Task is 12.00% complete.
t1_sim:[59615. 60205. 63295.] t2_sim:[56749. 55726. 59635.]
Task is 13.00% complete.
t1_sim:[57907. 59945. 60430.] t2_sim:[59437. 57866. 58373.]
Task is 14.00% complete.
t1_sim:[65510. 65505. 65714.] t2_sim:[64997. 64792. 62729.]
Task is 15.00% complete.
t1_sim:[61891. 61807. 61228.] t2_sim:[66510. 66776. 70002.]
Task is 16.00% complete.
t1_sim:[59270. 59081. 58483.] t2_sim:[61984. 62425. 60607.]
Task is 17.00% complete.
t1_sim:[65660. 64817. 65469.] t2_sim:[65531. 65442. 63523.]
Task is 18.00% complete.
t1_sim:[60576. 60747. 61713.] t2_sim:[59734. 60838. 60543.]
Task is 19.00% complete.
t1_sim:[59676. 61259. 66654.] t2_sim:[56294. 56941. 57454.]
Task is 20.00% complete.
t1_sim:[64407. 64388. 62483.] t2_sim:[66492. 65867. 65422.]
Task is 21.00% complete.
t1_sim:[68059. 67130. 68586.] t2_sim:[59566. 60012. 65566.]
Task is 22.00% complete.
t1_sim:[63278. 62366. 63597.] t2_sim:[67909. 65986. 64260.]
Task is 23.00% complete.
t1_sim:[59878. 60245. 60812.] t2_sim:[65189. 65558. 64588.]
Task is 24.00% complete.
t1_sim:[65850. 65926. 65896.] t2_sim:[62319. 62490. 62092.]
Task is 25.00% complete.
t1_sim:[59378. 60033. 61042.] t2_sim:[64929. 66665. 65095.]
Task is 26.00% complete.
t1_sim:[58568. 57000. 57777.] t2_sim:[63526. 65109. 65296.]
Task is 27.00% complete.
t1_sim:[63035. 62474. 62148.] t2_sim:[58721. 58699. 60335.]
Task is 28.00% complete.
t1_sim:[60110. 60868. 60107.] t2_sim:[61607. 61450. 61972.]
Task is 29.00% complete.
t1_sim:[62275. 63231. 61495.] t2_sim:[62579. 62109. 66290.]
Task is 30.00% complete.
t1_sim:[66650. 64890. 64417.] t2_sim:[61643. 61930. 61270.]
Task is 31.00% complete.
t1_sim:[60816. 62573. 62154.] t2_sim:[64028. 64511. 62682.]
Task is 32.00% complete.
t1_sim:[57291. 56660. 57107.] t2_sim:[58072. 58427. 59332.]
Task is 33.00% complete.
t1_sim:[63499. 64475. 63904.] t2_sim:[59066. 59400. 57203.]
Task is 34.00% complete.
t1_sim:[65820. 67251. 68197.] t2_sim:[60993. 61873. 61157.]
Task is 35.00% complete.
t1_sim:[58491. 58282. 57689.] t2_sim:[57314. 56458. 57887.]
Task is 36.00% complete.
t1_sim:[63427. 62812. 65033.] t2_sim:[64028. 64410. 62489.]
Task is 37.00% complete.
t1_sim:[63815. 64831. 63574.] t2_sim:[61023. 60000. 60633.]
Task is 38.00% complete.
t1_sim:[59078. 57205. 58087.] t2_sim:[62005. 63407. 64880.]
Task is 39.00% complete.
t1_sim:[63400. 62870. 63129.] t2_sim:[56427. 56563. 59675.]
Task is 40.00% complete.
t1_sim:[63611. 63365. 66313.] t2_sim:[58762. 58792. 58495.]
Task is 41.00% complete.
t1_sim:[60971. 59843. 59883.] t2_sim:[59812. 59544. 61954.]
Task is 42.00% complete.
t1_sim:[60413. 61120. 60843.] t2_sim:[67088. 65975. 64518.]
Task is 43.00% complete.
t1_sim:[70494. 69456. 71347.] t2_sim:[61110. 61710. 60559.]
Task is 44.00% complete.
t1_sim:[57911. 58150. 57821.] t2_sim:[64741. 62751. 64224.]
Task is 45.00% complete.
t1_sim:[64693. 63334. 64155.] t2_sim:[64199. 65149. 65593.]
Task is 46.00% complete.
t1_sim:[63152. 63944. 63959.] t2_sim:[64108. 64828. 63181.]
Task is 47.00% complete.
t1_sim:[61980. 60788. 62666.] t2_sim:[67374. 67182. 64910.]
Task is 48.00% complete.
t1_sim:[63830. 63649. 64935.] t2_sim:[60659. 61259. 64743.]
Task is 49.00% complete.
t1_sim:[54762. 54679. 53901.] t2_sim:[63557. 62554. 61813.]
Task is 50.00% complete.
t1_sim:[57326. 57916. 59120.] t2_sim:[66185. 67131. 66572.]
Task is 51.00% complete.
t1_sim:[62527. 63059. 62696.] t2_sim:[60467. 60104. 60705.]
Task is 52.00% complete.
t1_sim:[59308. 59380. 57350.] t2_sim:[63009. 62572. 62254.]
Task is 53.00% complete.
t1_sim:[58975. 60350. 62693.] t2_sim:[62992. 62673. 60257.]
Task is 54.00% complete.
t1_sim:[58112. 59306. 55326.] t2_sim:[63684. 63273. 64720.]
Task is 55.00% complete.
t1_sim:[64092. 64543. 62715.] t2_sim:[68045. 67826. 65578.]
Task is 56.00% complete.
t1_sim:[61075. 60923. 60143.] t2_sim:[56642. 56600. 58777.]
Task is 57.00% complete.
t1_sim:[57233. 56052. 61712.] t2_sim:[61311. 61666. 63011.]
Task is 58.00% complete.
t1_sim:[58721. 59470. 59131.] t2_sim:[63814. 64800. 65430.]
Task is 59.00% complete.
t1_sim:[60649. 60845. 59223.] t2_sim:[63765. 63338. 65214.]
Task is 60.00% complete.
t1_sim:[60141. 61585. 61571.] t2_sim:[63405. 62269. 63183.]
Task is 61.00% complete.
t1_sim:[65357. 65429. 66517.] t2_sim:[60605. 61704. 60938.]
Task is 62.00% complete.
t1_sim:[62709. 64311. 61878.] t2_sim:[59754. 59927. 60702.]
Task is 63.00% complete.
t1_sim:[62790. 63804. 63731.] t2_sim:[67418. 67441. 66281.]
Task is 64.00% complete.
t1_sim:[65110. 63999. 61875.] t2_sim:[65085. 64985. 64498.]
Task is 65.00% complete.
t1_sim:[60921. 60720. 62004.] t2_sim:[60204. 60353. 63359.]
Task is 66.00% complete.
t1_sim:[57266. 57177. 58618.] t2_sim:[65551. 67394. 64726.]
Task is 67.00% complete.
t1_sim:[66597. 65903. 64313.] t2_sim:[55964. 55274. 56563.]
Task is 68.00% complete.
t1_sim:[59958. 61366. 63479.] t2_sim:[64186. 63704. 63497.]
Task is 69.00% complete.
t1_sim:[57040. 58115. 61336.] t2_sim:[67948. 66875. 66950.]
Task is 70.00% complete.
t1_sim:[57296. 57695. 57746.] t2_sim:[61565. 61102. 64408.]
Task is 71.00% complete.
t1_sim:[60679. 59670. 63306.] t2_sim:[60010. 59800. 58335.]
Task is 72.00% complete.
t1_sim:[61586. 61402. 63019.] t2_sim:[66983. 66713. 64070.]
Task is 73.00% complete.
t1_sim:[64269. 63531. 60960.] t2_sim:[64367. 63448. 63922.]
Task is 74.00% complete.
t1_sim:[64870. 65491. 65541.] t2_sim:[67372. 67130. 65939.]
Task is 75.00% complete.
t1_sim:[60420. 61160. 60716.] t2_sim:[62097. 63462. 61630.]
Task is 76.00% complete.
t1_sim:[58902. 58403. 58085.] t2_sim:[59408. 59860. 59567.]
Task is 77.00% complete.
t1_sim:[61405. 62537. 61188.] t2_sim:[60602. 61160. 62746.]
Task is 78.00% complete.
t1_sim:[62190. 62366. 60591.] t2_sim:[65718. 66168. 64720.]
Task is 79.00% complete.
t1_sim:[62622. 62867. 61401.] t2_sim:[57814. 58592. 60367.]
Task is 80.00% complete.
t1_sim:[60721. 59624. 60402.] t2_sim:[64097. 63206. 62900.]
Task is 81.00% complete.
t1_sim:[61311. 60508. 60222.] t2_sim:[61456. 61022. 60165.]
Task is 82.00% complete.
t1_sim:[60746. 62095. 63690.] t2_sim:[65401. 65451. 64764.]
Task is 83.00% complete.
t1_sim:[57425. 58549. 58103.] t2_sim:[60679. 60427. 60291.]
Task is 84.00% complete.
t1_sim:[61624. 62328. 60995.] t2_sim:[59744. 59842. 59646.]
Task is 85.00% complete.
t1_sim:[63180. 63282. 61171.] t2_sim:[59532. 59832. 62486.]
Task is 86.00% complete.
t1_sim:[60410. 59395. 59483.] t2_sim:[71310. 69747. 67438.]
Task is 87.00% complete.
t1_sim:[64540. 64018. 65229.] t2_sim:[67799. 69149. 68104.]
Task is 88.00% complete.
t1_sim:[60084. 60434. 58700.] t2_sim:[59863. 60121. 59328.]
Task is 89.00% complete.
t1_sim:[61086. 60736. 59051.] t2_sim:[58963. 59157. 57475.]
Task is 90.00% complete.
t1_sim:[61830. 61420. 61583.] t2_sim:[63676. 62959. 62336.]
Task is 91.00% complete.
t1_sim:[64624. 65031. 64601.] t2_sim:[61157. 61110. 63489.]
Task is 92.00% complete.
t1_sim:[62874. 64723. 63816.] t2_sim:[61974. 60650. 63479.]
Task is 93.00% complete.
t1_sim:[66602. 65971. 67797.] t2_sim:[69379. 68831. 68981.]
Task is 94.00% complete.
t1_sim:[65825. 66744. 67459.] t2_sim:[61611. 62586. 61622.]
Task is 95.00% complete.
t1_sim:[65948. 66351. 64432.] t2_sim:[59728. 60457. 60604.]
Task is 96.00% complete.
t1_sim:[62418. 62799. 63636.] t2_sim:[69103. 68863. 65921.]
Task is 97.00% complete.
t1_sim:[63722. 63029. 63491.] t2_sim:[60184. 58234. 56893.]
Task is 98.00% complete.
t1_sim:[63056. 62373. 62307.] t2_sim:[58332. 58572. 58707.]
Task is 99.00% complete.
t1_sim:[62442. 63494. 66643.] t2_sim:[61872. 59929. 65033.]
Training start
t1_obs:[array(94372.), array(85824.), array(73712.)] t2_obs:[array(94578.), array(85788.), array(75050.)]
corr_G1:[None, None, 0.9992894118905811] corr_G2:[None, None, 0.6974211485237176]
Training end
Task is 0.00% complete.
t1_sim:[58537. 60049. 61270.] t2_sim:[59669. 59593. 56788.]
Task is 1.00% complete.
t1_sim:[59914. 58748. 58774.] t2_sim:[64413. 63535. 63513.]
Task is 2.00% complete.
t1_sim:[65055. 64007. 62546.] t2_sim:[58928. 59831. 60358.]
Task is 3.00% complete.
t1_sim:[63755. 62793. 64148.] t2_sim:[54674. 56438. 54828.]
Task is 4.00% complete.
t1_sim:[66029. 66784. 67026.] t2_sim:[56542. 57195. 56313.]
Task is 5.00% complete.
t1_sim:[67278. 66830. 65357.] t2_sim:[59861. 59919. 60414.]
Task is 6.00% complete.
t1_sim:[62009. 60971. 61923.] t2_sim:[60986. 60460. 60150.]
Task is 7.00% complete.
t1_sim:[60594. 61087. 60127.] t2_sim:[56913. 57033. 59437.]
Task is 8.00% complete.
t1_sim:[62321. 62087. 62716.] t2_sim:[66059. 66852. 67854.]
Task is 9.00% complete.
t1_sim:[65340. 64622. 62818.] t2_sim:[63455. 61954. 61986.]
Task is 10.00% complete.
t1_sim:[58078. 57290. 56140.] t2_sim:[59303. 58506. 58736.]
Task is 11.00% complete.
t1_sim:[61008. 61325. 61222.] t2_sim:[57453. 58477. 59380.]
Task is 12.00% complete.
t1_sim:[59477. 59466. 59267.] t2_sim:[63606. 63047. 61524.]
Task is 13.00% complete.
t1_sim:[63919. 62932. 62003.] t2_sim:[63053. 63327. 61503.]
Task is 14.00% complete.
t1_sim:[61775. 63042. 64236.] t2_sim:[64401. 63907. 62959.]
Task is 15.00% complete.
t1_sim:[60680. 60852. 63502.] t2_sim:[68626. 67587. 66210.]
Task is 16.00% complete.
t1_sim:[61215. 61316. 62250.] t2_sim:[69086. 67811. 67558.]
Task is 17.00% complete.
t1_sim:[57009. 55557. 56349.] t2_sim:[58533. 60183. 59428.]
Task is 18.00% complete.
t1_sim:[68155. 68282. 68487.] t2_sim:[61367. 61062. 59720.]
Task is 19.00% complete.
t1_sim:[64287. 63862. 63984.] t2_sim:[59413. 60368. 61231.]
Task is 20.00% complete.
t1_sim:[60188. 60679. 59386.] t2_sim:[59326. 58934. 59384.]
Task is 21.00% complete.
t1_sim:[56541. 57548. 57473.] t2_sim:[62188. 63291. 64490.]
Task is 22.00% complete.
t1_sim:[62616. 62817. 64620.] t2_sim:[66871. 68185. 66238.]
Task is 23.00% complete.
t1_sim:[67878. 66786. 66658.] t2_sim:[61324. 60200. 61603.]
Task is 24.00% complete.
t1_sim:[63214. 63121. 63178.] t2_sim:[64896. 65695. 65222.]
Task is 25.00% complete.
t1_sim:[64305. 62518. 62588.] t2_sim:[58323. 56059. 54800.]
Task is 26.00% complete.
t1_sim:[63707. 62953. 60416.] t2_sim:[63299. 63455. 63967.]
Task is 27.00% complete.
t1_sim:[60722. 59708. 60991.] t2_sim:[58066. 57988. 55629.]
Task is 28.00% complete.
t1_sim:[65088. 65326. 64222.] t2_sim:[61911. 61328. 60531.]
Task is 29.00% complete.
t1_sim:[67958. 67008. 65783.] t2_sim:[67486. 68128. 68141.]
Task is 30.00% complete.
t1_sim:[63767. 63975. 65597.] t2_sim:[66514. 66679. 66998.]
Task is 31.00% complete.
t1_sim:[64864. 65998. 66307.] t2_sim:[63064. 63305. 60998.]
Task is 32.00% complete.
t1_sim:[69146. 69267. 69887.] t2_sim:[67558. 67537. 67031.]
Task is 33.00% complete.
t1_sim:[62749. 62586. 62726.] t2_sim:[63512. 62648. 60885.]
Task is 34.00% complete.
t1_sim:[62523. 62036. 62190.] t2_sim:[63421. 63846. 64019.]
Task is 35.00% complete.
t1_sim:[61406. 60007. 61903.] t2_sim:[64330. 64964. 66087.]
Task is 36.00% complete.
t1_sim:[59268. 59046. 60500.] t2_sim:[63516. 64569. 64838.]
Task is 37.00% complete.
t1_sim:[62419. 61106. 59921.] t2_sim:[65992. 65489. 64505.]
Task is 38.00% complete.
t1_sim:[63005. 63126. 63967.] t2_sim:[63583. 63572. 63614.]
Task is 39.00% complete.
t1_sim:[62208. 61013. 61396.] t2_sim:[59806. 57927. 56669.]
Task is 40.00% complete.
t1_sim:[60397. 59033. 59571.] t2_sim:[68600. 68451. 66433.]
Task is 41.00% complete.
t1_sim:[62614. 62247. 64108.] t2_sim:[56841. 55719. 55379.]
Task is 42.00% complete.
t1_sim:[67028. 67651. 66844.] t2_sim:[64556. 63596. 63069.]
Task is 43.00% complete.
t1_sim:[68018. 67569. 67195.] t2_sim:[67052. 67053. 65323.]
Task is 44.00% complete.
t1_sim:[62582. 62969. 62432.] t2_sim:[66465. 65421. 64141.]
Task is 45.00% complete.
t1_sim:[58302. 59814. 60686.] t2_sim:[62342. 61950. 62402.]
Task is 46.00% complete.
t1_sim:[64141. 64043. 64687.] t2_sim:[67102. 66549. 66279.]
Task is 47.00% complete.
t1_sim:[67461. 68579. 67696.] t2_sim:[62673. 63113. 60992.]
Task is 48.00% complete.
t1_sim:[58475. 58620. 59421.] t2_sim:[61733. 62727. 62110.]
Task is 49.00% complete.
t1_sim:[63542. 64274. 63923.] t2_sim:[60917. 62281. 62319.]
Task is 50.00% complete.
t1_sim:[66702. 66761. 65829.] t2_sim:[62921. 63575. 66140.]
Task is 51.00% complete.
t1_sim:[61928. 61666. 61685.] t2_sim:[67851. 67458. 66372.]
Task is 52.00% complete.
t1_sim:[65281. 64214. 64896.] t2_sim:[64802. 64958. 63834.]
Task is 53.00% complete.
t1_sim:[60769. 61315. 63201.] t2_sim:[62808. 62275. 60369.]
Task is 54.00% complete.
t1_sim:[56221. 57486. 58252.] t2_sim:[61973. 60705. 60316.]
Task is 55.00% complete.
t1_sim:[63162. 63472. 62946.] t2_sim:[61327. 63602. 63633.]
Task is 56.00% complete.
t1_sim:[59799. 58659. 59565.] t2_sim:[60170. 59956. 59975.]
Task is 57.00% complete.
t1_sim:[64757. 66259. 66813.] t2_sim:[61367. 60850. 60079.]
Task is 58.00% complete.
t1_sim:[60282. 60708. 62292.] t2_sim:[68174. 68108. 67678.]
Task is 59.00% complete.
t1_sim:[62897. 63531. 64633.] t2_sim:[65789. 64638. 62916.]
Task is 60.00% complete.
t1_sim:[65655. 65439. 67833.] t2_sim:[68483. 68741. 68902.]
Task is 61.00% complete.
t1_sim:[60220. 60868. 61661.] t2_sim:[57659. 59118. 60126.]
Task is 62.00% complete.
t1_sim:[58515. 59022. 58584.] t2_sim:[63171. 64449. 62548.]
Task is 63.00% complete.
t1_sim:[65092. 63831. 61701.] t2_sim:[61094. 62531. 64444.]
Task is 64.00% complete.
t1_sim:[62470. 61988. 61987.] t2_sim:[62838. 63733. 66907.]
Task is 65.00% complete.
t1_sim:[57626. 56456. 57297.] t2_sim:[65559. 64611. 63637.]
Task is 66.00% complete.
t1_sim:[60743. 61410. 61963.] t2_sim:[64982. 64594. 62382.]
Task is 67.00% complete.
t1_sim:[60820. 59222. 59146.] t2_sim:[60467. 61893. 61112.]
Task is 68.00% complete.
t1_sim:[66495. 66034. 68321.] t2_sim:[61042. 60223. 60043.]
Task is 69.00% complete.
t1_sim:[62276. 61728. 61086.] t2_sim:[65698. 64727. 64447.]
Task is 70.00% complete.
t1_sim:[56875. 57337. 56144.] t2_sim:[65221. 64074. 62686.]
Task is 71.00% complete.
t1_sim:[58214. 58000. 59275.] t2_sim:[61741. 62621. 64072.]
Task is 72.00% complete.
t1_sim:[63864. 64313. 66018.] t2_sim:[68265. 67387. 65959.]
Task is 73.00% complete.
t1_sim:[61033. 60467. 60119.] t2_sim:[63437. 62489. 63474.]
Task is 74.00% complete.
t1_sim:[58755. 59737. 60365.] t2_sim:[67158. 67659. 68999.]
Task is 75.00% complete.
t1_sim:[63499. 63283. 62196.] t2_sim:[63013. 62021. 60775.]
Task is 76.00% complete.
t1_sim:[63080. 64147. 63656.] t2_sim:[58858. 58582. 57151.]
Task is 77.00% complete.
t1_sim:[67143. 67129. 67138.] t2_sim:[62551. 63255. 63703.]
Task is 78.00% complete.
t1_sim:[64105. 63151. 62902.] t2_sim:[68032. 68343. 67702.]
Task is 79.00% complete.
t1_sim:[66766. 66425. 65159.] t2_sim:[64251. 64233. 64117.]
Task is 80.00% complete.
t1_sim:[60653. 61765. 61637.] t2_sim:[57942. 58344. 59327.]
Task is 81.00% complete.
t1_sim:[66497. 66021. 67817.] t2_sim:[58779. 58379. 59739.]
Task is 82.00% complete.
t1_sim:[60594. 59133. 60753.] t2_sim:[61624. 62641. 62564.]
Task is 83.00% complete.
t1_sim:[64856. 65796. 64846.] t2_sim:[66266. 63473. 62528.]
Task is 84.00% complete.
t1_sim:[61364. 61768. 61862.] t2_sim:[64216. 63441. 62659.]
Task is 85.00% complete.
t1_sim:[66009. 65779. 66064.] t2_sim:[59131. 58758. 58715.]
Task is 86.00% complete.
t1_sim:[62689. 62648. 62335.] t2_sim:[63817. 62628. 62050.]
Task is 87.00% complete.
t1_sim:[71770. 70656. 70904.] t2_sim:[62104. 62424. 62341.]
Task is 88.00% complete.
t1_sim:[58505. 58369. 56148.] t2_sim:[59991. 59299. 57806.]
Task is 89.00% complete.
t1_sim:[61939. 61443. 61890.] t2_sim:[62945. 64280. 65705.]
Task is 90.00% complete.
t1_sim:[58436. 59282. 60080.] t2_sim:[66257. 65782. 66613.]
Task is 91.00% complete.
t1_sim:[61656. 61483. 62185.] t2_sim:[61442. 62454. 60660.]
Task is 92.00% complete.
t1_sim:[60552. 59292. 59857.] t2_sim:[62339. 61699. 61223.]
Task is 93.00% complete.
t1_sim:[63314. 60982. 60213.] t2_sim:[62619. 62126. 62168.]
Task is 94.00% complete.
t1_sim:[64691. 64841. 65963.] t2_sim:[64075. 64441. 63813.]
Task is 95.00% complete.
t1_sim:[61416. 59969. 61476.] t2_sim:[62681. 61018. 61915.]
Task is 96.00% complete.
t1_sim:[58158. 57107. 56283.] t2_sim:[57183. 57682. 59288.]
Task is 97.00% complete.
t1_sim:[61372. 60957. 60707.] t2_sim:[63162. 62459. 60902.]
Task is 98.00% complete.
t1_sim:[60781. 59792. 58737.] t2_sim:[65995. 65752. 65680.]
Task is 99.00% complete.
t1_sim:[64847. 64939. 64634.] t2_sim:[62804. 63787. 64810.]
Training start
t1_obs:[array(94372.), array(85824.), array(70788.)] t2_obs:[array(94578.), array(85788.), array(71606.)]
corr_G1:[None, None, 0.16064740060533375] corr_G2:[None, None, 0.10117032616683978]
Training end
Task is 0.00% complete.
t1_sim:[67404. 67227. 63032.] t2_sim:[62053. 61557. 58121.]
Task is 1.00% complete.
t1_sim:[64922. 64188. 59850.] t2_sim:[60339. 61575. 58293.]
Task is 2.00% complete.
t1_sim:[63318. 64361. 62294.] t2_sim:[60323. 60637. 55066.]
Task is 3.00% complete.
t1_sim:[69856. 69986. 69828.] t2_sim:[63870. 62013. 57550.]
Task is 4.00% complete.
t1_sim:[61976. 61917. 57948.] t2_sim:[66184. 65205. 61944.]
Task is 5.00% complete.
t1_sim:[62332. 61634. 58032.] t2_sim:[61175. 61650. 57146.]
Task is 6.00% complete.
t1_sim:[62364. 61933. 60933.] t2_sim:[61105. 62326. 58390.]
Task is 7.00% complete.
t1_sim:[65184. 64769. 62054.] t2_sim:[61108. 61239. 57652.]
Task is 8.00% complete.
t1_sim:[65772. 65423. 64739.] t2_sim:[67513. 66551. 63890.]
Task is 9.00% complete.
t1_sim:[64629. 64803. 62899.] t2_sim:[57402. 55944. 53333.]
Task is 10.00% complete.
t1_sim:[57771. 59047. 58845.] t2_sim:[60756. 59579. 56991.]
Task is 11.00% complete.
t1_sim:[63822. 64001. 62499.] t2_sim:[55195. 56087. 53661.]
Task is 12.00% complete.
t1_sim:[60231. 60721. 59130.] t2_sim:[57345. 57893. 51742.]
Task is 13.00% complete.
t1_sim:[63554. 63256. 62157.] t2_sim:[59677. 59783. 55406.]
Task is 14.00% complete.
t1_sim:[63506. 64136. 64013.] t2_sim:[61812. 62866. 58076.]
Task is 15.00% complete.
t1_sim:[62809. 63029. 60850.] t2_sim:[65576. 64989. 61781.]
Task is 16.00% complete.
t1_sim:[63038. 62866. 59176.] t2_sim:[64214. 63739. 61268.]
Task is 17.00% complete.
t1_sim:[62584. 63019. 60870.] t2_sim:[61993. 61352. 58147.]
Task is 18.00% complete.
t1_sim:[58213. 58637. 57056.] t2_sim:[60479. 60897. 55216.]
Task is 19.00% complete.
t1_sim:[59197. 59932. 57946.] t2_sim:[62109. 62233. 57855.]
Task is 20.00% complete.
t1_sim:[62067. 61416. 60083.] t2_sim:[65420. 64119. 59207.]
Task is 21.00% complete.
t1_sim:[63197. 62707. 64481.] t2_sim:[63367. 63901. 57838.]
Task is 22.00% complete.
t1_sim:[62781. 62496. 60834.] t2_sim:[63221. 63522. 59528.]
Task is 23.00% complete.
t1_sim:[62728. 63448. 61924.] t2_sim:[62994. 63035. 59636.]
Task is 24.00% complete.
t1_sim:[62996. 62935. 64256.] t2_sim:[65202. 65407. 60890.]
Task is 25.00% complete.
t1_sim:[57134. 57372. 55330.] t2_sim:[61883. 62021. 58005.]
Task is 26.00% complete.
t1_sim:[63577. 62467. 61445.] t2_sim:[63402. 64331. 59230.]
Task is 27.00% complete.
t1_sim:[62815. 61659. 59242.] t2_sim:[58798. 58208. 54211.]
Task is 28.00% complete.
t1_sim:[64477. 64993. 63879.] t2_sim:[62713. 62046. 57418.]
Task is 29.00% complete.
t1_sim:[62288. 61785. 62386.] t2_sim:[58424. 58873. 54738.]
Task is 30.00% complete.
t1_sim:[66238. 66142. 66053.] t2_sim:[56996. 55638. 51639.]
Task is 31.00% complete.
t1_sim:[66189. 66131. 65248.] t2_sim:[64143. 64585. 62086.]
Task is 32.00% complete.
t1_sim:[62692. 61675. 60455.] t2_sim:[61132. 61743. 57795.]
Task is 33.00% complete.
t1_sim:[64223. 64052. 62561.] t2_sim:[61838. 62488. 58125.]
Task is 34.00% complete.
t1_sim:[59996. 60589. 61985.] t2_sim:[59644. 58732. 55033.]
Task is 35.00% complete.
t1_sim:[65187. 66161. 65586.] t2_sim:[62029. 61477. 58420.]
Task is 36.00% complete.
t1_sim:[61353. 61066. 59733.] t2_sim:[57803. 58695. 55839.]
Task is 37.00% complete.
t1_sim:[61443. 61725. 59862.] t2_sim:[64207. 64663. 59724.]
Task is 38.00% complete.
t1_sim:[57489. 57991. 55918.] t2_sim:[64797. 65124. 62009.]
Task is 39.00% complete.
t1_sim:[63889. 63420. 60853.] t2_sim:[64897. 66195. 61357.]
Task is 40.00% complete.
t1_sim:[60425. 60464. 58786.] t2_sim:[67663. 66785. 64809.]
Task is 41.00% complete.
t1_sim:[60488. 59966. 58067.] t2_sim:[64224. 65477. 62808.]
Task is 42.00% complete.
t1_sim:[64282. 64280. 62668.] t2_sim:[62098. 60809. 57556.]
Task is 43.00% complete.
t1_sim:[61629. 61720. 58132.] t2_sim:[63844. 64831. 61658.]
Task is 44.00% complete.
t1_sim:[64835. 63104. 61772.] t2_sim:[62752. 62549. 58152.]
Task is 45.00% complete.
t1_sim:[64824. 64497. 63794.] t2_sim:[60444. 59019. 55222.]
Task is 46.00% complete.
t1_sim:[61091. 61682. 58385.] t2_sim:[63647. 63760. 58226.]
Task is 47.00% complete.
t1_sim:[60966. 60545. 58610.] t2_sim:[65315. 64760. 61883.]
Task is 48.00% complete.
t1_sim:[60133. 59815. 58111.] t2_sim:[59868. 60031. 57754.]
Task is 49.00% complete.
t1_sim:[63817. 63503. 62363.] t2_sim:[62302. 62127. 59792.]
Task is 50.00% complete.
t1_sim:[63512. 63359. 61100.] t2_sim:[61237. 60427. 54735.]
Task is 51.00% complete.
t1_sim:[58316. 58174. 56873.] t2_sim:[61937. 61969. 59394.]
Task is 52.00% complete.
t1_sim:[68172. 67640. 62903.] t2_sim:[58835. 58796. 55747.]
Task is 53.00% complete.
t1_sim:[61890. 62132. 59727.] t2_sim:[68643. 67606. 62582.]
Task is 54.00% complete.
t1_sim:[64289. 63193. 64141.] t2_sim:[58193. 58383. 55945.]
Task is 55.00% complete.
t1_sim:[67010. 65553. 62815.] t2_sim:[65682. 64202. 60263.]
Task is 56.00% complete.
t1_sim:[58213. 56813. 54891.] t2_sim:[63868. 64889. 62455.]
Task is 57.00% complete.
t1_sim:[60823. 61477. 59474.] t2_sim:[62148. 63557. 60998.]
Task is 58.00% complete.
t1_sim:[63445. 63523. 60996.] t2_sim:[65443. 65295. 59086.]
Task is 59.00% complete.
t1_sim:[62037. 61271. 60088.] t2_sim:[67796. 66666. 60926.]
Task is 60.00% complete.
t1_sim:[58382. 59795. 58040.] t2_sim:[61197. 60055. 55905.]
Task is 61.00% complete.
t1_sim:[69006. 69576. 68095.] t2_sim:[65394. 64809. 59656.]
Task is 62.00% complete.
t1_sim:[58194. 59025. 58542.] t2_sim:[58280. 58587. 53532.]
Task is 63.00% complete.
t1_sim:[66906. 65441. 63927.] t2_sim:[58912. 58901. 59234.]
Task is 64.00% complete.
t1_sim:[64071. 64000. 60313.] t2_sim:[63286. 62647. 58977.]
Task is 65.00% complete.
t1_sim:[59847. 59724. 61031.] t2_sim:[68653. 66331. 63072.]
Task is 66.00% complete.
t1_sim:[65954. 66582. 62507.] t2_sim:[62406. 62495. 58750.]
Task is 67.00% complete.
t1_sim:[65126. 65997. 64229.] t2_sim:[58824. 59082. 55063.]
Task is 68.00% complete.
t1_sim:[59201. 57819. 55474.] t2_sim:[62627. 62943. 58080.]
Task is 69.00% complete.
t1_sim:[63492. 63888. 61214.] t2_sim:[62264. 61726. 60416.]
Task is 70.00% complete.
t1_sim:[62880. 62871. 60326.] t2_sim:[67793. 67931. 63391.]
Task is 71.00% complete.
t1_sim:[62862. 63918. 63074.] t2_sim:[62508. 63645. 58859.]
Task is 72.00% complete.
t1_sim:[69127. 67202. 65390.] t2_sim:[59687. 60282. 55859.]
Task is 73.00% complete.
t1_sim:[66236. 66324. 64011.] t2_sim:[63066. 64458. 60089.]
Task is 74.00% complete.
t1_sim:[62491. 63410. 60586.] t2_sim:[66439. 67193. 63285.]
Task is 75.00% complete.
t1_sim:[61788. 62268. 61293.] t2_sim:[62655. 63402. 60165.]
Task is 76.00% complete.
t1_sim:[63523. 63595. 62086.] t2_sim:[64256. 65319. 63422.]
Task is 77.00% complete.
t1_sim:[60892. 59746. 59200.] t2_sim:[57669. 56587. 54017.]
Task is 78.00% complete.
t1_sim:[65556. 66740. 63887.] t2_sim:[64402. 63403. 59348.]
Task is 79.00% complete.
t1_sim:[64072. 62824. 62702.] t2_sim:[66379. 67249. 64057.]
Task is 80.00% complete.
t1_sim:[68588. 68406. 64723.] t2_sim:[62807. 62456. 58154.]
Task is 81.00% complete.
t1_sim:[62040. 61937. 61164.] t2_sim:[66170. 65404. 62113.]
Task is 82.00% complete.
t1_sim:[65227. 65863. 63453.] t2_sim:[63550. 65711. 62041.]
Task is 83.00% complete.
t1_sim:[55451. 56066. 53844.] t2_sim:[66097. 66545. 62976.]
Task is 84.00% complete.
t1_sim:[62998. 63807. 60810.] t2_sim:[67014. 67320. 63386.]
Task is 85.00% complete.
t1_sim:[64758. 64869. 62659.] t2_sim:[64458. 64911. 63586.]
Task is 86.00% complete.
t1_sim:[65859. 66339. 64963.] t2_sim:[60853. 61957. 60712.]
Task is 87.00% complete.
t1_sim:[58391. 58688. 56171.] t2_sim:[60151. 61149. 55920.]
Task is 88.00% complete.
t1_sim:[61365. 62279. 61011.] t2_sim:[70072. 68719. 64971.]
Task is 89.00% complete.
t1_sim:[62209. 60918. 56886.] t2_sim:[66006. 66015. 63079.]
Task is 90.00% complete.
t1_sim:[62006. 63193. 60687.] t2_sim:[63677. 64311. 60436.]
Task is 91.00% complete.
t1_sim:[58542. 58548. 55527.] t2_sim:[59167. 58528. 55802.]
Task is 92.00% complete.
t1_sim:[54296. 55344. 55068.] t2_sim:[55907. 54876. 49638.]
Task is 93.00% complete.
t1_sim:[60032. 60764. 61204.] t2_sim:[60161. 61797. 56240.]
Task is 94.00% complete.
t1_sim:[67992. 67098. 66179.] t2_sim:[63958. 65346. 61286.]
Task is 95.00% complete.
t1_sim:[60641. 60832. 59844.] t2_sim:[62936. 62192. 60214.]
Task is 96.00% complete.
t1_sim:[59253. 60084. 57304.] t2_sim:[67022. 66350. 60538.]
Task is 97.00% complete.
t1_sim:[65025. 65184. 62547.] t2_sim:[53681. 54507. 52293.]
Task is 98.00% complete.
t1_sim:[65015. 65378. 61836.] t2_sim:[57607. 58274. 56563.]
Task is 99.00% complete.
t1_sim:[66009. 65754. 64086.] t2_sim:[64907. 64718. 59264.]
Finished
