/scratch/jz4721/Post-prediction-Causal-Inference/venv/lib/python3.8/site-packages/numpy/core/getlimits.py:518: UserWarning: The value of the smallest subnormal for <class 'numpy.float64'> type is zero.
  setattr(self, word, getattr(machar, word).flat[0])
/scratch/jz4721/Post-prediction-Causal-Inference/venv/lib/python3.8/site-packages/numpy/core/getlimits.py:89: UserWarning: The value of the smallest subnormal for <class 'numpy.float64'> type is zero.
  return self._float_to_str(self.smallest_subnormal)
/scratch/jz4721/Post-prediction-Causal-Inference/venv/lib/python3.8/site-packages/numpy/core/getlimits.py:518: UserWarning: The value of the smallest subnormal for <class 'numpy.float32'> type is zero.
  setattr(self, word, getattr(machar, word).flat[0])
/scratch/jz4721/Post-prediction-Causal-Inference/venv/lib/python3.8/site-packages/numpy/core/getlimits.py:89: UserWarning: The value of the smallest subnormal for <class 'numpy.float32'> type is zero.
  return self._float_to_str(self.smallest_subnormal)
Begin
Training start
t1_obs:[array(91839.), array(86074.), array(66592.)] t2_obs:[array(95068.), array(85779.), array(73058.)]
corr_G1:[None, None, 4.361584866828999e-17] corr_G2:[None, None, 5.409689437156315e-17]
Training end
Task is 0.00% complete.
t1_sim:[61887. 61685. 59142.] t2_sim:[67065. 66901. 63598.]
Task is 1.00% complete.
t1_sim:[65834. 65356. 64723.] t2_sim:[62958. 63449. 62705.]
Task is 2.00% complete.
t1_sim:[63114. 63703. 67249.] t2_sim:[57438. 57649. 57690.]
Task is 3.00% complete.
t1_sim:[60317. 61038. 59578.] t2_sim:[63392. 64095. 63080.]
Task is 4.00% complete.
t1_sim:[61573. 61532. 60787.] t2_sim:[60825. 61274. 64283.]
Task is 5.00% complete.
t1_sim:[60443. 59746. 66005.] t2_sim:[65180. 65565. 62924.]
Task is 6.00% complete.
t1_sim:[60084. 58718. 61821.] t2_sim:[64961. 64385. 62682.]
Task is 7.00% complete.
t1_sim:[59517. 60577. 61174.] t2_sim:[61325. 62712. 60208.]
Task is 8.00% complete.
t1_sim:[66339. 67800. 65620.] t2_sim:[61772. 60433. 60870.]
Task is 9.00% complete.
t1_sim:[68205. 68197. 66964.] t2_sim:[67433. 65964. 65942.]
Task is 10.00% complete.
t1_sim:[62941. 63788. 61021.] t2_sim:[61852. 62069. 63590.]
Task is 11.00% complete.
t1_sim:[60943. 59919. 61309.] t2_sim:[58855. 61189. 60732.]
Task is 12.00% complete.
t1_sim:[63562. 63063. 62744.] t2_sim:[70969. 71745. 67291.]
Task is 13.00% complete.
t1_sim:[60372. 60413. 62422.] t2_sim:[60763. 58881. 58156.]
Task is 14.00% complete.
t1_sim:[66680. 66932. 65146.] t2_sim:[59020. 58687. 59593.]
Task is 15.00% complete.
t1_sim:[71222. 69469. 66445.] t2_sim:[71116. 70133. 68209.]
Task is 16.00% complete.
t1_sim:[64920. 64182. 66845.] t2_sim:[64889. 64893. 64820.]
Task is 17.00% complete.
t1_sim:[64271. 64494. 66134.] t2_sim:[63058. 63249. 62313.]
Task is 18.00% complete.
t1_sim:[62961. 62721. 60442.] t2_sim:[61827. 61581. 62946.]
Task is 19.00% complete.
t1_sim:[66000. 66289. 63039.] t2_sim:[60272. 60122. 60994.]
Task is 20.00% complete.
t1_sim:[62094. 61614. 64681.] t2_sim:[67298. 66522. 66191.]
Task is 21.00% complete.
t1_sim:[62030. 61303. 59663.] t2_sim:[61737. 62539. 62256.]
Task is 22.00% complete.
t1_sim:[68646. 67800. 65590.] t2_sim:[62487. 61675. 63842.]
Task is 23.00% complete.
t1_sim:[59779. 59431. 60716.] t2_sim:[69140. 69976. 69887.]
Task is 24.00% complete.
t1_sim:[65972. 65347. 67545.] t2_sim:[60035. 60037. 61164.]
Task is 25.00% complete.
t1_sim:[55602. 55275. 55558.] t2_sim:[60222. 60965. 60259.]
Task is 26.00% complete.
t1_sim:[54274. 55185. 56652.] t2_sim:[61217. 59954. 61016.]
Task is 27.00% complete.
t1_sim:[56294. 54931. 57101.] t2_sim:[65644. 65975. 64979.]
Task is 28.00% complete.
t1_sim:[67101. 66629. 66833.] t2_sim:[57406. 56831. 59188.]
Task is 29.00% complete.
t1_sim:[69650. 70395. 71924.] t2_sim:[65530. 66794. 66179.]
Task is 30.00% complete.
t1_sim:[68334. 68378. 66223.] t2_sim:[63578. 62549. 60606.]
Task is 31.00% complete.
t1_sim:[68961. 69346. 63783.] t2_sim:[64385. 63158. 65416.]
Task is 32.00% complete.
t1_sim:[60539. 60236. 57912.] t2_sim:[57369. 57945. 58293.]
Task is 33.00% complete.
t1_sim:[62164. 63026. 61824.] t2_sim:[64879. 63377. 67315.]
Task is 34.00% complete.
t1_sim:[62593. 62470. 66399.] t2_sim:[61048. 61527. 62231.]
Task is 35.00% complete.
t1_sim:[65688. 66640. 65609.] t2_sim:[63303. 62943. 64916.]
Task is 36.00% complete.
t1_sim:[60528. 62444. 62902.] t2_sim:[64960. 64207. 62829.]
Task is 37.00% complete.
t1_sim:[63436. 63552. 60969.] t2_sim:[65913. 66419. 63747.]
Task is 38.00% complete.
t1_sim:[63315. 63491. 65314.] t2_sim:[62682. 61092. 63042.]
Task is 39.00% complete.
t1_sim:[60414. 59068. 61154.] t2_sim:[60173. 60645. 57798.]
Task is 40.00% complete.
t1_sim:[59564. 58994. 59029.] t2_sim:[65762. 64492. 66269.]
Task is 41.00% complete.
t1_sim:[62130. 62194. 60347.] t2_sim:[67248. 67262. 67970.]
Task is 42.00% complete.
t1_sim:[64567. 63350. 63355.] t2_sim:[59240. 58606. 56305.]
Task is 43.00% complete.
t1_sim:[66527. 65759. 64273.] t2_sim:[64056. 64870. 59593.]
Task is 44.00% complete.
t1_sim:[66646. 66460. 67151.] t2_sim:[62863. 60997. 62775.]
Task is 45.00% complete.
t1_sim:[59404. 59432. 60800.] t2_sim:[64095. 61912. 65573.]
Task is 46.00% complete.
t1_sim:[64175. 63761. 62340.] t2_sim:[59721. 58799. 60256.]
Task is 47.00% complete.
t1_sim:[66225. 65148. 61605.] t2_sim:[53782. 53182. 54056.]
Task is 48.00% complete.
t1_sim:[60372. 59816. 59504.] t2_sim:[66815. 68733. 65770.]
Task is 49.00% complete.
t1_sim:[55154. 54425. 54592.] t2_sim:[66481. 65527. 64474.]
Task is 50.00% complete.
t1_sim:[64142. 64159. 62746.] t2_sim:[60108. 60354. 59064.]
Task is 51.00% complete.
t1_sim:[64820. 64214. 64628.] t2_sim:[64448. 62902. 64521.]
Task is 52.00% complete.
t1_sim:[66852. 66598. 67065.] t2_sim:[66682. 67883. 65970.]
Task is 53.00% complete.
t1_sim:[62292. 63393. 60702.] t2_sim:[61112. 61669. 64458.]
Task is 54.00% complete.
t1_sim:[61345. 61295. 62910.] t2_sim:[64051. 62319. 65270.]
Task is 55.00% complete.
t1_sim:[62801. 61185. 61466.] t2_sim:[64669. 63243. 64592.]
Task is 56.00% complete.
t1_sim:[63895. 63959. 64386.] t2_sim:[58417. 58690. 56917.]
Task is 57.00% complete.
t1_sim:[63665. 62532. 61145.] t2_sim:[67166. 66783. 66420.]
Task is 58.00% complete.
t1_sim:[70606. 70390. 70337.] t2_sim:[67762. 67003. 65559.]
Task is 59.00% complete.
t1_sim:[61928. 61960. 63326.] t2_sim:[60283. 60422. 62911.]
Task is 60.00% complete.
t1_sim:[65501. 65095. 64059.] t2_sim:[60925. 60223. 64347.]
Task is 61.00% complete.
t1_sim:[63778. 63818. 63149.] t2_sim:[61393. 62576. 63415.]
Task is 62.00% complete.
t1_sim:[60641. 61189. 60568.] t2_sim:[60649. 60007. 57953.]
Task is 63.00% complete.
t1_sim:[60459. 60772. 63421.] t2_sim:[56445. 56179. 56970.]
Task is 64.00% complete.
t1_sim:[63617. 63908. 62630.] t2_sim:[57702. 58074. 57599.]
Task is 65.00% complete.
t1_sim:[59100. 60355. 54961.] t2_sim:[64259. 62273. 63165.]
Task is 66.00% complete.
t1_sim:[65790. 64949. 67903.] t2_sim:[64308. 65051. 63122.]
Task is 67.00% complete.
t1_sim:[58042. 56669. 59159.] t2_sim:[58042. 58663. 59931.]
Task is 68.00% complete.
t1_sim:[66209. 66091. 66888.] t2_sim:[64839. 65459. 65307.]
Task is 69.00% complete.
t1_sim:[69245. 69082. 68424.] t2_sim:[61604. 62149. 63213.]
Task is 70.00% complete.
t1_sim:[65661. 65390. 64681.] t2_sim:[58502. 57498. 61625.]
Task is 71.00% complete.
t1_sim:[59327. 59808. 60733.] t2_sim:[65235. 66647. 64095.]
Task is 72.00% complete.
t1_sim:[61006. 60901. 62747.] t2_sim:[71706. 70569. 70041.]
Task is 73.00% complete.
t1_sim:[68489. 69117. 66663.] t2_sim:[55861. 56295. 57260.]
Task is 74.00% complete.
t1_sim:[63739. 62892. 63946.] t2_sim:[63727. 63276. 64250.]
Task is 75.00% complete.
t1_sim:[60299. 60617. 59736.] t2_sim:[66883. 67337. 68397.]
Task is 76.00% complete.
t1_sim:[60652. 61239. 59771.] t2_sim:[66023. 66279. 64869.]
Task is 77.00% complete.
t1_sim:[62561. 62841. 59430.] t2_sim:[64610. 65621. 63214.]
Task is 78.00% complete.
t1_sim:[59061. 59759. 60622.] t2_sim:[56591. 57097. 57776.]
Task is 79.00% complete.
t1_sim:[58531. 58895. 57218.] t2_sim:[63851. 63382. 63944.]
Task is 80.00% complete.
t1_sim:[60216. 59878. 59647.] t2_sim:[64072. 64957. 66320.]
Task is 81.00% complete.
t1_sim:[59588. 57747. 59105.] t2_sim:[64603. 64462. 66263.]
Task is 82.00% complete.
t1_sim:[71389. 71155. 68918.] t2_sim:[67112. 66637. 66156.]
Task is 83.00% complete.
t1_sim:[70544. 71434. 68141.] t2_sim:[63582. 63730. 61655.]
Task is 84.00% complete.
t1_sim:[63040. 62862. 62991.] t2_sim:[63535. 64698. 64661.]
Task is 85.00% complete.
t1_sim:[57169. 56501. 56671.] t2_sim:[65483. 63902. 64975.]
Task is 86.00% complete.
t1_sim:[59892. 59965. 62163.] t2_sim:[62042. 62464. 60009.]
Task is 87.00% complete.
t1_sim:[66411. 66935. 68627.] t2_sim:[63076. 63189. 58389.]
Task is 88.00% complete.
t1_sim:[61345. 60932. 64285.] t2_sim:[66890. 67363. 65162.]
Task is 89.00% complete.
t1_sim:[60579. 60764. 58795.] t2_sim:[59489. 59874. 58755.]
Task is 90.00% complete.
t1_sim:[61002. 62884. 65456.] t2_sim:[64754. 64264. 62422.]
Task is 91.00% complete.
t1_sim:[61074. 60886. 59840.] t2_sim:[61233. 61232. 64919.]
Task is 92.00% complete.
t1_sim:[66340. 66528. 65651.] t2_sim:[60300. 60010. 60993.]
Task is 93.00% complete.
t1_sim:[66399. 67342. 65116.] t2_sim:[65237. 65258. 64033.]
Task is 94.00% complete.
t1_sim:[60248. 60359. 56785.] t2_sim:[61816. 62335. 63821.]
Task is 95.00% complete.
t1_sim:[66989. 67635. 65369.] t2_sim:[60761. 62257. 62451.]
Task is 96.00% complete.
t1_sim:[61340. 61889. 61144.] t2_sim:[62489. 61878. 63123.]
Task is 97.00% complete.
t1_sim:[64275. 63227. 69279.] t2_sim:[59860. 61259. 60462.]
Task is 98.00% complete.
t1_sim:[60571. 60595. 59355.] t2_sim:[63446. 64368. 65502.]
Task is 99.00% complete.
t1_sim:[62450. 62218. 61918.] t2_sim:[61297. 61875. 59145.]
Training start
t1_obs:[array(91839.), array(86074.), array(74351.)] t2_obs:[array(95068.), array(85779.), array(77391.)]
corr_G1:[None, None, 0.9693866383008319] corr_G2:[None, None, 0.31867003497786567]
Training end
Task is 0.00% complete.
t1_sim:[59569. 59767. 59253.] t2_sim:[59008. 58811. 56440.]
Task is 1.00% complete.
t1_sim:[68142. 67476. 68879.] t2_sim:[61497. 60565. 60057.]
Task is 2.00% complete.
t1_sim:[58843. 58033. 57384.] t2_sim:[55597. 55736. 53629.]
Task is 3.00% complete.
t1_sim:[60136. 60240. 58975.] t2_sim:[61603. 60822. 59383.]
Task is 4.00% complete.
t1_sim:[65304. 65529. 66594.] t2_sim:[63641. 63027. 61209.]
Task is 5.00% complete.
t1_sim:[61687. 60370. 60371.] t2_sim:[58715. 59387. 57441.]
Task is 6.00% complete.
t1_sim:[60051. 59645. 59878.] t2_sim:[62362. 61711. 60188.]
Task is 7.00% complete.
t1_sim:[63769. 63411. 62662.] t2_sim:[62401. 62209. 59448.]
Task is 8.00% complete.
t1_sim:[57265. 58941. 61492.] t2_sim:[60824. 60817. 59166.]
Task is 9.00% complete.
t1_sim:[61590. 61145. 59807.] t2_sim:[64419. 64884. 64300.]
Task is 10.00% complete.
t1_sim:[62469. 62292. 62291.] t2_sim:[57235. 57542. 56837.]
Task is 11.00% complete.
t1_sim:[67889. 67791. 68548.] t2_sim:[60167. 59300. 59226.]
Task is 12.00% complete.
t1_sim:[61996. 61861. 60921.] t2_sim:[61910. 61943. 59908.]
Task is 13.00% complete.
t1_sim:[58905. 58833. 58536.] t2_sim:[63092. 62154. 59912.]
Task is 14.00% complete.
t1_sim:[63166. 63430. 63407.] t2_sim:[64856. 65474. 62882.]
Task is 15.00% complete.
t1_sim:[68281. 67753. 67540.] t2_sim:[61590. 61046. 57991.]
Task is 16.00% complete.
t1_sim:[63387. 63164. 62920.] t2_sim:[63834. 61796. 59628.]
Task is 17.00% complete.
t1_sim:[65789. 64873. 62861.] t2_sim:[59958. 60691. 59400.]
Task is 18.00% complete.
t1_sim:[64190. 62837. 62679.] t2_sim:[56725. 56907. 55580.]
Task is 19.00% complete.
t1_sim:[65888. 66789. 65139.] t2_sim:[63618. 62542. 59044.]
Task is 20.00% complete.
t1_sim:[57862. 58816. 58392.] t2_sim:[61933. 62598. 60744.]
Task is 21.00% complete.
t1_sim:[58584. 58014. 58051.] t2_sim:[57932. 56083. 55325.]
Task is 22.00% complete.
t1_sim:[62612. 63308. 62504.] t2_sim:[63135. 63033. 59609.]
Task is 23.00% complete.
t1_sim:[65057. 63755. 63671.] t2_sim:[60704. 60532. 58900.]
Task is 24.00% complete.
t1_sim:[61140. 60433. 61307.] t2_sim:[63454. 64310. 62756.]
Task is 25.00% complete.
t1_sim:[60178. 60516. 60096.] t2_sim:[65494. 66505. 63835.]
Task is 26.00% complete.
t1_sim:[69970. 70911. 70158.] t2_sim:[60883. 62204. 61218.]
Task is 27.00% complete.
t1_sim:[60463. 60972. 60281.] t2_sim:[57659. 58487. 56249.]
Task is 28.00% complete.
t1_sim:[63923. 64763. 65439.] t2_sim:[61236. 61922. 59268.]
Task is 29.00% complete.
t1_sim:[62034. 62002. 61361.] t2_sim:[59277. 60833. 59072.]
Task is 30.00% complete.
t1_sim:[59925. 60085. 60131.] t2_sim:[61784. 61920. 60691.]
Task is 31.00% complete.
t1_sim:[65233. 64992. 64095.] t2_sim:[66441. 65616. 64895.]
Task is 32.00% complete.
t1_sim:[64062. 63384. 60876.] t2_sim:[57639. 59107. 56418.]
Task is 33.00% complete.
t1_sim:[60036. 58658. 58656.] t2_sim:[64231. 63321. 61127.]
Task is 34.00% complete.
t1_sim:[68188. 66737. 66033.] t2_sim:[56461. 56494. 54481.]
Task is 35.00% complete.
t1_sim:[60442. 59772. 60075.] t2_sim:[64323. 63393. 63046.]
Task is 36.00% complete.
t1_sim:[63140. 62851. 62448.] t2_sim:[63537. 62606. 60434.]
Task is 37.00% complete.
t1_sim:[65074. 63740. 62449.] t2_sim:[51529. 52504. 50065.]
Task is 38.00% complete.
t1_sim:[57353. 57511. 57673.] t2_sim:[62447. 62627. 60630.]
Task is 39.00% complete.
t1_sim:[59182. 58911. 60211.] t2_sim:[62849. 62357. 61099.]
Task is 40.00% complete.
t1_sim:[57284. 57862. 58478.] t2_sim:[64770. 64575. 62543.]
Task is 41.00% complete.
t1_sim:[63804. 64157. 63845.] t2_sim:[68668. 68797. 65770.]
Task is 42.00% complete.
t1_sim:[65252. 64584. 65244.] t2_sim:[61025. 61875. 60727.]
Task is 43.00% complete.
t1_sim:[63402. 63339. 64163.] t2_sim:[63344. 63567. 61479.]
Task is 44.00% complete.
t1_sim:[59418. 58831. 59191.] t2_sim:[59826. 60926. 58674.]
Task is 45.00% complete.
t1_sim:[65455. 65220. 66703.] t2_sim:[62944. 64012. 61651.]
Task is 46.00% complete.
t1_sim:[65973. 65199. 64646.] t2_sim:[66904. 66252. 64756.]
Task is 47.00% complete.
t1_sim:[66724. 66779. 65885.] t2_sim:[58738. 58828. 55638.]
Task is 48.00% complete.
t1_sim:[65907. 65495. 64790.] t2_sim:[61654. 60973. 58323.]
Task is 49.00% complete.
t1_sim:[61162. 60757. 61165.] t2_sim:[58630. 59088. 56510.]
Task is 50.00% complete.
t1_sim:[63089. 63831. 65095.] t2_sim:[59293. 59777. 58938.]
Task is 51.00% complete.
t1_sim:[68186. 68145. 67079.] t2_sim:[60609. 61342. 58658.]
Task is 52.00% complete.
t1_sim:[58936. 60003. 59605.] t2_sim:[59577. 60135. 58437.]
Task is 53.00% complete.
t1_sim:[62232. 61966. 59586.] t2_sim:[55271. 55638. 53306.]
Task is 54.00% complete.
t1_sim:[64536. 65160. 64721.] t2_sim:[59379. 59334. 55788.]
Task is 55.00% complete.
t1_sim:[64521. 64452. 63245.] t2_sim:[67680. 68685. 65551.]
Task is 56.00% complete.
t1_sim:[64092. 63110. 62161.] t2_sim:[61548. 62146. 59530.]
Task is 57.00% complete.
t1_sim:[63836. 63683. 63189.] t2_sim:[61490. 60095. 57360.]
Task is 58.00% complete.
t1_sim:[71703. 71179. 70808.] t2_sim:[66081. 64693. 63592.]
Task is 59.00% complete.
t1_sim:[67077. 65901. 63109.] t2_sim:[57526. 57327. 54724.]
Task is 60.00% complete.
t1_sim:[61938. 60719. 62481.] t2_sim:[58240. 60075. 58324.]
Task is 61.00% complete.
t1_sim:[63714. 63708. 65942.] t2_sim:[55002. 56279. 54304.]
Task is 62.00% complete.
t1_sim:[67236. 66996. 65711.] t2_sim:[57059. 58044. 56446.]
Task is 63.00% complete.
t1_sim:[63693. 62595. 61647.] t2_sim:[56819. 57409. 53581.]
Task is 64.00% complete.
t1_sim:[54847. 55148. 55069.] t2_sim:[60672. 61356. 61124.]
Task is 65.00% complete.
t1_sim:[60581. 60572. 60287.] t2_sim:[64883. 65218. 62844.]
Task is 66.00% complete.
t1_sim:[65537. 64548. 63591.] t2_sim:[67046. 67402. 64403.]
Task is 67.00% complete.
t1_sim:[65594. 64878. 66265.] t2_sim:[67707. 68554. 66265.]
Task is 68.00% complete.
t1_sim:[65270. 64552. 66159.] t2_sim:[65887. 65491. 63150.]
Task is 69.00% complete.
t1_sim:[63269. 62879. 62534.] t2_sim:[61976. 62679. 59503.]
Task is 70.00% complete.
t1_sim:[62285. 61559. 60933.] t2_sim:[58176. 57901. 55894.]
Task is 71.00% complete.
t1_sim:[67155. 67127. 67324.] t2_sim:[59183. 59640. 57765.]
Task is 72.00% complete.
t1_sim:[60653. 60230. 59251.] t2_sim:[71748. 73288. 71117.]
Task is 73.00% complete.
t1_sim:[54278. 52518. 51715.] t2_sim:[59650. 60708. 59200.]
Task is 74.00% complete.
t1_sim:[60067. 60030. 59400.] t2_sim:[64575. 63126. 60514.]
Task is 75.00% complete.
t1_sim:[59639. 59656. 59277.] t2_sim:[59433. 61037. 58939.]
Task is 76.00% complete.
t1_sim:[65069. 64657. 64222.] t2_sim:[60140. 59577. 58216.]
Task is 77.00% complete.
t1_sim:[59372. 59731. 57451.] t2_sim:[66600. 65700. 65249.]
Task is 78.00% complete.
t1_sim:[69051. 68499. 67202.] t2_sim:[60271. 61158. 58075.]
Task is 79.00% complete.
t1_sim:[61851. 62169. 58862.] t2_sim:[59894. 58582. 57189.]
Task is 80.00% complete.
t1_sim:[61070. 62317. 62568.] t2_sim:[66215. 65296. 62016.]
Task is 81.00% complete.
t1_sim:[63148. 61805. 60454.] t2_sim:[67419. 66845. 65059.]
Task is 82.00% complete.
t1_sim:[66778. 65654. 63766.] t2_sim:[61778. 59515. 56997.]
Task is 83.00% complete.
t1_sim:[61359. 60452. 61873.] t2_sim:[60199. 60233. 59913.]
Task is 84.00% complete.
t1_sim:[63838. 63630. 61922.] t2_sim:[65124. 65539. 63938.]
Task is 85.00% complete.
t1_sim:[60816. 60596. 58861.] t2_sim:[64073. 63536. 62436.]
Task is 86.00% complete.
t1_sim:[59936. 58378. 57976.] t2_sim:[62369. 62025. 58951.]
Task is 87.00% complete.
t1_sim:[60802. 60823. 61838.] t2_sim:[62261. 62654. 61221.]
Task is 88.00% complete.
t1_sim:[66271. 67856. 67040.] t2_sim:[65995. 66677. 65693.]
Task is 89.00% complete.
t1_sim:[60201. 60900. 60380.] t2_sim:[62800. 62630. 59726.]
Task is 90.00% complete.
t1_sim:[66042. 65907. 64995.] t2_sim:[62603. 63379. 62476.]
Task is 91.00% complete.
t1_sim:[60394. 60565. 60284.] t2_sim:[63922. 64757. 62198.]
Task is 92.00% complete.
t1_sim:[67731. 69116. 68678.] t2_sim:[55216. 55780. 54451.]
Task is 93.00% complete.
t1_sim:[65757. 65661. 66549.] t2_sim:[61885. 62563. 63102.]
Task is 94.00% complete.
t1_sim:[61341. 59779. 59174.] t2_sim:[62566. 63308. 60317.]
Task is 95.00% complete.
t1_sim:[64684. 63720. 65061.] t2_sim:[63577. 63483. 61113.]
Task is 96.00% complete.
t1_sim:[58987. 58492. 56428.] t2_sim:[60791. 62461. 59340.]
Task is 97.00% complete.
t1_sim:[65227. 64849. 63708.] t2_sim:[59320. 58702. 58363.]
Task is 98.00% complete.
t1_sim:[66170. 66947. 66617.] t2_sim:[59626. 60838. 57100.]
Task is 99.00% complete.
t1_sim:[60272. 59912. 61973.] t2_sim:[64038. 63865. 61401.]
Training start
t1_obs:[array(91839.), array(86074.), array(73250.)] t2_obs:[array(95068.), array(85779.), array(74452.)]
corr_G1:[None, None, 0.48374508414706635] corr_G2:[None, None, 0.20187726192476432]
Training end
Task is 0.00% complete.
t1_sim:[63591. 63148. 63170.] t2_sim:[61215. 59687. 54684.]
Task is 1.00% complete.
t1_sim:[64045. 65391. 65305.] t2_sim:[66479. 67037. 63566.]
Task is 2.00% complete.
t1_sim:[60899. 60918. 58888.] t2_sim:[62267. 63234. 60058.]
Task is 3.00% complete.
t1_sim:[64380. 65072. 64211.] t2_sim:[64116. 63708. 60059.]
Task is 4.00% complete.
t1_sim:[60303. 59904. 59539.] t2_sim:[65012. 64449. 59555.]
Task is 5.00% complete.
t1_sim:[59276. 60105. 59529.] t2_sim:[59928. 59258. 54970.]
Task is 6.00% complete.
t1_sim:[58941. 57709. 57189.] t2_sim:[60211. 58884. 55867.]
Task is 7.00% complete.
t1_sim:[61175. 59710. 59131.] t2_sim:[58755. 58514. 55295.]
Task is 8.00% complete.
t1_sim:[61413. 61973. 62679.] t2_sim:[60648. 60578. 56113.]
Task is 9.00% complete.
t1_sim:[63972. 63708. 63848.] t2_sim:[61411. 61987. 57515.]
Task is 10.00% complete.
t1_sim:[68936. 70965. 70371.] t2_sim:[61076. 59356. 55138.]
Task is 11.00% complete.
t1_sim:[62559. 62243. 61201.] t2_sim:[63613. 62294. 58677.]
Task is 12.00% complete.
t1_sim:[65145. 64150. 63442.] t2_sim:[54308. 52674. 49702.]
Task is 13.00% complete.
t1_sim:[65075. 64804. 63387.] t2_sim:[68664. 68468. 64011.]
Task is 14.00% complete.
t1_sim:[59416. 59271. 59154.] t2_sim:[56453. 56027. 52891.]
Task is 15.00% complete.
t1_sim:[68000. 68381. 69079.] t2_sim:[62829. 61447. 58075.]
Task is 16.00% complete.
t1_sim:[61938. 61285. 62123.] t2_sim:[58581. 59163. 54149.]
Task is 17.00% complete.
t1_sim:[67437. 66678. 64214.] t2_sim:[64135. 63304. 58636.]
Task is 18.00% complete.
t1_sim:[61551. 61181. 59671.] t2_sim:[63125. 62149. 57815.]
Task is 19.00% complete.
t1_sim:[60308. 60711. 60767.] t2_sim:[59926. 60332. 54489.]
Task is 20.00% complete.
t1_sim:[61470. 60440. 61773.] t2_sim:[57768. 57256. 53869.]
Task is 21.00% complete.
t1_sim:[64770. 65009. 66490.] t2_sim:[62397. 62561. 59172.]
Task is 22.00% complete.
t1_sim:[63688. 62815. 62228.] t2_sim:[62322. 62192. 56865.]
Task is 23.00% complete.
t1_sim:[60215. 59912. 60053.] t2_sim:[64316. 64439. 59933.]
Task is 24.00% complete.
t1_sim:[56526. 56282. 58218.] t2_sim:[59363. 59236. 54523.]
Task is 25.00% complete.
t1_sim:[66351. 66746. 64096.] t2_sim:[63803. 63316. 57711.]
Task is 26.00% complete.
t1_sim:[59373. 59606. 59723.] t2_sim:[59902. 59623. 54980.]
Task is 27.00% complete.
t1_sim:[65098. 64516. 65004.] t2_sim:[66556. 65667. 59840.]
Task is 28.00% complete.
t1_sim:[63345. 64652. 65113.] t2_sim:[64093. 63448. 59494.]
Task is 29.00% complete.
t1_sim:[69185. 68911. 70616.] t2_sim:[56932. 56707. 52883.]
Task is 30.00% complete.
t1_sim:[62035. 61879. 62802.] t2_sim:[63825. 62888. 57910.]
Task is 31.00% complete.
t1_sim:[61539. 61160. 60513.] t2_sim:[62830. 63426. 59884.]
Task is 32.00% complete.
t1_sim:[64217. 64171. 64776.] t2_sim:[60432. 59314. 56578.]
Task is 33.00% complete.
t1_sim:[63860. 64260. 65607.] t2_sim:[59555. 58923. 55527.]
Task is 34.00% complete.
t1_sim:[65101. 65475. 66595.] t2_sim:[61372. 61384. 58026.]
Task is 35.00% complete.
t1_sim:[59466. 59270. 58968.] t2_sim:[64752. 64456. 61357.]
Task is 36.00% complete.
t1_sim:[62050. 62315. 61324.] t2_sim:[62640. 62093. 57858.]
Task is 37.00% complete.
t1_sim:[65509. 65261. 65313.] t2_sim:[61525. 60976. 58666.]
Task is 38.00% complete.
t1_sim:[64420. 64457. 67035.] t2_sim:[59861. 60094. 55891.]
Task is 39.00% complete.
t1_sim:[54071. 55112. 53538.] t2_sim:[67144. 67272. 64133.]
Task is 40.00% complete.
t1_sim:[62423. 62882. 62538.] t2_sim:[64482. 64322. 58502.]
Task is 41.00% complete.
t1_sim:[62164. 61254. 61712.] t2_sim:[64950. 64739. 58987.]
Task is 42.00% complete.
t1_sim:[63145. 63511. 65073.] t2_sim:[63640. 64271. 59786.]
Task is 43.00% complete.
t1_sim:[59564. 59727. 61704.] t2_sim:[67156. 66240. 60324.]
Task is 44.00% complete.
t1_sim:[57516. 59076. 57420.] t2_sim:[64646. 65607. 61318.]
Task is 45.00% complete.
t1_sim:[63229. 63123. 61478.] t2_sim:[66697. 68212. 64610.]
Task is 46.00% complete.
t1_sim:[58394. 58279. 58287.] t2_sim:[61567. 60889. 56903.]
Task is 47.00% complete.
t1_sim:[62002. 63776. 62049.] t2_sim:[65969. 64360. 61057.]
Task is 48.00% complete.
t1_sim:[66787. 66723. 66726.] t2_sim:[64523. 66202. 63557.]
Task is 49.00% complete.
t1_sim:[57838. 58333. 59422.] t2_sim:[58124. 59214. 53987.]
Task is 50.00% complete.
t1_sim:[64177. 64658. 64197.] t2_sim:[61152. 62769. 57565.]
Task is 51.00% complete.
t1_sim:[60752. 59738. 60638.] t2_sim:[62318. 59872. 55854.]
Task is 52.00% complete.
t1_sim:[57616. 57927. 59198.] t2_sim:[66286. 66929. 62909.]
Task is 53.00% complete.
t1_sim:[60083. 60208. 60351.] t2_sim:[60674. 59915. 56196.]
Task is 54.00% complete.
t1_sim:[60742. 60631. 62909.] t2_sim:[60701. 60375. 56867.]
Task is 55.00% complete.
t1_sim:[70412. 69714. 69626.] t2_sim:[63347. 64803. 59064.]
Task is 56.00% complete.
t1_sim:[68088. 68949. 68260.] t2_sim:[63362. 63046. 57438.]
Task is 57.00% complete.
t1_sim:[64657. 65192. 63257.] t2_sim:[66092. 66436. 62353.]
Task is 58.00% complete.
t1_sim:[66641. 66737. 67234.] t2_sim:[59012. 56670. 54026.]
Task is 59.00% complete.
t1_sim:[61656. 62099. 60386.] t2_sim:[64012. 64684. 59493.]
Task is 60.00% complete.
t1_sim:[59743. 60452. 60798.] t2_sim:[64393. 63604. 59233.]
Task is 61.00% complete.
t1_sim:[58231. 58781. 59905.] t2_sim:[60477. 61767. 56834.]
Task is 62.00% complete.
t1_sim:[62408. 62972. 63616.] t2_sim:[62036. 62343. 57274.]
Task is 63.00% complete.
t1_sim:[60173. 60346. 62938.] t2_sim:[58762. 58724. 55021.]
Task is 64.00% complete.
t1_sim:[65208. 64814. 65719.] t2_sim:[59988. 60745. 56922.]
Task is 65.00% complete.
t1_sim:[67621. 67733. 67948.] t2_sim:[63029. 63314. 59653.]
Task is 66.00% complete.
t1_sim:[64220. 64832. 65376.] t2_sim:[61274. 60979. 56985.]
Task is 67.00% complete.
t1_sim:[69541. 70371. 71413.] t2_sim:[66594. 67544. 62497.]
Task is 68.00% complete.
t1_sim:[63178. 62723. 64130.] t2_sim:[60826. 60576. 56625.]
Task is 69.00% complete.
t1_sim:[62452. 62893. 61986.] t2_sim:[59564. 59053. 56252.]
Task is 70.00% complete.
t1_sim:[57596. 58238. 58015.] t2_sim:[63985. 62916. 57200.]
Task is 71.00% complete.
t1_sim:[67500. 67837. 68097.] t2_sim:[68479. 68360. 62186.]
Task is 72.00% complete.
t1_sim:[61186. 60765. 63732.] t2_sim:[69015. 67889. 62941.]
Task is 73.00% complete.
t1_sim:[61034. 61698. 61400.] t2_sim:[63629. 63052. 58427.]
Task is 74.00% complete.
t1_sim:[63901. 63516. 63283.] t2_sim:[62523. 62924. 59565.]
Task is 75.00% complete.
t1_sim:[64554. 65075. 64914.] t2_sim:[58743. 58437. 55398.]
Task is 76.00% complete.
t1_sim:[54729. 54152. 55574.] t2_sim:[60366. 60257. 56008.]
Task is 77.00% complete.
t1_sim:[64630. 63824. 62221.] t2_sim:[58590. 58486. 55474.]
Task is 78.00% complete.
t1_sim:[57591. 57542. 56712.] t2_sim:[66496. 65277. 61283.]
Task is 79.00% complete.
t1_sim:[63293. 63910. 65225.] t2_sim:[65714. 65479. 62130.]
Task is 80.00% complete.
t1_sim:[56731. 56386. 57761.] t2_sim:[60081. 60939. 56077.]
Task is 81.00% complete.
t1_sim:[59112. 60579. 58951.] t2_sim:[58897. 59063. 55439.]
Task is 82.00% complete.
t1_sim:[63744. 62947. 64721.] t2_sim:[61303. 61607. 58675.]
Task is 83.00% complete.
t1_sim:[57802. 57120. 55847.] t2_sim:[62462. 62654. 58161.]
Task is 84.00% complete.
t1_sim:[62350. 61087. 62233.] t2_sim:[65647. 65903. 58856.]
Task is 85.00% complete.
t1_sim:[65071. 64675. 64521.] t2_sim:[65961. 66793. 62736.]
Task is 86.00% complete.
t1_sim:[63720. 62919. 61616.] t2_sim:[62949. 63208. 57654.]
Task is 87.00% complete.
t1_sim:[66753. 67271. 66148.] t2_sim:[60461. 59327. 53440.]
Task is 88.00% complete.
t1_sim:[56129. 55843. 54414.] t2_sim:[65191. 64503. 59099.]
Task is 89.00% complete.
t1_sim:[68312. 68789. 69640.] t2_sim:[61602. 60785. 53041.]
Task is 90.00% complete.
t1_sim:[64526. 64179. 63674.] t2_sim:[57487. 57273. 54315.]
Task is 91.00% complete.
t1_sim:[65956. 65255. 63315.] t2_sim:[59122. 59102. 55648.]
Task is 92.00% complete.
t1_sim:[70383. 70326. 67960.] t2_sim:[59359. 58988. 56322.]
Task is 93.00% complete.
t1_sim:[67883. 68568. 69064.] t2_sim:[62606. 62637. 59190.]
Task is 94.00% complete.
t1_sim:[55376. 54255. 53576.] t2_sim:[65783. 66490. 63537.]
Task is 95.00% complete.
t1_sim:[60059. 60233. 60945.] t2_sim:[65660. 65625. 63427.]
Task is 96.00% complete.
t1_sim:[59513. 59651. 58719.] t2_sim:[63949. 63673. 60277.]
Task is 97.00% complete.
t1_sim:[63141. 63693. 65495.] t2_sim:[64979. 63286. 60604.]
Task is 98.00% complete.
t1_sim:[66531. 67836. 66840.] t2_sim:[63542. 63573. 59089.]
Task is 99.00% complete.
t1_sim:[64427. 63617. 62862.] t2_sim:[62374. 62275. 58645.]
Finished
