/scratch/jz4721/Post-prediction-Causal-Inference/venv/lib/python3.8/site-packages/numpy/core/getlimits.py:518: UserWarning: The value of the smallest subnormal for <class 'numpy.float64'> type is zero.
  setattr(self, word, getattr(machar, word).flat[0])
/scratch/jz4721/Post-prediction-Causal-Inference/venv/lib/python3.8/site-packages/numpy/core/getlimits.py:89: UserWarning: The value of the smallest subnormal for <class 'numpy.float64'> type is zero.
  return self._float_to_str(self.smallest_subnormal)
/scratch/jz4721/Post-prediction-Causal-Inference/venv/lib/python3.8/site-packages/numpy/core/getlimits.py:518: UserWarning: The value of the smallest subnormal for <class 'numpy.float32'> type is zero.
  setattr(self, word, getattr(machar, word).flat[0])
/scratch/jz4721/Post-prediction-Causal-Inference/venv/lib/python3.8/site-packages/numpy/core/getlimits.py:89: UserWarning: The value of the smallest subnormal for <class 'numpy.float32'> type is zero.
  return self._float_to_str(self.smallest_subnormal)
Begin
Training start
t1_obs:[array(98198.), array(85142.), array(75345.)] t2_obs:[array(95318.), array(83330.), array(76669.)]
corr_G1:[None, None, 0] corr_G2:[None, None, 2.6467664754651145e-18]
Training end
Task is 0.00% complete.
t1_sim:[61904. 62593. 67627.] t2_sim:[60835. 61365. 64345.]
Task is 1.00% complete.
t1_sim:[62608. 61502. 61912.] t2_sim:[62072. 62353. 62963.]
Task is 2.00% complete.
t1_sim:[60340. 60705. 61751.] t2_sim:[58971. 57324. 58323.]
Task is 3.00% complete.
t1_sim:[61300. 63081. 62514.] t2_sim:[60892. 60931. 61798.]
Task is 4.00% complete.
t1_sim:[59953. 60100. 63864.] t2_sim:[64242. 63398. 62319.]
Task is 5.00% complete.
t1_sim:[63525. 62476. 59968.] t2_sim:[63985. 63773. 64672.]
Task is 6.00% complete.
t1_sim:[60616. 60282. 58901.] t2_sim:[67368. 67693. 68594.]
Task is 7.00% complete.
t1_sim:[69553. 69768. 69514.] t2_sim:[66709. 66769. 66792.]
Task is 8.00% complete.
t1_sim:[62537. 61921. 60602.] t2_sim:[55628. 56780. 58580.]
Task is 9.00% complete.
t1_sim:[56222. 56246. 55193.] t2_sim:[65299. 65819. 64666.]
Task is 10.00% complete.
t1_sim:[58258. 58713. 62261.] t2_sim:[60749. 60127. 61847.]
Task is 11.00% complete.
t1_sim:[69119. 67431. 67442.] t2_sim:[59060. 58805. 60441.]
Task is 12.00% complete.
t1_sim:[63065. 62076. 61179.] t2_sim:[61516. 63402. 63307.]
Task is 13.00% complete.
t1_sim:[66372. 65832. 66384.] t2_sim:[57927. 57325. 60601.]
Task is 14.00% complete.
t1_sim:[61932. 63430. 60980.] t2_sim:[67892. 69214. 68634.]
Task is 15.00% complete.
t1_sim:[61941. 62014. 60939.] t2_sim:[62798. 62889. 62105.]
Task is 16.00% complete.
t1_sim:[66402. 66136. 61960.] t2_sim:[59731. 59849. 59901.]
Task is 17.00% complete.
t1_sim:[68004. 68495. 64938.] t2_sim:[65055. 64116. 63962.]
Task is 18.00% complete.
t1_sim:[61507. 62451. 63120.] t2_sim:[64942. 65620. 63202.]
Task is 19.00% complete.
t1_sim:[61662. 62169. 62727.] t2_sim:[57561. 58308. 57491.]
Task is 20.00% complete.
t1_sim:[58240. 58332. 62121.] t2_sim:[59996. 59358. 60828.]
Task is 21.00% complete.
t1_sim:[59269. 60958. 65505.] t2_sim:[63144. 62628. 63096.]
Task is 22.00% complete.
t1_sim:[61280. 62908. 63038.] t2_sim:[64237. 63940. 60502.]
Task is 23.00% complete.
t1_sim:[59234. 58455. 60521.] t2_sim:[60833. 62664. 58354.]
Task is 24.00% complete.
t1_sim:[63154. 64031. 61811.] t2_sim:[70672. 69415. 70178.]
Task is 25.00% complete.
t1_sim:[62812. 61581. 61478.] t2_sim:[61894. 61842. 64515.]
Task is 26.00% complete.
t1_sim:[61754. 63059. 62973.] t2_sim:[65321. 66348. 63501.]
Task is 27.00% complete.
t1_sim:[60271. 61523. 65436.] t2_sim:[61225. 60281. 63382.]
Task is 28.00% complete.
t1_sim:[58626. 58352. 59768.] t2_sim:[59626. 58687. 59709.]
Task is 29.00% complete.
t1_sim:[63085. 63898. 62473.] t2_sim:[69972. 70889. 69555.]
Task is 30.00% complete.
t1_sim:[59309. 58800. 59853.] t2_sim:[60427. 60736. 59564.]
Task is 31.00% complete.
t1_sim:[68241. 69458. 66397.] t2_sim:[61077. 61105. 61258.]
Task is 32.00% complete.
t1_sim:[60883. 60200. 56696.] t2_sim:[65680. 63973. 63182.]
Task is 33.00% complete.
t1_sim:[66869. 66973. 64714.] t2_sim:[65035. 64844. 66874.]
Task is 34.00% complete.
t1_sim:[58272. 58867. 62147.] t2_sim:[63219. 63097. 64498.]
Task is 35.00% complete.
t1_sim:[64962. 65177. 64074.] t2_sim:[58986. 59177. 60186.]
Task is 36.00% complete.
t1_sim:[61638. 61023. 64862.] t2_sim:[64894. 63511. 64961.]
Task is 37.00% complete.
t1_sim:[61147. 61640. 67354.] t2_sim:[64104. 64130. 62984.]
Task is 38.00% complete.
t1_sim:[62605. 63265. 62814.] t2_sim:[66047. 64654. 62477.]
Task is 39.00% complete.
t1_sim:[61710. 64158. 65224.] t2_sim:[61147. 60481. 61009.]
Task is 40.00% complete.
t1_sim:[58708. 57257. 56042.] t2_sim:[59410. 59124. 61012.]
Task is 41.00% complete.
t1_sim:[62477. 62015. 63912.] t2_sim:[62125. 62962. 62183.]
Task is 42.00% complete.
t1_sim:[63553. 63817. 59956.] t2_sim:[67418. 64399. 69271.]
Task is 43.00% complete.
t1_sim:[63625. 63496. 60580.] t2_sim:[66078. 64361. 65125.]
Task is 44.00% complete.
t1_sim:[63854. 63079. 62908.] t2_sim:[61070. 59784. 57861.]
Task is 45.00% complete.
t1_sim:[66244. 65166. 66136.] t2_sim:[65708. 64957. 64615.]
Task is 46.00% complete.
t1_sim:[67452. 66943. 67699.] t2_sim:[68884. 68481. 70137.]
Task is 47.00% complete.
t1_sim:[58592. 60080. 59871.] t2_sim:[64864. 63477. 60967.]
Task is 48.00% complete.
t1_sim:[60175. 60713. 60907.] t2_sim:[59118. 59291. 60286.]
Task is 49.00% complete.
t1_sim:[59189. 59601. 59730.] t2_sim:[67860. 66739. 64585.]
Task is 50.00% complete.
t1_sim:[62808. 63614. 65992.] t2_sim:[56498. 58630. 58231.]
Task is 51.00% complete.
t1_sim:[58511. 58726. 59618.] t2_sim:[65769. 65217. 65652.]
Task is 52.00% complete.
t1_sim:[57062. 56387. 58900.] t2_sim:[68658. 68214. 68594.]
Task is 53.00% complete.
t1_sim:[59935. 61172. 58191.] t2_sim:[59636. 60433. 61595.]
Task is 54.00% complete.
t1_sim:[68162. 68338. 69027.] t2_sim:[62077. 61972. 62285.]
Task is 55.00% complete.
t1_sim:[65332. 65141. 66785.] t2_sim:[65940. 65244. 62965.]
Task is 56.00% complete.
t1_sim:[60667. 60801. 62545.] t2_sim:[63474. 63866. 64914.]
Task is 57.00% complete.
t1_sim:[60647. 60908. 57874.] t2_sim:[63158. 63474. 64921.]
Task is 58.00% complete.
t1_sim:[65833. 65877. 67015.] t2_sim:[65087. 67050. 64305.]
Task is 59.00% complete.
t1_sim:[61111. 61270. 59865.] t2_sim:[65953. 66879. 62937.]
Task is 60.00% complete.
t1_sim:[61405. 61196. 62566.] t2_sim:[57253. 55750. 53976.]
Task is 61.00% complete.
t1_sim:[61773. 63125. 62636.] t2_sim:[58771. 56482. 59635.]
Task is 62.00% complete.
t1_sim:[61109. 61007. 58626.] t2_sim:[62216. 63561. 60033.]
Task is 63.00% complete.
t1_sim:[69139. 67470. 65096.] t2_sim:[70030. 70184. 71927.]
Task is 64.00% complete.
t1_sim:[58249. 59538. 60093.] t2_sim:[55971. 56525. 57967.]
Task is 65.00% complete.
t1_sim:[63954. 63136. 64325.] t2_sim:[64449. 66137. 62027.]
Task is 66.00% complete.
t1_sim:[63690. 63752. 62749.] t2_sim:[59116. 60935. 59461.]
Task is 67.00% complete.
t1_sim:[62580. 62535. 62467.] t2_sim:[61682. 61237. 58114.]
Task is 68.00% complete.
t1_sim:[70239. 69931. 67814.] t2_sim:[61209. 63116. 60609.]
Task is 69.00% complete.
t1_sim:[62576. 61962. 60731.] t2_sim:[61401. 61778. 62873.]
Task is 70.00% complete.
t1_sim:[61945. 60217. 63587.] t2_sim:[71230. 70513. 70261.]
Task is 71.00% complete.
t1_sim:[64015. 63671. 61467.] t2_sim:[64588. 63795. 64135.]
Task is 72.00% complete.
t1_sim:[62005. 60968. 58619.] t2_sim:[62212. 62501. 62875.]
Task is 73.00% complete.
t1_sim:[60596. 60483. 60151.] t2_sim:[67981. 66738. 64940.]
Task is 74.00% complete.
t1_sim:[62703. 62547. 64671.] t2_sim:[62146. 61166. 60724.]
Task is 75.00% complete.
t1_sim:[60038. 58893. 60634.] t2_sim:[61716. 60093. 59925.]
Task is 76.00% complete.
t1_sim:[59424. 61125. 60192.] t2_sim:[62039. 61109. 64582.]
Task is 77.00% complete.
t1_sim:[64652. 64527. 64010.] t2_sim:[65784. 65951. 66357.]
Task is 78.00% complete.
t1_sim:[63757. 66089. 65132.] t2_sim:[61845. 62004. 62446.]
Task is 79.00% complete.
t1_sim:[61431. 62213. 62835.] t2_sim:[67629. 68985. 69113.]
Task is 80.00% complete.
t1_sim:[58366. 57732. 62904.] t2_sim:[61437. 61179. 64673.]
Task is 81.00% complete.
t1_sim:[60378. 59935. 62916.] t2_sim:[64290. 66192. 63817.]
Task is 82.00% complete.
t1_sim:[66984. 65366. 66908.] t2_sim:[59107. 60664. 58961.]
Task is 83.00% complete.
t1_sim:[65666. 66010. 65886.] t2_sim:[61560. 63062. 61223.]
Task is 84.00% complete.
t1_sim:[64607. 63653. 63675.] t2_sim:[65126. 64367. 66629.]
Task is 85.00% complete.
t1_sim:[64115. 63697. 64522.] t2_sim:[67820. 67615. 65170.]
Task is 86.00% complete.
t1_sim:[65195. 65029. 63966.] t2_sim:[67310. 66447. 66637.]
Task is 87.00% complete.
t1_sim:[60986. 60116. 59601.] t2_sim:[59694. 60007. 58579.]
Task is 88.00% complete.
t1_sim:[63716. 64446. 62909.] t2_sim:[57528. 58118. 60124.]
Task is 89.00% complete.
t1_sim:[64963. 64022. 64001.] t2_sim:[61385. 60621. 60555.]
Task is 90.00% complete.
t1_sim:[61963. 61474. 60848.] t2_sim:[61114. 62218. 63574.]
Task is 91.00% complete.
t1_sim:[62975. 64561. 62535.] t2_sim:[56027. 55907. 59590.]
Task is 92.00% complete.
t1_sim:[63045. 62817. 61555.] t2_sim:[62172. 61743. 65732.]
Task is 93.00% complete.
t1_sim:[62108. 63448. 61520.] t2_sim:[65181. 65658. 64399.]
Task is 94.00% complete.
t1_sim:[59007. 59009. 61039.] t2_sim:[62161. 62872. 61179.]
Task is 95.00% complete.
t1_sim:[67320. 67766. 66838.] t2_sim:[63860. 63628. 61279.]
Task is 96.00% complete.
t1_sim:[65499. 66023. 68107.] t2_sim:[60055. 59321. 59728.]
Task is 97.00% complete.
t1_sim:[54828. 54368. 56749.] t2_sim:[63672. 62383. 62872.]
Task is 98.00% complete.
t1_sim:[64604. 64172. 59991.] t2_sim:[60416. 60958. 62724.]
Task is 99.00% complete.
t1_sim:[65615. 65810. 65865.] t2_sim:[66349. 66132. 66680.]
Training start
t1_obs:[array(98198.), array(85142.), array(82062.)] t2_obs:[array(95318.), array(83330.), array(79080.)]
corr_G1:[None, None, 0.9772489894068543] corr_G2:[None, None, 0.955105654458657]
Training end
Task is 0.00% complete.
t1_sim:[63840. 62872. 63050.] t2_sim:[63981. 65825. 66835.]
Task is 1.00% complete.
t1_sim:[65726. 65240. 66073.] t2_sim:[60356. 61225. 61639.]
Task is 2.00% complete.
t1_sim:[64331. 65084. 64643.] t2_sim:[60407. 60926. 60498.]
Task is 3.00% complete.
t1_sim:[63010. 62369. 63119.] t2_sim:[59971. 58581. 60453.]
Task is 4.00% complete.
t1_sim:[65185. 64474. 64120.] t2_sim:[58137. 58888. 58675.]
Task is 5.00% complete.
t1_sim:[61319. 61589. 59991.] t2_sim:[65179. 66176. 67210.]
Task is 6.00% complete.
t1_sim:[62467. 63454. 62166.] t2_sim:[63031. 63344. 64264.]
Task is 7.00% complete.
t1_sim:[63496. 64044. 63748.] t2_sim:[60084. 61921. 62671.]
Task is 8.00% complete.
t1_sim:[59822. 58927. 58386.] t2_sim:[65114. 64051. 63575.]
Task is 9.00% complete.
t1_sim:[58876. 57385. 57913.] t2_sim:[60343. 61268. 62711.]
Task is 10.00% complete.
t1_sim:[69563. 68607. 68966.] t2_sim:[60870. 60818. 61580.]
Task is 11.00% complete.
t1_sim:[62852. 61483. 61992.] t2_sim:[56170. 57162. 58193.]
Task is 12.00% complete.
t1_sim:[72343. 72304. 71623.] t2_sim:[59386. 58500. 58884.]
Task is 13.00% complete.
t1_sim:[62099. 60980. 62630.] t2_sim:[64493. 63517. 64273.]
Task is 14.00% complete.
t1_sim:[65817. 65000. 65059.] t2_sim:[62461. 61224. 61665.]
Task is 15.00% complete.
t1_sim:[61649. 63315. 62466.] t2_sim:[63796. 62962. 63245.]
Task is 16.00% complete.
t1_sim:[62512. 62989. 61984.] t2_sim:[59249. 59808. 60871.]
Task is 17.00% complete.
t1_sim:[64715. 64994. 64254.] t2_sim:[59623. 60236. 60021.]
Task is 18.00% complete.
t1_sim:[61050. 62557. 61211.] t2_sim:[59497. 60817. 60247.]
Task is 19.00% complete.
t1_sim:[66673. 66695. 65639.] t2_sim:[60365. 60234. 59213.]
Task is 20.00% complete.
t1_sim:[58143. 58099. 58527.] t2_sim:[60439. 60837. 60582.]
Task is 21.00% complete.
t1_sim:[67026. 66317. 65295.] t2_sim:[64695. 62867. 64897.]
Task is 22.00% complete.
t1_sim:[52804. 52752. 52852.] t2_sim:[60214. 61130. 62480.]
Task is 23.00% complete.
t1_sim:[62068. 60338. 59072.] t2_sim:[60967. 59198. 60380.]
Task is 24.00% complete.
t1_sim:[67126. 65565. 65397.] t2_sim:[67090. 65820. 65514.]
Task is 25.00% complete.
t1_sim:[64652. 65163. 64582.] t2_sim:[58941. 59275. 59243.]
Task is 26.00% complete.
t1_sim:[61068. 61254. 60834.] t2_sim:[62813. 62521. 60744.]
Task is 27.00% complete.
t1_sim:[64381. 65334. 65756.] t2_sim:[62525. 63629. 62606.]
Task is 28.00% complete.
t1_sim:[65568. 66078. 64799.] t2_sim:[57638. 57678. 59217.]
Task is 29.00% complete.
t1_sim:[57698. 58769. 57691.] t2_sim:[62213. 63258. 62437.]
Task is 30.00% complete.
t1_sim:[64523. 63294. 61770.] t2_sim:[70135. 71104. 68536.]
Task is 31.00% complete.
t1_sim:[68635. 68043. 65690.] t2_sim:[62574. 61627. 62670.]
Task is 32.00% complete.
t1_sim:[65082. 63611. 65185.] t2_sim:[64964. 64911. 63348.]
Task is 33.00% complete.
t1_sim:[62938. 63029. 62101.] t2_sim:[68144. 68214. 67843.]
Task is 34.00% complete.
t1_sim:[64777. 64897. 65589.] t2_sim:[56027. 57345. 58395.]
Task is 35.00% complete.
t1_sim:[64324. 65439. 64286.] t2_sim:[63847. 64288. 63233.]
Task is 36.00% complete.
t1_sim:[68184. 65920. 68356.] t2_sim:[62500. 62626. 60937.]
Task is 37.00% complete.
t1_sim:[65210. 64142. 63164.] t2_sim:[59705. 60883. 61728.]
Task is 38.00% complete.
t1_sim:[62698. 63496. 63931.] t2_sim:[60762. 58117. 57229.]
Task is 39.00% complete.
t1_sim:[64203. 65670. 64660.] t2_sim:[62320. 62404. 63212.]
Task is 40.00% complete.
t1_sim:[65960. 65337. 63028.] t2_sim:[59141. 58217. 57082.]
Task is 41.00% complete.
t1_sim:[63599. 63607. 63374.] t2_sim:[61731. 62480. 61911.]
Task is 42.00% complete.
t1_sim:[62281. 61257. 59445.] t2_sim:[60390. 60108. 60546.]
Task is 43.00% complete.
t1_sim:[62591. 63577. 62918.] t2_sim:[63654. 64931. 64279.]
Task is 44.00% complete.
t1_sim:[65156. 66583. 66060.] t2_sim:[61546. 62219. 61130.]
Task is 45.00% complete.
t1_sim:[60501. 60118. 61908.] t2_sim:[61119. 62009. 61755.]
Task is 46.00% complete.
t1_sim:[54617. 55470. 57165.] t2_sim:[63758. 63072. 62692.]
Task is 47.00% complete.
t1_sim:[59517. 59958. 59069.] t2_sim:[63039. 63393. 63515.]
Task is 48.00% complete.
t1_sim:[66991. 65303. 64340.] t2_sim:[65211. 65089. 64668.]
Task is 49.00% complete.
t1_sim:[63957. 64366. 63328.] t2_sim:[57013. 58300. 57288.]
Task is 50.00% complete.
t1_sim:[58485. 61140. 60655.] t2_sim:[65100. 64579. 64212.]
Task is 51.00% complete.
t1_sim:[64329. 62854. 61811.] t2_sim:[63320. 63383. 62970.]
Task is 52.00% complete.
t1_sim:[65653. 65543. 64259.] t2_sim:[65059. 67928. 65068.]
Task is 53.00% complete.
t1_sim:[64977. 65995. 65707.] t2_sim:[63877. 62831. 63008.]
Task is 54.00% complete.
t1_sim:[60378. 61258. 62233.] t2_sim:[70248. 70592. 69033.]
Task is 55.00% complete.
t1_sim:[59942. 59760. 59986.] t2_sim:[65307. 64711. 65407.]
Task is 56.00% complete.
t1_sim:[66364. 66656. 65968.] t2_sim:[61579. 60741. 61183.]
Task is 57.00% complete.
t1_sim:[61740. 63631. 62471.] t2_sim:[62692. 63067. 63761.]
Task is 58.00% complete.
t1_sim:[60730. 59795. 60603.] t2_sim:[56778. 58327. 60329.]
Task is 59.00% complete.
t1_sim:[63669. 62616. 61001.] t2_sim:[56285. 57431. 57166.]
Task is 60.00% complete.
t1_sim:[63822. 64560. 63832.] t2_sim:[63107. 64034. 63631.]
Task is 61.00% complete.
t1_sim:[60540. 60650. 60761.] t2_sim:[61067. 61817. 61794.]
Task is 62.00% complete.
t1_sim:[61380. 60785. 60930.] t2_sim:[65879. 66182. 65305.]
Task is 63.00% complete.
t1_sim:[61492. 60577. 58639.] t2_sim:[66444. 65038. 65131.]
Task is 64.00% complete.
t1_sim:[65926. 64145. 65525.] t2_sim:[63402. 61598. 62400.]
Task is 65.00% complete.
t1_sim:[58052. 59025. 57415.] t2_sim:[62361. 62220. 61361.]
Task is 66.00% complete.
t1_sim:[56135. 57085. 58079.] t2_sim:[62753. 61276. 61315.]
Task is 67.00% complete.
t1_sim:[65491. 65881. 66115.] t2_sim:[63140. 62930. 64427.]
Task is 68.00% complete.
t1_sim:[63141. 62792. 62287.] t2_sim:[60024. 60601. 59978.]
Task is 69.00% complete.
t1_sim:[64855. 63948. 62963.] t2_sim:[60071. 60428. 59735.]
Task is 70.00% complete.
t1_sim:[60927. 59597. 60736.] t2_sim:[65063. 65332. 66160.]
Task is 71.00% complete.
t1_sim:[62200. 63071. 64328.] t2_sim:[64939. 65460. 63798.]
Task is 72.00% complete.
t1_sim:[66388. 66542. 64245.] t2_sim:[63668. 63593. 63968.]
Task is 73.00% complete.
t1_sim:[60455. 59516. 58794.] t2_sim:[63779. 63251. 61929.]
Task is 74.00% complete.
t1_sim:[63366. 63509. 62786.] t2_sim:[61601. 62548. 63111.]
Task is 75.00% complete.
t1_sim:[60309. 60407. 58960.] t2_sim:[57541. 57026. 56801.]
Task is 76.00% complete.
t1_sim:[58916. 60164. 58512.] t2_sim:[63807. 61956. 61124.]
Task is 77.00% complete.
t1_sim:[65507. 64955. 64831.] t2_sim:[61076. 62703. 63122.]
Task is 78.00% complete.
t1_sim:[62248. 63047. 64069.] t2_sim:[60650. 61619. 61690.]
Task is 79.00% complete.
t1_sim:[69432. 69511. 68872.] t2_sim:[62307. 61335. 60742.]
Task is 80.00% complete.
t1_sim:[69356. 71035. 69196.] t2_sim:[60455. 60749. 62647.]
Task is 81.00% complete.
t1_sim:[62300. 61737. 63109.] t2_sim:[62451. 62110. 62276.]
Task is 82.00% complete.
t1_sim:[63452. 61407. 62212.] t2_sim:[57930. 58929. 60058.]
Task is 83.00% complete.
t1_sim:[64869. 64701. 65269.] t2_sim:[65749. 66725. 66678.]
Task is 84.00% complete.
t1_sim:[64688. 64041. 62113.] t2_sim:[63068. 62240. 63058.]
Task is 85.00% complete.
t1_sim:[62662. 64966. 64245.] t2_sim:[63359. 63210. 62822.]
Task is 86.00% complete.
t1_sim:[63995. 63289. 62564.] t2_sim:[64058. 64580. 64497.]
Task is 87.00% complete.
t1_sim:[68131. 67281. 68229.] t2_sim:[70155. 67551. 66548.]
Task is 88.00% complete.
t1_sim:[64624. 63475. 63539.] t2_sim:[61361. 61135. 62140.]
Task is 89.00% complete.
t1_sim:[59540. 60782. 61615.] t2_sim:[59283. 59918. 59559.]
Task is 90.00% complete.
t1_sim:[65499. 64164. 64254.] t2_sim:[64923. 64638. 62966.]
Task is 91.00% complete.
t1_sim:[62748. 64932. 63912.] t2_sim:[62620. 62665. 61320.]
Task is 92.00% complete.
t1_sim:[67834. 68412. 67392.] t2_sim:[59057. 58801. 59953.]
Task is 93.00% complete.
t1_sim:[59678. 60063. 61039.] t2_sim:[70208. 70378. 70782.]
Task is 94.00% complete.
t1_sim:[61651. 61132. 61470.] t2_sim:[71814. 71561. 70787.]
Task is 95.00% complete.
t1_sim:[66475. 67823. 68126.] t2_sim:[64020. 63734. 64463.]
Task is 96.00% complete.
t1_sim:[61871. 63072. 61920.] t2_sim:[53952. 55483. 57961.]
Task is 97.00% complete.
t1_sim:[65083. 64835. 64699.] t2_sim:[60457. 60995. 62109.]
Task is 98.00% complete.
t1_sim:[65151. 62714. 62746.] t2_sim:[69013. 68537. 68264.]
Task is 99.00% complete.
t1_sim:[63779. 61103. 61125.] t2_sim:[60639. 60612. 62404.]
Training start
t1_obs:[array(98198.), array(85142.), array(77942.)] t2_obs:[array(95318.), array(83330.), array(76599.)]
corr_G1:[None, None, 0.10520077425809723] corr_G2:[None, None, 0.42691771944030515]
Training end
Task is 0.00% complete.
t1_sim:[62629. 64048. 56470.] t2_sim:[60573. 59531. 57679.]
Task is 1.00% complete.
t1_sim:[63248. 62337. 58705.] t2_sim:[63343. 64258. 60477.]
Task is 2.00% complete.
t1_sim:[58290. 60573. 55495.] t2_sim:[59933. 58240. 56788.]
Task is 3.00% complete.
t1_sim:[64412. 64512. 58255.] t2_sim:[58492. 59455. 57926.]
Task is 4.00% complete.
t1_sim:[60810. 61672. 56101.] t2_sim:[61987. 62742. 60184.]
Task is 5.00% complete.
t1_sim:[61853. 60837. 57126.] t2_sim:[67343. 66425. 63004.]
Task is 6.00% complete.
t1_sim:[60080. 58954. 54306.] t2_sim:[64259. 64824. 62822.]
Task is 7.00% complete.
t1_sim:[61588. 61507. 56297.] t2_sim:[63788. 63418. 63725.]
Task is 8.00% complete.
t1_sim:[60810. 60837. 56197.] t2_sim:[58815. 58708. 56615.]
Task is 9.00% complete.
t1_sim:[62812. 62535. 57768.] t2_sim:[67632. 67238. 65294.]
Task is 10.00% complete.
t1_sim:[60143. 60302. 54583.] t2_sim:[60893. 61898. 58757.]
Task is 11.00% complete.
t1_sim:[60474. 60708. 54069.] t2_sim:[65089. 64174. 63676.]
Task is 12.00% complete.
t1_sim:[65364. 64646. 59905.] t2_sim:[62938. 61253. 60263.]
Task is 13.00% complete.
t1_sim:[62765. 62521. 57844.] t2_sim:[64277. 63570. 63110.]
Task is 14.00% complete.
t1_sim:[68583. 69891. 63897.] t2_sim:[58749. 57517. 57139.]
Task is 15.00% complete.
t1_sim:[65203. 63045. 58368.] t2_sim:[64873. 66407. 64205.]
Task is 16.00% complete.
t1_sim:[61793. 64061. 56855.] t2_sim:[65376. 64151. 63756.]
Task is 17.00% complete.
t1_sim:[57643. 58279. 53155.] t2_sim:[64044. 63924. 62625.]
Task is 18.00% complete.
t1_sim:[63477. 65255. 60914.] t2_sim:[62644. 62319. 60160.]
Task is 19.00% complete.
t1_sim:[69429. 69648. 63171.] t2_sim:[62920. 64819. 63889.]
Task is 20.00% complete.
t1_sim:[63273. 62352. 57953.] t2_sim:[59538. 60190. 59360.]
Task is 21.00% complete.
t1_sim:[63352. 63287. 57512.] t2_sim:[57917. 57525. 58939.]
Task is 22.00% complete.
t1_sim:[66088. 65347. 58764.] t2_sim:[62433. 61582. 60197.]
Task is 23.00% complete.
t1_sim:[60906. 60928. 56996.] t2_sim:[67536. 67156. 65012.]
Task is 24.00% complete.
t1_sim:[63133. 63273. 57138.] t2_sim:[62656. 63995. 62996.]
Task is 25.00% complete.
t1_sim:[60105. 60122. 55214.] t2_sim:[68155. 64451. 62711.]
Task is 26.00% complete.
t1_sim:[66058. 65887. 62039.] t2_sim:[61184. 60629. 58627.]
Task is 27.00% complete.
t1_sim:[58599. 57784. 52023.] t2_sim:[66482. 67189. 65892.]
Task is 28.00% complete.
t1_sim:[63366. 62279. 55619.] t2_sim:[60543. 61316. 59856.]
Task is 29.00% complete.
t1_sim:[63142. 64477. 61343.] t2_sim:[60732. 61389. 59815.]
Task is 30.00% complete.
t1_sim:[62469. 62379. 58875.] t2_sim:[63171. 64210. 62240.]
Task is 31.00% complete.
t1_sim:[68961. 67754. 62647.] t2_sim:[70295. 69709. 67623.]
Task is 32.00% complete.
t1_sim:[62312. 60866. 58632.] t2_sim:[60082. 60026. 59474.]
Task is 33.00% complete.
t1_sim:[59919. 59566. 54335.] t2_sim:[67554. 67520. 66121.]
Task is 34.00% complete.
t1_sim:[59341. 57969. 56256.] t2_sim:[59383. 58857. 59509.]
Task is 35.00% complete.
t1_sim:[61597. 61048. 55121.] t2_sim:[61086. 61966. 60372.]
Task is 36.00% complete.
t1_sim:[68611. 67627. 63920.] t2_sim:[66541. 64843. 65057.]
Task is 37.00% complete.
t1_sim:[61627. 62519. 57970.] t2_sim:[62889. 65986. 63408.]
Task is 38.00% complete.
t1_sim:[59988. 58018. 53485.] t2_sim:[59580. 59761. 57212.]
Task is 39.00% complete.
t1_sim:[63197. 62216. 58771.] t2_sim:[64943. 65789. 62743.]
Task is 40.00% complete.
t1_sim:[65693. 66892. 61682.] t2_sim:[58967. 60148. 56855.]
Task is 41.00% complete.
t1_sim:[59383. 61799. 54690.] t2_sim:[65134. 64097. 62838.]
Task is 42.00% complete.
t1_sim:[64179. 63079. 58046.] t2_sim:[61981. 60675. 58439.]
Task is 43.00% complete.
t1_sim:[70946. 70025. 64682.] t2_sim:[61575. 62465. 60161.]
Task is 44.00% complete.
t1_sim:[64779. 64297. 59328.] t2_sim:[67874. 67694. 65351.]
Task is 45.00% complete.
t1_sim:[57817. 59947. 54587.] t2_sim:[64794. 64715. 63362.]
Task is 46.00% complete.
t1_sim:[68540. 67971. 62891.] t2_sim:[63819. 64892. 63075.]
Task is 47.00% complete.
t1_sim:[58914. 58775. 53377.] t2_sim:[63861. 65559. 65740.]
Task is 48.00% complete.
t1_sim:[65123. 65110. 60384.] t2_sim:[62521. 62227. 60141.]
Task is 49.00% complete.
t1_sim:[64567. 65273. 61244.] t2_sim:[58200. 59212. 55493.]
Task is 50.00% complete.
t1_sim:[61222. 59822. 55786.] t2_sim:[60792. 60390. 59633.]
Task is 51.00% complete.
t1_sim:[62995. 62611. 57604.] t2_sim:[62057. 59333. 59352.]
Task is 52.00% complete.
t1_sim:[62535. 62641. 59172.] t2_sim:[64755. 66079. 66396.]
Task is 53.00% complete.
t1_sim:[61939. 63092. 55855.] t2_sim:[63945. 64835. 62904.]
Task is 54.00% complete.
t1_sim:[65022. 65093. 60854.] t2_sim:[62340. 63047. 59888.]
Task is 55.00% complete.
t1_sim:[62095. 63354. 57998.] t2_sim:[62687. 61417. 58910.]
Task is 56.00% complete.
t1_sim:[65797. 65849. 60047.] t2_sim:[58440. 58326. 57159.]
Task is 57.00% complete.
t1_sim:[64067. 65195. 57935.] t2_sim:[59785. 59684. 58471.]
Task is 58.00% complete.
t1_sim:[65874. 65378. 58887.] t2_sim:[61675. 61330. 59381.]
Task is 59.00% complete.
t1_sim:[58590. 58829. 53971.] t2_sim:[62161. 62440. 60605.]
Task is 60.00% complete.
t1_sim:[64042. 63533. 58915.] t2_sim:[56378. 57219. 56096.]
Task is 61.00% complete.
t1_sim:[62101. 60596. 56204.] t2_sim:[63889. 62346. 59950.]
Task is 62.00% complete.
t1_sim:[60921. 60864. 56039.] t2_sim:[65877. 65626. 61711.]
Task is 63.00% complete.
t1_sim:[59594. 58450. 55197.] t2_sim:[64504. 66105. 63088.]
Task is 64.00% complete.
t1_sim:[63823. 64061. 58588.] t2_sim:[64581. 65269. 62877.]
Task is 65.00% complete.
t1_sim:[64171. 64826. 57800.] t2_sim:[61090. 61317. 59345.]
Task is 66.00% complete.
t1_sim:[67107. 67966. 63134.] t2_sim:[56795. 56805. 57277.]
Task is 67.00% complete.
t1_sim:[65633. 63591. 60372.] t2_sim:[60071. 60028. 59564.]
Task is 68.00% complete.
t1_sim:[64052. 66235. 59539.] t2_sim:[62206. 61901. 60341.]
Task is 69.00% complete.
t1_sim:[66206. 64934. 59184.] t2_sim:[59114. 60166. 57940.]
Task is 70.00% complete.
t1_sim:[62571. 63075. 57456.] t2_sim:[61261. 62234. 61017.]
Task is 71.00% complete.
t1_sim:[68176. 68034. 62332.] t2_sim:[61130. 62189. 59006.]
Task is 72.00% complete.
t1_sim:[63662. 62341. 56042.] t2_sim:[63106. 64065. 62798.]
Task is 73.00% complete.
t1_sim:[59375. 59267. 53464.] t2_sim:[63780. 64255. 62353.]
Task is 74.00% complete.
t1_sim:[60546. 60013. 55841.] t2_sim:[65309. 63821. 63005.]
Task is 75.00% complete.
t1_sim:[65333. 65570. 61438.] t2_sim:[61030. 60275. 60386.]
Task is 76.00% complete.
t1_sim:[64383. 62423. 58910.] t2_sim:[64406. 64302. 63337.]
Task is 77.00% complete.
t1_sim:[67475. 68006. 61801.] t2_sim:[65788. 65301. 63223.]
Task is 78.00% complete.
t1_sim:[66104. 64514. 60529.] t2_sim:[61313. 62722. 59485.]
Task is 79.00% complete.
t1_sim:[64401. 64264. 60364.] t2_sim:[61322. 61808. 62302.]
Task is 80.00% complete.
t1_sim:[66592. 65541. 60754.] t2_sim:[62146. 62590. 60711.]
Task is 81.00% complete.
t1_sim:[62712. 63109. 56548.] t2_sim:[64989. 65317. 63511.]
Task is 82.00% complete.
t1_sim:[60916. 60578. 56794.] t2_sim:[61087. 61823. 60560.]
Task is 83.00% complete.
t1_sim:[65217. 64653. 61228.] t2_sim:[60661. 61987. 59790.]
Task is 84.00% complete.
t1_sim:[58490. 59220. 53274.] t2_sim:[60711. 60369. 60812.]
Task is 85.00% complete.
t1_sim:[64146. 65860. 61262.] t2_sim:[60924. 59494. 59147.]
Task is 86.00% complete.
t1_sim:[59839. 59342. 54287.] t2_sim:[62776. 64269. 61161.]
Task is 87.00% complete.
t1_sim:[59731. 60934. 57093.] t2_sim:[66780. 69131. 66785.]
Task is 88.00% complete.
t1_sim:[64450. 63148. 57996.] t2_sim:[57042. 56643. 54820.]
Task is 89.00% complete.
t1_sim:[62663. 62775. 58193.] t2_sim:[59547. 58421. 54079.]
Task is 90.00% complete.
t1_sim:[60915. 61816. 55837.] t2_sim:[61692. 61028. 59546.]
Task is 91.00% complete.
t1_sim:[65076. 65916. 60456.] t2_sim:[60641. 59364. 58535.]
Task is 92.00% complete.
t1_sim:[56962. 55848. 52469.] t2_sim:[60915. 62067. 59753.]
Task is 93.00% complete.
t1_sim:[66534. 66585. 60135.] t2_sim:[63372. 63449. 62312.]
Task is 94.00% complete.
t1_sim:[57996. 58172. 51209.] t2_sim:[66166. 64287. 61960.]
Task is 95.00% complete.
t1_sim:[62684. 62992. 57217.] t2_sim:[62792. 62171. 60920.]
Task is 96.00% complete.
t1_sim:[63606. 65404. 59717.] t2_sim:[64148. 63100. 61638.]
Task is 97.00% complete.
t1_sim:[56280. 57444. 51377.] t2_sim:[70387. 68433. 66717.]
Task is 98.00% complete.
t1_sim:[56256. 56152. 50938.] t2_sim:[62388. 62523. 61129.]
Task is 99.00% complete.
t1_sim:[63386. 63278. 58059.] t2_sim:[56713. 57419. 56359.]
Finished
