/scratch/jz4721/Post-prediction-Causal-Inference/venv/lib/python3.8/site-packages/numpy/core/getlimits.py:518: UserWarning: The value of the smallest subnormal for <class 'numpy.float64'> type is zero.
  setattr(self, word, getattr(machar, word).flat[0])
/scratch/jz4721/Post-prediction-Causal-Inference/venv/lib/python3.8/site-packages/numpy/core/getlimits.py:89: UserWarning: The value of the smallest subnormal for <class 'numpy.float64'> type is zero.
  return self._float_to_str(self.smallest_subnormal)
/scratch/jz4721/Post-prediction-Causal-Inference/venv/lib/python3.8/site-packages/numpy/core/getlimits.py:518: UserWarning: The value of the smallest subnormal for <class 'numpy.float32'> type is zero.
  setattr(self, word, getattr(machar, word).flat[0])
/scratch/jz4721/Post-prediction-Causal-Inference/venv/lib/python3.8/site-packages/numpy/core/getlimits.py:89: UserWarning: The value of the smallest subnormal for <class 'numpy.float32'> type is zero.
  return self._float_to_str(self.smallest_subnormal)
Begin
Training start
t1_obs:[array(90270.), array(80456.), array(73487.)] t2_obs:[array(92319.), array(81159.), array(75664.)]
corr_G1:[None, None, -3.485154941227269e-17] corr_G2:[None, None, -3.9017441425804194e-17]
Training end
Task is 0.00% complete.
t1_sim:[63462. 64996. 65750.] t2_sim:[60005. 62061. 59302.]
Task is 1.00% complete.
t1_sim:[64180. 63430. 65073.] t2_sim:[67329. 65389. 67444.]
Task is 2.00% complete.
t1_sim:[62773. 63295. 60305.] t2_sim:[64918. 66051. 60828.]
Task is 3.00% complete.
t1_sim:[62412. 60048. 59098.] t2_sim:[65021. 65128. 63864.]
Task is 4.00% complete.
t1_sim:[59159. 58555. 58418.] t2_sim:[62360. 66013. 60024.]
Task is 5.00% complete.
t1_sim:[59165. 60159. 61384.] t2_sim:[67917. 67034. 66828.]
Task is 6.00% complete.
t1_sim:[59278. 59226. 57190.] t2_sim:[62238. 60932. 60598.]
Task is 7.00% complete.
t1_sim:[61885. 62020. 61826.] t2_sim:[64175. 64316. 61577.]
Task is 8.00% complete.
t1_sim:[61099. 60686. 62215.] t2_sim:[63370. 65233. 61805.]
Task is 9.00% complete.
t1_sim:[61491. 61220. 60335.] t2_sim:[63470. 64163. 64314.]
Task is 10.00% complete.
t1_sim:[58417. 59805. 56892.] t2_sim:[63600. 64644. 62842.]
Task is 11.00% complete.
t1_sim:[63583. 64734. 64320.] t2_sim:[62378. 62172. 63097.]
Task is 12.00% complete.
t1_sim:[64053. 63755. 64404.] t2_sim:[61509. 61037. 60611.]
Task is 13.00% complete.
t1_sim:[65693. 65075. 66460.] t2_sim:[62079. 63124. 62631.]
Task is 14.00% complete.
t1_sim:[60848. 59046. 60892.] t2_sim:[71626. 72388. 69068.]
Task is 15.00% complete.
t1_sim:[66905. 65352. 66093.] t2_sim:[65237. 64535. 63751.]
Task is 16.00% complete.
t1_sim:[66497. 66975. 66051.] t2_sim:[67212. 66255. 69016.]
Task is 17.00% complete.
t1_sim:[60772. 60684. 60699.] t2_sim:[60173. 60286. 59551.]
Task is 18.00% complete.
t1_sim:[64634. 62215. 62670.] t2_sim:[58087. 57970. 58931.]
Task is 19.00% complete.
t1_sim:[61336. 63404. 63922.] t2_sim:[61125. 60938. 62462.]
Task is 20.00% complete.
t1_sim:[64765. 64964. 66061.] t2_sim:[67232. 65044. 65563.]
Task is 21.00% complete.
t1_sim:[60215. 61567. 61445.] t2_sim:[61985. 63525. 59176.]
Task is 22.00% complete.
t1_sim:[62111. 61725. 62895.] t2_sim:[61386. 61531. 60926.]
Task is 23.00% complete.
t1_sim:[65998. 66012. 67680.] t2_sim:[66564. 66523. 67092.]
Task is 24.00% complete.
t1_sim:[68566. 67646. 65442.] t2_sim:[61355. 60433. 62292.]
Task is 25.00% complete.
t1_sim:[64917. 64338. 62730.] t2_sim:[61874. 62194. 65072.]
Task is 26.00% complete.
t1_sim:[56494. 57585. 55351.] t2_sim:[64137. 65465. 64327.]
Task is 27.00% complete.
t1_sim:[65351. 66616. 67152.] t2_sim:[64532. 64233. 63335.]
Task is 28.00% complete.
t1_sim:[65354. 64579. 65539.] t2_sim:[66907. 66122. 68612.]
Task is 29.00% complete.
t1_sim:[63294. 63253. 61193.] t2_sim:[63344. 61733. 65522.]
Task is 30.00% complete.
t1_sim:[60268. 60006. 62133.] t2_sim:[64974. 65922. 66987.]
Task is 31.00% complete.
t1_sim:[61220. 60414. 61437.] t2_sim:[57478. 57879. 55474.]
Task is 32.00% complete.
t1_sim:[66508. 65495. 66656.] t2_sim:[60615. 61138. 61579.]
Task is 33.00% complete.
t1_sim:[58624. 58475. 60903.] t2_sim:[60485. 61441. 60816.]
Task is 34.00% complete.
t1_sim:[63191. 62870. 61537.] t2_sim:[62177. 60913. 63945.]
Task is 35.00% complete.
t1_sim:[60039. 61043. 60182.] t2_sim:[59136. 57536. 61325.]
Task is 36.00% complete.
t1_sim:[65410. 65658. 65130.] t2_sim:[61671. 61896. 61958.]
Task is 37.00% complete.
t1_sim:[60889. 61655. 60432.] t2_sim:[66683. 65211. 66563.]
Task is 38.00% complete.
t1_sim:[61468. 63282. 59898.] t2_sim:[60978. 62990. 60995.]
Task is 39.00% complete.
t1_sim:[64444. 63638. 62245.] t2_sim:[56642. 59612. 57368.]
Task is 40.00% complete.
t1_sim:[65962. 65939. 65717.] t2_sim:[65759. 67957. 65428.]
Task is 41.00% complete.
t1_sim:[63554. 60912. 62476.] t2_sim:[60015. 59975. 62589.]
Task is 42.00% complete.
t1_sim:[68371. 67691. 67719.] t2_sim:[58223. 58063. 58661.]
Task is 43.00% complete.
t1_sim:[60551. 60930. 58987.] t2_sim:[66314. 66063. 67387.]
Task is 44.00% complete.
t1_sim:[67489. 66572. 63618.] t2_sim:[56518. 56973. 58878.]
Task is 45.00% complete.
t1_sim:[61706. 60342. 60067.] t2_sim:[64426. 65152. 63859.]
Task is 46.00% complete.
t1_sim:[56519. 56506. 56988.] t2_sim:[61629. 61295. 62124.]
Task is 47.00% complete.
t1_sim:[61389. 61581. 62908.] t2_sim:[61697. 61072. 62396.]
Task is 48.00% complete.
t1_sim:[66094. 65889. 63138.] t2_sim:[60620. 60804. 61646.]
Task is 49.00% complete.
t1_sim:[61325. 61739. 61247.] t2_sim:[64046. 65095. 65886.]
Task is 50.00% complete.
t1_sim:[60610. 61903. 60435.] t2_sim:[67035. 65301. 65746.]
Task is 51.00% complete.
t1_sim:[63737. 63665. 66040.] t2_sim:[69213. 69822. 68322.]
Task is 52.00% complete.
t1_sim:[57692. 57081. 57502.] t2_sim:[63199. 64399. 64677.]
Task is 53.00% complete.
t1_sim:[63173. 63993. 60992.] t2_sim:[58292. 58027. 60465.]
Task is 54.00% complete.
t1_sim:[62821. 63065. 60914.] t2_sim:[61527. 60660. 61046.]
Task is 55.00% complete.
t1_sim:[55159. 53706. 56867.] t2_sim:[60931. 59246. 63963.]
Task is 56.00% complete.
t1_sim:[63314. 62455. 63971.] t2_sim:[62815. 64020. 60708.]
Task is 57.00% complete.
t1_sim:[66724. 66713. 66004.] t2_sim:[63134. 63790. 61706.]
Task is 58.00% complete.
t1_sim:[58717. 59224. 61388.] t2_sim:[67228. 68287. 66026.]
Task is 59.00% complete.
t1_sim:[62388. 64122. 63752.] t2_sim:[56873. 56404. 55874.]
Task is 60.00% complete.
t1_sim:[65184. 64496. 65130.] t2_sim:[60349. 60152. 60120.]
Task is 61.00% complete.
t1_sim:[62638. 63199. 63861.] t2_sim:[62799. 62288. 64533.]
Task is 62.00% complete.
t1_sim:[62609. 63621. 61554.] t2_sim:[63406. 64687. 63319.]
Task is 63.00% complete.
t1_sim:[58608. 57357. 61163.] t2_sim:[57696. 60356. 55302.]
Task is 64.00% complete.
t1_sim:[70305. 70738. 70206.] t2_sim:[61096. 62384. 59032.]
Task is 65.00% complete.
t1_sim:[65509. 62976. 66066.] t2_sim:[63993. 66083. 62207.]
Task is 66.00% complete.
t1_sim:[60106. 59136. 58483.] t2_sim:[56199. 57117. 58930.]
Task is 67.00% complete.
t1_sim:[57190. 57062. 56262.] t2_sim:[63272. 63526. 62409.]
Task is 68.00% complete.
t1_sim:[68535. 67836. 66795.] t2_sim:[66191. 66972. 66627.]
Task is 69.00% complete.
t1_sim:[64722. 66461. 63303.] t2_sim:[58267. 58517. 58957.]
Task is 70.00% complete.
t1_sim:[66205. 67475. 67684.] t2_sim:[60295. 59528. 60406.]
Task is 71.00% complete.
t1_sim:[64679. 63173. 63050.] t2_sim:[57250. 56295. 57092.]
Task is 72.00% complete.
t1_sim:[65635. 65583. 65164.] t2_sim:[64804. 65393. 66651.]
Task is 73.00% complete.
t1_sim:[62770. 63713. 60888.] t2_sim:[63712. 63050. 61850.]
Task is 74.00% complete.
t1_sim:[63312. 65760. 64077.] t2_sim:[59278. 59206. 60517.]
Task is 75.00% complete.
t1_sim:[59432. 59565. 59856.] t2_sim:[63531. 65403. 62128.]
Task is 76.00% complete.
t1_sim:[64473. 64514. 64289.] t2_sim:[63901. 64502. 64321.]
Task is 77.00% complete.
t1_sim:[63419. 62667. 62924.] t2_sim:[61604. 63328. 63113.]
Task is 78.00% complete.
t1_sim:[63808. 63665. 64422.] t2_sim:[61038. 61506. 63772.]
Task is 79.00% complete.
t1_sim:[61905. 60660. 61155.] t2_sim:[64092. 64134. 63971.]
Task is 80.00% complete.
t1_sim:[62185. 61844. 66517.] t2_sim:[62068. 62618. 60928.]
Task is 81.00% complete.
t1_sim:[62245. 62540. 60799.] t2_sim:[67131. 68357. 67487.]
Task is 82.00% complete.
t1_sim:[61971. 59459. 62010.] t2_sim:[61230. 60883. 60785.]
Task is 83.00% complete.
t1_sim:[61382. 61243. 64171.] t2_sim:[66000. 64887. 66182.]
Task is 84.00% complete.
t1_sim:[65475. 67635. 66825.] t2_sim:[64807. 66973. 64049.]
Task is 85.00% complete.
t1_sim:[61245. 61081. 57713.] t2_sim:[63514. 62556. 63598.]
Task is 86.00% complete.
t1_sim:[60427. 60338. 61156.] t2_sim:[61248. 62956. 60764.]
Task is 87.00% complete.
t1_sim:[62115. 60076. 62827.] t2_sim:[65768. 64743. 64465.]
Task is 88.00% complete.
t1_sim:[62135. 62273. 60623.] t2_sim:[61552. 61936. 60181.]
Task is 89.00% complete.
t1_sim:[63464. 62796. 66940.] t2_sim:[65326. 65199. 66484.]
Task is 90.00% complete.
t1_sim:[57856. 58269. 56392.] t2_sim:[58120. 59255. 58748.]
Task is 91.00% complete.
t1_sim:[60004. 60840. 60122.] t2_sim:[69758. 67586. 67520.]
Task is 92.00% complete.
t1_sim:[63374. 62462. 64897.] t2_sim:[58804. 59809. 57609.]
Task is 93.00% complete.
t1_sim:[60943. 61104. 60655.] t2_sim:[65335. 65192. 66031.]
Task is 94.00% complete.
t1_sim:[61957. 62346. 64987.] t2_sim:[65883. 65309. 64312.]
Task is 95.00% complete.
t1_sim:[65525. 65679. 67729.] t2_sim:[65529. 66742. 62649.]
Task is 96.00% complete.
t1_sim:[63180. 63146. 62955.] t2_sim:[67302. 67187. 65936.]
Task is 97.00% complete.
t1_sim:[66216. 64019. 64968.] t2_sim:[64805. 64160. 63273.]
Task is 98.00% complete.
t1_sim:[58693. 59348. 58951.] t2_sim:[52261. 54625. 53452.]
Task is 99.00% complete.
t1_sim:[63091. 63477. 63089.] t2_sim:[63350. 63295. 65208.]
Training start
t1_obs:[array(90270.), array(80456.), array(79154.)] t2_obs:[array(92319.), array(81159.), array(80841.)]
corr_G1:[None, None, 0.9566405899630154] corr_G2:[None, None, 0.6721640623671105]
Training end
Task is 0.00% complete.
t1_sim:[63291. 60855. 61064.] t2_sim:[59763. 60876. 59631.]
Task is 1.00% complete.
t1_sim:[62301. 62512. 63636.] t2_sim:[63420. 64080. 65099.]
Task is 2.00% complete.
t1_sim:[65031. 65217. 64314.] t2_sim:[64103. 64155. 64877.]
Task is 3.00% complete.
t1_sim:[63483. 63034. 61912.] t2_sim:[63013. 62862. 63790.]
Task is 4.00% complete.
t1_sim:[64635. 65373. 66043.] t2_sim:[60094. 59005. 60430.]
Task is 5.00% complete.
t1_sim:[62236. 62062. 62583.] t2_sim:[58833. 59388. 59457.]
Task is 6.00% complete.
t1_sim:[69088. 69418. 68171.] t2_sim:[59781. 61320. 60390.]
Task is 7.00% complete.
t1_sim:[63732. 63639. 63563.] t2_sim:[62535. 63407. 62783.]
Task is 8.00% complete.
t1_sim:[58250. 59717. 59419.] t2_sim:[60940. 59697. 60381.]
Task is 9.00% complete.
t1_sim:[62683. 62530. 63555.] t2_sim:[59731. 58162. 59176.]
Task is 10.00% complete.
t1_sim:[65659. 66313. 64822.] t2_sim:[67638. 66134. 66825.]
Task is 11.00% complete.
t1_sim:[63027. 62101. 62104.] t2_sim:[67798. 66033. 66656.]
Task is 12.00% complete.
t1_sim:[63422. 62766. 62654.] t2_sim:[66782. 69050. 66850.]
Task is 13.00% complete.
t1_sim:[63908. 63252. 63536.] t2_sim:[64009. 64964. 64406.]
Task is 14.00% complete.
t1_sim:[62505. 62056. 61880.] t2_sim:[62444. 61469. 59911.]
Task is 15.00% complete.
t1_sim:[57925. 57831. 56418.] t2_sim:[65905. 64444. 65617.]
Task is 16.00% complete.
t1_sim:[62665. 62857. 62542.] t2_sim:[60557. 62629. 62742.]
Task is 17.00% complete.
t1_sim:[64794. 65285. 64993.] t2_sim:[63136. 63430. 62555.]
Task is 18.00% complete.
t1_sim:[60608. 57536. 58822.] t2_sim:[63979. 62933. 63482.]
Task is 19.00% complete.
t1_sim:[56303. 56787. 57298.] t2_sim:[61710. 61265. 62539.]
Task is 20.00% complete.
t1_sim:[56834. 55563. 57014.] t2_sim:[55151. 53795. 53763.]
Task is 21.00% complete.
t1_sim:[59848. 59048. 60611.] t2_sim:[66830. 67640. 67290.]
Task is 22.00% complete.
t1_sim:[60843. 60634. 60617.] t2_sim:[63355. 63501. 63007.]
Task is 23.00% complete.
t1_sim:[69450. 70045. 69755.] t2_sim:[61579. 61114. 61306.]
Task is 24.00% complete.
t1_sim:[62603. 62210. 61340.] t2_sim:[63280. 64385. 63810.]
Task is 25.00% complete.
t1_sim:[60735. 61215. 60209.] t2_sim:[65625. 65685. 64746.]
Task is 26.00% complete.
t1_sim:[65452. 66427. 66619.] t2_sim:[65194. 63983. 65325.]
Task is 27.00% complete.
t1_sim:[63248. 62844. 62344.] t2_sim:[62703. 64260. 64913.]
Task is 28.00% complete.
t1_sim:[66325. 65589. 66585.] t2_sim:[60682. 60236. 61010.]
Task is 29.00% complete.
t1_sim:[61881. 63149. 60814.] t2_sim:[69830. 69715. 69725.]
Task is 30.00% complete.
t1_sim:[61373. 60566. 60207.] t2_sim:[58588. 58633. 58416.]
Task is 31.00% complete.
t1_sim:[64946. 64645. 65381.] t2_sim:[64878. 65319. 65926.]
Task is 32.00% complete.
t1_sim:[59849. 59839. 59738.] t2_sim:[63975. 64656. 64421.]
Task is 33.00% complete.
t1_sim:[56562. 58325. 56412.] t2_sim:[64841. 64416. 63731.]
Task is 34.00% complete.
t1_sim:[62297. 62923. 62253.] t2_sim:[64944. 65099. 65981.]
Task is 35.00% complete.
t1_sim:[59682. 59301. 58912.] t2_sim:[58771. 59086. 58113.]
Task is 36.00% complete.
t1_sim:[63599. 64160. 63974.] t2_sim:[60694. 59470. 59977.]
Task is 37.00% complete.
t1_sim:[64685. 63925. 63048.] t2_sim:[60533. 61263. 61727.]
Task is 38.00% complete.
t1_sim:[61948. 61597. 61885.] t2_sim:[59916. 59346. 59133.]
Task is 39.00% complete.
t1_sim:[62470. 62772. 62880.] t2_sim:[61431. 59822. 59276.]
Task is 40.00% complete.
t1_sim:[60648. 60366. 58801.] t2_sim:[62037. 61139. 61526.]
Task is 41.00% complete.
t1_sim:[59033. 58161. 59458.] t2_sim:[62521. 60900. 63380.]
Task is 42.00% complete.
t1_sim:[67659. 68660. 68571.] t2_sim:[60394. 59766. 60698.]
Task is 43.00% complete.
t1_sim:[62781. 62534. 62442.] t2_sim:[66294. 63663. 63963.]
Task is 44.00% complete.
t1_sim:[63438. 64018. 63469.] t2_sim:[60752. 61771. 62030.]
Task is 45.00% complete.
t1_sim:[64875. 64682. 65383.] t2_sim:[62429. 63168. 61133.]
Task is 46.00% complete.
t1_sim:[67320. 67409. 65825.] t2_sim:[61726. 60752. 61465.]
Task is 47.00% complete.
t1_sim:[58903. 58948. 57561.] t2_sim:[62675. 62093. 62898.]
Task is 48.00% complete.
t1_sim:[63813. 63143. 64134.] t2_sim:[61047. 58871. 59532.]
Task is 49.00% complete.
t1_sim:[64753. 63853. 64376.] t2_sim:[61228. 61319. 60978.]
Task is 50.00% complete.
t1_sim:[60564. 59509. 60749.] t2_sim:[58732. 60005. 58661.]
Task is 51.00% complete.
t1_sim:[62264. 62733. 61737.] t2_sim:[60160. 61172. 61353.]
Task is 52.00% complete.
t1_sim:[62089. 63141. 62965.] t2_sim:[63633. 64629. 64066.]
Task is 53.00% complete.
t1_sim:[66058. 65586. 66537.] t2_sim:[61237. 62039. 60526.]
Task is 54.00% complete.
t1_sim:[65836. 65971. 66043.] t2_sim:[62723. 62772. 63084.]
Task is 55.00% complete.
t1_sim:[62980. 61276. 63114.] t2_sim:[64937. 64502. 65489.]
Task is 56.00% complete.
t1_sim:[57894. 58664. 57557.] t2_sim:[62068. 62155. 61972.]
Task is 57.00% complete.
t1_sim:[61997. 61707. 61206.] t2_sim:[64016. 65788. 64060.]
Task is 58.00% complete.
t1_sim:[57739. 57891. 57820.] t2_sim:[63552. 61675. 63018.]
Task is 59.00% complete.
t1_sim:[63625. 63601. 63374.] t2_sim:[52085. 51103. 52142.]
Task is 60.00% complete.
t1_sim:[63163. 62677. 61536.] t2_sim:[60184. 59687. 60433.]
Task is 61.00% complete.
t1_sim:[64929. 65386. 67004.] t2_sim:[63064. 63572. 64424.]
Task is 62.00% complete.
t1_sim:[60779. 58731. 60002.] t2_sim:[59541. 59165. 60663.]
Task is 63.00% complete.
t1_sim:[69641. 69910. 69216.] t2_sim:[69904. 68367. 68906.]
Task is 64.00% complete.
t1_sim:[61076. 60508. 60970.] t2_sim:[61509. 60631. 60834.]
Task is 65.00% complete.
t1_sim:[62247. 61917. 61395.] t2_sim:[57211. 56883. 56674.]
Task is 66.00% complete.
t1_sim:[67088. 65036. 65602.] t2_sim:[64006. 64797. 64882.]
Task is 67.00% complete.
t1_sim:[60046. 61609. 60090.] t2_sim:[60924. 62375. 61379.]
Task is 68.00% complete.
t1_sim:[57990. 58335. 57391.] t2_sim:[63559. 63471. 64466.]
Task is 69.00% complete.
t1_sim:[59665. 58543. 59754.] t2_sim:[67127. 67920. 68318.]
Task is 70.00% complete.
t1_sim:[63030. 61928. 63838.] t2_sim:[60209. 59807. 60481.]
Task is 71.00% complete.
t1_sim:[58846. 60785. 59731.] t2_sim:[66574. 66954. 67358.]
Task is 72.00% complete.
t1_sim:[61972. 62237. 61439.] t2_sim:[64981. 64907. 63199.]
Task is 73.00% complete.
t1_sim:[64571. 66160. 64649.] t2_sim:[60308. 60726. 60582.]
Task is 74.00% complete.
t1_sim:[60700. 61663. 62532.] t2_sim:[59748. 61845. 61220.]
Task is 75.00% complete.
t1_sim:[58032. 57706. 58831.] t2_sim:[59900. 60967. 62134.]
Task is 76.00% complete.
t1_sim:[67452. 69180. 68371.] t2_sim:[64925. 65518. 64900.]
Task is 77.00% complete.
t1_sim:[62824. 63869. 63405.] t2_sim:[63178. 62611. 62883.]
Task is 78.00% complete.
t1_sim:[61201. 61503. 61260.] t2_sim:[64658. 64350. 64797.]
Task is 79.00% complete.
t1_sim:[59164. 58999. 59165.] t2_sim:[68483. 68859. 68998.]
Task is 80.00% complete.
t1_sim:[64186. 64254. 64204.] t2_sim:[57440. 57147. 58432.]
Task is 81.00% complete.
t1_sim:[60169. 60176. 61780.] t2_sim:[64662. 64877. 62573.]
Task is 82.00% complete.
t1_sim:[64165. 63356. 63750.] t2_sim:[63363. 62825. 63218.]
Task is 83.00% complete.
t1_sim:[68866. 69392. 68045.] t2_sim:[63410. 63941. 64483.]
Task is 84.00% complete.
t1_sim:[64258. 65288. 64728.] t2_sim:[59175. 58248. 58961.]
Task is 85.00% complete.
t1_sim:[58627. 59591. 58693.] t2_sim:[58630. 59448. 58283.]
Task is 86.00% complete.
t1_sim:[66513. 66130. 65403.] t2_sim:[59329. 58509. 58239.]
Task is 87.00% complete.
t1_sim:[60126. 59404. 58998.] t2_sim:[59223. 60365. 60885.]
Task is 88.00% complete.
t1_sim:[58170. 59227. 58571.] t2_sim:[64873. 63946. 62128.]
Task is 89.00% complete.
t1_sim:[64255. 65364. 64882.] t2_sim:[56742. 56407. 57762.]
Task is 90.00% complete.
t1_sim:[60221. 60030. 60793.] t2_sim:[62010. 62207. 61354.]
Task is 91.00% complete.
t1_sim:[60803. 60770. 61581.] t2_sim:[68613. 69340. 70768.]
Task is 92.00% complete.
t1_sim:[65221. 66279. 63421.] t2_sim:[64873. 63970. 65589.]
Task is 93.00% complete.
t1_sim:[55566. 56294. 56151.] t2_sim:[56380. 55553. 55071.]
Task is 94.00% complete.
t1_sim:[62188. 62080. 62146.] t2_sim:[66218. 67651. 69109.]
Task is 95.00% complete.
t1_sim:[61982. 62119. 61761.] t2_sim:[60388. 58370. 57921.]
Task is 96.00% complete.
t1_sim:[60752. 60889. 60951.] t2_sim:[56655. 57960. 57535.]
Task is 97.00% complete.
t1_sim:[57396. 57645. 57848.] t2_sim:[57903. 57460. 57700.]
Task is 98.00% complete.
t1_sim:[63256. 62954. 63264.] t2_sim:[58921. 60222. 59218.]
Task is 99.00% complete.
t1_sim:[62812. 61576. 63517.] t2_sim:[61785. 62401. 62362.]
Training start
t1_obs:[array(90270.), array(80456.), array(74142.)] t2_obs:[array(92319.), array(81159.), array(76117.)]
corr_G1:[None, None, 0.33958134956132047] corr_G2:[None, None, 0.6911522075319693]
Training end
Task is 0.00% complete.
t1_sim:[61840. 61698. 59691.] t2_sim:[63759. 64174. 58307.]
Task is 1.00% complete.
t1_sim:[62122. 62460. 61435.] t2_sim:[57279. 58639. 54681.]
Task is 2.00% complete.
t1_sim:[64899. 63540. 61973.] t2_sim:[63335. 64029. 60636.]
Task is 3.00% complete.
t1_sim:[66692. 66765. 65953.] t2_sim:[67928. 67768. 64552.]
Task is 4.00% complete.
t1_sim:[60029. 60777. 56345.] t2_sim:[61503. 62184. 59288.]
Task is 5.00% complete.
t1_sim:[62315. 63867. 62713.] t2_sim:[63320. 62385. 59324.]
Task is 6.00% complete.
t1_sim:[55961. 56396. 56235.] t2_sim:[59876. 61646. 58475.]
Task is 7.00% complete.
t1_sim:[62938. 62430. 62465.] t2_sim:[64838. 64311. 60303.]
Task is 8.00% complete.
t1_sim:[62760. 62786. 60267.] t2_sim:[62157. 61386. 54293.]
Task is 9.00% complete.
t1_sim:[67547. 67368. 65460.] t2_sim:[65122. 64513. 61975.]
Task is 10.00% complete.
t1_sim:[67225. 66966. 63787.] t2_sim:[61496. 62225. 58117.]
Task is 11.00% complete.
t1_sim:[64764. 66320. 64310.] t2_sim:[63368. 65123. 60069.]
Task is 12.00% complete.
t1_sim:[67490. 67345. 65380.] t2_sim:[61611. 62104. 56085.]
Task is 13.00% complete.
t1_sim:[64608. 64444. 63895.] t2_sim:[66474. 67115. 61644.]
Task is 14.00% complete.
t1_sim:[59399. 60293. 58913.] t2_sim:[64050. 64243. 59198.]
Task is 15.00% complete.
t1_sim:[60266. 61567. 59844.] t2_sim:[64803. 66880. 61457.]
Task is 16.00% complete.
t1_sim:[58670. 58532. 57295.] t2_sim:[62375. 61866. 57887.]
Task is 17.00% complete.
t1_sim:[58637. 58261. 58538.] t2_sim:[61731. 59028. 56595.]
Task is 18.00% complete.
t1_sim:[59945. 58845. 57768.] t2_sim:[54551. 53392. 50256.]
Task is 19.00% complete.
t1_sim:[63673. 63249. 61346.] t2_sim:[62498. 62273. 59494.]
Task is 20.00% complete.
t1_sim:[65943. 66596. 64829.] t2_sim:[64700. 64363. 60263.]
Task is 21.00% complete.
t1_sim:[67095. 67543. 65515.] t2_sim:[63500. 64834. 60454.]
Task is 22.00% complete.
t1_sim:[63322. 63045. 63142.] t2_sim:[63414. 63797. 58201.]
Task is 23.00% complete.
t1_sim:[66512. 65275. 64664.] t2_sim:[72361. 71327. 67616.]
Task is 24.00% complete.
t1_sim:[62929. 63415. 62748.] t2_sim:[61107. 61851. 58142.]
Task is 25.00% complete.
t1_sim:[59414. 58564. 58751.] t2_sim:[65547. 64837. 59910.]
Task is 26.00% complete.
t1_sim:[61761. 61916. 60448.] t2_sim:[59402. 61280. 55692.]
Task is 27.00% complete.
t1_sim:[66704. 66455. 64427.] t2_sim:[60349. 61284. 56368.]
Task is 28.00% complete.
t1_sim:[58551. 59279. 60058.] t2_sim:[64932. 65927. 60898.]
Task is 29.00% complete.
t1_sim:[64235. 62563. 63388.] t2_sim:[64993. 64416. 59597.]
Task is 30.00% complete.
t1_sim:[65057. 63990. 63489.] t2_sim:[65191. 64453. 60571.]
Task is 31.00% complete.
t1_sim:[61679. 61661. 62797.] t2_sim:[66089. 64484. 61231.]
Task is 32.00% complete.
t1_sim:[69138. 68432. 66311.] t2_sim:[65002. 65748. 60083.]
Task is 33.00% complete.
t1_sim:[59925. 61743. 60305.] t2_sim:[63714. 61805. 60655.]
Task is 34.00% complete.
t1_sim:[67608. 68820. 67807.] t2_sim:[56200. 55545. 51819.]
Task is 35.00% complete.
t1_sim:[60157. 59191. 58690.] t2_sim:[64596. 64786. 60540.]
Task is 36.00% complete.
t1_sim:[65325. 64241. 62347.] t2_sim:[62043. 62919. 58990.]
Task is 37.00% complete.
t1_sim:[62524. 64303. 63166.] t2_sim:[66440. 67044. 61829.]
Task is 38.00% complete.
t1_sim:[60443. 62472. 59818.] t2_sim:[60645. 59533. 54366.]
Task is 39.00% complete.
t1_sim:[59477. 58655. 58789.] t2_sim:[57340. 56945. 52762.]
Task is 40.00% complete.
t1_sim:[66577. 64206. 65302.] t2_sim:[61291. 60779. 57485.]
Task is 41.00% complete.
t1_sim:[61722. 61036. 61439.] t2_sim:[65586. 65078. 61212.]
Task is 42.00% complete.
t1_sim:[62652. 61622. 60434.] t2_sim:[62258. 62306. 59420.]
Task is 43.00% complete.
t1_sim:[62303. 62851. 61997.] t2_sim:[61534. 62114. 57780.]
Task is 44.00% complete.
t1_sim:[62178. 62966. 61452.] t2_sim:[64335. 64812. 60716.]
Task is 45.00% complete.
t1_sim:[62001. 60618. 60556.] t2_sim:[65159. 66488. 60961.]
Task is 46.00% complete.
t1_sim:[67376. 65906. 66214.] t2_sim:[69783. 68786. 65147.]
Task is 47.00% complete.
t1_sim:[69406. 68701. 67287.] t2_sim:[63559. 61918. 58518.]
Task is 48.00% complete.
t1_sim:[64295. 64754. 62484.] t2_sim:[64730. 65356. 61720.]
Task is 49.00% complete.
t1_sim:[63247. 62606. 62907.] t2_sim:[64527. 62734. 57869.]
Task is 50.00% complete.
t1_sim:[66102. 66678. 66168.] t2_sim:[62092. 61468. 58389.]
Task is 51.00% complete.
t1_sim:[64107. 64432. 62837.] t2_sim:[63444. 64041. 60212.]
Task is 52.00% complete.
t1_sim:[64651. 64278. 63319.] t2_sim:[61871. 60855. 57410.]
Task is 53.00% complete.
t1_sim:[62147. 61369. 60747.] t2_sim:[63739. 64162. 58674.]
Task is 54.00% complete.
t1_sim:[60273. 60990. 59949.] t2_sim:[59348. 58151. 54426.]
Task is 55.00% complete.
t1_sim:[61608. 61834. 59237.] t2_sim:[59983. 60788. 58527.]
Task is 56.00% complete.
t1_sim:[64717. 63067. 61208.] t2_sim:[57202. 56851. 51569.]
Task is 57.00% complete.
t1_sim:[57024. 56975. 56559.] t2_sim:[56552. 57695. 54511.]
Task is 58.00% complete.
t1_sim:[64020. 63203. 63357.] t2_sim:[61894. 61406. 57414.]
Task is 59.00% complete.
t1_sim:[64101. 65320. 66243.] t2_sim:[62484. 61356. 56731.]
Task is 60.00% complete.
t1_sim:[63369. 65189. 62418.] t2_sim:[68695. 68554. 65088.]
Task is 61.00% complete.
t1_sim:[59649. 59203. 59067.] t2_sim:[64973. 63920. 61497.]
Task is 62.00% complete.
t1_sim:[56697. 56154. 53342.] t2_sim:[62122. 60758. 58598.]
Task is 63.00% complete.
t1_sim:[62113. 62006. 60905.] t2_sim:[64571. 62935. 59905.]
Task is 64.00% complete.
t1_sim:[66437. 66255. 65602.] t2_sim:[59500. 59663. 55594.]
Task is 65.00% complete.
t1_sim:[61836. 62271. 60719.] t2_sim:[60006. 60832. 57073.]
Task is 66.00% complete.
t1_sim:[62600. 62364. 62708.] t2_sim:[64889. 65615. 61361.]
Task is 67.00% complete.
t1_sim:[63498. 63170. 62268.] t2_sim:[70119. 69709. 64168.]
Task is 68.00% complete.
t1_sim:[62144. 63543. 61404.] t2_sim:[59763. 60508. 55213.]
Task is 69.00% complete.
t1_sim:[64577. 64754. 62413.] t2_sim:[61619. 62442. 56734.]
Task is 70.00% complete.
t1_sim:[64347. 64172. 62010.] t2_sim:[65046. 64896. 61123.]
Task is 71.00% complete.
t1_sim:[63524. 62307. 61532.] t2_sim:[61284. 62982. 58911.]
Task is 72.00% complete.
t1_sim:[65750. 62611. 63828.] t2_sim:[65495. 67129. 61343.]
Task is 73.00% complete.
t1_sim:[61218. 63179. 61341.] t2_sim:[62659. 62287. 57996.]
Task is 74.00% complete.
t1_sim:[64240. 61768. 60345.] t2_sim:[64241. 65622. 60547.]
Task is 75.00% complete.
t1_sim:[61960. 61107. 58827.] t2_sim:[64611. 63887. 60425.]
Task is 76.00% complete.
t1_sim:[64167. 62065. 59258.] t2_sim:[62492. 63697. 59078.]
Task is 77.00% complete.
t1_sim:[57512. 58542. 54025.] t2_sim:[63105. 63137. 58769.]
Task is 78.00% complete.
t1_sim:[63821. 63939. 63251.] t2_sim:[64820. 65617. 60167.]
Task is 79.00% complete.
t1_sim:[61019. 60247. 60880.] t2_sim:[60860. 60454. 55948.]
Task is 80.00% complete.
t1_sim:[59648. 59830. 57152.] t2_sim:[59792. 60460. 54532.]
Task is 81.00% complete.
t1_sim:[66761. 66643. 64319.] t2_sim:[63499. 63472. 58196.]
Task is 82.00% complete.
t1_sim:[62851. 63471. 61560.] t2_sim:[62064. 63241. 59128.]
Task is 83.00% complete.
t1_sim:[60043. 59170. 60120.] t2_sim:[67503. 68275. 63884.]
Task is 84.00% complete.
t1_sim:[60244. 58898. 59576.] t2_sim:[58771. 58723. 54704.]
Task is 85.00% complete.
t1_sim:[51543. 52149. 52996.] t2_sim:[66039. 65614. 59588.]
Task is 86.00% complete.
t1_sim:[62877. 62948. 61784.] t2_sim:[64110. 64651. 60066.]
Task is 87.00% complete.
t1_sim:[64127. 64451. 60916.] t2_sim:[61738. 62096. 56710.]
Task is 88.00% complete.
t1_sim:[58310. 59694. 59130.] t2_sim:[58212. 57916. 53892.]
Task is 89.00% complete.
t1_sim:[61015. 61219. 60409.] t2_sim:[60592. 60175. 56837.]
Task is 90.00% complete.
t1_sim:[58829. 60778. 60297.] t2_sim:[65170. 65194. 60503.]
Task is 91.00% complete.
t1_sim:[58194. 60078. 59103.] t2_sim:[61517. 63513. 59990.]
Task is 92.00% complete.
t1_sim:[65025. 65239. 62797.] t2_sim:[62087. 62652. 58057.]
Task is 93.00% complete.
t1_sim:[65054. 65665. 65354.] t2_sim:[70125. 68410. 64291.]
Task is 94.00% complete.
t1_sim:[62139. 61767. 58001.] t2_sim:[61579. 62168. 55730.]
Task is 95.00% complete.
t1_sim:[61649. 61768. 60961.] t2_sim:[61985. 62034. 58804.]
Task is 96.00% complete.
t1_sim:[65623. 65522. 63500.] t2_sim:[62407. 62438. 59829.]
Task is 97.00% complete.
t1_sim:[61392. 60846. 60177.] t2_sim:[63994. 62565. 58607.]
Task is 98.00% complete.
t1_sim:[61994. 62845. 60925.] t2_sim:[61827. 59584. 55932.]
Task is 99.00% complete.
t1_sim:[57719. 56955. 53636.] t2_sim:[61938. 61217. 56553.]
Finished
