/scratch/jz4721/Post-prediction-Causal-Inference/venv/lib/python3.8/site-packages/numpy/core/getlimits.py:518: UserWarning: The value of the smallest subnormal for <class 'numpy.float64'> type is zero.
  setattr(self, word, getattr(machar, word).flat[0])
/scratch/jz4721/Post-prediction-Causal-Inference/venv/lib/python3.8/site-packages/numpy/core/getlimits.py:89: UserWarning: The value of the smallest subnormal for <class 'numpy.float64'> type is zero.
  return self._float_to_str(self.smallest_subnormal)
/scratch/jz4721/Post-prediction-Causal-Inference/venv/lib/python3.8/site-packages/numpy/core/getlimits.py:518: UserWarning: The value of the smallest subnormal for <class 'numpy.float32'> type is zero.
  setattr(self, word, getattr(machar, word).flat[0])
/scratch/jz4721/Post-prediction-Causal-Inference/venv/lib/python3.8/site-packages/numpy/core/getlimits.py:89: UserWarning: The value of the smallest subnormal for <class 'numpy.float32'> type is zero.
  return self._float_to_str(self.smallest_subnormal)
Begin
Training start
t1_obs:[array(96330.), array(84491.), array(78700.)] t2_obs:[array(89988.), array(79934.), array(70024.)]
corr_G1:[None, None, 0] corr_G2:[None, None, -8.147054544300432e-17]
Training end
Task is 0.00% complete.
t1_sim:[55848. 54648. 57835.] t2_sim:[58948. 60332. 59718.]
Task is 1.00% complete.
t1_sim:[64374. 62145. 63060.] t2_sim:[63850. 63796. 60915.]
Task is 2.00% complete.
t1_sim:[63248. 63718. 59148.] t2_sim:[65305. 65541. 65831.]
Task is 3.00% complete.
t1_sim:[61208. 62030. 63085.] t2_sim:[60150. 61929. 63170.]
Task is 4.00% complete.
t1_sim:[62350. 63149. 61462.] t2_sim:[60599. 59837. 60712.]
Task is 5.00% complete.
t1_sim:[64044. 64349. 64818.] t2_sim:[64280. 64599. 64465.]
Task is 6.00% complete.
t1_sim:[63824. 65735. 65803.] t2_sim:[56776. 57517. 55029.]
Task is 7.00% complete.
t1_sim:[59713. 59945. 59201.] t2_sim:[57673. 58121. 58337.]
Task is 8.00% complete.
t1_sim:[62250. 61431. 63555.] t2_sim:[56756. 56601. 56173.]
Task is 9.00% complete.
t1_sim:[60852. 61817. 66437.] t2_sim:[59561. 60234. 59978.]
Task is 10.00% complete.
t1_sim:[58713. 58265. 58839.] t2_sim:[62260. 62358. 60836.]
Task is 11.00% complete.
t1_sim:[65192. 66636. 66200.] t2_sim:[61939. 63180. 60082.]
Task is 12.00% complete.
t1_sim:[62563. 64221. 62579.] t2_sim:[62847. 62761. 63844.]
Task is 13.00% complete.
t1_sim:[58984. 55782. 56033.] t2_sim:[61939. 60796. 59695.]
Task is 14.00% complete.
t1_sim:[65889. 63176. 63042.] t2_sim:[59625. 60872. 59432.]
Task is 15.00% complete.
t1_sim:[58224. 58546. 61524.] t2_sim:[59337. 58849. 56392.]
Task is 16.00% complete.
t1_sim:[68875. 68073. 68470.] t2_sim:[64022. 64139. 63646.]
Task is 17.00% complete.
t1_sim:[62635. 62410. 62313.] t2_sim:[58032. 58906. 58440.]
Task is 18.00% complete.
t1_sim:[64165. 64804. 63675.] t2_sim:[61646. 61325. 63779.]
Task is 19.00% complete.
t1_sim:[61125. 59653. 59622.] t2_sim:[65764. 65485. 61585.]
Task is 20.00% complete.
t1_sim:[61910. 61125. 62129.] t2_sim:[57041. 55752. 58231.]
Task is 21.00% complete.
t1_sim:[59759. 60979. 59674.] t2_sim:[64434. 63049. 66948.]
Task is 22.00% complete.
t1_sim:[54129. 52915. 59727.] t2_sim:[62096. 62693. 62774.]
Task is 23.00% complete.
t1_sim:[59233. 59407. 59982.] t2_sim:[58129. 59009. 57327.]
Task is 24.00% complete.
t1_sim:[60963. 59213. 60386.] t2_sim:[60540. 60370. 60690.]
Task is 25.00% complete.
t1_sim:[59300. 60559. 62127.] t2_sim:[60566. 60248. 59346.]
Task is 26.00% complete.
t1_sim:[67160. 67782. 65207.] t2_sim:[62466. 64161. 62281.]
Task is 27.00% complete.
t1_sim:[64520. 64385. 63990.] t2_sim:[63456. 64182. 60825.]
Task is 28.00% complete.
t1_sim:[65951. 65748. 65117.] t2_sim:[62445. 61662. 61692.]
Task is 29.00% complete.
t1_sim:[62681. 63426. 64014.] t2_sim:[57446. 57028. 57110.]
Task is 30.00% complete.
t1_sim:[61246. 60696. 61432.] t2_sim:[63131. 63678. 63204.]
Task is 31.00% complete.
t1_sim:[60189. 60562. 60679.] t2_sim:[67032. 67166. 64737.]
Task is 32.00% complete.
t1_sim:[64859. 66460. 63617.] t2_sim:[69399. 68682. 68611.]
Task is 33.00% complete.
t1_sim:[65511. 65282. 67637.] t2_sim:[58554. 58998. 56920.]
Task is 34.00% complete.
t1_sim:[56404. 56313. 59104.] t2_sim:[63236. 63334. 61942.]
Task is 35.00% complete.
t1_sim:[62312. 64313. 65553.] t2_sim:[64714. 65433. 63391.]
Task is 36.00% complete.
t1_sim:[63442. 62907. 63905.] t2_sim:[65732. 66832. 65259.]
Task is 37.00% complete.
t1_sim:[60785. 61264. 62775.] t2_sim:[58879. 57583. 57868.]
Task is 38.00% complete.
t1_sim:[61163. 62834. 61754.] t2_sim:[61465. 60717. 58493.]
Task is 39.00% complete.
t1_sim:[65184. 66598. 63163.] t2_sim:[61326. 60228. 57925.]
Task is 40.00% complete.
t1_sim:[64747. 65360. 62977.] t2_sim:[60706. 62320. 60453.]
Task is 41.00% complete.
t1_sim:[63818. 62170. 62696.] t2_sim:[58008. 59225. 60146.]
Task is 42.00% complete.
t1_sim:[64634. 64252. 66601.] t2_sim:[64083. 62901. 65223.]
Task is 43.00% complete.
t1_sim:[59713. 60001. 60500.] t2_sim:[61285. 61438. 63302.]
Task is 44.00% complete.
t1_sim:[61921. 62481. 62556.] t2_sim:[59945. 60556. 59527.]
Task is 45.00% complete.
t1_sim:[61456. 60484. 61171.] t2_sim:[59216. 58812. 61553.]
Task is 46.00% complete.
t1_sim:[65921. 65423. 66120.] t2_sim:[60610. 60603. 61777.]
Task is 47.00% complete.
t1_sim:[63290. 63311. 61633.] t2_sim:[64215. 64980. 66109.]
Task is 48.00% complete.
t1_sim:[59638. 60998. 59391.] t2_sim:[61323. 61421. 59219.]
Task is 49.00% complete.
t1_sim:[57300. 58582. 59535.] t2_sim:[67722. 67181. 66859.]
Task is 50.00% complete.
t1_sim:[58293. 60068. 59011.] t2_sim:[61430. 61419. 60891.]
Task is 51.00% complete.
t1_sim:[64880. 63592. 65946.] t2_sim:[58666. 58782. 56460.]
Task is 52.00% complete.
t1_sim:[60599. 58658. 61247.] t2_sim:[61610. 62568. 62204.]
Task is 53.00% complete.
t1_sim:[64526. 63824. 64439.] t2_sim:[63987. 62776. 63057.]
Task is 54.00% complete.
t1_sim:[60496. 60076. 63165.] t2_sim:[62129. 62494. 62180.]
Task is 55.00% complete.
t1_sim:[57036. 56922. 59645.] t2_sim:[60984. 61635. 59863.]
Task is 56.00% complete.
t1_sim:[63199. 63013. 65577.] t2_sim:[60985. 60825. 59911.]
Task is 57.00% complete.
t1_sim:[61531. 59909. 61378.] t2_sim:[69184. 68904. 65760.]
Task is 58.00% complete.
t1_sim:[59580. 58177. 58286.] t2_sim:[63854. 64037. 63099.]
Task is 59.00% complete.
t1_sim:[67217. 65901. 65978.] t2_sim:[58976. 60448. 59599.]
Task is 60.00% complete.
t1_sim:[62400. 63042. 62845.] t2_sim:[64938. 66115. 65199.]
Task is 61.00% complete.
t1_sim:[62522. 62344. 57654.] t2_sim:[60853. 60295. 60523.]
Task is 62.00% complete.
t1_sim:[61133. 61120. 62036.] t2_sim:[60525. 60770. 62219.]
Task is 63.00% complete.
t1_sim:[57918. 56708. 63076.] t2_sim:[63936. 64739. 62849.]
Task is 64.00% complete.
t1_sim:[60909. 60539. 63550.] t2_sim:[64942. 64734. 63277.]
Task is 65.00% complete.
t1_sim:[63700. 61796. 60985.] t2_sim:[60401. 61273. 61107.]
Task is 66.00% complete.
t1_sim:[63462. 66133. 62975.] t2_sim:[65041. 64150. 62885.]
Task is 67.00% complete.
t1_sim:[60976. 60024. 60252.] t2_sim:[61298. 61814. 63036.]
Task is 68.00% complete.
t1_sim:[64292. 64826. 65177.] t2_sim:[65193. 63897. 64146.]
Task is 69.00% complete.
t1_sim:[60397. 59698. 59119.] t2_sim:[59740. 61189. 62240.]
Task is 70.00% complete.
t1_sim:[61746. 63182. 64589.] t2_sim:[67179. 64615. 67107.]
Task is 71.00% complete.
t1_sim:[63524. 62605. 63851.] t2_sim:[57602. 58469. 61892.]
Task is 72.00% complete.
t1_sim:[65823. 65260. 63603.] t2_sim:[56678. 56926. 54639.]
Task is 73.00% complete.
t1_sim:[60131. 60012. 60644.] t2_sim:[58708. 58691. 58504.]
Task is 74.00% complete.
t1_sim:[61858. 61350. 61153.] t2_sim:[62284. 62378. 59060.]
Task is 75.00% complete.
t1_sim:[58210. 55938. 59327.] t2_sim:[56512. 54972. 55095.]
Task is 76.00% complete.
t1_sim:[61530. 60491. 60998.] t2_sim:[58511. 58912. 59802.]
Task is 77.00% complete.
t1_sim:[66101. 65262. 63801.] t2_sim:[63534. 64238. 66785.]
Task is 78.00% complete.
t1_sim:[60758. 61523. 59882.] t2_sim:[65102. 64901. 68245.]
Task is 79.00% complete.
t1_sim:[63632. 63664. 61650.] t2_sim:[61572. 62605. 62375.]
Task is 80.00% complete.
t1_sim:[64383. 65183. 66875.] t2_sim:[63023. 64965. 62467.]
Task is 81.00% complete.
t1_sim:[63201. 63423. 60773.] t2_sim:[65346. 65435. 63746.]
Task is 82.00% complete.
t1_sim:[58725. 58347. 56531.] t2_sim:[53697. 52961. 56952.]
Task is 83.00% complete.
t1_sim:[56591. 57016. 56225.] t2_sim:[58838. 59452. 59549.]
Task is 84.00% complete.
t1_sim:[61019. 62871. 62709.] t2_sim:[59978. 59133. 60399.]
Task is 85.00% complete.
t1_sim:[57055. 57052. 58569.] t2_sim:[60323. 61833. 60409.]
Task is 86.00% complete.
t1_sim:[67172. 68128. 65419.] t2_sim:[67233. 67209. 68678.]
Task is 87.00% complete.
t1_sim:[62496. 63111. 62533.] t2_sim:[61244. 63345. 59616.]
Task is 88.00% complete.
t1_sim:[67948. 69025. 68469.] t2_sim:[58946. 59068. 60492.]
Task is 89.00% complete.
t1_sim:[63883. 63590. 64081.] t2_sim:[68715. 68126. 66258.]
Task is 90.00% complete.
t1_sim:[61289. 60855. 59471.] t2_sim:[64890. 64434. 66923.]
Task is 91.00% complete.
t1_sim:[60049. 60018. 61304.] t2_sim:[60495. 61181. 62353.]
Task is 92.00% complete.
t1_sim:[60879. 58619. 63155.] t2_sim:[63849. 62746. 64606.]
Task is 93.00% complete.
t1_sim:[66449. 67688. 65675.] t2_sim:[56878. 57291. 55645.]
Task is 94.00% complete.
t1_sim:[62510. 64871. 59322.] t2_sim:[64672. 64427. 64668.]
Task is 95.00% complete.
t1_sim:[62115. 62865. 60809.] t2_sim:[64686. 64862. 62937.]
Task is 96.00% complete.
t1_sim:[59896. 61315. 60751.] t2_sim:[61858. 62132. 61670.]
Task is 97.00% complete.
t1_sim:[66970. 68044. 65175.] t2_sim:[64557. 65549. 65218.]
Task is 98.00% complete.
t1_sim:[64315. 64236. 62810.] t2_sim:[64450. 63619. 62125.]
Task is 99.00% complete.
t1_sim:[63282. 63468. 62718.] t2_sim:[61200. 61796. 62383.]
Training start
t1_obs:[array(96330.), array(84491.), array(83774.)] t2_obs:[array(89988.), array(79934.), array(76253.)]
corr_G1:[None, None, 0.8296450736703083] corr_G2:[None, None, 0.8317223130610275]
Training end
Task is 0.00% complete.
t1_sim:[64946. 64997. 64539.] t2_sim:[62690. 61188. 62240.]
Task is 1.00% complete.
t1_sim:[58444. 57509. 57637.] t2_sim:[62199. 63190. 64124.]
Task is 2.00% complete.
t1_sim:[65501. 64147. 64816.] t2_sim:[70318. 69033. 67337.]
Task is 3.00% complete.
t1_sim:[64328. 63249. 63434.] t2_sim:[69302. 69726. 69385.]
Task is 4.00% complete.
t1_sim:[62481. 61126. 61431.] t2_sim:[62282. 63438. 60849.]
Task is 5.00% complete.
t1_sim:[66617. 66092. 65914.] t2_sim:[62017. 62035. 62326.]
Task is 6.00% complete.
t1_sim:[59973. 61125. 60526.] t2_sim:[62334. 63200. 61152.]
Task is 7.00% complete.
t1_sim:[65829. 66453. 64745.] t2_sim:[67349. 66461. 65861.]
Task is 8.00% complete.
t1_sim:[63826. 64360. 63350.] t2_sim:[61828. 62616. 62789.]
Task is 9.00% complete.
t1_sim:[63310. 63720. 63348.] t2_sim:[65285. 64332. 63256.]
Task is 10.00% complete.
t1_sim:[60372. 61258. 61306.] t2_sim:[61395. 59703. 60890.]
Task is 11.00% complete.
t1_sim:[61307. 64107. 63938.] t2_sim:[66665. 67848. 68134.]
Task is 12.00% complete.
t1_sim:[70574. 70333. 69754.] t2_sim:[59654. 59858. 60029.]
Task is 13.00% complete.
t1_sim:[62139. 61917. 62157.] t2_sim:[62241. 62993. 62156.]
Task is 14.00% complete.
t1_sim:[64848. 63910. 64670.] t2_sim:[64196. 63571. 65508.]
Task is 15.00% complete.
t1_sim:[63127. 63945. 63272.] t2_sim:[61019. 62239. 61886.]
Task is 16.00% complete.
t1_sim:[59443. 59382. 59926.] t2_sim:[65783. 65416. 65875.]
Task is 17.00% complete.
t1_sim:[64264. 62955. 62327.] t2_sim:[59702. 58860. 58426.]
Task is 18.00% complete.
t1_sim:[63790. 64088. 64391.] t2_sim:[67492. 67302. 65848.]
Task is 19.00% complete.
t1_sim:[67438. 68774. 67494.] t2_sim:[61282. 61388. 62444.]
Task is 20.00% complete.
t1_sim:[59856. 59370. 59235.] t2_sim:[59932. 59656. 61061.]
Task is 21.00% complete.
t1_sim:[63831. 62143. 64199.] t2_sim:[63082. 63697. 64117.]
Task is 22.00% complete.
t1_sim:[59493. 59467. 59487.] t2_sim:[59205. 59884. 61744.]
Task is 23.00% complete.
t1_sim:[56697. 57981. 58125.] t2_sim:[59638. 58688. 59754.]
Task is 24.00% complete.
t1_sim:[62777. 63926. 64014.] t2_sim:[63701. 62510. 62802.]
Task is 25.00% complete.
t1_sim:[57437. 57904. 57653.] t2_sim:[62225. 61854. 61508.]
Task is 26.00% complete.
t1_sim:[60028. 58589. 58832.] t2_sim:[62956. 62500. 61692.]
Task is 27.00% complete.
t1_sim:[61187. 60331. 61133.] t2_sim:[64970. 64333. 63739.]
Task is 28.00% complete.
t1_sim:[67036. 66330. 64958.] t2_sim:[59566. 59816. 59236.]
Task is 29.00% complete.
t1_sim:[66031. 65394. 65231.] t2_sim:[62269. 62214. 63619.]
Task is 30.00% complete.
t1_sim:[64662. 64394. 62867.] t2_sim:[55614. 56686. 55668.]
Task is 31.00% complete.
t1_sim:[63432. 63188. 65402.] t2_sim:[68368. 67490. 66464.]
Task is 32.00% complete.
t1_sim:[63001. 61939. 62447.] t2_sim:[69041. 68398. 65826.]
Task is 33.00% complete.
t1_sim:[61076. 61845. 61358.] t2_sim:[60910. 59678. 60569.]
Task is 34.00% complete.
t1_sim:[60002. 59366. 59449.] t2_sim:[57843. 57450. 57669.]
Task is 35.00% complete.
t1_sim:[62389. 62950. 61894.] t2_sim:[60337. 59180. 59190.]
Task is 36.00% complete.
t1_sim:[63115. 64409. 63700.] t2_sim:[67089. 67331. 67261.]
Task is 37.00% complete.
t1_sim:[61228. 62715. 61478.] t2_sim:[65107. 65613. 64816.]
Task is 38.00% complete.
t1_sim:[62005. 61555. 60816.] t2_sim:[56681. 57627. 56807.]
Task is 39.00% complete.
t1_sim:[61333. 62037. 62328.] t2_sim:[62802. 62343. 62259.]
Task is 40.00% complete.
t1_sim:[64639. 64484. 64858.] t2_sim:[59621. 60032. 58165.]
Task is 41.00% complete.
t1_sim:[62447. 63320. 63308.] t2_sim:[60071. 59685. 62234.]
Task is 42.00% complete.
t1_sim:[63131. 61676. 60960.] t2_sim:[67487. 66972. 68035.]
Task is 43.00% complete.
t1_sim:[63352. 63378. 62525.] t2_sim:[62432. 63702. 64151.]
Task is 44.00% complete.
t1_sim:[62495. 60012. 61149.] t2_sim:[60667. 59234. 59270.]
Task is 45.00% complete.
t1_sim:[62452. 62748. 62939.] t2_sim:[63836. 63329. 62161.]
Task is 46.00% complete.
t1_sim:[63455. 65366. 66049.] t2_sim:[61092. 60552. 60263.]
Task is 47.00% complete.
t1_sim:[66333. 65580. 66059.] t2_sim:[65201. 64860. 65620.]
Task is 48.00% complete.
t1_sim:[59279. 60419. 59288.] t2_sim:[62102. 61505. 62176.]
Task is 49.00% complete.
t1_sim:[64490. 64476. 64321.] t2_sim:[65833. 65738. 65851.]
Task is 50.00% complete.
t1_sim:[64175. 66379. 66560.] t2_sim:[57961. 57585. 58421.]
Task is 51.00% complete.
t1_sim:[64876. 65272. 65271.] t2_sim:[62494. 63108. 63425.]
Task is 52.00% complete.
t1_sim:[61244. 60138. 61018.] t2_sim:[66532. 65801. 66670.]
Task is 53.00% complete.
t1_sim:[61858. 60721. 61403.] t2_sim:[64820. 64422. 63289.]
Task is 54.00% complete.
t1_sim:[65133. 64674. 64718.] t2_sim:[63143. 63638. 64973.]
Task is 55.00% complete.
t1_sim:[68138. 68473. 66893.] t2_sim:[63433. 62194. 61222.]
Task is 56.00% complete.
t1_sim:[64779. 64997. 63809.] t2_sim:[64029. 62584. 63650.]
Task is 57.00% complete.
t1_sim:[61516. 62502. 62317.] t2_sim:[61959. 60909. 60401.]
Task is 58.00% complete.
t1_sim:[59920. 59661. 60751.] t2_sim:[62680. 63274. 61912.]
Task is 59.00% complete.
t1_sim:[58876. 59323. 61120.] t2_sim:[64244. 64986. 63522.]
Task is 60.00% complete.
t1_sim:[62454. 60915. 59608.] t2_sim:[65553. 65504. 64433.]
Task is 61.00% complete.
t1_sim:[63764. 62614. 62936.] t2_sim:[64928. 65377. 66340.]
Task is 62.00% complete.
t1_sim:[63334. 61891. 62802.] t2_sim:[65207. 65928. 64357.]
Task is 63.00% complete.
t1_sim:[59796. 59550. 59626.] t2_sim:[60199. 59903. 59665.]
Task is 64.00% complete.
t1_sim:[59047. 56668. 58080.] t2_sim:[65473. 65583. 63943.]
Task is 65.00% complete.
t1_sim:[60049. 60920. 59994.] t2_sim:[62864. 63202. 62247.]
Task is 66.00% complete.
t1_sim:[62054. 61357. 62874.] t2_sim:[62005. 60963. 60977.]
Task is 67.00% complete.
t1_sim:[66530. 65420. 65100.] t2_sim:[64381. 64854. 65290.]
Task is 68.00% complete.
t1_sim:[60827. 61767. 62499.] t2_sim:[63086. 63151. 62091.]
Task is 69.00% complete.
t1_sim:[62325. 60134. 61391.] t2_sim:[60181. 60140. 59787.]
Task is 70.00% complete.
t1_sim:[64888. 65647. 65007.] t2_sim:[60958. 60822. 60546.]
Task is 71.00% complete.
t1_sim:[59836. 59162. 61182.] t2_sim:[64019. 63210. 63082.]
Task is 72.00% complete.
t1_sim:[59960. 58995. 58856.] t2_sim:[63180. 63722. 65925.]
Task is 73.00% complete.
t1_sim:[66358. 66180. 67477.] t2_sim:[54695. 55976. 56350.]
Task is 74.00% complete.
t1_sim:[61456. 60613. 60498.] t2_sim:[65330. 64218. 62595.]
Task is 75.00% complete.
t1_sim:[65226. 65019. 66515.] t2_sim:[66912. 66302. 67773.]
Task is 76.00% complete.
t1_sim:[64105. 63284. 65992.] t2_sim:[62168. 63330. 60451.]
Task is 77.00% complete.
t1_sim:[60421. 60939. 62545.] t2_sim:[58822. 57558. 59130.]
Task is 78.00% complete.
t1_sim:[54086. 56063. 55282.] t2_sim:[64789. 64540. 65337.]
Task is 79.00% complete.
t1_sim:[61134. 62489. 63592.] t2_sim:[61947. 62184. 61668.]
Task is 80.00% complete.
t1_sim:[61079. 59709. 61028.] t2_sim:[64383. 62952. 62686.]
Task is 81.00% complete.
t1_sim:[67073. 67901. 67595.] t2_sim:[60201. 60393. 60841.]
Task is 82.00% complete.
t1_sim:[54217. 54975. 54792.] t2_sim:[67560. 67846. 67009.]
Task is 83.00% complete.
t1_sim:[64850. 67503. 66038.] t2_sim:[61563. 62719. 61772.]
Task is 84.00% complete.
t1_sim:[62551. 61084. 61938.] t2_sim:[64927. 63646. 64694.]
Task is 85.00% complete.
t1_sim:[63994. 63110. 63474.] t2_sim:[65429. 63164. 64979.]
Task is 86.00% complete.
t1_sim:[58094. 58899. 60815.] t2_sim:[59413. 59239. 60473.]
Task is 87.00% complete.
t1_sim:[59015. 60208. 60486.] t2_sim:[64919. 65154. 65184.]
Task is 88.00% complete.
t1_sim:[65541. 65346. 65217.] t2_sim:[65701. 65636. 66352.]
Task is 89.00% complete.
t1_sim:[65058. 65113. 64692.] t2_sim:[67366. 67202. 66313.]
Task is 90.00% complete.
t1_sim:[63381. 60239. 61794.] t2_sim:[65314. 65246. 65803.]
Task is 91.00% complete.
t1_sim:[66989. 68021. 68861.] t2_sim:[62826. 61808. 63799.]
Task is 92.00% complete.
t1_sim:[56674. 57781. 56938.] t2_sim:[67242. 69317. 67604.]
Task is 93.00% complete.
t1_sim:[69095. 68113. 68491.] t2_sim:[65579. 65778. 65348.]
Task is 94.00% complete.
t1_sim:[61605. 62647. 62726.] t2_sim:[63736. 63297. 61985.]
Task is 95.00% complete.
t1_sim:[59982. 59249. 58371.] t2_sim:[62864. 63836. 64740.]
Task is 96.00% complete.
t1_sim:[67413. 66280. 68441.] t2_sim:[63238. 63351. 65446.]
Task is 97.00% complete.
t1_sim:[62457. 63195. 62253.] t2_sim:[65139. 65764. 65390.]
Task is 98.00% complete.
t1_sim:[65619. 65192. 66131.] t2_sim:[64747. 66337. 66538.]
Task is 99.00% complete.
t1_sim:[63606. 62638. 61975.] t2_sim:[61694. 62670. 60701.]
Training start
t1_obs:[array(96330.), array(84491.), array(79299.)] t2_obs:[array(89988.), array(79934.), array(73551.)]
corr_G1:[None, None, 0.645699144451255] corr_G2:[None, None, 0.48973078133701137]
Training end
Task is 0.00% complete.
t1_sim:[63933. 62420. 57684.] t2_sim:[59440. 59591. 54747.]
Task is 1.00% complete.
t1_sim:[67624. 68185. 62338.] t2_sim:[62378. 63161. 60324.]
Task is 2.00% complete.
t1_sim:[59692. 59080. 55088.] t2_sim:[65258. 64847. 61380.]
Task is 3.00% complete.
t1_sim:[60229. 63317. 58435.] t2_sim:[64141. 63337. 61836.]
Task is 4.00% complete.
t1_sim:[64046. 65255. 58793.] t2_sim:[68281. 69057. 64211.]
Task is 5.00% complete.
t1_sim:[65085. 62396. 57700.] t2_sim:[62202. 63084. 59141.]
Task is 6.00% complete.
t1_sim:[68877. 67860. 64572.] t2_sim:[61240. 61876. 56439.]
Task is 7.00% complete.
t1_sim:[62982. 64652. 59303.] t2_sim:[62094. 61808. 58792.]
Task is 8.00% complete.
t1_sim:[63270. 62760. 58912.] t2_sim:[65326. 64418. 62752.]
Task is 9.00% complete.
t1_sim:[68536. 66515. 62663.] t2_sim:[57903. 58328. 56149.]
Task is 10.00% complete.
t1_sim:[58208. 58242. 54297.] t2_sim:[66473. 66182. 63139.]
Task is 11.00% complete.
t1_sim:[57651. 57994. 54142.] t2_sim:[66630. 65318. 64188.]
Task is 12.00% complete.
t1_sim:[59789. 59990. 53629.] t2_sim:[57595. 57054. 54744.]
Task is 13.00% complete.
t1_sim:[67189. 67634. 63028.] t2_sim:[62832. 62850. 58199.]
Task is 14.00% complete.
t1_sim:[64141. 64882. 60796.] t2_sim:[66067. 65940. 63994.]
Task is 15.00% complete.
t1_sim:[59063. 58761. 54266.] t2_sim:[62774. 62412. 59523.]
Task is 16.00% complete.
t1_sim:[62745. 62371. 58778.] t2_sim:[65082. 65017. 61790.]
Task is 17.00% complete.
t1_sim:[58776. 59440. 56308.] t2_sim:[66327. 67588. 63540.]
Task is 18.00% complete.
t1_sim:[60210. 59546. 56896.] t2_sim:[61338. 60597. 57671.]
Task is 19.00% complete.
t1_sim:[65473. 66334. 60573.] t2_sim:[60495. 59729. 57482.]
Task is 20.00% complete.
t1_sim:[63932. 63698. 58193.] t2_sim:[55549. 55668. 53555.]
Task is 21.00% complete.
t1_sim:[63931. 64463. 59045.] t2_sim:[60808. 59733. 56977.]
Task is 22.00% complete.
t1_sim:[55796. 56322. 54311.] t2_sim:[63893. 63617. 60189.]
Task is 23.00% complete.
t1_sim:[60604. 59982. 56960.] t2_sim:[64247. 65364. 62240.]
Task is 24.00% complete.
t1_sim:[59161. 59160. 55044.] t2_sim:[60033. 60694. 57733.]
Task is 25.00% complete.
t1_sim:[64261. 64337. 61211.] t2_sim:[64313. 64638. 60752.]
Task is 26.00% complete.
t1_sim:[62296. 61339. 55835.] t2_sim:[61032. 61996. 57563.]
Task is 27.00% complete.
t1_sim:[64182. 63434. 60114.] t2_sim:[60999. 61179. 58584.]
Task is 28.00% complete.
t1_sim:[59527. 58601. 51494.] t2_sim:[66125. 66501. 63323.]
Task is 29.00% complete.
t1_sim:[64431. 64418. 61782.] t2_sim:[65175. 64355. 63034.]
Task is 30.00% complete.
t1_sim:[64357. 63552. 60047.] t2_sim:[60719. 60125. 57577.]
Task is 31.00% complete.
t1_sim:[61342. 62137. 57368.] t2_sim:[58563. 60152. 58711.]
Task is 32.00% complete.
t1_sim:[64350. 65307. 61739.] t2_sim:[58647. 57842. 56761.]
Task is 33.00% complete.
t1_sim:[63392. 63251. 58527.] t2_sim:[59932. 60010. 58237.]
Task is 34.00% complete.
t1_sim:[57857. 58006. 55302.] t2_sim:[61610. 63134. 60407.]
Task is 35.00% complete.
t1_sim:[63514. 62372. 56425.] t2_sim:[60987. 61623. 58975.]
Task is 36.00% complete.
t1_sim:[59485. 59096. 55475.] t2_sim:[61704. 61076. 56984.]
Task is 37.00% complete.
t1_sim:[60172. 59372. 53514.] t2_sim:[67115. 65260. 62488.]
Task is 38.00% complete.
t1_sim:[64026. 63790. 57743.] t2_sim:[60752. 60688. 59318.]
Task is 39.00% complete.
t1_sim:[61605. 61056. 57011.] t2_sim:[70910. 70443. 67753.]
Task is 40.00% complete.
t1_sim:[65345. 65937. 60602.] t2_sim:[66126. 66290. 65036.]
Task is 41.00% complete.
t1_sim:[67320. 68423. 64216.] t2_sim:[54402. 54701. 53410.]
Task is 42.00% complete.
t1_sim:[54224. 55922. 51180.] t2_sim:[66715. 65838. 63033.]
Task is 43.00% complete.
t1_sim:[63319. 62345. 57909.] t2_sim:[62390. 63296. 59858.]
Task is 44.00% complete.
t1_sim:[63080. 64480. 58455.] t2_sim:[55078. 56022. 51663.]
Task is 45.00% complete.
t1_sim:[59026. 58274. 54954.] t2_sim:[62122. 62480. 60585.]
Task is 46.00% complete.
t1_sim:[63174. 61826. 58149.] t2_sim:[60734. 58837. 56478.]
Task is 47.00% complete.
t1_sim:[60117. 59393. 56781.] t2_sim:[57644. 59527. 55920.]
Task is 48.00% complete.
t1_sim:[59201. 59050. 55446.] t2_sim:[66996. 66795. 64745.]
Task is 49.00% complete.
t1_sim:[66086. 67312. 62103.] t2_sim:[60778. 60201. 58008.]
Task is 50.00% complete.
t1_sim:[66009. 67971. 63203.] t2_sim:[59436. 58798. 58115.]
Task is 51.00% complete.
t1_sim:[63875. 61603. 57736.] t2_sim:[60953. 61867. 57332.]
Task is 52.00% complete.
t1_sim:[61707. 62410. 58338.] t2_sim:[64381. 64562. 62378.]
Task is 53.00% complete.
t1_sim:[66214. 64476. 60602.] t2_sim:[66863. 67138. 63682.]
Task is 54.00% complete.
t1_sim:[62226. 63336. 56638.] t2_sim:[61463. 62777. 59590.]
Task is 55.00% complete.
t1_sim:[56119. 55230. 50232.] t2_sim:[64581. 65876. 60687.]
Task is 56.00% complete.
t1_sim:[67238. 68241. 62507.] t2_sim:[58434. 57751. 54403.]
Task is 57.00% complete.
t1_sim:[67402. 65538. 62870.] t2_sim:[57668. 57214. 54821.]
Task is 58.00% complete.
t1_sim:[64731. 65106. 59778.] t2_sim:[62020. 60071. 57317.]
Task is 59.00% complete.
t1_sim:[64362. 64180. 58780.] t2_sim:[60809. 61067. 58209.]
Task is 60.00% complete.
t1_sim:[59560. 59914. 55667.] t2_sim:[59081. 61252. 57125.]
Task is 61.00% complete.
t1_sim:[63408. 63446. 60383.] t2_sim:[66883. 66559. 63448.]
Task is 62.00% complete.
t1_sim:[62828. 61814. 57357.] t2_sim:[63939. 63506. 61514.]
Task is 63.00% complete.
t1_sim:[62646. 64444. 59251.] t2_sim:[64197. 65861. 63795.]
Task is 64.00% complete.
t1_sim:[67643. 68022. 62478.] t2_sim:[62785. 63412. 60502.]
Task is 65.00% complete.
t1_sim:[62161. 61813. 57170.] t2_sim:[66447. 67118. 62705.]
Task is 66.00% complete.
t1_sim:[63599. 65802. 61121.] t2_sim:[60226. 60894. 58469.]
Task is 67.00% complete.
t1_sim:[62002. 62431. 58713.] t2_sim:[62499. 62964. 61248.]
Task is 68.00% complete.
t1_sim:[61655. 62239. 58359.] t2_sim:[65309. 64632. 62885.]
Task is 69.00% complete.
t1_sim:[57748. 57912. 54206.] t2_sim:[66554. 66321. 62918.]
Task is 70.00% complete.
t1_sim:[60494. 61180. 57197.] t2_sim:[61744. 62367. 60232.]
Task is 71.00% complete.
t1_sim:[59226. 60129. 55794.] t2_sim:[61840. 61857. 57531.]
Task is 72.00% complete.
t1_sim:[66044. 64661. 59620.] t2_sim:[66840. 66349. 62225.]
Task is 73.00% complete.
t1_sim:[61441. 61416. 55612.] t2_sim:[61316. 62943. 59524.]
Task is 74.00% complete.
t1_sim:[63104. 62892. 59284.] t2_sim:[64663. 64872. 62365.]
Task is 75.00% complete.
t1_sim:[64541. 64005. 58360.] t2_sim:[66456. 65761. 63214.]
Task is 76.00% complete.
t1_sim:[62029. 61658. 56043.] t2_sim:[60086. 62029. 58370.]
Task is 77.00% complete.
t1_sim:[58593. 57234. 54012.] t2_sim:[59905. 60088. 58442.]
Task is 78.00% complete.
t1_sim:[60023. 59703. 56001.] t2_sim:[60620. 60478. 58296.]
Task is 79.00% complete.
t1_sim:[62416. 62872. 57511.] t2_sim:[64492. 64529. 60979.]
Task is 80.00% complete.
t1_sim:[56085. 54888. 50135.] t2_sim:[61480. 61447. 58956.]
Task is 81.00% complete.
t1_sim:[61139. 61401. 58139.] t2_sim:[62989. 62961. 59804.]
Task is 82.00% complete.
t1_sim:[61917. 62407. 59678.] t2_sim:[66987. 66866. 63594.]
Task is 83.00% complete.
t1_sim:[61441. 62045. 56957.] t2_sim:[63960. 64629. 62966.]
Task is 84.00% complete.
t1_sim:[65844. 65870. 60319.] t2_sim:[57834. 58708. 55920.]
Task is 85.00% complete.
t1_sim:[63882. 65350. 58962.] t2_sim:[62416. 61720. 60940.]
Task is 86.00% complete.
t1_sim:[64211. 62763. 57580.] t2_sim:[58533. 57875. 55691.]
Task is 87.00% complete.
t1_sim:[58266. 57577. 55153.] t2_sim:[64563. 65423. 61448.]
Task is 88.00% complete.
t1_sim:[59010. 58740. 54003.] t2_sim:[66723. 66080. 63314.]
Task is 89.00% complete.
t1_sim:[59697. 60093. 56846.] t2_sim:[60956. 60116. 57481.]
Task is 90.00% complete.
t1_sim:[60786. 60775. 56987.] t2_sim:[64504. 64091. 60670.]
Task is 91.00% complete.
t1_sim:[63887. 64551. 60271.] t2_sim:[64172. 65933. 61684.]
Task is 92.00% complete.
t1_sim:[55788. 57873. 54840.] t2_sim:[65002. 64529. 62393.]
Task is 93.00% complete.
t1_sim:[62675. 62002. 58956.] t2_sim:[68931. 68759. 67166.]
Task is 94.00% complete.
t1_sim:[59976. 59051. 57366.] t2_sim:[68935. 68682. 64131.]
Task is 95.00% complete.
t1_sim:[60456. 61497. 57636.] t2_sim:[58670. 59481. 56771.]
Task is 96.00% complete.
t1_sim:[66590. 65765. 60268.] t2_sim:[66571. 65627. 62841.]
Task is 97.00% complete.
t1_sim:[65217. 65571. 60072.] t2_sim:[64838. 65515. 62949.]
Task is 98.00% complete.
t1_sim:[64299. 62877. 58540.] t2_sim:[61601. 59795. 57721.]
Task is 99.00% complete.
t1_sim:[59330. 58455. 54310.] t2_sim:[68745. 67427. 64755.]
Finished
