/scratch/jz4721/Post-prediction-Causal-Inference/venv/lib/python3.8/site-packages/numpy/core/getlimits.py:518: UserWarning: The value of the smallest subnormal for <class 'numpy.float64'> type is zero.
  setattr(self, word, getattr(machar, word).flat[0])
/scratch/jz4721/Post-prediction-Causal-Inference/venv/lib/python3.8/site-packages/numpy/core/getlimits.py:89: UserWarning: The value of the smallest subnormal for <class 'numpy.float64'> type is zero.
  return self._float_to_str(self.smallest_subnormal)
/scratch/jz4721/Post-prediction-Causal-Inference/venv/lib/python3.8/site-packages/numpy/core/getlimits.py:518: UserWarning: The value of the smallest subnormal for <class 'numpy.float32'> type is zero.
  setattr(self, word, getattr(machar, word).flat[0])
/scratch/jz4721/Post-prediction-Causal-Inference/venv/lib/python3.8/site-packages/numpy/core/getlimits.py:89: UserWarning: The value of the smallest subnormal for <class 'numpy.float32'> type is zero.
  return self._float_to_str(self.smallest_subnormal)
Begin
Training start
t1_obs:[array(96648.), array(80290.), array(75916.)] t2_obs:[array(91525.), array(78209.), array(72900.)]
corr_G1:[None, None, -1.0466231787605221e-17] corr_G2:[None, None, 1.2380907550834535e-16]
Training end
Task is 0.00% complete.
t1_sim:[63023. 64788. 62718.] t2_sim:[63960. 63417. 65204.]
Task is 1.00% complete.
t1_sim:[59202. 60979. 57294.] t2_sim:[63071. 61311. 62821.]
Task is 2.00% complete.
t1_sim:[62183. 60281. 64686.] t2_sim:[64875. 62820. 64595.]
Task is 3.00% complete.
t1_sim:[62157. 60607. 62180.] t2_sim:[65993. 65347. 69414.]
Task is 4.00% complete.
t1_sim:[65427. 63684. 63654.] t2_sim:[59839. 61042. 63288.]
Task is 5.00% complete.
t1_sim:[63843. 64109. 60173.] t2_sim:[63051. 63799. 64257.]
Task is 6.00% complete.
t1_sim:[59100. 58888. 59389.] t2_sim:[63976. 64880. 63695.]
Task is 7.00% complete.
t1_sim:[63354. 64301. 62512.] t2_sim:[67171. 67493. 67076.]
Task is 8.00% complete.
t1_sim:[69027. 69895. 68016.] t2_sim:[66977. 64789. 65267.]
Task is 9.00% complete.
t1_sim:[61912. 63098. 64647.] t2_sim:[64941. 64656. 63870.]
Task is 10.00% complete.
t1_sim:[65721. 67185. 65570.] t2_sim:[63095. 62947. 64784.]
Task is 11.00% complete.
t1_sim:[67390. 64276. 65166.] t2_sim:[63385. 64567. 64446.]
Task is 12.00% complete.
t1_sim:[66219. 63341. 62014.] t2_sim:[65185. 65275. 69907.]
Task is 13.00% complete.
t1_sim:[60428. 60772. 61110.] t2_sim:[58479. 58714. 59825.]
Task is 14.00% complete.
t1_sim:[62913. 64449. 64201.] t2_sim:[61754. 63653. 60923.]
Task is 15.00% complete.
t1_sim:[63001. 62308. 65448.] t2_sim:[64038. 64896. 64743.]
Task is 16.00% complete.
t1_sim:[65336. 65731. 65903.] t2_sim:[61728. 63173. 64100.]
Task is 17.00% complete.
t1_sim:[61153. 63457. 63289.] t2_sim:[67977. 67368. 69063.]
Task is 18.00% complete.
t1_sim:[61689. 60829. 60763.] t2_sim:[59154. 59580. 58334.]
Task is 19.00% complete.
t1_sim:[62024. 62713. 63857.] t2_sim:[69581. 70459. 69916.]
Task is 20.00% complete.
t1_sim:[63902. 64266. 63411.] t2_sim:[67547. 68129. 66876.]
Task is 21.00% complete.
t1_sim:[60448. 61566. 61712.] t2_sim:[69220. 68221. 67651.]
Task is 22.00% complete.
t1_sim:[70637. 71493. 69849.] t2_sim:[65122. 64727. 63971.]
Task is 23.00% complete.
t1_sim:[62673. 63432. 63444.] t2_sim:[61566. 62540. 60936.]
Task is 24.00% complete.
t1_sim:[70454. 71756. 69196.] t2_sim:[58309. 58602. 61406.]
Task is 25.00% complete.
t1_sim:[64041. 62920. 66812.] t2_sim:[57860. 57806. 57701.]
Task is 26.00% complete.
t1_sim:[63489. 64379. 66548.] t2_sim:[62180. 62586. 64019.]
Task is 27.00% complete.
t1_sim:[72068. 70662. 70400.] t2_sim:[68318. 67740. 67156.]
Task is 28.00% complete.
t1_sim:[58462. 56560. 57520.] t2_sim:[68477. 67553. 65948.]
Task is 29.00% complete.
t1_sim:[58422. 59608. 60345.] t2_sim:[62515. 62355. 63053.]
Task is 30.00% complete.
t1_sim:[61173. 59535. 60316.] t2_sim:[64031. 63474. 66063.]
Task is 31.00% complete.
t1_sim:[64284. 62839. 64935.] t2_sim:[65371. 65191. 63660.]
Task is 32.00% complete.
t1_sim:[59499. 59141. 58053.] t2_sim:[62525. 63045. 64758.]
Task is 33.00% complete.
t1_sim:[57995. 58195. 59486.] t2_sim:[61900. 62227. 60977.]
Task is 34.00% complete.
t1_sim:[67686. 68029. 68659.] t2_sim:[63234. 62841. 61379.]
Task is 35.00% complete.
t1_sim:[56964. 55935. 56005.] t2_sim:[62013. 63140. 61057.]
Task is 36.00% complete.
t1_sim:[61381. 62988. 62023.] t2_sim:[64340. 64830. 63290.]
Task is 37.00% complete.
t1_sim:[62157. 61636. 60231.] t2_sim:[58591. 59975. 58661.]
Task is 38.00% complete.
t1_sim:[56774. 57677. 59174.] t2_sim:[60823. 59634. 60838.]
Task is 39.00% complete.
t1_sim:[65770. 68034. 70243.] t2_sim:[61736. 62738. 61410.]
Task is 40.00% complete.
t1_sim:[59938. 58690. 61507.] t2_sim:[59349. 60526. 59856.]
Task is 41.00% complete.
t1_sim:[64160. 64861. 64574.] t2_sim:[62359. 64451. 60119.]
Task is 42.00% complete.
t1_sim:[63898. 63275. 63039.] t2_sim:[59721. 57820. 59171.]
Task is 43.00% complete.
t1_sim:[65284. 64827. 65547.] t2_sim:[62434. 61836. 62730.]
Task is 44.00% complete.
t1_sim:[60393. 61504. 62995.] t2_sim:[62878. 64398. 65985.]
Task is 45.00% complete.
t1_sim:[57498. 56733. 61458.] t2_sim:[59179. 58956. 60310.]
Task is 46.00% complete.
t1_sim:[60053. 58326. 59097.] t2_sim:[62978. 63474. 60387.]
Task is 47.00% complete.
t1_sim:[60191. 58760. 60215.] t2_sim:[67164. 67033. 65382.]
Task is 48.00% complete.
t1_sim:[58829. 59945. 57046.] t2_sim:[62253. 62359. 61140.]
Task is 49.00% complete.
t1_sim:[59562. 59635. 58239.] t2_sim:[59387. 61280. 61340.]
Task is 50.00% complete.
t1_sim:[67620. 67929. 65387.] t2_sim:[65558. 64657. 66945.]
Task is 51.00% complete.
t1_sim:[62596. 63837. 63758.] t2_sim:[58029. 58365. 57009.]
Task is 52.00% complete.
t1_sim:[61026. 62300. 61628.] t2_sim:[60316. 60491. 59611.]
Task is 53.00% complete.
t1_sim:[60662. 60699. 60556.] t2_sim:[56702. 57527. 58190.]
Task is 54.00% complete.
t1_sim:[62197. 63632. 62026.] t2_sim:[56821. 57374. 54231.]
Task is 55.00% complete.
t1_sim:[65683. 63388. 61660.] t2_sim:[61552. 62418. 59196.]
Task is 56.00% complete.
t1_sim:[61621. 60329. 62010.] t2_sim:[62211. 61229. 58948.]
Task is 57.00% complete.
t1_sim:[58743. 59209. 58656.] t2_sim:[64633. 65565. 62428.]
Task is 58.00% complete.
t1_sim:[57077. 57174. 58747.] t2_sim:[63389. 62379. 60406.]
Task is 59.00% complete.
t1_sim:[60017. 60816. 57674.] t2_sim:[64838. 66230. 66215.]
Task is 60.00% complete.
t1_sim:[61327. 60864. 61832.] t2_sim:[60051. 60716. 59054.]
Task is 61.00% complete.
t1_sim:[62125. 61653. 59258.] t2_sim:[65807. 67012. 63370.]
Task is 62.00% complete.
t1_sim:[59119. 59569. 56380.] t2_sim:[57972. 59388. 59249.]
Task is 63.00% complete.
t1_sim:[63783. 63371. 62270.] t2_sim:[64139. 63650. 66128.]
Task is 64.00% complete.
t1_sim:[65471. 65823. 65774.] t2_sim:[63263. 64778. 63918.]
Task is 65.00% complete.
t1_sim:[66947. 66820. 67769.] t2_sim:[60786. 61188. 61628.]
Task is 66.00% complete.
t1_sim:[63240. 61343. 64562.] t2_sim:[65461. 67350. 68039.]
Task is 67.00% complete.
t1_sim:[59785. 61152. 61127.] t2_sim:[60655. 60770. 60227.]
Task is 68.00% complete.
t1_sim:[59825. 60030. 60591.] t2_sim:[61710. 61226. 58511.]
Task is 69.00% complete.
t1_sim:[62143. 62878. 62943.] t2_sim:[54590. 55017. 55308.]
Task is 70.00% complete.
t1_sim:[62087. 62432. 64905.] t2_sim:[61669. 61623. 60596.]
Task is 71.00% complete.
t1_sim:[54593. 57092. 59166.] t2_sim:[61638. 60775. 60667.]
Task is 72.00% complete.
t1_sim:[67911. 63977. 68625.] t2_sim:[65108. 66250. 64192.]
Task is 73.00% complete.
t1_sim:[64272. 62870. 63274.] t2_sim:[63726. 65147. 64502.]
Task is 74.00% complete.
t1_sim:[62183. 62669. 62421.] t2_sim:[59320. 59158. 58647.]
Task is 75.00% complete.
t1_sim:[61752. 61720. 59394.] t2_sim:[65051. 65282. 62063.]
Task is 76.00% complete.
t1_sim:[56291. 55026. 57505.] t2_sim:[54878. 54823. 54986.]
Task is 77.00% complete.
t1_sim:[57035. 58761. 57282.] t2_sim:[63248. 61349. 66235.]
Task is 78.00% complete.
t1_sim:[65328. 66392. 66950.] t2_sim:[70073. 70415. 65469.]
Task is 79.00% complete.
t1_sim:[58563. 58932. 55383.] t2_sim:[59715. 62602. 60636.]
Task is 80.00% complete.
t1_sim:[66305. 65667. 67686.] t2_sim:[64305. 62150. 63244.]
Task is 81.00% complete.
t1_sim:[62065. 61626. 59641.] t2_sim:[56551. 55790. 57465.]
Task is 82.00% complete.
t1_sim:[65136. 65765. 63183.] t2_sim:[60481. 59389. 59711.]
Task is 83.00% complete.
t1_sim:[64593. 64799. 64857.] t2_sim:[62542. 63834. 63108.]
Task is 84.00% complete.
t1_sim:[61063. 63214. 61060.] t2_sim:[63753. 64396. 64862.]
Task is 85.00% complete.
t1_sim:[60464. 58911. 60295.] t2_sim:[61117. 60742. 63325.]
Task is 86.00% complete.
t1_sim:[71960. 69657. 70665.] t2_sim:[67469. 69372. 66584.]
Task is 87.00% complete.
t1_sim:[54150. 54604. 54951.] t2_sim:[64550. 61103. 64218.]
Task is 88.00% complete.
t1_sim:[65193. 66534. 66741.] t2_sim:[63246. 63170. 62789.]
Task is 89.00% complete.
t1_sim:[65232. 66242. 65115.] t2_sim:[55912. 56061. 55836.]
Task is 90.00% complete.
t1_sim:[59121. 60829. 62162.] t2_sim:[58683. 58129. 58447.]
Task is 91.00% complete.
t1_sim:[65458. 63701. 62792.] t2_sim:[62329. 60168. 61285.]
Task is 92.00% complete.
t1_sim:[64428. 67568. 65638.] t2_sim:[59709. 57679. 57968.]
Task is 93.00% complete.
t1_sim:[66561. 67820. 68134.] t2_sim:[67256. 67025. 68535.]
Task is 94.00% complete.
t1_sim:[62385. 62464. 61961.] t2_sim:[59600. 59617. 61425.]
Task is 95.00% complete.
t1_sim:[60835. 63499. 63191.] t2_sim:[65700. 63233. 65311.]
Task is 96.00% complete.
t1_sim:[60952. 60326. 61285.] t2_sim:[71604. 70010. 72867.]
Task is 97.00% complete.
t1_sim:[65048. 64787. 65578.] t2_sim:[66138. 65736. 65586.]
Task is 98.00% complete.
t1_sim:[60464. 60149. 59691.] t2_sim:[58207. 58426. 59647.]
Task is 99.00% complete.
t1_sim:[66009. 66730. 66753.] t2_sim:[70818. 70036. 68853.]
Training start
t1_obs:[array(96648.), array(80290.), array(79666.)] t2_obs:[array(91525.), array(78209.), array(76117.)]
corr_G1:[None, None, 0.9937003970379777] corr_G2:[None, None, 0.977167860203664]
Training end
Task is 0.00% complete.
t1_sim:[62260. 64338. 64877.] t2_sim:[61208. 58942. 60945.]
Task is 1.00% complete.
t1_sim:[60293. 60079. 59425.] t2_sim:[65409. 63048. 63500.]
Task is 2.00% complete.
t1_sim:[62313. 62442. 62409.] t2_sim:[67859. 69170. 68794.]
Task is 3.00% complete.
t1_sim:[62299. 62046. 61923.] t2_sim:[63307. 64440. 64910.]
Task is 4.00% complete.
t1_sim:[60516. 60660. 60234.] t2_sim:[65725. 65159. 65371.]
Task is 5.00% complete.
t1_sim:[62442. 60543. 59526.] t2_sim:[63562. 64006. 64868.]
Task is 6.00% complete.
t1_sim:[63992. 61481. 59336.] t2_sim:[60842. 60631. 61715.]
Task is 7.00% complete.
t1_sim:[66414. 64676. 64336.] t2_sim:[65439. 65075. 65988.]
Task is 8.00% complete.
t1_sim:[68039. 63922. 63124.] t2_sim:[64669. 65892. 66729.]
Task is 9.00% complete.
t1_sim:[59172. 57108. 57210.] t2_sim:[60899. 61268. 61668.]
Task is 10.00% complete.
t1_sim:[58830. 57894. 57446.] t2_sim:[59899. 60319. 60118.]
Task is 11.00% complete.
t1_sim:[64986. 66420. 65216.] t2_sim:[63814. 63826. 66683.]
Task is 12.00% complete.
t1_sim:[63901. 64083. 62578.] t2_sim:[55480. 55708. 55983.]
Task is 13.00% complete.
t1_sim:[65111. 66646. 67593.] t2_sim:[65908. 65738. 66692.]
Task is 14.00% complete.
t1_sim:[67461. 66980. 65004.] t2_sim:[65847. 66996. 65303.]
Task is 15.00% complete.
t1_sim:[67211. 65535. 65976.] t2_sim:[63311. 62771. 63703.]
Task is 16.00% complete.
t1_sim:[63358. 61121. 63442.] t2_sim:[66955. 66831. 67338.]
Task is 17.00% complete.
t1_sim:[64459. 64197. 64757.] t2_sim:[61118. 59890. 60327.]
Task is 18.00% complete.
t1_sim:[62297. 61724. 62177.] t2_sim:[60527. 59224. 58033.]
Task is 19.00% complete.
t1_sim:[57156. 55358. 56624.] t2_sim:[66101. 65271. 65625.]
Task is 20.00% complete.
t1_sim:[58565. 57563. 55868.] t2_sim:[60190. 58957. 60940.]
Task is 21.00% complete.
t1_sim:[60104. 60576. 60524.] t2_sim:[67524. 65668. 66962.]
Task is 22.00% complete.
t1_sim:[59022. 59319. 59219.] t2_sim:[62112. 60527. 61119.]
Task is 23.00% complete.
t1_sim:[68099. 64946. 64959.] t2_sim:[64515. 63876. 64432.]
Task is 24.00% complete.
t1_sim:[63095. 62475. 60255.] t2_sim:[60469. 61722. 61006.]
Task is 25.00% complete.
t1_sim:[61544. 61944. 61525.] t2_sim:[62702. 61592. 62174.]
Task is 26.00% complete.
t1_sim:[67461. 67134. 67236.] t2_sim:[64120. 66124. 65458.]
Task is 27.00% complete.
t1_sim:[61480. 59720. 61188.] t2_sim:[59341. 59366. 58179.]
Task is 28.00% complete.
t1_sim:[64836. 65077. 66119.] t2_sim:[66252. 65264. 66948.]
Task is 29.00% complete.
t1_sim:[67326. 67257. 66365.] t2_sim:[64016. 63571. 64141.]
Task is 30.00% complete.
t1_sim:[63127. 62089. 63863.] t2_sim:[57531. 59075. 59437.]
Task is 31.00% complete.
t1_sim:[66631. 66394. 67713.] t2_sim:[60937. 62172. 61233.]
Task is 32.00% complete.
t1_sim:[59021. 60053. 58827.] t2_sim:[55823. 53599. 54781.]
Task is 33.00% complete.
t1_sim:[58254. 57685. 58525.] t2_sim:[58074. 55813. 57216.]
Task is 34.00% complete.
t1_sim:[61683. 62748. 61182.] t2_sim:[59718. 59266. 59168.]
Task is 35.00% complete.
t1_sim:[63031. 61359. 62303.] t2_sim:[64011. 62712. 62580.]
Task is 36.00% complete.
t1_sim:[61695. 63280. 62578.] t2_sim:[58102. 57706. 57851.]
Task is 37.00% complete.
t1_sim:[62880. 63514. 62413.] t2_sim:[64793. 65814. 65057.]
Task is 38.00% complete.
t1_sim:[62874. 64237. 63927.] t2_sim:[62956. 63739. 62287.]
Task is 39.00% complete.
t1_sim:[64502. 65063. 65153.] t2_sim:[60057. 60674. 59282.]
Task is 40.00% complete.
t1_sim:[63194. 63914. 62461.] t2_sim:[65558. 64668. 65189.]
Task is 41.00% complete.
t1_sim:[64527. 64445. 65788.] t2_sim:[68719. 68657. 68324.]
Task is 42.00% complete.
t1_sim:[61707. 61393. 59616.] t2_sim:[61020. 59955. 59609.]
Task is 43.00% complete.
t1_sim:[62655. 62511. 62839.] t2_sim:[63019. 62357. 62477.]
Task is 44.00% complete.
t1_sim:[61007. 61527. 62043.] t2_sim:[64451. 64065. 65420.]
Task is 45.00% complete.
t1_sim:[65095. 66191. 65772.] t2_sim:[61189. 61530. 59481.]
Task is 46.00% complete.
t1_sim:[64396. 66428. 68134.] t2_sim:[63685. 63213. 65481.]
Task is 47.00% complete.
t1_sim:[59768. 60285. 58572.] t2_sim:[59968. 59682. 59989.]
Task is 48.00% complete.
t1_sim:[66942. 65919. 67627.] t2_sim:[60511. 62123. 61934.]
Task is 49.00% complete.
t1_sim:[60873. 63219. 63371.] t2_sim:[64456. 65028. 65179.]
Task is 50.00% complete.
t1_sim:[62192. 61503. 61021.] t2_sim:[62292. 64202. 62291.]
Task is 51.00% complete.
t1_sim:[57805. 59612. 59560.] t2_sim:[68780. 68441. 68109.]
Task is 52.00% complete.
t1_sim:[64027. 62892. 62140.] t2_sim:[65451. 64042. 64227.]
Task is 53.00% complete.
t1_sim:[63708. 64516. 63767.] t2_sim:[67952. 69905. 68547.]
Task is 54.00% complete.
t1_sim:[69067. 67755. 68034.] t2_sim:[64410. 66889. 67069.]
Task is 55.00% complete.
t1_sim:[59241. 58635. 58628.] t2_sim:[57133. 57343. 57782.]
Task is 56.00% complete.
t1_sim:[64443. 62632. 64760.] t2_sim:[63242. 62661. 63430.]
Task is 57.00% complete.
t1_sim:[65654. 65486. 66586.] t2_sim:[54452. 54587. 54230.]
Task is 58.00% complete.
t1_sim:[63053. 64578. 63107.] t2_sim:[63021. 62472. 61275.]
Task is 59.00% complete.
t1_sim:[63203. 63851. 64327.] t2_sim:[66775. 66893. 67793.]
Task is 60.00% complete.
t1_sim:[61700. 61599. 62355.] t2_sim:[63101. 62142. 64131.]
Task is 61.00% complete.
t1_sim:[62866. 64411. 62458.] t2_sim:[67966. 68735. 68897.]
Task is 62.00% complete.
t1_sim:[67738. 67943. 66169.] t2_sim:[63882. 63668. 62199.]
Task is 63.00% complete.
t1_sim:[61221. 62256. 61135.] t2_sim:[66169. 66055. 66100.]
Task is 64.00% complete.
t1_sim:[65938. 67339. 67331.] t2_sim:[63195. 63686. 62127.]
Task is 65.00% complete.
t1_sim:[63248. 64808. 65043.] t2_sim:[63860. 63434. 62605.]
Task is 66.00% complete.
t1_sim:[63730. 62744. 64884.] t2_sim:[64027. 63788. 64050.]
Task is 67.00% complete.
t1_sim:[67952. 68363. 68162.] t2_sim:[58156. 57182. 57829.]
Task is 68.00% complete.
t1_sim:[64170. 63287. 63665.] t2_sim:[63883. 65762. 66307.]
Task is 69.00% complete.
t1_sim:[60385. 59485. 60701.] t2_sim:[65956. 65066. 66956.]
Task is 70.00% complete.
t1_sim:[60257. 60705. 59665.] t2_sim:[55650. 54808. 54784.]
Task is 71.00% complete.
t1_sim:[55031. 55944. 56563.] t2_sim:[64354. 64628. 63433.]
Task is 72.00% complete.
t1_sim:[59928. 58845. 57432.] t2_sim:[58017. 60713. 60776.]
Task is 73.00% complete.
t1_sim:[67478. 67805. 66442.] t2_sim:[64554. 64941. 65657.]
Task is 74.00% complete.
t1_sim:[58033. 57812. 57807.] t2_sim:[61065. 60685. 62159.]
Task is 75.00% complete.
t1_sim:[57815. 58919. 59183.] t2_sim:[69240. 68386. 68525.]
Task is 76.00% complete.
t1_sim:[66114. 66374. 66701.] t2_sim:[65932. 64643. 63595.]
Task is 77.00% complete.
t1_sim:[65712. 67149. 64937.] t2_sim:[67409. 67615. 69920.]
Task is 78.00% complete.
t1_sim:[61820. 60924. 60472.] t2_sim:[61166. 62272. 61335.]
Task is 79.00% complete.
t1_sim:[67441. 65851. 66382.] t2_sim:[60398. 60210. 59598.]
Task is 80.00% complete.
t1_sim:[68000. 67085. 68716.] t2_sim:[69128. 68380. 68552.]
Task is 81.00% complete.
t1_sim:[58295. 61235. 61013.] t2_sim:[61059. 62046. 59877.]
Task is 82.00% complete.
t1_sim:[64679. 64142. 66685.] t2_sim:[61528. 61653. 59528.]
Task is 83.00% complete.
t1_sim:[71420. 71417. 72506.] t2_sim:[61889. 61409. 60118.]
Task is 84.00% complete.
t1_sim:[70652. 70123. 69312.] t2_sim:[65603. 64523. 64798.]
Task is 85.00% complete.
t1_sim:[61766. 61968. 60519.] t2_sim:[55845. 55872. 53876.]
Task is 86.00% complete.
t1_sim:[63732. 65245. 64364.] t2_sim:[65391. 64704. 64977.]
Task is 87.00% complete.
t1_sim:[62271. 63266. 62735.] t2_sim:[62996. 62415. 63008.]
Task is 88.00% complete.
t1_sim:[57850. 58160. 58288.] t2_sim:[65466. 65451. 63512.]
Task is 89.00% complete.
t1_sim:[63268. 62977. 63308.] t2_sim:[64183. 63022. 61976.]
Task is 90.00% complete.
t1_sim:[62583. 61545. 62318.] t2_sim:[57495. 58459. 59681.]
Task is 91.00% complete.
t1_sim:[61327. 61178. 62689.] t2_sim:[65941. 67018. 65686.]
Task is 92.00% complete.
t1_sim:[61222. 60411. 58940.] t2_sim:[62006. 60396. 59089.]
Task is 93.00% complete.
t1_sim:[64571. 66081. 64778.] t2_sim:[60117. 59784. 58492.]
Task is 94.00% complete.
t1_sim:[68445. 68721. 68543.] t2_sim:[61042. 59763. 59481.]
Task is 95.00% complete.
t1_sim:[67058. 66090. 65350.] t2_sim:[63534. 64527. 62406.]
Task is 96.00% complete.
t1_sim:[57242. 58203. 58941.] t2_sim:[66613. 64412. 66046.]
Task is 97.00% complete.
t1_sim:[65340. 65309. 65812.] t2_sim:[60078. 62693. 62901.]
Task is 98.00% complete.
t1_sim:[61321. 61569. 60945.] t2_sim:[60301. 58991. 59084.]
Task is 99.00% complete.
t1_sim:[58155. 57465. 57801.] t2_sim:[60036. 60065. 59962.]
Training start
t1_obs:[array(96648.), array(80290.), array(75850.)] t2_obs:[array(91525.), array(78209.), array(72286.)]
corr_G1:[None, None, 0.08475656857786129] corr_G2:[None, None, 0.15514221698128391]
Training end
Task is 0.00% complete.
t1_sim:[64080. 64381. 61813.] t2_sim:[61281. 61872. 56112.]
Task is 1.00% complete.
t1_sim:[58609. 58606. 57951.] t2_sim:[62079. 61381. 57013.]
Task is 2.00% complete.
t1_sim:[57004. 58225. 58327.] t2_sim:[67462. 66721. 63499.]
Task is 3.00% complete.
t1_sim:[66465. 65911. 63581.] t2_sim:[58836. 57343. 54793.]
Task is 4.00% complete.
t1_sim:[60038. 57655. 56507.] t2_sim:[61576. 63074. 59805.]
Task is 5.00% complete.
t1_sim:[67231. 65515. 65706.] t2_sim:[59792. 61103. 55999.]
Task is 6.00% complete.
t1_sim:[69714. 69837. 68642.] t2_sim:[62448. 63777. 59789.]
Task is 7.00% complete.
t1_sim:[59227. 60029. 61358.] t2_sim:[65395. 65522. 59210.]
Task is 8.00% complete.
t1_sim:[61025. 62436. 61228.] t2_sim:[67661. 67099. 64204.]
Task is 9.00% complete.
t1_sim:[64789. 63866. 61322.] t2_sim:[61483. 61368. 59150.]
Task is 10.00% complete.
t1_sim:[63377. 63672. 62735.] t2_sim:[60579. 60211. 56821.]
Task is 11.00% complete.
t1_sim:[59942. 60380. 58318.] t2_sim:[67780. 68742. 64200.]
Task is 12.00% complete.
t1_sim:[62247. 62881. 59489.] t2_sim:[65954. 65261. 62803.]
Task is 13.00% complete.
t1_sim:[60348. 61362. 58768.] t2_sim:[64121. 64820. 59253.]
Task is 14.00% complete.
t1_sim:[58568. 57851. 54676.] t2_sim:[64199. 64779. 62472.]
Task is 15.00% complete.
t1_sim:[66865. 65465. 64007.] t2_sim:[58184. 59430. 52282.]
Task is 16.00% complete.
t1_sim:[64125. 63938. 61980.] t2_sim:[64495. 64761. 60046.]
Task is 17.00% complete.
t1_sim:[62989. 61772. 62744.] t2_sim:[62251. 63272. 59657.]
Task is 18.00% complete.
t1_sim:[64296. 64510. 62838.] t2_sim:[62486. 62232. 57791.]
Task is 19.00% complete.
t1_sim:[54880. 56002. 55338.] t2_sim:[64700. 65345. 59750.]
Task is 20.00% complete.
t1_sim:[63642. 62782. 62218.] t2_sim:[65054. 64152. 58711.]
Task is 21.00% complete.
t1_sim:[66679. 66216. 67280.] t2_sim:[63800. 64062. 59994.]
Task is 22.00% complete.
t1_sim:[61831. 62499. 61313.] t2_sim:[60474. 61801. 58335.]
Task is 23.00% complete.
t1_sim:[61906. 62416. 59742.] t2_sim:[64156. 64000. 61148.]
Task is 24.00% complete.
t1_sim:[59056. 59017. 59000.] t2_sim:[58260. 56455. 53173.]
Task is 25.00% complete.
t1_sim:[55409. 58838. 59140.] t2_sim:[61593. 62188. 59125.]
Task is 26.00% complete.
t1_sim:[63335. 62843. 61343.] t2_sim:[60097. 61034. 56570.]
Task is 27.00% complete.
t1_sim:[66205. 65786. 64366.] t2_sim:[61581. 62330. 56610.]
Task is 28.00% complete.
t1_sim:[65830. 66103. 62640.] t2_sim:[70799. 71113. 65415.]
Task is 29.00% complete.
t1_sim:[61963. 62397. 60403.] t2_sim:[61595. 63048. 60072.]
Task is 30.00% complete.
t1_sim:[54461. 54107. 55718.] t2_sim:[65778. 66299. 62248.]
Task is 31.00% complete.
t1_sim:[59414. 60820. 61329.] t2_sim:[61513. 60184. 55697.]
Task is 32.00% complete.
t1_sim:[62412. 61492. 59971.] t2_sim:[62231. 62281. 58779.]
Task is 33.00% complete.
t1_sim:[67620. 65728. 65133.] t2_sim:[59087. 60787. 56306.]
Task is 34.00% complete.
t1_sim:[60166. 60268. 59932.] t2_sim:[66512. 65998. 61945.]
Task is 35.00% complete.
t1_sim:[60226. 61494. 59541.] t2_sim:[64568. 64316. 58717.]
Task is 36.00% complete.
t1_sim:[57145. 58286. 57277.] t2_sim:[58624. 59264. 54830.]
Task is 37.00% complete.
t1_sim:[60850. 61852. 61059.] t2_sim:[64185. 64176. 60132.]
Task is 38.00% complete.
t1_sim:[61501. 63606. 63491.] t2_sim:[71191. 70384. 67130.]
Task is 39.00% complete.
t1_sim:[61348. 62053. 61216.] t2_sim:[65431. 66651. 62698.]
Task is 40.00% complete.
t1_sim:[66751. 65010. 64335.] t2_sim:[64944. 63234. 60248.]
Task is 41.00% complete.
t1_sim:[58001. 57159. 54889.] t2_sim:[62105. 62151. 57656.]
Task is 42.00% complete.
t1_sim:[60972. 61796. 61740.] t2_sim:[58664. 57228. 52720.]
Task is 43.00% complete.
t1_sim:[59083. 55989. 58954.] t2_sim:[62344. 64195. 59135.]
Task is 44.00% complete.
t1_sim:[63137. 62880. 61156.] t2_sim:[64421. 65275. 61660.]
Task is 45.00% complete.
t1_sim:[59399. 59826. 60524.] t2_sim:[63504. 62617. 58542.]
Task is 46.00% complete.
t1_sim:[56154. 59692. 57448.] t2_sim:[62571. 61047. 57367.]
Task is 47.00% complete.
t1_sim:[62209. 62007. 63889.] t2_sim:[62320. 62749. 58583.]
Task is 48.00% complete.
t1_sim:[62821. 65245. 64120.] t2_sim:[65326. 66571. 61678.]
Task is 49.00% complete.
t1_sim:[64551. 63139. 64220.] t2_sim:[71172. 67800. 64390.]
Task is 50.00% complete.
t1_sim:[62073. 61800. 60199.] t2_sim:[63757. 65049. 60075.]
Task is 51.00% complete.
t1_sim:[63257. 60984. 59992.] t2_sim:[65888. 67015. 61166.]
Task is 52.00% complete.
t1_sim:[65862. 67192. 68217.] t2_sim:[67439. 68457. 64440.]
Task is 53.00% complete.
t1_sim:[61834. 60707. 59905.] t2_sim:[60286. 62172. 56422.]
Task is 54.00% complete.
t1_sim:[57987. 60216. 60278.] t2_sim:[62433. 61909. 58113.]
Task is 55.00% complete.
t1_sim:[67744. 69135. 63623.] t2_sim:[67561. 66617. 64052.]
Task is 56.00% complete.
t1_sim:[61416. 60974. 57364.] t2_sim:[62010. 61455. 55996.]
Task is 57.00% complete.
t1_sim:[64150. 64272. 63708.] t2_sim:[61242. 61078. 56826.]
Task is 58.00% complete.
t1_sim:[64672. 63419. 63590.] t2_sim:[62506. 62115. 58128.]
Task is 59.00% complete.
t1_sim:[63596. 63632. 62350.] t2_sim:[64753. 66037. 60200.]
Task is 60.00% complete.
t1_sim:[57796. 59772. 59486.] t2_sim:[64524. 63654. 58024.]
Task is 61.00% complete.
t1_sim:[58566. 61027. 59233.] t2_sim:[66023. 67605. 62145.]
Task is 62.00% complete.
t1_sim:[60124. 58865. 58856.] t2_sim:[53941. 55189. 50449.]
Task is 63.00% complete.
t1_sim:[59297. 57645. 57355.] t2_sim:[64177. 62459. 59114.]
Task is 64.00% complete.
t1_sim:[65140. 64939. 61583.] t2_sim:[62508. 63976. 59773.]
Task is 65.00% complete.
t1_sim:[63454. 63008. 62245.] t2_sim:[63786. 64635. 60975.]
Task is 66.00% complete.
t1_sim:[59640. 58636. 59177.] t2_sim:[60177. 59962. 55284.]
Task is 67.00% complete.
t1_sim:[56829. 54901. 54232.] t2_sim:[59758. 59285. 54990.]
Task is 68.00% complete.
t1_sim:[60609. 62121. 62578.] t2_sim:[64696. 62741. 59516.]
Task is 69.00% complete.
t1_sim:[55709. 57456. 55039.] t2_sim:[63313. 62938. 57687.]
Task is 70.00% complete.
t1_sim:[57960. 58659. 58739.] t2_sim:[59789. 60387. 53921.]
Task is 71.00% complete.
t1_sim:[62883. 64289. 62558.] t2_sim:[60591. 59458. 54148.]
Task is 72.00% complete.
t1_sim:[63601. 65016. 63841.] t2_sim:[63024. 63951. 58676.]
Task is 73.00% complete.
t1_sim:[62561. 62042. 60054.] t2_sim:[65529. 66463. 61754.]
Task is 74.00% complete.
t1_sim:[66596. 68079. 66975.] t2_sim:[59717. 60951. 56829.]
Task is 75.00% complete.
t1_sim:[62522. 61417. 59690.] t2_sim:[57274. 57061. 53282.]
Task is 76.00% complete.
t1_sim:[64721. 64679. 62556.] t2_sim:[66988. 66869. 62958.]
Task is 77.00% complete.
t1_sim:[61442. 64419. 61904.] t2_sim:[61051. 61435. 53948.]
Task is 78.00% complete.
t1_sim:[58562. 58984. 57503.] t2_sim:[65268. 65839. 62434.]
Task is 79.00% complete.
t1_sim:[62140. 61071. 62942.] t2_sim:[58911. 61222. 57085.]
Task is 80.00% complete.
t1_sim:[64779. 64926. 65573.] t2_sim:[57610. 55626. 52199.]
Task is 81.00% complete.
t1_sim:[67533. 64685. 64071.] t2_sim:[55940. 56124. 52200.]
Task is 82.00% complete.
t1_sim:[59555. 61252. 57262.] t2_sim:[64349. 64888. 61462.]
Task is 83.00% complete.
t1_sim:[62628. 63177. 64136.] t2_sim:[65697. 67211. 62142.]
Task is 84.00% complete.
t1_sim:[60107. 59191. 58708.] t2_sim:[61982. 62635. 57285.]
Task is 85.00% complete.
t1_sim:[60594. 61175. 60578.] t2_sim:[63363. 61622. 58432.]
Task is 86.00% complete.
t1_sim:[69390. 68553. 69017.] t2_sim:[56658. 57596. 52950.]
Task is 87.00% complete.
t1_sim:[60894. 60919. 60795.] t2_sim:[52595. 53122. 48558.]
Task is 88.00% complete.
t1_sim:[63031. 62040. 57939.] t2_sim:[62064. 62799. 56928.]
Task is 89.00% complete.
t1_sim:[62944. 64822. 65924.] t2_sim:[63835. 62432. 58879.]
Task is 90.00% complete.
t1_sim:[67971. 67485. 64576.] t2_sim:[67961. 65989. 61979.]
Task is 91.00% complete.
t1_sim:[62123. 60702. 61985.] t2_sim:[62900. 60473. 55712.]
Task is 92.00% complete.
t1_sim:[53994. 55972. 53806.] t2_sim:[62750. 60340. 57393.]
Task is 93.00% complete.
t1_sim:[63510. 63001. 62136.] t2_sim:[62830. 60820. 56831.]
Task is 94.00% complete.
t1_sim:[61072. 60097. 59888.] t2_sim:[67684. 67771. 64996.]
Task is 95.00% complete.
t1_sim:[64634. 63936. 62248.] t2_sim:[59384. 59176. 55452.]
Task is 96.00% complete.
t1_sim:[64385. 64765. 63038.] t2_sim:[67049. 65577. 62049.]
Task is 97.00% complete.
t1_sim:[58469. 58524. 59098.] t2_sim:[67029. 64308. 60848.]
Task is 98.00% complete.
t1_sim:[66742. 64675. 63274.] t2_sim:[62783. 61846. 56441.]
Task is 99.00% complete.
t1_sim:[65309. 63698. 64579.] t2_sim:[56620. 57371. 55488.]
Finished
