/scratch/jz4721/Post-prediction-Causal-Inference/venv/lib/python3.8/site-packages/numpy/core/getlimits.py:518: UserWarning: The value of the smallest subnormal for <class 'numpy.float64'> type is zero.
  setattr(self, word, getattr(machar, word).flat[0])
/scratch/jz4721/Post-prediction-Causal-Inference/venv/lib/python3.8/site-packages/numpy/core/getlimits.py:89: UserWarning: The value of the smallest subnormal for <class 'numpy.float64'> type is zero.
  return self._float_to_str(self.smallest_subnormal)
/scratch/jz4721/Post-prediction-Causal-Inference/venv/lib/python3.8/site-packages/numpy/core/getlimits.py:518: UserWarning: The value of the smallest subnormal for <class 'numpy.float32'> type is zero.
  setattr(self, word, getattr(machar, word).flat[0])
/scratch/jz4721/Post-prediction-Causal-Inference/venv/lib/python3.8/site-packages/numpy/core/getlimits.py:89: UserWarning: The value of the smallest subnormal for <class 'numpy.float32'> type is zero.
  return self._float_to_str(self.smallest_subnormal)
Begin
Training start
t1_obs:[array(94859.), array(85009.), array(74527.)] t2_obs:[array(95588.), array(85070.), array(77619.)]
corr_G1:[None, None, 0] corr_G2:[None, None, 0]
Training end
Task is 0.00% complete.
t1_sim:[60507. 61417. 61795.] t2_sim:[68547. 69080. 65804.]
Task is 1.00% complete.
t1_sim:[61090. 59639. 60808.] t2_sim:[65130. 65253. 65214.]
Task is 2.00% complete.
t1_sim:[58824. 57123. 60893.] t2_sim:[66844. 65497. 67372.]
Task is 3.00% complete.
t1_sim:[62615. 63478. 62262.] t2_sim:[64736. 64436. 65313.]
Task is 4.00% complete.
t1_sim:[62150. 61519. 62881.] t2_sim:[60001. 58847. 64147.]
Task is 5.00% complete.
t1_sim:[60319. 62362. 59932.] t2_sim:[66365. 65471. 66442.]
Task is 6.00% complete.
t1_sim:[61067. 60719. 60646.] t2_sim:[65976. 64843. 63340.]
Task is 7.00% complete.
t1_sim:[60215. 59690. 59182.] t2_sim:[59308. 58377. 59538.]
Task is 8.00% complete.
t1_sim:[64486. 63267. 64074.] t2_sim:[62806. 61892. 62408.]
Task is 9.00% complete.
t1_sim:[59479. 61741. 60258.] t2_sim:[61428. 61972. 64121.]
Task is 10.00% complete.
t1_sim:[65914. 66701. 64942.] t2_sim:[64990. 65121. 64071.]
Task is 11.00% complete.
t1_sim:[62490. 63220. 59308.] t2_sim:[60313. 59186. 58377.]
Task is 12.00% complete.
t1_sim:[66402. 66083. 66024.] t2_sim:[67180. 65277. 65605.]
Task is 13.00% complete.
t1_sim:[59089. 59198. 61269.] t2_sim:[57377. 57517. 57715.]
Task is 14.00% complete.
t1_sim:[62359. 60329. 58662.] t2_sim:[57103. 56402. 59315.]
Task is 15.00% complete.
t1_sim:[63734. 60867. 65599.] t2_sim:[60082. 60865. 61406.]
Task is 16.00% complete.
t1_sim:[61402. 61573. 60061.] t2_sim:[63240. 65052. 62656.]
Task is 17.00% complete.
t1_sim:[64564. 63135. 64146.] t2_sim:[68283. 69356. 66841.]
Task is 18.00% complete.
t1_sim:[65141. 63234. 64224.] t2_sim:[59396. 60115. 60818.]
Task is 19.00% complete.
t1_sim:[61705. 62017. 58828.] t2_sim:[57369. 56638. 55734.]
Task is 20.00% complete.
t1_sim:[63428. 64752. 64971.] t2_sim:[59994. 60252. 60746.]
Task is 21.00% complete.
t1_sim:[62359. 60437. 63062.] t2_sim:[59479. 59450. 58373.]
Task is 22.00% complete.
t1_sim:[59374. 58935. 59618.] t2_sim:[65388. 66519. 66620.]
Task is 23.00% complete.
t1_sim:[62666. 63708. 61840.] t2_sim:[63348. 63724. 65897.]
Task is 24.00% complete.
t1_sim:[55854. 55274. 56972.] t2_sim:[68013. 67780. 68793.]
Task is 25.00% complete.
t1_sim:[64627. 64277. 63477.] t2_sim:[63286. 63216. 62720.]
Task is 26.00% complete.
t1_sim:[63822. 63754. 65354.] t2_sim:[62397. 62752. 63914.]
Task is 27.00% complete.
t1_sim:[63054. 62336. 62297.] t2_sim:[60209. 59925. 63235.]
Task is 28.00% complete.
t1_sim:[62918. 64340. 61010.] t2_sim:[61394. 60498. 61734.]
Task is 29.00% complete.
t1_sim:[56113. 57357. 59127.] t2_sim:[67002. 65056. 66177.]
Task is 30.00% complete.
t1_sim:[64772. 64559. 63253.] t2_sim:[60729. 61617. 62830.]
Task is 31.00% complete.
t1_sim:[63470. 61848. 59105.] t2_sim:[61563. 61496. 61197.]
Task is 32.00% complete.
t1_sim:[63206. 61386. 59610.] t2_sim:[70503. 70844. 65993.]
Task is 33.00% complete.
t1_sim:[57367. 57918. 55908.] t2_sim:[66794. 69185. 67543.]
Task is 34.00% complete.
t1_sim:[60834. 60517. 60295.] t2_sim:[70211. 68445. 66286.]
Task is 35.00% complete.
t1_sim:[67943. 67304. 68749.] t2_sim:[62086. 61917. 60715.]
Task is 36.00% complete.
t1_sim:[63121. 64048. 65399.] t2_sim:[65039. 67036. 63959.]
Task is 37.00% complete.
t1_sim:[62722. 61651. 58822.] t2_sim:[64678. 64955. 64505.]
Task is 38.00% complete.
t1_sim:[60295. 60918. 63082.] t2_sim:[63706. 64632. 64003.]
Task is 39.00% complete.
t1_sim:[63005. 61832. 63353.] t2_sim:[64809. 64230. 63012.]
Task is 40.00% complete.
t1_sim:[60274. 61524. 62936.] t2_sim:[58923. 57170. 58173.]
Task is 41.00% complete.
t1_sim:[61381. 63778. 63044.] t2_sim:[62925. 63071. 62506.]
Task is 42.00% complete.
t1_sim:[58059. 57333. 56918.] t2_sim:[60139. 59134. 61602.]
Task is 43.00% complete.
t1_sim:[62026. 62044. 60400.] t2_sim:[69181. 69196. 68929.]
Task is 44.00% complete.
t1_sim:[67376. 67865. 65829.] t2_sim:[53222. 52682. 54214.]
Task is 45.00% complete.
t1_sim:[59124. 60414. 60475.] t2_sim:[58757. 59901. 56004.]
Task is 46.00% complete.
t1_sim:[64488. 65439. 66392.] t2_sim:[61597. 61533. 61125.]
Task is 47.00% complete.
t1_sim:[61039. 60214. 61729.] t2_sim:[63088. 62088. 63770.]
Task is 48.00% complete.
t1_sim:[59073. 58438. 58497.] t2_sim:[63769. 63555. 65573.]
Task is 49.00% complete.
t1_sim:[66282. 65732. 61557.] t2_sim:[64594. 64825. 64626.]
Task is 50.00% complete.
t1_sim:[63316. 63074. 62170.] t2_sim:[58956. 57926. 58426.]
Task is 51.00% complete.
t1_sim:[69616. 68550. 66929.] t2_sim:[60821. 61254. 60069.]
Task is 52.00% complete.
t1_sim:[62459. 62610. 61890.] t2_sim:[63307. 64016. 62576.]
Task is 53.00% complete.
t1_sim:[57555. 58283. 60451.] t2_sim:[64831. 65614. 66247.]
Task is 54.00% complete.
t1_sim:[64421. 61718. 59676.] t2_sim:[61552. 62297. 58941.]
Task is 55.00% complete.
t1_sim:[64188. 64047. 65866.] t2_sim:[64489. 63843. 64739.]
Task is 56.00% complete.
t1_sim:[63832. 65390. 60970.] t2_sim:[64098. 63513. 62824.]
Task is 57.00% complete.
t1_sim:[64023. 65721. 64146.] t2_sim:[63406. 63754. 64455.]
Task is 58.00% complete.
t1_sim:[64185. 63462. 63472.] t2_sim:[54751. 55044. 55305.]
Task is 59.00% complete.
t1_sim:[59706. 60915. 59572.] t2_sim:[63148. 61741. 59799.]
Task is 60.00% complete.
t1_sim:[65187. 65192. 66147.] t2_sim:[63001. 61121. 61752.]
Task is 61.00% complete.
t1_sim:[62862. 63012. 62216.] t2_sim:[59013. 59550. 60868.]
Task is 62.00% complete.
t1_sim:[61219. 61356. 60109.] t2_sim:[60989. 60890. 59694.]
Task is 63.00% complete.
t1_sim:[65284. 64170. 63184.] t2_sim:[63161. 62733. 62703.]
Task is 64.00% complete.
t1_sim:[60629. 60929. 63737.] t2_sim:[61774. 59852. 60386.]
Task is 65.00% complete.
t1_sim:[65756. 65538. 64143.] t2_sim:[61859. 62207. 60547.]
Task is 66.00% complete.
t1_sim:[67340. 67318. 65334.] t2_sim:[67347. 67582. 67771.]
Task is 67.00% complete.
t1_sim:[64588. 65576. 63641.] t2_sim:[59190. 60101. 59726.]
Task is 68.00% complete.
t1_sim:[56592. 57156. 59485.] t2_sim:[63104. 64337. 66883.]
Task is 69.00% complete.
t1_sim:[61194. 60894. 62115.] t2_sim:[59421. 60202. 58161.]
Task is 70.00% complete.
t1_sim:[64235. 63752. 61068.] t2_sim:[56656. 56321. 57225.]
Task is 71.00% complete.
t1_sim:[58543. 60163. 57950.] t2_sim:[63795. 64377. 63650.]
Task is 72.00% complete.
t1_sim:[57149. 58086. 61380.] t2_sim:[70318. 68398. 67208.]
Task is 73.00% complete.
t1_sim:[59561. 58083. 58384.] t2_sim:[59492. 60405. 61352.]
Task is 74.00% complete.
t1_sim:[57774. 58482. 55840.] t2_sim:[60341. 59857. 59306.]
Task is 75.00% complete.
t1_sim:[60604. 60653. 62146.] t2_sim:[56422. 56761. 61565.]
Task is 76.00% complete.
t1_sim:[65275. 65546. 67617.] t2_sim:[63175. 61675. 63211.]
Task is 77.00% complete.
t1_sim:[67152. 66712. 65111.] t2_sim:[60342. 59826. 60872.]
Task is 78.00% complete.
t1_sim:[63219. 65093. 63241.] t2_sim:[61652. 63117. 60349.]
Task is 79.00% complete.
t1_sim:[53919. 56055. 54370.] t2_sim:[61335. 61492. 59799.]
Task is 80.00% complete.
t1_sim:[68467. 67601. 67601.] t2_sim:[63206. 61854. 61267.]
Task is 81.00% complete.
t1_sim:[62290. 62901. 61949.] t2_sim:[60040. 59455. 62822.]
Task is 82.00% complete.
t1_sim:[61881. 62688. 61034.] t2_sim:[64258. 65399. 63838.]
Task is 83.00% complete.
t1_sim:[61855. 60375. 61505.] t2_sim:[62335. 59089. 61133.]
Task is 84.00% complete.
t1_sim:[63130. 61574. 64023.] t2_sim:[59838. 60203. 57569.]
Task is 85.00% complete.
t1_sim:[61260. 61900. 63364.] t2_sim:[62727. 62681. 62158.]
Task is 86.00% complete.
t1_sim:[65177. 63912. 66077.] t2_sim:[59232. 60318. 61323.]
Task is 87.00% complete.
t1_sim:[58171. 60657. 59644.] t2_sim:[66984. 66959. 69413.]
Task is 88.00% complete.
t1_sim:[60861. 60359. 60367.] t2_sim:[65206. 64585. 64528.]
Task is 89.00% complete.
t1_sim:[63944. 63866. 65694.] t2_sim:[58910. 59574. 58742.]
Task is 90.00% complete.
t1_sim:[59836. 60201. 60943.] t2_sim:[60132. 60461. 61634.]
Task is 91.00% complete.
t1_sim:[70056. 69472. 70083.] t2_sim:[68359. 69327. 67996.]
Task is 92.00% complete.
t1_sim:[65503. 64542. 63741.] t2_sim:[60835. 61850. 61057.]
Task is 93.00% complete.
t1_sim:[66418. 68113. 62024.] t2_sim:[65930. 68164. 65834.]
Task is 94.00% complete.
t1_sim:[60066. 61189. 60444.] t2_sim:[60191. 59379. 62528.]
Task is 95.00% complete.
t1_sim:[66885. 67462. 67279.] t2_sim:[64248. 64225. 63123.]
Task is 96.00% complete.
t1_sim:[64001. 64459. 64789.] t2_sim:[65371. 68092. 62737.]
Task is 97.00% complete.
t1_sim:[61882. 63077. 63861.] t2_sim:[61373. 60955. 63610.]
Task is 98.00% complete.
t1_sim:[64442. 65450. 65374.] t2_sim:[60568. 62271. 58769.]
Task is 99.00% complete.
t1_sim:[60855. 61242. 59839.] t2_sim:[60571. 63433. 61990.]
Training start
t1_obs:[array(94859.), array(85009.), array(80441.)] t2_obs:[array(95588.), array(85070.), array(82976.)]
corr_G1:[None, None, 0.9475425592653897] corr_G2:[None, None, 0.9729616423944482]
Training end
Task is 0.00% complete.
t1_sim:[69674. 68750. 68436.] t2_sim:[61932. 62130. 60822.]
Task is 1.00% complete.
t1_sim:[60339. 59450. 59559.] t2_sim:[62234. 63064. 63790.]
Task is 2.00% complete.
t1_sim:[62839. 62011. 62176.] t2_sim:[60102. 59222. 59501.]
Task is 3.00% complete.
t1_sim:[63687. 64769. 66010.] t2_sim:[57307. 57330. 56333.]
Task is 4.00% complete.
t1_sim:[64301. 64490. 64305.] t2_sim:[62875. 64596. 63511.]
Task is 5.00% complete.
t1_sim:[62086. 61456. 60545.] t2_sim:[63862. 62939. 62420.]
Task is 6.00% complete.
t1_sim:[60362. 61133. 60923.] t2_sim:[59805. 61898. 62388.]
Task is 7.00% complete.
t1_sim:[68864. 67509. 67499.] t2_sim:[62584. 61273. 61768.]
Task is 8.00% complete.
t1_sim:[61494. 63804. 63690.] t2_sim:[61353. 61036. 61399.]
Task is 9.00% complete.
t1_sim:[61077. 61843. 62037.] t2_sim:[59481. 59197. 58943.]
Task is 10.00% complete.
t1_sim:[64583. 62499. 62205.] t2_sim:[61434. 62847. 64040.]
Task is 11.00% complete.
t1_sim:[69598. 69969. 71305.] t2_sim:[64058. 65834. 65007.]
Task is 12.00% complete.
t1_sim:[60628. 60302. 63404.] t2_sim:[58453. 58895. 56914.]
Task is 13.00% complete.
t1_sim:[64122. 63288. 63600.] t2_sim:[62577. 61529. 63332.]
Task is 14.00% complete.
t1_sim:[64162. 64062. 64446.] t2_sim:[64797. 66116. 66359.]
Task is 15.00% complete.
t1_sim:[63852. 63253. 65603.] t2_sim:[61984. 61182. 61397.]
Task is 16.00% complete.
t1_sim:[65058. 64934. 65040.] t2_sim:[67404. 68118. 67284.]
Task is 17.00% complete.
t1_sim:[63116. 62906. 60266.] t2_sim:[62799. 62138. 63581.]
Task is 18.00% complete.
t1_sim:[62161. 61033. 62243.] t2_sim:[60985. 61370. 62354.]
Task is 19.00% complete.
t1_sim:[62060. 63074. 63693.] t2_sim:[58063. 59102. 58410.]
Task is 20.00% complete.
t1_sim:[57628. 58764. 58828.] t2_sim:[62028. 62177. 62337.]
Task is 21.00% complete.
t1_sim:[64344. 64621. 62822.] t2_sim:[60417. 61813. 61847.]
Task is 22.00% complete.
t1_sim:[67749. 68227. 68344.] t2_sim:[67070. 66542. 67179.]
Task is 23.00% complete.
t1_sim:[56031. 55430. 54556.] t2_sim:[59189. 57650. 59168.]
Task is 24.00% complete.
t1_sim:[66130. 65357. 65761.] t2_sim:[65647. 65437. 64626.]
Task is 25.00% complete.
t1_sim:[67856. 68025. 69027.] t2_sim:[59944. 60766. 61892.]
Task is 26.00% complete.
t1_sim:[65673. 64271. 63226.] t2_sim:[53245. 51911. 52545.]
Task is 27.00% complete.
t1_sim:[64309. 64819. 65898.] t2_sim:[57534. 57754. 57351.]
Task is 28.00% complete.
t1_sim:[63875. 64646. 64665.] t2_sim:[63920. 65341. 63722.]
Task is 29.00% complete.
t1_sim:[58468. 58653. 57540.] t2_sim:[56630. 57745. 57302.]
Task is 30.00% complete.
t1_sim:[66716. 65658. 65997.] t2_sim:[62115. 61367. 62838.]
Task is 31.00% complete.
t1_sim:[60586. 59406. 61567.] t2_sim:[65821. 66722. 65765.]
Task is 32.00% complete.
t1_sim:[56734. 57583. 58741.] t2_sim:[63540. 62935. 63206.]
Task is 33.00% complete.
t1_sim:[63422. 61029. 61001.] t2_sim:[62831. 62247. 61817.]
Task is 34.00% complete.
t1_sim:[63175. 62807. 63041.] t2_sim:[59851. 58763. 60882.]
Task is 35.00% complete.
t1_sim:[58896. 58875. 57077.] t2_sim:[60161. 62043. 60432.]
Task is 36.00% complete.
t1_sim:[54907. 55072. 54660.] t2_sim:[56867. 56573. 56816.]
Task is 37.00% complete.
t1_sim:[61660. 60322. 60229.] t2_sim:[65878. 66663. 65172.]
Task is 38.00% complete.
t1_sim:[61031. 60693. 61636.] t2_sim:[58305. 57780. 56343.]
Task is 39.00% complete.
t1_sim:[58184. 57164. 57932.] t2_sim:[64173. 63791. 63319.]
Task is 40.00% complete.
t1_sim:[55126. 55066. 55874.] t2_sim:[59977. 60738. 57575.]
Task is 41.00% complete.
t1_sim:[61026. 62321. 64110.] t2_sim:[65449. 63848. 63594.]
Task is 42.00% complete.
t1_sim:[63653. 63272. 61825.] t2_sim:[63771. 64246. 63620.]
Task is 43.00% complete.
t1_sim:[65179. 65447. 64534.] t2_sim:[66579. 65073. 65721.]
Task is 44.00% complete.
t1_sim:[65068. 65898. 66981.] t2_sim:[61087. 61090. 60465.]
Task is 45.00% complete.
t1_sim:[60778. 60821. 59874.] t2_sim:[67016. 66598. 67634.]
Task is 46.00% complete.
t1_sim:[61176. 62120. 62263.] t2_sim:[67174. 66565. 67511.]
Task is 47.00% complete.
t1_sim:[63464. 62285. 63365.] t2_sim:[59637. 59422. 59363.]
Task is 48.00% complete.
t1_sim:[65226. 66034. 64071.] t2_sim:[57114. 57222. 59104.]
Task is 49.00% complete.
t1_sim:[67207. 68700. 68722.] t2_sim:[61494. 61570. 61558.]
Task is 50.00% complete.
t1_sim:[60783. 60457. 61715.] t2_sim:[66574. 66553. 65556.]
Task is 51.00% complete.
t1_sim:[64780. 64862. 64873.] t2_sim:[65342. 64880. 63041.]
Task is 52.00% complete.
t1_sim:[61126. 61999. 62689.] t2_sim:[65886. 65622. 66801.]
Task is 53.00% complete.
t1_sim:[61080. 62201. 62011.] t2_sim:[62013. 61760. 62690.]
Task is 54.00% complete.
t1_sim:[64856. 63277. 63353.] t2_sim:[64400. 63852. 65400.]
Task is 55.00% complete.
t1_sim:[57328. 58049. 57383.] t2_sim:[60780. 61130. 62387.]
Task is 56.00% complete.
t1_sim:[59481. 59381. 60160.] t2_sim:[63331. 62349. 61353.]
Task is 57.00% complete.
t1_sim:[58952. 59496. 58580.] t2_sim:[61642. 61983. 61234.]
Task is 58.00% complete.
t1_sim:[66012. 64935. 65680.] t2_sim:[60540. 62146. 60830.]
Task is 59.00% complete.
t1_sim:[61388. 60770. 61381.] t2_sim:[63105. 63677. 64747.]
Task is 60.00% complete.
t1_sim:[61470. 62202. 62503.] t2_sim:[61373. 60301. 59763.]
Task is 61.00% complete.
t1_sim:[63555. 63630. 63418.] t2_sim:[59930. 58381. 58740.]
Task is 62.00% complete.
t1_sim:[62548. 63291. 63808.] t2_sim:[63731. 65089. 65214.]
Task is 63.00% complete.
t1_sim:[64806. 64550. 64950.] t2_sim:[59519. 60021. 60015.]
Task is 64.00% complete.
t1_sim:[60848. 59886. 60009.] t2_sim:[63585. 64235. 64100.]
Task is 65.00% complete.
t1_sim:[68976. 69087. 68604.] t2_sim:[57860. 58825. 59723.]
Task is 66.00% complete.
t1_sim:[63176. 62648. 62057.] t2_sim:[61006. 61164. 61852.]
Task is 67.00% complete.
t1_sim:[59569. 60673. 61277.] t2_sim:[59247. 58747. 60902.]
Task is 68.00% complete.
t1_sim:[64849. 64446. 64465.] t2_sim:[63327. 63962. 63306.]
Task is 69.00% complete.
t1_sim:[61441. 58717. 59475.] t2_sim:[62880. 62686. 62637.]
Task is 70.00% complete.
t1_sim:[63686. 63327. 63880.] t2_sim:[61371. 61914. 63014.]
Task is 71.00% complete.
t1_sim:[66999. 67562. 67539.] t2_sim:[67532. 64878. 66634.]
Task is 72.00% complete.
t1_sim:[62782. 62497. 63341.] t2_sim:[59970. 58734. 60845.]
Task is 73.00% complete.
t1_sim:[64666. 64856. 66182.] t2_sim:[62174. 59474. 60766.]
Task is 74.00% complete.
t1_sim:[58372. 56082. 57305.] t2_sim:[63002. 63824. 63117.]
Task is 75.00% complete.
t1_sim:[57457. 58303. 59165.] t2_sim:[60886. 61339. 60604.]
Task is 76.00% complete.
t1_sim:[66020. 65010. 64120.] t2_sim:[57088. 56110. 56866.]
Task is 77.00% complete.
t1_sim:[62706. 62762. 64197.] t2_sim:[64547. 64935. 66833.]
Task is 78.00% complete.
t1_sim:[62053. 62166. 62271.] t2_sim:[63724. 63327. 62322.]
Task is 79.00% complete.
t1_sim:[60406. 59523. 59948.] t2_sim:[62603. 62991. 64334.]
Task is 80.00% complete.
t1_sim:[61153. 61647. 60119.] t2_sim:[61650. 60929. 58996.]
Task is 81.00% complete.
t1_sim:[61380. 62198. 60877.] t2_sim:[66576. 67610. 66647.]
Task is 82.00% complete.
t1_sim:[63346. 63729. 62245.] t2_sim:[61197. 61387. 61243.]
Task is 83.00% complete.
t1_sim:[58841. 58657. 58853.] t2_sim:[57141. 58274. 57750.]
Task is 84.00% complete.
t1_sim:[68264. 67794. 66309.] t2_sim:[63518. 62390. 64800.]
Task is 85.00% complete.
t1_sim:[62683. 61576. 63640.] t2_sim:[66454. 66982. 65207.]
Task is 86.00% complete.
t1_sim:[65297. 66389. 66383.] t2_sim:[65659. 63514. 64534.]
Task is 87.00% complete.
t1_sim:[61152. 62291. 60360.] t2_sim:[61626. 63262. 62741.]
Task is 88.00% complete.
t1_sim:[63169. 61612. 61895.] t2_sim:[57448. 55761. 56139.]
Task is 89.00% complete.
t1_sim:[62597. 62039. 62375.] t2_sim:[64706. 62566. 63900.]
Task is 90.00% complete.
t1_sim:[65510. 64668. 63625.] t2_sim:[60633. 60859. 60031.]
Task is 91.00% complete.
t1_sim:[62483. 61963. 62331.] t2_sim:[66573. 67779. 67420.]
Task is 92.00% complete.
t1_sim:[60462. 59442. 57938.] t2_sim:[62145. 62107. 60357.]
Task is 93.00% complete.
t1_sim:[63799. 61702. 61020.] t2_sim:[60924. 62232. 61012.]
Task is 94.00% complete.
t1_sim:[68081. 67795. 66676.] t2_sim:[64957. 64319. 65114.]
Task is 95.00% complete.
t1_sim:[68257. 65829. 65669.] t2_sim:[68592. 70673. 69117.]
Task is 96.00% complete.
t1_sim:[63486. 62521. 64146.] t2_sim:[60739. 60919. 59791.]
Task is 97.00% complete.
t1_sim:[67554. 67592. 66101.] t2_sim:[61695. 62993. 63084.]
Task is 98.00% complete.
t1_sim:[67869. 68005. 67082.] t2_sim:[61353. 58934. 59357.]
Task is 99.00% complete.
t1_sim:[63888. 63546. 64294.] t2_sim:[61410. 61918. 62700.]
Training start
t1_obs:[array(94859.), array(85009.), array(78600.)] t2_obs:[array(95588.), array(85070.), array(78719.)]
corr_G1:[None, None, 0.17740142245043672] corr_G2:[None, None, 0.2143885096060612]
Training end
Task is 0.00% complete.
t1_sim:[55655. 55519. 54074.] t2_sim:[67163. 67803. 66637.]
Task is 1.00% complete.
t1_sim:[63886. 63247. 62039.] t2_sim:[61756. 63702. 62318.]
Task is 2.00% complete.
t1_sim:[66196. 66494. 64935.] t2_sim:[62266. 62413. 60540.]
Task is 3.00% complete.
t1_sim:[62797. 62231. 62216.] t2_sim:[62145. 62545. 59265.]
Task is 4.00% complete.
t1_sim:[64049. 64256. 64591.] t2_sim:[65389. 66204. 62879.]
Task is 5.00% complete.
t1_sim:[64829. 64358. 63217.] t2_sim:[62120. 63950. 60887.]
Task is 6.00% complete.
t1_sim:[58210. 58525. 58628.] t2_sim:[55360. 54369. 52257.]
Task is 7.00% complete.
t1_sim:[64171. 66871. 66714.] t2_sim:[66147. 67334. 65033.]
Task is 8.00% complete.
t1_sim:[63679. 62793. 61291.] t2_sim:[60574. 60642. 56797.]
Task is 9.00% complete.
t1_sim:[60856. 60764. 60916.] t2_sim:[66435. 66066. 63934.]
Task is 10.00% complete.
t1_sim:[63476. 62877. 62682.] t2_sim:[60983. 60120. 56970.]
Task is 11.00% complete.
t1_sim:[59331. 60784. 60715.] t2_sim:[62747. 63524. 59359.]
Task is 12.00% complete.
t1_sim:[62898. 62947. 62657.] t2_sim:[57910. 58285. 54770.]
Task is 13.00% complete.
t1_sim:[63071. 62111. 62398.] t2_sim:[65274. 63071. 60573.]
Task is 14.00% complete.
t1_sim:[60856. 60003. 60384.] t2_sim:[68154. 68321. 66590.]
Task is 15.00% complete.
t1_sim:[60782. 59682. 59999.] t2_sim:[58158. 58900. 56285.]
Task is 16.00% complete.
t1_sim:[65722. 67494. 65913.] t2_sim:[60237. 60427. 56191.]
Task is 17.00% complete.
t1_sim:[69685. 69338. 68397.] t2_sim:[61462. 62994. 59553.]
Task is 18.00% complete.
t1_sim:[64071. 64761. 65523.] t2_sim:[67033. 66415. 65289.]
Task is 19.00% complete.
t1_sim:[58543. 59927. 58678.] t2_sim:[60389. 60143. 57377.]
Task is 20.00% complete.
t1_sim:[61399. 63155. 62435.] t2_sim:[61938. 62087. 59764.]
Task is 21.00% complete.
t1_sim:[63164. 62449. 62253.] t2_sim:[61028. 60115. 57541.]
Task is 22.00% complete.
t1_sim:[61906. 62301. 61016.] t2_sim:[60710. 60794. 58074.]
Task is 23.00% complete.
t1_sim:[61587. 61310. 61017.] t2_sim:[67102. 65540. 66187.]
Task is 24.00% complete.
t1_sim:[59094. 60806. 61225.] t2_sim:[59185. 59743. 56238.]
Task is 25.00% complete.
t1_sim:[64422. 64514. 64074.] t2_sim:[64044. 63721. 59868.]
Task is 26.00% complete.
t1_sim:[63959. 63684. 63626.] t2_sim:[65513. 65813. 62343.]
Task is 27.00% complete.
t1_sim:[59034. 60601. 61290.] t2_sim:[58612. 59242. 54949.]
Task is 28.00% complete.
t1_sim:[61397. 62092. 61726.] t2_sim:[68888. 67937. 63963.]
Task is 29.00% complete.
t1_sim:[63110. 62985. 62248.] t2_sim:[61659. 62785. 61268.]
Task is 30.00% complete.
t1_sim:[61677. 63317. 62233.] t2_sim:[60069. 62339. 57833.]
Task is 31.00% complete.
t1_sim:[63847. 62384. 63038.] t2_sim:[63343. 62535. 60310.]
Task is 32.00% complete.
t1_sim:[62391. 62638. 60418.] t2_sim:[62774. 61741. 59126.]
Task is 33.00% complete.
t1_sim:[69185. 68062. 66588.] t2_sim:[65310. 64404. 61240.]
Task is 34.00% complete.
t1_sim:[65463. 64938. 64343.] t2_sim:[62232. 64411. 59627.]
Task is 35.00% complete.
t1_sim:[65768. 65915. 65768.] t2_sim:[58187. 59243. 56768.]
Task is 36.00% complete.
t1_sim:[60681. 61716. 61083.] t2_sim:[59917. 60336. 56443.]
Task is 37.00% complete.
t1_sim:[62940. 63783. 63627.] t2_sim:[65018. 66411. 63559.]
Task is 38.00% complete.
t1_sim:[59875. 59730. 59585.] t2_sim:[67397. 67847. 65083.]
Task is 39.00% complete.
t1_sim:[68205. 67238. 66953.] t2_sim:[61177. 61031. 59552.]
Task is 40.00% complete.
t1_sim:[64468. 63598. 62324.] t2_sim:[66669. 67495. 64681.]
Task is 41.00% complete.
t1_sim:[63796. 64265. 63289.] t2_sim:[62373. 62167. 58297.]
Task is 42.00% complete.
t1_sim:[61752. 61039. 59243.] t2_sim:[64250. 64846. 60677.]
Task is 43.00% complete.
t1_sim:[62130. 60800. 60341.] t2_sim:[60201. 59249. 58548.]
Task is 44.00% complete.
t1_sim:[64225. 64059. 62319.] t2_sim:[60290. 59716. 58861.]
Task is 45.00% complete.
t1_sim:[68703. 66349. 65688.] t2_sim:[61495. 61378. 60311.]
Task is 46.00% complete.
t1_sim:[64619. 65681. 64791.] t2_sim:[62071. 60549. 59924.]
Task is 47.00% complete.
t1_sim:[59770. 58054. 57126.] t2_sim:[60473. 60950. 56904.]
Task is 48.00% complete.
t1_sim:[65573. 65546. 64886.] t2_sim:[62899. 63462. 60848.]
Task is 49.00% complete.
t1_sim:[64086. 65046. 64390.] t2_sim:[63089. 62888. 60765.]
Task is 50.00% complete.
t1_sim:[63108. 62277. 61865.] t2_sim:[59198. 58887. 56060.]
Task is 51.00% complete.
t1_sim:[59319. 58810. 58917.] t2_sim:[65140. 65471. 63660.]
Task is 52.00% complete.
t1_sim:[65831. 66192. 65484.] t2_sim:[68217. 67008. 64191.]
Task is 53.00% complete.
t1_sim:[63397. 63424. 63729.] t2_sim:[64762. 64934. 62126.]
Task is 54.00% complete.
t1_sim:[60591. 61251. 59723.] t2_sim:[58670. 59269. 55097.]
Task is 55.00% complete.
t1_sim:[64752. 64666. 65742.] t2_sim:[65328. 65749. 61736.]
Task is 56.00% complete.
t1_sim:[60777. 59123. 60207.] t2_sim:[62832. 60806. 60144.]
Task is 57.00% complete.
t1_sim:[58282. 59191. 58489.] t2_sim:[67854. 67629. 63692.]
Task is 58.00% complete.
t1_sim:[62476. 63029. 62240.] t2_sim:[60108. 61850. 59600.]
Task is 59.00% complete.
t1_sim:[65062. 64936. 62705.] t2_sim:[63448. 64674. 61081.]
Task is 60.00% complete.
t1_sim:[67864. 68742. 67752.] t2_sim:[65705. 67495. 64131.]
Task is 61.00% complete.
t1_sim:[69241. 69023. 67587.] t2_sim:[60018. 61965. 58558.]
Task is 62.00% complete.
t1_sim:[58149. 60086. 57923.] t2_sim:[66699. 64901. 61583.]
Task is 63.00% complete.
t1_sim:[68104. 67784. 66630.] t2_sim:[61020. 61351. 56626.]
Task is 64.00% complete.
t1_sim:[65782. 65060. 65201.] t2_sim:[63159. 63926. 63359.]
Task is 65.00% complete.
t1_sim:[64777. 65358. 66480.] t2_sim:[60442. 60400. 58552.]
Task is 66.00% complete.
t1_sim:[62015. 62020. 61146.] t2_sim:[57938. 57204. 54054.]
Task is 67.00% complete.
t1_sim:[65015. 64994. 63392.] t2_sim:[59716. 59603. 55591.]
Task is 68.00% complete.
t1_sim:[58998. 59585. 58987.] t2_sim:[63558. 63752. 60241.]
Task is 69.00% complete.
t1_sim:[63262. 63917. 65296.] t2_sim:[59965. 59080. 54814.]
Task is 70.00% complete.
t1_sim:[54088. 55647. 53581.] t2_sim:[62696. 63272. 57818.]
Task is 71.00% complete.
t1_sim:[63333. 63284. 61503.] t2_sim:[61995. 64135. 59966.]
Task is 72.00% complete.
t1_sim:[57869. 59394. 59541.] t2_sim:[61522. 61706. 58657.]
Task is 73.00% complete.
t1_sim:[60735. 60663. 60222.] t2_sim:[60396. 61709. 57782.]
Task is 74.00% complete.
t1_sim:[61898. 62543. 58880.] t2_sim:[59960. 59730. 56105.]
Task is 75.00% complete.
t1_sim:[65362. 64263. 64062.] t2_sim:[58710. 58587. 57714.]
Task is 76.00% complete.
t1_sim:[64132. 65673. 63862.] t2_sim:[60840. 61261. 57137.]
Task is 77.00% complete.
t1_sim:[64451. 65121. 63239.] t2_sim:[62111. 62437. 58109.]
Task is 78.00% complete.
t1_sim:[63854. 65187. 64508.] t2_sim:[62316. 61441. 60398.]
Task is 79.00% complete.
t1_sim:[62458. 63876. 62743.] t2_sim:[63654. 63542. 62482.]
Task is 80.00% complete.
t1_sim:[57896. 58710. 59175.] t2_sim:[64026. 63969. 61341.]
Task is 81.00% complete.
t1_sim:[58434. 59952. 58318.] t2_sim:[66952. 65345. 63892.]
Task is 82.00% complete.
t1_sim:[67025. 66998. 66678.] t2_sim:[64254. 61350. 58174.]
Task is 83.00% complete.
t1_sim:[66863. 67154. 66954.] t2_sim:[63267. 62614. 58649.]
Task is 84.00% complete.
t1_sim:[63992. 64816. 63815.] t2_sim:[65993. 66535. 63525.]
Task is 85.00% complete.
t1_sim:[64935. 63479. 63832.] t2_sim:[62630. 61588. 58385.]
Task is 86.00% complete.
t1_sim:[62084. 62155. 62188.] t2_sim:[60610. 62415. 60411.]
Task is 87.00% complete.
t1_sim:[67931. 67946. 69009.] t2_sim:[60826. 61879. 57075.]
Task is 88.00% complete.
t1_sim:[61847. 62794. 60593.] t2_sim:[66846. 67357. 65451.]
Task is 89.00% complete.
t1_sim:[60350. 62370. 60964.] t2_sim:[59166. 59103. 57067.]
Task is 90.00% complete.
t1_sim:[62610. 62652. 63426.] t2_sim:[60700. 59945. 58705.]
Task is 91.00% complete.
t1_sim:[71111. 70782. 67422.] t2_sim:[64727. 65201. 63761.]
Task is 92.00% complete.
t1_sim:[62007. 63744. 63266.] t2_sim:[58570. 57595. 55730.]
Task is 93.00% complete.
t1_sim:[64198. 63457. 62422.] t2_sim:[65939. 63347. 61749.]
Task is 94.00% complete.
t1_sim:[65870. 65153. 65556.] t2_sim:[58329. 59071. 55383.]
Task is 95.00% complete.
t1_sim:[61241. 60909. 60022.] t2_sim:[65134. 65508. 60665.]
Task is 96.00% complete.
t1_sim:[66301. 66440. 66814.] t2_sim:[64797. 65194. 62321.]
Task is 97.00% complete.
t1_sim:[58738. 59509. 58532.] t2_sim:[65249. 64994. 61043.]
Task is 98.00% complete.
t1_sim:[66722. 64637. 64050.] t2_sim:[64477. 64324. 61380.]
Task is 99.00% complete.
t1_sim:[59755. 60021. 62212.] t2_sim:[62604. 61692. 60268.]
Finished
