/scratch/jz4721/Post-prediction-Causal-Inference/venv/lib/python3.8/site-packages/numpy/core/getlimits.py:518: UserWarning: The value of the smallest subnormal for <class 'numpy.float64'> type is zero.
  setattr(self, word, getattr(machar, word).flat[0])
/scratch/jz4721/Post-prediction-Causal-Inference/venv/lib/python3.8/site-packages/numpy/core/getlimits.py:89: UserWarning: The value of the smallest subnormal for <class 'numpy.float64'> type is zero.
  return self._float_to_str(self.smallest_subnormal)
/scratch/jz4721/Post-prediction-Causal-Inference/venv/lib/python3.8/site-packages/numpy/core/getlimits.py:518: UserWarning: The value of the smallest subnormal for <class 'numpy.float32'> type is zero.
  setattr(self, word, getattr(machar, word).flat[0])
/scratch/jz4721/Post-prediction-Causal-Inference/venv/lib/python3.8/site-packages/numpy/core/getlimits.py:89: UserWarning: The value of the smallest subnormal for <class 'numpy.float32'> type is zero.
  return self._float_to_str(self.smallest_subnormal)
Begin
Training start
t1_obs:[array(99315.), array(84899.), array(79877.)] t2_obs:[array(91461.), array(77476.), array(69781.)]
corr_G1:[None, None, 0.0] corr_G2:[None, None, 0]
Training end
Task is 0.00% complete.
t1_sim:[60412. 58878. 61188.] t2_sim:[64283. 63847. 64934.]
Task is 1.00% complete.
t1_sim:[63510. 63320. 63882.] t2_sim:[66738. 66834. 69535.]
Task is 2.00% complete.
t1_sim:[61993. 61602. 62317.] t2_sim:[63611. 62259. 62805.]
Task is 3.00% complete.
t1_sim:[64896. 65775. 65619.] t2_sim:[63258. 63322. 64248.]
Task is 4.00% complete.
t1_sim:[57558. 58457. 57796.] t2_sim:[65203. 65879. 66064.]
Task is 5.00% complete.
t1_sim:[66078. 65905. 66571.] t2_sim:[59636. 58777. 56835.]
Task is 6.00% complete.
t1_sim:[62785. 61497. 61605.] t2_sim:[64621. 62028. 60664.]
Task is 7.00% complete.
t1_sim:[67490. 68285. 67532.] t2_sim:[63586. 63882. 62164.]
Task is 8.00% complete.
t1_sim:[64532. 65281. 64553.] t2_sim:[61598. 61297. 61400.]
Task is 9.00% complete.
t1_sim:[63189. 63434. 65700.] t2_sim:[64427. 62990. 61212.]
Task is 10.00% complete.
t1_sim:[67839. 66886. 66730.] t2_sim:[70538. 70414. 71182.]
Task is 11.00% complete.
t1_sim:[63784. 64564. 62451.] t2_sim:[55862. 57355. 59065.]
Task is 12.00% complete.
t1_sim:[68976. 67707. 68974.] t2_sim:[57004. 57953. 57608.]
Task is 13.00% complete.
t1_sim:[59533. 58434. 55989.] t2_sim:[65034. 64576. 62397.]
Task is 14.00% complete.
t1_sim:[60047. 60603. 63858.] t2_sim:[64126. 64439. 66466.]
Task is 15.00% complete.
t1_sim:[54746. 57283. 56905.] t2_sim:[62780. 62676. 59628.]
Task is 16.00% complete.
t1_sim:[62421. 63902. 66290.] t2_sim:[63810. 62502. 61544.]
Task is 17.00% complete.
t1_sim:[65670. 64787. 65378.] t2_sim:[62988. 62932. 65594.]
Task is 18.00% complete.
t1_sim:[61924. 62133. 62236.] t2_sim:[64892. 65875. 65993.]
Task is 19.00% complete.
t1_sim:[54305. 54663. 52582.] t2_sim:[61798. 60981. 61587.]
Task is 20.00% complete.
t1_sim:[57922. 61123. 61303.] t2_sim:[63236. 62754. 64182.]
Task is 21.00% complete.
t1_sim:[63875. 63738. 62590.] t2_sim:[62768. 63405. 61950.]
Task is 22.00% complete.
t1_sim:[58944. 58538. 60266.] t2_sim:[65476. 63637. 64268.]
Task is 23.00% complete.
t1_sim:[59184. 58835. 58216.] t2_sim:[58823. 57893. 56388.]
Task is 24.00% complete.
t1_sim:[63973. 64421. 61777.] t2_sim:[59268. 57597. 58051.]
Task is 25.00% complete.
t1_sim:[56182. 56516. 54985.] t2_sim:[70124. 67632. 69828.]
Task is 26.00% complete.
t1_sim:[63625. 62593. 63928.] t2_sim:[64175. 64116. 60193.]
Task is 27.00% complete.
t1_sim:[65841. 64089. 63621.] t2_sim:[63072. 63930. 61508.]
Task is 28.00% complete.
t1_sim:[66985. 65177. 67197.] t2_sim:[66499. 66655. 67142.]
Task is 29.00% complete.
t1_sim:[64534. 66104. 67128.] t2_sim:[61123. 57158. 57603.]
Task is 30.00% complete.
t1_sim:[66956. 69101. 66928.] t2_sim:[60798. 60552. 64152.]
Task is 31.00% complete.
t1_sim:[62665. 63386. 61988.] t2_sim:[60560. 59679. 60417.]
Task is 32.00% complete.
t1_sim:[71146. 69111. 67271.] t2_sim:[66946. 68998. 66119.]
Task is 33.00% complete.
t1_sim:[63799. 63855. 61092.] t2_sim:[63478. 61538. 65206.]
Task is 34.00% complete.
t1_sim:[59781. 59266. 59071.] t2_sim:[68368. 68477. 67987.]
Task is 35.00% complete.
t1_sim:[61936. 62772. 63416.] t2_sim:[65386. 65569. 64941.]
Task is 36.00% complete.
t1_sim:[58060. 55801. 59475.] t2_sim:[62933. 62725. 64555.]
Task is 37.00% complete.
t1_sim:[60424. 60879. 57858.] t2_sim:[62345. 61596. 61920.]
Task is 38.00% complete.
t1_sim:[66833. 68444. 70795.] t2_sim:[59460. 60000. 58706.]
Task is 39.00% complete.
t1_sim:[61067. 61792. 60859.] t2_sim:[66187. 65321. 65557.]
Task is 40.00% complete.
t1_sim:[60291. 60311. 56568.] t2_sim:[58389. 60157. 60209.]
Task is 41.00% complete.
t1_sim:[61929. 62635. 61840.] t2_sim:[66037. 65888. 64844.]
Task is 42.00% complete.
t1_sim:[63896. 65001. 67604.] t2_sim:[63032. 61522. 65531.]
Task is 43.00% complete.
t1_sim:[63674. 64674. 66243.] t2_sim:[62480. 62303. 61938.]
Task is 44.00% complete.
t1_sim:[60665. 60449. 62363.] t2_sim:[61866. 61347. 62703.]
Task is 45.00% complete.
t1_sim:[67026. 66149. 68884.] t2_sim:[56203. 55194. 60022.]
Task is 46.00% complete.
t1_sim:[63220. 64836. 62983.] t2_sim:[59760. 59499. 59407.]
Task is 47.00% complete.
t1_sim:[62066. 62573. 65056.] t2_sim:[63443. 64532. 63440.]
Task is 48.00% complete.
t1_sim:[60776. 59894. 61619.] t2_sim:[60735. 62192. 59353.]
Task is 49.00% complete.
t1_sim:[61625. 60371. 61521.] t2_sim:[67014. 66317. 67197.]
Task is 50.00% complete.
t1_sim:[62843. 63253. 60927.] t2_sim:[72101. 71654. 69408.]
Task is 51.00% complete.
t1_sim:[59310. 61057. 61796.] t2_sim:[64590. 63379. 64427.]
Task is 52.00% complete.
t1_sim:[63738. 62546. 65157.] t2_sim:[63153. 61952. 63174.]
Task is 53.00% complete.
t1_sim:[61594. 64403. 61521.] t2_sim:[60692. 58656. 63473.]
Task is 54.00% complete.
t1_sim:[66296. 65578. 67675.] t2_sim:[59869. 60837. 59717.]
Task is 55.00% complete.
t1_sim:[67724. 65925. 64719.] t2_sim:[67921. 66300. 69830.]
Task is 56.00% complete.
t1_sim:[64273. 63301. 64468.] t2_sim:[67242. 69488. 64768.]
Task is 57.00% complete.
t1_sim:[62750. 62482. 60715.] t2_sim:[62291. 62932. 65021.]
Task is 58.00% complete.
t1_sim:[65881. 66975. 65514.] t2_sim:[65310. 68167. 65728.]
Task is 59.00% complete.
t1_sim:[60555. 61659. 62037.] t2_sim:[64397. 64349. 62099.]
Task is 60.00% complete.
t1_sim:[61044. 61288. 61104.] t2_sim:[60668. 61543. 62611.]
Task is 61.00% complete.
t1_sim:[63310. 63281. 60185.] t2_sim:[70464. 70714. 69641.]
Task is 62.00% complete.
t1_sim:[63732. 64631. 65965.] t2_sim:[60485. 60874. 61876.]
Task is 63.00% complete.
t1_sim:[57932. 57280. 59140.] t2_sim:[64276. 64293. 66994.]
Task is 64.00% complete.
t1_sim:[71627. 72591. 69054.] t2_sim:[66913. 67161. 66778.]
Task is 65.00% complete.
t1_sim:[60016. 59154. 59289.] t2_sim:[64747. 63941. 63972.]
Task is 66.00% complete.
t1_sim:[60987. 61222. 61821.] t2_sim:[63545. 63087. 60574.]
Task is 67.00% complete.
t1_sim:[62211. 64037. 61508.] t2_sim:[66173. 66868. 66373.]
Task is 68.00% complete.
t1_sim:[65103. 64002. 65658.] t2_sim:[65138. 64685. 61730.]
Task is 69.00% complete.
t1_sim:[60220. 61431. 62931.] t2_sim:[67012. 68693. 63154.]
Task is 70.00% complete.
t1_sim:[64449. 65220. 65526.] t2_sim:[60536. 58718. 55431.]
Task is 71.00% complete.
t1_sim:[52277. 52931. 52771.] t2_sim:[60732. 61894. 62877.]
Task is 72.00% complete.
t1_sim:[66113. 65150. 64821.] t2_sim:[62308. 64262. 62848.]
Task is 73.00% complete.
t1_sim:[60600. 60452. 62413.] t2_sim:[62421. 63659. 62943.]
Task is 74.00% complete.
t1_sim:[61300. 60472. 59304.] t2_sim:[68648. 68954. 68515.]
Task is 75.00% complete.
t1_sim:[62338. 62160. 62763.] t2_sim:[66772. 68000. 66455.]
Task is 76.00% complete.
t1_sim:[60611. 61520. 59266.] t2_sim:[65149. 65761. 64890.]
Task is 77.00% complete.
t1_sim:[67514. 70286. 67506.] t2_sim:[59462. 60472. 62495.]
Task is 78.00% complete.
t1_sim:[65691. 65484. 64659.] t2_sim:[62973. 62285. 62661.]
Task is 79.00% complete.
t1_sim:[62319. 61464. 61164.] t2_sim:[63025. 63750. 63091.]
Task is 80.00% complete.
t1_sim:[62909. 62274. 64521.] t2_sim:[66646. 65585. 65752.]
Task is 81.00% complete.
t1_sim:[61161. 60387. 65699.] t2_sim:[63328. 63034. 63861.]
Task is 82.00% complete.
t1_sim:[57999. 59007. 56660.] t2_sim:[59232. 59307. 58905.]
Task is 83.00% complete.
t1_sim:[62205. 60993. 62450.] t2_sim:[65041. 65066. 66390.]
Task is 84.00% complete.
t1_sim:[64084. 64712. 69497.] t2_sim:[64785. 65816. 64508.]
Task is 85.00% complete.
t1_sim:[65772. 68200. 68727.] t2_sim:[68265. 67737. 64266.]
Task is 86.00% complete.
t1_sim:[59081. 59342. 57598.] t2_sim:[58122. 58770. 58322.]
Task is 87.00% complete.
t1_sim:[57894. 57848. 57308.] t2_sim:[65002. 64803. 64802.]
Task is 88.00% complete.
t1_sim:[65549. 66345. 66854.] t2_sim:[63551. 64649. 64058.]
Task is 89.00% complete.
t1_sim:[60518. 58561. 60814.] t2_sim:[61991. 63058. 67538.]
Task is 90.00% complete.
t1_sim:[65349. 64612. 63047.] t2_sim:[62846. 62546. 61357.]
Task is 91.00% complete.
t1_sim:[56026. 56968. 58376.] t2_sim:[67018. 66111. 67053.]
Task is 92.00% complete.
t1_sim:[62142. 63117. 60761.] t2_sim:[61012. 61551. 59768.]
Task is 93.00% complete.
t1_sim:[58382. 57896. 60707.] t2_sim:[65174. 66335. 66378.]
Task is 94.00% complete.
t1_sim:[63526. 63584. 64780.] t2_sim:[66324. 68139. 65788.]
Task is 95.00% complete.
t1_sim:[60032. 59754. 60849.] t2_sim:[64852. 65286. 63114.]
Task is 96.00% complete.
t1_sim:[64387. 65123. 62825.] t2_sim:[60651. 60331. 61272.]
Task is 97.00% complete.
t1_sim:[64399. 64674. 68016.] t2_sim:[58812. 56515. 57512.]
Task is 98.00% complete.
t1_sim:[62204. 61057. 62703.] t2_sim:[65894. 69003. 66739.]
Task is 99.00% complete.
t1_sim:[59674. 60049. 59923.] t2_sim:[67418. 68873. 67432.]
Training start
t1_obs:[array(99315.), array(84899.), array(82384.)] t2_obs:[array(91461.), array(77476.), array(75261.)]
corr_G1:[None, None, 0.9567714097354444] corr_G2:[None, None, 0.9806396567060833]
Training end
Task is 0.00% complete.
t1_sim:[62394. 62094. 60791.] t2_sim:[60328. 60428. 60088.]
Task is 1.00% complete.
t1_sim:[67584. 68438. 68466.] t2_sim:[60028. 60181. 60320.]
Task is 2.00% complete.
t1_sim:[58070. 58809. 60262.] t2_sim:[62091. 63749. 63208.]
Task is 3.00% complete.
t1_sim:[63814. 63727. 64498.] t2_sim:[60392. 59020. 59822.]
Task is 4.00% complete.
t1_sim:[63663. 64793. 65575.] t2_sim:[64477. 64120. 65896.]
Task is 5.00% complete.
t1_sim:[59027. 58116. 58767.] t2_sim:[59544. 59770. 57579.]
Task is 6.00% complete.
t1_sim:[60445. 60898. 59482.] t2_sim:[66104. 64138. 63750.]
Task is 7.00% complete.
t1_sim:[70053. 70259. 70582.] t2_sim:[60938. 62184. 61232.]
Task is 8.00% complete.
t1_sim:[69394. 69434. 69359.] t2_sim:[62164. 61444. 61377.]
Task is 9.00% complete.
t1_sim:[60418. 61684. 61684.] t2_sim:[63321. 63397. 64143.]
Task is 10.00% complete.
t1_sim:[62919. 63116. 63513.] t2_sim:[68720. 65793. 64203.]
Task is 11.00% complete.
t1_sim:[60113. 58766. 58846.] t2_sim:[61890. 61779. 61986.]
Task is 12.00% complete.
t1_sim:[66000. 65124. 65285.] t2_sim:[57226. 59675. 61473.]
Task is 13.00% complete.
t1_sim:[67541. 68684. 67682.] t2_sim:[59747. 59464. 59090.]
Task is 14.00% complete.
t1_sim:[65774. 65837. 66058.] t2_sim:[62580. 62002. 63170.]
Task is 15.00% complete.
t1_sim:[60894. 59696. 60814.] t2_sim:[57967. 57871. 56836.]
Task is 16.00% complete.
t1_sim:[62475. 63018. 60341.] t2_sim:[67770. 68437. 68315.]
Task is 17.00% complete.
t1_sim:[67122. 67447. 68881.] t2_sim:[62715. 63343. 64753.]
Task is 18.00% complete.
t1_sim:[67519. 67129. 66377.] t2_sim:[63309. 63056. 61972.]
Task is 19.00% complete.
t1_sim:[59327. 60058. 59730.] t2_sim:[59587. 61425. 61144.]
Task is 20.00% complete.
t1_sim:[71359. 69181. 68863.] t2_sim:[67188. 67638. 67929.]
Task is 21.00% complete.
t1_sim:[65279. 65328. 64636.] t2_sim:[57316. 57064. 56872.]
Task is 22.00% complete.
t1_sim:[64369. 64768. 66524.] t2_sim:[65217. 64657. 65653.]
Task is 23.00% complete.
t1_sim:[60014. 60056. 61193.] t2_sim:[63269. 62822. 63303.]
Task is 24.00% complete.
t1_sim:[62423. 63678. 62913.] t2_sim:[62107. 61033. 60633.]
Task is 25.00% complete.
t1_sim:[61726. 62742. 61136.] t2_sim:[63940. 64061. 62617.]
Task is 26.00% complete.
t1_sim:[60934. 58237. 57793.] t2_sim:[58337. 57860. 57163.]
Task is 27.00% complete.
t1_sim:[61820. 61727. 60975.] t2_sim:[62518. 62697. 62932.]
Task is 28.00% complete.
t1_sim:[65030. 66301. 66777.] t2_sim:[66335. 67820. 67261.]
Task is 29.00% complete.
t1_sim:[62348. 62047. 62915.] t2_sim:[61226. 62595. 61431.]
Task is 30.00% complete.
t1_sim:[63027. 63226. 62191.] t2_sim:[61242. 58849. 61943.]
Task is 31.00% complete.
t1_sim:[58745. 58140. 58562.] t2_sim:[61009. 62558. 61536.]
Task is 32.00% complete.
t1_sim:[67172. 66448. 66652.] t2_sim:[62326. 61658. 63698.]
Task is 33.00% complete.
t1_sim:[64851. 64924. 63457.] t2_sim:[58147. 58074. 56428.]
Task is 34.00% complete.
t1_sim:[56150. 56252. 56865.] t2_sim:[60735. 61380. 60120.]
Task is 35.00% complete.
t1_sim:[63455. 62265. 61321.] t2_sim:[65022. 64974. 65074.]
Task is 36.00% complete.
t1_sim:[62613. 62645. 63232.] t2_sim:[61227. 64266. 62672.]
Task is 37.00% complete.
t1_sim:[63910. 63910. 62939.] t2_sim:[61224. 60962. 60307.]
Task is 38.00% complete.
t1_sim:[59687. 59879. 60281.] t2_sim:[65774. 65849. 64072.]
Task is 39.00% complete.
t1_sim:[58101. 57574. 57982.] t2_sim:[60514. 61500. 61235.]
Task is 40.00% complete.
t1_sim:[64314. 63457. 63930.] t2_sim:[64111. 65107. 64285.]
Task is 41.00% complete.
t1_sim:[60821. 60915. 60462.] t2_sim:[60258. 60887. 59845.]
Task is 42.00% complete.
t1_sim:[66768. 66592. 66346.] t2_sim:[63598. 63554. 62120.]
Task is 43.00% complete.
t1_sim:[63106. 63356. 62505.] t2_sim:[63449. 64170. 63830.]
Task is 44.00% complete.
t1_sim:[59592. 60482. 60925.] t2_sim:[62053. 61525. 61865.]
Task is 45.00% complete.
t1_sim:[61502. 63427. 61922.] t2_sim:[63918. 63111. 61716.]
Task is 46.00% complete.
t1_sim:[66438. 67547. 67099.] t2_sim:[60052. 59695. 60019.]
Task is 47.00% complete.
t1_sim:[66422. 66469. 66016.] t2_sim:[62835. 62923. 62131.]
Task is 48.00% complete.
t1_sim:[62522. 62357. 62322.] t2_sim:[68896. 66606. 67414.]
Task is 49.00% complete.
t1_sim:[67309. 67293. 69344.] t2_sim:[55161. 54904. 53460.]
Task is 50.00% complete.
t1_sim:[60636. 61191. 62094.] t2_sim:[60842. 59790. 60598.]
Task is 51.00% complete.
t1_sim:[67855. 67747. 66985.] t2_sim:[65930. 64455. 65226.]
Task is 52.00% complete.
t1_sim:[63770. 63444. 64834.] t2_sim:[61893. 61439. 61688.]
Task is 53.00% complete.
t1_sim:[63814. 64494. 64659.] t2_sim:[65708. 66549. 66057.]
Task is 54.00% complete.
t1_sim:[60366. 60529. 59991.] t2_sim:[67550. 68404. 67827.]
Task is 55.00% complete.
t1_sim:[62870. 63347. 62533.] t2_sim:[57953. 57903. 57955.]
Task is 56.00% complete.
t1_sim:[62893. 62160. 62727.] t2_sim:[60759. 62673. 60264.]
Task is 57.00% complete.
t1_sim:[60320. 62050. 62421.] t2_sim:[66608. 66429. 67455.]
Task is 58.00% complete.
t1_sim:[64153. 65666. 66547.] t2_sim:[71047. 70621. 71584.]
Task is 59.00% complete.
t1_sim:[69807. 68707. 67122.] t2_sim:[57911. 61218. 62092.]
Task is 60.00% complete.
t1_sim:[63923. 64755. 63155.] t2_sim:[57975. 58874. 58942.]
Task is 61.00% complete.
t1_sim:[65752. 63840. 65664.] t2_sim:[64368. 65277. 65104.]
Task is 62.00% complete.
t1_sim:[64483. 63637. 65617.] t2_sim:[62790. 63821. 61965.]
Task is 63.00% complete.
t1_sim:[59109. 59003. 58444.] t2_sim:[64407. 64558. 64368.]
Task is 64.00% complete.
t1_sim:[63933. 64575. 64313.] t2_sim:[64446. 64735. 64535.]
Task is 65.00% complete.
t1_sim:[62898. 63330. 61783.] t2_sim:[57825. 59363. 59386.]
Task is 66.00% complete.
t1_sim:[63899. 62256. 63870.] t2_sim:[59243. 61313. 60972.]
Task is 67.00% complete.
t1_sim:[61581. 62268. 60934.] t2_sim:[63400. 62168. 62912.]
Task is 68.00% complete.
t1_sim:[62232. 60416. 60898.] t2_sim:[64864. 64753. 63379.]
Task is 69.00% complete.
t1_sim:[62421. 62717. 62225.] t2_sim:[63950. 63848. 63190.]
Task is 70.00% complete.
t1_sim:[61989. 62377. 62680.] t2_sim:[57668. 60116. 61203.]
Task is 71.00% complete.
t1_sim:[62999. 62024. 62006.] t2_sim:[63122. 62453. 60783.]
Task is 72.00% complete.
t1_sim:[65146. 62540. 63587.] t2_sim:[62489. 63583. 64410.]
Task is 73.00% complete.
t1_sim:[62633. 62188. 64453.] t2_sim:[66247. 65989. 66235.]
Task is 74.00% complete.
t1_sim:[65263. 67614. 66362.] t2_sim:[59042. 59562. 59069.]
Task is 75.00% complete.
t1_sim:[60092. 60157. 61262.] t2_sim:[58784. 56891. 57603.]
Task is 76.00% complete.
t1_sim:[62807. 62350. 64382.] t2_sim:[61852. 62208. 61175.]
Task is 77.00% complete.
t1_sim:[57450. 56832. 58145.] t2_sim:[66758. 69373. 68841.]
Task is 78.00% complete.
t1_sim:[65798. 65338. 64729.] t2_sim:[65866. 66086. 65801.]
Task is 79.00% complete.
t1_sim:[59617. 61356. 61957.] t2_sim:[63262. 61880. 64347.]
Task is 80.00% complete.
t1_sim:[62731. 64020. 64256.] t2_sim:[62040. 63748. 63447.]
Task is 81.00% complete.
t1_sim:[64867. 64896. 65480.] t2_sim:[64886. 64808. 64073.]
Task is 82.00% complete.
t1_sim:[57917. 58990. 60363.] t2_sim:[59800. 59789. 60629.]
Task is 83.00% complete.
t1_sim:[64684. 63524. 64945.] t2_sim:[66659. 66222. 66953.]
Task is 84.00% complete.
t1_sim:[67039. 66313. 67533.] t2_sim:[58275. 59411. 61136.]
Task is 85.00% complete.
t1_sim:[62917. 63610. 61749.] t2_sim:[58841. 61523. 61268.]
Task is 86.00% complete.
t1_sim:[57970. 60860. 59645.] t2_sim:[63657. 62350. 62573.]
Task is 87.00% complete.
t1_sim:[65076. 64996. 67144.] t2_sim:[60632. 60897. 61026.]
Task is 88.00% complete.
t1_sim:[62602. 62622. 62451.] t2_sim:[69232. 70553. 68903.]
Task is 89.00% complete.
t1_sim:[63917. 63576. 63190.] t2_sim:[57611. 59002. 59198.]
Task is 90.00% complete.
t1_sim:[61879. 60818. 59313.] t2_sim:[60421. 61058. 62111.]
Task is 91.00% complete.
t1_sim:[63372. 62841. 63361.] t2_sim:[62468. 62293. 61968.]
Task is 92.00% complete.
t1_sim:[72435. 74471. 72612.] t2_sim:[60301. 61204. 60657.]
Task is 93.00% complete.
t1_sim:[61916. 62636. 62573.] t2_sim:[60279. 59366. 58893.]
Task is 94.00% complete.
t1_sim:[60033. 58758. 60334.] t2_sim:[65035. 64535. 64078.]
Task is 95.00% complete.
t1_sim:[62750. 62921. 63800.] t2_sim:[61042. 61925. 61693.]
Task is 96.00% complete.
t1_sim:[60362. 60358. 61089.] t2_sim:[62535. 62245. 62233.]
Task is 97.00% complete.
t1_sim:[62528. 62109. 62883.] t2_sim:[51226. 51312. 52331.]
Task is 98.00% complete.
t1_sim:[60110. 61394. 62155.] t2_sim:[62650. 63148. 63178.]
Task is 99.00% complete.
t1_sim:[61282. 60719. 59992.] t2_sim:[63820. 62699. 63483.]
Training start
t1_obs:[array(99315.), array(84899.), array(77936.)] t2_obs:[array(91461.), array(77476.), array(71294.)]
corr_G1:[None, None, 0.19025143711931244] corr_G2:[None, None, 0.11479984937143418]
Training end
Task is 0.00% complete.
t1_sim:[64384. 65002. 60431.] t2_sim:[64894. 65607. 66075.]
Task is 1.00% complete.
t1_sim:[59326. 58498. 53664.] t2_sim:[64519. 66207. 63207.]
Task is 2.00% complete.
t1_sim:[58330. 57559. 53287.] t2_sim:[59551. 60174. 61030.]
Task is 3.00% complete.
t1_sim:[57568. 58572. 52993.] t2_sim:[62118. 63101. 63218.]
Task is 4.00% complete.
t1_sim:[63234. 64274. 58540.] t2_sim:[65539. 64235. 63168.]
Task is 5.00% complete.
t1_sim:[64669. 63804. 59217.] t2_sim:[61994. 63038. 62850.]
Task is 6.00% complete.
t1_sim:[61426. 59967. 54863.] t2_sim:[64012. 64714. 64607.]
Task is 7.00% complete.
t1_sim:[63667. 63655. 59867.] t2_sim:[68154. 66919. 66368.]
Task is 8.00% complete.
t1_sim:[63546. 64622. 57307.] t2_sim:[63551. 63230. 64020.]
Task is 9.00% complete.
t1_sim:[61815. 61101. 56650.] t2_sim:[61298. 59238. 62220.]
Task is 10.00% complete.
t1_sim:[57441. 57065. 52804.] t2_sim:[61415. 60733. 59483.]
Task is 11.00% complete.
t1_sim:[62411. 63164. 59250.] t2_sim:[58163. 59277. 59341.]
Task is 12.00% complete.
t1_sim:[67426. 65388. 62622.] t2_sim:[64832. 63741. 65563.]
Task is 13.00% complete.
t1_sim:[66279. 66427. 60507.] t2_sim:[64809. 65426. 63432.]
Task is 14.00% complete.
t1_sim:[62512. 63434. 57069.] t2_sim:[66103. 66597. 64453.]
Task is 15.00% complete.
t1_sim:[61587. 62513. 55860.] t2_sim:[60462. 62587. 64962.]
Task is 16.00% complete.
t1_sim:[61171. 58946. 53974.] t2_sim:[66999. 65788. 64646.]
Task is 17.00% complete.
t1_sim:[63559. 62324. 58226.] t2_sim:[65617. 65852. 66371.]
Task is 18.00% complete.
t1_sim:[60497. 61272. 56324.] t2_sim:[59531. 58879. 60332.]
Task is 19.00% complete.
t1_sim:[64497. 64551. 58496.] t2_sim:[60054. 61353. 58165.]
Task is 20.00% complete.
t1_sim:[62946. 63239. 57813.] t2_sim:[62382. 61565. 61792.]
Task is 21.00% complete.
t1_sim:[64833. 63807. 57188.] t2_sim:[62539. 63285. 63481.]
Task is 22.00% complete.
t1_sim:[61203. 60773. 55863.] t2_sim:[69186. 67187. 66881.]
Task is 23.00% complete.
t1_sim:[61039. 61303. 54700.] t2_sim:[64476. 63427. 63093.]
Task is 24.00% complete.
t1_sim:[58428. 57820. 53418.] t2_sim:[55894. 57395. 55231.]
Task is 25.00% complete.
t1_sim:[64732. 61828. 55701.] t2_sim:[61381. 63030. 62046.]
Task is 26.00% complete.
t1_sim:[60012. 59886. 56869.] t2_sim:[62760. 62084. 62045.]
Task is 27.00% complete.
t1_sim:[59073. 59799. 55782.] t2_sim:[69842. 68848. 66714.]
Task is 28.00% complete.
t1_sim:[66622. 63969. 61392.] t2_sim:[59930. 59499. 56645.]
Task is 29.00% complete.
t1_sim:[69904. 69150. 64986.] t2_sim:[58665. 59382. 60009.]
Task is 30.00% complete.
t1_sim:[65576. 62617. 60947.] t2_sim:[65751. 63392. 63293.]
Task is 31.00% complete.
t1_sim:[56869. 56058. 51606.] t2_sim:[62795. 64695. 64492.]
Task is 32.00% complete.
t1_sim:[63740. 60650. 57459.] t2_sim:[60730. 58519. 60204.]
Task is 33.00% complete.
t1_sim:[57341. 56948. 53293.] t2_sim:[63042. 61217. 62545.]
Task is 34.00% complete.
t1_sim:[61330. 60853. 57150.] t2_sim:[60231. 61090. 56802.]
Task is 35.00% complete.
t1_sim:[62683. 60512. 56233.] t2_sim:[64782. 64424. 62167.]
Task is 36.00% complete.
t1_sim:[65098. 62245. 58548.] t2_sim:[66665. 66538. 67981.]
Task is 37.00% complete.
t1_sim:[64860. 63745. 59526.] t2_sim:[62096. 62676. 64486.]
Task is 38.00% complete.
t1_sim:[62833. 64141. 59409.] t2_sim:[68794. 68738. 68268.]
Task is 39.00% complete.
t1_sim:[64930. 66473. 58114.] t2_sim:[64721. 65362. 65386.]
Task is 40.00% complete.
t1_sim:[67568. 68025. 63149.] t2_sim:[62918. 62131. 61080.]
Task is 41.00% complete.
t1_sim:[57436. 59244. 54614.] t2_sim:[60981. 62996. 62670.]
Task is 42.00% complete.
t1_sim:[60063. 60257. 52817.] t2_sim:[61804. 61934. 61796.]
Task is 43.00% complete.
t1_sim:[61643. 62686. 56467.] t2_sim:[63793. 63139. 63326.]
Task is 44.00% complete.
t1_sim:[62209. 61868. 57461.] t2_sim:[59384. 59749. 60847.]
Task is 45.00% complete.
t1_sim:[64342. 63318. 59103.] t2_sim:[63343. 63127. 64467.]
Task is 46.00% complete.
t1_sim:[61623. 61375. 55181.] t2_sim:[64375. 65952. 66148.]
Task is 47.00% complete.
t1_sim:[64683. 65778. 57993.] t2_sim:[66233. 66502. 65298.]
Task is 48.00% complete.
t1_sim:[64551. 64107. 58594.] t2_sim:[58091. 58846. 60937.]
Task is 49.00% complete.
t1_sim:[61051. 59631. 53478.] t2_sim:[64800. 66324. 62790.]
Task is 50.00% complete.
t1_sim:[62136. 60401. 54985.] t2_sim:[59989. 61346. 61000.]
Task is 51.00% complete.
t1_sim:[64590. 64287. 59124.] t2_sim:[64675. 65043. 65410.]
Task is 52.00% complete.
t1_sim:[62518. 64700. 58615.] t2_sim:[64029. 64762. 63705.]
Task is 53.00% complete.
t1_sim:[59184. 59578. 55447.] t2_sim:[64125. 63152. 62094.]
Task is 54.00% complete.
t1_sim:[61636. 62537. 58181.] t2_sim:[62230. 61195. 61660.]
Task is 55.00% complete.
t1_sim:[60589. 62060. 55614.] t2_sim:[67350. 65760. 64389.]
Task is 56.00% complete.
t1_sim:[62129. 62826. 54405.] t2_sim:[69631. 68480. 66320.]
Task is 57.00% complete.
t1_sim:[63335. 64429. 59113.] t2_sim:[66808. 67222. 67189.]
Task is 58.00% complete.
t1_sim:[63432. 65168. 59740.] t2_sim:[57427. 56305. 57642.]
Task is 59.00% complete.
t1_sim:[63198. 62311. 56496.] t2_sim:[58999. 59337. 58904.]
Task is 60.00% complete.
t1_sim:[60916. 62290. 58458.] t2_sim:[63915. 65258. 66267.]
Task is 61.00% complete.
t1_sim:[64521. 65384. 59408.] t2_sim:[61238. 62902. 61340.]
Task is 62.00% complete.
t1_sim:[59839. 60342. 55508.] t2_sim:[59189. 58322. 58072.]
Task is 63.00% complete.
t1_sim:[63526. 62214. 55979.] t2_sim:[66086. 65932. 67099.]
Task is 64.00% complete.
t1_sim:[56833. 56152. 51724.] t2_sim:[60626. 62317. 60446.]
Task is 65.00% complete.
t1_sim:[64421. 62652. 58280.] t2_sim:[61822. 62156. 62760.]
Task is 66.00% complete.
t1_sim:[58794. 59794. 54824.] t2_sim:[58680. 58845. 57949.]
Task is 67.00% complete.
t1_sim:[63716. 64493. 61675.] t2_sim:[57873. 57779. 56798.]
Task is 68.00% complete.
t1_sim:[58448. 59979. 53043.] t2_sim:[56982. 57173. 56343.]
Task is 69.00% complete.
t1_sim:[60550. 60000. 55271.] t2_sim:[62924. 63305. 62820.]
Task is 70.00% complete.
t1_sim:[66884. 66862. 64339.] t2_sim:[61286. 61666. 61925.]
Task is 71.00% complete.
t1_sim:[64731. 63770. 61032.] t2_sim:[63458. 62640. 62977.]
Task is 72.00% complete.
t1_sim:[66586. 66440. 63481.] t2_sim:[61772. 61851. 59185.]
Task is 73.00% complete.
t1_sim:[61696. 60591. 57225.] t2_sim:[60659. 60589. 60394.]
Task is 74.00% complete.
t1_sim:[63642. 62536. 56988.] t2_sim:[67672. 67065. 67812.]
Task is 75.00% complete.
t1_sim:[62110. 63455. 61111.] t2_sim:[59443. 59572. 59275.]
Task is 76.00% complete.
t1_sim:[66779. 65684. 62299.] t2_sim:[57333. 57939. 58806.]
Task is 77.00% complete.
t1_sim:[63069. 63316. 57033.] t2_sim:[66270. 64893. 65735.]
Task is 78.00% complete.
t1_sim:[59736. 59207. 54985.] t2_sim:[62889. 61306. 62441.]
Task is 79.00% complete.
t1_sim:[63637. 66164. 60876.] t2_sim:[61407. 61866. 61063.]
Task is 80.00% complete.
t1_sim:[63127. 63832. 58287.] t2_sim:[56711. 56242. 56336.]
Task is 81.00% complete.
t1_sim:[64771. 63874. 58021.] t2_sim:[58067. 58388. 58335.]
Task is 82.00% complete.
t1_sim:[63483. 64068. 59826.] t2_sim:[61187. 61446. 61469.]
Task is 83.00% complete.
t1_sim:[67217. 67213. 62137.] t2_sim:[67686. 66940. 65332.]
Task is 84.00% complete.
t1_sim:[57955. 56391. 54609.] t2_sim:[62397. 61536. 60415.]
Task is 85.00% complete.
t1_sim:[67868. 67379. 60184.] t2_sim:[67811. 66589. 67205.]
Task is 86.00% complete.
t1_sim:[58776. 60519. 55292.] t2_sim:[63200. 64245. 64740.]
Task is 87.00% complete.
t1_sim:[63150. 61380. 56263.] t2_sim:[63066. 65538. 66017.]
Task is 88.00% complete.
t1_sim:[63739. 64057. 58258.] t2_sim:[64512. 64461. 65842.]
Task is 89.00% complete.
t1_sim:[65107. 66418. 61994.] t2_sim:[65809. 65508. 61711.]
Task is 90.00% complete.
t1_sim:[61365. 63032. 55975.] t2_sim:[57045. 56135. 56676.]
Task is 91.00% complete.
t1_sim:[60304. 59009. 53195.] t2_sim:[64715. 63131. 62360.]
Task is 92.00% complete.
t1_sim:[56551. 55937. 51707.] t2_sim:[64698. 64986. 63597.]
Task is 93.00% complete.
t1_sim:[63544. 64036. 57099.] t2_sim:[60681. 61263. 62696.]
Task is 94.00% complete.
t1_sim:[63773. 66449. 60089.] t2_sim:[56791. 57921. 57891.]
Task is 95.00% complete.
t1_sim:[58432. 58444. 53758.] t2_sim:[62369. 63497. 61091.]
Task is 96.00% complete.
t1_sim:[63337. 63856. 57977.] t2_sim:[65565. 66079. 64062.]
Task is 97.00% complete.
t1_sim:[62683. 63816. 58229.] t2_sim:[60411. 59637. 59460.]
Task is 98.00% complete.
t1_sim:[63023. 62788. 56001.] t2_sim:[60662. 60035. 59293.]
Task is 99.00% complete.
t1_sim:[63986. 61328. 57022.] t2_sim:[54630. 56121. 54617.]
Finished
