/scratch/jz4721/Post-prediction-Causal-Inference/venv/lib/python3.8/site-packages/numpy/core/getlimits.py:518: UserWarning: The value of the smallest subnormal for <class 'numpy.float64'> type is zero.
  setattr(self, word, getattr(machar, word).flat[0])
/scratch/jz4721/Post-prediction-Causal-Inference/venv/lib/python3.8/site-packages/numpy/core/getlimits.py:89: UserWarning: The value of the smallest subnormal for <class 'numpy.float64'> type is zero.
  return self._float_to_str(self.smallest_subnormal)
/scratch/jz4721/Post-prediction-Causal-Inference/venv/lib/python3.8/site-packages/numpy/core/getlimits.py:518: UserWarning: The value of the smallest subnormal for <class 'numpy.float32'> type is zero.
  setattr(self, word, getattr(machar, word).flat[0])
/scratch/jz4721/Post-prediction-Causal-Inference/venv/lib/python3.8/site-packages/numpy/core/getlimits.py:89: UserWarning: The value of the smallest subnormal for <class 'numpy.float32'> type is zero.
  return self._float_to_str(self.smallest_subnormal)
Begin
Training start
t1_obs:[array(97047.), array(88309.), array(81415.)] t2_obs:[array(91574.), array(82868.), array(74601.)]
corr_G1:[None, None, -7.1752832787787295e-19] corr_G2:[None, None, 0]
Training end
Task is 0.00% complete.
t1_sim:[61865. 59992. 64712.] t2_sim:[59995. 60669. 58016.]
Task is 1.00% complete.
t1_sim:[56341. 55986. 54627.] t2_sim:[61824. 62744. 60336.]
Task is 2.00% complete.
t1_sim:[63531. 63700. 62872.] t2_sim:[60738. 60679. 59667.]
Task is 3.00% complete.
t1_sim:[55830. 56266. 55976.] t2_sim:[64111. 65210. 63563.]
Task is 4.00% complete.
t1_sim:[62092. 60254. 62385.] t2_sim:[67435. 67112. 66503.]
Task is 5.00% complete.
t1_sim:[67113. 68450. 64524.] t2_sim:[60647. 60990. 60907.]
Task is 6.00% complete.
t1_sim:[61796. 61849. 62556.] t2_sim:[63960. 65026. 61429.]
Task is 7.00% complete.
t1_sim:[64302. 63763. 64864.] t2_sim:[60232. 59841. 60099.]
Task is 8.00% complete.
t1_sim:[66229. 65452. 66216.] t2_sim:[67740. 68081. 67058.]
Task is 9.00% complete.
t1_sim:[66942. 65314. 66124.] t2_sim:[59672. 59273. 60469.]
Task is 10.00% complete.
t1_sim:[61031. 61518. 60605.] t2_sim:[61291. 62279. 61838.]
Task is 11.00% complete.
t1_sim:[67270. 65546. 65863.] t2_sim:[60739. 60432. 61876.]
Task is 12.00% complete.
t1_sim:[67296. 67525. 66605.] t2_sim:[62648. 63565. 64541.]
Task is 13.00% complete.
t1_sim:[55333. 55720. 57258.] t2_sim:[57812. 58751. 60019.]
Task is 14.00% complete.
t1_sim:[64210. 63249. 64893.] t2_sim:[63011. 62119. 63095.]
Task is 15.00% complete.
t1_sim:[62550. 64935. 63148.] t2_sim:[66266. 66715. 64366.]
Task is 16.00% complete.
t1_sim:[67133. 66043. 66230.] t2_sim:[60582. 60221. 61303.]
Task is 17.00% complete.
t1_sim:[61635. 61238. 60546.] t2_sim:[56607. 57963. 60307.]
Task is 18.00% complete.
t1_sim:[64777. 65198. 65522.] t2_sim:[61028. 60601. 58367.]
Task is 19.00% complete.
t1_sim:[61860. 61191. 60744.] t2_sim:[63464. 65293. 67391.]
Task is 20.00% complete.
t1_sim:[64045. 64971. 67864.] t2_sim:[72558. 71031. 72314.]
Task is 21.00% complete.
t1_sim:[63770. 61994. 64427.] t2_sim:[66020. 64732. 65441.]
Task is 22.00% complete.
t1_sim:[53756. 55911. 55556.] t2_sim:[59709. 59574. 61513.]
Task is 23.00% complete.
t1_sim:[61295. 61848. 59313.] t2_sim:[58750. 59996. 56300.]
Task is 24.00% complete.
t1_sim:[60640. 61513. 61087.] t2_sim:[61245. 61594. 62527.]
Task is 25.00% complete.
t1_sim:[60110. 61038. 59668.] t2_sim:[66006. 63686. 65247.]
Task is 26.00% complete.
t1_sim:[68176. 68156. 68631.] t2_sim:[61629. 61816. 62979.]
Task is 27.00% complete.
t1_sim:[68547. 68153. 66288.] t2_sim:[60097. 61852. 57762.]
Task is 28.00% complete.
t1_sim:[63475. 63108. 65987.] t2_sim:[63289. 62891. 64436.]
Task is 29.00% complete.
t1_sim:[61700. 61771. 63639.] t2_sim:[58134. 57515. 60344.]
Task is 30.00% complete.
t1_sim:[64502. 65182. 64584.] t2_sim:[61164. 60667. 62061.]
Task is 31.00% complete.
t1_sim:[61514. 61057. 63582.] t2_sim:[65343. 65607. 64880.]
Task is 32.00% complete.
t1_sim:[59037. 60482. 60446.] t2_sim:[64788. 63964. 63796.]
Task is 33.00% complete.
t1_sim:[60142. 59127. 58251.] t2_sim:[57782. 57210. 57076.]
Task is 34.00% complete.
t1_sim:[63562. 63608. 65063.] t2_sim:[66291. 66210. 65205.]
Task is 35.00% complete.
t1_sim:[66162. 66826. 66346.] t2_sim:[65921. 64539. 63673.]
Task is 36.00% complete.
t1_sim:[61270. 61792. 62106.] t2_sim:[60458. 59400. 60597.]
Task is 37.00% complete.
t1_sim:[61827. 59826. 59121.] t2_sim:[61160. 61865. 62139.]
Task is 38.00% complete.
t1_sim:[67232. 66656. 65804.] t2_sim:[66436. 64983. 65189.]
Task is 39.00% complete.
t1_sim:[66024. 64966. 64504.] t2_sim:[64121. 64922. 64358.]
Task is 40.00% complete.
t1_sim:[62568. 60401. 60942.] t2_sim:[58269. 60494. 59739.]
Task is 41.00% complete.
t1_sim:[62591. 63516. 63522.] t2_sim:[67506. 68001. 67741.]
Task is 42.00% complete.
t1_sim:[57636. 57385. 55741.] t2_sim:[61806. 60225. 60945.]
Task is 43.00% complete.
t1_sim:[69105. 68132. 67816.] t2_sim:[59478. 61308. 62477.]
Task is 44.00% complete.
t1_sim:[59774. 58624. 58154.] t2_sim:[68706. 68088. 64756.]
Task is 45.00% complete.
t1_sim:[64179. 65393. 63814.] t2_sim:[57622. 57312. 56873.]
Task is 46.00% complete.
t1_sim:[59209. 57881. 58210.] t2_sim:[63586. 63611. 62606.]
Task is 47.00% complete.
t1_sim:[64196. 64002. 61746.] t2_sim:[59046. 58285. 58512.]
Task is 48.00% complete.
t1_sim:[64951. 66515. 64545.] t2_sim:[64583. 64714. 65812.]
Task is 49.00% complete.
t1_sim:[60288. 61691. 60265.] t2_sim:[65186. 64739. 66572.]
Task is 50.00% complete.
t1_sim:[57017. 56943. 56558.] t2_sim:[65028. 64751. 67780.]
Task is 51.00% complete.
t1_sim:[69219. 66217. 67342.] t2_sim:[59115. 59803. 58987.]
Task is 52.00% complete.
t1_sim:[61427. 60472. 62263.] t2_sim:[59250. 60046. 62681.]
Task is 53.00% complete.
t1_sim:[63840. 64915. 65157.] t2_sim:[67187. 68068. 67840.]
Task is 54.00% complete.
t1_sim:[59974. 59705. 62382.] t2_sim:[61356. 63492. 60961.]
Task is 55.00% complete.
t1_sim:[63024. 61543. 62212.] t2_sim:[65520. 65550. 67767.]
Task is 56.00% complete.
t1_sim:[61797. 61803. 60536.] t2_sim:[58609. 61081. 58934.]
Task is 57.00% complete.
t1_sim:[68165. 65978. 67774.] t2_sim:[67581. 68988. 66235.]
Task is 58.00% complete.
t1_sim:[67026. 65167. 65371.] t2_sim:[59670. 58064. 59325.]
Task is 59.00% complete.
t1_sim:[63130. 63210. 61498.] t2_sim:[62650. 62489. 61453.]
Task is 60.00% complete.
t1_sim:[64244. 62391. 63567.] t2_sim:[61229. 61914. 62087.]
Task is 61.00% complete.
t1_sim:[63483. 63992. 67276.] t2_sim:[61358. 59500. 61881.]
Task is 62.00% complete.
t1_sim:[65772. 64235. 64303.] t2_sim:[65728. 64912. 63246.]
Task is 63.00% complete.
t1_sim:[68802. 68127. 67024.] t2_sim:[63564. 63935. 67255.]
Task is 64.00% complete.
t1_sim:[68429. 67258. 67452.] t2_sim:[56979. 54656. 58846.]
Task is 65.00% complete.
t1_sim:[61260. 62142. 60322.] t2_sim:[55480. 54472. 56372.]
Task is 66.00% complete.
t1_sim:[63241. 61254. 62148.] t2_sim:[65502. 65410. 63560.]
Task is 67.00% complete.
t1_sim:[68134. 69539. 66490.] t2_sim:[64938. 64824. 62475.]
Task is 68.00% complete.
t1_sim:[65611. 65645. 65699.] t2_sim:[61077. 61945. 61984.]
Task is 69.00% complete.
t1_sim:[58782. 59147. 60659.] t2_sim:[59270. 58240. 58535.]
Task is 70.00% complete.
t1_sim:[55590. 57274. 57061.] t2_sim:[61050. 60716. 59309.]
Task is 71.00% complete.
t1_sim:[61644. 62116. 63947.] t2_sim:[65310. 65800. 64286.]
Task is 72.00% complete.
t1_sim:[68221. 68805. 65594.] t2_sim:[66262. 66677. 64294.]
Task is 73.00% complete.
t1_sim:[60560. 61840. 59708.] t2_sim:[61513. 62859. 61719.]
Task is 74.00% complete.
t1_sim:[58652. 59493. 58304.] t2_sim:[60041. 58790. 60946.]
Task is 75.00% complete.
t1_sim:[61496. 59570. 62243.] t2_sim:[61541. 60657. 59671.]
Task is 76.00% complete.
t1_sim:[63190. 63982. 63461.] t2_sim:[56253. 55798. 54835.]
Task is 77.00% complete.
t1_sim:[62761. 63856. 61266.] t2_sim:[58291. 59534. 57173.]
Task is 78.00% complete.
t1_sim:[61623. 62669. 62001.] t2_sim:[68311. 69459. 69030.]
Task is 79.00% complete.
t1_sim:[61494. 63024. 61496.] t2_sim:[63798. 63465. 64363.]
Task is 80.00% complete.
t1_sim:[63449. 62703. 61034.] t2_sim:[61254. 59786. 61149.]
Task is 81.00% complete.
t1_sim:[61080. 61243. 59237.] t2_sim:[63312. 63172. 64720.]
Task is 82.00% complete.
t1_sim:[61993. 60958. 62881.] t2_sim:[66139. 67351. 64779.]
Task is 83.00% complete.
t1_sim:[66719. 66332. 67711.] t2_sim:[62289. 60387. 60850.]
Task is 84.00% complete.
t1_sim:[61703. 60499. 62086.] t2_sim:[65642. 66396. 64423.]
Task is 85.00% complete.
t1_sim:[63065. 64146. 63583.] t2_sim:[63174. 63551. 65077.]
Task is 86.00% complete.
t1_sim:[64481. 65291. 64153.] t2_sim:[62189. 62307. 61800.]
Task is 87.00% complete.
t1_sim:[59866. 59660. 63785.] t2_sim:[62936. 63217. 61539.]
Task is 88.00% complete.
t1_sim:[61218. 63068. 61294.] t2_sim:[64083. 63574. 65411.]
Task is 89.00% complete.
t1_sim:[67628. 68157. 64332.] t2_sim:[58740. 56778. 61322.]
Task is 90.00% complete.
t1_sim:[61596. 61144. 59478.] t2_sim:[61932. 61523. 64205.]
Task is 91.00% complete.
t1_sim:[62757. 63717. 62491.] t2_sim:[55467. 54958. 56358.]
Task is 92.00% complete.
t1_sim:[62227. 64595. 62897.] t2_sim:[68158. 67560. 67626.]
Task is 93.00% complete.
t1_sim:[60327. 62249. 61298.] t2_sim:[61839. 62193. 62018.]
Task is 94.00% complete.
t1_sim:[67715. 67419. 66190.] t2_sim:[62197. 61864. 62702.]
Task is 95.00% complete.
t1_sim:[62410. 60103. 60830.] t2_sim:[69114. 67417. 67563.]
Task is 96.00% complete.
t1_sim:[62832. 62486. 63153.] t2_sim:[68962. 69370. 68675.]
Task is 97.00% complete.
t1_sim:[64584. 64541. 62381.] t2_sim:[61483. 63039. 62030.]
Task is 98.00% complete.
t1_sim:[60698. 60649. 61432.] t2_sim:[61715. 60624. 61007.]
Task is 99.00% complete.
t1_sim:[62198. 60486. 61263.] t2_sim:[66621. 65508. 67001.]
Training start
t1_obs:[array(97047.), array(88309.), array(86366.)] t2_obs:[array(91574.), array(82868.), array(79188.)]
corr_G1:[None, None, 0.8921926138917786] corr_G2:[None, None, 0.6823310922725251]
Training end
Task is 0.00% complete.
t1_sim:[59326. 58796. 59258.] t2_sim:[64334. 64784. 64504.]
Task is 1.00% complete.
t1_sim:[67379. 66588. 65960.] t2_sim:[61375. 62720. 62491.]
Task is 2.00% complete.
t1_sim:[64556. 65125. 63277.] t2_sim:[60793. 59697. 59838.]
Task is 3.00% complete.
t1_sim:[62507. 62140. 63644.] t2_sim:[58916. 59936. 60319.]
Task is 4.00% complete.
t1_sim:[64305. 65840. 65539.] t2_sim:[63069. 61100. 61480.]
Task is 5.00% complete.
t1_sim:[60482. 60853. 59672.] t2_sim:[63419. 63546. 63604.]
Task is 6.00% complete.
t1_sim:[66199. 65742. 66874.] t2_sim:[60692. 62543. 61727.]
Task is 7.00% complete.
t1_sim:[68640. 68390. 69090.] t2_sim:[62198. 62268. 63946.]
Task is 8.00% complete.
t1_sim:[59626. 61409. 61331.] t2_sim:[60201. 61059. 61465.]
Task is 9.00% complete.
t1_sim:[64300. 62924. 64694.] t2_sim:[60772. 61977. 62124.]
Task is 10.00% complete.
t1_sim:[63669. 64186. 64814.] t2_sim:[63096. 62265. 63109.]
Task is 11.00% complete.
t1_sim:[60733. 60994. 60161.] t2_sim:[58428. 57934. 59327.]
Task is 12.00% complete.
t1_sim:[61413. 61814. 62950.] t2_sim:[65947. 64738. 65002.]
Task is 13.00% complete.
t1_sim:[62306. 61570. 62567.] t2_sim:[62937. 62186. 61836.]
Task is 14.00% complete.
t1_sim:[60253. 61407. 60147.] t2_sim:[64038. 64923. 64983.]
Task is 15.00% complete.
t1_sim:[65373. 65989. 64357.] t2_sim:[60408. 59501. 61058.]
Task is 16.00% complete.
t1_sim:[57454. 57997. 57087.] t2_sim:[63879. 62522. 63859.]
Task is 17.00% complete.
t1_sim:[60517. 58859. 59130.] t2_sim:[62389. 62548. 62298.]
Task is 18.00% complete.
t1_sim:[65917. 65041. 67635.] t2_sim:[60812. 61375. 62808.]
Task is 19.00% complete.
t1_sim:[62089. 63606. 62672.] t2_sim:[70946. 71092. 71705.]
Task is 20.00% complete.
t1_sim:[67432. 66718. 68472.] t2_sim:[61451. 60283. 60058.]
Task is 21.00% complete.
t1_sim:[59871. 59869. 58747.] t2_sim:[63375. 63973. 65933.]
Task is 22.00% complete.
t1_sim:[59795. 57933. 59655.] t2_sim:[62022. 62445. 63873.]
Task is 23.00% complete.
t1_sim:[64475. 64453. 64938.] t2_sim:[61959. 62034. 62041.]
Task is 24.00% complete.
t1_sim:[63549. 63809. 64019.] t2_sim:[64604. 64672. 63605.]
Task is 25.00% complete.
t1_sim:[55414. 55502. 56650.] t2_sim:[64411. 64721. 64050.]
Task is 26.00% complete.
t1_sim:[62131. 61120. 62761.] t2_sim:[57969. 58583. 57284.]
Task is 27.00% complete.
t1_sim:[69503. 70066. 70907.] t2_sim:[58937. 59160. 59743.]
Task is 28.00% complete.
t1_sim:[62617. 62308. 64730.] t2_sim:[61256. 60536. 62141.]
Task is 29.00% complete.
t1_sim:[64813. 65056. 64767.] t2_sim:[61641. 62707. 64017.]
Task is 30.00% complete.
t1_sim:[63579. 62151. 64391.] t2_sim:[62608. 63340. 63489.]
Task is 31.00% complete.
t1_sim:[59952. 60945. 59919.] t2_sim:[67179. 66899. 67686.]
Task is 32.00% complete.
t1_sim:[63705. 62960. 65007.] t2_sim:[54126. 54617. 55207.]
Task is 33.00% complete.
t1_sim:[62164. 63344. 62570.] t2_sim:[67372. 67673. 68380.]
Task is 34.00% complete.
t1_sim:[64240. 62971. 62418.] t2_sim:[65827. 65856. 65734.]
Task is 35.00% complete.
t1_sim:[65573. 67866. 67454.] t2_sim:[59588. 60232. 59113.]
Task is 36.00% complete.
t1_sim:[58736. 60081. 59006.] t2_sim:[60277. 60977. 59813.]
Task is 37.00% complete.
t1_sim:[68790. 69772. 68746.] t2_sim:[63804. 64295. 64293.]
Task is 38.00% complete.
t1_sim:[59020. 59227. 57997.] t2_sim:[59857. 58028. 59150.]
Task is 39.00% complete.
t1_sim:[56503. 58047. 57591.] t2_sim:[62973. 62133. 62520.]
Task is 40.00% complete.
t1_sim:[66016. 65399. 66161.] t2_sim:[62731. 61260. 62033.]
Task is 41.00% complete.
t1_sim:[63283. 63921. 65440.] t2_sim:[57712. 58299. 57396.]
Task is 42.00% complete.
t1_sim:[63248. 63285. 64090.] t2_sim:[58641. 58664. 58063.]
Task is 43.00% complete.
t1_sim:[59794. 57922. 59452.] t2_sim:[67180. 65833. 67344.]
Task is 44.00% complete.
t1_sim:[59068. 58743. 56752.] t2_sim:[61265. 59431. 60538.]
Task is 45.00% complete.
t1_sim:[63506. 63118. 62601.] t2_sim:[67303. 68105. 69140.]
Task is 46.00% complete.
t1_sim:[60794. 61617. 62456.] t2_sim:[63256. 63069. 63024.]
Task is 47.00% complete.
t1_sim:[60322. 58895. 60487.] t2_sim:[66384. 67583. 66594.]
Task is 48.00% complete.
t1_sim:[62085. 60537. 62406.] t2_sim:[65194. 64267. 64373.]
Task is 49.00% complete.
t1_sim:[64263. 63093. 63990.] t2_sim:[59191. 59767. 59604.]
Task is 50.00% complete.
t1_sim:[60299. 61041. 60130.] t2_sim:[63522. 63768. 61913.]
Task is 51.00% complete.
t1_sim:[62906. 63465. 62941.] t2_sim:[62954. 66290. 63404.]
Task is 52.00% complete.
t1_sim:[67793. 68130. 66934.] t2_sim:[59763. 58150. 59846.]
Task is 53.00% complete.
t1_sim:[63908. 64671. 64489.] t2_sim:[63200. 64192. 64073.]
Task is 54.00% complete.
t1_sim:[66909. 67911. 66367.] t2_sim:[64575. 63755. 64049.]
Task is 55.00% complete.
t1_sim:[63994. 64828. 64970.] t2_sim:[63357. 63417. 63305.]
Task is 56.00% complete.
t1_sim:[59938. 60306. 63450.] t2_sim:[60504. 62298. 61791.]
Task is 57.00% complete.
t1_sim:[59080. 59843. 60050.] t2_sim:[61773. 60954. 62479.]
Task is 58.00% complete.
t1_sim:[65518. 65119. 65438.] t2_sim:[64840. 64000. 63742.]
Task is 59.00% complete.
t1_sim:[60049. 59427. 60849.] t2_sim:[58334. 57950. 58952.]
Task is 60.00% complete.
t1_sim:[65079. 64409. 64876.] t2_sim:[59765. 61380. 61708.]
Task is 61.00% complete.
t1_sim:[59768. 58921. 58706.] t2_sim:[61025. 60295. 60012.]
Task is 62.00% complete.
t1_sim:[65813. 65649. 66652.] t2_sim:[64041. 64215. 63148.]
Task is 63.00% complete.
t1_sim:[62735. 61820. 60494.] t2_sim:[59794. 58612. 59192.]
Task is 64.00% complete.
t1_sim:[61488. 61477. 62260.] t2_sim:[56591. 57113. 57754.]
Task is 65.00% complete.
t1_sim:[63908. 62600. 62977.] t2_sim:[60840. 62071. 60216.]
Task is 66.00% complete.
t1_sim:[58125. 58345. 57913.] t2_sim:[62343. 61806. 63363.]
Task is 67.00% complete.
t1_sim:[66650. 67798. 68061.] t2_sim:[61666. 60918. 62657.]
Task is 68.00% complete.
t1_sim:[59345. 60363. 62375.] t2_sim:[70078. 70359. 69198.]
Task is 69.00% complete.
t1_sim:[59145. 58976. 58030.] t2_sim:[68431. 68441. 69311.]
Task is 70.00% complete.
t1_sim:[67662. 68346. 69208.] t2_sim:[58932. 58326. 58698.]
Task is 71.00% complete.
t1_sim:[63143. 64375. 63222.] t2_sim:[61316. 61278. 61080.]
Task is 72.00% complete.
t1_sim:[64691. 64456. 64514.] t2_sim:[64147. 63922. 64425.]
Task is 73.00% complete.
t1_sim:[57253. 57707. 58255.] t2_sim:[61095. 62338. 62234.]
Task is 74.00% complete.
t1_sim:[60993. 60614. 61402.] t2_sim:[61719. 61521. 61626.]
Task is 75.00% complete.
t1_sim:[63712. 63291. 63579.] t2_sim:[66359. 66365. 65922.]
Task is 76.00% complete.
t1_sim:[66278. 65706. 64704.] t2_sim:[61972. 60460. 61604.]
Task is 77.00% complete.
t1_sim:[63700. 63771. 64192.] t2_sim:[65508. 66808. 66293.]
Task is 78.00% complete.
t1_sim:[64566. 63328. 65274.] t2_sim:[59214. 59018. 60422.]
Task is 79.00% complete.
t1_sim:[61734. 62742. 63753.] t2_sim:[58086. 57995. 57645.]
Task is 80.00% complete.
t1_sim:[62384. 62508. 64302.] t2_sim:[56777. 56358. 55659.]
Task is 81.00% complete.
t1_sim:[59803. 59510. 59494.] t2_sim:[58758. 58149. 58392.]
Task is 82.00% complete.
t1_sim:[62332. 62485. 62157.] t2_sim:[61603. 63556. 62270.]
Task is 83.00% complete.
t1_sim:[60657. 59550. 59101.] t2_sim:[59913. 60504. 61450.]
Task is 84.00% complete.
t1_sim:[62612. 63487. 64205.] t2_sim:[58477. 58959. 58745.]
Task is 85.00% complete.
t1_sim:[64118. 65531. 64386.] t2_sim:[66359. 64967. 65272.]
Task is 86.00% complete.
t1_sim:[66592. 65228. 65571.] t2_sim:[63323. 63103. 64325.]
Task is 87.00% complete.
t1_sim:[60150. 60125. 61374.] t2_sim:[55920. 55615. 56220.]
Task is 88.00% complete.
t1_sim:[55062. 55022. 55245.] t2_sim:[58584. 60810. 60634.]
Task is 89.00% complete.
t1_sim:[66379. 65408. 67005.] t2_sim:[59866. 59161. 58995.]
Task is 90.00% complete.
t1_sim:[64579. 65647. 64881.] t2_sim:[63352. 64006. 63139.]
Task is 91.00% complete.
t1_sim:[65061. 64899. 64246.] t2_sim:[63233. 63727. 62631.]
Task is 92.00% complete.
t1_sim:[59189. 58677. 59434.] t2_sim:[58937. 60437. 60612.]
Task is 93.00% complete.
t1_sim:[60751. 60559. 59135.] t2_sim:[67235. 68956. 67874.]
Task is 94.00% complete.
t1_sim:[59492. 58920. 59218.] t2_sim:[63767. 63480. 63634.]
Task is 95.00% complete.
t1_sim:[59703. 59533. 60027.] t2_sim:[64340. 62026. 63820.]
Task is 96.00% complete.
t1_sim:[55859. 56574. 58176.] t2_sim:[65379. 64721. 63144.]
Task is 97.00% complete.
t1_sim:[64561. 64189. 65123.] t2_sim:[66628. 66591. 67113.]
Task is 98.00% complete.
t1_sim:[63925. 65781. 64788.] t2_sim:[62692. 62328. 64162.]
Task is 99.00% complete.
t1_sim:[65668. 67759. 67965.] t2_sim:[62191. 61205. 62018.]
Training start
t1_obs:[array(97047.), array(88309.), array(82220.)] t2_obs:[array(91574.), array(82868.), array(76812.)]
corr_G1:[None, None, 0.3681436646350729] corr_G2:[None, None, 0.6386028368349478]
Training end
Task is 0.00% complete.
t1_sim:[64983. 64420. 58882.] t2_sim:[61028. 60744. 57778.]
Task is 1.00% complete.
t1_sim:[65985. 64912. 59212.] t2_sim:[65404. 65724. 62231.]
Task is 2.00% complete.
t1_sim:[63772. 64338. 56407.] t2_sim:[62004. 60214. 58490.]
Task is 3.00% complete.
t1_sim:[62786. 63431. 56986.] t2_sim:[54011. 55018. 52383.]
Task is 4.00% complete.
t1_sim:[62335. 61965. 55371.] t2_sim:[65898. 68308. 65384.]
Task is 5.00% complete.
t1_sim:[58839. 59125. 52109.] t2_sim:[66030. 66893. 63145.]
Task is 6.00% complete.
t1_sim:[52472. 52085. 46637.] t2_sim:[59789. 58866. 57350.]
Task is 7.00% complete.
t1_sim:[65651. 66689. 60751.] t2_sim:[63345. 64239. 60233.]
Task is 8.00% complete.
t1_sim:[64968. 64997. 59849.] t2_sim:[69318. 68234. 66094.]
Task is 9.00% complete.
t1_sim:[61022. 61158. 54833.] t2_sim:[62305. 62200. 60015.]
Task is 10.00% complete.
t1_sim:[69605. 69279. 62729.] t2_sim:[65652. 65425. 61433.]
Task is 11.00% complete.
t1_sim:[63604. 63791. 57498.] t2_sim:[67943. 69780. 65457.]
Task is 12.00% complete.
t1_sim:[64646. 64443. 58722.] t2_sim:[55305. 54863. 51618.]
Task is 13.00% complete.
t1_sim:[69051. 69137. 63407.] t2_sim:[65172. 65655. 61538.]
Task is 14.00% complete.
t1_sim:[64814. 64009. 59649.] t2_sim:[56563. 56696. 55368.]
Task is 15.00% complete.
t1_sim:[59305. 60368. 54465.] t2_sim:[64226. 64465. 60598.]
Task is 16.00% complete.
t1_sim:[64888. 65307. 59085.] t2_sim:[69215. 67295. 65954.]
Task is 17.00% complete.
t1_sim:[61696. 62360. 56979.] t2_sim:[65151. 64738. 62915.]
Task is 18.00% complete.
t1_sim:[61846. 60505. 54592.] t2_sim:[66006. 65012. 62867.]
Task is 19.00% complete.
t1_sim:[57338. 56013. 51699.] t2_sim:[65068. 65296. 62968.]
Task is 20.00% complete.
t1_sim:[67933. 67292. 60859.] t2_sim:[62320. 62821. 58691.]
Task is 21.00% complete.
t1_sim:[65160. 64816. 60579.] t2_sim:[61760. 63435. 59646.]
Task is 22.00% complete.
t1_sim:[59997. 60298. 54295.] t2_sim:[66725. 66092. 63212.]
Task is 23.00% complete.
t1_sim:[67064. 67406. 59760.] t2_sim:[63285. 65071. 61182.]
Task is 24.00% complete.
t1_sim:[66583. 66895. 62134.] t2_sim:[64919. 65225. 61394.]
Task is 25.00% complete.
t1_sim:[62850. 62492. 56943.] t2_sim:[57645. 56387. 54550.]
Task is 26.00% complete.
t1_sim:[62210. 59946. 54647.] t2_sim:[62929. 61138. 58557.]
Task is 27.00% complete.
t1_sim:[67414. 67700. 61751.] t2_sim:[61699. 60412. 57084.]
Task is 28.00% complete.
t1_sim:[64480. 64644. 59660.] t2_sim:[59815. 60573. 56941.]
Task is 29.00% complete.
t1_sim:[64401. 65583. 57396.] t2_sim:[60991. 61875. 60513.]
Task is 30.00% complete.
t1_sim:[55049. 54831. 49238.] t2_sim:[58115. 57710. 56078.]
Task is 31.00% complete.
t1_sim:[62224. 61796. 57006.] t2_sim:[64890. 64652. 61657.]
Task is 32.00% complete.
t1_sim:[61657. 61827. 55837.] t2_sim:[64684. 63611. 59517.]
Task is 33.00% complete.
t1_sim:[57277. 58462. 52111.] t2_sim:[65791. 65448. 61705.]
Task is 34.00% complete.
t1_sim:[65466. 65743. 61335.] t2_sim:[65752. 66112. 61918.]
Task is 35.00% complete.
t1_sim:[63655. 64631. 57958.] t2_sim:[66223. 66749. 63514.]
Task is 36.00% complete.
t1_sim:[61946. 64663. 57739.] t2_sim:[64412. 63361. 62499.]
Task is 37.00% complete.
t1_sim:[57838. 57726. 52221.] t2_sim:[59034. 57629. 56560.]
Task is 38.00% complete.
t1_sim:[62251. 62276. 55688.] t2_sim:[57382. 58444. 54234.]
Task is 39.00% complete.
t1_sim:[63101. 62743. 57575.] t2_sim:[60337. 61351. 57347.]
Task is 40.00% complete.
t1_sim:[61867. 60798. 56600.] t2_sim:[65786. 65649. 62392.]
Task is 41.00% complete.
t1_sim:[62864. 62703. 57555.] t2_sim:[58833. 58735. 56756.]
Task is 42.00% complete.
t1_sim:[61977. 61584. 56031.] t2_sim:[67809. 68505. 63667.]
Task is 43.00% complete.
t1_sim:[65947. 64509. 58936.] t2_sim:[61852. 63406. 60068.]
Task is 44.00% complete.
t1_sim:[67379. 66793. 60202.] t2_sim:[60628. 59887. 57273.]
Task is 45.00% complete.
t1_sim:[66296. 66536. 61099.] t2_sim:[55756. 57061. 53541.]
Task is 46.00% complete.
t1_sim:[63160. 63502. 57237.] t2_sim:[66641. 65748. 63288.]
Task is 47.00% complete.
t1_sim:[65763. 64733. 59181.] t2_sim:[60322. 61440. 56689.]
Task is 48.00% complete.
t1_sim:[60796. 59813. 53173.] t2_sim:[59707. 58536. 54858.]
Task is 49.00% complete.
t1_sim:[61789. 60606. 56058.] t2_sim:[61012. 60419. 58754.]
Task is 50.00% complete.
t1_sim:[61253. 60489. 53073.] t2_sim:[65434. 64840. 62470.]
Task is 51.00% complete.
t1_sim:[56300. 57053. 49580.] t2_sim:[65211. 64739. 62584.]
Task is 52.00% complete.
t1_sim:[67933. 68712. 62781.] t2_sim:[60453. 57851. 56155.]
Task is 53.00% complete.
t1_sim:[68540. 67305. 62745.] t2_sim:[62712. 63555. 59083.]
Task is 54.00% complete.
t1_sim:[65292. 65118. 59513.] t2_sim:[55255. 57045. 53741.]
Task is 55.00% complete.
t1_sim:[59800. 59595. 54236.] t2_sim:[61575. 61205. 58395.]
Task is 56.00% complete.
t1_sim:[65566. 65963. 59139.] t2_sim:[61762. 62031. 60786.]
Task is 57.00% complete.
t1_sim:[63735. 64930. 58992.] t2_sim:[60626. 61072. 58630.]
Task is 58.00% complete.
t1_sim:[62760. 63850. 59304.] t2_sim:[64201. 63992. 61424.]
Task is 59.00% complete.
t1_sim:[57361. 58689. 52534.] t2_sim:[62348. 62829. 59011.]
Task is 60.00% complete.
t1_sim:[60042. 61940. 54930.] t2_sim:[61676. 61982. 58694.]
Task is 61.00% complete.
t1_sim:[62113. 62063. 56786.] t2_sim:[63096. 63598. 59568.]
Task is 62.00% complete.
t1_sim:[67762. 69771. 64234.] t2_sim:[59884. 59087. 56748.]
Task is 63.00% complete.
t1_sim:[64405. 64384. 59157.] t2_sim:[57212. 58088. 54632.]
Task is 64.00% complete.
t1_sim:[60354. 61623. 54718.] t2_sim:[64590. 64181. 62422.]
Task is 65.00% complete.
t1_sim:[62923. 63392. 57069.] t2_sim:[65861. 67348. 61319.]
Task is 66.00% complete.
t1_sim:[61059. 60898. 56992.] t2_sim:[58910. 59250. 57848.]
Task is 67.00% complete.
t1_sim:[57228. 57783. 52815.] t2_sim:[65174. 63649. 62045.]
Task is 68.00% complete.
t1_sim:[62577. 63409. 57155.] t2_sim:[65293. 62996. 61571.]
Task is 69.00% complete.
t1_sim:[61314. 61011. 56721.] t2_sim:[61385. 61665. 59833.]
Task is 70.00% complete.
t1_sim:[64989. 65276. 58949.] t2_sim:[63253. 63180. 60036.]
Task is 71.00% complete.
t1_sim:[65369. 66444. 60015.] t2_sim:[57827. 56308. 53648.]
Task is 72.00% complete.
t1_sim:[62152. 61346. 55410.] t2_sim:[63565. 63195. 59950.]
Task is 73.00% complete.
t1_sim:[61563. 61036. 55904.] t2_sim:[68442. 67272. 65145.]
Task is 74.00% complete.
t1_sim:[60843. 61983. 56277.] t2_sim:[58037. 59744. 56923.]
Task is 75.00% complete.
t1_sim:[65426. 66132. 59955.] t2_sim:[60010. 61336. 59288.]
Task is 76.00% complete.
t1_sim:[67043. 65194. 59801.] t2_sim:[59689. 59763. 54869.]
Task is 77.00% complete.
t1_sim:[61318. 59693. 52919.] t2_sim:[61070. 61020. 59099.]
Task is 78.00% complete.
t1_sim:[68099. 68451. 63412.] t2_sim:[63339. 64455. 62489.]
Task is 79.00% complete.
t1_sim:[65434. 65937. 60947.] t2_sim:[64603. 64227. 62385.]
Task is 80.00% complete.
t1_sim:[64365. 64412. 60090.] t2_sim:[55433. 56058. 53782.]
Task is 81.00% complete.
t1_sim:[60456. 60842. 55166.] t2_sim:[63093. 62494. 59350.]
Task is 82.00% complete.
t1_sim:[65750. 66341. 59517.] t2_sim:[60799. 60698. 58278.]
Task is 83.00% complete.
t1_sim:[66517. 65477. 59033.] t2_sim:[57625. 59470. 56166.]
Task is 84.00% complete.
t1_sim:[59360. 58052. 52825.] t2_sim:[60513. 61592. 58512.]
Task is 85.00% complete.
t1_sim:[62655. 62745. 54832.] t2_sim:[69606. 70042. 67232.]
Task is 86.00% complete.
t1_sim:[66216. 65730. 60166.] t2_sim:[64776. 65381. 60931.]
Task is 87.00% complete.
t1_sim:[65310. 64950. 59895.] t2_sim:[61868. 62306. 58802.]
Task is 88.00% complete.
t1_sim:[57560. 57901. 51421.] t2_sim:[63788. 63651. 61582.]
Task is 89.00% complete.
t1_sim:[64611. 62715. 59108.] t2_sim:[59418. 60016. 58053.]
Task is 90.00% complete.
t1_sim:[62611. 61305. 57469.] t2_sim:[60198. 61125. 58241.]
Task is 91.00% complete.
t1_sim:[62868. 63789. 56761.] t2_sim:[69040. 69148. 66925.]
Task is 92.00% complete.
t1_sim:[61637. 63024. 56405.] t2_sim:[67197. 66599. 62010.]
Task is 93.00% complete.
t1_sim:[58011. 58637. 53229.] t2_sim:[62957. 62656. 59589.]
Task is 94.00% complete.
t1_sim:[66383. 65889. 58888.] t2_sim:[59113. 60273. 55054.]
Task is 95.00% complete.
t1_sim:[56276. 56197. 49390.] t2_sim:[59416. 60372. 57083.]
Task is 96.00% complete.
t1_sim:[64836. 65840. 60943.] t2_sim:[65028. 64400. 61601.]
Task is 97.00% complete.
t1_sim:[62703. 62686. 57006.] t2_sim:[63212. 61635. 60346.]
Task is 98.00% complete.
t1_sim:[65832. 66255. 59607.] t2_sim:[59617. 59285. 54943.]
Task is 99.00% complete.
t1_sim:[63394. 63636. 55829.] t2_sim:[61136. 61301. 57164.]
Finished
