/scratch/jz4721/Post-prediction-Causal-Inference/venv/lib/python3.8/site-packages/numpy/core/getlimits.py:518: UserWarning: The value of the smallest subnormal for <class 'numpy.float64'> type is zero.
  setattr(self, word, getattr(machar, word).flat[0])
/scratch/jz4721/Post-prediction-Causal-Inference/venv/lib/python3.8/site-packages/numpy/core/getlimits.py:89: UserWarning: The value of the smallest subnormal for <class 'numpy.float64'> type is zero.
  return self._float_to_str(self.smallest_subnormal)
/scratch/jz4721/Post-prediction-Causal-Inference/venv/lib/python3.8/site-packages/numpy/core/getlimits.py:518: UserWarning: The value of the smallest subnormal for <class 'numpy.float32'> type is zero.
  setattr(self, word, getattr(machar, word).flat[0])
/scratch/jz4721/Post-prediction-Causal-Inference/venv/lib/python3.8/site-packages/numpy/core/getlimits.py:89: UserWarning: The value of the smallest subnormal for <class 'numpy.float32'> type is zero.
  return self._float_to_str(self.smallest_subnormal)
Begin
Training start
t1_obs:[array(92800.), array(84645.), array(68273.)] t2_obs:[array(93288.), array(84625.), array(73487.)]
corr_G1:[None, None, -3.3644930396835874e-18] corr_G2:[None, None, -3.448178945970511e-17]
Training end
Task is 0.00% complete.
t1_sim:[57652. 57798. 56064.] t2_sim:[60291. 60237. 61163.]
Task is 1.00% complete.
t1_sim:[64973. 65136. 64251.] t2_sim:[65092. 65497. 64979.]
Task is 2.00% complete.
t1_sim:[69878. 68969. 69240.] t2_sim:[62618. 62998. 62031.]
Task is 3.00% complete.
t1_sim:[61427. 61049. 62009.] t2_sim:[63789. 64024. 63845.]
Task is 4.00% complete.
t1_sim:[67595. 68175. 66939.] t2_sim:[55767. 55957. 56593.]
Task is 5.00% complete.
t1_sim:[63047. 64206. 63849.] t2_sim:[61740. 61214. 60532.]
Task is 6.00% complete.
t1_sim:[66965. 68279. 67172.] t2_sim:[65140. 65932. 65414.]
Task is 7.00% complete.
t1_sim:[65478. 65063. 65219.] t2_sim:[67022. 66410. 67756.]
Task is 8.00% complete.
t1_sim:[68358. 68347. 67356.] t2_sim:[61304. 61963. 60755.]
Task is 9.00% complete.
t1_sim:[60233. 61037. 60284.] t2_sim:[60819. 61365. 62685.]
Task is 10.00% complete.
t1_sim:[61115. 59738. 61843.] t2_sim:[65257. 64824. 65250.]
Task is 11.00% complete.
t1_sim:[62647. 63254. 64225.] t2_sim:[67108. 66487. 67448.]
Task is 12.00% complete.
t1_sim:[61242. 62437. 62779.] t2_sim:[61076. 61561. 60547.]
Task is 13.00% complete.
t1_sim:[64314. 65585. 63671.] t2_sim:[62619. 64214. 63891.]
Task is 14.00% complete.
t1_sim:[66283. 65989. 64977.] t2_sim:[59210. 58464. 58898.]
Task is 15.00% complete.
t1_sim:[57442. 56805. 58709.] t2_sim:[64738. 64430. 62606.]
Task is 16.00% complete.
t1_sim:[64349. 64386. 64013.] t2_sim:[64857. 66247. 65210.]
Task is 17.00% complete.
t1_sim:[68818. 70143. 68410.] t2_sim:[63778. 64440. 64251.]
Task is 18.00% complete.
t1_sim:[59542. 59135. 60531.] t2_sim:[62477. 61262. 61405.]
Task is 19.00% complete.
t1_sim:[63918. 63452. 63638.] t2_sim:[66648. 66683. 65875.]
Task is 20.00% complete.
t1_sim:[61741. 61011. 60444.] t2_sim:[63257. 63747. 61725.]
Task is 21.00% complete.
t1_sim:[63419. 64574. 60603.] t2_sim:[56304. 56366. 57336.]
Task is 22.00% complete.
t1_sim:[59479. 59541. 60446.] t2_sim:[68842. 67796. 68065.]
Task is 23.00% complete.
t1_sim:[59108. 58760. 60779.] t2_sim:[63439. 62901. 59820.]
Task is 24.00% complete.
t1_sim:[59485. 58565. 56985.] t2_sim:[63129. 63006. 62050.]
Task is 25.00% complete.
t1_sim:[61842. 60519. 60057.] t2_sim:[57642. 57260. 56839.]
Task is 26.00% complete.
t1_sim:[60213. 60255. 59889.] t2_sim:[54289. 55364. 54315.]
Task is 27.00% complete.
t1_sim:[66461. 65912. 64093.] t2_sim:[58461. 58649. 57024.]
Task is 28.00% complete.
t1_sim:[66315. 66291. 65738.] t2_sim:[63149. 63306. 65002.]
Task is 29.00% complete.
t1_sim:[56943. 57231. 57929.] t2_sim:[60849. 62294. 60143.]
Task is 30.00% complete.
t1_sim:[64897. 64611. 66977.] t2_sim:[66157. 67035. 67497.]
Task is 31.00% complete.
t1_sim:[68559. 69008. 70501.] t2_sim:[61384. 61789. 63684.]
Task is 32.00% complete.
t1_sim:[69396. 70398. 69067.] t2_sim:[66299. 65596. 66060.]
Task is 33.00% complete.
t1_sim:[60466. 60655. 63900.] t2_sim:[62343. 62243. 62699.]
Task is 34.00% complete.
t1_sim:[60959. 61229. 60060.] t2_sim:[56895. 55175. 57262.]
Task is 35.00% complete.
t1_sim:[62925. 61654. 65380.] t2_sim:[63366. 63747. 64803.]
Task is 36.00% complete.
t1_sim:[58139. 58174. 60712.] t2_sim:[64157. 65720. 61221.]
Task is 37.00% complete.
t1_sim:[65923. 64809. 65794.] t2_sim:[60402. 60446. 58338.]
Task is 38.00% complete.
t1_sim:[63092. 64480. 67555.] t2_sim:[60735. 61745. 62357.]
Task is 39.00% complete.
t1_sim:[61106. 61129. 60872.] t2_sim:[63189. 63649. 63128.]
Task is 40.00% complete.
t1_sim:[64517. 65849. 67838.] t2_sim:[68645. 68809. 68798.]
Task is 41.00% complete.
t1_sim:[65215. 65075. 68692.] t2_sim:[66213. 66775. 65474.]
Task is 42.00% complete.
t1_sim:[65333. 63833. 62436.] t2_sim:[58006. 58366. 55778.]
Task is 43.00% complete.
t1_sim:[67720. 67692. 65891.] t2_sim:[66379. 65594. 63443.]
Task is 44.00% complete.
t1_sim:[61454. 61428. 61719.] t2_sim:[64820. 64236. 64844.]
Task is 45.00% complete.
t1_sim:[65938. 65621. 64957.] t2_sim:[64527. 65850. 64731.]
Task is 46.00% complete.
t1_sim:[63772. 63463. 64512.] t2_sim:[64451. 64064. 64172.]
Task is 47.00% complete.
t1_sim:[68425. 68870. 66908.] t2_sim:[62528. 63492. 61423.]
Task is 48.00% complete.
t1_sim:[64855. 64330. 65143.] t2_sim:[61998. 61158. 63550.]
Task is 49.00% complete.
t1_sim:[64411. 63305. 64810.] t2_sim:[67508. 67206. 66436.]
Task is 50.00% complete.
t1_sim:[63087. 61987. 64101.] t2_sim:[61323. 62084. 62356.]
Task is 51.00% complete.
t1_sim:[63359. 63967. 61093.] t2_sim:[61435. 60732. 62132.]
Task is 52.00% complete.
t1_sim:[67536. 67388. 65674.] t2_sim:[63923. 65623. 68004.]
Task is 53.00% complete.
t1_sim:[59894. 59297. 61373.] t2_sim:[61102. 61567. 61982.]
Task is 54.00% complete.
t1_sim:[57056. 55551. 58358.] t2_sim:[68383. 67787. 67826.]
Task is 55.00% complete.
t1_sim:[65963. 65732. 68760.] t2_sim:[62870. 62338. 61051.]
Task is 56.00% complete.
t1_sim:[64070. 62684. 66002.] t2_sim:[65490. 64652. 66866.]
Task is 57.00% complete.
t1_sim:[61566. 61604. 60064.] t2_sim:[66928. 67131. 67742.]
Task is 58.00% complete.
t1_sim:[58000. 58314. 59833.] t2_sim:[69500. 67979. 68014.]
Task is 59.00% complete.
t1_sim:[66327. 66535. 65401.] t2_sim:[61716. 60304. 61280.]
Task is 60.00% complete.
t1_sim:[64765. 65749. 63078.] t2_sim:[65468. 65006. 68767.]
Task is 61.00% complete.
t1_sim:[65801. 65986. 65846.] t2_sim:[64637. 65030. 64115.]
Task is 62.00% complete.
t1_sim:[64132. 62810. 64261.] t2_sim:[57534. 56788. 56900.]
Task is 63.00% complete.
t1_sim:[66035. 66259. 66851.] t2_sim:[67210. 66353. 63171.]
Task is 64.00% complete.
t1_sim:[61659. 62410. 62946.] t2_sim:[65285. 64523. 66560.]
Task is 65.00% complete.
t1_sim:[59440. 59284. 60276.] t2_sim:[58606. 58444. 58326.]
Task is 66.00% complete.
t1_sim:[63608. 63838. 66667.] t2_sim:[61932. 61985. 60867.]
Task is 67.00% complete.
t1_sim:[62375. 62362. 63095.] t2_sim:[59426. 60416. 60014.]
Task is 68.00% complete.
t1_sim:[54648. 54943. 56612.] t2_sim:[61863. 60811. 59883.]
Task is 69.00% complete.
t1_sim:[67573. 68157. 69270.] t2_sim:[60557. 61565. 58978.]
Task is 70.00% complete.
t1_sim:[62362. 61700. 60121.] t2_sim:[67705. 67556. 66141.]
Task is 71.00% complete.
t1_sim:[62422. 62221. 65148.] t2_sim:[70645. 68752. 70863.]
Task is 72.00% complete.
t1_sim:[66102. 65446. 62767.] t2_sim:[60550. 60907. 63529.]
Task is 73.00% complete.
t1_sim:[60379. 62098. 58424.] t2_sim:[66876. 67740. 67163.]
Task is 74.00% complete.
t1_sim:[63616. 63950. 61677.] t2_sim:[60695. 59695. 59407.]
Task is 75.00% complete.
t1_sim:[62773. 62335. 61189.] t2_sim:[64531. 65360. 65232.]
Task is 76.00% complete.
t1_sim:[60713. 62059. 64610.] t2_sim:[60849. 61302. 60951.]
Task is 77.00% complete.
t1_sim:[66741. 67191. 70341.] t2_sim:[65113. 65763. 66750.]
Task is 78.00% complete.
t1_sim:[62897. 62889. 61568.] t2_sim:[65969. 66842. 65936.]
Task is 79.00% complete.
t1_sim:[65152. 65223. 67364.] t2_sim:[65607. 65436. 66727.]
Task is 80.00% complete.
t1_sim:[55146. 55394. 56120.] t2_sim:[59562. 59788. 59197.]
Task is 81.00% complete.
t1_sim:[62217. 61477. 65583.] t2_sim:[60673. 61262. 59021.]
Task is 82.00% complete.
t1_sim:[65871. 64924. 65954.] t2_sim:[61430. 61891. 59104.]
Task is 83.00% complete.
t1_sim:[57580. 57616. 58008.] t2_sim:[63686. 63395. 62934.]
Task is 84.00% complete.
t1_sim:[62671. 62123. 63132.] t2_sim:[59583. 60684. 59086.]
Task is 85.00% complete.
t1_sim:[59778. 58916. 59686.] t2_sim:[55765. 56345. 58384.]
Task is 86.00% complete.
t1_sim:[65382. 65459. 69679.] t2_sim:[66663. 66486. 68209.]
Task is 87.00% complete.
t1_sim:[65036. 64481. 62894.] t2_sim:[63231. 64165. 62411.]
Task is 88.00% complete.
t1_sim:[61732. 62758. 63352.] t2_sim:[63962. 64262. 62593.]
Task is 89.00% complete.
t1_sim:[64836. 65307. 65646.] t2_sim:[65673. 64051. 66058.]
Task is 90.00% complete.
t1_sim:[58454. 58749. 62910.] t2_sim:[65473. 64937. 64255.]
Task is 91.00% complete.
t1_sim:[67398. 66318. 66826.] t2_sim:[56822. 56686. 59694.]
Task is 92.00% complete.
t1_sim:[60185. 58971. 61538.] t2_sim:[56304. 57214. 59635.]
Task is 93.00% complete.
t1_sim:[61521. 60980. 61698.] t2_sim:[62490. 62688. 62385.]
Task is 94.00% complete.
t1_sim:[68207. 67929. 65973.] t2_sim:[59053. 59824. 60982.]
Task is 95.00% complete.
t1_sim:[62343. 63552. 64469.] t2_sim:[63311. 62313. 62451.]
Task is 96.00% complete.
t1_sim:[65265. 64362. 66737.] t2_sim:[57310. 57054. 58364.]
Task is 97.00% complete.
t1_sim:[59430. 59408. 63394.] t2_sim:[58869. 57519. 55409.]
Task is 98.00% complete.
t1_sim:[63008. 62246. 61745.] t2_sim:[63404. 63179. 60607.]
Task is 99.00% complete.
t1_sim:[61964. 61934. 61677.] t2_sim:[62265. 62054. 63058.]
Training start
t1_obs:[array(92800.), array(84645.), array(73643.)] t2_obs:[array(93288.), array(84625.), array(77817.)]
corr_G1:[None, None, 0.999171702046543] corr_G2:[None, None, 0.647210653668526]
Training end
Task is 0.00% complete.
t1_sim:[66886. 66894. 66417.] t2_sim:[72223. 71881. 70682.]
Task is 1.00% complete.
t1_sim:[62574. 62208. 62106.] t2_sim:[60721. 60723. 57623.]
Task is 2.00% complete.
t1_sim:[65493. 66771. 64150.] t2_sim:[59496. 59414. 57670.]
Task is 3.00% complete.
t1_sim:[60508. 59039. 60472.] t2_sim:[61781. 61817. 59624.]
Task is 4.00% complete.
t1_sim:[64818. 65513. 64785.] t2_sim:[64433. 64547. 62097.]
Task is 5.00% complete.
t1_sim:[61227. 62017. 59877.] t2_sim:[62183. 59934. 57344.]
Task is 6.00% complete.
t1_sim:[67055. 66764. 65647.] t2_sim:[65473. 65119. 62256.]
Task is 7.00% complete.
t1_sim:[56104. 56502. 56747.] t2_sim:[64507. 63310. 59977.]
Task is 8.00% complete.
t1_sim:[60867. 61987. 60698.] t2_sim:[67268. 66531. 64339.]
Task is 9.00% complete.
t1_sim:[57598. 56863. 57672.] t2_sim:[62510. 63175. 60253.]
Task is 10.00% complete.
t1_sim:[57648. 58708. 59221.] t2_sim:[65054. 64445. 62415.]
Task is 11.00% complete.
t1_sim:[62704. 62693. 65163.] t2_sim:[64615. 65841. 64351.]
Task is 12.00% complete.
t1_sim:[61805. 60135. 59603.] t2_sim:[67212. 66079. 63114.]
Task is 13.00% complete.
t1_sim:[65091. 66139. 67320.] t2_sim:[67308. 67068. 64801.]
Task is 14.00% complete.
t1_sim:[60237. 60268. 61658.] t2_sim:[61688. 61667. 60726.]
Task is 15.00% complete.
t1_sim:[67860. 66242. 64819.] t2_sim:[60205. 60626. 59013.]
Task is 16.00% complete.
t1_sim:[53517. 53856. 52914.] t2_sim:[65241. 65402. 62071.]
Task is 17.00% complete.
t1_sim:[64412. 64722. 66123.] t2_sim:[63497. 62950. 60067.]
Task is 18.00% complete.
t1_sim:[62819. 63480. 62400.] t2_sim:[61946. 61515. 58588.]
Task is 19.00% complete.
t1_sim:[63548. 63985. 63674.] t2_sim:[56722. 57023. 53501.]
Task is 20.00% complete.
t1_sim:[60165. 59901. 61733.] t2_sim:[64575. 64488. 60985.]
Task is 21.00% complete.
t1_sim:[62108. 61683. 62348.] t2_sim:[61687. 62853. 60733.]
Task is 22.00% complete.
t1_sim:[60930. 60878. 59798.] t2_sim:[62461. 63144. 60259.]
Task is 23.00% complete.
t1_sim:[67255. 65643. 65924.] t2_sim:[58255. 57837. 55102.]
Task is 24.00% complete.
t1_sim:[66581. 66735. 66125.] t2_sim:[62608. 62961. 61955.]
Task is 25.00% complete.
t1_sim:[59348. 59713. 58523.] t2_sim:[59576. 58370. 55569.]
Task is 26.00% complete.
t1_sim:[60975. 62094. 63661.] t2_sim:[66944. 66180. 62571.]
Task is 27.00% complete.
t1_sim:[63043. 62308. 61950.] t2_sim:[68314. 67177. 65356.]
Task is 28.00% complete.
t1_sim:[62595. 62362. 62640.] t2_sim:[58836. 59285. 56385.]
Task is 29.00% complete.
t1_sim:[63422. 63858. 61876.] t2_sim:[61595. 61854. 58786.]
Task is 30.00% complete.
t1_sim:[70310. 69491. 70650.] t2_sim:[64458. 64025. 61825.]
Task is 31.00% complete.
t1_sim:[64029. 62303. 62418.] t2_sim:[60370. 61381. 59549.]
Task is 32.00% complete.
t1_sim:[62352. 63780. 63077.] t2_sim:[63837. 64919. 63538.]
Task is 33.00% complete.
t1_sim:[64945. 64411. 66437.] t2_sim:[64161. 64797. 62276.]
Task is 34.00% complete.
t1_sim:[62527. 62262. 61789.] t2_sim:[65108. 65133. 63071.]
Task is 35.00% complete.
t1_sim:[65597. 65010. 65581.] t2_sim:[65006. 62279. 58991.]
Task is 36.00% complete.
t1_sim:[59427. 61017. 61035.] t2_sim:[60954. 61708. 57940.]
Task is 37.00% complete.
t1_sim:[58044. 56917. 56263.] t2_sim:[59600. 59854. 56145.]
Task is 38.00% complete.
t1_sim:[60079. 60377. 62016.] t2_sim:[61017. 61918. 60869.]
Task is 39.00% complete.
t1_sim:[60508. 61406. 60252.] t2_sim:[62409. 62389. 60992.]
Task is 40.00% complete.
t1_sim:[64683. 64601. 64153.] t2_sim:[65527. 65686. 64243.]
Task is 41.00% complete.
t1_sim:[65862. 66569. 66593.] t2_sim:[64610. 64777. 61400.]
Task is 42.00% complete.
t1_sim:[61200. 62196. 61172.] t2_sim:[60359. 61208. 57037.]
Task is 43.00% complete.
t1_sim:[64129. 65345. 64432.] t2_sim:[60739. 60751. 58389.]
Task is 44.00% complete.
t1_sim:[56759. 57805. 57289.] t2_sim:[64031. 62962. 60847.]
Task is 45.00% complete.
t1_sim:[59385. 59402. 58277.] t2_sim:[61052. 60896. 59256.]
Task is 46.00% complete.
t1_sim:[61803. 61074. 63040.] t2_sim:[59903. 59496. 56834.]
Task is 47.00% complete.
t1_sim:[57253. 57318. 57752.] t2_sim:[60777. 60914. 58808.]
Task is 48.00% complete.
t1_sim:[63278. 63475. 60832.] t2_sim:[64152. 63624. 61471.]
Task is 49.00% complete.
t1_sim:[66629. 67279. 67614.] t2_sim:[68878. 69489. 65946.]
Task is 50.00% complete.
t1_sim:[67893. 69080. 67611.] t2_sim:[60165. 59824. 57181.]
Task is 51.00% complete.
t1_sim:[64420. 64739. 63583.] t2_sim:[56800. 57910. 55078.]
Task is 52.00% complete.
t1_sim:[61886. 61599. 61077.] t2_sim:[54355. 54045. 51499.]
Task is 53.00% complete.
t1_sim:[61319. 62423. 60492.] t2_sim:[60786. 60390. 57823.]
Task is 54.00% complete.
t1_sim:[65678. 64490. 65596.] t2_sim:[63943. 63614. 61680.]
Task is 55.00% complete.
t1_sim:[66327. 65881. 67764.] t2_sim:[58985. 59372. 56721.]
Task is 56.00% complete.
t1_sim:[62962. 60945. 61004.] t2_sim:[67032. 65209. 61041.]
Task is 57.00% complete.
t1_sim:[67711. 66554. 66978.] t2_sim:[60211. 60514. 57384.]
Task is 58.00% complete.
t1_sim:[60665. 59864. 57555.] t2_sim:[60685. 60034. 56359.]
Task is 59.00% complete.
t1_sim:[62697. 62109. 60389.] t2_sim:[62002. 61045. 58689.]
Task is 60.00% complete.
t1_sim:[61121. 62309. 62384.] t2_sim:[66029. 65417. 62842.]
Task is 61.00% complete.
t1_sim:[66912. 65233. 65891.] t2_sim:[62080. 62181. 59770.]
Task is 62.00% complete.
t1_sim:[64513. 63821. 64664.] t2_sim:[68509. 67444. 65042.]
Task is 63.00% complete.
t1_sim:[61672. 61837. 60560.] t2_sim:[57203. 57257. 54879.]
Task is 64.00% complete.
t1_sim:[63575. 62680. 62760.] t2_sim:[63518. 63132. 61124.]
Task is 65.00% complete.
t1_sim:[64797. 66288. 67881.] t2_sim:[61058. 61577. 57827.]
Task is 66.00% complete.
t1_sim:[69088. 69353. 68030.] t2_sim:[59152. 58970. 56851.]
Task is 67.00% complete.
t1_sim:[63292. 62668. 63524.] t2_sim:[60306. 61183. 59335.]
Task is 68.00% complete.
t1_sim:[66030. 66695. 66847.] t2_sim:[65586. 66631. 65681.]
Task is 69.00% complete.
t1_sim:[60063. 61483. 64107.] t2_sim:[60722. 60870. 57165.]
Task is 70.00% complete.
t1_sim:[65127. 65204. 63812.] t2_sim:[60019. 61570. 60578.]
Task is 71.00% complete.
t1_sim:[64160. 62662. 60573.] t2_sim:[59620. 60588. 58706.]
Task is 72.00% complete.
t1_sim:[64339. 63035. 62860.] t2_sim:[63554. 61106. 59921.]
Task is 73.00% complete.
t1_sim:[64262. 63590. 64143.] t2_sim:[68503. 68959. 65714.]
Task is 74.00% complete.
t1_sim:[61528. 61543. 62001.] t2_sim:[69009. 68902. 66166.]
Task is 75.00% complete.
t1_sim:[66976. 66376. 67253.] t2_sim:[57676. 58276. 55161.]
Task is 76.00% complete.
t1_sim:[68018. 66589. 67655.] t2_sim:[62162. 61688. 59601.]
Task is 77.00% complete.
t1_sim:[64241. 63891. 62300.] t2_sim:[61621. 61860. 59630.]
Task is 78.00% complete.
t1_sim:[62743. 63673. 63102.] t2_sim:[58847. 59068. 57312.]
Task is 79.00% complete.
t1_sim:[62277. 61389. 61095.] t2_sim:[61005. 62276. 60981.]
Task is 80.00% complete.
t1_sim:[66499. 65347. 65499.] t2_sim:[59819. 60922. 58031.]
Task is 81.00% complete.
t1_sim:[63054. 64916. 65418.] t2_sim:[62166. 61716. 60350.]
Task is 82.00% complete.
t1_sim:[63670. 64332. 64966.] t2_sim:[64927. 64986. 60826.]
Task is 83.00% complete.
t1_sim:[59693. 59793. 58942.] t2_sim:[60132. 59288. 57611.]
Task is 84.00% complete.
t1_sim:[65408. 66963. 66993.] t2_sim:[61912. 61333. 59144.]
Task is 85.00% complete.
t1_sim:[60393. 61126. 61169.] t2_sim:[62017. 60561. 57672.]
Task is 86.00% complete.
t1_sim:[56184. 57172. 57694.] t2_sim:[62252. 61508. 58724.]
Task is 87.00% complete.
t1_sim:[59083. 58367. 57502.] t2_sim:[62437. 63240. 60681.]
Task is 88.00% complete.
t1_sim:[60557. 61117. 61382.] t2_sim:[63997. 62942. 60583.]
Task is 89.00% complete.
t1_sim:[62139. 63830. 62048.] t2_sim:[59165. 59246. 56710.]
Task is 90.00% complete.
t1_sim:[60347. 60598. 61157.] t2_sim:[60166. 60350. 57697.]
Task is 91.00% complete.
t1_sim:[62528. 61583. 62311.] t2_sim:[64507. 64389. 62320.]
Task is 92.00% complete.
t1_sim:[66164. 65635. 65108.] t2_sim:[61903. 62057. 59819.]
Task is 93.00% complete.
t1_sim:[55630. 55176. 54400.] t2_sim:[60873. 61405. 57263.]
Task is 94.00% complete.
t1_sim:[62732. 63908. 63692.] t2_sim:[60808. 61338. 58602.]
Task is 95.00% complete.
t1_sim:[66075. 65481. 66686.] t2_sim:[64242. 65351. 62276.]
Task is 96.00% complete.
t1_sim:[63440. 63974. 64688.] t2_sim:[64968. 65000. 62470.]
Task is 97.00% complete.
t1_sim:[62447. 63220. 63406.] t2_sim:[61498. 61714. 59934.]
Task is 98.00% complete.
t1_sim:[60940. 61586. 62076.] t2_sim:[62916. 63843. 61116.]
Task is 99.00% complete.
t1_sim:[61716. 61068. 58883.] t2_sim:[57079. 56964. 55448.]
Training start
t1_obs:[array(92800.), array(84645.), array(69086.)] t2_obs:[array(93288.), array(84625.), array(73752.)]
corr_G1:[None, None, 0.15358032035108743] corr_G2:[None, None, 0.20136502970016334]
Training end
Task is 0.00% complete.
t1_sim:[63294. 63733. 65669.] t2_sim:[57815. 57804. 56686.]
Task is 1.00% complete.
t1_sim:[64981. 66382. 62962.] t2_sim:[67365. 66571. 64750.]
Task is 2.00% complete.
t1_sim:[53947. 54898. 55269.] t2_sim:[61660. 61741. 62441.]
Task is 3.00% complete.
t1_sim:[65437. 64753. 64361.] t2_sim:[66457. 66264. 65195.]
Task is 4.00% complete.
t1_sim:[59429. 59263. 61490.] t2_sim:[57783. 57407. 56192.]
Task is 5.00% complete.
t1_sim:[61452. 61044. 62153.] t2_sim:[64473. 65670. 66560.]
Task is 6.00% complete.
t1_sim:[61003. 59543. 55977.] t2_sim:[65124. 65773. 67628.]
Task is 7.00% complete.
t1_sim:[61175. 61514. 60329.] t2_sim:[59505. 60747. 59770.]
Task is 8.00% complete.
t1_sim:[64110. 62571. 60741.] t2_sim:[62188. 62044. 59012.]
Task is 9.00% complete.
t1_sim:[64826. 62921. 62644.] t2_sim:[61482. 61485. 62652.]
Task is 10.00% complete.
t1_sim:[64297. 64572. 65685.] t2_sim:[70478. 70997. 67995.]
Task is 11.00% complete.
t1_sim:[62877. 63047. 62844.] t2_sim:[60942. 60381. 60953.]
Task is 12.00% complete.
t1_sim:[61509. 61757. 62203.] t2_sim:[62862. 62766. 64635.]
Task is 13.00% complete.
t1_sim:[67609. 68176. 66622.] t2_sim:[65534. 66035. 67536.]
Task is 14.00% complete.
t1_sim:[64842. 64552. 64132.] t2_sim:[67057. 67845. 65003.]
Task is 15.00% complete.
t1_sim:[67530. 65698. 65014.] t2_sim:[58409. 59020. 58026.]
Task is 16.00% complete.
t1_sim:[60739. 61239. 62696.] t2_sim:[58823. 60316. 59491.]
Task is 17.00% complete.
t1_sim:[62633. 62808. 62210.] t2_sim:[65003. 65269. 63165.]
Task is 18.00% complete.
t1_sim:[57794. 57255. 57692.] t2_sim:[58659. 59150. 58371.]
Task is 19.00% complete.
t1_sim:[57939. 57508. 57661.] t2_sim:[62303. 63107. 64678.]
Task is 20.00% complete.
t1_sim:[63573. 64370. 64933.] t2_sim:[56515. 55641. 55495.]
Task is 21.00% complete.
t1_sim:[57519. 56746. 59116.] t2_sim:[58833. 59678. 58122.]
Task is 22.00% complete.
t1_sim:[59108. 59064. 59626.] t2_sim:[64060. 64251. 64658.]
Task is 23.00% complete.
t1_sim:[62487. 61874. 61793.] t2_sim:[68281. 69315. 70294.]
Task is 24.00% complete.
t1_sim:[64192. 64475. 63221.] t2_sim:[65316. 64100. 61856.]
Task is 25.00% complete.
t1_sim:[62324. 60264. 61324.] t2_sim:[62826. 63389. 62473.]
Task is 26.00% complete.
t1_sim:[69299. 69722. 71282.] t2_sim:[70029. 69433. 65870.]
Task is 27.00% complete.
t1_sim:[64505. 64226. 64192.] t2_sim:[65958. 65405. 62534.]
Task is 28.00% complete.
t1_sim:[61128. 62236. 60828.] t2_sim:[61047. 61329. 58288.]
Task is 29.00% complete.
t1_sim:[59839. 60491. 60081.] t2_sim:[59596. 60080. 61561.]
Task is 30.00% complete.
t1_sim:[67112. 67629. 67862.] t2_sim:[64350. 66482. 65729.]
Task is 31.00% complete.
t1_sim:[57785. 58788. 61397.] t2_sim:[64817. 64662. 63266.]
Task is 32.00% complete.
t1_sim:[64605. 63409. 65076.] t2_sim:[55435. 56035. 54269.]
Task is 33.00% complete.
t1_sim:[64228. 63528. 65116.] t2_sim:[63928. 64370. 64846.]
Task is 34.00% complete.
t1_sim:[62087. 62762. 62735.] t2_sim:[64445. 62723. 59709.]
Task is 35.00% complete.
t1_sim:[65991. 66536. 66418.] t2_sim:[62098. 61176. 60619.]
Task is 36.00% complete.
t1_sim:[59014. 59969. 59183.] t2_sim:[64383. 63505. 63113.]
Task is 37.00% complete.
t1_sim:[62206. 60813. 59650.] t2_sim:[68841. 68541. 66056.]
Task is 38.00% complete.
t1_sim:[63901. 64474. 63166.] t2_sim:[62858. 64260. 63360.]
Task is 39.00% complete.
t1_sim:[63955. 64922. 63923.] t2_sim:[63441. 63702. 61405.]
Task is 40.00% complete.
t1_sim:[60833. 60454. 58357.] t2_sim:[63104. 61863. 64327.]
Task is 41.00% complete.
t1_sim:[68786. 68458. 66622.] t2_sim:[59931. 59816. 58858.]
Task is 42.00% complete.
t1_sim:[62020. 60574. 60852.] t2_sim:[63366. 63284. 62561.]
Task is 43.00% complete.
t1_sim:[58225. 57894. 57327.] t2_sim:[62923. 63045. 60962.]
Task is 44.00% complete.
t1_sim:[60939. 60817. 60743.] t2_sim:[63743. 63707. 63225.]
Task is 45.00% complete.
t1_sim:[56762. 57059. 57823.] t2_sim:[64772. 64283. 62693.]
Task is 46.00% complete.
t1_sim:[67453. 67515. 68610.] t2_sim:[62826. 63371. 61953.]
Task is 47.00% complete.
t1_sim:[64801. 64626. 64261.] t2_sim:[59583. 60448. 61500.]
Task is 48.00% complete.
t1_sim:[64051. 64042. 63399.] t2_sim:[63317. 63677. 61984.]
Task is 49.00% complete.
t1_sim:[62113. 60939. 57730.] t2_sim:[60596. 60213. 59545.]
Task is 50.00% complete.
t1_sim:[70996. 71968. 73501.] t2_sim:[68371. 69262. 69155.]
Task is 51.00% complete.
t1_sim:[64421. 64731. 64830.] t2_sim:[62495. 62550. 60867.]
Task is 52.00% complete.
t1_sim:[64850. 64430. 64589.] t2_sim:[59865. 59802. 58669.]
Task is 53.00% complete.
t1_sim:[62137. 62885. 61455.] t2_sim:[56161. 57294. 57917.]
Task is 54.00% complete.
t1_sim:[64259. 63811. 65933.] t2_sim:[62435. 62805. 61075.]
Task is 55.00% complete.
t1_sim:[63407. 63117. 62167.] t2_sim:[66174. 66234. 67574.]
Task is 56.00% complete.
t1_sim:[59579. 60425. 59471.] t2_sim:[57676. 58225. 57853.]
Task is 57.00% complete.
t1_sim:[63865. 63145. 62537.] t2_sim:[64340. 64033. 62448.]
Task is 58.00% complete.
t1_sim:[63296. 63330. 60964.] t2_sim:[66189. 66005. 65933.]
Task is 59.00% complete.
t1_sim:[58693. 58768. 59376.] t2_sim:[62509. 62942. 64620.]
Task is 60.00% complete.
t1_sim:[60719. 61162. 62605.] t2_sim:[64632. 63683. 60728.]
Task is 61.00% complete.
t1_sim:[62846. 61637. 65020.] t2_sim:[65478. 65369. 65001.]
Task is 62.00% complete.
t1_sim:[62915. 62796. 63020.] t2_sim:[70228. 69102. 68646.]
Task is 63.00% complete.
t1_sim:[68025. 67576. 66035.] t2_sim:[72767. 72582. 70895.]
Task is 64.00% complete.
t1_sim:[64898. 66383. 66473.] t2_sim:[63480. 63789. 61144.]
Task is 65.00% complete.
t1_sim:[55832. 56454. 54740.] t2_sim:[60408. 61018. 59621.]
Task is 66.00% complete.
t1_sim:[63540. 62948. 63229.] t2_sim:[53096. 53685. 53828.]
Task is 67.00% complete.
t1_sim:[54822. 54561. 57017.] t2_sim:[64171. 64577. 62226.]
Task is 68.00% complete.
t1_sim:[64778. 63323. 64391.] t2_sim:[58277. 58835. 57944.]
Task is 69.00% complete.
t1_sim:[64573. 63291. 64362.] t2_sim:[63218. 64513. 62644.]
Task is 70.00% complete.
t1_sim:[59554. 59018. 57677.] t2_sim:[68060. 67637. 66007.]
Task is 71.00% complete.
t1_sim:[62116. 62407. 61834.] t2_sim:[61454. 62266. 60337.]
Task is 72.00% complete.
t1_sim:[61897. 62374. 62163.] t2_sim:[60673. 61339. 58482.]
Task is 73.00% complete.
t1_sim:[64760. 64090. 63751.] t2_sim:[60973. 61444. 60980.]
Task is 74.00% complete.
t1_sim:[61828. 62031. 62068.] t2_sim:[55053. 55000. 56187.]
Task is 75.00% complete.
t1_sim:[69166. 67872. 65480.] t2_sim:[61420. 61468. 60895.]
Task is 76.00% complete.
t1_sim:[62110. 63635. 61854.] t2_sim:[67202. 66890. 65564.]
Task is 77.00% complete.
t1_sim:[63758. 64825. 65460.] t2_sim:[61320. 61645. 63068.]
Task is 78.00% complete.
t1_sim:[63467. 62888. 64900.] t2_sim:[63047. 64796. 63809.]
Task is 79.00% complete.
t1_sim:[63213. 63264. 62800.] t2_sim:[56672. 57537. 55244.]
Task is 80.00% complete.
t1_sim:[62514. 62954. 63654.] t2_sim:[62500. 63128. 61486.]
Task is 81.00% complete.
t1_sim:[59645. 60758. 62513.] t2_sim:[58382. 59143. 57134.]
Task is 82.00% complete.
t1_sim:[65034. 65060. 64929.] t2_sim:[59801. 61429. 60060.]
Task is 83.00% complete.
t1_sim:[60101. 59785. 59803.] t2_sim:[65654. 64508. 62857.]
Task is 84.00% complete.
t1_sim:[66903. 67329. 64246.] t2_sim:[66945. 66331. 65329.]
Task is 85.00% complete.
t1_sim:[69164. 69788. 67348.] t2_sim:[57054. 56691. 56286.]
Task is 86.00% complete.
t1_sim:[62075. 61235. 60383.] t2_sim:[62952. 62854. 61974.]
Task is 87.00% complete.
t1_sim:[65386. 64124. 62395.] t2_sim:[60412. 60678. 59818.]
Task is 88.00% complete.
t1_sim:[60731. 62546. 62985.] t2_sim:[66096. 64895. 64450.]
Task is 89.00% complete.
t1_sim:[61154. 60831. 61730.] t2_sim:[63462. 62372. 61099.]
Task is 90.00% complete.
t1_sim:[62868. 63736. 63581.] t2_sim:[64117. 63349. 64606.]
Task is 91.00% complete.
t1_sim:[61271. 61713. 59084.] t2_sim:[65070. 65736. 64738.]
Task is 92.00% complete.
t1_sim:[61222. 61641. 61645.] t2_sim:[67615. 67877. 66298.]
Task is 93.00% complete.
t1_sim:[60159. 60613. 60221.] t2_sim:[61979. 61700. 60299.]
Task is 94.00% complete.
t1_sim:[56541. 56727. 57468.] t2_sim:[65612. 66184. 64556.]
Task is 95.00% complete.
t1_sim:[59264. 56573. 56961.] t2_sim:[68864. 69138. 67374.]
Task is 96.00% complete.
t1_sim:[60011. 59552. 58411.] t2_sim:[59055. 59513. 57453.]
Task is 97.00% complete.
t1_sim:[64739. 64816. 62638.] t2_sim:[61433. 61588. 58890.]
Task is 98.00% complete.
t1_sim:[55027. 54739. 55825.] t2_sim:[64983. 63709. 63085.]
Task is 99.00% complete.
t1_sim:[70176. 68590. 65812.] t2_sim:[59018. 57824. 56798.]
Finished
