/scratch/jz4721/Post-prediction-Causal-Inference/venv/lib/python3.8/site-packages/numpy/core/getlimits.py:518: UserWarning: The value of the smallest subnormal for <class 'numpy.float64'> type is zero.
  setattr(self, word, getattr(machar, word).flat[0])
/scratch/jz4721/Post-prediction-Causal-Inference/venv/lib/python3.8/site-packages/numpy/core/getlimits.py:89: UserWarning: The value of the smallest subnormal for <class 'numpy.float64'> type is zero.
  return self._float_to_str(self.smallest_subnormal)
/scratch/jz4721/Post-prediction-Causal-Inference/venv/lib/python3.8/site-packages/numpy/core/getlimits.py:518: UserWarning: The value of the smallest subnormal for <class 'numpy.float32'> type is zero.
  setattr(self, word, getattr(machar, word).flat[0])
/scratch/jz4721/Post-prediction-Causal-Inference/venv/lib/python3.8/site-packages/numpy/core/getlimits.py:89: UserWarning: The value of the smallest subnormal for <class 'numpy.float32'> type is zero.
  return self._float_to_str(self.smallest_subnormal)
Begin
Training start
t1_obs:[array(98819.), array(83844.), array(75962.)] t2_obs:[array(96733.), array(82770.), array(74545.)]
corr_G1:[None, None, -2.81056737298538e-17] corr_G2:[None, None, -3.5257724251993186e-17]
Training end
Task is 0.00% complete.
t1_sim:[61271. 60340. 60775.] t2_sim:[60037. 59159. 60858.]
Task is 1.00% complete.
t1_sim:[63252. 64265. 62508.] t2_sim:[63080. 62694. 61604.]
Task is 2.00% complete.
t1_sim:[64170. 64713. 62060.] t2_sim:[64706. 63412. 62423.]
Task is 3.00% complete.
t1_sim:[63508. 63139. 62773.] t2_sim:[62413. 62984. 62997.]
Task is 4.00% complete.
t1_sim:[68084. 68309. 66241.] t2_sim:[66821. 67674. 67731.]
Task is 5.00% complete.
t1_sim:[63452. 64064. 62467.] t2_sim:[67679. 66802. 67269.]
Task is 6.00% complete.
t1_sim:[64899. 65116. 68582.] t2_sim:[60973. 60121. 61064.]
Task is 7.00% complete.
t1_sim:[56553. 55837. 58621.] t2_sim:[65753. 64833. 64725.]
Task is 8.00% complete.
t1_sim:[62456. 60562. 62514.] t2_sim:[63669. 65759. 63581.]
Task is 9.00% complete.
t1_sim:[63384. 62986. 64463.] t2_sim:[64368. 65785. 64305.]
Task is 10.00% complete.
t1_sim:[59998. 59401. 61097.] t2_sim:[68251. 66482. 63608.]
Task is 11.00% complete.
t1_sim:[63905. 64784. 64389.] t2_sim:[63215. 63030. 63270.]
Task is 12.00% complete.
t1_sim:[61172. 61348. 63732.] t2_sim:[65070. 65209. 61631.]
Task is 13.00% complete.
t1_sim:[60789. 62040. 59706.] t2_sim:[61676. 60834. 66269.]
Task is 14.00% complete.
t1_sim:[66435. 67563. 64425.] t2_sim:[62364. 61895. 61736.]
Task is 15.00% complete.
t1_sim:[62562. 60919. 62850.] t2_sim:[67506. 67276. 68078.]
Task is 16.00% complete.
t1_sim:[63954. 62796. 65106.] t2_sim:[67724. 67527. 65787.]
Task is 17.00% complete.
t1_sim:[61149. 61652. 62609.] t2_sim:[60870. 59722. 59591.]
Task is 18.00% complete.
t1_sim:[59333. 58690. 59596.] t2_sim:[62757. 61238. 60446.]
Task is 19.00% complete.
t1_sim:[65210. 64108. 66119.] t2_sim:[58998. 60761. 60857.]
Task is 20.00% complete.
t1_sim:[64287. 64110. 64443.] t2_sim:[62334. 62330. 62646.]
Task is 21.00% complete.
t1_sim:[64118. 65327. 64545.] t2_sim:[62813. 62221. 62387.]
Task is 22.00% complete.
t1_sim:[58760. 60176. 61420.] t2_sim:[66134. 64846. 65579.]
Task is 23.00% complete.
t1_sim:[65862. 66401. 64460.] t2_sim:[61869. 61992. 59794.]
Task is 24.00% complete.
t1_sim:[58683. 59422. 60800.] t2_sim:[61775. 61579. 64951.]
Task is 25.00% complete.
t1_sim:[65620. 64087. 63934.] t2_sim:[57895. 59406. 61181.]
Task is 26.00% complete.
t1_sim:[57694. 57454. 60231.] t2_sim:[61165. 59868. 60278.]
Task is 27.00% complete.
t1_sim:[57913. 58117. 57388.] t2_sim:[60467. 59633. 62764.]
Task is 28.00% complete.
t1_sim:[58923. 62781. 63169.] t2_sim:[62171. 61148. 61597.]
Task is 29.00% complete.
t1_sim:[63536. 61292. 62897.] t2_sim:[63264. 63307. 64519.]
Task is 30.00% complete.
t1_sim:[62533. 62128. 63748.] t2_sim:[63366. 61620. 62613.]
Task is 31.00% complete.
t1_sim:[64819. 66871. 68099.] t2_sim:[61171. 60502. 62527.]
Task is 32.00% complete.
t1_sim:[64398. 66673. 62426.] t2_sim:[59898. 61582. 61956.]
Task is 33.00% complete.
t1_sim:[64774. 64683. 62973.] t2_sim:[60686. 58694. 61685.]
Task is 34.00% complete.
t1_sim:[63980. 65512. 65235.] t2_sim:[61432. 61473. 63245.]
Task is 35.00% complete.
t1_sim:[65797. 65031. 66298.] t2_sim:[65696. 64909. 63665.]
Task is 36.00% complete.
t1_sim:[61877. 62906. 63713.] t2_sim:[64427. 64136. 65028.]
Task is 37.00% complete.
t1_sim:[60170. 61051. 60198.] t2_sim:[58128. 57815. 57896.]
Task is 38.00% complete.
t1_sim:[58697. 59095. 60738.] t2_sim:[59718. 59681. 61625.]
Task is 39.00% complete.
t1_sim:[61855. 62274. 58207.] t2_sim:[63293. 62907. 64408.]
Task is 40.00% complete.
t1_sim:[56369. 57045. 58300.] t2_sim:[63869. 65376. 64919.]
Task is 41.00% complete.
t1_sim:[57980. 57759. 58892.] t2_sim:[65393. 65173. 62760.]
Task is 42.00% complete.
t1_sim:[61340. 61045. 62778.] t2_sim:[66790. 65648. 64887.]
Task is 43.00% complete.
t1_sim:[67229. 65435. 65966.] t2_sim:[63879. 64852. 66364.]
Task is 44.00% complete.
t1_sim:[64014. 63085. 62596.] t2_sim:[62903. 65690. 65027.]
Task is 45.00% complete.
t1_sim:[60615. 59293. 62588.] t2_sim:[66031. 65207. 64610.]
Task is 46.00% complete.
t1_sim:[60337. 60126. 60462.] t2_sim:[64509. 66377. 63862.]
Task is 47.00% complete.
t1_sim:[61998. 60174. 61783.] t2_sim:[56493. 56063. 55736.]
Task is 48.00% complete.
t1_sim:[60868. 61507. 63512.] t2_sim:[65314. 64245. 62987.]
Task is 49.00% complete.
t1_sim:[64000. 62915. 63003.] t2_sim:[57750. 57815. 58184.]
Task is 50.00% complete.
t1_sim:[65685. 65543. 65511.] t2_sim:[60030. 60650. 58709.]
Task is 51.00% complete.
t1_sim:[67151. 66072. 63643.] t2_sim:[63694. 62750. 60232.]
Task is 52.00% complete.
t1_sim:[64151. 64975. 64307.] t2_sim:[64846. 64068. 64655.]
Task is 53.00% complete.
t1_sim:[59092. 58682. 58225.] t2_sim:[61460. 61820. 64763.]
Task is 54.00% complete.
t1_sim:[59135. 58506. 60520.] t2_sim:[63193. 61641. 65638.]
Task is 55.00% complete.
t1_sim:[62851. 62891. 65390.] t2_sim:[59431. 60164. 58162.]
Task is 56.00% complete.
t1_sim:[68559. 67017. 68052.] t2_sim:[60628. 62014. 63360.]
Task is 57.00% complete.
t1_sim:[60469. 59246. 62436.] t2_sim:[64321. 64007. 62388.]
Task is 58.00% complete.
t1_sim:[58693. 58651. 64444.] t2_sim:[59735. 61503. 58586.]
Task is 59.00% complete.
t1_sim:[61804. 61735. 62960.] t2_sim:[63636. 63990. 64861.]
Task is 60.00% complete.
t1_sim:[61905. 61260. 61100.] t2_sim:[62464. 63682. 62667.]
Task is 61.00% complete.
t1_sim:[59045. 59135. 58146.] t2_sim:[62659. 63098. 62263.]
Task is 62.00% complete.
t1_sim:[62858. 63780. 61696.] t2_sim:[61052. 62354. 63356.]
Task is 63.00% complete.
t1_sim:[52653. 54161. 55038.] t2_sim:[65385. 66358. 67555.]
Task is 64.00% complete.
t1_sim:[61309. 60425. 61392.] t2_sim:[62309. 61730. 60870.]
Task is 65.00% complete.
t1_sim:[66093. 66995. 68722.] t2_sim:[60966. 62732. 60563.]
Task is 66.00% complete.
t1_sim:[61165. 61954. 61227.] t2_sim:[61947. 62162. 61382.]
Task is 67.00% complete.
t1_sim:[62469. 63582. 59268.] t2_sim:[62713. 63808. 63321.]
Task is 68.00% complete.
t1_sim:[66423. 67434. 64868.] t2_sim:[61547. 62164. 62640.]
Task is 69.00% complete.
t1_sim:[65702. 65112. 62635.] t2_sim:[64248. 64310. 66626.]
Task is 70.00% complete.
t1_sim:[63337. 63260. 62846.] t2_sim:[67713. 65833. 63951.]
Task is 71.00% complete.
t1_sim:[66540. 67900. 63968.] t2_sim:[64521. 65826. 63626.]
Task is 72.00% complete.
t1_sim:[70129. 69391. 68519.] t2_sim:[60740. 60145. 59986.]
Task is 73.00% complete.
t1_sim:[69213. 67682. 66642.] t2_sim:[65833. 65577. 68027.]
Task is 74.00% complete.
t1_sim:[61872. 61376. 63408.] t2_sim:[62620. 61734. 63715.]
Task is 75.00% complete.
t1_sim:[70467. 71284. 68677.] t2_sim:[64895. 66567. 67588.]
Task is 76.00% complete.
t1_sim:[63108. 62979. 62425.] t2_sim:[66235. 66006. 66598.]
Task is 77.00% complete.
t1_sim:[62267. 62827. 61372.] t2_sim:[59990. 61329. 59963.]
Task is 78.00% complete.
t1_sim:[65200. 63555. 66784.] t2_sim:[65762. 65628. 67294.]
Task is 79.00% complete.
t1_sim:[64041. 64421. 62041.] t2_sim:[62694. 62497. 63264.]
Task is 80.00% complete.
t1_sim:[53366. 53968. 57985.] t2_sim:[62920. 63219. 62748.]
Task is 81.00% complete.
t1_sim:[68194. 68511. 68558.] t2_sim:[62574. 64373. 59891.]
Task is 82.00% complete.
t1_sim:[60905. 61211. 63471.] t2_sim:[62347. 62852. 63463.]
Task is 83.00% complete.
t1_sim:[62984. 61231. 61468.] t2_sim:[62972. 63026. 62237.]
Task is 84.00% complete.
t1_sim:[64699. 66391. 62463.] t2_sim:[53955. 54225. 55611.]
Task is 85.00% complete.
t1_sim:[62116. 62398. 62044.] t2_sim:[64497. 63703. 64782.]
Task is 86.00% complete.
t1_sim:[64093. 64648. 61075.] t2_sim:[61588. 61081. 63982.]
Task is 87.00% complete.
t1_sim:[66499. 66687. 65492.] t2_sim:[60769. 61895. 60367.]
Task is 88.00% complete.
t1_sim:[64835. 66252. 66627.] t2_sim:[62846. 63744. 63854.]
Task is 89.00% complete.
t1_sim:[65095. 64445. 65383.] t2_sim:[62190. 63011. 61613.]
Task is 90.00% complete.
t1_sim:[64431. 62215. 61471.] t2_sim:[56880. 57991. 57283.]
Task is 91.00% complete.
t1_sim:[63342. 63992. 62592.] t2_sim:[63350. 64176. 66731.]
Task is 92.00% complete.
t1_sim:[63278. 62684. 64766.] t2_sim:[64366. 63903. 62390.]
Task is 93.00% complete.
t1_sim:[60341. 59765. 64428.] t2_sim:[63437. 64049. 63855.]
Task is 94.00% complete.
t1_sim:[68319. 68673. 65992.] t2_sim:[61808. 62128. 61731.]
Task is 95.00% complete.
t1_sim:[63158. 62368. 63813.] t2_sim:[61970. 62187. 62866.]
Task is 96.00% complete.
t1_sim:[64458. 66569. 68526.] t2_sim:[62012. 62571. 60468.]
Task is 97.00% complete.
t1_sim:[61247. 59470. 63073.] t2_sim:[63326. 63534. 59990.]
Task is 98.00% complete.
t1_sim:[64339. 63782. 65124.] t2_sim:[55832. 56337. 57950.]
Task is 99.00% complete.
t1_sim:[58753. 59300. 59519.] t2_sim:[62657. 62363. 61189.]
Training start
t1_obs:[array(98819.), array(83844.), array(79511.)] t2_obs:[array(96733.), array(82770.), array(78808.)]
corr_G1:[None, None, 0.930103860602982] corr_G2:[None, None, 0.9386058995442899]
Training end
Task is 0.00% complete.
t1_sim:[66188. 66858. 67364.] t2_sim:[56502. 55541. 55201.]
Task is 1.00% complete.
t1_sim:[57691. 58321. 58580.] t2_sim:[63815. 62356. 62811.]
Task is 2.00% complete.
t1_sim:[59341. 57353. 56569.] t2_sim:[60289. 57927. 56782.]
Task is 3.00% complete.
t1_sim:[63976. 63584. 64255.] t2_sim:[61509. 61805. 60257.]
Task is 4.00% complete.
t1_sim:[60449. 60891. 61523.] t2_sim:[63259. 62769. 62316.]
Task is 5.00% complete.
t1_sim:[63645. 63135. 63367.] t2_sim:[62965. 63575. 65076.]
Task is 6.00% complete.
t1_sim:[68310. 66976. 67549.] t2_sim:[60610. 57443. 55552.]
Task is 7.00% complete.
t1_sim:[66013. 66072. 67675.] t2_sim:[63523. 63540. 61851.]
Task is 8.00% complete.
t1_sim:[65499. 65883. 67543.] t2_sim:[61908. 61153. 61639.]
Task is 9.00% complete.
t1_sim:[60474. 58900. 60655.] t2_sim:[60808. 62210. 59581.]
Task is 10.00% complete.
t1_sim:[63729. 62839. 62697.] t2_sim:[60454. 60656. 63967.]
Task is 11.00% complete.
t1_sim:[65108. 62168. 62755.] t2_sim:[57545. 59016. 58719.]
Task is 12.00% complete.
t1_sim:[59636. 58356. 59381.] t2_sim:[58657. 59803. 60415.]
Task is 13.00% complete.
t1_sim:[59185. 56887. 58055.] t2_sim:[63891. 64384. 64090.]
Task is 14.00% complete.
t1_sim:[60095. 59023. 59166.] t2_sim:[64266. 63623. 63810.]
Task is 15.00% complete.
t1_sim:[67067. 66460. 66971.] t2_sim:[67133. 65473. 67320.]
Task is 16.00% complete.
t1_sim:[59007. 60474. 61163.] t2_sim:[61079. 61485. 61768.]
Task is 17.00% complete.
t1_sim:[61677. 61417. 61110.] t2_sim:[61026. 60187. 59854.]
Task is 18.00% complete.
t1_sim:[57720. 57916. 59495.] t2_sim:[60345. 59768. 59996.]
Task is 19.00% complete.
t1_sim:[62738. 63527. 63210.] t2_sim:[59584. 61846. 60497.]
Task is 20.00% complete.
t1_sim:[66845. 67064. 67952.] t2_sim:[69375. 69498. 69086.]
Task is 21.00% complete.
t1_sim:[63239. 63602. 64613.] t2_sim:[67092. 66537. 66714.]
Task is 22.00% complete.
t1_sim:[63152. 63390. 64360.] t2_sim:[59383. 57787. 58013.]
Task is 23.00% complete.
t1_sim:[64007. 64313. 64699.] t2_sim:[63050. 62733. 62117.]
Task is 24.00% complete.
t1_sim:[57972. 59851. 59460.] t2_sim:[61241. 61880. 61832.]
Task is 25.00% complete.
t1_sim:[67266. 64901. 64525.] t2_sim:[65227. 64013. 65399.]
Task is 26.00% complete.
t1_sim:[62669. 61237. 63856.] t2_sim:[66614. 68404. 67440.]
Task is 27.00% complete.
t1_sim:[63257. 64094. 64917.] t2_sim:[64815. 64291. 65335.]
Task is 28.00% complete.
t1_sim:[64899. 65005. 66090.] t2_sim:[65812. 65541. 65618.]
Task is 29.00% complete.
t1_sim:[62570. 62527. 63262.] t2_sim:[65440. 66114. 66814.]
Task is 30.00% complete.
t1_sim:[67252. 65078. 64651.] t2_sim:[62640. 64063. 62702.]
Task is 31.00% complete.
t1_sim:[63555. 62824. 64901.] t2_sim:[60620. 60787. 61877.]
Task is 32.00% complete.
t1_sim:[62084. 60433. 61666.] t2_sim:[57865. 59047. 59324.]
Task is 33.00% complete.
t1_sim:[67097. 67123. 67510.] t2_sim:[59353. 60999. 61336.]
Task is 34.00% complete.
t1_sim:[61513. 61565. 61654.] t2_sim:[57432. 55951. 57198.]
Task is 35.00% complete.
t1_sim:[64790. 62010. 64831.] t2_sim:[56483. 58855. 60557.]
Task is 36.00% complete.
t1_sim:[65493. 66489. 66249.] t2_sim:[65362. 63990. 63672.]
Task is 37.00% complete.
t1_sim:[67985. 67879. 69704.] t2_sim:[63659. 62562. 61503.]
Task is 38.00% complete.
t1_sim:[60987. 60932. 63383.] t2_sim:[59490. 60116. 61435.]
Task is 39.00% complete.
t1_sim:[67345. 67122. 67282.] t2_sim:[68445. 68017. 67349.]
Task is 40.00% complete.
t1_sim:[65879. 64835. 67341.] t2_sim:[63073. 62434. 61501.]
Task is 41.00% complete.
t1_sim:[59087. 59656. 60486.] t2_sim:[57985. 59480. 59825.]
Task is 42.00% complete.
t1_sim:[63484. 62348. 64621.] t2_sim:[65624. 67346. 67453.]
Task is 43.00% complete.
t1_sim:[61522. 59240. 57669.] t2_sim:[61413. 61173. 60973.]
Task is 44.00% complete.
t1_sim:[65646. 64373. 65413.] t2_sim:[67927. 65664. 66991.]
Task is 45.00% complete.
t1_sim:[61896. 62592. 62915.] t2_sim:[60370. 60248. 59243.]
Task is 46.00% complete.
t1_sim:[62488. 62311. 61796.] t2_sim:[63731. 64443. 62247.]
Task is 47.00% complete.
t1_sim:[61718. 61716. 63868.] t2_sim:[69208. 70986. 70598.]
Task is 48.00% complete.
t1_sim:[66495. 65213. 67355.] t2_sim:[59280. 58473. 57076.]
Task is 49.00% complete.
t1_sim:[66725. 65988. 65819.] t2_sim:[63579. 64028. 64137.]
Task is 50.00% complete.
t1_sim:[67802. 66111. 66640.] t2_sim:[60545. 62156. 64852.]
Task is 51.00% complete.
t1_sim:[61446. 62652. 62417.] t2_sim:[65035. 64330. 62957.]
Task is 52.00% complete.
t1_sim:[55879. 56852. 56782.] t2_sim:[63426. 63484. 64432.]
Task is 53.00% complete.
t1_sim:[57181. 55631. 57065.] t2_sim:[63004. 63345. 63787.]
Task is 54.00% complete.
t1_sim:[67815. 68058. 68569.] t2_sim:[63806. 62477. 65345.]
Task is 55.00% complete.
t1_sim:[59272. 58789. 59142.] t2_sim:[60132. 61272. 61362.]
Task is 56.00% complete.
t1_sim:[59600. 58390. 59967.] t2_sim:[63686. 64327. 64921.]
Task is 57.00% complete.
t1_sim:[64166. 63166. 64637.] t2_sim:[61215. 60453. 60917.]
Task is 58.00% complete.
t1_sim:[63691. 61963. 64216.] t2_sim:[65928. 65102. 64217.]
Task is 59.00% complete.
t1_sim:[61632. 62206. 64198.] t2_sim:[59692. 59879. 61614.]
Task is 60.00% complete.
t1_sim:[60964. 61084. 62158.] t2_sim:[56308. 57622. 56504.]
Task is 61.00% complete.
t1_sim:[62375. 64563. 66615.] t2_sim:[70633. 71596. 71301.]
Task is 62.00% complete.
t1_sim:[60284. 59753. 60281.] t2_sim:[65511. 65798. 64575.]
Task is 63.00% complete.
t1_sim:[64577. 64490. 62470.] t2_sim:[63719. 63339. 63914.]
Task is 64.00% complete.
t1_sim:[61322. 59870. 60207.] t2_sim:[64082. 63951. 62227.]
Task is 65.00% complete.
t1_sim:[61699. 62446. 63631.] t2_sim:[61972. 62215. 60408.]
Task is 66.00% complete.
t1_sim:[62357. 64210. 63151.] t2_sim:[64497. 62662. 63210.]
Task is 67.00% complete.
t1_sim:[62703. 62007. 62605.] t2_sim:[59328. 57913. 58650.]
Task is 68.00% complete.
t1_sim:[60895. 60185. 59535.] t2_sim:[61814. 63322. 62959.]
Task is 69.00% complete.
t1_sim:[59686. 58723. 59528.] t2_sim:[57032. 57002. 58091.]
Task is 70.00% complete.
t1_sim:[67497. 67317. 67019.] t2_sim:[62903. 62166. 63820.]
Task is 71.00% complete.
t1_sim:[60668. 60942. 62211.] t2_sim:[63585. 63321. 61982.]
Task is 72.00% complete.
t1_sim:[60888. 60554. 62609.] t2_sim:[62373. 62344. 61932.]
Task is 73.00% complete.
t1_sim:[64199. 63760. 64048.] t2_sim:[65507. 67306. 67827.]
Task is 74.00% complete.
t1_sim:[64049. 63641. 64173.] t2_sim:[62065. 62293. 64327.]
Task is 75.00% complete.
t1_sim:[62630. 64252. 64933.] t2_sim:[59847. 60970. 60722.]
Task is 76.00% complete.
t1_sim:[58418. 58109. 60640.] t2_sim:[61713. 60713. 61804.]
Task is 77.00% complete.
t1_sim:[59311. 59692. 59697.] t2_sim:[57265. 61192. 59069.]
Task is 78.00% complete.
t1_sim:[61035. 59856. 59799.] t2_sim:[62888. 62269. 62997.]
Task is 79.00% complete.
t1_sim:[57801. 59355. 59328.] t2_sim:[66722. 65112. 65573.]
Task is 80.00% complete.
t1_sim:[63047. 61482. 61522.] t2_sim:[62219. 63360. 62814.]
Task is 81.00% complete.
t1_sim:[61757. 61818. 63350.] t2_sim:[59631. 57154. 58676.]
Task is 82.00% complete.
t1_sim:[65356. 65161. 64471.] t2_sim:[72226. 69908. 69058.]
Task is 83.00% complete.
t1_sim:[58318. 59074. 61568.] t2_sim:[70390. 69372. 68999.]
Task is 84.00% complete.
t1_sim:[61561. 60657. 61280.] t2_sim:[61832. 63015. 63078.]
Task is 85.00% complete.
t1_sim:[65784. 65112. 64624.] t2_sim:[63077. 63225. 63524.]
Task is 86.00% complete.
t1_sim:[60801. 60672. 61332.] t2_sim:[72292. 68976. 68829.]
Task is 87.00% complete.
t1_sim:[62084. 61301. 61387.] t2_sim:[62217. 62205. 62159.]
Task is 88.00% complete.
t1_sim:[64358. 64918. 65437.] t2_sim:[59928. 60256. 60470.]
Task is 89.00% complete.
t1_sim:[59282. 58983. 59841.] t2_sim:[60892. 60512. 59948.]
Task is 90.00% complete.
t1_sim:[62369. 63616. 63931.] t2_sim:[60276. 59210. 59764.]
Task is 91.00% complete.
t1_sim:[64348. 63590. 63035.] t2_sim:[55221. 55972. 57822.]
Task is 92.00% complete.
t1_sim:[59026. 58864. 59814.] t2_sim:[61567. 60431. 61272.]
Task is 93.00% complete.
t1_sim:[66965. 67003. 67070.] t2_sim:[60153. 61316. 62028.]
Task is 94.00% complete.
t1_sim:[60801. 59866. 63107.] t2_sim:[62335. 63250. 62530.]
Task is 95.00% complete.
t1_sim:[61553. 62081. 62538.] t2_sim:[62090. 62212. 62103.]
Task is 96.00% complete.
t1_sim:[63424. 64893. 65462.] t2_sim:[59502. 59931. 59108.]
Task is 97.00% complete.
t1_sim:[60937. 61160. 61899.] t2_sim:[58726. 58185. 57426.]
Task is 98.00% complete.
t1_sim:[65495. 64348. 64572.] t2_sim:[65095. 65020. 64290.]
Task is 99.00% complete.
t1_sim:[63769. 62398. 61732.] t2_sim:[59358. 59685. 60780.]
Training start
t1_obs:[array(98819.), array(83844.), array(76975.)] t2_obs:[array(96733.), array(82770.), array(77043.)]
corr_G1:[None, None, 0.44033892843345807] corr_G2:[None, None, 0.16803240190179447]
Training end
Task is 0.00% complete.
t1_sim:[66842. 64853. 63171.] t2_sim:[63289. 64137. 60591.]
Task is 1.00% complete.
t1_sim:[63645. 64005. 62483.] t2_sim:[65715. 65937. 63739.]
Task is 2.00% complete.
t1_sim:[58727. 59451. 58546.] t2_sim:[61320. 63126. 57269.]
Task is 3.00% complete.
t1_sim:[66308. 66801. 65366.] t2_sim:[65009. 64700. 61379.]
Task is 4.00% complete.
t1_sim:[60970. 61062. 58194.] t2_sim:[64456. 63590. 59593.]
Task is 5.00% complete.
t1_sim:[66024. 67276. 65709.] t2_sim:[63780. 63815. 61526.]
Task is 6.00% complete.
t1_sim:[63558. 62989. 63527.] t2_sim:[64794. 66233. 63021.]
Task is 7.00% complete.
t1_sim:[66078. 66104. 63644.] t2_sim:[61275. 62540. 59829.]
Task is 8.00% complete.
t1_sim:[62589. 61811. 61420.] t2_sim:[63977. 63165. 60034.]
Task is 9.00% complete.
t1_sim:[63816. 64153. 62388.] t2_sim:[57813. 56905. 53949.]
Task is 10.00% complete.
t1_sim:[68653. 67002. 67357.] t2_sim:[57261. 58295. 55119.]
Task is 11.00% complete.
t1_sim:[62667. 64409. 64982.] t2_sim:[61312. 63176. 60001.]
Task is 12.00% complete.
t1_sim:[58793. 57281. 55380.] t2_sim:[63289. 63766. 61282.]
Task is 13.00% complete.
t1_sim:[66135. 64722. 64569.] t2_sim:[63483. 64279. 60917.]
Task is 14.00% complete.
t1_sim:[61819. 62361. 61072.] t2_sim:[62655. 62700. 57742.]
Task is 15.00% complete.
t1_sim:[64217. 65855. 64192.] t2_sim:[61917. 59912. 56325.]
Task is 16.00% complete.
t1_sim:[59491. 59763. 60147.] t2_sim:[66182. 64923. 61467.]
Task is 17.00% complete.
t1_sim:[60736. 61949. 61841.] t2_sim:[62345. 62768. 58442.]
Task is 18.00% complete.
t1_sim:[60620. 59962. 56025.] t2_sim:[59341. 59161. 56481.]
Task is 19.00% complete.
t1_sim:[60184. 59809. 57214.] t2_sim:[62484. 61560. 57781.]
Task is 20.00% complete.
t1_sim:[60319. 61951. 61784.] t2_sim:[62098. 62794. 59220.]
Task is 21.00% complete.
t1_sim:[61738. 63018. 63124.] t2_sim:[69233. 69507. 64414.]
Task is 22.00% complete.
t1_sim:[64861. 64820. 63994.] t2_sim:[61464. 62670. 59947.]
Task is 23.00% complete.
t1_sim:[64074. 61790. 62849.] t2_sim:[62902. 63555. 58161.]
Task is 24.00% complete.
t1_sim:[60847. 60414. 60585.] t2_sim:[62013. 63505. 60044.]
Task is 25.00% complete.
t1_sim:[61690. 62465. 60786.] t2_sim:[65641. 65969. 63777.]
Task is 26.00% complete.
t1_sim:[61687. 63416. 63107.] t2_sim:[58455. 58838. 55699.]
Task is 27.00% complete.
t1_sim:[63437. 63690. 62241.] t2_sim:[61257. 61204. 57861.]
Task is 28.00% complete.
t1_sim:[61763. 62140. 62634.] t2_sim:[65465. 66108. 63680.]
Task is 29.00% complete.
t1_sim:[61851. 61977. 62662.] t2_sim:[63024. 61585. 57280.]
Task is 30.00% complete.
t1_sim:[64028. 63226. 63379.] t2_sim:[62746. 63147. 60042.]
Task is 31.00% complete.
t1_sim:[66019. 63972. 64424.] t2_sim:[64935. 65706. 62837.]
Task is 32.00% complete.
t1_sim:[61414. 62093. 59088.] t2_sim:[61891. 62180. 58964.]
Task is 33.00% complete.
t1_sim:[65338. 66412. 65845.] t2_sim:[58578. 58357. 53629.]
Task is 34.00% complete.
t1_sim:[60732. 61551. 62826.] t2_sim:[65806. 66080. 60785.]
Task is 35.00% complete.
t1_sim:[62774. 60651. 58213.] t2_sim:[62766. 65150. 61564.]
Task is 36.00% complete.
t1_sim:[68218. 66197. 66406.] t2_sim:[65084. 64851. 62054.]
Task is 37.00% complete.
t1_sim:[67445. 67263. 64697.] t2_sim:[65782. 66846. 61217.]
Task is 38.00% complete.
t1_sim:[57148. 59212. 58602.] t2_sim:[60691. 62362. 58305.]
Task is 39.00% complete.
t1_sim:[64454. 64545. 65742.] t2_sim:[61698. 61545. 57533.]
Task is 40.00% complete.
t1_sim:[63708. 63792. 64134.] t2_sim:[56941. 55002. 52398.]
Task is 41.00% complete.
t1_sim:[63338. 64347. 63150.] t2_sim:[60297. 61211. 56226.]
Task is 42.00% complete.
t1_sim:[59660. 59940. 59432.] t2_sim:[57815. 57839. 54738.]
Task is 43.00% complete.
t1_sim:[60742. 61475. 59808.] t2_sim:[65870. 64213. 61879.]
Task is 44.00% complete.
t1_sim:[56111. 58116. 59820.] t2_sim:[65896. 66395. 63502.]
Task is 45.00% complete.
t1_sim:[68097. 67933. 67647.] t2_sim:[57329. 57482. 55481.]
Task is 46.00% complete.
t1_sim:[57009. 57430. 57158.] t2_sim:[62559. 64391. 60118.]
Task is 47.00% complete.
t1_sim:[60331. 61311. 59437.] t2_sim:[62427. 61871. 57782.]
Task is 48.00% complete.
t1_sim:[61216. 60025. 60414.] t2_sim:[57302. 57966. 54347.]
Task is 49.00% complete.
t1_sim:[61413. 60979. 61721.] t2_sim:[56851. 56974. 53908.]
Task is 50.00% complete.
t1_sim:[60831. 59256. 57815.] t2_sim:[60227. 60658. 57157.]
Task is 51.00% complete.
t1_sim:[65844. 65390. 62717.] t2_sim:[70108. 69261. 66593.]
Task is 52.00% complete.
t1_sim:[56891. 58208. 56001.] t2_sim:[65164. 63575. 59822.]
Task is 53.00% complete.
t1_sim:[68289. 68653. 66926.] t2_sim:[60448. 61123. 57202.]
Task is 54.00% complete.
t1_sim:[65403. 64370. 65787.] t2_sim:[58977. 59090. 54559.]
Task is 55.00% complete.
t1_sim:[62043. 62624. 63744.] t2_sim:[62049. 63051. 60220.]
Task is 56.00% complete.
t1_sim:[57082. 56690. 57528.] t2_sim:[60145. 58694. 54827.]
Task is 57.00% complete.
t1_sim:[63736. 62206. 61038.] t2_sim:[67361. 66875. 64550.]
Task is 58.00% complete.
t1_sim:[62379. 61758. 62734.] t2_sim:[59871. 59933. 56636.]
Task is 59.00% complete.
t1_sim:[65723. 65019. 65708.] t2_sim:[59803. 60697. 58139.]
Task is 60.00% complete.
t1_sim:[60634. 60857. 59095.] t2_sim:[58473. 57742. 55424.]
Task is 61.00% complete.
t1_sim:[58110. 59973. 60985.] t2_sim:[62996. 62272. 58119.]
Task is 62.00% complete.
t1_sim:[58483. 58557. 58014.] t2_sim:[54995. 55442. 52739.]
Task is 63.00% complete.
t1_sim:[59386. 59367. 57999.] t2_sim:[60979. 62053. 58438.]
Task is 64.00% complete.
t1_sim:[59027. 59199. 57089.] t2_sim:[62686. 64190. 61731.]
Task is 65.00% complete.
t1_sim:[61575. 62718. 60655.] t2_sim:[67891. 68034. 61998.]
Task is 66.00% complete.
t1_sim:[64358. 63172. 62096.] t2_sim:[62419. 61476. 58788.]
Task is 67.00% complete.
t1_sim:[61065. 63289. 61798.] t2_sim:[69733. 68763. 65394.]
Task is 68.00% complete.
t1_sim:[60463. 60100. 56290.] t2_sim:[64541. 64282. 59502.]
Task is 69.00% complete.
t1_sim:[59199. 61524. 57995.] t2_sim:[58951. 59304. 56242.]
Task is 70.00% complete.
t1_sim:[65137. 64989. 63941.] t2_sim:[63292. 63527. 57673.]
Task is 71.00% complete.
t1_sim:[65285. 66929. 64627.] t2_sim:[64623. 63599. 60997.]
Task is 72.00% complete.
t1_sim:[58785. 59772. 58345.] t2_sim:[61287. 60832. 57376.]
Task is 73.00% complete.
t1_sim:[65133. 66065. 65538.] t2_sim:[62275. 59644. 57810.]
Task is 74.00% complete.
t1_sim:[63971. 61389. 61967.] t2_sim:[66927. 66881. 63408.]
Task is 75.00% complete.
t1_sim:[62854. 63590. 63480.] t2_sim:[60241. 61342. 57383.]
Task is 76.00% complete.
t1_sim:[59598. 59825. 59080.] t2_sim:[63327. 63146. 58749.]
Task is 77.00% complete.
t1_sim:[68154. 67385. 67080.] t2_sim:[67801. 67297. 61770.]
Task is 78.00% complete.
t1_sim:[57601. 57407. 54573.] t2_sim:[61571. 62064. 58148.]
Task is 79.00% complete.
t1_sim:[60658. 58703. 58766.] t2_sim:[66715. 65591. 61863.]
Task is 80.00% complete.
t1_sim:[65349. 65143. 66154.] t2_sim:[69423. 68892. 65166.]
Task is 81.00% complete.
t1_sim:[61022. 61453. 60135.] t2_sim:[66420. 64192. 60462.]
Task is 82.00% complete.
t1_sim:[62791. 62715. 62191.] t2_sim:[60976. 60442. 58981.]
Task is 83.00% complete.
t1_sim:[61297. 61824. 62024.] t2_sim:[53324. 54587. 51836.]
Task is 84.00% complete.
t1_sim:[64155. 63015. 60350.] t2_sim:[61779. 61313. 60174.]
Task is 85.00% complete.
t1_sim:[63972. 60803. 60084.] t2_sim:[62435. 62912. 60821.]
Task is 86.00% complete.
t1_sim:[59102. 60745. 60210.] t2_sim:[60218. 61253. 57352.]
Task is 87.00% complete.
t1_sim:[65155. 65381. 64730.] t2_sim:[58258. 57766. 54591.]
Task is 88.00% complete.
t1_sim:[61784. 60960. 59738.] t2_sim:[59164. 60010. 56833.]
Task is 89.00% complete.
t1_sim:[61604. 62647. 60619.] t2_sim:[58611. 60478. 58533.]
Task is 90.00% complete.
t1_sim:[63213. 62474. 61285.] t2_sim:[62851. 63131. 59685.]
Task is 91.00% complete.
t1_sim:[59084. 58799. 57934.] t2_sim:[63080. 63206. 60903.]
Task is 92.00% complete.
t1_sim:[66448. 66474. 67744.] t2_sim:[66562. 64618. 62594.]
Task is 93.00% complete.
t1_sim:[64264. 63573. 62230.] t2_sim:[63163. 63668. 58802.]
Task is 94.00% complete.
t1_sim:[59136. 60574. 57915.] t2_sim:[69287. 68746. 63891.]
Task is 95.00% complete.
t1_sim:[55836. 55426. 55506.] t2_sim:[65073. 63917. 62015.]
Task is 96.00% complete.
t1_sim:[66170. 67132. 67168.] t2_sim:[63357. 62252. 58080.]
Task is 97.00% complete.
t1_sim:[62652. 62267. 60412.] t2_sim:[66990. 66626. 62337.]
Task is 98.00% complete.
t1_sim:[61805. 62492. 62717.] t2_sim:[61398. 61505. 58870.]
Task is 99.00% complete.
t1_sim:[64720. 64755. 62785.] t2_sim:[60864. 62000. 58053.]
Finished
