/scratch/jz4721/Post-prediction-Causal-Inference/venv/lib/python3.8/site-packages/numpy/core/getlimits.py:518: UserWarning: The value of the smallest subnormal for <class 'numpy.float64'> type is zero.
  setattr(self, word, getattr(machar, word).flat[0])
/scratch/jz4721/Post-prediction-Causal-Inference/venv/lib/python3.8/site-packages/numpy/core/getlimits.py:89: UserWarning: The value of the smallest subnormal for <class 'numpy.float64'> type is zero.
  return self._float_to_str(self.smallest_subnormal)
/scratch/jz4721/Post-prediction-Causal-Inference/venv/lib/python3.8/site-packages/numpy/core/getlimits.py:518: UserWarning: The value of the smallest subnormal for <class 'numpy.float32'> type is zero.
  setattr(self, word, getattr(machar, word).flat[0])
/scratch/jz4721/Post-prediction-Causal-Inference/venv/lib/python3.8/site-packages/numpy/core/getlimits.py:89: UserWarning: The value of the smallest subnormal for <class 'numpy.float32'> type is zero.
  return self._float_to_str(self.smallest_subnormal)
Begin
Training start
t1_obs:[array(95572.), array(80467.), array(76783.)] t2_obs:[array(90058.), array(74347.), array(67930.)]
corr_G1:[None, None, 0] corr_G2:[None, None, 0]
Training end
Task is 0.00% complete.
t1_sim:[62476. 62309. 65159.] t2_sim:[61159. 59126. 56931.]
Task is 1.00% complete.
t1_sim:[60442. 59445. 61521.] t2_sim:[68256. 66786. 67472.]
Task is 2.00% complete.
t1_sim:[65420. 64293. 65503.] t2_sim:[66374. 64312. 65403.]
Task is 3.00% complete.
t1_sim:[61766. 60746. 62133.] t2_sim:[65795. 65514. 67440.]
Task is 4.00% complete.
t1_sim:[66108. 66285. 65314.] t2_sim:[58281. 59300. 60035.]
Task is 5.00% complete.
t1_sim:[59595. 61782. 57361.] t2_sim:[59176. 58623. 59676.]
Task is 6.00% complete.
t1_sim:[63206. 61683. 61241.] t2_sim:[63787. 65597. 65672.]
Task is 7.00% complete.
t1_sim:[59448. 60282. 58943.] t2_sim:[56976. 57573. 58738.]
Task is 8.00% complete.
t1_sim:[59199. 59488. 63283.] t2_sim:[59250. 59890. 61970.]
Task is 9.00% complete.
t1_sim:[62629. 62545. 60678.] t2_sim:[64336. 65903. 67325.]
Task is 10.00% complete.
t1_sim:[61479. 62278. 57983.] t2_sim:[59987. 60512. 61232.]
Task is 11.00% complete.
t1_sim:[64567. 63047. 65076.] t2_sim:[63858. 62927. 60568.]
Task is 12.00% complete.
t1_sim:[59914. 59533. 59488.] t2_sim:[65203. 64575. 66317.]
Task is 13.00% complete.
t1_sim:[62542. 63168. 63817.] t2_sim:[60063. 59958. 59510.]
Task is 14.00% complete.
t1_sim:[59756. 59577. 59969.] t2_sim:[64974. 63653. 64049.]
Task is 15.00% complete.
t1_sim:[58578. 60563. 62625.] t2_sim:[61814. 62790. 61914.]
Task is 16.00% complete.
t1_sim:[62999. 63608. 63812.] t2_sim:[58203. 57973. 60807.]
Task is 17.00% complete.
t1_sim:[57221. 56579. 59376.] t2_sim:[64036. 65030. 64818.]
Task is 18.00% complete.
t1_sim:[61711. 62005. 58208.] t2_sim:[62032. 61851. 60174.]
Task is 19.00% complete.
t1_sim:[60257. 61810. 58930.] t2_sim:[67285. 66194. 69739.]
Task is 20.00% complete.
t1_sim:[63397. 63899. 63900.] t2_sim:[63398. 64233. 63641.]
Task is 21.00% complete.
t1_sim:[67139. 67391. 69922.] t2_sim:[62242. 61681. 62980.]
Task is 22.00% complete.
t1_sim:[64311. 65057. 64843.] t2_sim:[66705. 66459. 62505.]
Task is 23.00% complete.
t1_sim:[60406. 61234. 60341.] t2_sim:[62773. 63375. 60299.]
Task is 24.00% complete.
t1_sim:[67341. 66803. 66369.] t2_sim:[66879. 65919. 65467.]
Task is 25.00% complete.
t1_sim:[61553. 62026. 62482.] t2_sim:[58295. 59124. 58959.]
Task is 26.00% complete.
t1_sim:[53705. 54585. 51809.] t2_sim:[61708. 63561. 61377.]
Task is 27.00% complete.
t1_sim:[58280. 57895. 58618.] t2_sim:[62955. 63282. 61369.]
Task is 28.00% complete.
t1_sim:[58459. 58351. 61514.] t2_sim:[62711. 62573. 61227.]
Task is 29.00% complete.
t1_sim:[62941. 62827. 63492.] t2_sim:[67816. 67857. 64465.]
Task is 30.00% complete.
t1_sim:[67165. 67924. 66577.] t2_sim:[72687. 72586. 70621.]
Task is 31.00% complete.
t1_sim:[62732. 63847. 64156.] t2_sim:[63690. 64720. 62802.]
Task is 32.00% complete.
t1_sim:[65340. 63949. 65893.] t2_sim:[60710. 61687. 58529.]
Task is 33.00% complete.
t1_sim:[64862. 63679. 66182.] t2_sim:[61757. 60710. 62438.]
Task is 34.00% complete.
t1_sim:[70330. 69850. 69938.] t2_sim:[65958. 64552. 62711.]
Task is 35.00% complete.
t1_sim:[67012. 65522. 68537.] t2_sim:[64619. 63917. 62311.]
Task is 36.00% complete.
t1_sim:[57374. 56483. 56798.] t2_sim:[65717. 64532. 64671.]
Task is 37.00% complete.
t1_sim:[62937. 61832. 61170.] t2_sim:[60320. 59618. 62303.]
Task is 38.00% complete.
t1_sim:[65076. 63754. 63941.] t2_sim:[61976. 63947. 63774.]
Task is 39.00% complete.
t1_sim:[64275. 64076. 60408.] t2_sim:[61676. 60308. 60623.]
Task is 40.00% complete.
t1_sim:[59084. 59995. 60350.] t2_sim:[59415. 59403. 59434.]
Task is 41.00% complete.
t1_sim:[62770. 62556. 64535.] t2_sim:[57099. 56853. 58592.]
Task is 42.00% complete.
t1_sim:[65680. 66708. 66715.] t2_sim:[67830. 68038. 70343.]
Task is 43.00% complete.
t1_sim:[63460. 64429. 66466.] t2_sim:[63908. 64187. 61506.]
Task is 44.00% complete.
t1_sim:[63407. 62865. 64147.] t2_sim:[55260. 56634. 59986.]
Task is 45.00% complete.
t1_sim:[57774. 57682. 57164.] t2_sim:[64938. 62903. 62959.]
Task is 46.00% complete.
t1_sim:[60487. 60865. 60234.] t2_sim:[64145. 63936. 63300.]
Task is 47.00% complete.
t1_sim:[55543. 56458. 57693.] t2_sim:[59140. 59975. 59825.]
Task is 48.00% complete.
t1_sim:[62948. 64199. 63267.] t2_sim:[58878. 59973. 59061.]
Task is 49.00% complete.
t1_sim:[59191. 59161. 62101.] t2_sim:[59136. 58070. 60769.]
Task is 50.00% complete.
t1_sim:[58071. 56424. 59316.] t2_sim:[59751. 59849. 61065.]
Task is 51.00% complete.
t1_sim:[58064. 58932. 58390.] t2_sim:[69450. 68345. 68932.]
Task is 52.00% complete.
t1_sim:[66208. 64822. 66343.] t2_sim:[60607. 60135. 60691.]
Task is 53.00% complete.
t1_sim:[60318. 59970. 62384.] t2_sim:[61954. 62430. 59745.]
Task is 54.00% complete.
t1_sim:[59178. 58025. 57973.] t2_sim:[58929. 60197. 57874.]
Task is 55.00% complete.
t1_sim:[61675. 63514. 64075.] t2_sim:[63838. 64535. 62633.]
Task is 56.00% complete.
t1_sim:[66603. 65737. 63442.] t2_sim:[63731. 63611. 66101.]
Task is 57.00% complete.
t1_sim:[60570. 61307. 59445.] t2_sim:[62272. 60153. 64100.]
Task is 58.00% complete.
t1_sim:[61046. 60196. 61791.] t2_sim:[62514. 61168. 64568.]
Task is 59.00% complete.
t1_sim:[65155. 66659. 63866.] t2_sim:[59760. 60458. 60471.]
Task is 60.00% complete.
t1_sim:[61340. 61372. 62742.] t2_sim:[61934. 62409. 63088.]
Task is 61.00% complete.
t1_sim:[52390. 52308. 51584.] t2_sim:[58676. 60273. 60306.]
Task is 62.00% complete.
t1_sim:[51160. 51653. 51706.] t2_sim:[61996. 61718. 62203.]
Task is 63.00% complete.
t1_sim:[58441. 57496. 59842.] t2_sim:[63370. 63938. 60750.]
Task is 64.00% complete.
t1_sim:[64604. 64929. 64667.] t2_sim:[69106. 68405. 67562.]
Task is 65.00% complete.
t1_sim:[57360. 58038. 55684.] t2_sim:[64909. 66548. 66873.]
Task is 66.00% complete.
t1_sim:[68775. 68284. 67825.] t2_sim:[59769. 60784. 60127.]
Task is 67.00% complete.
t1_sim:[61870. 61816. 60993.] t2_sim:[66070. 62930. 63340.]
Task is 68.00% complete.
t1_sim:[61702. 61343. 61279.] t2_sim:[59914. 60949. 58957.]
Task is 69.00% complete.
t1_sim:[60318. 60292. 59402.] t2_sim:[59258. 59819. 56792.]
Task is 70.00% complete.
t1_sim:[59513. 59358. 61937.] t2_sim:[61258. 62720. 62529.]
Task is 71.00% complete.
t1_sim:[61576. 60044. 59861.] t2_sim:[65361. 61906. 65694.]
Task is 72.00% complete.
t1_sim:[59956. 58745. 61187.] t2_sim:[60535. 59217. 61191.]
Task is 73.00% complete.
t1_sim:[65827. 64688. 63820.] t2_sim:[62166. 60291. 62092.]
Task is 74.00% complete.
t1_sim:[65708. 65936. 65549.] t2_sim:[58944. 60193. 60077.]
Task is 75.00% complete.
t1_sim:[65838. 65163. 66170.] t2_sim:[62085. 63915. 61254.]
Task is 76.00% complete.
t1_sim:[59855. 58187. 59201.] t2_sim:[56935. 59724. 60155.]
Task is 77.00% complete.
t1_sim:[60283. 59246. 61036.] t2_sim:[59288. 59321. 58191.]
Task is 78.00% complete.
t1_sim:[62078. 62032. 61367.] t2_sim:[60711. 61728. 63075.]
Task is 79.00% complete.
t1_sim:[65972. 67987. 65038.] t2_sim:[61410. 62160. 58676.]
Task is 80.00% complete.
t1_sim:[61374. 60248. 61519.] t2_sim:[60194. 58654. 59277.]
Task is 81.00% complete.
t1_sim:[60367. 60296. 60441.] t2_sim:[59622. 58886. 57777.]
Task is 82.00% complete.
t1_sim:[60346. 60124. 60987.] t2_sim:[54747. 52951. 54566.]
Task is 83.00% complete.
t1_sim:[63517. 63646. 65699.] t2_sim:[56857. 58791. 58116.]
Task is 84.00% complete.
t1_sim:[65162. 65079. 63551.] t2_sim:[67978. 67398. 65757.]
Task is 85.00% complete.
t1_sim:[57349. 57670. 58547.] t2_sim:[64131. 65284. 61633.]
Task is 86.00% complete.
t1_sim:[61570. 60035. 61044.] t2_sim:[56500. 57706. 55549.]
Task is 87.00% complete.
t1_sim:[63315. 62355. 64371.] t2_sim:[64794. 65191. 67392.]
Task is 88.00% complete.
t1_sim:[60966. 60671. 62284.] t2_sim:[60829. 62082. 60127.]
Task is 89.00% complete.
t1_sim:[60043. 60900. 58590.] t2_sim:[59811. 57356. 62605.]
Task is 90.00% complete.
t1_sim:[58222. 58745. 60913.] t2_sim:[60260. 62428. 60706.]
Task is 91.00% complete.
t1_sim:[61749. 62605. 60061.] t2_sim:[66139. 66647. 67132.]
Task is 92.00% complete.
t1_sim:[63776. 63575. 64302.] t2_sim:[63432. 62120. 64630.]
Task is 93.00% complete.
t1_sim:[62480. 62814. 60659.] t2_sim:[62006. 62474. 60217.]
Task is 94.00% complete.
t1_sim:[65568. 64557. 65900.] t2_sim:[61984. 62962. 62698.]
Task is 95.00% complete.
t1_sim:[64717. 64123. 69493.] t2_sim:[62778. 62536. 61929.]
Task is 96.00% complete.
t1_sim:[60390. 59894. 57479.] t2_sim:[64943. 62996. 65398.]
Task is 97.00% complete.
t1_sim:[63749. 62772. 65725.] t2_sim:[56768. 57050. 53538.]
Task is 98.00% complete.
t1_sim:[63146. 63887. 60947.] t2_sim:[60900. 61373. 60945.]
Task is 99.00% complete.
t1_sim:[69986. 69306. 65638.] t2_sim:[61164. 62418. 58379.]
Training start
t1_obs:[array(95572.), array(80467.), array(80517.)] t2_obs:[array(90058.), array(74347.), array(71472.)]
corr_G1:[None, None, 0.9973963324465014] corr_G2:[None, None, 0.9816295238576644]
Training end
Task is 0.00% complete.
t1_sim:[60469. 61281. 61123.] t2_sim:[61723. 61059. 58645.]
Task is 1.00% complete.
t1_sim:[57046. 57577. 57649.] t2_sim:[67653. 69104. 68133.]
Task is 2.00% complete.
t1_sim:[59879. 61241. 60721.] t2_sim:[62855. 65323. 65283.]
Task is 3.00% complete.
t1_sim:[60104. 61586. 60652.] t2_sim:[61750. 61494. 62921.]
Task is 4.00% complete.
t1_sim:[61553. 61749. 62444.] t2_sim:[63038. 64185. 63687.]
Task is 5.00% complete.
t1_sim:[59763. 60861. 60196.] t2_sim:[63006. 62652. 64359.]
Task is 6.00% complete.
t1_sim:[59861. 61610. 59748.] t2_sim:[62715. 64181. 63840.]
Task is 7.00% complete.
t1_sim:[62499. 61974. 61229.] t2_sim:[62541. 63010. 63103.]
Task is 8.00% complete.
t1_sim:[61276. 61393. 60909.] t2_sim:[59038. 59399. 59790.]
Task is 9.00% complete.
t1_sim:[58750. 58930. 60589.] t2_sim:[67040. 66331. 67378.]
Task is 10.00% complete.
t1_sim:[57353. 56568. 58326.] t2_sim:[60286. 61153. 60245.]
Task is 11.00% complete.
t1_sim:[59072. 58962. 58984.] t2_sim:[62059. 62081. 63445.]
Task is 12.00% complete.
t1_sim:[65794. 65436. 65134.] t2_sim:[59139. 58279. 58934.]
Task is 13.00% complete.
t1_sim:[61230. 61094. 61542.] t2_sim:[65994. 64811. 66390.]
Task is 14.00% complete.
t1_sim:[61350. 62945. 61738.] t2_sim:[62067. 60959. 60402.]
Task is 15.00% complete.
t1_sim:[61799. 62329. 61949.] t2_sim:[63318. 63081. 62381.]
Task is 16.00% complete.
t1_sim:[61355. 62005. 62895.] t2_sim:[61620. 61679. 61138.]
Task is 17.00% complete.
t1_sim:[60004. 60778. 62267.] t2_sim:[64061. 62355. 61702.]
Task is 18.00% complete.
t1_sim:[63724. 63601. 63291.] t2_sim:[60624. 60339. 60003.]
Task is 19.00% complete.
t1_sim:[60240. 60348. 60070.] t2_sim:[62571. 62813. 61998.]
Task is 20.00% complete.
t1_sim:[68530. 70030. 68244.] t2_sim:[64015. 62835. 64873.]
Task is 21.00% complete.
t1_sim:[65572. 66071. 67411.] t2_sim:[68220. 67869. 67891.]
Task is 22.00% complete.
t1_sim:[64000. 63507. 65156.] t2_sim:[58002. 59502. 59341.]
Task is 23.00% complete.
t1_sim:[67185. 66639. 69383.] t2_sim:[65038. 67133. 66413.]
Task is 24.00% complete.
t1_sim:[59327. 60341. 58891.] t2_sim:[52025. 53235. 53097.]
Task is 25.00% complete.
t1_sim:[65782. 66490. 64406.] t2_sim:[66403. 67013. 68227.]
Task is 26.00% complete.
t1_sim:[59976. 58804. 58573.] t2_sim:[66838. 64992. 64328.]
Task is 27.00% complete.
t1_sim:[68578. 68920. 68308.] t2_sim:[59492. 60142. 60594.]
Task is 28.00% complete.
t1_sim:[66030. 65279. 66279.] t2_sim:[66015. 65906. 65632.]
Task is 29.00% complete.
t1_sim:[61550. 63027. 62057.] t2_sim:[65235. 64327. 64046.]
Task is 30.00% complete.
t1_sim:[66188. 65972. 65794.] t2_sim:[63355. 62565. 62104.]
Task is 31.00% complete.
t1_sim:[57198. 56794. 57780.] t2_sim:[65969. 64628. 64255.]
Task is 32.00% complete.
t1_sim:[62928. 62320. 62266.] t2_sim:[59725. 60494. 60966.]
Task is 33.00% complete.
t1_sim:[64829. 67302. 67131.] t2_sim:[64011. 64266. 63043.]
Task is 34.00% complete.
t1_sim:[60852. 62472. 62672.] t2_sim:[60998. 61547. 60867.]
Task is 35.00% complete.
t1_sim:[61472. 62161. 61054.] t2_sim:[60032. 59184. 58922.]
Task is 36.00% complete.
t1_sim:[60153. 60782. 61255.] t2_sim:[58624. 60400. 61420.]
Task is 37.00% complete.
t1_sim:[67155. 66270. 67638.] t2_sim:[62443. 62183. 63021.]
Task is 38.00% complete.
t1_sim:[57958. 56113. 54697.] t2_sim:[56948. 58300. 56398.]
Task is 39.00% complete.
t1_sim:[62500. 62446. 60870.] t2_sim:[66141. 64756. 65098.]
Task is 40.00% complete.
t1_sim:[60194. 59307. 58861.] t2_sim:[60586. 60225. 61787.]
Task is 41.00% complete.
t1_sim:[56511. 57304. 57292.] t2_sim:[62578. 63475. 63833.]
Task is 42.00% complete.
t1_sim:[69287. 67677. 67611.] t2_sim:[59221. 59529. 59642.]
Task is 43.00% complete.
t1_sim:[56352. 56407. 55601.] t2_sim:[65022. 65684. 64580.]
Task is 44.00% complete.
t1_sim:[63118. 61199. 62149.] t2_sim:[58190. 59803. 58665.]
Task is 45.00% complete.
t1_sim:[67239. 66183. 67090.] t2_sim:[65657. 64131. 66004.]
Task is 46.00% complete.
t1_sim:[63866. 64184. 64500.] t2_sim:[62528. 64515. 63753.]
Task is 47.00% complete.
t1_sim:[63141. 62362. 63927.] t2_sim:[67999. 67578. 68310.]
Task is 48.00% complete.
t1_sim:[62592. 63832. 63691.] t2_sim:[64293. 64080. 65654.]
Task is 49.00% complete.
t1_sim:[60283. 59780. 60332.] t2_sim:[64941. 66071. 67232.]
Task is 50.00% complete.
t1_sim:[64401. 62199. 63321.] t2_sim:[66694. 67044. 64321.]
Task is 51.00% complete.
t1_sim:[67718. 66143. 67462.] t2_sim:[64608. 64676. 63816.]
Task is 52.00% complete.
t1_sim:[62152. 63061. 63079.] t2_sim:[62028. 65710. 64395.]
Task is 53.00% complete.
t1_sim:[66730. 65949. 65689.] t2_sim:[58189. 57510. 58503.]
Task is 54.00% complete.
t1_sim:[60104. 61034. 60628.] t2_sim:[64629. 63799. 63893.]
Task is 55.00% complete.
t1_sim:[61802. 63170. 63645.] t2_sim:[63572. 62265. 61489.]
Task is 56.00% complete.
t1_sim:[62939. 62998. 62680.] t2_sim:[62230. 63141. 64951.]
Task is 57.00% complete.
t1_sim:[64447. 63041. 65775.] t2_sim:[63442. 63238. 63722.]
Task is 58.00% complete.
t1_sim:[59814. 60759. 58879.] t2_sim:[62847. 63809. 62554.]
Task is 59.00% complete.
t1_sim:[64120. 66561. 65921.] t2_sim:[54670. 54679. 54490.]
Task is 60.00% complete.
t1_sim:[65669. 65535. 65905.] t2_sim:[63478. 62848. 60935.]
Task is 61.00% complete.
t1_sim:[60961. 61301. 60964.] t2_sim:[60876. 60087. 59927.]
Task is 62.00% complete.
t1_sim:[62246. 63520. 63300.] t2_sim:[59813. 61281. 59305.]
Task is 63.00% complete.
t1_sim:[61585. 59964. 59765.] t2_sim:[64676. 62742. 63740.]
Task is 64.00% complete.
t1_sim:[60339. 58394. 60598.] t2_sim:[64498. 64147. 64581.]
Task is 65.00% complete.
t1_sim:[66664. 66190. 65215.] t2_sim:[61746. 62873. 63789.]
Task is 66.00% complete.
t1_sim:[69176. 69274. 68866.] t2_sim:[61156. 61736. 61529.]
Task is 67.00% complete.
t1_sim:[67649. 66996. 66896.] t2_sim:[58647. 58656. 58023.]
Task is 68.00% complete.
t1_sim:[61338. 60615. 60981.] t2_sim:[61152. 61927. 60343.]
Task is 69.00% complete.
t1_sim:[66667. 67060. 66345.] t2_sim:[65371. 63241. 62954.]
Task is 70.00% complete.
t1_sim:[66533. 66134. 65110.] t2_sim:[67134. 67646. 69357.]
Task is 71.00% complete.
t1_sim:[61468. 61003. 62060.] t2_sim:[63917. 63889. 63581.]
Task is 72.00% complete.
t1_sim:[64341. 63289. 64076.] t2_sim:[64386. 64553. 65598.]
Task is 73.00% complete.
t1_sim:[68776. 68654. 68851.] t2_sim:[67638. 68265. 70092.]
Task is 74.00% complete.
t1_sim:[65757. 65455. 65859.] t2_sim:[61244. 62574. 63828.]
Task is 75.00% complete.
t1_sim:[56239. 54138. 54152.] t2_sim:[61994. 62980. 63378.]
Task is 76.00% complete.
t1_sim:[65941. 67122. 65812.] t2_sim:[69227. 67793. 67405.]
Task is 77.00% complete.
t1_sim:[61099. 62310. 63917.] t2_sim:[62084. 61105. 60723.]
Task is 78.00% complete.
t1_sim:[59641. 59370. 59679.] t2_sim:[59309. 59805. 59384.]
Task is 79.00% complete.
t1_sim:[59073. 59508. 58892.] t2_sim:[65934. 65012. 66043.]
Task is 80.00% complete.
t1_sim:[54363. 54299. 52320.] t2_sim:[62302. 62959. 62290.]
Task is 81.00% complete.
t1_sim:[60645. 60266. 61898.] t2_sim:[62648. 65247. 63263.]
Task is 82.00% complete.
t1_sim:[64238. 63812. 61183.] t2_sim:[67031. 67576. 66757.]
Task is 83.00% complete.
t1_sim:[60289. 61763. 62504.] t2_sim:[68953. 69310. 68887.]
Task is 84.00% complete.
t1_sim:[64358. 67438. 65180.] t2_sim:[66357. 63991. 63020.]
Task is 85.00% complete.
t1_sim:[63781. 63835. 64210.] t2_sim:[58815. 60396. 59969.]
Task is 86.00% complete.
t1_sim:[61732. 63188. 61193.] t2_sim:[61385. 61449. 60625.]
Task is 87.00% complete.
t1_sim:[61409. 60768. 60717.] t2_sim:[61892. 62874. 62608.]
Task is 88.00% complete.
t1_sim:[54308. 56921. 56664.] t2_sim:[67646. 67813. 66982.]
Task is 89.00% complete.
t1_sim:[64715. 66480. 67914.] t2_sim:[64231. 61420. 64056.]
Task is 90.00% complete.
t1_sim:[64234. 64652. 63669.] t2_sim:[57442. 58397. 56965.]
Task is 91.00% complete.
t1_sim:[58650. 58971. 57839.] t2_sim:[64160. 63377. 63328.]
Task is 92.00% complete.
t1_sim:[66907. 65159. 65909.] t2_sim:[63934. 62676. 64752.]
Task is 93.00% complete.
t1_sim:[63586. 62220. 63687.] t2_sim:[64112. 64621. 64218.]
Task is 94.00% complete.
t1_sim:[59462. 60833. 59845.] t2_sim:[67873. 67771. 67344.]
Task is 95.00% complete.
t1_sim:[60551. 60376. 60308.] t2_sim:[62162. 62506. 64959.]
Task is 96.00% complete.
t1_sim:[63655. 63052. 65064.] t2_sim:[63887. 62828. 61962.]
Task is 97.00% complete.
t1_sim:[60964. 61480. 61730.] t2_sim:[59923. 59372. 60458.]
Task is 98.00% complete.
t1_sim:[61360. 62083. 61949.] t2_sim:[63772. 63540. 64759.]
Task is 99.00% complete.
t1_sim:[62513. 62859. 62064.] t2_sim:[58591. 58924. 59307.]
Training start
t1_obs:[array(95572.), array(80467.), array(77398.)] t2_obs:[array(90058.), array(74347.), array(67113.)]
corr_G1:[None, None, 0.07630316265047878] corr_G2:[None, None, 0.09728676331322485]
Training end
Task is 0.00% complete.
t1_sim:[57874. 57172. 54222.] t2_sim:[61292. 63502. 60354.]
Task is 1.00% complete.
t1_sim:[61725. 62890. 60289.] t2_sim:[56139. 54732. 53071.]
Task is 2.00% complete.
t1_sim:[62507. 61914. 59611.] t2_sim:[68561. 67357. 64974.]
Task is 3.00% complete.
t1_sim:[66049. 65275. 61424.] t2_sim:[59909. 61454. 59700.]
Task is 4.00% complete.
t1_sim:[56068. 57345. 53969.] t2_sim:[68640. 67455. 64947.]
Task is 5.00% complete.
t1_sim:[58886. 59945. 56793.] t2_sim:[60756. 59604. 60155.]
Task is 6.00% complete.
t1_sim:[59123. 59869. 55566.] t2_sim:[59353. 59666. 57968.]
Task is 7.00% complete.
t1_sim:[63002. 62299. 58637.] t2_sim:[61992. 59451. 56612.]
Task is 8.00% complete.
t1_sim:[57355. 58245. 54643.] t2_sim:[61110. 60808. 58153.]
Task is 9.00% complete.
t1_sim:[60460. 62631. 57639.] t2_sim:[62134. 62457. 60250.]
Task is 10.00% complete.
t1_sim:[64756. 64017. 58812.] t2_sim:[63260. 62494. 58341.]
Task is 11.00% complete.
t1_sim:[61341. 61445. 58982.] t2_sim:[62150. 62709. 58273.]
Task is 12.00% complete.
t1_sim:[64116. 62186. 59373.] t2_sim:[62070. 61837. 57444.]
Task is 13.00% complete.
t1_sim:[64136. 64479. 62635.] t2_sim:[63645. 65008. 60068.]
Task is 14.00% complete.
t1_sim:[65114. 62644. 60586.] t2_sim:[68374. 69456. 65031.]
Task is 15.00% complete.
t1_sim:[61981. 62133. 59947.] t2_sim:[65055. 64873. 61951.]
Task is 16.00% complete.
t1_sim:[66772. 65534. 63341.] t2_sim:[61871. 61701. 59972.]
Task is 17.00% complete.
t1_sim:[62423. 62605. 57580.] t2_sim:[59670. 60641. 59094.]
Task is 18.00% complete.
t1_sim:[59821. 61200. 57277.] t2_sim:[62291. 61525. 57903.]
Task is 19.00% complete.
t1_sim:[57473. 57359. 53952.] t2_sim:[62528. 63822. 60714.]
Task is 20.00% complete.
t1_sim:[64412. 63717. 59559.] t2_sim:[67077. 65254. 65257.]
Task is 21.00% complete.
t1_sim:[60444. 60537. 59100.] t2_sim:[60198. 60832. 58251.]
Task is 22.00% complete.
t1_sim:[64253. 64488. 59761.] t2_sim:[59194. 58818. 58529.]
Task is 23.00% complete.
t1_sim:[61713. 60197. 56553.] t2_sim:[70387. 69026. 66436.]
Task is 24.00% complete.
t1_sim:[62016. 61491. 58781.] t2_sim:[65361. 64422. 61429.]
Task is 25.00% complete.
t1_sim:[59431. 58823. 54964.] t2_sim:[64491. 64007. 59570.]
Task is 26.00% complete.
t1_sim:[70342. 69844. 67819.] t2_sim:[60077. 61387. 56758.]
Task is 27.00% complete.
t1_sim:[63202. 61942. 60845.] t2_sim:[60351. 60343. 57058.]
Task is 28.00% complete.
t1_sim:[65456. 67480. 64017.] t2_sim:[58490. 60069. 57271.]
Task is 29.00% complete.
t1_sim:[60498. 60691. 58839.] t2_sim:[67493. 68051. 65346.]
Task is 30.00% complete.
t1_sim:[60771. 61226. 58255.] t2_sim:[67713. 66826. 63511.]
Task is 31.00% complete.
t1_sim:[66438. 67664. 63208.] t2_sim:[60097. 61250. 56953.]
Task is 32.00% complete.
t1_sim:[58698. 58747. 55613.] t2_sim:[64983. 66398. 63376.]
Task is 33.00% complete.
t1_sim:[64528. 64132. 59638.] t2_sim:[64717. 64179. 61756.]
Task is 34.00% complete.
t1_sim:[66700. 68606. 62070.] t2_sim:[60490. 60711. 60606.]
Task is 35.00% complete.
t1_sim:[65190. 64248. 61634.] t2_sim:[63222. 64944. 63167.]
Task is 36.00% complete.
t1_sim:[69002. 69325. 68230.] t2_sim:[62196. 62047. 59155.]
Task is 37.00% complete.
t1_sim:[63770. 63562. 61260.] t2_sim:[67805. 68691. 64697.]
Task is 38.00% complete.
t1_sim:[59561. 59027. 56412.] t2_sim:[58029. 59972. 57182.]
Task is 39.00% complete.
t1_sim:[63258. 61269. 56571.] t2_sim:[59843. 59263. 55679.]
Task is 40.00% complete.
t1_sim:[63196. 62843. 60169.] t2_sim:[63052. 62897. 59960.]
Task is 41.00% complete.
t1_sim:[64717. 64761. 64178.] t2_sim:[60499. 60382. 57473.]
Task is 42.00% complete.
t1_sim:[63702. 64092. 60981.] t2_sim:[56252. 57210. 57105.]
Task is 43.00% complete.
t1_sim:[62943. 63892. 59675.] t2_sim:[63780. 63056. 61935.]
Task is 44.00% complete.
t1_sim:[56162. 55962. 54794.] t2_sim:[61752. 61668. 60932.]
Task is 45.00% complete.
t1_sim:[62058. 63120. 57838.] t2_sim:[68376. 68323. 67848.]
Task is 46.00% complete.
t1_sim:[61105. 61345. 58851.] t2_sim:[61995. 64515. 62971.]
Task is 47.00% complete.
t1_sim:[61597. 62043. 57539.] t2_sim:[62331. 61790. 58759.]
Task is 48.00% complete.
t1_sim:[61981. 60580. 56434.] t2_sim:[62721. 64949. 61815.]
Task is 49.00% complete.
t1_sim:[60889. 61318. 58737.] t2_sim:[62188. 60098. 58611.]
Task is 50.00% complete.
t1_sim:[62873. 63030. 58897.] t2_sim:[58831. 59065. 57089.]
Task is 51.00% complete.
t1_sim:[61479. 61437. 58266.] t2_sim:[57962. 59181. 56507.]
Task is 52.00% complete.
t1_sim:[59035. 59688. 54528.] t2_sim:[58800. 59474. 56805.]
Task is 53.00% complete.
t1_sim:[61256. 62248. 58341.] t2_sim:[65432. 65844. 63330.]
Task is 54.00% complete.
t1_sim:[60727. 62619. 58125.] t2_sim:[60126. 59242. 57393.]
Task is 55.00% complete.
t1_sim:[61005. 61059. 57611.] t2_sim:[64900. 64607. 62308.]
Task is 56.00% complete.
t1_sim:[63257. 64595. 60730.] t2_sim:[61721. 63989. 61318.]
Task is 57.00% complete.
t1_sim:[63228. 62486. 59119.] t2_sim:[62805. 64156. 63390.]
Task is 58.00% complete.
t1_sim:[60501. 61745. 58850.] t2_sim:[63998. 62683. 58440.]
Task is 59.00% complete.
t1_sim:[67153. 66849. 64031.] t2_sim:[60666. 60471. 58747.]
Task is 60.00% complete.
t1_sim:[62936. 62642. 59595.] t2_sim:[63114. 61386. 58925.]
Task is 61.00% complete.
t1_sim:[64600. 62944. 59785.] t2_sim:[64250. 64224. 62329.]
Task is 62.00% complete.
t1_sim:[58151. 57891. 55841.] t2_sim:[54069. 54572. 53846.]
Task is 63.00% complete.
t1_sim:[64287. 64574. 59889.] t2_sim:[59072. 59804. 58561.]
Task is 64.00% complete.
t1_sim:[64714. 65341. 62598.] t2_sim:[63410. 64330. 60322.]
Task is 65.00% complete.
t1_sim:[64459. 65284. 60970.] t2_sim:[65914. 64208. 60748.]
Task is 66.00% complete.
t1_sim:[64256. 63258. 60608.] t2_sim:[62953. 64221. 61073.]
Task is 67.00% complete.
t1_sim:[59555. 57994. 53856.] t2_sim:[65873. 66607. 66139.]
Task is 68.00% complete.
t1_sim:[62588. 65306. 62592.] t2_sim:[60291. 60262. 59560.]
Task is 69.00% complete.
t1_sim:[62660. 64508. 59854.] t2_sim:[70684. 70188. 66858.]
Task is 70.00% complete.
t1_sim:[64038. 62206. 58120.] t2_sim:[63294. 62539. 60078.]
Task is 71.00% complete.
t1_sim:[68551. 68254. 63981.] t2_sim:[61595. 62270. 62489.]
Task is 72.00% complete.
t1_sim:[65724. 65483. 61648.] t2_sim:[66021. 68110. 63038.]
Task is 73.00% complete.
t1_sim:[64350. 63249. 59493.] t2_sim:[60059. 59137. 57893.]
Task is 74.00% complete.
t1_sim:[64313. 63481. 60893.] t2_sim:[65982. 65547. 61871.]
Task is 75.00% complete.
t1_sim:[63161. 63167. 59686.] t2_sim:[64900. 64682. 61589.]
Task is 76.00% complete.
t1_sim:[60698. 60117. 57477.] t2_sim:[57160. 58609. 55885.]
Task is 77.00% complete.
t1_sim:[57748. 56544. 53934.] t2_sim:[66514. 65467. 62953.]
Task is 78.00% complete.
t1_sim:[66314. 66048. 62125.] t2_sim:[62593. 63312. 60155.]
Task is 79.00% complete.
t1_sim:[65300. 64041. 60761.] t2_sim:[63988. 65693. 61513.]
Task is 80.00% complete.
t1_sim:[63874. 63511. 60756.] t2_sim:[66263. 65140. 64461.]
Task is 81.00% complete.
t1_sim:[62470. 61865. 59894.] t2_sim:[53077. 52797. 49666.]
Task is 82.00% complete.
t1_sim:[63420. 62700. 58990.] t2_sim:[59888. 58331. 56251.]
Task is 83.00% complete.
t1_sim:[61297. 62277. 58497.] t2_sim:[60015. 61096. 58883.]
Task is 84.00% complete.
t1_sim:[66517. 66192. 61383.] t2_sim:[63334. 64199. 60394.]
Task is 85.00% complete.
t1_sim:[64855. 65987. 63182.] t2_sim:[60815. 60611. 57555.]
Task is 86.00% complete.
t1_sim:[63908. 62848. 58158.] t2_sim:[62029. 61941. 59181.]
Task is 87.00% complete.
t1_sim:[61012. 61759. 57339.] t2_sim:[62262. 63295. 60666.]
Task is 88.00% complete.
t1_sim:[61430. 60922. 58539.] t2_sim:[64037. 64732. 61620.]
Task is 89.00% complete.
t1_sim:[62572. 63062. 60014.] t2_sim:[61344. 62018. 62165.]
Task is 90.00% complete.
t1_sim:[60224. 59806. 55014.] t2_sim:[68738. 68610. 62646.]
Task is 91.00% complete.
t1_sim:[63719. 63686. 59637.] t2_sim:[70484. 70545. 68530.]
Task is 92.00% complete.
t1_sim:[63912. 64348. 59698.] t2_sim:[65463. 65880. 63158.]
Task is 93.00% complete.
t1_sim:[60627. 61004. 57028.] t2_sim:[66809. 65529. 62897.]
Task is 94.00% complete.
t1_sim:[63432. 63749. 60404.] t2_sim:[58665. 60679. 58940.]
Task is 95.00% complete.
t1_sim:[65346. 65402. 62673.] t2_sim:[61411. 62505. 58850.]
Task is 96.00% complete.
t1_sim:[61821. 63195. 59284.] t2_sim:[62635. 62182. 60047.]
Task is 97.00% complete.
t1_sim:[67098. 66809. 63482.] t2_sim:[65217. 64950. 64104.]
Task is 98.00% complete.
t1_sim:[69825. 70098. 67190.] t2_sim:[66860. 68111. 62813.]
Task is 99.00% complete.
t1_sim:[67705. 66982. 63276.] t2_sim:[61900. 61022. 59032.]
Finished
