/scratch/jz4721/Post-prediction-Causal-Inference/venv/lib/python3.8/site-packages/numpy/core/getlimits.py:518: UserWarning: The value of the smallest subnormal for <class 'numpy.float64'> type is zero.
  setattr(self, word, getattr(machar, word).flat[0])
/scratch/jz4721/Post-prediction-Causal-Inference/venv/lib/python3.8/site-packages/numpy/core/getlimits.py:89: UserWarning: The value of the smallest subnormal for <class 'numpy.float64'> type is zero.
  return self._float_to_str(self.smallest_subnormal)
/scratch/jz4721/Post-prediction-Causal-Inference/venv/lib/python3.8/site-packages/numpy/core/getlimits.py:518: UserWarning: The value of the smallest subnormal for <class 'numpy.float32'> type is zero.
  setattr(self, word, getattr(machar, word).flat[0])
/scratch/jz4721/Post-prediction-Causal-Inference/venv/lib/python3.8/site-packages/numpy/core/getlimits.py:89: UserWarning: The value of the smallest subnormal for <class 'numpy.float32'> type is zero.
  return self._float_to_str(self.smallest_subnormal)
Begin
Training start
t1_obs:[array(92820.), array(85213.), array(71140.)] t2_obs:[array(87651.), array(78901.), array(69602.)]
corr_G1:[None, None, 0] corr_G2:[None, None, 0]
Training end
Task is 0.00% complete.
t1_sim:[60620. 61349. 64595.] t2_sim:[67073. 66756. 62536.]
Task is 1.00% complete.
t1_sim:[61800. 62154. 65253.] t2_sim:[62965. 64394. 67289.]
Task is 2.00% complete.
t1_sim:[61350. 62364. 59520.] t2_sim:[64450. 63174. 63514.]
Task is 3.00% complete.
t1_sim:[60505. 61218. 62204.] t2_sim:[60211. 59788. 62161.]
Task is 4.00% complete.
t1_sim:[60074. 59641. 61326.] t2_sim:[59054. 58807. 61209.]
Task is 5.00% complete.
t1_sim:[60963. 60661. 59332.] t2_sim:[63622. 63024. 62325.]
Task is 6.00% complete.
t1_sim:[67994. 69125. 71653.] t2_sim:[66399. 66486. 65932.]
Task is 7.00% complete.
t1_sim:[66601. 68190. 67145.] t2_sim:[63748. 61976. 61007.]
Task is 8.00% complete.
t1_sim:[67428. 68753. 67760.] t2_sim:[64912. 64575. 67809.]
Task is 9.00% complete.
t1_sim:[65926. 66196. 63013.] t2_sim:[67343. 68834. 65862.]
Task is 10.00% complete.
t1_sim:[61540. 61180. 62247.] t2_sim:[61679. 60590. 58975.]
Task is 11.00% complete.
t1_sim:[61432. 61156. 61664.] t2_sim:[67665. 67405. 70339.]
Task is 12.00% complete.
t1_sim:[64897. 64372. 65227.] t2_sim:[60285. 58842. 59381.]
Task is 13.00% complete.
t1_sim:[63246. 62902. 62050.] t2_sim:[63082. 62704. 65404.]
Task is 14.00% complete.
t1_sim:[60157. 60805. 61025.] t2_sim:[62992. 61748. 62770.]
Task is 15.00% complete.
t1_sim:[63117. 63787. 63229.] t2_sim:[68389. 68018. 67169.]
Task is 16.00% complete.
t1_sim:[61426. 61983. 58799.] t2_sim:[62214. 60886. 62588.]
Task is 17.00% complete.
t1_sim:[61873. 62850. 62042.] t2_sim:[62513. 64583. 62161.]
Task is 18.00% complete.
t1_sim:[65386. 64751. 65084.] t2_sim:[58870. 59518. 60200.]
Task is 19.00% complete.
t1_sim:[62577. 64502. 62355.] t2_sim:[60431. 59619. 61363.]
Task is 20.00% complete.
t1_sim:[63938. 62862. 62181.] t2_sim:[66479. 66033. 65930.]
Task is 21.00% complete.
t1_sim:[62944. 63257. 65067.] t2_sim:[62007. 63855. 63051.]
Task is 22.00% complete.
t1_sim:[59711. 59069. 60744.] t2_sim:[65812. 65707. 60374.]
Task is 23.00% complete.
t1_sim:[59546. 60201. 57673.] t2_sim:[58503. 58739. 58641.]
Task is 24.00% complete.
t1_sim:[56090. 55717. 54603.] t2_sim:[59905. 60428. 61955.]
Task is 25.00% complete.
t1_sim:[59678. 58821. 62373.] t2_sim:[61307. 60746. 60256.]
Task is 26.00% complete.
t1_sim:[61374. 61210. 62376.] t2_sim:[68787. 68491. 68907.]
Task is 27.00% complete.
t1_sim:[62911. 63937. 63729.] t2_sim:[63870. 64497. 63462.]
Task is 28.00% complete.
t1_sim:[60291. 60602. 58443.] t2_sim:[64020. 63630. 63767.]
Task is 29.00% complete.
t1_sim:[62880. 63244. 63324.] t2_sim:[65082. 65090. 63477.]
Task is 30.00% complete.
t1_sim:[60015. 60485. 62086.] t2_sim:[60205. 60931. 61310.]
Task is 31.00% complete.
t1_sim:[60805. 60415. 62977.] t2_sim:[59158. 58917. 63374.]
Task is 32.00% complete.
t1_sim:[56950. 57207. 55940.] t2_sim:[66973. 67544. 64282.]
Task is 33.00% complete.
t1_sim:[65717. 66324. 64795.] t2_sim:[64981. 64918. 62648.]
Task is 34.00% complete.
t1_sim:[62501. 62829. 59521.] t2_sim:[58635. 58463. 58931.]
Task is 35.00% complete.
t1_sim:[64551. 64226. 62449.] t2_sim:[65772. 66157. 63052.]
Task is 36.00% complete.
t1_sim:[62436. 61566. 65631.] t2_sim:[56196. 57003. 60895.]
Task is 37.00% complete.
t1_sim:[60222. 58794. 59987.] t2_sim:[64766. 64618. 67237.]
Task is 38.00% complete.
t1_sim:[64958. 65037. 66376.] t2_sim:[60419. 60811. 59931.]
Task is 39.00% complete.
t1_sim:[60743. 60643. 61814.] t2_sim:[66822. 66856. 69953.]
Task is 40.00% complete.
t1_sim:[60145. 59167. 58409.] t2_sim:[62692. 63632. 63304.]
Task is 41.00% complete.
t1_sim:[66873. 65847. 65036.] t2_sim:[56826. 56509. 56642.]
Task is 42.00% complete.
t1_sim:[62069. 61653. 62470.] t2_sim:[63070. 62614. 62634.]
Task is 43.00% complete.
t1_sim:[58834. 58954. 58977.] t2_sim:[65778. 66369. 66475.]
Task is 44.00% complete.
t1_sim:[56649. 57104. 59440.] t2_sim:[66457. 65136. 69334.]
Task is 45.00% complete.
t1_sim:[59720. 59638. 61214.] t2_sim:[56361. 56490. 55521.]
Task is 46.00% complete.
t1_sim:[64654. 64738. 64911.] t2_sim:[62928. 62153. 60494.]
Task is 47.00% complete.
t1_sim:[63403. 62757. 62865.] t2_sim:[63547. 63629. 63436.]
Task is 48.00% complete.
t1_sim:[67896. 68604. 64394.] t2_sim:[68883. 68297. 67047.]
Task is 49.00% complete.
t1_sim:[66418. 67783. 66101.] t2_sim:[57891. 57333. 59672.]
Task is 50.00% complete.
t1_sim:[61497. 61130. 61210.] t2_sim:[59198. 60777. 62162.]
Task is 51.00% complete.
t1_sim:[64112. 65184. 64459.] t2_sim:[67052. 66706. 66629.]
Task is 52.00% complete.
t1_sim:[63390. 64401. 61986.] t2_sim:[56741. 57730. 59021.]
Task is 53.00% complete.
t1_sim:[61225. 61692. 62437.] t2_sim:[60604. 58754. 58792.]
Task is 54.00% complete.
t1_sim:[64519. 64231. 59927.] t2_sim:[68142. 69667. 66838.]
Task is 55.00% complete.
t1_sim:[59421. 60847. 60807.] t2_sim:[57952. 57847. 59188.]
Task is 56.00% complete.
t1_sim:[64056. 64458. 64138.] t2_sim:[64027. 63299. 65070.]
Task is 57.00% complete.
t1_sim:[63270. 64246. 62950.] t2_sim:[55504. 55303. 56436.]
Task is 58.00% complete.
t1_sim:[57308. 58032. 59849.] t2_sim:[60148. 60131. 59922.]
Task is 59.00% complete.
t1_sim:[60718. 60345. 58761.] t2_sim:[62690. 64703. 64594.]
Task is 60.00% complete.
t1_sim:[63772. 65314. 62516.] t2_sim:[65904. 65181. 62528.]
Task is 61.00% complete.
t1_sim:[64520. 64305. 64745.] t2_sim:[57804. 56984. 58411.]
Task is 62.00% complete.
t1_sim:[63032. 63319. 59717.] t2_sim:[67906. 69369. 70149.]
Task is 63.00% complete.
t1_sim:[62288. 62131. 60736.] t2_sim:[64615. 65350. 62942.]
Task is 64.00% complete.
t1_sim:[62904. 62817. 62464.] t2_sim:[63788. 64838. 66204.]
Task is 65.00% complete.
t1_sim:[62278. 62078. 62647.] t2_sim:[60104. 59769. 58251.]
Task is 66.00% complete.
t1_sim:[65052. 65910. 64075.] t2_sim:[56947. 56991. 60843.]
Task is 67.00% complete.
t1_sim:[58211. 58508. 57224.] t2_sim:[63662. 64147. 64327.]
Task is 68.00% complete.
t1_sim:[58483. 58839. 59939.] t2_sim:[56731. 57652. 57237.]
Task is 69.00% complete.
t1_sim:[64949. 65794. 65821.] t2_sim:[59020. 60235. 62255.]
Task is 70.00% complete.
t1_sim:[62401. 62041. 62174.] t2_sim:[62033. 62970. 64096.]
Task is 71.00% complete.
t1_sim:[60173. 59544. 60139.] t2_sim:[61421. 61766. 61848.]
Task is 72.00% complete.
t1_sim:[64734. 64410. 66298.] t2_sim:[56609. 56308. 57140.]
Task is 73.00% complete.
t1_sim:[62730. 63171. 62534.] t2_sim:[60547. 62057. 63121.]
Task is 74.00% complete.
t1_sim:[59294. 59157. 61244.] t2_sim:[60257. 60505. 60228.]
Task is 75.00% complete.
t1_sim:[62686. 62861. 64238.] t2_sim:[60381. 60077. 59580.]
Task is 76.00% complete.
t1_sim:[56699. 57843. 58310.] t2_sim:[69822. 70037. 66686.]
Task is 77.00% complete.
t1_sim:[62953. 62414. 60959.] t2_sim:[61234. 62447. 63751.]
Task is 78.00% complete.
t1_sim:[65516. 63579. 64624.] t2_sim:[65797. 66552. 67305.]
Task is 79.00% complete.
t1_sim:[66688. 65673. 63730.] t2_sim:[60793. 60645. 61667.]
Task is 80.00% complete.
t1_sim:[62188. 62907. 61058.] t2_sim:[64634. 64541. 64093.]
Task is 81.00% complete.
t1_sim:[64646. 64655. 63710.] t2_sim:[69217. 68670. 65575.]
Task is 82.00% complete.
t1_sim:[60090. 60122. 60337.] t2_sim:[65106. 64697. 66476.]
Task is 83.00% complete.
t1_sim:[65232. 65683. 64227.] t2_sim:[62167. 62611. 62527.]
Task is 84.00% complete.
t1_sim:[64847. 65554. 64032.] t2_sim:[64578. 64277. 64052.]
Task is 85.00% complete.
t1_sim:[60655. 59882. 60544.] t2_sim:[60463. 59940. 60477.]
Task is 86.00% complete.
t1_sim:[64097. 64854. 62001.] t2_sim:[62665. 62568. 63176.]
Task is 87.00% complete.
t1_sim:[56896. 57474. 54385.] t2_sim:[63351. 63670. 67994.]
Task is 88.00% complete.
t1_sim:[59341. 60247. 62044.] t2_sim:[60483. 61407. 60277.]
Task is 89.00% complete.
t1_sim:[65330. 63615. 66341.] t2_sim:[64725. 65361. 64708.]
Task is 90.00% complete.
t1_sim:[59806. 60201. 61533.] t2_sim:[64369. 64813. 62244.]
Task is 91.00% complete.
t1_sim:[61643. 62139. 63228.] t2_sim:[61663. 61194. 60494.]
Task is 92.00% complete.
t1_sim:[62155. 62441. 62732.] t2_sim:[61845. 61509. 61759.]
Task is 93.00% complete.
t1_sim:[62687. 61977. 58225.] t2_sim:[63719. 63775. 60864.]
Task is 94.00% complete.
t1_sim:[53125. 54247. 56213.] t2_sim:[59095. 58215. 57061.]
Task is 95.00% complete.
t1_sim:[62075. 61785. 65676.] t2_sim:[67756. 67615. 68264.]
Task is 96.00% complete.
t1_sim:[59226. 59698. 58488.] t2_sim:[65715. 67545. 68398.]
Task is 97.00% complete.
t1_sim:[60143. 61858. 64096.] t2_sim:[62463. 60413. 66270.]
Task is 98.00% complete.
t1_sim:[67971. 68443. 67330.] t2_sim:[60755. 59909. 59109.]
Task is 99.00% complete.
t1_sim:[60556. 60902. 59732.] t2_sim:[61249. 61951. 61028.]
Training start
t1_obs:[array(92820.), array(85213.), array(75884.)] t2_obs:[array(87651.), array(78901.), array(71245.)]
corr_G1:[None, None, 0.9802368989881013] corr_G2:[None, None, 0.9169804529911183]
Training end
Task is 0.00% complete.
t1_sim:[62783. 63325. 65388.] t2_sim:[67350. 66602. 66999.]
Task is 1.00% complete.
t1_sim:[66261. 65843. 66068.] t2_sim:[64882. 66721. 65488.]
Task is 2.00% complete.
t1_sim:[56858. 57161. 59161.] t2_sim:[62033. 63586. 64587.]
Task is 3.00% complete.
t1_sim:[64262. 65414. 65156.] t2_sim:[61366. 61033. 61229.]
Task is 4.00% complete.
t1_sim:[61613. 61597. 63160.] t2_sim:[63087. 64043. 64713.]
Task is 5.00% complete.
t1_sim:[67853. 69390. 70035.] t2_sim:[59385. 59535. 60436.]
Task is 6.00% complete.
t1_sim:[57496. 57661. 57002.] t2_sim:[64575. 64591. 64674.]
Task is 7.00% complete.
t1_sim:[62869. 61261. 63970.] t2_sim:[64957. 65241. 64369.]
Task is 8.00% complete.
t1_sim:[65496. 66150. 67102.] t2_sim:[62540. 61400. 61354.]
Task is 9.00% complete.
t1_sim:[59913. 59754. 58266.] t2_sim:[63244. 62780. 62024.]
Task is 10.00% complete.
t1_sim:[59600. 59875. 59853.] t2_sim:[56740. 57230. 58329.]
Task is 11.00% complete.
t1_sim:[61971. 62686. 64767.] t2_sim:[62208. 62291. 62736.]
Task is 12.00% complete.
t1_sim:[66768. 66621. 66823.] t2_sim:[65556. 66185. 66229.]
Task is 13.00% complete.
t1_sim:[64125. 64490. 63881.] t2_sim:[67991. 67210. 66083.]
Task is 14.00% complete.
t1_sim:[57048. 57503. 57059.] t2_sim:[56998. 56145. 57186.]
Task is 15.00% complete.
t1_sim:[60356. 60737. 60122.] t2_sim:[65039. 64589. 63589.]
Task is 16.00% complete.
t1_sim:[64897. 64271. 64308.] t2_sim:[59323. 58547. 58271.]
Task is 17.00% complete.
t1_sim:[62538. 62624. 61288.] t2_sim:[57322. 57815. 58343.]
Task is 18.00% complete.
t1_sim:[64883. 63216. 63249.] t2_sim:[62741. 61967. 62183.]
Task is 19.00% complete.
t1_sim:[62735. 63671. 64362.] t2_sim:[67654. 68138. 71051.]
Task is 20.00% complete.
t1_sim:[58362. 59189. 61240.] t2_sim:[63492. 64240. 64139.]
Task is 21.00% complete.
t1_sim:[64318. 62839. 62633.] t2_sim:[68022. 68633. 67964.]
Task is 22.00% complete.
t1_sim:[60634. 61025. 60825.] t2_sim:[58519. 58395. 58903.]
Task is 23.00% complete.
t1_sim:[61594. 61142. 62034.] t2_sim:[62655. 63430. 64687.]
Task is 24.00% complete.
t1_sim:[63008. 62967. 62272.] t2_sim:[60345. 60700. 60639.]
Task is 25.00% complete.
t1_sim:[62913. 62545. 61953.] t2_sim:[60751. 61122. 61348.]
Task is 26.00% complete.
t1_sim:[61258. 60954. 59284.] t2_sim:[59402. 59097. 60262.]
Task is 27.00% complete.
t1_sim:[64334. 64965. 64960.] t2_sim:[69891. 69043. 68914.]
Task is 28.00% complete.
t1_sim:[63280. 62604. 61647.] t2_sim:[60324. 58783. 57346.]
Task is 29.00% complete.
t1_sim:[63841. 63007. 61964.] t2_sim:[62979. 62302. 62497.]
Task is 30.00% complete.
t1_sim:[60488. 60137. 59839.] t2_sim:[61426. 61349. 60943.]
Task is 31.00% complete.
t1_sim:[59730. 60595. 61034.] t2_sim:[59700. 59930. 60055.]
Task is 32.00% complete.
t1_sim:[68878. 68649. 68827.] t2_sim:[67135. 66629. 65068.]
Task is 33.00% complete.
t1_sim:[61535. 62736. 61955.] t2_sim:[64819. 64513. 63833.]
Task is 34.00% complete.
t1_sim:[63736. 63720. 62098.] t2_sim:[65971. 64547. 62766.]
Task is 35.00% complete.
t1_sim:[63472. 63026. 61682.] t2_sim:[61655. 61543. 61364.]
Task is 36.00% complete.
t1_sim:[63177. 64445. 64251.] t2_sim:[59017. 60141. 59388.]
Task is 37.00% complete.
t1_sim:[61558. 60666. 59764.] t2_sim:[64792. 64636. 62545.]
Task is 38.00% complete.
t1_sim:[59965. 59866. 59439.] t2_sim:[66513. 67238. 66617.]
Task is 39.00% complete.
t1_sim:[63381. 63521. 63248.] t2_sim:[62489. 62317. 60745.]
Task is 40.00% complete.
t1_sim:[57640. 58686. 59140.] t2_sim:[62554. 61663. 61142.]
Task is 41.00% complete.
t1_sim:[67606. 68362. 68541.] t2_sim:[59352. 60497. 59742.]
Task is 42.00% complete.
t1_sim:[62001. 62816. 62455.] t2_sim:[63929. 64465. 66044.]
Task is 43.00% complete.
t1_sim:[57489. 58349. 59530.] t2_sim:[55190. 55310. 57699.]
Task is 44.00% complete.
t1_sim:[58654. 58079. 55956.] t2_sim:[66468. 65850. 64451.]
Task is 45.00% complete.
t1_sim:[57393. 58227. 58272.] t2_sim:[66585. 66028. 66015.]
Task is 46.00% complete.
t1_sim:[63291. 63110. 62248.] t2_sim:[59589. 59000. 60435.]
Task is 47.00% complete.
t1_sim:[61525. 60755. 62084.] t2_sim:[65931. 65263. 63351.]
Task is 48.00% complete.
t1_sim:[59310. 58828. 59920.] t2_sim:[66426. 66071. 64613.]
Task is 49.00% complete.
t1_sim:[61660. 61468. 60988.] t2_sim:[58862. 58342. 59124.]
Task is 50.00% complete.
t1_sim:[62583. 64172. 64372.] t2_sim:[57080. 56934. 56827.]
Task is 51.00% complete.
t1_sim:[64825. 64631. 65223.] t2_sim:[59907. 61080. 62034.]
Task is 52.00% complete.
t1_sim:[61443. 61637. 60983.] t2_sim:[62676. 61767. 61809.]
Task is 53.00% complete.
t1_sim:[64869. 64566. 65038.] t2_sim:[62485. 60500. 61953.]
Task is 54.00% complete.
t1_sim:[61307. 60539. 62040.] t2_sim:[59295. 60283. 60793.]
Task is 55.00% complete.
t1_sim:[60120. 59791. 59017.] t2_sim:[62248. 61822. 61402.]
Task is 56.00% complete.
t1_sim:[65923. 66309. 65105.] t2_sim:[63160. 63692. 62852.]
Task is 57.00% complete.
t1_sim:[56935. 57196. 58684.] t2_sim:[61408. 62845. 64784.]
Task is 58.00% complete.
t1_sim:[65780. 66105. 65825.] t2_sim:[61853. 61240. 59362.]
Task is 59.00% complete.
t1_sim:[60704. 62367. 63451.] t2_sim:[62889. 60968. 60944.]
Task is 60.00% complete.
t1_sim:[69316. 68613. 66836.] t2_sim:[66159. 65344. 66004.]
Task is 61.00% complete.
t1_sim:[58935. 60105. 60620.] t2_sim:[61182. 60853. 61477.]
Task is 62.00% complete.
t1_sim:[67820. 67564. 66134.] t2_sim:[67072. 66408. 65947.]
Task is 63.00% complete.
t1_sim:[66972. 65978. 64856.] t2_sim:[58248. 58559. 59961.]
Task is 64.00% complete.
t1_sim:[62879. 61883. 61756.] t2_sim:[56580. 57238. 58613.]
Task is 65.00% complete.
t1_sim:[56940. 57143. 56323.] t2_sim:[66470. 67180. 68087.]
Task is 66.00% complete.
t1_sim:[62662. 62036. 62553.] t2_sim:[66475. 66303. 65622.]
Task is 67.00% complete.
t1_sim:[58968. 60723. 60264.] t2_sim:[59487. 58964. 59510.]
Task is 68.00% complete.
t1_sim:[66651. 64103. 64410.] t2_sim:[63568. 64415. 64273.]
Task is 69.00% complete.
t1_sim:[57222. 57173. 58930.] t2_sim:[69916. 70310. 72256.]
Task is 70.00% complete.
t1_sim:[66814. 66938. 65699.] t2_sim:[60851. 61609. 63099.]
Task is 71.00% complete.
t1_sim:[63147. 64619. 63240.] t2_sim:[61140. 61494. 60694.]
Task is 72.00% complete.
t1_sim:[64893. 65540. 66022.] t2_sim:[64080. 64385. 64463.]
Task is 73.00% complete.
t1_sim:[65199. 65259. 65409.] t2_sim:[61491. 60516. 62286.]
Task is 74.00% complete.
t1_sim:[64808. 64642. 65235.] t2_sim:[51970. 51641. 51338.]
Task is 75.00% complete.
t1_sim:[63520. 62808. 62897.] t2_sim:[66980. 66925. 66363.]
Task is 76.00% complete.
t1_sim:[61916. 61517. 61747.] t2_sim:[58703. 57946. 57888.]
Task is 77.00% complete.
t1_sim:[60161. 59922. 59289.] t2_sim:[64808. 64364. 65606.]
Task is 78.00% complete.
t1_sim:[61863. 62725. 63593.] t2_sim:[60109. 60940. 59658.]
Task is 79.00% complete.
t1_sim:[61707. 61832. 62065.] t2_sim:[55678. 55150. 55806.]
Task is 80.00% complete.
t1_sim:[57266. 58275. 59741.] t2_sim:[67907. 67783. 68268.]
Task is 81.00% complete.
t1_sim:[62790. 62558. 63416.] t2_sim:[63877. 62704. 63316.]
Task is 82.00% complete.
t1_sim:[66668. 65590. 64456.] t2_sim:[62894. 61679. 62734.]
Task is 83.00% complete.
t1_sim:[61947. 61297. 61898.] t2_sim:[61776. 61613. 61772.]
Task is 84.00% complete.
t1_sim:[62383. 63387. 64404.] t2_sim:[56155. 56586. 55442.]
Task is 85.00% complete.
t1_sim:[63380. 62207. 62368.] t2_sim:[57718. 57770. 58370.]
Task is 86.00% complete.
t1_sim:[62463. 61809. 60790.] t2_sim:[61658. 60991. 61275.]
Task is 87.00% complete.
t1_sim:[63504. 62691. 62430.] t2_sim:[61160. 61439. 62464.]
Task is 88.00% complete.
t1_sim:[60562. 60750. 61832.] t2_sim:[63425. 63357. 64656.]
Task is 89.00% complete.
t1_sim:[64813. 64225. 62936.] t2_sim:[56638. 56670. 56579.]
Task is 90.00% complete.
t1_sim:[62712. 62460. 63039.] t2_sim:[64289. 64033. 62577.]
Task is 91.00% complete.
t1_sim:[67017. 67741. 66259.] t2_sim:[61504. 61831. 61183.]
Task is 92.00% complete.
t1_sim:[59820. 60116. 61622.] t2_sim:[56497. 55776. 56913.]
Task is 93.00% complete.
t1_sim:[72029. 72250. 73231.] t2_sim:[64563. 66181. 64397.]
Task is 94.00% complete.
t1_sim:[54053. 53261. 53123.] t2_sim:[62031. 62225. 61174.]
Task is 95.00% complete.
t1_sim:[66449. 66296. 65729.] t2_sim:[64627. 63487. 61096.]
Task is 96.00% complete.
t1_sim:[63700. 64556. 65297.] t2_sim:[62495. 62631. 64453.]
Task is 97.00% complete.
t1_sim:[58014. 57786. 56428.] t2_sim:[62447. 62978. 63084.]
Task is 98.00% complete.
t1_sim:[66126. 64726. 64142.] t2_sim:[63077. 62968. 63534.]
Task is 99.00% complete.
t1_sim:[60798. 61217. 61262.] t2_sim:[62120. 63014. 63442.]
Training start
t1_obs:[array(92820.), array(85213.), array(70218.)] t2_obs:[array(87651.), array(78901.), array(68845.)]
corr_G1:[None, None, 0.2429899761776377] corr_G2:[None, None, 0.3077512265603052]
Training end
Task is 0.00% complete.
t1_sim:[60116. 60490. 56995.] t2_sim:[63253. 64740. 63550.]
Task is 1.00% complete.
t1_sim:[60928. 63645. 59706.] t2_sim:[57367. 57570. 52355.]
Task is 2.00% complete.
t1_sim:[61578. 61423. 53553.] t2_sim:[63392. 62656. 60895.]
Task is 3.00% complete.
t1_sim:[58700. 57775. 51196.] t2_sim:[63904. 64174. 59434.]
Task is 4.00% complete.
t1_sim:[67681. 67469. 62067.] t2_sim:[60222. 60115. 57122.]
Task is 5.00% complete.
t1_sim:[61913. 61586. 56536.] t2_sim:[62037. 62031. 59616.]
Task is 6.00% complete.
t1_sim:[66176. 66931. 61813.] t2_sim:[64388. 65380. 61438.]
Task is 7.00% complete.
t1_sim:[61715. 62828. 58980.] t2_sim:[64234. 64733. 61848.]
Task is 8.00% complete.
t1_sim:[68776. 68070. 61125.] t2_sim:[68822. 69610. 66480.]
Task is 9.00% complete.
t1_sim:[62495. 62776. 57729.] t2_sim:[64289. 63952. 60381.]
Task is 10.00% complete.
t1_sim:[59724. 61065. 57764.] t2_sim:[60322. 59873. 56958.]
Task is 11.00% complete.
t1_sim:[65203. 65459. 59114.] t2_sim:[60484. 59530. 56963.]
Task is 12.00% complete.
t1_sim:[62114. 62971. 57089.] t2_sim:[66670. 67827. 63846.]
Task is 13.00% complete.
t1_sim:[66251. 64604. 58537.] t2_sim:[65191. 66999. 65031.]
Task is 14.00% complete.
t1_sim:[59029. 59725. 53637.] t2_sim:[67942. 67563. 65121.]
Task is 15.00% complete.
t1_sim:[67775. 68550. 63461.] t2_sim:[65234. 64803. 62071.]
Task is 16.00% complete.
t1_sim:[63894. 64072. 56578.] t2_sim:[62756. 62997. 61119.]
Task is 17.00% complete.
t1_sim:[70202. 69178. 63466.] t2_sim:[61236. 63042. 58826.]
Task is 18.00% complete.
t1_sim:[63162. 62963. 57362.] t2_sim:[66709. 67029. 63873.]
Task is 19.00% complete.
t1_sim:[69509. 67858. 61890.] t2_sim:[61478. 61074. 57755.]
Task is 20.00% complete.
t1_sim:[58294. 58486. 52087.] t2_sim:[59501. 59137. 56966.]
Task is 21.00% complete.
t1_sim:[64072. 65217. 58988.] t2_sim:[59132. 58742. 56422.]
Task is 22.00% complete.
t1_sim:[60463. 60526. 54188.] t2_sim:[62140. 61171. 56684.]
Task is 23.00% complete.
t1_sim:[63634. 64013. 59582.] t2_sim:[60013. 59774. 56579.]
Task is 24.00% complete.
t1_sim:[64035. 63325. 56760.] t2_sim:[62517. 62750. 60722.]
Task is 25.00% complete.
t1_sim:[67387. 67656. 60131.] t2_sim:[60350. 59429. 57074.]
Task is 26.00% complete.
t1_sim:[66880. 65314. 57699.] t2_sim:[64716. 64058. 60233.]
Task is 27.00% complete.
t1_sim:[66820. 67867. 61953.] t2_sim:[65965. 65723. 63484.]
Task is 28.00% complete.
t1_sim:[58640. 59382. 54465.] t2_sim:[65138. 65339. 59528.]
Task is 29.00% complete.
t1_sim:[59480. 58985. 53256.] t2_sim:[63030. 62696. 58470.]
Task is 30.00% complete.
t1_sim:[64206. 64116. 57637.] t2_sim:[59137. 59827. 57928.]
Task is 31.00% complete.
t1_sim:[63658. 63815. 58913.] t2_sim:[65490. 66126. 63392.]
Task is 32.00% complete.
t1_sim:[63975. 63460. 57223.] t2_sim:[54651. 54287. 50442.]
Task is 33.00% complete.
t1_sim:[64762. 63842. 57348.] t2_sim:[60934. 62340. 60686.]
Task is 34.00% complete.
t1_sim:[61605. 61485. 54137.] t2_sim:[61627. 62030. 58206.]
Task is 35.00% complete.
t1_sim:[61291. 61594. 55230.] t2_sim:[62821. 63261. 60279.]
Task is 36.00% complete.
t1_sim:[61303. 60438. 56876.] t2_sim:[69200. 70088. 67684.]
Task is 37.00% complete.
t1_sim:[58973. 57421. 52936.] t2_sim:[62985. 62200. 60514.]
Task is 38.00% complete.
t1_sim:[66428. 64267. 58635.] t2_sim:[60441. 62084. 59277.]
Task is 39.00% complete.
t1_sim:[63225. 63453. 59030.] t2_sim:[64511. 65317. 58947.]
Task is 40.00% complete.
t1_sim:[67051. 66493. 59144.] t2_sim:[62463. 62189. 59215.]
Task is 41.00% complete.
t1_sim:[64365. 63526. 57343.] t2_sim:[62597. 64178. 61033.]
Task is 42.00% complete.
t1_sim:[57946. 57878. 55947.] t2_sim:[61591. 62399. 57918.]
Task is 43.00% complete.
t1_sim:[67016. 66283. 61540.] t2_sim:[66818. 67017. 63795.]
Task is 44.00% complete.
t1_sim:[59802. 59326. 53743.] t2_sim:[59437. 59042. 54375.]
Task is 45.00% complete.
t1_sim:[62033. 62077. 55237.] t2_sim:[65742. 65704. 62037.]
Task is 46.00% complete.
t1_sim:[69208. 70098. 63830.] t2_sim:[62615. 61902. 58953.]
Task is 47.00% complete.
t1_sim:[67769. 67881. 61660.] t2_sim:[58707. 57488. 54075.]
Task is 48.00% complete.
t1_sim:[61752. 61530. 55824.] t2_sim:[64473. 66483. 63652.]
Task is 49.00% complete.
t1_sim:[56446. 56460. 52826.] t2_sim:[65225. 65254. 61643.]
Task is 50.00% complete.
t1_sim:[61458. 60385. 53288.] t2_sim:[65333. 64843. 60636.]
Task is 51.00% complete.
t1_sim:[66063. 66786. 59072.] t2_sim:[64783. 64071. 61022.]
Task is 52.00% complete.
t1_sim:[63578. 63486. 56983.] t2_sim:[59348. 61142. 56655.]
Task is 53.00% complete.
t1_sim:[59857. 60952. 55437.] t2_sim:[56465. 57467. 54647.]
Task is 54.00% complete.
t1_sim:[60326. 58591. 52736.] t2_sim:[63476. 63323. 61571.]
Task is 55.00% complete.
t1_sim:[62987. 62265. 58588.] t2_sim:[65049. 63940. 60055.]
Task is 56.00% complete.
t1_sim:[61359. 61059. 56031.] t2_sim:[64399. 62810. 58036.]
Task is 57.00% complete.
t1_sim:[58326. 57024. 52805.] t2_sim:[56743. 57678. 55806.]
Task is 58.00% complete.
t1_sim:[68402. 68430. 62485.] t2_sim:[62189. 62115. 58254.]
Task is 59.00% complete.
t1_sim:[59719. 60301. 55336.] t2_sim:[64419. 64046. 60756.]
Task is 60.00% complete.
t1_sim:[65603. 66418. 61133.] t2_sim:[61597. 61094. 58669.]
Task is 61.00% complete.
t1_sim:[59212. 60028. 54288.] t2_sim:[65350. 65883. 62086.]
Task is 62.00% complete.
t1_sim:[70553. 69254. 63644.] t2_sim:[65696. 66098. 64793.]
Task is 63.00% complete.
t1_sim:[62145. 61303. 56012.] t2_sim:[57320. 57513. 52254.]
Task is 64.00% complete.
t1_sim:[58980. 58874. 53308.] t2_sim:[59597. 61529. 58254.]
Task is 65.00% complete.
t1_sim:[61770. 61719. 55933.] t2_sim:[66073. 64869. 60732.]
Task is 66.00% complete.
t1_sim:[66410. 66327. 60193.] t2_sim:[61177. 60567. 58616.]
Task is 67.00% complete.
t1_sim:[62687. 62333. 56232.] t2_sim:[65340. 65461. 62041.]
Task is 68.00% complete.
t1_sim:[60714. 59658. 53174.] t2_sim:[62482. 62747. 58356.]
Task is 69.00% complete.
t1_sim:[66273. 66305. 60349.] t2_sim:[61734. 62042. 59064.]
Task is 70.00% complete.
t1_sim:[67753. 68036. 63492.] t2_sim:[64255. 64565. 60287.]
Task is 71.00% complete.
t1_sim:[65766. 65784. 61488.] t2_sim:[63296. 61802. 58137.]
Task is 72.00% complete.
t1_sim:[61184. 61074. 54975.] t2_sim:[64314. 64204. 60012.]
Task is 73.00% complete.
t1_sim:[56517. 57097. 50668.] t2_sim:[69112. 69453. 64336.]
Task is 74.00% complete.
t1_sim:[59892. 59063. 53386.] t2_sim:[56678. 56756. 53905.]
Task is 75.00% complete.
t1_sim:[57987. 58287. 52850.] t2_sim:[56033. 55935. 53773.]
Task is 76.00% complete.
t1_sim:[61965. 61982. 58128.] t2_sim:[64580. 63667. 59478.]
Task is 77.00% complete.
t1_sim:[60151. 60509. 54105.] t2_sim:[63437. 64194. 63118.]
Task is 78.00% complete.
t1_sim:[62425. 62652. 56914.] t2_sim:[64061. 62360. 59184.]
Task is 79.00% complete.
t1_sim:[65891. 66261. 61140.] t2_sim:[62152. 62053. 57857.]
Task is 80.00% complete.
t1_sim:[64649. 63502. 56471.] t2_sim:[62205. 61697. 57916.]
Task is 81.00% complete.
t1_sim:[61921. 60536. 56900.] t2_sim:[63467. 63012. 61055.]
Task is 82.00% complete.
t1_sim:[62014. 62788. 56314.] t2_sim:[71714. 70985. 65487.]
Task is 83.00% complete.
t1_sim:[69796. 70311. 62307.] t2_sim:[66606. 66216. 61223.]
Task is 84.00% complete.
t1_sim:[59750. 60255. 55162.] t2_sim:[61660. 62603. 59503.]
Task is 85.00% complete.
t1_sim:[67562. 68009. 62550.] t2_sim:[64916. 64789. 62215.]
Task is 86.00% complete.
t1_sim:[62570. 63630. 58911.] t2_sim:[65246. 65448. 62134.]
Task is 87.00% complete.
t1_sim:[69086. 68600. 63014.] t2_sim:[61650. 61443. 57784.]
Task is 88.00% complete.
t1_sim:[60402. 61262. 54970.] t2_sim:[62411. 60594. 57317.]
Task is 89.00% complete.
t1_sim:[58196. 58185. 54347.] t2_sim:[62918. 63215. 60129.]
Task is 90.00% complete.
t1_sim:[67653. 67077. 61849.] t2_sim:[62675. 63502. 60680.]
Task is 91.00% complete.
t1_sim:[60267. 60884. 56304.] t2_sim:[68226. 67420. 62877.]
Task is 92.00% complete.
t1_sim:[60249. 60183. 52804.] t2_sim:[68035. 67985. 66647.]
Task is 93.00% complete.
t1_sim:[54819. 54895. 50244.] t2_sim:[59744. 59971. 57946.]
Task is 94.00% complete.
t1_sim:[64024. 64441. 58310.] t2_sim:[61974. 60557. 58232.]
Task is 95.00% complete.
t1_sim:[59771. 59953. 54558.] t2_sim:[63425. 62957. 57798.]
Task is 96.00% complete.
t1_sim:[61416. 61475. 52943.] t2_sim:[60203. 59897. 56805.]
Task is 97.00% complete.
t1_sim:[60323. 61376. 56251.] t2_sim:[61798. 63012. 60917.]
Task is 98.00% complete.
t1_sim:[64921. 65484. 59850.] t2_sim:[66127. 66005. 62518.]
Task is 99.00% complete.
t1_sim:[64728. 63453. 58980.] t2_sim:[63299. 62461. 59586.]
Finished
