/scratch/jz4721/Post-prediction-Causal-Inference/venv/lib/python3.8/site-packages/numpy/core/getlimits.py:518: UserWarning: The value of the smallest subnormal for <class 'numpy.float64'> type is zero.
  setattr(self, word, getattr(machar, word).flat[0])
/scratch/jz4721/Post-prediction-Causal-Inference/venv/lib/python3.8/site-packages/numpy/core/getlimits.py:89: UserWarning: The value of the smallest subnormal for <class 'numpy.float64'> type is zero.
  return self._float_to_str(self.smallest_subnormal)
/scratch/jz4721/Post-prediction-Causal-Inference/venv/lib/python3.8/site-packages/numpy/core/getlimits.py:518: UserWarning: The value of the smallest subnormal for <class 'numpy.float32'> type is zero.
  setattr(self, word, getattr(machar, word).flat[0])
/scratch/jz4721/Post-prediction-Causal-Inference/venv/lib/python3.8/site-packages/numpy/core/getlimits.py:89: UserWarning: The value of the smallest subnormal for <class 'numpy.float32'> type is zero.
  return self._float_to_str(self.smallest_subnormal)
Begin
Training start
t1_obs:[array(99277.), array(84339.), array(78683.)] t2_obs:[array(89335.), array(75720.), array(66368.)]
corr_G1:[None, None, -3.2342753259946684e-17] corr_G2:[None, None, 0]
Training end
Task is 0.00% complete.
t1_sim:[54728. 55673. 59244.] t2_sim:[64071. 64551. 62877.]
Task is 1.00% complete.
t1_sim:[66361. 65801. 67753.] t2_sim:[65672. 65048. 67015.]
Task is 2.00% complete.
t1_sim:[62094. 61032. 60627.] t2_sim:[64430. 63592. 64390.]
Task is 3.00% complete.
t1_sim:[60553. 59333. 56394.] t2_sim:[66755. 68186. 70102.]
Task is 4.00% complete.
t1_sim:[65842. 63988. 67756.] t2_sim:[65637. 64775. 61407.]
Task is 5.00% complete.
t1_sim:[64013. 63789. 63700.] t2_sim:[65641. 65051. 67113.]
Task is 6.00% complete.
t1_sim:[59344. 59357. 56767.] t2_sim:[60933. 61724. 59154.]
Task is 7.00% complete.
t1_sim:[62170. 61495. 60467.] t2_sim:[59561. 59167. 59697.]
Task is 8.00% complete.
t1_sim:[62996. 62767. 65286.] t2_sim:[62496. 60206. 61672.]
Task is 9.00% complete.
t1_sim:[55827. 55838. 57071.] t2_sim:[60398. 58830. 61780.]
Task is 10.00% complete.
t1_sim:[65534. 64800. 66789.] t2_sim:[67395. 67648. 66258.]
Task is 11.00% complete.
t1_sim:[66392. 66117. 68028.] t2_sim:[63454. 63498. 62927.]
Task is 12.00% complete.
t1_sim:[65365. 64577. 64861.] t2_sim:[66537. 66136. 66234.]
Task is 13.00% complete.
t1_sim:[67994. 68292. 64915.] t2_sim:[64061. 62856. 62747.]
Task is 14.00% complete.
t1_sim:[65585. 64874. 64970.] t2_sim:[58953. 58877. 57159.]
Task is 15.00% complete.
t1_sim:[62647. 63765. 63109.] t2_sim:[62270. 63717. 63827.]
Task is 16.00% complete.
t1_sim:[61013. 62351. 57243.] t2_sim:[61971. 62128. 62140.]
Task is 17.00% complete.
t1_sim:[62314. 64830. 58661.] t2_sim:[65265. 66055. 61415.]
Task is 18.00% complete.
t1_sim:[66116. 67046. 65371.] t2_sim:[66823. 65408. 64911.]
Task is 19.00% complete.
t1_sim:[64009. 65201. 61242.] t2_sim:[58842. 59079. 60637.]
Task is 20.00% complete.
t1_sim:[63669. 63875. 66594.] t2_sim:[61709. 61409. 61798.]
Task is 21.00% complete.
t1_sim:[64878. 63582. 66843.] t2_sim:[67516. 68558. 68734.]
Task is 22.00% complete.
t1_sim:[63494. 64780. 62376.] t2_sim:[60499. 60597. 58957.]
Task is 23.00% complete.
t1_sim:[61514. 59585. 65416.] t2_sim:[64093. 63918. 64461.]
Task is 24.00% complete.
t1_sim:[59828. 59352. 62311.] t2_sim:[61565. 62401. 63305.]
Task is 25.00% complete.
t1_sim:[55098. 55561. 59087.] t2_sim:[58629. 58424. 57043.]
Task is 26.00% complete.
t1_sim:[57354. 56704. 59592.] t2_sim:[65528. 66091. 67203.]
Task is 27.00% complete.
t1_sim:[62197. 63886. 62906.] t2_sim:[59448. 59368. 64776.]
Task is 28.00% complete.
t1_sim:[61828. 61956. 61685.] t2_sim:[61535. 61525. 62499.]
Task is 29.00% complete.
t1_sim:[69595. 69351. 66381.] t2_sim:[66132. 64658. 65883.]
Task is 30.00% complete.
t1_sim:[57914. 57423. 59369.] t2_sim:[69083. 68958. 70008.]
Task is 31.00% complete.
t1_sim:[61245. 61974. 60509.] t2_sim:[60218. 60917. 55745.]
Task is 32.00% complete.
t1_sim:[67913. 67532. 68303.] t2_sim:[60926. 61801. 61144.]
Task is 33.00% complete.
t1_sim:[64719. 65853. 63431.] t2_sim:[64745. 62993. 64426.]
Task is 34.00% complete.
t1_sim:[62530. 62374. 62333.] t2_sim:[65223. 65378. 67205.]
Task is 35.00% complete.
t1_sim:[59073. 57035. 59113.] t2_sim:[62389. 62662. 64022.]
Task is 36.00% complete.
t1_sim:[62234. 60927. 64812.] t2_sim:[69924. 69319. 69525.]
Task is 37.00% complete.
t1_sim:[61334. 60723. 63779.] t2_sim:[66185. 65814. 66948.]
Task is 38.00% complete.
t1_sim:[68652. 69710. 68151.] t2_sim:[64150. 65324. 67096.]
Task is 39.00% complete.
t1_sim:[64052. 62968. 65044.] t2_sim:[63543. 64072. 63540.]
Task is 40.00% complete.
t1_sim:[61893. 62842. 61535.] t2_sim:[63110. 62260. 63069.]
Task is 41.00% complete.
t1_sim:[65277. 63217. 65557.] t2_sim:[64937. 65563. 60847.]
Task is 42.00% complete.
t1_sim:[60105. 62234. 57965.] t2_sim:[57800. 55547. 58862.]
Task is 43.00% complete.
t1_sim:[63483. 64206. 66258.] t2_sim:[64542. 63724. 61799.]
Task is 44.00% complete.
t1_sim:[59698. 58184. 57709.] t2_sim:[61193. 61818. 59445.]
Task is 45.00% complete.
t1_sim:[59398. 58331. 60311.] t2_sim:[61765. 59630. 60695.]
Task is 46.00% complete.
t1_sim:[60120. 59454. 59273.] t2_sim:[63153. 61004. 63790.]
Task is 47.00% complete.
t1_sim:[64504. 66542. 65185.] t2_sim:[60825. 58842. 61292.]
Task is 48.00% complete.
t1_sim:[60957. 59701. 60407.] t2_sim:[60662. 58272. 58577.]
Task is 49.00% complete.
t1_sim:[62933. 60741. 60313.] t2_sim:[65409. 63163. 65258.]
Task is 50.00% complete.
t1_sim:[62266. 61515. 63347.] t2_sim:[59969. 59348. 57971.]
Task is 51.00% complete.
t1_sim:[65001. 66262. 65017.] t2_sim:[58025. 59876. 60385.]
Task is 52.00% complete.
t1_sim:[62150. 62080. 62794.] t2_sim:[63360. 62687. 62628.]
Task is 53.00% complete.
t1_sim:[58075. 58452. 60557.] t2_sim:[68380. 66501. 68335.]
Task is 54.00% complete.
t1_sim:[66925. 66239. 65551.] t2_sim:[62372. 63481. 62869.]
Task is 55.00% complete.
t1_sim:[62227. 64915. 62853.] t2_sim:[66658. 67147. 66774.]
Task is 56.00% complete.
t1_sim:[63733. 63291. 65632.] t2_sim:[62226. 63408. 60731.]
Task is 57.00% complete.
t1_sim:[63338. 62627. 60530.] t2_sim:[61789. 61432. 61478.]
Task is 58.00% complete.
t1_sim:[61203. 62004. 61671.] t2_sim:[66538. 65504. 66430.]
Task is 59.00% complete.
t1_sim:[62271. 62197. 63473.] t2_sim:[60939. 60860. 61084.]
Task is 60.00% complete.
t1_sim:[66098. 65174. 68311.] t2_sim:[61052. 61908. 61099.]
Task is 61.00% complete.
t1_sim:[61755. 61312. 63511.] t2_sim:[63524. 62152. 60707.]
Task is 62.00% complete.
t1_sim:[57297. 59436. 57856.] t2_sim:[68259. 66953. 65941.]
Task is 63.00% complete.
t1_sim:[65247. 65979. 66875.] t2_sim:[64853. 64969. 67227.]
Task is 64.00% complete.
t1_sim:[56269. 56761. 57243.] t2_sim:[57847. 57631. 57676.]
Task is 65.00% complete.
t1_sim:[60219. 60488. 61513.] t2_sim:[59489. 57721. 59952.]
Task is 66.00% complete.
t1_sim:[59723. 59569. 58356.] t2_sim:[64558. 64205. 68091.]
Task is 67.00% complete.
t1_sim:[61951. 61575. 61094.] t2_sim:[66636. 66007. 68059.]
Task is 68.00% complete.
t1_sim:[55281. 57089. 58949.] t2_sim:[64513. 66463. 66068.]
Task is 69.00% complete.
t1_sim:[59158. 58253. 59866.] t2_sim:[62014. 62754. 59679.]
Task is 70.00% complete.
t1_sim:[64174. 65766. 62918.] t2_sim:[59712. 59264. 60052.]
Task is 71.00% complete.
t1_sim:[56993. 56655. 56029.] t2_sim:[69611. 70187. 69589.]
Task is 72.00% complete.
t1_sim:[68572. 70226. 70796.] t2_sim:[60804. 63524. 60584.]
Task is 73.00% complete.
t1_sim:[63555. 63543. 65419.] t2_sim:[60897. 60143. 61473.]
Task is 74.00% complete.
t1_sim:[62072. 63351. 60398.] t2_sim:[63927. 64536. 63941.]
Task is 75.00% complete.
t1_sim:[57103. 55897. 58661.] t2_sim:[69209. 70238. 69923.]
Task is 76.00% complete.
t1_sim:[62157. 61948. 61249.] t2_sim:[62394. 60296. 60786.]
Task is 77.00% complete.
t1_sim:[63224. 62768. 63436.] t2_sim:[65555. 62813. 63531.]
Task is 78.00% complete.
t1_sim:[63844. 60530. 66055.] t2_sim:[64364. 64250. 66871.]
Task is 79.00% complete.
t1_sim:[57440. 59268. 57736.] t2_sim:[57528. 58041. 60176.]
Task is 80.00% complete.
t1_sim:[57485. 56796. 55677.] t2_sim:[65473. 65940. 65431.]
Task is 81.00% complete.
t1_sim:[57771. 58481. 56996.] t2_sim:[63137. 62567. 61598.]
Task is 82.00% complete.
t1_sim:[63446. 63639. 62756.] t2_sim:[58045. 57210. 57783.]
Task is 83.00% complete.
t1_sim:[64099. 62838. 60981.] t2_sim:[62877. 63941. 63827.]
Task is 84.00% complete.
t1_sim:[62299. 63024. 61403.] t2_sim:[59126. 60805. 61247.]
Task is 85.00% complete.
t1_sim:[65177. 64141. 62951.] t2_sim:[67927. 67748. 70153.]
Task is 86.00% complete.
t1_sim:[64135. 63735. 64240.] t2_sim:[61259. 60681. 59910.]
Task is 87.00% complete.
t1_sim:[62663. 63535. 63221.] t2_sim:[67218. 67183. 68738.]
Task is 88.00% complete.
t1_sim:[65039. 65099. 65955.] t2_sim:[67903. 66952. 64259.]
Task is 89.00% complete.
t1_sim:[66680. 65814. 66281.] t2_sim:[59215. 60199. 63403.]
Task is 90.00% complete.
t1_sim:[58446. 58190. 57241.] t2_sim:[63780. 61604. 61006.]
Task is 91.00% complete.
t1_sim:[62171. 61596. 58901.] t2_sim:[61534. 62697. 59026.]
Task is 92.00% complete.
t1_sim:[61537. 63249. 60820.] t2_sim:[57950. 56866. 58097.]
Task is 93.00% complete.
t1_sim:[59242. 59267. 59267.] t2_sim:[62717. 63091. 64266.]
Task is 94.00% complete.
t1_sim:[62788. 60305. 60575.] t2_sim:[62526. 61196. 61839.]
Task is 95.00% complete.
t1_sim:[63053. 61743. 64191.] t2_sim:[58819. 58511. 59481.]
Task is 96.00% complete.
t1_sim:[59863. 60480. 59823.] t2_sim:[63807. 65393. 65988.]
Task is 97.00% complete.
t1_sim:[60760. 60142. 61430.] t2_sim:[68128. 68449. 69742.]
Task is 98.00% complete.
t1_sim:[62415. 61104. 62914.] t2_sim:[64005. 63967. 65300.]
Task is 99.00% complete.
t1_sim:[57774. 58249. 58400.] t2_sim:[66858. 67163. 65549.]
Training start
t1_obs:[array(99277.), array(84339.), array(81690.)] t2_obs:[array(89335.), array(75720.), array(70909.)]
corr_G1:[None, None, 0.9967950450894848] corr_G2:[None, None, 0.9520524669175757]
Training end
Task is 0.00% complete.
t1_sim:[56801. 58225. 58326.] t2_sim:[63577. 62819. 61412.]
Task is 1.00% complete.
t1_sim:[67123. 64149. 63164.] t2_sim:[60899. 63331. 62955.]
Task is 2.00% complete.
t1_sim:[61450. 62820. 62873.] t2_sim:[66172. 66301. 66688.]
Task is 3.00% complete.
t1_sim:[60097. 60095. 60733.] t2_sim:[62926. 62712. 60378.]
Task is 4.00% complete.
t1_sim:[56394. 56881. 56743.] t2_sim:[64214. 65134. 63662.]
Task is 5.00% complete.
t1_sim:[60996. 60390. 60203.] t2_sim:[62669. 64755. 64445.]
Task is 6.00% complete.
t1_sim:[63108. 62275. 63313.] t2_sim:[62172. 62574. 62569.]
Task is 7.00% complete.
t1_sim:[62593. 63269. 62671.] t2_sim:[63266. 62746. 62169.]
Task is 8.00% complete.
t1_sim:[63783. 63080. 65153.] t2_sim:[65246. 64354. 64044.]
Task is 9.00% complete.
t1_sim:[65631. 64195. 64194.] t2_sim:[57983. 58332. 58798.]
Task is 10.00% complete.
t1_sim:[67198. 65938. 63985.] t2_sim:[66973. 67684. 66426.]
Task is 11.00% complete.
t1_sim:[60575. 61288. 62472.] t2_sim:[57575. 57449. 58808.]
Task is 12.00% complete.
t1_sim:[65113. 65113. 62714.] t2_sim:[65776. 64468. 64239.]
Task is 13.00% complete.
t1_sim:[63351. 64680. 64086.] t2_sim:[64201. 64035. 65172.]
Task is 14.00% complete.
t1_sim:[60832. 59605. 61123.] t2_sim:[59297. 60478. 60766.]
Task is 15.00% complete.
t1_sim:[59871. 60430. 60591.] t2_sim:[61962. 62367. 63383.]
Task is 16.00% complete.
t1_sim:[64962. 64215. 64821.] t2_sim:[58045. 57697. 58293.]
Task is 17.00% complete.
t1_sim:[62966. 64132. 64071.] t2_sim:[69750. 67347. 68931.]
Task is 18.00% complete.
t1_sim:[62100. 60992. 62013.] t2_sim:[63409. 65815. 63639.]
Task is 19.00% complete.
t1_sim:[57764. 57931. 56576.] t2_sim:[60820. 61936. 60697.]
Task is 20.00% complete.
t1_sim:[64473. 65301. 62735.] t2_sim:[60895. 60405. 61699.]
Task is 21.00% complete.
t1_sim:[65349. 63282. 63479.] t2_sim:[66681. 66503. 65486.]
Task is 22.00% complete.
t1_sim:[59538. 58910. 58798.] t2_sim:[60053. 60189. 60485.]
Task is 23.00% complete.
t1_sim:[63982. 64120. 64033.] t2_sim:[58845. 60380. 59755.]
Task is 24.00% complete.
t1_sim:[63863. 64239. 65512.] t2_sim:[63347. 64854. 66192.]
Task is 25.00% complete.
t1_sim:[62504. 62900. 62937.] t2_sim:[64726. 64327. 64036.]
Task is 26.00% complete.
t1_sim:[70271. 71288. 71747.] t2_sim:[69156. 66874. 67001.]
Task is 27.00% complete.
t1_sim:[63142. 62170. 61126.] t2_sim:[61896. 62201. 61817.]
Task is 28.00% complete.
t1_sim:[70403. 70971. 69719.] t2_sim:[66579. 66149. 66935.]
Task is 29.00% complete.
t1_sim:[59727. 58852. 58287.] t2_sim:[62518. 61675. 59909.]
Task is 30.00% complete.
t1_sim:[64375. 65639. 65220.] t2_sim:[64191. 64611. 65282.]
Task is 31.00% complete.
t1_sim:[62886. 64905. 65324.] t2_sim:[68240. 66995. 65230.]
Task is 32.00% complete.
t1_sim:[69145. 68026. 67209.] t2_sim:[67737. 67716. 67459.]
Task is 33.00% complete.
t1_sim:[66472. 67276. 66799.] t2_sim:[64023. 63672. 64702.]
Task is 34.00% complete.
t1_sim:[65812. 66950. 65777.] t2_sim:[67503. 66520. 66522.]
Task is 35.00% complete.
t1_sim:[57249. 57331. 56575.] t2_sim:[63992. 63646. 62095.]
Task is 36.00% complete.
t1_sim:[63747. 60703. 60434.] t2_sim:[62242. 64055. 64619.]
Task is 37.00% complete.
t1_sim:[72895. 71865. 72629.] t2_sim:[64330. 65485. 65332.]
Task is 38.00% complete.
t1_sim:[63667. 65693. 65649.] t2_sim:[62537. 62342. 61741.]
Task is 39.00% complete.
t1_sim:[65837. 65368. 64902.] t2_sim:[62178. 60177. 59332.]
Task is 40.00% complete.
t1_sim:[64707. 64066. 63963.] t2_sim:[62228. 60559. 59476.]
Task is 41.00% complete.
t1_sim:[65028. 65666. 66225.] t2_sim:[59738. 59374. 58442.]
Task is 42.00% complete.
t1_sim:[56115. 56785. 55368.] t2_sim:[57200. 58390. 59364.]
Task is 43.00% complete.
t1_sim:[61733. 62197. 62739.] t2_sim:[60950. 59569. 60426.]
Task is 44.00% complete.
t1_sim:[63969. 63903. 62806.] t2_sim:[69976. 69595. 70126.]
Task is 45.00% complete.
t1_sim:[62631. 62518. 62859.] t2_sim:[59237. 58614. 59760.]
Task is 46.00% complete.
t1_sim:[65214. 64755. 64300.] t2_sim:[54925. 57270. 57786.]
Task is 47.00% complete.
t1_sim:[59574. 61696. 61397.] t2_sim:[64401. 65256. 64277.]
Task is 48.00% complete.
t1_sim:[61953. 64163. 65152.] t2_sim:[67247. 66268. 67996.]
Task is 49.00% complete.
t1_sim:[59515. 59182. 59300.] t2_sim:[63622. 64123. 62718.]
Task is 50.00% complete.
t1_sim:[60192. 58611. 57931.] t2_sim:[59978. 59437. 58797.]
Task is 51.00% complete.
t1_sim:[65926. 66307. 65119.] t2_sim:[64166. 65515. 64148.]
Task is 52.00% complete.
t1_sim:[58992. 58488. 56931.] t2_sim:[66547. 67708. 66100.]
Task is 53.00% complete.
t1_sim:[62866. 61844. 61145.] t2_sim:[64681. 65016. 64498.]
Task is 54.00% complete.
t1_sim:[59991. 60027. 60397.] t2_sim:[58546. 59525. 57196.]
Task is 55.00% complete.
t1_sim:[61920. 62478. 61581.] t2_sim:[64629. 64692. 64728.]
Task is 56.00% complete.
t1_sim:[58547. 58947. 58926.] t2_sim:[72142. 73574. 72536.]
Task is 57.00% complete.
t1_sim:[62871. 64065. 63921.] t2_sim:[66290. 66949. 64930.]
Task is 58.00% complete.
t1_sim:[62058. 61152. 58844.] t2_sim:[62043. 60091. 61527.]
Task is 59.00% complete.
t1_sim:[63553. 64467. 63047.] t2_sim:[62468. 62015. 63097.]
Task is 60.00% complete.
t1_sim:[61565. 62019. 62050.] t2_sim:[67653. 68326. 67212.]
Task is 61.00% complete.
t1_sim:[67914. 66798. 67543.] t2_sim:[64594. 63283. 63503.]
Task is 62.00% complete.
t1_sim:[59784. 60151. 60061.] t2_sim:[61526. 60665. 60756.]
Task is 63.00% complete.
t1_sim:[62450. 62747. 62743.] t2_sim:[61239. 63079. 64119.]
Task is 64.00% complete.
t1_sim:[59967. 59559. 59705.] t2_sim:[66433. 69193. 68318.]
Task is 65.00% complete.
t1_sim:[55430. 56814. 55617.] t2_sim:[62128. 62748. 62735.]
Task is 66.00% complete.
t1_sim:[63690. 63434. 62746.] t2_sim:[65568. 64952. 66043.]
Task is 67.00% complete.
t1_sim:[59475. 60097. 60691.] t2_sim:[58468. 60474. 58681.]
Task is 68.00% complete.
t1_sim:[64126. 64319. 63550.] t2_sim:[61600. 61768. 60144.]
Task is 69.00% complete.
t1_sim:[65316. 64371. 64367.] t2_sim:[57414. 56701. 56219.]
Task is 70.00% complete.
t1_sim:[62871. 62188. 63434.] t2_sim:[60822. 61902. 61082.]
Task is 71.00% complete.
t1_sim:[63231. 64583. 63419.] t2_sim:[57960. 57513. 57425.]
Task is 72.00% complete.
t1_sim:[62620. 64282. 64075.] t2_sim:[64762. 63093. 63007.]
Task is 73.00% complete.
t1_sim:[66143. 63742. 63613.] t2_sim:[63980. 64242. 65595.]
Task is 74.00% complete.
t1_sim:[59625. 59575. 59745.] t2_sim:[65621. 66860. 67327.]
Task is 75.00% complete.
t1_sim:[61448. 60515. 61989.] t2_sim:[63409. 63134. 62084.]
Task is 76.00% complete.
t1_sim:[60277. 61094. 59908.] t2_sim:[61100. 60555. 60855.]
Task is 77.00% complete.
t1_sim:[55643. 55180. 54096.] t2_sim:[67927. 68456. 67881.]
Task is 78.00% complete.
t1_sim:[58903. 60898. 61883.] t2_sim:[57103. 56335. 55078.]
Task is 79.00% complete.
t1_sim:[68169. 67224. 65977.] t2_sim:[63341. 63025. 61207.]
Task is 80.00% complete.
t1_sim:[61563. 60313. 60339.] t2_sim:[65342. 65360. 65960.]
Task is 81.00% complete.
t1_sim:[64138. 65057. 66765.] t2_sim:[63990. 65299. 66482.]
Task is 82.00% complete.
t1_sim:[63002. 61633. 63016.] t2_sim:[62152. 60719. 61481.]
Task is 83.00% complete.
t1_sim:[64750. 63213. 62761.] t2_sim:[57545. 57082. 57336.]
Task is 84.00% complete.
t1_sim:[62045. 63558. 62902.] t2_sim:[61627. 61182. 63370.]
Task is 85.00% complete.
t1_sim:[68507. 67486. 67224.] t2_sim:[57102. 56548. 58196.]
Task is 86.00% complete.
t1_sim:[57373. 57067. 57299.] t2_sim:[63123. 63515. 64296.]
Task is 87.00% complete.
t1_sim:[59634. 61713. 61621.] t2_sim:[63503. 63152. 62399.]
Task is 88.00% complete.
t1_sim:[57326. 57302. 57384.] t2_sim:[61800. 62262. 62477.]
Task is 89.00% complete.
t1_sim:[66953. 65498. 67366.] t2_sim:[62649. 63341. 63968.]
Task is 90.00% complete.
t1_sim:[64822. 62952. 63607.] t2_sim:[62961. 62341. 64693.]
Task is 91.00% complete.
t1_sim:[63464. 63703. 64653.] t2_sim:[64568. 66265. 67938.]
Task is 92.00% complete.
t1_sim:[63197. 61852. 61850.] t2_sim:[64559. 65134. 62832.]
Task is 93.00% complete.
t1_sim:[55623. 56416. 54825.] t2_sim:[61540. 62680. 63414.]
Task is 94.00% complete.
t1_sim:[64489. 65161. 64156.] t2_sim:[59287. 59760. 58269.]
Task is 95.00% complete.
t1_sim:[59857. 59586. 60684.] t2_sim:[62463. 62541. 60890.]
Task is 96.00% complete.
t1_sim:[60582. 59915. 60616.] t2_sim:[61886. 59931. 60735.]
Task is 97.00% complete.
t1_sim:[65274. 65236. 64860.] t2_sim:[61164. 62171. 62143.]
Task is 98.00% complete.
t1_sim:[60928. 59884. 60739.] t2_sim:[57585. 57655. 56872.]
Task is 99.00% complete.
t1_sim:[64712. 64144. 61301.] t2_sim:[63199. 61522. 61890.]
Training start
t1_obs:[array(99277.), array(84339.), array(78383.)] t2_obs:[array(89335.), array(75720.), array(67868.)]
corr_G1:[None, None, 0.1151941132855221] corr_G2:[None, None, 0.45781828164035343]
Training end
Task is 0.00% complete.
t1_sim:[58781. 59538. 54179.] t2_sim:[63695. 62826. 62649.]
Task is 1.00% complete.
t1_sim:[65143. 67531. 60373.] t2_sim:[64511. 63396. 61009.]
Task is 2.00% complete.
t1_sim:[64754. 66194. 59827.] t2_sim:[55369. 54902. 53549.]
Task is 3.00% complete.
t1_sim:[64875. 63586. 60421.] t2_sim:[59016. 58461. 59650.]
Task is 4.00% complete.
t1_sim:[60195. 59335. 55751.] t2_sim:[65151. 63508. 61707.]
Task is 5.00% complete.
t1_sim:[68972. 69890. 64173.] t2_sim:[62629. 62930. 61752.]
Task is 6.00% complete.
t1_sim:[57630. 58073. 53423.] t2_sim:[63584. 62239. 60732.]
Task is 7.00% complete.
t1_sim:[67753. 68427. 63022.] t2_sim:[61195. 60322. 60252.]
Task is 8.00% complete.
t1_sim:[65128. 64251. 60150.] t2_sim:[63735. 61986. 62771.]
Task is 9.00% complete.
t1_sim:[68712. 69106. 64909.] t2_sim:[57000. 56501. 57115.]
Task is 10.00% complete.
t1_sim:[60761. 61888. 55754.] t2_sim:[62458. 61328. 62949.]
Task is 11.00% complete.
t1_sim:[58550. 58883. 54647.] t2_sim:[67361. 67029. 66273.]
Task is 12.00% complete.
t1_sim:[57832. 58045. 52734.] t2_sim:[65311. 65310. 64184.]
Task is 13.00% complete.
t1_sim:[59541. 60056. 57379.] t2_sim:[62765. 61749. 61259.]
Task is 14.00% complete.
t1_sim:[60940. 59917. 56326.] t2_sim:[63781. 64566. 62957.]
Task is 15.00% complete.
t1_sim:[60166. 60686. 53833.] t2_sim:[65266. 66611. 66730.]
Task is 16.00% complete.
t1_sim:[63150. 64936. 59719.] t2_sim:[62788. 60391. 60943.]
Task is 17.00% complete.
t1_sim:[67902. 66607. 62681.] t2_sim:[60030. 59527. 60710.]
Task is 18.00% complete.
t1_sim:[57968. 56950. 52965.] t2_sim:[64044. 64123. 63785.]
Task is 19.00% complete.
t1_sim:[61558. 62582. 58024.] t2_sim:[61642. 62791. 61649.]
Task is 20.00% complete.
t1_sim:[61043. 59241. 54816.] t2_sim:[62585. 60498. 57968.]
Task is 21.00% complete.
t1_sim:[64933. 67452. 60724.] t2_sim:[64910. 65957. 63551.]
Task is 22.00% complete.
t1_sim:[60674. 62152. 57375.] t2_sim:[64065. 64849. 64026.]
Task is 23.00% complete.
t1_sim:[63014. 61553. 57136.] t2_sim:[66301. 67597. 67141.]
Task is 24.00% complete.
t1_sim:[65905. 66890. 62952.] t2_sim:[68370. 68071. 65835.]
Task is 25.00% complete.
t1_sim:[61877. 61214. 58572.] t2_sim:[60430. 61823. 61961.]
Task is 26.00% complete.
t1_sim:[63644. 64531. 57518.] t2_sim:[66030. 67062. 64578.]
Task is 27.00% complete.
t1_sim:[66524. 65734. 59864.] t2_sim:[56283. 56446. 53992.]
Task is 28.00% complete.
t1_sim:[59072. 59123. 54296.] t2_sim:[62370. 61222. 61389.]
Task is 29.00% complete.
t1_sim:[66408. 65933. 59936.] t2_sim:[64433. 64891. 66012.]
Task is 30.00% complete.
t1_sim:[65074. 65817. 60035.] t2_sim:[58122. 57290. 55886.]
Task is 31.00% complete.
t1_sim:[63185. 63248. 57508.] t2_sim:[57865. 58867. 57324.]
Task is 32.00% complete.
t1_sim:[62543. 61647. 56783.] t2_sim:[63690. 64392. 63150.]
Task is 33.00% complete.
t1_sim:[64276. 62799. 57350.] t2_sim:[62697. 63434. 62854.]
Task is 34.00% complete.
t1_sim:[68002. 67823. 61971.] t2_sim:[59887. 61484. 60059.]
Task is 35.00% complete.
t1_sim:[59077. 59213. 54397.] t2_sim:[64282. 64689. 64036.]
Task is 36.00% complete.
t1_sim:[60413. 60641. 54515.] t2_sim:[62844. 61745. 61977.]
Task is 37.00% complete.
t1_sim:[56530. 57196. 53509.] t2_sim:[63526. 65247. 63232.]
Task is 38.00% complete.
t1_sim:[67843. 66888. 61460.] t2_sim:[58588. 58443. 59834.]
Task is 39.00% complete.
t1_sim:[61447. 59957. 56250.] t2_sim:[59921. 61739. 59767.]
Task is 40.00% complete.
t1_sim:[65611. 64490. 62074.] t2_sim:[66988. 65665. 66632.]
Task is 41.00% complete.
t1_sim:[68584. 66402. 62400.] t2_sim:[68305. 65820. 67466.]
Task is 42.00% complete.
t1_sim:[58595. 61474. 57392.] t2_sim:[60801. 62048. 62716.]
Task is 43.00% complete.
t1_sim:[59801. 59683. 55505.] t2_sim:[66186. 65971. 64585.]
Task is 44.00% complete.
t1_sim:[60462. 59699. 56402.] t2_sim:[62339. 63856. 61408.]
Task is 45.00% complete.
t1_sim:[63553. 64267. 57910.] t2_sim:[61357. 59811. 60312.]
Task is 46.00% complete.
t1_sim:[58980. 59341. 55264.] t2_sim:[63549. 63078. 63528.]
Task is 47.00% complete.
t1_sim:[66318. 67404. 61537.] t2_sim:[55321. 57219. 55040.]
Task is 48.00% complete.
t1_sim:[62632. 63139. 59906.] t2_sim:[61351. 63984. 61200.]
Task is 49.00% complete.
t1_sim:[67029. 66203. 62615.] t2_sim:[60450. 59960. 60827.]
Task is 50.00% complete.
t1_sim:[64415. 65235. 59874.] t2_sim:[67934. 66297. 65374.]
Task is 51.00% complete.
t1_sim:[63920. 65496. 58884.] t2_sim:[61018. 62372. 59993.]
Task is 52.00% complete.
t1_sim:[64004. 63861. 61049.] t2_sim:[64072. 63421. 62024.]
Task is 53.00% complete.
t1_sim:[58248. 57980. 54057.] t2_sim:[65062. 62829. 61195.]
Task is 54.00% complete.
t1_sim:[58529. 56741. 52223.] t2_sim:[68410. 68297. 66057.]
Task is 55.00% complete.
t1_sim:[56629. 56922. 51950.] t2_sim:[64444. 65149. 65984.]
Task is 56.00% complete.
t1_sim:[67876. 67832. 61217.] t2_sim:[65230. 64382. 65768.]
Task is 57.00% complete.
t1_sim:[66945. 66734. 62098.] t2_sim:[60769. 58604. 59389.]
Task is 58.00% complete.
t1_sim:[61224. 59701. 54801.] t2_sim:[58199. 57296. 57071.]
Task is 59.00% complete.
t1_sim:[58390. 58685. 54840.] t2_sim:[58138. 58178. 58093.]
Task is 60.00% complete.
t1_sim:[61760. 60959. 57627.] t2_sim:[60818. 61992. 61257.]
Task is 61.00% complete.
t1_sim:[61764. 61812. 56275.] t2_sim:[65701. 67941. 66794.]
Task is 62.00% complete.
t1_sim:[63860. 65548. 60608.] t2_sim:[63771. 63922. 62536.]
Task is 63.00% complete.
t1_sim:[59714. 59499. 57053.] t2_sim:[64676. 65368. 64973.]
Task is 64.00% complete.
t1_sim:[65614. 68009. 64811.] t2_sim:[60375. 61005. 61246.]
Task is 65.00% complete.
t1_sim:[65188. 65759. 59546.] t2_sim:[64642. 66107. 65658.]
Task is 66.00% complete.
t1_sim:[69085. 72192. 68016.] t2_sim:[63269. 63091. 62189.]
Task is 67.00% complete.
t1_sim:[64690. 64740. 60797.] t2_sim:[56124. 54610. 52072.]
Task is 68.00% complete.
t1_sim:[58924. 60725. 54644.] t2_sim:[61701. 63546. 62468.]
Task is 69.00% complete.
t1_sim:[61994. 62719. 57291.] t2_sim:[60563. 60729. 62550.]
Task is 70.00% complete.
t1_sim:[61809. 60944. 56959.] t2_sim:[62757. 63150. 62963.]
Task is 71.00% complete.
t1_sim:[64827. 65989. 62559.] t2_sim:[64663. 65796. 66091.]
Task is 72.00% complete.
t1_sim:[64531. 64741. 58880.] t2_sim:[60003. 60593. 61400.]
Task is 73.00% complete.
t1_sim:[64915. 64500. 61539.] t2_sim:[67996. 66485. 66500.]
Task is 74.00% complete.
t1_sim:[64699. 66620. 63063.] t2_sim:[59523. 58086. 57608.]
Task is 75.00% complete.
t1_sim:[61311. 60271. 55215.] t2_sim:[60603. 61403. 62525.]
Task is 76.00% complete.
t1_sim:[71991. 69215. 66986.] t2_sim:[63988. 63559. 61990.]
Task is 77.00% complete.
t1_sim:[62772. 61903. 57044.] t2_sim:[61909. 61875. 60450.]
Task is 78.00% complete.
t1_sim:[61170. 60813. 56259.] t2_sim:[64070. 66232. 63202.]
Task is 79.00% complete.
t1_sim:[67287. 67346. 63788.] t2_sim:[65761. 65539. 64828.]
Task is 80.00% complete.
t1_sim:[61715. 62597. 57914.] t2_sim:[64147. 64736. 63951.]
Task is 81.00% complete.
t1_sim:[67472. 67387. 61407.] t2_sim:[67363. 67948. 64855.]
Task is 82.00% complete.
t1_sim:[66419. 65928. 64201.] t2_sim:[60196. 60983. 59576.]
Task is 83.00% complete.
t1_sim:[61082. 60461. 56075.] t2_sim:[62513. 63595. 60697.]
Task is 84.00% complete.
t1_sim:[66398. 68031. 64745.] t2_sim:[60380. 62321. 59500.]
Task is 85.00% complete.
t1_sim:[62382. 60968. 57076.] t2_sim:[59965. 60497. 59003.]
Task is 86.00% complete.
t1_sim:[66061. 67112. 62407.] t2_sim:[69671. 69460. 67378.]
Task is 87.00% complete.
t1_sim:[69430. 68775. 65674.] t2_sim:[65895. 64490. 63639.]
Task is 88.00% complete.
t1_sim:[64883. 64903. 60267.] t2_sim:[58762. 59477. 56900.]
Task is 89.00% complete.
t1_sim:[66219. 64255. 61761.] t2_sim:[62199. 62639. 62487.]
Task is 90.00% complete.
t1_sim:[65580. 65060. 62600.] t2_sim:[63782. 63456. 62617.]
Task is 91.00% complete.
t1_sim:[60749. 57748. 53865.] t2_sim:[61302. 63138. 60918.]
Task is 92.00% complete.
t1_sim:[55184. 55468. 51832.] t2_sim:[63713. 63015. 64080.]
Task is 93.00% complete.
t1_sim:[57707. 61345. 55068.] t2_sim:[63694. 62837. 62116.]
Task is 94.00% complete.
t1_sim:[58859. 57853. 53329.] t2_sim:[65414. 64702. 63043.]
Task is 95.00% complete.
t1_sim:[63006. 63692. 58660.] t2_sim:[62575. 62140. 61276.]
Task is 96.00% complete.
t1_sim:[65337. 66526. 60080.] t2_sim:[66067. 65470. 65685.]
Task is 97.00% complete.
t1_sim:[64298. 65462. 59461.] t2_sim:[66826. 68616. 65101.]
Task is 98.00% complete.
t1_sim:[64786. 64097. 59905.] t2_sim:[59824. 58563. 58572.]
Task is 99.00% complete.
t1_sim:[61361. 62439. 57529.] t2_sim:[63793. 64138. 64151.]
Finished
