/scratch/jz4721/Post-prediction-Causal-Inference/venv/lib/python3.8/site-packages/numpy/core/getlimits.py:518: UserWarning: The value of the smallest subnormal for <class 'numpy.float64'> type is zero.
  setattr(self, word, getattr(machar, word).flat[0])
/scratch/jz4721/Post-prediction-Causal-Inference/venv/lib/python3.8/site-packages/numpy/core/getlimits.py:89: UserWarning: The value of the smallest subnormal for <class 'numpy.float64'> type is zero.
  return self._float_to_str(self.smallest_subnormal)
/scratch/jz4721/Post-prediction-Causal-Inference/venv/lib/python3.8/site-packages/numpy/core/getlimits.py:518: UserWarning: The value of the smallest subnormal for <class 'numpy.float32'> type is zero.
  setattr(self, word, getattr(machar, word).flat[0])
/scratch/jz4721/Post-prediction-Causal-Inference/venv/lib/python3.8/site-packages/numpy/core/getlimits.py:89: UserWarning: The value of the smallest subnormal for <class 'numpy.float32'> type is zero.
  return self._float_to_str(self.smallest_subnormal)
Begin
Training start
t1_obs:[array(95348.), array(87547.), array(77974.)] t2_obs:[array(92862.), array(84592.), array(78315.)]
corr_G1:[None, None, 3.8819902666780425e-17] corr_G2:[None, None, 0]
Training end
Task is 0.00% complete.
t1_sim:[67450. 66050. 64586.] t2_sim:[64155. 64689. 61782.]
Task is 1.00% complete.
t1_sim:[58270. 58837. 57212.] t2_sim:[54957. 55776. 55492.]
Task is 2.00% complete.
t1_sim:[60597. 60868. 60085.] t2_sim:[58346. 58387. 57301.]
Task is 3.00% complete.
t1_sim:[63698. 62879. 64136.] t2_sim:[57009. 57090. 57092.]
Task is 4.00% complete.
t1_sim:[63916. 63424. 66083.] t2_sim:[59650. 58407. 59588.]
Task is 5.00% complete.
t1_sim:[62388. 62345. 61372.] t2_sim:[68392. 68582. 67718.]
Task is 6.00% complete.
t1_sim:[62126. 62223. 64515.] t2_sim:[61167. 60428. 61743.]
Task is 7.00% complete.
t1_sim:[57211. 57565. 58684.] t2_sim:[59160. 59629. 60284.]
Task is 8.00% complete.
t1_sim:[60775. 61740. 60134.] t2_sim:[60997. 60498. 63778.]
Task is 9.00% complete.
t1_sim:[60647. 59739. 61233.] t2_sim:[67574. 67219. 67512.]
Task is 10.00% complete.
t1_sim:[65178. 64729. 63259.] t2_sim:[62283. 61912. 63176.]
Task is 11.00% complete.
t1_sim:[65943. 65457. 67334.] t2_sim:[64191. 66101. 64595.]
Task is 12.00% complete.
t1_sim:[65388. 63694. 64832.] t2_sim:[68246. 68743. 68734.]
Task is 13.00% complete.
t1_sim:[62933. 64389. 64283.] t2_sim:[61619. 62153. 61220.]
Task is 14.00% complete.
t1_sim:[61285. 61133. 62673.] t2_sim:[62916. 61648. 62903.]
Task is 15.00% complete.
t1_sim:[62365. 61961. 59647.] t2_sim:[63787. 63991. 60685.]
Task is 16.00% complete.
t1_sim:[67308. 65915. 65865.] t2_sim:[59716. 60786. 61672.]
Task is 17.00% complete.
t1_sim:[63989. 63657. 64157.] t2_sim:[57346. 55477. 57365.]
Task is 18.00% complete.
t1_sim:[61929. 62296. 62068.] t2_sim:[65351. 66052. 64252.]
Task is 19.00% complete.
t1_sim:[64421. 63593. 64184.] t2_sim:[64847. 64306. 63634.]
Task is 20.00% complete.
t1_sim:[63392. 64005. 62854.] t2_sim:[60439. 61673. 58442.]
Task is 21.00% complete.
t1_sim:[70213. 68811. 67966.] t2_sim:[63124. 64767. 60570.]
Task is 22.00% complete.
t1_sim:[57915. 60251. 60064.] t2_sim:[64550. 65712. 63706.]
Task is 23.00% complete.
t1_sim:[66360. 67475. 65498.] t2_sim:[55589. 55066. 53357.]
Task is 24.00% complete.
t1_sim:[59395. 58410. 61221.] t2_sim:[66912. 68340. 68860.]
Task is 25.00% complete.
t1_sim:[62518. 63854. 62623.] t2_sim:[61316. 61805. 65400.]
Task is 26.00% complete.
t1_sim:[67408. 67204. 68873.] t2_sim:[66373. 65272. 65709.]
Task is 27.00% complete.
t1_sim:[67361. 67499. 65032.] t2_sim:[57766. 58498. 56742.]
Task is 28.00% complete.
t1_sim:[63334. 63681. 62237.] t2_sim:[60989. 60536. 61361.]
Task is 29.00% complete.
t1_sim:[56723. 56168. 58596.] t2_sim:[60977. 59992. 61490.]
Task is 30.00% complete.
t1_sim:[65744. 64799. 67522.] t2_sim:[61602. 60902. 60966.]
Task is 31.00% complete.
t1_sim:[66550. 65254. 65073.] t2_sim:[63380. 62430. 64664.]
Task is 32.00% complete.
t1_sim:[60988. 59143. 60231.] t2_sim:[64660. 65026. 65788.]
Task is 33.00% complete.
t1_sim:[67979. 67488. 68050.] t2_sim:[62806. 63357. 63717.]
Task is 34.00% complete.
t1_sim:[59018. 58937. 58413.] t2_sim:[52338. 52116. 50291.]
Task is 35.00% complete.
t1_sim:[63916. 66379. 63000.] t2_sim:[63437. 63659. 62762.]
Task is 36.00% complete.
t1_sim:[63158. 62208. 67174.] t2_sim:[61368. 62484. 61608.]
Task is 37.00% complete.
t1_sim:[61068. 62688. 63209.] t2_sim:[65810. 68572. 63728.]
Task is 38.00% complete.
t1_sim:[60182. 59144. 58564.] t2_sim:[61737. 62017. 61004.]
Task is 39.00% complete.
t1_sim:[59401. 59749. 61987.] t2_sim:[66839. 68482. 68357.]
Task is 40.00% complete.
t1_sim:[65190. 64291. 63833.] t2_sim:[56625. 55465. 54784.]
Task is 41.00% complete.
t1_sim:[62655. 63903. 59666.] t2_sim:[65818. 65269. 66362.]
Task is 42.00% complete.
t1_sim:[60745. 61046. 60791.] t2_sim:[60391. 59892. 60850.]
Task is 43.00% complete.
t1_sim:[57750. 58052. 61200.] t2_sim:[62242. 62580. 64816.]
Task is 44.00% complete.
t1_sim:[64947. 64221. 63623.] t2_sim:[64675. 64229. 64240.]
Task is 45.00% complete.
t1_sim:[63809. 65432. 64741.] t2_sim:[60502. 60066. 60914.]
Task is 46.00% complete.
t1_sim:[60603. 59623. 60438.] t2_sim:[64123. 64812. 66574.]
Task is 47.00% complete.
t1_sim:[65289. 66521. 64591.] t2_sim:[64540. 63878. 65223.]
Task is 48.00% complete.
t1_sim:[65843. 64667. 66972.] t2_sim:[61419. 61951. 60363.]
Task is 49.00% complete.
t1_sim:[55828. 56233. 59221.] t2_sim:[62647. 64643. 63583.]
Task is 50.00% complete.
t1_sim:[58896. 58279. 59142.] t2_sim:[60281. 58899. 61186.]
Task is 51.00% complete.
t1_sim:[63215. 61458. 59644.] t2_sim:[67902. 65787. 65666.]
Task is 52.00% complete.
t1_sim:[65583. 66123. 65455.] t2_sim:[62946. 62408. 59796.]
Task is 53.00% complete.
t1_sim:[60267. 60317. 61833.] t2_sim:[63226. 64075. 63372.]
Task is 54.00% complete.
t1_sim:[66931. 67477. 66342.] t2_sim:[60225. 60729. 62501.]
Task is 55.00% complete.
t1_sim:[61716. 61994. 62245.] t2_sim:[62915. 62821. 63940.]
Task is 56.00% complete.
t1_sim:[59968. 60825. 59229.] t2_sim:[65660. 63252. 64270.]
Task is 57.00% complete.
t1_sim:[63011. 64691. 61610.] t2_sim:[69227. 67760. 67235.]
Task is 58.00% complete.
t1_sim:[62630. 61029. 63405.] t2_sim:[59595. 62009. 62130.]
Task is 59.00% complete.
t1_sim:[56716. 57907. 56214.] t2_sim:[64019. 63401. 62339.]
Task is 60.00% complete.
t1_sim:[61396. 61432. 61524.] t2_sim:[61512. 63262. 59685.]
Task is 61.00% complete.
t1_sim:[65257. 63822. 65163.] t2_sim:[64312. 64028. 61670.]
Task is 62.00% complete.
t1_sim:[61726. 62724. 61184.] t2_sim:[62071. 61827. 62884.]
Task is 63.00% complete.
t1_sim:[62208. 61828. 62742.] t2_sim:[63373. 64784. 65252.]
Task is 64.00% complete.
t1_sim:[63287. 62537. 62506.] t2_sim:[63918. 64323. 60797.]
Task is 65.00% complete.
t1_sim:[59025. 58071. 59325.] t2_sim:[64553. 63521. 64540.]
Task is 66.00% complete.
t1_sim:[64527. 66495. 65976.] t2_sim:[62957. 63210. 62150.]
Task is 67.00% complete.
t1_sim:[61445. 60864. 59979.] t2_sim:[61355. 61768. 60926.]
Task is 68.00% complete.
t1_sim:[64982. 63930. 61505.] t2_sim:[63619. 63939. 64270.]
Task is 69.00% complete.
t1_sim:[57859. 57970. 57397.] t2_sim:[61935. 61687. 64022.]
Task is 70.00% complete.
t1_sim:[63402. 64036. 59942.] t2_sim:[59975. 62565. 59566.]
Task is 71.00% complete.
t1_sim:[62120. 62229. 61936.] t2_sim:[59154. 60563. 58027.]
Task is 72.00% complete.
t1_sim:[58769. 57720. 56990.] t2_sim:[62206. 61979. 61478.]
Task is 73.00% complete.
t1_sim:[57367. 56356. 58693.] t2_sim:[59922. 58296. 60984.]
Task is 74.00% complete.
t1_sim:[65311. 66267. 63105.] t2_sim:[59795. 61190. 59526.]
Task is 75.00% complete.
t1_sim:[68576. 69689. 69216.] t2_sim:[64252. 64514. 64917.]
Task is 76.00% complete.
t1_sim:[59204. 58151. 59025.] t2_sim:[62173. 63275. 62763.]
Task is 77.00% complete.
t1_sim:[66057. 66363. 67791.] t2_sim:[59146. 58632. 61129.]
Task is 78.00% complete.
t1_sim:[57530. 58574. 58755.] t2_sim:[63679. 64465. 64353.]
Task is 79.00% complete.
t1_sim:[64075. 63469. 65447.] t2_sim:[62656. 62984. 62250.]
Task is 80.00% complete.
t1_sim:[63216. 64972. 64888.] t2_sim:[62327. 61993. 62833.]
Task is 81.00% complete.
t1_sim:[63064. 64743. 63542.] t2_sim:[63817. 62525. 63911.]
Task is 82.00% complete.
t1_sim:[62937. 63700. 63960.] t2_sim:[60672. 60522. 59724.]
Task is 83.00% complete.
t1_sim:[67613. 66530. 67860.] t2_sim:[59861. 60873. 61230.]
Task is 84.00% complete.
t1_sim:[66566. 68412. 66731.] t2_sim:[62149. 60907. 63679.]
Task is 85.00% complete.
t1_sim:[61505. 61915. 63363.] t2_sim:[64144. 64093. 63004.]
Task is 86.00% complete.
t1_sim:[61256. 61936. 61645.] t2_sim:[63628. 63517. 63319.]
Task is 87.00% complete.
t1_sim:[61206. 60451. 61005.] t2_sim:[63672. 63203. 62675.]
Task is 88.00% complete.
t1_sim:[64377. 64820. 62203.] t2_sim:[61663. 60087. 61301.]
Task is 89.00% complete.
t1_sim:[63304. 64134. 63039.] t2_sim:[62508. 64874. 61632.]
Task is 90.00% complete.
t1_sim:[61280. 62719. 60662.] t2_sim:[61891. 61740. 61165.]
Task is 91.00% complete.
t1_sim:[57390. 57983. 57618.] t2_sim:[64837. 63119. 65573.]
Task is 92.00% complete.
t1_sim:[63209. 59986. 61576.] t2_sim:[58445. 57019. 59975.]
Task is 93.00% complete.
t1_sim:[60545. 61407. 61136.] t2_sim:[58806. 58265. 56243.]
Task is 94.00% complete.
t1_sim:[63610. 62467. 62848.] t2_sim:[56594. 56549. 56988.]
Task is 95.00% complete.
t1_sim:[63701. 62845. 65165.] t2_sim:[66168. 65574. 64632.]
Task is 96.00% complete.
t1_sim:[69945. 67940. 68895.] t2_sim:[62569. 63186. 61332.]
Task is 97.00% complete.
t1_sim:[64224. 63724. 64979.] t2_sim:[59263. 59982. 59347.]
Task is 98.00% complete.
t1_sim:[60626. 59328. 61612.] t2_sim:[58895. 58648. 56931.]
Task is 99.00% complete.
t1_sim:[59287. 58723. 60259.] t2_sim:[61190. 60366. 63115.]
Training start
t1_obs:[array(95348.), array(87547.), array(84373.)] t2_obs:[array(92862.), array(84592.), array(82887.)]
corr_G1:[None, None, 0.8850883981935855] corr_G2:[None, None, 0.8236727674577063]
Training end
Task is 0.00% complete.
t1_sim:[70010. 68968. 68929.] t2_sim:[64401. 64112. 64464.]
Task is 1.00% complete.
t1_sim:[65072. 64009. 64174.] t2_sim:[66965. 67680. 67539.]
Task is 2.00% complete.
t1_sim:[63869. 65134. 64568.] t2_sim:[61400. 60271. 61477.]
Task is 3.00% complete.
t1_sim:[57483. 56350. 57850.] t2_sim:[61316. 62689. 62685.]
Task is 4.00% complete.
t1_sim:[61313. 59963. 62645.] t2_sim:[61978. 61061. 61889.]
Task is 5.00% complete.
t1_sim:[62849. 61919. 63843.] t2_sim:[64496. 65170. 63535.]
Task is 6.00% complete.
t1_sim:[67023. 66534. 64249.] t2_sim:[65229. 65547. 64055.]
Task is 7.00% complete.
t1_sim:[63152. 62572. 62655.] t2_sim:[59974. 60905. 61953.]
Task is 8.00% complete.
t1_sim:[60685. 61511. 60329.] t2_sim:[63330. 63318. 63417.]
Task is 9.00% complete.
t1_sim:[57754. 56180. 58415.] t2_sim:[66115. 64488. 64967.]
Task is 10.00% complete.
t1_sim:[60833. 61728. 58763.] t2_sim:[59528. 60873. 60728.]
Task is 11.00% complete.
t1_sim:[67308. 69986. 67471.] t2_sim:[64301. 65095. 65683.]
Task is 12.00% complete.
t1_sim:[60984. 61346. 61672.] t2_sim:[71726. 71323. 72374.]
Task is 13.00% complete.
t1_sim:[58314. 57922. 58136.] t2_sim:[65708. 65415. 64555.]
Task is 14.00% complete.
t1_sim:[64022. 63846. 65087.] t2_sim:[60514. 62285. 60714.]
Task is 15.00% complete.
t1_sim:[63047. 65307. 63588.] t2_sim:[66070. 65068. 64373.]
Task is 16.00% complete.
t1_sim:[62385. 63440. 61767.] t2_sim:[60435. 60710. 60866.]
Task is 17.00% complete.
t1_sim:[65084. 64541. 64661.] t2_sim:[57033. 55926. 57115.]
Task is 18.00% complete.
t1_sim:[63905. 65454. 63584.] t2_sim:[64129. 65216. 65071.]
Task is 19.00% complete.
t1_sim:[63469. 63831. 62981.] t2_sim:[65107. 66393. 66579.]
Task is 20.00% complete.
t1_sim:[58625. 57233. 58165.] t2_sim:[66904. 65983. 66180.]
Task is 21.00% complete.
t1_sim:[67853. 68460. 67971.] t2_sim:[60682. 61553. 61092.]
Task is 22.00% complete.
t1_sim:[59636. 60154. 59203.] t2_sim:[61766. 61605. 60081.]
Task is 23.00% complete.
t1_sim:[61514. 60845. 60541.] t2_sim:[63003. 64523. 64994.]
Task is 24.00% complete.
t1_sim:[67519. 66620. 68192.] t2_sim:[58348. 59680. 59870.]
Task is 25.00% complete.
t1_sim:[63959. 62656. 63839.] t2_sim:[61268. 62870. 62581.]
Task is 26.00% complete.
t1_sim:[62478. 62228. 61118.] t2_sim:[60068. 60145. 60309.]
Task is 27.00% complete.
t1_sim:[65483. 64036. 64370.] t2_sim:[59849. 59036. 59554.]
Task is 28.00% complete.
t1_sim:[61901. 60680. 61811.] t2_sim:[69115. 68174. 68496.]
Task is 29.00% complete.
t1_sim:[65288. 65840. 65432.] t2_sim:[58766. 58485. 57730.]
Task is 30.00% complete.
t1_sim:[63053. 62712. 62320.] t2_sim:[58282. 58489. 58615.]
Task is 31.00% complete.
t1_sim:[60160. 59932. 60895.] t2_sim:[60001. 61508. 61335.]
Task is 32.00% complete.
t1_sim:[63666. 64038. 63917.] t2_sim:[62247. 61740. 61477.]
Task is 33.00% complete.
t1_sim:[59464. 59464. 59682.] t2_sim:[55908. 56168. 55904.]
Task is 34.00% complete.
t1_sim:[66688. 66124. 65255.] t2_sim:[59652. 60066. 60405.]
Task is 35.00% complete.
t1_sim:[64426. 63808. 64760.] t2_sim:[60350. 62793. 61192.]
Task is 36.00% complete.
t1_sim:[62158. 61993. 61512.] t2_sim:[61553. 61743. 60370.]
Task is 37.00% complete.
t1_sim:[62033. 63375. 63949.] t2_sim:[61262. 61461. 61203.]
Task is 38.00% complete.
t1_sim:[61122. 61673. 61315.] t2_sim:[63923. 62174. 62008.]
Task is 39.00% complete.
t1_sim:[61626. 61432. 61618.] t2_sim:[64878. 64511. 65232.]
Task is 40.00% complete.
t1_sim:[64844. 63836. 63522.] t2_sim:[59429. 58574. 59631.]
Task is 41.00% complete.
t1_sim:[67609. 67540. 66838.] t2_sim:[60098. 60298. 59051.]
Task is 42.00% complete.
t1_sim:[63018. 63654. 64441.] t2_sim:[65708. 66457. 65342.]
Task is 43.00% complete.
t1_sim:[60011. 57870. 57319.] t2_sim:[62240. 61393. 64048.]
Task is 44.00% complete.
t1_sim:[64010. 62235. 62137.] t2_sim:[59518. 61168. 60831.]
Task is 45.00% complete.
t1_sim:[62903. 62263. 61581.] t2_sim:[61556. 63785. 63495.]
Task is 46.00% complete.
t1_sim:[60101. 60584. 61444.] t2_sim:[65375. 62669. 62590.]
Task is 47.00% complete.
t1_sim:[66731. 65792. 65197.] t2_sim:[66982. 67704. 67096.]
Task is 48.00% complete.
t1_sim:[63330. 61812. 63579.] t2_sim:[59565. 60272. 59904.]
Task is 49.00% complete.
t1_sim:[64249. 66104. 66583.] t2_sim:[72038. 72972. 72695.]
Task is 50.00% complete.
t1_sim:[66320. 66123. 65058.] t2_sim:[64254. 63515. 62377.]
Task is 51.00% complete.
t1_sim:[56681. 58241. 56180.] t2_sim:[65975. 64961. 65671.]
Task is 52.00% complete.
t1_sim:[62402. 63753. 63868.] t2_sim:[65508. 65868. 65007.]
Task is 53.00% complete.
t1_sim:[65689. 63807. 65450.] t2_sim:[58159. 57836. 57309.]
Task is 54.00% complete.
t1_sim:[60435. 60820. 61381.] t2_sim:[66437. 66668. 66760.]
Task is 55.00% complete.
t1_sim:[71195. 70572. 72165.] t2_sim:[62494. 63381. 63084.]
Task is 56.00% complete.
t1_sim:[56693. 57487. 57427.] t2_sim:[63440. 65061. 63537.]
Task is 57.00% complete.
t1_sim:[65327. 64455. 63646.] t2_sim:[65816. 66444. 65018.]
Task is 58.00% complete.
t1_sim:[61402. 61759. 61754.] t2_sim:[61041. 61095. 60332.]
Task is 59.00% complete.
t1_sim:[63708. 64392. 64074.] t2_sim:[60326. 61880. 61560.]
Task is 60.00% complete.
t1_sim:[68019. 69474. 68119.] t2_sim:[61189. 61786. 60775.]
Task is 61.00% complete.
t1_sim:[58866. 59392. 58068.] t2_sim:[64582. 65780. 65667.]
Task is 62.00% complete.
t1_sim:[57782. 59391. 59513.] t2_sim:[65289. 64746. 64567.]
Task is 63.00% complete.
t1_sim:[66243. 65373. 67608.] t2_sim:[65877. 64855. 63615.]
Task is 64.00% complete.
t1_sim:[63295. 62667. 62771.] t2_sim:[59214. 59857. 59387.]
Task is 65.00% complete.
t1_sim:[63644. 64341. 65011.] t2_sim:[63833. 64774. 65051.]
Task is 66.00% complete.
t1_sim:[58144. 59142. 58257.] t2_sim:[58422. 58394. 58047.]
Task is 67.00% complete.
t1_sim:[61935. 61558. 61623.] t2_sim:[63940. 62770. 63279.]
Task is 68.00% complete.
t1_sim:[65195. 64848. 65651.] t2_sim:[59502. 59211. 58143.]
Task is 69.00% complete.
t1_sim:[63247. 61566. 61760.] t2_sim:[60266. 62284. 61126.]
Task is 70.00% complete.
t1_sim:[62689. 62766. 62660.] t2_sim:[68859. 69116. 68707.]
Task is 71.00% complete.
t1_sim:[59850. 61580. 60346.] t2_sim:[63424. 64829. 65180.]
Task is 72.00% complete.
t1_sim:[58421. 57161. 56744.] t2_sim:[66217. 65677. 64620.]
Task is 73.00% complete.
t1_sim:[62877. 62285. 63159.] t2_sim:[63967. 63202. 64053.]
Task is 74.00% complete.
t1_sim:[65119. 64750. 64757.] t2_sim:[60068. 60821. 61358.]
Task is 75.00% complete.
t1_sim:[65312. 66044. 65873.] t2_sim:[60989. 61074. 60838.]
Task is 76.00% complete.
t1_sim:[63101. 64601. 65109.] t2_sim:[58944. 59534. 58446.]
Task is 77.00% complete.
t1_sim:[67399. 66947. 66956.] t2_sim:[63813. 62712. 62207.]
Task is 78.00% complete.
t1_sim:[61628. 60698. 60932.] t2_sim:[58288. 59893. 59725.]
Task is 79.00% complete.
t1_sim:[59675. 60482. 59423.] t2_sim:[63265. 62178. 62561.]
Task is 80.00% complete.
t1_sim:[64284. 64620. 63417.] t2_sim:[68105. 68531. 68857.]
Task is 81.00% complete.
t1_sim:[61981. 61792. 62125.] t2_sim:[59076. 57142. 58991.]
Task is 82.00% complete.
t1_sim:[63900. 65064. 63977.] t2_sim:[56366. 57463. 57722.]
Task is 83.00% complete.
t1_sim:[57553. 58523. 58105.] t2_sim:[60215. 60995. 60865.]
Task is 84.00% complete.
t1_sim:[58687. 57565. 57880.] t2_sim:[60283. 58979. 59219.]
Task is 85.00% complete.
t1_sim:[63452. 63253. 62847.] t2_sim:[65868. 64512. 65278.]
Task is 86.00% complete.
t1_sim:[66208. 66624. 64773.] t2_sim:[66207. 66377. 67049.]
Task is 87.00% complete.
t1_sim:[62606. 64236. 62870.] t2_sim:[66173. 66490. 65321.]
Task is 88.00% complete.
t1_sim:[68248. 69234. 68426.] t2_sim:[60366. 60679. 60329.]
Task is 89.00% complete.
t1_sim:[64727. 65130. 65547.] t2_sim:[60096. 59718. 59148.]
Task is 90.00% complete.
t1_sim:[61265. 61314. 62008.] t2_sim:[61446. 60623. 60539.]
Task is 91.00% complete.
t1_sim:[64010. 63011. 63640.] t2_sim:[66511. 65876. 67282.]
Task is 92.00% complete.
t1_sim:[61659. 60551. 62098.] t2_sim:[60785. 61105. 60852.]
Task is 93.00% complete.
t1_sim:[66803. 67737. 67550.] t2_sim:[61834. 62394. 61111.]
Task is 94.00% complete.
t1_sim:[62940. 62148. 62117.] t2_sim:[64456. 65367. 65047.]
Task is 95.00% complete.
t1_sim:[66592. 65317. 65369.] t2_sim:[64311. 64164. 62855.]
Task is 96.00% complete.
t1_sim:[65104. 64808. 64276.] t2_sim:[67593. 66765. 67429.]
Task is 97.00% complete.
t1_sim:[61872. 61981. 61617.] t2_sim:[64287. 64445. 63542.]
Task is 98.00% complete.
t1_sim:[60680. 60425. 59934.] t2_sim:[66655. 67650. 68906.]
Task is 99.00% complete.
t1_sim:[74293. 73711. 73178.] t2_sim:[56494. 57025. 56360.]
Training start
t1_obs:[array(95348.), array(87547.), array(80577.)] t2_obs:[array(92862.), array(84592.), array(79336.)]
corr_G1:[None, None, 0.65112838711998] corr_G2:[None, None, 0.6870940225577283]
Training end
Task is 0.00% complete.
t1_sim:[60405. 58794. 55464.] t2_sim:[65103. 64298. 61045.]
Task is 1.00% complete.
t1_sim:[58405. 59070. 52522.] t2_sim:[60604. 60925. 57184.]
Task is 2.00% complete.
t1_sim:[61456. 62408. 58509.] t2_sim:[67600. 67239. 63935.]
Task is 3.00% complete.
t1_sim:[64664. 65478. 60622.] t2_sim:[65310. 63823. 60956.]
Task is 4.00% complete.
t1_sim:[62431. 62191. 57903.] t2_sim:[58838. 58091. 55315.]
Task is 5.00% complete.
t1_sim:[64456. 64758. 59822.] t2_sim:[61789. 62152. 58084.]
Task is 6.00% complete.
t1_sim:[60963. 61099. 57140.] t2_sim:[58163. 58325. 55559.]
Task is 7.00% complete.
t1_sim:[61689. 62564. 59416.] t2_sim:[60500. 61763. 57293.]
Task is 8.00% complete.
t1_sim:[59677. 59858. 56378.] t2_sim:[60332. 59627. 55766.]
Task is 9.00% complete.
t1_sim:[63120. 63201. 59042.] t2_sim:[61949. 59737. 59635.]
Task is 10.00% complete.
t1_sim:[59320. 58783. 53888.] t2_sim:[64326. 64764. 60470.]
Task is 11.00% complete.
t1_sim:[61384. 62240. 57384.] t2_sim:[62028. 62646. 58713.]
Task is 12.00% complete.
t1_sim:[62282. 62545. 58243.] t2_sim:[57605. 57607. 55273.]
Task is 13.00% complete.
t1_sim:[61906. 61456. 56920.] t2_sim:[63484. 64227. 60725.]
Task is 14.00% complete.
t1_sim:[57279. 56477. 51567.] t2_sim:[61817. 61884. 59098.]
Task is 15.00% complete.
t1_sim:[62722. 62261. 57936.] t2_sim:[65607. 66223. 62491.]
Task is 16.00% complete.
t1_sim:[61509. 60507. 57472.] t2_sim:[58515. 56837. 54409.]
Task is 17.00% complete.
t1_sim:[70674. 70799. 65780.] t2_sim:[62953. 61646. 60265.]
Task is 18.00% complete.
t1_sim:[62827. 64429. 58624.] t2_sim:[57857. 58286. 56745.]
Task is 19.00% complete.
t1_sim:[63819. 64074. 58973.] t2_sim:[64527. 63805. 58608.]
Task is 20.00% complete.
t1_sim:[62243. 61580. 57383.] t2_sim:[64189. 65777. 62496.]
Task is 21.00% complete.
t1_sim:[68927. 69420. 65049.] t2_sim:[57397. 58335. 57016.]
Task is 22.00% complete.
t1_sim:[65475. 65509. 59073.] t2_sim:[57550. 57930. 55192.]
Task is 23.00% complete.
t1_sim:[69277. 68388. 64545.] t2_sim:[57622. 57541. 55616.]
Task is 24.00% complete.
t1_sim:[64307. 64722. 61445.] t2_sim:[62123. 60265. 58150.]
Task is 25.00% complete.
t1_sim:[59950. 60855. 57255.] t2_sim:[64805. 65317. 63324.]
Task is 26.00% complete.
t1_sim:[63722. 63101. 59277.] t2_sim:[66039. 66575. 64330.]
Task is 27.00% complete.
t1_sim:[60940. 61716. 56492.] t2_sim:[63468. 64474. 59850.]
Task is 28.00% complete.
t1_sim:[66653. 67210. 63754.] t2_sim:[66061. 65155. 63622.]
Task is 29.00% complete.
t1_sim:[60387. 60375. 55761.] t2_sim:[56890. 57948. 54243.]
Task is 30.00% complete.
t1_sim:[62444. 63954. 56361.] t2_sim:[60197. 60006. 58503.]
Task is 31.00% complete.
t1_sim:[58479. 58995. 53313.] t2_sim:[60070. 61269. 58343.]
Task is 32.00% complete.
t1_sim:[56121. 55942. 52705.] t2_sim:[61403. 61812. 58436.]
Task is 33.00% complete.
t1_sim:[66883. 66799. 63674.] t2_sim:[63296. 63648. 59112.]
Task is 34.00% complete.
t1_sim:[61944. 61412. 57804.] t2_sim:[64629. 65263. 62766.]
Task is 35.00% complete.
t1_sim:[61112. 61643. 57448.] t2_sim:[62249. 60982. 59032.]
Task is 36.00% complete.
t1_sim:[62242. 63225. 56990.] t2_sim:[57635. 58037. 55068.]
Task is 37.00% complete.
t1_sim:[62305. 61697. 57026.] t2_sim:[60470. 60484. 58998.]
Task is 38.00% complete.
t1_sim:[67131. 65529. 61889.] t2_sim:[66542. 66555. 63575.]
Task is 39.00% complete.
t1_sim:[65474. 64417. 59840.] t2_sim:[61190. 62222. 57137.]
Task is 40.00% complete.
t1_sim:[65170. 63263. 59940.] t2_sim:[61598. 60567. 58066.]
Task is 41.00% complete.
t1_sim:[59256. 57751. 54834.] t2_sim:[62902. 63803. 61024.]
Task is 42.00% complete.
t1_sim:[66742. 65599. 61111.] t2_sim:[58819. 57085. 54823.]
Task is 43.00% complete.
t1_sim:[66535. 68966. 62935.] t2_sim:[59722. 60733. 56913.]
Task is 44.00% complete.
t1_sim:[64521. 62750. 58843.] t2_sim:[65847. 65483. 61694.]
Task is 45.00% complete.
t1_sim:[59109. 58234. 56579.] t2_sim:[55980. 56109. 53048.]
Task is 46.00% complete.
t1_sim:[60467. 61495. 57923.] t2_sim:[60456. 59503. 58038.]
Task is 47.00% complete.
t1_sim:[65978. 66913. 63247.] t2_sim:[58916. 59512. 55957.]
Task is 48.00% complete.
t1_sim:[58969. 58123. 54007.] t2_sim:[63599. 63348. 60385.]
Task is 49.00% complete.
t1_sim:[58208. 60774. 54405.] t2_sim:[61388. 62883. 58365.]
Task is 50.00% complete.
t1_sim:[65786. 65752. 61217.] t2_sim:[64351. 65820. 61194.]
Task is 51.00% complete.
t1_sim:[60861. 61835. 58552.] t2_sim:[68336. 66616. 63946.]
Task is 52.00% complete.
t1_sim:[65530. 65546. 61866.] t2_sim:[58231. 58618. 56432.]
Task is 53.00% complete.
t1_sim:[59672. 60792. 58225.] t2_sim:[64806. 64605. 59084.]
Task is 54.00% complete.
t1_sim:[63319. 64718. 60058.] t2_sim:[60993. 60980. 57846.]
Task is 55.00% complete.
t1_sim:[61355. 60799. 57823.] t2_sim:[62844. 63915. 60751.]
Task is 56.00% complete.
t1_sim:[62012. 61273. 57697.] t2_sim:[63073. 63474. 60068.]
Task is 57.00% complete.
t1_sim:[62217. 62500. 58011.] t2_sim:[67203. 69403. 66134.]
Task is 58.00% complete.
t1_sim:[58955. 60408. 57222.] t2_sim:[62352. 62359. 60257.]
Task is 59.00% complete.
t1_sim:[66007. 64786. 61957.] t2_sim:[61893. 62479. 59377.]
Task is 60.00% complete.
t1_sim:[63729. 63145. 59618.] t2_sim:[66215. 66153. 63976.]
Task is 61.00% complete.
t1_sim:[61915. 61306. 57277.] t2_sim:[63334. 62994. 59828.]
Task is 62.00% complete.
t1_sim:[66528. 63947. 57840.] t2_sim:[67434. 67352. 64182.]
Task is 63.00% complete.
t1_sim:[59932. 58960. 55562.] t2_sim:[65036. 64612. 61153.]
Task is 64.00% complete.
t1_sim:[56507. 56586. 52552.] t2_sim:[62189. 60998. 59235.]
Task is 65.00% complete.
t1_sim:[66140. 64635. 61889.] t2_sim:[59335. 59210. 56514.]
Task is 66.00% complete.
t1_sim:[67296. 68529. 64407.] t2_sim:[65216. 62018. 60348.]
Task is 67.00% complete.
t1_sim:[66532. 66234. 62119.] t2_sim:[68742. 66892. 64275.]
Task is 68.00% complete.
t1_sim:[66104. 66509. 61576.] t2_sim:[58771. 58407. 57501.]
Task is 69.00% complete.
t1_sim:[66187. 66830. 63491.] t2_sim:[62552. 63232. 61296.]
Task is 70.00% complete.
t1_sim:[64729. 64559. 60812.] t2_sim:[62366. 62130. 59133.]
Task is 71.00% complete.
t1_sim:[69004. 70059. 64938.] t2_sim:[65816. 66254. 61598.]
Task is 72.00% complete.
t1_sim:[61680. 61014. 57477.] t2_sim:[61212. 60516. 59665.]
Task is 73.00% complete.
t1_sim:[61180. 62279. 57506.] t2_sim:[61204. 61802. 58021.]
Task is 74.00% complete.
t1_sim:[60499. 59862. 56660.] t2_sim:[63471. 63089. 61058.]
Task is 75.00% complete.
t1_sim:[65118. 64359. 59706.] t2_sim:[63323. 63740. 61793.]
Task is 76.00% complete.
t1_sim:[66832. 66298. 62895.] t2_sim:[63562. 63409. 62449.]
Task is 77.00% complete.
t1_sim:[65074. 65896. 60782.] t2_sim:[60425. 59939. 57835.]
Task is 78.00% complete.
t1_sim:[64701. 63442. 58586.] t2_sim:[63975. 66284. 63103.]
Task is 79.00% complete.
t1_sim:[59742. 59390. 52907.] t2_sim:[61892. 62553. 59879.]
Task is 80.00% complete.
t1_sim:[62564. 62270. 58020.] t2_sim:[58199. 58889. 54631.]
Task is 81.00% complete.
t1_sim:[59301. 59037. 54857.] t2_sim:[56599. 56510. 53466.]
Task is 82.00% complete.
t1_sim:[66222. 66638. 62849.] t2_sim:[58838. 60428. 56590.]
Task is 83.00% complete.
t1_sim:[64469. 65156. 59178.] t2_sim:[62646. 62260. 58972.]
Task is 84.00% complete.
t1_sim:[56119. 55230. 50567.] t2_sim:[61799. 62049. 57666.]
Task is 85.00% complete.
t1_sim:[65912. 65996. 62321.] t2_sim:[67834. 67748. 65165.]
Task is 86.00% complete.
t1_sim:[59170. 59014. 55851.] t2_sim:[59649. 61353. 58148.]
Task is 87.00% complete.
t1_sim:[61820. 59892. 55428.] t2_sim:[64464. 62857. 59253.]
Task is 88.00% complete.
t1_sim:[63270. 62817. 58143.] t2_sim:[68165. 68445. 65410.]
Task is 89.00% complete.
t1_sim:[68860. 68626. 64190.] t2_sim:[62772. 62489. 60073.]
Task is 90.00% complete.
t1_sim:[66072. 65562. 62060.] t2_sim:[65776. 66750. 62334.]
Task is 91.00% complete.
t1_sim:[53987. 52678. 51556.] t2_sim:[66313. 67142. 61907.]
Task is 92.00% complete.
t1_sim:[64226. 64049. 59313.] t2_sim:[60087. 58991. 56799.]
Task is 93.00% complete.
t1_sim:[62521. 62448. 57403.] t2_sim:[63214. 65545. 62656.]
Task is 94.00% complete.
t1_sim:[55656. 53748. 52960.] t2_sim:[64690. 65609. 63392.]
Task is 95.00% complete.
t1_sim:[56911. 58295. 51805.] t2_sim:[61082. 61623. 56888.]
Task is 96.00% complete.
t1_sim:[56197. 56765. 52600.] t2_sim:[64019. 64573. 60674.]
Task is 97.00% complete.
t1_sim:[64290. 64514. 59808.] t2_sim:[62433. 63004. 59755.]
Task is 98.00% complete.
t1_sim:[61385. 62124. 57063.] t2_sim:[66198. 64190. 62434.]
Task is 99.00% complete.
t1_sim:[62891. 61695. 56791.] t2_sim:[61524. 61536. 58515.]
Finished
