/scratch/jz4721/Post-prediction-Causal-Inference/venv/lib/python3.8/site-packages/numpy/core/getlimits.py:518: UserWarning: The value of the smallest subnormal for <class 'numpy.float64'> type is zero.
  setattr(self, word, getattr(machar, word).flat[0])
/scratch/jz4721/Post-prediction-Causal-Inference/venv/lib/python3.8/site-packages/numpy/core/getlimits.py:89: UserWarning: The value of the smallest subnormal for <class 'numpy.float64'> type is zero.
  return self._float_to_str(self.smallest_subnormal)
/scratch/jz4721/Post-prediction-Causal-Inference/venv/lib/python3.8/site-packages/numpy/core/getlimits.py:518: UserWarning: The value of the smallest subnormal for <class 'numpy.float32'> type is zero.
  setattr(self, word, getattr(machar, word).flat[0])
/scratch/jz4721/Post-prediction-Causal-Inference/venv/lib/python3.8/site-packages/numpy/core/getlimits.py:89: UserWarning: The value of the smallest subnormal for <class 'numpy.float32'> type is zero.
  return self._float_to_str(self.smallest_subnormal)
Begin
Training start
t1_obs:[array(97755.), array(89268.), array(80798.)] t2_obs:[array(92078.), array(84429.), array(78816.)]
corr_G1:[None, None, 0] corr_G2:[None, None, 7.788427982646385e-17]
Training end
Task is 0.00% complete.
t1_sim:[58993. 60856. 59974.] t2_sim:[65672. 65228. 66227.]
Task is 1.00% complete.
t1_sim:[65578. 66978. 62576.] t2_sim:[63867. 64456. 66014.]
Task is 2.00% complete.
t1_sim:[60496. 59428. 58596.] t2_sim:[59126. 58273. 59157.]
Task is 3.00% complete.
t1_sim:[61522. 62088. 58837.] t2_sim:[59927. 58707. 58859.]
Task is 4.00% complete.
t1_sim:[63510. 64526. 65992.] t2_sim:[64169. 63950. 63469.]
Task is 5.00% complete.
t1_sim:[69239. 68834. 68208.] t2_sim:[63444. 62917. 62926.]
Task is 6.00% complete.
t1_sim:[62107. 60960. 64849.] t2_sim:[60052. 59139. 61005.]
Task is 7.00% complete.
t1_sim:[63241. 60765. 65146.] t2_sim:[64972. 65312. 63124.]
Task is 8.00% complete.
t1_sim:[63202. 64640. 61727.] t2_sim:[61297. 59738. 60040.]
Task is 9.00% complete.
t1_sim:[68727. 69168. 65228.] t2_sim:[62499. 63892. 59893.]
Task is 10.00% complete.
t1_sim:[62741. 62764. 63616.] t2_sim:[59243. 59171. 60273.]
Task is 11.00% complete.
t1_sim:[62700. 62104. 61622.] t2_sim:[66924. 66412. 66035.]
Task is 12.00% complete.
t1_sim:[60518. 61790. 62388.] t2_sim:[62807. 63975. 60292.]
Task is 13.00% complete.
t1_sim:[61479. 60939. 61710.] t2_sim:[61325. 63369. 63746.]
Task is 14.00% complete.
t1_sim:[58147. 58083. 56089.] t2_sim:[64506. 64365. 64892.]
Task is 15.00% complete.
t1_sim:[64268. 63712. 67342.] t2_sim:[65999. 65772. 66424.]
Task is 16.00% complete.
t1_sim:[60385. 60091. 61608.] t2_sim:[62488. 64109. 62004.]
Task is 17.00% complete.
t1_sim:[60272. 59896. 60814.] t2_sim:[63074. 63797. 58379.]
Task is 18.00% complete.
t1_sim:[59494. 59963. 58729.] t2_sim:[58073. 58843. 57249.]
Task is 19.00% complete.
t1_sim:[57174. 56617. 57881.] t2_sim:[60011. 59665. 60733.]
Task is 20.00% complete.
t1_sim:[57576. 57930. 59129.] t2_sim:[65067. 65319. 64176.]
Task is 21.00% complete.
t1_sim:[62371. 61317. 62193.] t2_sim:[60736. 61197. 60613.]
Task is 22.00% complete.
t1_sim:[63009. 62479. 60264.] t2_sim:[61487. 60243. 60890.]
Task is 23.00% complete.
t1_sim:[60949. 59301. 63275.] t2_sim:[62986. 63503. 63761.]
Task is 24.00% complete.
t1_sim:[63161. 62790. 64802.] t2_sim:[60858. 59157. 61338.]
Task is 25.00% complete.
t1_sim:[63835. 63861. 63534.] t2_sim:[57128. 57696. 57571.]
Task is 26.00% complete.
t1_sim:[62835. 62897. 64219.] t2_sim:[62455. 62801. 62307.]
Task is 27.00% complete.
t1_sim:[62718. 62577. 60750.] t2_sim:[58375. 59222. 57525.]
Task is 28.00% complete.
t1_sim:[64540. 65030. 67667.] t2_sim:[64521. 63482. 66723.]
Task is 29.00% complete.
t1_sim:[64592. 62885. 62192.] t2_sim:[59467. 60533. 58638.]
Task is 30.00% complete.
t1_sim:[60025. 59332. 61350.] t2_sim:[65557. 64324. 67440.]
Task is 31.00% complete.
t1_sim:[58728. 60503. 60534.] t2_sim:[62045. 62987. 61913.]
Task is 32.00% complete.
t1_sim:[62297. 61968. 61679.] t2_sim:[62471. 61091. 63033.]
Task is 33.00% complete.
t1_sim:[63509. 64011. 60202.] t2_sim:[58197. 58541. 59002.]
Task is 34.00% complete.
t1_sim:[56575. 56911. 57187.] t2_sim:[65263. 63920. 65604.]
Task is 35.00% complete.
t1_sim:[60904. 61957. 61026.] t2_sim:[61544. 60912. 61929.]
Task is 36.00% complete.
t1_sim:[58191. 57628. 58691.] t2_sim:[67498. 66231. 66347.]
Task is 37.00% complete.
t1_sim:[63271. 64316. 63466.] t2_sim:[58566. 58227. 58298.]
Task is 38.00% complete.
t1_sim:[65449. 66637. 65405.] t2_sim:[59402. 59655. 60911.]
Task is 39.00% complete.
t1_sim:[67148. 65504. 68459.] t2_sim:[60307. 58791. 60319.]
Task is 40.00% complete.
t1_sim:[62062. 61641. 61832.] t2_sim:[61626. 60871. 61987.]
Task is 41.00% complete.
t1_sim:[66529. 67058. 64118.] t2_sim:[56470. 58002. 60108.]
Task is 42.00% complete.
t1_sim:[64265. 63766. 63281.] t2_sim:[65696. 65215. 62031.]
Task is 43.00% complete.
t1_sim:[64266. 64365. 66740.] t2_sim:[64419. 65013. 64252.]
Task is 44.00% complete.
t1_sim:[62068. 62824. 62197.] t2_sim:[60472. 60779. 59457.]
Task is 45.00% complete.
t1_sim:[66566. 67142. 65132.] t2_sim:[64527. 64749. 62228.]
Task is 46.00% complete.
t1_sim:[61147. 61340. 62027.] t2_sim:[63567. 62773. 63857.]
Task is 47.00% complete.
t1_sim:[64632. 64702. 64008.] t2_sim:[63269. 62669. 62282.]
Task is 48.00% complete.
t1_sim:[65679. 64723. 63602.] t2_sim:[60523. 61437. 61460.]
Task is 49.00% complete.
t1_sim:[63281. 64400. 66211.] t2_sim:[57779. 57074. 55656.]
Task is 50.00% complete.
t1_sim:[68683. 69781. 67772.] t2_sim:[62400. 61788. 61978.]
Task is 51.00% complete.
t1_sim:[58626. 60122. 57680.] t2_sim:[61403. 61164. 64926.]
Task is 52.00% complete.
t1_sim:[66038. 65130. 65420.] t2_sim:[58284. 58671. 59393.]
Task is 53.00% complete.
t1_sim:[63726. 62926. 63426.] t2_sim:[64606. 65471. 63293.]
Task is 54.00% complete.
t1_sim:[62093. 63923. 61644.] t2_sim:[62649. 62036. 60898.]
Task is 55.00% complete.
t1_sim:[57574. 57567. 55718.] t2_sim:[61236. 61338. 60331.]
Task is 56.00% complete.
t1_sim:[64153. 62421. 66039.] t2_sim:[60780. 62150. 61937.]
Task is 57.00% complete.
t1_sim:[58970. 58974. 59920.] t2_sim:[61384. 62684. 62348.]
Task is 58.00% complete.
t1_sim:[62401. 62733. 63151.] t2_sim:[60386. 59761. 61289.]
Task is 59.00% complete.
t1_sim:[64519. 63512. 65537.] t2_sim:[58864. 59274. 59614.]
Task is 60.00% complete.
t1_sim:[63174. 63388. 63672.] t2_sim:[60542. 60854. 60388.]
Task is 61.00% complete.
t1_sim:[64944. 64879. 63280.] t2_sim:[65672. 66217. 66428.]
Task is 62.00% complete.
t1_sim:[58013. 58964. 57498.] t2_sim:[64296. 64434. 61356.]
Task is 63.00% complete.
t1_sim:[63059. 63289. 65971.] t2_sim:[58421. 58856. 58905.]
Task is 64.00% complete.
t1_sim:[62257. 62061. 63547.] t2_sim:[61547. 59428. 59760.]
Task is 65.00% complete.
t1_sim:[63625. 62191. 62223.] t2_sim:[64229. 64564. 65110.]
Task is 66.00% complete.
t1_sim:[62099. 61171. 62755.] t2_sim:[59711. 57099. 58501.]
Task is 67.00% complete.
t1_sim:[59842. 59249. 60041.] t2_sim:[62153. 62818. 60117.]
Task is 68.00% complete.
t1_sim:[61696. 62326. 64231.] t2_sim:[62214. 62992. 63803.]
Task is 69.00% complete.
t1_sim:[62883. 60871. 60383.] t2_sim:[62945. 61037. 62589.]
Task is 70.00% complete.
t1_sim:[62972. 63496. 60516.] t2_sim:[69094. 70181. 68114.]
Task is 71.00% complete.
t1_sim:[61323. 61259. 60385.] t2_sim:[56077. 57338. 57300.]
Task is 72.00% complete.
t1_sim:[62907. 66672. 61444.] t2_sim:[63125. 63896. 64202.]
Task is 73.00% complete.
t1_sim:[61599. 62978. 63053.] t2_sim:[57854. 57859. 56395.]
Task is 74.00% complete.
t1_sim:[66690. 66438. 68061.] t2_sim:[64731. 64331. 64577.]
Task is 75.00% complete.
t1_sim:[61856. 61018. 60310.] t2_sim:[67378. 68430. 67413.]
Task is 76.00% complete.
t1_sim:[66385. 66381. 66667.] t2_sim:[64186. 64401. 63236.]
Task is 77.00% complete.
t1_sim:[58660. 57932. 62489.] t2_sim:[65777. 66552. 66432.]
Task is 78.00% complete.
t1_sim:[61859. 61333. 62301.] t2_sim:[62413. 61365. 59530.]
Task is 79.00% complete.
t1_sim:[59960. 61011. 55408.] t2_sim:[67710. 66818. 67799.]
Task is 80.00% complete.
t1_sim:[63106. 61619. 61861.] t2_sim:[65804. 65101. 65890.]
Task is 81.00% complete.
t1_sim:[64950. 65518. 64058.] t2_sim:[54182. 54830. 54999.]
Task is 82.00% complete.
t1_sim:[62279. 62931. 60181.] t2_sim:[65734. 65244. 65028.]
Task is 83.00% complete.
t1_sim:[68045. 66163. 67256.] t2_sim:[66968. 66769. 67862.]
Task is 84.00% complete.
t1_sim:[61517. 61063. 60566.] t2_sim:[60223. 60257. 60651.]
Task is 85.00% complete.
t1_sim:[71495. 70190. 70533.] t2_sim:[63661. 63980. 63424.]
Task is 86.00% complete.
t1_sim:[57016. 56450. 59754.] t2_sim:[62963. 62685. 62450.]
Task is 87.00% complete.
t1_sim:[67250. 67701. 66137.] t2_sim:[65824. 65831. 64116.]
Task is 88.00% complete.
t1_sim:[64406. 63740. 66424.] t2_sim:[58924. 60085. 62693.]
Task is 89.00% complete.
t1_sim:[65501. 65235. 64286.] t2_sim:[65997. 67428. 68554.]
Task is 90.00% complete.
t1_sim:[61302. 61558. 61954.] t2_sim:[57505. 57896. 57625.]
Task is 91.00% complete.
t1_sim:[64663. 65776. 61563.] t2_sim:[63993. 64241. 64047.]
Task is 92.00% complete.
t1_sim:[68570. 69508. 68527.] t2_sim:[66936. 66282. 67519.]
Task is 93.00% complete.
t1_sim:[60476. 59025. 58598.] t2_sim:[58992. 59247. 57342.]
Task is 94.00% complete.
t1_sim:[66030. 65859. 65028.] t2_sim:[68405. 67241. 65647.]
Task is 95.00% complete.
t1_sim:[64896. 64077. 65482.] t2_sim:[63189. 63345. 65647.]
Task is 96.00% complete.
t1_sim:[63298. 63055. 64583.] t2_sim:[64373. 65678. 64355.]
Task is 97.00% complete.
t1_sim:[61308. 60289. 61572.] t2_sim:[62724. 63913. 63556.]
Task is 98.00% complete.
t1_sim:[61033. 60895. 58608.] t2_sim:[58523. 58709. 57709.]
Task is 99.00% complete.
t1_sim:[62285. 62969. 63273.] t2_sim:[64688. 63980. 63113.]
Training start
t1_obs:[array(97755.), array(89268.), array(87816.)] t2_obs:[array(92078.), array(84429.), array(82803.)]
corr_G1:[None, None, 0.9940078378027337] corr_G2:[None, None, 0.9396608445886624]
Training end
Task is 0.00% complete.
t1_sim:[64448. 62777. 63100.] t2_sim:[64612. 65910. 65525.]
Task is 1.00% complete.
t1_sim:[59471. 60600. 59344.] t2_sim:[66885. 65728. 65810.]
Task is 2.00% complete.
t1_sim:[59460. 59436. 60359.] t2_sim:[67272. 67663. 67425.]
Task is 3.00% complete.
t1_sim:[60992. 60918. 61983.] t2_sim:[62786. 62794. 63600.]
Task is 4.00% complete.
t1_sim:[62939. 64203. 64949.] t2_sim:[66207. 66009. 66707.]
Task is 5.00% complete.
t1_sim:[65095. 64663. 64101.] t2_sim:[60529. 60833. 61820.]
Task is 6.00% complete.
t1_sim:[60860. 58665. 60957.] t2_sim:[65210. 63901. 62902.]
Task is 7.00% complete.
t1_sim:[58672. 58280. 57985.] t2_sim:[62549. 63023. 63276.]
Task is 8.00% complete.
t1_sim:[59965. 58772. 59003.] t2_sim:[55648. 56516. 56605.]
Task is 9.00% complete.
t1_sim:[68272. 67527. 67517.] t2_sim:[58779. 58332. 58654.]
Task is 10.00% complete.
t1_sim:[64284. 63389. 64022.] t2_sim:[64644. 65739. 65612.]
Task is 11.00% complete.
t1_sim:[65385. 65184. 64842.] t2_sim:[62370. 62686. 63530.]
Task is 12.00% complete.
t1_sim:[68389. 67559. 67116.] t2_sim:[57501. 58023. 57759.]
Task is 13.00% complete.
t1_sim:[65568. 63202. 64498.] t2_sim:[62147. 60443. 60325.]
Task is 14.00% complete.
t1_sim:[63488. 62729. 62697.] t2_sim:[68502. 69419. 69769.]
Task is 15.00% complete.
t1_sim:[68537. 68365. 68651.] t2_sim:[65808. 64661. 64166.]
Task is 16.00% complete.
t1_sim:[65359. 64206. 63130.] t2_sim:[60692. 59883. 61093.]
Task is 17.00% complete.
t1_sim:[65694. 65146. 65670.] t2_sim:[67023. 66340. 66731.]
Task is 18.00% complete.
t1_sim:[63854. 63532. 62449.] t2_sim:[63850. 64581. 63993.]
Task is 19.00% complete.
t1_sim:[61500. 62235. 62032.] t2_sim:[61781. 62860. 61663.]
Task is 20.00% complete.
t1_sim:[59556. 59496. 59035.] t2_sim:[60618. 59325. 61387.]
Task is 21.00% complete.
t1_sim:[60378. 60552. 60882.] t2_sim:[67326. 67878. 68855.]
Task is 22.00% complete.
t1_sim:[57724. 57240. 56071.] t2_sim:[62927. 62283. 62391.]
Task is 23.00% complete.
t1_sim:[57345. 57040. 57048.] t2_sim:[65358. 64524. 65194.]
Task is 24.00% complete.
t1_sim:[61286. 60524. 60776.] t2_sim:[59448. 60256. 59356.]
Task is 25.00% complete.
t1_sim:[61893. 60762. 61044.] t2_sim:[65966. 66469. 66595.]
Task is 26.00% complete.
t1_sim:[59617. 60909. 60091.] t2_sim:[63173. 64330. 63818.]
Task is 27.00% complete.
t1_sim:[57221. 56663. 56627.] t2_sim:[58420. 57287. 57093.]
Task is 28.00% complete.
t1_sim:[58906. 59322. 58436.] t2_sim:[64673. 65734. 64798.]
Task is 29.00% complete.
t1_sim:[64747. 65052. 65333.] t2_sim:[65931. 65669. 65569.]
Task is 30.00% complete.
t1_sim:[54966. 54787. 55011.] t2_sim:[60860. 60813. 60488.]
Task is 31.00% complete.
t1_sim:[57911. 58121. 56897.] t2_sim:[66384. 67097. 67516.]
Task is 32.00% complete.
t1_sim:[64640. 64744. 63116.] t2_sim:[65220. 65316. 65475.]
Task is 33.00% complete.
t1_sim:[66712. 68143. 67328.] t2_sim:[63826. 63063. 64051.]
Task is 34.00% complete.
t1_sim:[64158. 63845. 64260.] t2_sim:[60208. 58273. 59457.]
Task is 35.00% complete.
t1_sim:[66277. 66202. 65922.] t2_sim:[59617. 61256. 60849.]
Task is 36.00% complete.
t1_sim:[64120. 66770. 65212.] t2_sim:[57124. 57970. 57077.]
Task is 37.00% complete.
t1_sim:[66043. 65895. 65565.] t2_sim:[64344. 65429. 64553.]
Task is 38.00% complete.
t1_sim:[63718. 62906. 63472.] t2_sim:[54553. 55544. 56450.]
Task is 39.00% complete.
t1_sim:[64968. 63763. 63493.] t2_sim:[64079. 63964. 64060.]
Task is 40.00% complete.
t1_sim:[62875. 62149. 61088.] t2_sim:[64177. 63644. 63782.]
Task is 41.00% complete.
t1_sim:[64623. 64636. 65400.] t2_sim:[65177. 63608. 64594.]
Task is 42.00% complete.
t1_sim:[69143. 68286. 68524.] t2_sim:[63651. 64192. 63491.]
Task is 43.00% complete.
t1_sim:[61069. 60619. 61126.] t2_sim:[54363. 53448. 52768.]
Task is 44.00% complete.
t1_sim:[65721. 64615. 65831.] t2_sim:[65630. 66291. 65390.]
Task is 45.00% complete.
t1_sim:[58345. 59375. 59126.] t2_sim:[64873. 65010. 63695.]
Task is 46.00% complete.
t1_sim:[66481. 66809. 67524.] t2_sim:[57769. 59700. 59471.]
Task is 47.00% complete.
t1_sim:[62397. 64058. 64114.] t2_sim:[64330. 66149. 63266.]
Task is 48.00% complete.
t1_sim:[64080. 63335. 63150.] t2_sim:[68496. 69539. 69780.]
Task is 49.00% complete.
t1_sim:[57549. 58315. 58297.] t2_sim:[68688. 67744. 66754.]
Task is 50.00% complete.
t1_sim:[61671. 63189. 62645.] t2_sim:[61716. 62380. 61374.]
Task is 51.00% complete.
t1_sim:[60534. 60556. 59086.] t2_sim:[63298. 62618. 64406.]
Task is 52.00% complete.
t1_sim:[61885. 62300. 62140.] t2_sim:[59761. 58941. 60003.]
Task is 53.00% complete.
t1_sim:[66072. 66686. 66484.] t2_sim:[62549. 62766. 62093.]
Task is 54.00% complete.
t1_sim:[70064. 70282. 71670.] t2_sim:[57876. 57268. 56700.]
Task is 55.00% complete.
t1_sim:[61144. 63205. 63854.] t2_sim:[58505. 56713. 57902.]
Task is 56.00% complete.
t1_sim:[63343. 61944. 62910.] t2_sim:[61322. 60794. 61410.]
Task is 57.00% complete.
t1_sim:[63933. 63052. 62742.] t2_sim:[63661. 65346. 63961.]
Task is 58.00% complete.
t1_sim:[59379. 58021. 58085.] t2_sim:[63983. 63920. 64734.]
Task is 59.00% complete.
t1_sim:[67875. 68179. 67105.] t2_sim:[55184. 54922. 54628.]
Task is 60.00% complete.
t1_sim:[67983. 68262. 68077.] t2_sim:[58776. 57518. 58370.]
Task is 61.00% complete.
t1_sim:[56369. 55260. 56995.] t2_sim:[62710. 62658. 62331.]
Task is 62.00% complete.
t1_sim:[62382. 61268. 60793.] t2_sim:[67705. 66425. 67609.]
Task is 63.00% complete.
t1_sim:[65935. 65763. 64254.] t2_sim:[58497. 58367. 59948.]
Task is 64.00% complete.
t1_sim:[64006. 65624. 65331.] t2_sim:[62160. 60175. 61731.]
Task is 65.00% complete.
t1_sim:[66704. 64367. 64594.] t2_sim:[58525. 59329. 59758.]
Task is 66.00% complete.
t1_sim:[66850. 65973. 65965.] t2_sim:[61057. 60586. 59924.]
Task is 67.00% complete.
t1_sim:[60350. 61194. 61019.] t2_sim:[65545. 67049. 65162.]
Task is 68.00% complete.
t1_sim:[66201. 66121. 66253.] t2_sim:[63711. 62501. 63393.]
Task is 69.00% complete.
t1_sim:[61587. 61243. 60478.] t2_sim:[66268. 67573. 66702.]
Task is 70.00% complete.
t1_sim:[59894. 61143. 60247.] t2_sim:[67254. 66501. 67024.]
Task is 71.00% complete.
t1_sim:[58643. 59722. 60483.] t2_sim:[62985. 62059. 61904.]
Task is 72.00% complete.
t1_sim:[62846. 62218. 63274.] t2_sim:[68581. 67529. 67681.]
Task is 73.00% complete.
t1_sim:[64494. 64294. 63676.] t2_sim:[65816. 65201. 64759.]
Task is 74.00% complete.
t1_sim:[57579. 58130. 57663.] t2_sim:[62170. 64515. 64161.]
Task is 75.00% complete.
t1_sim:[60482. 62295. 62945.] t2_sim:[63901. 61817. 64367.]
Task is 76.00% complete.
t1_sim:[63924. 63883. 65201.] t2_sim:[59932. 57882. 58400.]
Task is 77.00% complete.
t1_sim:[62447. 62478. 62200.] t2_sim:[59638. 59241. 58573.]
Task is 78.00% complete.
t1_sim:[66666. 64934. 65140.] t2_sim:[62871. 60448. 61249.]
Task is 79.00% complete.
t1_sim:[62421. 63262. 62549.] t2_sim:[66110. 66218. 67453.]
Task is 80.00% complete.
t1_sim:[61879. 63363. 62824.] t2_sim:[63585. 62841. 63657.]
Task is 81.00% complete.
t1_sim:[55920. 57015. 56428.] t2_sim:[56441. 55776. 56008.]
Task is 82.00% complete.
t1_sim:[61478. 61064. 60957.] t2_sim:[66816. 65574. 67197.]
Task is 83.00% complete.
t1_sim:[59412. 59721. 58913.] t2_sim:[67307. 69593. 68622.]
Task is 84.00% complete.
t1_sim:[68015. 67953. 67617.] t2_sim:[59434. 59599. 60337.]
Task is 85.00% complete.
t1_sim:[61220. 61847. 61357.] t2_sim:[60989. 61836. 62135.]
Task is 86.00% complete.
t1_sim:[66238. 66963. 67378.] t2_sim:[63135. 63427. 63580.]
Task is 87.00% complete.
t1_sim:[63162. 62529. 63765.] t2_sim:[64093. 63605. 64105.]
Task is 88.00% complete.
t1_sim:[61588. 61576. 60163.] t2_sim:[64074. 64399. 65177.]
Task is 89.00% complete.
t1_sim:[62124. 61867. 60277.] t2_sim:[66935. 66056. 65637.]
Task is 90.00% complete.
t1_sim:[56809. 55396. 54911.] t2_sim:[57794. 57353. 58333.]
Task is 91.00% complete.
t1_sim:[58334. 59488. 58415.] t2_sim:[65421. 65066. 64479.]
Task is 92.00% complete.
t1_sim:[62136. 62364. 61647.] t2_sim:[62494. 60309. 61495.]
Task is 93.00% complete.
t1_sim:[64411. 64565. 64866.] t2_sim:[67258. 66833. 66604.]
Task is 94.00% complete.
t1_sim:[69477. 69649. 70089.] t2_sim:[61475. 60011. 60719.]
Task is 95.00% complete.
t1_sim:[59459. 59351. 58617.] t2_sim:[63572. 62976. 64094.]
Task is 96.00% complete.
t1_sim:[64796. 66615. 65526.] t2_sim:[64261. 65232. 66085.]
Task is 97.00% complete.
t1_sim:[61855. 61864. 62186.] t2_sim:[60244. 61780. 61125.]
Task is 98.00% complete.
t1_sim:[57938. 58154. 59025.] t2_sim:[63929. 65971. 65032.]
Task is 99.00% complete.
t1_sim:[64650. 64008. 61404.] t2_sim:[61697. 61971. 60784.]
Training start
t1_obs:[array(97755.), array(89268.), array(84351.)] t2_obs:[array(92078.), array(84429.), array(80866.)]
corr_G1:[None, None, 0.2154768192746723] corr_G2:[None, None, 0.3969933214411312]
Training end
Task is 0.00% complete.
t1_sim:[63420. 64214. 59434.] t2_sim:[55805. 55520. 55621.]
Task is 1.00% complete.
t1_sim:[60694. 61550. 57037.] t2_sim:[60077. 59566. 58012.]
Task is 2.00% complete.
t1_sim:[64652. 65219. 58067.] t2_sim:[56742. 55697. 52679.]
Task is 3.00% complete.
t1_sim:[63693. 62279. 60336.] t2_sim:[65280. 66046. 63111.]
Task is 4.00% complete.
t1_sim:[58067. 58259. 52534.] t2_sim:[66632. 65868. 65877.]
Task is 5.00% complete.
t1_sim:[58186. 57929. 53031.] t2_sim:[59082. 59750. 57576.]
Task is 6.00% complete.
t1_sim:[61833. 61534. 58019.] t2_sim:[58203. 58692. 57086.]
Task is 7.00% complete.
t1_sim:[58221. 57927. 52624.] t2_sim:[62167. 60549. 59160.]
Task is 8.00% complete.
t1_sim:[65738. 66703. 60320.] t2_sim:[62068. 61419. 59894.]
Task is 9.00% complete.
t1_sim:[66699. 68091. 60728.] t2_sim:[56725. 56486. 54396.]
Task is 10.00% complete.
t1_sim:[68219. 67239. 62927.] t2_sim:[57143. 57092. 55389.]
Task is 11.00% complete.
t1_sim:[62740. 63225. 57409.] t2_sim:[62810. 63276. 61997.]
Task is 12.00% complete.
t1_sim:[68471. 69193. 64300.] t2_sim:[58226. 58960. 57084.]
Task is 13.00% complete.
t1_sim:[63776. 63352. 58142.] t2_sim:[59138. 58745. 57653.]
Task is 14.00% complete.
t1_sim:[63256. 64454. 58400.] t2_sim:[62799. 62953. 59777.]
Task is 15.00% complete.
t1_sim:[63315. 63973. 59419.] t2_sim:[62310. 63373. 61039.]
Task is 16.00% complete.
t1_sim:[63684. 64816. 59852.] t2_sim:[63802. 64527. 61853.]
Task is 17.00% complete.
t1_sim:[60972. 61720. 55808.] t2_sim:[61827. 62813. 60080.]
Task is 18.00% complete.
t1_sim:[56865. 57808. 52012.] t2_sim:[66206. 67056. 64353.]
Task is 19.00% complete.
t1_sim:[61371. 60128. 57465.] t2_sim:[57804. 58352. 57370.]
Task is 20.00% complete.
t1_sim:[65803. 66422. 59434.] t2_sim:[58826. 58574. 56932.]
Task is 21.00% complete.
t1_sim:[64068. 64230. 59280.] t2_sim:[65171. 64747. 60787.]
Task is 22.00% complete.
t1_sim:[65196. 63903. 60255.] t2_sim:[62249. 63010. 60185.]
Task is 23.00% complete.
t1_sim:[64836. 66051. 61212.] t2_sim:[63651. 62639. 61286.]
Task is 24.00% complete.
t1_sim:[63599. 63176. 58552.] t2_sim:[59441. 60920. 57167.]
Task is 25.00% complete.
t1_sim:[64136. 65199. 58262.] t2_sim:[61870. 63712. 61365.]
Task is 26.00% complete.
t1_sim:[57253. 57522. 51863.] t2_sim:[63486. 64318. 63446.]
Task is 27.00% complete.
t1_sim:[64527. 62822. 59142.] t2_sim:[54840. 56718. 53909.]
Task is 28.00% complete.
t1_sim:[61978. 61456. 56284.] t2_sim:[62451. 63146. 59527.]
Task is 29.00% complete.
t1_sim:[67360. 67139. 63109.] t2_sim:[62990. 60917. 58874.]
Task is 30.00% complete.
t1_sim:[65482. 65368. 60292.] t2_sim:[65715. 65432. 63855.]
Task is 31.00% complete.
t1_sim:[59881. 59337. 53724.] t2_sim:[60884. 59974. 58648.]
Task is 32.00% complete.
t1_sim:[64899. 66065. 59919.] t2_sim:[64293. 65420. 63272.]
Task is 33.00% complete.
t1_sim:[61968. 62601. 58327.] t2_sim:[59808. 60386. 58294.]
Task is 34.00% complete.
t1_sim:[59814. 61752. 57278.] t2_sim:[61297. 61258. 59952.]
Task is 35.00% complete.
t1_sim:[58528. 59967. 53925.] t2_sim:[63375. 62640. 60916.]
Task is 36.00% complete.
t1_sim:[66556. 66566. 62113.] t2_sim:[69337. 71009. 69234.]
Task is 37.00% complete.
t1_sim:[61815. 60738. 57759.] t2_sim:[67063. 64988. 63428.]
Task is 38.00% complete.
t1_sim:[62771. 63046. 58678.] t2_sim:[61873. 62256. 59564.]
Task is 39.00% complete.
t1_sim:[67591. 67286. 62215.] t2_sim:[61519. 60763. 60637.]
Task is 40.00% complete.
t1_sim:[63839. 63105. 58704.] t2_sim:[63180. 62493. 60336.]
Task is 41.00% complete.
t1_sim:[63243. 63225. 58086.] t2_sim:[55833. 54558. 53525.]
Task is 42.00% complete.
t1_sim:[62574. 63267. 58311.] t2_sim:[61513. 63359. 61189.]
Task is 43.00% complete.
t1_sim:[61123. 61030. 56084.] t2_sim:[59700. 60439. 58401.]
Task is 44.00% complete.
t1_sim:[57204. 58140. 53114.] t2_sim:[60965. 62743. 59795.]
Task is 45.00% complete.
t1_sim:[57183. 59384. 54612.] t2_sim:[63315. 63661. 63662.]
Task is 46.00% complete.
t1_sim:[58252. 58747. 52444.] t2_sim:[61005. 62336. 59133.]
Task is 47.00% complete.
t1_sim:[66596. 64482. 59043.] t2_sim:[54125. 56343. 55517.]
Task is 48.00% complete.
t1_sim:[62068. 62252. 57979.] t2_sim:[64922. 65690. 62958.]
Task is 49.00% complete.
t1_sim:[62369. 63083. 58570.] t2_sim:[59245. 58068. 56255.]
Task is 50.00% complete.
t1_sim:[60007. 60315. 56144.] t2_sim:[65206. 63747. 63433.]
Task is 51.00% complete.
t1_sim:[59571. 60422. 53784.] t2_sim:[59896. 60490. 56981.]
Task is 52.00% complete.
t1_sim:[59261. 61196. 55647.] t2_sim:[63414. 62156. 59420.]
Task is 53.00% complete.
t1_sim:[64683. 64039. 59490.] t2_sim:[64371. 65283. 63111.]
Task is 54.00% complete.
t1_sim:[59363. 60435. 53821.] t2_sim:[64858. 65143. 62972.]
Task is 55.00% complete.
t1_sim:[65306. 66117. 61004.] t2_sim:[63685. 62960. 60580.]
Task is 56.00% complete.
t1_sim:[60095. 61069. 55788.] t2_sim:[59597. 59302. 56658.]
Task is 57.00% complete.
t1_sim:[61985. 62260. 57774.] t2_sim:[58420. 58639. 57753.]
Task is 58.00% complete.
t1_sim:[63331. 63406. 59096.] t2_sim:[64406. 64060. 62049.]
Task is 59.00% complete.
t1_sim:[62593. 64307. 58589.] t2_sim:[68682. 69114. 67240.]
Task is 60.00% complete.
t1_sim:[56019. 56089. 52478.] t2_sim:[62409. 61271. 59798.]
Task is 61.00% complete.
t1_sim:[62581. 63411. 58319.] t2_sim:[58312. 58720. 57033.]
Task is 62.00% complete.
t1_sim:[61956. 61337. 56670.] t2_sim:[61966. 62894. 61152.]
Task is 63.00% complete.
t1_sim:[66119. 66216. 60128.] t2_sim:[62199. 60862. 59772.]
Task is 64.00% complete.
t1_sim:[58348. 59510. 55497.] t2_sim:[60036. 59885. 58533.]
Task is 65.00% complete.
t1_sim:[62266. 63570. 57449.] t2_sim:[58650. 58109. 57750.]
Task is 66.00% complete.
t1_sim:[63224. 62468. 57687.] t2_sim:[59458. 60307. 57940.]
Task is 67.00% complete.
t1_sim:[61279. 61304. 57393.] t2_sim:[60210. 62372. 59077.]
Task is 68.00% complete.
t1_sim:[64161. 63751. 57899.] t2_sim:[61656. 59272. 60040.]
Task is 69.00% complete.
t1_sim:[65617. 65257. 60994.] t2_sim:[58138. 57534. 55156.]
Task is 70.00% complete.
t1_sim:[65331. 64059. 59505.] t2_sim:[65984. 65180. 62911.]
Task is 71.00% complete.
t1_sim:[59048. 59901. 54975.] t2_sim:[63437. 63150. 59906.]
Task is 72.00% complete.
t1_sim:[62343. 63064. 57394.] t2_sim:[63454. 63449. 59634.]
Task is 73.00% complete.
t1_sim:[65498. 65728. 60709.] t2_sim:[59077. 59314. 56910.]
Task is 74.00% complete.
t1_sim:[61801. 62159. 56810.] t2_sim:[67239. 67139. 65153.]
Task is 75.00% complete.
t1_sim:[61483. 59706. 57473.] t2_sim:[59648. 58767. 57847.]
Task is 76.00% complete.
t1_sim:[61622. 61800. 56817.] t2_sim:[59934. 61784. 58879.]
Task is 77.00% complete.
t1_sim:[65448. 64826. 59664.] t2_sim:[60891. 60790. 59488.]
Task is 78.00% complete.
t1_sim:[65513. 65331. 60046.] t2_sim:[62173. 61908. 60784.]
Task is 79.00% complete.
t1_sim:[63976. 64684. 59249.] t2_sim:[65507. 66477. 63731.]
Task is 80.00% complete.
t1_sim:[60339. 59881. 55631.] t2_sim:[63729. 63482. 61830.]
Task is 81.00% complete.
t1_sim:[60282. 60267. 54280.] t2_sim:[67931. 67816. 65573.]
Task is 82.00% complete.
t1_sim:[67953. 66327. 63939.] t2_sim:[61089. 61725. 59583.]
Task is 83.00% complete.
t1_sim:[58846. 59594. 53127.] t2_sim:[66770. 66105. 63650.]
Task is 84.00% complete.
t1_sim:[65481. 66773. 62997.] t2_sim:[58791. 58691. 55798.]
Task is 85.00% complete.
t1_sim:[58320. 59567. 54393.] t2_sim:[61667. 62721. 60721.]
Task is 86.00% complete.
t1_sim:[69491. 68309. 63806.] t2_sim:[68254. 68274. 65902.]
Task is 87.00% complete.
t1_sim:[61922. 60857. 56185.] t2_sim:[63804. 61816. 61983.]
Task is 88.00% complete.
t1_sim:[65486. 63787. 61465.] t2_sim:[56126. 56528. 54742.]
Task is 89.00% complete.
t1_sim:[66655. 67940. 63014.] t2_sim:[57122. 56522. 54117.]
Task is 90.00% complete.
t1_sim:[58441. 59609. 54033.] t2_sim:[60492. 60873. 58849.]
Task is 91.00% complete.
t1_sim:[62092. 61268. 56021.] t2_sim:[64935. 65086. 62451.]
Task is 92.00% complete.
t1_sim:[61166. 61233. 56285.] t2_sim:[62401. 63750. 59851.]
Task is 93.00% complete.
t1_sim:[67070. 68228. 61413.] t2_sim:[65496. 64269. 64055.]
Task is 94.00% complete.
t1_sim:[62194. 62016. 57196.] t2_sim:[64671. 64351. 64074.]
Task is 95.00% complete.
t1_sim:[66664. 66077. 62500.] t2_sim:[63289. 63754. 61405.]
Task is 96.00% complete.
t1_sim:[65914. 65998. 60886.] t2_sim:[63447. 63763. 61351.]
Task is 97.00% complete.
t1_sim:[63532. 62945. 58020.] t2_sim:[61031. 60820. 59614.]
Task is 98.00% complete.
t1_sim:[59775. 61807. 56528.] t2_sim:[61853. 61512. 59430.]
Task is 99.00% complete.
t1_sim:[65242. 67963. 61050.] t2_sim:[64274. 63550. 63186.]
Finished
