/scratch/jz4721/Post-prediction-Causal-Inference/venv/lib/python3.8/site-packages/numpy/core/getlimits.py:518: UserWarning: The value of the smallest subnormal for <class 'numpy.float64'> type is zero.
  setattr(self, word, getattr(machar, word).flat[0])
/scratch/jz4721/Post-prediction-Causal-Inference/venv/lib/python3.8/site-packages/numpy/core/getlimits.py:89: UserWarning: The value of the smallest subnormal for <class 'numpy.float64'> type is zero.
  return self._float_to_str(self.smallest_subnormal)
/scratch/jz4721/Post-prediction-Causal-Inference/venv/lib/python3.8/site-packages/numpy/core/getlimits.py:518: UserWarning: The value of the smallest subnormal for <class 'numpy.float32'> type is zero.
  setattr(self, word, getattr(machar, word).flat[0])
/scratch/jz4721/Post-prediction-Causal-Inference/venv/lib/python3.8/site-packages/numpy/core/getlimits.py:89: UserWarning: The value of the smallest subnormal for <class 'numpy.float32'> type is zero.
  return self._float_to_str(self.smallest_subnormal)
Begin
Training start
t1_obs:[array(94123.), array(91657.), array(79468.)] t2_obs:[array(99371.), array(98079.), array(84331.)]
corr_G1:[None, None, 0] corr_G2:[None, None, 1.2513003175496677e-17]
Training end
Task is 0.00% complete.
t1_sim:[62056. 61061. 58530.] t2_sim:[58014. 58057. 57957.]
Task is 1.00% complete.
t1_sim:[61677. 61178. 61507.] t2_sim:[62141. 61545. 63663.]
Task is 2.00% complete.
t1_sim:[57549. 57041. 58033.] t2_sim:[67414. 67255. 69649.]
Task is 3.00% complete.
t1_sim:[63269. 63913. 62409.] t2_sim:[66545. 66791. 65752.]
Task is 4.00% complete.
t1_sim:[67721. 68511. 66038.] t2_sim:[63172. 62533. 62650.]
Task is 5.00% complete.
t1_sim:[61919. 62186. 61788.] t2_sim:[61398. 60837. 61097.]
Task is 6.00% complete.
t1_sim:[58942. 58385. 58111.] t2_sim:[60050. 59497. 58853.]
Task is 7.00% complete.
t1_sim:[60597. 59622. 61025.] t2_sim:[58005. 57367. 56704.]
Task is 8.00% complete.
t1_sim:[61381. 60751. 64834.] t2_sim:[58584. 58556. 56287.]
Task is 9.00% complete.
t1_sim:[61026. 60123. 59290.] t2_sim:[58228. 58636. 60339.]
Task is 10.00% complete.
t1_sim:[64699. 64176. 65901.] t2_sim:[63343. 64906. 62107.]
Task is 11.00% complete.
t1_sim:[65545. 64843. 63909.] t2_sim:[59714. 60174. 62477.]
Task is 12.00% complete.
t1_sim:[59790. 60172. 62569.] t2_sim:[66242. 66646. 68631.]
Task is 13.00% complete.
t1_sim:[61221. 60273. 60237.] t2_sim:[74754. 73747. 71420.]
Task is 14.00% complete.
t1_sim:[67034. 67746. 65796.] t2_sim:[55422. 55689. 58901.]
Task is 15.00% complete.
t1_sim:[57667. 58483. 56626.] t2_sim:[67455. 66822. 66257.]
Task is 16.00% complete.
t1_sim:[58367. 57729. 57193.] t2_sim:[63637. 64207. 63085.]
Task is 17.00% complete.
t1_sim:[56279. 56815. 56805.] t2_sim:[60877. 61336. 58690.]
Task is 18.00% complete.
t1_sim:[62840. 62249. 61889.] t2_sim:[63892. 64092. 65937.]
Task is 19.00% complete.
t1_sim:[61918. 61993. 63488.] t2_sim:[63643. 63514. 65538.]
Task is 20.00% complete.
t1_sim:[60452. 60009. 63149.] t2_sim:[60187. 60914. 61265.]
Task is 21.00% complete.
t1_sim:[63621. 62627. 64306.] t2_sim:[62356. 62247. 60468.]
Task is 22.00% complete.
t1_sim:[68215. 68739. 65322.] t2_sim:[58285. 57953. 61115.]
Task is 23.00% complete.
t1_sim:[62315. 62085. 61429.] t2_sim:[58028. 58101. 58990.]
Task is 24.00% complete.
t1_sim:[57135. 57825. 56100.] t2_sim:[58673. 57490. 62077.]
Task is 25.00% complete.
t1_sim:[57757. 58302. 55052.] t2_sim:[59951. 59539. 61199.]
Task is 26.00% complete.
t1_sim:[60788. 61831. 62823.] t2_sim:[57782. 57434. 60333.]
Task is 27.00% complete.
t1_sim:[62425. 62224. 62118.] t2_sim:[58853. 60013. 58724.]
Task is 28.00% complete.
t1_sim:[63400. 63287. 63729.] t2_sim:[67477. 67250. 66236.]
Task is 29.00% complete.
t1_sim:[61323. 62052. 62127.] t2_sim:[60726. 61464. 58847.]
Task is 30.00% complete.
t1_sim:[65956. 64978. 65688.] t2_sim:[63544. 63133. 64195.]
Task is 31.00% complete.
t1_sim:[59354. 60240. 59602.] t2_sim:[64207. 64859. 65734.]
Task is 32.00% complete.
t1_sim:[65158. 64923. 65930.] t2_sim:[60059. 59555. 62827.]
Task is 33.00% complete.
t1_sim:[65826. 66260. 65070.] t2_sim:[65769. 65324. 65486.]
Task is 34.00% complete.
t1_sim:[55873. 56691. 56803.] t2_sim:[64969. 64583. 64313.]
Task is 35.00% complete.
t1_sim:[63751. 63985. 65027.] t2_sim:[61528. 62529. 64181.]
Task is 36.00% complete.
t1_sim:[59416. 60021. 59115.] t2_sim:[58622. 59890. 58727.]
Task is 37.00% complete.
t1_sim:[57194. 57746. 60541.] t2_sim:[53330. 52656. 57499.]
Task is 38.00% complete.
t1_sim:[60974. 60623. 60502.] t2_sim:[61108. 60779. 64278.]
Task is 39.00% complete.
t1_sim:[65522. 66624. 68818.] t2_sim:[64995. 65019. 65841.]
Task is 40.00% complete.
t1_sim:[63030. 61925. 63038.] t2_sim:[61141. 60468. 61327.]
Task is 41.00% complete.
t1_sim:[60947. 60059. 63471.] t2_sim:[55368. 55730. 55723.]
Task is 42.00% complete.
t1_sim:[63858. 63384. 65393.] t2_sim:[63678. 63304. 63807.]
Task is 43.00% complete.
t1_sim:[63003. 62493. 65944.] t2_sim:[58717. 58748. 60076.]
Task is 44.00% complete.
t1_sim:[65470. 65641. 66872.] t2_sim:[61248. 59982. 60768.]
Task is 45.00% complete.
t1_sim:[60518. 61281. 61671.] t2_sim:[56044. 56662. 55290.]
Task is 46.00% complete.
t1_sim:[58102. 56788. 59032.] t2_sim:[63963. 63996. 63541.]
Task is 47.00% complete.
t1_sim:[65286. 64478. 64436.] t2_sim:[64070. 63496. 65115.]
Task is 48.00% complete.
t1_sim:[59893. 60009. 60936.] t2_sim:[61515. 61311. 62143.]
Task is 49.00% complete.
t1_sim:[58857. 58485. 59956.] t2_sim:[66596. 67399. 65177.]
Task is 50.00% complete.
t1_sim:[68550. 68110. 66267.] t2_sim:[68356. 68996. 68064.]
Task is 51.00% complete.
t1_sim:[63410. 63393. 62527.] t2_sim:[63827. 64333. 65393.]
Task is 52.00% complete.
t1_sim:[60343. 59508. 60785.] t2_sim:[67766. 67980. 67621.]
Task is 53.00% complete.
t1_sim:[61323. 60812. 58295.] t2_sim:[58417. 59341. 58212.]
Task is 54.00% complete.
t1_sim:[63519. 63599. 63451.] t2_sim:[61489. 61722. 60140.]
Task is 55.00% complete.
t1_sim:[62876. 63050. 62363.] t2_sim:[64831. 65495. 65611.]
Task is 56.00% complete.
t1_sim:[60340. 60485. 61036.] t2_sim:[61677. 61321. 60038.]
Task is 57.00% complete.
t1_sim:[65914. 66210. 63406.] t2_sim:[62816. 62343. 64388.]
Task is 58.00% complete.
t1_sim:[65813. 65953. 65005.] t2_sim:[66630. 65436. 64776.]
Task is 59.00% complete.
t1_sim:[62496. 62452. 63283.] t2_sim:[64283. 63412. 64183.]
Task is 60.00% complete.
t1_sim:[57554. 58292. 57165.] t2_sim:[63134. 63138. 57906.]
Task is 61.00% complete.
t1_sim:[59682. 59361. 58572.] t2_sim:[63921. 63636. 65842.]
Task is 62.00% complete.
t1_sim:[61254. 62103. 60789.] t2_sim:[62696. 64016. 61477.]
Task is 63.00% complete.
t1_sim:[58388. 59092. 59238.] t2_sim:[62661. 62834. 64189.]
Task is 64.00% complete.
t1_sim:[60253. 60639. 62857.] t2_sim:[54501. 55185. 56141.]
Task is 65.00% complete.
t1_sim:[62099. 61842. 61496.] t2_sim:[63360. 62922. 64194.]
Task is 66.00% complete.
t1_sim:[61986. 61882. 63195.] t2_sim:[67120. 67322. 64508.]
Task is 67.00% complete.
t1_sim:[64479. 64090. 62713.] t2_sim:[60566. 60353. 59884.]
Task is 68.00% complete.
t1_sim:[64753. 64182. 66521.] t2_sim:[56629. 55742. 58193.]
Task is 69.00% complete.
t1_sim:[66797. 65785. 68029.] t2_sim:[61665. 60980. 62362.]
Task is 70.00% complete.
t1_sim:[68496. 68786. 68109.] t2_sim:[60335. 61401. 58870.]
Task is 71.00% complete.
t1_sim:[63978. 64120. 65047.] t2_sim:[64701. 64667. 63962.]
Task is 72.00% complete.
t1_sim:[59001. 59344. 58346.] t2_sim:[60723. 61542. 62199.]
Task is 73.00% complete.
t1_sim:[66029. 66015. 64104.] t2_sim:[62374. 62002. 64461.]
Task is 74.00% complete.
t1_sim:[59797. 60043. 57886.] t2_sim:[64598. 64410. 64906.]
Task is 75.00% complete.
t1_sim:[64529. 63662. 67820.] t2_sim:[60918. 60989. 61711.]
Task is 76.00% complete.
t1_sim:[56320. 56370. 55393.] t2_sim:[63855. 63759. 64442.]
Task is 77.00% complete.
t1_sim:[59032. 58599. 59538.] t2_sim:[57294. 57253. 58361.]
Task is 78.00% complete.
t1_sim:[58010. 59505. 58051.] t2_sim:[64194. 63744. 65475.]
Task is 79.00% complete.
t1_sim:[58678. 57720. 61928.] t2_sim:[57888. 57079. 55917.]
Task is 80.00% complete.
t1_sim:[68998. 68177. 65525.] t2_sim:[62185. 61722. 63500.]
Task is 81.00% complete.
t1_sim:[66243. 65738. 66168.] t2_sim:[60228. 60402. 60973.]
Task is 82.00% complete.
t1_sim:[59636. 59276. 58591.] t2_sim:[64361. 64247. 64719.]
Task is 83.00% complete.
t1_sim:[61223. 60059. 62702.] t2_sim:[59319. 60035. 61844.]
Task is 84.00% complete.
t1_sim:[60336. 61509. 61152.] t2_sim:[62718. 63777. 63748.]
Task is 85.00% complete.
t1_sim:[64285. 63612. 64221.] t2_sim:[58108. 58033. 60981.]
Task is 86.00% complete.
t1_sim:[65706. 66264. 64670.] t2_sim:[61659. 61605. 61230.]
Task is 87.00% complete.
t1_sim:[63321. 64016. 63444.] t2_sim:[65611. 65824. 67750.]
Task is 88.00% complete.
t1_sim:[65899. 65719. 65184.] t2_sim:[65130. 64818. 65185.]
Task is 89.00% complete.
t1_sim:[62994. 64262. 64557.] t2_sim:[59841. 59992. 59257.]
Task is 90.00% complete.
t1_sim:[63905. 63103. 63099.] t2_sim:[60812. 61887. 58887.]
Task is 91.00% complete.
t1_sim:[61549. 60601. 62200.] t2_sim:[61921. 62078. 60863.]
Task is 92.00% complete.
t1_sim:[60097. 59089. 63139.] t2_sim:[67048. 66015. 67125.]
Task is 93.00% complete.
t1_sim:[55869. 54916. 56203.] t2_sim:[62914. 63426. 63324.]
Task is 94.00% complete.
t1_sim:[60013. 59764. 58355.] t2_sim:[54509. 54184. 55440.]
Task is 95.00% complete.
t1_sim:[59417. 60498. 59998.] t2_sim:[61102. 61444. 61387.]
Task is 96.00% complete.
t1_sim:[61353. 60725. 62001.] t2_sim:[63607. 64038. 61345.]
Task is 97.00% complete.
t1_sim:[62325. 61711. 59316.] t2_sim:[66816. 67247. 67692.]
Task is 98.00% complete.
t1_sim:[65941. 65540. 64945.] t2_sim:[58564. 58267. 59110.]
Task is 99.00% complete.
t1_sim:[60336. 59593. 60330.] t2_sim:[63532. 64245. 62190.]
Training start
t1_obs:[array(94123.), array(91657.), array(85434.)] t2_obs:[array(99371.), array(98079.), array(91002.)]
corr_G1:[None, None, 0.771398163267483] corr_G2:[None, None, 0.9118615007823763]
Training end
Task is 0.00% complete.
t1_sim:[65525. 65019. 63646.] t2_sim:[65752. 66030. 64739.]
Task is 1.00% complete.
t1_sim:[67018. 67480. 66010.] t2_sim:[64860. 64231. 64422.]
Task is 2.00% complete.
t1_sim:[63939. 63254. 63259.] t2_sim:[60781. 61103. 61239.]
Task is 3.00% complete.
t1_sim:[58805. 59593. 57593.] t2_sim:[61941. 61652. 59983.]
Task is 4.00% complete.
t1_sim:[62221. 62032. 59510.] t2_sim:[64808. 64587. 63587.]
Task is 5.00% complete.
t1_sim:[61303. 61580. 59398.] t2_sim:[63014. 62849. 63012.]
Task is 6.00% complete.
t1_sim:[61435. 61420. 59715.] t2_sim:[67425. 66674. 65808.]
Task is 7.00% complete.
t1_sim:[62922. 63052. 62293.] t2_sim:[62453. 62603. 61884.]
Task is 8.00% complete.
t1_sim:[56040. 56042. 55444.] t2_sim:[62999. 63410. 62289.]
Task is 9.00% complete.
t1_sim:[64200. 65318. 63192.] t2_sim:[57326. 57112. 56300.]
Task is 10.00% complete.
t1_sim:[62141. 63153. 60559.] t2_sim:[61818. 61899. 61906.]
Task is 11.00% complete.
t1_sim:[66289. 66372. 63471.] t2_sim:[64113. 63369. 62096.]
Task is 12.00% complete.
t1_sim:[63692. 63294. 63040.] t2_sim:[61202. 61052. 60809.]
Task is 13.00% complete.
t1_sim:[61418. 61159. 58691.] t2_sim:[63127. 63315. 61714.]
Task is 14.00% complete.
t1_sim:[65203. 66086. 63489.] t2_sim:[62380. 61920. 61178.]
Task is 15.00% complete.
t1_sim:[63507. 64969. 62880.] t2_sim:[61292. 61489. 60333.]
Task is 16.00% complete.
t1_sim:[61993. 62133. 60197.] t2_sim:[68615. 67688. 65564.]
Task is 17.00% complete.
t1_sim:[56383. 55862. 56214.] t2_sim:[58963. 58586. 57774.]
Task is 18.00% complete.
t1_sim:[63462. 63146. 59972.] t2_sim:[62764. 62798. 62299.]
Task is 19.00% complete.
t1_sim:[68184. 67973. 66229.] t2_sim:[61513. 61532. 61285.]
Task is 20.00% complete.
t1_sim:[64959. 64250. 61655.] t2_sim:[60113. 61155. 60192.]
Task is 21.00% complete.
t1_sim:[62559. 62821. 60689.] t2_sim:[64169. 63329. 63993.]
Task is 22.00% complete.
t1_sim:[62604. 61907. 59193.] t2_sim:[60840. 60787. 60183.]
Task is 23.00% complete.
t1_sim:[60398. 61423. 58829.] t2_sim:[64224. 63448. 61778.]
Task is 24.00% complete.
t1_sim:[64284. 65451. 65054.] t2_sim:[63705. 63926. 63183.]
Task is 25.00% complete.
t1_sim:[63058. 63354. 61487.] t2_sim:[65395. 64858. 63822.]
Task is 26.00% complete.
t1_sim:[60532. 59996. 58970.] t2_sim:[58701. 59245. 58124.]
Task is 27.00% complete.
t1_sim:[63756. 63040. 60739.] t2_sim:[57670. 57554. 56341.]
Task is 28.00% complete.
t1_sim:[58265. 58269. 57793.] t2_sim:[67820. 67749. 67390.]
Task is 29.00% complete.
t1_sim:[60064. 60622. 57522.] t2_sim:[61710. 61943. 59777.]
Task is 30.00% complete.
t1_sim:[63659. 64598. 62770.] t2_sim:[63098. 62498. 60604.]
Task is 31.00% complete.
t1_sim:[59518. 58307. 56887.] t2_sim:[65113. 65379. 64904.]
Task is 32.00% complete.
t1_sim:[57035. 56869. 55023.] t2_sim:[67159. 66930. 66454.]
Task is 33.00% complete.
t1_sim:[67403. 67067. 64963.] t2_sim:[68746. 68245. 66807.]
Task is 34.00% complete.
t1_sim:[65843. 66477. 64397.] t2_sim:[61216. 62200. 60033.]
Task is 35.00% complete.
t1_sim:[62985. 63058. 61235.] t2_sim:[61596. 61364. 61318.]
Task is 36.00% complete.
t1_sim:[61064. 60954. 59859.] t2_sim:[54868. 54098. 53887.]
Task is 37.00% complete.
t1_sim:[58796. 59444. 58352.] t2_sim:[55824. 55491. 54626.]
Task is 38.00% complete.
t1_sim:[63118. 61938. 60064.] t2_sim:[57704. 58107. 57497.]
Task is 39.00% complete.
t1_sim:[60564. 59522. 58511.] t2_sim:[57620. 57725. 57699.]
Task is 40.00% complete.
t1_sim:[59808. 60589. 60351.] t2_sim:[59058. 59284. 57514.]
Task is 41.00% complete.
t1_sim:[60062. 59359. 57915.] t2_sim:[69846. 68615. 66891.]
Task is 42.00% complete.
t1_sim:[61511. 61139. 58732.] t2_sim:[61575. 62092. 61218.]
Task is 43.00% complete.
t1_sim:[63638. 63957. 63105.] t2_sim:[64050. 65087. 64635.]
Task is 44.00% complete.
t1_sim:[64239. 64327. 62070.] t2_sim:[66720. 66256. 66052.]
Task is 45.00% complete.
t1_sim:[63746. 63496. 62210.] t2_sim:[65527. 65357. 64313.]
Task is 46.00% complete.
t1_sim:[57720. 57450. 54498.] t2_sim:[54258. 54109. 54671.]
Task is 47.00% complete.
t1_sim:[63744. 64547. 62601.] t2_sim:[67730. 67375. 66910.]
Task is 48.00% complete.
t1_sim:[60621. 61060. 59937.] t2_sim:[55803. 55960. 56668.]
Task is 49.00% complete.
t1_sim:[61180. 60835. 58789.] t2_sim:[62397. 61393. 59460.]
Task is 50.00% complete.
t1_sim:[60598. 60474. 58492.] t2_sim:[66652. 67350. 66836.]
Task is 51.00% complete.
t1_sim:[64123. 64777. 62287.] t2_sim:[64188. 63083. 62556.]
Task is 52.00% complete.
t1_sim:[60184. 60463. 59792.] t2_sim:[63962. 63730. 62264.]
Task is 53.00% complete.
t1_sim:[63753. 63002. 60393.] t2_sim:[61657. 61857. 61254.]
Task is 54.00% complete.
t1_sim:[58176. 58254. 56842.] t2_sim:[57285. 57341. 57281.]
Task is 55.00% complete.
t1_sim:[59165. 58528. 56748.] t2_sim:[64855. 65554. 64328.]
Task is 56.00% complete.
t1_sim:[65217. 64778. 63445.] t2_sim:[64802. 64379. 63047.]
Task is 57.00% complete.
t1_sim:[55390. 54038. 52768.] t2_sim:[63104. 63075. 61849.]
Task is 58.00% complete.
t1_sim:[63844. 63750. 61737.] t2_sim:[63954. 64013. 63092.]
Task is 59.00% complete.
t1_sim:[58212. 58603. 57443.] t2_sim:[56894. 56650. 54893.]
Task is 60.00% complete.
t1_sim:[62982. 61767. 59097.] t2_sim:[62136. 62724. 61705.]
Task is 61.00% complete.
t1_sim:[64150. 64638. 62798.] t2_sim:[63610. 62805. 62971.]
Task is 62.00% complete.
t1_sim:[63080. 62896. 61226.] t2_sim:[59430. 58170. 58311.]
Task is 63.00% complete.
t1_sim:[59364. 59092. 56931.] t2_sim:[60605. 60152. 60012.]
Task is 64.00% complete.
t1_sim:[58523. 58232. 57721.] t2_sim:[64446. 64336. 63080.]
Task is 65.00% complete.
t1_sim:[57718. 58535. 56751.] t2_sim:[62368. 64186. 63878.]
Task is 66.00% complete.
t1_sim:[68065. 67710. 66275.] t2_sim:[61658. 60819. 60838.]
Task is 67.00% complete.
t1_sim:[62724. 63748. 62651.] t2_sim:[65646. 65726. 65365.]
Task is 68.00% complete.
t1_sim:[61114. 60858. 60105.] t2_sim:[63738. 63464. 62996.]
Task is 69.00% complete.
t1_sim:[62671. 62104. 59999.] t2_sim:[65159. 65514. 63981.]
Task is 70.00% complete.
t1_sim:[58597. 59405. 57564.] t2_sim:[61922. 61504. 61101.]
Task is 71.00% complete.
t1_sim:[66937. 67939. 65995.] t2_sim:[62597. 63284. 62971.]
Task is 72.00% complete.
t1_sim:[57978. 57924. 55971.] t2_sim:[70428. 69436. 67691.]
Task is 73.00% complete.
t1_sim:[60659. 61114. 58803.] t2_sim:[69240. 68584. 67795.]
Task is 74.00% complete.
t1_sim:[58101. 57828. 56084.] t2_sim:[57694. 57730. 55691.]
Task is 75.00% complete.
t1_sim:[65027. 64984. 63611.] t2_sim:[63861. 63444. 62751.]
Task is 76.00% complete.
t1_sim:[59640. 59671. 57596.] t2_sim:[68420. 68537. 66801.]
Task is 77.00% complete.
t1_sim:[65551. 66359. 62677.] t2_sim:[67676. 67824. 67297.]
Task is 78.00% complete.
t1_sim:[65179. 64692. 62602.] t2_sim:[63119. 62631. 62286.]
Task is 79.00% complete.
t1_sim:[67578. 68045. 65329.] t2_sim:[62418. 62511. 61466.]
Task is 80.00% complete.
t1_sim:[65244. 64946. 63215.] t2_sim:[68363. 67517. 66664.]
Task is 81.00% complete.
t1_sim:[63934. 63315. 62533.] t2_sim:[64611. 64416. 64112.]
Task is 82.00% complete.
t1_sim:[62568. 63794. 62219.] t2_sim:[61202. 61510. 59744.]
Task is 83.00% complete.
t1_sim:[60049. 61136. 59498.] t2_sim:[59514. 59421. 60639.]
Task is 84.00% complete.
t1_sim:[60872. 61750. 58585.] t2_sim:[64573. 64448. 63848.]
Task is 85.00% complete.
t1_sim:[56071. 56164. 55636.] t2_sim:[67364. 66448. 64450.]
Task is 86.00% complete.
t1_sim:[59728. 59638. 59498.] t2_sim:[70414. 71152. 69523.]
Task is 87.00% complete.
t1_sim:[56938. 56040. 55300.] t2_sim:[62960. 61277. 60881.]
Task is 88.00% complete.
t1_sim:[59640. 60586. 59018.] t2_sim:[65466. 65639. 64718.]
Task is 89.00% complete.
t1_sim:[62004. 62268. 60166.] t2_sim:[62369. 61380. 60484.]
Task is 90.00% complete.
t1_sim:[64547. 65155. 61567.] t2_sim:[60416. 59741. 58254.]
Task is 91.00% complete.
t1_sim:[62538. 61892. 60160.] t2_sim:[63007. 63504. 63408.]
Task is 92.00% complete.
t1_sim:[66388. 65579. 63841.] t2_sim:[59728. 59506. 59051.]
Task is 93.00% complete.
t1_sim:[54742. 54483. 52702.] t2_sim:[60612. 59921. 58959.]
Task is 94.00% complete.
t1_sim:[60985. 60695. 60941.] t2_sim:[69613. 70155. 70122.]
Task is 95.00% complete.
t1_sim:[59703. 60456. 58330.] t2_sim:[62351. 62276. 60278.]
Task is 96.00% complete.
t1_sim:[61086. 61280. 58893.] t2_sim:[63685. 63496. 62271.]
Task is 97.00% complete.
t1_sim:[61492. 62489. 61066.] t2_sim:[62084. 61924. 60410.]
Task is 98.00% complete.
t1_sim:[64058. 64042. 62944.] t2_sim:[61139. 61368. 59532.]
Task is 99.00% complete.
t1_sim:[55756. 56061. 55265.] t2_sim:[59594. 60455. 58227.]
Training start
t1_obs:[array(94123.), array(91657.), array(83746.)] t2_obs:[array(99371.), array(98079.), array(87458.)]
corr_G1:[None, None, 0.3366598260030468] corr_G2:[None, None, 0.8255138107956994]
Training end
Task is 0.00% complete.
t1_sim:[61469. 61612. 60213.] t2_sim:[62012. 62182. 62487.]
Task is 1.00% complete.
t1_sim:[61531. 61384. 59756.] t2_sim:[63310. 62379. 62431.]
Task is 2.00% complete.
t1_sim:[58001. 59414. 58140.] t2_sim:[64607. 64985. 63158.]
Task is 3.00% complete.
t1_sim:[61028. 62021. 62526.] t2_sim:[60337. 60146. 60357.]
Task is 4.00% complete.
t1_sim:[63346. 62972. 62001.] t2_sim:[58500. 58693. 59099.]
Task is 5.00% complete.
t1_sim:[66951. 67269. 66930.] t2_sim:[57068. 57988. 58083.]
Task is 6.00% complete.
t1_sim:[59826. 58870. 57783.] t2_sim:[67587. 67089. 68522.]
Task is 7.00% complete.
t1_sim:[63666. 64451. 63669.] t2_sim:[62862. 63711. 63808.]
Task is 8.00% complete.
t1_sim:[59292. 58564. 57127.] t2_sim:[67397. 68635. 68180.]
Task is 9.00% complete.
t1_sim:[59904. 60339. 60064.] t2_sim:[60646. 61498. 60153.]
Task is 10.00% complete.
t1_sim:[64126. 64205. 63258.] t2_sim:[63021. 64032. 64095.]
Task is 11.00% complete.
t1_sim:[60982. 61636. 61940.] t2_sim:[66149. 66102. 65278.]
Task is 12.00% complete.
t1_sim:[65079. 65376. 66019.] t2_sim:[60329. 59905. 62504.]
Task is 13.00% complete.
t1_sim:[59942. 60941. 59393.] t2_sim:[59352. 58943. 59876.]
Task is 14.00% complete.
t1_sim:[60380. 61908. 60848.] t2_sim:[63250. 62240. 61824.]
Task is 15.00% complete.
t1_sim:[58176. 57033. 57421.] t2_sim:[61734. 61601. 61962.]
Task is 16.00% complete.
t1_sim:[62139. 62804. 61273.] t2_sim:[60599. 60674. 59657.]
Task is 17.00% complete.
t1_sim:[61965. 61623. 61179.] t2_sim:[62591. 62263. 62279.]
Task is 18.00% complete.
t1_sim:[57102. 56525. 56964.] t2_sim:[66961. 66807. 65039.]
Task is 19.00% complete.
t1_sim:[64905. 65456. 65826.] t2_sim:[60896. 60708. 59501.]
Task is 20.00% complete.
t1_sim:[60396. 62358. 61042.] t2_sim:[60832. 61399. 61747.]
Task is 21.00% complete.
t1_sim:[59538. 60900. 59993.] t2_sim:[64972. 64131. 64462.]
Task is 22.00% complete.
t1_sim:[58714. 59149. 58275.] t2_sim:[64863. 63113. 65408.]
Task is 23.00% complete.
t1_sim:[54972. 54595. 54952.] t2_sim:[65508. 65879. 68545.]
Task is 24.00% complete.
t1_sim:[60059. 59141. 57799.] t2_sim:[60794. 59857. 60747.]
Task is 25.00% complete.
t1_sim:[64561. 64346. 63243.] t2_sim:[56193. 56474. 56381.]
Task is 26.00% complete.
t1_sim:[64489. 65519. 64177.] t2_sim:[58202. 58026. 59102.]
Task is 27.00% complete.
t1_sim:[65439. 66192. 67556.] t2_sim:[66372. 66378. 64922.]
Task is 28.00% complete.
t1_sim:[64212. 63531. 63816.] t2_sim:[67264. 67278. 67589.]
Task is 29.00% complete.
t1_sim:[64390. 64320. 63271.] t2_sim:[64316. 65020. 63516.]
Task is 30.00% complete.
t1_sim:[65528. 65953. 64476.] t2_sim:[68790. 68453. 69188.]
Task is 31.00% complete.
t1_sim:[62297. 62680. 63252.] t2_sim:[57817. 58726. 59901.]
Task is 32.00% complete.
t1_sim:[56337. 56211. 56599.] t2_sim:[62555. 61643. 61699.]
Task is 33.00% complete.
t1_sim:[62205. 61714. 61339.] t2_sim:[56923. 58152. 58330.]
Task is 34.00% complete.
t1_sim:[66884. 66564. 68036.] t2_sim:[59646. 59689. 60093.]
Task is 35.00% complete.
t1_sim:[64909. 64552. 63704.] t2_sim:[64544. 65820. 64419.]
Task is 36.00% complete.
t1_sim:[68586. 69013. 68282.] t2_sim:[65395. 65601. 65503.]
Task is 37.00% complete.
t1_sim:[59653. 60369. 58714.] t2_sim:[62384. 63453. 61876.]
Task is 38.00% complete.
t1_sim:[65268. 64289. 63264.] t2_sim:[64221. 65009. 63779.]
Task is 39.00% complete.
t1_sim:[61712. 61373. 61326.] t2_sim:[64120. 63674. 65281.]
Task is 40.00% complete.
t1_sim:[67010. 67431. 66651.] t2_sim:[65336. 65777. 64444.]
Task is 41.00% complete.
t1_sim:[60877. 61008. 61165.] t2_sim:[64010. 63428. 61629.]
Task is 42.00% complete.
t1_sim:[69055. 68334. 68154.] t2_sim:[61068. 61186. 61630.]
Task is 43.00% complete.
t1_sim:[63201. 63614. 62640.] t2_sim:[64601. 64682. 63679.]
Task is 44.00% complete.
t1_sim:[64391. 64368. 64417.] t2_sim:[62199. 63143. 63203.]
Task is 45.00% complete.
t1_sim:[63859. 64075. 64357.] t2_sim:[63158. 63843. 62151.]
Task is 46.00% complete.
t1_sim:[57570. 56837. 57322.] t2_sim:[59125. 59379. 59783.]
Task is 47.00% complete.
t1_sim:[60895. 62072. 61032.] t2_sim:[64311. 64667. 63316.]
Task is 48.00% complete.
t1_sim:[60303. 60681. 60843.] t2_sim:[60635. 59894. 61250.]
Task is 49.00% complete.
t1_sim:[59493. 59515. 60201.] t2_sim:[63129. 62764. 63373.]
Task is 50.00% complete.
t1_sim:[63990. 63019. 63297.] t2_sim:[63541. 62730. 65066.]
Task is 51.00% complete.
t1_sim:[61738. 62208. 62225.] t2_sim:[61146. 60757. 61125.]
Task is 52.00% complete.
t1_sim:[63687. 63592. 62872.] t2_sim:[63097. 63173. 62153.]
Task is 53.00% complete.
t1_sim:[63802. 63805. 63353.] t2_sim:[56621. 56962. 58579.]
Task is 54.00% complete.
t1_sim:[62335. 62624. 65984.] t2_sim:[59741. 60232. 59150.]
Task is 55.00% complete.
t1_sim:[67365. 67452. 69967.] t2_sim:[58376. 58354. 57263.]
Task is 56.00% complete.
t1_sim:[60117. 59291. 59625.] t2_sim:[59306. 59568. 58223.]
Task is 57.00% complete.
t1_sim:[57737. 58839. 59135.] t2_sim:[62077. 61504. 62333.]
Task is 58.00% complete.
t1_sim:[63788. 63680. 64414.] t2_sim:[63515. 63493. 63033.]
Task is 59.00% complete.
t1_sim:[64947. 65440. 64948.] t2_sim:[65719. 65067. 65654.]
Task is 60.00% complete.
t1_sim:[59436. 59278. 59138.] t2_sim:[56002. 56135. 56659.]
Task is 61.00% complete.
t1_sim:[63902. 63603. 64208.] t2_sim:[62801. 63205. 63238.]
Task is 62.00% complete.
t1_sim:[62821. 63453. 61924.] t2_sim:[70804. 69584. 69848.]
Task is 63.00% complete.
t1_sim:[58262. 59285. 59893.] t2_sim:[61398. 60428. 62865.]
Task is 64.00% complete.
t1_sim:[56252. 56490. 55761.] t2_sim:[60961. 60269. 60658.]
Task is 65.00% complete.
t1_sim:[63085. 63440. 63887.] t2_sim:[60440. 59623. 60518.]
Task is 66.00% complete.
t1_sim:[66161. 65896. 67806.] t2_sim:[64144. 64768. 64773.]
Task is 67.00% complete.
t1_sim:[63366. 63938. 63107.] t2_sim:[65006. 65060. 64586.]
Task is 68.00% complete.
t1_sim:[60409. 59891. 57955.] t2_sim:[60274. 60246. 59342.]
Task is 69.00% complete.
t1_sim:[62536. 61326. 61052.] t2_sim:[59451. 59928. 58377.]
Task is 70.00% complete.
t1_sim:[62334. 61859. 60739.] t2_sim:[61029. 61316. 60212.]
Task is 71.00% complete.
t1_sim:[57913. 58878. 57732.] t2_sim:[63350. 63862. 62704.]
Task is 72.00% complete.
t1_sim:[66149. 66579. 66761.] t2_sim:[64393. 65977. 65695.]
Task is 73.00% complete.
t1_sim:[61858. 62413. 63268.] t2_sim:[57245. 57582. 58309.]
Task is 74.00% complete.
t1_sim:[64187. 64233. 66180.] t2_sim:[66148. 65349. 66689.]
Task is 75.00% complete.
t1_sim:[57335. 57071. 56919.] t2_sim:[63507. 63148. 62960.]
Task is 76.00% complete.
t1_sim:[66425. 66302. 67950.] t2_sim:[65172. 64372. 64812.]
Task is 77.00% complete.
t1_sim:[59913. 60858. 59313.] t2_sim:[55813. 55542. 54788.]
Task is 78.00% complete.
t1_sim:[62660. 63439. 61933.] t2_sim:[64049. 63314. 64291.]
Task is 79.00% complete.
t1_sim:[62697. 63464. 63585.] t2_sim:[63295. 63035. 62197.]
Task is 80.00% complete.
t1_sim:[60598. 62070. 61256.] t2_sim:[60635. 60320. 60492.]
Task is 81.00% complete.
t1_sim:[60107. 60443. 59674.] t2_sim:[65514. 64105. 63257.]
Task is 82.00% complete.
t1_sim:[62178. 61020. 61229.] t2_sim:[60236. 59557. 59148.]
Task is 83.00% complete.
t1_sim:[60627. 59816. 59407.] t2_sim:[66636. 65338. 65954.]
Task is 84.00% complete.
t1_sim:[62870. 62575. 63284.] t2_sim:[64842. 64782. 63566.]
Task is 85.00% complete.
t1_sim:[60554. 59730. 60807.] t2_sim:[56745. 56332. 56638.]
Task is 86.00% complete.
t1_sim:[62137. 60681. 60965.] t2_sim:[58184. 58211. 58824.]
Task is 87.00% complete.
t1_sim:[61976. 62324. 61882.] t2_sim:[66459. 66500. 68003.]
Task is 88.00% complete.
t1_sim:[63578. 63404. 63198.] t2_sim:[65996. 66568. 64793.]
Task is 89.00% complete.
t1_sim:[65390. 65410. 66202.] t2_sim:[64366. 64094. 64505.]
Task is 90.00% complete.
t1_sim:[66760. 67485. 68089.] t2_sim:[65088. 65482. 65875.]
Task is 91.00% complete.
t1_sim:[58783. 58490. 57698.] t2_sim:[59978. 59227. 60337.]
Task is 92.00% complete.
t1_sim:[62827. 61982. 63309.] t2_sim:[58589. 57584. 59097.]
Task is 93.00% complete.
t1_sim:[61861. 61793. 62286.] t2_sim:[67669. 66826. 68499.]
Task is 94.00% complete.
t1_sim:[55746. 56481. 55779.] t2_sim:[68809. 69320. 67589.]
Task is 95.00% complete.
t1_sim:[63384. 62309. 63999.] t2_sim:[64773. 65796. 64059.]
Task is 96.00% complete.
t1_sim:[58933. 58761. 59524.] t2_sim:[62440. 61895. 60685.]
Task is 97.00% complete.
t1_sim:[63165. 62851. 63020.] t2_sim:[62763. 62893. 61138.]
Task is 98.00% complete.
t1_sim:[61524. 62453. 62201.] t2_sim:[56586. 56775. 55047.]
Task is 99.00% complete.
t1_sim:[64235. 65093. 66517.] t2_sim:[65066. 64575. 65818.]
Finished
