/scratch/jz4721/Post-prediction-Causal-Inference/venv/lib/python3.8/site-packages/numpy/core/getlimits.py:518: UserWarning: The value of the smallest subnormal for <class 'numpy.float64'> type is zero.
  setattr(self, word, getattr(machar, word).flat[0])
/scratch/jz4721/Post-prediction-Causal-Inference/venv/lib/python3.8/site-packages/numpy/core/getlimits.py:89: UserWarning: The value of the smallest subnormal for <class 'numpy.float64'> type is zero.
  return self._float_to_str(self.smallest_subnormal)
/scratch/jz4721/Post-prediction-Causal-Inference/venv/lib/python3.8/site-packages/numpy/core/getlimits.py:518: UserWarning: The value of the smallest subnormal for <class 'numpy.float32'> type is zero.
  setattr(self, word, getattr(machar, word).flat[0])
/scratch/jz4721/Post-prediction-Causal-Inference/venv/lib/python3.8/site-packages/numpy/core/getlimits.py:89: UserWarning: The value of the smallest subnormal for <class 'numpy.float32'> type is zero.
  return self._float_to_str(self.smallest_subnormal)
Begin
Training start
t1_obs:[array(93366.), array(85359.), array(74324.)] t2_obs:[array(91054.), array(83112.), array(76549.)]
corr_G1:[None, None, 0] corr_G2:[None, None, 4.388990760068484e-17]
Training end
Task is 0.00% complete.
t1_sim:[67933. 68165. 67719.] t2_sim:[58124. 58352. 58258.]
Task is 1.00% complete.
t1_sim:[54594. 55663. 53699.] t2_sim:[63138. 64200. 63205.]
Task is 2.00% complete.
t1_sim:[64235. 64546. 63217.] t2_sim:[65818. 65345. 64593.]
Task is 3.00% complete.
t1_sim:[58224. 59279. 56353.] t2_sim:[57357. 57738. 59603.]
Task is 4.00% complete.
t1_sim:[61426. 61550. 61729.] t2_sim:[65265. 65579. 63322.]
Task is 5.00% complete.
t1_sim:[61869. 61229. 60974.] t2_sim:[68036. 69649. 66347.]
Task is 6.00% complete.
t1_sim:[64408. 64665. 67048.] t2_sim:[61820. 62718. 62996.]
Task is 7.00% complete.
t1_sim:[62501. 61472. 63562.] t2_sim:[66416. 67287. 65914.]
Task is 8.00% complete.
t1_sim:[65766. 66051. 69872.] t2_sim:[65174. 64803. 65910.]
Task is 9.00% complete.
t1_sim:[67970. 67604. 65627.] t2_sim:[57897. 57507. 59959.]
Task is 10.00% complete.
t1_sim:[66488. 68198. 64504.] t2_sim:[65655. 64924. 65000.]
Task is 11.00% complete.
t1_sim:[62082. 61399. 62290.] t2_sim:[67102. 66862. 65749.]
Task is 12.00% complete.
t1_sim:[57370. 56836. 59846.] t2_sim:[58515. 58012. 60288.]
Task is 13.00% complete.
t1_sim:[63011. 63280. 64936.] t2_sim:[65953. 65352. 66820.]
Task is 14.00% complete.
t1_sim:[63986. 65006. 63155.] t2_sim:[63174. 64356. 64573.]
Task is 15.00% complete.
t1_sim:[66061. 66586. 68662.] t2_sim:[58678. 60425. 59398.]
Task is 16.00% complete.
t1_sim:[63354. 64964. 64038.] t2_sim:[68376. 67830. 70207.]
Task is 17.00% complete.
t1_sim:[61648. 60921. 61180.] t2_sim:[59240. 58220. 57591.]
Task is 18.00% complete.
t1_sim:[62848. 64452. 64254.] t2_sim:[61920. 63334. 59925.]
Task is 19.00% complete.
t1_sim:[59499. 59285. 61311.] t2_sim:[58627. 60548. 58965.]
Task is 20.00% complete.
t1_sim:[64725. 65162. 66812.] t2_sim:[66256. 66339. 65251.]
Task is 21.00% complete.
t1_sim:[68632. 67718. 66373.] t2_sim:[59234. 59315. 59282.]
Task is 22.00% complete.
t1_sim:[66931. 65695. 64358.] t2_sim:[65496. 65146. 66861.]
Task is 23.00% complete.
t1_sim:[62854. 63356. 62527.] t2_sim:[55549. 55045. 57461.]
Task is 24.00% complete.
t1_sim:[61209. 61197. 59317.] t2_sim:[63249. 63500. 64450.]
Task is 25.00% complete.
t1_sim:[59910. 61115. 62850.] t2_sim:[68921. 69070. 67309.]
Task is 26.00% complete.
t1_sim:[63108. 62611. 62663.] t2_sim:[63304. 62540. 63811.]
Task is 27.00% complete.
t1_sim:[58995. 58447. 59493.] t2_sim:[64452. 64365. 62736.]
Task is 28.00% complete.
t1_sim:[61771. 61871. 63606.] t2_sim:[62394. 62256. 61150.]
Task is 29.00% complete.
t1_sim:[58677. 60177. 60782.] t2_sim:[61554. 60547. 63983.]
Task is 30.00% complete.
t1_sim:[63155. 62363. 62490.] t2_sim:[62120. 63037. 61584.]
Task is 31.00% complete.
t1_sim:[59692. 59512. 61001.] t2_sim:[61399. 62932. 62595.]
Task is 32.00% complete.
t1_sim:[61141. 61991. 59226.] t2_sim:[61163. 61739. 61276.]
Task is 33.00% complete.
t1_sim:[63578. 63292. 62940.] t2_sim:[62597. 62704. 62018.]
Task is 34.00% complete.
t1_sim:[65703. 66363. 65877.] t2_sim:[53926. 53742. 55998.]
Task is 35.00% complete.
t1_sim:[59682. 59192. 62184.] t2_sim:[66407. 64429. 67514.]
Task is 36.00% complete.
t1_sim:[63252. 62316. 65104.] t2_sim:[59627. 61958. 60070.]
Task is 37.00% complete.
t1_sim:[62696. 62950. 61351.] t2_sim:[65035. 64465. 63189.]
Task is 38.00% complete.
t1_sim:[63839. 64084. 63127.] t2_sim:[59296. 59034. 60614.]
Task is 39.00% complete.
t1_sim:[60127. 59490. 63832.] t2_sim:[65889. 65992. 65428.]
Task is 40.00% complete.
t1_sim:[60318. 59861. 61827.] t2_sim:[58736. 58513. 61559.]
Task is 41.00% complete.
t1_sim:[64244. 64643. 65263.] t2_sim:[60951. 60655. 62965.]
Task is 42.00% complete.
t1_sim:[69815. 68138. 71702.] t2_sim:[62219. 62608. 65333.]
Task is 43.00% complete.
t1_sim:[67087. 66975. 68119.] t2_sim:[67380. 67721. 69526.]
Task is 44.00% complete.
t1_sim:[63201. 63979. 63465.] t2_sim:[59274. 59472. 61900.]
Task is 45.00% complete.
t1_sim:[62419. 62065. 62551.] t2_sim:[60454. 60269. 58674.]
Task is 46.00% complete.
t1_sim:[65710. 65504. 66328.] t2_sim:[61189. 60584. 62579.]
Task is 47.00% complete.
t1_sim:[68022. 69382. 63946.] t2_sim:[62389. 63152. 63950.]
Task is 48.00% complete.
t1_sim:[61536. 62589. 61898.] t2_sim:[56908. 55926. 56924.]
Task is 49.00% complete.
t1_sim:[62747. 62532. 61176.] t2_sim:[58208. 59845. 59239.]
Task is 50.00% complete.
t1_sim:[57264. 59130. 58485.] t2_sim:[57410. 58045. 55184.]
Task is 51.00% complete.
t1_sim:[63089. 62783. 61435.] t2_sim:[66330. 66711. 68931.]
Task is 52.00% complete.
t1_sim:[62379. 63655. 59212.] t2_sim:[62376. 61662. 62367.]
Task is 53.00% complete.
t1_sim:[59182. 57795. 59734.] t2_sim:[58983. 59859. 58966.]
Task is 54.00% complete.
t1_sim:[64508. 63487. 66317.] t2_sim:[60167. 60103. 60035.]
Task is 55.00% complete.
t1_sim:[63852. 64317. 66486.] t2_sim:[63207. 64452. 64812.]
Task is 56.00% complete.
t1_sim:[58915. 59082. 62165.] t2_sim:[63360. 65807. 63859.]
Task is 57.00% complete.
t1_sim:[63779. 62197. 64642.] t2_sim:[58796. 59587. 59970.]
Task is 58.00% complete.
t1_sim:[63156. 63067. 61043.] t2_sim:[58512. 58560. 58880.]
Task is 59.00% complete.
t1_sim:[62677. 63481. 63160.] t2_sim:[58477. 58195. 57100.]
Task is 60.00% complete.
t1_sim:[62096. 63037. 61921.] t2_sim:[58730. 57795. 59735.]
Task is 61.00% complete.
t1_sim:[60338. 60854. 61965.] t2_sim:[62717. 62264. 62826.]
Task is 62.00% complete.
t1_sim:[59631. 59104. 60128.] t2_sim:[61591. 62779. 64073.]
Task is 63.00% complete.
t1_sim:[63140. 63092. 63978.] t2_sim:[58396. 59555. 59300.]
Task is 64.00% complete.
t1_sim:[57911. 58842. 56801.] t2_sim:[63978. 64586. 63586.]
Task is 65.00% complete.
t1_sim:[60232. 60497. 59902.] t2_sim:[65476. 66135. 66634.]
Task is 66.00% complete.
t1_sim:[62103. 63240. 63464.] t2_sim:[64424. 62772. 63356.]
Task is 67.00% complete.
t1_sim:[67485. 66617. 69448.] t2_sim:[61297. 59299. 61451.]
Task is 68.00% complete.
t1_sim:[64184. 62746. 66489.] t2_sim:[63338. 63240. 63305.]
Task is 69.00% complete.
t1_sim:[57088. 57272. 57449.] t2_sim:[64390. 65818. 63097.]
Task is 70.00% complete.
t1_sim:[60792. 59875. 60524.] t2_sim:[66044. 65645. 65398.]
Task is 71.00% complete.
t1_sim:[53618. 52518. 55548.] t2_sim:[68976. 69650. 67414.]
Task is 72.00% complete.
t1_sim:[58344. 58761. 56405.] t2_sim:[65187. 65944. 64416.]
Task is 73.00% complete.
t1_sim:[65440. 64643. 63901.] t2_sim:[61312. 60646. 60647.]
Task is 74.00% complete.
t1_sim:[61842. 61498. 64431.] t2_sim:[64657. 64616. 65600.]
Task is 75.00% complete.
t1_sim:[65713. 64692. 64550.] t2_sim:[60127. 60368. 57489.]
Task is 76.00% complete.
t1_sim:[68970. 69039. 65829.] t2_sim:[60220. 59998. 60389.]
Task is 77.00% complete.
t1_sim:[64542. 64741. 65642.] t2_sim:[60732. 62270. 62644.]
Task is 78.00% complete.
t1_sim:[63550. 63970. 65644.] t2_sim:[64666. 63958. 62926.]
Task is 79.00% complete.
t1_sim:[58489. 58831. 59239.] t2_sim:[57202. 56857. 59073.]
Task is 80.00% complete.
t1_sim:[63881. 63276. 63105.] t2_sim:[59652. 59726. 60803.]
Task is 81.00% complete.
t1_sim:[63057. 62597. 61696.] t2_sim:[55198. 56067. 57646.]
Task is 82.00% complete.
t1_sim:[62482. 62452. 63019.] t2_sim:[57464. 57210. 56496.]
Task is 83.00% complete.
t1_sim:[63794. 64152. 61659.] t2_sim:[62602. 62308. 64309.]
Task is 84.00% complete.
t1_sim:[62107. 62576. 60632.] t2_sim:[59152. 58606. 59930.]
Task is 85.00% complete.
t1_sim:[60772. 61409. 59973.] t2_sim:[58135. 60024. 60580.]
Task is 86.00% complete.
t1_sim:[62116. 61323. 63142.] t2_sim:[61831. 62207. 62138.]
Task is 87.00% complete.
t1_sim:[58925. 59139. 58271.] t2_sim:[67381. 66518. 65799.]
Task is 88.00% complete.
t1_sim:[61839. 62119. 62123.] t2_sim:[58549. 58147. 59739.]
Task is 89.00% complete.
t1_sim:[60192. 59693. 61185.] t2_sim:[63091. 62734. 62206.]
Task is 90.00% complete.
t1_sim:[57343. 58676. 57736.] t2_sim:[66163. 65680. 64952.]
Task is 91.00% complete.
t1_sim:[53919. 53543. 52796.] t2_sim:[60445. 60431. 59160.]
Task is 92.00% complete.
t1_sim:[63112. 63515. 65082.] t2_sim:[65107. 64963. 65714.]
Task is 93.00% complete.
t1_sim:[60943. 62265. 60902.] t2_sim:[62479. 63213. 63571.]
Task is 94.00% complete.
t1_sim:[63790. 64260. 61209.] t2_sim:[70066. 68553. 68967.]
Task is 95.00% complete.
t1_sim:[67623. 66688. 68182.] t2_sim:[61132. 62763. 62711.]
Task is 96.00% complete.
t1_sim:[61256. 61345. 61544.] t2_sim:[65286. 66692. 63276.]
Task is 97.00% complete.
t1_sim:[61620. 61463. 60734.] t2_sim:[64164. 64324. 63222.]
Task is 98.00% complete.
t1_sim:[61002. 60530. 64444.] t2_sim:[63374. 64094. 65437.]
Task is 99.00% complete.
t1_sim:[65408. 64398. 60758.] t2_sim:[62505. 62396. 61872.]
Training start
t1_obs:[array(93366.), array(85359.), array(80398.)] t2_obs:[array(91054.), array(83112.), array(81464.)]
corr_G1:[None, None, 0.9258537978583021] corr_G2:[None, None, 0.8626231074270988]
Training end
Task is 0.00% complete.
t1_sim:[63477. 64064. 65020.] t2_sim:[63081. 62821. 63600.]
Task is 1.00% complete.
t1_sim:[67606. 67596. 70025.] t2_sim:[61445. 61835. 60175.]
Task is 2.00% complete.
t1_sim:[66867. 66255. 66363.] t2_sim:[64808. 63208. 63606.]
Task is 3.00% complete.
t1_sim:[66687. 67480. 67419.] t2_sim:[60695. 59807. 60458.]
Task is 4.00% complete.
t1_sim:[67015. 65975. 67168.] t2_sim:[60151. 60639. 59929.]
Task is 5.00% complete.
t1_sim:[56971. 57013. 59014.] t2_sim:[61344. 62018. 60158.]
Task is 6.00% complete.
t1_sim:[61116. 60897. 63112.] t2_sim:[65043. 65273. 66112.]
Task is 7.00% complete.
t1_sim:[64266. 64681. 64111.] t2_sim:[61561. 63520. 62369.]
Task is 8.00% complete.
t1_sim:[57144. 56381. 57932.] t2_sim:[65141. 65662. 65358.]
Task is 9.00% complete.
t1_sim:[64290. 62669. 64331.] t2_sim:[69910. 70366. 71490.]
Task is 10.00% complete.
t1_sim:[62705. 62195. 62360.] t2_sim:[63693. 65555. 65380.]
Task is 11.00% complete.
t1_sim:[58942. 59092. 61053.] t2_sim:[64819. 66767. 67691.]
Task is 12.00% complete.
t1_sim:[61798. 62454. 63929.] t2_sim:[61527. 59873. 61103.]
Task is 13.00% complete.
t1_sim:[57546. 57984. 60925.] t2_sim:[60031. 61253. 61107.]
Task is 14.00% complete.
t1_sim:[60605. 60082. 62249.] t2_sim:[69953. 68610. 67606.]
Task is 15.00% complete.
t1_sim:[63280. 62479. 63749.] t2_sim:[62045. 61263. 60847.]
Task is 16.00% complete.
t1_sim:[59056. 58299. 58453.] t2_sim:[62517. 60873. 61430.]
Task is 17.00% complete.
t1_sim:[62633. 61788. 63019.] t2_sim:[65655. 64906. 64723.]
Task is 18.00% complete.
t1_sim:[62661. 63982. 64166.] t2_sim:[63875. 64779. 64778.]
Task is 19.00% complete.
t1_sim:[59923. 59797. 61467.] t2_sim:[59783. 60763. 61905.]
Task is 20.00% complete.
t1_sim:[67079. 67786. 68606.] t2_sim:[67797. 67066. 66841.]
Task is 21.00% complete.
t1_sim:[59942. 61139. 61747.] t2_sim:[66478. 66901. 66948.]
Task is 22.00% complete.
t1_sim:[63303. 62578. 64078.] t2_sim:[69348. 67618. 68016.]
Task is 23.00% complete.
t1_sim:[63675. 63286. 62465.] t2_sim:[58233. 58213. 58939.]
Task is 24.00% complete.
t1_sim:[66312. 66008. 67770.] t2_sim:[59864. 60218. 59048.]
Task is 25.00% complete.
t1_sim:[62986. 63922. 64818.] t2_sim:[68087. 66167. 65878.]
Task is 26.00% complete.
t1_sim:[62302. 61924. 63430.] t2_sim:[62988. 62480. 63255.]
Task is 27.00% complete.
t1_sim:[65121. 65116. 63871.] t2_sim:[60651. 60493. 61667.]
Task is 28.00% complete.
t1_sim:[61842. 61546. 62800.] t2_sim:[59821. 59772. 58341.]
Task is 29.00% complete.
t1_sim:[59612. 62415. 61681.] t2_sim:[58534. 57591. 56585.]
Task is 30.00% complete.
t1_sim:[64992. 65023. 65827.] t2_sim:[61484. 60683. 61110.]
Task is 31.00% complete.
t1_sim:[62625. 62553. 63910.] t2_sim:[64005. 64899. 62239.]
Task is 32.00% complete.
t1_sim:[67677. 66660. 66546.] t2_sim:[61459. 61749. 63107.]
Task is 33.00% complete.
t1_sim:[65743. 65995. 66469.] t2_sim:[61797. 60643. 60753.]
Task is 34.00% complete.
t1_sim:[55525. 56528. 58480.] t2_sim:[64413. 66182. 64958.]
Task is 35.00% complete.
t1_sim:[62411. 62564. 62807.] t2_sim:[64758. 64631. 67214.]
Task is 36.00% complete.
t1_sim:[65579. 67806. 67589.] t2_sim:[66327. 66278. 65681.]
Task is 37.00% complete.
t1_sim:[63617. 65012. 64169.] t2_sim:[61185. 61772. 62899.]
Task is 38.00% complete.
t1_sim:[63458. 63957. 64352.] t2_sim:[53632. 53283. 52849.]
Task is 39.00% complete.
t1_sim:[65616. 64717. 65352.] t2_sim:[63306. 62292. 62800.]
Task is 40.00% complete.
t1_sim:[60541. 61931. 63253.] t2_sim:[63057. 62930. 64134.]
Task is 41.00% complete.
t1_sim:[64336. 63426. 63412.] t2_sim:[63498. 64988. 65164.]
Task is 42.00% complete.
t1_sim:[64525. 63512. 65407.] t2_sim:[63275. 63539. 63419.]
Task is 43.00% complete.
t1_sim:[63644. 62745. 65486.] t2_sim:[65254. 66660. 66096.]
Task is 44.00% complete.
t1_sim:[61402. 60269. 59905.] t2_sim:[63424. 62394. 63844.]
Task is 45.00% complete.
t1_sim:[69395. 68933. 70468.] t2_sim:[63043. 62836. 62313.]
Task is 46.00% complete.
t1_sim:[61228. 60848. 63769.] t2_sim:[65617. 65247. 66686.]
Task is 47.00% complete.
t1_sim:[65862. 66438. 67572.] t2_sim:[60196. 61755. 62173.]
Task is 48.00% complete.
t1_sim:[58886. 59202. 60038.] t2_sim:[57482. 58650. 59180.]
Task is 49.00% complete.
t1_sim:[68809. 69580. 69557.] t2_sim:[63587. 64216. 63599.]
Task is 50.00% complete.
t1_sim:[62803. 63284. 64801.] t2_sim:[61663. 62039. 62764.]
Task is 51.00% complete.
t1_sim:[52434. 52863. 56072.] t2_sim:[63349. 64004. 63470.]
Task is 52.00% complete.
t1_sim:[57691. 59848. 59757.] t2_sim:[62151. 61496. 60672.]
Task is 53.00% complete.
t1_sim:[65827. 64843. 65117.] t2_sim:[65147. 64802. 63717.]
Task is 54.00% complete.
t1_sim:[66068. 65670. 65349.] t2_sim:[64960. 66403. 66015.]
Task is 55.00% complete.
t1_sim:[55921. 55095. 57022.] t2_sim:[59829. 60132. 59859.]
Task is 56.00% complete.
t1_sim:[65184. 62652. 62833.] t2_sim:[61966. 62560. 61732.]
Task is 57.00% complete.
t1_sim:[61974. 60363. 62906.] t2_sim:[62975. 61677. 62699.]
Task is 58.00% complete.
t1_sim:[62210. 62594. 64248.] t2_sim:[53781. 54150. 53818.]
Task is 59.00% complete.
t1_sim:[64166. 62681. 62560.] t2_sim:[61421. 60865. 60517.]
Task is 60.00% complete.
t1_sim:[58800. 60037. 60669.] t2_sim:[62177. 61386. 61106.]
Task is 61.00% complete.
t1_sim:[64118. 63739. 63780.] t2_sim:[64525. 63524. 64467.]
Task is 62.00% complete.
t1_sim:[68012. 67865. 69379.] t2_sim:[58654. 58655. 58209.]
Task is 63.00% complete.
t1_sim:[69695. 69891. 69302.] t2_sim:[58667. 58831. 57984.]
Task is 64.00% complete.
t1_sim:[60434. 62718. 63454.] t2_sim:[63136. 63865. 64584.]
Task is 65.00% complete.
t1_sim:[60028. 60116. 59762.] t2_sim:[63757. 62344. 62411.]
Task is 66.00% complete.
t1_sim:[62386. 63278. 63535.] t2_sim:[64970. 66014. 65736.]
Task is 67.00% complete.
t1_sim:[68353. 68351. 69306.] t2_sim:[61767. 62924. 62575.]
Task is 68.00% complete.
t1_sim:[59595. 59999. 59931.] t2_sim:[65477. 65477. 66105.]
Task is 69.00% complete.
t1_sim:[63835. 64650. 64623.] t2_sim:[60441. 61020. 61505.]
Task is 70.00% complete.
t1_sim:[61859. 62019. 64135.] t2_sim:[62679. 63281. 63641.]
Task is 71.00% complete.
t1_sim:[65696. 66402. 67966.] t2_sim:[62025. 61994. 60706.]
Task is 72.00% complete.
t1_sim:[62921. 64513. 65554.] t2_sim:[61101. 61070. 60339.]
Task is 73.00% complete.
t1_sim:[59551. 58520. 60775.] t2_sim:[63859. 65065. 65611.]
Task is 74.00% complete.
t1_sim:[61641. 61158. 62407.] t2_sim:[58025. 56215. 57104.]
Task is 75.00% complete.
t1_sim:[55380. 55907. 57387.] t2_sim:[60887. 61270. 60433.]
Task is 76.00% complete.
t1_sim:[66807. 67242. 66331.] t2_sim:[59901. 60203. 60001.]
Task is 77.00% complete.
t1_sim:[61018. 61549. 61907.] t2_sim:[62901. 63187. 62340.]
Task is 78.00% complete.
t1_sim:[66101. 65256. 65838.] t2_sim:[58684. 59363. 60023.]
Task is 79.00% complete.
t1_sim:[62328. 61708. 62882.] t2_sim:[58868. 59394. 60522.]
Task is 80.00% complete.
t1_sim:[59952. 61318. 62548.] t2_sim:[56094. 54950. 55055.]
Task is 81.00% complete.
t1_sim:[62288. 62239. 62172.] t2_sim:[63588. 62232. 61897.]
Task is 82.00% complete.
t1_sim:[60984. 62140. 63264.] t2_sim:[60549. 61367. 60448.]
Task is 83.00% complete.
t1_sim:[62096. 60445. 62176.] t2_sim:[60582. 60261. 60172.]
Task is 84.00% complete.
t1_sim:[59893. 59945. 61944.] t2_sim:[57152. 58035. 56594.]
Task is 85.00% complete.
t1_sim:[67381. 65967. 65516.] t2_sim:[61519. 60365. 61009.]
Task is 86.00% complete.
t1_sim:[62947. 63297. 62302.] t2_sim:[66300. 65343. 66390.]
Task is 87.00% complete.
t1_sim:[63530. 63730. 64369.] t2_sim:[63434. 63481. 63751.]
Task is 88.00% complete.
t1_sim:[61982. 63050. 64511.] t2_sim:[60270. 61023. 60967.]
Task is 89.00% complete.
t1_sim:[59171. 60915. 61329.] t2_sim:[61056. 61902. 60268.]
Task is 90.00% complete.
t1_sim:[63206. 62543. 64565.] t2_sim:[61676. 61249. 62125.]
Task is 91.00% complete.
t1_sim:[64349. 65119. 66290.] t2_sim:[60564. 60852. 61138.]
Task is 92.00% complete.
t1_sim:[66246. 65296. 67270.] t2_sim:[64095. 63684. 63740.]
Task is 93.00% complete.
t1_sim:[64208. 62770. 64192.] t2_sim:[57638. 57835. 58593.]
Task is 94.00% complete.
t1_sim:[62231. 62145. 63299.] t2_sim:[62101. 60157. 59768.]
Task is 95.00% complete.
t1_sim:[60986. 60622. 61126.] t2_sim:[61755. 63047. 63364.]
Task is 96.00% complete.
t1_sim:[56098. 58008. 56800.] t2_sim:[63248. 62479. 62166.]
Task is 97.00% complete.
t1_sim:[67219. 68281. 69454.] t2_sim:[63091. 64178. 64367.]
Task is 98.00% complete.
t1_sim:[56872. 56518. 57450.] t2_sim:[63286. 63766. 63866.]
Task is 99.00% complete.
t1_sim:[66419. 66681. 66929.] t2_sim:[64359. 64342. 63905.]
Training start
t1_obs:[array(93366.), array(85359.), array(77566.)] t2_obs:[array(91054.), array(83112.), array(78172.)]
corr_G1:[None, None, 0.38683337608672796] corr_G2:[None, None, 0.39337853827644564]
Training end
Task is 0.00% complete.
t1_sim:[60751. 58300. 59665.] t2_sim:[63099. 63292. 56991.]
Task is 1.00% complete.
t1_sim:[70220. 70349. 70587.] t2_sim:[62928. 62787. 58306.]
Task is 2.00% complete.
t1_sim:[64796. 64485. 64035.] t2_sim:[67089. 66596. 62131.]
Task is 3.00% complete.
t1_sim:[60880. 59030. 59100.] t2_sim:[62654. 62789. 59649.]
Task is 4.00% complete.
t1_sim:[65705. 65829. 65516.] t2_sim:[64449. 63956. 59125.]
Task is 5.00% complete.
t1_sim:[57585. 58485. 56217.] t2_sim:[63739. 63452. 56712.]
Task is 6.00% complete.
t1_sim:[62506. 62837. 60968.] t2_sim:[64774. 62376. 56874.]
Task is 7.00% complete.
t1_sim:[66238. 65627. 65581.] t2_sim:[60619. 60112. 55357.]
Task is 8.00% complete.
t1_sim:[64545. 64734. 63411.] t2_sim:[66385. 67418. 62185.]
Task is 9.00% complete.
t1_sim:[61555. 63164. 62162.] t2_sim:[61822. 60396. 57341.]
Task is 10.00% complete.
t1_sim:[57539. 56470. 59699.] t2_sim:[60963. 59183. 55954.]
Task is 11.00% complete.
t1_sim:[57489. 59292. 57939.] t2_sim:[64455. 65131. 57954.]
Task is 12.00% complete.
t1_sim:[58550. 56602. 56356.] t2_sim:[67423. 66265. 62641.]
Task is 13.00% complete.
t1_sim:[58065. 57078. 57810.] t2_sim:[61518. 61108. 56127.]
Task is 14.00% complete.
t1_sim:[64246. 64598. 64397.] t2_sim:[55289. 56678. 53037.]
Task is 15.00% complete.
t1_sim:[65201. 66528. 64330.] t2_sim:[62165. 62281. 56707.]
Task is 16.00% complete.
t1_sim:[58456. 58388. 57217.] t2_sim:[65584. 65415. 61161.]
Task is 17.00% complete.
t1_sim:[63029. 62239. 60547.] t2_sim:[64205. 64267. 59401.]
Task is 18.00% complete.
t1_sim:[65378. 63618. 63126.] t2_sim:[63722. 63304. 57771.]
Task is 19.00% complete.
t1_sim:[61423. 60899. 60130.] t2_sim:[55678. 54648. 50805.]
Task is 20.00% complete.
t1_sim:[58798. 57849. 59282.] t2_sim:[57742. 56942. 53330.]
Task is 21.00% complete.
t1_sim:[64140. 64376. 63277.] t2_sim:[58580. 58811. 53160.]
Task is 22.00% complete.
t1_sim:[58917. 58994. 57683.] t2_sim:[63452. 63115. 58430.]
Task is 23.00% complete.
t1_sim:[62206. 61929. 61059.] t2_sim:[63119. 63066. 58187.]
Task is 24.00% complete.
t1_sim:[67931. 69400. 67653.] t2_sim:[58923. 58377. 53475.]
Task is 25.00% complete.
t1_sim:[66678. 65267. 65316.] t2_sim:[64120. 64567. 58120.]
Task is 26.00% complete.
t1_sim:[61631. 61691. 62505.] t2_sim:[65815. 65343. 60918.]
Task is 27.00% complete.
t1_sim:[60768. 61095. 60935.] t2_sim:[64815. 63915. 60452.]
Task is 28.00% complete.
t1_sim:[52142. 52272. 52593.] t2_sim:[60295. 60854. 54553.]
Task is 29.00% complete.
t1_sim:[66557. 66744. 64029.] t2_sim:[64676. 64097. 58615.]
Task is 30.00% complete.
t1_sim:[66661. 66727. 65013.] t2_sim:[63460. 63063. 57260.]
Task is 31.00% complete.
t1_sim:[59527. 60900. 58165.] t2_sim:[58013. 57773. 53264.]
Task is 32.00% complete.
t1_sim:[65452. 65410. 66874.] t2_sim:[60240. 60468. 55412.]
Task is 33.00% complete.
t1_sim:[63386. 63992. 63400.] t2_sim:[62770. 62172. 58308.]
Task is 34.00% complete.
t1_sim:[61415. 60488. 60467.] t2_sim:[60557. 60308. 55483.]
Task is 35.00% complete.
t1_sim:[58946. 59470. 57545.] t2_sim:[61006. 60713. 56390.]
Task is 36.00% complete.
t1_sim:[63847. 63645. 63394.] t2_sim:[58704. 59894. 53247.]
Task is 37.00% complete.
t1_sim:[64128. 63522. 64856.] t2_sim:[58162. 56205. 51685.]
Task is 38.00% complete.
t1_sim:[60566. 60192. 60295.] t2_sim:[62294. 63085. 55947.]
Task is 39.00% complete.
t1_sim:[62003. 61706. 61110.] t2_sim:[58808. 58257. 53821.]
Task is 40.00% complete.
t1_sim:[64259. 63010. 61971.] t2_sim:[67621. 67051. 61272.]
Task is 41.00% complete.
t1_sim:[61276. 60072. 60950.] t2_sim:[59720. 60406. 54978.]
Task is 42.00% complete.
t1_sim:[65968. 66445. 66324.] t2_sim:[58811. 58471. 53807.]
Task is 43.00% complete.
t1_sim:[68730. 70019. 66988.] t2_sim:[60373. 60240. 55391.]
Task is 44.00% complete.
t1_sim:[66086. 65724. 65088.] t2_sim:[61327. 61151. 57762.]
Task is 45.00% complete.
t1_sim:[67438. 67614. 68553.] t2_sim:[67517. 67444. 61180.]
Task is 46.00% complete.
t1_sim:[64077. 64290. 62101.] t2_sim:[64434. 65422. 61676.]
Task is 47.00% complete.
t1_sim:[61568. 61326. 61687.] t2_sim:[60895. 60544. 54755.]
Task is 48.00% complete.
t1_sim:[57645. 57364. 58729.] t2_sim:[63112. 61505. 57282.]
Task is 49.00% complete.
t1_sim:[60968. 60605. 61292.] t2_sim:[62680. 61413. 56213.]
Task is 50.00% complete.
t1_sim:[64592. 64926. 62023.] t2_sim:[59690. 60523. 55046.]
Task is 51.00% complete.
t1_sim:[70479. 69834. 70462.] t2_sim:[56663. 55520. 52675.]
Task is 52.00% complete.
t1_sim:[64178. 64202. 62132.] t2_sim:[61634. 63285. 55835.]
Task is 53.00% complete.
t1_sim:[60469. 60918. 59224.] t2_sim:[59929. 59822. 54477.]
Task is 54.00% complete.
t1_sim:[61497. 59376. 62707.] t2_sim:[55667. 56547. 51298.]
Task is 55.00% complete.
t1_sim:[61392. 63185. 62443.] t2_sim:[63018. 63653. 57658.]
Task is 56.00% complete.
t1_sim:[54207. 53787. 55873.] t2_sim:[58918. 58053. 53795.]
Task is 57.00% complete.
t1_sim:[60749. 59747. 59561.] t2_sim:[62095. 62308. 56141.]
Task is 58.00% complete.
t1_sim:[57405. 57172. 58718.] t2_sim:[62248. 61983. 56352.]
Task is 59.00% complete.
t1_sim:[60791. 61890. 63093.] t2_sim:[61960. 60634. 56682.]
Task is 60.00% complete.
t1_sim:[67223. 66905. 64729.] t2_sim:[62566. 63432. 60056.]
Task is 61.00% complete.
t1_sim:[58750. 58583. 59218.] t2_sim:[63879. 64596. 58598.]
Task is 62.00% complete.
t1_sim:[63835. 64346. 62611.] t2_sim:[63172. 64259. 58011.]
Task is 63.00% complete.
t1_sim:[61378. 61877. 59980.] t2_sim:[68531. 68552. 62821.]
Task is 64.00% complete.
t1_sim:[65373. 64477. 65279.] t2_sim:[61800. 60290. 55427.]
Task is 65.00% complete.
t1_sim:[65670. 65187. 64701.] t2_sim:[62607. 62731. 59140.]
Task is 66.00% complete.
t1_sim:[59304. 57405. 57862.] t2_sim:[67060. 66796. 60944.]
Task is 67.00% complete.
t1_sim:[65514. 64469. 65097.] t2_sim:[63475. 63696. 58158.]
Task is 68.00% complete.
t1_sim:[61794. 61627. 62023.] t2_sim:[60259. 58794. 55183.]
Task is 69.00% complete.
t1_sim:[66921. 65515. 66174.] t2_sim:[58429. 57975. 54171.]
Task is 70.00% complete.
t1_sim:[66589. 65886. 64906.] t2_sim:[61041. 61469. 56880.]
Task is 71.00% complete.
t1_sim:[63431. 63684. 60921.] t2_sim:[65008. 65510. 61756.]
Task is 72.00% complete.
t1_sim:[63672. 63577. 62699.] t2_sim:[63813. 64628. 58857.]
Task is 73.00% complete.
t1_sim:[51972. 51803. 54360.] t2_sim:[61756. 63175. 57489.]
Task is 74.00% complete.
t1_sim:[55112. 55988. 52840.] t2_sim:[61441. 62405. 58631.]
Task is 75.00% complete.
t1_sim:[62591. 63298. 61161.] t2_sim:[65210. 65004. 60339.]
Task is 76.00% complete.
t1_sim:[63151. 62404. 62860.] t2_sim:[61906. 61950. 57340.]
Task is 77.00% complete.
t1_sim:[65646. 64949. 65752.] t2_sim:[60428. 59883. 55358.]
Task is 78.00% complete.
t1_sim:[60573. 59939. 60387.] t2_sim:[60356. 60414. 55555.]
Task is 79.00% complete.
t1_sim:[63589. 63660. 63176.] t2_sim:[60197. 61379. 55977.]
Task is 80.00% complete.
t1_sim:[64755. 64815. 66201.] t2_sim:[66068. 66623. 61018.]
Task is 81.00% complete.
t1_sim:[61294. 61441. 59278.] t2_sim:[62159. 62056. 55679.]
Task is 82.00% complete.
t1_sim:[63816. 63877. 63588.] t2_sim:[60924. 61438. 55996.]
Task is 83.00% complete.
t1_sim:[69523. 68273. 66222.] t2_sim:[58463. 57294. 52659.]
Task is 84.00% complete.
t1_sim:[65083. 63867. 64692.] t2_sim:[58768. 59337. 55306.]
Task is 85.00% complete.
t1_sim:[64751. 63515. 63345.] t2_sim:[61474. 62699. 57543.]
Task is 86.00% complete.
t1_sim:[61284. 61460. 61758.] t2_sim:[66310. 64799. 60910.]
Task is 87.00% complete.
t1_sim:[61984. 63111. 60664.] t2_sim:[63428. 64683. 61161.]
Task is 88.00% complete.
t1_sim:[61076. 62211. 60878.] t2_sim:[61451. 59962. 55447.]
Task is 89.00% complete.
t1_sim:[66025. 65836. 66983.] t2_sim:[64279. 65912. 60214.]
Task is 90.00% complete.
t1_sim:[60359. 62655. 60019.] t2_sim:[58559. 58037. 53489.]
Task is 91.00% complete.
t1_sim:[67687. 66020. 66198.] t2_sim:[66467. 67266. 60909.]
Task is 92.00% complete.
t1_sim:[62690. 63047. 61718.] t2_sim:[58210. 58419. 53476.]
Task is 93.00% complete.
t1_sim:[63399. 63547. 62836.] t2_sim:[62356. 61489. 54425.]
Task is 94.00% complete.
t1_sim:[65570. 64449. 65214.] t2_sim:[66131. 67305. 61330.]
Task is 95.00% complete.
t1_sim:[61255. 59564. 60143.] t2_sim:[61260. 61174. 58215.]
Task is 96.00% complete.
t1_sim:[58875. 58881. 58347.] t2_sim:[60557. 58954. 54988.]
Task is 97.00% complete.
t1_sim:[62486. 63378. 63367.] t2_sim:[67687. 66524. 60903.]
Task is 98.00% complete.
t1_sim:[63972. 62972. 63006.] t2_sim:[58385. 58587. 53824.]
Task is 99.00% complete.
t1_sim:[56927. 57159. 57771.] t2_sim:[61635. 60130. 56819.]
Finished
