/scratch/jz4721/Post-prediction-Causal-Inference/venv/lib/python3.8/site-packages/numpy/core/getlimits.py:518: UserWarning: The value of the smallest subnormal for <class 'numpy.float64'> type is zero.
  setattr(self, word, getattr(machar, word).flat[0])
/scratch/jz4721/Post-prediction-Causal-Inference/venv/lib/python3.8/site-packages/numpy/core/getlimits.py:89: UserWarning: The value of the smallest subnormal for <class 'numpy.float64'> type is zero.
  return self._float_to_str(self.smallest_subnormal)
/scratch/jz4721/Post-prediction-Causal-Inference/venv/lib/python3.8/site-packages/numpy/core/getlimits.py:518: UserWarning: The value of the smallest subnormal for <class 'numpy.float32'> type is zero.
  setattr(self, word, getattr(machar, word).flat[0])
/scratch/jz4721/Post-prediction-Causal-Inference/venv/lib/python3.8/site-packages/numpy/core/getlimits.py:89: UserWarning: The value of the smallest subnormal for <class 'numpy.float32'> type is zero.
  return self._float_to_str(self.smallest_subnormal)
Begin
Training start
t1_obs:[array(94594.), array(87432.), array(72590.)] t2_obs:[array(91264.), array(81846.), array(65835.)]
corr_G1:[None, None, 1.444437410127482e-17] corr_G2:[None, None, 0]
Training end
Task is 0.00% complete.
t1_sim:[61648. 59619. 58019.] t2_sim:[69118. 68945. 67606.]
Task is 1.00% complete.
t1_sim:[59268. 59299. 59660.] t2_sim:[61322. 60149. 57051.]
Task is 2.00% complete.
t1_sim:[66545. 64047. 63361.] t2_sim:[61483. 63655. 58522.]
Task is 3.00% complete.
t1_sim:[63375. 63061. 62861.] t2_sim:[61310. 60350. 60802.]
Task is 4.00% complete.
t1_sim:[64254. 62952. 62599.] t2_sim:[63245. 64715. 63155.]
Task is 5.00% complete.
t1_sim:[62462. 62540. 63814.] t2_sim:[62345. 62077. 62709.]
Task is 6.00% complete.
t1_sim:[62300. 61724. 63421.] t2_sim:[68323. 68795. 66051.]
Task is 7.00% complete.
t1_sim:[65604. 64332. 66040.] t2_sim:[61463. 61520. 62430.]
Task is 8.00% complete.
t1_sim:[58317. 57905. 56782.] t2_sim:[60699. 60643. 59934.]
Task is 9.00% complete.
t1_sim:[64868. 65245. 64825.] t2_sim:[68492. 68174. 68690.]
Task is 10.00% complete.
t1_sim:[69883. 70679. 69757.] t2_sim:[62445. 62918. 61119.]
Task is 11.00% complete.
t1_sim:[60083. 59122. 59179.] t2_sim:[63790. 63957. 65066.]
Task is 12.00% complete.
t1_sim:[65171. 63577. 61691.] t2_sim:[67864. 67288. 68232.]
Task is 13.00% complete.
t1_sim:[61088. 60084. 61542.] t2_sim:[58604. 59396. 59033.]
Task is 14.00% complete.
t1_sim:[65143. 65671. 65788.] t2_sim:[54466. 53973. 56814.]
Task is 15.00% complete.
t1_sim:[59647. 59138. 60960.] t2_sim:[64692. 64421. 64560.]
Task is 16.00% complete.
t1_sim:[62503. 62725. 65268.] t2_sim:[67474. 65291. 63840.]
Task is 17.00% complete.
t1_sim:[61517. 61450. 60007.] t2_sim:[65416. 66482. 66722.]
Task is 18.00% complete.
t1_sim:[63039. 63220. 65611.] t2_sim:[63739. 63606. 61852.]
Task is 19.00% complete.
t1_sim:[62955. 62248. 62926.] t2_sim:[64670. 64713. 61023.]
Task is 20.00% complete.
t1_sim:[63676. 62432. 60263.] t2_sim:[65122. 66092. 67824.]
Task is 21.00% complete.
t1_sim:[62591. 62236. 62200.] t2_sim:[58638. 59513. 59220.]
Task is 22.00% complete.
t1_sim:[62815. 63460. 66598.] t2_sim:[63864. 63820. 63859.]
Task is 23.00% complete.
t1_sim:[59076. 60007. 62148.] t2_sim:[58176. 57787. 57413.]
Task is 24.00% complete.
t1_sim:[59949. 60820. 59537.] t2_sim:[67229. 67549. 68163.]
Task is 25.00% complete.
t1_sim:[67256. 67770. 69066.] t2_sim:[63230. 65137. 63296.]
Task is 26.00% complete.
t1_sim:[62880. 63404. 61725.] t2_sim:[63501. 65022. 65743.]
Task is 27.00% complete.
t1_sim:[59907. 61495. 63339.] t2_sim:[64948. 63303. 60426.]
Task is 28.00% complete.
t1_sim:[63494. 64782. 62690.] t2_sim:[61384. 61596. 60176.]
Task is 29.00% complete.
t1_sim:[64686. 64419. 62765.] t2_sim:[64174. 65838. 62167.]
Task is 30.00% complete.
t1_sim:[63355. 62751. 62968.] t2_sim:[67954. 66392. 68156.]
Task is 31.00% complete.
t1_sim:[60738. 60171. 60609.] t2_sim:[64247. 61919. 66333.]
Task is 32.00% complete.
t1_sim:[62997. 63906. 66788.] t2_sim:[55865. 55759. 57874.]
Task is 33.00% complete.
t1_sim:[63917. 62852. 61207.] t2_sim:[62981. 63618. 67883.]
Task is 34.00% complete.
t1_sim:[61015. 60438. 58898.] t2_sim:[64850. 62903. 65092.]
Task is 35.00% complete.
t1_sim:[64821. 65059. 65011.] t2_sim:[60587. 61353. 56740.]
Task is 36.00% complete.
t1_sim:[61644. 61640. 63438.] t2_sim:[64393. 63937. 62927.]
Task is 37.00% complete.
t1_sim:[63781. 62963. 63140.] t2_sim:[62112. 61805. 59597.]
Task is 38.00% complete.
t1_sim:[58414. 59925. 60375.] t2_sim:[62904. 61484. 62481.]
Task is 39.00% complete.
t1_sim:[62880. 63829. 60601.] t2_sim:[61084. 60136. 62853.]
Task is 40.00% complete.
t1_sim:[64192. 62899. 61076.] t2_sim:[61666. 63848. 60691.]
Task is 41.00% complete.
t1_sim:[56860. 57189. 59365.] t2_sim:[65467. 65263. 63449.]
Task is 42.00% complete.
t1_sim:[62627. 63746. 61176.] t2_sim:[60319. 60133. 63720.]
Task is 43.00% complete.
t1_sim:[61055. 60014. 59208.] t2_sim:[61965. 62473. 60390.]
Task is 44.00% complete.
t1_sim:[59150. 60152. 62209.] t2_sim:[59230. 57932. 59127.]
Task is 45.00% complete.
t1_sim:[56295. 56813. 55696.] t2_sim:[67157. 64732. 66592.]
Task is 46.00% complete.
t1_sim:[64115. 64786. 63200.] t2_sim:[61068. 59270. 59840.]
Task is 47.00% complete.
t1_sim:[63371. 63571. 64370.] t2_sim:[65931. 66663. 63561.]
Task is 48.00% complete.
t1_sim:[64664. 64699. 65441.] t2_sim:[66548. 66778. 63430.]
Task is 49.00% complete.
t1_sim:[69372. 67226. 67289.] t2_sim:[65361. 66097. 63288.]
Task is 50.00% complete.
t1_sim:[65386. 65323. 64829.] t2_sim:[65792. 65493. 66426.]
Task is 51.00% complete.
t1_sim:[61077. 59720. 64065.] t2_sim:[56803. 56420. 56986.]
Task is 52.00% complete.
t1_sim:[61963. 62630. 61506.] t2_sim:[65032. 64261. 63320.]
Task is 53.00% complete.
t1_sim:[63845. 63985. 64265.] t2_sim:[65365. 64234. 66882.]
Task is 54.00% complete.
t1_sim:[60764. 61355. 60109.] t2_sim:[60025. 58070. 62009.]
Task is 55.00% complete.
t1_sim:[64528. 65134. 65016.] t2_sim:[63318. 61941. 60830.]
Task is 56.00% complete.
t1_sim:[62006. 63221. 60304.] t2_sim:[68042. 66920. 65716.]
Task is 57.00% complete.
t1_sim:[64698. 65095. 63987.] t2_sim:[62408. 62951. 61722.]
Task is 58.00% complete.
t1_sim:[62105. 61380. 58488.] t2_sim:[63446. 64501. 64724.]
Task is 59.00% complete.
t1_sim:[55549. 54912. 54618.] t2_sim:[66754. 66727. 67645.]
Task is 60.00% complete.
t1_sim:[61389. 61568. 64442.] t2_sim:[58442. 60775. 59332.]
Task is 61.00% complete.
t1_sim:[62164. 63762. 64296.] t2_sim:[60078. 60157. 54605.]
Task is 62.00% complete.
t1_sim:[65527. 65899. 66056.] t2_sim:[64406. 65452. 64226.]
Task is 63.00% complete.
t1_sim:[60892. 60833. 60914.] t2_sim:[63538. 62103. 59675.]
Task is 64.00% complete.
t1_sim:[61639. 62478. 61120.] t2_sim:[68064. 67091. 68612.]
Task is 65.00% complete.
t1_sim:[64019. 64844. 62175.] t2_sim:[61759. 62108. 64769.]
Task is 66.00% complete.
t1_sim:[65542. 64873. 62622.] t2_sim:[64802. 64681. 64132.]
Task is 67.00% complete.
t1_sim:[62088. 61898. 66249.] t2_sim:[60579. 61064. 59672.]
Task is 68.00% complete.
t1_sim:[61143. 61294. 59666.] t2_sim:[61629. 61276. 59114.]
Task is 69.00% complete.
t1_sim:[61682. 61602. 60997.] t2_sim:[64816. 64877. 62943.]
Task is 70.00% complete.
t1_sim:[67353. 67300. 67502.] t2_sim:[63023. 63899. 61585.]
Task is 71.00% complete.
t1_sim:[67861. 67864. 68941.] t2_sim:[59870. 60045. 62747.]
Task is 72.00% complete.
t1_sim:[62363. 62631. 66104.] t2_sim:[67896. 68058. 66597.]
Task is 73.00% complete.
t1_sim:[63704. 63733. 63735.] t2_sim:[67090. 66626. 66292.]
Task is 74.00% complete.
t1_sim:[66955. 66768. 65533.] t2_sim:[62545. 61644. 59722.]
Task is 75.00% complete.
t1_sim:[60915. 60407. 62192.] t2_sim:[63604. 65639. 65132.]
Task is 76.00% complete.
t1_sim:[68271. 68056. 65643.] t2_sim:[67264. 67374. 65528.]
Task is 77.00% complete.
t1_sim:[64428. 63963. 64544.] t2_sim:[61766. 62988. 60768.]
Task is 78.00% complete.
t1_sim:[62471. 61766. 62203.] t2_sim:[61092. 60895. 57247.]
Task is 79.00% complete.
t1_sim:[62418. 61993. 63182.] t2_sim:[57419. 57007. 58293.]
Task is 80.00% complete.
t1_sim:[64184. 63929. 61548.] t2_sim:[64410. 64564. 62769.]
Task is 81.00% complete.
t1_sim:[63496. 64357. 61699.] t2_sim:[68260. 67635. 65793.]
Task is 82.00% complete.
t1_sim:[56631. 56743. 56953.] t2_sim:[69934. 69706. 65927.]
Task is 83.00% complete.
t1_sim:[63174. 63091. 65616.] t2_sim:[63870. 64796. 59549.]
Task is 84.00% complete.
t1_sim:[58751. 58410. 59210.] t2_sim:[65585. 66236. 66655.]
Task is 85.00% complete.
t1_sim:[64747. 65083. 63194.] t2_sim:[58365. 58512. 59663.]
Task is 86.00% complete.
t1_sim:[62925. 63124. 62011.] t2_sim:[65940. 66993. 64489.]
Task is 87.00% complete.
t1_sim:[66314. 68291. 65497.] t2_sim:[58228. 58688. 60929.]
Task is 88.00% complete.
t1_sim:[63443. 64213. 64469.] t2_sim:[62108. 63066. 62989.]
Task is 89.00% complete.
t1_sim:[63982. 64827. 65248.] t2_sim:[62387. 62809. 61875.]
Task is 90.00% complete.
t1_sim:[67753. 67069. 65659.] t2_sim:[61092. 62030. 62401.]
Task is 91.00% complete.
t1_sim:[65130. 64487. 68494.] t2_sim:[59074. 57719. 61089.]
Task is 92.00% complete.
t1_sim:[59789. 58754. 57341.] t2_sim:[65445. 65833. 63840.]
Task is 93.00% complete.
t1_sim:[58862. 58480. 62093.] t2_sim:[61552. 61520. 62590.]
Task is 94.00% complete.
t1_sim:[61785. 61183. 66091.] t2_sim:[62891. 62947. 61530.]
Task is 95.00% complete.
t1_sim:[65606. 65201. 65556.] t2_sim:[58777. 59608. 62735.]
Task is 96.00% complete.
t1_sim:[66491. 66913. 67863.] t2_sim:[62834. 62341. 62895.]
Task is 97.00% complete.
t1_sim:[61750. 62252. 63293.] t2_sim:[62367. 61967. 62714.]
Task is 98.00% complete.
t1_sim:[68426. 68817. 68041.] t2_sim:[60912. 61958. 61835.]
Task is 99.00% complete.
t1_sim:[61663. 62577. 59694.] t2_sim:[62514. 61943. 64868.]
Training start
t1_obs:[array(94594.), array(87432.), array(77956.)] t2_obs:[array(91264.), array(81846.), array(72250.)]
corr_G1:[None, None, 0.9680945316846102] corr_G2:[None, None, 0.7236468638322394]
Training end
Task is 0.00% complete.
t1_sim:[60167. 60017. 60453.] t2_sim:[65821. 66434. 64394.]
Task is 1.00% complete.
t1_sim:[61916. 60665. 62058.] t2_sim:[66529. 66541. 65101.]
Task is 2.00% complete.
t1_sim:[60264. 60858. 61919.] t2_sim:[66748. 66104. 63792.]
Task is 3.00% complete.
t1_sim:[64795. 63961. 62984.] t2_sim:[60430. 60780. 59017.]
Task is 4.00% complete.
t1_sim:[60489. 60653. 60260.] t2_sim:[60501. 60206. 58168.]
Task is 5.00% complete.
t1_sim:[62425. 62489. 61300.] t2_sim:[65284. 64540. 62126.]
Task is 6.00% complete.
t1_sim:[60505. 59823. 59493.] t2_sim:[57169. 58410. 56675.]
Task is 7.00% complete.
t1_sim:[59930. 60459. 61610.] t2_sim:[66692. 67578. 65422.]
Task is 8.00% complete.
t1_sim:[62763. 62590. 61027.] t2_sim:[62924. 63256. 61370.]
Task is 9.00% complete.
t1_sim:[62556. 63194. 64018.] t2_sim:[59929. 62036. 61246.]
Task is 10.00% complete.
t1_sim:[67737. 67134. 68050.] t2_sim:[64744. 62637. 60720.]
Task is 11.00% complete.
t1_sim:[65365. 65790. 66098.] t2_sim:[64766. 66032. 64444.]
Task is 12.00% complete.
t1_sim:[68317. 68113. 69618.] t2_sim:[57729. 58401. 56091.]
Task is 13.00% complete.
t1_sim:[62363. 62273. 64420.] t2_sim:[70262. 68928. 65146.]
Task is 14.00% complete.
t1_sim:[65053. 64207. 64829.] t2_sim:[59350. 58851. 55245.]
Task is 15.00% complete.
t1_sim:[65779. 65223. 61864.] t2_sim:[69300. 68345. 65309.]
Task is 16.00% complete.
t1_sim:[63799. 63871. 63191.] t2_sim:[63546. 64169. 62175.]
Task is 17.00% complete.
t1_sim:[62713. 63555. 64027.] t2_sim:[67076. 67885. 66479.]
Task is 18.00% complete.
t1_sim:[65922. 64791. 66061.] t2_sim:[60298. 58726. 58184.]
Task is 19.00% complete.
t1_sim:[61607. 63002. 64299.] t2_sim:[63584. 63444. 62840.]
Task is 20.00% complete.
t1_sim:[65905. 64286. 63633.] t2_sim:[63179. 63709. 60199.]
Task is 21.00% complete.
t1_sim:[57175. 58112. 57718.] t2_sim:[61856. 62416. 61184.]
Task is 22.00% complete.
t1_sim:[57904. 58639. 58937.] t2_sim:[59172. 58307. 55904.]
Task is 23.00% complete.
t1_sim:[61378. 60511. 59318.] t2_sim:[65323. 65769. 64277.]
Task is 24.00% complete.
t1_sim:[59470. 59587. 60465.] t2_sim:[61864. 62961. 61521.]
Task is 25.00% complete.
t1_sim:[57856. 57292. 56563.] t2_sim:[58528. 58649. 58092.]
Task is 26.00% complete.
t1_sim:[60257. 60136. 60492.] t2_sim:[68954. 67996. 66242.]
Task is 27.00% complete.
t1_sim:[58264. 57908. 57010.] t2_sim:[59885. 59801. 57327.]
Task is 28.00% complete.
t1_sim:[63529. 62297. 61524.] t2_sim:[61046. 61947. 60296.]
Task is 29.00% complete.
t1_sim:[58622. 57811. 59316.] t2_sim:[65969. 65265. 62150.]
Task is 30.00% complete.
t1_sim:[63018. 64173. 64428.] t2_sim:[63715. 64526. 63151.]
Task is 31.00% complete.
t1_sim:[62470. 63064. 63424.] t2_sim:[64267. 63185. 63360.]
Task is 32.00% complete.
t1_sim:[63520. 62796. 63722.] t2_sim:[62033. 61157. 58938.]
Task is 33.00% complete.
t1_sim:[66603. 66270. 66180.] t2_sim:[62502. 62402. 62014.]
Task is 34.00% complete.
t1_sim:[60430. 60099. 59436.] t2_sim:[65783. 64434. 62185.]
Task is 35.00% complete.
t1_sim:[63324. 62547. 59953.] t2_sim:[57490. 57152. 56509.]
Task is 36.00% complete.
t1_sim:[61893. 62004. 62266.] t2_sim:[60249. 59842. 58939.]
Task is 37.00% complete.
t1_sim:[62114. 62109. 61745.] t2_sim:[65011. 64159. 63477.]
Task is 38.00% complete.
t1_sim:[65548. 66146. 65538.] t2_sim:[65726. 65776. 64061.]
Task is 39.00% complete.
t1_sim:[62728. 62450. 63258.] t2_sim:[66613. 66289. 64355.]
Task is 40.00% complete.
t1_sim:[56055. 54726. 54317.] t2_sim:[62239. 63312. 61373.]
Task is 41.00% complete.
t1_sim:[64650. 64604. 65901.] t2_sim:[64841. 63520. 60854.]
Task is 42.00% complete.
t1_sim:[57972. 57325. 57312.] t2_sim:[55179. 56480. 56050.]
Task is 43.00% complete.
t1_sim:[63314. 63444. 62652.] t2_sim:[59950. 60858. 58968.]
Task is 44.00% complete.
t1_sim:[65596. 65518. 65428.] t2_sim:[61557. 60728. 58822.]
Task is 45.00% complete.
t1_sim:[65558. 65954. 64292.] t2_sim:[62269. 63527. 61038.]
Task is 46.00% complete.
t1_sim:[62841. 62358. 61756.] t2_sim:[62557. 63036. 60261.]
Task is 47.00% complete.
t1_sim:[62964. 62271. 61426.] t2_sim:[66016. 66590. 65199.]
Task is 48.00% complete.
t1_sim:[66478. 65552. 66183.] t2_sim:[60145. 59995. 60245.]
Task is 49.00% complete.
t1_sim:[60618. 60637. 61389.] t2_sim:[63940. 63512. 63337.]
Task is 50.00% complete.
t1_sim:[67491. 66925. 64620.] t2_sim:[62238. 64413. 63789.]
Task is 51.00% complete.
t1_sim:[62728. 63293. 63865.] t2_sim:[61476. 62017. 59707.]
Task is 52.00% complete.
t1_sim:[68307. 69843. 70650.] t2_sim:[66172. 66243. 65304.]
Task is 53.00% complete.
t1_sim:[66774. 67538. 68195.] t2_sim:[60355. 61446. 59597.]
Task is 54.00% complete.
t1_sim:[58637. 57068. 56794.] t2_sim:[63597. 63452. 61637.]
Task is 55.00% complete.
t1_sim:[66893. 67660. 68771.] t2_sim:[63216. 64378. 63781.]
Task is 56.00% complete.
t1_sim:[58814. 59825. 60133.] t2_sim:[55162. 55869. 54983.]
Task is 57.00% complete.
t1_sim:[67776. 67553. 67875.] t2_sim:[64186. 64118. 60643.]
Task is 58.00% complete.
t1_sim:[65578. 65723. 66362.] t2_sim:[65285. 65122. 63372.]
Task is 59.00% complete.
t1_sim:[64169. 63548. 63050.] t2_sim:[58028. 58356. 56370.]
Task is 60.00% complete.
t1_sim:[56607. 55171. 54970.] t2_sim:[63840. 63334. 60830.]
Task is 61.00% complete.
t1_sim:[64372. 65838. 64016.] t2_sim:[64424. 64682. 61862.]
Task is 62.00% complete.
t1_sim:[59795. 59808. 58561.] t2_sim:[67132. 66505. 62942.]
Task is 63.00% complete.
t1_sim:[63383. 62965. 62737.] t2_sim:[60939. 61827. 60447.]
Task is 64.00% complete.
t1_sim:[64935. 65757. 66042.] t2_sim:[59671. 59213. 57253.]
Task is 65.00% complete.
t1_sim:[63865. 63808. 65327.] t2_sim:[58926. 58665. 58051.]
Task is 66.00% complete.
t1_sim:[64485. 65051. 67349.] t2_sim:[61731. 59724. 56619.]
Task is 67.00% complete.
t1_sim:[63364. 64926. 65159.] t2_sim:[60515. 59751. 58586.]
Task is 68.00% complete.
t1_sim:[60607. 59481. 59668.] t2_sim:[64665. 65578. 62882.]
Task is 69.00% complete.
t1_sim:[62557. 63294. 62867.] t2_sim:[62300. 62999. 61614.]
Task is 70.00% complete.
t1_sim:[61326. 62113. 63560.] t2_sim:[64202. 63781. 61049.]
Task is 71.00% complete.
t1_sim:[64998. 63884. 64013.] t2_sim:[65130. 65001. 62287.]
Task is 72.00% complete.
t1_sim:[61037. 60681. 62608.] t2_sim:[64674. 64963. 63472.]
Task is 73.00% complete.
t1_sim:[63838. 63784. 63506.] t2_sim:[59571. 59736. 58298.]
Task is 74.00% complete.
t1_sim:[65899. 66812. 68622.] t2_sim:[64070. 63637. 62075.]
Task is 75.00% complete.
t1_sim:[56482. 56931. 57565.] t2_sim:[61999. 61341. 58771.]
Task is 76.00% complete.
t1_sim:[62001. 62739. 61958.] t2_sim:[60684. 60896. 58427.]
Task is 77.00% complete.
t1_sim:[58974. 61320. 61261.] t2_sim:[62503. 61447. 60254.]
Task is 78.00% complete.
t1_sim:[60011. 59806. 59403.] t2_sim:[63614. 63099. 60809.]
Task is 79.00% complete.
t1_sim:[69008. 68294. 67692.] t2_sim:[58278. 58185. 55912.]
Task is 80.00% complete.
t1_sim:[67397. 67912. 68374.] t2_sim:[68113. 68840. 67166.]
Task is 81.00% complete.
t1_sim:[67306. 68043. 69455.] t2_sim:[58098. 57478. 57874.]
Task is 82.00% complete.
t1_sim:[65148. 65963. 65174.] t2_sim:[65227. 65116. 64964.]
Task is 83.00% complete.
t1_sim:[64522. 63950. 63830.] t2_sim:[66031. 68004. 66925.]
Task is 84.00% complete.
t1_sim:[63414. 62527. 63247.] t2_sim:[62075. 62922. 61485.]
Task is 85.00% complete.
t1_sim:[59775. 60515. 61789.] t2_sim:[60666. 59961. 57978.]
Task is 86.00% complete.
t1_sim:[60381. 60696. 60378.] t2_sim:[63655. 62610. 61161.]
Task is 87.00% complete.
t1_sim:[63096. 63659. 63735.] t2_sim:[67055. 66948. 63976.]
Task is 88.00% complete.
t1_sim:[68174. 68402. 68279.] t2_sim:[65185. 64949. 62016.]
Task is 89.00% complete.
t1_sim:[61504. 62187. 62406.] t2_sim:[63009. 62424. 60547.]
Task is 90.00% complete.
t1_sim:[59715. 60545. 59906.] t2_sim:[64259. 64196. 62376.]
Task is 91.00% complete.
t1_sim:[63786. 62239. 62071.] t2_sim:[64196. 64577. 60853.]
Task is 92.00% complete.
t1_sim:[55686. 55433. 55439.] t2_sim:[65362. 66276. 64722.]
Task is 93.00% complete.
t1_sim:[59984. 60435. 60706.] t2_sim:[62475. 60985. 59177.]
Task is 94.00% complete.
t1_sim:[68456. 68855. 66748.] t2_sim:[61887. 61654. 61065.]
Task is 95.00% complete.
t1_sim:[59602. 60017. 59805.] t2_sim:[59888. 60617. 58456.]
Task is 96.00% complete.
t1_sim:[56117. 56479. 56962.] t2_sim:[59238. 61272. 60029.]
Task is 97.00% complete.
t1_sim:[64689. 63470. 63774.] t2_sim:[61371. 61040. 57821.]
Task is 98.00% complete.
t1_sim:[61551. 60684. 60936.] t2_sim:[61653. 61407. 60526.]
Task is 99.00% complete.
t1_sim:[63289. 63102. 61723.] t2_sim:[64803. 64015. 63335.]
Training start
t1_obs:[array(94594.), array(87432.), array(74141.)] t2_obs:[array(91264.), array(81846.), array(71912.)]
corr_G1:[None, None, 0.13206991057893686] corr_G2:[None, None, 0.08630724130331006]
Training end
Task is 0.00% complete.
t1_sim:[60477. 60699. 57792.] t2_sim:[62403. 62316. 63348.]
Task is 1.00% complete.
t1_sim:[64269. 64707. 58910.] t2_sim:[68299. 68879. 69009.]
Task is 2.00% complete.
t1_sim:[60569. 60438. 56594.] t2_sim:[52305. 52959. 52347.]
Task is 3.00% complete.
t1_sim:[57877. 56501. 54032.] t2_sim:[62993. 63435. 61358.]
Task is 4.00% complete.
t1_sim:[66488. 66011. 63369.] t2_sim:[63102. 62482. 63511.]
Task is 5.00% complete.
t1_sim:[59344. 60298. 58918.] t2_sim:[67512. 68339. 69026.]
Task is 6.00% complete.
t1_sim:[62100. 62439. 58644.] t2_sim:[63434. 64398. 63335.]
Task is 7.00% complete.
t1_sim:[66833. 67111. 63500.] t2_sim:[64027. 63284. 60758.]
Task is 8.00% complete.
t1_sim:[65263. 66109. 62629.] t2_sim:[63829. 63458. 61738.]
Task is 9.00% complete.
t1_sim:[57321. 56628. 54828.] t2_sim:[63184. 63938. 61530.]
Task is 10.00% complete.
t1_sim:[65617. 67417. 65229.] t2_sim:[58715. 57922. 57964.]
Task is 11.00% complete.
t1_sim:[60822. 60721. 57862.] t2_sim:[64459. 63353. 60857.]
Task is 12.00% complete.
t1_sim:[57376. 57301. 53714.] t2_sim:[59777. 60340. 60354.]
Task is 13.00% complete.
t1_sim:[62210. 62545. 61177.] t2_sim:[58826. 59460. 58892.]
Task is 14.00% complete.
t1_sim:[61818. 61464. 56801.] t2_sim:[64988. 64868. 64516.]
Task is 15.00% complete.
t1_sim:[62045. 60999. 57093.] t2_sim:[62314. 62265. 61894.]
Task is 16.00% complete.
t1_sim:[62308. 62953. 60136.] t2_sim:[60095. 59942. 58814.]
Task is 17.00% complete.
t1_sim:[70557. 70284. 68210.] t2_sim:[64740. 64973. 64045.]
Task is 18.00% complete.
t1_sim:[62715. 61854. 59199.] t2_sim:[66952. 66766. 65994.]
Task is 19.00% complete.
t1_sim:[59710. 59315. 57366.] t2_sim:[60915. 60821. 59246.]
Task is 20.00% complete.
t1_sim:[66485. 66017. 62822.] t2_sim:[61116. 60548. 59674.]
Task is 21.00% complete.
t1_sim:[54434. 54298. 49261.] t2_sim:[66056. 64691. 63519.]
Task is 22.00% complete.
t1_sim:[57196. 57528. 55660.] t2_sim:[61650. 62329. 62561.]
Task is 23.00% complete.
t1_sim:[64012. 63368. 60770.] t2_sim:[55577. 55516. 56904.]
Task is 24.00% complete.
t1_sim:[65057. 64682. 62264.] t2_sim:[62647. 64329. 63463.]
Task is 25.00% complete.
t1_sim:[61152. 63038. 57346.] t2_sim:[59826. 59627. 60691.]
Task is 26.00% complete.
t1_sim:[61790. 61908. 57010.] t2_sim:[60531. 60855. 60044.]
Task is 27.00% complete.
t1_sim:[64975. 65765. 59069.] t2_sim:[64877. 64357. 63815.]
Task is 28.00% complete.
t1_sim:[60964. 61345. 57753.] t2_sim:[63850. 64383. 64169.]
Task is 29.00% complete.
t1_sim:[65177. 65840. 63064.] t2_sim:[63619. 63030. 63087.]
Task is 30.00% complete.
t1_sim:[65532. 66646. 62513.] t2_sim:[61902. 62294. 62249.]
Task is 31.00% complete.
t1_sim:[61616. 62027. 60226.] t2_sim:[63233. 62557. 61561.]
Task is 32.00% complete.
t1_sim:[60804. 60094. 56795.] t2_sim:[62072. 61901. 62972.]
Task is 33.00% complete.
t1_sim:[60939. 60794. 58243.] t2_sim:[63955. 64691. 64670.]
Task is 34.00% complete.
t1_sim:[61713. 62820. 59648.] t2_sim:[68560. 67694. 66867.]
Task is 35.00% complete.
t1_sim:[63090. 63261. 61171.] t2_sim:[60438. 60411. 61028.]
Task is 36.00% complete.
t1_sim:[65597. 65844. 60849.] t2_sim:[59628. 60878. 61080.]
Task is 37.00% complete.
t1_sim:[64487. 65031. 59340.] t2_sim:[59670. 57606. 57073.]
Task is 38.00% complete.
t1_sim:[58055. 58396. 56389.] t2_sim:[65645. 66038. 65122.]
Task is 39.00% complete.
t1_sim:[58569. 58482. 56153.] t2_sim:[61511. 61651. 62055.]
Task is 40.00% complete.
t1_sim:[56860. 57014. 52275.] t2_sim:[61347. 61423. 61508.]
Task is 41.00% complete.
t1_sim:[65785. 66426. 62598.] t2_sim:[61320. 62137. 61878.]
Task is 42.00% complete.
t1_sim:[60520. 60570. 55604.] t2_sim:[63287. 64504. 64513.]
Task is 43.00% complete.
t1_sim:[65381. 65198. 62884.] t2_sim:[57844. 59118. 59857.]
Task is 44.00% complete.
t1_sim:[62451. 62023. 59479.] t2_sim:[61775. 63822. 63740.]
Task is 45.00% complete.
t1_sim:[64808. 64791. 62705.] t2_sim:[66702. 68599. 67601.]
Task is 46.00% complete.
t1_sim:[65608. 66362. 64249.] t2_sim:[68348. 66767. 67095.]
Task is 47.00% complete.
t1_sim:[59932. 59493. 55366.] t2_sim:[61374. 60071. 59280.]
Task is 48.00% complete.
t1_sim:[59265. 60402. 58097.] t2_sim:[58290. 59084. 59298.]
Task is 49.00% complete.
t1_sim:[63691. 64094. 59584.] t2_sim:[64902. 65166. 64882.]
Task is 50.00% complete.
t1_sim:[61428. 60286. 55998.] t2_sim:[63485. 62939. 61810.]
Task is 51.00% complete.
t1_sim:[61758. 61202. 57777.] t2_sim:[61501. 62287. 62648.]
Task is 52.00% complete.
t1_sim:[67991. 66147. 63103.] t2_sim:[58279. 59379. 59818.]
Task is 53.00% complete.
t1_sim:[63065. 62596. 59861.] t2_sim:[61093. 60282. 60632.]
Task is 54.00% complete.
t1_sim:[58727. 58261. 54746.] t2_sim:[63333. 64345. 63839.]
Task is 55.00% complete.
t1_sim:[62573. 63114. 60800.] t2_sim:[63622. 63780. 63510.]
Task is 56.00% complete.
t1_sim:[64787. 64426. 62379.] t2_sim:[60244. 59260. 58725.]
Task is 57.00% complete.
t1_sim:[65556. 65805. 61150.] t2_sim:[68332. 67727. 67209.]
Task is 58.00% complete.
t1_sim:[63598. 63666. 60314.] t2_sim:[64794. 64867. 63747.]
Task is 59.00% complete.
t1_sim:[66389. 65212. 62508.] t2_sim:[62279. 61930. 61121.]
Task is 60.00% complete.
t1_sim:[58879. 59390. 57370.] t2_sim:[61629. 61454. 61335.]
Task is 61.00% complete.
t1_sim:[64387. 65496. 63435.] t2_sim:[65197. 65865. 64502.]
Task is 62.00% complete.
t1_sim:[64269. 64514. 60100.] t2_sim:[64295. 64070. 62720.]
Task is 63.00% complete.
t1_sim:[62104. 63465. 58322.] t2_sim:[57434. 57600. 57553.]
Task is 64.00% complete.
t1_sim:[67628. 67439. 65575.] t2_sim:[61602. 60748. 61324.]
Task is 65.00% complete.
t1_sim:[68541. 69171. 63224.] t2_sim:[60556. 61152. 61470.]
Task is 66.00% complete.
t1_sim:[62627. 62865. 58382.] t2_sim:[66046. 66103. 65501.]
Task is 67.00% complete.
t1_sim:[60522. 59304. 55972.] t2_sim:[59540. 60069. 60129.]
Task is 68.00% complete.
t1_sim:[61587. 61208. 60112.] t2_sim:[65437. 66119. 65716.]
Task is 69.00% complete.
t1_sim:[67639. 66500. 64439.] t2_sim:[59710. 60093. 59831.]
Task is 70.00% complete.
t1_sim:[72637. 72445. 66478.] t2_sim:[61994. 62440. 62046.]
Task is 71.00% complete.
t1_sim:[58577. 56955. 52546.] t2_sim:[59040. 58683. 58194.]
Task is 72.00% complete.
t1_sim:[64278. 65215. 61333.] t2_sim:[59164. 59113. 59745.]
Task is 73.00% complete.
t1_sim:[61793. 61745. 58125.] t2_sim:[57838. 58634. 58847.]
Task is 74.00% complete.
t1_sim:[63383. 63996. 60791.] t2_sim:[67101. 65971. 65108.]
Task is 75.00% complete.
t1_sim:[71245. 70512. 68718.] t2_sim:[61344. 62487. 62973.]
Task is 76.00% complete.
t1_sim:[59961. 60902. 57595.] t2_sim:[60965. 60421. 61311.]
Task is 77.00% complete.
t1_sim:[64932. 65156. 59793.] t2_sim:[62665. 62744. 63587.]
Task is 78.00% complete.
t1_sim:[65437. 65044. 59886.] t2_sim:[61258. 61992. 61021.]
Task is 79.00% complete.
t1_sim:[64238. 63361. 59166.] t2_sim:[62227. 61306. 60312.]
Task is 80.00% complete.
t1_sim:[68800. 67585. 64414.] t2_sim:[58784. 59393. 57732.]
Task is 81.00% complete.
t1_sim:[62392. 63085. 57846.] t2_sim:[69004. 69521. 68122.]
Task is 82.00% complete.
t1_sim:[68813. 68250. 64581.] t2_sim:[68777. 68582. 69739.]
Task is 83.00% complete.
t1_sim:[61791. 61558. 57994.] t2_sim:[65850. 66467. 65808.]
Task is 84.00% complete.
t1_sim:[62871. 62699. 59874.] t2_sim:[60335. 61582. 61478.]
Task is 85.00% complete.
t1_sim:[64063. 63648. 61126.] t2_sim:[63458. 64117. 63703.]
Task is 86.00% complete.
t1_sim:[63530. 63043. 59505.] t2_sim:[60241. 61225. 59637.]
Task is 87.00% complete.
t1_sim:[68094. 67943. 64960.] t2_sim:[66280. 65976. 66109.]
Task is 88.00% complete.
t1_sim:[64273. 63818. 60760.] t2_sim:[61868. 62791. 60860.]
Task is 89.00% complete.
t1_sim:[58738. 56984. 52863.] t2_sim:[57045. 57660. 57354.]
Task is 90.00% complete.
t1_sim:[61433. 61084. 55084.] t2_sim:[53204. 52398. 52879.]
Task is 91.00% complete.
t1_sim:[61425. 61189. 57832.] t2_sim:[62488. 62664. 60987.]
Task is 92.00% complete.
t1_sim:[63675. 63427. 61642.] t2_sim:[62605. 60933. 59039.]
Task is 93.00% complete.
t1_sim:[55827. 54961. 51581.] t2_sim:[69742. 68262. 67991.]
Task is 94.00% complete.
t1_sim:[57395. 58029. 54757.] t2_sim:[62071. 62905. 61891.]
Task is 95.00% complete.
t1_sim:[62819. 62488. 60339.] t2_sim:[62539. 62421. 61531.]
Task is 96.00% complete.
t1_sim:[61119. 60092. 54908.] t2_sim:[68621. 68604. 68427.]
Task is 97.00% complete.
t1_sim:[60750. 60316. 57614.] t2_sim:[65354. 64703. 62944.]
Task is 98.00% complete.
t1_sim:[60197. 60603. 57505.] t2_sim:[64705. 64126. 62972.]
Task is 99.00% complete.
t1_sim:[67323. 67687. 63320.] t2_sim:[58527. 58735. 56765.]
Finished
