Training start
t1_obs:[array(233003.), array(231690.), array(230367.)] t2_obs:[array(256213.), array(256545.), array(258965.)]
corr_G1:[1.0923687422034585e-17, 0, 2.1980397594636763e-17] corr_G2:[1.2830570316928568e-16, 0, 1.3874976687959556e-17]
Training end
Number of jobs: 48
/scratch/jz4721/Post-prediction-Causal-Inference/venv/lib/python3.8/site-packages/numpy/core/getlimits.py:518: UserWarning: The value of the smallest subnormal for <class 'numpy.float64'> type is zero.
  setattr(self, word, getattr(machar, word).flat[0])
/scratch/jz4721/Post-prediction-Causal-Inference/venv/lib/python3.8/site-packages/numpy/core/getlimits.py:89: UserWarning: The value of the smallest subnormal for <class 'numpy.float64'> type is zero.
  return self._float_to_str(self.smallest_subnormal)
/scratch/jz4721/Post-prediction-Causal-Inference/venv/lib/python3.8/site-packages/numpy/core/getlimits.py:518: UserWarning: The value of the smallest subnormal for <class 'numpy.float32'> type is zero.
  setattr(self, word, getattr(machar, word).flat[0])
/scratch/jz4721/Post-prediction-Causal-Inference/venv/lib/python3.8/site-packages/numpy/core/getlimits.py:89: UserWarning: The value of the smallest subnormal for <class 'numpy.float32'> type is zero.
  return self._float_to_str(self.smallest_subnormal)
t1_sim:[257534. 256252. 259638.] t2_sim:[246959. 247125. 246125.]
Task is 0.00% complete.
t1_sim:[253231. 254671. 266522.] t2_sim:[246501. 246592. 246454.]
Task is 48.08% complete.
t1_sim:[254849. 255772. 260248.] t2_sim:[261877. 261815. 259735.]
Task is 96.15% complete.
t1_sim:[257534. 256252. 259638.] t2_sim:[246959. 247125. 246125.]
Task is 0.00% complete.
t1_sim:[253231. 254671. 266522.] t2_sim:[246501. 246592. 246454.]
Task is 48.08% complete.
t1_sim:[254849. 255772. 260248.] t2_sim:[261877. 261815. 259735.]
Task is 96.15% complete.
t1_sim:[257534. 256252. 259638.] t2_sim:[246959. 247125. 246125.]
Task is 0.00% complete.
t1_sim:[253231. 254671. 266522.] t2_sim:[246501. 246592. 246454.]
Task is 48.08% complete.
t1_sim:[254849. 255772. 260248.] t2_sim:[261877. 261815. 259735.]
Task is 96.15% complete.
t1_sim:[257534. 256252. 259638.] t2_sim:[246959. 247125. 246125.]
Task is 0.00% complete.
t1_sim:[253231. 254671. 266522.] t2_sim:[246501. 246592. 246454.]
Task is 48.08% complete.
t1_sim:[254849. 255772. 260248.] t2_sim:[261877. 261815. 259735.]
Task is 96.15% complete.
t1_sim:[257534. 256252. 259638.] t2_sim:[246959. 247125. 246125.]
Task is 0.00% complete.
t1_sim:[253231. 254671. 266522.] t2_sim:[246501. 246592. 246454.]
Task is 48.08% complete.
t1_sim:[254849. 255772. 260248.] t2_sim:[261877. 261815. 259735.]
Task is 96.15% complete.
t1_sim:[257534. 256252. 259638.] t2_sim:[246959. 247125. 246125.]
Task is 0.00% complete.
t1_sim:[253231. 254671. 266522.] t2_sim:[246501. 246592. 246454.]
Task is 48.08% complete.
t1_sim:[254849. 255772. 260248.] t2_sim:[261877. 261815. 259735.]
Task is 96.15% complete.
t1_sim:[257534. 256252. 259638.] t2_sim:[246959. 247125. 246125.]
Task is 0.00% complete.
t1_sim:[253231. 254671. 266522.] t2_sim:[246501. 246592. 246454.]
Task is 48.08% complete.
t1_sim:[254849. 255772. 260248.] t2_sim:[261877. 261815. 259735.]
Task is 96.15% complete.
t1_sim:[257534. 256252. 259638.] t2_sim:[246959. 247125. 246125.]
Task is 0.00% complete.
t1_sim:[253231. 254671. 266522.] t2_sim:[246501. 246592. 246454.]
Task is 48.08% complete.
t1_sim:[254849. 255772. 260248.] t2_sim:[261877. 261815. 259735.]
Task is 96.15% complete.
t1_sim:[257534. 256252. 259638.] t2_sim:[246959. 247125. 246125.]
Task is 0.00% complete.
t1_sim:[253231. 254671. 266522.] t2_sim:[246501. 246592. 246454.]
Task is 48.08% complete.
t1_sim:[254849. 255772. 260248.] t2_sim:[261877. 261815. 259735.]
Task is 96.15% complete.
t1_sim:[257534. 256252. 259638.] t2_sim:[246959. 247125. 246125.]
Task is 0.00% complete.
t1_sim:[253231. 254671. 266522.] t2_sim:[246501. 246592. 246454.]
Task is 48.08% complete.
t1_sim:[254849. 255772. 260248.] t2_sim:[261877. 261815. 259735.]
Task is 96.15% complete.
t1_sim:[257534. 256252. 259638.] t2_sim:[246959. 247125. 246125.]
Task is 0.00% complete.
t1_sim:[253231. 254671. 266522.] t2_sim:[246501. 246592. 246454.]
Task is 48.08% complete.
t1_sim:[254849. 255772. 260248.] t2_sim:[261877. 261815. 259735.]
Task is 96.15% complete.
t1_sim:[257534. 256252. 259638.] t2_sim:[246959. 247125. 246125.]
Task is 0.00% complete.
t1_sim:[253231. 254671. 266522.] t2_sim:[246501. 246592. 246454.]
Task is 48.08% complete.
t1_sim:[254849. 255772. 260248.] t2_sim:[261877. 261815. 259735.]
Task is 96.15% complete.
t1_sim:[257534. 256252. 259638.] t2_sim:[246959. 247125. 246125.]
Task is 0.00% complete.
t1_sim:[253231. 254671. 266522.] t2_sim:[246501. 246592. 246454.]
Task is 48.08% complete.
t1_sim:[254849. 255772. 260248.] t2_sim:[261877. 261815. 259735.]
Task is 96.15% complete.
t1_sim:[257534. 256252. 259638.] t2_sim:[246959. 247125. 246125.]
Task is 0.00% complete.
t1_sim:[253231. 254671. 266522.] t2_sim:[246501. 246592. 246454.]
Task is 48.08% complete.
t1_sim:[254849. 255772. 260248.] t2_sim:[261877. 261815. 259735.]
Task is 96.15% complete.
t1_sim:[257534. 256252. 259638.] t2_sim:[246959. 247125. 246125.]
Task is 0.00% complete.
t1_sim:[253231. 254671. 266522.] t2_sim:[246501. 246592. 246454.]
Task is 48.08% complete.
t1_sim:[254849. 255772. 260248.] t2_sim:[261877. 261815. 259735.]
Task is 96.15% complete.
t1_sim:[257534. 256252. 259638.] t2_sim:[246959. 247125. 246125.]
Task is 0.00% complete.
t1_sim:[253231. 254671. 266522.] t2_sim:[246501. 246592. 246454.]
Task is 48.08% complete.
t1_sim:[254849. 255772. 260248.] t2_sim:[261877. 261815. 259735.]
Task is 96.15% complete.
t1_sim:[257534. 256252. 259638.] t2_sim:[246959. 247125. 246125.]
Task is 0.00% complete.
t1_sim:[253231. 254671. 266522.] t2_sim:[246501. 246592. 246454.]
Task is 48.08% complete.
t1_sim:[254849. 255772. 260248.] t2_sim:[261877. 261815. 259735.]
Task is 96.15% complete.
t1_sim:[257534. 256252. 259638.] t2_sim:[246959. 247125. 246125.]
Task is 0.00% complete.
t1_sim:[253231. 254671. 266522.] t2_sim:[246501. 246592. 246454.]
Task is 48.08% complete.
t1_sim:[254849. 255772. 260248.] t2_sim:[261877. 261815. 259735.]
Task is 96.15% complete.
t1_sim:[257534. 256252. 259638.] t2_sim:[246959. 247125. 246125.]
Task is 0.00% complete.
t1_sim:[253231. 254671. 266522.] t2_sim:[246501. 246592. 246454.]
Task is 48.08% complete.
t1_sim:[254849. 255772. 260248.] t2_sim:[261877. 261815. 259735.]
Task is 96.15% complete.
t1_sim:[257534. 256252. 259638.] t2_sim:[246959. 247125. 246125.]
Task is 0.00% complete.
t1_sim:[253231. 254671. 266522.] t2_sim:[246501. 246592. 246454.]
Task is 48.08% complete.
t1_sim:[254849. 255772. 260248.] t2_sim:[261877. 261815. 259735.]
Task is 96.15% complete.
t1_sim:[257534. 256252. 259638.] t2_sim:[246959. 247125. 246125.]
Task is 0.00% complete.
t1_sim:[253231. 254671. 266522.] t2_sim:[246501. 246592. 246454.]
Task is 48.08% complete.
t1_sim:[254849. 255772. 260248.] t2_sim:[261877. 261815. 259735.]
Task is 96.15% complete.
t1_sim:[257534. 256252. 259638.] t2_sim:[246959. 247125. 246125.]
Task is 0.00% complete.
t1_sim:[253231. 254671. 266522.] t2_sim:[246501. 246592. 246454.]
Task is 48.08% complete.
t1_sim:[254849. 255772. 260248.] t2_sim:[261877. 261815. 259735.]
Task is 96.15% complete.
t1_sim:[257534. 256252. 259638.] t2_sim:[246959. 247125. 246125.]
Task is 0.00% complete.
t1_sim:[253231. 254671. 266522.] t2_sim:[246501. 246592. 246454.]
Task is 48.08% complete.
t1_sim:[254849. 255772. 260248.] t2_sim:[261877. 261815. 259735.]
Task is 96.15% complete.
t1_sim:[257534. 256252. 259638.] t2_sim:[246959. 247125. 246125.]
Task is 0.00% complete.
t1_sim:[253231. 254671. 266522.] t2_sim:[246501. 246592. 246454.]
Task is 48.08% complete.
t1_sim:[254849. 255772. 260248.] t2_sim:[261877. 261815. 259735.]
Task is 96.15% complete.
t1_sim:[257534. 256252. 259638.] t2_sim:[246959. 247125. 246125.]
Task is 0.00% complete.
t1_sim:[253231. 254671. 266522.] t2_sim:[246501. 246592. 246454.]
Task is 48.08% complete.
t1_sim:[254849. 255772. 260248.] t2_sim:[261877. 261815. 259735.]
Task is 96.15% complete.
t1_sim:[257534. 256252. 259638.] t2_sim:[246959. 247125. 246125.]
Task is 0.00% complete.
t1_sim:[253231. 254671. 266522.] t2_sim:[246501. 246592. 246454.]
Task is 48.08% complete.
t1_sim:[254849. 255772. 260248.] t2_sim:[261877. 261815. 259735.]
Task is 96.15% complete.
t1_sim:[257534. 256252. 259638.] t2_sim:[246959. 247125. 246125.]
Task is 0.00% complete.
t1_sim:[253231. 254671. 266522.] t2_sim:[246501. 246592. 246454.]
Task is 48.08% complete.
t1_sim:[254849. 255772. 260248.] t2_sim:[261877. 261815. 259735.]
Task is 96.15% complete.
t1_sim:[257534. 256252. 259638.] t2_sim:[246959. 247125. 246125.]
Task is 0.00% complete.
t1_sim:[253231. 254671. 266522.] t2_sim:[246501. 246592. 246454.]
Task is 48.08% complete.
t1_sim:[254849. 255772. 260248.] t2_sim:[261877. 261815. 259735.]
Task is 96.15% complete.
t1_sim:[257534. 256252. 259638.] t2_sim:[246959. 247125. 246125.]
Task is 0.00% complete.
t1_sim:[253231. 254671. 266522.] t2_sim:[246501. 246592. 246454.]
Task is 48.08% complete.
t1_sim:[254849. 255772. 260248.] t2_sim:[261877. 261815. 259735.]
Task is 96.15% complete.
t1_sim:[257534. 256252. 259638.] t2_sim:[246959. 247125. 246125.]
Task is 0.00% complete.
t1_sim:[253231. 254671. 266522.] t2_sim:[246501. 246592. 246454.]
Task is 48.08% complete.
t1_sim:[254849. 255772. 260248.] t2_sim:[261877. 261815. 259735.]
Task is 96.15% complete.
t1_sim:[257534. 256252. 259638.] t2_sim:[246959. 247125. 246125.]
Task is 0.00% complete.
t1_sim:[253231. 254671. 266522.] t2_sim:[246501. 246592. 246454.]
Task is 48.08% complete.
t1_sim:[254849. 255772. 260248.] t2_sim:[261877. 261815. 259735.]
Task is 96.15% complete.
t1_sim:[257534. 256252. 259638.] t2_sim:[246959. 247125. 246125.]
Task is 0.00% complete.
t1_sim:[253231. 254671. 266522.] t2_sim:[246501. 246592. 246454.]
Task is 48.08% complete.
t1_sim:[254849. 255772. 260248.] t2_sim:[261877. 261815. 259735.]
Task is 96.15% complete.
t1_sim:[257534. 256252. 259638.] t2_sim:[246959. 247125. 246125.]
Task is 0.00% complete.
t1_sim:[253231. 254671. 266522.] t2_sim:[246501. 246592. 246454.]
Task is 48.08% complete.
t1_sim:[254849. 255772. 260248.] t2_sim:[261877. 261815. 259735.]
Task is 96.15% complete.
t1_sim:[257534. 256252. 259638.] t2_sim:[246959. 247125. 246125.]
Task is 0.00% complete.
t1_sim:[253231. 254671. 266522.] t2_sim:[246501. 246592. 246454.]
Task is 48.08% complete.
t1_sim:[254849. 255772. 260248.] t2_sim:[261877. 261815. 259735.]
Task is 96.15% complete.
t1_sim:[257534. 256252. 259638.] t2_sim:[246959. 247125. 246125.]
Task is 0.00% complete.
t1_sim:[253231. 254671. 266522.] t2_sim:[246501. 246592. 246454.]
Task is 48.08% complete.
t1_sim:[254849. 255772. 260248.] t2_sim:[261877. 261815. 259735.]
Task is 96.15% complete.
t1_sim:[257534. 256252. 259638.] t2_sim:[246959. 247125. 246125.]
Task is 0.00% complete.
t1_sim:[253231. 254671. 266522.] t2_sim:[246501. 246592. 246454.]
Task is 48.08% complete.
t1_sim:[254849. 255772. 260248.] t2_sim:[261877. 261815. 259735.]
Task is 96.15% complete.
t1_sim:[257534. 256252. 259638.] t2_sim:[246959. 247125. 246125.]
Task is 0.00% complete.
t1_sim:[253231. 254671. 266522.] t2_sim:[246501. 246592. 246454.]
Task is 48.08% complete.
t1_sim:[254849. 255772. 260248.] t2_sim:[261877. 261815. 259735.]
Task is 96.15% complete.
t1_sim:[257534. 256252. 259638.] t2_sim:[246959. 247125. 246125.]
Task is 0.00% complete.
t1_sim:[253231. 254671. 266522.] t2_sim:[246501. 246592. 246454.]
Task is 48.08% complete.
t1_sim:[254849. 255772. 260248.] t2_sim:[261877. 261815. 259735.]
Task is 96.15% complete.
t1_sim:[257534. 256252. 259638.] t2_sim:[246959. 247125. 246125.]
Task is 0.00% complete.
t1_sim:[253231. 254671. 266522.] t2_sim:[246501. 246592. 246454.]
Task is 48.08% complete.
t1_sim:[254849. 255772. 260248.] t2_sim:[261877. 261815. 259735.]
Task is 96.15% complete.
t1_sim:[257534. 256252. 259638.] t2_sim:[246959. 247125. 246125.]
Task is 0.00% complete.
t1_sim:[253231. 254671. 266522.] t2_sim:[246501. 246592. 246454.]
Task is 48.08% complete.
t1_sim:[254849. 255772. 260248.] t2_sim:[261877. 261815. 259735.]
Task is 96.15% complete.
t1_sim:[257534. 256252. 259638.] t2_sim:[246959. 247125. 246125.]
Task is 0.00% complete.
t1_sim:[253231. 254671. 266522.] t2_sim:[246501. 246592. 246454.]
Task is 48.08% complete.
t1_sim:[254849. 255772. 260248.] t2_sim:[261877. 261815. 259735.]
Task is 96.15% complete.
t1_sim:[257534. 256252. 259638.] t2_sim:[246959. 247125. 246125.]
Task is 0.00% complete.
t1_sim:[253231. 254671. 266522.] t2_sim:[246501. 246592. 246454.]
Task is 48.08% complete.
t1_sim:[254849. 255772. 260248.] t2_sim:[261877. 261815. 259735.]
Task is 96.15% complete.
t1_sim:[257534. 256252. 259638.] t2_sim:[246959. 247125. 246125.]
Task is 0.00% complete.
t1_sim:[253231. 254671. 266522.] t2_sim:[246501. 246592. 246454.]
Task is 48.08% complete.
t1_sim:[254849. 255772. 260248.] t2_sim:[261877. 261815. 259735.]
Task is 96.15% complete.
t1_sim:[257534. 256252. 259638.] t2_sim:[246959. 247125. 246125.]
Task is 0.00% complete.
t1_sim:[253231. 254671. 266522.] t2_sim:[246501. 246592. 246454.]
Task is 48.08% complete.
t1_sim:[254849. 255772. 260248.] t2_sim:[261877. 261815. 259735.]
Task is 96.15% complete.
t1_sim:[257534. 256252. 259638.] t2_sim:[246959. 247125. 246125.]
Task is 0.00% complete.
t1_sim:[253231. 254671. 266522.] t2_sim:[246501. 246592. 246454.]
Task is 48.08% complete.
t1_sim:[254849. 255772. 260248.] t2_sim:[261877. 261815. 259735.]
Task is 96.15% complete.
t1_sim:[257534. 256252. 259638.] t2_sim:[246959. 247125. 246125.]
Task is 0.00% complete.
t1_sim:[253231. 254671. 266522.] t2_sim:[246501. 246592. 246454.]
Task is 48.08% complete.
t1_sim:[254849. 255772. 260248.] t2_sim:[261877. 261815. 259735.]
Task is 96.15% complete.
t1_sim:[257534. 256252. 259638.] t2_sim:[246959. 247125. 246125.]
Task is 0.00% complete.
t1_sim:[253231. 254671. 266522.] t2_sim:[246501. 246592. 246454.]
Task is 48.08% complete.
t1_sim:[254849. 255772. 260248.] t2_sim:[261877. 261815. 259735.]
Task is 96.15% complete.
t1_sim:[257534. 256252. 259638.] t2_sim:[246959. 247125. 246125.]
Task is 0.00% complete.
t1_sim:[253231. 254671. 266522.] t2_sim:[246501. 246592. 246454.]
Task is 48.08% complete.
t1_sim:[254849. 255772. 260248.] t2_sim:[261877. 261815. 259735.]
Task is 96.15% complete.
Training start
t1_obs:[array(233664.), array(232720.), array(230843.)] t2_obs:[array(259651.), array(258177.), array(255745.)]
corr_G1:[0.7358979750174072, 0.37344050383603955, -0.3692907914233646] corr_G2:[0.7516296650491089, 0.7334878046820978, -0.48396238777811196]
Training end
Number of jobs: 48
/scratch/jz4721/Post-prediction-Causal-Inference/venv/lib/python3.8/site-packages/sklearn/impute/_iterative.py:785: ConvergenceWarning: [IterativeImputer] Early stopping criterion not reached.
  warnings.warn(
/scratch/jz4721/Post-prediction-Causal-Inference/venv/lib/python3.8/site-packages/sklearn/impute/_iterative.py:785: ConvergenceWarning: [IterativeImputer] Early stopping criterion not reached.
  warnings.warn(
slurmstepd: error: *** JOB 32421642 ON cs248 CANCELLED AT 2023-04-16T22:52:26 ***
