/scratch/jz4721/Post-prediction-Causal-Inference/venv/lib/python3.8/site-packages/numpy/core/getlimits.py:518: UserWarning: The value of the smallest subnormal for <class 'numpy.float64'> type is zero.
  setattr(self, word, getattr(machar, word).flat[0])
/scratch/jz4721/Post-prediction-Causal-Inference/venv/lib/python3.8/site-packages/numpy/core/getlimits.py:89: UserWarning: The value of the smallest subnormal for <class 'numpy.float64'> type is zero.
  return self._float_to_str(self.smallest_subnormal)
/scratch/jz4721/Post-prediction-Causal-Inference/venv/lib/python3.8/site-packages/numpy/core/getlimits.py:518: UserWarning: The value of the smallest subnormal for <class 'numpy.float32'> type is zero.
  setattr(self, word, getattr(machar, word).flat[0])
/scratch/jz4721/Post-prediction-Causal-Inference/venv/lib/python3.8/site-packages/numpy/core/getlimits.py:89: UserWarning: The value of the smallest subnormal for <class 'numpy.float32'> type is zero.
  return self._float_to_str(self.smallest_subnormal)
Training start
t1_obs:[array(61363.), array(61374.), array(61295.)] t2_obs:[array(64017.), array(64022.), array(64082.)]
corr_G1:[None, None, 2.9872188413544688e-18] corr_G2:[None, None, 0]
Training end
Task is 0.00% complete.
t1_sim:[64087. 63873. 63602.] t2_sim:[65954. 65702. 66464.]
Task is 1.00% complete.
t1_sim:[68828. 68885. 64250.] t2_sim:[64730. 64832. 66482.]
Task is 2.00% complete.
t1_sim:[61872. 62019. 62422.] t2_sim:[62106. 62269. 60009.]
Task is 3.00% complete.
t1_sim:[67219. 67571. 66172.] t2_sim:[64797. 64813. 65427.]
Task is 4.00% complete.
t1_sim:[60909. 60835. 61997.] t2_sim:[66402. 66626. 67581.]
Task is 5.00% complete.
t1_sim:[60659. 60512. 64988.] t2_sim:[60585. 60614. 64179.]
Task is 6.00% complete.
t1_sim:[64292. 64363. 63252.] t2_sim:[65950. 65620. 67822.]
Task is 7.00% complete.
t1_sim:[65883. 65422. 65447.] t2_sim:[61572. 61265. 61418.]
Task is 8.00% complete.
t1_sim:[66035. 65966. 62748.] t2_sim:[59234. 58610. 58627.]
Task is 9.00% complete.
t1_sim:[62104. 62016. 64147.] t2_sim:[66764. 66451. 61957.]
Task is 10.00% complete.
t1_sim:[63289. 63193. 63397.] t2_sim:[58481. 58223. 59908.]
Task is 11.00% complete.
t1_sim:[59874. 60125. 60751.] t2_sim:[61758. 61701. 64632.]
Task is 12.00% complete.
t1_sim:[63268. 63038. 61214.] t2_sim:[64658. 64928. 65345.]
Task is 13.00% complete.
t1_sim:[63894. 64273. 62973.] t2_sim:[60196. 60014. 56686.]
Task is 14.00% complete.
t1_sim:[66482. 67006. 64010.] t2_sim:[63891. 64540. 61821.]
Task is 15.00% complete.
t1_sim:[61022. 60951. 61990.] t2_sim:[65723. 65911. 63483.]
Task is 16.00% complete.
t1_sim:[59001. 59046. 58016.] t2_sim:[71530. 71739. 70868.]
Task is 17.00% complete.
t1_sim:[65486. 65699. 63331.] t2_sim:[59420. 59300. 61407.]
Task is 18.00% complete.
t1_sim:[64576. 64861. 66926.] t2_sim:[66040. 66256. 60491.]
Task is 19.00% complete.
t1_sim:[57573. 57619. 58908.] t2_sim:[62472. 62495. 60374.]
Task is 20.00% complete.
t1_sim:[64579. 65048. 64190.] t2_sim:[58500. 58705. 56083.]
Task is 21.00% complete.
t1_sim:[64125. 64344. 64479.] t2_sim:[60416. 60403. 60120.]
Task is 22.00% complete.
t1_sim:[61276. 61078. 56674.] t2_sim:[63137. 63431. 60289.]
Task is 23.00% complete.
t1_sim:[63007. 62649. 58890.] t2_sim:[66348. 66599. 63128.]
Task is 24.00% complete.
t1_sim:[65599. 65614. 63030.] t2_sim:[60095. 60070. 61692.]
Task is 25.00% complete.
t1_sim:[68534. 68283. 64798.] t2_sim:[63453. 63353. 61323.]
Task is 26.00% complete.
t1_sim:[59808. 59637. 62367.] t2_sim:[62859. 62928. 67099.]
Task is 27.00% complete.
t1_sim:[59968. 60157. 63139.] t2_sim:[58343. 58468. 61461.]
Task is 28.00% complete.
t1_sim:[57331. 57369. 57799.] t2_sim:[69159. 69036. 65377.]
Task is 29.00% complete.
t1_sim:[67695. 67747. 64406.] t2_sim:[62638. 62538. 63314.]
Task is 30.00% complete.
t1_sim:[61654. 61772. 63336.] t2_sim:[62481. 62752. 63248.]
Task is 31.00% complete.
t1_sim:[60291. 60149. 59811.] t2_sim:[57535. 58065. 56657.]
Task is 32.00% complete.
t1_sim:[60633. 60162. 59871.] t2_sim:[66276. 66203. 70953.]
Task is 33.00% complete.
t1_sim:[65675. 65934. 64174.] t2_sim:[67622. 67703. 66835.]
Task is 34.00% complete.
t1_sim:[56389. 56585. 59390.] t2_sim:[61079. 61092. 66587.]
Task is 35.00% complete.
t1_sim:[62122. 62286. 61975.] t2_sim:[64440. 64724. 64386.]
Task is 36.00% complete.
t1_sim:[63155. 62651. 58242.] t2_sim:[61436. 61565. 59927.]
Task is 37.00% complete.
t1_sim:[57164. 57410. 57528.] t2_sim:[59148. 58733. 60556.]
Task is 38.00% complete.
t1_sim:[69291. 69114. 69554.] t2_sim:[59155. 58749. 57716.]
Task is 39.00% complete.
t1_sim:[63870. 63918. 63996.] t2_sim:[60243. 59920. 63080.]
Task is 40.00% complete.
t1_sim:[64979. 65131. 66478.] t2_sim:[63406. 63342. 63939.]
Task is 41.00% complete.
t1_sim:[54812. 55011. 57347.] t2_sim:[61056. 61040. 61839.]
Task is 42.00% complete.
t1_sim:[60663. 60540. 60735.] t2_sim:[58991. 58894. 59135.]
Task is 43.00% complete.
t1_sim:[63600. 64032. 63567.] t2_sim:[66132. 65992. 67655.]
Task is 44.00% complete.
t1_sim:[57102. 57462. 55905.] t2_sim:[67468. 67316. 65626.]
Task is 45.00% complete.
t1_sim:[61702. 61241. 58298.] t2_sim:[66913. 67199. 66168.]
Task is 46.00% complete.
t1_sim:[66277. 66072. 64591.] t2_sim:[61621. 61809. 60918.]
Task is 47.00% complete.
t1_sim:[60604. 60610. 56361.] t2_sim:[61110. 61455. 62499.]
Task is 48.00% complete.
t1_sim:[61542. 61358. 60343.] t2_sim:[65428. 65463. 63288.]
Task is 49.00% complete.
t1_sim:[69568. 69614. 68921.] t2_sim:[65469. 65570. 65493.]
Task is 50.00% complete.
t1_sim:[64181. 64197. 62060.] t2_sim:[62392. 62503. 64281.]
Task is 51.00% complete.
t1_sim:[69132. 69187. 67993.] t2_sim:[57801. 58070. 58911.]
Task is 52.00% complete.
t1_sim:[64060. 64208. 60132.] t2_sim:[65608. 65709. 64964.]
Task is 53.00% complete.
t1_sim:[63778. 63980. 59930.] t2_sim:[64355. 64047. 60755.]
Task is 54.00% complete.
t1_sim:[62158. 62025. 62685.] t2_sim:[60433. 60776. 61920.]
Task is 55.00% complete.
t1_sim:[60162. 60104. 57705.] t2_sim:[65471. 65624. 62811.]
Task is 56.00% complete.
t1_sim:[63773. 64036. 63019.] t2_sim:[61156. 61031. 61696.]
Task is 57.00% complete.
t1_sim:[59437. 59437. 60978.] t2_sim:[64663. 64650. 65972.]
Task is 58.00% complete.
t1_sim:[61492. 61401. 63739.] t2_sim:[62531. 62436. 63127.]
Task is 59.00% complete.
t1_sim:[59252. 59449. 58483.] t2_sim:[62720. 62894. 65495.]
Task is 60.00% complete.
t1_sim:[62265. 62509. 63343.] t2_sim:[60704. 60858. 59085.]
Task is 61.00% complete.
t1_sim:[62337. 62187. 61022.] t2_sim:[62719. 62967. 61208.]
Task is 62.00% complete.
t1_sim:[62946. 62601. 60090.] t2_sim:[58400. 58460. 61686.]
Task is 63.00% complete.
t1_sim:[66517. 66621. 64721.] t2_sim:[55272. 55032. 56880.]
Task is 64.00% complete.
t1_sim:[67718. 67310. 61626.] t2_sim:[64548. 64787. 66764.]
Task is 65.00% complete.
t1_sim:[67927. 67882. 68479.] t2_sim:[64413. 64307. 63240.]
Task is 66.00% complete.
t1_sim:[61836. 62083. 63182.] t2_sim:[68856. 68639. 68403.]
Task is 67.00% complete.
t1_sim:[62670. 62644. 61156.] t2_sim:[64458. 64399. 60890.]
Task is 68.00% complete.
t1_sim:[65033. 65515. 63495.] t2_sim:[65933. 65725. 62283.]
Task is 69.00% complete.
t1_sim:[57705. 57429. 59955.] t2_sim:[64124. 63681. 65145.]
Task is 70.00% complete.
t1_sim:[63064. 62875. 60722.] t2_sim:[54779. 54960. 60705.]
Task is 71.00% complete.
t1_sim:[63963. 63713. 65194.] t2_sim:[60629. 60775. 62514.]
Task is 72.00% complete.
t1_sim:[56843. 56781. 57293.] t2_sim:[60138. 60382. 59321.]
Task is 73.00% complete.
t1_sim:[64120. 64053. 63995.] t2_sim:[58862. 58820. 60362.]
Task is 74.00% complete.
t1_sim:[61097. 61259. 65595.] t2_sim:[66672. 66528. 67622.]
Task is 75.00% complete.
t1_sim:[67252. 67076. 65524.] t2_sim:[63101. 63029. 61479.]
Task is 76.00% complete.
t1_sim:[58137. 58555. 62410.] t2_sim:[61630. 61853. 60965.]
Task is 77.00% complete.
t1_sim:[65021. 64907. 62733.] t2_sim:[65977. 66085. 62933.]
Task is 78.00% complete.
t1_sim:[64830. 64833. 64813.] t2_sim:[67379. 67642. 67065.]
Task is 79.00% complete.
t1_sim:[57898. 57887. 57781.] t2_sim:[63784. 63783. 64766.]
Task is 80.00% complete.
t1_sim:[61567. 61639. 62500.] t2_sim:[70917. 70921. 68645.]
Task is 81.00% complete.
t1_sim:[62735. 62296. 61423.] t2_sim:[60440. 60324. 59155.]
Task is 82.00% complete.
t1_sim:[62883. 62592. 61320.] t2_sim:[61097. 61253. 59963.]
Task is 83.00% complete.
t1_sim:[66008. 65753. 63262.] t2_sim:[63859. 63876. 62641.]
Task is 84.00% complete.
t1_sim:[68186. 68251. 63068.] t2_sim:[63196. 63025. 63970.]
Task is 85.00% complete.
t1_sim:[65329. 65372. 65860.] t2_sim:[68483. 68767. 65999.]
Task is 86.00% complete.
t1_sim:[67623. 67543. 69089.] t2_sim:[61901. 61851. 56670.]
Task is 87.00% complete.
t1_sim:[62270. 62394. 65728.] t2_sim:[66619. 66539. 63938.]
Task is 88.00% complete.
t1_sim:[63775. 63945. 62781.] t2_sim:[61040. 60668. 66315.]
Task is 89.00% complete.
t1_sim:[64916. 65221. 64077.] t2_sim:[59541. 59482. 59249.]
Task is 90.00% complete.
t1_sim:[60617. 60665. 63273.] t2_sim:[57604. 57374. 58398.]
Task is 91.00% complete.
t1_sim:[61917. 62117. 61549.] t2_sim:[64114. 63660. 64236.]
Task is 92.00% complete.
t1_sim:[60287. 59967. 62646.] t2_sim:[68659. 68700. 69544.]
Task is 93.00% complete.
t1_sim:[59082. 59494. 62416.] t2_sim:[65989. 65773. 62236.]
Task is 94.00% complete.
t1_sim:[62837. 62659. 62091.] t2_sim:[60641. 60554. 63348.]
Task is 95.00% complete.
t1_sim:[63584. 63750. 66242.] t2_sim:[61488. 61393. 63581.]
Task is 96.00% complete.
t1_sim:[58194. 58761. 57949.] t2_sim:[65013. 65233. 67109.]
Task is 97.00% complete.
t1_sim:[59868. 59502. 61582.] t2_sim:[59046. 58228. 58125.]
Task is 98.00% complete.
t1_sim:[62650. 62576. 60792.] t2_sim:[63720. 63541. 62790.]
Task is 99.00% complete.
t1_sim:[62077. 62171. 61757.] t2_sim:[55258. 55102. 57880.]
Training start
t1_obs:[array(61363.), array(61374.), array(61647.)] t2_obs:[array(64017.), array(64022.), array(64943.)]
corr_G1:[None, None, 0.9866784768452777] corr_G2:[None, None, 0.9782955478246169]
Training end
Task is 0.00% complete.
t1_sim:[59572. 59515. 60364.] t2_sim:[64985. 64837. 64716.]
Task is 1.00% complete.
t1_sim:[61814. 61631. 63206.] t2_sim:[60895. 60930. 61514.]
Task is 2.00% complete.
t1_sim:[60561. 60704. 62043.] t2_sim:[57460. 57253. 60334.]
Task is 3.00% complete.
t1_sim:[59999. 59847. 60988.] t2_sim:[63132. 63822. 64088.]
Task is 4.00% complete.
t1_sim:[67734. 67766. 68590.] t2_sim:[61524. 61710. 63753.]
Task is 5.00% complete.
t1_sim:[60905. 60615. 60105.] t2_sim:[66719. 66940. 66253.]
Task is 6.00% complete.
t1_sim:[60844. 60551. 61805.] t2_sim:[64681. 64491. 64204.]
Task is 7.00% complete.
t1_sim:[67402. 67293. 65795.] t2_sim:[63616. 63672. 63648.]
Task is 8.00% complete.
t1_sim:[66154. 66032. 65005.] t2_sim:[62795. 62595. 62532.]
Task is 9.00% complete.
t1_sim:[58260. 58173. 57574.] t2_sim:[60993. 60705. 62290.]
Task is 10.00% complete.
t1_sim:[61759. 62112. 64674.] t2_sim:[65180. 65277. 65334.]
Task is 11.00% complete.
t1_sim:[60672. 60272. 59686.] t2_sim:[63842. 63917. 62207.]
Task is 12.00% complete.
t1_sim:[62565. 62502. 63535.] t2_sim:[66710. 66423. 66363.]
Task is 13.00% complete.
t1_sim:[67021. 66885. 66619.] t2_sim:[66647. 66732. 65878.]
Task is 14.00% complete.
t1_sim:[59609. 59692. 59978.] t2_sim:[60519. 60325. 58778.]
Task is 15.00% complete.
t1_sim:[60592. 60688. 60390.] t2_sim:[67926. 68004. 67462.]
Task is 16.00% complete.
t1_sim:[59482. 59456. 62003.] t2_sim:[65512. 65563. 64881.]
Task is 17.00% complete.
t1_sim:[61778. 61426. 60523.] t2_sim:[63739. 63893. 64375.]
Task is 18.00% complete.
t1_sim:[61538. 61950. 62623.] t2_sim:[70564. 70429. 69000.]
Task is 19.00% complete.
t1_sim:[65394. 65793. 63242.] t2_sim:[62890. 63145. 62276.]
Task is 20.00% complete.
t1_sim:[60778. 60735. 60826.] t2_sim:[65326. 65180. 65479.]
Task is 21.00% complete.
t1_sim:[58758. 58804. 59639.] t2_sim:[64854. 64626. 64393.]
Task is 22.00% complete.
t1_sim:[64774. 64642. 63421.] t2_sim:[67891. 67950. 66450.]
Task is 23.00% complete.
t1_sim:[59658. 59600. 60653.] t2_sim:[63237. 63261. 62018.]
Task is 24.00% complete.
t1_sim:[63714. 63860. 64348.] t2_sim:[63375. 63642. 65278.]
Task is 25.00% complete.
t1_sim:[67831. 68634. 70533.] t2_sim:[58816. 58342. 58308.]
Task is 26.00% complete.
t1_sim:[60863. 60678. 63346.] t2_sim:[61159. 60861. 59666.]
Task is 27.00% complete.
t1_sim:[64915. 64689. 63006.] t2_sim:[63488. 63588. 62495.]
Task is 28.00% complete.
t1_sim:[63471. 63922. 62798.] t2_sim:[58638. 59019. 60239.]
Task is 29.00% complete.
t1_sim:[63847. 64313. 64261.] t2_sim:[67748. 67410. 66723.]
Task is 30.00% complete.
t1_sim:[69113. 69040. 70193.] t2_sim:[67888. 67908. 67785.]
Task is 31.00% complete.
t1_sim:[59374. 59530. 56612.] t2_sim:[66825. 66994. 65784.]
Task is 32.00% complete.
t1_sim:[59248. 59519. 61250.] t2_sim:[62201. 62089. 62236.]
Task is 33.00% complete.
t1_sim:[57472. 57637. 57747.] t2_sim:[66936. 66968. 68437.]
Task is 34.00% complete.
t1_sim:[66497. 66843. 65057.] t2_sim:[61960. 62195. 61078.]
Task is 35.00% complete.
t1_sim:[61898. 61764. 60932.] t2_sim:[58954. 59052. 59024.]
Task is 36.00% complete.
t1_sim:[66441. 66337. 68098.] t2_sim:[57684. 57498. 57124.]
Task is 37.00% complete.
t1_sim:[57612. 57900. 58706.] t2_sim:[68344. 68580. 68913.]
Task is 38.00% complete.
t1_sim:[61361. 61368. 61016.] t2_sim:[62490. 62632. 61527.]
Task is 39.00% complete.
t1_sim:[66019. 66115. 62406.] t2_sim:[63023. 63199. 63625.]
Task is 40.00% complete.
t1_sim:[56860. 56970. 57317.] t2_sim:[64215. 64228. 64543.]
Task is 41.00% complete.
t1_sim:[61917. 61802. 58952.] t2_sim:[65215. 65016. 66150.]
Task is 42.00% complete.
t1_sim:[64878. 64794. 64283.] t2_sim:[63112. 63311. 61604.]
Task is 43.00% complete.
t1_sim:[61393. 61533. 61538.] t2_sim:[69257. 69519. 70897.]
Task is 44.00% complete.
t1_sim:[62348. 62531. 62107.] t2_sim:[61813. 61845. 62277.]
Task is 45.00% complete.
t1_sim:[63924. 63904. 61859.] t2_sim:[63402. 63224. 61593.]
Task is 46.00% complete.
t1_sim:[62126. 61807. 61328.] t2_sim:[61470. 61319. 61950.]
Task is 47.00% complete.
t1_sim:[62966. 63326. 61855.] t2_sim:[60895. 61387. 59934.]
Task is 48.00% complete.
t1_sim:[65821. 65940. 64917.] t2_sim:[63468. 63658. 65055.]
Task is 49.00% complete.
t1_sim:[64570. 64957. 65024.] t2_sim:[68538. 68272. 69939.]
Task is 50.00% complete.
t1_sim:[65220. 64940. 63597.] t2_sim:[53121. 53258. 53949.]
Task is 51.00% complete.
t1_sim:[63532. 63720. 62159.] t2_sim:[55878. 55646. 56838.]
Task is 52.00% complete.
t1_sim:[60501. 60354. 58765.] t2_sim:[58469. 58448. 59253.]
Task is 53.00% complete.
t1_sim:[62798. 62820. 62337.] t2_sim:[67713. 67484. 65138.]
Task is 54.00% complete.
t1_sim:[59432. 59287. 60539.] t2_sim:[67215. 67078. 67084.]
Task is 55.00% complete.
t1_sim:[61790. 61913. 64588.] t2_sim:[66067. 66019. 66209.]
Task is 56.00% complete.
t1_sim:[65726. 65605. 64955.] t2_sim:[64041. 63981. 64734.]
Task is 57.00% complete.
t1_sim:[59803. 59406. 58439.] t2_sim:[64841. 65121. 63843.]
Task is 58.00% complete.
t1_sim:[62943. 62909. 61082.] t2_sim:[60612. 60413. 59614.]
Task is 59.00% complete.
t1_sim:[61664. 61878. 61133.] t2_sim:[63394. 63247. 63874.]
Task is 60.00% complete.
t1_sim:[60721. 60746. 62871.] t2_sim:[59843. 60101. 60281.]
Task is 61.00% complete.
t1_sim:[68780. 68454. 69971.] t2_sim:[64610. 64787. 64656.]
Task is 62.00% complete.
t1_sim:[64248. 64267. 64286.] t2_sim:[59634. 60246. 59273.]
Task is 63.00% complete.
t1_sim:[60504. 60745. 61774.] t2_sim:[62072. 62134. 61195.]
Task is 64.00% complete.
t1_sim:[65694. 65721. 65272.] t2_sim:[61305. 61409. 62317.]
Task is 65.00% complete.
t1_sim:[63721. 64014. 67308.] t2_sim:[63564. 63384. 61188.]
Task is 66.00% complete.
t1_sim:[60358. 60039. 61761.] t2_sim:[57765. 57999. 59307.]
Task is 67.00% complete.
t1_sim:[66399. 66388. 64503.] t2_sim:[66284. 66095. 66085.]
Task is 68.00% complete.
t1_sim:[62253. 62353. 63005.] t2_sim:[61289. 61495. 62918.]
Task is 69.00% complete.
t1_sim:[61248. 61186. 62024.] t2_sim:[62087. 62091. 63194.]
Task is 70.00% complete.
t1_sim:[67379. 67164. 65379.] t2_sim:[67916. 68292. 66482.]
Task is 71.00% complete.
t1_sim:[64400. 64293. 67061.] t2_sim:[61156. 61279. 63280.]
Task is 72.00% complete.
t1_sim:[61643. 61473. 63381.] t2_sim:[64812. 65028. 65591.]
Task is 73.00% complete.
t1_sim:[67239. 67530. 65919.] t2_sim:[60476. 60496. 62050.]
Task is 74.00% complete.
t1_sim:[65334. 65551. 64987.] t2_sim:[59978. 60229. 60918.]
Task is 75.00% complete.
t1_sim:[65186. 65298. 64132.] t2_sim:[60349. 60151. 60658.]
Task is 76.00% complete.
t1_sim:[60690. 60895. 62006.] t2_sim:[60582. 60354. 61992.]
Task is 77.00% complete.
t1_sim:[57149. 57139. 57615.] t2_sim:[60513. 60748. 62449.]
Task is 78.00% complete.
t1_sim:[59815. 59583. 59031.] t2_sim:[59219. 59456. 59355.]
Task is 79.00% complete.
t1_sim:[64114. 64232. 65474.] t2_sim:[58356. 58554. 58149.]
Task is 80.00% complete.
t1_sim:[59965. 59758. 58867.] t2_sim:[68934. 68773. 68550.]
Task is 81.00% complete.
t1_sim:[61961. 61690. 62089.] t2_sim:[65240. 65251. 63919.]
Task is 82.00% complete.
t1_sim:[58435. 58304. 57699.] t2_sim:[57791. 57669. 58312.]
Task is 83.00% complete.
t1_sim:[62881. 62934. 62705.] t2_sim:[61853. 61805. 63837.]
Task is 84.00% complete.
t1_sim:[61819. 61509. 61179.] t2_sim:[66573. 67112. 68346.]
Task is 85.00% complete.
t1_sim:[62327. 61994. 62254.] t2_sim:[64178. 63776. 63961.]
Task is 86.00% complete.
t1_sim:[54788. 54932. 56901.] t2_sim:[62610. 62402. 59768.]
Task is 87.00% complete.
t1_sim:[60335. 60384. 58751.] t2_sim:[57658. 57465. 56078.]
Task is 88.00% complete.
t1_sim:[64396. 64372. 64063.] t2_sim:[66319. 66325. 66621.]
Task is 89.00% complete.
t1_sim:[62209. 62285. 61245.] t2_sim:[65923. 66300. 66660.]
Task is 90.00% complete.
t1_sim:[58342. 58088. 58051.] t2_sim:[67181. 67139. 67467.]
Task is 91.00% complete.
t1_sim:[64175. 64241. 64600.] t2_sim:[64437. 64434. 65638.]
Task is 92.00% complete.
t1_sim:[61841. 61585. 60975.] t2_sim:[57579. 58029. 59529.]
Task is 93.00% complete.
t1_sim:[60514. 60167. 60796.] t2_sim:[63470. 63271. 64754.]
Task is 94.00% complete.
t1_sim:[60561. 60209. 62295.] t2_sim:[67167. 67346. 67775.]
Task is 95.00% complete.
t1_sim:[61197. 61254. 58081.] t2_sim:[61897. 61551. 61734.]
Task is 96.00% complete.
t1_sim:[62233. 62237. 62292.] t2_sim:[61262. 61392. 60952.]
Task is 97.00% complete.
t1_sim:[67861. 67916. 68954.] t2_sim:[63780. 63580. 62985.]
Task is 98.00% complete.
t1_sim:[64859. 64573. 65881.] t2_sim:[61614. 61891. 61344.]
Task is 99.00% complete.
t1_sim:[62076. 62532. 63670.] t2_sim:[62523. 62377. 60260.]
Training start
t1_obs:[array(61363.), array(61374.), array(61686.)] t2_obs:[array(64017.), array(64022.), array(64407.)]
corr_G1:[None, None, 0.04607654002812823] corr_G2:[None, None, -0.02190377119426808]
Training end
Task is 0.00% complete.
t1_sim:[59203. 59314. 59309.] t2_sim:[67902. 67757. 66287.]
Task is 1.00% complete.
t1_sim:[63322. 62767. 61894.] t2_sim:[63414. 63635. 62137.]
Task is 2.00% complete.
t1_sim:[61187. 60803. 58657.] t2_sim:[63232. 62985. 61317.]
Task is 3.00% complete.
t1_sim:[66430. 66606. 65821.] t2_sim:[63698. 63602. 63340.]
Task is 4.00% complete.
t1_sim:[63568. 63739. 64891.] t2_sim:[64971. 65243. 64810.]
Task is 5.00% complete.
t1_sim:[61415. 61732. 61336.] t2_sim:[62652. 62392. 62186.]
Task is 6.00% complete.
t1_sim:[58902. 59369. 57374.] t2_sim:[60115. 59731. 58844.]
Task is 7.00% complete.
t1_sim:[63982. 64179. 65006.] t2_sim:[53671. 53382. 53656.]
Task is 8.00% complete.
t1_sim:[62498. 62874. 63726.] t2_sim:[60636. 60721. 62049.]
Task is 9.00% complete.
t1_sim:[63759. 63466. 60928.] t2_sim:[63296. 63340. 66333.]
Task is 10.00% complete.
t1_sim:[67152. 67156. 64364.] t2_sim:[62481. 62257. 62469.]
Task is 11.00% complete.
t1_sim:[61564. 61502. 64349.] t2_sim:[63518. 63338. 59202.]
Task is 12.00% complete.
t1_sim:[62128. 62079. 59688.] t2_sim:[62597. 62730. 59785.]
Task is 13.00% complete.
t1_sim:[65287. 64959. 64779.] t2_sim:[61834. 61866. 60084.]
Task is 14.00% complete.
t1_sim:[62852. 62644. 62017.] t2_sim:[63549. 63324. 64733.]
Task is 15.00% complete.
t1_sim:[59524. 60025. 62444.] t2_sim:[70266. 70408. 71989.]
Task is 16.00% complete.
t1_sim:[65924. 65527. 64835.] t2_sim:[65268. 64923. 63351.]
Task is 17.00% complete.
t1_sim:[62687. 62834. 62186.] t2_sim:[60605. 60623. 60081.]
Task is 18.00% complete.
t1_sim:[66385. 66026. 65837.] t2_sim:[64717. 64620. 64486.]
Task is 19.00% complete.
t1_sim:[55910. 56209. 60880.] t2_sim:[65246. 65504. 65732.]
Task is 20.00% complete.
t1_sim:[65436. 65133. 65401.] t2_sim:[66818. 66964. 65930.]
Task is 21.00% complete.
t1_sim:[62004. 61854. 62937.] t2_sim:[65142. 65188. 63051.]
Task is 22.00% complete.
t1_sim:[56792. 56626. 58979.] t2_sim:[62222. 62145. 61279.]
Task is 23.00% complete.
t1_sim:[63903. 63900. 65138.] t2_sim:[59612. 59707. 62733.]
Task is 24.00% complete.
t1_sim:[60547. 60804. 60292.] t2_sim:[64396. 64547. 64909.]
Task is 25.00% complete.
t1_sim:[60318. 60816. 61943.] t2_sim:[64404. 64247. 61422.]
Task is 26.00% complete.
t1_sim:[62803. 63051. 62083.] t2_sim:[63007. 63350. 62819.]
Task is 27.00% complete.
t1_sim:[58299. 58365. 59305.] t2_sim:[66196. 66172. 64526.]
Task is 28.00% complete.
t1_sim:[58563. 58504. 59145.] t2_sim:[67786. 67965. 68377.]
Task is 29.00% complete.
t1_sim:[60067. 60191. 59997.] t2_sim:[62154. 62088. 60509.]
Task is 30.00% complete.
t1_sim:[61888. 62436. 59490.] t2_sim:[59169. 59496. 60162.]
Task is 31.00% complete.
t1_sim:[63437. 63166. 61551.] t2_sim:[66304. 66298. 67253.]
Task is 32.00% complete.
t1_sim:[59055. 59100. 58732.] t2_sim:[61698. 61879. 61877.]
Task is 33.00% complete.
t1_sim:[62913. 62923. 62535.] t2_sim:[59482. 59458. 61660.]
Task is 34.00% complete.
t1_sim:[64281. 64438. 65325.] t2_sim:[65372. 64913. 64735.]
Task is 35.00% complete.
t1_sim:[66383. 66110. 62337.] t2_sim:[66197. 66397. 65976.]
Task is 36.00% complete.
t1_sim:[62876. 62691. 63624.] t2_sim:[61401. 61591. 61863.]
Task is 37.00% complete.
t1_sim:[64149. 64470. 65701.] t2_sim:[61640. 61442. 61465.]
Task is 38.00% complete.
t1_sim:[63916. 64238. 65064.] t2_sim:[61977. 62223. 61844.]
Task is 39.00% complete.
t1_sim:[57873. 57427. 57998.] t2_sim:[65614. 65684. 65493.]
Task is 40.00% complete.
t1_sim:[61805. 61901. 65066.] t2_sim:[60396. 60488. 58540.]
Task is 41.00% complete.
t1_sim:[59360. 58770. 57622.] t2_sim:[69955. 69908. 68131.]
Task is 42.00% complete.
t1_sim:[59059. 59028. 60634.] t2_sim:[61787. 61661. 62188.]
Task is 43.00% complete.
t1_sim:[60205. 60076. 62294.] t2_sim:[64074. 64004. 63585.]
Task is 44.00% complete.
t1_sim:[57984. 57686. 58841.] t2_sim:[61907. 61923. 62191.]
Task is 45.00% complete.
t1_sim:[60823. 60727. 62207.] t2_sim:[64023. 63878. 63331.]
Task is 46.00% complete.
t1_sim:[61387. 61263. 62302.] t2_sim:[59566. 58729. 58362.]
Task is 47.00% complete.
t1_sim:[64402. 64357. 62127.] t2_sim:[61112. 61612. 62475.]
Task is 48.00% complete.
t1_sim:[59642. 59733. 59402.] t2_sim:[65170. 64968. 64377.]
Task is 49.00% complete.
t1_sim:[61101. 60660. 59562.] t2_sim:[62029. 61886. 62360.]
Task is 50.00% complete.
t1_sim:[61894. 61767. 63009.] t2_sim:[64151. 64174. 64011.]
Task is 51.00% complete.
t1_sim:[65497. 65071. 66361.] t2_sim:[59932. 60199. 61447.]
Task is 52.00% complete.
t1_sim:[63188. 63020. 61961.] t2_sim:[62552. 62642. 62809.]
Task is 53.00% complete.
t1_sim:[65225. 65371. 63663.] t2_sim:[62254. 62337. 65161.]
Task is 54.00% complete.
t1_sim:[60205. 60464. 61065.] t2_sim:[61219. 60842. 62161.]
Task is 55.00% complete.
t1_sim:[60029. 60067. 61339.] t2_sim:[60731. 60631. 60437.]
Task is 56.00% complete.
t1_sim:[64019. 63845. 62817.] t2_sim:[58393. 58630. 60085.]
Task is 57.00% complete.
t1_sim:[67606. 67962. 66240.] t2_sim:[63023. 63303. 67915.]
Task is 58.00% complete.
t1_sim:[61655. 61616. 62917.] t2_sim:[62647. 62816. 62877.]
Task is 59.00% complete.
t1_sim:[64137. 64339. 63649.] t2_sim:[57055. 57297. 58459.]
Task is 60.00% complete.
t1_sim:[60799. 61498. 60595.] t2_sim:[65726. 65692. 64932.]
Task is 61.00% complete.
t1_sim:[59024. 58879. 61032.] t2_sim:[66780. 66994. 66661.]
Task is 62.00% complete.
t1_sim:[60886. 60904. 64394.] t2_sim:[63769. 63254. 63094.]
Task is 63.00% complete.
t1_sim:[57551. 57812. 56456.] t2_sim:[66067. 66098. 64197.]
Task is 64.00% complete.
t1_sim:[64061. 63785. 62284.] t2_sim:[69678. 69603. 67654.]
Task is 65.00% complete.
t1_sim:[62317. 61957. 57792.] t2_sim:[59287. 59299. 60397.]
Task is 66.00% complete.
t1_sim:[66942. 66661. 65626.] t2_sim:[60355. 59949. 60741.]
Task is 67.00% complete.
t1_sim:[61289. 61221. 59256.] t2_sim:[66459. 66718. 65410.]
Task is 68.00% complete.
t1_sim:[67574. 67382. 68476.] t2_sim:[67487. 67393. 68063.]
Task is 69.00% complete.
t1_sim:[62303. 62035. 61258.] t2_sim:[60325. 60002. 58756.]
Task is 70.00% complete.
t1_sim:[59679. 60013. 57905.] t2_sim:[65952. 65725. 67470.]
Task is 71.00% complete.
t1_sim:[64248. 64117. 64073.] t2_sim:[68694. 68185. 68996.]
Task is 72.00% complete.
t1_sim:[64829. 64932. 65463.] t2_sim:[64855. 65152. 65724.]
Task is 73.00% complete.
t1_sim:[63992. 63870. 62961.] t2_sim:[59389. 59634. 56857.]
Task is 74.00% complete.
t1_sim:[60868. 60762. 61705.] t2_sim:[62450. 62764. 63841.]
Task is 75.00% complete.
t1_sim:[63142. 63684. 62115.] t2_sim:[64278. 63918. 64147.]
Task is 76.00% complete.
t1_sim:[60040. 59948. 58809.] t2_sim:[60982. 61028. 60904.]
Task is 77.00% complete.
t1_sim:[65797. 65091. 65993.] t2_sim:[66603. 67082. 64720.]
Task is 78.00% complete.
t1_sim:[56959. 57188. 58148.] t2_sim:[66330. 66200. 66640.]
Task is 79.00% complete.
t1_sim:[62586. 62185. 60498.] t2_sim:[60348. 60950. 62341.]
Task is 80.00% complete.
t1_sim:[63555. 63799. 63199.] t2_sim:[67521. 67266. 64944.]
Task is 81.00% complete.
t1_sim:[60474. 60238. 59735.] t2_sim:[65102. 65527. 63977.]
Task is 82.00% complete.
t1_sim:[62947. 62235. 64548.] t2_sim:[62383. 62829. 62933.]
Task is 83.00% complete.
t1_sim:[65359. 64921. 64142.] t2_sim:[66038. 66594. 65352.]
Task is 84.00% complete.
t1_sim:[62239. 62282. 62502.] t2_sim:[52762. 52676. 53371.]
Task is 85.00% complete.
t1_sim:[59672. 59881. 60485.] t2_sim:[65959. 65779. 64150.]
Task is 86.00% complete.
t1_sim:[56781. 56672. 56323.] t2_sim:[66022. 66192. 69216.]
Task is 87.00% complete.
t1_sim:[61697. 61686. 61883.] t2_sim:[66576. 66447. 67353.]
Task is 88.00% complete.
t1_sim:[61846. 61807. 63889.] t2_sim:[60980. 60955. 63109.]
Task is 89.00% complete.
t1_sim:[57791. 57570. 58432.] t2_sim:[61605. 61665. 64989.]
Task is 90.00% complete.
t1_sim:[69924. 70061. 71373.] t2_sim:[62511. 62545. 62526.]
Task is 91.00% complete.
t1_sim:[66939. 66734. 66062.] t2_sim:[64287. 64284. 65417.]
Task is 92.00% complete.
t1_sim:[64216. 64448. 63331.] t2_sim:[63467. 63393. 63109.]
Task is 93.00% complete.
t1_sim:[61056. 61499. 60681.] t2_sim:[64697. 64368. 62647.]
Task is 94.00% complete.
t1_sim:[62562. 62490. 61241.] t2_sim:[65872. 66020. 67381.]
Task is 95.00% complete.
t1_sim:[64845. 64617. 63272.] t2_sim:[61306. 60828. 61273.]
Task is 96.00% complete.
t1_sim:[57985. 58152. 57072.] t2_sim:[65847. 65646. 64989.]
Task is 97.00% complete.
t1_sim:[66879. 66650. 66505.] t2_sim:[64774. 64976. 62942.]
Task is 98.00% complete.
t1_sim:[55520. 55520. 57523.] t2_sim:[58031. 57825. 59101.]
Task is 99.00% complete.
t1_sim:[65254. 65090. 65330.] t2_sim:[61259. 61547. 62402.]
Finished
