/scratch/jz4721/Post-prediction-Causal-Inference/venv/lib/python3.8/site-packages/numpy/core/getlimits.py:518: UserWarning: The value of the smallest subnormal for <class 'numpy.float64'> type is zero.
  setattr(self, word, getattr(machar, word).flat[0])
/scratch/jz4721/Post-prediction-Causal-Inference/venv/lib/python3.8/site-packages/numpy/core/getlimits.py:89: UserWarning: The value of the smallest subnormal for <class 'numpy.float64'> type is zero.
  return self._float_to_str(self.smallest_subnormal)
/scratch/jz4721/Post-prediction-Causal-Inference/venv/lib/python3.8/site-packages/numpy/core/getlimits.py:518: UserWarning: The value of the smallest subnormal for <class 'numpy.float32'> type is zero.
  setattr(self, word, getattr(machar, word).flat[0])
/scratch/jz4721/Post-prediction-Causal-Inference/venv/lib/python3.8/site-packages/numpy/core/getlimits.py:89: UserWarning: The value of the smallest subnormal for <class 'numpy.float32'> type is zero.
  return self._float_to_str(self.smallest_subnormal)
Training start
t1_obs:[array(61717.), array(61489.), array(63143.)] t2_obs:[array(61577.), array(61456.), array(65703.)]
corr_G1:[None, None, 6.841853094407929e-17] corr_G2:[None, None, 0]
Training end
Task is 0.00% complete.
t1_sim:[61930. 61734. 60332.] t2_sim:[63482. 63372. 64110.]
Task is 1.00% complete.
t1_sim:[64527. 64586. 62908.] t2_sim:[65811. 65972. 64900.]
Task is 2.00% complete.
t1_sim:[67241. 67355. 66983.] t2_sim:[65173. 64654. 62357.]
Task is 3.00% complete.
t1_sim:[64140. 64090. 66686.] t2_sim:[61348. 61443. 64463.]
Task is 4.00% complete.
t1_sim:[64627. 64873. 66388.] t2_sim:[62505. 62046. 60373.]
Task is 5.00% complete.
t1_sim:[59072. 59103. 57337.] t2_sim:[60809. 60445. 66232.]
Task is 6.00% complete.
t1_sim:[62581. 62770. 59571.] t2_sim:[62693. 63221. 65098.]
Task is 7.00% complete.
t1_sim:[61972. 62175. 62164.] t2_sim:[63835. 64015. 65638.]
Task is 8.00% complete.
t1_sim:[56434. 56244. 58268.] t2_sim:[65123. 65288. 63571.]
Task is 9.00% complete.
t1_sim:[63914. 63676. 64435.] t2_sim:[58886. 58973. 60045.]
Task is 10.00% complete.
t1_sim:[62975. 63000. 61732.] t2_sim:[61962. 62325. 57781.]
Task is 11.00% complete.
t1_sim:[60107. 60512. 60006.] t2_sim:[61537. 61420. 57307.]
Task is 12.00% complete.
t1_sim:[57781. 57337. 56473.] t2_sim:[64766. 64644. 63655.]
Task is 13.00% complete.
t1_sim:[64589. 64778. 62200.] t2_sim:[60447. 60081. 59668.]
Task is 14.00% complete.
t1_sim:[63695. 63484. 65541.] t2_sim:[55812. 56079. 56342.]
Task is 15.00% complete.
t1_sim:[59035. 59065. 59587.] t2_sim:[60501. 60630. 58614.]
Task is 16.00% complete.
t1_sim:[64817. 64883. 64535.] t2_sim:[55600. 55676. 57580.]
Task is 17.00% complete.
t1_sim:[58875. 58746. 60403.] t2_sim:[58154. 58045. 60545.]
Task is 18.00% complete.
t1_sim:[64054. 64020. 64417.] t2_sim:[64486. 64372. 62590.]
Task is 19.00% complete.
t1_sim:[63461. 62969. 61454.] t2_sim:[63191. 63372. 63163.]
Task is 20.00% complete.
t1_sim:[59074. 59217. 60186.] t2_sim:[64407. 63833. 64349.]
Task is 21.00% complete.
t1_sim:[60144. 60081. 65081.] t2_sim:[59634. 59149. 59126.]
Task is 22.00% complete.
t1_sim:[59419. 59634. 59757.] t2_sim:[58713. 58775. 59105.]
Task is 23.00% complete.
t1_sim:[63452. 63595. 65108.] t2_sim:[58041. 57896. 55212.]
Task is 24.00% complete.
t1_sim:[62981. 63170. 61947.] t2_sim:[66563. 66572. 64678.]
Task is 25.00% complete.
t1_sim:[63018. 62925. 61996.] t2_sim:[60657. 60454. 61321.]
Task is 26.00% complete.
t1_sim:[56738. 56986. 57874.] t2_sim:[55776. 55985. 58923.]
Task is 27.00% complete.
t1_sim:[60638. 60745. 60821.] t2_sim:[64672. 64840. 65506.]
Task is 28.00% complete.
t1_sim:[67191. 67105. 67096.] t2_sim:[69746. 70058. 65672.]
Task is 29.00% complete.
t1_sim:[62944. 62683. 59815.] t2_sim:[58947. 59328. 60226.]
Task is 30.00% complete.
t1_sim:[65528. 65656. 62918.] t2_sim:[57707. 57999. 60091.]
Task is 31.00% complete.
t1_sim:[61325. 61451. 62046.] t2_sim:[61666. 61491. 61241.]
Task is 32.00% complete.
t1_sim:[63275. 63119. 64087.] t2_sim:[66421. 66551. 64614.]
Task is 33.00% complete.
t1_sim:[65848. 65876. 66754.] t2_sim:[54529. 54467. 56020.]
Task is 34.00% complete.
t1_sim:[64551. 64546. 60405.] t2_sim:[61702. 61131. 62388.]
Task is 35.00% complete.
t1_sim:[60602. 60383. 59143.] t2_sim:[62790. 62841. 65173.]
Task is 36.00% complete.
t1_sim:[63913. 64086. 66109.] t2_sim:[62174. 61758. 61196.]
Task is 37.00% complete.
t1_sim:[63622. 63849. 62095.] t2_sim:[58565. 58542. 57248.]
Task is 38.00% complete.
t1_sim:[59012. 58490. 56010.] t2_sim:[57588. 57804. 55048.]
Task is 39.00% complete.
t1_sim:[62772. 62754. 62359.] t2_sim:[66706. 66799. 68506.]
Task is 40.00% complete.
t1_sim:[61029. 60843. 62386.] t2_sim:[62507. 62588. 64120.]
Task is 41.00% complete.
t1_sim:[66331. 66407. 64086.] t2_sim:[66447. 66233. 69194.]
Task is 42.00% complete.
t1_sim:[61213. 61227. 64119.] t2_sim:[64096. 64616. 67578.]
Task is 43.00% complete.
t1_sim:[63664. 63389. 60569.] t2_sim:[63103. 63099. 63128.]
Task is 44.00% complete.
t1_sim:[61202. 61317. 60368.] t2_sim:[58870. 59098. 59620.]
Task is 45.00% complete.
t1_sim:[62309. 62100. 61091.] t2_sim:[62562. 62789. 63467.]
Task is 46.00% complete.
t1_sim:[68407. 68372. 66177.] t2_sim:[60097. 60306. 65903.]
Task is 47.00% complete.
t1_sim:[65480. 65551. 69164.] t2_sim:[67236. 67192. 65791.]
Task is 48.00% complete.
t1_sim:[60699. 60816. 58962.] t2_sim:[59616. 59895. 57220.]
Task is 49.00% complete.
t1_sim:[62824. 62672. 62630.] t2_sim:[64453. 65072. 64405.]
Task is 50.00% complete.
t1_sim:[68752. 68653. 63326.] t2_sim:[66156. 66173. 68499.]
Task is 51.00% complete.
t1_sim:[67210. 67026. 66426.] t2_sim:[67940. 68099. 68574.]
Task is 52.00% complete.
t1_sim:[59158. 58859. 56917.] t2_sim:[60357. 60468. 60194.]
Task is 53.00% complete.
t1_sim:[59622. 59276. 64099.] t2_sim:[57683. 57650. 55238.]
Task is 54.00% complete.
t1_sim:[65388. 65263. 61942.] t2_sim:[54868. 55303. 55302.]
Task is 55.00% complete.
t1_sim:[59905. 59732. 57625.] t2_sim:[61499. 61315. 64407.]
Task is 56.00% complete.
t1_sim:[63420. 63349. 62570.] t2_sim:[62968. 63165. 65660.]
Task is 57.00% complete.
t1_sim:[62633. 62433. 62414.] t2_sim:[63132. 63272. 65873.]
Task is 58.00% complete.
t1_sim:[67278. 67780. 71333.] t2_sim:[60211. 59871. 59516.]
Task is 59.00% complete.
t1_sim:[66094. 66181. 66408.] t2_sim:[56663. 56615. 59381.]
Task is 60.00% complete.
t1_sim:[63298. 63422. 63986.] t2_sim:[62426. 62452. 57487.]
Task is 61.00% complete.
t1_sim:[64456. 64216. 63253.] t2_sim:[60134. 59989. 60226.]
Task is 62.00% complete.
t1_sim:[68774. 68618. 68168.] t2_sim:[63488. 63776. 63032.]
Task is 63.00% complete.
t1_sim:[56897. 56736. 56081.] t2_sim:[68986. 69064. 64211.]
Task is 64.00% complete.
t1_sim:[65089. 64889. 66724.] t2_sim:[63838. 63931. 67157.]
Task is 65.00% complete.
t1_sim:[58217. 58467. 57384.] t2_sim:[68983. 68905. 65797.]
Task is 66.00% complete.
t1_sim:[65733. 65836. 65043.] t2_sim:[61496. 61793. 63662.]
Task is 67.00% complete.
t1_sim:[61726. 61935. 62871.] t2_sim:[60795. 60832. 61418.]
Task is 68.00% complete.
t1_sim:[63398. 63695. 60934.] t2_sim:[63116. 62797. 68457.]
Task is 69.00% complete.
t1_sim:[61802. 61443. 64115.] t2_sim:[60392. 60359. 64368.]
Task is 70.00% complete.
t1_sim:[62275. 62383. 61866.] t2_sim:[64635. 64544. 62504.]
Task is 71.00% complete.
t1_sim:[70348. 70355. 74183.] t2_sim:[61770. 62015. 62226.]
Task is 72.00% complete.
t1_sim:[63672. 63904. 63280.] t2_sim:[62271. 62704. 62202.]
Task is 73.00% complete.
t1_sim:[59956. 60010. 59987.] t2_sim:[65479. 64978. 66422.]
Task is 74.00% complete.
t1_sim:[65142. 64978. 61889.] t2_sim:[62460. 62725. 63515.]
Task is 75.00% complete.
t1_sim:[59085. 59147. 59326.] t2_sim:[60933. 60797. 63748.]
Task is 76.00% complete.
t1_sim:[64280. 64076. 65484.] t2_sim:[66754. 66930. 65021.]
Task is 77.00% complete.
t1_sim:[59876. 59888. 59242.] t2_sim:[63199. 63503. 64177.]
Task is 78.00% complete.
t1_sim:[66588. 66558. 66092.] t2_sim:[60071. 60226. 58683.]
Task is 79.00% complete.
t1_sim:[57142. 57148. 62477.] t2_sim:[68221. 68210. 68153.]
Task is 80.00% complete.
t1_sim:[58411. 57985. 61063.] t2_sim:[60700. 60820. 61644.]
Task is 81.00% complete.
t1_sim:[63333. 63592. 64307.] t2_sim:[56875. 57018. 57310.]
Task is 82.00% complete.
t1_sim:[63144. 63053. 64104.] t2_sim:[67093. 67510. 63874.]
Task is 83.00% complete.
t1_sim:[66328. 66493. 66060.] t2_sim:[60295. 60156. 59320.]
Task is 84.00% complete.
t1_sim:[66625. 66687. 65915.] t2_sim:[64647. 64709. 66229.]
Task is 85.00% complete.
t1_sim:[56366. 56132. 55703.] t2_sim:[59177. 59169. 60448.]
Task is 86.00% complete.
t1_sim:[62113. 62133. 63954.] t2_sim:[60079. 60058. 62544.]
Task is 87.00% complete.
t1_sim:[64643. 64783. 63817.] t2_sim:[66773. 66457. 67224.]
Task is 88.00% complete.
t1_sim:[67391. 67249. 66487.] t2_sim:[62298. 62592. 62536.]
Task is 89.00% complete.
t1_sim:[56639. 56299. 58771.] t2_sim:[59095. 59416. 62243.]
Task is 90.00% complete.
t1_sim:[66225. 66256. 63383.] t2_sim:[57931. 58189. 61872.]
Task is 91.00% complete.
t1_sim:[61731. 61896. 62230.] t2_sim:[61725. 61871. 61542.]
Task is 92.00% complete.
t1_sim:[63092. 62937. 60808.] t2_sim:[62621. 62480. 60727.]
Task is 93.00% complete.
t1_sim:[63333. 63214. 63393.] t2_sim:[63271. 63439. 64427.]
Task is 94.00% complete.
t1_sim:[62656. 62498. 64534.] t2_sim:[62011. 62254. 65534.]
Task is 95.00% complete.
t1_sim:[64067. 64197. 65004.] t2_sim:[63978. 63915. 64006.]
Task is 96.00% complete.
t1_sim:[61891. 61666. 64798.] t2_sim:[67035. 67215. 68601.]
Task is 97.00% complete.
t1_sim:[60181. 60406. 62822.] t2_sim:[65390. 65400. 63257.]
Task is 98.00% complete.
t1_sim:[61202. 61028. 57858.] t2_sim:[65372. 65627. 63856.]
Task is 99.00% complete.
t1_sim:[67173. 66678. 64553.] t2_sim:[57919. 58088. 59124.]
Training start
t1_obs:[array(61717.), array(61489.), array(61735.)] t2_obs:[array(61577.), array(61456.), array(64585.)]
corr_G1:[None, None, 0.9781697361471223] corr_G2:[None, None, 0.9778245464958291]
Training end
Task is 0.00% complete.
t1_sim:[56185. 56027. 56881.] t2_sim:[61691. 61342. 60875.]
Task is 1.00% complete.
t1_sim:[64557. 64582. 63847.] t2_sim:[65330. 65066. 62722.]
Task is 2.00% complete.
t1_sim:[56950. 56959. 57484.] t2_sim:[60313. 60128. 61067.]
Task is 3.00% complete.
t1_sim:[69876. 69821. 68531.] t2_sim:[64143. 64367. 62234.]
Task is 4.00% complete.
t1_sim:[58324. 58192. 60855.] t2_sim:[66369. 66242. 65771.]
Task is 5.00% complete.
t1_sim:[63379. 63600. 64126.] t2_sim:[65121. 65037. 62411.]
Task is 6.00% complete.
t1_sim:[63652. 63329. 61450.] t2_sim:[71250. 71557. 69620.]
Task is 7.00% complete.
t1_sim:[63524. 63666. 62691.] t2_sim:[62640. 62758. 63263.]
Task is 8.00% complete.
t1_sim:[63509. 63324. 63812.] t2_sim:[65244. 64694. 63675.]
Task is 9.00% complete.
t1_sim:[62556. 62769. 64514.] t2_sim:[61254. 60609. 59612.]
Task is 10.00% complete.
t1_sim:[64332. 63675. 63442.] t2_sim:[57976. 58006. 58941.]
Task is 11.00% complete.
t1_sim:[63327. 63202. 62274.] t2_sim:[60040. 59940. 59739.]
Task is 12.00% complete.
t1_sim:[65201. 65397. 66162.] t2_sim:[63520. 63142. 64150.]
Task is 13.00% complete.
t1_sim:[67495. 67406. 67047.] t2_sim:[60785. 60845. 58397.]
Task is 14.00% complete.
t1_sim:[58093. 57949. 59335.] t2_sim:[61412. 61673. 63368.]
Task is 15.00% complete.
t1_sim:[61859. 61848. 62466.] t2_sim:[64946. 64855. 63567.]
Task is 16.00% complete.
t1_sim:[58525. 58343. 59511.] t2_sim:[62877. 62723. 65367.]
Task is 17.00% complete.
t1_sim:[62726. 63028. 65021.] t2_sim:[62461. 62738. 65378.]
Task is 18.00% complete.
t1_sim:[63199. 63078. 64549.] t2_sim:[63301. 62995. 64279.]
Task is 19.00% complete.
t1_sim:[63059. 62757. 62816.] t2_sim:[60307. 60546. 62372.]
Task is 20.00% complete.
t1_sim:[63359. 63552. 63786.] t2_sim:[64763. 64826. 65022.]
Task is 21.00% complete.
t1_sim:[66313. 66599. 65566.] t2_sim:[61542. 61639. 61653.]
Task is 22.00% complete.
t1_sim:[63029. 63497. 61375.] t2_sim:[60436. 60355. 59388.]
Task is 23.00% complete.
t1_sim:[60745. 60814. 62152.] t2_sim:[57034. 57340. 57560.]
Task is 24.00% complete.
t1_sim:[67839. 67353. 64892.] t2_sim:[59405. 59475. 63030.]
Task is 25.00% complete.
t1_sim:[61457. 61415. 61824.] t2_sim:[58896. 58391. 59832.]
Task is 26.00% complete.
t1_sim:[60594. 60587. 62248.] t2_sim:[61295. 61265. 61429.]
Task is 27.00% complete.
t1_sim:[63465. 63120. 64260.] t2_sim:[61117. 60619. 59587.]
Task is 28.00% complete.
t1_sim:[67490. 67723. 67785.] t2_sim:[64990. 65090. 65029.]
Task is 29.00% complete.
t1_sim:[57593. 57213. 58238.] t2_sim:[62578. 62673. 62108.]
Task is 30.00% complete.
t1_sim:[69485. 69296. 68912.] t2_sim:[63512. 63750. 65780.]
Task is 31.00% complete.
t1_sim:[61711. 61827. 61690.] t2_sim:[62302. 62427. 62334.]
Task is 32.00% complete.
t1_sim:[60826. 60423. 63206.] t2_sim:[60490. 60266. 61357.]
Task is 33.00% complete.
t1_sim:[53172. 53264. 52075.] t2_sim:[64755. 64813. 65496.]
Task is 34.00% complete.
t1_sim:[63697. 63696. 64954.] t2_sim:[57223. 56831. 60445.]
Task is 35.00% complete.
t1_sim:[65211. 65211. 66000.] t2_sim:[61560. 61858. 63259.]
Task is 36.00% complete.
t1_sim:[64265. 63757. 62962.] t2_sim:[63147. 62983. 63667.]
Task is 37.00% complete.
t1_sim:[63898. 64002. 62235.] t2_sim:[67417. 67182. 66004.]
Task is 38.00% complete.
t1_sim:[67284. 67208. 66683.] t2_sim:[62288. 62268. 63629.]
Task is 39.00% complete.
t1_sim:[61967. 62083. 61197.] t2_sim:[64634. 64210. 64067.]
Task is 40.00% complete.
t1_sim:[62518. 62606. 60663.] t2_sim:[63530. 63203. 64035.]
Task is 41.00% complete.
t1_sim:[62884. 63440. 64723.] t2_sim:[67981. 68091. 68342.]
Task is 42.00% complete.
t1_sim:[60280. 60000. 61433.] t2_sim:[62798. 62682. 63855.]
Task is 43.00% complete.
t1_sim:[56710. 56905. 56709.] t2_sim:[58079. 57899. 58150.]
Task is 44.00% complete.
t1_sim:[65314. 65352. 65356.] t2_sim:[70715. 70826. 70166.]
Task is 45.00% complete.
t1_sim:[60501. 60558. 61636.] t2_sim:[63910. 64320. 63794.]
Task is 46.00% complete.
t1_sim:[64148. 64299. 64566.] t2_sim:[60245. 59996. 60085.]
Task is 47.00% complete.
t1_sim:[58902. 58562. 58318.] t2_sim:[57880. 58003. 57467.]
Task is 48.00% complete.
t1_sim:[65149. 64853. 62829.] t2_sim:[62077. 61816. 62840.]
Task is 49.00% complete.
t1_sim:[59189. 59344. 59343.] t2_sim:[65600. 65350. 65927.]
Task is 50.00% complete.
t1_sim:[60207. 60122. 59136.] t2_sim:[66148. 66600. 65012.]
Task is 51.00% complete.
t1_sim:[60652. 60917. 59784.] t2_sim:[62459. 62486. 64666.]
Task is 52.00% complete.
t1_sim:[64768. 64238. 64259.] t2_sim:[65699. 65400. 61627.]
Task is 53.00% complete.
t1_sim:[61574. 61615. 59107.] t2_sim:[63486. 63539. 64142.]
Task is 54.00% complete.
t1_sim:[65842. 65897. 65300.] t2_sim:[64861. 65150. 66097.]
Task is 55.00% complete.
t1_sim:[68300. 68181. 66457.] t2_sim:[64174. 63920. 64342.]
Task is 56.00% complete.
t1_sim:[62977. 63286. 63123.] t2_sim:[60529. 60317. 60048.]
Task is 57.00% complete.
t1_sim:[65993. 65780. 66696.] t2_sim:[63706. 63966. 62726.]
Task is 58.00% complete.
t1_sim:[63827. 64135. 62896.] t2_sim:[59764. 59769. 60539.]
Task is 59.00% complete.
t1_sim:[61731. 61954. 61088.] t2_sim:[64554. 64791. 63957.]
Task is 60.00% complete.
t1_sim:[61690. 61469. 62533.] t2_sim:[61454. 61264. 61879.]
Task is 61.00% complete.
t1_sim:[65055. 64999. 62062.] t2_sim:[60644. 60519. 59980.]
Task is 62.00% complete.
t1_sim:[63139. 63139. 61162.] t2_sim:[63969. 64442. 63515.]
Task is 63.00% complete.
t1_sim:[61721. 61665. 63937.] t2_sim:[59695. 59712. 58043.]
Task is 64.00% complete.
t1_sim:[71477. 71009. 72144.] t2_sim:[58895. 58860. 58667.]
Task is 65.00% complete.
t1_sim:[65115. 65138. 65654.] t2_sim:[67869. 67992. 67412.]
Task is 66.00% complete.
t1_sim:[62209. 62315. 60763.] t2_sim:[62746. 62566. 60301.]
Task is 67.00% complete.
t1_sim:[64305. 64374. 65542.] t2_sim:[66477. 65873. 65190.]
Task is 68.00% complete.
t1_sim:[66950. 67140. 66535.] t2_sim:[57940. 58129. 58713.]
Task is 69.00% complete.
t1_sim:[60968. 60892. 59386.] t2_sim:[60842. 60510. 62343.]
Task is 70.00% complete.
t1_sim:[65442. 65239. 64039.] t2_sim:[61340. 61219. 58704.]
Task is 71.00% complete.
t1_sim:[61937. 62147. 63905.] t2_sim:[65624. 65420. 67609.]
Task is 72.00% complete.
t1_sim:[62653. 62265. 60801.] t2_sim:[61008. 60681. 60241.]
Task is 73.00% complete.
t1_sim:[64812. 64890. 64154.] t2_sim:[58267. 58251. 58802.]
Task is 74.00% complete.
t1_sim:[60246. 60698. 60472.] t2_sim:[66924. 66713. 65358.]
Task is 75.00% complete.
t1_sim:[69451. 69363. 67521.] t2_sim:[58221. 57799. 57020.]
Task is 76.00% complete.
t1_sim:[62095. 62381. 62331.] t2_sim:[56318. 56083. 57609.]
Task is 77.00% complete.
t1_sim:[60128. 59831. 59401.] t2_sim:[68668. 69380. 69652.]
Task is 78.00% complete.
t1_sim:[58685. 59031. 60225.] t2_sim:[60541. 60352. 60115.]
Task is 79.00% complete.
t1_sim:[61241. 61409. 62542.] t2_sim:[59411. 59699. 61378.]
Task is 80.00% complete.
t1_sim:[63774. 63566. 62983.] t2_sim:[60282. 60005. 63527.]
Task is 81.00% complete.
t1_sim:[63117. 63093. 63937.] t2_sim:[64441. 64454. 66655.]
Task is 82.00% complete.
t1_sim:[59924. 59669. 59885.] t2_sim:[64037. 64009. 66840.]
Task is 83.00% complete.
t1_sim:[54314. 54739. 55998.] t2_sim:[63894. 64013. 64531.]
Task is 84.00% complete.
t1_sim:[64445. 64577. 64953.] t2_sim:[63737. 64193. 64183.]
Task is 85.00% complete.
t1_sim:[62381. 62469. 61233.] t2_sim:[64500. 64596. 65562.]
Task is 86.00% complete.
t1_sim:[66042. 66353. 65717.] t2_sim:[56947. 57260. 57934.]
Task is 87.00% complete.
t1_sim:[62408. 62341. 63987.] t2_sim:[66532. 66321. 64396.]
Task is 88.00% complete.
t1_sim:[68309. 68598. 67845.] t2_sim:[63166. 62988. 62810.]
Task is 89.00% complete.
t1_sim:[64231. 64088. 66206.] t2_sim:[64119. 63957. 65647.]
Task is 90.00% complete.
t1_sim:[63984. 64228. 65466.] t2_sim:[60278. 60324. 59389.]
Task is 91.00% complete.
t1_sim:[62729. 62612. 62452.] t2_sim:[69941. 70276. 70361.]
Task is 92.00% complete.
t1_sim:[65047. 65059. 63407.] t2_sim:[65037. 65146. 65496.]
Task is 93.00% complete.
t1_sim:[62473. 62495. 61436.] t2_sim:[64104. 64371. 64892.]
Task is 94.00% complete.
t1_sim:[64918. 64875. 64367.] t2_sim:[63676. 63877. 60658.]
Task is 95.00% complete.
t1_sim:[62427. 62472. 60515.] t2_sim:[63986. 63873. 63778.]
Task is 96.00% complete.
t1_sim:[66606. 66743. 65931.] t2_sim:[61824. 62130. 62768.]
Task is 97.00% complete.
t1_sim:[60689. 60691. 62131.] t2_sim:[57319. 57608. 59012.]
Task is 98.00% complete.
t1_sim:[68076. 68027. 68476.] t2_sim:[65629. 65658. 63318.]
Task is 99.00% complete.
t1_sim:[59215. 59018. 60201.] t2_sim:[63329. 63415. 63405.]
Training start
t1_obs:[array(61717.), array(61489.), array(62385.)] t2_obs:[array(61577.), array(61456.), array(65018.)]
corr_G1:[None, None, -0.14409003787709135] corr_G2:[None, None, -0.09489001925110552]
Training end
Task is 0.00% complete.
t1_sim:[60645. 60347. 59104.] t2_sim:[60787. 61355. 64394.]
Task is 1.00% complete.
t1_sim:[65830. 65822. 65917.] t2_sim:[65590. 65427. 61840.]
Task is 2.00% complete.
t1_sim:[61011. 61099. 62169.] t2_sim:[65800. 66057. 65797.]
Task is 3.00% complete.
t1_sim:[67009. 66980. 67965.] t2_sim:[65452. 65807. 64288.]
Task is 4.00% complete.
t1_sim:[56793. 56672. 55927.] t2_sim:[63332. 63195. 64317.]
Task is 5.00% complete.
t1_sim:[61931. 61738. 60051.] t2_sim:[60593. 60346. 59259.]
Task is 6.00% complete.
t1_sim:[63437. 63710. 62815.] t2_sim:[64648. 65005. 64984.]
Task is 7.00% complete.
t1_sim:[64668. 64840. 66441.] t2_sim:[62367. 62824. 65487.]
Task is 8.00% complete.
t1_sim:[63724. 63697. 64190.] t2_sim:[62007. 61345. 61804.]
Task is 9.00% complete.
t1_sim:[58135. 58331. 55929.] t2_sim:[61457. 61770. 63451.]
Task is 10.00% complete.
t1_sim:[60860. 60980. 59660.] t2_sim:[58824. 58808. 59441.]
Task is 11.00% complete.
t1_sim:[59813. 59844. 59406.] t2_sim:[64538. 64281. 61681.]
Task is 12.00% complete.
t1_sim:[66559. 66549. 67916.] t2_sim:[63563. 63085. 63553.]
Task is 13.00% complete.
t1_sim:[58246. 58397. 57801.] t2_sim:[63448. 63383. 61909.]
Task is 14.00% complete.
t1_sim:[64597. 64149. 64670.] t2_sim:[64138. 64510. 60289.]
Task is 15.00% complete.
t1_sim:[63202. 62840. 62286.] t2_sim:[62118. 62756. 65186.]
Task is 16.00% complete.
t1_sim:[63655. 63557. 62776.] t2_sim:[61527. 61457. 61640.]
Task is 17.00% complete.
t1_sim:[66725. 66794. 64904.] t2_sim:[63905. 64002. 64923.]
Task is 18.00% complete.
t1_sim:[51550. 51582. 49452.] t2_sim:[52346. 52626. 53645.]
Task is 19.00% complete.
t1_sim:[64169. 64530. 66170.] t2_sim:[64577. 64385. 60663.]
Task is 20.00% complete.
t1_sim:[55649. 55958. 56588.] t2_sim:[59721. 59661. 61428.]
Task is 21.00% complete.
t1_sim:[65668. 65317. 63122.] t2_sim:[69114. 69241. 67849.]
Task is 22.00% complete.
t1_sim:[65889. 65842. 68091.] t2_sim:[60918. 61206. 60027.]
Task is 23.00% complete.
t1_sim:[57695. 57594. 57598.] t2_sim:[64312. 64427. 65365.]
Task is 24.00% complete.
t1_sim:[58234. 58334. 57489.] t2_sim:[65523. 65303. 64570.]
Task is 25.00% complete.
t1_sim:[62959. 62731. 60252.] t2_sim:[60922. 61145. 61616.]
Task is 26.00% complete.
t1_sim:[61401. 61698. 62136.] t2_sim:[63956. 64718. 66733.]
Task is 27.00% complete.
t1_sim:[62533. 62680. 65496.] t2_sim:[61443. 61774. 59895.]
Task is 28.00% complete.
t1_sim:[67582. 67994. 65571.] t2_sim:[66148. 66022. 65288.]
Task is 29.00% complete.
t1_sim:[64941. 64968. 65231.] t2_sim:[63061. 63435. 63511.]
Task is 30.00% complete.
t1_sim:[61890. 61635. 64168.] t2_sim:[60997. 61053. 58050.]
Task is 31.00% complete.
t1_sim:[56494. 56713. 58685.] t2_sim:[60983. 60608. 59331.]
Task is 32.00% complete.
t1_sim:[63584. 63481. 65911.] t2_sim:[60201. 60590. 60210.]
Task is 33.00% complete.
t1_sim:[59161. 59743. 61036.] t2_sim:[66480. 66269. 66405.]
Task is 34.00% complete.
t1_sim:[62890. 63187. 63433.] t2_sim:[68401. 68045. 65094.]
Task is 35.00% complete.
t1_sim:[58974. 59148. 60218.] t2_sim:[60112. 59550. 61279.]
Task is 36.00% complete.
t1_sim:[68403. 68841. 70124.] t2_sim:[62792. 62692. 62191.]
Task is 37.00% complete.
t1_sim:[64312. 64102. 63749.] t2_sim:[63262. 63053. 62759.]
Task is 38.00% complete.
t1_sim:[56328. 56239. 55597.] t2_sim:[65750. 65741. 66408.]
Task is 39.00% complete.
t1_sim:[64501. 64386. 61157.] t2_sim:[63455. 63327. 61938.]
Task is 40.00% complete.
t1_sim:[64206. 64607. 64682.] t2_sim:[65387. 65306. 63940.]
Task is 41.00% complete.
t1_sim:[65190. 65360. 67554.] t2_sim:[68464. 68663. 68574.]
Task is 42.00% complete.
t1_sim:[67172. 67013. 65091.] t2_sim:[67124. 66789. 65853.]
Task is 43.00% complete.
t1_sim:[61621. 61744. 62225.] t2_sim:[64133. 64071. 64057.]
Task is 44.00% complete.
t1_sim:[58716. 58295. 57626.] t2_sim:[60804. 61171. 63010.]
Task is 45.00% complete.
t1_sim:[68226. 68102. 68582.] t2_sim:[57917. 57986. 60102.]
Task is 46.00% complete.
t1_sim:[58953. 58742. 59421.] t2_sim:[63321. 63003. 62814.]
Task is 47.00% complete.
t1_sim:[61321. 60762. 58429.] t2_sim:[63902. 63984. 63983.]
Task is 48.00% complete.
t1_sim:[70845. 70558. 68270.] t2_sim:[60075. 59737. 60374.]
Task is 49.00% complete.
t1_sim:[64256. 64028. 65724.] t2_sim:[63878. 64059. 59799.]
Task is 50.00% complete.
t1_sim:[61063. 61262. 61184.] t2_sim:[58738. 58359. 57863.]
Task is 51.00% complete.
t1_sim:[61679. 61351. 61301.] t2_sim:[62409. 62489. 62977.]
Task is 52.00% complete.
t1_sim:[65152. 64984. 62608.] t2_sim:[69290. 69399. 69899.]
Task is 53.00% complete.
t1_sim:[65308. 64960. 63269.] t2_sim:[60103. 60419. 58663.]
Task is 54.00% complete.
t1_sim:[65590. 65541. 66959.] t2_sim:[61619. 62102. 59533.]
Task is 55.00% complete.
t1_sim:[66348. 66781. 66511.] t2_sim:[61680. 61635. 58047.]
Task is 56.00% complete.
t1_sim:[63894. 63702. 63174.] t2_sim:[58387. 58342. 59119.]
Task is 57.00% complete.
t1_sim:[69170. 69193. 68844.] t2_sim:[58530. 58836. 61909.]
Task is 58.00% complete.
t1_sim:[65930. 65795. 65234.] t2_sim:[59387. 59753. 59240.]
Task is 59.00% complete.
t1_sim:[62181. 62248. 63130.] t2_sim:[65913. 65740. 64966.]
Task is 60.00% complete.
t1_sim:[57861. 57755. 59462.] t2_sim:[58556. 58757. 58207.]
Task is 61.00% complete.
t1_sim:[57307. 56918. 55320.] t2_sim:[64544. 64487. 64417.]
Task is 62.00% complete.
t1_sim:[59899. 59860. 62603.] t2_sim:[59014. 58930. 58760.]
Task is 63.00% complete.
t1_sim:[63528. 63866. 61774.] t2_sim:[60220. 60179. 61372.]
Task is 64.00% complete.
t1_sim:[64685. 64965. 63830.] t2_sim:[66049. 66745. 66424.]
Task is 65.00% complete.
t1_sim:[56336. 56527. 57073.] t2_sim:[61953. 62168. 64377.]
Task is 66.00% complete.
t1_sim:[62730. 62719. 63708.] t2_sim:[65645. 65472. 63768.]
Task is 67.00% complete.
t1_sim:[60353. 60529. 61640.] t2_sim:[61932. 61646. 60626.]
Task is 68.00% complete.
t1_sim:[67513. 67274. 65115.] t2_sim:[58595. 58328. 57944.]
Task is 69.00% complete.
t1_sim:[64853. 65099. 65010.] t2_sim:[62493. 62535. 64453.]
Task is 70.00% complete.
t1_sim:[63471. 63439. 62548.] t2_sim:[62543. 62621. 63115.]
Task is 71.00% complete.
t1_sim:[61475. 61731. 61370.] t2_sim:[59562. 59697. 58645.]
Task is 72.00% complete.
t1_sim:[61694. 61461. 60254.] t2_sim:[63711. 63538. 61962.]
Task is 73.00% complete.
t1_sim:[57545. 57765. 58646.] t2_sim:[67973. 68011. 65634.]
Task is 74.00% complete.
t1_sim:[61868. 61596. 61085.] t2_sim:[62427. 62845. 61200.]
Task is 75.00% complete.
t1_sim:[67326. 66943. 64923.] t2_sim:[64051. 63819. 62320.]
Task is 76.00% complete.
t1_sim:[67212. 67015. 65589.] t2_sim:[58639. 58887. 58165.]
Task is 77.00% complete.
t1_sim:[65175. 65620. 66289.] t2_sim:[61281. 61216. 62401.]
Task is 78.00% complete.
t1_sim:[60352. 60499. 58484.] t2_sim:[63480. 63151. 63229.]
Task is 79.00% complete.
t1_sim:[64465. 64249. 62120.] t2_sim:[58072. 58050. 56536.]
Task is 80.00% complete.
t1_sim:[59729. 59586. 61027.] t2_sim:[58769. 58902. 59776.]
Task is 81.00% complete.
t1_sim:[65779. 65537. 66770.] t2_sim:[62611. 62379. 61602.]
Task is 82.00% complete.
t1_sim:[63026. 62763. 61124.] t2_sim:[65440. 65397. 64880.]
Task is 83.00% complete.
t1_sim:[60943. 60947. 58889.] t2_sim:[60461. 60118. 61036.]
Task is 84.00% complete.
t1_sim:[63401. 63358. 62131.] t2_sim:[63340. 62777. 60639.]
Task is 85.00% complete.
t1_sim:[66479. 66462. 66498.] t2_sim:[59048. 59194. 61720.]
Task is 86.00% complete.
t1_sim:[62573. 62406. 66258.] t2_sim:[66812. 67248. 67124.]
Task is 87.00% complete.
t1_sim:[56779. 56735. 58458.] t2_sim:[58468. 58201. 59684.]
Task is 88.00% complete.
t1_sim:[63628. 63408. 61938.] t2_sim:[66298. 66575. 67545.]
Task is 89.00% complete.
t1_sim:[63247. 63200. 59467.] t2_sim:[63333. 63370. 64593.]
Task is 90.00% complete.
t1_sim:[63945. 63585. 64629.] t2_sim:[59967. 60081. 60790.]
Task is 91.00% complete.
t1_sim:[63882. 64057. 63369.] t2_sim:[62504. 62737. 61730.]
Task is 92.00% complete.
t1_sim:[66701. 66974. 66992.] t2_sim:[66847. 66666. 66032.]
Task is 93.00% complete.
t1_sim:[68225. 67949. 67149.] t2_sim:[62979. 63242. 64816.]
Task is 94.00% complete.
t1_sim:[58345. 58514. 55643.] t2_sim:[57291. 57497. 56603.]
Task is 95.00% complete.
t1_sim:[58385. 58619. 59580.] t2_sim:[63654. 63693. 63911.]
Task is 96.00% complete.
t1_sim:[58947. 58824. 59141.] t2_sim:[55376. 55462. 56310.]
Task is 97.00% complete.
t1_sim:[63275. 63356. 64379.] t2_sim:[67173. 66824. 66901.]
Task is 98.00% complete.
t1_sim:[65776. 65983. 65362.] t2_sim:[65956. 65943. 62813.]
Task is 99.00% complete.
t1_sim:[65259. 65443. 63330.] t2_sim:[63910. 64336. 67877.]
Finished
