/scratch/jz4721/Post-prediction-Causal-Inference/venv/lib/python3.8/site-packages/numpy/core/getlimits.py:518: UserWarning: The value of the smallest subnormal for <class 'numpy.float64'> type is zero.
  setattr(self, word, getattr(machar, word).flat[0])
/scratch/jz4721/Post-prediction-Causal-Inference/venv/lib/python3.8/site-packages/numpy/core/getlimits.py:89: UserWarning: The value of the smallest subnormal for <class 'numpy.float64'> type is zero.
  return self._float_to_str(self.smallest_subnormal)
/scratch/jz4721/Post-prediction-Causal-Inference/venv/lib/python3.8/site-packages/numpy/core/getlimits.py:518: UserWarning: The value of the smallest subnormal for <class 'numpy.float32'> type is zero.
  setattr(self, word, getattr(machar, word).flat[0])
/scratch/jz4721/Post-prediction-Causal-Inference/venv/lib/python3.8/site-packages/numpy/core/getlimits.py:89: UserWarning: The value of the smallest subnormal for <class 'numpy.float32'> type is zero.
  return self._float_to_str(self.smallest_subnormal)
Training start
t1_obs:[array(62453.), array(62537.), array(61366.)] t2_obs:[array(58200.), array(58146.), array(62334.)]
corr_G1:[None, None, 0] corr_G2:[None, None, 0]
Training end
Task is 0.00% complete.
t1_sim:[62901. 62783. 62668.] t2_sim:[63247. 63377. 62074.]
Task is 1.00% complete.
t1_sim:[57026. 57093. 63088.] t2_sim:[59655. 59444. 58618.]
Task is 2.00% complete.
t1_sim:[64411. 64273. 65139.] t2_sim:[62159. 62171. 64883.]
Task is 3.00% complete.
t1_sim:[68474. 68675. 68859.] t2_sim:[65420. 65346. 64563.]
Task is 4.00% complete.
t1_sim:[58820. 59231. 60548.] t2_sim:[62260. 62196. 59573.]
Task is 5.00% complete.
t1_sim:[57135. 57622. 56975.] t2_sim:[61785. 61796. 67982.]
Task is 6.00% complete.
t1_sim:[61829. 61822. 60917.] t2_sim:[56602. 56936. 59770.]
Task is 7.00% complete.
t1_sim:[58934. 58931. 56077.] t2_sim:[63314. 62992. 62421.]
Task is 8.00% complete.
t1_sim:[64241. 64435. 61432.] t2_sim:[67644. 67614. 65033.]
Task is 9.00% complete.
t1_sim:[65616. 66031. 64933.] t2_sim:[58355. 58393. 59930.]
Task is 10.00% complete.
t1_sim:[61712. 61788. 64851.] t2_sim:[57906. 57939. 59187.]
Task is 11.00% complete.
t1_sim:[65245. 65270. 67769.] t2_sim:[71724. 71654. 70038.]
Task is 12.00% complete.
t1_sim:[59282. 59339. 61259.] t2_sim:[59578. 60005. 61358.]
Task is 13.00% complete.
t1_sim:[62433. 62674. 60782.] t2_sim:[59173. 58974. 57384.]
Task is 14.00% complete.
t1_sim:[59861. 59688. 59930.] t2_sim:[66013. 65804. 67397.]
Task is 15.00% complete.
t1_sim:[59663. 59524. 60688.] t2_sim:[63135. 63300. 65611.]
Task is 16.00% complete.
t1_sim:[59741. 59644. 61586.] t2_sim:[65793. 65817. 67077.]
Task is 17.00% complete.
t1_sim:[61544. 61581. 64068.] t2_sim:[66258. 66261. 68062.]
Task is 18.00% complete.
t1_sim:[58146. 58268. 61061.] t2_sim:[61605. 61386. 62159.]
Task is 19.00% complete.
t1_sim:[65126. 64972. 65327.] t2_sim:[62373. 62515. 59047.]
Task is 20.00% complete.
t1_sim:[60401. 60208. 65119.] t2_sim:[54780. 54879. 55489.]
Task is 21.00% complete.
t1_sim:[59515. 59704. 54951.] t2_sim:[61168. 61117. 57822.]
Task is 22.00% complete.
t1_sim:[56945. 56946. 60776.] t2_sim:[60531. 60523. 59503.]
Task is 23.00% complete.
t1_sim:[59146. 59199. 59429.] t2_sim:[63495. 63427. 65107.]
Task is 24.00% complete.
t1_sim:[66005. 66517. 65578.] t2_sim:[59772. 60274. 64605.]
Task is 25.00% complete.
t1_sim:[58094. 58156. 55325.] t2_sim:[67602. 67748. 66559.]
Task is 26.00% complete.
t1_sim:[66894. 66520. 65921.] t2_sim:[66360. 65922. 63933.]
Task is 27.00% complete.
t1_sim:[63367. 63120. 61543.] t2_sim:[64031. 63875. 64245.]
Task is 28.00% complete.
t1_sim:[57985. 58186. 57112.] t2_sim:[59127. 59398. 62476.]
Task is 29.00% complete.
t1_sim:[62691. 62781. 62291.] t2_sim:[65984. 65965. 66035.]
Task is 30.00% complete.
t1_sim:[60226. 60836. 59393.] t2_sim:[60926. 61026. 61674.]
Task is 31.00% complete.
t1_sim:[56341. 56117. 56603.] t2_sim:[59841. 59478. 58435.]
Task is 32.00% complete.
t1_sim:[62620. 62442. 60927.] t2_sim:[61057. 61296. 60750.]
Task is 33.00% complete.
t1_sim:[61067. 61444. 63632.] t2_sim:[60767. 60895. 59628.]
Task is 34.00% complete.
t1_sim:[62970. 63110. 67198.] t2_sim:[60400. 60368. 59597.]
Task is 35.00% complete.
t1_sim:[65223. 65546. 61753.] t2_sim:[65401. 65206. 65445.]
Task is 36.00% complete.
t1_sim:[63951. 64200. 65752.] t2_sim:[61141. 61199. 64414.]
Task is 37.00% complete.
t1_sim:[61747. 61774. 62358.] t2_sim:[60317. 60342. 60059.]
Task is 38.00% complete.
t1_sim:[69174. 69281. 68018.] t2_sim:[66028. 65974. 67282.]
Task is 39.00% complete.
t1_sim:[58481. 58401. 61456.] t2_sim:[56188. 56120. 60943.]
Task is 40.00% complete.
t1_sim:[64359. 64185. 67377.] t2_sim:[62579. 62561. 62426.]
Task is 41.00% complete.
t1_sim:[60994. 60800. 61008.] t2_sim:[64962. 65474. 63450.]
Task is 42.00% complete.
t1_sim:[60873. 60923. 61162.] t2_sim:[61330. 61342. 62308.]
Task is 43.00% complete.
t1_sim:[68399. 68288. 66367.] t2_sim:[58964. 58663. 58793.]
Task is 44.00% complete.
t1_sim:[65103. 65138. 61805.] t2_sim:[61340. 61179. 58333.]
Task is 45.00% complete.
t1_sim:[61078. 60963. 58358.] t2_sim:[63596. 63488. 62968.]
Task is 46.00% complete.
t1_sim:[63085. 62435. 61162.] t2_sim:[63565. 63584. 58742.]
Task is 47.00% complete.
t1_sim:[62742. 62570. 61063.] t2_sim:[65657. 65489. 64166.]
Task is 48.00% complete.
t1_sim:[64761. 64743. 67809.] t2_sim:[63300. 63135. 66546.]
Task is 49.00% complete.
t1_sim:[66390. 66063. 64924.] t2_sim:[65032. 65181. 61864.]
Task is 50.00% complete.
t1_sim:[62182. 62174. 59878.] t2_sim:[60372. 60452. 62631.]
Task is 51.00% complete.
t1_sim:[68329. 68330. 66285.] t2_sim:[62281. 62299. 60560.]
Task is 52.00% complete.
t1_sim:[61012. 61515. 62518.] t2_sim:[61638. 61565. 64532.]
Task is 53.00% complete.
t1_sim:[61759. 62004. 60029.] t2_sim:[63325. 63287. 65799.]
Task is 54.00% complete.
t1_sim:[61755. 61651. 60504.] t2_sim:[57924. 58030. 57663.]
Task is 55.00% complete.
t1_sim:[66153. 66301. 67988.] t2_sim:[64155. 63798. 61646.]
Task is 56.00% complete.
t1_sim:[63201. 63261. 60537.] t2_sim:[62271. 62668. 64312.]
Task is 57.00% complete.
t1_sim:[63927. 63755. 60775.] t2_sim:[54024. 53368. 55415.]
Task is 58.00% complete.
t1_sim:[58585. 58644. 58926.] t2_sim:[62530. 62085. 61976.]
Task is 59.00% complete.
t1_sim:[62173. 62271. 65483.] t2_sim:[65451. 65618. 64356.]
Task is 60.00% complete.
t1_sim:[66683. 67231. 65195.] t2_sim:[64147. 64228. 64716.]
Task is 61.00% complete.
t1_sim:[54686. 54420. 56633.] t2_sim:[64307. 63929. 62959.]
Task is 62.00% complete.
t1_sim:[63117. 63440. 61701.] t2_sim:[65218. 65161. 62047.]
Task is 63.00% complete.
t1_sim:[67262. 67312. 65409.] t2_sim:[67489. 67529. 65184.]
Task is 64.00% complete.
t1_sim:[58930. 58701. 57139.] t2_sim:[63143. 63182. 61223.]
Task is 65.00% complete.
t1_sim:[63167. 63446. 61487.] t2_sim:[57543. 57724. 59784.]
Task is 66.00% complete.
t1_sim:[64362. 64670. 63138.] t2_sim:[60206. 60100. 57430.]
Task is 67.00% complete.
t1_sim:[59765. 59766. 60787.] t2_sim:[64043. 64116. 63244.]
Task is 68.00% complete.
t1_sim:[64513. 64567. 68968.] t2_sim:[58699. 58419. 58357.]
Task is 69.00% complete.
t1_sim:[60493. 60353. 61041.] t2_sim:[60398. 60486. 60969.]
Task is 70.00% complete.
t1_sim:[61799. 61769. 62398.] t2_sim:[66539. 66442. 66418.]
Task is 71.00% complete.
t1_sim:[64528. 64715. 63273.] t2_sim:[63242. 63578. 65030.]
Task is 72.00% complete.
t1_sim:[70156. 69927. 70072.] t2_sim:[69836. 70081. 69479.]
Task is 73.00% complete.
t1_sim:[59259. 59170. 61608.] t2_sim:[59600. 59561. 63464.]
Task is 74.00% complete.
t1_sim:[67463. 67220. 66134.] t2_sim:[66881. 66937. 66247.]
Task is 75.00% complete.
t1_sim:[60943. 60950. 62416.] t2_sim:[65233. 65228. 64904.]
Task is 76.00% complete.
t1_sim:[62039. 62284. 60550.] t2_sim:[63737. 63587. 64549.]
Task is 77.00% complete.
t1_sim:[57417. 57368. 60302.] t2_sim:[62379. 62466. 62558.]
Task is 78.00% complete.
t1_sim:[65942. 66279. 66435.] t2_sim:[64843. 65299. 63763.]
Task is 79.00% complete.
t1_sim:[65569. 64996. 63073.] t2_sim:[64552. 64946. 64417.]
Task is 80.00% complete.
t1_sim:[67336. 67696. 66189.] t2_sim:[59223. 59544. 60765.]
Task is 81.00% complete.
t1_sim:[64519. 64581. 63474.] t2_sim:[57224. 56808. 59538.]
Task is 82.00% complete.
t1_sim:[57493. 56995. 56413.] t2_sim:[67464. 67665. 64624.]
Task is 83.00% complete.
t1_sim:[59344. 59373. 63246.] t2_sim:[64315. 64397. 64679.]
Task is 84.00% complete.
t1_sim:[63051. 62677. 64240.] t2_sim:[57396. 57392. 59185.]
Task is 85.00% complete.
t1_sim:[60271. 60538. 62306.] t2_sim:[62216. 62525. 64629.]
Task is 86.00% complete.
t1_sim:[62634. 62544. 62787.] t2_sim:[61766. 61897. 62445.]
Task is 87.00% complete.
t1_sim:[66704. 66549. 66112.] t2_sim:[63072. 63135. 63873.]
Task is 88.00% complete.
t1_sim:[59148. 59210. 60700.] t2_sim:[65506. 65607. 65062.]
Task is 89.00% complete.
t1_sim:[62009. 62161. 61890.] t2_sim:[61289. 61296. 61517.]
Task is 90.00% complete.
t1_sim:[65522. 65070. 61727.] t2_sim:[66105. 66218. 68343.]
Task is 91.00% complete.
t1_sim:[57263. 57201. 58309.] t2_sim:[58363. 58471. 58793.]
Task is 92.00% complete.
t1_sim:[62525. 62521. 61386.] t2_sim:[58673. 58367. 58150.]
Task is 93.00% complete.
t1_sim:[65369. 65609. 64903.] t2_sim:[59914. 59900. 60614.]
Task is 94.00% complete.
t1_sim:[63124. 63312. 65042.] t2_sim:[66186. 66195. 64775.]
Task is 95.00% complete.
t1_sim:[65116. 65537. 63671.] t2_sim:[59567. 59496. 58203.]
Task is 96.00% complete.
t1_sim:[65228. 65020. 66580.] t2_sim:[64294. 64556. 66736.]
Task is 97.00% complete.
t1_sim:[60879. 60763. 58629.] t2_sim:[66891. 66478. 65387.]
Task is 98.00% complete.
t1_sim:[61988. 61862. 59785.] t2_sim:[58938. 58960. 60345.]
Task is 99.00% complete.
t1_sim:[57613. 57846. 57658.] t2_sim:[62569. 62708. 58006.]
Training start
t1_obs:[array(62453.), array(62537.), array(62674.)] t2_obs:[array(58200.), array(58146.), array(59574.)]
corr_G1:[None, None, 0.9715383269945669] corr_G2:[None, None, 0.9971635174838762]
Training end
Task is 0.00% complete.
t1_sim:[60882. 60579. 60762.] t2_sim:[60797. 61314. 60478.]
Task is 1.00% complete.
t1_sim:[63072. 63052. 61209.] t2_sim:[64290. 64830. 63020.]
Task is 2.00% complete.
t1_sim:[62803. 62771. 62258.] t2_sim:[64065. 64102. 62815.]
Task is 3.00% complete.
t1_sim:[65410. 65267. 63630.] t2_sim:[62210. 62315. 63308.]
Task is 4.00% complete.
t1_sim:[63576. 63705. 61832.] t2_sim:[63544. 63593. 62474.]
Task is 5.00% complete.
t1_sim:[64174. 64311. 64647.] t2_sim:[59108. 59448. 60309.]
Task is 6.00% complete.
t1_sim:[65467. 65285. 65414.] t2_sim:[60369. 60371. 60130.]
Task is 7.00% complete.
t1_sim:[66456. 66301. 66808.] t2_sim:[68452. 68268. 68223.]
Task is 8.00% complete.
t1_sim:[59873. 59316. 58095.] t2_sim:[61545. 61377. 59645.]
Task is 9.00% complete.
t1_sim:[63646. 63604. 62160.] t2_sim:[58568. 58681. 57679.]
Task is 10.00% complete.
t1_sim:[64767. 65217. 66073.] t2_sim:[56178. 56488. 57994.]
Task is 11.00% complete.
t1_sim:[60724. 60405. 60378.] t2_sim:[62064. 62162. 61718.]
Task is 12.00% complete.
t1_sim:[64591. 64908. 65133.] t2_sim:[64048. 63891. 64657.]
Task is 13.00% complete.
t1_sim:[58239. 58428. 58355.] t2_sim:[61886. 62330. 64098.]
Task is 14.00% complete.
t1_sim:[59849. 59614. 59291.] t2_sim:[68779. 68653. 69554.]
Task is 15.00% complete.
t1_sim:[59689. 59449. 59449.] t2_sim:[60824. 60820. 59842.]
Task is 16.00% complete.
t1_sim:[62891. 62893. 61121.] t2_sim:[67531. 68170. 67642.]
Task is 17.00% complete.
t1_sim:[68190. 68130. 69007.] t2_sim:[57464. 57965. 56888.]
Task is 18.00% complete.
t1_sim:[65409. 65262. 64566.] t2_sim:[63989. 63668. 63083.]
Task is 19.00% complete.
t1_sim:[61356. 61438. 61193.] t2_sim:[67458. 67832. 65910.]
Task is 20.00% complete.
t1_sim:[54444. 54489. 55240.] t2_sim:[60909. 60447. 61646.]
Task is 21.00% complete.
t1_sim:[67248. 67328. 66425.] t2_sim:[59582. 59826. 59142.]
Task is 22.00% complete.
t1_sim:[64352. 64622. 65658.] t2_sim:[61450. 61427. 60000.]
Task is 23.00% complete.
t1_sim:[63152. 63187. 63954.] t2_sim:[65536. 65230. 64959.]
Task is 24.00% complete.
t1_sim:[69588. 69684. 69635.] t2_sim:[61616. 61539. 60967.]
Task is 25.00% complete.
t1_sim:[59118. 59097. 60727.] t2_sim:[63151. 63369. 62584.]
Task is 26.00% complete.
t1_sim:[64929. 64975. 65227.] t2_sim:[59737. 59946. 60891.]
Task is 27.00% complete.
t1_sim:[64660. 64340. 65468.] t2_sim:[57256. 57433. 56092.]
Task is 28.00% complete.
t1_sim:[61097. 61191. 60426.] t2_sim:[56277. 56288. 57888.]
Task is 29.00% complete.
t1_sim:[61437. 61147. 63236.] t2_sim:[60491. 60409. 59423.]
Task is 30.00% complete.
t1_sim:[69917. 69680. 68508.] t2_sim:[62001. 61947. 62360.]
Task is 31.00% complete.
t1_sim:[63021. 62651. 63557.] t2_sim:[64438. 64570. 64439.]
Task is 32.00% complete.
t1_sim:[64733. 64732. 64317.] t2_sim:[64467. 64441. 64268.]
Task is 33.00% complete.
t1_sim:[61817. 61719. 63174.] t2_sim:[61231. 60915. 59160.]
Task is 34.00% complete.
t1_sim:[60521. 60622. 60118.] t2_sim:[57523. 57765. 59979.]
Task is 35.00% complete.
t1_sim:[62194. 62245. 62152.] t2_sim:[65983. 65510. 67185.]
Task is 36.00% complete.
t1_sim:[65374. 65737. 67777.] t2_sim:[70859. 71113. 71835.]
Task is 37.00% complete.
t1_sim:[65942. 65989. 65547.] t2_sim:[65337. 64943. 64969.]
Task is 38.00% complete.
t1_sim:[63449. 63441. 65552.] t2_sim:[61440. 61280. 61811.]
Task is 39.00% complete.
t1_sim:[64748. 65258. 66861.] t2_sim:[59895. 60067. 61459.]
Task is 40.00% complete.
t1_sim:[64269. 64031. 64937.] t2_sim:[62426. 62813. 62893.]
Task is 41.00% complete.
t1_sim:[62714. 62619. 63638.] t2_sim:[56410. 55801. 55797.]
Task is 42.00% complete.
t1_sim:[62231. 62226. 62631.] t2_sim:[66373. 66504. 68135.]
Task is 43.00% complete.
t1_sim:[60854. 60581. 61738.] t2_sim:[62953. 62740. 64848.]
Task is 44.00% complete.
t1_sim:[55031. 54938. 56444.] t2_sim:[66673. 66581. 66264.]
Task is 45.00% complete.
t1_sim:[64540. 64798. 65121.] t2_sim:[61893. 62163. 63577.]
Task is 46.00% complete.
t1_sim:[63256. 63314. 63455.] t2_sim:[63808. 63851. 62396.]
Task is 47.00% complete.
t1_sim:[58565. 58390. 57394.] t2_sim:[58812. 58737. 59299.]
Task is 48.00% complete.
t1_sim:[64992. 64908. 64426.] t2_sim:[59534. 59863. 59963.]
Task is 49.00% complete.
t1_sim:[63821. 64004. 64611.] t2_sim:[60364. 60319. 60795.]
Task is 50.00% complete.
t1_sim:[60274. 60201. 59230.] t2_sim:[60578. 61079. 62509.]
Task is 51.00% complete.
t1_sim:[59905. 59762. 60654.] t2_sim:[59399. 59670. 61665.]
Task is 52.00% complete.
t1_sim:[64411. 64139. 62066.] t2_sim:[63234. 63268. 63460.]
Task is 53.00% complete.
t1_sim:[55007. 54853. 54259.] t2_sim:[61938. 61690. 60928.]
Task is 54.00% complete.
t1_sim:[62220. 62305. 63616.] t2_sim:[61836. 62008. 61861.]
Task is 55.00% complete.
t1_sim:[62160. 62122. 62774.] t2_sim:[60370. 60188. 59263.]
Task is 56.00% complete.
t1_sim:[61974. 62301. 61642.] t2_sim:[62110. 62614. 63577.]
Task is 57.00% complete.
t1_sim:[66818. 66847. 66126.] t2_sim:[66968. 66455. 61575.]
Task is 58.00% complete.
t1_sim:[59269. 59289. 59881.] t2_sim:[65826. 65553. 63790.]
Task is 59.00% complete.
t1_sim:[68102. 68268. 69785.] t2_sim:[60924. 60622. 62879.]
Task is 60.00% complete.
t1_sim:[57841. 57963. 57723.] t2_sim:[65761. 65642. 65690.]
Task is 61.00% complete.
t1_sim:[63334. 63136. 64545.] t2_sim:[60359. 60436. 62390.]
Task is 62.00% complete.
t1_sim:[59345. 59434. 58509.] t2_sim:[59686. 59908. 60572.]
Task is 63.00% complete.
t1_sim:[64568. 64491. 64272.] t2_sim:[63317. 63709. 63730.]
Task is 64.00% complete.
t1_sim:[60045. 60163. 61386.] t2_sim:[63007. 62784. 63313.]
Task is 65.00% complete.
t1_sim:[54339. 54317. 55518.] t2_sim:[64442. 64299. 63788.]
Task is 66.00% complete.
t1_sim:[62597. 62862. 62901.] t2_sim:[62435. 62166. 58668.]
Task is 67.00% complete.
t1_sim:[60106. 59891. 60312.] t2_sim:[57739. 57624. 56039.]
Task is 68.00% complete.
t1_sim:[64779. 64660. 67598.] t2_sim:[60435. 60707. 63828.]
Task is 69.00% complete.
t1_sim:[66380. 66483. 68111.] t2_sim:[65151. 65099. 64787.]
Task is 70.00% complete.
t1_sim:[58853. 58969. 59230.] t2_sim:[69441. 69597. 72677.]
Task is 71.00% complete.
t1_sim:[63856. 63811. 62996.] t2_sim:[69983. 69951. 69176.]
Task is 72.00% complete.
t1_sim:[62593. 62856. 64596.] t2_sim:[60678. 61108. 60024.]
Task is 73.00% complete.
t1_sim:[65721. 65586. 67677.] t2_sim:[60892. 60924. 60837.]
Task is 74.00% complete.
t1_sim:[68537. 68336. 68384.] t2_sim:[63030. 63057. 61689.]
Task is 75.00% complete.
t1_sim:[63555. 63429. 61649.] t2_sim:[61701. 61420. 60229.]
Task is 76.00% complete.
t1_sim:[64558. 64790. 64364.] t2_sim:[62247. 62614. 63097.]
Task is 77.00% complete.
t1_sim:[68382. 68601. 69915.] t2_sim:[64659. 64794. 62796.]
Task is 78.00% complete.
t1_sim:[65693. 66061. 64858.] t2_sim:[55598. 55492. 55731.]
Task is 79.00% complete.
t1_sim:[58523. 59002. 60865.] t2_sim:[61291. 61038. 59471.]
Task is 80.00% complete.
t1_sim:[62216. 61867. 63734.] t2_sim:[68278. 68457. 67335.]
Task is 81.00% complete.
t1_sim:[64849. 64572. 62753.] t2_sim:[57937. 58366. 58112.]
Task is 82.00% complete.
t1_sim:[65361. 65245. 63340.] t2_sim:[58838. 58985. 61011.]
Task is 83.00% complete.
t1_sim:[60497. 60171. 60167.] t2_sim:[63803. 63739. 62133.]
Task is 84.00% complete.
t1_sim:[60835. 61007. 61114.] t2_sim:[64930. 65222. 64252.]
Task is 85.00% complete.
t1_sim:[56938. 56737. 58632.] t2_sim:[64215. 64218. 64454.]
Task is 86.00% complete.
t1_sim:[65753. 65643. 63358.] t2_sim:[61335. 61439. 62314.]
Task is 87.00% complete.
t1_sim:[62839. 63055. 65259.] t2_sim:[61591. 61336. 63119.]
Task is 88.00% complete.
t1_sim:[62057. 62108. 63508.] t2_sim:[60862. 61535. 60853.]
Task is 89.00% complete.
t1_sim:[58963. 59223. 58772.] t2_sim:[58938. 58996. 57044.]
Task is 90.00% complete.
t1_sim:[66513. 66493. 64834.] t2_sim:[61952. 62205. 62426.]
Task is 91.00% complete.
t1_sim:[62580. 62346. 61787.] t2_sim:[62797. 62791. 63088.]
Task is 92.00% complete.
t1_sim:[58344. 58474. 56860.] t2_sim:[55985. 56659. 58556.]
Task is 93.00% complete.
t1_sim:[61648. 61383. 60693.] t2_sim:[64540. 64417. 64129.]
Task is 94.00% complete.
t1_sim:[64963. 64694. 62440.] t2_sim:[66958. 66998. 66085.]
Task is 95.00% complete.
t1_sim:[64844. 65237. 66987.] t2_sim:[67949. 67730. 67603.]
Task is 96.00% complete.
t1_sim:[61545. 61543. 61430.] t2_sim:[58790. 59151. 59812.]
Task is 97.00% complete.
t1_sim:[57598. 57698. 58188.] t2_sim:[66032. 65978. 65998.]
Task is 98.00% complete.
t1_sim:[64047. 63783. 62934.] t2_sim:[58743. 58722. 59895.]
Task is 99.00% complete.
t1_sim:[65418. 65341. 65764.] t2_sim:[64991. 65166. 66350.]
Training start
t1_obs:[array(62453.), array(62537.), array(63128.)] t2_obs:[array(58200.), array(58146.), array(59582.)]
corr_G1:[None, None, -0.02566228547167501] corr_G2:[None, None, 0.04187641311749767]
Training end
Task is 0.00% complete.
t1_sim:[63530. 63228. 61476.] t2_sim:[58678. 58611. 59738.]
Task is 1.00% complete.
t1_sim:[65908. 66031. 66651.] t2_sim:[67228. 67076. 67094.]
Task is 2.00% complete.
t1_sim:[64434. 64287. 62038.] t2_sim:[63676. 63555. 62671.]
Task is 3.00% complete.
t1_sim:[60900. 60992. 59005.] t2_sim:[63991. 63857. 64049.]
Task is 4.00% complete.
t1_sim:[61074. 60830. 59006.] t2_sim:[56529. 56731. 58687.]
Task is 5.00% complete.
t1_sim:[61008. 61052. 61602.] t2_sim:[65392. 64890. 62551.]
Task is 6.00% complete.
t1_sim:[63614. 63296. 64537.] t2_sim:[61330. 61388. 60883.]
Task is 7.00% complete.
t1_sim:[56491. 56460. 55291.] t2_sim:[67194. 67135. 64860.]
Task is 8.00% complete.
t1_sim:[58016. 57578. 57296.] t2_sim:[61698. 61411. 63184.]
Task is 9.00% complete.
t1_sim:[63810. 63797. 62475.] t2_sim:[61175. 61198. 62233.]
Task is 10.00% complete.
t1_sim:[66068. 65960. 66690.] t2_sim:[57675. 57376. 56330.]
Task is 11.00% complete.
t1_sim:[64476. 64276. 65001.] t2_sim:[61020. 60952. 61817.]
Task is 12.00% complete.
t1_sim:[61577. 61389. 61489.] t2_sim:[61090. 60496. 58878.]
Task is 13.00% complete.
t1_sim:[60369. 60319. 58998.] t2_sim:[59318. 59111. 56191.]
Task is 14.00% complete.
t1_sim:[63170. 63147. 62015.] t2_sim:[64419. 64272. 65421.]
Task is 15.00% complete.
t1_sim:[69570. 69540. 70467.] t2_sim:[66098. 65846. 66033.]
Task is 16.00% complete.
t1_sim:[66327. 66584. 68716.] t2_sim:[63649. 63522. 63571.]
Task is 17.00% complete.
t1_sim:[55950. 55594. 55789.] t2_sim:[64464. 64693. 66514.]
Task is 18.00% complete.
t1_sim:[67472. 67696. 66826.] t2_sim:[65083. 64846. 64328.]
Task is 19.00% complete.
t1_sim:[63154. 63086. 64265.] t2_sim:[58893. 58863. 61468.]
Task is 20.00% complete.
t1_sim:[62712. 62707. 62653.] t2_sim:[64469. 64103. 62722.]
Task is 21.00% complete.
t1_sim:[64885. 65179. 64433.] t2_sim:[63400. 62832. 62638.]
Task is 22.00% complete.
t1_sim:[63573. 63677. 63328.] t2_sim:[64581. 64906. 65578.]
Task is 23.00% complete.
t1_sim:[63607. 63578. 63759.] t2_sim:[60093. 60084. 58721.]
Task is 24.00% complete.
t1_sim:[56816. 56508. 56805.] t2_sim:[57426. 57474. 55622.]
Task is 25.00% complete.
t1_sim:[61650. 61717. 62213.] t2_sim:[60857. 60689. 61213.]
Task is 26.00% complete.
t1_sim:[64197. 64050. 62830.] t2_sim:[65122. 64778. 67054.]
Task is 27.00% complete.
t1_sim:[62014. 61595. 60672.] t2_sim:[61900. 62095. 63644.]
Task is 28.00% complete.
t1_sim:[61465. 61332. 61704.] t2_sim:[67386. 67397. 67821.]
Task is 29.00% complete.
t1_sim:[58689. 58302. 58080.] t2_sim:[58142. 58261. 59925.]
Task is 30.00% complete.
t1_sim:[62761. 63160. 65540.] t2_sim:[55219. 55383. 53212.]
Task is 31.00% complete.
t1_sim:[63995. 64188. 63415.] t2_sim:[67249. 67656. 66451.]
Task is 32.00% complete.
t1_sim:[57318. 57451. 55734.] t2_sim:[64588. 65163. 66129.]
Task is 33.00% complete.
t1_sim:[60664. 60758. 62329.] t2_sim:[62024. 61771. 63697.]
Task is 34.00% complete.
t1_sim:[65222. 64770. 64995.] t2_sim:[61091. 61160. 60167.]
Task is 35.00% complete.
t1_sim:[62728. 62325. 62449.] t2_sim:[64150. 64292. 65820.]
Task is 36.00% complete.
t1_sim:[62342. 62419. 63112.] t2_sim:[63556. 63474. 64816.]
Task is 37.00% complete.
t1_sim:[61244. 60589. 58818.] t2_sim:[62580. 62289. 62746.]
Task is 38.00% complete.
t1_sim:[69943. 70131. 68475.] t2_sim:[59661. 59671. 60066.]
Task is 39.00% complete.
t1_sim:[62387. 62477. 63047.] t2_sim:[63612. 64126. 61999.]
Task is 40.00% complete.
t1_sim:[58346. 58340. 57247.] t2_sim:[62801. 62661. 61925.]
Task is 41.00% complete.
t1_sim:[57294. 57131. 56724.] t2_sim:[57395. 57442. 59219.]
Task is 42.00% complete.
t1_sim:[64692. 64887. 67544.] t2_sim:[61712. 62042. 63280.]
Task is 43.00% complete.
t1_sim:[64359. 64418. 64170.] t2_sim:[60332. 60408. 60613.]
Task is 44.00% complete.
t1_sim:[61231. 61064. 60297.] t2_sim:[65918. 65823. 64515.]
Task is 45.00% complete.
t1_sim:[58539. 58495. 58773.] t2_sim:[62691. 62371. 62754.]
Task is 46.00% complete.
t1_sim:[61296. 61059. 59928.] t2_sim:[64108. 63635. 63983.]
Task is 47.00% complete.
t1_sim:[68606. 68570. 66841.] t2_sim:[65659. 65928. 67658.]
Task is 48.00% complete.
t1_sim:[65933. 65937. 64352.] t2_sim:[64925. 65081. 65483.]
Task is 49.00% complete.
t1_sim:[62765. 62429. 61856.] t2_sim:[63913. 64154. 63409.]
Task is 50.00% complete.
t1_sim:[61278. 61727. 63557.] t2_sim:[68443. 68365. 65933.]
Task is 51.00% complete.
t1_sim:[70156. 69804. 71481.] t2_sim:[67085. 67205. 65715.]
Task is 52.00% complete.
t1_sim:[64582. 64764. 63676.] t2_sim:[66168. 65849. 65416.]
Task is 53.00% complete.
t1_sim:[61720. 61833. 61141.] t2_sim:[57169. 57124. 57453.]
Task is 54.00% complete.
t1_sim:[65419. 65637. 64769.] t2_sim:[61350. 61406. 61245.]
Task is 55.00% complete.
t1_sim:[65015. 64893. 61641.] t2_sim:[59986. 60153. 62699.]
Task is 56.00% complete.
t1_sim:[60663. 60795. 61063.] t2_sim:[61032. 61390. 60854.]
Task is 57.00% complete.
t1_sim:[61400. 61159. 60040.] t2_sim:[65566. 65842. 67667.]
Task is 58.00% complete.
t1_sim:[60690. 60954. 59697.] t2_sim:[63558. 63841. 64564.]
Task is 59.00% complete.
t1_sim:[66009. 66030. 66375.] t2_sim:[63023. 62769. 61700.]
Task is 60.00% complete.
t1_sim:[56170. 56282. 55747.] t2_sim:[68181. 67848. 65030.]
Task is 61.00% complete.
t1_sim:[57717. 57464. 56857.] t2_sim:[61735. 61511. 61742.]
Task is 62.00% complete.
t1_sim:[65678. 65579. 63931.] t2_sim:[64510. 64609. 65898.]
Task is 63.00% complete.
t1_sim:[60563. 60568. 60214.] t2_sim:[69044. 69290. 69585.]
Task is 64.00% complete.
t1_sim:[63763. 63642. 64519.] t2_sim:[62471. 62400. 62292.]
Task is 65.00% complete.
t1_sim:[64032. 64337. 65726.] t2_sim:[63757. 63697. 64290.]
Task is 66.00% complete.
t1_sim:[61346. 61367. 61940.] t2_sim:[59999. 60122. 59965.]
Task is 67.00% complete.
t1_sim:[62597. 62714. 64217.] t2_sim:[63436. 63775. 62358.]
Task is 68.00% complete.
t1_sim:[59059. 58937. 60853.] t2_sim:[60601. 60844. 61858.]
Task is 69.00% complete.
t1_sim:[65653. 65770. 63984.] t2_sim:[59139. 59162. 58329.]
Task is 70.00% complete.
t1_sim:[66433. 66500. 65010.] t2_sim:[65010. 65250. 66099.]
Task is 71.00% complete.
t1_sim:[64911. 64942. 64141.] t2_sim:[59331. 59733. 60719.]
Task is 72.00% complete.
t1_sim:[60285. 60473. 61157.] t2_sim:[60059. 60391. 62660.]
Task is 73.00% complete.
t1_sim:[62756. 62991. 60124.] t2_sim:[55392. 55132. 57746.]
Task is 74.00% complete.
t1_sim:[59190. 59103. 58594.] t2_sim:[65057. 65435. 65025.]
Task is 75.00% complete.
t1_sim:[60173. 59966. 59902.] t2_sim:[58877. 58990. 59038.]
Task is 76.00% complete.
t1_sim:[57222. 57561. 58358.] t2_sim:[61764. 62155. 63300.]
Task is 77.00% complete.
t1_sim:[64172. 64042. 64965.] t2_sim:[60746. 61012. 61428.]
Task is 78.00% complete.
t1_sim:[61888. 61993. 62147.] t2_sim:[55595. 55284. 57007.]
Task is 79.00% complete.
t1_sim:[67079. 67054. 67072.] t2_sim:[64810. 64755. 67529.]
Task is 80.00% complete.
t1_sim:[64347. 64186. 65504.] t2_sim:[60489. 60303. 60176.]
Task is 81.00% complete.
t1_sim:[61168. 60940. 62900.] t2_sim:[65009. 65077. 64956.]
Task is 82.00% complete.
t1_sim:[62141. 62202. 61151.] t2_sim:[66147. 66013. 66488.]
Task is 83.00% complete.
t1_sim:[57482. 57656. 58173.] t2_sim:[60824. 60896. 61456.]
Task is 84.00% complete.
t1_sim:[62319. 62500. 62879.] t2_sim:[61625. 61772. 61797.]
Task is 85.00% complete.
t1_sim:[64181. 64042. 65130.] t2_sim:[64131. 63954. 62779.]
Task is 86.00% complete.
t1_sim:[62460. 62451. 63446.] t2_sim:[61988. 62302. 63154.]
Task is 87.00% complete.
t1_sim:[56118. 56008. 56344.] t2_sim:[64035. 63978. 61898.]
Task is 88.00% complete.
t1_sim:[70881. 71347. 71700.] t2_sim:[59322. 59333. 58582.]
Task is 89.00% complete.
t1_sim:[64605. 64271. 64368.] t2_sim:[64158. 64057. 64176.]
Task is 90.00% complete.
t1_sim:[65936. 66288. 65791.] t2_sim:[63018. 62517. 63615.]
Task is 91.00% complete.
t1_sim:[67030. 66597. 64352.] t2_sim:[67247. 67395. 68265.]
Task is 92.00% complete.
t1_sim:[59769. 59640. 61407.] t2_sim:[56182. 56442. 58305.]
Task is 93.00% complete.
t1_sim:[62921. 62594. 63570.] t2_sim:[65327. 64997. 63287.]
Task is 94.00% complete.
t1_sim:[61779. 61603. 61223.] t2_sim:[63555. 63851. 67145.]
Task is 95.00% complete.
t1_sim:[66199. 66355. 65803.] t2_sim:[63719. 63986. 68179.]
Task is 96.00% complete.
t1_sim:[63489. 63471. 63210.] t2_sim:[57743. 57997. 58022.]
Task is 97.00% complete.
t1_sim:[63367. 63417. 64218.] t2_sim:[62675. 62345. 62029.]
Task is 98.00% complete.
t1_sim:[58990. 59304. 60316.] t2_sim:[67807. 67886. 68835.]
Task is 99.00% complete.
t1_sim:[61705. 61627. 62525.] t2_sim:[58261. 58246. 60123.]
Finished
