Training start
t1_obs:[array(236248.), array(236071.), array(236206.)] t2_obs:[array(266680.), array(268093.), array(258162.)]
corr_G1:[1.5510614283087682e-17, -5.2538328921363334e-18, 1.9187329093055465e-17] corr_G2:[0, 0, -5.143867531715917e-18]
Training end
Number of jobs: 48
/scratch/jz4721/Post-prediction-Causal-Inference/venv/lib/python3.8/site-packages/numpy/core/getlimits.py:518: UserWarning: The value of the smallest subnormal for <class 'numpy.float64'> type is zero.
  setattr(self, word, getattr(machar, word).flat[0])
/scratch/jz4721/Post-prediction-Causal-Inference/venv/lib/python3.8/site-packages/numpy/core/getlimits.py:89: UserWarning: The value of the smallest subnormal for <class 'numpy.float64'> type is zero.
  return self._float_to_str(self.smallest_subnormal)
/scratch/jz4721/Post-prediction-Causal-Inference/venv/lib/python3.8/site-packages/numpy/core/getlimits.py:518: UserWarning: The value of the smallest subnormal for <class 'numpy.float32'> type is zero.
  setattr(self, word, getattr(machar, word).flat[0])
/scratch/jz4721/Post-prediction-Causal-Inference/venv/lib/python3.8/site-packages/numpy/core/getlimits.py:89: UserWarning: The value of the smallest subnormal for <class 'numpy.float32'> type is zero.
  return self._float_to_str(self.smallest_subnormal)
t1_sim:[236201. 237223. 244331.] t2_sim:[250579. 253459. 245044.]
Task is 0.00% complete.
t1_sim:[252013. 252547. 253830.] t2_sim:[259692. 260720. 265610.]
Task is 48.08% complete.
t1_sim:[247833. 247658. 251233.] t2_sim:[246527. 246916. 248321.]
Task is 96.15% complete.
t1_sim:[236201. 237223. 244331.] t2_sim:[250579. 253459. 245044.]
Task is 0.00% complete.
t1_sim:[252013. 252547. 253830.] t2_sim:[259692. 260720. 265610.]
Task is 48.08% complete.
t1_sim:[247833. 247658. 251233.] t2_sim:[246527. 246916. 248321.]
Task is 96.15% complete.
t1_sim:[236201. 237223. 244331.] t2_sim:[250579. 253459. 245044.]
Task is 0.00% complete.
t1_sim:[252013. 252547. 253830.] t2_sim:[259692. 260720. 265610.]
Task is 48.08% complete.
t1_sim:[247833. 247658. 251233.] t2_sim:[246527. 246916. 248321.]
Task is 96.15% complete.
t1_sim:[236201. 237223. 244331.] t2_sim:[250579. 253459. 245044.]
Task is 0.00% complete.
t1_sim:[252013. 252547. 253830.] t2_sim:[259692. 260720. 265610.]
Task is 48.08% complete.
t1_sim:[247833. 247658. 251233.] t2_sim:[246527. 246916. 248321.]
Task is 96.15% complete.
t1_sim:[236201. 237223. 244331.] t2_sim:[250579. 253459. 245044.]
Task is 0.00% complete.
t1_sim:[252013. 252547. 253830.] t2_sim:[259692. 260720. 265610.]
Task is 48.08% complete.
t1_sim:[247833. 247658. 251233.] t2_sim:[246527. 246916. 248321.]
Task is 96.15% complete.
t1_sim:[236201. 237223. 244331.] t2_sim:[250579. 253459. 245044.]
Task is 0.00% complete.
t1_sim:[252013. 252547. 253830.] t2_sim:[259692. 260720. 265610.]
Task is 48.08% complete.
t1_sim:[247833. 247658. 251233.] t2_sim:[246527. 246916. 248321.]
Task is 96.15% complete.
t1_sim:[236201. 237223. 244331.] t2_sim:[250579. 253459. 245044.]
Task is 0.00% complete.
t1_sim:[252013. 252547. 253830.] t2_sim:[259692. 260720. 265610.]
Task is 48.08% complete.
t1_sim:[247833. 247658. 251233.] t2_sim:[246527. 246916. 248321.]
Task is 96.15% complete.
t1_sim:[236201. 237223. 244331.] t2_sim:[250579. 253459. 245044.]
Task is 0.00% complete.
t1_sim:[252013. 252547. 253830.] t2_sim:[259692. 260720. 265610.]
Task is 48.08% complete.
t1_sim:[247833. 247658. 251233.] t2_sim:[246527. 246916. 248321.]
Task is 96.15% complete.
t1_sim:[236201. 237223. 244331.] t2_sim:[250579. 253459. 245044.]
Task is 0.00% complete.
t1_sim:[252013. 252547. 253830.] t2_sim:[259692. 260720. 265610.]
Task is 48.08% complete.
t1_sim:[247833. 247658. 251233.] t2_sim:[246527. 246916. 248321.]
Task is 96.15% complete.
t1_sim:[236201. 237223. 244331.] t2_sim:[250579. 253459. 245044.]
Task is 0.00% complete.
t1_sim:[252013. 252547. 253830.] t2_sim:[259692. 260720. 265610.]
Task is 48.08% complete.
t1_sim:[247833. 247658. 251233.] t2_sim:[246527. 246916. 248321.]
Task is 96.15% complete.
t1_sim:[236201. 237223. 244331.] t2_sim:[250579. 253459. 245044.]
Task is 0.00% complete.
t1_sim:[252013. 252547. 253830.] t2_sim:[259692. 260720. 265610.]
Task is 48.08% complete.
t1_sim:[247833. 247658. 251233.] t2_sim:[246527. 246916. 248321.]
Task is 96.15% complete.
t1_sim:[236201. 237223. 244331.] t2_sim:[250579. 253459. 245044.]
Task is 0.00% complete.
t1_sim:[252013. 252547. 253830.] t2_sim:[259692. 260720. 265610.]
Task is 48.08% complete.
t1_sim:[247833. 247658. 251233.] t2_sim:[246527. 246916. 248321.]
Task is 96.15% complete.
t1_sim:[236201. 237223. 244331.] t2_sim:[250579. 253459. 245044.]
Task is 0.00% complete.
t1_sim:[252013. 252547. 253830.] t2_sim:[259692. 260720. 265610.]
Task is 48.08% complete.
t1_sim:[247833. 247658. 251233.] t2_sim:[246527. 246916. 248321.]
Task is 96.15% complete.
t1_sim:[236201. 237223. 244331.] t2_sim:[250579. 253459. 245044.]
Task is 0.00% complete.
t1_sim:[252013. 252547. 253830.] t2_sim:[259692. 260720. 265610.]
Task is 48.08% complete.
t1_sim:[247833. 247658. 251233.] t2_sim:[246527. 246916. 248321.]
Task is 96.15% complete.
t1_sim:[236201. 237223. 244331.] t2_sim:[250579. 253459. 245044.]
Task is 0.00% complete.
t1_sim:[252013. 252547. 253830.] t2_sim:[259692. 260720. 265610.]
Task is 48.08% complete.
t1_sim:[247833. 247658. 251233.] t2_sim:[246527. 246916. 248321.]
Task is 96.15% complete.
t1_sim:[236201. 237223. 244331.] t2_sim:[250579. 253459. 245044.]
Task is 0.00% complete.
t1_sim:[252013. 252547. 253830.] t2_sim:[259692. 260720. 265610.]
Task is 48.08% complete.
t1_sim:[247833. 247658. 251233.] t2_sim:[246527. 246916. 248321.]
Task is 96.15% complete.
t1_sim:[236201. 237223. 244331.] t2_sim:[250579. 253459. 245044.]
Task is 0.00% complete.
t1_sim:[252013. 252547. 253830.] t2_sim:[259692. 260720. 265610.]
Task is 48.08% complete.
t1_sim:[247833. 247658. 251233.] t2_sim:[246527. 246916. 248321.]
Task is 96.15% complete.
t1_sim:[236201. 237223. 244331.] t2_sim:[250579. 253459. 245044.]
Task is 0.00% complete.
t1_sim:[252013. 252547. 253830.] t2_sim:[259692. 260720. 265610.]
Task is 48.08% complete.
t1_sim:[247833. 247658. 251233.] t2_sim:[246527. 246916. 248321.]
Task is 96.15% complete.
t1_sim:[236201. 237223. 244331.] t2_sim:[250579. 253459. 245044.]
Task is 0.00% complete.
t1_sim:[252013. 252547. 253830.] t2_sim:[259692. 260720. 265610.]
Task is 48.08% complete.
t1_sim:[247833. 247658. 251233.] t2_sim:[246527. 246916. 248321.]
Task is 96.15% complete.
t1_sim:[236201. 237223. 244331.] t2_sim:[250579. 253459. 245044.]
Task is 0.00% complete.
t1_sim:[252013. 252547. 253830.] t2_sim:[259692. 260720. 265610.]
Task is 48.08% complete.
t1_sim:[247833. 247658. 251233.] t2_sim:[246527. 246916. 248321.]
Task is 96.15% complete.
t1_sim:[236201. 237223. 244331.] t2_sim:[250579. 253459. 245044.]
Task is 0.00% complete.
t1_sim:[252013. 252547. 253830.] t2_sim:[259692. 260720. 265610.]
Task is 48.08% complete.
t1_sim:[247833. 247658. 251233.] t2_sim:[246527. 246916. 248321.]
Task is 96.15% complete.
t1_sim:[236201. 237223. 244331.] t2_sim:[250579. 253459. 245044.]
Task is 0.00% complete.
t1_sim:[252013. 252547. 253830.] t2_sim:[259692. 260720. 265610.]
Task is 48.08% complete.
t1_sim:[247833. 247658. 251233.] t2_sim:[246527. 246916. 248321.]
Task is 96.15% complete.
t1_sim:[236201. 237223. 244331.] t2_sim:[250579. 253459. 245044.]
Task is 0.00% complete.
t1_sim:[252013. 252547. 253830.] t2_sim:[259692. 260720. 265610.]
Task is 48.08% complete.
t1_sim:[247833. 247658. 251233.] t2_sim:[246527. 246916. 248321.]
Task is 96.15% complete.
t1_sim:[236201. 237223. 244331.] t2_sim:[250579. 253459. 245044.]
Task is 0.00% complete.
t1_sim:[252013. 252547. 253830.] t2_sim:[259692. 260720. 265610.]
Task is 48.08% complete.
t1_sim:[247833. 247658. 251233.] t2_sim:[246527. 246916. 248321.]
Task is 96.15% complete.
t1_sim:[236201. 237223. 244331.] t2_sim:[250579. 253459. 245044.]
Task is 0.00% complete.
t1_sim:[252013. 252547. 253830.] t2_sim:[259692. 260720. 265610.]
Task is 48.08% complete.
t1_sim:[247833. 247658. 251233.] t2_sim:[246527. 246916. 248321.]
Task is 96.15% complete.
t1_sim:[236201. 237223. 244331.] t2_sim:[250579. 253459. 245044.]
Task is 0.00% complete.
t1_sim:[252013. 252547. 253830.] t2_sim:[259692. 260720. 265610.]
Task is 48.08% complete.
t1_sim:[247833. 247658. 251233.] t2_sim:[246527. 246916. 248321.]
Task is 96.15% complete.
t1_sim:[236201. 237223. 244331.] t2_sim:[250579. 253459. 245044.]
Task is 0.00% complete.
t1_sim:[252013. 252547. 253830.] t2_sim:[259692. 260720. 265610.]
Task is 48.08% complete.
t1_sim:[247833. 247658. 251233.] t2_sim:[246527. 246916. 248321.]
Task is 96.15% complete.
t1_sim:[236201. 237223. 244331.] t2_sim:[250579. 253459. 245044.]
Task is 0.00% complete.
t1_sim:[252013. 252547. 253830.] t2_sim:[259692. 260720. 265610.]
Task is 48.08% complete.
t1_sim:[247833. 247658. 251233.] t2_sim:[246527. 246916. 248321.]
Task is 96.15% complete.
t1_sim:[236201. 237223. 244331.] t2_sim:[250579. 253459. 245044.]
Task is 0.00% complete.
t1_sim:[252013. 252547. 253830.] t2_sim:[259692. 260720. 265610.]
Task is 48.08% complete.
t1_sim:[247833. 247658. 251233.] t2_sim:[246527. 246916. 248321.]
Task is 96.15% complete.
t1_sim:[236201. 237223. 244331.] t2_sim:[250579. 253459. 245044.]
Task is 0.00% complete.
t1_sim:[252013. 252547. 253830.] t2_sim:[259692. 260720. 265610.]
Task is 48.08% complete.
t1_sim:[247833. 247658. 251233.] t2_sim:[246527. 246916. 248321.]
Task is 96.15% complete.
t1_sim:[236201. 237223. 244331.] t2_sim:[250579. 253459. 245044.]
Task is 0.00% complete.
t1_sim:[252013. 252547. 253830.] t2_sim:[259692. 260720. 265610.]
Task is 48.08% complete.
t1_sim:[247833. 247658. 251233.] t2_sim:[246527. 246916. 248321.]
Task is 96.15% complete.
t1_sim:[236201. 237223. 244331.] t2_sim:[250579. 253459. 245044.]
Task is 0.00% complete.
t1_sim:[252013. 252547. 253830.] t2_sim:[259692. 260720. 265610.]
Task is 48.08% complete.
t1_sim:[247833. 247658. 251233.] t2_sim:[246527. 246916. 248321.]
Task is 96.15% complete.
t1_sim:[236201. 237223. 244331.] t2_sim:[250579. 253459. 245044.]
Task is 0.00% complete.
t1_sim:[252013. 252547. 253830.] t2_sim:[259692. 260720. 265610.]
Task is 48.08% complete.
t1_sim:[247833. 247658. 251233.] t2_sim:[246527. 246916. 248321.]
Task is 96.15% complete.
t1_sim:[236201. 237223. 244331.] t2_sim:[250579. 253459. 245044.]
Task is 0.00% complete.
t1_sim:[252013. 252547. 253830.] t2_sim:[259692. 260720. 265610.]
Task is 48.08% complete.
t1_sim:[247833. 247658. 251233.] t2_sim:[246527. 246916. 248321.]
Task is 96.15% complete.
t1_sim:[236201. 237223. 244331.] t2_sim:[250579. 253459. 245044.]
Task is 0.00% complete.
t1_sim:[252013. 252547. 253830.] t2_sim:[259692. 260720. 265610.]
Task is 48.08% complete.
t1_sim:[247833. 247658. 251233.] t2_sim:[246527. 246916. 248321.]
Task is 96.15% complete.
t1_sim:[236201. 237223. 244331.] t2_sim:[250579. 253459. 245044.]
Task is 0.00% complete.
t1_sim:[252013. 252547. 253830.] t2_sim:[259692. 260720. 265610.]
Task is 48.08% complete.
t1_sim:[247833. 247658. 251233.] t2_sim:[246527. 246916. 248321.]
Task is 96.15% complete.
t1_sim:[236201. 237223. 244331.] t2_sim:[250579. 253459. 245044.]
Task is 0.00% complete.
t1_sim:[252013. 252547. 253830.] t2_sim:[259692. 260720. 265610.]
Task is 48.08% complete.
t1_sim:[247833. 247658. 251233.] t2_sim:[246527. 246916. 248321.]
Task is 96.15% complete.
t1_sim:[236201. 237223. 244331.] t2_sim:[250579. 253459. 245044.]
Task is 0.00% complete.
t1_sim:[252013. 252547. 253830.] t2_sim:[259692. 260720. 265610.]
Task is 48.08% complete.
t1_sim:[247833. 247658. 251233.] t2_sim:[246527. 246916. 248321.]
Task is 96.15% complete.
t1_sim:[236201. 237223. 244331.] t2_sim:[250579. 253459. 245044.]
Task is 0.00% complete.
t1_sim:[252013. 252547. 253830.] t2_sim:[259692. 260720. 265610.]
Task is 48.08% complete.
t1_sim:[247833. 247658. 251233.] t2_sim:[246527. 246916. 248321.]
Task is 96.15% complete.
t1_sim:[236201. 237223. 244331.] t2_sim:[250579. 253459. 245044.]
Task is 0.00% complete.
t1_sim:[252013. 252547. 253830.] t2_sim:[259692. 260720. 265610.]
Task is 48.08% complete.
t1_sim:[247833. 247658. 251233.] t2_sim:[246527. 246916. 248321.]
Task is 96.15% complete.
t1_sim:[236201. 237223. 244331.] t2_sim:[250579. 253459. 245044.]
Task is 0.00% complete.
t1_sim:[252013. 252547. 253830.] t2_sim:[259692. 260720. 265610.]
Task is 48.08% complete.
t1_sim:[247833. 247658. 251233.] t2_sim:[246527. 246916. 248321.]
Task is 96.15% complete.
t1_sim:[236201. 237223. 244331.] t2_sim:[250579. 253459. 245044.]
Task is 0.00% complete.
t1_sim:[252013. 252547. 253830.] t2_sim:[259692. 260720. 265610.]
Task is 48.08% complete.
t1_sim:[247833. 247658. 251233.] t2_sim:[246527. 246916. 248321.]
Task is 96.15% complete.
t1_sim:[236201. 237223. 244331.] t2_sim:[250579. 253459. 245044.]
Task is 0.00% complete.
t1_sim:[252013. 252547. 253830.] t2_sim:[259692. 260720. 265610.]
Task is 48.08% complete.
t1_sim:[247833. 247658. 251233.] t2_sim:[246527. 246916. 248321.]
Task is 96.15% complete.
t1_sim:[236201. 237223. 244331.] t2_sim:[250579. 253459. 245044.]
Task is 0.00% complete.
t1_sim:[252013. 252547. 253830.] t2_sim:[259692. 260720. 265610.]
Task is 48.08% complete.
t1_sim:[247833. 247658. 251233.] t2_sim:[246527. 246916. 248321.]
Task is 96.15% complete.
t1_sim:[236201. 237223. 244331.] t2_sim:[250579. 253459. 245044.]
Task is 0.00% complete.
t1_sim:[252013. 252547. 253830.] t2_sim:[259692. 260720. 265610.]
Task is 48.08% complete.
t1_sim:[247833. 247658. 251233.] t2_sim:[246527. 246916. 248321.]
Task is 96.15% complete.
t1_sim:[236201. 237223. 244331.] t2_sim:[250579. 253459. 245044.]
Task is 0.00% complete.
t1_sim:[252013. 252547. 253830.] t2_sim:[259692. 260720. 265610.]
Task is 48.08% complete.
t1_sim:[247833. 247658. 251233.] t2_sim:[246527. 246916. 248321.]
Task is 96.15% complete.
t1_sim:[236201. 237223. 244331.] t2_sim:[250579. 253459. 245044.]
Task is 0.00% complete.
t1_sim:[252013. 252547. 253830.] t2_sim:[259692. 260720. 265610.]
Task is 48.08% complete.
t1_sim:[247833. 247658. 251233.] t2_sim:[246527. 246916. 248321.]
Task is 96.15% complete.
t1_sim:[236201. 237223. 244331.] t2_sim:[250579. 253459. 245044.]
Task is 0.00% complete.
t1_sim:[252013. 252547. 253830.] t2_sim:[259692. 260720. 265610.]
Task is 48.08% complete.
t1_sim:[247833. 247658. 251233.] t2_sim:[246527. 246916. 248321.]
Task is 96.15% complete.
Training start
t1_obs:[array(231675.), array(234562.), array(240566.)] t2_obs:[array(265825.), array(268914.), array(265365.)]
corr_G1:[0.7387751990204061, 0.5451514684612218, -0.26187565555638587] corr_G2:[0.7780381245799615, 0.4835429991074945, -0.30243560260735297]
Training end
Number of jobs: 48
/scratch/jz4721/Post-prediction-Causal-Inference/venv/lib/python3.8/site-packages/sklearn/impute/_iterative.py:785: ConvergenceWarning: [IterativeImputer] Early stopping criterion not reached.
  warnings.warn(
/scratch/jz4721/Post-prediction-Causal-Inference/venv/lib/python3.8/site-packages/sklearn/impute/_iterative.py:785: ConvergenceWarning: [IterativeImputer] Early stopping criterion not reached.
  warnings.warn(
slurmstepd: error: *** JOB 32421347 ON cs014 CANCELLED AT 2023-04-16T22:52:35 ***
