/scratch/jz4721/Post-prediction-Causal-Inference/venv/lib/python3.8/site-packages/numpy/core/getlimits.py:518: UserWarning: The value of the smallest subnormal for <class 'numpy.float64'> type is zero.
  setattr(self, word, getattr(machar, word).flat[0])
/scratch/jz4721/Post-prediction-Causal-Inference/venv/lib/python3.8/site-packages/numpy/core/getlimits.py:89: UserWarning: The value of the smallest subnormal for <class 'numpy.float64'> type is zero.
  return self._float_to_str(self.smallest_subnormal)
/scratch/jz4721/Post-prediction-Causal-Inference/venv/lib/python3.8/site-packages/numpy/core/getlimits.py:518: UserWarning: The value of the smallest subnormal for <class 'numpy.float32'> type is zero.
  setattr(self, word, getattr(machar, word).flat[0])
/scratch/jz4721/Post-prediction-Causal-Inference/venv/lib/python3.8/site-packages/numpy/core/getlimits.py:89: UserWarning: The value of the smallest subnormal for <class 'numpy.float32'> type is zero.
  return self._float_to_str(self.smallest_subnormal)
Training start
t1_obs:[array(62731.), array(62622.), array(65330.)] t2_obs:[array(66659.), array(66632.), array(66014.)]
corr_G1:[None, None, -8.370888246755042e-17] corr_G2:[None, None, 0]
Training end
Task is 0.00% complete.
t1_sim:[63497. 63642. 61308.] t2_sim:[65674. 65421. 61064.]
Task is 1.00% complete.
t1_sim:[59268. 58810. 57161.] t2_sim:[65972. 65628. 63032.]
Task is 2.00% complete.
t1_sim:[58394. 58278. 58636.] t2_sim:[61685. 61891. 62821.]
Task is 3.00% complete.
t1_sim:[60656. 60806. 59674.] t2_sim:[67647. 67911. 63492.]
Task is 4.00% complete.
t1_sim:[61453. 61380. 57923.] t2_sim:[62064. 62148. 61563.]
Task is 5.00% complete.
t1_sim:[57837. 57585. 56512.] t2_sim:[59590. 59255. 59467.]
Task is 6.00% complete.
t1_sim:[62624. 62671. 63775.] t2_sim:[61676. 61660. 65008.]
Task is 7.00% complete.
t1_sim:[60448. 60084. 61670.] t2_sim:[63167. 63567. 62596.]
Task is 8.00% complete.
t1_sim:[65773. 65054. 64762.] t2_sim:[63938. 64304. 62169.]
Task is 9.00% complete.
t1_sim:[61276. 61211. 60941.] t2_sim:[65513. 66084. 69068.]
Task is 10.00% complete.
t1_sim:[62259. 62305. 63535.] t2_sim:[56913. 56917. 56692.]
Task is 11.00% complete.
t1_sim:[59762. 59224. 58030.] t2_sim:[59982. 60192. 60193.]
Task is 12.00% complete.
t1_sim:[59225. 59234. 60532.] t2_sim:[63633. 63595. 61482.]
Task is 13.00% complete.
t1_sim:[66593. 66353. 65987.] t2_sim:[60271. 59795. 59464.]
Task is 14.00% complete.
t1_sim:[64231. 64275. 64658.] t2_sim:[63505. 62927. 65172.]
Task is 15.00% complete.
t1_sim:[59676. 59704. 60428.] t2_sim:[67413. 67588. 65606.]
Task is 16.00% complete.
t1_sim:[62320. 62516. 58436.] t2_sim:[66000. 65722. 66191.]
Task is 17.00% complete.
t1_sim:[59179. 58995. 59342.] t2_sim:[63455. 63511. 64385.]
Task is 18.00% complete.
t1_sim:[64664. 64799. 68861.] t2_sim:[68227. 68686. 66328.]
Task is 19.00% complete.
t1_sim:[56686. 56933. 57481.] t2_sim:[57089. 57021. 56702.]
Task is 20.00% complete.
t1_sim:[63842. 64245. 62291.] t2_sim:[57673. 57906. 55078.]
Task is 21.00% complete.
t1_sim:[65935. 65957. 62894.] t2_sim:[61249. 61400. 60948.]
Task is 22.00% complete.
t1_sim:[63590. 63870. 65602.] t2_sim:[66988. 66589. 68230.]
Task is 23.00% complete.
t1_sim:[60359. 60701. 64002.] t2_sim:[60722. 60831. 59950.]
Task is 24.00% complete.
t1_sim:[65591. 65643. 63342.] t2_sim:[65189. 65467. 64663.]
Task is 25.00% complete.
t1_sim:[62752. 63431. 64025.] t2_sim:[63482. 63627. 63217.]
Task is 26.00% complete.
t1_sim:[63280. 63079. 64790.] t2_sim:[63760. 63248. 61793.]
Task is 27.00% complete.
t1_sim:[59342. 59125. 60124.] t2_sim:[62590. 62749. 63362.]
Task is 28.00% complete.
t1_sim:[64210. 64934. 66658.] t2_sim:[64654. 64493. 67572.]
Task is 29.00% complete.
t1_sim:[59928. 59951. 58345.] t2_sim:[65802. 66121. 62982.]
Task is 30.00% complete.
t1_sim:[63566. 63849. 63045.] t2_sim:[61902. 61571. 62609.]
Task is 31.00% complete.
t1_sim:[67324. 67893. 64780.] t2_sim:[62174. 62440. 62084.]
Task is 32.00% complete.
t1_sim:[64660. 64703. 67400.] t2_sim:[64660. 64876. 62787.]
Task is 33.00% complete.
t1_sim:[62137. 62136. 62914.] t2_sim:[60184. 59711. 63671.]
Task is 34.00% complete.
t1_sim:[59921. 60197. 59677.] t2_sim:[57695. 57913. 62471.]
Task is 35.00% complete.
t1_sim:[64267. 64190. 63368.] t2_sim:[61045. 60563. 60932.]
Task is 36.00% complete.
t1_sim:[62464. 61996. 65214.] t2_sim:[63512. 63458. 64000.]
Task is 37.00% complete.
t1_sim:[65881. 66087. 64524.] t2_sim:[64426. 64398. 61653.]
Task is 38.00% complete.
t1_sim:[61196. 61505. 66208.] t2_sim:[59730. 59727. 58132.]
Task is 39.00% complete.
t1_sim:[66894. 66982. 66549.] t2_sim:[66097. 66540. 63676.]
Task is 40.00% complete.
t1_sim:[66046. 65908. 68981.] t2_sim:[62084. 62023. 60150.]
Task is 41.00% complete.
t1_sim:[67141. 67201. 65913.] t2_sim:[60914. 61098. 64425.]
Task is 42.00% complete.
t1_sim:[61173. 61246. 63534.] t2_sim:[63640. 63721. 66076.]
Task is 43.00% complete.
t1_sim:[66444. 66149. 64265.] t2_sim:[62332. 62158. 62690.]
Task is 44.00% complete.
t1_sim:[62023. 61974. 61747.] t2_sim:[55163. 55493. 58094.]
Task is 45.00% complete.
t1_sim:[68294. 68739. 67593.] t2_sim:[65996. 65887. 65336.]
Task is 46.00% complete.
t1_sim:[65086. 65252. 64221.] t2_sim:[62876. 62681. 66656.]
Task is 47.00% complete.
t1_sim:[66473. 66340. 64385.] t2_sim:[60270. 60783. 62225.]
Task is 48.00% complete.
t1_sim:[68339. 68227. 67156.] t2_sim:[58443. 58422. 60160.]
Task is 49.00% complete.
t1_sim:[63075. 62674. 60664.] t2_sim:[59153. 59331. 60328.]
Task is 50.00% complete.
t1_sim:[67841. 67915. 68805.] t2_sim:[59603. 59814. 58220.]
Task is 51.00% complete.
t1_sim:[61579. 61533. 66075.] t2_sim:[59905. 59979. 62183.]
Task is 52.00% complete.
t1_sim:[59328. 59403. 57973.] t2_sim:[57091. 57020. 60670.]
Task is 53.00% complete.
t1_sim:[59949. 60113. 59069.] t2_sim:[57736. 57383. 60131.]
Task is 54.00% complete.
t1_sim:[64538. 64809. 64260.] t2_sim:[64535. 64084. 61238.]
Task is 55.00% complete.
t1_sim:[64375. 64460. 64958.] t2_sim:[66491. 66597. 68399.]
Task is 56.00% complete.
t1_sim:[61835. 62164. 63815.] t2_sim:[64601. 64351. 61088.]
Task is 57.00% complete.
t1_sim:[66974. 67010. 64027.] t2_sim:[63315. 63395. 63334.]
Task is 58.00% complete.
t1_sim:[64976. 65200. 63323.] t2_sim:[63832. 63764. 59505.]
Task is 59.00% complete.
t1_sim:[63655. 63613. 62704.] t2_sim:[64030. 64785. 63999.]
Task is 60.00% complete.
t1_sim:[67320. 67575. 67079.] t2_sim:[61397. 61434. 64502.]
Task is 61.00% complete.
t1_sim:[67335. 67338. 64416.] t2_sim:[61563. 61362. 60392.]
Task is 62.00% complete.
t1_sim:[67695. 67287. 66516.] t2_sim:[56334. 56985. 57465.]
Task is 63.00% complete.
t1_sim:[62071. 62276. 63177.] t2_sim:[61767. 61672. 60688.]
Task is 64.00% complete.
t1_sim:[65195. 65433. 58655.] t2_sim:[62571. 62640. 64350.]
Task is 65.00% complete.
t1_sim:[56083. 55944. 57918.] t2_sim:[62993. 62867. 61489.]
Task is 66.00% complete.
t1_sim:[67003. 66879. 65685.] t2_sim:[64579. 64439. 62934.]
Task is 67.00% complete.
t1_sim:[62768. 63133. 64635.] t2_sim:[62499. 62347. 62130.]
Task is 68.00% complete.
t1_sim:[59804. 59742. 60439.] t2_sim:[61349. 61358. 61092.]
Task is 69.00% complete.
t1_sim:[69928. 70175. 70438.] t2_sim:[57415. 57417. 54687.]
Task is 70.00% complete.
t1_sim:[61928. 61930. 61559.] t2_sim:[64307. 63631. 64884.]
Task is 71.00% complete.
t1_sim:[58695. 58579. 60306.] t2_sim:[65444. 65047. 68292.]
Task is 72.00% complete.
t1_sim:[69495. 69506. 65685.] t2_sim:[66508. 66813. 66392.]
Task is 73.00% complete.
t1_sim:[64096. 64023. 64034.] t2_sim:[59518. 60096. 62205.]
Task is 74.00% complete.
t1_sim:[60202. 60480. 59115.] t2_sim:[60035. 60084. 60819.]
Task is 75.00% complete.
t1_sim:[62629. 62803. 60840.] t2_sim:[60332. 60467. 60674.]
Task is 76.00% complete.
t1_sim:[63892. 63999. 63907.] t2_sim:[62548. 62855. 61912.]
Task is 77.00% complete.
t1_sim:[62103. 62016. 66641.] t2_sim:[62159. 61988. 64883.]
Task is 78.00% complete.
t1_sim:[62810. 63116. 61111.] t2_sim:[63263. 62996. 65276.]
Task is 79.00% complete.
t1_sim:[67493. 67575. 67621.] t2_sim:[62024. 62379. 57972.]
Task is 80.00% complete.
t1_sim:[69357. 68985. 68465.] t2_sim:[58769. 59144. 58106.]
Task is 81.00% complete.
t1_sim:[58105. 58452. 60366.] t2_sim:[62420. 62632. 61421.]
Task is 82.00% complete.
t1_sim:[67907. 67897. 70195.] t2_sim:[65065. 64604. 65421.]
Task is 83.00% complete.
t1_sim:[67444. 67395. 69298.] t2_sim:[61842. 61822. 63006.]
Task is 84.00% complete.
t1_sim:[60004. 60058. 61178.] t2_sim:[59038. 59031. 59410.]
Task is 85.00% complete.
t1_sim:[68302. 68506. 64991.] t2_sim:[63359. 63244. 60923.]
Task is 86.00% complete.
t1_sim:[62926. 62845. 62835.] t2_sim:[57142. 57425. 56828.]
Task is 87.00% complete.
t1_sim:[66615. 66731. 64376.] t2_sim:[67175. 66926. 66615.]
Task is 88.00% complete.
t1_sim:[65988. 65929. 65850.] t2_sim:[64165. 63968. 66223.]
Task is 89.00% complete.
t1_sim:[63284. 63248. 62606.] t2_sim:[58867. 58397. 57581.]
Task is 90.00% complete.
t1_sim:[57855. 58207. 60649.] t2_sim:[65117. 64768. 61534.]
Task is 91.00% complete.
t1_sim:[61399. 61265. 64572.] t2_sim:[66424. 66705. 68794.]
Task is 92.00% complete.
t1_sim:[61786. 61436. 62502.] t2_sim:[61635. 62170. 63907.]
Task is 93.00% complete.
t1_sim:[58757. 58691. 62461.] t2_sim:[60554. 60285. 63383.]
Task is 94.00% complete.
t1_sim:[61380. 61497. 56878.] t2_sim:[68349. 68027. 66770.]
Task is 95.00% complete.
t1_sim:[63406. 63469. 61945.] t2_sim:[61481. 61760. 58799.]
Task is 96.00% complete.
t1_sim:[65595. 65643. 65037.] t2_sim:[64730. 64578. 64367.]
Task is 97.00% complete.
t1_sim:[59268. 59189. 60259.] t2_sim:[60872. 61208. 61125.]
Task is 98.00% complete.
t1_sim:[64179. 64531. 64453.] t2_sim:[66063. 66022. 67769.]
Task is 99.00% complete.
t1_sim:[64501. 64590. 67531.] t2_sim:[64931. 64286. 63849.]
Training start
t1_obs:[array(62731.), array(62622.), array(63771.)] t2_obs:[array(66659.), array(66632.), array(65843.)]
corr_G1:[None, None, 0.9696287383653249] corr_G2:[None, None, 0.9842524533340841]
Training end
Task is 0.00% complete.
t1_sim:[61548. 61621. 63504.] t2_sim:[64749. 64419. 65664.]
Task is 1.00% complete.
t1_sim:[65877. 66147. 67510.] t2_sim:[62177. 62329. 62296.]
Task is 2.00% complete.
t1_sim:[62475. 62440. 64586.] t2_sim:[66321. 66819. 64912.]
Task is 3.00% complete.
t1_sim:[67383. 67216. 67621.] t2_sim:[61839. 61689. 63985.]
Task is 4.00% complete.
t1_sim:[65135. 65419. 63073.] t2_sim:[61702. 61848. 62123.]
Task is 5.00% complete.
t1_sim:[62996. 62732. 62588.] t2_sim:[64303. 64422. 63252.]
Task is 6.00% complete.
t1_sim:[63480. 63147. 62474.] t2_sim:[66088. 66230. 64761.]
Task is 7.00% complete.
t1_sim:[62632. 62756. 61179.] t2_sim:[61883. 61573. 61436.]
Task is 8.00% complete.
t1_sim:[62425. 62235. 61166.] t2_sim:[68575. 68946. 65946.]
Task is 9.00% complete.
t1_sim:[63913. 63771. 63392.] t2_sim:[57081. 57428. 58678.]
Task is 10.00% complete.
t1_sim:[63382. 63254. 61643.] t2_sim:[65336. 64860. 66680.]
Task is 11.00% complete.
t1_sim:[59811. 59637. 60077.] t2_sim:[58825. 58934. 61685.]
Task is 12.00% complete.
t1_sim:[65508. 65908. 65279.] t2_sim:[61015. 61308. 61068.]
Task is 13.00% complete.
t1_sim:[62166. 62257. 64370.] t2_sim:[67848. 67470. 65180.]
Task is 14.00% complete.
t1_sim:[64201. 64487. 62377.] t2_sim:[63374. 63356. 65026.]
Task is 15.00% complete.
t1_sim:[60237. 60790. 63078.] t2_sim:[54972. 55014. 58610.]
Task is 16.00% complete.
t1_sim:[60232. 60578. 62707.] t2_sim:[64142. 64325. 64368.]
Task is 17.00% complete.
t1_sim:[65075. 65036. 66384.] t2_sim:[61229. 61471. 62068.]
Task is 18.00% complete.
t1_sim:[62847. 63138. 62649.] t2_sim:[59737. 59452. 59858.]
Task is 19.00% complete.
t1_sim:[55288. 55175. 53992.] t2_sim:[63698. 63661. 63530.]
Task is 20.00% complete.
t1_sim:[65049. 65155. 66256.] t2_sim:[64007. 63689. 61783.]
Task is 21.00% complete.
t1_sim:[58591. 58158. 58408.] t2_sim:[69584. 69676. 68171.]
Task is 22.00% complete.
t1_sim:[55622. 55580. 55196.] t2_sim:[58907. 59160. 59730.]
Task is 23.00% complete.
t1_sim:[63030. 63359. 64074.] t2_sim:[58661. 58377. 58153.]
Task is 24.00% complete.
t1_sim:[56578. 56606. 57662.] t2_sim:[63222. 63886. 65386.]
Task is 25.00% complete.
t1_sim:[62053. 62310. 64469.] t2_sim:[67291. 67207. 67756.]
Task is 26.00% complete.
t1_sim:[67019. 67167. 63804.] t2_sim:[69043. 68858. 69115.]
Task is 27.00% complete.
t1_sim:[58400. 58175. 57066.] t2_sim:[62284. 61943. 63669.]
Task is 28.00% complete.
t1_sim:[68214. 68257. 67676.] t2_sim:[65696. 66027. 66838.]
Task is 29.00% complete.
t1_sim:[58876. 58976. 57203.] t2_sim:[66067. 65964. 64815.]
Task is 30.00% complete.
t1_sim:[62226. 62179. 63634.] t2_sim:[65098. 64901. 67354.]
Task is 31.00% complete.
t1_sim:[63109. 63307. 61408.] t2_sim:[60018. 59841. 57373.]
Task is 32.00% complete.
t1_sim:[59588. 59650. 58035.] t2_sim:[63071. 62871. 61898.]
Task is 33.00% complete.
t1_sim:[61320. 61071. 59589.] t2_sim:[67124. 67056. 67318.]
Task is 34.00% complete.
t1_sim:[67186. 67219. 65426.] t2_sim:[65535. 65594. 65836.]
Task is 35.00% complete.
t1_sim:[62079. 61855. 61491.] t2_sim:[62633. 62146. 62660.]
Task is 36.00% complete.
t1_sim:[63625. 63675. 64070.] t2_sim:[59983. 59607. 58510.]
Task is 37.00% complete.
t1_sim:[71235. 71334. 70108.] t2_sim:[59884. 59883. 60068.]
Task is 38.00% complete.
t1_sim:[64595. 64897. 65621.] t2_sim:[64291. 64580. 65199.]
Task is 39.00% complete.
t1_sim:[59540. 59865. 59819.] t2_sim:[66313. 66602. 66461.]
Task is 40.00% complete.
t1_sim:[68915. 69076. 68994.] t2_sim:[65512. 65611. 66903.]
Task is 41.00% complete.
t1_sim:[65926. 66758. 65937.] t2_sim:[57956. 58236. 58901.]
Task is 42.00% complete.
t1_sim:[68425. 68727. 69753.] t2_sim:[62453. 62691. 63098.]
Task is 43.00% complete.
t1_sim:[65301. 65034. 64939.] t2_sim:[59831. 59987. 60003.]
Task is 44.00% complete.
t1_sim:[63203. 63177. 63898.] t2_sim:[66795. 66746. 64546.]
Task is 45.00% complete.
t1_sim:[58663. 58143. 59402.] t2_sim:[56280. 56975. 61133.]
Task is 46.00% complete.
t1_sim:[59805. 60179. 60560.] t2_sim:[64820. 64887. 65354.]
Task is 47.00% complete.
t1_sim:[56607. 56858. 58010.] t2_sim:[67107. 66898. 63741.]
Task is 48.00% complete.
t1_sim:[63399. 63008. 61869.] t2_sim:[56811. 56723. 60302.]
Task is 49.00% complete.
t1_sim:[70296. 70043. 71700.] t2_sim:[68838. 68741. 70218.]
Task is 50.00% complete.
t1_sim:[59981. 60186. 61550.] t2_sim:[61772. 61893. 59189.]
Task is 51.00% complete.
t1_sim:[63186. 63003. 62781.] t2_sim:[60660. 60625. 59933.]
Task is 52.00% complete.
t1_sim:[66603. 66650. 67001.] t2_sim:[62973. 63445. 62445.]
Task is 53.00% complete.
t1_sim:[60124. 60092. 61462.] t2_sim:[67524. 67623. 68961.]
Task is 54.00% complete.
t1_sim:[64213. 64848. 66215.] t2_sim:[58811. 58584. 58557.]
Task is 55.00% complete.
t1_sim:[59622. 59633. 60065.] t2_sim:[62999. 63363. 63432.]
Task is 56.00% complete.
t1_sim:[64530. 64682. 68295.] t2_sim:[60305. 60334. 57846.]
Task is 57.00% complete.
t1_sim:[57509. 57755. 58740.] t2_sim:[55217. 55468. 54567.]
Task is 58.00% complete.
t1_sim:[64749. 64355. 64342.] t2_sim:[62202. 62175. 63700.]
Task is 59.00% complete.
t1_sim:[65989. 65980. 66251.] t2_sim:[62056. 62276. 64467.]
Task is 60.00% complete.
t1_sim:[65666. 65880. 68903.] t2_sim:[59903. 59895. 58242.]
Task is 61.00% complete.
t1_sim:[61919. 61799. 59268.] t2_sim:[61107. 61030. 59138.]
Task is 62.00% complete.
t1_sim:[61497. 62003. 62253.] t2_sim:[65866. 65069. 65142.]
Task is 63.00% complete.
t1_sim:[62665. 62606. 66565.] t2_sim:[64770. 64611. 65843.]
Task is 64.00% complete.
t1_sim:[60525. 60405. 61934.] t2_sim:[66190. 66029. 63022.]
Task is 65.00% complete.
t1_sim:[61020. 60931. 59253.] t2_sim:[66201. 66483. 67974.]
Task is 66.00% complete.
t1_sim:[65355. 65270. 64897.] t2_sim:[63931. 64310. 62160.]
Task is 67.00% complete.
t1_sim:[65046. 65016. 66921.] t2_sim:[62362. 62952. 66784.]
Task is 68.00% complete.
t1_sim:[61481. 61339. 63113.] t2_sim:[61895. 61881. 62264.]
Task is 69.00% complete.
t1_sim:[59825. 59607. 58003.] t2_sim:[62855. 62696. 64175.]
Task is 70.00% complete.
t1_sim:[61547. 61621. 59875.] t2_sim:[64696. 64756. 64252.]
Task is 71.00% complete.
t1_sim:[64043. 63453. 64240.] t2_sim:[58197. 58164. 57180.]
Task is 72.00% complete.
t1_sim:[66624. 66691. 66609.] t2_sim:[58824. 58981. 61252.]
Task is 73.00% complete.
t1_sim:[59827. 59724. 61003.] t2_sim:[63463. 63395. 63632.]
Task is 74.00% complete.
t1_sim:[65068. 65116. 64807.] t2_sim:[64624. 65133. 63816.]
Task is 75.00% complete.
t1_sim:[65423. 65517. 66680.] t2_sim:[55467. 55169. 54844.]
Task is 76.00% complete.
t1_sim:[57464. 57411. 60524.] t2_sim:[62775. 62248. 61629.]
Task is 77.00% complete.
t1_sim:[65390. 65904. 66219.] t2_sim:[64020. 63893. 63569.]
Task is 78.00% complete.
t1_sim:[66555. 66471. 64728.] t2_sim:[66139. 65860. 65314.]
Task is 79.00% complete.
t1_sim:[60479. 60482. 61056.] t2_sim:[57593. 57425. 57082.]
Task is 80.00% complete.
t1_sim:[65541. 65969. 64183.] t2_sim:[61250. 61151. 61711.]
Task is 81.00% complete.
t1_sim:[62922. 62670. 62672.] t2_sim:[61777. 61608. 59279.]
Task is 82.00% complete.
t1_sim:[66633. 66588. 65006.] t2_sim:[65237. 64875. 62605.]
Task is 83.00% complete.
t1_sim:[62663. 62571. 63623.] t2_sim:[60839. 61137. 63052.]
Task is 84.00% complete.
t1_sim:[61042. 60905. 61465.] t2_sim:[60228. 60235. 56127.]
Task is 85.00% complete.
t1_sim:[68295. 68200. 68232.] t2_sim:[63480. 63653. 62476.]
Task is 86.00% complete.
t1_sim:[60338. 60371. 59772.] t2_sim:[61580. 61362. 63941.]
Task is 87.00% complete.
t1_sim:[58942. 58853. 56673.] t2_sim:[62692. 62976. 63750.]
Task is 88.00% complete.
t1_sim:[60963. 60953. 64549.] t2_sim:[58131. 57706. 60503.]
Task is 89.00% complete.
t1_sim:[63891. 63444. 65194.] t2_sim:[63828. 64037. 61966.]
Task is 90.00% complete.
t1_sim:[59078. 59560. 58825.] t2_sim:[54832. 54851. 54624.]
Task is 91.00% complete.
t1_sim:[62284. 62320. 64294.] t2_sim:[63339. 63613. 62400.]
Task is 92.00% complete.
t1_sim:[59845. 59462. 60039.] t2_sim:[65656. 65594. 64455.]
Task is 93.00% complete.
t1_sim:[64834. 64928. 64634.] t2_sim:[61933. 61632. 61850.]
Task is 94.00% complete.
t1_sim:[61115. 60592. 61537.] t2_sim:[67937. 68008. 66395.]
Task is 95.00% complete.
t1_sim:[65798. 65860. 64068.] t2_sim:[65157. 64942. 64113.]
Task is 96.00% complete.
t1_sim:[62320. 62300. 62418.] t2_sim:[65543. 66038. 67141.]
Task is 97.00% complete.
t1_sim:[65042. 65680. 65127.] t2_sim:[60362. 60720. 60320.]
Task is 98.00% complete.
t1_sim:[66995. 67195. 66057.] t2_sim:[59255. 59234. 60034.]
Task is 99.00% complete.
t1_sim:[61384. 61435. 62154.] t2_sim:[63246. 63054. 65063.]
Training start
t1_obs:[array(62731.), array(62622.), array(63996.)] t2_obs:[array(66659.), array(66632.), array(63563.)]
corr_G1:[None, None, -0.2060754586851677] corr_G2:[None, None, 0.040206704305430954]
Training end
Task is 0.00% complete.
t1_sim:[58152. 58582. 61778.] t2_sim:[67445. 67334. 64667.]
Task is 1.00% complete.
t1_sim:[67846. 67757. 67398.] t2_sim:[58084. 58286. 58546.]
Task is 2.00% complete.
t1_sim:[64182. 63941. 62652.] t2_sim:[59526. 59791. 59595.]
Task is 3.00% complete.
t1_sim:[65780. 65726. 62779.] t2_sim:[62342. 62495. 62309.]
Task is 4.00% complete.
t1_sim:[66976. 67236. 66610.] t2_sim:[66846. 66932. 64676.]
Task is 5.00% complete.
t1_sim:[57217. 57101. 56177.] t2_sim:[60267. 60407. 59097.]
Task is 6.00% complete.
t1_sim:[61917. 61978. 61711.] t2_sim:[63067. 63103. 62578.]
Task is 7.00% complete.
t1_sim:[59725. 59729. 61470.] t2_sim:[61915. 62107. 60811.]
Task is 8.00% complete.
t1_sim:[60062. 59692. 59727.] t2_sim:[63559. 63699. 61687.]
Task is 9.00% complete.
t1_sim:[65606. 65749. 65065.] t2_sim:[67568. 67941. 66191.]
Task is 10.00% complete.
t1_sim:[66117. 66371. 66803.] t2_sim:[69376. 69181. 66483.]
Task is 11.00% complete.
t1_sim:[57309. 57304. 57565.] t2_sim:[54698. 54517. 56669.]
Task is 12.00% complete.
t1_sim:[60897. 61091. 58858.] t2_sim:[68587. 68646. 68120.]
Task is 13.00% complete.
t1_sim:[61598. 61849. 60429.] t2_sim:[61394. 61646. 61947.]
Task is 14.00% complete.
t1_sim:[61243. 61730. 63624.] t2_sim:[64127. 64077. 62801.]
Task is 15.00% complete.
t1_sim:[59995. 60045. 60582.] t2_sim:[60229. 60402. 58636.]
Task is 16.00% complete.
t1_sim:[60207. 60394. 63901.] t2_sim:[62589. 62191. 60175.]
Task is 17.00% complete.
t1_sim:[66807. 67133. 68231.] t2_sim:[58502. 58697. 59331.]
Task is 18.00% complete.
t1_sim:[57241. 57066. 55618.] t2_sim:[67629. 68121. 65440.]
Task is 19.00% complete.
t1_sim:[63091. 63161. 60048.] t2_sim:[62779. 62605. 60259.]
Task is 20.00% complete.
t1_sim:[67466. 66858. 63580.] t2_sim:[63190. 63344. 63012.]
Task is 21.00% complete.
t1_sim:[66442. 66243. 67518.] t2_sim:[64963. 64687. 64526.]
Task is 22.00% complete.
t1_sim:[63750. 63565. 63426.] t2_sim:[63177. 63488. 64569.]
Task is 23.00% complete.
t1_sim:[61069. 61034. 61090.] t2_sim:[66278. 66292. 62344.]
Task is 24.00% complete.
t1_sim:[62132. 61803. 60403.] t2_sim:[61148. 61012. 59921.]
Task is 25.00% complete.
t1_sim:[63853. 64201. 64996.] t2_sim:[62648. 62748. 60082.]
Task is 26.00% complete.
t1_sim:[59592. 59816. 60003.] t2_sim:[63643. 63246. 63579.]
Task is 27.00% complete.
t1_sim:[61471. 61119. 57454.] t2_sim:[59362. 59468. 59755.]
Task is 28.00% complete.
t1_sim:[67516. 67504. 67451.] t2_sim:[59096. 59232. 57744.]
Task is 29.00% complete.
t1_sim:[63033. 63009. 64430.] t2_sim:[60762. 60460. 59462.]
Task is 30.00% complete.
t1_sim:[65540. 65686. 66061.] t2_sim:[58984. 58644. 58309.]
Task is 31.00% complete.
t1_sim:[60941. 60851. 61033.] t2_sim:[59716. 60110. 57312.]
Task is 32.00% complete.
t1_sim:[61262. 61268. 62581.] t2_sim:[55651. 55758. 55709.]
Task is 33.00% complete.
t1_sim:[62897. 62499. 60621.] t2_sim:[60360. 60456. 56359.]
Task is 34.00% complete.
t1_sim:[64256. 64398. 63261.] t2_sim:[60153. 60166. 58403.]
Task is 35.00% complete.
t1_sim:[56060. 56324. 56552.] t2_sim:[61742. 61696. 62619.]
Task is 36.00% complete.
t1_sim:[68283. 68680. 66943.] t2_sim:[65448. 65380. 63023.]
Task is 37.00% complete.
t1_sim:[59403. 59434. 58502.] t2_sim:[66684. 67200. 66637.]
Task is 38.00% complete.
t1_sim:[65408. 65584. 64576.] t2_sim:[66375. 66536. 67942.]
Task is 39.00% complete.
t1_sim:[63886. 63794. 63387.] t2_sim:[66898. 66917. 65533.]
Task is 40.00% complete.
t1_sim:[61278. 61200. 62314.] t2_sim:[66554. 66723. 67245.]
Task is 41.00% complete.
t1_sim:[63313. 63041. 61996.] t2_sim:[53815. 53729. 57013.]
Task is 42.00% complete.
t1_sim:[67286. 67266. 67301.] t2_sim:[63023. 62986. 61631.]
Task is 43.00% complete.
t1_sim:[65138. 65185. 63232.] t2_sim:[65473. 65600. 66064.]
Task is 44.00% complete.
t1_sim:[59540. 59428. 62239.] t2_sim:[61337. 61332. 61038.]
Task is 45.00% complete.
t1_sim:[62401. 62764. 64011.] t2_sim:[58525. 59125. 57934.]
Task is 46.00% complete.
t1_sim:[57710. 57456. 58662.] t2_sim:[65260. 65376. 65093.]
Task is 47.00% complete.
t1_sim:[66781. 67012. 64143.] t2_sim:[66450. 66672. 64434.]
Task is 48.00% complete.
t1_sim:[69702. 70079. 67785.] t2_sim:[63438. 63235. 57841.]
Task is 49.00% complete.
t1_sim:[62422. 62482. 60145.] t2_sim:[65087. 64840. 63011.]
Task is 50.00% complete.
t1_sim:[66115. 66514. 67996.] t2_sim:[62976. 62490. 60858.]
Task is 51.00% complete.
t1_sim:[61608. 61557. 61025.] t2_sim:[63702. 63441. 61428.]
Task is 52.00% complete.
t1_sim:[60733. 61001. 61156.] t2_sim:[65223. 65061. 62939.]
Task is 53.00% complete.
t1_sim:[64405. 64389. 64033.] t2_sim:[59121. 58795. 56972.]
Task is 54.00% complete.
t1_sim:[64706. 64618. 65883.] t2_sim:[61657. 61574. 60071.]
Task is 55.00% complete.
t1_sim:[61880. 62441. 60191.] t2_sim:[62859. 63048. 61431.]
Task is 56.00% complete.
t1_sim:[61349. 61472. 63715.] t2_sim:[61615. 61739. 61001.]
Task is 57.00% complete.
t1_sim:[54895. 54893. 56652.] t2_sim:[61972. 61706. 59713.]
Task is 58.00% complete.
t1_sim:[60688. 60522. 61472.] t2_sim:[66862. 66572. 66314.]
Task is 59.00% complete.
t1_sim:[62348. 62406. 60651.] t2_sim:[66135. 66476. 66849.]
Task is 60.00% complete.
t1_sim:[62704. 62392. 61794.] t2_sim:[62951. 62779. 60243.]
Task is 61.00% complete.
t1_sim:[62944. 62597. 61593.] t2_sim:[61345. 60961. 59254.]
Task is 62.00% complete.
t1_sim:[61054. 60638. 58300.] t2_sim:[62756. 63297. 63952.]
Task is 63.00% complete.
t1_sim:[66463. 66634. 65747.] t2_sim:[59071. 59363. 55972.]
Task is 64.00% complete.
t1_sim:[66496. 66544. 65433.] t2_sim:[61693. 61969. 62628.]
Task is 65.00% complete.
t1_sim:[62729. 62843. 61384.] t2_sim:[64333. 64425. 65828.]
Task is 66.00% complete.
t1_sim:[65561. 65639. 65382.] t2_sim:[55785. 55757. 54356.]
Task is 67.00% complete.
t1_sim:[61632. 62226. 62498.] t2_sim:[63818. 63847. 64588.]
Task is 68.00% complete.
t1_sim:[57664. 57932. 56430.] t2_sim:[60294. 60393. 60315.]
Task is 69.00% complete.
t1_sim:[64820. 64845. 65455.] t2_sim:[63428. 63487. 62536.]
Task is 70.00% complete.
t1_sim:[55722. 55759. 55911.] t2_sim:[68390. 68454. 65614.]
Task is 71.00% complete.
t1_sim:[59459. 59348. 60596.] t2_sim:[62811. 63136. 63268.]
Task is 72.00% complete.
t1_sim:[69935. 69440. 66991.] t2_sim:[64183. 64333. 60522.]
Task is 73.00% complete.
t1_sim:[59381. 59468. 61965.] t2_sim:[60350. 60130. 57746.]
Task is 74.00% complete.
t1_sim:[55659. 55957. 58176.] t2_sim:[66143. 66129. 63843.]
Task is 75.00% complete.
t1_sim:[60425. 60501. 61890.] t2_sim:[57789. 57713. 58200.]
Task is 76.00% complete.
t1_sim:[61818. 61940. 63375.] t2_sim:[62870. 62969. 62926.]
Task is 77.00% complete.
t1_sim:[65455. 65533. 66505.] t2_sim:[63868. 63532. 60049.]
Task is 78.00% complete.
t1_sim:[59049. 59223. 60959.] t2_sim:[66867. 66651. 63083.]
Task is 79.00% complete.
t1_sim:[62988. 62581. 65655.] t2_sim:[62689. 63074. 65080.]
Task is 80.00% complete.
t1_sim:[59962. 59763. 60479.] t2_sim:[61561. 61517. 60775.]
Task is 81.00% complete.
t1_sim:[67773. 67410. 63806.] t2_sim:[64144. 64397. 59164.]
Task is 82.00% complete.
t1_sim:[58430. 58237. 60034.] t2_sim:[67571. 68075. 67629.]
Task is 83.00% complete.
t1_sim:[60635. 60268. 60259.] t2_sim:[59523. 59182. 58180.]
Task is 84.00% complete.
t1_sim:[64857. 64927. 65495.] t2_sim:[61849. 61761. 59628.]
Task is 85.00% complete.
t1_sim:[60409. 60388. 59338.] t2_sim:[64041. 64158. 61598.]
Task is 86.00% complete.
t1_sim:[64762. 64906. 62981.] t2_sim:[64910. 65005. 64540.]
Task is 87.00% complete.
t1_sim:[65527. 65510. 65711.] t2_sim:[63510. 63389. 60588.]
Task is 88.00% complete.
t1_sim:[65519. 65487. 64139.] t2_sim:[65177. 64791. 62451.]
Task is 89.00% complete.
t1_sim:[61082. 61475. 61900.] t2_sim:[60940. 60557. 62299.]
Task is 90.00% complete.
t1_sim:[61130. 61034. 60883.] t2_sim:[58516. 58798. 60513.]
Task is 91.00% complete.
t1_sim:[63816. 63821. 63633.] t2_sim:[64936. 64380. 64085.]
Task is 92.00% complete.
t1_sim:[66940. 66597. 63854.] t2_sim:[58000. 58443. 60697.]
Task is 93.00% complete.
t1_sim:[61273. 61391. 58188.] t2_sim:[64571. 65013. 62093.]
Task is 94.00% complete.
t1_sim:[62084. 62009. 61353.] t2_sim:[65140. 65634. 65688.]
Task is 95.00% complete.
t1_sim:[63680. 63780. 63083.] t2_sim:[59632. 59636. 59794.]
Task is 96.00% complete.
t1_sim:[64895. 65319. 63344.] t2_sim:[64058. 63553. 64959.]
Task is 97.00% complete.
t1_sim:[57620. 57528. 58293.] t2_sim:[63251. 63020. 61772.]
Task is 98.00% complete.
t1_sim:[60479. 60736. 61348.] t2_sim:[60748. 61196. 59986.]
Task is 99.00% complete.
t1_sim:[70235. 70460. 71048.] t2_sim:[57316. 57273. 57513.]
Finished
