/scratch/jz4721/Post-prediction-Causal-Inference/venv/lib/python3.8/site-packages/numpy/core/getlimits.py:518: UserWarning: The value of the smallest subnormal for <class 'numpy.float64'> type is zero.
  setattr(self, word, getattr(machar, word).flat[0])
/scratch/jz4721/Post-prediction-Causal-Inference/venv/lib/python3.8/site-packages/numpy/core/getlimits.py:89: UserWarning: The value of the smallest subnormal for <class 'numpy.float64'> type is zero.
  return self._float_to_str(self.smallest_subnormal)
/scratch/jz4721/Post-prediction-Causal-Inference/venv/lib/python3.8/site-packages/numpy/core/getlimits.py:518: UserWarning: The value of the smallest subnormal for <class 'numpy.float32'> type is zero.
  setattr(self, word, getattr(machar, word).flat[0])
/scratch/jz4721/Post-prediction-Causal-Inference/venv/lib/python3.8/site-packages/numpy/core/getlimits.py:89: UserWarning: The value of the smallest subnormal for <class 'numpy.float32'> type is zero.
  return self._float_to_str(self.smallest_subnormal)
Training start
t1_obs:[array(59304.), array(59242.), array(61956.)] t2_obs:[array(58088.), array(58108.), array(63167.)]
corr_G1:[None, None, -3.090190727305303e-17] corr_G2:[None, None, -6.011333438471251e-17]
Training end
Task is 0.00% complete.
t1_sim:[58037. 58746. 60726.] t2_sim:[68567. 68147. 64498.]
Task is 1.00% complete.
t1_sim:[63684. 63749. 63776.] t2_sim:[56300. 56776. 61085.]
Task is 2.00% complete.
t1_sim:[61251. 61510. 61443.] t2_sim:[62572. 62960. 65086.]
Task is 3.00% complete.
t1_sim:[66756. 66113. 65236.] t2_sim:[64874. 64901. 68175.]
Task is 4.00% complete.
t1_sim:[56888. 56432. 60515.] t2_sim:[57063. 56986. 57741.]
Task is 5.00% complete.
t1_sim:[63743. 64318. 63375.] t2_sim:[62393. 61830. 63400.]
Task is 6.00% complete.
t1_sim:[57387. 57343. 58372.] t2_sim:[65156. 65589. 62781.]
Task is 7.00% complete.
t1_sim:[65113. 64834. 61997.] t2_sim:[59479. 59302. 59994.]
Task is 8.00% complete.
t1_sim:[60062. 59817. 60184.] t2_sim:[70083. 69296. 65466.]
Task is 9.00% complete.
t1_sim:[61992. 61818. 65629.] t2_sim:[64113. 63848. 64122.]
Task is 10.00% complete.
t1_sim:[58080. 58442. 59496.] t2_sim:[70502. 70691. 68905.]
Task is 11.00% complete.
t1_sim:[64145. 64363. 62667.] t2_sim:[63932. 63760. 63305.]
Task is 12.00% complete.
t1_sim:[62274. 62908. 61236.] t2_sim:[62117. 62317. 61944.]
Task is 13.00% complete.
t1_sim:[63439. 63223. 63806.] t2_sim:[62627. 63173. 64109.]
Task is 14.00% complete.
t1_sim:[61485. 61225. 61906.] t2_sim:[67764. 67766. 66191.]
Task is 15.00% complete.
t1_sim:[64623. 64696. 63979.] t2_sim:[63443. 63069. 62488.]
Task is 16.00% complete.
t1_sim:[58779. 58538. 60057.] t2_sim:[62844. 62412. 65763.]
Task is 17.00% complete.
t1_sim:[65021. 65585. 61946.] t2_sim:[64463. 64314. 70125.]
Task is 18.00% complete.
t1_sim:[60791. 60670. 61046.] t2_sim:[61475. 61837. 62132.]
Task is 19.00% complete.
t1_sim:[62259. 62303. 63362.] t2_sim:[66870. 67092. 67104.]
Task is 20.00% complete.
t1_sim:[66663. 66563. 67984.] t2_sim:[65285. 65104. 64913.]
Task is 21.00% complete.
t1_sim:[62507. 62599. 65362.] t2_sim:[64693. 64909. 57893.]
Task is 22.00% complete.
t1_sim:[63966. 63433. 60813.] t2_sim:[66473. 66562. 63601.]
Task is 23.00% complete.
t1_sim:[60805. 60700. 65747.] t2_sim:[64589. 64705. 65882.]
Task is 24.00% complete.
t1_sim:[57622. 57850. 60048.] t2_sim:[58901. 59464. 60867.]
Task is 25.00% complete.
t1_sim:[63724. 64052. 62064.] t2_sim:[65404. 65816. 64454.]
Task is 26.00% complete.
t1_sim:[59800. 59867. 60268.] t2_sim:[59783. 59877. 64812.]
Task is 27.00% complete.
t1_sim:[67461. 67296. 68133.] t2_sim:[59723. 59586. 56181.]
Task is 28.00% complete.
t1_sim:[62133. 62451. 62650.] t2_sim:[64668. 64803. 63413.]
Task is 29.00% complete.
t1_sim:[62745. 62496. 61964.] t2_sim:[64385. 64091. 62458.]
Task is 30.00% complete.
t1_sim:[56734. 56939. 60305.] t2_sim:[60690. 60798. 57489.]
Task is 31.00% complete.
t1_sim:[61359. 61423. 59219.] t2_sim:[60486. 60338. 60467.]
Task is 32.00% complete.
t1_sim:[64242. 64766. 65505.] t2_sim:[66180. 65633. 66093.]
Task is 33.00% complete.
t1_sim:[66362. 66697. 68181.] t2_sim:[66340. 66301. 67897.]
Task is 34.00% complete.
t1_sim:[54204. 53910. 56970.] t2_sim:[63978. 63166. 60071.]
Task is 35.00% complete.
t1_sim:[59633. 59552. 61511.] t2_sim:[65391. 65512. 65159.]
Task is 36.00% complete.
t1_sim:[59642. 60163. 65234.] t2_sim:[64422. 64210. 62457.]
Task is 37.00% complete.
t1_sim:[62203. 62343. 59247.] t2_sim:[66111. 66465. 66211.]
Task is 38.00% complete.
t1_sim:[64849. 64932. 62496.] t2_sim:[59458. 59707. 57563.]
Task is 39.00% complete.
t1_sim:[60623. 60367. 59404.] t2_sim:[67214. 66741. 63855.]
Task is 40.00% complete.
t1_sim:[63994. 63998. 64149.] t2_sim:[53827. 54245. 56072.]
Task is 41.00% complete.
t1_sim:[67927. 67213. 62400.] t2_sim:[65622. 65555. 64506.]
Task is 42.00% complete.
t1_sim:[64078. 63966. 61762.] t2_sim:[67826. 67984. 63804.]
Task is 43.00% complete.
t1_sim:[58129. 58104. 60837.] t2_sim:[62216. 62121. 63932.]
Task is 44.00% complete.
t1_sim:[59960. 59981. 58673.] t2_sim:[64618. 64202. 63034.]
Task is 45.00% complete.
t1_sim:[59839. 59914. 59882.] t2_sim:[62040. 62276. 62898.]
Task is 46.00% complete.
t1_sim:[65638. 65106. 64397.] t2_sim:[62470. 61821. 61269.]
Task is 47.00% complete.
t1_sim:[63877. 64127. 65355.] t2_sim:[65144. 65407. 66466.]
Task is 48.00% complete.
t1_sim:[60911. 60829. 59421.] t2_sim:[62821. 63348. 64886.]
Task is 49.00% complete.
t1_sim:[73288. 73328. 64760.] t2_sim:[69038. 69295. 68383.]
Task is 50.00% complete.
t1_sim:[63985. 63879. 61300.] t2_sim:[66080. 66329. 67261.]
Task is 51.00% complete.
t1_sim:[65110. 64762. 60894.] t2_sim:[68839. 68617. 67083.]
Task is 52.00% complete.
t1_sim:[64604. 64629. 63431.] t2_sim:[65994. 66141. 63228.]
Task is 53.00% complete.
t1_sim:[63097. 62846. 63234.] t2_sim:[62451. 62764. 62968.]
Task is 54.00% complete.
t1_sim:[58247. 58106. 59204.] t2_sim:[67260. 67101. 63611.]
Task is 55.00% complete.
t1_sim:[60858. 61251. 58464.] t2_sim:[64310. 64262. 64069.]
Task is 56.00% complete.
t1_sim:[62977. 62713. 62216.] t2_sim:[62261. 62306. 60405.]
Task is 57.00% complete.
t1_sim:[60025. 60338. 56858.] t2_sim:[67381. 67834. 67011.]
Task is 58.00% complete.
t1_sim:[66308. 66524. 70550.] t2_sim:[62453. 62327. 64433.]
Task is 59.00% complete.
t1_sim:[62130. 62354. 60820.] t2_sim:[58052. 57875. 58446.]
Task is 60.00% complete.
t1_sim:[66456. 66560. 68198.] t2_sim:[63803. 63746. 66588.]
Task is 61.00% complete.
t1_sim:[62353. 62235. 64672.] t2_sim:[64807. 64626. 67822.]
Task is 62.00% complete.
t1_sim:[60068. 60606. 60903.] t2_sim:[64153. 64302. 62727.]
Task is 63.00% complete.
t1_sim:[54798. 54900. 60400.] t2_sim:[65347. 65797. 66874.]
Task is 64.00% complete.
t1_sim:[64231. 64129. 64469.] t2_sim:[64286. 64079. 62948.]
Task is 65.00% complete.
t1_sim:[61175. 61226. 61767.] t2_sim:[59537. 59544. 59874.]
Task is 66.00% complete.
t1_sim:[64240. 64230. 63495.] t2_sim:[60998. 60707. 62346.]
Task is 67.00% complete.
t1_sim:[59971. 59495. 58585.] t2_sim:[66352. 66319. 68120.]
Task is 68.00% complete.
t1_sim:[63062. 63646. 66276.] t2_sim:[58888. 59354. 58694.]
Task is 69.00% complete.
t1_sim:[63442. 63320. 63676.] t2_sim:[62163. 62454. 62110.]
Task is 70.00% complete.
t1_sim:[63185. 62972. 63083.] t2_sim:[63782. 63933. 63124.]
Task is 71.00% complete.
t1_sim:[65588. 65528. 64578.] t2_sim:[65314. 64495. 63845.]
Task is 72.00% complete.
t1_sim:[57043. 56948. 57468.] t2_sim:[62864. 63342. 62163.]
Task is 73.00% complete.
t1_sim:[61654. 61900. 60207.] t2_sim:[61819. 62311. 65906.]
Task is 74.00% complete.
t1_sim:[67785. 67542. 62912.] t2_sim:[56859. 56905. 59197.]
Task is 75.00% complete.
t1_sim:[62474. 62301. 61420.] t2_sim:[57048. 56979. 57815.]
Task is 76.00% complete.
t1_sim:[68265. 68424. 68255.] t2_sim:[60131. 60070. 58531.]
Task is 77.00% complete.
t1_sim:[63163. 62712. 60241.] t2_sim:[61235. 61353. 63151.]
Task is 78.00% complete.
t1_sim:[60622. 60390. 61952.] t2_sim:[59908. 59691. 62408.]
Task is 79.00% complete.
t1_sim:[62952. 62713. 61133.] t2_sim:[63565. 63724. 63533.]
Task is 80.00% complete.
t1_sim:[62523. 63163. 61462.] t2_sim:[61753. 61648. 61093.]
Task is 81.00% complete.
t1_sim:[61825. 62069. 63474.] t2_sim:[62572. 62681. 60777.]
Task is 82.00% complete.
t1_sim:[65855. 65833. 68097.] t2_sim:[66206. 66045. 64232.]
Task is 83.00% complete.
t1_sim:[64752. 64422. 64353.] t2_sim:[62893. 63084. 60583.]
Task is 84.00% complete.
t1_sim:[63775. 63854. 68133.] t2_sim:[64430. 64912. 66311.]
Task is 85.00% complete.
t1_sim:[62898. 62627. 62096.] t2_sim:[60533. 60346. 60339.]
Task is 86.00% complete.
t1_sim:[67887. 67829. 66144.] t2_sim:[57970. 58216. 62066.]
Task is 87.00% complete.
t1_sim:[59839. 60145. 62856.] t2_sim:[61631. 61799. 59633.]
Task is 88.00% complete.
t1_sim:[60858. 60801. 63896.] t2_sim:[59018. 59412. 63670.]
Task is 89.00% complete.
t1_sim:[65110. 65137. 70445.] t2_sim:[65779. 66105. 63367.]
Task is 90.00% complete.
t1_sim:[69577. 69452. 66562.] t2_sim:[58362. 58120. 53797.]
Task is 91.00% complete.
t1_sim:[63137. 63173. 65426.] t2_sim:[61782. 61648. 60516.]
Task is 92.00% complete.
t1_sim:[64380. 64205. 65286.] t2_sim:[64719. 64558. 65222.]
Task is 93.00% complete.
t1_sim:[62212. 62262. 60435.] t2_sim:[60374. 60863. 59658.]
Task is 94.00% complete.
t1_sim:[63888. 63771. 64128.] t2_sim:[62689. 62660. 61062.]
Task is 95.00% complete.
t1_sim:[61514. 61314. 58108.] t2_sim:[59656. 59714. 64359.]
Task is 96.00% complete.
t1_sim:[65940. 65760. 59345.] t2_sim:[60589. 60579. 60823.]
Task is 97.00% complete.
t1_sim:[64134. 64279. 64665.] t2_sim:[61057. 60913. 61520.]
Task is 98.00% complete.
t1_sim:[65444. 65318. 63308.] t2_sim:[62654. 62499. 63369.]
Task is 99.00% complete.
t1_sim:[58940. 58821. 56657.] t2_sim:[61937. 61601. 62424.]
Training start
t1_obs:[array(59304.), array(59242.), array(59186.)] t2_obs:[array(58088.), array(58108.), array(59851.)]
corr_G1:[None, None, 0.99300022847587] corr_G2:[None, None, 0.9696663460270902]
Training end
Task is 0.00% complete.
t1_sim:[68869. 68997. 66759.] t2_sim:[61935. 61459. 62859.]
Task is 1.00% complete.
t1_sim:[63247. 63373. 62242.] t2_sim:[68341. 68382. 67803.]
Task is 2.00% complete.
t1_sim:[61767. 61841. 61962.] t2_sim:[60890. 60965. 59966.]
Task is 3.00% complete.
t1_sim:[65334. 65615. 66574.] t2_sim:[59648. 59464. 59716.]
Task is 4.00% complete.
t1_sim:[61479. 61702. 60055.] t2_sim:[62800. 62947. 62362.]
Task is 5.00% complete.
t1_sim:[59935. 59610. 60505.] t2_sim:[63088. 62998. 63148.]
Task is 6.00% complete.
t1_sim:[67170. 67005. 65433.] t2_sim:[60373. 60507. 60753.]
Task is 7.00% complete.
t1_sim:[67112. 67250. 67930.] t2_sim:[63342. 63293. 61789.]
Task is 8.00% complete.
t1_sim:[59870. 59881. 62290.] t2_sim:[63872. 64071. 64247.]
Task is 9.00% complete.
t1_sim:[70221. 70233. 70986.] t2_sim:[54628. 54876. 55297.]
Task is 10.00% complete.
t1_sim:[61538. 61551. 59546.] t2_sim:[53532. 53769. 53821.]
Task is 11.00% complete.
t1_sim:[55494. 55258. 55647.] t2_sim:[63970. 64434. 64818.]
Task is 12.00% complete.
t1_sim:[65011. 64715. 63877.] t2_sim:[55077. 55085. 58185.]
Task is 13.00% complete.
t1_sim:[67442. 67323. 68443.] t2_sim:[59888. 59985. 59171.]
Task is 14.00% complete.
t1_sim:[62166. 62176. 62143.] t2_sim:[62321. 62060. 64824.]
Task is 15.00% complete.
t1_sim:[57989. 58360. 60639.] t2_sim:[58331. 58380. 59424.]
Task is 16.00% complete.
t1_sim:[59113. 59171. 56934.] t2_sim:[63973. 63959. 65122.]
Task is 17.00% complete.
t1_sim:[62772. 62401. 60660.] t2_sim:[62368. 62372. 63208.]
Task is 18.00% complete.
t1_sim:[54446. 54325. 53825.] t2_sim:[64648. 65157. 64123.]
Task is 19.00% complete.
t1_sim:[63136. 63298. 63230.] t2_sim:[64531. 63971. 65004.]
Task is 20.00% complete.
t1_sim:[67854. 68094. 70142.] t2_sim:[64623. 65181. 65515.]
Task is 21.00% complete.
t1_sim:[60570. 60104. 59991.] t2_sim:[67242. 67013. 65308.]
Task is 22.00% complete.
t1_sim:[62363. 61704. 60431.] t2_sim:[67655. 67578. 67782.]
Task is 23.00% complete.
t1_sim:[58213. 58461. 56902.] t2_sim:[68446. 68913. 67369.]
Task is 24.00% complete.
t1_sim:[61040. 60908. 62348.] t2_sim:[65982. 65613. 65176.]
Task is 25.00% complete.
t1_sim:[65861. 65368. 64954.] t2_sim:[62760. 63311. 65234.]
Task is 26.00% complete.
t1_sim:[61772. 61914. 64340.] t2_sim:[64306. 63973. 63710.]
Task is 27.00% complete.
t1_sim:[61512. 61147. 60921.] t2_sim:[61437. 61647. 61326.]
Task is 28.00% complete.
t1_sim:[61032. 60949. 60380.] t2_sim:[59254. 59912. 60484.]
Task is 29.00% complete.
t1_sim:[65290. 64839. 64917.] t2_sim:[62234. 62418. 59821.]
Task is 30.00% complete.
t1_sim:[67783. 67772. 65669.] t2_sim:[62262. 62261. 61215.]
Task is 31.00% complete.
t1_sim:[61965. 61967. 60540.] t2_sim:[60606. 60227. 58812.]
Task is 32.00% complete.
t1_sim:[58172. 58632. 59262.] t2_sim:[60984. 61050. 62269.]
Task is 33.00% complete.
t1_sim:[63341. 63358. 63298.] t2_sim:[59795. 59504. 62638.]
Task is 34.00% complete.
t1_sim:[62273. 62303. 63294.] t2_sim:[66305. 66081. 66055.]
Task is 35.00% complete.
t1_sim:[59994. 60368. 60950.] t2_sim:[58821. 58769. 60070.]
Task is 36.00% complete.
t1_sim:[57283. 57360. 59877.] t2_sim:[61787. 61866. 61032.]
Task is 37.00% complete.
t1_sim:[64972. 65580. 64867.] t2_sim:[66942. 66947. 65965.]
Task is 38.00% complete.
t1_sim:[65242. 65326. 66479.] t2_sim:[59514. 59780. 58370.]
Task is 39.00% complete.
t1_sim:[67163. 67138. 63609.] t2_sim:[62811. 62864. 62588.]
Task is 40.00% complete.
t1_sim:[62367. 61686. 64266.] t2_sim:[65240. 65199. 65630.]
Task is 41.00% complete.
t1_sim:[63883. 63620. 62652.] t2_sim:[66834. 66417. 67304.]
Task is 42.00% complete.
t1_sim:[64850. 64418. 63791.] t2_sim:[56148. 55833. 56978.]
Task is 43.00% complete.
t1_sim:[64704. 64730. 66143.] t2_sim:[62145. 62368. 61356.]
Task is 44.00% complete.
t1_sim:[60541. 60067. 60486.] t2_sim:[62739. 62309. 64317.]
Task is 45.00% complete.
t1_sim:[64924. 64904. 66393.] t2_sim:[66722. 67132. 67139.]
Task is 46.00% complete.
t1_sim:[68385. 68333. 65377.] t2_sim:[63791. 63811. 64678.]
Task is 47.00% complete.
t1_sim:[58997. 59196. 59189.] t2_sim:[66335. 66993. 67300.]
Task is 48.00% complete.
t1_sim:[58200. 58340. 57644.] t2_sim:[61563. 61837. 61894.]
Task is 49.00% complete.
t1_sim:[61583. 61406. 62301.] t2_sim:[64956. 64858. 63432.]
Task is 50.00% complete.
t1_sim:[64840. 64429. 63853.] t2_sim:[62127. 62167. 63288.]
Task is 51.00% complete.
t1_sim:[64567. 64255. 63945.] t2_sim:[62174. 62401. 61676.]
Task is 52.00% complete.
t1_sim:[60444. 60336. 60297.] t2_sim:[64040. 63851. 62716.]
Task is 53.00% complete.
t1_sim:[61687. 62037. 61477.] t2_sim:[62796. 63063. 63840.]
Task is 54.00% complete.
t1_sim:[61682. 61837. 59689.] t2_sim:[61634. 61707. 62175.]
Task is 55.00% complete.
t1_sim:[63913. 64014. 62827.] t2_sim:[65064. 65059. 66124.]
Task is 56.00% complete.
t1_sim:[66961. 67185. 67002.] t2_sim:[65034. 65627. 65454.]
Task is 57.00% complete.
t1_sim:[65946. 66200. 66520.] t2_sim:[64369. 64372. 63703.]
Task is 58.00% complete.
t1_sim:[63134. 63106. 62605.] t2_sim:[61972. 61758. 63824.]
Task is 59.00% complete.
t1_sim:[58965. 59563. 57128.] t2_sim:[64665. 64270. 63829.]
Task is 60.00% complete.
t1_sim:[61559. 61736. 63515.] t2_sim:[65418. 64805. 64798.]
Task is 61.00% complete.
t1_sim:[54646. 54541. 52632.] t2_sim:[68473. 68178. 66882.]
Task is 62.00% complete.
t1_sim:[65043. 64963. 66505.] t2_sim:[59887. 59840. 62155.]
Task is 63.00% complete.
t1_sim:[67214. 67180. 67080.] t2_sim:[62098. 61643. 64093.]
Task is 64.00% complete.
t1_sim:[63380. 63496. 61647.] t2_sim:[69927. 69838. 66822.]
Task is 65.00% complete.
t1_sim:[58478. 59083. 59857.] t2_sim:[62603. 62220. 62493.]
Task is 66.00% complete.
t1_sim:[69470. 70043. 67767.] t2_sim:[60651. 60525. 60872.]
Task is 67.00% complete.
t1_sim:[64607. 64567. 65010.] t2_sim:[65417. 65815. 66799.]
Task is 68.00% complete.
t1_sim:[63973. 64560. 66037.] t2_sim:[61257. 60856. 58513.]
Task is 69.00% complete.
t1_sim:[66489. 66222. 66645.] t2_sim:[64071. 64094. 61416.]
Task is 70.00% complete.
t1_sim:[63659. 63560. 63176.] t2_sim:[61226. 61013. 64630.]
Task is 71.00% complete.
t1_sim:[66754. 66832. 64701.] t2_sim:[56674. 56720. 56262.]
Task is 72.00% complete.
t1_sim:[62179. 62496. 61595.] t2_sim:[64746. 64970. 65119.]
Task is 73.00% complete.
t1_sim:[58487. 58526. 57539.] t2_sim:[62226. 62115. 61308.]
Task is 74.00% complete.
t1_sim:[62997. 62862. 63586.] t2_sim:[57053. 57163. 56726.]
Task is 75.00% complete.
t1_sim:[60752. 60904. 59779.] t2_sim:[70676. 70870. 71869.]
Task is 76.00% complete.
t1_sim:[59079. 59085. 56903.] t2_sim:[65335. 65504. 64689.]
Task is 77.00% complete.
t1_sim:[63432. 63505. 65080.] t2_sim:[66584. 66870. 65729.]
Task is 78.00% complete.
t1_sim:[66486. 66061. 67142.] t2_sim:[63288. 62790. 64619.]
Task is 79.00% complete.
t1_sim:[61892. 62306. 62251.] t2_sim:[63947. 63793. 66603.]
Task is 80.00% complete.
t1_sim:[62369. 62031. 60246.] t2_sim:[68405. 68159. 64831.]
Task is 81.00% complete.
t1_sim:[60769. 60927. 61943.] t2_sim:[62299. 62538. 62473.]
Task is 82.00% complete.
t1_sim:[62750. 62739. 62121.] t2_sim:[63050. 62741. 61614.]
Task is 83.00% complete.
t1_sim:[62467. 62351. 61017.] t2_sim:[62189. 62202. 61871.]
Task is 84.00% complete.
t1_sim:[64810. 64616. 66098.] t2_sim:[58576. 59160. 60129.]
Task is 85.00% complete.
t1_sim:[66438. 66227. 66163.] t2_sim:[59366. 59022. 59677.]
Task is 86.00% complete.
t1_sim:[61118. 60668. 59089.] t2_sim:[65281. 65197. 66887.]
Task is 87.00% complete.
t1_sim:[68980. 68947. 66050.] t2_sim:[69127. 69339. 69097.]
Task is 88.00% complete.
t1_sim:[59586. 59360. 60307.] t2_sim:[62013. 61597. 62853.]
Task is 89.00% complete.
t1_sim:[65814. 66136. 67934.] t2_sim:[59702. 59617. 59335.]
Task is 90.00% complete.
t1_sim:[58537. 58518. 59860.] t2_sim:[59679. 59489. 59530.]
Task is 91.00% complete.
t1_sim:[62468. 62537. 60659.] t2_sim:[63094. 63171. 63548.]
Task is 92.00% complete.
t1_sim:[60241. 60653. 61432.] t2_sim:[63499. 63301. 62376.]
Task is 93.00% complete.
t1_sim:[60417. 60770. 60314.] t2_sim:[67677. 67576. 67031.]
Task is 94.00% complete.
t1_sim:[64088. 64439. 65672.] t2_sim:[61756. 61526. 62322.]
Task is 95.00% complete.
t1_sim:[59690. 59514. 57692.] t2_sim:[59868. 60425. 59892.]
Task is 96.00% complete.
t1_sim:[61216. 60755. 60873.] t2_sim:[63132. 63462. 63150.]
Task is 97.00% complete.
t1_sim:[63899. 63751. 63458.] t2_sim:[62050. 61932. 63112.]
Task is 98.00% complete.
t1_sim:[63935. 63950. 66249.] t2_sim:[59677. 59656. 59816.]
Task is 99.00% complete.
t1_sim:[66411. 66741. 66126.] t2_sim:[63306. 62800. 63409.]
Training start
t1_obs:[array(59304.), array(59242.), array(58859.)] t2_obs:[array(58088.), array(58108.), array(60810.)]
corr_G1:[None, None, -0.07673028522990603] corr_G2:[None, None, -0.08066912913472639]
Training end
Task is 0.00% complete.
t1_sim:[62866. 63485. 62332.] t2_sim:[56971. 57257. 57250.]
Task is 1.00% complete.
t1_sim:[57152. 56921. 58313.] t2_sim:[57807. 57893. 58204.]
Task is 2.00% complete.
t1_sim:[60698. 60881. 57537.] t2_sim:[60113. 59911. 61872.]
Task is 3.00% complete.
t1_sim:[61760. 61981. 60948.] t2_sim:[60729. 61207. 63439.]
Task is 4.00% complete.
t1_sim:[61825. 61441. 63431.] t2_sim:[54577. 53849. 55900.]
Task is 5.00% complete.
t1_sim:[58778. 58715. 60075.] t2_sim:[59763. 60254. 61413.]
Task is 6.00% complete.
t1_sim:[64556. 64369. 64643.] t2_sim:[62074. 62524. 61817.]
Task is 7.00% complete.
t1_sim:[64106. 64453. 65895.] t2_sim:[65478. 65477. 63133.]
Task is 8.00% complete.
t1_sim:[63131. 62915. 63215.] t2_sim:[58940. 59395. 59379.]
Task is 9.00% complete.
t1_sim:[65006. 64587. 62285.] t2_sim:[54376. 54316. 52460.]
Task is 10.00% complete.
t1_sim:[62288. 62386. 63605.] t2_sim:[60534. 60741. 63058.]
Task is 11.00% complete.
t1_sim:[64224. 63967. 61713.] t2_sim:[60566. 60727. 60537.]
Task is 12.00% complete.
t1_sim:[60395. 60424. 61396.] t2_sim:[63115. 63383. 64130.]
Task is 13.00% complete.
t1_sim:[65836. 65778. 63655.] t2_sim:[65763. 65607. 63069.]
Task is 14.00% complete.
t1_sim:[64155. 64295. 63812.] t2_sim:[62371. 62305. 62566.]
Task is 15.00% complete.
t1_sim:[61447. 61707. 61514.] t2_sim:[63780. 63815. 62875.]
Task is 16.00% complete.
t1_sim:[63080. 63510. 62353.] t2_sim:[61997. 62114. 61909.]
Task is 17.00% complete.
t1_sim:[62924. 62965. 60593.] t2_sim:[57709. 58154. 58208.]
Task is 18.00% complete.
t1_sim:[66097. 65930. 65524.] t2_sim:[55654. 55739. 56321.]
Task is 19.00% complete.
t1_sim:[62926. 62857. 62995.] t2_sim:[56894. 57010. 59379.]
Task is 20.00% complete.
t1_sim:[59949. 59633. 58756.] t2_sim:[66063. 66401. 64803.]
Task is 21.00% complete.
t1_sim:[66267. 66315. 65552.] t2_sim:[62014. 61754. 63259.]
Task is 22.00% complete.
t1_sim:[60625. 60914. 63483.] t2_sim:[67050. 66433. 65342.]
Task is 23.00% complete.
t1_sim:[60480. 60482. 61380.] t2_sim:[65549. 65372. 62818.]
Task is 24.00% complete.
t1_sim:[62057. 62396. 59789.] t2_sim:[64671. 65253. 64561.]
Task is 25.00% complete.
t1_sim:[61742. 61319. 59246.] t2_sim:[62145. 62063. 64913.]
Task is 26.00% complete.
t1_sim:[62934. 62962. 61883.] t2_sim:[64908. 65559. 66548.]
Task is 27.00% complete.
t1_sim:[57789. 57678. 52800.] t2_sim:[60733. 60913. 60398.]
Task is 28.00% complete.
t1_sim:[59415. 59655. 61177.] t2_sim:[66888. 66591. 66027.]
Task is 29.00% complete.
t1_sim:[62125. 61616. 61643.] t2_sim:[57949. 57981. 56606.]
Task is 30.00% complete.
t1_sim:[59569. 59956. 62069.] t2_sim:[59771. 59695. 57624.]
Task is 31.00% complete.
t1_sim:[62125. 62068. 62898.] t2_sim:[63741. 63848. 61770.]
Task is 32.00% complete.
t1_sim:[65241. 65198. 64678.] t2_sim:[60835. 60724. 60901.]
Task is 33.00% complete.
t1_sim:[62854. 62802. 62830.] t2_sim:[69936. 70030. 70272.]
Task is 34.00% complete.
t1_sim:[61845. 61839. 59933.] t2_sim:[63485. 63955. 63304.]
Task is 35.00% complete.
t1_sim:[64473. 64391. 63575.] t2_sim:[58852. 58879. 58759.]
Task is 36.00% complete.
t1_sim:[61873. 62108. 64622.] t2_sim:[67002. 66992. 65880.]
Task is 37.00% complete.
t1_sim:[60184. 60515. 60312.] t2_sim:[64632. 64540. 64115.]
Task is 38.00% complete.
t1_sim:[66319. 66298. 64722.] t2_sim:[70398. 70021. 68608.]
Task is 39.00% complete.
t1_sim:[62843. 63050. 63701.] t2_sim:[65966. 65856. 66195.]
Task is 40.00% complete.
t1_sim:[56666. 56582. 54903.] t2_sim:[60969. 60893. 60725.]
Task is 41.00% complete.
t1_sim:[61112. 60857. 61396.] t2_sim:[59887. 59809. 59139.]
Task is 42.00% complete.
t1_sim:[64749. 65059. 66172.] t2_sim:[62616. 62740. 64998.]
Task is 43.00% complete.
t1_sim:[60539. 60272. 59324.] t2_sim:[61850. 61756. 61338.]
Task is 44.00% complete.
t1_sim:[60235. 60357. 59871.] t2_sim:[65983. 65818. 63940.]
Task is 45.00% complete.
t1_sim:[62710. 62738. 62033.] t2_sim:[64146. 64208. 63398.]
Task is 46.00% complete.
t1_sim:[62995. 63240. 62940.] t2_sim:[66206. 66373. 68285.]
Task is 47.00% complete.
t1_sim:[61267. 61773. 64126.] t2_sim:[57623. 57880. 59462.]
Task is 48.00% complete.
t1_sim:[64111. 64525. 64034.] t2_sim:[58660. 58213. 60850.]
Task is 49.00% complete.
t1_sim:[58998. 59074. 60318.] t2_sim:[58979. 59050. 59493.]
Task is 50.00% complete.
t1_sim:[59218. 59430. 58428.] t2_sim:[58131. 57715. 58901.]
Task is 51.00% complete.
t1_sim:[62225. 62110. 61067.] t2_sim:[60881. 61016. 62499.]
Task is 52.00% complete.
t1_sim:[61576. 61532. 62438.] t2_sim:[57465. 57393. 57688.]
Task is 53.00% complete.
t1_sim:[61992. 62660. 65693.] t2_sim:[59715. 59838. 60101.]
Task is 54.00% complete.
t1_sim:[67000. 66906. 67066.] t2_sim:[66319. 65721. 64742.]
Task is 55.00% complete.
t1_sim:[65413. 65519. 63673.] t2_sim:[66912. 67064. 65920.]
Task is 56.00% complete.
t1_sim:[58740. 59286. 61368.] t2_sim:[63775. 63530. 65561.]
Task is 57.00% complete.
t1_sim:[59907. 59870. 58944.] t2_sim:[61014. 60551. 59397.]
Task is 58.00% complete.
t1_sim:[59963. 59834. 60411.] t2_sim:[65515. 65497. 64564.]
Task is 59.00% complete.
t1_sim:[59716. 59046. 58742.] t2_sim:[62322. 62549. 62405.]
Task is 60.00% complete.
t1_sim:[63648. 64142. 64131.] t2_sim:[61301. 61518. 63383.]
Task is 61.00% complete.
t1_sim:[62551. 62202. 61639.] t2_sim:[65556. 65655. 65111.]
Task is 62.00% complete.
t1_sim:[63319. 63461. 63178.] t2_sim:[63823. 63923. 62757.]
Task is 63.00% complete.
t1_sim:[64705. 64720. 63363.] t2_sim:[65470. 65678. 65787.]
Task is 64.00% complete.
t1_sim:[65047. 64739. 64035.] t2_sim:[59556. 59717. 60705.]
Task is 65.00% complete.
t1_sim:[67871. 67945. 65629.] t2_sim:[59308. 59580. 58468.]
Task is 66.00% complete.
t1_sim:[60996. 61243. 61705.] t2_sim:[64059. 63842. 63266.]
Task is 67.00% complete.
t1_sim:[65674. 65516. 66615.] t2_sim:[68282. 68561. 67714.]
Task is 68.00% complete.
t1_sim:[65936. 66315. 64955.] t2_sim:[64637. 64581. 64577.]
Task is 69.00% complete.
t1_sim:[63913. 64249. 66352.] t2_sim:[66233. 66314. 66344.]
Task is 70.00% complete.
t1_sim:[58135. 57871. 59850.] t2_sim:[57926. 57783. 60027.]
Task is 71.00% complete.
t1_sim:[61499. 61081. 61514.] t2_sim:[64527. 64635. 65088.]
Task is 72.00% complete.
t1_sim:[62066. 62151. 64238.] t2_sim:[62101. 61752. 60283.]
Task is 73.00% complete.
t1_sim:[70318. 70344. 72128.] t2_sim:[66109. 66299. 64988.]
Task is 74.00% complete.
t1_sim:[60616. 60586. 58517.] t2_sim:[63831. 64173. 63692.]
Task is 75.00% complete.
t1_sim:[63770. 63912. 67084.] t2_sim:[62176. 62334. 62504.]
Task is 76.00% complete.
t1_sim:[64273. 64249. 63760.] t2_sim:[58311. 58247. 60585.]
Task is 77.00% complete.
t1_sim:[63516. 63822. 65250.] t2_sim:[64950. 64458. 62596.]
Task is 78.00% complete.
t1_sim:[63391. 62868. 60011.] t2_sim:[66796. 67169. 68631.]
Task is 79.00% complete.
t1_sim:[61198. 61391. 62023.] t2_sim:[64325. 64493. 66519.]
Task is 80.00% complete.
t1_sim:[62117. 61590. 61906.] t2_sim:[69180. 68950. 68852.]
Task is 81.00% complete.
t1_sim:[55433. 55183. 57644.] t2_sim:[62541. 62688. 63000.]
Task is 82.00% complete.
t1_sim:[60647. 60666. 59212.] t2_sim:[62160. 61725. 61066.]
Task is 83.00% complete.
t1_sim:[63253. 63115. 62367.] t2_sim:[61258. 61439. 60693.]
Task is 84.00% complete.
t1_sim:[65735. 65570. 66639.] t2_sim:[70106. 69793. 70523.]
Task is 85.00% complete.
t1_sim:[57756. 57685. 57166.] t2_sim:[64440. 64350. 62050.]
Task is 86.00% complete.
t1_sim:[60694. 60683. 61335.] t2_sim:[60406. 60113. 61086.]
Task is 87.00% complete.
t1_sim:[59863. 59986. 60106.] t2_sim:[56462. 56506. 55319.]
Task is 88.00% complete.
t1_sim:[63019. 62827. 63148.] t2_sim:[64756. 64755. 65652.]
Task is 89.00% complete.
t1_sim:[53228. 53098. 53763.] t2_sim:[63915. 63217. 63782.]
Task is 90.00% complete.
t1_sim:[65365. 65279. 63393.] t2_sim:[59059. 59409. 59826.]
Task is 91.00% complete.
t1_sim:[64143. 64318. 65804.] t2_sim:[61119. 60548. 60207.]
Task is 92.00% complete.
t1_sim:[64261. 64139. 66504.] t2_sim:[66993. 66945. 67787.]
Task is 93.00% complete.
t1_sim:[64562. 64501. 62019.] t2_sim:[61552. 61567. 63309.]
Task is 94.00% complete.
t1_sim:[52668. 52829. 54133.] t2_sim:[63759. 64078. 63095.]
Task is 95.00% complete.
t1_sim:[68374. 68555. 69885.] t2_sim:[58495. 58252. 58174.]
Task is 96.00% complete.
t1_sim:[60523. 60725. 60684.] t2_sim:[64099. 64344. 64139.]
Task is 97.00% complete.
t1_sim:[62583. 62614. 64366.] t2_sim:[60275. 60543. 59873.]
Task is 98.00% complete.
t1_sim:[62618. 62554. 61762.] t2_sim:[60574. 60316. 61795.]
Task is 99.00% complete.
t1_sim:[60698. 60646. 63005.] t2_sim:[72462. 71996. 70904.]
Finished
