/scratch/jz4721/Post-prediction-Causal-Inference/venv/lib/python3.8/site-packages/numpy/core/getlimits.py:518: UserWarning: The value of the smallest subnormal for <class 'numpy.float64'> type is zero.
  setattr(self, word, getattr(machar, word).flat[0])
/scratch/jz4721/Post-prediction-Causal-Inference/venv/lib/python3.8/site-packages/numpy/core/getlimits.py:89: UserWarning: The value of the smallest subnormal for <class 'numpy.float64'> type is zero.
  return self._float_to_str(self.smallest_subnormal)
/scratch/jz4721/Post-prediction-Causal-Inference/venv/lib/python3.8/site-packages/numpy/core/getlimits.py:518: UserWarning: The value of the smallest subnormal for <class 'numpy.float32'> type is zero.
  setattr(self, word, getattr(machar, word).flat[0])
/scratch/jz4721/Post-prediction-Causal-Inference/venv/lib/python3.8/site-packages/numpy/core/getlimits.py:89: UserWarning: The value of the smallest subnormal for <class 'numpy.float32'> type is zero.
  return self._float_to_str(self.smallest_subnormal)
Training start
t1_obs:[array(64871.), array(65093.), array(60609.)] t2_obs:[array(52583.), array(53118.), array(52016.)]
corr_G1:[None, None, -4.9227313303386074e-18] corr_G2:[None, None, -1.450764497725166e-17]
Training end
Task is 0.00% complete.
t1_sim:[57267. 57213. 58676.] t2_sim:[61007. 60965. 61403.]
Task is 1.00% complete.
t1_sim:[67910. 67804. 69462.] t2_sim:[58035. 58142. 57310.]
Task is 2.00% complete.
t1_sim:[63377. 63697. 60998.] t2_sim:[60967. 61360. 63607.]
Task is 3.00% complete.
t1_sim:[64728. 64562. 62156.] t2_sim:[65110. 65042. 64303.]
Task is 4.00% complete.
t1_sim:[62823. 63105. 68443.] t2_sim:[61611. 61868. 63619.]
Task is 5.00% complete.
t1_sim:[63594. 64486. 62959.] t2_sim:[59937. 59693. 63409.]
Task is 6.00% complete.
t1_sim:[65886. 66201. 67094.] t2_sim:[64378. 64738. 63939.]
Task is 7.00% complete.
t1_sim:[64746. 64659. 64222.] t2_sim:[63947. 64560. 69480.]
Task is 8.00% complete.
t1_sim:[61010. 61483. 62350.] t2_sim:[61673. 61522. 62172.]
Task is 9.00% complete.
t1_sim:[65084. 65240. 67187.] t2_sim:[61844. 62078. 59694.]
Task is 10.00% complete.
t1_sim:[62170. 62461. 61491.] t2_sim:[62348. 62235. 61547.]
Task is 11.00% complete.
t1_sim:[59171. 59284. 61440.] t2_sim:[62947. 63012. 61012.]
Task is 12.00% complete.
t1_sim:[64661. 64600. 64161.] t2_sim:[65013. 65154. 60649.]
Task is 13.00% complete.
t1_sim:[60542. 60529. 63311.] t2_sim:[61423. 61360. 64308.]
Task is 14.00% complete.
t1_sim:[66125. 66160. 61024.] t2_sim:[61718. 61498. 60756.]
Task is 15.00% complete.
t1_sim:[62973. 63435. 61528.] t2_sim:[60674. 60564. 61122.]
Task is 16.00% complete.
t1_sim:[63773. 64129. 65600.] t2_sim:[59187. 58747. 58197.]
Task is 17.00% complete.
t1_sim:[63532. 62866. 61886.] t2_sim:[60915. 60650. 67121.]
Task is 18.00% complete.
t1_sim:[58769. 59500. 62035.] t2_sim:[63817. 63713. 63509.]
Task is 19.00% complete.
t1_sim:[60877. 60548. 60830.] t2_sim:[61076. 61012. 60291.]
Task is 20.00% complete.
t1_sim:[61388. 61495. 62295.] t2_sim:[62267. 62427. 62469.]
Task is 21.00% complete.
t1_sim:[64944. 64734. 64565.] t2_sim:[60394. 60214. 60944.]
Task is 22.00% complete.
t1_sim:[62885. 62514. 61010.] t2_sim:[59061. 59634. 58556.]
Task is 23.00% complete.
t1_sim:[62015. 61753. 63264.] t2_sim:[66063. 66211. 67295.]
Task is 24.00% complete.
t1_sim:[57799. 57689. 60499.] t2_sim:[54140. 53995. 54102.]
Task is 25.00% complete.
t1_sim:[63748. 63460. 63322.] t2_sim:[62256. 62194. 59653.]
Task is 26.00% complete.
t1_sim:[63544. 63658. 64695.] t2_sim:[62384. 62020. 63097.]
Task is 27.00% complete.
t1_sim:[64120. 63891. 60872.] t2_sim:[59177. 59408. 59892.]
Task is 28.00% complete.
t1_sim:[58376. 58606. 60951.] t2_sim:[62472. 62611. 61191.]
Task is 29.00% complete.
t1_sim:[57516. 58079. 60721.] t2_sim:[65994. 66520. 67240.]
Task is 30.00% complete.
t1_sim:[62256. 62358. 64550.] t2_sim:[55585. 55414. 57161.]
Task is 31.00% complete.
t1_sim:[60864. 60396. 62205.] t2_sim:[63062. 63495. 63936.]
Task is 32.00% complete.
t1_sim:[58639. 58120. 61903.] t2_sim:[61341. 61780. 64859.]
Task is 33.00% complete.
t1_sim:[64306. 64687. 64153.] t2_sim:[64124. 64589. 62269.]
Task is 34.00% complete.
t1_sim:[68727. 68508. 66029.] t2_sim:[60497. 60222. 60656.]
Task is 35.00% complete.
t1_sim:[63187. 63421. 62842.] t2_sim:[61607. 61397. 58849.]
Task is 36.00% complete.
t1_sim:[56156. 56435. 60268.] t2_sim:[62477. 62580. 64114.]
Task is 37.00% complete.
t1_sim:[63641. 63735. 62702.] t2_sim:[57163. 57160. 53956.]
Task is 38.00% complete.
t1_sim:[59617. 59792. 62512.] t2_sim:[60806. 60360. 61428.]
Task is 39.00% complete.
t1_sim:[65597. 65638. 65568.] t2_sim:[58727. 58603. 61729.]
Task is 40.00% complete.
t1_sim:[59867. 59548. 59875.] t2_sim:[58094. 58190. 57366.]
Task is 41.00% complete.
t1_sim:[63618. 63577. 63805.] t2_sim:[61612. 61824. 60526.]
Task is 42.00% complete.
t1_sim:[64022. 64261. 65325.] t2_sim:[65035. 64993. 62181.]
Task is 43.00% complete.
t1_sim:[58679. 58639. 64319.] t2_sim:[63026. 63350. 58492.]
Task is 44.00% complete.
t1_sim:[66189. 66322. 67998.] t2_sim:[61541. 61452. 62042.]
Task is 45.00% complete.
t1_sim:[65490. 64855. 68621.] t2_sim:[58676. 58762. 56810.]
Task is 46.00% complete.
t1_sim:[59284. 58746. 57118.] t2_sim:[65160. 65711. 64796.]
Task is 47.00% complete.
t1_sim:[60332. 60619. 62051.] t2_sim:[65981. 65553. 68067.]
Task is 48.00% complete.
t1_sim:[60205. 60263. 59965.] t2_sim:[66295. 66388. 66206.]
Task is 49.00% complete.
t1_sim:[64915. 65207. 61818.] t2_sim:[66066. 65998. 62976.]
Task is 50.00% complete.
t1_sim:[61100. 61116. 61654.] t2_sim:[61399. 60822. 61711.]
Task is 51.00% complete.
t1_sim:[61676. 61804. 64372.] t2_sim:[66257. 66778. 65862.]
Task is 52.00% complete.
t1_sim:[61502. 61365. 59158.] t2_sim:[60589. 60637. 59979.]
Task is 53.00% complete.
t1_sim:[61447. 61488. 61220.] t2_sim:[62605. 62465. 60659.]
Task is 54.00% complete.
t1_sim:[66558. 66741. 65704.] t2_sim:[55290. 55295. 56903.]
Task is 55.00% complete.
t1_sim:[63304. 63084. 59089.] t2_sim:[59585. 59762. 62251.]
Task is 56.00% complete.
t1_sim:[60129. 60587. 59831.] t2_sim:[62591. 62262. 63329.]
Task is 57.00% complete.
t1_sim:[59522. 59649. 58905.] t2_sim:[68341. 68356. 66678.]
Task is 58.00% complete.
t1_sim:[62817. 62571. 62963.] t2_sim:[57905. 57971. 57998.]
Task is 59.00% complete.
t1_sim:[57024. 57331. 58044.] t2_sim:[65755. 65910. 65359.]
Task is 60.00% complete.
t1_sim:[61010. 61089. 60037.] t2_sim:[62333. 62537. 63359.]
Task is 61.00% complete.
t1_sim:[55636. 55422. 55634.] t2_sim:[60256. 60854. 60325.]
Task is 62.00% complete.
t1_sim:[63471. 63833. 62411.] t2_sim:[62261. 62349. 60203.]
Task is 63.00% complete.
t1_sim:[59123. 59171. 59830.] t2_sim:[64649. 64499. 65167.]
Task is 64.00% complete.
t1_sim:[58772. 58926. 61827.] t2_sim:[60119. 59613. 55978.]
Task is 65.00% complete.
t1_sim:[63045. 62940. 64325.] t2_sim:[66657. 66141. 65306.]
Task is 66.00% complete.
t1_sim:[55016. 55149. 59811.] t2_sim:[54994. 54574. 54224.]
Task is 67.00% complete.
t1_sim:[60987. 61082. 59699.] t2_sim:[66412. 66293. 63999.]
Task is 68.00% complete.
t1_sim:[61843. 61888. 62651.] t2_sim:[59651. 59476. 61414.]
Task is 69.00% complete.
t1_sim:[63636. 63363. 66099.] t2_sim:[60415. 60541. 61353.]
Task is 70.00% complete.
t1_sim:[61669. 62040. 61368.] t2_sim:[64137. 63705. 60622.]
Task is 71.00% complete.
t1_sim:[64773. 65172. 64304.] t2_sim:[69611. 69688. 69242.]
Task is 72.00% complete.
t1_sim:[67429. 67377. 68744.] t2_sim:[64754. 64630. 65398.]
Task is 73.00% complete.
t1_sim:[60252. 60157. 60223.] t2_sim:[64485. 64554. 65944.]
Task is 74.00% complete.
t1_sim:[60332. 60065. 60226.] t2_sim:[67135. 66596. 64942.]
Task is 75.00% complete.
t1_sim:[64787. 64591. 62826.] t2_sim:[66949. 67221. 66188.]
Task is 76.00% complete.
t1_sim:[61683. 61467. 59887.] t2_sim:[64602. 64776. 62729.]
Task is 77.00% complete.
t1_sim:[65657. 65576. 70697.] t2_sim:[60614. 60043. 59219.]
Task is 78.00% complete.
t1_sim:[66872. 66503. 66123.] t2_sim:[57305. 57642. 57895.]
Task is 79.00% complete.
t1_sim:[59483. 59044. 59046.] t2_sim:[62534. 62871. 62017.]
Task is 80.00% complete.
t1_sim:[62990. 62258. 63881.] t2_sim:[67816. 67926. 68798.]
Task is 81.00% complete.
t1_sim:[65098. 64864. 65170.] t2_sim:[62698. 62929. 63540.]
Task is 82.00% complete.
t1_sim:[61828. 61982. 62182.] t2_sim:[62644. 62789. 60171.]
Task is 83.00% complete.
t1_sim:[66129. 66322. 65385.] t2_sim:[62896. 63419. 64643.]
Task is 84.00% complete.
t1_sim:[59685. 60261. 60244.] t2_sim:[60745. 61222. 61576.]
Task is 85.00% complete.
t1_sim:[61499. 61584. 60185.] t2_sim:[63219. 63247. 61563.]
Task is 86.00% complete.
t1_sim:[58755. 58701. 56455.] t2_sim:[61307. 61057. 63685.]
Task is 87.00% complete.
t1_sim:[63172. 63279. 62511.] t2_sim:[61379. 61534. 59374.]
Task is 88.00% complete.
t1_sim:[65465. 65479. 64396.] t2_sim:[59885. 59306. 54422.]
Task is 89.00% complete.
t1_sim:[67370. 67537. 64924.] t2_sim:[64865. 65293. 62617.]
Task is 90.00% complete.
t1_sim:[66645. 66714. 68474.] t2_sim:[63276. 63072. 61107.]
Task is 91.00% complete.
t1_sim:[63107. 62592. 62234.] t2_sim:[66862. 67028. 65867.]
Task is 92.00% complete.
t1_sim:[57432. 57839. 57605.] t2_sim:[63366. 62896. 62333.]
Task is 93.00% complete.
t1_sim:[59797. 59328. 58993.] t2_sim:[63983. 64147. 62462.]
Task is 94.00% complete.
t1_sim:[61155. 60998. 64529.] t2_sim:[60081. 59591. 61775.]
Task is 95.00% complete.
t1_sim:[66758. 66683. 65257.] t2_sim:[62156. 62202. 60874.]
Task is 96.00% complete.
t1_sim:[63610. 63376. 64763.] t2_sim:[64183. 63499. 66480.]
Task is 97.00% complete.
t1_sim:[65628. 65522. 60673.] t2_sim:[61342. 61351. 61495.]
Task is 98.00% complete.
t1_sim:[68614. 69025. 66832.] t2_sim:[64442. 64206. 66270.]
Task is 99.00% complete.
t1_sim:[63847. 64151. 63144.] t2_sim:[59565. 59491. 63419.]
Training start
t1_obs:[array(64871.), array(65093.), array(63061.)] t2_obs:[array(52583.), array(53118.), array(52494.)]
corr_G1:[None, None, 0.9983194075281979] corr_G2:[None, None, 0.998534365176325]
Training end
Task is 0.00% complete.
t1_sim:[61476. 62029. 60976.] t2_sim:[59945. 60099. 60849.]
Task is 1.00% complete.
t1_sim:[67267. 67415. 66811.] t2_sim:[59925. 59693. 57139.]
Task is 2.00% complete.
t1_sim:[71377. 71043. 68464.] t2_sim:[60492. 60903. 59786.]
Task is 3.00% complete.
t1_sim:[67131. 67115. 64534.] t2_sim:[63579. 63547. 62915.]
Task is 4.00% complete.
t1_sim:[59505. 60282. 63298.] t2_sim:[58398. 58463. 57465.]
Task is 5.00% complete.
t1_sim:[60400. 60044. 60724.] t2_sim:[68538. 68751. 68287.]
Task is 6.00% complete.
t1_sim:[60552. 60275. 60967.] t2_sim:[62734. 62493. 63590.]
Task is 7.00% complete.
t1_sim:[59252. 59118. 59080.] t2_sim:[66635. 66789. 66915.]
Task is 8.00% complete.
t1_sim:[63664. 63655. 62794.] t2_sim:[58026. 58641. 57832.]
Task is 9.00% complete.
t1_sim:[65222. 65122. 64536.] t2_sim:[63468. 63418. 66941.]
Task is 10.00% complete.
t1_sim:[69197. 69353. 67988.] t2_sim:[62880. 62394. 63031.]
Task is 11.00% complete.
t1_sim:[68214. 67959. 67178.] t2_sim:[66729. 66132. 65044.]
Task is 12.00% complete.
t1_sim:[62326. 62539. 64003.] t2_sim:[61368. 61747. 60152.]
Task is 13.00% complete.
t1_sim:[63752. 64078. 63208.] t2_sim:[59808. 59994. 62117.]
Task is 14.00% complete.
t1_sim:[64224. 63859. 66359.] t2_sim:[59780. 59653. 61039.]
Task is 15.00% complete.
t1_sim:[64743. 64540. 62464.] t2_sim:[64372. 64439. 62415.]
Task is 16.00% complete.
t1_sim:[68416. 68480. 69000.] t2_sim:[63895. 64537. 64808.]
Task is 17.00% complete.
t1_sim:[63252. 62303. 62662.] t2_sim:[64338. 64112. 63165.]
Task is 18.00% complete.
t1_sim:[64075. 64439. 64913.] t2_sim:[59247. 59282. 58012.]
Task is 19.00% complete.
t1_sim:[67766. 67523. 66789.] t2_sim:[57677. 58086. 57105.]
Task is 20.00% complete.
t1_sim:[63903. 64190. 64103.] t2_sim:[61155. 60641. 60400.]
Task is 21.00% complete.
t1_sim:[56019. 56070. 58017.] t2_sim:[61576. 61843. 62390.]
Task is 22.00% complete.
t1_sim:[64250. 64537. 63993.] t2_sim:[56332. 56162. 58077.]
Task is 23.00% complete.
t1_sim:[58813. 58852. 58477.] t2_sim:[65331. 65480. 65845.]
Task is 24.00% complete.
t1_sim:[58087. 58234. 56004.] t2_sim:[62368. 62338. 61644.]
Task is 25.00% complete.
t1_sim:[63085. 63206. 64614.] t2_sim:[57129. 57022. 58402.]
Task is 26.00% complete.
t1_sim:[65734. 66591. 66159.] t2_sim:[62440. 62621. 65084.]
Task is 27.00% complete.
t1_sim:[59382. 59597. 59107.] t2_sim:[67683. 67645. 66763.]
Task is 28.00% complete.
t1_sim:[66048. 66248. 64075.] t2_sim:[64616. 64031. 63056.]
Task is 29.00% complete.
t1_sim:[64644. 64753. 65164.] t2_sim:[61399. 61332. 60966.]
Task is 30.00% complete.
t1_sim:[56908. 56445. 56541.] t2_sim:[58469. 58007. 56747.]
Task is 31.00% complete.
t1_sim:[65361. 65596. 65935.] t2_sim:[61991. 62122. 60279.]
Task is 32.00% complete.
t1_sim:[62838. 63008. 61249.] t2_sim:[64268. 64290. 65476.]
Task is 33.00% complete.
t1_sim:[67108. 67088. 67264.] t2_sim:[61497. 61329. 61850.]
Task is 34.00% complete.
t1_sim:[60072. 60040. 61225.] t2_sim:[63244. 62970. 61539.]
Task is 35.00% complete.
t1_sim:[64082. 63813. 63594.] t2_sim:[67350. 67838. 69731.]
Task is 36.00% complete.
t1_sim:[66984. 66899. 67468.] t2_sim:[58955. 59030. 58598.]
Task is 37.00% complete.
t1_sim:[66278. 66302. 65255.] t2_sim:[59794. 59860. 59252.]
Task is 38.00% complete.
t1_sim:[59646. 59305. 60041.] t2_sim:[57410. 57928. 58742.]
Task is 39.00% complete.
t1_sim:[61081. 60697. 60525.] t2_sim:[64288. 63699. 60751.]
Task is 40.00% complete.
t1_sim:[61189. 61184. 58894.] t2_sim:[63526. 63526. 64713.]
Task is 41.00% complete.
t1_sim:[61491. 61715. 61504.] t2_sim:[54133. 54144. 53867.]
Task is 42.00% complete.
t1_sim:[60291. 59905. 59568.] t2_sim:[60839. 60878. 62074.]
Task is 43.00% complete.
t1_sim:[62477. 62460. 61952.] t2_sim:[65583. 65813. 65332.]
Task is 44.00% complete.
t1_sim:[61233. 61448. 61892.] t2_sim:[60727. 61717. 61564.]
Task is 45.00% complete.
t1_sim:[68051. 67985. 67654.] t2_sim:[68533. 68759. 67172.]
Task is 46.00% complete.
t1_sim:[57396. 57559. 59536.] t2_sim:[64551. 64728. 63930.]
Task is 47.00% complete.
t1_sim:[64580. 64173. 64368.] t2_sim:[58805. 58647. 59703.]
Task is 48.00% complete.
t1_sim:[63648. 63383. 64386.] t2_sim:[62765. 63141. 62493.]
Task is 49.00% complete.
t1_sim:[63637. 63727. 63084.] t2_sim:[65451. 65991. 65778.]
Task is 50.00% complete.
t1_sim:[62845. 62582. 63306.] t2_sim:[60211. 60383. 60556.]
Task is 51.00% complete.
t1_sim:[63614. 64018. 65050.] t2_sim:[64509. 64746. 65519.]
Task is 52.00% complete.
t1_sim:[59447. 60432. 60303.] t2_sim:[64092. 64059. 62198.]
Task is 53.00% complete.
t1_sim:[58718. 59271. 59298.] t2_sim:[59429. 59671. 62044.]
Task is 54.00% complete.
t1_sim:[61392. 61488. 60743.] t2_sim:[61566. 62123. 60770.]
Task is 55.00% complete.
t1_sim:[58816. 59260. 55821.] t2_sim:[64072. 64081. 65426.]
Task is 56.00% complete.
t1_sim:[58336. 58101. 58226.] t2_sim:[57581. 57586. 58785.]
Task is 57.00% complete.
t1_sim:[63327. 63997. 66222.] t2_sim:[63263. 63350. 61699.]
Task is 58.00% complete.
t1_sim:[59964. 60011. 60560.] t2_sim:[69802. 69734. 70635.]
Task is 59.00% complete.
t1_sim:[66522. 66520. 66415.] t2_sim:[60761. 60918. 61271.]
Task is 60.00% complete.
t1_sim:[65067. 65401. 64049.] t2_sim:[64736. 64914. 65048.]
Task is 61.00% complete.
t1_sim:[60019. 59617. 60501.] t2_sim:[62732. 62895. 62083.]
Task is 62.00% complete.
t1_sim:[66178. 66193. 65715.] t2_sim:[68622. 68313. 67372.]
Task is 63.00% complete.
t1_sim:[63209. 62700. 62337.] t2_sim:[63545. 63410. 62517.]
Task is 64.00% complete.
t1_sim:[63842. 63501. 62221.] t2_sim:[62106. 61237. 61432.]
Task is 65.00% complete.
t1_sim:[65056. 65088. 65983.] t2_sim:[63729. 63515. 63655.]
Task is 66.00% complete.
t1_sim:[67802. 67927. 69036.] t2_sim:[65229. 64892. 64923.]
Task is 67.00% complete.
t1_sim:[58048. 57655. 59460.] t2_sim:[66094. 66239. 66478.]
Task is 68.00% complete.
t1_sim:[54086. 54125. 53183.] t2_sim:[64916. 64907. 66136.]
Task is 69.00% complete.
t1_sim:[62318. 62588. 62211.] t2_sim:[65360. 65200. 64188.]
Task is 70.00% complete.
t1_sim:[62860. 63071. 64151.] t2_sim:[64231. 64878. 66830.]
Task is 71.00% complete.
t1_sim:[57690. 57568. 56022.] t2_sim:[60159. 60295. 62920.]
Task is 72.00% complete.
t1_sim:[60527. 60877. 60011.] t2_sim:[65351. 65067. 65201.]
Task is 73.00% complete.
t1_sim:[53368. 53342. 53219.] t2_sim:[60921. 60521. 59940.]
Task is 74.00% complete.
t1_sim:[68244. 67889. 66256.] t2_sim:[64296. 63804. 63627.]
Task is 75.00% complete.
t1_sim:[59836. 59148. 62418.] t2_sim:[61306. 61675. 60897.]
Task is 76.00% complete.
t1_sim:[61596. 61930. 63158.] t2_sim:[63052. 62829. 63244.]
Task is 77.00% complete.
t1_sim:[61704. 62024. 62661.] t2_sim:[63762. 63457. 62098.]
Task is 78.00% complete.
t1_sim:[66684. 66950. 66632.] t2_sim:[56379. 56145. 56999.]
Task is 79.00% complete.
t1_sim:[57510. 56888. 56027.] t2_sim:[66781. 67216. 68690.]
Task is 80.00% complete.
t1_sim:[66335. 65939. 65195.] t2_sim:[58531. 58889. 59431.]
Task is 81.00% complete.
t1_sim:[63207. 63176. 62596.] t2_sim:[60926. 61406. 61577.]
Task is 82.00% complete.
t1_sim:[69172. 69061. 70338.] t2_sim:[60587. 60269. 63264.]
Task is 83.00% complete.
t1_sim:[62625. 62685. 62935.] t2_sim:[55424. 55684. 58068.]
Task is 84.00% complete.
t1_sim:[65760. 65942. 65803.] t2_sim:[67391. 67084. 66862.]
Task is 85.00% complete.
t1_sim:[64582. 64477. 64254.] t2_sim:[65404. 65476. 67230.]
Task is 86.00% complete.
t1_sim:[61202. 60311. 60799.] t2_sim:[62269. 61680. 60600.]
Task is 87.00% complete.
t1_sim:[67014. 67240. 67487.] t2_sim:[63464. 63292. 62961.]
Task is 88.00% complete.
t1_sim:[66145. 66037. 64822.] t2_sim:[62134. 62349. 62400.]
Task is 89.00% complete.
t1_sim:[67819. 67360. 67483.] t2_sim:[56544. 56360. 57630.]
Task is 90.00% complete.
t1_sim:[64245. 64147. 64596.] t2_sim:[59976. 60113. 62837.]
Task is 91.00% complete.
t1_sim:[61709. 61740. 61130.] t2_sim:[64853. 64457. 59832.]
Task is 92.00% complete.
t1_sim:[68031. 67750. 64572.] t2_sim:[59289. 59013. 57162.]
Task is 93.00% complete.
t1_sim:[60245. 60143. 59037.] t2_sim:[70312. 70387. 67585.]
Task is 94.00% complete.
t1_sim:[64683. 64523. 64515.] t2_sim:[65083. 64666. 63037.]
Task is 95.00% complete.
t1_sim:[68132. 68519. 65480.] t2_sim:[61674. 61650. 62240.]
Task is 96.00% complete.
t1_sim:[64459. 64552. 64633.] t2_sim:[63363. 63192. 63492.]
Task is 97.00% complete.
t1_sim:[65266. 65108. 66329.] t2_sim:[62576. 62764. 62281.]
Task is 98.00% complete.
t1_sim:[65429. 65409. 65138.] t2_sim:[63650. 63681. 65370.]
Task is 99.00% complete.
t1_sim:[65744. 65891. 65297.] t2_sim:[66301. 66081. 63411.]
Training start
t1_obs:[array(64871.), array(65093.), array(62860.)] t2_obs:[array(52583.), array(53118.), array(52978.)]
corr_G1:[None, None, 0.009960768607584543] corr_G2:[None, None, -0.17147240293040475]
Training end
Task is 0.00% complete.
t1_sim:[66512. 66290. 67898.] t2_sim:[59827. 59693. 57536.]
Task is 1.00% complete.
t1_sim:[63693. 64045. 62706.] t2_sim:[65289. 65012. 65365.]
Task is 2.00% complete.
t1_sim:[62752. 62941. 61869.] t2_sim:[61960. 62457. 64772.]
Task is 3.00% complete.
t1_sim:[59521. 59865. 61576.] t2_sim:[66750. 66405. 63675.]
Task is 4.00% complete.
t1_sim:[62798. 63107. 62396.] t2_sim:[62714. 63044. 62678.]
Task is 5.00% complete.
t1_sim:[59729. 59803. 59801.] t2_sim:[58850. 58641. 57043.]
Task is 6.00% complete.
t1_sim:[57893. 57639. 58402.] t2_sim:[61482. 61743. 64236.]
Task is 7.00% complete.
t1_sim:[59536. 59364. 60556.] t2_sim:[62037. 62331. 63386.]
Task is 8.00% complete.
t1_sim:[59856. 60107. 59259.] t2_sim:[65079. 64912. 65347.]
Task is 9.00% complete.
t1_sim:[61798. 62127. 61026.] t2_sim:[65090. 64478. 63327.]
Task is 10.00% complete.
t1_sim:[62009. 62220. 63774.] t2_sim:[55746. 55362. 55327.]
Task is 11.00% complete.
t1_sim:[63498. 63614. 61590.] t2_sim:[63393. 63969. 65268.]
Task is 12.00% complete.
t1_sim:[63369. 63146. 63258.] t2_sim:[62191. 62384. 62555.]
Task is 13.00% complete.
t1_sim:[67131. 66991. 65475.] t2_sim:[62833. 63058. 66722.]
Task is 14.00% complete.
t1_sim:[65236. 65442. 65871.] t2_sim:[64694. 64714. 63137.]
Task is 15.00% complete.
t1_sim:[63477. 63747. 64188.] t2_sim:[62517. 62902. 64993.]
Task is 16.00% complete.
t1_sim:[65664. 65964. 67643.] t2_sim:[62346. 61964. 61774.]
Task is 17.00% complete.
t1_sim:[62510. 62148. 63107.] t2_sim:[65046. 65339. 65900.]
Task is 18.00% complete.
t1_sim:[61018. 61357. 61389.] t2_sim:[64475. 65112. 63688.]
Task is 19.00% complete.
t1_sim:[60898. 61046. 59252.] t2_sim:[60228. 59948. 56280.]
Task is 20.00% complete.
t1_sim:[60744. 60625. 58136.] t2_sim:[59751. 60347. 61617.]
Task is 21.00% complete.
t1_sim:[65958. 66111. 68059.] t2_sim:[65950. 66012. 67665.]
Task is 22.00% complete.
t1_sim:[63053. 63093. 61818.] t2_sim:[60560. 60488. 64729.]
Task is 23.00% complete.
t1_sim:[63180. 63070. 64088.] t2_sim:[60063. 59811. 58502.]
Task is 24.00% complete.
t1_sim:[60902. 61196. 60796.] t2_sim:[69478. 69182. 70322.]
Task is 25.00% complete.
t1_sim:[58672. 58812. 58445.] t2_sim:[59341. 59742. 61431.]
Task is 26.00% complete.
t1_sim:[59170. 59252. 61463.] t2_sim:[64301. 64422. 64595.]
Task is 27.00% complete.
t1_sim:[63017. 63548. 64584.] t2_sim:[61199. 61265. 61358.]
Task is 28.00% complete.
t1_sim:[63984. 63646. 63928.] t2_sim:[60298. 60123. 59763.]
Task is 29.00% complete.
t1_sim:[65991. 66281. 66084.] t2_sim:[57233. 57598. 58366.]
Task is 30.00% complete.
t1_sim:[58002. 58411. 58419.] t2_sim:[66744. 66260. 68569.]
Task is 31.00% complete.
t1_sim:[61851. 62045. 63627.] t2_sim:[61872. 62290. 61685.]
Task is 32.00% complete.
t1_sim:[53470. 53896. 55727.] t2_sim:[64375. 64537. 62895.]
Task is 33.00% complete.
t1_sim:[59596. 59303. 59590.] t2_sim:[58288. 58378. 59833.]
Task is 34.00% complete.
t1_sim:[64097. 64230. 63787.] t2_sim:[56420. 56809. 56312.]
Task is 35.00% complete.
t1_sim:[60425. 60647. 63606.] t2_sim:[66549. 66845. 67460.]
Task is 36.00% complete.
t1_sim:[62695. 62448. 60209.] t2_sim:[56103. 55597. 57409.]
Task is 37.00% complete.
t1_sim:[65206. 65420. 64134.] t2_sim:[56050. 55230. 55789.]
Task is 38.00% complete.
t1_sim:[65095. 64826. 63353.] t2_sim:[54566. 54373. 56017.]
Task is 39.00% complete.
t1_sim:[59188. 59362. 59157.] t2_sim:[59696. 59698. 62213.]
Task is 40.00% complete.
t1_sim:[63173. 63511. 63081.] t2_sim:[63762. 64043. 64827.]
Task is 41.00% complete.
t1_sim:[66752. 67038. 67843.] t2_sim:[67334. 67068. 65173.]
Task is 42.00% complete.
t1_sim:[67525. 67607. 69275.] t2_sim:[60900. 60944. 61082.]
Task is 43.00% complete.
t1_sim:[65503. 64925. 63864.] t2_sim:[61195. 60976. 63788.]
Task is 44.00% complete.
t1_sim:[60354. 60437. 61832.] t2_sim:[62302. 62286. 59069.]
Task is 45.00% complete.
t1_sim:[58307. 58393. 58067.] t2_sim:[62182. 61981. 63265.]
Task is 46.00% complete.
t1_sim:[63967. 63949. 62355.] t2_sim:[63377. 63238. 62257.]
Task is 47.00% complete.
t1_sim:[62595. 63131. 64252.] t2_sim:[62217. 62230. 64152.]
Task is 48.00% complete.
t1_sim:[64731. 64408. 62035.] t2_sim:[63773. 63753. 64001.]
Task is 49.00% complete.
t1_sim:[56326. 56178. 54747.] t2_sim:[59474. 59131. 60458.]
Task is 50.00% complete.
t1_sim:[62538. 62175. 61466.] t2_sim:[67632. 67139. 65760.]
Task is 51.00% complete.
t1_sim:[60314. 60061. 58223.] t2_sim:[60966. 60969. 62814.]
Task is 52.00% complete.
t1_sim:[63144. 63089. 64768.] t2_sim:[60589. 61015. 62134.]
Task is 53.00% complete.
t1_sim:[57014. 57156. 57741.] t2_sim:[65387. 65356. 65171.]
Task is 54.00% complete.
t1_sim:[63986. 63893. 63890.] t2_sim:[67816. 67932. 65950.]
Task is 55.00% complete.
t1_sim:[60566. 60755. 65234.] t2_sim:[65267. 64718. 68308.]
Task is 56.00% complete.
t1_sim:[61635. 61973. 64628.] t2_sim:[58760. 59020. 61123.]
Task is 57.00% complete.
t1_sim:[61170. 60797. 60952.] t2_sim:[65781. 65427. 62475.]
Task is 58.00% complete.
t1_sim:[63112. 62902. 62709.] t2_sim:[64767. 64721. 62674.]
Task is 59.00% complete.
t1_sim:[62611. 62759. 62937.] t2_sim:[64529. 64156. 63973.]
Task is 60.00% complete.
t1_sim:[64139. 64194. 62136.] t2_sim:[62855. 62937. 63047.]
Task is 61.00% complete.
t1_sim:[67793. 68191. 68695.] t2_sim:[66657. 66359. 66073.]
Task is 62.00% complete.
t1_sim:[61518. 61551. 60592.] t2_sim:[63197. 63569. 65021.]
Task is 63.00% complete.
t1_sim:[61948. 61931. 63284.] t2_sim:[56836. 56659. 55926.]
Task is 64.00% complete.
t1_sim:[59807. 59669. 59941.] t2_sim:[66755. 66590. 64997.]
Task is 65.00% complete.
t1_sim:[60284. 60507. 62850.] t2_sim:[65582. 65765. 64887.]
Task is 66.00% complete.
t1_sim:[64683. 64866. 65740.] t2_sim:[59129. 59032. 58990.]
Task is 67.00% complete.
t1_sim:[63187. 62948. 65652.] t2_sim:[64836. 64612. 67515.]
Task is 68.00% complete.
t1_sim:[61946. 62210. 65396.] t2_sim:[69568. 69379. 64880.]
Task is 69.00% complete.
t1_sim:[58743. 59076. 60290.] t2_sim:[63055. 62885. 61522.]
Task is 70.00% complete.
t1_sim:[67794. 67728. 63585.] t2_sim:[67332. 66912. 66104.]
Task is 71.00% complete.
t1_sim:[61809. 61258. 61566.] t2_sim:[62774. 62361. 62200.]
Task is 72.00% complete.
t1_sim:[63502. 63985. 66038.] t2_sim:[59342. 58973. 59658.]
Task is 73.00% complete.
t1_sim:[65210. 65638. 65990.] t2_sim:[61984. 62099. 61617.]
Task is 74.00% complete.
t1_sim:[59390. 59689. 59919.] t2_sim:[63018. 62962. 63451.]
Task is 75.00% complete.
t1_sim:[59159. 59346. 59975.] t2_sim:[58904. 58559. 59550.]
Task is 76.00% complete.
t1_sim:[64666. 64910. 65452.] t2_sim:[66747. 66613. 65330.]
Task is 77.00% complete.
t1_sim:[65796. 65955. 64084.] t2_sim:[60502. 60280. 58479.]
Task is 78.00% complete.
t1_sim:[58816. 58773. 56846.] t2_sim:[65587. 65830. 66132.]
Task is 79.00% complete.
t1_sim:[61300. 61596. 62463.] t2_sim:[59712. 59943. 58255.]
Task is 80.00% complete.
t1_sim:[62165. 62083. 62412.] t2_sim:[64010. 64504. 63954.]
Task is 81.00% complete.
t1_sim:[63742. 63881. 63104.] t2_sim:[59859. 59635. 61038.]
Task is 82.00% complete.
t1_sim:[66353. 65730. 61377.] t2_sim:[60689. 60679. 60701.]
Task is 83.00% complete.
t1_sim:[65146. 65254. 63796.] t2_sim:[62587. 62545. 64269.]
Task is 84.00% complete.
t1_sim:[63398. 63306. 60809.] t2_sim:[58695. 58744. 60626.]
Task is 85.00% complete.
t1_sim:[60742. 60436. 57994.] t2_sim:[59442. 59411. 60091.]
Task is 86.00% complete.
t1_sim:[58992. 59114. 59396.] t2_sim:[59113. 58984. 58984.]
Task is 87.00% complete.
t1_sim:[64231. 64389. 64502.] t2_sim:[64231. 64800. 65914.]
Task is 88.00% complete.
t1_sim:[63313. 63693. 61414.] t2_sim:[61184. 60627. 60148.]
Task is 89.00% complete.
t1_sim:[67851. 67931. 64195.] t2_sim:[61243. 61775. 61701.]
Task is 90.00% complete.
t1_sim:[59840. 60039. 59512.] t2_sim:[63190. 62977. 66252.]
Task is 91.00% complete.
t1_sim:[59013. 58825. 59156.] t2_sim:[63702. 63537. 62790.]
Task is 92.00% complete.
t1_sim:[64457. 65084. 64897.] t2_sim:[65777. 65474. 65819.]
Task is 93.00% complete.
t1_sim:[61460. 61230. 59873.] t2_sim:[62021. 62140. 64273.]
Task is 94.00% complete.
t1_sim:[68333. 68435. 67845.] t2_sim:[57653. 57790. 60075.]
Task is 95.00% complete.
t1_sim:[70941. 70730. 70360.] t2_sim:[56172. 56506. 59174.]
Task is 96.00% complete.
t1_sim:[61559. 61434. 60132.] t2_sim:[66729. 66589. 67788.]
Task is 97.00% complete.
t1_sim:[60939. 60955. 60421.] t2_sim:[64790. 65035. 66076.]
Task is 98.00% complete.
t1_sim:[60786. 60758. 60305.] t2_sim:[61693. 62020. 61453.]
Task is 99.00% complete.
t1_sim:[60720. 61204. 64721.] t2_sim:[67784. 68215. 67175.]
Finished
