Iteration:  0
/scratch/jz4721/Post-prediction-Causal-Inference/venv/lib/python3.8/site-packages/numpy/core/getlimits.py:518: UserWarning: The value of the smallest subnormal for <class 'numpy.float64'> type is zero.
  setattr(self, word, getattr(machar, word).flat[0])
/scratch/jz4721/Post-prediction-Causal-Inference/venv/lib/python3.8/site-packages/numpy/core/getlimits.py:89: UserWarning: The value of the smallest subnormal for <class 'numpy.float64'> type is zero.
  return self._float_to_str(self.smallest_subnormal)
/scratch/jz4721/Post-prediction-Causal-Inference/venv/lib/python3.8/site-packages/numpy/core/getlimits.py:518: UserWarning: The value of the smallest subnormal for <class 'numpy.float32'> type is zero.
  setattr(self, word, getattr(machar, word).flat[0])
/scratch/jz4721/Post-prediction-Causal-Inference/venv/lib/python3.8/site-packages/numpy/core/getlimits.py:89: UserWarning: The value of the smallest subnormal for <class 'numpy.float32'> type is zero.
  return self._float_to_str(self.smallest_subnormal)
Training start
t1_obs:[array(61575.), array(61315.), array(62337.)] t2_obs:[array(61196.), array(61233.), array(62333.)]
corr_G1:[None, None, 0.0017182238639636223] corr_G2:[None, None, -0.07765576742234266]
Training end
Task is 0.00% complete.
t1_sim:[60628. 60608. 60872.] t2_sim:[70578. 70349. 68534.]
Task is 1.00% complete.
t1_sim:[59734. 60092. 60813.] t2_sim:[61303. 61033. 62778.]
Task is 2.00% complete.
t1_sim:[63857. 63475. 61887.] t2_sim:[61770. 61778. 63132.]
Task is 3.00% complete.
t1_sim:[58156. 58317. 59983.] t2_sim:[62299. 62608. 62778.]
Task is 4.00% complete.
t1_sim:[66308. 65947. 66060.] t2_sim:[59631. 59322. 60930.]
Task is 5.00% complete.
t1_sim:[63545. 63720. 63877.] t2_sim:[67470. 67685. 68069.]
Task is 6.00% complete.
t1_sim:[59408. 59690. 61089.] t2_sim:[66508. 66789. 68104.]
Task is 7.00% complete.
t1_sim:[58169. 58018. 57139.] t2_sim:[63225. 63339. 64271.]
Task is 8.00% complete.
t1_sim:[57916. 57701. 57966.] t2_sim:[61508. 61384. 62488.]
Task is 9.00% complete.
t1_sim:[59671. 59912. 62135.] t2_sim:[65106. 64837. 66785.]
Task is 10.00% complete.
t1_sim:[63030. 62895. 63784.] t2_sim:[63663. 63618. 65203.]
Task is 11.00% complete.
t1_sim:[64694. 64877. 62908.] t2_sim:[59643. 59902. 60919.]
Task is 12.00% complete.
t1_sim:[58992. 58772. 59780.] t2_sim:[58848. 58859. 60442.]
Task is 13.00% complete.
t1_sim:[62776. 62746. 61342.] t2_sim:[69438. 68925. 66227.]
Task is 14.00% complete.
t1_sim:[68444. 67888. 67009.] t2_sim:[58959. 59051. 59303.]
Task is 15.00% complete.
t1_sim:[64012. 64184. 66314.] t2_sim:[65390. 64984. 64661.]
Task is 16.00% complete.
t1_sim:[63013. 63063. 60495.] t2_sim:[60478. 60259. 59124.]
Task is 17.00% complete.
t1_sim:[57410. 57096. 56943.] t2_sim:[66804. 66619. 64054.]
Task is 18.00% complete.
t1_sim:[61996. 62229. 63166.] t2_sim:[70211. 70250. 69991.]
Task is 19.00% complete.
t1_sim:[62172. 62476. 62586.] t2_sim:[64006. 64137. 64765.]
Task is 20.00% complete.
t1_sim:[67258. 67529. 67529.] t2_sim:[59205. 58776. 57414.]
Task is 21.00% complete.
t1_sim:[59427. 59425. 58236.] t2_sim:[64093. 64145. 64706.]
Task is 22.00% complete.
t1_sim:[63725. 63440. 58660.] t2_sim:[59044. 59232. 64117.]
Task is 23.00% complete.
t1_sim:[61863. 61663. 61587.] t2_sim:[58940. 58706. 60872.]
Task is 24.00% complete.
t1_sim:[62944. 62699. 63260.] t2_sim:[63795. 64323. 65748.]
Task is 25.00% complete.
t1_sim:[63867. 63988. 64722.] t2_sim:[64551. 64396. 64547.]
Task is 26.00% complete.
t1_sim:[58616. 58793. 57692.] t2_sim:[58339. 58177. 56637.]
Task is 27.00% complete.
t1_sim:[58844. 58334. 58779.] t2_sim:[63408. 63613. 64680.]
Task is 28.00% complete.
t1_sim:[65551. 65324. 64253.] t2_sim:[63154. 62822. 61905.]
Task is 29.00% complete.
t1_sim:[62444. 62603. 62337.] t2_sim:[58379. 58062. 60459.]
Task is 30.00% complete.
t1_sim:[60034. 60044. 58444.] t2_sim:[61936. 62188. 65007.]
Task is 31.00% complete.
t1_sim:[65175. 65422. 63603.] t2_sim:[62645. 63147. 64297.]
Task is 32.00% complete.
t1_sim:[58979. 58831. 60019.] t2_sim:[66122. 66143. 64532.]
Task is 33.00% complete.
t1_sim:[58147. 57606. 59340.] t2_sim:[66271. 66237. 65920.]
Task is 34.00% complete.
t1_sim:[64019. 63970. 63459.] t2_sim:[62196. 62002. 62112.]
Task is 35.00% complete.
t1_sim:[62356. 62372. 62569.] t2_sim:[64714. 64900. 62855.]
Task is 36.00% complete.
t1_sim:[55332. 55409. 57421.] t2_sim:[63330. 63552. 61944.]
Task is 37.00% complete.
t1_sim:[58648. 58576. 61212.] t2_sim:[58521. 58238. 62494.]
Task is 38.00% complete.
t1_sim:[61517. 61803. 61484.] t2_sim:[65446. 65319. 64788.]
Task is 39.00% complete.
t1_sim:[67355. 67172. 66895.] t2_sim:[55537. 55024. 57443.]
Task is 40.00% complete.
t1_sim:[64990. 64658. 66115.] t2_sim:[62177. 62084. 65357.]
Task is 41.00% complete.
t1_sim:[63650. 63639. 63891.] t2_sim:[67987. 67924. 66138.]
Task is 42.00% complete.
t1_sim:[59165. 59375. 56847.] t2_sim:[56879. 56629. 55364.]
Task is 43.00% complete.
t1_sim:[65575. 65885. 64712.] t2_sim:[71122. 70978. 67094.]
Task is 44.00% complete.
t1_sim:[63759. 64106. 65736.] t2_sim:[64685. 64852. 65085.]
Task is 45.00% complete.
t1_sim:[60592. 60905. 60903.] t2_sim:[63393. 63197. 61753.]
Task is 46.00% complete.
t1_sim:[68168. 68095. 66626.] t2_sim:[67390. 66730. 63386.]
Task is 47.00% complete.
t1_sim:[60383. 60435. 59761.] t2_sim:[60152. 60273. 62263.]
Task is 48.00% complete.
t1_sim:[66292. 66340. 64065.] t2_sim:[64401. 64163. 64023.]
Task is 49.00% complete.
t1_sim:[63098. 63612. 63410.] t2_sim:[57283. 57602. 58361.]
Task is 50.00% complete.
t1_sim:[61887. 61670. 59758.] t2_sim:[61496. 61405. 59229.]
Task is 51.00% complete.
t1_sim:[67638. 67773. 68381.] t2_sim:[67587. 67506. 68645.]
Task is 52.00% complete.
t1_sim:[65326. 65386. 66211.] t2_sim:[62523. 63153. 64953.]
Task is 53.00% complete.
t1_sim:[62483. 62233. 62264.] t2_sim:[61991. 61681. 63172.]
Task is 54.00% complete.
t1_sim:[68147. 68357. 66973.] t2_sim:[58693. 59189. 60374.]
Task is 55.00% complete.
t1_sim:[60263. 60489. 61474.] t2_sim:[68237. 68000. 66037.]
Task is 56.00% complete.
t1_sim:[63265. 62992. 59616.] t2_sim:[62964. 62948. 62512.]
Task is 57.00% complete.
t1_sim:[61036. 61028. 63189.] t2_sim:[59201. 59113. 61172.]
Task is 58.00% complete.
t1_sim:[62755. 62442. 61924.] t2_sim:[63772. 63491. 65002.]
Task is 59.00% complete.
t1_sim:[56860. 56767. 57868.] t2_sim:[66216. 65966. 64441.]
Task is 60.00% complete.
t1_sim:[56693. 57181. 56574.] t2_sim:[62163. 62213. 62888.]
Task is 61.00% complete.
t1_sim:[63300. 63549. 61732.] t2_sim:[62163. 61917. 64258.]
Task is 62.00% complete.
t1_sim:[65569. 65358. 65220.] t2_sim:[60233. 60124. 59442.]
Task is 63.00% complete.
t1_sim:[65017. 65034. 63690.] t2_sim:[61079. 61182. 59174.]
Task is 64.00% complete.
t1_sim:[64420. 64467. 65528.] t2_sim:[60750. 61099. 61576.]
Task is 65.00% complete.
t1_sim:[64109. 64646. 63858.] t2_sim:[63365. 63200. 63182.]
Task is 66.00% complete.
t1_sim:[67696. 67876. 66828.] t2_sim:[68323. 68555. 66948.]
Task is 67.00% complete.
t1_sim:[60287. 60090. 59013.] t2_sim:[57733. 58059. 58805.]
Task is 68.00% complete.
t1_sim:[65370. 65298. 63005.] t2_sim:[56614. 56661. 57822.]
Task is 69.00% complete.
t1_sim:[56811. 56488. 57867.] t2_sim:[66251. 65886. 64339.]
Task is 70.00% complete.
t1_sim:[56105. 56369. 58622.] t2_sim:[63193. 62789. 66332.]
Task is 71.00% complete.
t1_sim:[61955. 62009. 62640.] t2_sim:[67235. 67020. 66345.]
Task is 72.00% complete.
t1_sim:[60609. 60726. 61326.] t2_sim:[59878. 59738. 58436.]
Task is 73.00% complete.
t1_sim:[67751. 67824. 66832.] t2_sim:[70299. 70289. 68880.]
Task is 74.00% complete.
t1_sim:[62384. 62317. 62624.] t2_sim:[62839. 63046. 63360.]
Task is 75.00% complete.
t1_sim:[67322. 67526. 65911.] t2_sim:[58172. 58430. 60240.]
Task is 76.00% complete.
t1_sim:[68002. 68063. 66296.] t2_sim:[62081. 61914. 64373.]
Task is 77.00% complete.
t1_sim:[63369. 63705. 65544.] t2_sim:[59636. 59991. 59499.]
Task is 78.00% complete.
t1_sim:[58077. 58358. 60748.] t2_sim:[62500. 62229. 64046.]
Task is 79.00% complete.
t1_sim:[63019. 63006. 63419.] t2_sim:[62126. 62162. 61242.]
Task is 80.00% complete.
t1_sim:[62600. 62622. 63691.] t2_sim:[63040. 63130. 63441.]
Task is 81.00% complete.
t1_sim:[57419. 57641. 58528.] t2_sim:[60562. 60243. 64458.]
Task is 82.00% complete.
t1_sim:[65126. 65234. 62769.] t2_sim:[63841. 64133. 64119.]
Task is 83.00% complete.
t1_sim:[65906. 65725. 62339.] t2_sim:[65827. 65845. 67040.]
Task is 84.00% complete.
t1_sim:[57772. 58052. 57994.] t2_sim:[62056. 61810. 62458.]
Task is 85.00% complete.
t1_sim:[61517. 61698. 62253.] t2_sim:[64407. 64227. 60931.]
Task is 86.00% complete.
t1_sim:[67205. 66953. 67633.] t2_sim:[67497. 67563. 66893.]
Task is 87.00% complete.
t1_sim:[66039. 66311. 67253.] t2_sim:[64013. 63942. 62773.]
Task is 88.00% complete.
t1_sim:[61767. 61799. 62105.] t2_sim:[65028. 64566. 65683.]
Task is 89.00% complete.
t1_sim:[61596. 61678. 62432.] t2_sim:[59088. 59697. 61201.]
Task is 90.00% complete.
t1_sim:[63827. 63936. 64032.] t2_sim:[62239. 62218. 60761.]
Task is 91.00% complete.
t1_sim:[60933. 61054. 63433.] t2_sim:[61120. 61502. 60891.]
Task is 92.00% complete.
t1_sim:[67036. 66903. 66557.] t2_sim:[59284. 59954. 61126.]
Task is 93.00% complete.
t1_sim:[65941. 66020. 68921.] t2_sim:[64573. 64457. 63898.]
Task is 94.00% complete.
t1_sim:[62259. 62294. 63633.] t2_sim:[61464. 61133. 62559.]
Task is 95.00% complete.
t1_sim:[69521. 69832. 69724.] t2_sim:[63529. 63370. 63465.]
Task is 96.00% complete.
t1_sim:[64935. 65176. 65311.] t2_sim:[58819. 58852. 61223.]
Task is 97.00% complete.
t1_sim:[62977. 63124. 62507.] t2_sim:[62898. 63046. 63091.]
Task is 98.00% complete.
t1_sim:[63420. 63808. 63656.] t2_sim:[62352. 62036. 65337.]
Task is 99.00% complete.
t1_sim:[66373. 66401. 63446.] t2_sim:[64296. 64601. 62607.]
level of Median Imputer:  0.0
level of LR Imputer:  0.0
level of XGBoost Imputer:  0.0
