/scratch/jz4721/Post-prediction-Causal-Inference/venv/lib/python3.8/site-packages/numpy/core/getlimits.py:518: UserWarning: The value of the smallest subnormal for <class 'numpy.float64'> type is zero.
  setattr(self, word, getattr(machar, word).flat[0])
/scratch/jz4721/Post-prediction-Causal-Inference/venv/lib/python3.8/site-packages/numpy/core/getlimits.py:89: UserWarning: The value of the smallest subnormal for <class 'numpy.float64'> type is zero.
  return self._float_to_str(self.smallest_subnormal)
/scratch/jz4721/Post-prediction-Causal-Inference/venv/lib/python3.8/site-packages/numpy/core/getlimits.py:518: UserWarning: The value of the smallest subnormal for <class 'numpy.float32'> type is zero.
  setattr(self, word, getattr(machar, word).flat[0])
/scratch/jz4721/Post-prediction-Causal-Inference/venv/lib/python3.8/site-packages/numpy/core/getlimits.py:89: UserWarning: The value of the smallest subnormal for <class 'numpy.float32'> type is zero.
  return self._float_to_str(self.smallest_subnormal)
Training start
t1_obs:[array(62455.), array(62484.), array(65355.)] t2_obs:[array(61890.), array(61759.), array(63940.)]
corr_G1:[None, None, 0] corr_G2:[None, None, 5.482113973790096e-18]
Training end
Task is 0.00% complete.
t1_sim:[58110. 58181. 61043.] t2_sim:[66587. 66635. 65395.]
Task is 1.00% complete.
t1_sim:[67934. 67674. 65334.] t2_sim:[64011. 64309. 63679.]
Task is 2.00% complete.
t1_sim:[61499. 62056. 59729.] t2_sim:[67759. 67978. 68670.]
Task is 3.00% complete.
t1_sim:[56891. 56928. 57959.] t2_sim:[60180. 60280. 63333.]
Task is 4.00% complete.
t1_sim:[60862. 61139. 63854.] t2_sim:[62011. 61644. 61068.]
Task is 5.00% complete.
t1_sim:[62870. 63125. 62935.] t2_sim:[65836. 66101. 70877.]
Task is 6.00% complete.
t1_sim:[60818. 60328. 62616.] t2_sim:[62106. 62384. 63486.]
Task is 7.00% complete.
t1_sim:[68394. 68161. 65869.] t2_sim:[60732. 60366. 60554.]
Task is 8.00% complete.
t1_sim:[59535. 59324. 57510.] t2_sim:[63897. 64234. 61238.]
Task is 9.00% complete.
t1_sim:[62855. 63092. 59790.] t2_sim:[64506. 65154. 63071.]
Task is 10.00% complete.
t1_sim:[65412. 65551. 64952.] t2_sim:[55389. 55170. 58046.]
Task is 11.00% complete.
t1_sim:[62336. 62713. 65216.] t2_sim:[66691. 66757. 63672.]
Task is 12.00% complete.
t1_sim:[63792. 63679. 68123.] t2_sim:[61133. 61575. 61784.]
Task is 13.00% complete.
t1_sim:[66331. 65869. 62154.] t2_sim:[62956. 62655. 64048.]
Task is 14.00% complete.
t1_sim:[60329. 60303. 59976.] t2_sim:[62163. 61760. 60678.]
Task is 15.00% complete.
t1_sim:[61530. 61470. 64010.] t2_sim:[62654. 62732. 64494.]
Task is 16.00% complete.
t1_sim:[60297. 60247. 62253.] t2_sim:[67704. 67254. 66786.]
Task is 17.00% complete.
t1_sim:[60456. 60360. 66433.] t2_sim:[58068. 58087. 59036.]
Task is 18.00% complete.
t1_sim:[62563. 62742. 62185.] t2_sim:[55914. 56048. 57954.]
Task is 19.00% complete.
t1_sim:[62950. 62931. 60767.] t2_sim:[63545. 63384. 62019.]
Task is 20.00% complete.
t1_sim:[66015. 66341. 66265.] t2_sim:[67469. 67788. 63552.]
Task is 21.00% complete.
t1_sim:[61834. 61820. 61312.] t2_sim:[54301. 54164. 56484.]
Task is 22.00% complete.
t1_sim:[63775. 63980. 64614.] t2_sim:[68617. 68338. 67474.]
Task is 23.00% complete.
t1_sim:[58291. 58330. 57935.] t2_sim:[63261. 63333. 61321.]
Task is 24.00% complete.
t1_sim:[62816. 62922. 61552.] t2_sim:[63056. 63411. 64643.]
Task is 25.00% complete.
t1_sim:[66652. 66688. 66704.] t2_sim:[61970. 62220. 60560.]
Task is 26.00% complete.
t1_sim:[63611. 63849. 62613.] t2_sim:[62010. 61920. 62877.]
Task is 27.00% complete.
t1_sim:[60501. 60321. 59302.] t2_sim:[61403. 61401. 57900.]
Task is 28.00% complete.
t1_sim:[64528. 64352. 65015.] t2_sim:[64900. 65332. 66664.]
Task is 29.00% complete.
t1_sim:[64491. 64654. 67707.] t2_sim:[62108. 62449. 62762.]
Task is 30.00% complete.
t1_sim:[57722. 57639. 57007.] t2_sim:[62866. 63135. 62295.]
Task is 31.00% complete.
t1_sim:[58794. 58721. 61339.] t2_sim:[62041. 61969. 62023.]
Task is 32.00% complete.
t1_sim:[66957. 66658. 62360.] t2_sim:[60156. 59799. 59701.]
Task is 33.00% complete.
t1_sim:[62757. 62585. 65461.] t2_sim:[60956. 60972. 62382.]
Task is 34.00% complete.
t1_sim:[60643. 60303. 59715.] t2_sim:[59993. 59839. 63417.]
Task is 35.00% complete.
t1_sim:[60291. 59922. 57866.] t2_sim:[60690. 60817. 66986.]
Task is 36.00% complete.
t1_sim:[61649. 61326. 62390.] t2_sim:[63267. 63076. 62415.]
Task is 37.00% complete.
t1_sim:[59457. 59263. 59209.] t2_sim:[65623. 65417. 62935.]
Task is 38.00% complete.
t1_sim:[58763. 59082. 58776.] t2_sim:[61977. 61813. 61150.]
Task is 39.00% complete.
t1_sim:[63214. 63436. 64955.] t2_sim:[61571. 61294. 59364.]
Task is 40.00% complete.
t1_sim:[55931. 56363. 51980.] t2_sim:[66252. 66077. 65162.]
Task is 41.00% complete.
t1_sim:[59751. 59650. 61048.] t2_sim:[67768. 68033. 65794.]
Task is 42.00% complete.
t1_sim:[63574. 63485. 64658.] t2_sim:[58747. 58700. 62522.]
Task is 43.00% complete.
t1_sim:[62737. 62676. 63849.] t2_sim:[60785. 60732. 61656.]
Task is 44.00% complete.
t1_sim:[63842. 63550. 63052.] t2_sim:[62533. 62589. 60086.]
Task is 45.00% complete.
t1_sim:[63794. 63902. 65590.] t2_sim:[54555. 54486. 56936.]
Task is 46.00% complete.
t1_sim:[62109. 62265. 61550.] t2_sim:[58279. 58152. 56789.]
Task is 47.00% complete.
t1_sim:[56228. 56636. 56042.] t2_sim:[62890. 62717. 61668.]
Task is 48.00% complete.
t1_sim:[65721. 65566. 65038.] t2_sim:[61295. 61497. 63563.]
Task is 49.00% complete.
t1_sim:[61807. 62264. 64191.] t2_sim:[61806. 62009. 62015.]
Task is 50.00% complete.
t1_sim:[58820. 59051. 61195.] t2_sim:[63282. 63299. 65407.]
Task is 51.00% complete.
t1_sim:[67957. 67937. 66185.] t2_sim:[61234. 60997. 61113.]
Task is 52.00% complete.
t1_sim:[63873. 63943. 61717.] t2_sim:[66458. 66152. 66695.]
Task is 53.00% complete.
t1_sim:[55437. 55651. 57783.] t2_sim:[58323. 58374. 61008.]
Task is 54.00% complete.
t1_sim:[59302. 59599. 58891.] t2_sim:[61826. 61821. 58271.]
Task is 55.00% complete.
t1_sim:[63998. 63860. 63868.] t2_sim:[61474. 61200. 63732.]
Task is 56.00% complete.
t1_sim:[68510. 68755. 68725.] t2_sim:[60251. 60261. 61075.]
Task is 57.00% complete.
t1_sim:[63683. 63279. 62602.] t2_sim:[67263. 67033. 66737.]
Task is 58.00% complete.
t1_sim:[64035. 64211. 64423.] t2_sim:[60096. 60277. 63434.]
Task is 59.00% complete.
t1_sim:[56845. 56778. 53649.] t2_sim:[61729. 62298. 62434.]
Task is 60.00% complete.
t1_sim:[62939. 62749. 58253.] t2_sim:[63599. 63564. 59502.]
Task is 61.00% complete.
t1_sim:[58421. 58155. 60839.] t2_sim:[67220. 67312. 67445.]
Task is 62.00% complete.
t1_sim:[53858. 53696. 55591.] t2_sim:[62900. 62777. 63026.]
Task is 63.00% complete.
t1_sim:[65080. 65202. 66094.] t2_sim:[62410. 62530. 61297.]
Task is 64.00% complete.
t1_sim:[60826. 60969. 62442.] t2_sim:[68035. 68224. 65938.]
Task is 65.00% complete.
t1_sim:[75826. 75731. 73842.] t2_sim:[58957. 58250. 57033.]
Task is 66.00% complete.
t1_sim:[61359. 61288. 59989.] t2_sim:[62345. 62245. 58250.]
Task is 67.00% complete.
t1_sim:[67551. 67545. 64190.] t2_sim:[62746. 62838. 60317.]
Task is 68.00% complete.
t1_sim:[63153. 63196. 64154.] t2_sim:[64935. 65164. 63439.]
Task is 69.00% complete.
t1_sim:[67213. 66790. 66035.] t2_sim:[62429. 62623. 60705.]
Task is 70.00% complete.
t1_sim:[64581. 64849. 64604.] t2_sim:[60643. 60503. 62185.]
Task is 71.00% complete.
t1_sim:[67438. 67637. 66959.] t2_sim:[65527. 65994. 64125.]
Task is 72.00% complete.
t1_sim:[63545. 63383. 65028.] t2_sim:[63904. 63957. 60581.]
Task is 73.00% complete.
t1_sim:[53979. 54099. 60474.] t2_sim:[63025. 62929. 59379.]
Task is 74.00% complete.
t1_sim:[60422. 60180. 61415.] t2_sim:[62878. 62709. 62714.]
Task is 75.00% complete.
t1_sim:[67310. 67462. 65956.] t2_sim:[58599. 58454. 59284.]
Task is 76.00% complete.
t1_sim:[61474. 61541. 64476.] t2_sim:[59355. 59137. 56737.]
Task is 77.00% complete.
t1_sim:[62095. 62302. 64865.] t2_sim:[66091. 66320. 64288.]
Task is 78.00% complete.
t1_sim:[66606. 66812. 64344.] t2_sim:[60471. 60457. 61107.]
Task is 79.00% complete.
t1_sim:[60811. 60832. 62370.] t2_sim:[61411. 61715. 60790.]
Task is 80.00% complete.
t1_sim:[62985. 62782. 63457.] t2_sim:[63533. 63348. 64808.]
Task is 81.00% complete.
t1_sim:[64850. 64689. 63733.] t2_sim:[64189. 63966. 59371.]
Task is 82.00% complete.
t1_sim:[63369. 63592. 63398.] t2_sim:[57743. 57289. 56792.]
Task is 83.00% complete.
t1_sim:[67117. 67259. 70582.] t2_sim:[66519. 66445. 65224.]
Task is 84.00% complete.
t1_sim:[57412. 57171. 58656.] t2_sim:[64373. 64507. 63323.]
Task is 85.00% complete.
t1_sim:[64094. 64058. 63425.] t2_sim:[60579. 60529. 59070.]
Task is 86.00% complete.
t1_sim:[62494. 62646. 61804.] t2_sim:[64246. 64335. 65461.]
Task is 87.00% complete.
t1_sim:[60653. 60628. 63623.] t2_sim:[64295. 64178. 59601.]
Task is 88.00% complete.
t1_sim:[63642. 63751. 65425.] t2_sim:[62983. 63091. 60004.]
Task is 89.00% complete.
t1_sim:[66757. 66575. 64545.] t2_sim:[61458. 61273. 61284.]
Task is 90.00% complete.
t1_sim:[63564. 63329. 56812.] t2_sim:[62862. 62900. 63842.]
Task is 91.00% complete.
t1_sim:[59682. 59498. 61828.] t2_sim:[65534. 65578. 67786.]
Task is 92.00% complete.
t1_sim:[65661. 65406. 65058.] t2_sim:[62488. 62643. 61351.]
Task is 93.00% complete.
t1_sim:[65461. 65715. 67280.] t2_sim:[61993. 61979. 60805.]
Task is 94.00% complete.
t1_sim:[55681. 55916. 58087.] t2_sim:[66624. 66823. 68281.]
Task is 95.00% complete.
t1_sim:[63803. 63554. 64369.] t2_sim:[59300. 59392. 60507.]
Task is 96.00% complete.
t1_sim:[65039. 65275. 66125.] t2_sim:[62575. 62853. 62307.]
Task is 97.00% complete.
t1_sim:[61971. 62168. 62070.] t2_sim:[55629. 55433. 56162.]
Task is 98.00% complete.
t1_sim:[65392. 65738. 66211.] t2_sim:[60752. 60679. 60676.]
Task is 99.00% complete.
t1_sim:[63353. 63004. 64096.] t2_sim:[62196. 62179. 63703.]
Training start
t1_obs:[array(62455.), array(62484.), array(64164.)] t2_obs:[array(61890.), array(61759.), array(62813.)]
corr_G1:[None, None, 0.9655389179752054] corr_G2:[None, None, 0.9793827248618063]
Training end
Task is 0.00% complete.
t1_sim:[60851. 61018. 60778.] t2_sim:[65556. 65934. 64872.]
Task is 1.00% complete.
t1_sim:[67670. 67899. 68520.] t2_sim:[65160. 64931. 65886.]
Task is 2.00% complete.
t1_sim:[65528. 65523. 63506.] t2_sim:[60284. 60262. 61265.]
Task is 3.00% complete.
t1_sim:[56350. 56511. 56610.] t2_sim:[58990. 59426. 62199.]
Task is 4.00% complete.
t1_sim:[69613. 69986. 70364.] t2_sim:[62798. 62799. 61825.]
Task is 5.00% complete.
t1_sim:[63689. 63867. 64336.] t2_sim:[67703. 67598. 67284.]
Task is 6.00% complete.
t1_sim:[61307. 61418. 60764.] t2_sim:[64746. 64767. 65267.]
Task is 7.00% complete.
t1_sim:[59806. 59867. 59554.] t2_sim:[67090. 67135. 66835.]
Task is 8.00% complete.
t1_sim:[64034. 63776. 65710.] t2_sim:[58161. 58183. 57386.]
Task is 9.00% complete.
t1_sim:[63572. 63757. 64002.] t2_sim:[61345. 61224. 61162.]
Task is 10.00% complete.
t1_sim:[62767. 62680. 63040.] t2_sim:[63642. 63438. 61850.]
Task is 11.00% complete.
t1_sim:[63354. 63411. 61021.] t2_sim:[63528. 63347. 64888.]
Task is 12.00% complete.
t1_sim:[61978. 61740. 63126.] t2_sim:[65917. 66148. 67197.]
Task is 13.00% complete.
t1_sim:[69353. 69687. 69763.] t2_sim:[64640. 64461. 65532.]
Task is 14.00% complete.
t1_sim:[62351. 62113. 60744.] t2_sim:[57674. 57254. 57808.]
Task is 15.00% complete.
t1_sim:[61662. 61617. 60489.] t2_sim:[63768. 63789. 64268.]
Task is 16.00% complete.
t1_sim:[61588. 61915. 61411.] t2_sim:[58921. 58966. 58371.]
Task is 17.00% complete.
t1_sim:[60342. 60568. 59900.] t2_sim:[58830. 59092. 62091.]
Task is 18.00% complete.
t1_sim:[60227. 60103. 58606.] t2_sim:[62056. 62246. 62011.]
Task is 19.00% complete.
t1_sim:[64230. 64302. 64851.] t2_sim:[61108. 61138. 61525.]
Task is 20.00% complete.
t1_sim:[58148. 58321. 58494.] t2_sim:[63907. 64266. 68300.]
Task is 21.00% complete.
t1_sim:[61619. 61871. 62433.] t2_sim:[60339. 60351. 59445.]
Task is 22.00% complete.
t1_sim:[63979. 63813. 64327.] t2_sim:[66417. 66762. 65961.]
Task is 23.00% complete.
t1_sim:[63729. 63595. 64050.] t2_sim:[63745. 63663. 62471.]
Task is 24.00% complete.
t1_sim:[66791. 66817. 66868.] t2_sim:[62099. 62334. 61594.]
Task is 25.00% complete.
t1_sim:[59862. 59703. 58143.] t2_sim:[65110. 64556. 63201.]
Task is 26.00% complete.
t1_sim:[59418. 59494. 59039.] t2_sim:[63901. 63846. 64384.]
Task is 27.00% complete.
t1_sim:[61801. 61826. 60592.] t2_sim:[62702. 62650. 62888.]
Task is 28.00% complete.
t1_sim:[61689. 61357. 58881.] t2_sim:[59129. 58864. 58940.]
Task is 29.00% complete.
t1_sim:[64828. 65039. 64370.] t2_sim:[59885. 59927. 58991.]
Task is 30.00% complete.
t1_sim:[64859. 64853. 63735.] t2_sim:[62410. 62639. 59661.]
Task is 31.00% complete.
t1_sim:[64709. 64645. 63124.] t2_sim:[60646. 60365. 61299.]
Task is 32.00% complete.
t1_sim:[63754. 63759. 62602.] t2_sim:[62547. 63016. 62734.]
Task is 33.00% complete.
t1_sim:[65479. 65848. 63182.] t2_sim:[57955. 58259. 57575.]
Task is 34.00% complete.
t1_sim:[65445. 65433. 63965.] t2_sim:[61266. 61023. 60823.]
Task is 35.00% complete.
t1_sim:[58619. 58664. 58664.] t2_sim:[67847. 67743. 67076.]
Task is 36.00% complete.
t1_sim:[68577. 68241. 69316.] t2_sim:[68295. 68324. 67457.]
Task is 37.00% complete.
t1_sim:[65839. 65986. 67715.] t2_sim:[61173. 61002. 61295.]
Task is 38.00% complete.
t1_sim:[61577. 61606. 61754.] t2_sim:[65726. 65741. 62471.]
Task is 39.00% complete.
t1_sim:[58049. 57912. 58697.] t2_sim:[59409. 59454. 60737.]
Task is 40.00% complete.
t1_sim:[64018. 63821. 63786.] t2_sim:[59282. 59172. 58578.]
Task is 41.00% complete.
t1_sim:[63581. 63817. 63910.] t2_sim:[65805. 65756. 64297.]
Task is 42.00% complete.
t1_sim:[63031. 62817. 61032.] t2_sim:[67829. 67945. 67813.]
Task is 43.00% complete.
t1_sim:[71778. 71923. 69227.] t2_sim:[61708. 61973. 60522.]
Task is 44.00% complete.
t1_sim:[66311. 66840. 67883.] t2_sim:[60396. 60369. 61156.]
Task is 45.00% complete.
t1_sim:[64450. 64782. 63368.] t2_sim:[61085. 60993. 59034.]
Task is 46.00% complete.
t1_sim:[60948. 60995. 60483.] t2_sim:[67121. 67016. 66264.]
Task is 47.00% complete.
t1_sim:[61515. 61319. 61442.] t2_sim:[62238. 61985. 62995.]
Task is 48.00% complete.
t1_sim:[57196. 56832. 56672.] t2_sim:[61076. 61431. 63092.]
Task is 49.00% complete.
t1_sim:[64779. 64773. 64092.] t2_sim:[60169. 60347. 63280.]
Task is 50.00% complete.
t1_sim:[62598. 62559. 62746.] t2_sim:[65285. 65054. 65241.]
Task is 51.00% complete.
t1_sim:[64889. 65041. 64493.] t2_sim:[62843. 63010. 60098.]
Task is 52.00% complete.
t1_sim:[61321. 61203. 60761.] t2_sim:[59006. 58796. 58267.]
Task is 53.00% complete.
t1_sim:[55108. 55192. 57419.] t2_sim:[61651. 62322. 62915.]
Task is 54.00% complete.
t1_sim:[62835. 62688. 61982.] t2_sim:[66012. 65887. 62572.]
Task is 55.00% complete.
t1_sim:[59712. 59592. 58574.] t2_sim:[61303. 60935. 62084.]
Task is 56.00% complete.
t1_sim:[61000. 60609. 59455.] t2_sim:[65777. 65732. 64156.]
Task is 57.00% complete.
t1_sim:[60432. 60514. 59984.] t2_sim:[65418. 65357. 63865.]
Task is 58.00% complete.
t1_sim:[61383. 61039. 61816.] t2_sim:[64292. 64092. 62596.]
Task is 59.00% complete.
t1_sim:[65098. 65084. 62089.] t2_sim:[67570. 67588. 66317.]
Task is 60.00% complete.
t1_sim:[64804. 64220. 65210.] t2_sim:[66692. 66521. 67175.]
Task is 61.00% complete.
t1_sim:[58274. 58360. 58009.] t2_sim:[65480. 65379. 67244.]
Task is 62.00% complete.
t1_sim:[61463. 61734. 63078.] t2_sim:[63158. 63024. 64326.]
Task is 63.00% complete.
t1_sim:[56632. 56028. 58109.] t2_sim:[60055. 59880. 61151.]
Task is 64.00% complete.
t1_sim:[57131. 56733. 57229.] t2_sim:[59237. 59846. 61521.]
Task is 65.00% complete.
t1_sim:[64021. 63973. 64490.] t2_sim:[58443. 58600. 59186.]
Task is 66.00% complete.
t1_sim:[59658. 59682. 60065.] t2_sim:[66573. 66863. 66022.]
Task is 67.00% complete.
t1_sim:[60578. 60820. 62307.] t2_sim:[60793. 60663. 60635.]
Task is 68.00% complete.
t1_sim:[66787. 66642. 65976.] t2_sim:[68605. 68526. 68242.]
Task is 69.00% complete.
t1_sim:[64598. 64672. 63629.] t2_sim:[60031. 59997. 62367.]
Task is 70.00% complete.
t1_sim:[60887. 60769. 59029.] t2_sim:[61074. 61285. 60303.]
Task is 71.00% complete.
t1_sim:[59547. 59971. 61343.] t2_sim:[60989. 60921. 60589.]
Task is 72.00% complete.
t1_sim:[64981. 64975. 64733.] t2_sim:[65009. 64993. 64907.]
Task is 73.00% complete.
t1_sim:[62399. 62374. 61625.] t2_sim:[57970. 57648. 59169.]
Task is 74.00% complete.
t1_sim:[62058. 62269. 61195.] t2_sim:[63966. 64046. 66852.]
Task is 75.00% complete.
t1_sim:[59962. 59968. 60535.] t2_sim:[62109. 61858. 61796.]
Task is 76.00% complete.
t1_sim:[60838. 60705. 59861.] t2_sim:[61355. 61690. 63482.]
Task is 77.00% complete.
t1_sim:[64109. 64014. 65523.] t2_sim:[65600. 65318. 65321.]
Task is 78.00% complete.
t1_sim:[60025. 60143. 63132.] t2_sim:[66193. 66098. 65889.]
Task is 79.00% complete.
t1_sim:[61586. 61624. 61156.] t2_sim:[63876. 63998. 65013.]
Task is 80.00% complete.
t1_sim:[61198. 60961. 61140.] t2_sim:[62774. 62946. 61856.]
Task is 81.00% complete.
t1_sim:[57565. 57675. 57857.] t2_sim:[63069. 63076. 62416.]
Task is 82.00% complete.
t1_sim:[61156. 61145. 59002.] t2_sim:[67759. 67631. 68042.]
Task is 83.00% complete.
t1_sim:[66025. 65986. 67494.] t2_sim:[68607. 68472. 70491.]
Task is 84.00% complete.
t1_sim:[65020. 64883. 63987.] t2_sim:[62063. 61861. 61535.]
Task is 85.00% complete.
t1_sim:[68789. 68524. 66734.] t2_sim:[66885. 66460. 65511.]
Task is 86.00% complete.
t1_sim:[60103. 60156. 64041.] t2_sim:[66792. 66920. 65602.]
Task is 87.00% complete.
t1_sim:[61570. 61171. 60983.] t2_sim:[64218. 64436. 63055.]
Task is 88.00% complete.
t1_sim:[57428. 56871. 57271.] t2_sim:[67740. 67655. 68425.]
Task is 89.00% complete.
t1_sim:[57739. 57866. 58992.] t2_sim:[65634. 65546. 66586.]
Task is 90.00% complete.
t1_sim:[62283. 62119. 63589.] t2_sim:[64527. 64700. 65564.]
Task is 91.00% complete.
t1_sim:[64415. 64449. 63166.] t2_sim:[59326. 59154. 60547.]
Task is 92.00% complete.
t1_sim:[62281. 61927. 61282.] t2_sim:[61885. 61712. 60142.]
Task is 93.00% complete.
t1_sim:[59156. 58809. 59262.] t2_sim:[59452. 59406. 63546.]
Task is 94.00% complete.
t1_sim:[60202. 59996. 59273.] t2_sim:[61661. 61656. 61434.]
Task is 95.00% complete.
t1_sim:[62612. 62705. 62849.] t2_sim:[66653. 66828. 64797.]
Task is 96.00% complete.
t1_sim:[67233. 67433. 66593.] t2_sim:[62010. 62018. 59541.]
Task is 97.00% complete.
t1_sim:[61798. 61859. 63513.] t2_sim:[63376. 63359. 63657.]
Task is 98.00% complete.
t1_sim:[60674. 60818. 60557.] t2_sim:[66157. 66033. 65422.]
Task is 99.00% complete.
t1_sim:[60104. 60225. 60171.] t2_sim:[61670. 61413. 61821.]
Training start
t1_obs:[array(62455.), array(62484.), array(64505.)] t2_obs:[array(61890.), array(61759.), array(63477.)]
corr_G1:[None, None, -0.19629224121847036] corr_G2:[None, None, 0.0024880896795940657]
Training end
Task is 0.00% complete.
t1_sim:[62399. 62519. 64256.] t2_sim:[63470. 63737. 62316.]
Task is 1.00% complete.
t1_sim:[62842. 63098. 62966.] t2_sim:[57293. 57515. 58669.]
Task is 2.00% complete.
t1_sim:[67212. 67316. 65123.] t2_sim:[64007. 64230. 63399.]
Task is 3.00% complete.
t1_sim:[65475. 65864. 67428.] t2_sim:[62565. 62237. 59940.]
Task is 4.00% complete.
t1_sim:[60878. 61102. 60444.] t2_sim:[57431. 57008. 55609.]
Task is 5.00% complete.
t1_sim:[61084. 61207. 61599.] t2_sim:[66326. 66543. 67118.]
Task is 6.00% complete.
t1_sim:[66657. 66501. 65002.] t2_sim:[66275. 65695. 66157.]
Task is 7.00% complete.
t1_sim:[62937. 62957. 63398.] t2_sim:[58863. 59112. 57871.]
Task is 8.00% complete.
t1_sim:[60938. 61114. 61990.] t2_sim:[64786. 65005. 66426.]
Task is 9.00% complete.
t1_sim:[66266. 66515. 66635.] t2_sim:[61654. 61683. 61240.]
Task is 10.00% complete.
t1_sim:[65434. 65313. 65371.] t2_sim:[59669. 59643. 61760.]
Task is 11.00% complete.
t1_sim:[59767. 59841. 63424.] t2_sim:[63610. 63469. 64287.]
Task is 12.00% complete.
t1_sim:[63419. 63267. 62904.] t2_sim:[62266. 62487. 62401.]
Task is 13.00% complete.
t1_sim:[64024. 64078. 64245.] t2_sim:[63745. 63669. 61346.]
Task is 14.00% complete.
t1_sim:[62106. 62349. 61995.] t2_sim:[65044. 64967. 65589.]
Task is 15.00% complete.
t1_sim:[67550. 67706. 68192.] t2_sim:[63249. 63203. 63437.]
Task is 16.00% complete.
t1_sim:[63763. 64015. 64812.] t2_sim:[63262. 62989. 64347.]
Task is 17.00% complete.
t1_sim:[64748. 64830. 63510.] t2_sim:[57126. 56644. 58600.]
Task is 18.00% complete.
t1_sim:[64643. 64775. 63535.] t2_sim:[64726. 64115. 61639.]
Task is 19.00% complete.
t1_sim:[59257. 58885. 59025.] t2_sim:[59531. 59232. 56601.]
Task is 20.00% complete.
t1_sim:[64520. 64532. 60475.] t2_sim:[63960. 63785. 63168.]
Task is 21.00% complete.
t1_sim:[61417. 61450. 59723.] t2_sim:[61518. 61413. 61862.]
Task is 22.00% complete.
t1_sim:[68809. 68810. 68143.] t2_sim:[64751. 64701. 63235.]
Task is 23.00% complete.
t1_sim:[61994. 61790. 63126.] t2_sim:[70881. 71066. 69296.]
Task is 24.00% complete.
t1_sim:[56598. 57038. 59545.] t2_sim:[65291. 65135. 62851.]
Task is 25.00% complete.
t1_sim:[63989. 63856. 65821.] t2_sim:[55883. 56101. 60138.]
Task is 26.00% complete.
t1_sim:[59504. 59293. 58805.] t2_sim:[65887. 65836. 67428.]
Task is 27.00% complete.
t1_sim:[67128. 66590. 66051.] t2_sim:[58679. 59017. 61145.]
Task is 28.00% complete.
t1_sim:[65304. 65457. 66792.] t2_sim:[66936. 66600. 63399.]
Task is 29.00% complete.
t1_sim:[61623. 61513. 63018.] t2_sim:[73707. 73290. 71069.]
Task is 30.00% complete.
t1_sim:[56950. 57316. 59258.] t2_sim:[66060. 66144. 64539.]
Task is 31.00% complete.
t1_sim:[60928. 61223. 61575.] t2_sim:[62140. 62005. 62224.]
Task is 32.00% complete.
t1_sim:[59325. 59372. 60397.] t2_sim:[55652. 55172. 55461.]
Task is 33.00% complete.
t1_sim:[60252. 60046. 62957.] t2_sim:[59432. 59926. 60091.]
Task is 34.00% complete.
t1_sim:[62809. 62950. 63989.] t2_sim:[61827. 61947. 63118.]
Task is 35.00% complete.
t1_sim:[63436. 63831. 61912.] t2_sim:[56097. 56212. 56635.]
Task is 36.00% complete.
t1_sim:[62721. 62782. 63573.] t2_sim:[61789. 61633. 60118.]
Task is 37.00% complete.
t1_sim:[67614. 67636. 66950.] t2_sim:[64328. 64264. 63565.]
Task is 38.00% complete.
t1_sim:[61608. 61420. 60343.] t2_sim:[61755. 61496. 60811.]
Task is 39.00% complete.
t1_sim:[66522. 66239. 64918.] t2_sim:[64327. 64343. 65742.]
Task is 40.00% complete.
t1_sim:[70281. 69753. 68311.] t2_sim:[62157. 62251. 61043.]
Task is 41.00% complete.
t1_sim:[65796. 65385. 64583.] t2_sim:[65331. 65040. 65680.]
Task is 42.00% complete.
t1_sim:[60768. 60479. 59776.] t2_sim:[64816. 64831. 64912.]
Task is 43.00% complete.
t1_sim:[58226. 58219. 60630.] t2_sim:[56663. 56618. 57723.]
Task is 44.00% complete.
t1_sim:[66980. 66654. 65205.] t2_sim:[60922. 60872. 65505.]
Task is 45.00% complete.
t1_sim:[62293. 62311. 60875.] t2_sim:[65032. 65063. 66583.]
Task is 46.00% complete.
t1_sim:[60510. 60793. 61001.] t2_sim:[65008. 65136. 63252.]
Task is 47.00% complete.
t1_sim:[61367. 61598. 59329.] t2_sim:[68433. 68574. 67910.]
Task is 48.00% complete.
t1_sim:[58708. 58555. 56506.] t2_sim:[61058. 61119. 61901.]
Task is 49.00% complete.
t1_sim:[64504. 63960. 65138.] t2_sim:[61001. 61283. 63737.]
Task is 50.00% complete.
t1_sim:[63372. 63301. 62704.] t2_sim:[61210. 61374. 61608.]
Task is 51.00% complete.
t1_sim:[61945. 62158. 59970.] t2_sim:[59530. 60009. 59872.]
Task is 52.00% complete.
t1_sim:[61749. 61799. 62465.] t2_sim:[71844. 72050. 73108.]
Task is 53.00% complete.
t1_sim:[59667. 60111. 61569.] t2_sim:[64425. 64649. 63954.]
Task is 54.00% complete.
t1_sim:[62217. 62068. 62081.] t2_sim:[60960. 60679. 59516.]
Task is 55.00% complete.
t1_sim:[62192. 62060. 64119.] t2_sim:[63782. 63889. 64398.]
Task is 56.00% complete.
t1_sim:[61178. 61129. 62114.] t2_sim:[57006. 57021. 56643.]
Task is 57.00% complete.
t1_sim:[64728. 64845. 64988.] t2_sim:[66639. 66769. 66684.]
Task is 58.00% complete.
t1_sim:[63928. 64316. 65210.] t2_sim:[67465. 68042. 66358.]
Task is 59.00% complete.
t1_sim:[64230. 64623. 64153.] t2_sim:[61710. 62041. 60243.]
Task is 60.00% complete.
t1_sim:[70341. 70401. 69287.] t2_sim:[57710. 57594. 57229.]
Task is 61.00% complete.
t1_sim:[62910. 63251. 64901.] t2_sim:[63517. 63960. 66123.]
Task is 62.00% complete.
t1_sim:[65802. 65816. 67485.] t2_sim:[65112. 65166. 67252.]
Task is 63.00% complete.
t1_sim:[62205. 62232. 63604.] t2_sim:[63324. 63608. 64444.]
Task is 64.00% complete.
t1_sim:[62869. 62774. 62136.] t2_sim:[59975. 59920. 59594.]
Task is 65.00% complete.
t1_sim:[62042. 61844. 61198.] t2_sim:[60114. 60184. 65280.]
Task is 66.00% complete.
t1_sim:[62294. 62302. 60038.] t2_sim:[65372. 65370. 65706.]
Task is 67.00% complete.
t1_sim:[61516. 62052. 59829.] t2_sim:[59399. 59214. 57314.]
Task is 68.00% complete.
t1_sim:[63216. 63289. 60895.] t2_sim:[57321. 57257. 56260.]
Task is 69.00% complete.
t1_sim:[58055. 58300. 59846.] t2_sim:[64731. 64366. 63173.]
Task is 70.00% complete.
t1_sim:[67338. 67318. 67948.] t2_sim:[59982. 59767. 59274.]
Task is 71.00% complete.
t1_sim:[63834. 63770. 64932.] t2_sim:[66534. 66817. 66974.]
Task is 72.00% complete.
t1_sim:[58288. 58027. 57691.] t2_sim:[67760. 67646. 65950.]
Task is 73.00% complete.
t1_sim:[58706. 58233. 59199.] t2_sim:[61156. 61712. 63534.]
Task is 74.00% complete.
t1_sim:[55379. 55600. 55370.] t2_sim:[61242. 61615. 63736.]
Task is 75.00% complete.
t1_sim:[55803. 55715. 56734.] t2_sim:[57399. 57620. 61148.]
Task is 76.00% complete.
t1_sim:[63559. 63642. 64074.] t2_sim:[63711. 63781. 64341.]
Task is 77.00% complete.
t1_sim:[54789. 54803. 57409.] t2_sim:[60980. 60541. 59437.]
Task is 78.00% complete.
t1_sim:[61368. 61526. 59441.] t2_sim:[62489. 62605. 64253.]
Task is 79.00% complete.
t1_sim:[63618. 63846. 66298.] t2_sim:[65617. 65773. 62084.]
Task is 80.00% complete.
t1_sim:[66740. 66556. 69306.] t2_sim:[61332. 61090. 63306.]
Task is 81.00% complete.
t1_sim:[62908. 62922. 63172.] t2_sim:[61411. 61361. 60696.]
Task is 82.00% complete.
t1_sim:[63987. 64391. 65153.] t2_sim:[63920. 63639. 63395.]
Task is 83.00% complete.
t1_sim:[61067. 61505. 63535.] t2_sim:[62666. 62874. 60271.]
Task is 84.00% complete.
t1_sim:[59824. 59825. 55184.] t2_sim:[63857. 63917. 60473.]
Task is 85.00% complete.
t1_sim:[65686. 65483. 63230.] t2_sim:[66512. 66342. 68431.]
Task is 86.00% complete.
t1_sim:[67545. 67798. 68807.] t2_sim:[63817. 63893. 61765.]
Task is 87.00% complete.
t1_sim:[67910. 68019. 66869.] t2_sim:[61970. 62101. 61790.]
Task is 88.00% complete.
t1_sim:[55567. 55711. 55706.] t2_sim:[62648. 62615. 63213.]
Task is 89.00% complete.
t1_sim:[60700. 60523. 60689.] t2_sim:[64077. 64200. 62299.]
Task is 90.00% complete.
t1_sim:[66256. 65927. 64783.] t2_sim:[60210. 60028. 57994.]
Task is 91.00% complete.
t1_sim:[61792. 61474. 61806.] t2_sim:[62716. 62726. 60855.]
Task is 92.00% complete.
t1_sim:[56392. 56641. 58327.] t2_sim:[64810. 64957. 65065.]
Task is 93.00% complete.
t1_sim:[62869. 62641. 60534.] t2_sim:[60848. 60862. 61584.]
Task is 94.00% complete.
t1_sim:[59996. 59896. 61867.] t2_sim:[57273. 57118. 58691.]
Task is 95.00% complete.
t1_sim:[59554. 59840. 59509.] t2_sim:[60804. 60690. 62133.]
Task is 96.00% complete.
t1_sim:[56428. 56608. 56968.] t2_sim:[62773. 62704. 63191.]
Task is 97.00% complete.
t1_sim:[63797. 64106. 65599.] t2_sim:[62809. 62606. 62166.]
Task is 98.00% complete.
t1_sim:[66099. 65988. 63300.] t2_sim:[68246. 68710. 68462.]
Task is 99.00% complete.
t1_sim:[67012. 66889. 65350.] t2_sim:[59979. 59838. 60300.]
Finished
