/scratch/jz4721/Post-prediction-Causal-Inference/venv/lib/python3.8/site-packages/numpy/core/getlimits.py:518: UserWarning: The value of the smallest subnormal for <class 'numpy.float64'> type is zero.
  setattr(self, word, getattr(machar, word).flat[0])
/scratch/jz4721/Post-prediction-Causal-Inference/venv/lib/python3.8/site-packages/numpy/core/getlimits.py:89: UserWarning: The value of the smallest subnormal for <class 'numpy.float64'> type is zero.
  return self._float_to_str(self.smallest_subnormal)
/scratch/jz4721/Post-prediction-Causal-Inference/venv/lib/python3.8/site-packages/numpy/core/getlimits.py:518: UserWarning: The value of the smallest subnormal for <class 'numpy.float32'> type is zero.
  setattr(self, word, getattr(machar, word).flat[0])
/scratch/jz4721/Post-prediction-Causal-Inference/venv/lib/python3.8/site-packages/numpy/core/getlimits.py:89: UserWarning: The value of the smallest subnormal for <class 'numpy.float32'> type is zero.
  return self._float_to_str(self.smallest_subnormal)
Training start
t1_obs:[array(64857.), array(65300.), array(68657.)] t2_obs:[array(64162.), array(63972.), array(68997.)]
corr_G1:[None, None, 0] corr_G2:[None, None, 0]
Training end
Task is 0.00% complete.
t1_sim:[62590. 62599. 65142.] t2_sim:[62456. 62529. 65151.]
Task is 1.00% complete.
t1_sim:[70944. 71282. 69180.] t2_sim:[63032. 63161. 63507.]
Task is 2.00% complete.
t1_sim:[62928. 62156. 62673.] t2_sim:[62896. 62928. 63461.]
Task is 3.00% complete.
t1_sim:[66021. 66003. 66147.] t2_sim:[64989. 64845. 65000.]
Task is 4.00% complete.
t1_sim:[57799. 57772. 60093.] t2_sim:[61738. 61545. 64750.]
Task is 5.00% complete.
t1_sim:[62383. 62911. 63339.] t2_sim:[60820. 60931. 62199.]
Task is 6.00% complete.
t1_sim:[58551. 59050. 56045.] t2_sim:[62924. 63051. 63022.]
Task is 7.00% complete.
t1_sim:[59861. 60046. 61781.] t2_sim:[63620. 63323. 60478.]
Task is 8.00% complete.
t1_sim:[65088. 65058. 64028.] t2_sim:[61410. 61342. 62515.]
Task is 9.00% complete.
t1_sim:[59441. 58868. 58967.] t2_sim:[68103. 68420. 63399.]
Task is 10.00% complete.
t1_sim:[62594. 62405. 64955.] t2_sim:[63908. 63556. 63692.]
Task is 11.00% complete.
t1_sim:[67100. 67750. 67682.] t2_sim:[62285. 62323. 63019.]
Task is 12.00% complete.
t1_sim:[63237. 63032. 63479.] t2_sim:[63762. 64252. 64369.]
Task is 13.00% complete.
t1_sim:[57911. 57623. 59706.] t2_sim:[62633. 62468. 58628.]
Task is 14.00% complete.
t1_sim:[61207. 61463. 63774.] t2_sim:[55450. 55581. 57300.]
Task is 15.00% complete.
t1_sim:[67372. 67374. 63357.] t2_sim:[59199. 58927. 60493.]
Task is 16.00% complete.
t1_sim:[62919. 63211. 62746.] t2_sim:[60260. 60035. 59926.]
Task is 17.00% complete.
t1_sim:[61066. 61126. 65121.] t2_sim:[60596. 60374. 57446.]
Task is 18.00% complete.
t1_sim:[61852. 61740. 61137.] t2_sim:[58056. 57924. 60219.]
Task is 19.00% complete.
t1_sim:[63129. 62927. 64470.] t2_sim:[61966. 61966. 58728.]
Task is 20.00% complete.
t1_sim:[61665. 61797. 64282.] t2_sim:[61808. 61695. 64981.]
Task is 21.00% complete.
t1_sim:[63432. 63624. 65022.] t2_sim:[60429. 60698. 63549.]
Task is 22.00% complete.
t1_sim:[65319. 64677. 64687.] t2_sim:[63206. 62858. 64652.]
Task is 23.00% complete.
t1_sim:[60971. 60988. 64537.] t2_sim:[64027. 64080. 62431.]
Task is 24.00% complete.
t1_sim:[65682. 65680. 67852.] t2_sim:[65393. 65415. 65385.]
Task is 25.00% complete.
t1_sim:[59612. 59864. 59197.] t2_sim:[64018. 64014. 63357.]
Task is 26.00% complete.
t1_sim:[60449. 60043. 61020.] t2_sim:[66008. 66328. 67470.]
Task is 27.00% complete.
t1_sim:[62967. 63413. 65365.] t2_sim:[61160. 61051. 63189.]
Task is 28.00% complete.
t1_sim:[61998. 61878. 60474.] t2_sim:[64229. 64302. 64698.]
Task is 29.00% complete.
t1_sim:[58578. 58487. 54114.] t2_sim:[63451. 63075. 60627.]
Task is 30.00% complete.
t1_sim:[62606. 62293. 62249.] t2_sim:[62208. 62141. 60928.]
Task is 31.00% complete.
t1_sim:[63129. 63439. 60471.] t2_sim:[59676. 59356. 62591.]
Task is 32.00% complete.
t1_sim:[61707. 61760. 62109.] t2_sim:[57868. 57627. 58672.]
Task is 33.00% complete.
t1_sim:[59959. 60693. 60769.] t2_sim:[63630. 63374. 62180.]
Task is 34.00% complete.
t1_sim:[59818. 59245. 59719.] t2_sim:[60996. 61209. 61620.]
Task is 35.00% complete.
t1_sim:[65191. 64987. 67645.] t2_sim:[61125. 60633. 59756.]
Task is 36.00% complete.
t1_sim:[60689. 60512. 64715.] t2_sim:[60215. 59634. 60813.]
Task is 37.00% complete.
t1_sim:[61229. 61538. 62997.] t2_sim:[65157. 64836. 65191.]
Task is 38.00% complete.
t1_sim:[60931. 60550. 63066.] t2_sim:[60073. 59933. 62183.]
Task is 39.00% complete.
t1_sim:[62161. 62201. 61292.] t2_sim:[62409. 62620. 62910.]
Task is 40.00% complete.
t1_sim:[67839. 67844. 70196.] t2_sim:[63792. 63315. 65003.]
Task is 41.00% complete.
t1_sim:[59907. 59691. 61275.] t2_sim:[63008. 62559. 65007.]
Task is 42.00% complete.
t1_sim:[63306. 63263. 63297.] t2_sim:[61139. 61228. 65356.]
Task is 43.00% complete.
t1_sim:[61721. 61092. 57590.] t2_sim:[58876. 58474. 57558.]
Task is 44.00% complete.
t1_sim:[57556. 57952. 61863.] t2_sim:[58901. 58990. 58512.]
Task is 45.00% complete.
t1_sim:[59089. 59415. 61842.] t2_sim:[60753. 60679. 57770.]
Task is 46.00% complete.
t1_sim:[62810. 62443. 62660.] t2_sim:[60433. 60465. 61929.]
Task is 47.00% complete.
t1_sim:[66614. 66299. 65985.] t2_sim:[61546. 61351. 63847.]
Task is 48.00% complete.
t1_sim:[64394. 64412. 65963.] t2_sim:[61420. 61501. 59195.]
Task is 49.00% complete.
t1_sim:[56920. 57457. 56664.] t2_sim:[62695. 62614. 64410.]
Task is 50.00% complete.
t1_sim:[55953. 55639. 60034.] t2_sim:[64075. 63760. 64083.]
Task is 51.00% complete.
t1_sim:[57330. 57114. 56207.] t2_sim:[64230. 64310. 62215.]
Task is 52.00% complete.
t1_sim:[63536. 63506. 63539.] t2_sim:[62999. 62755. 65705.]
Task is 53.00% complete.
t1_sim:[62006. 62688. 61823.] t2_sim:[62145. 62122. 59630.]
Task is 54.00% complete.
t1_sim:[60327. 60650. 59863.] t2_sim:[65890. 65653. 65576.]
Task is 55.00% complete.
t1_sim:[59775. 59828. 62816.] t2_sim:[57406. 57602. 61933.]
Task is 56.00% complete.
t1_sim:[58545. 58777. 57887.] t2_sim:[63101. 63114. 66222.]
Task is 57.00% complete.
t1_sim:[66185. 66148. 61896.] t2_sim:[54271. 54285. 55511.]
Task is 58.00% complete.
t1_sim:[65026. 64832. 66728.] t2_sim:[67818. 67887. 63919.]
Task is 59.00% complete.
t1_sim:[61287. 60690. 62839.] t2_sim:[60437. 60143. 61331.]
Task is 60.00% complete.
t1_sim:[63643. 63217. 61404.] t2_sim:[56365. 56494. 62212.]
Task is 61.00% complete.
t1_sim:[64059. 63597. 62377.] t2_sim:[65118. 65396. 64751.]
Task is 62.00% complete.
t1_sim:[66886. 67522. 67955.] t2_sim:[63821. 63671. 63166.]
Task is 63.00% complete.
t1_sim:[64661. 64326. 65548.] t2_sim:[62441. 62309. 59257.]
Task is 64.00% complete.
t1_sim:[61630. 61688. 65964.] t2_sim:[66203. 66552. 62357.]
Task is 65.00% complete.
t1_sim:[59099. 58858. 60602.] t2_sim:[61754. 61934. 61525.]
Task is 66.00% complete.
t1_sim:[60132. 60332. 61092.] t2_sim:[58381. 58273. 57137.]
Task is 67.00% complete.
t1_sim:[62208. 62206. 62804.] t2_sim:[63382. 62883. 62877.]
Task is 68.00% complete.
t1_sim:[60744. 60863. 59758.] t2_sim:[67816. 67678. 66032.]
Task is 69.00% complete.
t1_sim:[53535. 53424. 57046.] t2_sim:[64024. 64380. 66388.]
Task is 70.00% complete.
t1_sim:[60221. 60418. 61303.] t2_sim:[67701. 67298. 66147.]
Task is 71.00% complete.
t1_sim:[64416. 64842. 65940.] t2_sim:[63027. 63253. 61841.]
Task is 72.00% complete.
t1_sim:[67391. 67385. 68780.] t2_sim:[62919. 62645. 63584.]
Task is 73.00% complete.
t1_sim:[60750. 60593. 64164.] t2_sim:[64484. 64573. 67091.]
Task is 74.00% complete.
t1_sim:[59755. 59902. 59871.] t2_sim:[65438. 66025. 69119.]
Task is 75.00% complete.
t1_sim:[63698. 63921. 65455.] t2_sim:[60004. 60286. 59550.]
Task is 76.00% complete.
t1_sim:[59146. 58809. 60617.] t2_sim:[65943. 65779. 64562.]
Task is 77.00% complete.
t1_sim:[58621. 58608. 65537.] t2_sim:[64124. 63469. 60797.]
Task is 78.00% complete.
t1_sim:[63975. 63831. 62074.] t2_sim:[59938. 59748. 62606.]
Task is 79.00% complete.
t1_sim:[62657. 63394. 64019.] t2_sim:[69642. 69525. 66133.]
Task is 80.00% complete.
t1_sim:[66400. 66455. 67198.] t2_sim:[55639. 55770. 56112.]
Task is 81.00% complete.
t1_sim:[60574. 60061. 58473.] t2_sim:[63173. 63608. 64350.]
Task is 82.00% complete.
t1_sim:[63302. 62979. 64339.] t2_sim:[66405. 66204. 64732.]
Task is 83.00% complete.
t1_sim:[61369. 61273. 62076.] t2_sim:[61440. 62058. 60169.]
Task is 84.00% complete.
t1_sim:[65685. 65450. 62659.] t2_sim:[64522. 64877. 65457.]
Task is 85.00% complete.
t1_sim:[64669. 65064. 63168.] t2_sim:[62688. 62945. 62793.]
Task is 86.00% complete.
t1_sim:[63181. 63648. 61596.] t2_sim:[64899. 64560. 63047.]
Task is 87.00% complete.
t1_sim:[65077. 65153. 59830.] t2_sim:[62152. 62647. 65794.]
Task is 88.00% complete.
t1_sim:[58538. 59227. 56042.] t2_sim:[61654. 61505. 62012.]
Task is 89.00% complete.
t1_sim:[62245. 62206. 61948.] t2_sim:[69055. 68714. 65686.]
Task is 90.00% complete.
t1_sim:[59840. 60227. 59974.] t2_sim:[58946. 59316. 57551.]
Task is 91.00% complete.
t1_sim:[61035. 60508. 65251.] t2_sim:[57263. 57632. 59649.]
Task is 92.00% complete.
t1_sim:[57381. 57632. 56104.] t2_sim:[60855. 61322. 60046.]
Task is 93.00% complete.
t1_sim:[65618. 65784. 67010.] t2_sim:[62683. 62000. 60164.]
Task is 94.00% complete.
t1_sim:[58605. 58872. 58894.] t2_sim:[60303. 61060. 63029.]
Task is 95.00% complete.
t1_sim:[69972. 70079. 69166.] t2_sim:[57164. 57518. 59193.]
Task is 96.00% complete.
t1_sim:[57957. 58154. 60536.] t2_sim:[56813. 57405. 59422.]
Task is 97.00% complete.
t1_sim:[65636. 65895. 65362.] t2_sim:[66732. 66544. 66086.]
Task is 98.00% complete.
t1_sim:[61227. 61385. 56362.] t2_sim:[59756. 58985. 60811.]
Task is 99.00% complete.
t1_sim:[63155. 61967. 63906.] t2_sim:[59993. 59852. 61457.]
Training start
t1_obs:[array(64857.), array(65300.), array(68260.)] t2_obs:[array(64162.), array(63972.), array(66779.)]
corr_G1:[None, None, 0.9233888536064995] corr_G2:[None, None, 0.9534805067864517]
Training end
Task is 0.00% complete.
t1_sim:[61569. 61526. 60783.] t2_sim:[65733. 66324. 63368.]
Task is 1.00% complete.
t1_sim:[61980. 61982. 63735.] t2_sim:[61632. 61491. 59428.]
Task is 2.00% complete.
t1_sim:[67468. 67433. 67665.] t2_sim:[57469. 57424. 55971.]
Task is 3.00% complete.
t1_sim:[62587. 62946. 64380.] t2_sim:[61916. 62478. 65411.]
Task is 4.00% complete.
t1_sim:[62791. 62342. 61643.] t2_sim:[61405. 61462. 59544.]
Task is 5.00% complete.
t1_sim:[62268. 62795. 61960.] t2_sim:[57998. 57707. 57408.]
Task is 6.00% complete.
t1_sim:[67284. 67290. 67037.] t2_sim:[62960. 63175. 64512.]
Task is 7.00% complete.
t1_sim:[62721. 63003. 62884.] t2_sim:[59328. 58976. 57510.]
Task is 8.00% complete.
t1_sim:[64709. 64878. 63700.] t2_sim:[61573. 61818. 61411.]
Task is 9.00% complete.
t1_sim:[59606. 59394. 57595.] t2_sim:[62389. 62260. 62397.]
Task is 10.00% complete.
t1_sim:[62823. 62825. 63300.] t2_sim:[66862. 66995. 69605.]
Task is 11.00% complete.
t1_sim:[58782. 58514. 58544.] t2_sim:[64632. 64667. 65207.]
Task is 12.00% complete.
t1_sim:[62310. 62238. 61986.] t2_sim:[67130. 66939. 67169.]
Task is 13.00% complete.
t1_sim:[63598. 63666. 63123.] t2_sim:[61393. 61597. 60126.]
Task is 14.00% complete.
t1_sim:[61552. 61060. 61000.] t2_sim:[61128. 61363. 61242.]
Task is 15.00% complete.
t1_sim:[64477. 64084. 64218.] t2_sim:[64763. 64607. 64055.]
Task is 16.00% complete.
t1_sim:[61160. 60944. 62093.] t2_sim:[62435. 62131. 63637.]
Task is 17.00% complete.
t1_sim:[62050. 61910. 62161.] t2_sim:[61089. 61147. 60607.]
Task is 18.00% complete.
t1_sim:[65402. 64935. 62751.] t2_sim:[60737. 60392. 59809.]
Task is 19.00% complete.
t1_sim:[63004. 63222. 63346.] t2_sim:[63316. 63169. 61674.]
Task is 20.00% complete.
t1_sim:[66600. 67219. 67538.] t2_sim:[65261. 65271. 64682.]
Task is 21.00% complete.
t1_sim:[61371. 61736. 60621.] t2_sim:[60716. 61251. 62358.]
Task is 22.00% complete.
t1_sim:[63364. 63093. 61577.] t2_sim:[59206. 58868. 57373.]
Task is 23.00% complete.
t1_sim:[65780. 65796. 63476.] t2_sim:[63001. 62936. 60545.]
Task is 24.00% complete.
t1_sim:[61786. 61836. 62138.] t2_sim:[61288. 60980. 62806.]
Task is 25.00% complete.
t1_sim:[61827. 62132. 61777.] t2_sim:[59095. 59309. 60665.]
Task is 26.00% complete.
t1_sim:[59659. 59750. 59706.] t2_sim:[64016. 63466. 63852.]
Task is 27.00% complete.
t1_sim:[62792. 63240. 62313.] t2_sim:[64778. 64586. 65188.]
Task is 28.00% complete.
t1_sim:[65860. 66319. 66188.] t2_sim:[66704. 66772. 66451.]
Task is 29.00% complete.
t1_sim:[62263. 62662. 62555.] t2_sim:[64324. 63825. 61968.]
Task is 30.00% complete.
t1_sim:[62981. 62613. 64221.] t2_sim:[62525. 62621. 64786.]
Task is 31.00% complete.
t1_sim:[61622. 61475. 61289.] t2_sim:[64480. 64092. 61981.]
Task is 32.00% complete.
t1_sim:[59617. 59564. 62253.] t2_sim:[65700. 66133. 64636.]
Task is 33.00% complete.
t1_sim:[59986. 59969. 60870.] t2_sim:[63146. 63843. 65814.]
Task is 34.00% complete.
t1_sim:[59160. 59337. 61667.] t2_sim:[66754. 66579. 66139.]
Task is 35.00% complete.
t1_sim:[61932. 62106. 62920.] t2_sim:[62523. 62545. 63993.]
Task is 36.00% complete.
t1_sim:[59176. 59611. 58328.] t2_sim:[61585. 61332. 62641.]
Task is 37.00% complete.
t1_sim:[64301. 64249. 62420.] t2_sim:[66788. 66833. 65946.]
Task is 38.00% complete.
t1_sim:[58060. 58363. 60488.] t2_sim:[68798. 68891. 67758.]
Task is 39.00% complete.
t1_sim:[67611. 67825. 69877.] t2_sim:[62975. 62656. 62797.]
Task is 40.00% complete.
t1_sim:[61346. 61276. 61939.] t2_sim:[61463. 61373. 62553.]
Task is 41.00% complete.
t1_sim:[62117. 62405. 60654.] t2_sim:[64088. 64030. 62425.]
Task is 42.00% complete.
t1_sim:[64782. 64867. 64571.] t2_sim:[66350. 65412. 63447.]
Task is 43.00% complete.
t1_sim:[67298. 67402. 67757.] t2_sim:[52586. 52537. 53863.]
Task is 44.00% complete.
t1_sim:[62305. 62843. 63620.] t2_sim:[63474. 62966. 63847.]
Task is 45.00% complete.
t1_sim:[61811. 61705. 61383.] t2_sim:[64710. 64604. 62237.]
Task is 46.00% complete.
t1_sim:[60932. 61267. 61529.] t2_sim:[68320. 68644. 65686.]
Task is 47.00% complete.
t1_sim:[61222. 61113. 59336.] t2_sim:[59473. 59864. 62451.]
Task is 48.00% complete.
t1_sim:[65241. 65884. 67416.] t2_sim:[61682. 61892. 63031.]
Task is 49.00% complete.
t1_sim:[64559. 64253. 61919.] t2_sim:[56862. 57154. 55325.]
Task is 50.00% complete.
t1_sim:[56363. 56293. 57486.] t2_sim:[67025. 66679. 66492.]
Task is 51.00% complete.
t1_sim:[66197. 66258. 65882.] t2_sim:[62354. 62350. 62191.]
Task is 52.00% complete.
t1_sim:[58985. 59206. 58415.] t2_sim:[54768. 55291. 56331.]
Task is 53.00% complete.
t1_sim:[71152. 71103. 70294.] t2_sim:[61572. 61147. 60392.]
Task is 54.00% complete.
t1_sim:[58944. 59114. 58266.] t2_sim:[64827. 65080. 64451.]
Task is 55.00% complete.
t1_sim:[61950. 62010. 60107.] t2_sim:[62468. 62402. 61347.]
Task is 56.00% complete.
t1_sim:[56751. 56779. 59103.] t2_sim:[58712. 58601. 58037.]
Task is 57.00% complete.
t1_sim:[62414. 62454. 63520.] t2_sim:[58833. 58986. 57097.]
Task is 58.00% complete.
t1_sim:[67395. 67360. 65869.] t2_sim:[62451. 62627. 62464.]
Task is 59.00% complete.
t1_sim:[61306. 61317. 62646.] t2_sim:[61467. 61485. 61770.]
Task is 60.00% complete.
t1_sim:[68821. 68591. 65188.] t2_sim:[60846. 60834. 59494.]
Task is 61.00% complete.
t1_sim:[59611. 59607. 59467.] t2_sim:[66018. 66277. 66233.]
Task is 62.00% complete.
t1_sim:[65034. 65016. 63037.] t2_sim:[66652. 66883. 65454.]
Task is 63.00% complete.
t1_sim:[66131. 66315. 65841.] t2_sim:[64481. 64216. 63597.]
Task is 64.00% complete.
t1_sim:[63730. 63568. 63325.] t2_sim:[64314. 64119. 64788.]
Task is 65.00% complete.
t1_sim:[58732. 58580. 58442.] t2_sim:[61232. 60875. 63176.]
Task is 66.00% complete.
t1_sim:[65445. 65808. 63454.] t2_sim:[61321. 61419. 62039.]
Task is 67.00% complete.
t1_sim:[58752. 58308. 59864.] t2_sim:[61993. 61929. 64926.]
Task is 68.00% complete.
t1_sim:[60450. 60435. 60632.] t2_sim:[58442. 58380. 56051.]
Task is 69.00% complete.
t1_sim:[60415. 60463. 60965.] t2_sim:[63737. 63568. 63940.]
Task is 70.00% complete.
t1_sim:[65988. 66213. 65862.] t2_sim:[58766. 58500. 57618.]
Task is 71.00% complete.
t1_sim:[64555. 63933. 63768.] t2_sim:[62228. 62914. 62159.]
Task is 72.00% complete.
t1_sim:[58045. 57723. 56634.] t2_sim:[64793. 65171. 64233.]
Task is 73.00% complete.
t1_sim:[60046. 60829. 61901.] t2_sim:[64641. 64088. 63602.]
Task is 74.00% complete.
t1_sim:[61208. 60924. 61886.] t2_sim:[65693. 65815. 66333.]
Task is 75.00% complete.
t1_sim:[66459. 66664. 68028.] t2_sim:[64297. 64044. 62481.]
Task is 76.00% complete.
t1_sim:[61966. 62566. 62298.] t2_sim:[65897. 66029. 66697.]
Task is 77.00% complete.
t1_sim:[59270. 59124. 58303.] t2_sim:[61590. 61611. 59314.]
Task is 78.00% complete.
t1_sim:[63104. 62931. 63250.] t2_sim:[66388. 66472. 70109.]
Task is 79.00% complete.
t1_sim:[60792. 60882. 62337.] t2_sim:[57388. 57268. 58752.]
Task is 80.00% complete.
t1_sim:[58811. 58683. 59727.] t2_sim:[65509. 65460. 63425.]
Task is 81.00% complete.
t1_sim:[63775. 63710. 61108.] t2_sim:[65070. 64773. 64737.]
Task is 82.00% complete.
t1_sim:[61716. 61687. 60653.] t2_sim:[61511. 61772. 60526.]
Task is 83.00% complete.
t1_sim:[60003. 59829. 58822.] t2_sim:[60095. 60903. 61589.]
Task is 84.00% complete.
t1_sim:[66242. 66061. 66285.] t2_sim:[59872. 59725. 60320.]
Task is 85.00% complete.
t1_sim:[64597. 64942. 65632.] t2_sim:[62969. 63391. 64237.]
Task is 86.00% complete.
t1_sim:[57109. 57348. 56604.] t2_sim:[58650. 59173. 61834.]
Task is 87.00% complete.
t1_sim:[66562. 66178. 67399.] t2_sim:[64195. 64066. 62912.]
Task is 88.00% complete.
t1_sim:[59478. 59705. 60102.] t2_sim:[64782. 64609. 64944.]
Task is 89.00% complete.
t1_sim:[54873. 55113. 57805.] t2_sim:[65954. 65932. 67543.]
Task is 90.00% complete.
t1_sim:[58527. 58822. 58449.] t2_sim:[67308. 67336. 64643.]
Task is 91.00% complete.
t1_sim:[61172. 61339. 62625.] t2_sim:[63252. 63798. 64066.]
Task is 92.00% complete.
t1_sim:[63151. 62904. 62915.] t2_sim:[64097. 63871. 63816.]
Task is 93.00% complete.
t1_sim:[62522. 62354. 61752.] t2_sim:[60866. 60494. 57541.]
Task is 94.00% complete.
t1_sim:[61430. 61505. 60885.] t2_sim:[64236. 64258. 65108.]
Task is 95.00% complete.
t1_sim:[56950. 57197. 55880.] t2_sim:[62877. 62927. 63398.]
Task is 96.00% complete.
t1_sim:[62762. 62785. 64959.] t2_sim:[63520. 63805. 59711.]
Task is 97.00% complete.
t1_sim:[58196. 57647. 59293.] t2_sim:[58475. 58263. 56671.]
Task is 98.00% complete.
t1_sim:[62918. 63172. 65511.] t2_sim:[61213. 60733. 60055.]
Task is 99.00% complete.
t1_sim:[62149. 62110. 63876.] t2_sim:[65536. 65303. 65019.]
Training start
t1_obs:[array(64857.), array(65300.), array(69244.)] t2_obs:[array(64162.), array(63972.), array(66937.)]
corr_G1:[None, None, -0.02417117116265335] corr_G2:[None, None, -0.20152386855825313]
Training end
Task is 0.00% complete.
t1_sim:[64621. 64427. 62724.] t2_sim:[60978. 60920. 61480.]
Task is 1.00% complete.
t1_sim:[61076. 60560. 60190.] t2_sim:[60237. 60708. 57216.]
Task is 2.00% complete.
t1_sim:[55771. 56106. 58459.] t2_sim:[62473. 62174. 62915.]
Task is 3.00% complete.
t1_sim:[62754. 62767. 62903.] t2_sim:[66588. 66717. 69853.]
Task is 4.00% complete.
t1_sim:[61370. 62342. 65967.] t2_sim:[63280. 63021. 62410.]
Task is 5.00% complete.
t1_sim:[59452. 59414. 61041.] t2_sim:[61863. 62203. 62713.]
Task is 6.00% complete.
t1_sim:[65402. 65601. 64582.] t2_sim:[62355. 62289. 60007.]
Task is 7.00% complete.
t1_sim:[64262. 64078. 66489.] t2_sim:[60911. 60829. 60957.]
Task is 8.00% complete.
t1_sim:[61657. 61677. 58717.] t2_sim:[59190. 59283. 58963.]
Task is 9.00% complete.
t1_sim:[58409. 57951. 57857.] t2_sim:[57992. 57928. 58017.]
Task is 10.00% complete.
t1_sim:[60270. 59833. 61162.] t2_sim:[63208. 63153. 62244.]
Task is 11.00% complete.
t1_sim:[62832. 62705. 65777.] t2_sim:[58830. 58652. 60820.]
Task is 12.00% complete.
t1_sim:[65055. 64682. 62523.] t2_sim:[66874. 66581. 67418.]
Task is 13.00% complete.
t1_sim:[67934. 67859. 68257.] t2_sim:[64776. 64858. 62952.]
Task is 14.00% complete.
t1_sim:[60972. 61176. 59189.] t2_sim:[63174. 63000. 60930.]
Task is 15.00% complete.
t1_sim:[59914. 59695. 61033.] t2_sim:[59081. 59048. 60127.]
Task is 16.00% complete.
t1_sim:[66197. 66037. 67608.] t2_sim:[62861. 62711. 61703.]
Task is 17.00% complete.
t1_sim:[62139. 62195. 62366.] t2_sim:[60092. 60209. 61306.]
Task is 18.00% complete.
t1_sim:[63970. 63724. 63779.] t2_sim:[64074. 64313. 64079.]
Task is 19.00% complete.
t1_sim:[70879. 70275. 73524.] t2_sim:[68150. 67769. 66483.]
Task is 20.00% complete.
t1_sim:[55942. 56217. 58069.] t2_sim:[66741. 66359. 67128.]
Task is 21.00% complete.
t1_sim:[58377. 58205. 58652.] t2_sim:[67761. 68338. 68588.]
Task is 22.00% complete.
t1_sim:[62785. 62338. 62228.] t2_sim:[67817. 67893. 66560.]
Task is 23.00% complete.
t1_sim:[60623. 60074. 59221.] t2_sim:[61728. 61265. 63553.]
Task is 24.00% complete.
t1_sim:[67495. 67336. 66808.] t2_sim:[64762. 64524. 63767.]
Task is 25.00% complete.
t1_sim:[57305. 57225. 58871.] t2_sim:[69449. 69571. 66641.]
Task is 26.00% complete.
t1_sim:[58835. 59300. 60997.] t2_sim:[65421. 65890. 65456.]
Task is 27.00% complete.
t1_sim:[58250. 58276. 56681.] t2_sim:[67298. 67347. 67673.]
Task is 28.00% complete.
t1_sim:[62259. 61906. 61951.] t2_sim:[59196. 59026. 57899.]
Task is 29.00% complete.
t1_sim:[66273. 66198. 65918.] t2_sim:[63805. 63930. 61462.]
Task is 30.00% complete.
t1_sim:[68021. 67642. 66850.] t2_sim:[56628. 56085. 56335.]
Task is 31.00% complete.
t1_sim:[63905. 64077. 64901.] t2_sim:[64503. 64810. 63867.]
Task is 32.00% complete.
t1_sim:[59160. 59240. 59491.] t2_sim:[64985. 64906. 64765.]
Task is 33.00% complete.
t1_sim:[59444. 59497. 60439.] t2_sim:[58265. 58380. 61106.]
Task is 34.00% complete.
t1_sim:[64096. 63960. 62835.] t2_sim:[61181. 60667. 60285.]
Task is 35.00% complete.
t1_sim:[66829. 67170. 66045.] t2_sim:[62753. 62696. 61885.]
Task is 36.00% complete.
t1_sim:[64279. 64213. 62353.] t2_sim:[58905. 58881. 60852.]
Task is 37.00% complete.
t1_sim:[57192. 56687. 57405.] t2_sim:[61084. 61139. 64129.]
Task is 38.00% complete.
t1_sim:[60512. 60706. 59108.] t2_sim:[64537. 65034. 64450.]
Task is 39.00% complete.
t1_sim:[59764. 59941. 60233.] t2_sim:[55147. 55436. 57562.]
Task is 40.00% complete.
t1_sim:[65360. 65851. 65080.] t2_sim:[58613. 59041. 59859.]
Task is 41.00% complete.
t1_sim:[63382. 63468. 62163.] t2_sim:[64892. 65271. 64850.]
Task is 42.00% complete.
t1_sim:[65393. 65260. 64263.] t2_sim:[64216. 64151. 66039.]
Task is 43.00% complete.
t1_sim:[65827. 65778. 66106.] t2_sim:[62707. 62138. 60243.]
Task is 44.00% complete.
t1_sim:[67398. 67862. 68836.] t2_sim:[57856. 58151. 59641.]
Task is 45.00% complete.
t1_sim:[65342. 65415. 65359.] t2_sim:[66974. 67321. 65679.]
Task is 46.00% complete.
t1_sim:[68430. 68965. 68615.] t2_sim:[65216. 65171. 62986.]
Task is 47.00% complete.
t1_sim:[62997. 62622. 61318.] t2_sim:[62055. 61905. 62116.]
Task is 48.00% complete.
t1_sim:[59325. 59450. 60999.] t2_sim:[61373. 61237. 61552.]
Task is 49.00% complete.
t1_sim:[58583. 59165. 58793.] t2_sim:[62862. 63167. 60852.]
Task is 50.00% complete.
t1_sim:[66841. 67366. 67551.] t2_sim:[63290. 63261. 61395.]
Task is 51.00% complete.
t1_sim:[63073. 63356. 61328.] t2_sim:[63904. 63596. 62703.]
Task is 52.00% complete.
t1_sim:[60819. 61224. 60080.] t2_sim:[60261. 60266. 57800.]
Task is 53.00% complete.
t1_sim:[62478. 62795. 64259.] t2_sim:[64843. 64843. 65932.]
Task is 54.00% complete.
t1_sim:[67340. 67448. 66979.] t2_sim:[66484. 66818. 65932.]
Task is 55.00% complete.
t1_sim:[62556. 62137. 61884.] t2_sim:[65034. 65388. 65278.]
Task is 56.00% complete.
t1_sim:[57275. 57469. 57934.] t2_sim:[60150. 60240. 59212.]
Task is 57.00% complete.
t1_sim:[68233. 68315. 72437.] t2_sim:[59476. 59199. 61542.]
Task is 58.00% complete.
t1_sim:[61408. 61243. 60839.] t2_sim:[58078. 57759. 56821.]
Task is 59.00% complete.
t1_sim:[61735. 61677. 63272.] t2_sim:[62709. 62633. 65199.]
Task is 60.00% complete.
t1_sim:[69679. 69501. 67293.] t2_sim:[63780. 64512. 63021.]
Task is 61.00% complete.
t1_sim:[60984. 60903. 60492.] t2_sim:[62172. 62054. 62067.]
Task is 62.00% complete.
t1_sim:[66717. 66234. 65104.] t2_sim:[59698. 59783. 56745.]
Task is 63.00% complete.
t1_sim:[68054. 68106. 64019.] t2_sim:[58097. 58118. 57636.]
Task is 64.00% complete.
t1_sim:[60206. 59799. 57498.] t2_sim:[68968. 69059. 66609.]
Task is 65.00% complete.
t1_sim:[57910. 58120. 57713.] t2_sim:[58747. 58715. 58810.]
Task is 66.00% complete.
t1_sim:[60092. 60158. 60428.] t2_sim:[62756. 62586. 60736.]
Task is 67.00% complete.
t1_sim:[64021. 64292. 64848.] t2_sim:[60916. 61039. 61231.]
Task is 68.00% complete.
t1_sim:[70313. 69942. 67424.] t2_sim:[63407. 63899. 62390.]
Task is 69.00% complete.
t1_sim:[65881. 66039. 62535.] t2_sim:[62271. 61827. 64610.]
Task is 70.00% complete.
t1_sim:[64189. 63735. 61674.] t2_sim:[64176. 64734. 64663.]
Task is 71.00% complete.
t1_sim:[63448. 63151. 62375.] t2_sim:[59115. 59539. 60469.]
Task is 72.00% complete.
t1_sim:[56814. 56983. 60243.] t2_sim:[58801. 58463. 56727.]
Task is 73.00% complete.
t1_sim:[60981. 61370. 62537.] t2_sim:[66550. 66696. 66293.]
Task is 74.00% complete.
t1_sim:[64864. 64552. 66547.] t2_sim:[62807. 62977. 60894.]
Task is 75.00% complete.
t1_sim:[64819. 64420. 63449.] t2_sim:[61005. 61094. 62589.]
Task is 76.00% complete.
t1_sim:[67817. 67681. 67963.] t2_sim:[59571. 59482. 61161.]
Task is 77.00% complete.
t1_sim:[62798. 62135. 61840.] t2_sim:[60233. 60127. 60419.]
Task is 78.00% complete.
t1_sim:[65787. 65019. 65845.] t2_sim:[58243. 58319. 60458.]
Task is 79.00% complete.
t1_sim:[63273. 62868. 61292.] t2_sim:[55153. 55384. 52884.]
Task is 80.00% complete.
t1_sim:[63087. 63007. 61308.] t2_sim:[60605. 59885. 58911.]
Task is 81.00% complete.
t1_sim:[61656. 61238. 59764.] t2_sim:[54806. 54738. 53020.]
Task is 82.00% complete.
t1_sim:[56518. 56235. 57197.] t2_sim:[64181. 64575. 63289.]
Task is 83.00% complete.
t1_sim:[61330. 62060. 62317.] t2_sim:[65414. 65252. 66545.]
Task is 84.00% complete.
t1_sim:[63092. 63295. 63711.] t2_sim:[57867. 58082. 57895.]
Task is 85.00% complete.
t1_sim:[63737. 63718. 63295.] t2_sim:[66326. 66626. 64681.]
Task is 86.00% complete.
t1_sim:[63528. 63840. 65892.] t2_sim:[64232. 64622. 64850.]
Task is 87.00% complete.
t1_sim:[62764. 62727. 62353.] t2_sim:[58857. 59013. 59410.]
Task is 88.00% complete.
t1_sim:[63373. 63372. 62216.] t2_sim:[60013. 60329. 59815.]
Task is 89.00% complete.
t1_sim:[63861. 63574. 63001.] t2_sim:[61651. 62113. 63180.]
Task is 90.00% complete.
t1_sim:[59888. 60382. 59412.] t2_sim:[64354. 64432. 64858.]
Task is 91.00% complete.
t1_sim:[61424. 61180. 61311.] t2_sim:[57517. 57775. 59581.]
Task is 92.00% complete.
t1_sim:[66865. 66737. 66646.] t2_sim:[66924. 67318. 65834.]
Task is 93.00% complete.
t1_sim:[61286. 61382. 61267.] t2_sim:[64293. 64489. 60780.]
Task is 94.00% complete.
t1_sim:[61228. 61392. 60942.] t2_sim:[56013. 55530. 53070.]
Task is 95.00% complete.
t1_sim:[62636. 62794. 61251.] t2_sim:[62033. 62069. 64169.]
Task is 96.00% complete.
t1_sim:[59625. 60105. 60700.] t2_sim:[63379. 63551. 64266.]
Task is 97.00% complete.
t1_sim:[56480. 56507. 56923.] t2_sim:[63211. 63516. 63554.]
Task is 98.00% complete.
t1_sim:[64244. 63851. 62064.] t2_sim:[62352. 62393. 61920.]
Task is 99.00% complete.
t1_sim:[60076. 59361. 58921.] t2_sim:[67378. 68030. 66515.]
Finished
