/scratch/jz4721/Post-prediction-Causal-Inference/venv/lib/python3.8/site-packages/numpy/core/getlimits.py:518: UserWarning: The value of the smallest subnormal for <class 'numpy.float64'> type is zero.
  setattr(self, word, getattr(machar, word).flat[0])
/scratch/jz4721/Post-prediction-Causal-Inference/venv/lib/python3.8/site-packages/numpy/core/getlimits.py:89: UserWarning: The value of the smallest subnormal for <class 'numpy.float64'> type is zero.
  return self._float_to_str(self.smallest_subnormal)
/scratch/jz4721/Post-prediction-Causal-Inference/venv/lib/python3.8/site-packages/numpy/core/getlimits.py:518: UserWarning: The value of the smallest subnormal for <class 'numpy.float32'> type is zero.
  setattr(self, word, getattr(machar, word).flat[0])
/scratch/jz4721/Post-prediction-Causal-Inference/venv/lib/python3.8/site-packages/numpy/core/getlimits.py:89: UserWarning: The value of the smallest subnormal for <class 'numpy.float32'> type is zero.
  return self._float_to_str(self.smallest_subnormal)
Training start
t1_obs:[array(62816.), array(62619.), array(63028.)] t2_obs:[array(61118.), array(61265.), array(63171.)]
corr_G1:[None, None, -3.8274686854448175e-17] corr_G2:[None, None, -2.1074706433993094e-17]
Training end
Task is 0.00% complete.
t1_sim:[63673. 63958. 65672.] t2_sim:[59634. 59259. 59670.]
Task is 1.00% complete.
t1_sim:[66453. 66542. 68152.] t2_sim:[58051. 58149. 58137.]
Task is 2.00% complete.
t1_sim:[62574. 62448. 62883.] t2_sim:[61677. 61690. 63834.]
Task is 3.00% complete.
t1_sim:[63574. 63953. 61396.] t2_sim:[62461. 62340. 62291.]
Task is 4.00% complete.
t1_sim:[60153. 60113. 61259.] t2_sim:[57618. 57396. 55196.]
Task is 5.00% complete.
t1_sim:[61000. 61123. 62552.] t2_sim:[64984. 64813. 61052.]
Task is 6.00% complete.
t1_sim:[54074. 54116. 58625.] t2_sim:[62972. 63045. 59467.]
Task is 7.00% complete.
t1_sim:[63885. 63734. 60763.] t2_sim:[67731. 67993. 66144.]
Task is 8.00% complete.
t1_sim:[62742. 62871. 60937.] t2_sim:[63361. 63564. 61204.]
Task is 9.00% complete.
t1_sim:[58438. 58411. 64262.] t2_sim:[63445. 63556. 62898.]
Task is 10.00% complete.
t1_sim:[59187. 59252. 59104.] t2_sim:[63345. 62652. 60831.]
Task is 11.00% complete.
t1_sim:[66433. 66295. 65295.] t2_sim:[58273. 57852. 59370.]
Task is 12.00% complete.
t1_sim:[61683. 61648. 60354.] t2_sim:[65721. 65181. 65097.]
Task is 13.00% complete.
t1_sim:[60461. 60355. 61656.] t2_sim:[66184. 66088. 63606.]
Task is 14.00% complete.
t1_sim:[61672. 61082. 56336.] t2_sim:[63037. 62991. 63065.]
Task is 15.00% complete.
t1_sim:[63012. 63334. 62148.] t2_sim:[58908. 58900. 58502.]
Task is 16.00% complete.
t1_sim:[65085. 65244. 66531.] t2_sim:[59929. 59998. 55680.]
Task is 17.00% complete.
t1_sim:[57090. 57290. 57373.] t2_sim:[60433. 59903. 61743.]
Task is 18.00% complete.
t1_sim:[62533. 62429. 62556.] t2_sim:[64299. 63875. 61224.]
Task is 19.00% complete.
t1_sim:[66382. 66197. 64657.] t2_sim:[60784. 60927. 61999.]
Task is 20.00% complete.
t1_sim:[64430. 64674. 66932.] t2_sim:[60956. 61192. 59701.]
Task is 21.00% complete.
t1_sim:[63685. 63656. 64377.] t2_sim:[64364. 64296. 67428.]
Task is 22.00% complete.
t1_sim:[63038. 63548. 64015.] t2_sim:[59995. 59911. 56512.]
Task is 23.00% complete.
t1_sim:[60635. 61023. 56832.] t2_sim:[62054. 62324. 61703.]
Task is 24.00% complete.
t1_sim:[58878. 59070. 58261.] t2_sim:[62923. 63223. 63967.]
Task is 25.00% complete.
t1_sim:[58769. 58438. 58228.] t2_sim:[62290. 62901. 64994.]
Task is 26.00% complete.
t1_sim:[66267. 65737. 65364.] t2_sim:[60562. 61007. 61113.]
Task is 27.00% complete.
t1_sim:[62721. 63037. 64960.] t2_sim:[60444. 60756. 61662.]
Task is 28.00% complete.
t1_sim:[63631. 63896. 64321.] t2_sim:[67352. 67128. 63806.]
Task is 29.00% complete.
t1_sim:[62145. 61978. 62371.] t2_sim:[60599. 60628. 62127.]
Task is 30.00% complete.
t1_sim:[58079. 58035. 60014.] t2_sim:[60791. 60498. 61313.]
Task is 31.00% complete.
t1_sim:[59571. 59512. 63761.] t2_sim:[62211. 61937. 65146.]
Task is 32.00% complete.
t1_sim:[58460. 58409. 63946.] t2_sim:[61660. 62281. 65126.]
Task is 33.00% complete.
t1_sim:[62211. 62269. 60619.] t2_sim:[67585. 67422. 65522.]
Task is 34.00% complete.
t1_sim:[62015. 62286. 65409.] t2_sim:[62947. 63281. 63614.]
Task is 35.00% complete.
t1_sim:[59903. 59912. 61536.] t2_sim:[59392. 59400. 62085.]
Task is 36.00% complete.
t1_sim:[64161. 64517. 63794.] t2_sim:[61357. 61683. 62285.]
Task is 37.00% complete.
t1_sim:[59979. 60773. 62465.] t2_sim:[63324. 63096. 66632.]
Task is 38.00% complete.
t1_sim:[60854. 61204. 59234.] t2_sim:[59604. 59292. 62155.]
Task is 39.00% complete.
t1_sim:[64235. 63927. 62351.] t2_sim:[66319. 66619. 64258.]
Task is 40.00% complete.
t1_sim:[67904. 68039. 60845.] t2_sim:[59243. 58808. 62221.]
Task is 41.00% complete.
t1_sim:[66272. 65911. 63850.] t2_sim:[64068. 64612. 62283.]
Task is 42.00% complete.
t1_sim:[66992. 66796. 63681.] t2_sim:[59073. 59151. 60606.]
Task is 43.00% complete.
t1_sim:[60796. 61067. 58255.] t2_sim:[58304. 58507. 60064.]
Task is 44.00% complete.
t1_sim:[60341. 60547. 62724.] t2_sim:[59166. 59645. 60897.]
Task is 45.00% complete.
t1_sim:[58530. 58057. 55324.] t2_sim:[59690. 59858. 61810.]
Task is 46.00% complete.
t1_sim:[66821. 66689. 66709.] t2_sim:[66569. 66580. 67900.]
Task is 47.00% complete.
t1_sim:[58826. 59325. 59493.] t2_sim:[59781. 60107. 59890.]
Task is 48.00% complete.
t1_sim:[64324. 64298. 66518.] t2_sim:[60792. 60872. 60384.]
Task is 49.00% complete.
t1_sim:[65297. 65218. 67933.] t2_sim:[57473. 56955. 56031.]
Task is 50.00% complete.
t1_sim:[58639. 58583. 61000.] t2_sim:[66595. 66979. 63347.]
Task is 51.00% complete.
t1_sim:[59841. 59506. 63313.] t2_sim:[65268. 64314. 63764.]
Task is 52.00% complete.
t1_sim:[62007. 61922. 63784.] t2_sim:[60979. 61225. 61873.]
Task is 53.00% complete.
t1_sim:[58961. 58631. 59823.] t2_sim:[63431. 63650. 64549.]
Task is 54.00% complete.
t1_sim:[64573. 64407. 68763.] t2_sim:[62439. 62333. 62567.]
Task is 55.00% complete.
t1_sim:[61525. 61484. 60834.] t2_sim:[53686. 53748. 55992.]
Task is 56.00% complete.
t1_sim:[60998. 60949. 60439.] t2_sim:[65003. 64714. 64769.]
Task is 57.00% complete.
t1_sim:[57106. 57034. 59152.] t2_sim:[54295. 54051. 53436.]
Task is 58.00% complete.
t1_sim:[58581. 58323. 59087.] t2_sim:[58411. 57966. 59268.]
Task is 59.00% complete.
t1_sim:[64429. 65083. 65922.] t2_sim:[57737. 57496. 60570.]
Task is 60.00% complete.
t1_sim:[66916. 66459. 61779.] t2_sim:[57840. 57525. 55731.]
Task is 61.00% complete.
t1_sim:[69636. 69352. 69963.] t2_sim:[62290. 62400. 64166.]
Task is 62.00% complete.
t1_sim:[57955. 57176. 58905.] t2_sim:[60932. 61203. 60693.]
Task is 63.00% complete.
t1_sim:[60865. 60820. 62626.] t2_sim:[60701. 60445. 60875.]
Task is 64.00% complete.
t1_sim:[61503. 61636. 65897.] t2_sim:[55375. 55277. 56122.]
Task is 65.00% complete.
t1_sim:[63519. 63367. 64514.] t2_sim:[64253. 64074. 63206.]
Task is 66.00% complete.
t1_sim:[59581. 59737. 61642.] t2_sim:[61402. 61575. 62593.]
Task is 67.00% complete.
t1_sim:[58761. 58806. 60416.] t2_sim:[63338. 63683. 60337.]
Task is 68.00% complete.
t1_sim:[67061. 66751. 66118.] t2_sim:[61821. 61677. 62195.]
Task is 69.00% complete.
t1_sim:[56179. 56802. 59501.] t2_sim:[60188. 59797. 62013.]
Task is 70.00% complete.
t1_sim:[61919. 61480. 58341.] t2_sim:[66720. 67192. 65456.]
Task is 71.00% complete.
t1_sim:[62081. 62028. 60542.] t2_sim:[61365. 61656. 64120.]
Task is 72.00% complete.
t1_sim:[68470. 68374. 63700.] t2_sim:[59530. 59959. 60445.]
Task is 73.00% complete.
t1_sim:[60548. 60893. 60906.] t2_sim:[65081. 64673. 67596.]
Task is 74.00% complete.
t1_sim:[63226. 62423. 67092.] t2_sim:[64338. 64535. 65836.]
Task is 75.00% complete.
t1_sim:[64713. 64950. 61820.] t2_sim:[61394. 61680. 58249.]
Task is 76.00% complete.
t1_sim:[60189. 60951. 62686.] t2_sim:[63887. 63927. 62145.]
Task is 77.00% complete.
t1_sim:[64668. 64670. 64787.] t2_sim:[60476. 59950. 60707.]
Task is 78.00% complete.
t1_sim:[71558. 70885. 68354.] t2_sim:[57702. 57662. 57278.]
Task is 79.00% complete.
t1_sim:[58155. 57941. 59164.] t2_sim:[58598. 59123. 57897.]
Task is 80.00% complete.
t1_sim:[62245. 62086. 65469.] t2_sim:[61037. 61133. 62284.]
Task is 81.00% complete.
t1_sim:[68258. 68483. 63821.] t2_sim:[61649. 61870. 62837.]
Task is 82.00% complete.
t1_sim:[57723. 57431. 55851.] t2_sim:[59633. 58896. 57602.]
Task is 83.00% complete.
t1_sim:[64767. 65063. 64172.] t2_sim:[66141. 66303. 64936.]
Task is 84.00% complete.
t1_sim:[62632. 62724. 61766.] t2_sim:[61792. 61269. 64067.]
Task is 85.00% complete.
t1_sim:[64454. 64895. 66060.] t2_sim:[61062. 61421. 64182.]
Task is 86.00% complete.
t1_sim:[65356. 65104. 63866.] t2_sim:[60433. 60075. 58688.]
Task is 87.00% complete.
t1_sim:[64700. 64570. 59896.] t2_sim:[66581. 66769. 63198.]
Task is 88.00% complete.
t1_sim:[56964. 56696. 57107.] t2_sim:[64400. 65147. 66592.]
Task is 89.00% complete.
t1_sim:[60675. 60542. 61208.] t2_sim:[60878. 61057. 64893.]
Task is 90.00% complete.
t1_sim:[61846. 61601. 61749.] t2_sim:[63676. 63532. 63245.]
Task is 91.00% complete.
t1_sim:[58060. 58417. 59129.] t2_sim:[66907. 67248. 64992.]
Task is 92.00% complete.
t1_sim:[61086. 60864. 61782.] t2_sim:[60469. 60584. 61462.]
Task is 93.00% complete.
t1_sim:[63515. 63221. 61528.] t2_sim:[65771. 65870. 63032.]
Task is 94.00% complete.
t1_sim:[64862. 65098. 61085.] t2_sim:[66977. 66764. 67393.]
Task is 95.00% complete.
t1_sim:[63193. 63506. 65280.] t2_sim:[60371. 60655. 59012.]
Task is 96.00% complete.
t1_sim:[58775. 59057. 58797.] t2_sim:[57854. 58007. 58916.]
Task is 97.00% complete.
t1_sim:[56425. 56064. 58267.] t2_sim:[62410. 62398. 61582.]
Task is 98.00% complete.
t1_sim:[59727. 60051. 60515.] t2_sim:[62885. 62828. 60632.]
Task is 99.00% complete.
t1_sim:[62199. 62085. 57107.] t2_sim:[66640. 66454. 68622.]
Training start
t1_obs:[array(62816.), array(62619.), array(64419.)] t2_obs:[array(61118.), array(61265.), array(62272.)]
corr_G1:[None, None, 0.9869530196324506] corr_G2:[None, None, 0.9965656257504526]
Training end
Task is 0.00% complete.
t1_sim:[67747. 68008. 65345.] t2_sim:[62525. 62198. 62864.]
Task is 1.00% complete.
t1_sim:[63334. 63476. 62690.] t2_sim:[63904. 64234. 65138.]
Task is 2.00% complete.
t1_sim:[63701. 64143. 64479.] t2_sim:[57904. 58165. 59136.]
Task is 3.00% complete.
t1_sim:[59853. 59636. 61433.] t2_sim:[63938. 64003. 65000.]
Task is 4.00% complete.
t1_sim:[60332. 60528. 60701.] t2_sim:[61845. 61724. 60037.]
Task is 5.00% complete.
t1_sim:[62672. 62883. 63093.] t2_sim:[66073. 66345. 64521.]
Task is 6.00% complete.
t1_sim:[61183. 61290. 62207.] t2_sim:[67383. 67240. 66043.]
Task is 7.00% complete.
t1_sim:[64380. 64922. 62251.] t2_sim:[58780. 58686. 58039.]
Task is 8.00% complete.
t1_sim:[61146. 61165. 62526.] t2_sim:[61984. 61746. 61872.]
Task is 9.00% complete.
t1_sim:[60073. 60200. 59855.] t2_sim:[62604. 63015. 63856.]
Task is 10.00% complete.
t1_sim:[67537. 67052. 64582.] t2_sim:[67508. 67260. 67102.]
Task is 11.00% complete.
t1_sim:[60248. 60223. 60433.] t2_sim:[63135. 63578. 64406.]
Task is 12.00% complete.
t1_sim:[59332. 59468. 57967.] t2_sim:[58816. 58855. 60363.]
Task is 13.00% complete.
t1_sim:[56215. 55548. 56596.] t2_sim:[65493. 65466. 64959.]
Task is 14.00% complete.
t1_sim:[61550. 61558. 64936.] t2_sim:[67296. 67528. 68047.]
Task is 15.00% complete.
t1_sim:[60795. 60772. 58170.] t2_sim:[61762. 61879. 63301.]
Task is 16.00% complete.
t1_sim:[60002. 59735. 59183.] t2_sim:[62906. 62774. 63777.]
Task is 17.00% complete.
t1_sim:[61857. 61398. 62197.] t2_sim:[63026. 63499. 64594.]
Task is 18.00% complete.
t1_sim:[62284. 62393. 62866.] t2_sim:[58167. 58249. 58099.]
Task is 19.00% complete.
t1_sim:[65065. 65103. 63996.] t2_sim:[65227. 65798. 64814.]
Task is 20.00% complete.
t1_sim:[62937. 62529. 60874.] t2_sim:[66800. 65812. 66880.]
Task is 21.00% complete.
t1_sim:[60366. 60402. 59849.] t2_sim:[62068. 62216. 60571.]
Task is 22.00% complete.
t1_sim:[67789. 67399. 69697.] t2_sim:[62571. 62250. 61617.]
Task is 23.00% complete.
t1_sim:[68155. 68193. 70064.] t2_sim:[66702. 67305. 69972.]
Task is 24.00% complete.
t1_sim:[64552. 64658. 65617.] t2_sim:[69331. 69040. 67109.]
Task is 25.00% complete.
t1_sim:[62634. 62454. 63023.] t2_sim:[65236. 65451. 65647.]
Task is 26.00% complete.
t1_sim:[68592. 68616. 67285.] t2_sim:[66696. 66920. 67210.]
Task is 27.00% complete.
t1_sim:[60374. 60031. 62036.] t2_sim:[61905. 61803. 63667.]
Task is 28.00% complete.
t1_sim:[64502. 64502. 64872.] t2_sim:[64336. 64060. 64637.]
Task is 29.00% complete.
t1_sim:[64967. 64985. 65040.] t2_sim:[64977. 65081. 62861.]
Task is 30.00% complete.
t1_sim:[60106. 59987. 61619.] t2_sim:[66139. 66369. 68178.]
Task is 31.00% complete.
t1_sim:[61540. 60593. 57029.] t2_sim:[66116. 66065. 65997.]
Task is 32.00% complete.
t1_sim:[63258. 63025. 62470.] t2_sim:[61980. 61994. 60858.]
Task is 33.00% complete.
t1_sim:[60520. 61077. 60232.] t2_sim:[65827. 65757. 67406.]
Task is 34.00% complete.
t1_sim:[61801. 61514. 61059.] t2_sim:[62197. 61979. 63094.]
Task is 35.00% complete.
t1_sim:[63295. 62846. 63158.] t2_sim:[65562. 65978. 67128.]
Task is 36.00% complete.
t1_sim:[65090. 64705. 66966.] t2_sim:[59621. 59668. 58949.]
Task is 37.00% complete.
t1_sim:[62803. 62798. 61529.] t2_sim:[59273. 59361. 57948.]
Task is 38.00% complete.
t1_sim:[68186. 68299. 66459.] t2_sim:[59465. 58933. 59074.]
Task is 39.00% complete.
t1_sim:[62189. 62234. 63237.] t2_sim:[63219. 63306. 61932.]
Task is 40.00% complete.
t1_sim:[59477. 59452. 60177.] t2_sim:[58558. 58696. 60847.]
Task is 41.00% complete.
t1_sim:[60719. 60771. 62378.] t2_sim:[65725. 65784. 65544.]
Task is 42.00% complete.
t1_sim:[64805. 64557. 65507.] t2_sim:[63374. 63441. 62202.]
Task is 43.00% complete.
t1_sim:[66093. 65506. 65502.] t2_sim:[57633. 57827. 57858.]
Task is 44.00% complete.
t1_sim:[59792. 59995. 61533.] t2_sim:[63561. 63278. 63971.]
Task is 45.00% complete.
t1_sim:[62130. 61451. 62872.] t2_sim:[62869. 63118. 63547.]
Task is 46.00% complete.
t1_sim:[62935. 62966. 63281.] t2_sim:[56200. 56241. 56274.]
Task is 47.00% complete.
t1_sim:[62861. 62728. 64047.] t2_sim:[60240. 60218. 61421.]
Task is 48.00% complete.
t1_sim:[67602. 67825. 70040.] t2_sim:[66813. 66631. 67531.]
Task is 49.00% complete.
t1_sim:[64178. 64193. 63744.] t2_sim:[55233. 55000. 57226.]
Task is 50.00% complete.
t1_sim:[68650. 68427. 68892.] t2_sim:[66277. 65731. 64462.]
Task is 51.00% complete.
t1_sim:[61170. 60706. 61633.] t2_sim:[62310. 62455. 63532.]
Task is 52.00% complete.
t1_sim:[63360. 62963. 62987.] t2_sim:[66545. 66397. 67382.]
Task is 53.00% complete.
t1_sim:[67324. 67517. 66344.] t2_sim:[63192. 62972. 62895.]
Task is 54.00% complete.
t1_sim:[61209. 61357. 62581.] t2_sim:[65010. 65044. 62572.]
Task is 55.00% complete.
t1_sim:[61105. 61378. 61590.] t2_sim:[66973. 67245. 66761.]
Task is 56.00% complete.
t1_sim:[59150. 58911. 58967.] t2_sim:[62563. 62580. 63037.]
Task is 57.00% complete.
t1_sim:[61664. 61648. 62155.] t2_sim:[64930. 65321. 65748.]
Task is 58.00% complete.
t1_sim:[61393. 61220. 61050.] t2_sim:[57498. 57503. 56897.]
Task is 59.00% complete.
t1_sim:[70148. 69939. 69147.] t2_sim:[64323. 63493. 64129.]
Task is 60.00% complete.
t1_sim:[64873. 64661. 62736.] t2_sim:[63385. 63344. 65492.]
Task is 61.00% complete.
t1_sim:[62630. 62676. 61667.] t2_sim:[73431. 73341. 70506.]
Task is 62.00% complete.
t1_sim:[60403. 59799. 58575.] t2_sim:[58009. 58378. 58677.]
Task is 63.00% complete.
t1_sim:[60162. 60769. 58529.] t2_sim:[57033. 57308. 59000.]
Task is 64.00% complete.
t1_sim:[67290. 67335. 65736.] t2_sim:[68144. 68163. 70270.]
Task is 65.00% complete.
t1_sim:[64232. 64444. 63882.] t2_sim:[64699. 64904. 63769.]
Task is 66.00% complete.
t1_sim:[59664. 59189. 60163.] t2_sim:[64700. 64606. 64217.]
Task is 67.00% complete.
t1_sim:[65927. 65815. 62926.] t2_sim:[58539. 57986. 56578.]
Task is 68.00% complete.
t1_sim:[59983. 60128. 61969.] t2_sim:[61578. 61453. 61820.]
Task is 69.00% complete.
t1_sim:[61632. 61422. 59115.] t2_sim:[61271. 61988. 64923.]
Task is 70.00% complete.
t1_sim:[65640. 65408. 62181.] t2_sim:[64462. 64391. 63871.]
Task is 71.00% complete.
t1_sim:[59187. 59112. 56482.] t2_sim:[60827. 61136. 60391.]
Task is 72.00% complete.
t1_sim:[60096. 59956. 59835.] t2_sim:[65579. 65536. 66335.]
Task is 73.00% complete.
t1_sim:[61509. 62053. 61288.] t2_sim:[66407. 67038. 69160.]
Task is 74.00% complete.
t1_sim:[63676. 63706. 63648.] t2_sim:[57795. 57674. 56942.]
Task is 75.00% complete.
t1_sim:[57118. 56967. 55677.] t2_sim:[63618. 64063. 62654.]
Task is 76.00% complete.
t1_sim:[59150. 58962. 59443.] t2_sim:[65467. 65581. 63936.]
Task is 77.00% complete.
t1_sim:[59093. 58590. 57889.] t2_sim:[58926. 58988. 58621.]
Task is 78.00% complete.
t1_sim:[65447. 65320. 65782.] t2_sim:[63148. 63201. 62131.]
Task is 79.00% complete.
t1_sim:[69403. 68904. 65701.] t2_sim:[66894. 67071. 66209.]
Task is 80.00% complete.
t1_sim:[65895. 66043. 66387.] t2_sim:[67641. 67869. 69284.]
Task is 81.00% complete.
t1_sim:[63587. 63445. 66900.] t2_sim:[61863. 61336. 61037.]
Task is 82.00% complete.
t1_sim:[61385. 62043. 62620.] t2_sim:[62625. 62386. 61177.]
Task is 83.00% complete.
t1_sim:[61676. 61184. 62873.] t2_sim:[65382. 64718. 64493.]
Task is 84.00% complete.
t1_sim:[66253. 66283. 66295.] t2_sim:[64789. 64238. 63099.]
Task is 85.00% complete.
t1_sim:[60504. 61070. 62854.] t2_sim:[64833. 65119. 65233.]
Task is 86.00% complete.
t1_sim:[62401. 61979. 64505.] t2_sim:[59266. 59544. 59775.]
Task is 87.00% complete.
t1_sim:[55324. 55587. 55618.] t2_sim:[64498. 64089. 61510.]
Task is 88.00% complete.
t1_sim:[59980. 59918. 60137.] t2_sim:[55472. 55539. 56071.]
Task is 89.00% complete.
t1_sim:[63253. 63960. 63208.] t2_sim:[69638. 69463. 67484.]
Task is 90.00% complete.
t1_sim:[63363. 63657. 64457.] t2_sim:[61892. 61673. 62301.]
Task is 91.00% complete.
t1_sim:[55777. 56094. 57631.] t2_sim:[60918. 60758. 60047.]
Task is 92.00% complete.
t1_sim:[61360. 61151. 60719.] t2_sim:[61979. 61985. 61723.]
Task is 93.00% complete.
t1_sim:[64521. 64669. 65278.] t2_sim:[61258. 61107. 59887.]
Task is 94.00% complete.
t1_sim:[62455. 62495. 62071.] t2_sim:[59904. 59914. 60941.]
Task is 95.00% complete.
t1_sim:[67494. 67206. 68117.] t2_sim:[65176. 65209. 63545.]
Task is 96.00% complete.
t1_sim:[62482. 62677. 61065.] t2_sim:[62703. 62652. 64269.]
Task is 97.00% complete.
t1_sim:[65486. 65618. 65697.] t2_sim:[64692. 65247. 65802.]
Task is 98.00% complete.
t1_sim:[65979. 65653. 65983.] t2_sim:[61613. 61452. 61260.]
Task is 99.00% complete.
t1_sim:[60516. 60984. 62200.] t2_sim:[66087. 66002. 67123.]
Training start
t1_obs:[array(62816.), array(62619.), array(64492.)] t2_obs:[array(61118.), array(61265.), array(62706.)]
corr_G1:[None, None, 0.058149533740679604] corr_G2:[None, None, 0.0490951118318567]
Training end
Task is 0.00% complete.
t1_sim:[61294. 61236. 60556.] t2_sim:[65011. 64943. 65245.]
Task is 1.00% complete.
t1_sim:[62397. 62072. 62486.] t2_sim:[66302. 65931. 65530.]
Task is 2.00% complete.
t1_sim:[65541. 65309. 61156.] t2_sim:[61335. 60687. 59442.]
Task is 3.00% complete.
t1_sim:[60146. 59992. 61519.] t2_sim:[60564. 60606. 62511.]
Task is 4.00% complete.
t1_sim:[61646. 61359. 59937.] t2_sim:[62557. 62532. 59239.]
Task is 5.00% complete.
t1_sim:[62986. 62564. 62606.] t2_sim:[62460. 62559. 64849.]
Task is 6.00% complete.
t1_sim:[66758. 67215. 65038.] t2_sim:[58817. 58586. 58926.]
Task is 7.00% complete.
t1_sim:[57380. 57320. 56835.] t2_sim:[58478. 58538. 59712.]
Task is 8.00% complete.
t1_sim:[61785. 61473. 62795.] t2_sim:[71202. 71070. 71110.]
Task is 9.00% complete.
t1_sim:[60083. 59777. 59607.] t2_sim:[65732. 65657. 66188.]
Task is 10.00% complete.
t1_sim:[61724. 61952. 65944.] t2_sim:[63259. 63005. 62583.]
Task is 11.00% complete.
t1_sim:[68362. 68243. 68251.] t2_sim:[66269. 65985. 66134.]
Task is 12.00% complete.
t1_sim:[61517. 61259. 61439.] t2_sim:[57331. 57108. 57617.]
Task is 13.00% complete.
t1_sim:[60442. 60525. 60689.] t2_sim:[65150. 64454. 63922.]
Task is 14.00% complete.
t1_sim:[59095. 58620. 59272.] t2_sim:[57388. 57606. 58426.]
Task is 15.00% complete.
t1_sim:[60978. 61186. 59631.] t2_sim:[65880. 65612. 65940.]
Task is 16.00% complete.
t1_sim:[67704. 67707. 66439.] t2_sim:[60575. 60855. 62654.]
Task is 17.00% complete.
t1_sim:[67284. 67272. 65988.] t2_sim:[67565. 67669. 67205.]
Task is 18.00% complete.
t1_sim:[62230. 62031. 62476.] t2_sim:[62230. 62784. 64780.]
Task is 19.00% complete.
t1_sim:[56702. 57230. 58333.] t2_sim:[61258. 61556. 61403.]
Task is 20.00% complete.
t1_sim:[63766. 63869. 60696.] t2_sim:[57580. 57941. 60400.]
Task is 21.00% complete.
t1_sim:[61626. 61136. 61094.] t2_sim:[63368. 63400. 64436.]
Task is 22.00% complete.
t1_sim:[63962. 63857. 63461.] t2_sim:[66914. 66637. 66806.]
Task is 23.00% complete.
t1_sim:[64830. 64777. 62531.] t2_sim:[64543. 64766. 64807.]
Task is 24.00% complete.
t1_sim:[64009. 64135. 63159.] t2_sim:[64024. 64002. 62243.]
Task is 25.00% complete.
t1_sim:[64753. 65030. 64936.] t2_sim:[64581. 64252. 63515.]
Task is 26.00% complete.
t1_sim:[63969. 63681. 60548.] t2_sim:[61907. 62181. 63668.]
Task is 27.00% complete.
t1_sim:[66573. 66563. 66104.] t2_sim:[63322. 62888. 63410.]
Task is 28.00% complete.
t1_sim:[61549. 61957. 61523.] t2_sim:[63744. 63974. 64583.]
Task is 29.00% complete.
t1_sim:[63543. 63818. 63105.] t2_sim:[60413. 60705. 60066.]
Task is 30.00% complete.
t1_sim:[55440. 55637. 55547.] t2_sim:[59497. 59804. 59661.]
Task is 31.00% complete.
t1_sim:[56981. 56444. 57512.] t2_sim:[57227. 57270. 60034.]
Task is 32.00% complete.
t1_sim:[58457. 58178. 61477.] t2_sim:[59087. 59277. 59799.]
Task is 33.00% complete.
t1_sim:[65957. 65954. 63105.] t2_sim:[66011. 66045. 64361.]
Task is 34.00% complete.
t1_sim:[65039. 65392. 65751.] t2_sim:[63850. 64279. 62080.]
Task is 35.00% complete.
t1_sim:[64156. 64238. 64799.] t2_sim:[59119. 59301. 58617.]
Task is 36.00% complete.
t1_sim:[69192. 69633. 68868.] t2_sim:[61350. 61951. 62296.]
Task is 37.00% complete.
t1_sim:[62575. 62668. 59917.] t2_sim:[58540. 58433. 58195.]
Task is 38.00% complete.
t1_sim:[65699. 65726. 63531.] t2_sim:[58418. 58026. 60913.]
Task is 39.00% complete.
t1_sim:[65923. 65740. 66142.] t2_sim:[63571. 63163. 66312.]
Task is 40.00% complete.
t1_sim:[65109. 65050. 66700.] t2_sim:[63477. 63003. 62968.]
Task is 41.00% complete.
t1_sim:[65232. 65658. 67032.] t2_sim:[61555. 61440. 61502.]
Task is 42.00% complete.
t1_sim:[65552. 65824. 63987.] t2_sim:[63551. 63705. 65782.]
Task is 43.00% complete.
t1_sim:[63152. 63267. 66591.] t2_sim:[58575. 59026. 60331.]
Task is 44.00% complete.
t1_sim:[60766. 60719. 59644.] t2_sim:[62872. 62909. 61782.]
Task is 45.00% complete.
t1_sim:[60050. 60274. 58653.] t2_sim:[61080. 60848. 61742.]
Task is 46.00% complete.
t1_sim:[63268. 62897. 61811.] t2_sim:[61742. 61218. 61954.]
Task is 47.00% complete.
t1_sim:[55764. 56006. 55042.] t2_sim:[61341. 60837. 62294.]
Task is 48.00% complete.
t1_sim:[60183. 60117. 58219.] t2_sim:[60023. 59698. 58072.]
Task is 49.00% complete.
t1_sim:[66382. 66535. 64819.] t2_sim:[61114. 60668. 61229.]
Task is 50.00% complete.
t1_sim:[64690. 64372. 64185.] t2_sim:[63099. 63025. 62701.]
Task is 51.00% complete.
t1_sim:[68867. 68943. 66830.] t2_sim:[63121. 63189. 61599.]
Task is 52.00% complete.
t1_sim:[62178. 62591. 61711.] t2_sim:[63268. 63281. 64661.]
Task is 53.00% complete.
t1_sim:[61693. 61599. 61202.] t2_sim:[62847. 62808. 60996.]
Task is 54.00% complete.
t1_sim:[63252. 62927. 59371.] t2_sim:[58629. 58520. 57383.]
Task is 55.00% complete.
t1_sim:[65266. 65024. 65068.] t2_sim:[62316. 62179. 62803.]
Task is 56.00% complete.
t1_sim:[62337. 62461. 60951.] t2_sim:[56372. 56531. 57603.]
Task is 57.00% complete.
t1_sim:[60643. 60956. 58969.] t2_sim:[65185. 64826. 66081.]
Task is 58.00% complete.
t1_sim:[60284. 59879. 60808.] t2_sim:[65636. 65433. 68491.]
Task is 59.00% complete.
t1_sim:[64990. 65259. 62432.] t2_sim:[57603. 57484. 58619.]
Task is 60.00% complete.
t1_sim:[66839. 66550. 64745.] t2_sim:[59640. 60138. 60201.]
Task is 61.00% complete.
t1_sim:[58664. 58905. 56314.] t2_sim:[71297. 71038. 69767.]
Task is 62.00% complete.
t1_sim:[62477. 62617. 63276.] t2_sim:[66219. 66244. 66916.]
Task is 63.00% complete.
t1_sim:[64053. 63966. 63438.] t2_sim:[62953. 62637. 63384.]
Task is 64.00% complete.
t1_sim:[60399. 60577. 62195.] t2_sim:[68873. 68714. 69540.]
Task is 65.00% complete.
t1_sim:[57230. 57093. 57136.] t2_sim:[62386. 62452. 62552.]
Task is 66.00% complete.
t1_sim:[63297. 63581. 65976.] t2_sim:[61236. 61328. 61148.]
Task is 67.00% complete.
t1_sim:[61303. 61343. 59165.] t2_sim:[62542. 62745. 62949.]
Task is 68.00% complete.
t1_sim:[59641. 59516. 61264.] t2_sim:[59890. 59826. 60167.]
Task is 69.00% complete.
t1_sim:[63641. 63553. 63545.] t2_sim:[66768. 66663. 69015.]
Task is 70.00% complete.
t1_sim:[64331. 64195. 62124.] t2_sim:[65744. 65871. 66843.]
Task is 71.00% complete.
t1_sim:[66497. 66700. 65672.] t2_sim:[61699. 62047. 65232.]
Task is 72.00% complete.
t1_sim:[61798. 61426. 62927.] t2_sim:[54905. 55178. 58759.]
Task is 73.00% complete.
t1_sim:[62022. 62051. 59847.] t2_sim:[68701. 68548. 68222.]
Task is 74.00% complete.
t1_sim:[62808. 62289. 64111.] t2_sim:[60078. 59842. 61632.]
Task is 75.00% complete.
t1_sim:[64102. 63842. 61036.] t2_sim:[67321. 67470. 67638.]
Task is 76.00% complete.
t1_sim:[65001. 65416. 66331.] t2_sim:[68311. 68472. 68289.]
Task is 77.00% complete.
t1_sim:[62391. 62075. 61335.] t2_sim:[66243. 66535. 64231.]
Task is 78.00% complete.
t1_sim:[61719. 61911. 62217.] t2_sim:[65061. 65053. 64222.]
Task is 79.00% complete.
t1_sim:[61322. 60850. 59888.] t2_sim:[59621. 58920. 60447.]
Task is 80.00% complete.
t1_sim:[62144. 61967. 63908.] t2_sim:[64489. 64785. 63595.]
Task is 81.00% complete.
t1_sim:[57150. 57039. 60529.] t2_sim:[65798. 65476. 66654.]
Task is 82.00% complete.
t1_sim:[57852. 58310. 56898.] t2_sim:[70380. 70028. 71670.]
Task is 83.00% complete.
t1_sim:[57962. 58516. 58699.] t2_sim:[60436. 60651. 62041.]
Task is 84.00% complete.
t1_sim:[67627. 68217. 69754.] t2_sim:[61801. 61387. 60543.]
Task is 85.00% complete.
t1_sim:[61462. 61807. 60293.] t2_sim:[60392. 60172. 61662.]
Task is 86.00% complete.
t1_sim:[63028. 62874. 64014.] t2_sim:[64993. 65028. 66804.]
Task is 87.00% complete.
t1_sim:[64239. 64581. 61473.] t2_sim:[62543. 62797. 64394.]
Task is 88.00% complete.
t1_sim:[60233. 59944. 59724.] t2_sim:[63249. 63852. 65785.]
Task is 89.00% complete.
t1_sim:[66568. 66159. 66221.] t2_sim:[56819. 56839. 58728.]
Task is 90.00% complete.
t1_sim:[62241. 62051. 61840.] t2_sim:[60762. 60618. 62439.]
Task is 91.00% complete.
t1_sim:[66946. 66951. 66734.] t2_sim:[55907. 55844. 59529.]
Task is 92.00% complete.
t1_sim:[66311. 66005. 65017.] t2_sim:[61947. 62265. 63657.]
Task is 93.00% complete.
t1_sim:[63313. 63519. 63121.] t2_sim:[59416. 59353. 57998.]
Task is 94.00% complete.
t1_sim:[60457. 59881. 60337.] t2_sim:[62160. 62191. 63070.]
Task is 95.00% complete.
t1_sim:[67760. 67814. 67584.] t2_sim:[66782. 66771. 69441.]
Task is 96.00% complete.
t1_sim:[58026. 58268. 59155.] t2_sim:[64119. 63931. 66123.]
Task is 97.00% complete.
t1_sim:[60985. 60987. 64048.] t2_sim:[61130. 61103. 60099.]
Task is 98.00% complete.
t1_sim:[67072. 67489. 66763.] t2_sim:[65840. 65710. 65790.]
Task is 99.00% complete.
t1_sim:[57661. 57799. 58783.] t2_sim:[64639. 64568. 67594.]
Finished
