/scratch/jz4721/Post-prediction-Causal-Inference/venv/lib/python3.8/site-packages/numpy/core/getlimits.py:518: UserWarning: The value of the smallest subnormal for <class 'numpy.float64'> type is zero.
  setattr(self, word, getattr(machar, word).flat[0])
/scratch/jz4721/Post-prediction-Causal-Inference/venv/lib/python3.8/site-packages/numpy/core/getlimits.py:89: UserWarning: The value of the smallest subnormal for <class 'numpy.float64'> type is zero.
  return self._float_to_str(self.smallest_subnormal)
/scratch/jz4721/Post-prediction-Causal-Inference/venv/lib/python3.8/site-packages/numpy/core/getlimits.py:518: UserWarning: The value of the smallest subnormal for <class 'numpy.float32'> type is zero.
  setattr(self, word, getattr(machar, word).flat[0])
/scratch/jz4721/Post-prediction-Causal-Inference/venv/lib/python3.8/site-packages/numpy/core/getlimits.py:89: UserWarning: The value of the smallest subnormal for <class 'numpy.float32'> type is zero.
  return self._float_to_str(self.smallest_subnormal)
Training start
t1_obs:[array(62409.), array(62546.), array(58724.)] t2_obs:[array(64222.), array(64255.), array(64776.)]
corr_G1:[None, None, 0] corr_G2:[None, None, -1.409402564516873e-17]
Training end
Task is 0.00% complete.
t1_sim:[68370. 68705. 67904.] t2_sim:[66521. 66584. 65869.]
Task is 1.00% complete.
t1_sim:[63610. 63861. 63404.] t2_sim:[64063. 63834. 64276.]
Task is 2.00% complete.
t1_sim:[66940. 67034. 64690.] t2_sim:[56745. 56930. 54565.]
Task is 3.00% complete.
t1_sim:[61793. 61804. 61835.] t2_sim:[64847. 65026. 66424.]
Task is 4.00% complete.
t1_sim:[58789. 59235. 60792.] t2_sim:[63290. 63268. 66065.]
Task is 5.00% complete.
t1_sim:[63180. 62983. 61174.] t2_sim:[66324. 66845. 68896.]
Task is 6.00% complete.
t1_sim:[59982. 60345. 62351.] t2_sim:[64325. 64388. 60286.]
Task is 7.00% complete.
t1_sim:[63526. 62624. 61487.] t2_sim:[56947. 56951. 57142.]
Task is 8.00% complete.
t1_sim:[62652. 62521. 60571.] t2_sim:[60531. 60322. 65800.]
Task is 9.00% complete.
t1_sim:[57676. 57642. 58686.] t2_sim:[60433. 60708. 60515.]
Task is 10.00% complete.
t1_sim:[63373. 63793. 65051.] t2_sim:[58459. 58207. 60322.]
Task is 11.00% complete.
t1_sim:[62492. 62119. 64269.] t2_sim:[66080. 66317. 66834.]
Task is 12.00% complete.
t1_sim:[65478. 65053. 62611.] t2_sim:[69851. 69228. 67608.]
Task is 13.00% complete.
t1_sim:[60070. 59873. 62076.] t2_sim:[66533. 66747. 66925.]
Task is 14.00% complete.
t1_sim:[59818. 59628. 57278.] t2_sim:[60635. 60340. 60048.]
Task is 15.00% complete.
t1_sim:[61414. 61816. 59267.] t2_sim:[57455. 57419. 58776.]
Task is 16.00% complete.
t1_sim:[57927. 58327. 58214.] t2_sim:[66623. 66693. 65718.]
Task is 17.00% complete.
t1_sim:[62159. 61819. 65220.] t2_sim:[65246. 65541. 66507.]
Task is 18.00% complete.
t1_sim:[59097. 59368. 60047.] t2_sim:[64519. 64743. 66548.]
Task is 19.00% complete.
t1_sim:[66023. 66229. 66447.] t2_sim:[58376. 58491. 63580.]
Task is 20.00% complete.
t1_sim:[66736. 67327. 66564.] t2_sim:[60994. 60987. 65058.]
Task is 21.00% complete.
t1_sim:[65032. 65418. 60610.] t2_sim:[61326. 61144. 58904.]
Task is 22.00% complete.
t1_sim:[60335. 59990. 59236.] t2_sim:[64728. 64546. 62450.]
Task is 23.00% complete.
t1_sim:[64446. 64344. 66557.] t2_sim:[59343. 59399. 63321.]
Task is 24.00% complete.
t1_sim:[61473. 61616. 65117.] t2_sim:[60943. 61023. 61457.]
Task is 25.00% complete.
t1_sim:[66774. 67149. 67088.] t2_sim:[61553. 61754. 61373.]
Task is 26.00% complete.
t1_sim:[64749. 64954. 65879.] t2_sim:[65375. 65437. 65438.]
Task is 27.00% complete.
t1_sim:[59113. 58721. 59612.] t2_sim:[62350. 62116. 64197.]
Task is 28.00% complete.
t1_sim:[59469. 59728. 59412.] t2_sim:[64977. 64166. 60849.]
Task is 29.00% complete.
t1_sim:[67049. 66684. 65674.] t2_sim:[59368. 59021. 59758.]
Task is 30.00% complete.
t1_sim:[59968. 59888. 63138.] t2_sim:[59387. 59898. 63040.]
Task is 31.00% complete.
t1_sim:[63757. 63808. 59857.] t2_sim:[58580. 58565. 60332.]
Task is 32.00% complete.
t1_sim:[59892. 60142. 60626.] t2_sim:[69137. 68975. 68582.]
Task is 33.00% complete.
t1_sim:[59474. 59209. 59076.] t2_sim:[64764. 64709. 63875.]
Task is 34.00% complete.
t1_sim:[61236. 62010. 59682.] t2_sim:[58559. 58518. 57154.]
Task is 35.00% complete.
t1_sim:[60831. 61177. 63163.] t2_sim:[60788. 60724. 62290.]
Task is 36.00% complete.
t1_sim:[57946. 57733. 56914.] t2_sim:[64005. 63937. 66009.]
Task is 37.00% complete.
t1_sim:[61476. 61071. 57366.] t2_sim:[59581. 59308. 55527.]
Task is 38.00% complete.
t1_sim:[63197. 63119. 58024.] t2_sim:[58280. 58475. 60836.]
Task is 39.00% complete.
t1_sim:[64209. 64487. 63894.] t2_sim:[60317. 60552. 61153.]
Task is 40.00% complete.
t1_sim:[67698. 67829. 67770.] t2_sim:[63011. 63275. 62217.]
Task is 41.00% complete.
t1_sim:[64395. 64347. 59777.] t2_sim:[62129. 62184. 60964.]
Task is 42.00% complete.
t1_sim:[62717. 62455. 61332.] t2_sim:[63110. 63422. 57880.]
Task is 43.00% complete.
t1_sim:[64320. 64281. 64056.] t2_sim:[64630. 64412. 64492.]
Task is 44.00% complete.
t1_sim:[62267. 62037. 63186.] t2_sim:[58378. 58235. 61118.]
Task is 45.00% complete.
t1_sim:[56101. 56427. 57533.] t2_sim:[62316. 62056. 64391.]
Task is 46.00% complete.
t1_sim:[60694. 60484. 59889.] t2_sim:[63810. 64171. 66963.]
Task is 47.00% complete.
t1_sim:[62816. 62985. 68001.] t2_sim:[64255. 64407. 63205.]
Task is 48.00% complete.
t1_sim:[61188. 61452. 59179.] t2_sim:[63789. 63397. 60752.]
Task is 49.00% complete.
t1_sim:[63219. 63383. 65288.] t2_sim:[63138. 63099. 62944.]
Task is 50.00% complete.
t1_sim:[65216. 64851. 65529.] t2_sim:[64777. 64742. 65893.]
Task is 51.00% complete.
t1_sim:[66593. 67450. 65336.] t2_sim:[67463. 67622. 67942.]
Task is 52.00% complete.
t1_sim:[60656. 60553. 64722.] t2_sim:[59305. 59909. 63031.]
Task is 53.00% complete.
t1_sim:[65261. 65299. 65985.] t2_sim:[61060. 60997. 62541.]
Task is 54.00% complete.
t1_sim:[58518. 59023. 57088.] t2_sim:[61182. 61636. 60475.]
Task is 55.00% complete.
t1_sim:[67804. 68080. 65477.] t2_sim:[65684. 65724. 67857.]
Task is 56.00% complete.
t1_sim:[64319. 64650. 60984.] t2_sim:[65298. 65840. 66515.]
Task is 57.00% complete.
t1_sim:[60638. 60906. 59043.] t2_sim:[66484. 66409. 67167.]
Task is 58.00% complete.
t1_sim:[63194. 62734. 61752.] t2_sim:[62738. 62660. 65293.]
Task is 59.00% complete.
t1_sim:[61933. 61769. 64327.] t2_sim:[58648. 58787. 59251.]
Task is 60.00% complete.
t1_sim:[61194. 60604. 60934.] t2_sim:[60950. 61002. 60367.]
Task is 61.00% complete.
t1_sim:[60935. 61001. 66298.] t2_sim:[61952. 61890. 61804.]
Task is 62.00% complete.
t1_sim:[61595. 61820. 64799.] t2_sim:[64803. 64378. 66113.]
Task is 63.00% complete.
t1_sim:[60057. 60197. 58796.] t2_sim:[61776. 61908. 62422.]
Task is 64.00% complete.
t1_sim:[57789. 57968. 57484.] t2_sim:[62573. 62738. 62246.]
Task is 65.00% complete.
t1_sim:[58192. 57872. 57620.] t2_sim:[65936. 65735. 63670.]
Task is 66.00% complete.
t1_sim:[62803. 62029. 62997.] t2_sim:[61866. 62088. 59466.]
Task is 67.00% complete.
t1_sim:[67025. 66549. 67732.] t2_sim:[60390. 59779. 58156.]
Task is 68.00% complete.
t1_sim:[63523. 62957. 61830.] t2_sim:[61563. 61391. 61820.]
Task is 69.00% complete.
t1_sim:[62436. 62309. 63759.] t2_sim:[59789. 59607. 60181.]
Task is 70.00% complete.
t1_sim:[55349. 55279. 58888.] t2_sim:[65463. 64921. 61996.]
Task is 71.00% complete.
t1_sim:[63292. 62882. 61584.] t2_sim:[60022. 59737. 56538.]
Task is 72.00% complete.
t1_sim:[58201. 58658. 56594.] t2_sim:[61077. 61141. 58385.]
Task is 73.00% complete.
t1_sim:[63944. 64269. 62021.] t2_sim:[59918. 59916. 63214.]
Task is 74.00% complete.
t1_sim:[69541. 69210. 68438.] t2_sim:[61734. 62148. 61374.]
Task is 75.00% complete.
t1_sim:[57965. 58440. 59525.] t2_sim:[60730. 60725. 59819.]
Task is 76.00% complete.
t1_sim:[59209. 58742. 58922.] t2_sim:[57628. 58277. 57057.]
Task is 77.00% complete.
t1_sim:[60426. 60424. 58149.] t2_sim:[61380. 61578. 59957.]
Task is 78.00% complete.
t1_sim:[64495. 64668. 61157.] t2_sim:[61936. 62041. 65726.]
Task is 79.00% complete.
t1_sim:[64122. 64798. 66167.] t2_sim:[60697. 60829. 58606.]
Task is 80.00% complete.
t1_sim:[59390. 59254. 60246.] t2_sim:[54504. 54585. 57626.]
Task is 81.00% complete.
t1_sim:[66559. 66609. 65225.] t2_sim:[60371. 60381. 62330.]
Task is 82.00% complete.
t1_sim:[59435. 58924. 61730.] t2_sim:[61228. 61338. 62831.]
Task is 83.00% complete.
t1_sim:[59194. 59429. 58377.] t2_sim:[62203. 62675. 63216.]
Task is 84.00% complete.
t1_sim:[62205. 62532. 60830.] t2_sim:[59250. 59011. 57245.]
Task is 85.00% complete.
t1_sim:[62497. 62372. 64311.] t2_sim:[65911. 66117. 62387.]
Task is 86.00% complete.
t1_sim:[60253. 60012. 62437.] t2_sim:[62136. 62287. 66190.]
Task is 87.00% complete.
t1_sim:[63367. 63571. 62948.] t2_sim:[70389. 70177. 69371.]
Task is 88.00% complete.
t1_sim:[63194. 62802. 59977.] t2_sim:[58267. 58383. 56256.]
Task is 89.00% complete.
t1_sim:[65898. 65804. 61467.] t2_sim:[62463. 62441. 60114.]
Task is 90.00% complete.
t1_sim:[68064. 67926. 66441.] t2_sim:[67029. 67302. 64889.]
Task is 91.00% complete.
t1_sim:[60951. 60912. 63856.] t2_sim:[63630. 63567. 63672.]
Task is 92.00% complete.
t1_sim:[61373. 61199. 63414.] t2_sim:[58651. 58821. 58199.]
Task is 93.00% complete.
t1_sim:[56639. 56060. 57660.] t2_sim:[62300. 61963. 61854.]
Task is 94.00% complete.
t1_sim:[67671. 67395. 70025.] t2_sim:[69847. 69358. 69193.]
Task is 95.00% complete.
t1_sim:[64784. 64758. 65465.] t2_sim:[60948. 60716. 59277.]
Task is 96.00% complete.
t1_sim:[60998. 60607. 64630.] t2_sim:[63214. 63076. 64519.]
Task is 97.00% complete.
t1_sim:[57752. 57745. 56229.] t2_sim:[57996. 57814. 58503.]
Task is 98.00% complete.
t1_sim:[65960. 65701. 61521.] t2_sim:[58043. 58056. 58628.]
Task is 99.00% complete.
t1_sim:[62412. 62366. 60154.] t2_sim:[63870. 64068. 60851.]
Training start
t1_obs:[array(62409.), array(62546.), array(61452.)] t2_obs:[array(64222.), array(64255.), array(65886.)]
corr_G1:[None, None, 0.9893521957315383] corr_G2:[None, None, 0.9842481187422826]
Training end
Task is 0.00% complete.
t1_sim:[57991. 58546. 58040.] t2_sim:[66154. 66069. 67089.]
Task is 1.00% complete.
t1_sim:[65533. 65394. 68689.] t2_sim:[64240. 64277. 63088.]
Task is 2.00% complete.
t1_sim:[66065. 66320. 66841.] t2_sim:[65662. 65784. 66683.]
Task is 3.00% complete.
t1_sim:[58333. 58037. 55201.] t2_sim:[61529. 61543. 64193.]
Task is 4.00% complete.
t1_sim:[59986. 59982. 60495.] t2_sim:[61906. 61956. 62329.]
Task is 5.00% complete.
t1_sim:[61188. 61102. 61382.] t2_sim:[61529. 61474. 62454.]
Task is 6.00% complete.
t1_sim:[65835. 65598. 65764.] t2_sim:[68135. 67998. 65690.]
Task is 7.00% complete.
t1_sim:[59625. 59624. 58685.] t2_sim:[67981. 67682. 66447.]
Task is 8.00% complete.
t1_sim:[62191. 62604. 62437.] t2_sim:[58701. 58821. 57935.]
Task is 9.00% complete.
t1_sim:[69322. 69417. 70902.] t2_sim:[62633. 62362. 58712.]
Task is 10.00% complete.
t1_sim:[64191. 64871. 65916.] t2_sim:[57921. 57711. 57106.]
Task is 11.00% complete.
t1_sim:[61121. 60771. 61484.] t2_sim:[59463. 59713. 58397.]
Task is 12.00% complete.
t1_sim:[60303. 60555. 63003.] t2_sim:[64719. 64582. 64851.]
Task is 13.00% complete.
t1_sim:[67565. 67307. 63513.] t2_sim:[59623. 59478. 63653.]
Task is 14.00% complete.
t1_sim:[58766. 58878. 59596.] t2_sim:[61130. 61021. 62307.]
Task is 15.00% complete.
t1_sim:[64924. 64948. 64395.] t2_sim:[62322. 62476. 61256.]
Task is 16.00% complete.
t1_sim:[63892. 63968. 63524.] t2_sim:[65728. 65032. 66596.]
Task is 17.00% complete.
t1_sim:[62149. 62031. 65422.] t2_sim:[63204. 63228. 60380.]
Task is 18.00% complete.
t1_sim:[64876. 64975. 64167.] t2_sim:[60670. 60708. 60713.]
Task is 19.00% complete.
t1_sim:[61801. 62111. 61888.] t2_sim:[70767. 71073. 70082.]
Task is 20.00% complete.
t1_sim:[58223. 57933. 58520.] t2_sim:[62683. 62666. 62284.]
Task is 21.00% complete.
t1_sim:[63756. 63124. 63993.] t2_sim:[57734. 57933. 54386.]
Task is 22.00% complete.
t1_sim:[61164. 60801. 61736.] t2_sim:[60682. 60492. 60973.]
Task is 23.00% complete.
t1_sim:[58835. 58805. 58616.] t2_sim:[54226. 53618. 54811.]
Task is 24.00% complete.
t1_sim:[60396. 60641. 60505.] t2_sim:[58602. 58132. 62468.]
Task is 25.00% complete.
t1_sim:[64605. 64694. 65481.] t2_sim:[64135. 64312. 66881.]
Task is 26.00% complete.
t1_sim:[61682. 61021. 62941.] t2_sim:[62532. 63025. 61411.]
Task is 27.00% complete.
t1_sim:[57767. 57952. 58686.] t2_sim:[59610. 59306. 58824.]
Task is 28.00% complete.
t1_sim:[63041. 63257. 62871.] t2_sim:[58354. 58357. 56178.]
Task is 29.00% complete.
t1_sim:[58761. 58986. 56903.] t2_sim:[62207. 62286. 62093.]
Task is 30.00% complete.
t1_sim:[62407. 62324. 58312.] t2_sim:[65123. 65329. 67185.]
Task is 31.00% complete.
t1_sim:[59004. 59053. 60745.] t2_sim:[67406. 67853. 66841.]
Task is 32.00% complete.
t1_sim:[63359. 63261. 64615.] t2_sim:[67667. 67450. 67536.]
Task is 33.00% complete.
t1_sim:[62747. 62580. 63620.] t2_sim:[60124. 59279. 56764.]
Task is 34.00% complete.
t1_sim:[63114. 62807. 62700.] t2_sim:[58018. 57942. 57102.]
Task is 35.00% complete.
t1_sim:[57710. 58157. 57639.] t2_sim:[59103. 59467. 59781.]
Task is 36.00% complete.
t1_sim:[68313. 68284. 68003.] t2_sim:[62273. 62413. 64742.]
Task is 37.00% complete.
t1_sim:[60399. 60431. 61491.] t2_sim:[63926. 63788. 65195.]
Task is 38.00% complete.
t1_sim:[61271. 61063. 60375.] t2_sim:[66954. 66777. 64629.]
Task is 39.00% complete.
t1_sim:[66513. 66618. 67674.] t2_sim:[66915. 66542. 65347.]
Task is 40.00% complete.
t1_sim:[59257. 59043. 59646.] t2_sim:[59185. 59040. 57475.]
Task is 41.00% complete.
t1_sim:[65633. 65571. 64147.] t2_sim:[56558. 56473. 55397.]
Task is 42.00% complete.
t1_sim:[61274. 60648. 59644.] t2_sim:[63899. 63948. 62968.]
Task is 43.00% complete.
t1_sim:[65961. 65904. 62957.] t2_sim:[56931. 56970. 57297.]
Task is 44.00% complete.
t1_sim:[65428. 65469. 65980.] t2_sim:[64141. 64122. 62711.]
Task is 45.00% complete.
t1_sim:[63552. 63676. 64490.] t2_sim:[61344. 61367. 62651.]
Task is 46.00% complete.
t1_sim:[68647. 68595. 66472.] t2_sim:[58452. 58375. 58062.]
Task is 47.00% complete.
t1_sim:[62986. 63079. 63007.] t2_sim:[59250. 59612. 58998.]
Task is 48.00% complete.
t1_sim:[65482. 66073. 64140.] t2_sim:[63074. 63253. 62117.]
Task is 49.00% complete.
t1_sim:[65639. 66191. 65883.] t2_sim:[58488. 58752. 57254.]
Task is 50.00% complete.
t1_sim:[61437. 60938. 57019.] t2_sim:[65954. 65899. 66016.]
Task is 51.00% complete.
t1_sim:[61777. 62250. 65142.] t2_sim:[66243. 66378. 66040.]
Task is 52.00% complete.
t1_sim:[64975. 64551. 62903.] t2_sim:[64060. 64318. 66353.]
Task is 53.00% complete.
t1_sim:[63374. 63773. 63440.] t2_sim:[64963. 64593. 66096.]
Task is 54.00% complete.
t1_sim:[62960. 62842. 61747.] t2_sim:[65660. 65512. 66080.]
Task is 55.00% complete.
t1_sim:[59765. 59721. 62040.] t2_sim:[67227. 67244. 67696.]
Task is 56.00% complete.
t1_sim:[65012. 65124. 64732.] t2_sim:[65532. 65511. 63392.]
Task is 57.00% complete.
t1_sim:[62739. 62331. 59573.] t2_sim:[64006. 64032. 64173.]
Task is 58.00% complete.
t1_sim:[68724. 68952. 66830.] t2_sim:[65783. 65405. 63131.]
Task is 59.00% complete.
t1_sim:[62880. 62987. 62785.] t2_sim:[61901. 61104. 61631.]
Task is 60.00% complete.
t1_sim:[66191. 66338. 64394.] t2_sim:[64432. 63791. 60870.]
Task is 61.00% complete.
t1_sim:[66596. 66977. 66548.] t2_sim:[60932. 60681. 61509.]
Task is 62.00% complete.
t1_sim:[68320. 67596. 66245.] t2_sim:[59390. 59808. 58744.]
Task is 63.00% complete.
t1_sim:[62081. 62254. 60863.] t2_sim:[61445. 61131. 60350.]
Task is 64.00% complete.
t1_sim:[63473. 63505. 62894.] t2_sim:[61790. 61856. 62110.]
Task is 65.00% complete.
t1_sim:[62995. 62973. 61847.] t2_sim:[59588. 59680. 59639.]
Task is 66.00% complete.
t1_sim:[63195. 63180. 64555.] t2_sim:[60304. 60148. 59073.]
Task is 67.00% complete.
t1_sim:[61940. 62129. 62809.] t2_sim:[63692. 63022. 66771.]
Task is 68.00% complete.
t1_sim:[63554. 63520. 61697.] t2_sim:[62077. 62538. 62906.]
Task is 69.00% complete.
t1_sim:[64299. 64178. 64751.] t2_sim:[66963. 67126. 66222.]
Task is 70.00% complete.
t1_sim:[65037. 65161. 68334.] t2_sim:[65761. 66049. 64201.]
Task is 71.00% complete.
t1_sim:[62647. 62480. 62475.] t2_sim:[64829. 65057. 65420.]
Task is 72.00% complete.
t1_sim:[59571. 59208. 59331.] t2_sim:[60172. 60495. 61582.]
Task is 73.00% complete.
t1_sim:[65646. 66086. 66944.] t2_sim:[65384. 65254. 64295.]
Task is 74.00% complete.
t1_sim:[63030. 62637. 62553.] t2_sim:[65840. 65885. 62797.]
Task is 75.00% complete.
t1_sim:[59886. 60307. 59906.] t2_sim:[62750. 62912. 61042.]
Task is 76.00% complete.
t1_sim:[62496. 62322. 65539.] t2_sim:[61931. 62570. 62117.]
Task is 77.00% complete.
t1_sim:[58124. 58255. 57655.] t2_sim:[63696. 63734. 64979.]
Task is 78.00% complete.
t1_sim:[63095. 62789. 62933.] t2_sim:[59736. 59232. 59783.]
Task is 79.00% complete.
t1_sim:[62572. 62126. 65448.] t2_sim:[60938. 61899. 60391.]
Task is 80.00% complete.
t1_sim:[63875. 63652. 65002.] t2_sim:[68848. 68735. 69194.]
Task is 81.00% complete.
t1_sim:[63106. 63745. 62593.] t2_sim:[63190. 62961. 62293.]
Task is 82.00% complete.
t1_sim:[65918. 65965. 64979.] t2_sim:[61863. 61718. 61477.]
Task is 83.00% complete.
t1_sim:[65927. 66447. 66162.] t2_sim:[61800. 61990. 61804.]
Task is 84.00% complete.
t1_sim:[60938. 61329. 60623.] t2_sim:[63286. 63842. 63119.]
Task is 85.00% complete.
t1_sim:[54835. 55111. 56476.] t2_sim:[62867. 63277. 62683.]
Task is 86.00% complete.
t1_sim:[67874. 67985. 65530.] t2_sim:[59806. 59922. 61125.]
Task is 87.00% complete.
t1_sim:[63891. 64474. 64211.] t2_sim:[61207. 61165. 59909.]
Task is 88.00% complete.
t1_sim:[60292. 60401. 60661.] t2_sim:[62082. 62024. 60295.]
Task is 89.00% complete.
t1_sim:[65002. 64840. 64398.] t2_sim:[64284. 64136. 63298.]
Task is 90.00% complete.
t1_sim:[56462. 56431. 57901.] t2_sim:[57263. 57380. 57952.]
Task is 91.00% complete.
t1_sim:[60864. 60692. 60357.] t2_sim:[68411. 68044. 68280.]
Task is 92.00% complete.
t1_sim:[64284. 64509. 66616.] t2_sim:[61218. 61535. 62251.]
Task is 93.00% complete.
t1_sim:[61539. 62001. 60772.] t2_sim:[60596. 59941. 62270.]
Task is 94.00% complete.
t1_sim:[62726. 62447. 61460.] t2_sim:[64717. 64441. 65071.]
Task is 95.00% complete.
t1_sim:[68553. 68404. 70437.] t2_sim:[59423. 59353. 58534.]
Task is 96.00% complete.
t1_sim:[60591. 60490. 60026.] t2_sim:[65082. 64837. 65330.]
Task is 97.00% complete.
t1_sim:[63521. 62958. 63130.] t2_sim:[59425. 59771. 57815.]
Task is 98.00% complete.
t1_sim:[65098. 64691. 67092.] t2_sim:[55584. 55567. 57087.]
Task is 99.00% complete.
t1_sim:[68258. 68698. 70104.] t2_sim:[64957. 64792. 65920.]
Training start
t1_obs:[array(62409.), array(62546.), array(60757.)] t2_obs:[array(64222.), array(64255.), array(65680.)]
corr_G1:[None, None, -0.04777868253913767] corr_G2:[None, None, -0.2329863480774043]
Training end
Task is 0.00% complete.
t1_sim:[61534. 61963. 64438.] t2_sim:[61409. 61448. 60031.]
Task is 1.00% complete.
t1_sim:[62875. 62464. 63086.] t2_sim:[65686. 65443. 67828.]
Task is 2.00% complete.
t1_sim:[55954. 56271. 59054.] t2_sim:[62122. 62041. 60868.]
Task is 3.00% complete.
t1_sim:[61607. 61580. 63108.] t2_sim:[66667. 66703. 65780.]
Task is 4.00% complete.
t1_sim:[60643. 60466. 63524.] t2_sim:[60674. 60236. 61010.]
Task is 5.00% complete.
t1_sim:[61693. 61586. 60640.] t2_sim:[68053. 67637. 66961.]
Task is 6.00% complete.
t1_sim:[58577. 58135. 58932.] t2_sim:[69713. 69716. 67629.]
Task is 7.00% complete.
t1_sim:[60625. 60821. 62063.] t2_sim:[60337. 60724. 61233.]
Task is 8.00% complete.
t1_sim:[64017. 63319. 63551.] t2_sim:[61722. 61520. 62842.]
Task is 9.00% complete.
t1_sim:[63468. 63709. 63481.] t2_sim:[62279. 61583. 64154.]
Task is 10.00% complete.
t1_sim:[60443. 60450. 59848.] t2_sim:[55481. 55307. 55464.]
Task is 11.00% complete.
t1_sim:[63038. 63394. 62819.] t2_sim:[59199. 59310. 59514.]
Task is 12.00% complete.
t1_sim:[66251. 66638. 71131.] t2_sim:[62520. 62132. 63656.]
Task is 13.00% complete.
t1_sim:[63957. 64175. 64521.] t2_sim:[58901. 58717. 59091.]
Task is 14.00% complete.
t1_sim:[64326. 64282. 64266.] t2_sim:[64510. 63812. 65088.]
Task is 15.00% complete.
t1_sim:[62529. 62960. 62522.] t2_sim:[62029. 61744. 62290.]
Task is 16.00% complete.
t1_sim:[61900. 61450. 60054.] t2_sim:[63110. 63451. 63369.]
Task is 17.00% complete.
t1_sim:[61810. 61997. 63691.] t2_sim:[63137. 63559. 63082.]
Task is 18.00% complete.
t1_sim:[65982. 65733. 67253.] t2_sim:[64790. 65316. 64031.]
Task is 19.00% complete.
t1_sim:[63131. 63516. 63674.] t2_sim:[67426. 67310. 64611.]
Task is 20.00% complete.
t1_sim:[64123. 64098. 63941.] t2_sim:[60785. 60663. 60837.]
Task is 21.00% complete.
t1_sim:[65028. 64637. 62309.] t2_sim:[64035. 63931. 63896.]
Task is 22.00% complete.
t1_sim:[62518. 62551. 61776.] t2_sim:[62120. 62508. 64592.]
Task is 23.00% complete.
t1_sim:[62535. 62467. 62572.] t2_sim:[64634. 64444. 65722.]
Task is 24.00% complete.
t1_sim:[66548. 66903. 67471.] t2_sim:[57396. 57504. 58622.]
Task is 25.00% complete.
t1_sim:[65232. 65399. 63667.] t2_sim:[65678. 65615. 66584.]
Task is 26.00% complete.
t1_sim:[61327. 61197. 62504.] t2_sim:[62215. 62517. 65148.]
Task is 27.00% complete.
t1_sim:[64229. 64122. 63645.] t2_sim:[57542. 57726. 57426.]
Task is 28.00% complete.
t1_sim:[69836. 69825. 68540.] t2_sim:[58927. 58681. 59271.]
Task is 29.00% complete.
t1_sim:[64745. 64769. 63627.] t2_sim:[63882. 63853. 63787.]
Task is 30.00% complete.
t1_sim:[60437. 60375. 59837.] t2_sim:[59867. 60485. 60651.]
Task is 31.00% complete.
t1_sim:[61520. 61919. 61069.] t2_sim:[62134. 62478. 61805.]
Task is 32.00% complete.
t1_sim:[62994. 63013. 62312.] t2_sim:[58549. 58400. 56316.]
Task is 33.00% complete.
t1_sim:[63634. 63693. 62407.] t2_sim:[59655. 59978. 59522.]
Task is 34.00% complete.
t1_sim:[63099. 62811. 62402.] t2_sim:[66487. 66162. 65880.]
Task is 35.00% complete.
t1_sim:[67045. 66998. 67372.] t2_sim:[59798. 59257. 58153.]
Task is 36.00% complete.
t1_sim:[63194. 63160. 63959.] t2_sim:[61688. 62347. 59923.]
Task is 37.00% complete.
t1_sim:[66469. 66538. 63481.] t2_sim:[64027. 64393. 63798.]
Task is 38.00% complete.
t1_sim:[65273. 65836. 62449.] t2_sim:[62333. 62454. 64267.]
Task is 39.00% complete.
t1_sim:[66606. 66520. 64247.] t2_sim:[61625. 61853. 62244.]
Task is 40.00% complete.
t1_sim:[71237. 71151. 70230.] t2_sim:[62828. 62919. 63268.]
Task is 41.00% complete.
t1_sim:[64687. 64849. 63408.] t2_sim:[64435. 64649. 63980.]
Task is 42.00% complete.
t1_sim:[58841. 58744. 57912.] t2_sim:[56365. 56165. 53948.]
Task is 43.00% complete.
t1_sim:[66429. 66626. 66828.] t2_sim:[64881. 64969. 64146.]
Task is 44.00% complete.
t1_sim:[63497. 63458. 60834.] t2_sim:[63637. 63211. 63327.]
Task is 45.00% complete.
t1_sim:[66878. 67009. 69155.] t2_sim:[66537. 66610. 66653.]
Task is 46.00% complete.
t1_sim:[55243. 55322. 59160.] t2_sim:[63858. 64179. 64757.]
Task is 47.00% complete.
t1_sim:[58921. 58857. 58859.] t2_sim:[66322. 66164. 65254.]
Task is 48.00% complete.
t1_sim:[60481. 60677. 60839.] t2_sim:[67097. 66464. 66418.]
Task is 49.00% complete.
t1_sim:[67684. 68330. 67947.] t2_sim:[62063. 62341. 63413.]
Task is 50.00% complete.
t1_sim:[60303. 60671. 60647.] t2_sim:[60852. 60289. 61201.]
Task is 51.00% complete.
t1_sim:[69503. 69537. 71102.] t2_sim:[63714. 63861. 63804.]
Task is 52.00% complete.
t1_sim:[61685. 61347. 60471.] t2_sim:[66036. 65672. 65318.]
Task is 53.00% complete.
t1_sim:[58596. 58310. 59732.] t2_sim:[62310. 61879. 61618.]
Task is 54.00% complete.
t1_sim:[56351. 56196. 55885.] t2_sim:[61437. 61570. 60117.]
Task is 55.00% complete.
t1_sim:[64237. 64312. 63854.] t2_sim:[62443. 62018. 62021.]
Task is 56.00% complete.
t1_sim:[61841. 61901. 60642.] t2_sim:[68354. 68199. 69324.]
Task is 57.00% complete.
t1_sim:[64645. 64202. 62001.] t2_sim:[64835. 64531. 64385.]
Task is 58.00% complete.
t1_sim:[63664. 63813. 63739.] t2_sim:[60829. 61100. 61577.]
Task is 59.00% complete.
t1_sim:[62308. 62385. 63496.] t2_sim:[67256. 67248. 67714.]
Task is 60.00% complete.
t1_sim:[65217. 65186. 63538.] t2_sim:[60093. 60286. 58842.]
Task is 61.00% complete.
t1_sim:[64586. 65257. 64834.] t2_sim:[69026. 68440. 66956.]
Task is 62.00% complete.
t1_sim:[60258. 60861. 60756.] t2_sim:[66180. 66274. 64356.]
Task is 63.00% complete.
t1_sim:[61487. 61490. 62012.] t2_sim:[59069. 59100. 59638.]
Task is 64.00% complete.
t1_sim:[68092. 68163. 65063.] t2_sim:[58680. 58785. 59226.]
Task is 65.00% complete.
t1_sim:[62921. 62909. 62435.] t2_sim:[64482. 64451. 66127.]
Task is 66.00% complete.
t1_sim:[59300. 59349. 59376.] t2_sim:[53604. 53606. 54309.]
Task is 67.00% complete.
t1_sim:[64754. 65165. 64360.] t2_sim:[62970. 62795. 64114.]
Task is 68.00% complete.
t1_sim:[66553. 66529. 69114.] t2_sim:[58317. 58160. 60547.]
Task is 69.00% complete.
t1_sim:[59016. 59260. 59137.] t2_sim:[63475. 63269. 64350.]
Task is 70.00% complete.
t1_sim:[62435. 62086. 59567.] t2_sim:[60150. 60966. 60804.]
Task is 71.00% complete.
t1_sim:[62069. 62629. 63512.] t2_sim:[61995. 62110. 62310.]
Task is 72.00% complete.
t1_sim:[61150. 61677. 60791.] t2_sim:[64946. 65320. 63289.]
Task is 73.00% complete.
t1_sim:[62018. 62369. 66233.] t2_sim:[64000. 64142. 65051.]
Task is 74.00% complete.
t1_sim:[71042. 71151. 70354.] t2_sim:[61955. 62348. 59154.]
Task is 75.00% complete.
t1_sim:[64702. 65092. 67030.] t2_sim:[63341. 63290. 60486.]
Task is 76.00% complete.
t1_sim:[60848. 60701. 60852.] t2_sim:[64044. 63153. 61843.]
Task is 77.00% complete.
t1_sim:[62840. 63255. 62815.] t2_sim:[60315. 59920. 59763.]
Task is 78.00% complete.
t1_sim:[63543. 63499. 65681.] t2_sim:[68376. 67882. 67445.]
Task is 79.00% complete.
t1_sim:[66391. 66012. 62922.] t2_sim:[58176. 57922. 57192.]
Task is 80.00% complete.
t1_sim:[63959. 63977. 64445.] t2_sim:[62453. 61594. 62130.]
Task is 81.00% complete.
t1_sim:[61592. 61239. 62070.] t2_sim:[63535. 63559. 62870.]
Task is 82.00% complete.
t1_sim:[61907. 62314. 62163.] t2_sim:[62177. 62054. 64007.]
Task is 83.00% complete.
t1_sim:[65171. 65212. 64561.] t2_sim:[59992. 59610. 60828.]
Task is 84.00% complete.
t1_sim:[59634. 59498. 61575.] t2_sim:[63641. 63275. 62676.]
Task is 85.00% complete.
t1_sim:[62579. 62211. 61015.] t2_sim:[66825. 66518. 67774.]
Task is 86.00% complete.
t1_sim:[65953. 66149. 65741.] t2_sim:[65053. 64901. 67108.]
Task is 87.00% complete.
t1_sim:[68244. 67871. 68392.] t2_sim:[64479. 64468. 64231.]
Task is 88.00% complete.
t1_sim:[61981. 62162. 62429.] t2_sim:[66010. 66041. 65399.]
Task is 89.00% complete.
t1_sim:[59656. 60042. 61578.] t2_sim:[61622. 61759. 60846.]
Task is 90.00% complete.
t1_sim:[60138. 59890. 60958.] t2_sim:[57160. 57660. 59187.]
Task is 91.00% complete.
t1_sim:[60785. 60872. 62793.] t2_sim:[58967. 59450. 61277.]
Task is 92.00% complete.
t1_sim:[60495. 60136. 62551.] t2_sim:[61315. 61657. 64740.]
Task is 93.00% complete.
t1_sim:[62832. 63307. 62178.] t2_sim:[62388. 62565. 62915.]
Task is 94.00% complete.
t1_sim:[60372. 60341. 63410.] t2_sim:[63090. 63277. 61965.]
Task is 95.00% complete.
t1_sim:[64012. 64076. 64891.] t2_sim:[55417. 55691. 55013.]
Task is 96.00% complete.
t1_sim:[58393. 58690. 59383.] t2_sim:[56909. 56676. 57830.]
Task is 97.00% complete.
t1_sim:[66005. 66192. 66782.] t2_sim:[59967. 59609. 60246.]
Task is 98.00% complete.
t1_sim:[59206. 59426. 59606.] t2_sim:[65149. 64782. 62512.]
Task is 99.00% complete.
t1_sim:[58055. 58080. 58729.] t2_sim:[58130. 58385. 57877.]
Finished
