Iteration:  0
/scratch/jz4721/Post-prediction-Causal-Inference/venv/lib/python3.8/site-packages/numpy/core/getlimits.py:518: UserWarning: The value of the smallest subnormal for <class 'numpy.float64'> type is zero.
  setattr(self, word, getattr(machar, word).flat[0])
/scratch/jz4721/Post-prediction-Causal-Inference/venv/lib/python3.8/site-packages/numpy/core/getlimits.py:89: UserWarning: The value of the smallest subnormal for <class 'numpy.float64'> type is zero.
  return self._float_to_str(self.smallest_subnormal)
/scratch/jz4721/Post-prediction-Causal-Inference/venv/lib/python3.8/site-packages/numpy/core/getlimits.py:518: UserWarning: The value of the smallest subnormal for <class 'numpy.float32'> type is zero.
  setattr(self, word, getattr(machar, word).flat[0])
/scratch/jz4721/Post-prediction-Causal-Inference/venv/lib/python3.8/site-packages/numpy/core/getlimits.py:89: UserWarning: The value of the smallest subnormal for <class 'numpy.float32'> type is zero.
  return self._float_to_str(self.smallest_subnormal)
Training start
t1_obs:[array(64577.), array(64479.), array(63160.)] t2_obs:[array(63707.), array(63692.), array(63050.)]
corr_G1:[None, None, 0.009468398737794944] corr_G2:[None, None, -0.16354064722329312]
Training end
Task is 0.00% complete.
t1_sim:[58665. 58664. 58226.] t2_sim:[61567. 61260. 60956.]
Task is 1.00% complete.
t1_sim:[60005. 59608. 60262.] t2_sim:[64486. 64219. 66334.]
Task is 2.00% complete.
t1_sim:[62744. 62740. 62847.] t2_sim:[65864. 65342. 65602.]
Task is 3.00% complete.
t1_sim:[65712. 65922. 64114.] t2_sim:[59707. 59412. 57164.]
Task is 4.00% complete.
t1_sim:[66187. 66387. 65197.] t2_sim:[68468. 68501. 67973.]
Task is 5.00% complete.
t1_sim:[61447. 61510. 61666.] t2_sim:[57229. 57283. 56097.]
Task is 6.00% complete.
t1_sim:[61143. 60988. 62974.] t2_sim:[66529. 66839. 68259.]
Task is 7.00% complete.
t1_sim:[61980. 62248. 61728.] t2_sim:[62698. 62931. 60053.]
Task is 8.00% complete.
t1_sim:[65291. 65229. 64093.] t2_sim:[59342. 59515. 61373.]
Task is 9.00% complete.
t1_sim:[61426. 61657. 63968.] t2_sim:[65468. 65846. 64305.]
Task is 10.00% complete.
t1_sim:[63934. 64199. 63416.] t2_sim:[65626. 65640. 66271.]
Task is 11.00% complete.
t1_sim:[63808. 64020. 66771.] t2_sim:[69368. 69185. 67046.]
Task is 12.00% complete.
t1_sim:[64463. 64259. 63707.] t2_sim:[61270. 61664. 64339.]
Task is 13.00% complete.
t1_sim:[64164. 64163. 64049.] t2_sim:[62285. 62377. 60467.]
Task is 14.00% complete.
t1_sim:[58185. 58104. 56379.] t2_sim:[59659. 59600. 58828.]
Task is 15.00% complete.
t1_sim:[61288. 61346. 61693.] t2_sim:[62213. 62379. 64479.]
Task is 16.00% complete.
t1_sim:[65063. 64969. 66386.] t2_sim:[61177. 61130. 60011.]
Task is 17.00% complete.
t1_sim:[62409. 62211. 65303.] t2_sim:[62557. 62078. 61857.]
Task is 18.00% complete.
t1_sim:[62885. 62649. 62451.] t2_sim:[59885. 59580. 61585.]
Task is 19.00% complete.
t1_sim:[69667. 69703. 66171.] t2_sim:[62584. 62719. 61996.]
Task is 20.00% complete.
t1_sim:[63998. 64057. 63221.] t2_sim:[61315. 61427. 61172.]
Task is 21.00% complete.
t1_sim:[61910. 62216. 63994.] t2_sim:[57024. 56939. 57586.]
Task is 22.00% complete.
t1_sim:[67189. 67070. 68622.] t2_sim:[66669. 66521. 64626.]
Task is 23.00% complete.
t1_sim:[62365. 62190. 62091.] t2_sim:[63011. 62610. 64014.]
Task is 24.00% complete.
t1_sim:[57477. 57417. 57510.] t2_sim:[69095. 69447. 69495.]
Task is 25.00% complete.
t1_sim:[63210. 63459. 64019.] t2_sim:[65554. 65467. 67507.]
Task is 26.00% complete.
t1_sim:[64332. 64093. 63465.] t2_sim:[62122. 62212. 61762.]
Task is 27.00% complete.
t1_sim:[63155. 63173. 63013.] t2_sim:[61447. 60825. 60096.]
Task is 28.00% complete.
t1_sim:[61443. 61629. 63212.] t2_sim:[62225. 62037. 61205.]
Task is 29.00% complete.
t1_sim:[64829. 64494. 64144.] t2_sim:[60420. 60292. 57932.]
Task is 30.00% complete.
t1_sim:[61261. 60853. 61244.] t2_sim:[61981. 62092. 62264.]
Task is 31.00% complete.
t1_sim:[59820. 59799. 60690.] t2_sim:[63620. 63398. 63141.]
Task is 32.00% complete.
t1_sim:[61137. 61524. 60817.] t2_sim:[57609. 58109. 59958.]
Task is 33.00% complete.
t1_sim:[61337. 61490. 61393.] t2_sim:[67452. 67666. 66425.]
Task is 34.00% complete.
t1_sim:[69432. 69802. 71271.] t2_sim:[62530. 62787. 64763.]
Task is 35.00% complete.
t1_sim:[67547. 67441. 65269.] t2_sim:[61294. 61427. 60599.]
Task is 36.00% complete.
t1_sim:[64050. 64010. 61770.] t2_sim:[65329. 65366. 67622.]
Task is 37.00% complete.
t1_sim:[59381. 58872. 59363.] t2_sim:[65450. 65464. 66188.]
Task is 38.00% complete.
t1_sim:[65091. 65303. 62149.] t2_sim:[58412. 58285. 60069.]
Task is 39.00% complete.
t1_sim:[69720. 69874. 70765.] t2_sim:[62378. 62224. 61974.]
Task is 40.00% complete.
t1_sim:[64736. 64937. 66887.] t2_sim:[62904. 63094. 61489.]
Task is 41.00% complete.
t1_sim:[67455. 67660. 64960.] t2_sim:[66114. 66343. 67768.]
Task is 42.00% complete.
t1_sim:[62931. 62924. 62068.] t2_sim:[61858. 61879. 60454.]
Task is 43.00% complete.
t1_sim:[62278. 62358. 60401.] t2_sim:[64986. 64506. 63685.]
Task is 44.00% complete.
t1_sim:[59875. 59817. 60598.] t2_sim:[59079. 58851. 57291.]
Task is 45.00% complete.
t1_sim:[66730. 66106. 64851.] t2_sim:[61590. 61381. 60488.]
Task is 46.00% complete.
t1_sim:[63119. 62943. 64992.] t2_sim:[62648. 62958. 62858.]
Task is 47.00% complete.
t1_sim:[57730. 57513. 58563.] t2_sim:[62025. 62476. 60541.]
Task is 48.00% complete.
t1_sim:[59981. 59821. 59824.] t2_sim:[63476. 63375. 64114.]
Task is 49.00% complete.
t1_sim:[57702. 57543. 56149.] t2_sim:[64531. 64405. 62991.]
Task is 50.00% complete.
t1_sim:[58699. 58946. 57967.] t2_sim:[64317. 64915. 64519.]
Task is 51.00% complete.
t1_sim:[67010. 67004. 67746.] t2_sim:[63872. 63517. 60514.]
Task is 52.00% complete.
t1_sim:[64726. 64331. 62710.] t2_sim:[66200. 65600. 66295.]
Task is 53.00% complete.
t1_sim:[62124. 62327. 62509.] t2_sim:[63299. 62890. 62192.]
Task is 54.00% complete.
t1_sim:[62530. 62696. 62173.] t2_sim:[63263. 63576. 62420.]
Task is 55.00% complete.
t1_sim:[59990. 59733. 61430.] t2_sim:[66784. 66504. 65600.]
Task is 56.00% complete.
t1_sim:[60604. 60679. 60934.] t2_sim:[59722. 59737. 59970.]
Task is 57.00% complete.
t1_sim:[62276. 62254. 61883.] t2_sim:[64098. 64183. 63727.]
Task is 58.00% complete.
t1_sim:[63768. 63992. 64897.] t2_sim:[64445. 64573. 65667.]
Task is 59.00% complete.
t1_sim:[60272. 60650. 61184.] t2_sim:[63063. 63390. 65279.]
Task is 60.00% complete.
t1_sim:[67134. 67275. 65519.] t2_sim:[60666. 60882. 62422.]
Task is 61.00% complete.
t1_sim:[66071. 65952. 64785.] t2_sim:[65979. 66654. 64949.]
Task is 62.00% complete.
t1_sim:[63863. 63769. 64349.] t2_sim:[61832. 61936. 62016.]
Task is 63.00% complete.
t1_sim:[57257. 57040. 59451.] t2_sim:[61434. 60982. 60419.]
Task is 64.00% complete.
t1_sim:[60358. 60349. 58633.] t2_sim:[68783. 68915. 67642.]
Task is 65.00% complete.
t1_sim:[61091. 60981. 62054.] t2_sim:[60433. 60719. 61365.]
Task is 66.00% complete.
t1_sim:[68807. 68907. 68371.] t2_sim:[60542. 60371. 61671.]
Task is 67.00% complete.
t1_sim:[65581. 65799. 66415.] t2_sim:[61152. 61220. 61516.]
Task is 68.00% complete.
t1_sim:[59150. 59209. 61654.] t2_sim:[62496. 62179. 62538.]
Task is 69.00% complete.
t1_sim:[66069. 66183. 65897.] t2_sim:[59770. 59791. 56906.]
Task is 70.00% complete.
t1_sim:[60221. 60104. 59908.] t2_sim:[64644. 64685. 63268.]
Task is 71.00% complete.
t1_sim:[67724. 67530. 67618.] t2_sim:[62202. 61956. 63119.]
Task is 72.00% complete.
t1_sim:[60150. 59975. 60461.] t2_sim:[57094. 56866. 60428.]
Task is 73.00% complete.
t1_sim:[61007. 61137. 60481.] t2_sim:[59544. 59894. 58952.]
Task is 74.00% complete.
t1_sim:[66278. 66172. 66982.] t2_sim:[61758. 61911. 62500.]
Task is 75.00% complete.
t1_sim:[64017. 63937. 64425.] t2_sim:[64914. 64871. 63196.]
Task is 76.00% complete.
t1_sim:[63090. 63098. 62592.] t2_sim:[57680. 57918. 57595.]
Task is 77.00% complete.
t1_sim:[61771. 61332. 60818.] t2_sim:[59461. 59012. 59865.]
Task is 78.00% complete.
t1_sim:[60712. 60640. 59079.] t2_sim:[65830. 65439. 64860.]
Task is 79.00% complete.
t1_sim:[60552. 60046. 58801.] t2_sim:[63561. 63565. 61638.]
Task is 80.00% complete.
t1_sim:[64720. 64759. 66732.] t2_sim:[61077. 61054. 59151.]
Task is 81.00% complete.
t1_sim:[60862. 60852. 59372.] t2_sim:[67209. 67131. 67254.]
Task is 82.00% complete.
t1_sim:[61923. 61814. 63094.] t2_sim:[63974. 64348. 65890.]
Task is 83.00% complete.
t1_sim:[65979. 65613. 67754.] t2_sim:[60870. 61166. 60818.]
Task is 84.00% complete.
t1_sim:[61279. 61551. 62919.] t2_sim:[57211. 57238. 56663.]
Task is 85.00% complete.
t1_sim:[60537. 60606. 59941.] t2_sim:[58034. 58168. 58202.]
Task is 86.00% complete.
t1_sim:[61435. 61321. 60813.] t2_sim:[65591. 65347. 64942.]
Task is 87.00% complete.
t1_sim:[65689. 65454. 63062.] t2_sim:[63732. 64184. 64251.]
Task is 88.00% complete.
t1_sim:[61507. 60988. 60871.] t2_sim:[61974. 61895. 59821.]
Task is 89.00% complete.
t1_sim:[62111. 62154. 61191.] t2_sim:[64745. 64343. 59982.]
Task is 90.00% complete.
t1_sim:[59305. 59377. 58596.] t2_sim:[62460. 62357. 62610.]
Task is 91.00% complete.
t1_sim:[55652. 55574. 55417.] t2_sim:[59754. 59225. 57860.]
Task is 92.00% complete.
t1_sim:[61008. 60659. 60977.] t2_sim:[62294. 62773. 64035.]
Task is 93.00% complete.
t1_sim:[64653. 64762. 65956.] t2_sim:[58794. 59151. 59926.]
Task is 94.00% complete.
t1_sim:[66769. 66613. 68258.] t2_sim:[68007. 67670. 65598.]
Task is 95.00% complete.
t1_sim:[59180. 59336. 57864.] t2_sim:[60501. 60583. 62233.]
Task is 96.00% complete.
t1_sim:[64417. 64351. 65891.] t2_sim:[65259. 65281. 66276.]
Task is 97.00% complete.
t1_sim:[64581. 64234. 64672.] t2_sim:[57712. 57925. 58012.]
Task is 98.00% complete.
t1_sim:[61673. 62088. 59707.] t2_sim:[61304. 61273. 62753.]
Task is 99.00% complete.
t1_sim:[69366. 69553. 69931.] t2_sim:[61207. 61130. 61987.]
level of Median Imputer:  0.0
level of LR Imputer:  0.0
level of XGBoost Imputer:  0.0
