/scratch/jz4721/Post-prediction-Causal-Inference/venv/lib/python3.8/site-packages/numpy/core/getlimits.py:518: UserWarning: The value of the smallest subnormal for <class 'numpy.float64'> type is zero.
  setattr(self, word, getattr(machar, word).flat[0])
/scratch/jz4721/Post-prediction-Causal-Inference/venv/lib/python3.8/site-packages/numpy/core/getlimits.py:89: UserWarning: The value of the smallest subnormal for <class 'numpy.float64'> type is zero.
  return self._float_to_str(self.smallest_subnormal)
/scratch/jz4721/Post-prediction-Causal-Inference/venv/lib/python3.8/site-packages/numpy/core/getlimits.py:518: UserWarning: The value of the smallest subnormal for <class 'numpy.float32'> type is zero.
  setattr(self, word, getattr(machar, word).flat[0])
/scratch/jz4721/Post-prediction-Causal-Inference/venv/lib/python3.8/site-packages/numpy/core/getlimits.py:89: UserWarning: The value of the smallest subnormal for <class 'numpy.float32'> type is zero.
  return self._float_to_str(self.smallest_subnormal)
Training start
t1_obs:[array(69711.), array(69431.), array(65910.)] t2_obs:[array(61969.), array(61682.), array(59333.)]
corr_G1:[None, None, -1.387787114068282e-17] corr_G2:[None, None, 3.9277650810071185e-17]
Training end
Task is 0.00% complete.
t1_sim:[71580. 71765. 69265.] t2_sim:[65575. 65014. 66615.]
Task is 1.00% complete.
t1_sim:[61064. 60900. 57955.] t2_sim:[59957. 60186. 61798.]
Task is 2.00% complete.
t1_sim:[61652. 61407. 61750.] t2_sim:[61366. 60854. 62419.]
Task is 3.00% complete.
t1_sim:[63526. 63319. 67603.] t2_sim:[61280. 61113. 58807.]
Task is 4.00% complete.
t1_sim:[66152. 66012. 64075.] t2_sim:[58303. 58284. 61807.]
Task is 5.00% complete.
t1_sim:[68139. 67997. 67647.] t2_sim:[59502. 59330. 56916.]
Task is 6.00% complete.
t1_sim:[61042. 61139. 60401.] t2_sim:[67509. 67445. 68485.]
Task is 7.00% complete.
t1_sim:[57452. 57341. 60735.] t2_sim:[63295. 63574. 65314.]
Task is 8.00% complete.
t1_sim:[66937. 66058. 66014.] t2_sim:[64235. 63486. 61650.]
Task is 9.00% complete.
t1_sim:[62329. 62343. 59802.] t2_sim:[62003. 61630. 60398.]
Task is 10.00% complete.
t1_sim:[56265. 56482. 57059.] t2_sim:[61587. 61659. 61064.]
Task is 11.00% complete.
t1_sim:[70766. 71039. 68499.] t2_sim:[59614. 59734. 56114.]
Task is 12.00% complete.
t1_sim:[62586. 62680. 60666.] t2_sim:[67571. 67915. 70365.]
Task is 13.00% complete.
t1_sim:[67722. 67670. 66904.] t2_sim:[58539. 58372. 58223.]
Task is 14.00% complete.
t1_sim:[65542. 65769. 66700.] t2_sim:[60946. 60632. 59844.]
Task is 15.00% complete.
t1_sim:[62727. 62900. 64308.] t2_sim:[65911. 65270. 60238.]
Task is 16.00% complete.
t1_sim:[56833. 57623. 59629.] t2_sim:[58664. 58221. 55010.]
Task is 17.00% complete.
t1_sim:[59796. 59765. 59171.] t2_sim:[58585. 58471. 61931.]
Task is 18.00% complete.
t1_sim:[62315. 61893. 61018.] t2_sim:[66246. 67042. 65723.]
Task is 19.00% complete.
t1_sim:[60231. 60581. 63594.] t2_sim:[66353. 66537. 65351.]
Task is 20.00% complete.
t1_sim:[65420. 65245. 68452.] t2_sim:[69280. 69183. 68903.]
Task is 21.00% complete.
t1_sim:[63225. 63516. 67231.] t2_sim:[65058. 65548. 61848.]
Task is 22.00% complete.
t1_sim:[65018. 65144. 64512.] t2_sim:[60874. 60861. 61006.]
Task is 23.00% complete.
t1_sim:[67895. 68179. 61162.] t2_sim:[64636. 65150. 61422.]
Task is 24.00% complete.
t1_sim:[61930. 62282. 64545.] t2_sim:[64776. 64912. 61901.]
Task is 25.00% complete.
t1_sim:[59786. 59994. 61232.] t2_sim:[60727. 60404. 60673.]
Task is 26.00% complete.
t1_sim:[68891. 68512. 68497.] t2_sim:[58997. 58684. 62176.]
Task is 27.00% complete.
t1_sim:[62637. 63031. 65066.] t2_sim:[62476. 62111. 59197.]
Task is 28.00% complete.
t1_sim:[57475. 57709. 62281.] t2_sim:[55564. 54958. 57904.]
Task is 29.00% complete.
t1_sim:[60679. 60822. 62278.] t2_sim:[61215. 60767. 60658.]
Task is 30.00% complete.
t1_sim:[64682. 64939. 61511.] t2_sim:[64161. 64334. 62350.]
Task is 31.00% complete.
t1_sim:[55649. 55385. 58346.] t2_sim:[63194. 63600. 60707.]
Task is 32.00% complete.
t1_sim:[61706. 61499. 61359.] t2_sim:[63346. 64075. 60090.]
Task is 33.00% complete.
t1_sim:[63309. 62903. 63686.] t2_sim:[57840. 57678. 56870.]
Task is 34.00% complete.
t1_sim:[66941. 67120. 63569.] t2_sim:[63314. 62673. 62474.]
Task is 35.00% complete.
t1_sim:[63327. 63331. 61557.] t2_sim:[62868. 62720. 63136.]
Task is 36.00% complete.
t1_sim:[60486. 60527. 61122.] t2_sim:[57352. 57148. 57903.]
Task is 37.00% complete.
t1_sim:[56355. 57156. 57061.] t2_sim:[60109. 60158. 59521.]
Task is 38.00% complete.
t1_sim:[68006. 67912. 66831.] t2_sim:[58329. 58527. 57046.]
Task is 39.00% complete.
t1_sim:[59504. 59753. 59940.] t2_sim:[58631. 58763. 61996.]
Task is 40.00% complete.
t1_sim:[60421. 60722. 62557.] t2_sim:[66582. 66622. 66689.]
Task is 41.00% complete.
t1_sim:[61933. 62075. 60692.] t2_sim:[57992. 58128. 58448.]
Task is 42.00% complete.
t1_sim:[61453. 61969. 66042.] t2_sim:[63374. 63134. 61477.]
Task is 43.00% complete.
t1_sim:[61643. 62059. 67560.] t2_sim:[65128. 64332. 66201.]
Task is 44.00% complete.
t1_sim:[58404. 58550. 61830.] t2_sim:[59956. 60333. 58489.]
Task is 45.00% complete.
t1_sim:[63341. 63367. 66282.] t2_sim:[66287. 65770. 64125.]
Task is 46.00% complete.
t1_sim:[62853. 62911. 66101.] t2_sim:[64450. 64560. 64732.]
Task is 47.00% complete.
t1_sim:[68282. 68426. 63421.] t2_sim:[62450. 62256. 58702.]
Task is 48.00% complete.
t1_sim:[63675. 63569. 62224.] t2_sim:[60040. 60393. 58096.]
Task is 49.00% complete.
t1_sim:[65002. 64978. 65768.] t2_sim:[62372. 63010. 63740.]
Task is 50.00% complete.
t1_sim:[60868. 61147. 60299.] t2_sim:[62867. 62903. 62964.]
Task is 51.00% complete.
t1_sim:[63975. 63960. 63610.] t2_sim:[64468. 64647. 63758.]
Task is 52.00% complete.
t1_sim:[60449. 60663. 61604.] t2_sim:[60759. 60636. 58384.]
Task is 53.00% complete.
t1_sim:[60031. 60166. 59058.] t2_sim:[63006. 63322. 62774.]
Task is 54.00% complete.
t1_sim:[59394. 59746. 60194.] t2_sim:[66713. 66808. 65351.]
Task is 55.00% complete.
t1_sim:[60462. 60475. 58301.] t2_sim:[62247. 62122. 58359.]
Task is 56.00% complete.
t1_sim:[61816. 61916. 59101.] t2_sim:[61099. 61550. 59931.]
Task is 57.00% complete.
t1_sim:[64927. 65264. 65413.] t2_sim:[62041. 62014. 61525.]
Task is 58.00% complete.
t1_sim:[67116. 67287. 63660.] t2_sim:[67577. 68420. 65807.]
Task is 59.00% complete.
t1_sim:[62673. 62061. 61171.] t2_sim:[64361. 64649. 66850.]
Task is 60.00% complete.
t1_sim:[58080. 58037. 59075.] t2_sim:[62627. 62701. 59405.]
Task is 61.00% complete.
t1_sim:[58085. 57635. 58758.] t2_sim:[71036. 70892. 67406.]
Task is 62.00% complete.
t1_sim:[66484. 66576. 64407.] t2_sim:[59093. 59080. 60087.]
Task is 63.00% complete.
t1_sim:[53471. 53563. 57136.] t2_sim:[64292. 64387. 67061.]
Task is 64.00% complete.
t1_sim:[63328. 63366. 61694.] t2_sim:[57918. 57178. 60028.]
Task is 65.00% complete.
t1_sim:[64569. 64411. 63646.] t2_sim:[60494. 60615. 61306.]
Task is 66.00% complete.
t1_sim:[62433. 62437. 60904.] t2_sim:[63839. 63558. 64478.]
Task is 67.00% complete.
t1_sim:[65069. 65152. 69363.] t2_sim:[63515. 63448. 62018.]
Task is 68.00% complete.
t1_sim:[61993. 62070. 59949.] t2_sim:[64722. 64851. 58663.]
Task is 69.00% complete.
t1_sim:[60990. 60377. 65489.] t2_sim:[62482. 62579. 64759.]
Task is 70.00% complete.
t1_sim:[62106. 62197. 62368.] t2_sim:[61312. 61369. 59471.]
Task is 71.00% complete.
t1_sim:[61512. 61811. 59846.] t2_sim:[64116. 64144. 63395.]
Task is 72.00% complete.
t1_sim:[64290. 64522. 63982.] t2_sim:[68134. 67806. 65582.]
Task is 73.00% complete.
t1_sim:[58827. 58464. 57278.] t2_sim:[60725. 60645. 65597.]
Task is 74.00% complete.
t1_sim:[66751. 66715. 67777.] t2_sim:[62438. 62830. 67458.]
Task is 75.00% complete.
t1_sim:[66842. 66969. 64348.] t2_sim:[63523. 63476. 61145.]
Task is 76.00% complete.
t1_sim:[69025. 68868. 67784.] t2_sim:[57174. 57057. 61834.]
Task is 77.00% complete.
t1_sim:[64760. 64333. 65603.] t2_sim:[61020. 61171. 61169.]
Task is 78.00% complete.
t1_sim:[62307. 62333. 60742.] t2_sim:[64397. 64548. 63619.]
Task is 79.00% complete.
t1_sim:[64210. 64308. 61385.] t2_sim:[69589. 69300. 66223.]
Task is 80.00% complete.
t1_sim:[62648. 62444. 65409.] t2_sim:[62974. 62973. 65378.]
Task is 81.00% complete.
t1_sim:[64618. 64654. 67365.] t2_sim:[63207. 63012. 64775.]
Task is 82.00% complete.
t1_sim:[62697. 62356. 56646.] t2_sim:[59310. 59444. 64479.]
Task is 83.00% complete.
t1_sim:[65412. 65247. 63799.] t2_sim:[67683. 67558. 64245.]
Task is 84.00% complete.
t1_sim:[57351. 57512. 56849.] t2_sim:[65277. 65403. 63804.]
Task is 85.00% complete.
t1_sim:[64106. 64121. 63581.] t2_sim:[63796. 64045. 61058.]
Task is 86.00% complete.
t1_sim:[64510. 64522. 61555.] t2_sim:[60232. 60377. 64831.]
Task is 87.00% complete.
t1_sim:[67343. 67476. 65705.] t2_sim:[65524. 65492. 66251.]
Task is 88.00% complete.
t1_sim:[60560. 60527. 56516.] t2_sim:[58582. 59114. 57274.]
Task is 89.00% complete.
t1_sim:[64009. 63588. 58821.] t2_sim:[63153. 63127. 60881.]
Task is 90.00% complete.
t1_sim:[58880. 59323. 57559.] t2_sim:[63527. 63476. 62567.]
Task is 91.00% complete.
t1_sim:[64124. 63926. 61803.] t2_sim:[61239. 61641. 64154.]
Task is 92.00% complete.
t1_sim:[59608. 59829. 61182.] t2_sim:[67087. 67252. 65823.]
Task is 93.00% complete.
t1_sim:[64241. 64257. 60309.] t2_sim:[63389. 63446. 62984.]
Task is 94.00% complete.
t1_sim:[61823. 61439. 61077.] t2_sim:[65093. 64911. 62433.]
Task is 95.00% complete.
t1_sim:[64450. 64610. 60987.] t2_sim:[60124. 60212. 61099.]
Task is 96.00% complete.
t1_sim:[62170. 61421. 61173.] t2_sim:[60162. 60014. 57719.]
Task is 97.00% complete.
t1_sim:[60753. 60855. 62716.] t2_sim:[55704. 55227. 54567.]
Task is 98.00% complete.
t1_sim:[63394. 63315. 61091.] t2_sim:[68268. 68440. 66097.]
Task is 99.00% complete.
t1_sim:[64220. 64175. 63009.] t2_sim:[68231. 68369. 69564.]
Training start
t1_obs:[array(69711.), array(69431.), array(68280.)] t2_obs:[array(61969.), array(61682.), array(60375.)]
corr_G1:[None, None, 0.9976961256050186] corr_G2:[None, None, 0.9854381145132526]
Training end
Task is 0.00% complete.
t1_sim:[62611. 63048. 62919.] t2_sim:[59160. 59236. 60069.]
Task is 1.00% complete.
t1_sim:[66877. 67014. 67074.] t2_sim:[57783. 58153. 56985.]
Task is 2.00% complete.
t1_sim:[59710. 59807. 60797.] t2_sim:[58909. 58961. 60994.]
Task is 3.00% complete.
t1_sim:[58908. 58814. 61793.] t2_sim:[58982. 58925. 58037.]
Task is 4.00% complete.
t1_sim:[67020. 67092. 64821.] t2_sim:[63075. 62599. 63112.]
Task is 5.00% complete.
t1_sim:[62479. 62716. 62345.] t2_sim:[62197. 62137. 59276.]
Task is 6.00% complete.
t1_sim:[61147. 61396. 60746.] t2_sim:[62808. 63363. 64316.]
Task is 7.00% complete.
t1_sim:[58460. 58632. 57748.] t2_sim:[66292. 66360. 65067.]
Task is 8.00% complete.
t1_sim:[59458. 59721. 61738.] t2_sim:[61266. 61266. 59991.]
Task is 9.00% complete.
t1_sim:[64382. 64360. 64353.] t2_sim:[60766. 60482. 59453.]
Task is 10.00% complete.
t1_sim:[62702. 63153. 64963.] t2_sim:[66435. 66685. 66129.]
Task is 11.00% complete.
t1_sim:[60305. 60334. 59606.] t2_sim:[60861. 61291. 59635.]
Task is 12.00% complete.
t1_sim:[58739. 58404. 58215.] t2_sim:[61526. 61683. 60631.]
Task is 13.00% complete.
t1_sim:[64913. 64655. 63156.] t2_sim:[65036. 65115. 65765.]
Task is 14.00% complete.
t1_sim:[67114. 67589. 65839.] t2_sim:[66293. 66541. 66858.]
Task is 15.00% complete.
t1_sim:[64287. 64387. 63372.] t2_sim:[63256. 63212. 64387.]
Task is 16.00% complete.
t1_sim:[62218. 62228. 61216.] t2_sim:[61709. 61589. 60845.]
Task is 17.00% complete.
t1_sim:[62772. 62376. 62785.] t2_sim:[65343. 65873. 68726.]
Task is 18.00% complete.
t1_sim:[67861. 67936. 67238.] t2_sim:[63692. 63589. 61119.]
Task is 19.00% complete.
t1_sim:[60587. 60452. 58831.] t2_sim:[62630. 62410. 65031.]
Task is 20.00% complete.
t1_sim:[63550. 63547. 64481.] t2_sim:[60979. 61063. 61482.]
Task is 21.00% complete.
t1_sim:[65363. 65388. 61789.] t2_sim:[59865. 59666. 62148.]
Task is 22.00% complete.
t1_sim:[53423. 53523. 56542.] t2_sim:[67604. 67866. 65931.]
Task is 23.00% complete.
t1_sim:[67554. 67283. 63266.] t2_sim:[61525. 61087. 63041.]
Task is 24.00% complete.
t1_sim:[66740. 66693. 65196.] t2_sim:[69482. 69261. 69052.]
Task is 25.00% complete.
t1_sim:[60057. 60119. 60063.] t2_sim:[66865. 67043. 66298.]
Task is 26.00% complete.
t1_sim:[60285. 59944. 57555.] t2_sim:[63991. 64043. 62807.]
Task is 27.00% complete.
t1_sim:[63341. 63986. 63518.] t2_sim:[62417. 62424. 61108.]
Task is 28.00% complete.
t1_sim:[61741. 61932. 59766.] t2_sim:[52295. 52287. 52411.]
Task is 29.00% complete.
t1_sim:[65215. 64690. 62454.] t2_sim:[62085. 61714. 63157.]
Task is 30.00% complete.
t1_sim:[68005. 67864. 67129.] t2_sim:[64378. 64293. 60958.]
Task is 31.00% complete.
t1_sim:[60757. 61087. 61306.] t2_sim:[59725. 59832. 60212.]
Task is 32.00% complete.
t1_sim:[62076. 62800. 63063.] t2_sim:[58124. 57905. 57535.]
Task is 33.00% complete.
t1_sim:[65017. 65480. 63846.] t2_sim:[62225. 61815. 61680.]
Task is 34.00% complete.
t1_sim:[61791. 61577. 59328.] t2_sim:[58836. 58636. 58917.]
Task is 35.00% complete.
t1_sim:[58223. 58434. 57775.] t2_sim:[63642. 63659. 63076.]
Task is 36.00% complete.
t1_sim:[60671. 61275. 60364.] t2_sim:[59467. 59115. 60118.]
Task is 37.00% complete.
t1_sim:[69859. 69769. 68447.] t2_sim:[60399. 60343. 62732.]
Task is 38.00% complete.
t1_sim:[58697. 58438. 57355.] t2_sim:[59678. 59770. 59041.]
Task is 39.00% complete.
t1_sim:[63187. 63171. 63872.] t2_sim:[60783. 60832. 62125.]
Task is 40.00% complete.
t1_sim:[58901. 59393. 61917.] t2_sim:[63905. 64066. 62060.]
Task is 41.00% complete.
t1_sim:[67060. 66892. 67033.] t2_sim:[68716. 68930. 68546.]
Task is 42.00% complete.
t1_sim:[60292. 60506. 60059.] t2_sim:[65980. 66639. 67108.]
Task is 43.00% complete.
t1_sim:[67902. 67885. 70547.] t2_sim:[66003. 66211. 66576.]
Task is 44.00% complete.
t1_sim:[60111. 59802. 60289.] t2_sim:[62162. 61779. 59346.]
Task is 45.00% complete.
t1_sim:[62493. 62538. 62492.] t2_sim:[64497. 64784. 63188.]
Task is 46.00% complete.
t1_sim:[65031. 64768. 65563.] t2_sim:[64771. 64509. 66079.]
Task is 47.00% complete.
t1_sim:[61350. 60964. 58652.] t2_sim:[63939. 63234. 62297.]
Task is 48.00% complete.
t1_sim:[63829. 63804. 63318.] t2_sim:[66412. 66275. 67620.]
Task is 49.00% complete.
t1_sim:[65093. 65283. 65353.] t2_sim:[61994. 61860. 60442.]
Task is 50.00% complete.
t1_sim:[62259. 62330. 62619.] t2_sim:[65736. 66100. 66504.]
Task is 51.00% complete.
t1_sim:[60503. 59943. 60739.] t2_sim:[67565. 67317. 67121.]
Task is 52.00% complete.
t1_sim:[63876. 63874. 63233.] t2_sim:[64320. 64083. 63534.]
Task is 53.00% complete.
t1_sim:[58363. 58623. 59794.] t2_sim:[64663. 64516. 62870.]
Task is 54.00% complete.
t1_sim:[65288. 65410. 64323.] t2_sim:[65169. 65106. 65789.]
Task is 55.00% complete.
t1_sim:[55819. 55725. 55540.] t2_sim:[58989. 59082. 60100.]
Task is 56.00% complete.
t1_sim:[61845. 62247. 62864.] t2_sim:[57670. 57475. 59263.]
Task is 57.00% complete.
t1_sim:[59972. 60275. 57742.] t2_sim:[59535. 59775. 59698.]
Task is 58.00% complete.
t1_sim:[61389. 61385. 62393.] t2_sim:[62435. 61850. 60832.]
Task is 59.00% complete.
t1_sim:[58729. 58870. 56807.] t2_sim:[59410. 59521. 58073.]
Task is 60.00% complete.
t1_sim:[61492. 61202. 62652.] t2_sim:[57457. 57472. 60497.]
Task is 61.00% complete.
t1_sim:[62593. 62714. 62255.] t2_sim:[65419. 65531. 65496.]
Task is 62.00% complete.
t1_sim:[60074. 60613. 59211.] t2_sim:[64644. 64815. 63676.]
Task is 63.00% complete.
t1_sim:[62216. 62081. 61441.] t2_sim:[60595. 60786. 59930.]
Task is 64.00% complete.
t1_sim:[59277. 58889. 58827.] t2_sim:[65495. 65222. 67952.]
Task is 65.00% complete.
t1_sim:[57867. 57938. 58462.] t2_sim:[54526. 54586. 58007.]
Task is 66.00% complete.
t1_sim:[62906. 62744. 64934.] t2_sim:[62440. 62844. 63812.]
Task is 67.00% complete.
t1_sim:[61714. 62007. 61596.] t2_sim:[64910. 64551. 64814.]
Task is 68.00% complete.
t1_sim:[64439. 64704. 64065.] t2_sim:[64634. 64595. 65734.]
Task is 69.00% complete.
t1_sim:[65835. 65454. 65555.] t2_sim:[58977. 58919. 60393.]
Task is 70.00% complete.
t1_sim:[67524. 67494. 66609.] t2_sim:[57565. 57662. 56682.]
Task is 71.00% complete.
t1_sim:[58012. 58188. 59338.] t2_sim:[56062. 56636. 55566.]
Task is 72.00% complete.
t1_sim:[61209. 60989. 62528.] t2_sim:[61536. 61221. 62486.]
Task is 73.00% complete.
t1_sim:[65157. 64878. 65662.] t2_sim:[67718. 67809. 65752.]
Task is 74.00% complete.
t1_sim:[60974. 61092. 60847.] t2_sim:[60202. 60587. 62821.]
Task is 75.00% complete.
t1_sim:[61565. 61761. 61998.] t2_sim:[58901. 59243. 62644.]
Task is 76.00% complete.
t1_sim:[58067. 58066. 58348.] t2_sim:[56723. 56405. 57969.]
Task is 77.00% complete.
t1_sim:[65597. 66061. 66146.] t2_sim:[66290. 66547. 63960.]
Task is 78.00% complete.
t1_sim:[61467. 61023. 60739.] t2_sim:[57819. 58000. 58996.]
Task is 79.00% complete.
t1_sim:[59317. 58876. 58207.] t2_sim:[63404. 64101. 64502.]
Task is 80.00% complete.
t1_sim:[58919. 59232. 60049.] t2_sim:[64273. 64308. 64510.]
Task is 81.00% complete.
t1_sim:[59288. 59024. 58194.] t2_sim:[60931. 61046. 58393.]
Task is 82.00% complete.
t1_sim:[63792. 63764. 63328.] t2_sim:[65553. 65356. 63464.]
Task is 83.00% complete.
t1_sim:[63468. 63370. 63599.] t2_sim:[64411. 63728. 62310.]
Task is 84.00% complete.
t1_sim:[59296. 58835. 61555.] t2_sim:[63238. 63506. 63407.]
Task is 85.00% complete.
t1_sim:[57989. 58116. 60308.] t2_sim:[63407. 63573. 64917.]
Task is 86.00% complete.
t1_sim:[65302. 65218. 65318.] t2_sim:[59618. 59779. 62131.]
Task is 87.00% complete.
t1_sim:[60200. 60243. 59410.] t2_sim:[56420. 56427. 56499.]
Task is 88.00% complete.
t1_sim:[63710. 63155. 59558.] t2_sim:[60828. 60290. 61581.]
Task is 89.00% complete.
t1_sim:[63582. 63447. 61850.] t2_sim:[63392. 63284. 63591.]
Task is 90.00% complete.
t1_sim:[66113. 66018. 65424.] t2_sim:[64063. 63594. 64412.]
Task is 91.00% complete.
t1_sim:[62061. 61374. 59945.] t2_sim:[62214. 62481. 60690.]
Task is 92.00% complete.
t1_sim:[61380. 60996. 58947.] t2_sim:[62809. 63037. 65155.]
Task is 93.00% complete.
t1_sim:[63732. 63724. 63736.] t2_sim:[67007. 67281. 68498.]
Task is 94.00% complete.
t1_sim:[60793. 60386. 59913.] t2_sim:[59479. 59379. 59524.]
Task is 95.00% complete.
t1_sim:[65269. 65022. 65658.] t2_sim:[63954. 64059. 65440.]
Task is 96.00% complete.
t1_sim:[64432. 64794. 63662.] t2_sim:[72249. 72100. 69858.]
Task is 97.00% complete.
t1_sim:[65090. 65106. 65409.] t2_sim:[65279. 65931. 62746.]
Task is 98.00% complete.
t1_sim:[59186. 59482. 60724.] t2_sim:[68200. 67911. 68410.]
Task is 99.00% complete.
t1_sim:[64028. 63868. 61539.] t2_sim:[61508. 61864. 60213.]
Training start
t1_obs:[array(69711.), array(69431.), array(68722.)] t2_obs:[array(61969.), array(61682.), array(59420.)]
corr_G1:[None, None, 0.1058768745120496] corr_G2:[None, None, -0.03126253338368159]
Training end
Task is 0.00% complete.
t1_sim:[60719. 60668. 61804.] t2_sim:[64216. 64215. 62498.]
Task is 1.00% complete.
t1_sim:[63696. 63872. 61783.] t2_sim:[58291. 58409. 57593.]
Task is 2.00% complete.
t1_sim:[56142. 56156. 56836.] t2_sim:[69079. 69121. 69607.]
Task is 3.00% complete.
t1_sim:[69651. 69649. 68954.] t2_sim:[65197. 65162. 67021.]
Task is 4.00% complete.
t1_sim:[58290. 58034. 58078.] t2_sim:[61246. 61074. 62047.]
Task is 5.00% complete.
t1_sim:[64703. 64506. 63260.] t2_sim:[63643. 63472. 60467.]
Task is 6.00% complete.
t1_sim:[63684. 63631. 66222.] t2_sim:[57401. 57481. 57057.]
Task is 7.00% complete.
t1_sim:[62762. 62532. 64220.] t2_sim:[63420. 63084. 63391.]
Task is 8.00% complete.
t1_sim:[67737. 68196. 71939.] t2_sim:[59465. 60140. 61538.]
Task is 9.00% complete.
t1_sim:[63782. 63434. 62593.] t2_sim:[58897. 58726. 58813.]
Task is 10.00% complete.
t1_sim:[64580. 64392. 64241.] t2_sim:[57644. 57737. 56840.]
Task is 11.00% complete.
t1_sim:[60179. 60577. 64340.] t2_sim:[59884. 59803. 60918.]
Task is 12.00% complete.
t1_sim:[62865. 63285. 62485.] t2_sim:[62399. 62234. 62379.]
Task is 13.00% complete.
t1_sim:[60462. 60743. 60656.] t2_sim:[59731. 60136. 59337.]
Task is 14.00% complete.
t1_sim:[58723. 58962. 59491.] t2_sim:[60832. 61794. 64372.]
Task is 15.00% complete.
t1_sim:[63908. 63441. 65532.] t2_sim:[66220. 66367. 65513.]
Task is 16.00% complete.
t1_sim:[62684. 63043. 63835.] t2_sim:[64227. 64363. 63650.]
Task is 17.00% complete.
t1_sim:[64238. 64455. 66622.] t2_sim:[68122. 68374. 67734.]
Task is 18.00% complete.
t1_sim:[67502. 67089. 66920.] t2_sim:[59387. 59352. 59957.]
Task is 19.00% complete.
t1_sim:[61969. 62476. 63626.] t2_sim:[61003. 60876. 60538.]
Task is 20.00% complete.
t1_sim:[66320. 66032. 65676.] t2_sim:[63302. 63468. 63883.]
Task is 21.00% complete.
t1_sim:[64793. 64822. 67531.] t2_sim:[62459. 62671. 65753.]
Task is 22.00% complete.
t1_sim:[66943. 66890. 65209.] t2_sim:[63379. 62875. 63990.]
Task is 23.00% complete.
t1_sim:[68416. 67857. 67385.] t2_sim:[68641. 68182. 67461.]
Task is 24.00% complete.
t1_sim:[64737. 64301. 64106.] t2_sim:[64606. 64976. 65644.]
Task is 25.00% complete.
t1_sim:[63984. 64553. 62931.] t2_sim:[63035. 63221. 61332.]
Task is 26.00% complete.
t1_sim:[64368. 65037. 63316.] t2_sim:[58980. 59046. 56845.]
Task is 27.00% complete.
t1_sim:[61205. 61486. 60557.] t2_sim:[64712. 64389. 63212.]
Task is 28.00% complete.
t1_sim:[62555. 62256. 63555.] t2_sim:[57420. 57721. 57623.]
Task is 29.00% complete.
t1_sim:[62324. 62312. 62571.] t2_sim:[59857. 59937. 60306.]
Task is 30.00% complete.
t1_sim:[61354. 61452. 61612.] t2_sim:[59144. 58658. 58885.]
Task is 31.00% complete.
t1_sim:[62428. 62545. 65526.] t2_sim:[67454. 67085. 66113.]
Task is 32.00% complete.
t1_sim:[59832. 59522. 58703.] t2_sim:[63104. 63188. 63592.]
Task is 33.00% complete.
t1_sim:[60356. 60375. 64298.] t2_sim:[57536. 57550. 57668.]
Task is 34.00% complete.
t1_sim:[62572. 62809. 66424.] t2_sim:[61957. 61886. 64439.]
Task is 35.00% complete.
t1_sim:[65687. 65756. 65488.] t2_sim:[63548. 63308. 63437.]
Task is 36.00% complete.
t1_sim:[62916. 63362. 64736.] t2_sim:[59812. 59871. 61491.]
Task is 37.00% complete.
t1_sim:[61406. 61702. 65462.] t2_sim:[61215. 61062. 60669.]
Task is 38.00% complete.
t1_sim:[61085. 60980. 61741.] t2_sim:[66461. 66554. 66841.]
Task is 39.00% complete.
t1_sim:[63550. 63897. 66073.] t2_sim:[60257. 60641. 59252.]
Task is 40.00% complete.
t1_sim:[60406. 59920. 63065.] t2_sim:[63930. 63904. 64282.]
Task is 41.00% complete.
t1_sim:[65876. 66060. 65309.] t2_sim:[60601. 60989. 61325.]
Task is 42.00% complete.
t1_sim:[64251. 64322. 62814.] t2_sim:[64539. 64760. 64707.]
Task is 43.00% complete.
t1_sim:[63609. 63550. 64186.] t2_sim:[61339. 61373. 61330.]
Task is 44.00% complete.
t1_sim:[62697. 62189. 66162.] t2_sim:[64809. 64717. 65269.]
Task is 45.00% complete.
t1_sim:[62312. 62008. 61332.] t2_sim:[60640. 60517. 62001.]
Task is 46.00% complete.
t1_sim:[64595. 64139. 62051.] t2_sim:[63693. 63059. 60434.]
Task is 47.00% complete.
t1_sim:[64393. 63920. 65378.] t2_sim:[64029. 63850. 61415.]
Task is 48.00% complete.
t1_sim:[61915. 61818. 63594.] t2_sim:[61737. 61780. 62892.]
Task is 49.00% complete.
t1_sim:[61829. 62073. 62032.] t2_sim:[56518. 57071. 59491.]
Task is 50.00% complete.
t1_sim:[66558. 66245. 67312.] t2_sim:[62866. 62523. 66424.]
Task is 51.00% complete.
t1_sim:[65202. 65147. 67200.] t2_sim:[61749. 62200. 62811.]
Task is 52.00% complete.
t1_sim:[63388. 62877. 63585.] t2_sim:[57589. 57594. 60332.]
Task is 53.00% complete.
t1_sim:[63678. 63513. 67160.] t2_sim:[63956. 63330. 60871.]
Task is 54.00% complete.
t1_sim:[66067. 66267. 67240.] t2_sim:[66843. 67070. 65931.]
Task is 55.00% complete.
t1_sim:[60655. 60619. 59324.] t2_sim:[59424. 59544. 61242.]
Task is 56.00% complete.
t1_sim:[59807. 59976. 60040.] t2_sim:[61905. 61445. 60507.]
Task is 57.00% complete.
t1_sim:[67135. 67518. 66407.] t2_sim:[67967. 68435. 66197.]
Task is 58.00% complete.
t1_sim:[60491. 60497. 61857.] t2_sim:[60773. 61269. 62596.]
Task is 59.00% complete.
t1_sim:[58696. 58585. 57653.] t2_sim:[56453. 56344. 57488.]
Task is 60.00% complete.
t1_sim:[64080. 64183. 65094.] t2_sim:[64588. 64864. 66901.]
Task is 61.00% complete.
t1_sim:[62431. 63071. 64477.] t2_sim:[58614. 58118. 56461.]
Task is 62.00% complete.
t1_sim:[64084. 64039. 63728.] t2_sim:[61691. 61407. 61453.]
Task is 63.00% complete.
t1_sim:[62217. 61848. 64335.] t2_sim:[63505. 63321. 64782.]
Task is 64.00% complete.
t1_sim:[63256. 62910. 63996.] t2_sim:[58535. 58217. 54749.]
Task is 65.00% complete.
t1_sim:[60291. 60535. 60124.] t2_sim:[69040. 68762. 70934.]
Task is 66.00% complete.
t1_sim:[57931. 57529. 58047.] t2_sim:[67157. 67205. 67318.]
Task is 67.00% complete.
t1_sim:[63393. 63220. 63084.] t2_sim:[56232. 56530. 57396.]
Task is 68.00% complete.
t1_sim:[57084. 57010. 58889.] t2_sim:[65688. 65649. 65862.]
Task is 69.00% complete.
t1_sim:[63178. 63316. 66000.] t2_sim:[62990. 63441. 62640.]
Task is 70.00% complete.
t1_sim:[64032. 64365. 65106.] t2_sim:[54280. 54402. 56636.]
Task is 71.00% complete.
t1_sim:[58935. 59113. 61272.] t2_sim:[56270. 56914. 56793.]
Task is 72.00% complete.
t1_sim:[54310. 54267. 53435.] t2_sim:[61684. 61811. 63501.]
Task is 73.00% complete.
t1_sim:[60177. 60251. 64782.] t2_sim:[57890. 57965. 58896.]
Task is 74.00% complete.
t1_sim:[62997. 63035. 65489.] t2_sim:[62095. 61849. 62015.]
Task is 75.00% complete.
t1_sim:[65373. 65235. 64486.] t2_sim:[66225. 66100. 65530.]
Task is 76.00% complete.
t1_sim:[60171. 60105. 60599.] t2_sim:[57222. 56951. 59058.]
Task is 77.00% complete.
t1_sim:[63040. 62535. 63776.] t2_sim:[61340. 61456. 60333.]
Task is 78.00% complete.
t1_sim:[63557. 63437. 65449.] t2_sim:[55879. 55747. 54849.]
Task is 79.00% complete.
t1_sim:[69585. 69148. 69935.] t2_sim:[59486. 59304. 57781.]
Task is 80.00% complete.
t1_sim:[64567. 64869. 66048.] t2_sim:[63025. 62931. 64358.]
Task is 81.00% complete.
t1_sim:[65804. 65876. 66213.] t2_sim:[62632. 62471. 63880.]
Task is 82.00% complete.
t1_sim:[64212. 64400. 65931.] t2_sim:[64950. 64569. 67176.]
Task is 83.00% complete.
t1_sim:[72003. 71854. 73798.] t2_sim:[66518. 67069. 65768.]
Task is 84.00% complete.
t1_sim:[65102. 65103. 68225.] t2_sim:[63167. 63268. 61799.]
Task is 85.00% complete.
t1_sim:[61150. 61239. 61313.] t2_sim:[68145. 67758. 66478.]
Task is 86.00% complete.
t1_sim:[63245. 62962. 63400.] t2_sim:[64225. 64290. 64379.]
Task is 87.00% complete.
t1_sim:[65707. 65629. 65335.] t2_sim:[62535. 61813. 61829.]
Task is 88.00% complete.
t1_sim:[56527. 56186. 56625.] t2_sim:[61313. 61653. 60196.]
Task is 89.00% complete.
t1_sim:[64428. 64209. 64781.] t2_sim:[58252. 58381. 60878.]
Task is 90.00% complete.
t1_sim:[57354. 57369. 56799.] t2_sim:[61397. 61553. 61587.]
Task is 91.00% complete.
t1_sim:[60048. 60643. 65260.] t2_sim:[64215. 64273. 64643.]
Task is 92.00% complete.
t1_sim:[60970. 61506. 61138.] t2_sim:[62715. 62949. 64162.]
Task is 93.00% complete.
t1_sim:[59165. 59139. 60847.] t2_sim:[59438. 59144. 57929.]
Task is 94.00% complete.
t1_sim:[59425. 59034. 60024.] t2_sim:[62420. 62813. 60774.]
Task is 95.00% complete.
t1_sim:[60626. 60783. 61868.] t2_sim:[59674. 59693. 61796.]
Task is 96.00% complete.
t1_sim:[64934. 65010. 65101.] t2_sim:[64182. 63896. 63530.]
Task is 97.00% complete.
t1_sim:[62466. 62375. 59481.] t2_sim:[61212. 61345. 58298.]
Task is 98.00% complete.
t1_sim:[64652. 64752. 66031.] t2_sim:[67219. 67226. 68483.]
Task is 99.00% complete.
t1_sim:[59423. 59414. 59870.] t2_sim:[62271. 62629. 63707.]
Finished
