/scratch/jz4721/Post-prediction-Causal-Inference/venv/lib/python3.8/site-packages/numpy/core/getlimits.py:518: UserWarning: The value of the smallest subnormal for <class 'numpy.float64'> type is zero.
  setattr(self, word, getattr(machar, word).flat[0])
/scratch/jz4721/Post-prediction-Causal-Inference/venv/lib/python3.8/site-packages/numpy/core/getlimits.py:89: UserWarning: The value of the smallest subnormal for <class 'numpy.float64'> type is zero.
  return self._float_to_str(self.smallest_subnormal)
/scratch/jz4721/Post-prediction-Causal-Inference/venv/lib/python3.8/site-packages/numpy/core/getlimits.py:518: UserWarning: The value of the smallest subnormal for <class 'numpy.float32'> type is zero.
  setattr(self, word, getattr(machar, word).flat[0])
/scratch/jz4721/Post-prediction-Causal-Inference/venv/lib/python3.8/site-packages/numpy/core/getlimits.py:89: UserWarning: The value of the smallest subnormal for <class 'numpy.float32'> type is zero.
  return self._float_to_str(self.smallest_subnormal)
Training start
t1_obs:[array(67056.), array(67330.), array(66956.)] t2_obs:[array(66075.), array(65803.), array(66595.)]
corr_G1:[None, None, 0] corr_G2:[None, None, -1.2466676181861486e-16]
Training end
Task is 0.00% complete.
t1_sim:[59257. 59738. 60148.] t2_sim:[60121. 60181. 57046.]
Task is 1.00% complete.
t1_sim:[61412. 61261. 63120.] t2_sim:[66465. 66718. 67632.]
Task is 2.00% complete.
t1_sim:[63486. 63562. 62848.] t2_sim:[59071. 59214. 58906.]
Task is 3.00% complete.
t1_sim:[64142. 63963. 60987.] t2_sim:[60119. 59786. 59081.]
Task is 4.00% complete.
t1_sim:[65278. 65233. 65969.] t2_sim:[60532. 60576. 60131.]
Task is 5.00% complete.
t1_sim:[61695. 61691. 59757.] t2_sim:[62492. 62887. 59563.]
Task is 6.00% complete.
t1_sim:[62074. 62204. 62183.] t2_sim:[65959. 65732. 67748.]
Task is 7.00% complete.
t1_sim:[66248. 66379. 62859.] t2_sim:[57930. 58062. 56949.]
Task is 8.00% complete.
t1_sim:[68508. 67997. 66969.] t2_sim:[64559. 64622. 61540.]
Task is 9.00% complete.
t1_sim:[63536. 63003. 60140.] t2_sim:[61733. 61975. 63700.]
Task is 10.00% complete.
t1_sim:[67686. 67427. 65362.] t2_sim:[64154. 63901. 64018.]
Task is 11.00% complete.
t1_sim:[59892. 59305. 59221.] t2_sim:[66200. 65849. 66206.]
Task is 12.00% complete.
t1_sim:[63481. 63525. 65773.] t2_sim:[65714. 65730. 65997.]
Task is 13.00% complete.
t1_sim:[67001. 67430. 69136.] t2_sim:[60448. 60030. 60924.]
Task is 14.00% complete.
t1_sim:[63154. 63446. 63352.] t2_sim:[59064. 59177. 59106.]
Task is 15.00% complete.
t1_sim:[63624. 64064. 61697.] t2_sim:[61150. 61011. 60921.]
Task is 16.00% complete.
t1_sim:[63686. 63442. 64824.] t2_sim:[62773. 62799. 59777.]
Task is 17.00% complete.
t1_sim:[67208. 67424. 64079.] t2_sim:[69257. 69339. 65854.]
Task is 18.00% complete.
t1_sim:[63620. 63512. 63241.] t2_sim:[59278. 59492. 56918.]
Task is 19.00% complete.
t1_sim:[62463. 62638. 59923.] t2_sim:[67136. 67363. 65221.]
Task is 20.00% complete.
t1_sim:[60576. 60355. 63330.] t2_sim:[66197. 66037. 64094.]
Task is 21.00% complete.
t1_sim:[64171. 64184. 63355.] t2_sim:[58274. 58489. 57050.]
Task is 22.00% complete.
t1_sim:[60994. 61626. 66281.] t2_sim:[63818. 64094. 64572.]
Task is 23.00% complete.
t1_sim:[66521. 66654. 65879.] t2_sim:[63516. 63690. 63050.]
Task is 24.00% complete.
t1_sim:[66168. 66065. 63565.] t2_sim:[65005. 65168. 63762.]
Task is 25.00% complete.
t1_sim:[63126. 62942. 59918.] t2_sim:[62756. 62777. 63604.]
Task is 26.00% complete.
t1_sim:[67876. 67693. 66175.] t2_sim:[58919. 59591. 57352.]
Task is 27.00% complete.
t1_sim:[55586. 56084. 56315.] t2_sim:[60408. 60400. 61788.]
Task is 28.00% complete.
t1_sim:[60406. 60825. 62743.] t2_sim:[62538. 62695. 66321.]
Task is 29.00% complete.
t1_sim:[56377. 56303. 58951.] t2_sim:[60922. 61136. 59224.]
Task is 30.00% complete.
t1_sim:[65605. 64958. 64591.] t2_sim:[63242. 62633. 59932.]
Task is 31.00% complete.
t1_sim:[63703. 64039. 64838.] t2_sim:[70070. 70548. 71464.]
Task is 32.00% complete.
t1_sim:[68098. 68160. 64723.] t2_sim:[64675. 64728. 69028.]
Task is 33.00% complete.
t1_sim:[64049. 64020. 65718.] t2_sim:[62925. 63517. 63362.]
Task is 34.00% complete.
t1_sim:[62236. 62460. 60991.] t2_sim:[61986. 61576. 62103.]
Task is 35.00% complete.
t1_sim:[62637. 62140. 65262.] t2_sim:[63109. 62761. 62705.]
Task is 36.00% complete.
t1_sim:[62898. 62634. 63756.] t2_sim:[64238. 64221. 61834.]
Task is 37.00% complete.
t1_sim:[63548. 63798. 58683.] t2_sim:[63504. 63561. 63525.]
Task is 38.00% complete.
t1_sim:[64347. 64122. 62029.] t2_sim:[60849. 60631. 65801.]
Task is 39.00% complete.
t1_sim:[63548. 64056. 60207.] t2_sim:[59362. 59104. 59626.]
Task is 40.00% complete.
t1_sim:[62257. 62294. 60778.] t2_sim:[64389. 63708. 64543.]
Task is 41.00% complete.
t1_sim:[65187. 65707. 64529.] t2_sim:[63255. 62920. 63194.]
Task is 42.00% complete.
t1_sim:[63023. 63262. 63822.] t2_sim:[57352. 57119. 55935.]
Task is 43.00% complete.
t1_sim:[61822. 62085. 61423.] t2_sim:[58426. 57943. 59918.]
Task is 44.00% complete.
t1_sim:[59557. 59689. 61796.] t2_sim:[67740. 67954. 64561.]
Task is 45.00% complete.
t1_sim:[64368. 63840. 64169.] t2_sim:[67488. 67967. 66248.]
Task is 46.00% complete.
t1_sim:[60938. 60351. 61613.] t2_sim:[61834. 61587. 59868.]
Task is 47.00% complete.
t1_sim:[60677. 60556. 61042.] t2_sim:[65120. 65485. 64733.]
Task is 48.00% complete.
t1_sim:[63498. 63105. 64956.] t2_sim:[62021. 61981. 61808.]
Task is 49.00% complete.
t1_sim:[57766. 58080. 60049.] t2_sim:[61145. 60897. 62494.]
Task is 50.00% complete.
t1_sim:[63250. 63456. 64619.] t2_sim:[59384. 59034. 59210.]
Task is 51.00% complete.
t1_sim:[64733. 64970. 65484.] t2_sim:[60587. 60745. 58698.]
Task is 52.00% complete.
t1_sim:[63425. 63442. 64946.] t2_sim:[59512. 59442. 61429.]
Task is 53.00% complete.
t1_sim:[60546. 61091. 59124.] t2_sim:[63629. 63240. 64500.]
Task is 54.00% complete.
t1_sim:[61336. 61820. 63987.] t2_sim:[63985. 64044. 68568.]
Task is 55.00% complete.
t1_sim:[62227. 62327. 62066.] t2_sim:[66596. 66789. 69121.]
Task is 56.00% complete.
t1_sim:[61955. 61583. 62027.] t2_sim:[58160. 58485. 61100.]
Task is 57.00% complete.
t1_sim:[62600. 62813. 62266.] t2_sim:[59073. 58897. 58133.]
Task is 58.00% complete.
t1_sim:[64516. 64811. 64754.] t2_sim:[65607. 66198. 66683.]
Task is 59.00% complete.
t1_sim:[63308. 63495. 59240.] t2_sim:[63618. 63681. 58486.]
Task is 60.00% complete.
t1_sim:[64841. 64890. 67636.] t2_sim:[58852. 59111. 60054.]
Task is 61.00% complete.
t1_sim:[55734. 56218. 59141.] t2_sim:[62326. 62457. 59830.]
Task is 62.00% complete.
t1_sim:[62501. 62509. 65298.] t2_sim:[66416. 66888. 65952.]
Task is 63.00% complete.
t1_sim:[62623. 62652. 64976.] t2_sim:[62978. 62891. 61598.]
Task is 64.00% complete.
t1_sim:[64654. 64851. 68693.] t2_sim:[57513. 57226. 58555.]
Task is 65.00% complete.
t1_sim:[58000. 57936. 64400.] t2_sim:[64906. 64702. 62491.]
Task is 66.00% complete.
t1_sim:[58739. 58441. 57786.] t2_sim:[64468. 64782. 63222.]
Task is 67.00% complete.
t1_sim:[59888. 59782. 56156.] t2_sim:[62658. 62675. 61758.]
Task is 68.00% complete.
t1_sim:[58480. 58630. 63549.] t2_sim:[62088. 62311. 64979.]
Task is 69.00% complete.
t1_sim:[65808. 65978. 63547.] t2_sim:[65902. 65686. 63813.]
Task is 70.00% complete.
t1_sim:[57147. 57122. 55002.] t2_sim:[59761. 60061. 59944.]
Task is 71.00% complete.
t1_sim:[60926. 61473. 62414.] t2_sim:[64170. 64479. 65123.]
Task is 72.00% complete.
t1_sim:[59368. 59405. 60346.] t2_sim:[60878. 61196. 64158.]
Task is 73.00% complete.
t1_sim:[61794. 61167. 65443.] t2_sim:[62332. 62351. 63085.]
Task is 74.00% complete.
t1_sim:[66670. 66897. 65088.] t2_sim:[62581. 62220. 61724.]
Task is 75.00% complete.
t1_sim:[65303. 65080. 61450.] t2_sim:[64960. 64877. 63512.]
Task is 76.00% complete.
t1_sim:[66556. 66463. 63174.] t2_sim:[61273. 61576. 61453.]
Task is 77.00% complete.
t1_sim:[58945. 59245. 62116.] t2_sim:[64989. 65150. 68542.]
Task is 78.00% complete.
t1_sim:[58678. 58956. 55965.] t2_sim:[64958. 64824. 66704.]
Task is 79.00% complete.
t1_sim:[63625. 63222. 63815.] t2_sim:[69300. 68805. 66174.]
Task is 80.00% complete.
t1_sim:[58574. 58672. 60947.] t2_sim:[56334. 56619. 54792.]
Task is 81.00% complete.
t1_sim:[63289. 62660. 62391.] t2_sim:[60431. 60351. 59064.]
Task is 82.00% complete.
t1_sim:[63646. 63746. 63181.] t2_sim:[63643. 63706. 64598.]
Task is 83.00% complete.
t1_sim:[62398. 62904. 65567.] t2_sim:[69951. 69376. 65439.]
Task is 84.00% complete.
t1_sim:[60805. 60460. 60666.] t2_sim:[64606. 64926. 64363.]
Task is 85.00% complete.
t1_sim:[62549. 62751. 61272.] t2_sim:[62862. 62462. 62188.]
Task is 86.00% complete.
t1_sim:[63908. 63895. 63774.] t2_sim:[65426. 65036. 64929.]
Task is 87.00% complete.
t1_sim:[59130. 58755. 61422.] t2_sim:[59904. 59927. 61322.]
Task is 88.00% complete.
t1_sim:[65615. 66092. 66094.] t2_sim:[62580. 62334. 62229.]
Task is 89.00% complete.
t1_sim:[65222. 65559. 66282.] t2_sim:[66251. 66161. 65507.]
Task is 90.00% complete.
t1_sim:[69199. 69402. 65888.] t2_sim:[59270. 59428. 55290.]
Task is 91.00% complete.
t1_sim:[62242. 63179. 68088.] t2_sim:[65947. 65931. 66981.]
Task is 92.00% complete.
t1_sim:[59739. 59903. 59964.] t2_sim:[63396. 63128. 63403.]
Task is 93.00% complete.
t1_sim:[59358. 59905. 61177.] t2_sim:[64378. 64063. 60441.]
Task is 94.00% complete.
t1_sim:[66769. 66365. 64263.] t2_sim:[63178. 63198. 65925.]
Task is 95.00% complete.
t1_sim:[60614. 60252. 61777.] t2_sim:[69064. 69046. 71650.]
Task is 96.00% complete.
t1_sim:[61125. 61093. 63121.] t2_sim:[65584. 65499. 62361.]
Task is 97.00% complete.
t1_sim:[63566. 63730. 65372.] t2_sim:[60021. 59755. 59090.]
Task is 98.00% complete.
t1_sim:[61351. 61101. 63019.] t2_sim:[66103. 66591. 66714.]
Task is 99.00% complete.
t1_sim:[59148. 59334. 57406.] t2_sim:[64447. 64645. 62210.]
Training start
t1_obs:[array(67056.), array(67330.), array(66737.)] t2_obs:[array(66075.), array(65803.), array(66821.)]
corr_G1:[None, None, 0.9734748111786401] corr_G2:[None, None, 0.987725136020357]
Training end
Task is 0.00% complete.
t1_sim:[59338. 58810. 59628.] t2_sim:[63550. 63448. 62996.]
Task is 1.00% complete.
t1_sim:[59696. 59855. 60682.] t2_sim:[59743. 60034. 58589.]
Task is 2.00% complete.
t1_sim:[58923. 58865. 59287.] t2_sim:[65642. 65239. 63609.]
Task is 3.00% complete.
t1_sim:[65473. 65565. 64246.] t2_sim:[63149. 63251. 61942.]
Task is 4.00% complete.
t1_sim:[63242. 63209. 67032.] t2_sim:[65698. 66048. 64736.]
Task is 5.00% complete.
t1_sim:[62851. 62851. 62682.] t2_sim:[65458. 65507. 62887.]
Task is 6.00% complete.
t1_sim:[59432. 59368. 58528.] t2_sim:[61967. 61500. 61573.]
Task is 7.00% complete.
t1_sim:[64841. 64564. 67515.] t2_sim:[65219. 65132. 65043.]
Task is 8.00% complete.
t1_sim:[64674. 64549. 65151.] t2_sim:[66655. 66880. 63097.]
Task is 9.00% complete.
t1_sim:[63871. 64222. 64126.] t2_sim:[63121. 63167. 63585.]
Task is 10.00% complete.
t1_sim:[63596. 63328. 63804.] t2_sim:[57424. 57270. 56395.]
Task is 11.00% complete.
t1_sim:[61657. 61519. 61274.] t2_sim:[59256. 59236. 60216.]
Task is 12.00% complete.
t1_sim:[58186. 58321. 58111.] t2_sim:[61174. 61397. 59776.]
Task is 13.00% complete.
t1_sim:[61806. 61475. 61687.] t2_sim:[55239. 55390. 55116.]
Task is 14.00% complete.
t1_sim:[66670. 66866. 66566.] t2_sim:[60741. 60674. 62436.]
Task is 15.00% complete.
t1_sim:[62255. 62138. 61805.] t2_sim:[65840. 65466. 67491.]
Task is 16.00% complete.
t1_sim:[63579. 63753. 63078.] t2_sim:[64163. 64377. 67934.]
Task is 17.00% complete.
t1_sim:[60432. 60613. 59414.] t2_sim:[60822. 60713. 60618.]
Task is 18.00% complete.
t1_sim:[59621. 59340. 59086.] t2_sim:[61231. 60607. 62080.]
Task is 19.00% complete.
t1_sim:[68574. 68209. 65075.] t2_sim:[61437. 61130. 60495.]
Task is 20.00% complete.
t1_sim:[62704. 62946. 62679.] t2_sim:[59877. 59659. 57505.]
Task is 21.00% complete.
t1_sim:[64101. 64383. 64280.] t2_sim:[60303. 60268. 60489.]
Task is 22.00% complete.
t1_sim:[64919. 64899. 65989.] t2_sim:[62513. 62234. 61275.]
Task is 23.00% complete.
t1_sim:[65891. 65273. 64949.] t2_sim:[64832. 64769. 62300.]
Task is 24.00% complete.
t1_sim:[59761. 59868. 59575.] t2_sim:[67138. 66635. 66829.]
Task is 25.00% complete.
t1_sim:[58228. 58161. 60238.] t2_sim:[66774. 66623. 64867.]
Task is 26.00% complete.
t1_sim:[64306. 64547. 65293.] t2_sim:[60423. 60648. 61844.]
Task is 27.00% complete.
t1_sim:[57139. 57662. 60050.] t2_sim:[61490. 60937. 60984.]
Task is 28.00% complete.
t1_sim:[61644. 62016. 60937.] t2_sim:[59949. 59751. 59856.]
Task is 29.00% complete.
t1_sim:[53917. 53704. 54536.] t2_sim:[61761. 61782. 62408.]
Task is 30.00% complete.
t1_sim:[63773. 64218. 64107.] t2_sim:[61124. 61117. 61371.]
Task is 31.00% complete.
t1_sim:[62812. 62453. 64698.] t2_sim:[60813. 61232. 60451.]
Task is 32.00% complete.
t1_sim:[56903. 57129. 57409.] t2_sim:[64884. 64513. 63867.]
Task is 33.00% complete.
t1_sim:[61552. 61850. 63916.] t2_sim:[67265. 67272. 64474.]
Task is 34.00% complete.
t1_sim:[57080. 56838. 57497.] t2_sim:[57842. 58531. 59302.]
Task is 35.00% complete.
t1_sim:[59262. 59571. 59014.] t2_sim:[61267. 61458. 62096.]
Task is 36.00% complete.
t1_sim:[61396. 61293. 62486.] t2_sim:[64159. 63830. 65408.]
Task is 37.00% complete.
t1_sim:[58315. 58408. 60552.] t2_sim:[69918. 70340. 71142.]
Task is 38.00% complete.
t1_sim:[61636. 61609. 61443.] t2_sim:[61239. 61129. 63834.]
Task is 39.00% complete.
t1_sim:[62930. 62697. 61855.] t2_sim:[63751. 63575. 64644.]
Task is 40.00% complete.
t1_sim:[59921. 60211. 60562.] t2_sim:[64076. 64639. 64086.]
Task is 41.00% complete.
t1_sim:[60155. 60602. 63047.] t2_sim:[56521. 56576. 59050.]
Task is 42.00% complete.
t1_sim:[63438. 63061. 61993.] t2_sim:[58266. 58193. 57242.]
Task is 43.00% complete.
t1_sim:[63109. 63009. 60623.] t2_sim:[63711. 63765. 63820.]
Task is 44.00% complete.
t1_sim:[55777. 55893. 55213.] t2_sim:[60570. 61197. 61927.]
Task is 45.00% complete.
t1_sim:[63747. 63987. 64103.] t2_sim:[59905. 59569. 59286.]
Task is 46.00% complete.
t1_sim:[59987. 59985. 57475.] t2_sim:[65594. 65862. 65333.]
Task is 47.00% complete.
t1_sim:[62311. 62478. 61979.] t2_sim:[61107. 61269. 64369.]
Task is 48.00% complete.
t1_sim:[54540. 54744. 57196.] t2_sim:[59585. 59417. 58785.]
Task is 49.00% complete.
t1_sim:[66631. 66962. 65221.] t2_sim:[60525. 60665. 60672.]
Task is 50.00% complete.
t1_sim:[63923. 63747. 63943.] t2_sim:[61932. 62122. 63827.]
Task is 51.00% complete.
t1_sim:[67959. 68258. 65834.] t2_sim:[65661. 65477. 65042.]
Task is 52.00% complete.
t1_sim:[63165. 62699. 61388.] t2_sim:[59511. 59479. 60468.]
Task is 53.00% complete.
t1_sim:[62491. 62424. 63758.] t2_sim:[60493. 60050. 63085.]
Task is 54.00% complete.
t1_sim:[62918. 63036. 61805.] t2_sim:[62342. 62231. 61609.]
Task is 55.00% complete.
t1_sim:[63767. 63666. 64614.] t2_sim:[64827. 64519. 65542.]
Task is 56.00% complete.
t1_sim:[57631. 57863. 56957.] t2_sim:[64602. 64262. 62210.]
Task is 57.00% complete.
t1_sim:[54769. 54498. 54724.] t2_sim:[64191. 64360. 65224.]
Task is 58.00% complete.
t1_sim:[61228. 61078. 62425.] t2_sim:[64834. 64357. 67025.]
Task is 59.00% complete.
t1_sim:[58455. 58280. 59221.] t2_sim:[59230. 59522. 61602.]
Task is 60.00% complete.
t1_sim:[64018. 64199. 66206.] t2_sim:[64806. 64440. 62569.]
Task is 61.00% complete.
t1_sim:[67343. 67470. 67760.] t2_sim:[61489. 61744. 61605.]
Task is 62.00% complete.
t1_sim:[68798. 69329. 69581.] t2_sim:[64197. 64322. 63979.]
Task is 63.00% complete.
t1_sim:[61979. 61928. 61553.] t2_sim:[54545. 54282. 52332.]
Task is 64.00% complete.
t1_sim:[61254. 60737. 61008.] t2_sim:[61760. 61157. 60255.]
Task is 65.00% complete.
t1_sim:[62314. 62307. 62599.] t2_sim:[67295. 67535. 64309.]
Task is 66.00% complete.
t1_sim:[62757. 63072. 61968.] t2_sim:[62972. 62642. 64152.]
Task is 67.00% complete.
t1_sim:[60910. 60921. 63299.] t2_sim:[58130. 58021. 61538.]
Task is 68.00% complete.
t1_sim:[62394. 62542. 61908.] t2_sim:[64309. 64515. 64540.]
Task is 69.00% complete.
t1_sim:[62563. 62517. 62905.] t2_sim:[63210. 62789. 62794.]
Task is 70.00% complete.
t1_sim:[59560. 59888. 59046.] t2_sim:[63893. 64259. 67465.]
Task is 71.00% complete.
t1_sim:[67074. 67404. 67030.] t2_sim:[63994. 63876. 62350.]
Task is 72.00% complete.
t1_sim:[67868. 68081. 69855.] t2_sim:[62131. 62102. 62309.]
Task is 73.00% complete.
t1_sim:[67630. 67672. 67728.] t2_sim:[58124. 57955. 59358.]
Task is 74.00% complete.
t1_sim:[63122. 63170. 63643.] t2_sim:[61536. 61606. 61292.]
Task is 75.00% complete.
t1_sim:[65979. 65481. 65020.] t2_sim:[63806. 64187. 64463.]
Task is 76.00% complete.
t1_sim:[63435. 63327. 60578.] t2_sim:[63849. 63970. 62044.]
Task is 77.00% complete.
t1_sim:[63724. 63564. 64387.] t2_sim:[62334. 62039. 59557.]
Task is 78.00% complete.
t1_sim:[58506. 58802. 59516.] t2_sim:[61690. 62157. 64906.]
Task is 79.00% complete.
t1_sim:[65506. 65024. 65332.] t2_sim:[58240. 58048. 55589.]
Task is 80.00% complete.
t1_sim:[60763. 60031. 61236.] t2_sim:[62514. 62747. 60844.]
Task is 81.00% complete.
t1_sim:[65953. 65702. 65768.] t2_sim:[65446. 65318. 63287.]
Task is 82.00% complete.
t1_sim:[70561. 70694. 72265.] t2_sim:[56104. 55944. 54457.]
Task is 83.00% complete.
t1_sim:[61170. 61222. 59805.] t2_sim:[63251. 63049. 62697.]
Task is 84.00% complete.
t1_sim:[61305. 61103. 61543.] t2_sim:[65745. 65366. 64221.]
Task is 85.00% complete.
t1_sim:[68470. 68437. 67231.] t2_sim:[60900. 60183. 60034.]
Task is 86.00% complete.
t1_sim:[57531. 57577. 56366.] t2_sim:[65770. 66061. 67319.]
Task is 87.00% complete.
t1_sim:[60245. 60390. 63534.] t2_sim:[59506. 59657. 60170.]
Task is 88.00% complete.
t1_sim:[64998. 65252. 61586.] t2_sim:[65727. 65831. 66053.]
Task is 89.00% complete.
t1_sim:[57181. 57361. 57605.] t2_sim:[61357. 60707. 59890.]
Task is 90.00% complete.
t1_sim:[65014. 65184. 65166.] t2_sim:[58009. 57898. 58517.]
Task is 91.00% complete.
t1_sim:[59855. 59762. 60857.] t2_sim:[63563. 63665. 62622.]
Task is 92.00% complete.
t1_sim:[60001. 60091. 60606.] t2_sim:[58883. 59059. 60267.]
Task is 93.00% complete.
t1_sim:[61243. 61390. 60842.] t2_sim:[63281. 63157. 62939.]
Task is 94.00% complete.
t1_sim:[60832. 60827. 61135.] t2_sim:[61765. 62011. 62581.]
Task is 95.00% complete.
t1_sim:[68402. 68463. 69492.] t2_sim:[59510. 59502. 58787.]
Task is 96.00% complete.
t1_sim:[60608. 60704. 60077.] t2_sim:[64624. 64284. 64901.]
Task is 97.00% complete.
t1_sim:[64763. 64545. 64219.] t2_sim:[54027. 54603. 55676.]
Task is 98.00% complete.
t1_sim:[57996. 58113. 59247.] t2_sim:[65984. 66614. 65798.]
Task is 99.00% complete.
t1_sim:[65829. 65502. 65467.] t2_sim:[63716. 63547. 62824.]
Training start
t1_obs:[array(67056.), array(67330.), array(64934.)] t2_obs:[array(66075.), array(65803.), array(66144.)]
corr_G1:[None, None, -0.1366124909571695] corr_G2:[None, None, 0.09643459633686002]
Training end
Task is 0.00% complete.
t1_sim:[62435. 62573. 61142.] t2_sim:[65825. 66302. 68126.]
Task is 1.00% complete.
t1_sim:[61928. 61979. 59556.] t2_sim:[66944. 67519. 68183.]
Task is 2.00% complete.
t1_sim:[64530. 64747. 64549.] t2_sim:[61800. 61841. 59993.]
Task is 3.00% complete.
t1_sim:[59311. 59115. 57030.] t2_sim:[63376. 63107. 61264.]
Task is 4.00% complete.
t1_sim:[58510. 58419. 56371.] t2_sim:[60246. 60521. 59504.]
Task is 5.00% complete.
t1_sim:[60795. 61202. 62518.] t2_sim:[56854. 56290. 57462.]
Task is 6.00% complete.
t1_sim:[60823. 60988. 59515.] t2_sim:[58574. 58244. 58293.]
Task is 7.00% complete.
t1_sim:[59055. 59507. 59908.] t2_sim:[62107. 62250. 64581.]
Task is 8.00% complete.
t1_sim:[61833. 62019. 57213.] t2_sim:[62102. 62543. 64299.]
Task is 9.00% complete.
t1_sim:[64668. 64546. 62571.] t2_sim:[60771. 60955. 60339.]
Task is 10.00% complete.
t1_sim:[64804. 64696. 62629.] t2_sim:[67555. 66713. 64652.]
Task is 11.00% complete.
t1_sim:[59562. 59641. 59013.] t2_sim:[62479. 62567. 62982.]
Task is 12.00% complete.
t1_sim:[64414. 64613. 58431.] t2_sim:[63700. 63147. 62119.]
Task is 13.00% complete.
t1_sim:[62257. 62363. 60443.] t2_sim:[60013. 59875. 62273.]
Task is 14.00% complete.
t1_sim:[62215. 61905. 58610.] t2_sim:[62787. 62693. 61833.]
Task is 15.00% complete.
t1_sim:[61811. 61503. 58767.] t2_sim:[65718. 65646. 64026.]
Task is 16.00% complete.
t1_sim:[68593. 68466. 65706.] t2_sim:[58755. 58397. 58428.]
Task is 17.00% complete.
t1_sim:[59263. 58955. 57043.] t2_sim:[59574. 59696. 59931.]
Task is 18.00% complete.
t1_sim:[56595. 56535. 56166.] t2_sim:[66461. 66470. 65239.]
Task is 19.00% complete.
t1_sim:[60180. 60624. 60037.] t2_sim:[58892. 58391. 56480.]
Task is 20.00% complete.
t1_sim:[58860. 58585. 57314.] t2_sim:[64809. 64897. 63599.]
Task is 21.00% complete.
t1_sim:[62591. 62670. 59886.] t2_sim:[59875. 59836. 61309.]
Task is 22.00% complete.
t1_sim:[61753. 61904. 61455.] t2_sim:[56024. 55941. 56368.]
Task is 23.00% complete.
t1_sim:[58735. 58478. 57684.] t2_sim:[61511. 62077. 61604.]
Task is 24.00% complete.
t1_sim:[61453. 61628. 59644.] t2_sim:[62020. 62444. 62624.]
Task is 25.00% complete.
t1_sim:[58053. 58194. 55603.] t2_sim:[62052. 62351. 62758.]
Task is 26.00% complete.
t1_sim:[58429. 58815. 58175.] t2_sim:[65339. 65516. 67799.]
Task is 27.00% complete.
t1_sim:[61588. 61507. 61428.] t2_sim:[64650. 64502. 62762.]
Task is 28.00% complete.
t1_sim:[65588. 65383. 65328.] t2_sim:[65812. 65617. 65085.]
Task is 29.00% complete.
t1_sim:[64912. 64902. 64225.] t2_sim:[63683. 63645. 64085.]
Task is 30.00% complete.
t1_sim:[60352. 60356. 57752.] t2_sim:[58097. 58294. 59246.]
Task is 31.00% complete.
t1_sim:[60392. 60375. 59006.] t2_sim:[62934. 62690. 65341.]
Task is 32.00% complete.
t1_sim:[64247. 64043. 63865.] t2_sim:[65118. 65063. 65231.]
Task is 33.00% complete.
t1_sim:[64006. 63525. 61314.] t2_sim:[63782. 64205. 61244.]
Task is 34.00% complete.
t1_sim:[64444. 64040. 62682.] t2_sim:[60079. 60532. 60333.]
Task is 35.00% complete.
t1_sim:[64733. 64931. 60474.] t2_sim:[59356. 59980. 60083.]
Task is 36.00% complete.
t1_sim:[61826. 61789. 59585.] t2_sim:[60338. 60456. 61874.]
Task is 37.00% complete.
t1_sim:[61596. 61114. 60149.] t2_sim:[56272. 56553. 57295.]
Task is 38.00% complete.
t1_sim:[59570. 59484. 58466.] t2_sim:[61176. 60824. 61441.]
Task is 39.00% complete.
t1_sim:[58741. 58567. 58327.] t2_sim:[63175. 63519. 63121.]
Task is 40.00% complete.
t1_sim:[56702. 56248. 55795.] t2_sim:[63327. 63681. 63225.]
Task is 41.00% complete.
t1_sim:[61057. 60858. 58964.] t2_sim:[56476. 56436. 58032.]
Task is 42.00% complete.
t1_sim:[61565. 61444. 58073.] t2_sim:[62218. 61610. 60620.]
Task is 43.00% complete.
t1_sim:[59547. 59057. 55910.] t2_sim:[64751. 64141. 64246.]
Task is 44.00% complete.
t1_sim:[65830. 65630. 62734.] t2_sim:[57113. 56530. 57931.]
Task is 45.00% complete.
t1_sim:[59917. 59764. 57801.] t2_sim:[58928. 59080. 59770.]
Task is 46.00% complete.
t1_sim:[57960. 57956. 58989.] t2_sim:[59395. 59313. 59591.]
Task is 47.00% complete.
t1_sim:[64292. 64045. 61143.] t2_sim:[59229. 59452. 61895.]
Task is 48.00% complete.
t1_sim:[62273. 62462. 62713.] t2_sim:[61200. 61037. 62273.]
Task is 49.00% complete.
t1_sim:[66654. 67058. 65098.] t2_sim:[63227. 63665. 65072.]
Task is 50.00% complete.
t1_sim:[62703. 62889. 63375.] t2_sim:[65844. 66052. 66701.]
Task is 51.00% complete.
t1_sim:[59866. 59963. 58992.] t2_sim:[62101. 61945. 61707.]
Task is 52.00% complete.
t1_sim:[65193. 64590. 62421.] t2_sim:[60074. 59832. 60412.]
Task is 53.00% complete.
t1_sim:[67237. 67295. 65321.] t2_sim:[65068. 65031. 63609.]
Task is 54.00% complete.
t1_sim:[59590. 59375. 56487.] t2_sim:[64275. 64608. 66155.]
Task is 55.00% complete.
t1_sim:[57044. 56641. 51897.] t2_sim:[68339. 68687. 68683.]
Task is 56.00% complete.
t1_sim:[66085. 65973. 65756.] t2_sim:[61787. 62095. 62564.]
Task is 57.00% complete.
t1_sim:[66179. 65948. 62906.] t2_sim:[69047. 69137. 69442.]
Task is 58.00% complete.
t1_sim:[60732. 60504. 59281.] t2_sim:[62848. 62873. 61916.]
Task is 59.00% complete.
t1_sim:[62857. 62698. 61925.] t2_sim:[59071. 59043. 58568.]
Task is 60.00% complete.
t1_sim:[69704. 70202. 67615.] t2_sim:[62662. 62790. 62635.]
Task is 61.00% complete.
t1_sim:[61308. 61420. 60713.] t2_sim:[65830. 65772. 64407.]
Task is 62.00% complete.
t1_sim:[61154. 60930. 58443.] t2_sim:[59992. 59682. 58093.]
Task is 63.00% complete.
t1_sim:[66219. 66781. 63771.] t2_sim:[61872. 61463. 61359.]
Task is 64.00% complete.
t1_sim:[63753. 63570. 59607.] t2_sim:[61765. 62029. 61396.]
Task is 65.00% complete.
t1_sim:[61663. 61679. 57099.] t2_sim:[59686. 59742. 58955.]
Task is 66.00% complete.
t1_sim:[64750. 64553. 64528.] t2_sim:[68719. 68693. 67910.]
Task is 67.00% complete.
t1_sim:[65414. 65155. 65326.] t2_sim:[61935. 62119. 62764.]
Task is 68.00% complete.
t1_sim:[62540. 62696. 60038.] t2_sim:[67271. 66440. 66377.]
Task is 69.00% complete.
t1_sim:[60466. 60373. 57123.] t2_sim:[70692. 70458. 71160.]
Task is 70.00% complete.
t1_sim:[61815. 62187. 62173.] t2_sim:[61002. 61194. 62489.]
Task is 71.00% complete.
t1_sim:[61846. 61879. 62192.] t2_sim:[57899. 58254. 60266.]
Task is 72.00% complete.
t1_sim:[57417. 57162. 59636.] t2_sim:[66979. 67068. 64574.]
Task is 73.00% complete.
t1_sim:[59002. 59340. 55841.] t2_sim:[65084. 64951. 62779.]
Task is 74.00% complete.
t1_sim:[57176. 57278. 55113.] t2_sim:[59302. 59443. 62213.]
Task is 75.00% complete.
t1_sim:[63400. 63367. 59727.] t2_sim:[64848. 64933. 62386.]
Task is 76.00% complete.
t1_sim:[66105. 65423. 62944.] t2_sim:[62249. 62362. 62210.]
Task is 77.00% complete.
t1_sim:[63289. 63279. 62926.] t2_sim:[63150. 62635. 62972.]
Task is 78.00% complete.
t1_sim:[60788. 60499. 60234.] t2_sim:[58922. 58565. 58146.]
Task is 79.00% complete.
t1_sim:[62866. 62309. 61697.] t2_sim:[65239. 65364. 67769.]
Task is 80.00% complete.
t1_sim:[62707. 62646. 62132.] t2_sim:[69190. 69018. 68055.]
Task is 81.00% complete.
t1_sim:[69060. 68895. 68842.] t2_sim:[60851. 61027. 60908.]
Task is 82.00% complete.
t1_sim:[62084. 61838. 61930.] t2_sim:[58652. 58675. 59540.]
Task is 83.00% complete.
t1_sim:[60698. 60749. 60533.] t2_sim:[60006. 59818. 61649.]
Task is 84.00% complete.
t1_sim:[56804. 57259. 59391.] t2_sim:[63334. 63447. 63689.]
Task is 85.00% complete.
t1_sim:[63926. 64121. 60088.] t2_sim:[63168. 63259. 64442.]
Task is 86.00% complete.
t1_sim:[59210. 59481. 57502.] t2_sim:[61815. 62487. 62086.]
Task is 87.00% complete.
t1_sim:[67937. 67682. 63467.] t2_sim:[64094. 63921. 66376.]
Task is 88.00% complete.
t1_sim:[61914. 62229. 62583.] t2_sim:[63119. 63460. 63496.]
Task is 89.00% complete.
t1_sim:[68238. 68204. 65888.] t2_sim:[63245. 63639. 64599.]
Task is 90.00% complete.
t1_sim:[59035. 58939. 56275.] t2_sim:[66069. 66232. 65297.]
Task is 91.00% complete.
t1_sim:[60210. 60457. 58746.] t2_sim:[63595. 63607. 64240.]
Task is 92.00% complete.
t1_sim:[67807. 67784. 66400.] t2_sim:[57038. 57039. 59711.]
Task is 93.00% complete.
t1_sim:[61591. 61411. 59854.] t2_sim:[60264. 60507. 59452.]
Task is 94.00% complete.
t1_sim:[58371. 58290. 59680.] t2_sim:[59506. 59865. 61118.]
Task is 95.00% complete.
t1_sim:[63900. 64029. 65322.] t2_sim:[62738. 63366. 61309.]
Task is 96.00% complete.
t1_sim:[65100. 65080. 60940.] t2_sim:[64421. 64704. 64430.]
Task is 97.00% complete.
t1_sim:[72105. 72135. 67120.] t2_sim:[67445. 67061. 65880.]
Task is 98.00% complete.
t1_sim:[65918. 66355. 64759.] t2_sim:[62695. 62722. 63798.]
Task is 99.00% complete.
t1_sim:[61605. 61615. 58396.] t2_sim:[63905. 63948. 64434.]
Finished
