/scratch/jz4721/Post-prediction-Causal-Inference/venv/lib/python3.8/site-packages/numpy/core/getlimits.py:518: UserWarning: The value of the smallest subnormal for <class 'numpy.float64'> type is zero.
  setattr(self, word, getattr(machar, word).flat[0])
/scratch/jz4721/Post-prediction-Causal-Inference/venv/lib/python3.8/site-packages/numpy/core/getlimits.py:89: UserWarning: The value of the smallest subnormal for <class 'numpy.float64'> type is zero.
  return self._float_to_str(self.smallest_subnormal)
/scratch/jz4721/Post-prediction-Causal-Inference/venv/lib/python3.8/site-packages/numpy/core/getlimits.py:518: UserWarning: The value of the smallest subnormal for <class 'numpy.float32'> type is zero.
  setattr(self, word, getattr(machar, word).flat[0])
/scratch/jz4721/Post-prediction-Causal-Inference/venv/lib/python3.8/site-packages/numpy/core/getlimits.py:89: UserWarning: The value of the smallest subnormal for <class 'numpy.float32'> type is zero.
  return self._float_to_str(self.smallest_subnormal)
Training start
t1_obs:[array(67448.), array(67107.), array(65738.)] t2_obs:[array(60983.), array(60959.), array(61666.)]
corr_G1:[None, None, 2.5895137298941887e-17] corr_G2:[None, None, 1.7118890210288165e-17]
Training end
Task is 0.00% complete.
t1_sim:[64868. 65092. 63697.] t2_sim:[62239. 62315. 64975.]
Task is 1.00% complete.
t1_sim:[61267. 61060. 61273.] t2_sim:[62138. 61976. 60550.]
Task is 2.00% complete.
t1_sim:[61968. 62075. 59550.] t2_sim:[63636. 63735. 62070.]
Task is 3.00% complete.
t1_sim:[62362. 62569. 61238.] t2_sim:[67104. 67122. 65969.]
Task is 4.00% complete.
t1_sim:[68610. 68947. 69086.] t2_sim:[64589. 64371. 61816.]
Task is 5.00% complete.
t1_sim:[61524. 61534. 65065.] t2_sim:[60664. 60582. 58212.]
Task is 6.00% complete.
t1_sim:[62255. 62517. 61976.] t2_sim:[63553. 63723. 66181.]
Task is 7.00% complete.
t1_sim:[60955. 60744. 61380.] t2_sim:[62607. 62796. 64986.]
Task is 8.00% complete.
t1_sim:[65641. 65522. 64214.] t2_sim:[65444. 66209. 67599.]
Task is 9.00% complete.
t1_sim:[60242. 60143. 62698.] t2_sim:[61028. 60949. 56689.]
Task is 10.00% complete.
t1_sim:[60165. 60118. 58633.] t2_sim:[60752. 60960. 56479.]
Task is 11.00% complete.
t1_sim:[64912. 64784. 60724.] t2_sim:[58079. 58127. 60316.]
Task is 12.00% complete.
t1_sim:[59693. 59809. 58403.] t2_sim:[65502. 65307. 64492.]
Task is 13.00% complete.
t1_sim:[61614. 62351. 63727.] t2_sim:[59321. 59417. 62600.]
Task is 14.00% complete.
t1_sim:[61278. 61373. 58036.] t2_sim:[67070. 66713. 67850.]
Task is 15.00% complete.
t1_sim:[61065. 60602. 61105.] t2_sim:[60978. 61088. 61118.]
Task is 16.00% complete.
t1_sim:[61726. 61572. 60959.] t2_sim:[63206. 63171. 66736.]
Task is 17.00% complete.
t1_sim:[69351. 68851. 63837.] t2_sim:[61438. 61953. 64632.]
Task is 18.00% complete.
t1_sim:[64255. 64333. 63608.] t2_sim:[60013. 60463. 62964.]
Task is 19.00% complete.
t1_sim:[63339. 63188. 62870.] t2_sim:[62639. 62553. 62066.]
Task is 20.00% complete.
t1_sim:[65831. 66328. 65130.] t2_sim:[65658. 65452. 66110.]
Task is 21.00% complete.
t1_sim:[60185. 59816. 63505.] t2_sim:[63834. 63494. 62708.]
Task is 22.00% complete.
t1_sim:[62991. 63008. 66308.] t2_sim:[57226. 57676. 57771.]
Task is 23.00% complete.
t1_sim:[65225. 64998. 63284.] t2_sim:[64110. 64196. 62464.]
Task is 24.00% complete.
t1_sim:[59343. 59307. 58135.] t2_sim:[60853. 60892. 61809.]
Task is 25.00% complete.
t1_sim:[61392. 61801. 61111.] t2_sim:[65218. 64899. 64624.]
Task is 26.00% complete.
t1_sim:[59135. 58951. 57128.] t2_sim:[56088. 56356. 56888.]
Task is 27.00% complete.
t1_sim:[71582. 71470. 71674.] t2_sim:[65368. 65850. 67815.]
Task is 28.00% complete.
t1_sim:[66652. 66631. 67622.] t2_sim:[65840. 65460. 65965.]
Task is 29.00% complete.
t1_sim:[59200. 59316. 64023.] t2_sim:[63764. 63375. 62554.]
Task is 30.00% complete.
t1_sim:[62752. 62901. 63178.] t2_sim:[67277. 67270. 63194.]
Task is 31.00% complete.
t1_sim:[66698. 66645. 66576.] t2_sim:[64290. 63956. 65928.]
Task is 32.00% complete.
t1_sim:[66706. 66143. 62381.] t2_sim:[61207. 61360. 61710.]
Task is 33.00% complete.
t1_sim:[58954. 58629. 61642.] t2_sim:[70462. 70668. 71714.]
Task is 34.00% complete.
t1_sim:[58490. 58125. 59534.] t2_sim:[60399. 60982. 62083.]
Task is 35.00% complete.
t1_sim:[60984. 61226. 60013.] t2_sim:[60427. 60595. 61129.]
Task is 36.00% complete.
t1_sim:[62413. 62654. 61440.] t2_sim:[60057. 60056. 62123.]
Task is 37.00% complete.
t1_sim:[64262. 64143. 65865.] t2_sim:[60532. 60400. 61373.]
Task is 38.00% complete.
t1_sim:[62290. 62099. 58935.] t2_sim:[65942. 66133. 66251.]
Task is 39.00% complete.
t1_sim:[60072. 59772. 58273.] t2_sim:[61110. 61420. 55877.]
Task is 40.00% complete.
t1_sim:[65872. 66246. 66593.] t2_sim:[66048. 65962. 66745.]
Task is 41.00% complete.
t1_sim:[64503. 64807. 64158.] t2_sim:[59838. 60314. 63696.]
Task is 42.00% complete.
t1_sim:[63483. 64024. 63122.] t2_sim:[61627. 61037. 60660.]
Task is 43.00% complete.
t1_sim:[61917. 61876. 61970.] t2_sim:[64592. 63981. 60252.]
Task is 44.00% complete.
t1_sim:[62336. 62607. 60614.] t2_sim:[59155. 58922. 59155.]
Task is 45.00% complete.
t1_sim:[59345. 59779. 60289.] t2_sim:[62904. 63052. 64525.]
Task is 46.00% complete.
t1_sim:[65080. 65220. 64132.] t2_sim:[68622. 69018. 68303.]
Task is 47.00% complete.
t1_sim:[62330. 62089. 61147.] t2_sim:[61827. 61884. 58832.]
Task is 48.00% complete.
t1_sim:[64053. 63862. 62993.] t2_sim:[62888. 63029. 62596.]
Task is 49.00% complete.
t1_sim:[61525. 60826. 58517.] t2_sim:[57992. 57804. 61622.]
Task is 50.00% complete.
t1_sim:[65429. 66071. 62923.] t2_sim:[63532. 63439. 65701.]
Task is 51.00% complete.
t1_sim:[65528. 65384. 65526.] t2_sim:[65235. 65732. 65421.]
Task is 52.00% complete.
t1_sim:[64776. 64458. 62142.] t2_sim:[61366. 61233. 64052.]
Task is 53.00% complete.
t1_sim:[62271. 62609. 62164.] t2_sim:[57433. 57176. 58104.]
Task is 54.00% complete.
t1_sim:[64285. 64037. 64598.] t2_sim:[66593. 66795. 64556.]
Task is 55.00% complete.
t1_sim:[62958. 63001. 67488.] t2_sim:[66250. 65886. 62391.]
Task is 56.00% complete.
t1_sim:[60822. 60612. 60310.] t2_sim:[57762. 58710. 61008.]
Task is 57.00% complete.
t1_sim:[64359. 64441. 64057.] t2_sim:[65898. 66063. 67448.]
Task is 58.00% complete.
t1_sim:[61294. 61411. 57984.] t2_sim:[63510. 63242. 63957.]
Task is 59.00% complete.
t1_sim:[62949. 62810. 65200.] t2_sim:[66398. 66233. 66209.]
Task is 60.00% complete.
t1_sim:[62557. 62643. 59883.] t2_sim:[59709. 59594. 58560.]
Task is 61.00% complete.
t1_sim:[61367. 61679. 60584.] t2_sim:[59508. 59586. 61193.]
Task is 62.00% complete.
t1_sim:[63459. 63478. 64124.] t2_sim:[65310. 64607. 64445.]
Task is 63.00% complete.
t1_sim:[69303. 69242. 69064.] t2_sim:[66072. 65706. 61521.]
Task is 64.00% complete.
t1_sim:[60327. 60126. 61749.] t2_sim:[62020. 61971. 60604.]
Task is 65.00% complete.
t1_sim:[56102. 56115. 55199.] t2_sim:[61771. 61658. 58942.]
Task is 66.00% complete.
t1_sim:[57747. 58067. 57739.] t2_sim:[58025. 57646. 58946.]
Task is 67.00% complete.
t1_sim:[61966. 61574. 58779.] t2_sim:[64142. 64228. 64752.]
Task is 68.00% complete.
t1_sim:[62322. 62538. 63835.] t2_sim:[58141. 57900. 58983.]
Task is 69.00% complete.
t1_sim:[61193. 61471. 63926.] t2_sim:[61414. 61458. 63534.]
Task is 70.00% complete.
t1_sim:[62956. 62889. 61468.] t2_sim:[63940. 64414. 63844.]
Task is 71.00% complete.
t1_sim:[59829. 60213. 61219.] t2_sim:[62396. 62387. 62126.]
Task is 72.00% complete.
t1_sim:[59939. 59684. 60866.] t2_sim:[67852. 67416. 67498.]
Task is 73.00% complete.
t1_sim:[62665. 62623. 60886.] t2_sim:[54656. 54737. 56132.]
Task is 74.00% complete.
t1_sim:[60035. 59956. 57398.] t2_sim:[59256. 59546. 60217.]
Task is 75.00% complete.
t1_sim:[70153. 69853. 67767.] t2_sim:[65183. 65455. 65509.]
Task is 76.00% complete.
t1_sim:[71177. 71298. 71521.] t2_sim:[62689. 62690. 63245.]
Task is 77.00% complete.
t1_sim:[65167. 64969. 65123.] t2_sim:[59733. 59102. 60999.]
Task is 78.00% complete.
t1_sim:[71071. 71354. 69001.] t2_sim:[60804. 60532. 54990.]
Task is 79.00% complete.
t1_sim:[58762. 59246. 61438.] t2_sim:[65337. 64668. 60964.]
Task is 80.00% complete.
t1_sim:[65330. 64776. 67971.] t2_sim:[64712. 64622. 64355.]
Task is 81.00% complete.
t1_sim:[60968. 61047. 59435.] t2_sim:[57546. 57487. 55692.]
Task is 82.00% complete.
t1_sim:[63508. 63311. 61653.] t2_sim:[64552. 64126. 68037.]
Task is 83.00% complete.
t1_sim:[61668. 61905. 61347.] t2_sim:[56094. 56369. 57990.]
Task is 84.00% complete.
t1_sim:[64861. 65035. 66975.] t2_sim:[60157. 59585. 63955.]
Task is 85.00% complete.
t1_sim:[57196. 56996. 58897.] t2_sim:[57026. 56945. 56672.]
Task is 86.00% complete.
t1_sim:[64479. 64710. 64881.] t2_sim:[63779. 63337. 61825.]
Task is 87.00% complete.
t1_sim:[63758. 63725. 62020.] t2_sim:[61721. 61729. 60962.]
Task is 88.00% complete.
t1_sim:[65257. 64686. 66207.] t2_sim:[64833. 65051. 66724.]
Task is 89.00% complete.
t1_sim:[61109. 61163. 60371.] t2_sim:[59898. 60231. 61301.]
Task is 90.00% complete.
t1_sim:[65103. 64634. 59512.] t2_sim:[72589. 72363. 67568.]
Task is 91.00% complete.
t1_sim:[58380. 58425. 62886.] t2_sim:[57363. 57741. 55959.]
Task is 92.00% complete.
t1_sim:[60601. 60879. 62234.] t2_sim:[59419. 58804. 59290.]
Task is 93.00% complete.
t1_sim:[70768. 71080. 67948.] t2_sim:[63961. 64363. 63107.]
Task is 94.00% complete.
t1_sim:[58910. 58600. 58316.] t2_sim:[62148. 62260. 64105.]
Task is 95.00% complete.
t1_sim:[60605. 60969. 62163.] t2_sim:[64893. 64716. 64310.]
Task is 96.00% complete.
t1_sim:[61869. 61446. 61689.] t2_sim:[64052. 63757. 65922.]
Task is 97.00% complete.
t1_sim:[61716. 61923. 64206.] t2_sim:[62400. 61976. 59717.]
Task is 98.00% complete.
t1_sim:[65921. 66663. 68229.] t2_sim:[59449. 59505. 61482.]
Task is 99.00% complete.
t1_sim:[60992. 60840. 61191.] t2_sim:[60081. 59899. 58127.]
Training start
t1_obs:[array(67448.), array(67107.), array(65800.)] t2_obs:[array(60983.), array(60959.), array(62337.)]
corr_G1:[None, None, 0.9887975085960574] corr_G2:[None, None, 0.9954005429136521]
Training end
Task is 0.00% complete.
t1_sim:[63118. 63300. 62684.] t2_sim:[57204. 57345. 57425.]
Task is 1.00% complete.
t1_sim:[60256. 60128. 60207.] t2_sim:[62527. 62859. 63727.]
Task is 2.00% complete.
t1_sim:[59375. 59791. 59549.] t2_sim:[58794. 58940. 58773.]
Task is 3.00% complete.
t1_sim:[62039. 62066. 60636.] t2_sim:[61108. 60883. 61595.]
Task is 4.00% complete.
t1_sim:[60696. 61172. 61550.] t2_sim:[59003. 59374. 56090.]
Task is 5.00% complete.
t1_sim:[59527. 59649. 59985.] t2_sim:[60234. 60625. 62572.]
Task is 6.00% complete.
t1_sim:[64966. 64986. 64552.] t2_sim:[62910. 63176. 64787.]
Task is 7.00% complete.
t1_sim:[67217. 66987. 65823.] t2_sim:[59229. 59463. 61161.]
Task is 8.00% complete.
t1_sim:[65202. 65348. 65831.] t2_sim:[58317. 57840. 56522.]
Task is 9.00% complete.
t1_sim:[62146. 62821. 61857.] t2_sim:[59930. 60007. 59573.]
Task is 10.00% complete.
t1_sim:[59246. 59064. 61391.] t2_sim:[60464. 60339. 59021.]
Task is 11.00% complete.
t1_sim:[60610. 59837. 59433.] t2_sim:[62388. 62505. 61906.]
Task is 12.00% complete.
t1_sim:[60635. 60662. 61931.] t2_sim:[63214. 63015. 63869.]
Task is 13.00% complete.
t1_sim:[59036. 58990. 59112.] t2_sim:[62498. 62849. 63071.]
Task is 14.00% complete.
t1_sim:[63889. 64141. 67207.] t2_sim:[57385. 57380. 56162.]
Task is 15.00% complete.
t1_sim:[62881. 63230. 62356.] t2_sim:[59755. 59947. 58970.]
Task is 16.00% complete.
t1_sim:[60802. 60955. 62200.] t2_sim:[58634. 59349. 61052.]
Task is 17.00% complete.
t1_sim:[64963. 64929. 62315.] t2_sim:[59931. 60236. 59075.]
Task is 18.00% complete.
t1_sim:[58920. 58887. 59356.] t2_sim:[58983. 58871. 58502.]
Task is 19.00% complete.
t1_sim:[64479. 64230. 65046.] t2_sim:[66666. 66951. 65351.]
Task is 20.00% complete.
t1_sim:[64241. 64135. 62032.] t2_sim:[60482. 60610. 59611.]
Task is 21.00% complete.
t1_sim:[59495. 59107. 59099.] t2_sim:[61326. 61564. 61429.]
Task is 22.00% complete.
t1_sim:[57184. 57233. 56063.] t2_sim:[55838. 55642. 57440.]
Task is 23.00% complete.
t1_sim:[66354. 66423. 64941.] t2_sim:[61883. 62562. 64343.]
Task is 24.00% complete.
t1_sim:[62990. 63222. 62323.] t2_sim:[63330. 63134. 61136.]
Task is 25.00% complete.
t1_sim:[67225. 66970. 66827.] t2_sim:[58515. 58539. 58101.]
Task is 26.00% complete.
t1_sim:[62337. 62501. 62503.] t2_sim:[61512. 61553. 60898.]
Task is 27.00% complete.
t1_sim:[59421. 58926. 58612.] t2_sim:[67692. 67728. 67860.]
Task is 28.00% complete.
t1_sim:[66391. 65891. 65155.] t2_sim:[60500. 60291. 57325.]
Task is 29.00% complete.
t1_sim:[67029. 67254. 68513.] t2_sim:[66202. 66479. 69830.]
Task is 30.00% complete.
t1_sim:[63590. 63492. 64012.] t2_sim:[63190. 63124. 64697.]
Task is 31.00% complete.
t1_sim:[67012. 66988. 67541.] t2_sim:[54267. 54531. 54073.]
Task is 32.00% complete.
t1_sim:[60183. 60524. 59712.] t2_sim:[62236. 62744. 63667.]
Task is 33.00% complete.
t1_sim:[63684. 63513. 60790.] t2_sim:[65055. 65005. 66786.]
Task is 34.00% complete.
t1_sim:[65676. 65212. 61178.] t2_sim:[65525. 65376. 65355.]
Task is 35.00% complete.
t1_sim:[61356. 61170. 60882.] t2_sim:[65870. 66350. 66356.]
Task is 36.00% complete.
t1_sim:[63965. 64148. 65275.] t2_sim:[62172. 62289. 63740.]
Task is 37.00% complete.
t1_sim:[65583. 65765. 66857.] t2_sim:[63492. 63564. 63386.]
Task is 38.00% complete.
t1_sim:[56876. 56474. 57098.] t2_sim:[61049. 60649. 60684.]
Task is 39.00% complete.
t1_sim:[55860. 55941. 58818.] t2_sim:[58182. 58271. 57348.]
Task is 40.00% complete.
t1_sim:[59632. 59508. 59980.] t2_sim:[60457. 60356. 60335.]
Task is 41.00% complete.
t1_sim:[65383. 65215. 65166.] t2_sim:[63224. 63002. 61962.]
Task is 42.00% complete.
t1_sim:[63638. 63165. 63422.] t2_sim:[73178. 73083. 73335.]
Task is 43.00% complete.
t1_sim:[58074. 58047. 58064.] t2_sim:[61626. 61710. 59739.]
Task is 44.00% complete.
t1_sim:[63112. 63208. 61889.] t2_sim:[65249. 65390. 65543.]
Task is 45.00% complete.
t1_sim:[65847. 65241. 65031.] t2_sim:[60046. 60073. 59582.]
Task is 46.00% complete.
t1_sim:[64591. 64822. 65516.] t2_sim:[65353. 65062. 64486.]
Task is 47.00% complete.
t1_sim:[63030. 62900. 62471.] t2_sim:[65912. 65641. 66616.]
Task is 48.00% complete.
t1_sim:[66643. 67025. 68736.] t2_sim:[60622. 60397. 59826.]
Task is 49.00% complete.
t1_sim:[64166. 63762. 62886.] t2_sim:[64464. 64302. 64900.]
Task is 50.00% complete.
t1_sim:[62413. 62408. 61871.] t2_sim:[68110. 68376. 66571.]
Task is 51.00% complete.
t1_sim:[59404. 58760. 59114.] t2_sim:[65263. 65059. 67066.]
Task is 52.00% complete.
t1_sim:[70097. 69689. 65880.] t2_sim:[60603. 60457. 59886.]
Task is 53.00% complete.
t1_sim:[65020. 65049. 65564.] t2_sim:[66682. 66848. 63795.]
Task is 54.00% complete.
t1_sim:[62919. 63287. 62144.] t2_sim:[62577. 62694. 62397.]
Task is 55.00% complete.
t1_sim:[59151. 59154. 57104.] t2_sim:[58306. 57928. 58735.]
Task is 56.00% complete.
t1_sim:[68340. 68510. 67160.] t2_sim:[63851. 63497. 63091.]
Task is 57.00% complete.
t1_sim:[61159. 61274. 62759.] t2_sim:[70201. 70412. 69819.]
Task is 58.00% complete.
t1_sim:[62847. 62913. 63554.] t2_sim:[66430. 66529. 65769.]
Task is 59.00% complete.
t1_sim:[65731. 65387. 63685.] t2_sim:[63022. 62959. 64103.]
Task is 60.00% complete.
t1_sim:[66138. 66031. 63573.] t2_sim:[68119. 68035. 68531.]
Task is 61.00% complete.
t1_sim:[59102. 58723. 61007.] t2_sim:[64169. 63842. 64856.]
Task is 62.00% complete.
t1_sim:[65371. 65721. 66960.] t2_sim:[61691. 61758. 61839.]
Task is 63.00% complete.
t1_sim:[61960. 61951. 60329.] t2_sim:[60458. 60150. 63084.]
Task is 64.00% complete.
t1_sim:[61748. 61777. 63315.] t2_sim:[59483. 59568. 59237.]
Task is 65.00% complete.
t1_sim:[65716. 66454. 64559.] t2_sim:[64763. 64480. 61773.]
Task is 66.00% complete.
t1_sim:[57685. 57730. 60139.] t2_sim:[66429. 66759. 66776.]
Task is 67.00% complete.
t1_sim:[61060. 60678. 61047.] t2_sim:[71599. 71333. 72084.]
Task is 68.00% complete.
t1_sim:[67124. 67531. 66615.] t2_sim:[59156. 59169. 60544.]
Task is 69.00% complete.
t1_sim:[66307. 66260. 64666.] t2_sim:[60089. 59816. 58965.]
Task is 70.00% complete.
t1_sim:[69072. 69129. 70207.] t2_sim:[61800. 61676. 61428.]
Task is 71.00% complete.
t1_sim:[70088. 70047. 69204.] t2_sim:[64388. 64136. 63367.]
Task is 72.00% complete.
t1_sim:[61595. 61561. 61933.] t2_sim:[56989. 57095. 56796.]
Task is 73.00% complete.
t1_sim:[65369. 65844. 66523.] t2_sim:[64021. 63657. 59440.]
Task is 74.00% complete.
t1_sim:[61431. 62107. 63471.] t2_sim:[55052. 54158. 53980.]
Task is 75.00% complete.
t1_sim:[64754. 64805. 63018.] t2_sim:[65722. 66275. 67131.]
Task is 76.00% complete.
t1_sim:[65118. 64780. 65020.] t2_sim:[60153. 60751. 60985.]
Task is 77.00% complete.
t1_sim:[57943. 57970. 58788.] t2_sim:[59934. 59824. 60781.]
Task is 78.00% complete.
t1_sim:[61276. 62062. 61807.] t2_sim:[67782. 67968. 66406.]
Task is 79.00% complete.
t1_sim:[62914. 63531. 63810.] t2_sim:[56934. 56442. 57245.]
Task is 80.00% complete.
t1_sim:[59624. 59608. 58004.] t2_sim:[65128. 64531. 64369.]
Task is 81.00% complete.
t1_sim:[55275. 55449. 57219.] t2_sim:[59907. 60042. 61886.]
Task is 82.00% complete.
t1_sim:[64909. 64524. 64572.] t2_sim:[60489. 60859. 59204.]
Task is 83.00% complete.
t1_sim:[61605. 61629. 62226.] t2_sim:[62096. 61566. 60465.]
Task is 84.00% complete.
t1_sim:[58645. 58790. 57543.] t2_sim:[57574. 58060. 59174.]
Task is 85.00% complete.
t1_sim:[64665. 64159. 65255.] t2_sim:[58802. 58913. 56632.]
Task is 86.00% complete.
t1_sim:[60769. 61316. 60997.] t2_sim:[57978. 57521. 58020.]
Task is 87.00% complete.
t1_sim:[56252. 55951. 57486.] t2_sim:[71186. 70975. 70505.]
Task is 88.00% complete.
t1_sim:[64809. 64611. 61328.] t2_sim:[65796. 65601. 66183.]
Task is 89.00% complete.
t1_sim:[66598. 67139. 66256.] t2_sim:[67001. 67178. 66684.]
Task is 90.00% complete.
t1_sim:[60305. 60189. 59338.] t2_sim:[57800. 57983. 57485.]
Task is 91.00% complete.
t1_sim:[66003. 66023. 66666.] t2_sim:[63288. 63382. 64228.]
Task is 92.00% complete.
t1_sim:[61511. 61382. 61351.] t2_sim:[65884. 65535. 64463.]
Task is 93.00% complete.
t1_sim:[64610. 64627. 63710.] t2_sim:[58767. 59155. 58732.]
Task is 94.00% complete.
t1_sim:[61228. 61389. 60195.] t2_sim:[59126. 59089. 58377.]
Task is 95.00% complete.
t1_sim:[60943. 60843. 59728.] t2_sim:[65247. 65451. 65025.]
Task is 96.00% complete.
t1_sim:[68145. 67648. 68876.] t2_sim:[57835. 58484. 58596.]
Task is 97.00% complete.
t1_sim:[65435. 65047. 64707.] t2_sim:[61039. 60469. 61403.]
Task is 98.00% complete.
t1_sim:[60179. 60501. 61120.] t2_sim:[62170. 62061. 59926.]
Task is 99.00% complete.
t1_sim:[62422. 62450. 60913.] t2_sim:[59547. 59370. 60162.]
Training start
t1_obs:[array(67448.), array(67107.), array(65098.)] t2_obs:[array(60983.), array(60959.), array(62448.)]
corr_G1:[None, None, -0.0389560177691466] corr_G2:[None, None, -0.12036733381046963]
Training end
Task is 0.00% complete.
t1_sim:[62595. 63037. 63694.] t2_sim:[65691. 65934. 63099.]
Task is 1.00% complete.
t1_sim:[61594. 62035. 64290.] t2_sim:[62731. 62461. 61771.]
Task is 2.00% complete.
t1_sim:[60433. 60863. 62691.] t2_sim:[59001. 58858. 55875.]
Task is 3.00% complete.
t1_sim:[60644. 61356. 61641.] t2_sim:[62769. 62824. 63215.]
Task is 4.00% complete.
t1_sim:[61026. 60670. 61709.] t2_sim:[62075. 62170. 61096.]
Task is 5.00% complete.
t1_sim:[65428. 65329. 66847.] t2_sim:[60468. 60956. 62163.]
Task is 6.00% complete.
t1_sim:[63153. 62969. 60797.] t2_sim:[61652. 61784. 61497.]
Task is 7.00% complete.
t1_sim:[68011. 67982. 68164.] t2_sim:[63613. 63578. 66045.]
Task is 8.00% complete.
t1_sim:[65037. 65201. 63638.] t2_sim:[62875. 62921. 63660.]
Task is 9.00% complete.
t1_sim:[60025. 60242. 57716.] t2_sim:[64980. 65257. 64622.]
Task is 10.00% complete.
t1_sim:[64530. 64053. 63877.] t2_sim:[65325. 65288. 67490.]
Task is 11.00% complete.
t1_sim:[67178. 67098. 68027.] t2_sim:[60663. 60605. 61706.]
Task is 12.00% complete.
t1_sim:[61066. 61276. 61075.] t2_sim:[68122. 68256. 67518.]
Task is 13.00% complete.
t1_sim:[66219. 66574. 66474.] t2_sim:[66329. 66442. 65167.]
Task is 14.00% complete.
t1_sim:[63745. 63975. 64749.] t2_sim:[62551. 62240. 62931.]
Task is 15.00% complete.
t1_sim:[61431. 61478. 61014.] t2_sim:[65241. 64845. 63304.]
Task is 16.00% complete.
t1_sim:[58415. 58083. 57407.] t2_sim:[62051. 62289. 63726.]
Task is 17.00% complete.
t1_sim:[68434. 67719. 67687.] t2_sim:[68135. 67973. 66073.]
Task is 18.00% complete.
t1_sim:[59181. 59116. 62206.] t2_sim:[64638. 64644. 63746.]
Task is 19.00% complete.
t1_sim:[67436. 67195. 66701.] t2_sim:[60372. 59962. 58489.]
Task is 20.00% complete.
t1_sim:[64000. 64201. 62127.] t2_sim:[68039. 68364. 69632.]
Task is 21.00% complete.
t1_sim:[55630. 56048. 57059.] t2_sim:[67668. 67863. 66062.]
Task is 22.00% complete.
t1_sim:[65869. 65968. 64476.] t2_sim:[69856. 69799. 68628.]
Task is 23.00% complete.
t1_sim:[64176. 63421. 65106.] t2_sim:[67481. 67551. 66792.]
Task is 24.00% complete.
t1_sim:[61405. 61482. 60405.] t2_sim:[60461. 60042. 61084.]
Task is 25.00% complete.
t1_sim:[65537. 65687. 64154.] t2_sim:[62000. 62714. 64926.]
Task is 26.00% complete.
t1_sim:[63655. 63533. 63988.] t2_sim:[62645. 63184. 61491.]
Task is 27.00% complete.
t1_sim:[64143. 64299. 65519.] t2_sim:[64076. 64086. 63880.]
Task is 28.00% complete.
t1_sim:[59793. 59537. 62123.] t2_sim:[63389. 63690. 64804.]
Task is 29.00% complete.
t1_sim:[63748. 63812. 62771.] t2_sim:[66673. 66291. 63846.]
Task is 30.00% complete.
t1_sim:[58836. 59073. 58667.] t2_sim:[64344. 64665. 65766.]
Task is 31.00% complete.
t1_sim:[58621. 58562. 57678.] t2_sim:[57698. 57622. 55572.]
Task is 32.00% complete.
t1_sim:[64077. 64220. 61576.] t2_sim:[69580. 69461. 66774.]
Task is 33.00% complete.
t1_sim:[57524. 57512. 57707.] t2_sim:[60332. 60255. 62577.]
Task is 34.00% complete.
t1_sim:[63283. 63059. 64588.] t2_sim:[59870. 60032. 60948.]
Task is 35.00% complete.
t1_sim:[60879. 60287. 61336.] t2_sim:[52199. 51904. 52239.]
Task is 36.00% complete.
t1_sim:[62740. 62715. 60718.] t2_sim:[66194. 67209. 66943.]
Task is 37.00% complete.
t1_sim:[62018. 61881. 62119.] t2_sim:[59306. 59380. 61704.]
Task is 38.00% complete.
t1_sim:[61210. 61537. 59750.] t2_sim:[59897. 59856. 61058.]
Task is 39.00% complete.
t1_sim:[61563. 62173. 63836.] t2_sim:[61860. 61673. 62191.]
Task is 40.00% complete.
t1_sim:[64280. 64091. 65594.] t2_sim:[62598. 62403. 61181.]
Task is 41.00% complete.
t1_sim:[64198. 64086. 63601.] t2_sim:[62963. 63354. 66207.]
Task is 42.00% complete.
t1_sim:[57123. 56884. 56266.] t2_sim:[64460. 64678. 65357.]
Task is 43.00% complete.
t1_sim:[62000. 62273. 62143.] t2_sim:[62218. 62099. 63983.]
Task is 44.00% complete.
t1_sim:[59156. 59708. 58933.] t2_sim:[64576. 64566. 64415.]
Task is 45.00% complete.
t1_sim:[67644. 67806. 67189.] t2_sim:[64473. 64398. 63961.]
Task is 46.00% complete.
t1_sim:[60579. 60778. 61713.] t2_sim:[58326. 58215. 57728.]
Task is 47.00% complete.
t1_sim:[65131. 65386. 63723.] t2_sim:[59377. 58796. 58056.]
Task is 48.00% complete.
t1_sim:[61911. 61706. 62693.] t2_sim:[58356. 57998. 57789.]
Task is 49.00% complete.
t1_sim:[59848. 59809. 62029.] t2_sim:[57086. 56862. 58399.]
Task is 50.00% complete.
t1_sim:[57428. 57470. 58815.] t2_sim:[61203. 61201. 59458.]
Task is 51.00% complete.
t1_sim:[62432. 62988. 63129.] t2_sim:[73170. 73278. 71524.]
Task is 52.00% complete.
t1_sim:[61180. 61101. 58179.] t2_sim:[61198. 61262. 63225.]
Task is 53.00% complete.
t1_sim:[67925. 67849. 67286.] t2_sim:[58917. 58433. 59661.]
Task is 54.00% complete.
t1_sim:[56159. 56957. 57687.] t2_sim:[64609. 65046. 66376.]
Task is 55.00% complete.
t1_sim:[63366. 64032. 63720.] t2_sim:[60860. 60940. 60704.]
Task is 56.00% complete.
t1_sim:[63128. 63397. 62338.] t2_sim:[62635. 62396. 60296.]
Task is 57.00% complete.
t1_sim:[60010. 59883. 60188.] t2_sim:[67768. 67846. 64899.]
Task is 58.00% complete.
t1_sim:[60162. 59777. 62667.] t2_sim:[63253. 63382. 62423.]
Task is 59.00% complete.
t1_sim:[62972. 63117. 61720.] t2_sim:[58467. 59699. 61273.]
Task is 60.00% complete.
t1_sim:[59678. 59326. 60160.] t2_sim:[63418. 63617. 64363.]
Task is 61.00% complete.
t1_sim:[62536. 61930. 59846.] t2_sim:[64115. 64373. 63522.]
Task is 62.00% complete.
t1_sim:[60007. 60040. 58120.] t2_sim:[67721. 67999. 69011.]
Task is 63.00% complete.
t1_sim:[61398. 61565. 61595.] t2_sim:[68327. 67855. 66559.]
Task is 64.00% complete.
t1_sim:[59874. 59704. 58363.] t2_sim:[61783. 61660. 61467.]
Task is 65.00% complete.
t1_sim:[63831. 64079. 61749.] t2_sim:[60891. 61459. 61317.]
Task is 66.00% complete.
t1_sim:[63825. 63713. 62732.] t2_sim:[58093. 57841. 55458.]
Task is 67.00% complete.
t1_sim:[65780. 65521. 63566.] t2_sim:[66736. 67019. 66887.]
Task is 68.00% complete.
t1_sim:[61297. 61351. 62361.] t2_sim:[59472. 60068. 60309.]
Task is 69.00% complete.
t1_sim:[64276. 64429. 63000.] t2_sim:[60956. 60913. 58331.]
Task is 70.00% complete.
t1_sim:[60658. 60384. 60180.] t2_sim:[60554. 60767. 59363.]
Task is 71.00% complete.
t1_sim:[61061. 60714. 60858.] t2_sim:[67931. 68011. 67245.]
Task is 72.00% complete.
t1_sim:[62450. 61818. 59413.] t2_sim:[67633. 67041. 64525.]
Task is 73.00% complete.
t1_sim:[65396. 65452. 63451.] t2_sim:[59422. 59522. 60443.]
Task is 74.00% complete.
t1_sim:[64737. 64695. 63587.] t2_sim:[60577. 60239. 63068.]
Task is 75.00% complete.
t1_sim:[64373. 64224. 64439.] t2_sim:[62583. 62981. 63378.]
Task is 76.00% complete.
t1_sim:[63924. 64484. 64207.] t2_sim:[68223. 68201. 67360.]
Task is 77.00% complete.
t1_sim:[64192. 63724. 63247.] t2_sim:[65308. 64720. 65274.]
Task is 78.00% complete.
t1_sim:[62894. 62920. 63221.] t2_sim:[63587. 63509. 64065.]
Task is 79.00% complete.
t1_sim:[61171. 61795. 64131.] t2_sim:[62129. 62203. 63144.]
Task is 80.00% complete.
t1_sim:[65893. 65773. 62740.] t2_sim:[63543. 63288. 64569.]
Task is 81.00% complete.
t1_sim:[62027. 61795. 62301.] t2_sim:[66016. 64860. 65505.]
Task is 82.00% complete.
t1_sim:[64024. 63985. 63146.] t2_sim:[64454. 64552. 63568.]
Task is 83.00% complete.
t1_sim:[66661. 67072. 63196.] t2_sim:[68798. 68732. 68738.]
Task is 84.00% complete.
t1_sim:[63199. 62969. 61492.] t2_sim:[67129. 66298. 65953.]
Task is 85.00% complete.
t1_sim:[63760. 64090. 64462.] t2_sim:[60678. 59829. 58490.]
Task is 86.00% complete.
t1_sim:[60599. 60530. 56924.] t2_sim:[58747. 58394. 59731.]
Task is 87.00% complete.
t1_sim:[62999. 63222. 63645.] t2_sim:[55299. 55117. 53826.]
Task is 88.00% complete.
t1_sim:[58149. 58589. 59978.] t2_sim:[70214. 70131. 69132.]
Task is 89.00% complete.
t1_sim:[60576. 60671. 61734.] t2_sim:[64727. 64661. 65310.]
Task is 90.00% complete.
t1_sim:[59658. 59977. 59151.] t2_sim:[64964. 65091. 66564.]
Task is 91.00% complete.
t1_sim:[63534. 63376. 63544.] t2_sim:[62992. 63477. 62254.]
Task is 92.00% complete.
t1_sim:[60401. 60121. 59411.] t2_sim:[58927. 59046. 61869.]
Task is 93.00% complete.
t1_sim:[62571. 62584. 60672.] t2_sim:[65260. 65544. 68051.]
Task is 94.00% complete.
t1_sim:[61610. 61246. 61918.] t2_sim:[63264. 63092. 60339.]
Task is 95.00% complete.
t1_sim:[69268. 69568. 68537.] t2_sim:[61778. 62300. 62432.]
Task is 96.00% complete.
t1_sim:[65379. 65654. 64686.] t2_sim:[63057. 62804. 62658.]
Task is 97.00% complete.
t1_sim:[61893. 61711. 62182.] t2_sim:[62500. 62596. 66193.]
Task is 98.00% complete.
t1_sim:[62050. 62297. 63329.] t2_sim:[59213. 59133. 61138.]
Task is 99.00% complete.
t1_sim:[66330. 66171. 64115.] t2_sim:[62673. 62477. 62747.]
Finished
