Training start
t1_obs:[array(251215.), array(252822.), array(255506.)] t2_obs:[array(232572.), array(233549.), array(238648.)]
corr_G1:[5.9668727026192e-19, 0, -4.235519272016699e-17] corr_G2:[1.4279393873739864e-17, 5.857285210307528e-18, 4.449649806905896e-18]
Training end
Number of jobs: 48
/scratch/jz4721/Post-prediction-Causal-Inference/venv/lib/python3.8/site-packages/numpy/core/getlimits.py:518: UserWarning: The value of the smallest subnormal for <class 'numpy.float64'> type is zero.
  setattr(self, word, getattr(machar, word).flat[0])
/scratch/jz4721/Post-prediction-Causal-Inference/venv/lib/python3.8/site-packages/numpy/core/getlimits.py:89: UserWarning: The value of the smallest subnormal for <class 'numpy.float64'> type is zero.
  return self._float_to_str(self.smallest_subnormal)
/scratch/jz4721/Post-prediction-Causal-Inference/venv/lib/python3.8/site-packages/numpy/core/getlimits.py:518: UserWarning: The value of the smallest subnormal for <class 'numpy.float32'> type is zero.
  setattr(self, word, getattr(machar, word).flat[0])
/scratch/jz4721/Post-prediction-Causal-Inference/venv/lib/python3.8/site-packages/numpy/core/getlimits.py:89: UserWarning: The value of the smallest subnormal for <class 'numpy.float32'> type is zero.
  return self._float_to_str(self.smallest_subnormal)
t1_sim:[251879. 251960. 250980.] t2_sim:[254995. 257067. 241795.]
Task is 0.00% complete.
t1_sim:[244719. 243806. 253219.] t2_sim:[264391. 267881. 266853.]
Task is 48.08% complete.
t1_sim:[239535. 236943. 248570.] t2_sim:[251946. 252567. 248074.]
Task is 96.15% complete.
t1_sim:[251879. 251960. 250980.] t2_sim:[254995. 257067. 241795.]
Task is 0.00% complete.
t1_sim:[244719. 243806. 253219.] t2_sim:[264391. 267881. 266853.]
Task is 48.08% complete.
t1_sim:[239535. 236943. 248570.] t2_sim:[251946. 252567. 248074.]
Task is 96.15% complete.
t1_sim:[251879. 251960. 250980.] t2_sim:[254995. 257067. 241795.]
Task is 0.00% complete.
t1_sim:[244719. 243806. 253219.] t2_sim:[264391. 267881. 266853.]
Task is 48.08% complete.
t1_sim:[239535. 236943. 248570.] t2_sim:[251946. 252567. 248074.]
Task is 96.15% complete.
t1_sim:[251879. 251960. 250980.] t2_sim:[254995. 257067. 241795.]
Task is 0.00% complete.
t1_sim:[244719. 243806. 253219.] t2_sim:[264391. 267881. 266853.]
Task is 48.08% complete.
t1_sim:[239535. 236943. 248570.] t2_sim:[251946. 252567. 248074.]
Task is 96.15% complete.
t1_sim:[251879. 251960. 250980.] t2_sim:[254995. 257067. 241795.]
Task is 0.00% complete.
t1_sim:[244719. 243806. 253219.] t2_sim:[264391. 267881. 266853.]
Task is 48.08% complete.
t1_sim:[239535. 236943. 248570.] t2_sim:[251946. 252567. 248074.]
Task is 96.15% complete.
t1_sim:[251879. 251960. 250980.] t2_sim:[254995. 257067. 241795.]
Task is 0.00% complete.
t1_sim:[244719. 243806. 253219.] t2_sim:[264391. 267881. 266853.]
Task is 48.08% complete.
t1_sim:[239535. 236943. 248570.] t2_sim:[251946. 252567. 248074.]
Task is 96.15% complete.
t1_sim:[251879. 251960. 250980.] t2_sim:[254995. 257067. 241795.]
Task is 0.00% complete.
t1_sim:[244719. 243806. 253219.] t2_sim:[264391. 267881. 266853.]
Task is 48.08% complete.
t1_sim:[239535. 236943. 248570.] t2_sim:[251946. 252567. 248074.]
Task is 96.15% complete.
t1_sim:[251879. 251960. 250980.] t2_sim:[254995. 257067. 241795.]
Task is 0.00% complete.
t1_sim:[244719. 243806. 253219.] t2_sim:[264391. 267881. 266853.]
Task is 48.08% complete.
t1_sim:[239535. 236943. 248570.] t2_sim:[251946. 252567. 248074.]
Task is 96.15% complete.
t1_sim:[251879. 251960. 250980.] t2_sim:[254995. 257067. 241795.]
Task is 0.00% complete.
t1_sim:[244719. 243806. 253219.] t2_sim:[264391. 267881. 266853.]
Task is 48.08% complete.
t1_sim:[239535. 236943. 248570.] t2_sim:[251946. 252567. 248074.]
Task is 96.15% complete.
t1_sim:[251879. 251960. 250980.] t2_sim:[254995. 257067. 241795.]
Task is 0.00% complete.
t1_sim:[244719. 243806. 253219.] t2_sim:[264391. 267881. 266853.]
Task is 48.08% complete.
t1_sim:[239535. 236943. 248570.] t2_sim:[251946. 252567. 248074.]
Task is 96.15% complete.
t1_sim:[251879. 251960. 250980.] t2_sim:[254995. 257067. 241795.]
Task is 0.00% complete.
t1_sim:[244719. 243806. 253219.] t2_sim:[264391. 267881. 266853.]
Task is 48.08% complete.
t1_sim:[239535. 236943. 248570.] t2_sim:[251946. 252567. 248074.]
Task is 96.15% complete.
t1_sim:[251879. 251960. 250980.] t2_sim:[254995. 257067. 241795.]
Task is 0.00% complete.
t1_sim:[244719. 243806. 253219.] t2_sim:[264391. 267881. 266853.]
Task is 48.08% complete.
t1_sim:[239535. 236943. 248570.] t2_sim:[251946. 252567. 248074.]
Task is 96.15% complete.
t1_sim:[251879. 251960. 250980.] t2_sim:[254995. 257067. 241795.]
Task is 0.00% complete.
t1_sim:[244719. 243806. 253219.] t2_sim:[264391. 267881. 266853.]
Task is 48.08% complete.
t1_sim:[239535. 236943. 248570.] t2_sim:[251946. 252567. 248074.]
Task is 96.15% complete.
t1_sim:[251879. 251960. 250980.] t2_sim:[254995. 257067. 241795.]
Task is 0.00% complete.
t1_sim:[244719. 243806. 253219.] t2_sim:[264391. 267881. 266853.]
Task is 48.08% complete.
t1_sim:[239535. 236943. 248570.] t2_sim:[251946. 252567. 248074.]
Task is 96.15% complete.
t1_sim:[251879. 251960. 250980.] t2_sim:[254995. 257067. 241795.]
Task is 0.00% complete.
t1_sim:[244719. 243806. 253219.] t2_sim:[264391. 267881. 266853.]
Task is 48.08% complete.
t1_sim:[239535. 236943. 248570.] t2_sim:[251946. 252567. 248074.]
Task is 96.15% complete.
t1_sim:[251879. 251960. 250980.] t2_sim:[254995. 257067. 241795.]
Task is 0.00% complete.
t1_sim:[244719. 243806. 253219.] t2_sim:[264391. 267881. 266853.]
Task is 48.08% complete.
t1_sim:[239535. 236943. 248570.] t2_sim:[251946. 252567. 248074.]
Task is 96.15% complete.
t1_sim:[251879. 251960. 250980.] t2_sim:[254995. 257067. 241795.]
Task is 0.00% complete.
t1_sim:[244719. 243806. 253219.] t2_sim:[264391. 267881. 266853.]
Task is 48.08% complete.
t1_sim:[239535. 236943. 248570.] t2_sim:[251946. 252567. 248074.]
Task is 96.15% complete.
t1_sim:[251879. 251960. 250980.] t2_sim:[254995. 257067. 241795.]
Task is 0.00% complete.
t1_sim:[244719. 243806. 253219.] t2_sim:[264391. 267881. 266853.]
Task is 48.08% complete.
t1_sim:[239535. 236943. 248570.] t2_sim:[251946. 252567. 248074.]
Task is 96.15% complete.
t1_sim:[251879. 251960. 250980.] t2_sim:[254995. 257067. 241795.]
Task is 0.00% complete.
t1_sim:[244719. 243806. 253219.] t2_sim:[264391. 267881. 266853.]
Task is 48.08% complete.
t1_sim:[239535. 236943. 248570.] t2_sim:[251946. 252567. 248074.]
Task is 96.15% complete.
t1_sim:[251879. 251960. 250980.] t2_sim:[254995. 257067. 241795.]
Task is 0.00% complete.
t1_sim:[244719. 243806. 253219.] t2_sim:[264391. 267881. 266853.]
Task is 48.08% complete.
t1_sim:[239535. 236943. 248570.] t2_sim:[251946. 252567. 248074.]
Task is 96.15% complete.
t1_sim:[251879. 251960. 250980.] t2_sim:[254995. 257067. 241795.]
Task is 0.00% complete.
t1_sim:[244719. 243806. 253219.] t2_sim:[264391. 267881. 266853.]
Task is 48.08% complete.
t1_sim:[239535. 236943. 248570.] t2_sim:[251946. 252567. 248074.]
Task is 96.15% complete.
t1_sim:[251879. 251960. 250980.] t2_sim:[254995. 257067. 241795.]
Task is 0.00% complete.
t1_sim:[244719. 243806. 253219.] t2_sim:[264391. 267881. 266853.]
Task is 48.08% complete.
t1_sim:[239535. 236943. 248570.] t2_sim:[251946. 252567. 248074.]
Task is 96.15% complete.
t1_sim:[251879. 251960. 250980.] t2_sim:[254995. 257067. 241795.]
Task is 0.00% complete.
t1_sim:[244719. 243806. 253219.] t2_sim:[264391. 267881. 266853.]
Task is 48.08% complete.
t1_sim:[239535. 236943. 248570.] t2_sim:[251946. 252567. 248074.]
Task is 96.15% complete.
t1_sim:[251879. 251960. 250980.] t2_sim:[254995. 257067. 241795.]
Task is 0.00% complete.
t1_sim:[244719. 243806. 253219.] t2_sim:[264391. 267881. 266853.]
Task is 48.08% complete.
t1_sim:[239535. 236943. 248570.] t2_sim:[251946. 252567. 248074.]
Task is 96.15% complete.
t1_sim:[251879. 251960. 250980.] t2_sim:[254995. 257067. 241795.]
Task is 0.00% complete.
t1_sim:[244719. 243806. 253219.] t2_sim:[264391. 267881. 266853.]
Task is 48.08% complete.
t1_sim:[239535. 236943. 248570.] t2_sim:[251946. 252567. 248074.]
Task is 96.15% complete.
t1_sim:[251879. 251960. 250980.] t2_sim:[254995. 257067. 241795.]
Task is 0.00% complete.
t1_sim:[244719. 243806. 253219.] t2_sim:[264391. 267881. 266853.]
Task is 48.08% complete.
t1_sim:[239535. 236943. 248570.] t2_sim:[251946. 252567. 248074.]
Task is 96.15% complete.
t1_sim:[251879. 251960. 250980.] t2_sim:[254995. 257067. 241795.]
Task is 0.00% complete.
t1_sim:[244719. 243806. 253219.] t2_sim:[264391. 267881. 266853.]
Task is 48.08% complete.
t1_sim:[239535. 236943. 248570.] t2_sim:[251946. 252567. 248074.]
Task is 96.15% complete.
t1_sim:[251879. 251960. 250980.] t2_sim:[254995. 257067. 241795.]
Task is 0.00% complete.
t1_sim:[244719. 243806. 253219.] t2_sim:[264391. 267881. 266853.]
Task is 48.08% complete.
t1_sim:[239535. 236943. 248570.] t2_sim:[251946. 252567. 248074.]
Task is 96.15% complete.
t1_sim:[251879. 251960. 250980.] t2_sim:[254995. 257067. 241795.]
Task is 0.00% complete.
t1_sim:[244719. 243806. 253219.] t2_sim:[264391. 267881. 266853.]
Task is 48.08% complete.
t1_sim:[239535. 236943. 248570.] t2_sim:[251946. 252567. 248074.]
Task is 96.15% complete.
t1_sim:[251879. 251960. 250980.] t2_sim:[254995. 257067. 241795.]
Task is 0.00% complete.
t1_sim:[244719. 243806. 253219.] t2_sim:[264391. 267881. 266853.]
Task is 48.08% complete.
t1_sim:[239535. 236943. 248570.] t2_sim:[251946. 252567. 248074.]
Task is 96.15% complete.
t1_sim:[251879. 251960. 250980.] t2_sim:[254995. 257067. 241795.]
Task is 0.00% complete.
t1_sim:[244719. 243806. 253219.] t2_sim:[264391. 267881. 266853.]
Task is 48.08% complete.
t1_sim:[239535. 236943. 248570.] t2_sim:[251946. 252567. 248074.]
Task is 96.15% complete.
t1_sim:[251879. 251960. 250980.] t2_sim:[254995. 257067. 241795.]
Task is 0.00% complete.
t1_sim:[244719. 243806. 253219.] t2_sim:[264391. 267881. 266853.]
Task is 48.08% complete.
t1_sim:[239535. 236943. 248570.] t2_sim:[251946. 252567. 248074.]
Task is 96.15% complete.
t1_sim:[251879. 251960. 250980.] t2_sim:[254995. 257067. 241795.]
Task is 0.00% complete.
t1_sim:[244719. 243806. 253219.] t2_sim:[264391. 267881. 266853.]
Task is 48.08% complete.
t1_sim:[239535. 236943. 248570.] t2_sim:[251946. 252567. 248074.]
Task is 96.15% complete.
t1_sim:[251879. 251960. 250980.] t2_sim:[254995. 257067. 241795.]
Task is 0.00% complete.
t1_sim:[244719. 243806. 253219.] t2_sim:[264391. 267881. 266853.]
Task is 48.08% complete.
t1_sim:[239535. 236943. 248570.] t2_sim:[251946. 252567. 248074.]
Task is 96.15% complete.
t1_sim:[251879. 251960. 250980.] t2_sim:[254995. 257067. 241795.]
Task is 0.00% complete.
t1_sim:[244719. 243806. 253219.] t2_sim:[264391. 267881. 266853.]
Task is 48.08% complete.
t1_sim:[239535. 236943. 248570.] t2_sim:[251946. 252567. 248074.]
Task is 96.15% complete.
t1_sim:[251879. 251960. 250980.] t2_sim:[254995. 257067. 241795.]
Task is 0.00% complete.
t1_sim:[244719. 243806. 253219.] t2_sim:[264391. 267881. 266853.]
Task is 48.08% complete.
t1_sim:[239535. 236943. 248570.] t2_sim:[251946. 252567. 248074.]
Task is 96.15% complete.
t1_sim:[251879. 251960. 250980.] t2_sim:[254995. 257067. 241795.]
Task is 0.00% complete.
t1_sim:[244719. 243806. 253219.] t2_sim:[264391. 267881. 266853.]
Task is 48.08% complete.
t1_sim:[239535. 236943. 248570.] t2_sim:[251946. 252567. 248074.]
Task is 96.15% complete.
t1_sim:[251879. 251960. 250980.] t2_sim:[254995. 257067. 241795.]
Task is 0.00% complete.
t1_sim:[244719. 243806. 253219.] t2_sim:[264391. 267881. 266853.]
Task is 48.08% complete.
t1_sim:[239535. 236943. 248570.] t2_sim:[251946. 252567. 248074.]
Task is 96.15% complete.
t1_sim:[251879. 251960. 250980.] t2_sim:[254995. 257067. 241795.]
Task is 0.00% complete.
t1_sim:[244719. 243806. 253219.] t2_sim:[264391. 267881. 266853.]
Task is 48.08% complete.
t1_sim:[239535. 236943. 248570.] t2_sim:[251946. 252567. 248074.]
Task is 96.15% complete.
t1_sim:[251879. 251960. 250980.] t2_sim:[254995. 257067. 241795.]
Task is 0.00% complete.
t1_sim:[244719. 243806. 253219.] t2_sim:[264391. 267881. 266853.]
Task is 48.08% complete.
t1_sim:[239535. 236943. 248570.] t2_sim:[251946. 252567. 248074.]
Task is 96.15% complete.
t1_sim:[251879. 251960. 250980.] t2_sim:[254995. 257067. 241795.]
Task is 0.00% complete.
t1_sim:[244719. 243806. 253219.] t2_sim:[264391. 267881. 266853.]
Task is 48.08% complete.
t1_sim:[239535. 236943. 248570.] t2_sim:[251946. 252567. 248074.]
Task is 96.15% complete.
t1_sim:[251879. 251960. 250980.] t2_sim:[254995. 257067. 241795.]
Task is 0.00% complete.
t1_sim:[244719. 243806. 253219.] t2_sim:[264391. 267881. 266853.]
Task is 48.08% complete.
t1_sim:[239535. 236943. 248570.] t2_sim:[251946. 252567. 248074.]
Task is 96.15% complete.
t1_sim:[251879. 251960. 250980.] t2_sim:[254995. 257067. 241795.]
Task is 0.00% complete.
t1_sim:[244719. 243806. 253219.] t2_sim:[264391. 267881. 266853.]
Task is 48.08% complete.
t1_sim:[239535. 236943. 248570.] t2_sim:[251946. 252567. 248074.]
Task is 96.15% complete.
t1_sim:[251879. 251960. 250980.] t2_sim:[254995. 257067. 241795.]
Task is 0.00% complete.
t1_sim:[244719. 243806. 253219.] t2_sim:[264391. 267881. 266853.]
Task is 48.08% complete.
t1_sim:[239535. 236943. 248570.] t2_sim:[251946. 252567. 248074.]
Task is 96.15% complete.
t1_sim:[251879. 251960. 250980.] t2_sim:[254995. 257067. 241795.]
Task is 0.00% complete.
t1_sim:[244719. 243806. 253219.] t2_sim:[264391. 267881. 266853.]
Task is 48.08% complete.
t1_sim:[239535. 236943. 248570.] t2_sim:[251946. 252567. 248074.]
Task is 96.15% complete.
t1_sim:[251879. 251960. 250980.] t2_sim:[254995. 257067. 241795.]
Task is 0.00% complete.
t1_sim:[244719. 243806. 253219.] t2_sim:[264391. 267881. 266853.]
Task is 48.08% complete.
t1_sim:[239535. 236943. 248570.] t2_sim:[251946. 252567. 248074.]
Task is 96.15% complete.
t1_sim:[251879. 251960. 250980.] t2_sim:[254995. 257067. 241795.]
Task is 0.00% complete.
t1_sim:[244719. 243806. 253219.] t2_sim:[264391. 267881. 266853.]
Task is 48.08% complete.
t1_sim:[239535. 236943. 248570.] t2_sim:[251946. 252567. 248074.]
Task is 96.15% complete.
t1_sim:[251879. 251960. 250980.] t2_sim:[254995. 257067. 241795.]
Task is 0.00% complete.
t1_sim:[244719. 243806. 253219.] t2_sim:[264391. 267881. 266853.]
Task is 48.08% complete.
t1_sim:[239535. 236943. 248570.] t2_sim:[251946. 252567. 248074.]
Task is 96.15% complete.
Training start
t1_obs:[array(247945.), array(248617.), array(257297.)] t2_obs:[array(234281.), array(236364.), array(242069.)]
corr_G1:[0.7892133075723129, 0.381292400881184, -0.1849901416425777] corr_G2:[0.705640219082211, 0.44140985407553535, -0.38889350636079334]
Training end
Number of jobs: 48
/scratch/jz4721/Post-prediction-Causal-Inference/venv/lib/python3.8/site-packages/sklearn/impute/_iterative.py:785: ConvergenceWarning: [IterativeImputer] Early stopping criterion not reached.
  warnings.warn(
/scratch/jz4721/Post-prediction-Causal-Inference/venv/lib/python3.8/site-packages/sklearn/impute/_iterative.py:785: ConvergenceWarning: [IterativeImputer] Early stopping criterion not reached.
  warnings.warn(
t1_sim:[252414. 251158. 248827.] t2_sim:[254066. 254727. 249014.]
Task is 0.00% complete.
t1_sim:[245685. 243319. 252939.] t2_sim:[264408. 265222. 265081.]
Task is 48.08% complete.
t1_sim:[240746. 240883. 252669.] t2_sim:[249764. 249676. 252052.]
Task is 96.15% complete.
t1_sim:[252414. 251158. 248827.] t2_sim:[254066. 254727. 249014.]
Task is 0.00% complete.
t1_sim:[245685. 243319. 252939.] t2_sim:[264408. 265222. 265081.]
Task is 48.08% complete.
t1_sim:[240746. 240883. 252669.] t2_sim:[249764. 249676. 252052.]
Task is 96.15% complete.
t1_sim:[252414. 251158. 248827.] t2_sim:[254066. 254727. 249014.]
Task is 0.00% complete.
t1_sim:[245685. 243319. 252939.] t2_sim:[264408. 265222. 265081.]
Task is 48.08% complete.
t1_sim:[240746. 240883. 252669.] t2_sim:[249764. 249676. 252052.]
Task is 96.15% complete.
t1_sim:[252414. 251158. 248827.] t2_sim:[254066. 254727. 249014.]
Task is 0.00% complete.
t1_sim:[245685. 243319. 252939.] t2_sim:[264408. 265222. 265081.]
Task is 48.08% complete.
t1_sim:[240746. 240883. 252669.] t2_sim:[249764. 249676. 252052.]
Task is 96.15% complete.
t1_sim:[252414. 251158. 248827.] t2_sim:[254066. 254727. 249014.]
Task is 0.00% complete.
t1_sim:[245685. 243319. 252939.] t2_sim:[264408. 265222. 265081.]
Task is 48.08% complete.
t1_sim:[240746. 240883. 252669.] t2_sim:[249764. 249676. 252052.]
Task is 96.15% complete.
t1_sim:[252414. 251158. 248827.] t2_sim:[254066. 254727. 249014.]
Task is 0.00% complete.
t1_sim:[245685. 243319. 252939.] t2_sim:[264408. 265222. 265081.]
Task is 48.08% complete.
t1_sim:[240746. 240883. 252669.] t2_sim:[249764. 249676. 252052.]
Task is 96.15% complete.
t1_sim:[252414. 251158. 248827.] t2_sim:[254066. 254727. 249014.]
Task is 0.00% complete.
t1_sim:[245685. 243319. 252939.] t2_sim:[264408. 265222. 265081.]
Task is 48.08% complete.
t1_sim:[240746. 240883. 252669.] t2_sim:[249764. 249676. 252052.]
Task is 96.15% complete.
t1_sim:[252414. 251158. 248827.] t2_sim:[254066. 254727. 249014.]
Task is 0.00% complete.
t1_sim:[245685. 243319. 252939.] t2_sim:[264408. 265222. 265081.]
Task is 48.08% complete.
t1_sim:[240746. 240883. 252669.] t2_sim:[249764. 249676. 252052.]
Task is 96.15% complete.
t1_sim:[252414. 251158. 248827.] t2_sim:[254066. 254727. 249014.]
Task is 0.00% complete.
t1_sim:[245685. 243319. 252939.] t2_sim:[264408. 265222. 265081.]
Task is 48.08% complete.
t1_sim:[240746. 240883. 252669.] t2_sim:[249764. 249676. 252052.]
Task is 96.15% complete.
t1_sim:[252414. 251158. 248827.] t2_sim:[254066. 254727. 249014.]
Task is 0.00% complete.
t1_sim:[245685. 243319. 252939.] t2_sim:[264408. 265222. 265081.]
Task is 48.08% complete.
t1_sim:[240746. 240883. 252669.] t2_sim:[249764. 249676. 252052.]
Task is 96.15% complete.
t1_sim:[252414. 251158. 248827.] t2_sim:[254066. 254727. 249014.]
Task is 0.00% complete.
t1_sim:[245685. 243319. 252939.] t2_sim:[264408. 265222. 265081.]
Task is 48.08% complete.
t1_sim:[240746. 240883. 252669.] t2_sim:[249764. 249676. 252052.]
Task is 96.15% complete.
t1_sim:[252414. 251158. 248827.] t2_sim:[254066. 254727. 249014.]
Task is 0.00% complete.
t1_sim:[245685. 243319. 252939.] t2_sim:[264408. 265222. 265081.]
Task is 48.08% complete.
t1_sim:[240746. 240883. 252669.] t2_sim:[249764. 249676. 252052.]
Task is 96.15% complete.
t1_sim:[252414. 251158. 248827.] t2_sim:[254066. 254727. 249014.]
Task is 0.00% complete.
t1_sim:[245685. 243319. 252939.] t2_sim:[264408. 265222. 265081.]
Task is 48.08% complete.
t1_sim:[240746. 240883. 252669.] t2_sim:[249764. 249676. 252052.]
Task is 96.15% complete.
t1_sim:[252414. 251158. 248827.] t2_sim:[254066. 254727. 249014.]
Task is 0.00% complete.
t1_sim:[245685. 243319. 252939.] t2_sim:[264408. 265222. 265081.]
Task is 48.08% complete.
t1_sim:[240746. 240883. 252669.] t2_sim:[249764. 249676. 252052.]
Task is 96.15% complete.
t1_sim:[252414. 251158. 248827.] t2_sim:[254066. 254727. 249014.]
Task is 0.00% complete.
t1_sim:[245685. 243319. 252939.] t2_sim:[264408. 265222. 265081.]
Task is 48.08% complete.
t1_sim:[240746. 240883. 252669.] t2_sim:[249764. 249676. 252052.]
Task is 96.15% complete.
t1_sim:[252414. 251158. 248827.] t2_sim:[254066. 254727. 249014.]
Task is 0.00% complete.
t1_sim:[245685. 243319. 252939.] t2_sim:[264408. 265222. 265081.]
Task is 48.08% complete.
t1_sim:[240746. 240883. 252669.] t2_sim:[249764. 249676. 252052.]
Task is 96.15% complete.
t1_sim:[252414. 251158. 248827.] t2_sim:[254066. 254727. 249014.]
Task is 0.00% complete.
t1_sim:[245685. 243319. 252939.] t2_sim:[264408. 265222. 265081.]
Task is 48.08% complete.
t1_sim:[240746. 240883. 252669.] t2_sim:[249764. 249676. 252052.]
Task is 96.15% complete.
t1_sim:[252414. 251158. 248827.] t2_sim:[254066. 254727. 249014.]
Task is 0.00% complete.
t1_sim:[245685. 243319. 252939.] t2_sim:[264408. 265222. 265081.]
Task is 48.08% complete.
t1_sim:[240746. 240883. 252669.] t2_sim:[249764. 249676. 252052.]
Task is 96.15% complete.
t1_sim:[252414. 251158. 248827.] t2_sim:[254066. 254727. 249014.]
Task is 0.00% complete.
t1_sim:[245685. 243319. 252939.] t2_sim:[264408. 265222. 265081.]
Task is 48.08% complete.
t1_sim:[240746. 240883. 252669.] t2_sim:[249764. 249676. 252052.]
Task is 96.15% complete.
t1_sim:[252414. 251158. 248827.] t2_sim:[254066. 254727. 249014.]
Task is 0.00% complete.
t1_sim:[245685. 243319. 252939.] t2_sim:[264408. 265222. 265081.]
Task is 48.08% complete.
t1_sim:[240746. 240883. 252669.] t2_sim:[249764. 249676. 252052.]
Task is 96.15% complete.
t1_sim:[252414. 251158. 248827.] t2_sim:[254066. 254727. 249014.]
Task is 0.00% complete.
t1_sim:[245685. 243319. 252939.] t2_sim:[264408. 265222. 265081.]
Task is 48.08% complete.
t1_sim:[240746. 240883. 252669.] t2_sim:[249764. 249676. 252052.]
Task is 96.15% complete.
t1_sim:[252414. 251158. 248827.] t2_sim:[254066. 254727. 249014.]
Task is 0.00% complete.
t1_sim:[245685. 243319. 252939.] t2_sim:[264408. 265222. 265081.]
Task is 48.08% complete.
t1_sim:[240746. 240883. 252669.] t2_sim:[249764. 249676. 252052.]
Task is 96.15% complete.
t1_sim:[252414. 251158. 248827.] t2_sim:[254066. 254727. 249014.]
Task is 0.00% complete.
t1_sim:[245685. 243319. 252939.] t2_sim:[264408. 265222. 265081.]
Task is 48.08% complete.
t1_sim:[240746. 240883. 252669.] t2_sim:[249764. 249676. 252052.]
Task is 96.15% complete.
t1_sim:[252414. 251158. 248827.] t2_sim:[254066. 254727. 249014.]
Task is 0.00% complete.
t1_sim:[245685. 243319. 252939.] t2_sim:[264408. 265222. 265081.]
Task is 48.08% complete.
t1_sim:[240746. 240883. 252669.] t2_sim:[249764. 249676. 252052.]
Task is 96.15% complete.
t1_sim:[252414. 251158. 248827.] t2_sim:[254066. 254727. 249014.]
Task is 0.00% complete.
t1_sim:[245685. 243319. 252939.] t2_sim:[264408. 265222. 265081.]
Task is 48.08% complete.
t1_sim:[240746. 240883. 252669.] t2_sim:[249764. 249676. 252052.]
Task is 96.15% complete.
t1_sim:[252414. 251158. 248827.] t2_sim:[254066. 254727. 249014.]
Task is 0.00% complete.
t1_sim:[245685. 243319. 252939.] t2_sim:[264408. 265222. 265081.]
Task is 48.08% complete.
t1_sim:[240746. 240883. 252669.] t2_sim:[249764. 249676. 252052.]
Task is 96.15% complete.
t1_sim:[252414. 251158. 248827.] t2_sim:[254066. 254727. 249014.]
Task is 0.00% complete.
t1_sim:[245685. 243319. 252939.] t2_sim:[264408. 265222. 265081.]
Task is 48.08% complete.
t1_sim:[240746. 240883. 252669.] t2_sim:[249764. 249676. 252052.]
Task is 96.15% complete.
t1_sim:[252414. 251158. 248827.] t2_sim:[254066. 254727. 249014.]
Task is 0.00% complete.
t1_sim:[245685. 243319. 252939.] t2_sim:[264408. 265222. 265081.]
Task is 48.08% complete.
t1_sim:[240746. 240883. 252669.] t2_sim:[249764. 249676. 252052.]
Task is 96.15% complete.
t1_sim:[252414. 251158. 248827.] t2_sim:[254066. 254727. 249014.]
Task is 0.00% complete.
t1_sim:[245685. 243319. 252939.] t2_sim:[264408. 265222. 265081.]
Task is 48.08% complete.
t1_sim:[240746. 240883. 252669.] t2_sim:[249764. 249676. 252052.]
Task is 96.15% complete.
t1_sim:[252414. 251158. 248827.] t2_sim:[254066. 254727. 249014.]
Task is 0.00% complete.
t1_sim:[245685. 243319. 252939.] t2_sim:[264408. 265222. 265081.]
Task is 48.08% complete.
t1_sim:[240746. 240883. 252669.] t2_sim:[249764. 249676. 252052.]
Task is 96.15% complete.
t1_sim:[252414. 251158. 248827.] t2_sim:[254066. 254727. 249014.]
Task is 0.00% complete.
t1_sim:[245685. 243319. 252939.] t2_sim:[264408. 265222. 265081.]
Task is 48.08% complete.
t1_sim:[240746. 240883. 252669.] t2_sim:[249764. 249676. 252052.]
Task is 96.15% complete.
t1_sim:[252414. 251158. 248827.] t2_sim:[254066. 254727. 249014.]
Task is 0.00% complete.
t1_sim:[245685. 243319. 252939.] t2_sim:[264408. 265222. 265081.]
Task is 48.08% complete.
t1_sim:[240746. 240883. 252669.] t2_sim:[249764. 249676. 252052.]
Task is 96.15% complete.
t1_sim:[252414. 251158. 248827.] t2_sim:[254066. 254727. 249014.]
Task is 0.00% complete.
t1_sim:[245685. 243319. 252939.] t2_sim:[264408. 265222. 265081.]
Task is 48.08% complete.
t1_sim:[240746. 240883. 252669.] t2_sim:[249764. 249676. 252052.]
Task is 96.15% complete.
t1_sim:[252414. 251158. 248827.] t2_sim:[254066. 254727. 249014.]
Task is 0.00% complete.
t1_sim:[245685. 243319. 252939.] t2_sim:[264408. 265222. 265081.]
Task is 48.08% complete.
t1_sim:[240746. 240883. 252669.] t2_sim:[249764. 249676. 252052.]
Task is 96.15% complete.
t1_sim:[252414. 251158. 248827.] t2_sim:[254066. 254727. 249014.]
Task is 0.00% complete.
t1_sim:[245685. 243319. 252939.] t2_sim:[264408. 265222. 265081.]
Task is 48.08% complete.
t1_sim:[240746. 240883. 252669.] t2_sim:[249764. 249676. 252052.]
Task is 96.15% complete.
t1_sim:[252414. 251158. 248827.] t2_sim:[254066. 254727. 249014.]
Task is 0.00% complete.
t1_sim:[245685. 243319. 252939.] t2_sim:[264408. 265222. 265081.]
Task is 48.08% complete.
t1_sim:[240746. 240883. 252669.] t2_sim:[249764. 249676. 252052.]
Task is 96.15% complete.
t1_sim:[252414. 251158. 248827.] t2_sim:[254066. 254727. 249014.]
Task is 0.00% complete.
t1_sim:[245685. 243319. 252939.] t2_sim:[264408. 265222. 265081.]
Task is 48.08% complete.
t1_sim:[240746. 240883. 252669.] t2_sim:[249764. 249676. 252052.]
Task is 96.15% complete.
t1_sim:[252414. 251158. 248827.] t2_sim:[254066. 254727. 249014.]
Task is 0.00% complete.
t1_sim:[245685. 243319. 252939.] t2_sim:[264408. 265222. 265081.]
Task is 48.08% complete.
t1_sim:[240746. 240883. 252669.] t2_sim:[249764. 249676. 252052.]
Task is 96.15% complete.
t1_sim:[252414. 251158. 248827.] t2_sim:[254066. 254727. 249014.]
Task is 0.00% complete.
t1_sim:[245685. 243319. 252939.] t2_sim:[264408. 265222. 265081.]
Task is 48.08% complete.
t1_sim:[240746. 240883. 252669.] t2_sim:[249764. 249676. 252052.]
Task is 96.15% complete.
t1_sim:[252414. 251158. 248827.] t2_sim:[254066. 254727. 249014.]
Task is 0.00% complete.
t1_sim:[245685. 243319. 252939.] t2_sim:[264408. 265222. 265081.]
Task is 48.08% complete.
t1_sim:[240746. 240883. 252669.] t2_sim:[249764. 249676. 252052.]
Task is 96.15% complete.
t1_sim:[252414. 251158. 248827.] t2_sim:[254066. 254727. 249014.]
Task is 0.00% complete.
t1_sim:[245685. 243319. 252939.] t2_sim:[264408. 265222. 265081.]
Task is 48.08% complete.
t1_sim:[240746. 240883. 252669.] t2_sim:[249764. 249676. 252052.]
Task is 96.15% complete.
t1_sim:[252414. 251158. 248827.] t2_sim:[254066. 254727. 249014.]
Task is 0.00% complete.
t1_sim:[245685. 243319. 252939.] t2_sim:[264408. 265222. 265081.]
Task is 48.08% complete.
t1_sim:[240746. 240883. 252669.] t2_sim:[249764. 249676. 252052.]
Task is 96.15% complete.
t1_sim:[252414. 251158. 248827.] t2_sim:[254066. 254727. 249014.]
Task is 0.00% complete.
t1_sim:[245685. 243319. 252939.] t2_sim:[264408. 265222. 265081.]
Task is 48.08% complete.
t1_sim:[240746. 240883. 252669.] t2_sim:[249764. 249676. 252052.]
Task is 96.15% complete.
t1_sim:[252414. 251158. 248827.] t2_sim:[254066. 254727. 249014.]
Task is 0.00% complete.
t1_sim:[245685. 243319. 252939.] t2_sim:[264408. 265222. 265081.]
Task is 48.08% complete.
t1_sim:[240746. 240883. 252669.] t2_sim:[249764. 249676. 252052.]
Task is 96.15% complete.
t1_sim:[252414. 251158. 248827.] t2_sim:[254066. 254727. 249014.]
Task is 0.00% complete.
t1_sim:[245685. 243319. 252939.] t2_sim:[264408. 265222. 265081.]
Task is 48.08% complete.
t1_sim:[240746. 240883. 252669.] t2_sim:[249764. 249676. 252052.]
Task is 96.15% complete.
t1_sim:[252414. 251158. 248827.] t2_sim:[254066. 254727. 249014.]
Task is 0.00% complete.
t1_sim:[245685. 243319. 252939.] t2_sim:[264408. 265222. 265081.]
Task is 48.08% complete.
t1_sim:[240746. 240883. 252669.] t2_sim:[249764. 249676. 252052.]
Task is 96.15% complete.
t1_sim:[252414. 251158. 248827.] t2_sim:[254066. 254727. 249014.]
Task is 0.00% complete.
t1_sim:[245685. 243319. 252939.] t2_sim:[264408. 265222. 265081.]
Task is 48.08% complete.
t1_sim:[240746. 240883. 252669.] t2_sim:[249764. 249676. 252052.]
Task is 96.15% complete.
t1_sim:[252414. 251158. 248827.] t2_sim:[254066. 254727. 249014.]
Task is 0.00% complete.
t1_sim:[245685. 243319. 252939.] t2_sim:[264408. 265222. 265081.]
Task is 48.08% complete.
t1_sim:[240746. 240883. 252669.] t2_sim:[249764. 249676. 252052.]
Task is 96.15% complete.
Training start
t1_obs:[array(250197.), array(252099.), array(253859.)] t2_obs:[array(231590.), array(233210.), array(237205.)]
corr_G1:[0.2437156984815427, 0.14508387915519952, 0.09877115422126705] corr_G2:[-0.040434995095681, -0.058201820426262894, 0.02310678986000373]
Training end
Number of jobs: 48
/scratch/jz4721/Post-prediction-Causal-Inference/venv/lib/python3.8/site-packages/sklearn/impute/_iterative.py:785: ConvergenceWarning: [IterativeImputer] Early stopping criterion not reached.
  warnings.warn(
/scratch/jz4721/Post-prediction-Causal-Inference/venv/lib/python3.8/site-packages/sklearn/impute/_iterative.py:785: ConvergenceWarning: [IterativeImputer] Early stopping criterion not reached.
  warnings.warn(
