/scratch/jz4721/Post-prediction-Causal-Inference/venv/lib/python3.8/site-packages/numpy/core/getlimits.py:518: UserWarning: The value of the smallest subnormal for <class 'numpy.float64'> type is zero.
  setattr(self, word, getattr(machar, word).flat[0])
/scratch/jz4721/Post-prediction-Causal-Inference/venv/lib/python3.8/site-packages/numpy/core/getlimits.py:89: UserWarning: The value of the smallest subnormal for <class 'numpy.float64'> type is zero.
  return self._float_to_str(self.smallest_subnormal)
/scratch/jz4721/Post-prediction-Causal-Inference/venv/lib/python3.8/site-packages/numpy/core/getlimits.py:518: UserWarning: The value of the smallest subnormal for <class 'numpy.float32'> type is zero.
  setattr(self, word, getattr(machar, word).flat[0])
/scratch/jz4721/Post-prediction-Causal-Inference/venv/lib/python3.8/site-packages/numpy/core/getlimits.py:89: UserWarning: The value of the smallest subnormal for <class 'numpy.float32'> type is zero.
  return self._float_to_str(self.smallest_subnormal)
Training start
t1_obs:[array(64784.), array(64757.), array(65609.)] t2_obs:[array(66074.), array(66546.), array(66805.)]
corr_G1:[None, None, 0] corr_G2:[None, None, -9.750815830748961e-17]
Training end
Task is 0.00% complete.
t1_sim:[59108. 59654. 62498.] t2_sim:[60463. 60517. 60244.]
Task is 1.00% complete.
t1_sim:[55495. 56069. 58237.] t2_sim:[62420. 61962. 61829.]
Task is 2.00% complete.
t1_sim:[57886. 58131. 60340.] t2_sim:[58478. 58869. 58566.]
Task is 3.00% complete.
t1_sim:[57907. 57642. 56780.] t2_sim:[63987. 64125. 61922.]
Task is 4.00% complete.
t1_sim:[62663. 62242. 63813.] t2_sim:[58570. 58943. 62069.]
Task is 5.00% complete.
t1_sim:[65590. 66235. 63185.] t2_sim:[63510. 63261. 61909.]
Task is 6.00% complete.
t1_sim:[65165. 65612. 64848.] t2_sim:[62945. 63493. 66765.]
Task is 7.00% complete.
t1_sim:[64658. 64733. 66521.] t2_sim:[58275. 58199. 60091.]
Task is 8.00% complete.
t1_sim:[62211. 62057. 62265.] t2_sim:[57749. 57550. 56753.]
Task is 9.00% complete.
t1_sim:[61954. 62253. 60965.] t2_sim:[63319. 62995. 63672.]
Task is 10.00% complete.
t1_sim:[57980. 58225. 57716.] t2_sim:[65869. 65913. 64073.]
Task is 11.00% complete.
t1_sim:[63399. 62923. 64377.] t2_sim:[67023. 66768. 66325.]
Task is 12.00% complete.
t1_sim:[59620. 59621. 60032.] t2_sim:[66210. 66393. 64676.]
Task is 13.00% complete.
t1_sim:[59752. 59611. 58842.] t2_sim:[59682. 59972. 61181.]
Task is 14.00% complete.
t1_sim:[61426. 60861. 61112.] t2_sim:[62742. 62726. 61904.]
Task is 15.00% complete.
t1_sim:[61869. 61810. 60510.] t2_sim:[59655. 60061. 59555.]
Task is 16.00% complete.
t1_sim:[63670. 63216. 60528.] t2_sim:[63446. 63079. 62078.]
Task is 17.00% complete.
t1_sim:[61696. 61462. 60497.] t2_sim:[57639. 57210. 59566.]
Task is 18.00% complete.
t1_sim:[64589. 63935. 59551.] t2_sim:[60389. 60103. 62201.]
Task is 19.00% complete.
t1_sim:[60832. 60750. 60308.] t2_sim:[64184. 63949. 62179.]
Task is 20.00% complete.
t1_sim:[61559. 62060. 60544.] t2_sim:[64223. 64548. 67292.]
Task is 21.00% complete.
t1_sim:[64375. 64322. 61854.] t2_sim:[57819. 57906. 59317.]
Task is 22.00% complete.
t1_sim:[57880. 57884. 59971.] t2_sim:[66702. 67121. 66319.]
Task is 23.00% complete.
t1_sim:[65875. 65555. 67819.] t2_sim:[61494. 61429. 61444.]
Task is 24.00% complete.
t1_sim:[66182. 66125. 62134.] t2_sim:[58146. 57947. 59283.]
Task is 25.00% complete.
t1_sim:[67451. 67425. 66684.] t2_sim:[59499. 59417. 60595.]
Task is 26.00% complete.
t1_sim:[62149. 61895. 62942.] t2_sim:[63350. 62732. 61962.]
Task is 27.00% complete.
t1_sim:[56809. 57200. 58231.] t2_sim:[58772. 58651. 58436.]
Task is 28.00% complete.
t1_sim:[61800. 61879. 61368.] t2_sim:[64466. 64423. 65168.]
Task is 29.00% complete.
t1_sim:[56520. 56968. 60054.] t2_sim:[63152. 62884. 63226.]
Task is 30.00% complete.
t1_sim:[56884. 56513. 56727.] t2_sim:[68271. 68254. 66019.]
Task is 31.00% complete.
t1_sim:[61074. 61079. 55099.] t2_sim:[65072. 65088. 65656.]
Task is 32.00% complete.
t1_sim:[62676. 62467. 58896.] t2_sim:[65031. 65423. 66066.]
Task is 33.00% complete.
t1_sim:[64664. 65067. 61397.] t2_sim:[62489. 62341. 62061.]
Task is 34.00% complete.
t1_sim:[63210. 63225. 64490.] t2_sim:[63084. 63021. 61178.]
Task is 35.00% complete.
t1_sim:[59120. 59305. 60171.] t2_sim:[60337. 60550. 60058.]
Task is 36.00% complete.
t1_sim:[60810. 60607. 57462.] t2_sim:[57470. 57775. 59744.]
Task is 37.00% complete.
t1_sim:[62400. 62333. 62970.] t2_sim:[62176. 61897. 58801.]
Task is 38.00% complete.
t1_sim:[66994. 67145. 65131.] t2_sim:[65099. 64920. 68301.]
Task is 39.00% complete.
t1_sim:[63033. 63434. 64895.] t2_sim:[63497. 63777. 62155.]
Task is 40.00% complete.
t1_sim:[66584. 66573. 63721.] t2_sim:[57697. 57996. 56919.]
Task is 41.00% complete.
t1_sim:[64708. 64163. 63222.] t2_sim:[62824. 62390. 63262.]
Task is 42.00% complete.
t1_sim:[60199. 60611. 60785.] t2_sim:[69213. 69009. 65202.]
Task is 43.00% complete.
t1_sim:[68220. 68206. 67794.] t2_sim:[72485. 73057. 72949.]
Task is 44.00% complete.
t1_sim:[64773. 64815. 65903.] t2_sim:[57997. 57982. 59138.]
Task is 45.00% complete.
t1_sim:[60426. 60497. 59743.] t2_sim:[60684. 60588. 60905.]
Task is 46.00% complete.
t1_sim:[68192. 68347. 65576.] t2_sim:[62043. 61923. 62579.]
Task is 47.00% complete.
t1_sim:[64642. 65050. 65129.] t2_sim:[58453. 58976. 59070.]
Task is 48.00% complete.
t1_sim:[62179. 62014. 64771.] t2_sim:[63969. 64277. 65915.]
Task is 49.00% complete.
t1_sim:[67370. 67339. 69725.] t2_sim:[67764. 68068. 62964.]
Task is 50.00% complete.
t1_sim:[59261. 59255. 59588.] t2_sim:[60636. 60716. 61666.]
Task is 51.00% complete.
t1_sim:[62726. 62083. 60475.] t2_sim:[60653. 61029. 59824.]
Task is 52.00% complete.
t1_sim:[58226. 58238. 58966.] t2_sim:[67335. 66943. 66933.]
Task is 53.00% complete.
t1_sim:[64904. 65084. 62554.] t2_sim:[61564. 61193. 58429.]
Task is 54.00% complete.
t1_sim:[68080. 68096. 67684.] t2_sim:[61187. 61498. 62618.]
Task is 55.00% complete.
t1_sim:[55622. 55461. 50612.] t2_sim:[61536. 61308. 61153.]
Task is 56.00% complete.
t1_sim:[55598. 55663. 58110.] t2_sim:[59387. 59980. 62561.]
Task is 57.00% complete.
t1_sim:[60542. 60471. 61731.] t2_sim:[68490. 68378. 68445.]
Task is 58.00% complete.
t1_sim:[57265. 57389. 57982.] t2_sim:[61696. 61654. 61247.]
Task is 59.00% complete.
t1_sim:[65791. 65495. 65058.] t2_sim:[63219. 63020. 56899.]
Task is 60.00% complete.
t1_sim:[67425. 68067. 67186.] t2_sim:[62016. 61801. 60674.]
Task is 61.00% complete.
t1_sim:[61519. 61700. 61267.] t2_sim:[56808. 56812. 60309.]
Task is 62.00% complete.
t1_sim:[59766. 60162. 59974.] t2_sim:[60904. 61001. 64647.]
Task is 63.00% complete.
t1_sim:[62554. 62507. 60206.] t2_sim:[64571. 65002. 63882.]
Task is 64.00% complete.
t1_sim:[64531. 64708. 63547.] t2_sim:[61576. 61211. 65637.]
Task is 65.00% complete.
t1_sim:[69927. 69884. 65226.] t2_sim:[61728. 61979. 63720.]
Task is 66.00% complete.
t1_sim:[60374. 60678. 58954.] t2_sim:[62337. 62114. 58585.]
Task is 67.00% complete.
t1_sim:[61683. 61410. 61069.] t2_sim:[56037. 56218. 59220.]
Task is 68.00% complete.
t1_sim:[63104. 63728. 62252.] t2_sim:[61981. 61752. 63551.]
Task is 69.00% complete.
t1_sim:[68112. 68496. 67382.] t2_sim:[58683. 58934. 58891.]
Task is 70.00% complete.
t1_sim:[65317. 65195. 64690.] t2_sim:[65767. 65697. 64604.]
Task is 71.00% complete.
t1_sim:[63792. 63923. 63503.] t2_sim:[62188. 62378. 60243.]
Task is 72.00% complete.
t1_sim:[61174. 61394. 62874.] t2_sim:[64698. 64919. 64961.]
Task is 73.00% complete.
t1_sim:[63015. 63056. 63044.] t2_sim:[63472. 62837. 62697.]
Task is 74.00% complete.
t1_sim:[64626. 64687. 66536.] t2_sim:[61234. 61438. 59140.]
Task is 75.00% complete.
t1_sim:[72070. 71935. 68499.] t2_sim:[59501. 59460. 61648.]
Task is 76.00% complete.
t1_sim:[58890. 58680. 59606.] t2_sim:[67273. 67387. 64926.]
Task is 77.00% complete.
t1_sim:[65548. 65512. 61514.] t2_sim:[64584. 64969. 63151.]
Task is 78.00% complete.
t1_sim:[59864. 59757. 60559.] t2_sim:[60776. 60616. 59063.]
Task is 79.00% complete.
t1_sim:[64187. 64159. 64496.] t2_sim:[64311. 63964. 67884.]
Task is 80.00% complete.
t1_sim:[65337. 65446. 59973.] t2_sim:[61504. 62120. 62455.]
Task is 81.00% complete.
t1_sim:[62595. 62358. 60777.] t2_sim:[62545. 62337. 59967.]
Task is 82.00% complete.
t1_sim:[64638. 64604. 65458.] t2_sim:[62188. 62534. 64917.]
Task is 83.00% complete.
t1_sim:[57953. 58039. 58204.] t2_sim:[57748. 57577. 57053.]
Task is 84.00% complete.
t1_sim:[62983. 63096. 61258.] t2_sim:[69136. 68905. 69044.]
Task is 85.00% complete.
t1_sim:[64330. 64351. 64493.] t2_sim:[61150. 61346. 62394.]
Task is 86.00% complete.
t1_sim:[64652. 64723. 65332.] t2_sim:[64912. 64372. 65958.]
Task is 87.00% complete.
t1_sim:[65910. 66033. 65360.] t2_sim:[65478. 65221. 65141.]
Task is 88.00% complete.
t1_sim:[69562. 69723. 68425.] t2_sim:[64444. 64310. 61753.]
Task is 89.00% complete.
t1_sim:[58800. 58929. 59065.] t2_sim:[63247. 62980. 64314.]
Task is 90.00% complete.
t1_sim:[61268. 61222. 58276.] t2_sim:[59557. 59549. 52293.]
Task is 91.00% complete.
t1_sim:[61643. 61825. 59582.] t2_sim:[61074. 60665. 58515.]
Task is 92.00% complete.
t1_sim:[66315. 66428. 65377.] t2_sim:[61938. 62464. 60559.]
Task is 93.00% complete.
t1_sim:[64064. 64095. 65074.] t2_sim:[63846. 63975. 66413.]
Task is 94.00% complete.
t1_sim:[59804. 60260. 61304.] t2_sim:[56496. 56491. 55997.]
Task is 95.00% complete.
t1_sim:[61281. 61062. 61433.] t2_sim:[67751. 67584. 63497.]
Task is 96.00% complete.
t1_sim:[62842. 62572. 63562.] t2_sim:[59406. 59226. 60013.]
Task is 97.00% complete.
t1_sim:[67650. 67294. 67253.] t2_sim:[62334. 61860. 63458.]
Task is 98.00% complete.
t1_sim:[60746. 60573. 62225.] t2_sim:[61452. 61350. 60345.]
Task is 99.00% complete.
t1_sim:[64435. 64543. 62744.] t2_sim:[61919. 61894. 61042.]
Training start
t1_obs:[array(64784.), array(64757.), array(64706.)] t2_obs:[array(66074.), array(66546.), array(67410.)]
corr_G1:[None, None, 0.9617427136729576] corr_G2:[None, None, 0.974485878560653]
Training end
Task is 0.00% complete.
t1_sim:[62894. 63483. 64708.] t2_sim:[66852. 67283. 67867.]
Task is 1.00% complete.
t1_sim:[60614. 60297. 56476.] t2_sim:[63916. 63982. 64480.]
Task is 2.00% complete.
t1_sim:[59876. 60055. 62151.] t2_sim:[62717. 62755. 62219.]
Task is 3.00% complete.
t1_sim:[65893. 65836. 64692.] t2_sim:[63787. 64082. 63982.]
Task is 4.00% complete.
t1_sim:[70190. 69721. 70070.] t2_sim:[66375. 66329. 66426.]
Task is 5.00% complete.
t1_sim:[63253. 63030. 60940.] t2_sim:[60691. 61315. 60401.]
Task is 6.00% complete.
t1_sim:[62115. 62382. 61610.] t2_sim:[64370. 63942. 61404.]
Task is 7.00% complete.
t1_sim:[60018. 59953. 58551.] t2_sim:[67140. 67199. 69705.]
Task is 8.00% complete.
t1_sim:[63482. 64400. 62753.] t2_sim:[66868. 67042. 68410.]
Task is 9.00% complete.
t1_sim:[65544. 65355. 63151.] t2_sim:[60090. 60095. 62400.]
Task is 10.00% complete.
t1_sim:[63465. 63490. 62830.] t2_sim:[64436. 63854. 62597.]
Task is 11.00% complete.
t1_sim:[62735. 62741. 62990.] t2_sim:[63216. 62985. 61390.]
Task is 12.00% complete.
t1_sim:[56116. 56443. 54565.] t2_sim:[62108. 62174. 60861.]
Task is 13.00% complete.
t1_sim:[63457. 63271. 63120.] t2_sim:[66602. 66850. 66763.]
Task is 14.00% complete.
t1_sim:[59069. 59414. 59537.] t2_sim:[58440. 58510. 59948.]
Task is 15.00% complete.
t1_sim:[71425. 71315. 70628.] t2_sim:[62085. 61345. 59657.]
Task is 16.00% complete.
t1_sim:[57789. 58290. 59282.] t2_sim:[65665. 65728. 65769.]
Task is 17.00% complete.
t1_sim:[65438. 65367. 63770.] t2_sim:[63763. 63294. 61182.]
Task is 18.00% complete.
t1_sim:[63990. 64257. 63523.] t2_sim:[60734. 60810. 59577.]
Task is 19.00% complete.
t1_sim:[63863. 63519. 65184.] t2_sim:[57140. 57169. 58450.]
Task is 20.00% complete.
t1_sim:[59329. 59422. 57589.] t2_sim:[62655. 62130. 60398.]
Task is 21.00% complete.
t1_sim:[67554. 67150. 67927.] t2_sim:[62589. 62397. 61157.]
Task is 22.00% complete.
t1_sim:[66595. 66622. 66142.] t2_sim:[66466. 66026. 66146.]
Task is 23.00% complete.
t1_sim:[63981. 64184. 64568.] t2_sim:[63957. 63946. 64725.]
Task is 24.00% complete.
t1_sim:[60328. 60487. 58694.] t2_sim:[59316. 59136. 59765.]
Task is 25.00% complete.
t1_sim:[60263. 60379. 60922.] t2_sim:[65117. 65101. 63778.]
Task is 26.00% complete.
t1_sim:[62663. 62296. 61119.] t2_sim:[60523. 60488. 60983.]
Task is 27.00% complete.
t1_sim:[57399. 57202. 57817.] t2_sim:[65428. 65116. 63382.]
Task is 28.00% complete.
t1_sim:[59188. 58939. 58200.] t2_sim:[62640. 62713. 63803.]
Task is 29.00% complete.
t1_sim:[62015. 61588. 62279.] t2_sim:[61491. 61547. 61452.]
Task is 30.00% complete.
t1_sim:[64506. 64568. 64725.] t2_sim:[61470. 61554. 61311.]
Task is 31.00% complete.
t1_sim:[58246. 57995. 55981.] t2_sim:[63863. 63862. 63547.]
Task is 32.00% complete.
t1_sim:[67579. 67644. 67384.] t2_sim:[59896. 60031. 61281.]
Task is 33.00% complete.
t1_sim:[64908. 64584. 62251.] t2_sim:[65605. 65410. 64819.]
Task is 34.00% complete.
t1_sim:[63161. 63041. 63224.] t2_sim:[65190. 64774. 64075.]
Task is 35.00% complete.
t1_sim:[64591. 64960. 62911.] t2_sim:[61471. 61403. 62780.]
Task is 36.00% complete.
t1_sim:[63421. 63225. 63598.] t2_sim:[60942. 61285. 62329.]
Task is 37.00% complete.
t1_sim:[62973. 63269. 64670.] t2_sim:[63158. 63351. 65357.]
Task is 38.00% complete.
t1_sim:[56428. 56653. 56786.] t2_sim:[64780. 64618. 65081.]
Task is 39.00% complete.
t1_sim:[59778. 59739. 61532.] t2_sim:[59485. 59435. 59029.]
Task is 40.00% complete.
t1_sim:[66516. 66400. 65121.] t2_sim:[65244. 65900. 65242.]
Task is 41.00% complete.
t1_sim:[59314. 59606. 61716.] t2_sim:[69228. 69580. 69872.]
Task is 42.00% complete.
t1_sim:[60245. 60592. 60392.] t2_sim:[61523. 61237. 60757.]
Task is 43.00% complete.
t1_sim:[64067. 63884. 62892.] t2_sim:[63524. 63087. 63181.]
Task is 44.00% complete.
t1_sim:[64199. 64477. 64194.] t2_sim:[60039. 59978. 60240.]
Task is 45.00% complete.
t1_sim:[54511. 54655. 54170.] t2_sim:[64617. 64156. 63244.]
Task is 46.00% complete.
t1_sim:[55277. 54983. 56845.] t2_sim:[62334. 62654. 64328.]
Task is 47.00% complete.
t1_sim:[58705. 59077. 59086.] t2_sim:[66440. 65978. 65737.]
Task is 48.00% complete.
t1_sim:[63347. 63879. 62834.] t2_sim:[58290. 58211. 59875.]
Task is 49.00% complete.
t1_sim:[64532. 64722. 66969.] t2_sim:[60278. 60824. 61177.]
Task is 50.00% complete.
t1_sim:[61669. 61674. 59481.] t2_sim:[65995. 65744. 65414.]
Task is 51.00% complete.
t1_sim:[64691. 64949. 65563.] t2_sim:[63819. 63953. 63400.]
Task is 52.00% complete.
t1_sim:[63947. 63443. 63849.] t2_sim:[57376. 57168. 58308.]
Task is 53.00% complete.
t1_sim:[59745. 59031. 58458.] t2_sim:[62504. 62658. 63294.]
Task is 54.00% complete.
t1_sim:[54863. 54127. 56670.] t2_sim:[62538. 62227. 61875.]
Task is 55.00% complete.
t1_sim:[60848. 60857. 59729.] t2_sim:[61616. 61572. 60440.]
Task is 56.00% complete.
t1_sim:[61387. 62033. 61310.] t2_sim:[57487. 57763. 58836.]
Task is 57.00% complete.
t1_sim:[67393. 66692. 65511.] t2_sim:[61420. 61810. 63162.]
Task is 58.00% complete.
t1_sim:[64499. 64392. 62108.] t2_sim:[64447. 64154. 64481.]
Task is 59.00% complete.
t1_sim:[62967. 63081. 65344.] t2_sim:[70067. 70110. 70185.]
Task is 60.00% complete.
t1_sim:[61728. 61908. 61271.] t2_sim:[62009. 62145. 62309.]
Task is 61.00% complete.
t1_sim:[69162. 69161. 70003.] t2_sim:[63029. 62689. 61979.]
Task is 62.00% complete.
t1_sim:[57739. 57686. 57869.] t2_sim:[65049. 65224. 63941.]
Task is 63.00% complete.
t1_sim:[61029. 60567. 57444.] t2_sim:[71273. 71415. 70019.]
Task is 64.00% complete.
t1_sim:[61286. 61273. 59577.] t2_sim:[63834. 64420. 66838.]
Task is 65.00% complete.
t1_sim:[60505. 60261. 63411.] t2_sim:[64390. 64181. 64269.]
Task is 66.00% complete.
t1_sim:[63647. 63582. 64465.] t2_sim:[68108. 67675. 67344.]
Task is 67.00% complete.
t1_sim:[58032. 57938. 57551.] t2_sim:[60865. 60958. 62738.]
Task is 68.00% complete.
t1_sim:[66381. 65692. 63563.] t2_sim:[65624. 65244. 64229.]
Task is 69.00% complete.
t1_sim:[56785. 56726. 58979.] t2_sim:[66563. 66936. 67684.]
Task is 70.00% complete.
t1_sim:[61474. 61374. 60649.] t2_sim:[71146. 71127. 70595.]
Task is 71.00% complete.
t1_sim:[62193. 61976. 62192.] t2_sim:[60501. 60198. 58798.]
Task is 72.00% complete.
t1_sim:[65232. 65178. 62697.] t2_sim:[65832. 65408. 64628.]
Task is 73.00% complete.
t1_sim:[63940. 64066. 63886.] t2_sim:[61823. 61664. 61374.]
Task is 74.00% complete.
t1_sim:[62586. 62900. 62751.] t2_sim:[66426. 66507. 67703.]
Task is 75.00% complete.
t1_sim:[59860. 59247. 59643.] t2_sim:[63808. 63775. 63933.]
Task is 76.00% complete.
t1_sim:[65563. 65646. 64433.] t2_sim:[63926. 63192. 61825.]
Task is 77.00% complete.
t1_sim:[58526. 58485. 57451.] t2_sim:[64179. 64631. 65018.]
Task is 78.00% complete.
t1_sim:[67882. 67401. 67292.] t2_sim:[64972. 64693. 63994.]
Task is 79.00% complete.
t1_sim:[61217. 60842. 59602.] t2_sim:[64051. 63957. 63846.]
Task is 80.00% complete.
t1_sim:[61122. 60949. 60192.] t2_sim:[64346. 64703. 65443.]
Task is 81.00% complete.
t1_sim:[64134. 64381. 66405.] t2_sim:[66286. 66761. 68250.]
Task is 82.00% complete.
t1_sim:[60818. 61323. 62657.] t2_sim:[59213. 58825. 59023.]
Task is 83.00% complete.
t1_sim:[57434. 57554. 55583.] t2_sim:[59721. 59946. 60886.]
Task is 84.00% complete.
t1_sim:[65488. 65164. 63088.] t2_sim:[63361. 63373. 64045.]
Task is 85.00% complete.
t1_sim:[68365. 67968. 67168.] t2_sim:[69570. 69522. 68180.]
Task is 86.00% complete.
t1_sim:[67896. 68276. 68339.] t2_sim:[58907. 59069. 59386.]
Task is 87.00% complete.
t1_sim:[62342. 62437. 61913.] t2_sim:[62693. 63025. 63120.]
Task is 88.00% complete.
t1_sim:[60335. 60098. 59385.] t2_sim:[58513. 58529. 60380.]
Task is 89.00% complete.
t1_sim:[62462. 62557. 60765.] t2_sim:[68126. 68232. 69396.]
Task is 90.00% complete.
t1_sim:[62347. 62396. 60473.] t2_sim:[62501. 62660. 61756.]
Task is 91.00% complete.
t1_sim:[61145. 61792. 61816.] t2_sim:[64490. 64812. 62631.]
Task is 92.00% complete.
t1_sim:[64522. 64804. 64030.] t2_sim:[63415. 63743. 63966.]
Task is 93.00% complete.
t1_sim:[68550. 68514. 70028.] t2_sim:[66741. 66534. 65608.]
Task is 94.00% complete.
t1_sim:[63783. 63516. 61399.] t2_sim:[58069. 58366. 59196.]
Task is 95.00% complete.
t1_sim:[60041. 59639. 60014.] t2_sim:[64458. 64738. 65838.]
Task is 96.00% complete.
t1_sim:[58177. 58217. 57457.] t2_sim:[63763. 63556. 65683.]
Task is 97.00% complete.
t1_sim:[59146. 59184. 59592.] t2_sim:[58692. 58950. 58809.]
Task is 98.00% complete.
t1_sim:[66059. 65783. 65200.] t2_sim:[56738. 56928. 56665.]
Task is 99.00% complete.
t1_sim:[63042. 62909. 63570.] t2_sim:[64150. 64312. 65280.]
Training start
t1_obs:[array(64784.), array(64757.), array(64691.)] t2_obs:[array(66074.), array(66546.), array(66567.)]
corr_G1:[None, None, -0.1316134319357211] corr_G2:[None, None, -0.012206096342433434]
Training end
Task is 0.00% complete.
t1_sim:[63517. 63190. 64992.] t2_sim:[60150. 60481. 61140.]
Task is 1.00% complete.
t1_sim:[55787. 56345. 58209.] t2_sim:[56258. 56196. 56292.]
Task is 2.00% complete.
t1_sim:[61062. 61247. 61874.] t2_sim:[64555. 64603. 62687.]
Task is 3.00% complete.
t1_sim:[62405. 62130. 64182.] t2_sim:[64325. 64338. 62671.]
Task is 4.00% complete.
t1_sim:[62485. 62306. 64946.] t2_sim:[63913. 64216. 63959.]
Task is 5.00% complete.
t1_sim:[64674. 64455. 62128.] t2_sim:[57424. 57543. 59802.]
Task is 6.00% complete.
t1_sim:[63189. 63509. 64053.] t2_sim:[60705. 60798. 59820.]
Task is 7.00% complete.
t1_sim:[63721. 63515. 65340.] t2_sim:[60071. 59468. 58747.]
Task is 8.00% complete.
t1_sim:[61327. 61350. 63242.] t2_sim:[62887. 62812. 61372.]
Task is 9.00% complete.
t1_sim:[63519. 63676. 62831.] t2_sim:[62886. 62955. 62365.]
Task is 10.00% complete.
t1_sim:[61205. 60934. 61444.] t2_sim:[65243. 65248. 64479.]
Task is 11.00% complete.
t1_sim:[61190. 61083. 63724.] t2_sim:[60982. 60890. 59981.]
Task is 12.00% complete.
t1_sim:[54113. 54240. 55324.] t2_sim:[63467. 63364. 64457.]
Task is 13.00% complete.
t1_sim:[64099. 64020. 65866.] t2_sim:[62614. 62641. 61219.]
Task is 14.00% complete.
t1_sim:[66183. 66261. 65134.] t2_sim:[61438. 61473. 62082.]
Task is 15.00% complete.
t1_sim:[59116. 58209. 56277.] t2_sim:[62045. 62143. 64042.]
Task is 16.00% complete.
t1_sim:[61442. 61510. 59873.] t2_sim:[69458. 69275. 67742.]
Task is 17.00% complete.
t1_sim:[60824. 60571. 62432.] t2_sim:[59191. 59132. 60689.]
Task is 18.00% complete.
t1_sim:[62275. 62318. 61310.] t2_sim:[66006. 66163. 63637.]
Task is 19.00% complete.
t1_sim:[58876. 59009. 58106.] t2_sim:[63503. 63327. 61474.]
Task is 20.00% complete.
t1_sim:[57637. 57465. 56892.] t2_sim:[65147. 65461. 64158.]
Task is 21.00% complete.
t1_sim:[66635. 66724. 67178.] t2_sim:[69715. 69999. 69302.]
Task is 22.00% complete.
t1_sim:[57845. 57760. 58221.] t2_sim:[66358. 66528. 64517.]
Task is 23.00% complete.
t1_sim:[57215. 57223. 59380.] t2_sim:[62432. 62986. 64031.]
Task is 24.00% complete.
t1_sim:[64213. 63945. 63987.] t2_sim:[61964. 61885. 59604.]
Task is 25.00% complete.
t1_sim:[62158. 62389. 63576.] t2_sim:[59147. 59476. 62169.]
Task is 26.00% complete.
t1_sim:[67637. 67321. 67352.] t2_sim:[61218. 60997. 60576.]
Task is 27.00% complete.
t1_sim:[61693. 61586. 62660.] t2_sim:[61044. 61438. 63196.]
Task is 28.00% complete.
t1_sim:[64982. 65294. 63755.] t2_sim:[63585. 64164. 64395.]
Task is 29.00% complete.
t1_sim:[58525. 58743. 57957.] t2_sim:[58071. 57682. 56334.]
Task is 30.00% complete.
t1_sim:[62181. 62220. 63057.] t2_sim:[59467. 59080. 61257.]
Task is 31.00% complete.
t1_sim:[59285. 59732. 59976.] t2_sim:[61186. 60557. 60994.]
Task is 32.00% complete.
t1_sim:[60996. 60831. 61648.] t2_sim:[64384. 64302. 64238.]
Task is 33.00% complete.
t1_sim:[63448. 63466. 61815.] t2_sim:[64692. 64495. 62975.]
Task is 34.00% complete.
t1_sim:[63075. 63272. 65549.] t2_sim:[62017. 62148. 64699.]
Task is 35.00% complete.
t1_sim:[72902. 73066. 72660.] t2_sim:[60116. 60207. 58923.]
Task is 36.00% complete.
t1_sim:[62355. 62530. 62576.] t2_sim:[62589. 62827. 64037.]
Task is 37.00% complete.
t1_sim:[67584. 67450. 66946.] t2_sim:[66560. 66626. 67670.]
Task is 38.00% complete.
t1_sim:[63697. 63811. 62510.] t2_sim:[65574. 65850. 68350.]
Task is 39.00% complete.
t1_sim:[62919. 62417. 59829.] t2_sim:[61692. 61898. 61857.]
Task is 40.00% complete.
t1_sim:[58665. 58458. 61362.] t2_sim:[60847. 60420. 57794.]
Task is 41.00% complete.
t1_sim:[57161. 56993. 57293.] t2_sim:[60022. 60015. 59188.]
Task is 42.00% complete.
t1_sim:[62931. 63001. 64758.] t2_sim:[62090. 62641. 61888.]
Task is 43.00% complete.
t1_sim:[60524. 59985. 58360.] t2_sim:[63734. 63613. 63268.]
Task is 44.00% complete.
t1_sim:[60947. 60896. 62298.] t2_sim:[62144. 62033. 62179.]
Task is 45.00% complete.
t1_sim:[67366. 67387. 68616.] t2_sim:[60314. 59995. 60546.]
Task is 46.00% complete.
t1_sim:[58156. 58117. 58393.] t2_sim:[58860. 58983. 59003.]
Task is 47.00% complete.
t1_sim:[61791. 61122. 61560.] t2_sim:[65703. 65897. 64702.]
Task is 48.00% complete.
t1_sim:[62437. 62464. 60738.] t2_sim:[61353. 61548. 62054.]
Task is 49.00% complete.
t1_sim:[65503. 65210. 63853.] t2_sim:[60318. 60334. 59520.]
Task is 50.00% complete.
t1_sim:[60764. 61237. 63349.] t2_sim:[59690. 59446. 61303.]
Task is 51.00% complete.
t1_sim:[65263. 66025. 66743.] t2_sim:[63913. 63553. 64460.]
Task is 52.00% complete.
t1_sim:[62862. 62790. 65277.] t2_sim:[62212. 62372. 62303.]
Task is 53.00% complete.
t1_sim:[66168. 66368. 66463.] t2_sim:[60593. 60076. 58998.]
Task is 54.00% complete.
t1_sim:[63871. 64357. 66798.] t2_sim:[62030. 62024. 63236.]
Task is 55.00% complete.
t1_sim:[67350. 66981. 65739.] t2_sim:[63724. 64043. 64585.]
Task is 56.00% complete.
t1_sim:[58468. 58397. 59017.] t2_sim:[66285. 66433. 66289.]
Task is 57.00% complete.
t1_sim:[65375. 65948. 63513.] t2_sim:[60269. 60150. 59602.]
Task is 58.00% complete.
t1_sim:[66347. 66281. 68160.] t2_sim:[66529. 66272. 64836.]
Task is 59.00% complete.
t1_sim:[64307. 64131. 62898.] t2_sim:[62981. 63417. 60500.]
Task is 60.00% complete.
t1_sim:[58826. 58543. 59726.] t2_sim:[59610. 59070. 61019.]
Task is 61.00% complete.
t1_sim:[61385. 61513. 61664.] t2_sim:[64303. 64010. 66417.]
Task is 62.00% complete.
t1_sim:[58571. 57743. 56388.] t2_sim:[64721. 64746. 64957.]
Task is 63.00% complete.
t1_sim:[54327. 54592. 55857.] t2_sim:[64924. 65059. 66036.]
Task is 64.00% complete.
t1_sim:[56638. 56452. 56552.] t2_sim:[63322. 63512. 63975.]
Task is 65.00% complete.
t1_sim:[61601. 61415. 63337.] t2_sim:[60819. 61239. 62083.]
Task is 66.00% complete.
t1_sim:[58518. 59129. 57950.] t2_sim:[66360. 66205. 64466.]
Task is 67.00% complete.
t1_sim:[63678. 63125. 62057.] t2_sim:[59647. 59910. 59927.]
Task is 68.00% complete.
t1_sim:[63305. 62724. 64111.] t2_sim:[66465. 66798. 66459.]
Task is 69.00% complete.
t1_sim:[62339. 62547. 62568.] t2_sim:[62395. 63006. 63641.]
Task is 70.00% complete.
t1_sim:[62696. 62874. 62993.] t2_sim:[61549. 62308. 63569.]
Task is 71.00% complete.
t1_sim:[61267. 61324. 59262.] t2_sim:[59557. 59403. 60158.]
Task is 72.00% complete.
t1_sim:[57491. 57320. 55882.] t2_sim:[58718. 58661. 59871.]
Task is 73.00% complete.
t1_sim:[61078. 61362. 61466.] t2_sim:[60124. 60147. 61515.]
Task is 74.00% complete.
t1_sim:[61033. 61420. 61928.] t2_sim:[66671. 66457. 67446.]
Task is 75.00% complete.
t1_sim:[59285. 59395. 60329.] t2_sim:[60218. 59535. 62138.]
Task is 76.00% complete.
t1_sim:[63828. 63904. 64907.] t2_sim:[64116. 64174. 61626.]
Task is 77.00% complete.
t1_sim:[58185. 58581. 59881.] t2_sim:[61983. 61854. 57999.]
Task is 78.00% complete.
t1_sim:[63535. 63517. 63838.] t2_sim:[62442. 62291. 65106.]
Task is 79.00% complete.
t1_sim:[61759. 61849. 60649.] t2_sim:[61732. 61708. 61890.]
Task is 80.00% complete.
t1_sim:[64729. 64562. 64041.] t2_sim:[63989. 64028. 66530.]
Task is 81.00% complete.
t1_sim:[57092. 56917. 55880.] t2_sim:[60518. 60975. 62384.]
Task is 82.00% complete.
t1_sim:[63976. 63807. 61973.] t2_sim:[62654. 62496. 63085.]
Task is 83.00% complete.
t1_sim:[67276. 66725. 66407.] t2_sim:[64097. 64592. 66361.]
Task is 84.00% complete.
t1_sim:[66755. 66790. 65404.] t2_sim:[59113. 59533. 60460.]
Task is 85.00% complete.
t1_sim:[67851. 67745. 64253.] t2_sim:[62546. 62642. 62622.]
Task is 86.00% complete.
t1_sim:[64146. 64098. 63206.] t2_sim:[60543. 60590. 62181.]
Task is 87.00% complete.
t1_sim:[68021. 67884. 68502.] t2_sim:[56189. 56148. 54447.]
Task is 88.00% complete.
t1_sim:[59388. 59218. 58369.] t2_sim:[60635. 60719. 64004.]
Task is 89.00% complete.
t1_sim:[62103. 61768. 61995.] t2_sim:[65165. 64870. 62629.]
Task is 90.00% complete.
t1_sim:[54943. 55113. 56058.] t2_sim:[62093. 62336. 62177.]
Task is 91.00% complete.
t1_sim:[61288. 61402. 62077.] t2_sim:[58071. 58148. 58064.]
Task is 92.00% complete.
t1_sim:[58421. 58534. 57456.] t2_sim:[63278. 63476. 64312.]
Task is 93.00% complete.
t1_sim:[61760. 61017. 61796.] t2_sim:[64245. 64036. 61918.]
Task is 94.00% complete.
t1_sim:[66871. 66554. 68519.] t2_sim:[55756. 56011. 58458.]
Task is 95.00% complete.
t1_sim:[62579. 62842. 63546.] t2_sim:[65805. 65691. 63855.]
Task is 96.00% complete.
t1_sim:[62581. 62716. 62381.] t2_sim:[60960. 61090. 62300.]
Task is 97.00% complete.
t1_sim:[62160. 61865. 61827.] t2_sim:[64553. 65059. 64010.]
Task is 98.00% complete.
t1_sim:[65310. 65188. 67249.] t2_sim:[62848. 62701. 63274.]
Task is 99.00% complete.
t1_sim:[63711. 63713. 64905.] t2_sim:[60607. 60812. 60582.]
Finished
