/scratch/jz4721/Post-prediction-Causal-Inference/venv/lib/python3.8/site-packages/numpy/core/getlimits.py:518: UserWarning: The value of the smallest subnormal for <class 'numpy.float64'> type is zero.
  setattr(self, word, getattr(machar, word).flat[0])
/scratch/jz4721/Post-prediction-Causal-Inference/venv/lib/python3.8/site-packages/numpy/core/getlimits.py:89: UserWarning: The value of the smallest subnormal for <class 'numpy.float64'> type is zero.
  return self._float_to_str(self.smallest_subnormal)
/scratch/jz4721/Post-prediction-Causal-Inference/venv/lib/python3.8/site-packages/numpy/core/getlimits.py:518: UserWarning: The value of the smallest subnormal for <class 'numpy.float32'> type is zero.
  setattr(self, word, getattr(machar, word).flat[0])
/scratch/jz4721/Post-prediction-Causal-Inference/venv/lib/python3.8/site-packages/numpy/core/getlimits.py:89: UserWarning: The value of the smallest subnormal for <class 'numpy.float32'> type is zero.
  return self._float_to_str(self.smallest_subnormal)
Training start
t1_obs:[array(57600.), array(57540.), array(63336.)] t2_obs:[array(56494.), array(56665.), array(58417.)]
corr_G1:[None, None, -2.871898135777144e-17] corr_G2:[None, None, 7.773293979405669e-17]
Training end
Task is 0.00% complete.
t1_sim:[67234. 67048. 65173.] t2_sim:[63530. 63566. 63864.]
Task is 1.00% complete.
t1_sim:[67309. 67819. 67010.] t2_sim:[64107. 64236. 61614.]
Task is 2.00% complete.
t1_sim:[64904. 64589. 65788.] t2_sim:[66989. 67037. 67153.]
Task is 3.00% complete.
t1_sim:[59169. 59223. 57732.] t2_sim:[66117. 66313. 65236.]
Task is 4.00% complete.
t1_sim:[63204. 63196. 63750.] t2_sim:[54878. 54783. 56815.]
Task is 5.00% complete.
t1_sim:[60766. 60934. 61775.] t2_sim:[65365. 65404. 65486.]
Task is 6.00% complete.
t1_sim:[56951. 56524. 56798.] t2_sim:[63438. 63510. 60980.]
Task is 7.00% complete.
t1_sim:[64262. 64574. 65614.] t2_sim:[61865. 61950. 64166.]
Task is 8.00% complete.
t1_sim:[65887. 65945. 66507.] t2_sim:[59314. 59616. 64464.]
Task is 9.00% complete.
t1_sim:[69995. 69811. 67565.] t2_sim:[60082. 59887. 60389.]
Task is 10.00% complete.
t1_sim:[64315. 64167. 61812.] t2_sim:[61008. 60919. 55545.]
Task is 11.00% complete.
t1_sim:[64150. 64339. 60250.] t2_sim:[64401. 64590. 65296.]
Task is 12.00% complete.
t1_sim:[60841. 61449. 59944.] t2_sim:[65610. 65276. 63985.]
Task is 13.00% complete.
t1_sim:[59174. 58345. 61691.] t2_sim:[59541. 59727. 62720.]
Task is 14.00% complete.
t1_sim:[61594. 61961. 58590.] t2_sim:[64600. 64373. 63789.]
Task is 15.00% complete.
t1_sim:[60022. 60060. 59747.] t2_sim:[57955. 57591. 55904.]
Task is 16.00% complete.
t1_sim:[61242. 61536. 60494.] t2_sim:[63006. 63498. 63461.]
Task is 17.00% complete.
t1_sim:[58572. 58742. 59544.] t2_sim:[60128. 60112. 63538.]
Task is 18.00% complete.
t1_sim:[64846. 64584. 66296.] t2_sim:[56232. 56113. 59493.]
Task is 19.00% complete.
t1_sim:[65654. 65500. 66115.] t2_sim:[64077. 63844. 67197.]
Task is 20.00% complete.
t1_sim:[62014. 62309. 56414.] t2_sim:[63671. 63750. 65647.]
Task is 21.00% complete.
t1_sim:[63683. 63220. 65723.] t2_sim:[62669. 62592. 66575.]
Task is 22.00% complete.
t1_sim:[66277. 66462. 67468.] t2_sim:[64131. 64123. 61351.]
Task is 23.00% complete.
t1_sim:[59797. 59687. 61954.] t2_sim:[67562. 67543. 67050.]
Task is 24.00% complete.
t1_sim:[56430. 56212. 58322.] t2_sim:[58191. 58409. 59208.]
Task is 25.00% complete.
t1_sim:[64653. 64625. 62281.] t2_sim:[62475. 62983. 62402.]
Task is 26.00% complete.
t1_sim:[65912. 65815. 68322.] t2_sim:[63391. 63624. 65153.]
Task is 27.00% complete.
t1_sim:[66478. 66185. 62585.] t2_sim:[62384. 62711. 62960.]
Task is 28.00% complete.
t1_sim:[66531. 66704. 65068.] t2_sim:[60549. 60556. 63741.]
Task is 29.00% complete.
t1_sim:[64228. 64018. 62111.] t2_sim:[61464. 61598. 58022.]
Task is 30.00% complete.
t1_sim:[61500. 61562. 60712.] t2_sim:[59655. 59822. 60537.]
Task is 31.00% complete.
t1_sim:[65914. 65938. 64901.] t2_sim:[61166. 61349. 63851.]
Task is 32.00% complete.
t1_sim:[61805. 61618. 58228.] t2_sim:[64375. 64221. 61999.]
Task is 33.00% complete.
t1_sim:[62734. 62848. 65619.] t2_sim:[63603. 63309. 64661.]
Task is 34.00% complete.
t1_sim:[63007. 62689. 61603.] t2_sim:[61824. 62264. 63040.]
Task is 35.00% complete.
t1_sim:[64736. 64621. 63857.] t2_sim:[56951. 57107. 56627.]
Task is 36.00% complete.
t1_sim:[65005. 65197. 64958.] t2_sim:[59161. 59490. 62493.]
Task is 37.00% complete.
t1_sim:[61918. 62102. 62047.] t2_sim:[64500. 64636. 62693.]
Task is 38.00% complete.
t1_sim:[59755. 59625. 62241.] t2_sim:[62543. 62338. 63717.]
Task is 39.00% complete.
t1_sim:[62418. 62531. 62883.] t2_sim:[60333. 60398. 61932.]
Task is 40.00% complete.
t1_sim:[63598. 63566. 60610.] t2_sim:[60010. 59999. 59939.]
Task is 41.00% complete.
t1_sim:[59128. 59476. 56948.] t2_sim:[61953. 61716. 62170.]
Task is 42.00% complete.
t1_sim:[65346. 65882. 66212.] t2_sim:[63981. 63914. 60851.]
Task is 43.00% complete.
t1_sim:[60875. 60843. 61952.] t2_sim:[63402. 63463. 62333.]
Task is 44.00% complete.
t1_sim:[61254. 61355. 61647.] t2_sim:[62742. 63149. 65332.]
Task is 45.00% complete.
t1_sim:[64326. 64566. 62472.] t2_sim:[63839. 63637. 58582.]
Task is 46.00% complete.
t1_sim:[57017. 57409. 58236.] t2_sim:[58392. 58467. 62639.]
Task is 47.00% complete.
t1_sim:[60111. 60229. 59817.] t2_sim:[60972. 60952. 60812.]
Task is 48.00% complete.
t1_sim:[59999. 59946. 59775.] t2_sim:[64125. 64064. 65586.]
Task is 49.00% complete.
t1_sim:[62894. 62932. 61996.] t2_sim:[61395. 61344. 61606.]
Task is 50.00% complete.
t1_sim:[63567. 63539. 66579.] t2_sim:[67983. 68038. 67177.]
Task is 51.00% complete.
t1_sim:[66025. 65841. 65828.] t2_sim:[67107. 67231. 66369.]
Task is 52.00% complete.
t1_sim:[60688. 60476. 63158.] t2_sim:[64183. 63885. 62378.]
Task is 53.00% complete.
t1_sim:[60074. 60152. 61736.] t2_sim:[57068. 56680. 58814.]
Task is 54.00% complete.
t1_sim:[65143. 64774. 62298.] t2_sim:[56232. 56404. 56689.]
Task is 55.00% complete.
t1_sim:[62277. 62561. 63469.] t2_sim:[62857. 62885. 60471.]
Task is 56.00% complete.
t1_sim:[63292. 63237. 64295.] t2_sim:[62479. 62734. 64925.]
Task is 57.00% complete.
t1_sim:[59035. 59135. 60595.] t2_sim:[62186. 62470. 60264.]
Task is 58.00% complete.
t1_sim:[68196. 67664. 67120.] t2_sim:[71450. 71408. 72880.]
Task is 59.00% complete.
t1_sim:[55793. 55740. 58662.] t2_sim:[61894. 61562. 62365.]
Task is 60.00% complete.
t1_sim:[52927. 53296. 58178.] t2_sim:[57559. 57377. 59859.]
Task is 61.00% complete.
t1_sim:[59855. 59735. 62808.] t2_sim:[67841. 67658. 66001.]
Task is 62.00% complete.
t1_sim:[61225. 61431. 61415.] t2_sim:[61474. 61856. 61084.]
Task is 63.00% complete.
t1_sim:[60340. 60243. 58387.] t2_sim:[63029. 62473. 67510.]
Task is 64.00% complete.
t1_sim:[61363. 60700. 62515.] t2_sim:[61379. 61292. 64739.]
Task is 65.00% complete.
t1_sim:[65196. 65570. 61618.] t2_sim:[58567. 58639. 59457.]
Task is 66.00% complete.
t1_sim:[62262. 62413. 61597.] t2_sim:[64308. 64381. 62636.]
Task is 67.00% complete.
t1_sim:[62643. 62899. 61235.] t2_sim:[61748. 61797. 62044.]
Task is 68.00% complete.
t1_sim:[66464. 66334. 63862.] t2_sim:[60555. 60453. 59809.]
Task is 69.00% complete.
t1_sim:[60375. 60357. 65742.] t2_sim:[63833. 63968. 62665.]
Task is 70.00% complete.
t1_sim:[60886. 60986. 62343.] t2_sim:[51040. 50809. 52910.]
Task is 71.00% complete.
t1_sim:[63483. 63527. 65190.] t2_sim:[63972. 63887. 59052.]
Task is 72.00% complete.
t1_sim:[57271. 57095. 55943.] t2_sim:[65088. 65218. 63341.]
Task is 73.00% complete.
t1_sim:[62763. 62466. 58039.] t2_sim:[61123. 61858. 61709.]
Task is 74.00% complete.
t1_sim:[61586. 61654. 62875.] t2_sim:[68967. 68699. 68682.]
Task is 75.00% complete.
t1_sim:[68892. 68935. 65672.] t2_sim:[65360. 65227. 63725.]
Task is 76.00% complete.
t1_sim:[65676. 65423. 65338.] t2_sim:[56869. 56962. 56374.]
Task is 77.00% complete.
t1_sim:[59447. 59708. 62276.] t2_sim:[63256. 63400. 60869.]
Task is 78.00% complete.
t1_sim:[66521. 66585. 65900.] t2_sim:[66218. 66014. 62611.]
Task is 79.00% complete.
t1_sim:[68564. 68623. 64716.] t2_sim:[62384. 62382. 63308.]
Task is 80.00% complete.
t1_sim:[55359. 55537. 57573.] t2_sim:[59674. 59495. 59087.]
Task is 81.00% complete.
t1_sim:[57689. 57585. 59022.] t2_sim:[63619. 63490. 60182.]
Task is 82.00% complete.
t1_sim:[61936. 61824. 62060.] t2_sim:[68126. 68223. 66469.]
Task is 83.00% complete.
t1_sim:[64476. 64253. 64402.] t2_sim:[63298. 63310. 62852.]
Task is 84.00% complete.
t1_sim:[63221. 63404. 64879.] t2_sim:[64128. 64253. 64488.]
Task is 85.00% complete.
t1_sim:[60339. 60316. 61631.] t2_sim:[60657. 60505. 58460.]
Task is 86.00% complete.
t1_sim:[69106. 69080. 63743.] t2_sim:[62544. 62014. 57853.]
Task is 87.00% complete.
t1_sim:[61073. 60768. 60759.] t2_sim:[60700. 60778. 58644.]
Task is 88.00% complete.
t1_sim:[62738. 62878. 63548.] t2_sim:[64957. 65039. 63912.]
Task is 89.00% complete.
t1_sim:[61351. 61452. 61379.] t2_sim:[58464. 58430. 60304.]
Task is 90.00% complete.
t1_sim:[64037. 63735. 62874.] t2_sim:[62976. 63161. 64039.]
Task is 91.00% complete.
t1_sim:[59445. 59333. 54355.] t2_sim:[57550. 58037. 61427.]
Task is 92.00% complete.
t1_sim:[64898. 64933. 64468.] t2_sim:[61665. 61757. 62009.]
Task is 93.00% complete.
t1_sim:[62832. 62344. 62501.] t2_sim:[57610. 57878. 57383.]
Task is 94.00% complete.
t1_sim:[63832. 63968. 64359.] t2_sim:[62983. 62679. 58602.]
Task is 95.00% complete.
t1_sim:[62716. 62465. 62479.] t2_sim:[58937. 59232. 60587.]
Task is 96.00% complete.
t1_sim:[59381. 59495. 59813.] t2_sim:[63220. 63166. 62144.]
Task is 97.00% complete.
t1_sim:[66401. 66654. 67386.] t2_sim:[60381. 60336. 56753.]
Task is 98.00% complete.
t1_sim:[61727. 61772. 56002.] t2_sim:[66621. 66838. 66249.]
Task is 99.00% complete.
t1_sim:[57185. 57028. 55800.] t2_sim:[60094. 60148. 61272.]
Training start
t1_obs:[array(57600.), array(57540.), array(59154.)] t2_obs:[array(56494.), array(56665.), array(57479.)]
corr_G1:[None, None, 0.9896597998817552] corr_G2:[None, None, 0.9926512481701264]
Training end
Task is 0.00% complete.
t1_sim:[63708. 64146. 65134.] t2_sim:[59270. 59103. 58632.]
Task is 1.00% complete.
t1_sim:[58392. 58605. 61161.] t2_sim:[57846. 58106. 60896.]
Task is 2.00% complete.
t1_sim:[57259. 57860. 59957.] t2_sim:[67012. 67254. 67680.]
Task is 3.00% complete.
t1_sim:[66521. 66593. 67405.] t2_sim:[60123. 60154. 60140.]
Task is 4.00% complete.
t1_sim:[62575. 62372. 63149.] t2_sim:[63583. 63329. 61895.]
Task is 5.00% complete.
t1_sim:[64943. 64683. 64598.] t2_sim:[61289. 60744. 60521.]
Task is 6.00% complete.
t1_sim:[56028. 55801. 55435.] t2_sim:[60486. 60981. 62779.]
Task is 7.00% complete.
t1_sim:[64631. 65013. 68085.] t2_sim:[58661. 58615. 59937.]
Task is 8.00% complete.
t1_sim:[65682. 65716. 67823.] t2_sim:[58382. 58189. 57909.]
Task is 9.00% complete.
t1_sim:[61277. 61422. 61447.] t2_sim:[70867. 70963. 69994.]
Task is 10.00% complete.
t1_sim:[57999. 58184. 59681.] t2_sim:[65796. 65878. 64586.]
Task is 11.00% complete.
t1_sim:[66354. 66420. 67003.] t2_sim:[66179. 66032. 67407.]
Task is 12.00% complete.
t1_sim:[66455. 66392. 65166.] t2_sim:[56934. 57157. 58386.]
Task is 13.00% complete.
t1_sim:[64364. 64376. 62937.] t2_sim:[61386. 61400. 60369.]
Task is 14.00% complete.
t1_sim:[61422. 61401. 61518.] t2_sim:[61778. 61818. 63070.]
Task is 15.00% complete.
t1_sim:[62023. 61908. 61873.] t2_sim:[68828. 68636. 68981.]
Task is 16.00% complete.
t1_sim:[68753. 68497. 66355.] t2_sim:[55913. 55899. 56967.]
Task is 17.00% complete.
t1_sim:[65659. 65190. 65683.] t2_sim:[65452. 65691. 64555.]
Task is 18.00% complete.
t1_sim:[62205. 62349. 63176.] t2_sim:[64072. 64144. 65227.]
Task is 19.00% complete.
t1_sim:[65773. 65691. 65114.] t2_sim:[63505. 63803. 64680.]
Task is 20.00% complete.
t1_sim:[63438. 63623. 63547.] t2_sim:[67765. 67901. 67030.]
Task is 21.00% complete.
t1_sim:[70850. 71355. 69254.] t2_sim:[68518. 68404. 66023.]
Task is 22.00% complete.
t1_sim:[62629. 62426. 60342.] t2_sim:[62717. 62316. 60975.]
Task is 23.00% complete.
t1_sim:[60519. 60388. 58731.] t2_sim:[63728. 63704. 63255.]
Task is 24.00% complete.
t1_sim:[57257. 57552. 57145.] t2_sim:[59973. 59729. 60017.]
Task is 25.00% complete.
t1_sim:[59155. 59126. 61142.] t2_sim:[59198. 59419. 59873.]
Task is 26.00% complete.
t1_sim:[62208. 62590. 62974.] t2_sim:[61882. 62282. 63749.]
Task is 27.00% complete.
t1_sim:[64807. 64982. 64288.] t2_sim:[61365. 61171. 62542.]
Task is 28.00% complete.
t1_sim:[60330. 60132. 60677.] t2_sim:[65565. 65224. 65750.]
Task is 29.00% complete.
t1_sim:[61439. 61574. 59469.] t2_sim:[64092. 64076. 63296.]
Task is 30.00% complete.
t1_sim:[67445. 67768. 66548.] t2_sim:[65117. 64948. 62501.]
Task is 31.00% complete.
t1_sim:[61331. 61155. 59565.] t2_sim:[60654. 60952. 61787.]
Task is 32.00% complete.
t1_sim:[60351. 60543. 61693.] t2_sim:[62184. 62103. 61674.]
Task is 33.00% complete.
t1_sim:[62873. 62727. 64048.] t2_sim:[64165. 64070. 59827.]
Task is 34.00% complete.
t1_sim:[63146. 63154. 60549.] t2_sim:[65615. 65391. 65593.]
Task is 35.00% complete.
t1_sim:[60209. 60229. 61987.] t2_sim:[63441. 63401. 64484.]
Task is 36.00% complete.
t1_sim:[60799. 60602. 62152.] t2_sim:[62440. 62833. 63467.]
Task is 37.00% complete.
t1_sim:[59182. 59421. 61216.] t2_sim:[63375. 63412. 65597.]
Task is 38.00% complete.
t1_sim:[59208. 59375. 59151.] t2_sim:[59014. 58928. 57210.]
Task is 39.00% complete.
t1_sim:[62262. 62368. 63319.] t2_sim:[66432. 66838. 63736.]
Task is 40.00% complete.
t1_sim:[61679. 61536. 61910.] t2_sim:[62930. 62997. 62562.]
Task is 41.00% complete.
t1_sim:[60425. 60250. 60001.] t2_sim:[67365. 67319. 66327.]
Task is 42.00% complete.
t1_sim:[66110. 66319. 66286.] t2_sim:[65175. 64921. 65332.]
Task is 43.00% complete.
t1_sim:[59010. 58638. 55609.] t2_sim:[60811. 60464. 61289.]
Task is 44.00% complete.
t1_sim:[66734. 67008. 65246.] t2_sim:[68787. 68898. 68314.]
Task is 45.00% complete.
t1_sim:[62336. 62553. 61750.] t2_sim:[61253. 61149. 61558.]
Task is 46.00% complete.
t1_sim:[64864. 64971. 61749.] t2_sim:[66679. 66768. 67103.]
Task is 47.00% complete.
t1_sim:[64546. 64375. 64092.] t2_sim:[66926. 66880. 63786.]
Task is 48.00% complete.
t1_sim:[61706. 61443. 63228.] t2_sim:[66786. 66883. 67025.]
Task is 49.00% complete.
t1_sim:[60250. 60243. 61158.] t2_sim:[62923. 62728. 63642.]
Task is 50.00% complete.
t1_sim:[65489. 65494. 66196.] t2_sim:[60686. 60493. 60425.]
Task is 51.00% complete.
t1_sim:[61981. 61773. 59802.] t2_sim:[64095. 64372. 67782.]
Task is 52.00% complete.
t1_sim:[63191. 62902. 62911.] t2_sim:[63005. 62732. 63410.]
Task is 53.00% complete.
t1_sim:[62360. 62320. 63913.] t2_sim:[57243. 57304. 56159.]
Task is 54.00% complete.
t1_sim:[60321. 60037. 60805.] t2_sim:[67843. 68126. 68491.]
Task is 55.00% complete.
t1_sim:[59813. 59975. 61626.] t2_sim:[64034. 63892. 62807.]
Task is 56.00% complete.
t1_sim:[56268. 56153. 56908.] t2_sim:[62061. 62445. 65190.]
Task is 57.00% complete.
t1_sim:[58596. 58557. 57715.] t2_sim:[55183. 55528. 57233.]
Task is 58.00% complete.
t1_sim:[63083. 63023. 61623.] t2_sim:[57401. 57592. 58583.]
Task is 59.00% complete.
t1_sim:[65571. 65801. 66582.] t2_sim:[67651. 67996. 68913.]
Task is 60.00% complete.
t1_sim:[61027. 60804. 61501.] t2_sim:[63456. 62974. 63470.]
Task is 61.00% complete.
t1_sim:[63493. 63315. 66676.] t2_sim:[61195. 61364. 60548.]
Task is 62.00% complete.
t1_sim:[56883. 56867. 57403.] t2_sim:[60977. 60910. 61687.]
Task is 63.00% complete.
t1_sim:[62604. 62492. 62759.] t2_sim:[58847. 59118. 58612.]
Task is 64.00% complete.
t1_sim:[62941. 63121. 59893.] t2_sim:[58366. 58078. 58042.]
Task is 65.00% complete.
t1_sim:[60024. 60194. 59913.] t2_sim:[60706. 60346. 61104.]
Task is 66.00% complete.
t1_sim:[60435. 60228. 60894.] t2_sim:[61938. 62131. 63418.]
Task is 67.00% complete.
t1_sim:[63757. 63480. 64188.] t2_sim:[57222. 57381. 57964.]
Task is 68.00% complete.
t1_sim:[56558. 56397. 55146.] t2_sim:[58515. 58719. 60262.]
Task is 69.00% complete.
t1_sim:[59452. 59104. 60217.] t2_sim:[64603. 64491. 63292.]
Task is 70.00% complete.
t1_sim:[62777. 62587. 63415.] t2_sim:[58758. 58341. 59104.]
Task is 71.00% complete.
t1_sim:[63331. 63400. 63143.] t2_sim:[59136. 59110. 58512.]
Task is 72.00% complete.
t1_sim:[65263. 65202. 65389.] t2_sim:[56334. 56080. 57329.]
Task is 73.00% complete.
t1_sim:[57787. 58291. 55069.] t2_sim:[57964. 57952. 57295.]
Task is 74.00% complete.
t1_sim:[63023. 63096. 61290.] t2_sim:[67000. 67131. 67896.]
Task is 75.00% complete.
t1_sim:[68672. 68831. 70051.] t2_sim:[59851. 59451. 61822.]
Task is 76.00% complete.
t1_sim:[68867. 69205. 67782.] t2_sim:[61804. 61716. 62946.]
Task is 77.00% complete.
t1_sim:[58388. 58474. 60659.] t2_sim:[63487. 63533. 64369.]
Task is 78.00% complete.
t1_sim:[66582. 66526. 67854.] t2_sim:[59895. 60022. 59309.]
Task is 79.00% complete.
t1_sim:[63554. 63847. 64563.] t2_sim:[63012. 63364. 63087.]
Task is 80.00% complete.
t1_sim:[62644. 62651. 61027.] t2_sim:[63915. 63734. 65252.]
Task is 81.00% complete.
t1_sim:[68602. 68494. 66273.] t2_sim:[65475. 65456. 65675.]
Task is 82.00% complete.
t1_sim:[63807. 63808. 63140.] t2_sim:[61040. 61118. 63748.]
Task is 83.00% complete.
t1_sim:[58990. 58866. 57270.] t2_sim:[61236. 61191. 61192.]
Task is 84.00% complete.
t1_sim:[60289. 59964. 59176.] t2_sim:[62167. 62148. 62283.]
Task is 85.00% complete.
t1_sim:[66168. 66431. 65655.] t2_sim:[61760. 61546. 58277.]
Task is 86.00% complete.
t1_sim:[63843. 63941. 63212.] t2_sim:[60752. 61323. 61847.]
Task is 87.00% complete.
t1_sim:[63331. 63366. 63739.] t2_sim:[60055. 60217. 61496.]
Task is 88.00% complete.
t1_sim:[64313. 65023. 66763.] t2_sim:[62586. 62640. 64205.]
Task is 89.00% complete.
t1_sim:[63432. 63491. 63501.] t2_sim:[61722. 61400. 63446.]
Task is 90.00% complete.
t1_sim:[64379. 64329. 64386.] t2_sim:[64986. 64851. 64889.]
Task is 91.00% complete.
t1_sim:[62527. 62560. 62584.] t2_sim:[62605. 62362. 61763.]
Task is 92.00% complete.
t1_sim:[62771. 62672. 62284.] t2_sim:[57136. 57219. 57303.]
Task is 93.00% complete.
t1_sim:[64285. 64299. 63736.] t2_sim:[56997. 56774. 57042.]
Task is 94.00% complete.
t1_sim:[58297. 58758. 60919.] t2_sim:[65880. 65940. 65377.]
Task is 95.00% complete.
t1_sim:[60614. 60455. 59184.] t2_sim:[67202. 67451. 68397.]
Task is 96.00% complete.
t1_sim:[65565. 65371. 66137.] t2_sim:[61695. 61238. 61935.]
Task is 97.00% complete.
t1_sim:[64690. 64421. 65723.] t2_sim:[56228. 56088. 56653.]
Task is 98.00% complete.
t1_sim:[63949. 63513. 64343.] t2_sim:[64538. 64226. 62462.]
Task is 99.00% complete.
t1_sim:[64441. 64401. 62851.] t2_sim:[69318. 69111. 69694.]
Training start
t1_obs:[array(57600.), array(57540.), array(58933.)] t2_obs:[array(56494.), array(56665.), array(56523.)]
corr_G1:[None, None, 0.02155895018157408] corr_G2:[None, None, -0.06590922021894643]
Training end
Task is 0.00% complete.
t1_sim:[61575. 62067. 60552.] t2_sim:[63627. 63476. 64413.]
Task is 1.00% complete.
t1_sim:[63221. 63242. 62301.] t2_sim:[65511. 65890. 65380.]
Task is 2.00% complete.
t1_sim:[62593. 62897. 63874.] t2_sim:[62173. 62098. 60476.]
Task is 3.00% complete.
t1_sim:[67131. 67104. 66646.] t2_sim:[64767. 65127. 63517.]
Task is 4.00% complete.
t1_sim:[62183. 61981. 58898.] t2_sim:[63899. 63406. 61704.]
Task is 5.00% complete.
t1_sim:[65987. 65862. 65473.] t2_sim:[63502. 63145. 62060.]
Task is 6.00% complete.
t1_sim:[70301. 69918. 69150.] t2_sim:[61355. 61028. 61632.]
Task is 7.00% complete.
t1_sim:[68062. 68119. 68128.] t2_sim:[63203. 63480. 60634.]
Task is 8.00% complete.
t1_sim:[66969. 66923. 64530.] t2_sim:[60399. 60396. 58908.]
Task is 9.00% complete.
t1_sim:[64916. 64742. 63813.] t2_sim:[59817. 60003. 59728.]
Task is 10.00% complete.
t1_sim:[68415. 68119. 67862.] t2_sim:[67748. 67699. 65021.]
Task is 11.00% complete.
t1_sim:[61660. 62079. 62759.] t2_sim:[68641. 68495. 66243.]
Task is 12.00% complete.
t1_sim:[61092. 60969. 62748.] t2_sim:[59817. 59565. 56562.]
Task is 13.00% complete.
t1_sim:[66419. 66866. 67831.] t2_sim:[65597. 65602. 65061.]
Task is 14.00% complete.
t1_sim:[60305. 60537. 61397.] t2_sim:[58905. 58927. 60228.]
Task is 15.00% complete.
t1_sim:[56842. 56732. 58733.] t2_sim:[66014. 66105. 64480.]
Task is 16.00% complete.
t1_sim:[61586. 61792. 61710.] t2_sim:[65954. 66160. 66160.]
Task is 17.00% complete.
t1_sim:[69183. 68847. 69860.] t2_sim:[64366. 64078. 64734.]
Task is 18.00% complete.
t1_sim:[57489. 57096. 55819.] t2_sim:[66295. 66325. 64023.]
Task is 19.00% complete.
t1_sim:[70340. 70505. 69056.] t2_sim:[67175. 66870. 64349.]
Task is 20.00% complete.
t1_sim:[66926. 66586. 62823.] t2_sim:[63939. 63956. 62677.]
Task is 21.00% complete.
t1_sim:[58857. 59056. 56543.] t2_sim:[67217. 67289. 67061.]
Task is 22.00% complete.
t1_sim:[64817. 64935. 63953.] t2_sim:[64195. 64037. 63240.]
Task is 23.00% complete.
t1_sim:[57857. 57635. 58810.] t2_sim:[60285. 60260. 58684.]
Task is 24.00% complete.
t1_sim:[60780. 60690. 61149.] t2_sim:[65668. 65380. 64646.]
Task is 25.00% complete.
t1_sim:[68807. 68675. 68396.] t2_sim:[59913. 60357. 61379.]
Task is 26.00% complete.
t1_sim:[62000. 61865. 60279.] t2_sim:[61257. 61232. 59281.]
Task is 27.00% complete.
t1_sim:[64738. 64367. 64318.] t2_sim:[58152. 58029. 57532.]
Task is 28.00% complete.
t1_sim:[62057. 61937. 62196.] t2_sim:[58835. 59268. 58781.]
Task is 29.00% complete.
t1_sim:[64153. 63852. 63520.] t2_sim:[66737. 66734. 68746.]
Task is 30.00% complete.
t1_sim:[62423. 62347. 63823.] t2_sim:[64468. 64162. 61288.]
Task is 31.00% complete.
t1_sim:[63565. 63617. 61311.] t2_sim:[62087. 61479. 60942.]
Task is 32.00% complete.
t1_sim:[60997. 60730. 62782.] t2_sim:[62998. 62683. 60620.]
Task is 33.00% complete.
t1_sim:[60747. 60819. 61406.] t2_sim:[63350. 63413. 62777.]
Task is 34.00% complete.
t1_sim:[54478. 54276. 54658.] t2_sim:[61285. 61009. 58753.]
Task is 35.00% complete.
t1_sim:[64612. 64961. 65239.] t2_sim:[61216. 61132. 60811.]
Task is 36.00% complete.
t1_sim:[67905. 67371. 68740.] t2_sim:[63731. 63553. 62941.]
Task is 37.00% complete.
t1_sim:[66753. 66555. 64261.] t2_sim:[64948. 65504. 63047.]
Task is 38.00% complete.
t1_sim:[64721. 64503. 66159.] t2_sim:[66774. 66482. 64321.]
Task is 39.00% complete.
t1_sim:[59753. 59955. 58656.] t2_sim:[61010. 61132. 61518.]
Task is 40.00% complete.
t1_sim:[61487. 61391. 61425.] t2_sim:[63040. 63367. 62506.]
Task is 41.00% complete.
t1_sim:[66421. 66603. 67585.] t2_sim:[58703. 58711. 59638.]
Task is 42.00% complete.
t1_sim:[57721. 57752. 59347.] t2_sim:[68093. 68339. 69723.]
Task is 43.00% complete.
t1_sim:[66191. 66463. 65886.] t2_sim:[62784. 62815. 61033.]
Task is 44.00% complete.
t1_sim:[64313. 64446. 61732.] t2_sim:[62754. 63203. 63639.]
Task is 45.00% complete.
t1_sim:[66261. 66675. 66950.] t2_sim:[66996. 67363. 67286.]
Task is 46.00% complete.
t1_sim:[67105. 66961. 66158.] t2_sim:[61589. 61472. 62441.]
Task is 47.00% complete.
t1_sim:[61844. 62068. 59889.] t2_sim:[59709. 59456. 59327.]
Task is 48.00% complete.
t1_sim:[63899. 64054. 63252.] t2_sim:[61360. 60989. 59573.]
Task is 49.00% complete.
t1_sim:[63952. 63752. 60019.] t2_sim:[66048. 66005. 64077.]
Task is 50.00% complete.
t1_sim:[66860. 66780. 68486.] t2_sim:[62362. 62583. 62223.]
Task is 51.00% complete.
t1_sim:[58868. 59218. 60022.] t2_sim:[59337. 58764. 56938.]
Task is 52.00% complete.
t1_sim:[62323. 62266. 64801.] t2_sim:[59572. 59797. 60948.]
Task is 53.00% complete.
t1_sim:[63533. 63014. 65535.] t2_sim:[69301. 69121. 66157.]
Task is 54.00% complete.
t1_sim:[62315. 62185. 64579.] t2_sim:[58180. 57760. 58937.]
Task is 55.00% complete.
t1_sim:[63179. 63013. 65344.] t2_sim:[63697. 63945. 62384.]
Task is 56.00% complete.
t1_sim:[64236. 64436. 64849.] t2_sim:[67561. 67656. 66712.]
Task is 57.00% complete.
t1_sim:[63089. 63189. 63586.] t2_sim:[63580. 63782. 62199.]
Task is 58.00% complete.
t1_sim:[60527. 60042. 59725.] t2_sim:[61794. 61723. 61659.]
Task is 59.00% complete.
t1_sim:[59437. 59486. 62189.] t2_sim:[61795. 61886. 61939.]
Task is 60.00% complete.
t1_sim:[62667. 62610. 61489.] t2_sim:[62856. 62922. 61786.]
Task is 61.00% complete.
t1_sim:[61071. 60987. 63661.] t2_sim:[69067. 69354. 67112.]
Task is 62.00% complete.
t1_sim:[62884. 62596. 62249.] t2_sim:[62980. 62737. 61519.]
Task is 63.00% complete.
t1_sim:[64939. 65246. 64195.] t2_sim:[64458. 64680. 64873.]
Task is 64.00% complete.
t1_sim:[59326. 59460. 60021.] t2_sim:[63887. 63778. 61658.]
Task is 65.00% complete.
t1_sim:[65666. 65374. 65881.] t2_sim:[62018. 61837. 60478.]
Task is 66.00% complete.
t1_sim:[57933. 57672. 59297.] t2_sim:[66249. 66339. 67920.]
Task is 67.00% complete.
t1_sim:[66124. 66206. 67953.] t2_sim:[59765. 59557. 58518.]
Task is 68.00% complete.
t1_sim:[58277. 58719. 60081.] t2_sim:[65478. 65614. 64115.]
Task is 69.00% complete.
t1_sim:[56581. 56645. 58366.] t2_sim:[68962. 69072. 70433.]
Task is 70.00% complete.
t1_sim:[57972. 57556. 56228.] t2_sim:[69275. 69284. 66929.]
Task is 71.00% complete.
t1_sim:[65177. 65320. 66474.] t2_sim:[68701. 68863. 67956.]
Task is 72.00% complete.
t1_sim:[66999. 67194. 65533.] t2_sim:[59660. 59780. 58888.]
Task is 73.00% complete.
t1_sim:[66131. 66062. 67065.] t2_sim:[64330. 64390. 64011.]
Task is 74.00% complete.
t1_sim:[61056. 60977. 61940.] t2_sim:[69809. 70017. 69353.]
Task is 75.00% complete.
t1_sim:[69087. 68940. 69277.] t2_sim:[63631. 64019. 63557.]
Task is 76.00% complete.
t1_sim:[59611. 59487. 61975.] t2_sim:[58976. 59286. 59071.]
Task is 77.00% complete.
t1_sim:[58505. 58327. 58021.] t2_sim:[65609. 64953. 63936.]
Task is 78.00% complete.
t1_sim:[65280. 65517. 67168.] t2_sim:[58404. 58246. 59298.]
Task is 79.00% complete.
t1_sim:[59071. 59169. 62117.] t2_sim:[67332. 67088. 66300.]
Task is 80.00% complete.
t1_sim:[64923. 64722. 63516.] t2_sim:[62101. 62393. 62253.]
Task is 81.00% complete.
t1_sim:[61677. 61679. 61302.] t2_sim:[61693. 61882. 60870.]
Task is 82.00% complete.
t1_sim:[64060. 64083. 65600.] t2_sim:[67070. 66983. 62275.]
Task is 83.00% complete.
t1_sim:[64638. 64568. 63332.] t2_sim:[61820. 62239. 60758.]
Task is 84.00% complete.
t1_sim:[64821. 64610. 62706.] t2_sim:[59589. 60169. 60972.]
Task is 85.00% complete.
t1_sim:[61687. 61528. 61706.] t2_sim:[62364. 62102. 60217.]
Task is 86.00% complete.
t1_sim:[61499. 61864. 62254.] t2_sim:[65210. 65490. 63866.]
Task is 87.00% complete.
t1_sim:[68286. 68896. 69748.] t2_sim:[61734. 61664. 60906.]
Task is 88.00% complete.
t1_sim:[68558. 68111. 67243.] t2_sim:[56297. 56386. 56716.]
Task is 89.00% complete.
t1_sim:[60422. 60450. 59897.] t2_sim:[62092. 62016. 60410.]
Task is 90.00% complete.
t1_sim:[58802. 58692. 61405.] t2_sim:[61545. 61393. 60197.]
Task is 91.00% complete.
t1_sim:[62192. 62208. 63547.] t2_sim:[68737. 68661. 66618.]
Task is 92.00% complete.
t1_sim:[67462. 67475. 65733.] t2_sim:[60430. 60226. 59781.]
Task is 93.00% complete.
t1_sim:[62775. 62695. 62289.] t2_sim:[66486. 66127. 64447.]
Task is 94.00% complete.
t1_sim:[64799. 64749. 66806.] t2_sim:[70295. 70328. 70810.]
Task is 95.00% complete.
t1_sim:[58852. 59022. 59342.] t2_sim:[62577. 63047. 61445.]
Task is 96.00% complete.
t1_sim:[61398. 61243. 60236.] t2_sim:[57907. 57636. 59389.]
Task is 97.00% complete.
t1_sim:[66928. 67004. 66928.] t2_sim:[70624. 70295. 67060.]
Task is 98.00% complete.
t1_sim:[63172. 63164. 63231.] t2_sim:[62298. 61984. 60090.]
Task is 99.00% complete.
t1_sim:[59432. 59377. 58074.] t2_sim:[63126. 63080. 61979.]
Finished
