/scratch/jz4721/Post-prediction-Causal-Inference/venv/lib/python3.8/site-packages/numpy/core/getlimits.py:518: UserWarning: The value of the smallest subnormal for <class 'numpy.float64'> type is zero.
  setattr(self, word, getattr(machar, word).flat[0])
/scratch/jz4721/Post-prediction-Causal-Inference/venv/lib/python3.8/site-packages/numpy/core/getlimits.py:89: UserWarning: The value of the smallest subnormal for <class 'numpy.float64'> type is zero.
  return self._float_to_str(self.smallest_subnormal)
/scratch/jz4721/Post-prediction-Causal-Inference/venv/lib/python3.8/site-packages/numpy/core/getlimits.py:518: UserWarning: The value of the smallest subnormal for <class 'numpy.float32'> type is zero.
  setattr(self, word, getattr(machar, word).flat[0])
/scratch/jz4721/Post-prediction-Causal-Inference/venv/lib/python3.8/site-packages/numpy/core/getlimits.py:89: UserWarning: The value of the smallest subnormal for <class 'numpy.float32'> type is zero.
  return self._float_to_str(self.smallest_subnormal)
Training start
t1_obs:[array(58150.), array(58101.), array(57016.)] t2_obs:[array(64672.), array(64765.), array(64745.)]
corr_G1:[None, None, 2.992319801985285e-17] corr_G2:[None, None, 1.6031376779561334e-17]
Training end
Task is 0.00% complete.
t1_sim:[62543. 62712. 60187.] t2_sim:[59451. 59574. 57999.]
Task is 1.00% complete.
t1_sim:[58561. 58492. 60081.] t2_sim:[62935. 63128. 60173.]
Task is 2.00% complete.
t1_sim:[67474. 67558. 63761.] t2_sim:[60123. 60053. 63134.]
Task is 3.00% complete.
t1_sim:[57765. 57624. 56503.] t2_sim:[67067. 67153. 70338.]
Task is 4.00% complete.
t1_sim:[63307. 63196. 57967.] t2_sim:[65660. 65389. 64599.]
Task is 5.00% complete.
t1_sim:[64887. 65577. 64370.] t2_sim:[55115. 55166. 53597.]
Task is 6.00% complete.
t1_sim:[66088. 65892. 64228.] t2_sim:[63405. 63112. 66019.]
Task is 7.00% complete.
t1_sim:[68915. 69024. 67876.] t2_sim:[64115. 63834. 60507.]
Task is 8.00% complete.
t1_sim:[62788. 62429. 63594.] t2_sim:[59030. 59193. 60286.]
Task is 9.00% complete.
t1_sim:[62678. 62698. 61489.] t2_sim:[62985. 63029. 60147.]
Task is 10.00% complete.
t1_sim:[63529. 63784. 65615.] t2_sim:[67336. 67344. 61584.]
Task is 11.00% complete.
t1_sim:[64911. 65246. 63604.] t2_sim:[64593. 64785. 67892.]
Task is 12.00% complete.
t1_sim:[59061. 58962. 56701.] t2_sim:[65032. 65020. 65142.]
Task is 13.00% complete.
t1_sim:[70984. 70604. 68026.] t2_sim:[61742. 61823. 61382.]
Task is 14.00% complete.
t1_sim:[61947. 61881. 61360.] t2_sim:[65491. 65169. 65316.]
Task is 15.00% complete.
t1_sim:[63851. 63793. 63408.] t2_sim:[66329. 66299. 66065.]
Task is 16.00% complete.
t1_sim:[71686. 70952. 64186.] t2_sim:[60155. 60175. 60685.]
Task is 17.00% complete.
t1_sim:[61238. 61071. 58828.] t2_sim:[62691. 62862. 64116.]
Task is 18.00% complete.
t1_sim:[62745. 62884. 64081.] t2_sim:[62397. 62177. 59753.]
Task is 19.00% complete.
t1_sim:[63272. 62883. 61533.] t2_sim:[55001. 54750. 57837.]
Task is 20.00% complete.
t1_sim:[61336. 61749. 62530.] t2_sim:[63645. 63795. 62867.]
Task is 21.00% complete.
t1_sim:[61655. 61963. 61334.] t2_sim:[57150. 57028. 57425.]
Task is 22.00% complete.
t1_sim:[59788. 59805. 60207.] t2_sim:[62222. 62357. 62450.]
Task is 23.00% complete.
t1_sim:[62701. 62874. 62478.] t2_sim:[64446. 64621. 66797.]
Task is 24.00% complete.
t1_sim:[61730. 62000. 63694.] t2_sim:[64803. 64968. 66764.]
Task is 25.00% complete.
t1_sim:[59453. 59188. 57287.] t2_sim:[60673. 60649. 59523.]
Task is 26.00% complete.
t1_sim:[58636. 58234. 59562.] t2_sim:[62260. 62260. 65961.]
Task is 27.00% complete.
t1_sim:[65017. 64765. 67720.] t2_sim:[63554. 63712. 60151.]
Task is 28.00% complete.
t1_sim:[67114. 67380. 65401.] t2_sim:[54520. 54524. 57277.]
Task is 29.00% complete.
t1_sim:[59845. 59789. 62969.] t2_sim:[60201. 59924. 60866.]
Task is 30.00% complete.
t1_sim:[61652. 61847. 61971.] t2_sim:[60516. 59925. 60563.]
Task is 31.00% complete.
t1_sim:[60353. 59965. 59428.] t2_sim:[63777. 63737. 62145.]
Task is 32.00% complete.
t1_sim:[58282. 58200. 59399.] t2_sim:[68064. 68239. 65450.]
Task is 33.00% complete.
t1_sim:[68176. 67749. 65537.] t2_sim:[65115. 65412. 62544.]
Task is 34.00% complete.
t1_sim:[67559. 68070. 65717.] t2_sim:[59355. 59224. 61886.]
Task is 35.00% complete.
t1_sim:[63906. 64227. 63444.] t2_sim:[65522. 65726. 65843.]
Task is 36.00% complete.
t1_sim:[61641. 61498. 62158.] t2_sim:[65406. 65660. 64981.]
Task is 37.00% complete.
t1_sim:[62586. 62845. 63401.] t2_sim:[58183. 57920. 57759.]
Task is 38.00% complete.
t1_sim:[58092. 57548. 59082.] t2_sim:[62113. 61984. 62460.]
Task is 39.00% complete.
t1_sim:[62711. 62998. 63696.] t2_sim:[61613. 61407. 63395.]
Task is 40.00% complete.
t1_sim:[64579. 64994. 63512.] t2_sim:[67238. 67463. 66356.]
Task is 41.00% complete.
t1_sim:[58620. 58477. 58193.] t2_sim:[61286. 60729. 62012.]
Task is 42.00% complete.
t1_sim:[61357. 61215. 60997.] t2_sim:[62695. 62496. 63645.]
Task is 43.00% complete.
t1_sim:[59334. 59540. 63270.] t2_sim:[65294. 65162. 63819.]
Task is 44.00% complete.
t1_sim:[62669. 62403. 62311.] t2_sim:[63362. 63713. 64820.]
Task is 45.00% complete.
t1_sim:[67053. 67253. 65581.] t2_sim:[60431. 60811. 59818.]
Task is 46.00% complete.
t1_sim:[63303. 63594. 64911.] t2_sim:[67996. 67847. 65916.]
Task is 47.00% complete.
t1_sim:[64166. 64401. 59133.] t2_sim:[61970. 62030. 64764.]
Task is 48.00% complete.
t1_sim:[67905. 67503. 68141.] t2_sim:[65223. 65134. 65297.]
Task is 49.00% complete.
t1_sim:[64577. 64570. 65802.] t2_sim:[61995. 62031. 62575.]
Task is 50.00% complete.
t1_sim:[67161. 67101. 65267.] t2_sim:[62840. 62992. 63390.]
Task is 51.00% complete.
t1_sim:[62458. 62525. 67424.] t2_sim:[66279. 66053. 65407.]
Task is 52.00% complete.
t1_sim:[64694. 64514. 66269.] t2_sim:[59636. 59576. 62516.]
Task is 53.00% complete.
t1_sim:[65552. 66039. 67160.] t2_sim:[57931. 57933. 59053.]
Task is 54.00% complete.
t1_sim:[62527. 62843. 63178.] t2_sim:[58392. 58465. 61131.]
Task is 55.00% complete.
t1_sim:[60899. 60548. 60251.] t2_sim:[60951. 61167. 60718.]
Task is 56.00% complete.
t1_sim:[58454. 58716. 57516.] t2_sim:[62712. 63086. 62987.]
Task is 57.00% complete.
t1_sim:[67382. 67183. 65056.] t2_sim:[58766. 59055. 59969.]
Task is 58.00% complete.
t1_sim:[58087. 58504. 58066.] t2_sim:[62485. 62432. 62678.]
Task is 59.00% complete.
t1_sim:[60064. 59906. 60993.] t2_sim:[66234. 66328. 66816.]
Task is 60.00% complete.
t1_sim:[62766. 63028. 63008.] t2_sim:[59349. 59634. 59865.]
Task is 61.00% complete.
t1_sim:[69125. 68702. 64787.] t2_sim:[59217. 59234. 59559.]
Task is 62.00% complete.
t1_sim:[64859. 64959. 61313.] t2_sim:[59767. 59574. 56791.]
Task is 63.00% complete.
t1_sim:[61331. 61736. 60664.] t2_sim:[65455. 65566. 63590.]
Task is 64.00% complete.
t1_sim:[63700. 64127. 63383.] t2_sim:[66202. 66263. 64245.]
Task is 65.00% complete.
t1_sim:[57818. 57999. 60355.] t2_sim:[65455. 65578. 66559.]
Task is 66.00% complete.
t1_sim:[62280. 62665. 62573.] t2_sim:[63924. 64119. 61385.]
Task is 67.00% complete.
t1_sim:[60521. 60866. 60124.] t2_sim:[67600. 67550. 67093.]
Task is 68.00% complete.
t1_sim:[62594. 62610. 63683.] t2_sim:[65917. 65609. 64470.]
Task is 69.00% complete.
t1_sim:[66223. 66410. 65040.] t2_sim:[57032. 56846. 57732.]
Task is 70.00% complete.
t1_sim:[67375. 67312. 63759.] t2_sim:[61145. 61319. 61033.]
Task is 71.00% complete.
t1_sim:[60017. 60047. 61141.] t2_sim:[65218. 65222. 66553.]
Task is 72.00% complete.
t1_sim:[58361. 58273. 61557.] t2_sim:[65273. 65279. 59348.]
Task is 73.00% complete.
t1_sim:[64968. 65022. 63788.] t2_sim:[64457. 64114. 65664.]
Task is 74.00% complete.
t1_sim:[58591. 58623. 57762.] t2_sim:[62197. 62467. 69119.]
Task is 75.00% complete.
t1_sim:[68165. 68001. 64790.] t2_sim:[69922. 69806. 69893.]
Task is 76.00% complete.
t1_sim:[62808. 63013. 62066.] t2_sim:[66056. 65747. 64804.]
Task is 77.00% complete.
t1_sim:[67760. 67549. 69843.] t2_sim:[69997. 69485. 63846.]
Task is 78.00% complete.
t1_sim:[62958. 62683. 65371.] t2_sim:[65820. 65607. 63954.]
Task is 79.00% complete.
t1_sim:[61985. 61869. 63919.] t2_sim:[61165. 61177. 58707.]
Task is 80.00% complete.
t1_sim:[61358. 61026. 61128.] t2_sim:[63618. 63631. 64718.]
Task is 81.00% complete.
t1_sim:[60653. 60699. 63209.] t2_sim:[64528. 64612. 62897.]
Task is 82.00% complete.
t1_sim:[59772. 60081. 61850.] t2_sim:[65569. 65409. 64852.]
Task is 83.00% complete.
t1_sim:[60895. 60465. 61763.] t2_sim:[59451. 59747. 58511.]
Task is 84.00% complete.
t1_sim:[63809. 63729. 62466.] t2_sim:[59254. 59029. 60232.]
Task is 85.00% complete.
t1_sim:[63709. 64177. 67019.] t2_sim:[58755. 58813. 59389.]
Task is 86.00% complete.
t1_sim:[58671. 58810. 58740.] t2_sim:[57189. 57163. 59699.]
Task is 87.00% complete.
t1_sim:[59837. 59774. 60062.] t2_sim:[63659. 63374. 59384.]
Task is 88.00% complete.
t1_sim:[61837. 61653. 62819.] t2_sim:[58931. 58768. 62402.]
Task is 89.00% complete.
t1_sim:[61006. 61103. 59011.] t2_sim:[62414. 62525. 61934.]
Task is 90.00% complete.
t1_sim:[67847. 67714. 65032.] t2_sim:[61883. 61733. 61022.]
Task is 91.00% complete.
t1_sim:[64097. 64063. 61812.] t2_sim:[62539. 62612. 67142.]
Task is 92.00% complete.
t1_sim:[62093. 61808. 65488.] t2_sim:[59261. 59064. 59235.]
Task is 93.00% complete.
t1_sim:[62767. 63135. 61033.] t2_sim:[57259. 57117. 57107.]
Task is 94.00% complete.
t1_sim:[70644. 70427. 69063.] t2_sim:[61003. 61214. 61089.]
Task is 95.00% complete.
t1_sim:[54703. 54377. 56034.] t2_sim:[63598. 63494. 58101.]
Task is 96.00% complete.
t1_sim:[63558. 63424. 63971.] t2_sim:[55220. 54887. 57742.]
Task is 97.00% complete.
t1_sim:[62393. 62434. 61331.] t2_sim:[58980. 58852. 61303.]
Task is 98.00% complete.
t1_sim:[57945. 58088. 59345.] t2_sim:[63339. 63579. 62773.]
Task is 99.00% complete.
t1_sim:[62790. 63004. 62119.] t2_sim:[68058. 67824. 66790.]
Training start
t1_obs:[array(58150.), array(58101.), array(56193.)] t2_obs:[array(64672.), array(64765.), array(64523.)]
corr_G1:[None, None, 0.9792274337537683] corr_G2:[None, None, 0.9659198077311949]
Training end
Task is 0.00% complete.
t1_sim:[60552. 61074. 60709.] t2_sim:[59214. 59437. 58942.]
Task is 1.00% complete.
t1_sim:[64074. 64464. 64964.] t2_sim:[66242. 66117. 63686.]
Task is 2.00% complete.
t1_sim:[60319. 60194. 58604.] t2_sim:[61716. 61785. 61001.]
Task is 3.00% complete.
t1_sim:[64350. 64035. 62316.] t2_sim:[57027. 57101. 56436.]
Task is 4.00% complete.
t1_sim:[62934. 62869. 62431.] t2_sim:[62558. 62620. 63108.]
Task is 5.00% complete.
t1_sim:[58583. 58584. 54397.] t2_sim:[61449. 61430. 60697.]
Task is 6.00% complete.
t1_sim:[64533. 64578. 63209.] t2_sim:[62262. 62153. 62423.]
Task is 7.00% complete.
t1_sim:[61851. 61912. 64826.] t2_sim:[61534. 61600. 60325.]
Task is 8.00% complete.
t1_sim:[56559. 56648. 59454.] t2_sim:[63571. 63779. 64109.]
Task is 9.00% complete.
t1_sim:[64136. 64155. 61689.] t2_sim:[65238. 65086. 64028.]
Task is 10.00% complete.
t1_sim:[62985. 63305. 61748.] t2_sim:[62972. 62805. 63591.]
Task is 11.00% complete.
t1_sim:[63983. 64156. 64358.] t2_sim:[63991. 64073. 66215.]
Task is 12.00% complete.
t1_sim:[60578. 60297. 57749.] t2_sim:[59173. 59117. 58430.]
Task is 13.00% complete.
t1_sim:[62985. 62758. 59132.] t2_sim:[60624. 60226. 61432.]
Task is 14.00% complete.
t1_sim:[62421. 62442. 64947.] t2_sim:[59726. 59923. 60169.]
Task is 15.00% complete.
t1_sim:[62423. 62199. 63831.] t2_sim:[61167. 61322. 61882.]
Task is 16.00% complete.
t1_sim:[64775. 64389. 61943.] t2_sim:[65619. 65419. 64866.]
Task is 17.00% complete.
t1_sim:[68417. 68685. 68932.] t2_sim:[62412. 62651. 61879.]
Task is 18.00% complete.
t1_sim:[59378. 59734. 61343.] t2_sim:[69233. 69126. 68709.]
Task is 19.00% complete.
t1_sim:[63641. 63816. 60430.] t2_sim:[68842. 68953. 69156.]
Task is 20.00% complete.
t1_sim:[63037. 62932. 62497.] t2_sim:[66497. 66109. 67133.]
Task is 21.00% complete.
t1_sim:[62852. 62878. 61694.] t2_sim:[66727. 66278. 66683.]
Task is 22.00% complete.
t1_sim:[58804. 58354. 57004.] t2_sim:[65554. 65374. 66189.]
Task is 23.00% complete.
t1_sim:[62176. 62177. 58132.] t2_sim:[63969. 64331. 64624.]
Task is 24.00% complete.
t1_sim:[61279. 61301. 58888.] t2_sim:[63920. 63517. 62790.]
Task is 25.00% complete.
t1_sim:[62792. 62678. 59217.] t2_sim:[68528. 68191. 69668.]
Task is 26.00% complete.
t1_sim:[63874. 63864. 62352.] t2_sim:[61687. 61849. 65383.]
Task is 27.00% complete.
t1_sim:[57491. 57302. 56558.] t2_sim:[66898. 66697. 67963.]
Task is 28.00% complete.
t1_sim:[59008. 59100. 61161.] t2_sim:[63414. 63975. 64222.]
Task is 29.00% complete.
t1_sim:[58616. 58341. 59464.] t2_sim:[59282. 59431. 59777.]
Task is 30.00% complete.
t1_sim:[58723. 58520. 59770.] t2_sim:[72189. 72027. 71649.]
Task is 31.00% complete.
t1_sim:[66134. 66266. 65496.] t2_sim:[63537. 63332. 63283.]
Task is 32.00% complete.
t1_sim:[66131. 66143. 64148.] t2_sim:[65256. 64929. 64694.]
Task is 33.00% complete.
t1_sim:[63576. 63395. 63871.] t2_sim:[63480. 63427. 62891.]
Task is 34.00% complete.
t1_sim:[65378. 65310. 61882.] t2_sim:[65508. 65509. 67654.]
Task is 35.00% complete.
t1_sim:[60903. 61053. 59975.] t2_sim:[55963. 56282. 56119.]
Task is 36.00% complete.
t1_sim:[67880. 67865. 65092.] t2_sim:[57936. 57620. 57649.]
Task is 37.00% complete.
t1_sim:[62191. 62486. 61101.] t2_sim:[59688. 59923. 62048.]
Task is 38.00% complete.
t1_sim:[63041. 63321. 61438.] t2_sim:[62214. 61978. 60820.]
Task is 39.00% complete.
t1_sim:[59473. 59526. 61690.] t2_sim:[62436. 62597. 64092.]
Task is 40.00% complete.
t1_sim:[59418. 59821. 59753.] t2_sim:[61112. 60989. 61202.]
Task is 41.00% complete.
t1_sim:[69424. 69659. 70957.] t2_sim:[65013. 64924. 65995.]
Task is 42.00% complete.
t1_sim:[56151. 56024. 60767.] t2_sim:[63376. 63175. 62722.]
Task is 43.00% complete.
t1_sim:[59223. 59274. 59272.] t2_sim:[57592. 57597. 59608.]
Task is 44.00% complete.
t1_sim:[62011. 61919. 62480.] t2_sim:[66609. 66529. 65954.]
Task is 45.00% complete.
t1_sim:[62653. 62446. 62785.] t2_sim:[60543. 60439. 61060.]
Task is 46.00% complete.
t1_sim:[67609. 67887. 67810.] t2_sim:[64038. 64702. 62612.]
Task is 47.00% complete.
t1_sim:[62886. 62972. 62306.] t2_sim:[65630. 65908. 63159.]
Task is 48.00% complete.
t1_sim:[60670. 60612. 61319.] t2_sim:[62255. 62489. 64849.]
Task is 49.00% complete.
t1_sim:[58504. 58830. 59574.] t2_sim:[64970. 64818. 64545.]
Task is 50.00% complete.
t1_sim:[59806. 59421. 60448.] t2_sim:[58832. 59164. 58041.]
Task is 51.00% complete.
t1_sim:[56722. 56963. 57642.] t2_sim:[65412. 65677. 67774.]
Task is 52.00% complete.
t1_sim:[61796. 61683. 59476.] t2_sim:[59610. 59651. 62440.]
Task is 53.00% complete.
t1_sim:[68006. 67806. 67604.] t2_sim:[62829. 63174. 63551.]
Task is 54.00% complete.
t1_sim:[57972. 58099. 59690.] t2_sim:[67080. 67263. 68313.]
Task is 55.00% complete.
t1_sim:[68175. 67987. 68862.] t2_sim:[64560. 65184. 64904.]
Task is 56.00% complete.
t1_sim:[59574. 59176. 58419.] t2_sim:[62617. 63169. 63686.]
Task is 57.00% complete.
t1_sim:[65843. 65756. 66381.] t2_sim:[63635. 63807. 62716.]
Task is 58.00% complete.
t1_sim:[59588. 59341. 60292.] t2_sim:[63797. 63752. 63097.]
Task is 59.00% complete.
t1_sim:[63334. 63207. 64625.] t2_sim:[59998. 60184. 60247.]
Task is 60.00% complete.
t1_sim:[62242. 62517. 61549.] t2_sim:[59160. 59181. 61142.]
Task is 61.00% complete.
t1_sim:[56769. 56924. 58854.] t2_sim:[67154. 67102. 65277.]
Task is 62.00% complete.
t1_sim:[63296. 63409. 62895.] t2_sim:[66646. 66546. 66289.]
Task is 63.00% complete.
t1_sim:[62027. 62194. 63415.] t2_sim:[67214. 67448. 67120.]
Task is 64.00% complete.
t1_sim:[62174. 62176. 61022.] t2_sim:[58727. 58550. 57804.]
Task is 65.00% complete.
t1_sim:[60657. 60686. 56744.] t2_sim:[58207. 58231. 57416.]
Task is 66.00% complete.
t1_sim:[66589. 66518. 64395.] t2_sim:[69410. 69506. 66842.]
Task is 67.00% complete.
t1_sim:[59698. 59762. 58346.] t2_sim:[61251. 61303. 60740.]
Task is 68.00% complete.
t1_sim:[64274. 64030. 62998.] t2_sim:[64884. 64586. 64420.]
Task is 69.00% complete.
t1_sim:[61377. 61125. 62592.] t2_sim:[70601. 70335. 68587.]
Task is 70.00% complete.
t1_sim:[62195. 62266. 63580.] t2_sim:[55081. 55398. 57321.]
Task is 71.00% complete.
t1_sim:[65064. 65310. 63809.] t2_sim:[65373. 65325. 64635.]
Task is 72.00% complete.
t1_sim:[59800. 60034. 61515.] t2_sim:[68777. 68378. 67787.]
Task is 73.00% complete.
t1_sim:[62573. 62550. 64324.] t2_sim:[67741. 67606. 68556.]
Task is 74.00% complete.
t1_sim:[58072. 58275. 60979.] t2_sim:[58815. 58506. 58517.]
Task is 75.00% complete.
t1_sim:[66041. 65913. 63559.] t2_sim:[66746. 66912. 65348.]
Task is 76.00% complete.
t1_sim:[56591. 56467. 58683.] t2_sim:[59315. 59140. 57263.]
Task is 77.00% complete.
t1_sim:[61055. 60991. 59409.] t2_sim:[65634. 65661. 63391.]
Task is 78.00% complete.
t1_sim:[67346. 67080. 64827.] t2_sim:[56691. 57054. 58339.]
Task is 79.00% complete.
t1_sim:[61230. 61326. 58701.] t2_sim:[61398. 61435. 63268.]
Task is 80.00% complete.
t1_sim:[61105. 60852. 60698.] t2_sim:[66618. 66953. 65440.]
Task is 81.00% complete.
t1_sim:[57683. 57750. 58591.] t2_sim:[59555. 59515. 61926.]
Task is 82.00% complete.
t1_sim:[59194. 59230. 60120.] t2_sim:[66891. 66850. 68917.]
Task is 83.00% complete.
t1_sim:[66718. 66669. 65460.] t2_sim:[62003. 61947. 61079.]
Task is 84.00% complete.
t1_sim:[61595. 61464. 62916.] t2_sim:[68755. 68757. 68111.]
Task is 85.00% complete.
t1_sim:[62551. 62442. 63606.] t2_sim:[61014. 61000. 58542.]
Task is 86.00% complete.
t1_sim:[64123. 64067. 62963.] t2_sim:[64622. 64592. 64276.]
Task is 87.00% complete.
t1_sim:[68392. 68607. 68650.] t2_sim:[67640. 68023. 67547.]
Task is 88.00% complete.
t1_sim:[63601. 63607. 63272.] t2_sim:[62178. 62580. 62012.]
Task is 89.00% complete.
t1_sim:[57425. 57638. 58473.] t2_sim:[63909. 64304. 63144.]
Task is 90.00% complete.
t1_sim:[62320. 62144. 62695.] t2_sim:[60575. 60389. 59361.]
Task is 91.00% complete.
t1_sim:[59046. 59233. 58811.] t2_sim:[60280. 60634. 59911.]
Task is 92.00% complete.
t1_sim:[67125. 66885. 65174.] t2_sim:[66150. 65683. 63094.]
Task is 93.00% complete.
t1_sim:[57866. 58095. 58753.] t2_sim:[66980. 67181. 66011.]
Task is 94.00% complete.
t1_sim:[68948. 69157. 68407.] t2_sim:[65016. 64751. 65200.]
Task is 95.00% complete.
t1_sim:[58251. 58056. 57629.] t2_sim:[58189. 58488. 58100.]
Task is 96.00% complete.
t1_sim:[63176. 63262. 63380.] t2_sim:[64915. 64670. 60793.]
Task is 97.00% complete.
t1_sim:[66000. 65929. 65508.] t2_sim:[64371. 64387. 65130.]
Task is 98.00% complete.
t1_sim:[65408. 65077. 67374.] t2_sim:[62275. 62239. 62070.]
Task is 99.00% complete.
t1_sim:[64730. 64509. 62504.] t2_sim:[57420. 57678. 59752.]
Training start
t1_obs:[array(58150.), array(58101.), array(56953.)] t2_obs:[array(64672.), array(64765.), array(66114.)]
corr_G1:[None, None, 0.028427140948561015] corr_G2:[None, None, 0.02275349941699666]
Training end
Task is 0.00% complete.
t1_sim:[64059. 63703. 63784.] t2_sim:[64753. 64399. 66361.]
Task is 1.00% complete.
t1_sim:[67218. 66963. 64801.] t2_sim:[66603. 66804. 67945.]
Task is 2.00% complete.
t1_sim:[57565. 57472. 58000.] t2_sim:[60551. 60518. 63780.]
Task is 3.00% complete.
t1_sim:[66232. 66107. 67623.] t2_sim:[60926. 61431. 64783.]
Task is 4.00% complete.
t1_sim:[63886. 64593. 64386.] t2_sim:[56812. 57009. 61870.]
Task is 5.00% complete.
t1_sim:[61933. 62278. 59480.] t2_sim:[65240. 65205. 67801.]
Task is 6.00% complete.
t1_sim:[58101. 58417. 59943.] t2_sim:[60505. 60450. 61601.]
Task is 7.00% complete.
t1_sim:[64691. 64367. 64679.] t2_sim:[62344. 62410. 63076.]
Task is 8.00% complete.
t1_sim:[59492. 59426. 59365.] t2_sim:[63015. 63030. 64667.]
Task is 9.00% complete.
t1_sim:[68477. 68564. 67897.] t2_sim:[61132. 60406. 60425.]
Task is 10.00% complete.
t1_sim:[63752. 64023. 65309.] t2_sim:[60794. 60885. 64334.]
Task is 11.00% complete.
t1_sim:[59875. 60628. 60360.] t2_sim:[66886. 67201. 68942.]
Task is 12.00% complete.
t1_sim:[64348. 64114. 66698.] t2_sim:[58587. 58777. 65706.]
Task is 13.00% complete.
t1_sim:[62229. 62126. 63594.] t2_sim:[57722. 57789. 56659.]
Task is 14.00% complete.
t1_sim:[60772. 60652. 60745.] t2_sim:[61952. 62070. 65137.]
Task is 15.00% complete.
t1_sim:[57059. 57045. 57433.] t2_sim:[66462. 66530. 67261.]
Task is 16.00% complete.
t1_sim:[64519. 64289. 62742.] t2_sim:[61933. 62167. 66927.]
Task is 17.00% complete.
t1_sim:[60751. 60626. 58295.] t2_sim:[57029. 57111. 58484.]
Task is 18.00% complete.
t1_sim:[64837. 64623. 65750.] t2_sim:[63144. 63324. 64607.]
Task is 19.00% complete.
t1_sim:[62313. 61790. 63999.] t2_sim:[56636. 56321. 58966.]
Task is 20.00% complete.
t1_sim:[63691. 63772. 67652.] t2_sim:[63816. 63939. 66999.]
Task is 21.00% complete.
t1_sim:[57754. 57576. 55438.] t2_sim:[60100. 59863. 58424.]
Task is 22.00% complete.
t1_sim:[63927. 64197. 63053.] t2_sim:[59938. 59708. 58113.]
Task is 23.00% complete.
t1_sim:[60994. 61183. 60430.] t2_sim:[66578. 66529. 64643.]
Task is 24.00% complete.
t1_sim:[58012. 57837. 58575.] t2_sim:[66322. 66264. 67031.]
Task is 25.00% complete.
t1_sim:[63947. 64007. 64838.] t2_sim:[64537. 65166. 68455.]
Task is 26.00% complete.
t1_sim:[65141. 65077. 62359.] t2_sim:[63314. 63374. 65162.]
Task is 27.00% complete.
t1_sim:[62927. 63000. 64000.] t2_sim:[56370. 56413. 60225.]
Task is 28.00% complete.
t1_sim:[60733. 60133. 60210.] t2_sim:[64231. 64173. 66344.]
Task is 29.00% complete.
t1_sim:[63300. 63421. 60070.] t2_sim:[66336. 66097. 65589.]
Task is 30.00% complete.
t1_sim:[60025. 60321. 62280.] t2_sim:[61381. 61372. 63792.]
Task is 31.00% complete.
t1_sim:[61763. 61878. 62103.] t2_sim:[53788. 53657. 55286.]
Task is 32.00% complete.
t1_sim:[61672. 61532. 62514.] t2_sim:[67151. 67481. 69381.]
Task is 33.00% complete.
t1_sim:[59951. 60043. 60891.] t2_sim:[58755. 58637. 60420.]
Task is 34.00% complete.
t1_sim:[61117. 61235. 60271.] t2_sim:[63204. 63475. 66132.]
Task is 35.00% complete.
t1_sim:[66027. 66075. 66241.] t2_sim:[58375. 58491. 61324.]
Task is 36.00% complete.
t1_sim:[53695. 53916. 56735.] t2_sim:[62258. 62160. 63810.]
Task is 37.00% complete.
t1_sim:[65003. 65131. 63929.] t2_sim:[59554. 59530. 61290.]
Task is 38.00% complete.
t1_sim:[58884. 58719. 62463.] t2_sim:[61911. 61669. 60999.]
Task is 39.00% complete.
t1_sim:[64257. 64451. 63844.] t2_sim:[64074. 63561. 66618.]
Task is 40.00% complete.
t1_sim:[55314. 55354. 55202.] t2_sim:[61229. 61138. 63335.]
Task is 41.00% complete.
t1_sim:[59675. 59230. 59977.] t2_sim:[56868. 56570. 59180.]
Task is 42.00% complete.
t1_sim:[62364. 62275. 62438.] t2_sim:[54518. 54572. 58692.]
Task is 43.00% complete.
t1_sim:[63617. 63475. 62667.] t2_sim:[57485. 57261. 60676.]
Task is 44.00% complete.
t1_sim:[63465. 63784. 65226.] t2_sim:[61273. 61848. 64152.]
Task is 45.00% complete.
t1_sim:[55824. 55866. 57856.] t2_sim:[59039. 59331. 61993.]
Task is 46.00% complete.
t1_sim:[63348. 63037. 63684.] t2_sim:[60290. 60401. 62130.]
Task is 47.00% complete.
t1_sim:[61631. 61785. 62292.] t2_sim:[68198. 68106. 69109.]
Task is 48.00% complete.
t1_sim:[57901. 57851. 57865.] t2_sim:[62675. 62454. 62976.]
Task is 49.00% complete.
t1_sim:[61913. 61600. 57858.] t2_sim:[71092. 71231. 73720.]
Task is 50.00% complete.
t1_sim:[63452. 63283. 63223.] t2_sim:[67350. 67331. 69268.]
Task is 51.00% complete.
t1_sim:[69620. 69743. 71438.] t2_sim:[66730. 66919. 68031.]
Task is 52.00% complete.
t1_sim:[59573. 59399. 62860.] t2_sim:[62361. 62148. 63113.]
Task is 53.00% complete.
t1_sim:[61942. 62018. 61793.] t2_sim:[60374. 60636. 64360.]
Task is 54.00% complete.
t1_sim:[60849. 60444. 60268.] t2_sim:[59606. 59533. 61369.]
Task is 55.00% complete.
t1_sim:[63466. 63573. 63351.] t2_sim:[59514. 59620. 62538.]
Task is 56.00% complete.
t1_sim:[60689. 60380. 59239.] t2_sim:[62079. 61911. 64633.]
Task is 57.00% complete.
t1_sim:[62977. 62696. 63296.] t2_sim:[58420. 58403. 60021.]
Task is 58.00% complete.
t1_sim:[62901. 62811. 65468.] t2_sim:[59696. 59911. 62406.]
Task is 59.00% complete.
t1_sim:[67835. 67816. 66503.] t2_sim:[67185. 67031. 65326.]
Task is 60.00% complete.
t1_sim:[67823. 67775. 66549.] t2_sim:[58304. 58721. 63930.]
Task is 61.00% complete.
t1_sim:[64020. 64286. 63396.] t2_sim:[62401. 62237. 64702.]
Task is 62.00% complete.
t1_sim:[61765. 61871. 63121.] t2_sim:[66557. 66760. 66896.]
Task is 63.00% complete.
t1_sim:[66256. 65896. 63819.] t2_sim:[61003. 60765. 64921.]
Task is 64.00% complete.
t1_sim:[61731. 61385. 59304.] t2_sim:[63189. 62995. 65163.]
Task is 65.00% complete.
t1_sim:[60428. 60465. 60605.] t2_sim:[57961. 58038. 58519.]
Task is 66.00% complete.
t1_sim:[62200. 62195. 62709.] t2_sim:[58240. 58123. 59609.]
Task is 67.00% complete.
t1_sim:[58683. 58485. 58503.] t2_sim:[65160. 65141. 66332.]
Task is 68.00% complete.
t1_sim:[63929. 64182. 63085.] t2_sim:[62107. 61711. 61743.]
Task is 69.00% complete.
t1_sim:[64104. 64067. 62179.] t2_sim:[62077. 61893. 62467.]
Task is 70.00% complete.
t1_sim:[59736. 59589. 58283.] t2_sim:[59226. 59253. 60846.]
Task is 71.00% complete.
t1_sim:[62859. 62986. 63483.] t2_sim:[61647. 61825. 64847.]
Task is 72.00% complete.
t1_sim:[67630. 67591. 66800.] t2_sim:[57548. 57290. 60973.]
Task is 73.00% complete.
t1_sim:[59703. 59716. 58987.] t2_sim:[59275. 59449. 63238.]
Task is 74.00% complete.
t1_sim:[63429. 63239. 59923.] t2_sim:[61227. 61181. 61986.]
Task is 75.00% complete.
t1_sim:[66479. 66172. 67006.] t2_sim:[62521. 63137. 64920.]
Task is 76.00% complete.
t1_sim:[63468. 63483. 60872.] t2_sim:[64358. 64682. 67726.]
Task is 77.00% complete.
t1_sim:[61040. 61130. 62910.] t2_sim:[69217. 69282. 71605.]
Task is 78.00% complete.
t1_sim:[60540. 60526. 61938.] t2_sim:[60598. 60479. 63676.]
Task is 79.00% complete.
t1_sim:[61566. 61749. 62140.] t2_sim:[55457. 55717. 59310.]
Task is 80.00% complete.
t1_sim:[66530. 66046. 67064.] t2_sim:[66730. 66460. 66623.]
Task is 81.00% complete.
t1_sim:[62532. 62950. 63127.] t2_sim:[60622. 60521. 63189.]
Task is 82.00% complete.
t1_sim:[68623. 68785. 68310.] t2_sim:[64588. 64656. 65594.]
Task is 83.00% complete.
t1_sim:[66176. 66341. 65619.] t2_sim:[66016. 66228. 67163.]
Task is 84.00% complete.
t1_sim:[69570. 69395. 68154.] t2_sim:[62204. 62025. 62257.]
Task is 85.00% complete.
t1_sim:[61197. 61640. 61917.] t2_sim:[65185. 64983. 65999.]
Task is 86.00% complete.
t1_sim:[65686. 66060. 65720.] t2_sim:[60158. 60211. 63296.]
Task is 87.00% complete.
t1_sim:[64447. 64478. 63247.] t2_sim:[60879. 61172. 61820.]
Task is 88.00% complete.
t1_sim:[63608. 63883. 65622.] t2_sim:[60764. 60508. 57602.]
Task is 89.00% complete.
t1_sim:[64201. 63866. 62002.] t2_sim:[57987. 58173. 59263.]
Task is 90.00% complete.
t1_sim:[63644. 63513. 60799.] t2_sim:[61206. 61906. 65598.]
Task is 91.00% complete.
t1_sim:[65530. 65588. 63770.] t2_sim:[65115. 65489. 68695.]
Task is 92.00% complete.
t1_sim:[63535. 63963. 66906.] t2_sim:[59698. 59677. 60779.]
Task is 93.00% complete.
t1_sim:[58906. 59256. 60630.] t2_sim:[60898. 60724. 62938.]
Task is 94.00% complete.
t1_sim:[62041. 62408. 63583.] t2_sim:[63910. 63775. 65740.]
Task is 95.00% complete.
t1_sim:[64271. 64318. 61138.] t2_sim:[64909. 64591. 65564.]
Task is 96.00% complete.
t1_sim:[63895. 63885. 65382.] t2_sim:[61323. 61081. 62249.]
Task is 97.00% complete.
t1_sim:[67775. 67560. 64625.] t2_sim:[60712. 60870. 62605.]
Task is 98.00% complete.
t1_sim:[60696. 61018. 62354.] t2_sim:[66712. 66459. 67041.]
Task is 99.00% complete.
t1_sim:[61577. 61762. 63523.] t2_sim:[61582. 61858. 65066.]
Finished
