/scratch/jz4721/Post-prediction-Causal-Inference/venv/lib/python3.8/site-packages/numpy/core/getlimits.py:518: UserWarning: The value of the smallest subnormal for <class 'numpy.float64'> type is zero.
  setattr(self, word, getattr(machar, word).flat[0])
/scratch/jz4721/Post-prediction-Causal-Inference/venv/lib/python3.8/site-packages/numpy/core/getlimits.py:89: UserWarning: The value of the smallest subnormal for <class 'numpy.float64'> type is zero.
  return self._float_to_str(self.smallest_subnormal)
/scratch/jz4721/Post-prediction-Causal-Inference/venv/lib/python3.8/site-packages/numpy/core/getlimits.py:518: UserWarning: The value of the smallest subnormal for <class 'numpy.float32'> type is zero.
  setattr(self, word, getattr(machar, word).flat[0])
/scratch/jz4721/Post-prediction-Causal-Inference/venv/lib/python3.8/site-packages/numpy/core/getlimits.py:89: UserWarning: The value of the smallest subnormal for <class 'numpy.float32'> type is zero.
  return self._float_to_str(self.smallest_subnormal)
Training start
t1_obs:[array(63738.), array(63836.), array(66992.)] t2_obs:[array(64848.), array(65176.), array(66994.)]
corr_G1:[None, None, 0] corr_G2:[None, None, -4.4469921385383397e-17]
Training end
Task is 0.00% complete.
t1_sim:[62530. 62208. 58116.] t2_sim:[63075. 63261. 61899.]
Task is 1.00% complete.
t1_sim:[61405. 61296. 62101.] t2_sim:[57414. 57314. 57754.]
Task is 2.00% complete.
t1_sim:[61555. 61007. 63302.] t2_sim:[60207. 60226. 62834.]
Task is 3.00% complete.
t1_sim:[62568. 63001. 59173.] t2_sim:[66795. 66970. 66720.]
Task is 4.00% complete.
t1_sim:[59789. 59784. 61063.] t2_sim:[61406. 61217. 59429.]
Task is 5.00% complete.
t1_sim:[63279. 63137. 65497.] t2_sim:[64983. 65013. 59824.]
Task is 6.00% complete.
t1_sim:[61886. 62254. 57698.] t2_sim:[63048. 63178. 65396.]
Task is 7.00% complete.
t1_sim:[66111. 65363. 66664.] t2_sim:[65661. 65425. 65923.]
Task is 8.00% complete.
t1_sim:[67689. 68004. 67309.] t2_sim:[59399. 59564. 60766.]
Task is 9.00% complete.
t1_sim:[61190. 61169. 60521.] t2_sim:[58187. 57910. 55687.]
Task is 10.00% complete.
t1_sim:[62783. 62183. 63257.] t2_sim:[64348. 64337. 65688.]
Task is 11.00% complete.
t1_sim:[64419. 64821. 60843.] t2_sim:[62385. 62417. 61412.]
Task is 12.00% complete.
t1_sim:[60452. 60097. 61859.] t2_sim:[66828. 66594. 66554.]
Task is 13.00% complete.
t1_sim:[66243. 66064. 65030.] t2_sim:[61062. 60867. 60786.]
Task is 14.00% complete.
t1_sim:[61577. 61589. 61454.] t2_sim:[64768. 64325. 67995.]
Task is 15.00% complete.
t1_sim:[60998. 61020. 62657.] t2_sim:[60316. 60419. 62598.]
Task is 16.00% complete.
t1_sim:[55713. 55438. 55724.] t2_sim:[63728. 63163. 62532.]
Task is 17.00% complete.
t1_sim:[60699. 61115. 59165.] t2_sim:[57579. 57381. 61040.]
Task is 18.00% complete.
t1_sim:[62946. 63224. 61446.] t2_sim:[68731. 69482. 70101.]
Task is 19.00% complete.
t1_sim:[61096. 61309. 61866.] t2_sim:[58713. 58803. 62117.]
Task is 20.00% complete.
t1_sim:[65725. 65576. 63521.] t2_sim:[62021. 61617. 66080.]
Task is 21.00% complete.
t1_sim:[62907. 62887. 65681.] t2_sim:[60833. 60537. 61684.]
Task is 22.00% complete.
t1_sim:[62764. 63200. 60710.] t2_sim:[57049. 57275. 60714.]
Task is 23.00% complete.
t1_sim:[63890. 64159. 64660.] t2_sim:[62929. 63030. 62672.]
Task is 24.00% complete.
t1_sim:[62769. 62623. 61174.] t2_sim:[58813. 58542. 57898.]
Task is 25.00% complete.
t1_sim:[63424. 63211. 62593.] t2_sim:[65070. 65620. 63997.]
Task is 26.00% complete.
t1_sim:[60631. 60176. 61838.] t2_sim:[57003. 56769. 56213.]
Task is 27.00% complete.
t1_sim:[60677. 60394. 60584.] t2_sim:[59831. 60183. 61657.]
Task is 28.00% complete.
t1_sim:[61098. 61027. 63457.] t2_sim:[64520. 63801. 67016.]
Task is 29.00% complete.
t1_sim:[64109. 63921. 62161.] t2_sim:[66808. 67064. 64879.]
Task is 30.00% complete.
t1_sim:[63361. 63408. 59268.] t2_sim:[58064. 58377. 57640.]
Task is 31.00% complete.
t1_sim:[63421. 63003. 61761.] t2_sim:[62784. 62294. 61722.]
Task is 32.00% complete.
t1_sim:[64123. 64274. 62036.] t2_sim:[60852. 61790. 63949.]
Task is 33.00% complete.
t1_sim:[63747. 64130. 61764.] t2_sim:[55909. 55500. 56154.]
Task is 34.00% complete.
t1_sim:[60483. 60099. 60068.] t2_sim:[66027. 65784. 63599.]
Task is 35.00% complete.
t1_sim:[61986. 62082. 63638.] t2_sim:[62932. 62907. 65826.]
Task is 36.00% complete.
t1_sim:[67450. 67780. 63996.] t2_sim:[59140. 59142. 58455.]
Task is 37.00% complete.
t1_sim:[64635. 64164. 60170.] t2_sim:[65425. 65829. 66659.]
Task is 38.00% complete.
t1_sim:[66539. 66067. 66906.] t2_sim:[66728. 66629. 64331.]
Task is 39.00% complete.
t1_sim:[60378. 60325. 58356.] t2_sim:[64754. 64280. 63180.]
Task is 40.00% complete.
t1_sim:[58174. 58017. 57937.] t2_sim:[65187. 64871. 61540.]
Task is 41.00% complete.
t1_sim:[64510. 64272. 61766.] t2_sim:[62085. 61996. 65354.]
Task is 42.00% complete.
t1_sim:[64870. 65734. 62057.] t2_sim:[68433. 68030. 63533.]
Task is 43.00% complete.
t1_sim:[63573. 63375. 65165.] t2_sim:[62379. 62389. 58859.]
Task is 44.00% complete.
t1_sim:[67006. 67039. 68390.] t2_sim:[61172. 61374. 64493.]
Task is 45.00% complete.
t1_sim:[63129. 62879. 65075.] t2_sim:[61074. 61121. 62273.]
Task is 46.00% complete.
t1_sim:[63924. 63762. 60469.] t2_sim:[64050. 64004. 58822.]
Task is 47.00% complete.
t1_sim:[64714. 64374. 65946.] t2_sim:[65454. 65608. 65986.]
Task is 48.00% complete.
t1_sim:[59488. 59548. 58162.] t2_sim:[64668. 64259. 65351.]
Task is 49.00% complete.
t1_sim:[63074. 62878. 63728.] t2_sim:[57414. 56992. 55806.]
Task is 50.00% complete.
t1_sim:[68820. 68970. 71652.] t2_sim:[65870. 66209. 62843.]
Task is 51.00% complete.
t1_sim:[64626. 64859. 62207.] t2_sim:[63655. 63710. 65130.]
Task is 52.00% complete.
t1_sim:[64850. 64552. 64372.] t2_sim:[62050. 62163. 58579.]
Task is 53.00% complete.
t1_sim:[59959. 59711. 61218.] t2_sim:[62160. 62571. 63415.]
Task is 54.00% complete.
t1_sim:[63371. 63094. 62700.] t2_sim:[61231. 61471. 61357.]
Task is 55.00% complete.
t1_sim:[63495. 63327. 61147.] t2_sim:[57573. 57657. 56011.]
Task is 56.00% complete.
t1_sim:[63232. 62543. 57967.] t2_sim:[60204. 60064. 61354.]
Task is 57.00% complete.
t1_sim:[59915. 60115. 59221.] t2_sim:[56487. 56494. 59670.]
Task is 58.00% complete.
t1_sim:[64439. 65017. 64838.] t2_sim:[57723. 57917. 57719.]
Task is 59.00% complete.
t1_sim:[65993. 65983. 64706.] t2_sim:[62506. 62812. 65883.]
Task is 60.00% complete.
t1_sim:[60169. 59185. 58479.] t2_sim:[67078. 66764. 62101.]
Task is 61.00% complete.
t1_sim:[61035. 61053. 59607.] t2_sim:[68944. 68482. 67605.]
Task is 62.00% complete.
t1_sim:[62291. 61930. 63070.] t2_sim:[60365. 60503. 61401.]
Task is 63.00% complete.
t1_sim:[66365. 66630. 64056.] t2_sim:[62443. 62707. 61773.]
Task is 64.00% complete.
t1_sim:[66567. 67053. 63731.] t2_sim:[59636. 59538. 59807.]
Task is 65.00% complete.
t1_sim:[61790. 61660. 60483.] t2_sim:[58468. 58387. 58403.]
Task is 66.00% complete.
t1_sim:[61518. 61585. 60550.] t2_sim:[58546. 58205. 54973.]
Task is 67.00% complete.
t1_sim:[66479. 66182. 67003.] t2_sim:[60498. 60462. 58909.]
Task is 68.00% complete.
t1_sim:[69309. 69657. 68298.] t2_sim:[61449. 61282. 61508.]
Task is 69.00% complete.
t1_sim:[59981. 59812. 61117.] t2_sim:[68627. 69196. 69924.]
Task is 70.00% complete.
t1_sim:[65382. 65713. 66209.] t2_sim:[66996. 66647. 62508.]
Task is 71.00% complete.
t1_sim:[66005. 66267. 63589.] t2_sim:[63204. 63141. 64329.]
Task is 72.00% complete.
t1_sim:[57939. 57752. 56504.] t2_sim:[63359. 63491. 65692.]
Task is 73.00% complete.
t1_sim:[54590. 54788. 55099.] t2_sim:[61866. 61414. 63184.]
Task is 74.00% complete.
t1_sim:[64885. 65039. 67350.] t2_sim:[63196. 63462. 64884.]
Task is 75.00% complete.
t1_sim:[66973. 67443. 66929.] t2_sim:[60233. 59886. 59855.]
Task is 76.00% complete.
t1_sim:[65710. 66176. 66543.] t2_sim:[63660. 63431. 60485.]
Task is 77.00% complete.
t1_sim:[60598. 60802. 59874.] t2_sim:[66500. 66938. 65380.]
Task is 78.00% complete.
t1_sim:[57529. 57946. 57706.] t2_sim:[70005. 69711. 66182.]
Task is 79.00% complete.
t1_sim:[62654. 62912. 61450.] t2_sim:[69848. 70066. 70904.]
Task is 80.00% complete.
t1_sim:[65388. 65481. 65713.] t2_sim:[62490. 62424. 60066.]
Task is 81.00% complete.
t1_sim:[59087. 58936. 61139.] t2_sim:[57849. 58154. 60294.]
Task is 82.00% complete.
t1_sim:[59564. 59065. 58978.] t2_sim:[61910. 62147. 66038.]
Task is 83.00% complete.
t1_sim:[66217. 66448. 70853.] t2_sim:[58513. 58442. 58941.]
Task is 84.00% complete.
t1_sim:[59703. 59731. 60328.] t2_sim:[67318. 67419. 68291.]
Task is 85.00% complete.
t1_sim:[54262. 54108. 55633.] t2_sim:[62815. 62802. 60966.]
Task is 86.00% complete.
t1_sim:[69525. 69475. 68164.] t2_sim:[63366. 64085. 63806.]
Task is 87.00% complete.
t1_sim:[62255. 62512. 60689.] t2_sim:[67723. 67670. 68392.]
Task is 88.00% complete.
t1_sim:[63409. 63398. 61179.] t2_sim:[61557. 61827. 61135.]
Task is 89.00% complete.
t1_sim:[62986. 62547. 59518.] t2_sim:[64529. 64289. 64187.]
Task is 90.00% complete.
t1_sim:[64364. 64359. 62843.] t2_sim:[63637. 63841. 65226.]
Task is 91.00% complete.
t1_sim:[59210. 59215. 59887.] t2_sim:[65832. 65416. 63127.]
Task is 92.00% complete.
t1_sim:[65899. 65729. 64845.] t2_sim:[67149. 66991. 64647.]
Task is 93.00% complete.
t1_sim:[57021. 57381. 61221.] t2_sim:[64341. 64112. 62037.]
Task is 94.00% complete.
t1_sim:[62858. 62728. 60316.] t2_sim:[58872. 59436. 57577.]
Task is 95.00% complete.
t1_sim:[59901. 60013. 57365.] t2_sim:[61383. 61127. 60843.]
Task is 96.00% complete.
t1_sim:[63478. 64243. 65140.] t2_sim:[62255. 62452. 64394.]
Task is 97.00% complete.
t1_sim:[59854. 59524. 61908.] t2_sim:[70226. 70221. 67176.]
Task is 98.00% complete.
t1_sim:[65431. 65726. 66576.] t2_sim:[67174. 66795. 68333.]
Task is 99.00% complete.
t1_sim:[61557. 61568. 61024.] t2_sim:[62042. 62070. 63934.]
Training start
t1_obs:[array(63738.), array(63836.), array(66417.)] t2_obs:[array(64848.), array(65176.), array(66648.)]
corr_G1:[None, None, 0.9995692876397931] corr_G2:[None, None, 0.9945794351773516]
Training end
Task is 0.00% complete.
t1_sim:[65183. 64897. 63064.] t2_sim:[62142. 61875. 64279.]
Task is 1.00% complete.
t1_sim:[60752. 60632. 59340.] t2_sim:[63991. 64195. 61718.]
Task is 2.00% complete.
t1_sim:[61699. 61490. 61881.] t2_sim:[58956. 59276. 58010.]
Task is 3.00% complete.
t1_sim:[61989. 61545. 60432.] t2_sim:[59905. 60421. 60922.]
Task is 4.00% complete.
t1_sim:[71087. 70472. 71143.] t2_sim:[69495. 69364. 67444.]
Task is 5.00% complete.
t1_sim:[63124. 63370. 64050.] t2_sim:[54617. 54600. 54489.]
Task is 6.00% complete.
t1_sim:[62704. 62391. 62890.] t2_sim:[63141. 63099. 62382.]
Task is 7.00% complete.
t1_sim:[64214. 64431. 64999.] t2_sim:[62216. 62287. 61658.]
Task is 8.00% complete.
t1_sim:[63886. 64016. 63142.] t2_sim:[60699. 60835. 58933.]
Task is 9.00% complete.
t1_sim:[62664. 62946. 61672.] t2_sim:[64891. 64826. 65082.]
Task is 10.00% complete.
t1_sim:[61478. 61401. 59750.] t2_sim:[62221. 62412. 65730.]
Task is 11.00% complete.
t1_sim:[60475. 60140. 58783.] t2_sim:[58963. 58835. 57828.]
Task is 12.00% complete.
t1_sim:[61560. 61509. 61866.] t2_sim:[61147. 60495. 61462.]
Task is 13.00% complete.
t1_sim:[70651. 70781. 71666.] t2_sim:[58205. 58345. 61795.]
Task is 14.00% complete.
t1_sim:[63755. 63728. 64784.] t2_sim:[63261. 63555. 64923.]
Task is 15.00% complete.
t1_sim:[61713. 61487. 59215.] t2_sim:[56658. 57295. 58567.]
Task is 16.00% complete.
t1_sim:[66978. 67346. 67058.] t2_sim:[66366. 66198. 68871.]
Task is 17.00% complete.
t1_sim:[64784. 64227. 65473.] t2_sim:[64446. 64584. 62848.]
Task is 18.00% complete.
t1_sim:[67751. 68159. 69146.] t2_sim:[70960. 71150. 66915.]
Task is 19.00% complete.
t1_sim:[64144. 64356. 64227.] t2_sim:[62464. 62634. 63201.]
Task is 20.00% complete.
t1_sim:[61142. 60981. 58582.] t2_sim:[59874. 60111. 60323.]
Task is 21.00% complete.
t1_sim:[60570. 60483. 58476.] t2_sim:[60970. 61468. 60472.]
Task is 22.00% complete.
t1_sim:[65850. 65310. 63882.] t2_sim:[67413. 67103. 66566.]
Task is 23.00% complete.
t1_sim:[58009. 58198. 57550.] t2_sim:[65828. 65979. 66502.]
Task is 24.00% complete.
t1_sim:[59217. 59080. 58528.] t2_sim:[63154. 63179. 61332.]
Task is 25.00% complete.
t1_sim:[63309. 63324. 63429.] t2_sim:[59143. 59309. 61142.]
Task is 26.00% complete.
t1_sim:[67120. 67136. 67527.] t2_sim:[67869. 67566. 64679.]
Task is 27.00% complete.
t1_sim:[60092. 60148. 61337.] t2_sim:[66606. 67097. 65160.]
Task is 28.00% complete.
t1_sim:[60686. 60445. 59934.] t2_sim:[61743. 62180. 62503.]
Task is 29.00% complete.
t1_sim:[64968. 64767. 65447.] t2_sim:[66270. 66473. 66532.]
Task is 30.00% complete.
t1_sim:[59860. 60538. 61038.] t2_sim:[62297. 61824. 63022.]
Task is 31.00% complete.
t1_sim:[63749. 63645. 62590.] t2_sim:[65404. 65598. 64746.]
Task is 32.00% complete.
t1_sim:[61140. 60997. 61969.] t2_sim:[64108. 64342. 64272.]
Task is 33.00% complete.
t1_sim:[66145. 66374. 69095.] t2_sim:[62438. 62609. 62287.]
Task is 34.00% complete.
t1_sim:[63011. 62714. 58517.] t2_sim:[65037. 64854. 64144.]
Task is 35.00% complete.
t1_sim:[66053. 66178. 67968.] t2_sim:[61681. 61282. 60992.]
Task is 36.00% complete.
t1_sim:[61542. 61812. 61039.] t2_sim:[60390. 60878. 62677.]
Task is 37.00% complete.
t1_sim:[60695. 60064. 59025.] t2_sim:[58264. 57685. 57893.]
Task is 38.00% complete.
t1_sim:[63618. 63476. 62648.] t2_sim:[63318. 62859. 65244.]
Task is 39.00% complete.
t1_sim:[64889. 64298. 64665.] t2_sim:[72298. 72592. 72673.]
Task is 40.00% complete.
t1_sim:[61101. 60812. 62736.] t2_sim:[61416. 60929. 62471.]
Task is 41.00% complete.
t1_sim:[70421. 70724. 71765.] t2_sim:[64138. 63509. 64200.]
Task is 42.00% complete.
t1_sim:[65262. 65442. 64257.] t2_sim:[64933. 65081. 65424.]
Task is 43.00% complete.
t1_sim:[59445. 59478. 58903.] t2_sim:[64373. 64903. 64264.]
Task is 44.00% complete.
t1_sim:[60889. 60796. 60004.] t2_sim:[63691. 63734. 64894.]
Task is 45.00% complete.
t1_sim:[63564. 63742. 65612.] t2_sim:[65553. 65695. 65587.]
Task is 46.00% complete.
t1_sim:[59187. 59674. 61643.] t2_sim:[64861. 65059. 62974.]
Task is 47.00% complete.
t1_sim:[59815. 59786. 61368.] t2_sim:[66592. 66894. 66669.]
Task is 48.00% complete.
t1_sim:[61666. 61938. 62339.] t2_sim:[68608. 68469. 68356.]
Task is 49.00% complete.
t1_sim:[58261. 58113. 56960.] t2_sim:[63165. 63035. 62274.]
Task is 50.00% complete.
t1_sim:[61531. 61124. 61967.] t2_sim:[65417. 65566. 65701.]
Task is 51.00% complete.
t1_sim:[62870. 62832. 64013.] t2_sim:[59875. 60024. 61342.]
Task is 52.00% complete.
t1_sim:[62748. 62323. 60515.] t2_sim:[64565. 64178. 63539.]
Task is 53.00% complete.
t1_sim:[64260. 64241. 65931.] t2_sim:[56688. 56895. 58212.]
Task is 54.00% complete.
t1_sim:[61258. 61266. 62620.] t2_sim:[59476. 59256. 58745.]
Task is 55.00% complete.
t1_sim:[58516. 59114. 62173.] t2_sim:[61478. 61478. 60913.]
Task is 56.00% complete.
t1_sim:[64665. 64501. 65275.] t2_sim:[58122. 57948. 57409.]
Task is 57.00% complete.
t1_sim:[64180. 64327. 64134.] t2_sim:[64093. 64174. 64367.]
Task is 58.00% complete.
t1_sim:[61812. 61710. 62901.] t2_sim:[60318. 60342. 61174.]
Task is 59.00% complete.
t1_sim:[60803. 60812. 62126.] t2_sim:[61841. 61619. 62376.]
Task is 60.00% complete.
t1_sim:[62318. 62558. 63563.] t2_sim:[60926. 60841. 57288.]
Task is 61.00% complete.
t1_sim:[61152. 61138. 62093.] t2_sim:[64861. 64849. 64872.]
Task is 62.00% complete.
t1_sim:[65093. 64931. 62953.] t2_sim:[59220. 59501. 59124.]
Task is 63.00% complete.
t1_sim:[66742. 66560. 66157.] t2_sim:[59651. 60003. 58536.]
Task is 64.00% complete.
t1_sim:[57981. 57681. 56497.] t2_sim:[65011. 65046. 62336.]
Task is 65.00% complete.
t1_sim:[62010. 62169. 61106.] t2_sim:[62982. 63616. 63788.]
Task is 66.00% complete.
t1_sim:[61963. 62067. 63107.] t2_sim:[59102. 59433. 59467.]
Task is 67.00% complete.
t1_sim:[60285. 60633. 60517.] t2_sim:[57813. 57467. 58454.]
Task is 68.00% complete.
t1_sim:[57140. 57313. 57152.] t2_sim:[63283. 62904. 61143.]
Task is 69.00% complete.
t1_sim:[62217. 62009. 61752.] t2_sim:[65580. 66125. 64101.]
Task is 70.00% complete.
t1_sim:[63232. 62193. 62108.] t2_sim:[58273. 58288. 59938.]
Task is 71.00% complete.
t1_sim:[60819. 60557. 60455.] t2_sim:[63380. 63217. 63412.]
Task is 72.00% complete.
t1_sim:[60747. 60803. 59054.] t2_sim:[63184. 62825. 61255.]
Task is 73.00% complete.
t1_sim:[62901. 63126. 64514.] t2_sim:[63854. 63696. 63455.]
Task is 74.00% complete.
t1_sim:[61754. 61412. 62409.] t2_sim:[65109. 65396. 63732.]
Task is 75.00% complete.
t1_sim:[71328. 70393. 72749.] t2_sim:[60952. 60946. 60776.]
Task is 76.00% complete.
t1_sim:[62807. 63032. 63596.] t2_sim:[61905. 61704. 60734.]
Task is 77.00% complete.
t1_sim:[55893. 56330. 58031.] t2_sim:[62656. 62284. 63022.]
Task is 78.00% complete.
t1_sim:[64326. 64572. 65264.] t2_sim:[53992. 53768. 55581.]
Task is 79.00% complete.
t1_sim:[63916. 63574. 61949.] t2_sim:[61713. 61347. 59980.]
Task is 80.00% complete.
t1_sim:[58298. 58388. 58297.] t2_sim:[64534. 64847. 64787.]
Task is 81.00% complete.
t1_sim:[60010. 59721. 59367.] t2_sim:[63778. 64028. 64453.]
Task is 82.00% complete.
t1_sim:[61910. 62060. 63720.] t2_sim:[66735. 66713. 65760.]
Task is 83.00% complete.
t1_sim:[63935. 64236. 66987.] t2_sim:[56603. 56615. 59953.]
Task is 84.00% complete.
t1_sim:[65090. 65157. 67358.] t2_sim:[61870. 61877. 62091.]
Task is 85.00% complete.
t1_sim:[62199. 61779. 63959.] t2_sim:[61559. 61677. 60748.]
Task is 86.00% complete.
t1_sim:[58197. 58042. 57365.] t2_sim:[62317. 62685. 62859.]
Task is 87.00% complete.
t1_sim:[69911. 70117. 69359.] t2_sim:[58020. 58016. 60670.]
Task is 88.00% complete.
t1_sim:[59221. 59507. 60000.] t2_sim:[58496. 58491. 58451.]
Task is 89.00% complete.
t1_sim:[65238. 65085. 63612.] t2_sim:[62912. 62944. 64344.]
Task is 90.00% complete.
t1_sim:[59666. 59681. 58555.] t2_sim:[64225. 64146. 64640.]
Task is 91.00% complete.
t1_sim:[62719. 62061. 60528.] t2_sim:[59405. 59101. 61059.]
Task is 92.00% complete.
t1_sim:[55899. 55900. 56833.] t2_sim:[61824. 61677. 60117.]
Task is 93.00% complete.
t1_sim:[62880. 62711. 61207.] t2_sim:[56666. 56474. 55545.]
Task is 94.00% complete.
t1_sim:[65707. 66053. 65947.] t2_sim:[68090. 68144. 68107.]
Task is 95.00% complete.
t1_sim:[63913. 63836. 65570.] t2_sim:[61793. 61757. 59488.]
Task is 96.00% complete.
t1_sim:[56440. 56752. 58674.] t2_sim:[64987. 65126. 64836.]
Task is 97.00% complete.
t1_sim:[63965. 63861. 63367.] t2_sim:[57372. 57623. 56773.]
Task is 98.00% complete.
t1_sim:[63623. 64079. 62942.] t2_sim:[63412. 63503. 63838.]
Task is 99.00% complete.
t1_sim:[59662. 59743. 57948.] t2_sim:[64734. 64706. 64611.]
Training start
t1_obs:[array(63738.), array(63836.), array(66565.)] t2_obs:[array(64848.), array(65176.), array(66860.)]
corr_G1:[None, None, -0.002158354937116844] corr_G2:[None, None, -0.23872529580974772]
Training end
Task is 0.00% complete.
t1_sim:[59983. 60103. 62263.] t2_sim:[62166. 62554. 62956.]
Task is 1.00% complete.
t1_sim:[61098. 61482. 60705.] t2_sim:[67410. 67720. 68897.]
Task is 2.00% complete.
t1_sim:[63621. 63533. 62723.] t2_sim:[61848. 62189. 61620.]
Task is 3.00% complete.
t1_sim:[59305. 59508. 57721.] t2_sim:[58318. 58373. 60189.]
Task is 4.00% complete.
t1_sim:[66228. 66170. 64625.] t2_sim:[56439. 56213. 56756.]
Task is 5.00% complete.
t1_sim:[57298. 57273. 58360.] t2_sim:[61142. 61150. 59377.]
Task is 6.00% complete.
t1_sim:[66876. 66480. 65178.] t2_sim:[60119. 59888. 62651.]
Task is 7.00% complete.
t1_sim:[67118. 67043. 67929.] t2_sim:[63717. 63703. 64111.]
Task is 8.00% complete.
t1_sim:[66524. 66796. 67317.] t2_sim:[64684. 64408. 62936.]
Task is 9.00% complete.
t1_sim:[63182. 63150. 64472.] t2_sim:[55794. 55664. 53736.]
Task is 10.00% complete.
t1_sim:[61460. 61262. 62783.] t2_sim:[60561. 60844. 62374.]
Task is 11.00% complete.
t1_sim:[59381. 59423. 59611.] t2_sim:[61261. 61251. 61686.]
Task is 12.00% complete.
t1_sim:[58865. 58878. 59828.] t2_sim:[62758. 62808. 61685.]
Task is 13.00% complete.
t1_sim:[66816. 66675. 64172.] t2_sim:[61029. 61176. 63101.]
Task is 14.00% complete.
t1_sim:[61164. 60921. 59892.] t2_sim:[64646. 64409. 61628.]
Task is 15.00% complete.
t1_sim:[63588. 63175. 60950.] t2_sim:[67969. 68106. 66703.]
Task is 16.00% complete.
t1_sim:[70937. 71084. 68100.] t2_sim:[62348. 62523. 59244.]
Task is 17.00% complete.
t1_sim:[66328. 66390. 67247.] t2_sim:[61425. 62000. 62283.]
Task is 18.00% complete.
t1_sim:[62037. 61780. 60852.] t2_sim:[58196. 58694. 58235.]
Task is 19.00% complete.
t1_sim:[66664. 66760. 66175.] t2_sim:[66285. 66042. 63679.]
Task is 20.00% complete.
t1_sim:[63300. 63430. 63740.] t2_sim:[60401. 60692. 59953.]
Task is 21.00% complete.
t1_sim:[57829. 57947. 56864.] t2_sim:[57579. 57510. 60211.]
Task is 22.00% complete.
t1_sim:[61251. 61583. 62812.] t2_sim:[61317. 61105. 60391.]
Task is 23.00% complete.
t1_sim:[64663. 64283. 64590.] t2_sim:[61536. 61247. 60738.]
Task is 24.00% complete.
t1_sim:[67878. 68116. 65816.] t2_sim:[56815. 56342. 55912.]
Task is 25.00% complete.
t1_sim:[60531. 60868. 62497.] t2_sim:[61039. 60747. 58659.]
Task is 26.00% complete.
t1_sim:[60978. 60699. 58569.] t2_sim:[65155. 65171. 66481.]
Task is 27.00% complete.
t1_sim:[64227. 64091. 62905.] t2_sim:[59632. 59535. 59894.]
Task is 28.00% complete.
t1_sim:[63702. 64125. 61857.] t2_sim:[63899. 63627. 64452.]
Task is 29.00% complete.
t1_sim:[59748. 59461. 58104.] t2_sim:[63100. 62901. 64035.]
Task is 30.00% complete.
t1_sim:[66258. 66385. 64095.] t2_sim:[56943. 56630. 58232.]
Task is 31.00% complete.
t1_sim:[57110. 57028. 58494.] t2_sim:[61446. 61065. 59537.]
Task is 32.00% complete.
t1_sim:[59865. 60312. 59808.] t2_sim:[62069. 62305. 62553.]
Task is 33.00% complete.
t1_sim:[65937. 65974. 66622.] t2_sim:[64690. 64782. 66555.]
Task is 34.00% complete.
t1_sim:[57813. 57840. 58564.] t2_sim:[63908. 64114. 61964.]
Task is 35.00% complete.
t1_sim:[64530. 64733. 64126.] t2_sim:[66338. 66198. 63670.]
Task is 36.00% complete.
t1_sim:[61415. 61275. 60913.] t2_sim:[67686. 67698. 66529.]
Task is 37.00% complete.
t1_sim:[66516. 66836. 65263.] t2_sim:[63887. 63878. 66188.]
Task is 38.00% complete.
t1_sim:[60230. 60125. 59694.] t2_sim:[59789. 59343. 57360.]
Task is 39.00% complete.
t1_sim:[66362. 66185. 64605.] t2_sim:[65267. 64795. 63041.]
Task is 40.00% complete.
t1_sim:[59028. 58788. 61070.] t2_sim:[58719. 58818. 58715.]
Task is 41.00% complete.
t1_sim:[59225. 59192. 59696.] t2_sim:[53851. 54379. 54714.]
Task is 42.00% complete.
t1_sim:[56185. 56357. 58998.] t2_sim:[62229. 62550. 65350.]
Task is 43.00% complete.
t1_sim:[62965. 63039. 62553.] t2_sim:[60059. 59867. 59400.]
Task is 44.00% complete.
t1_sim:[66499. 66766. 65736.] t2_sim:[69167. 69300. 68639.]
Task is 45.00% complete.
t1_sim:[63466. 63963. 62407.] t2_sim:[62460. 62311. 63899.]
Task is 46.00% complete.
t1_sim:[60352. 60311. 59741.] t2_sim:[61052. 61580. 60123.]
Task is 47.00% complete.
t1_sim:[59695. 59798. 59854.] t2_sim:[59795. 59498. 60966.]
Task is 48.00% complete.
t1_sim:[61397. 61350. 62706.] t2_sim:[63705. 63636. 65255.]
Task is 49.00% complete.
t1_sim:[60701. 60535. 58461.] t2_sim:[59148. 59304. 59643.]
Task is 50.00% complete.
t1_sim:[54542. 54532. 54958.] t2_sim:[66612. 66552. 66653.]
Task is 51.00% complete.
t1_sim:[61459. 61102. 60280.] t2_sim:[66489. 66273. 64891.]
Task is 52.00% complete.
t1_sim:[65228. 65308. 65416.] t2_sim:[61243. 60916. 62858.]
Task is 53.00% complete.
t1_sim:[65476. 65184. 61340.] t2_sim:[65568. 65198. 62446.]
Task is 54.00% complete.
t1_sim:[61303. 61460. 63306.] t2_sim:[66152. 65911. 67158.]
Task is 55.00% complete.
t1_sim:[62109. 62209. 64645.] t2_sim:[63295. 63224. 60159.]
Task is 56.00% complete.
t1_sim:[61247. 61403. 63087.] t2_sim:[64125. 64046. 64026.]
Task is 57.00% complete.
t1_sim:[69046. 68969. 65405.] t2_sim:[60465. 60945. 60542.]
Task is 58.00% complete.
t1_sim:[57337. 57520. 60054.] t2_sim:[66347. 65602. 65627.]
Task is 59.00% complete.
t1_sim:[58932. 58942. 56024.] t2_sim:[65316. 65643. 66722.]
Task is 60.00% complete.
t1_sim:[63649. 63729. 66553.] t2_sim:[66569. 66730. 67139.]
Task is 61.00% complete.
t1_sim:[61948. 61588. 60789.] t2_sim:[61731. 62187. 63476.]
Task is 62.00% complete.
t1_sim:[58057. 57993. 60847.] t2_sim:[63639. 63762. 62050.]
Task is 63.00% complete.
t1_sim:[62514. 63126. 61810.] t2_sim:[65339. 65464. 64718.]
Task is 64.00% complete.
t1_sim:[65093. 65085. 62840.] t2_sim:[64722. 64717. 62376.]
Task is 65.00% complete.
t1_sim:[56235. 56389. 60225.] t2_sim:[63006. 63245. 61539.]
Task is 66.00% complete.
t1_sim:[65351. 65509. 62129.] t2_sim:[58214. 58481. 58372.]
Task is 67.00% complete.
t1_sim:[58955. 58844. 59674.] t2_sim:[60808. 61001. 62509.]
Task is 68.00% complete.
t1_sim:[56479. 56817. 58202.] t2_sim:[58778. 58376. 61099.]
Task is 69.00% complete.
t1_sim:[59808. 60074. 63129.] t2_sim:[62531. 62088. 61815.]
Task is 70.00% complete.
t1_sim:[58552. 58891. 57854.] t2_sim:[67187. 66673. 65980.]
Task is 71.00% complete.
t1_sim:[64063. 63857. 66488.] t2_sim:[56660. 56592. 55958.]
Task is 72.00% complete.
t1_sim:[61810. 61669. 62541.] t2_sim:[66284. 66356. 67005.]
Task is 73.00% complete.
t1_sim:[59462. 59586. 58470.] t2_sim:[60949. 61712. 60741.]
Task is 74.00% complete.
t1_sim:[55373. 55963. 57134.] t2_sim:[67052. 66524. 62322.]
Task is 75.00% complete.
t1_sim:[65021. 65315. 62304.] t2_sim:[58841. 58749. 58324.]
Task is 76.00% complete.
t1_sim:[65181. 65201. 64451.] t2_sim:[65279. 65168. 65025.]
Task is 77.00% complete.
t1_sim:[64675. 64555. 62251.] t2_sim:[63534. 63868. 66247.]
Task is 78.00% complete.
t1_sim:[62390. 62742. 64602.] t2_sim:[58510. 58837. 59710.]
Task is 79.00% complete.
t1_sim:[65719. 65622. 65782.] t2_sim:[61730. 61468. 61572.]
Task is 80.00% complete.
t1_sim:[59674. 59223. 59141.] t2_sim:[63881. 64228. 66627.]
Task is 81.00% complete.
t1_sim:[69845. 69977. 69776.] t2_sim:[63846. 63699. 64567.]
Task is 82.00% complete.
t1_sim:[61820. 61745. 63013.] t2_sim:[60311. 60323. 59640.]
Task is 83.00% complete.
t1_sim:[58322. 59074. 61333.] t2_sim:[63505. 63099. 60928.]
Task is 84.00% complete.
t1_sim:[65989. 66164. 64291.] t2_sim:[64929. 65191. 65039.]
Task is 85.00% complete.
t1_sim:[60099. 60107. 62558.] t2_sim:[61532. 61204. 58732.]
Task is 86.00% complete.
t1_sim:[62654. 62796. 64196.] t2_sim:[63606. 63059. 62376.]
Task is 87.00% complete.
t1_sim:[62051. 62036. 60003.] t2_sim:[58032. 57741. 58895.]
Task is 88.00% complete.
t1_sim:[57993. 57738. 56035.] t2_sim:[61312. 61259. 62215.]
Task is 89.00% complete.
t1_sim:[59912. 59612. 59751.] t2_sim:[57206. 57554. 58593.]
Task is 90.00% complete.
t1_sim:[58756. 59088. 57719.] t2_sim:[66581. 66321. 63721.]
Task is 91.00% complete.
t1_sim:[63536. 64071. 68692.] t2_sim:[60365. 60013. 59309.]
Task is 92.00% complete.
t1_sim:[61915. 61500. 60953.] t2_sim:[60539. 60374. 59902.]
Task is 93.00% complete.
t1_sim:[61129. 61070. 61303.] t2_sim:[62629. 62965. 63070.]
Task is 94.00% complete.
t1_sim:[61557. 61085. 57715.] t2_sim:[63450. 63585. 62820.]
Task is 95.00% complete.
t1_sim:[65428. 65325. 67315.] t2_sim:[63186. 62996. 60584.]
Task is 96.00% complete.
t1_sim:[65789. 65133. 63135.] t2_sim:[71077. 70911. 69325.]
Task is 97.00% complete.
t1_sim:[60993. 61485. 63609.] t2_sim:[62796. 62621. 62026.]
Task is 98.00% complete.
t1_sim:[63041. 63526. 65181.] t2_sim:[62852. 62462. 62242.]
Task is 99.00% complete.
t1_sim:[63072. 62878. 62895.] t2_sim:[61084. 61312. 60511.]
Finished
