/scratch/jz4721/Post-prediction-Causal-Inference/venv/lib/python3.8/site-packages/numpy/core/getlimits.py:518: UserWarning: The value of the smallest subnormal for <class 'numpy.float64'> type is zero.
  setattr(self, word, getattr(machar, word).flat[0])
/scratch/jz4721/Post-prediction-Causal-Inference/venv/lib/python3.8/site-packages/numpy/core/getlimits.py:89: UserWarning: The value of the smallest subnormal for <class 'numpy.float64'> type is zero.
  return self._float_to_str(self.smallest_subnormal)
/scratch/jz4721/Post-prediction-Causal-Inference/venv/lib/python3.8/site-packages/numpy/core/getlimits.py:518: UserWarning: The value of the smallest subnormal for <class 'numpy.float32'> type is zero.
  setattr(self, word, getattr(machar, word).flat[0])
/scratch/jz4721/Post-prediction-Causal-Inference/venv/lib/python3.8/site-packages/numpy/core/getlimits.py:89: UserWarning: The value of the smallest subnormal for <class 'numpy.float32'> type is zero.
  return self._float_to_str(self.smallest_subnormal)
Training start
t1_obs:[array(63350.), array(63257.), array(63755.)] t2_obs:[array(62620.), array(62521.), array(62422.)]
corr_G1:[None, None, 3.0043091510866374e-18] corr_G2:[None, None, 0]
Training end
Task is 0.00% complete.
t1_sim:[62696. 62384. 62982.] t2_sim:[64869. 64435. 64301.]
Task is 1.00% complete.
t1_sim:[63660. 63577. 65894.] t2_sim:[67003. 66677. 65017.]
Task is 2.00% complete.
t1_sim:[59102. 59268. 62592.] t2_sim:[58709. 58576. 61095.]
Task is 3.00% complete.
t1_sim:[55827. 56266. 59259.] t2_sim:[60558. 60623. 60042.]
Task is 4.00% complete.
t1_sim:[62410. 62285. 62838.] t2_sim:[63371. 63643. 61948.]
Task is 5.00% complete.
t1_sim:[60205. 60092. 57903.] t2_sim:[64158. 63639. 64277.]
Task is 6.00% complete.
t1_sim:[67601. 67138. 69078.] t2_sim:[62803. 62900. 66082.]
Task is 7.00% complete.
t1_sim:[59365. 59798. 60051.] t2_sim:[67292. 67619. 65851.]
Task is 8.00% complete.
t1_sim:[65163. 65102. 65582.] t2_sim:[60004. 59822. 62012.]
Task is 9.00% complete.
t1_sim:[64790. 64148. 61970.] t2_sim:[67188. 67336. 70468.]
Task is 10.00% complete.
t1_sim:[63086. 63159. 63119.] t2_sim:[68913. 69189. 66280.]
Task is 11.00% complete.
t1_sim:[61847. 61788. 59569.] t2_sim:[64241. 64146. 64668.]
Task is 12.00% complete.
t1_sim:[61808. 61564. 64831.] t2_sim:[58098. 58907. 57825.]
Task is 13.00% complete.
t1_sim:[65289. 65380. 65299.] t2_sim:[54282. 54427. 56312.]
Task is 14.00% complete.
t1_sim:[62411. 62424. 62080.] t2_sim:[65403. 65328. 65775.]
Task is 15.00% complete.
t1_sim:[59459. 59205. 60508.] t2_sim:[53012. 52726. 52671.]
Task is 16.00% complete.
t1_sim:[63504. 64102. 64042.] t2_sim:[62067. 62671. 63834.]
Task is 17.00% complete.
t1_sim:[64285. 64113. 64806.] t2_sim:[65239. 65453. 63635.]
Task is 18.00% complete.
t1_sim:[61469. 61437. 64202.] t2_sim:[65009. 64846. 66792.]
Task is 19.00% complete.
t1_sim:[60712. 61146. 61948.] t2_sim:[59883. 60353. 63580.]
Task is 20.00% complete.
t1_sim:[65299. 65075. 63981.] t2_sim:[66720. 67031. 67237.]
Task is 21.00% complete.
t1_sim:[67299. 67229. 64232.] t2_sim:[63236. 63116. 62978.]
Task is 22.00% complete.
t1_sim:[65385. 64888. 67720.] t2_sim:[64599. 64152. 64646.]
Task is 23.00% complete.
t1_sim:[64964. 64857. 67157.] t2_sim:[63411. 64108. 65496.]
Task is 24.00% complete.
t1_sim:[59663. 59374. 57148.] t2_sim:[67930. 68099. 67247.]
Task is 25.00% complete.
t1_sim:[59055. 59147. 57118.] t2_sim:[61816. 61846. 69585.]
Task is 26.00% complete.
t1_sim:[59363. 59104. 58766.] t2_sim:[66965. 66850. 62348.]
Task is 27.00% complete.
t1_sim:[62192. 61905. 59919.] t2_sim:[61572. 61298. 59352.]
Task is 28.00% complete.
t1_sim:[61139. 61453. 61526.] t2_sim:[60705. 60540. 61470.]
Task is 29.00% complete.
t1_sim:[60731. 60797. 61670.] t2_sim:[53009. 52839. 57138.]
Task is 30.00% complete.
t1_sim:[58688. 59440. 62024.] t2_sim:[55324. 55575. 58436.]
Task is 31.00% complete.
t1_sim:[57931. 58138. 59472.] t2_sim:[62201. 62614. 65111.]
Task is 32.00% complete.
t1_sim:[68437. 68086. 65780.] t2_sim:[65800. 65759. 59322.]
Task is 33.00% complete.
t1_sim:[60973. 60537. 59871.] t2_sim:[61551. 62084. 63123.]
Task is 34.00% complete.
t1_sim:[63911. 64039. 65663.] t2_sim:[64301. 65055. 64307.]
Task is 35.00% complete.
t1_sim:[60910. 61334. 59442.] t2_sim:[65174. 65241. 62302.]
Task is 36.00% complete.
t1_sim:[57301. 57091. 60687.] t2_sim:[59320. 58532. 63580.]
Task is 37.00% complete.
t1_sim:[69324. 69352. 68560.] t2_sim:[60107. 59717. 55290.]
Task is 38.00% complete.
t1_sim:[55893. 55772. 55520.] t2_sim:[58049. 57993. 57236.]
Task is 39.00% complete.
t1_sim:[68688. 68406. 68770.] t2_sim:[63180. 63457. 65729.]
Task is 40.00% complete.
t1_sim:[62972. 63268. 62784.] t2_sim:[69271. 69323. 69088.]
Task is 41.00% complete.
t1_sim:[62770. 62493. 59466.] t2_sim:[65715. 65844. 63065.]
Task is 42.00% complete.
t1_sim:[60421. 60622. 61899.] t2_sim:[57032. 57103. 56718.]
Task is 43.00% complete.
t1_sim:[65247. 65191. 64057.] t2_sim:[65121. 65146. 64146.]
Task is 44.00% complete.
t1_sim:[60483. 60436. 63669.] t2_sim:[67112. 66449. 64916.]
Task is 45.00% complete.
t1_sim:[67183. 67158. 65974.] t2_sim:[65110. 64384. 66194.]
Task is 46.00% complete.
t1_sim:[61440. 61512. 63266.] t2_sim:[61595. 61777. 58741.]
Task is 47.00% complete.
t1_sim:[65395. 65105. 65153.] t2_sim:[62936. 62932. 62709.]
Task is 48.00% complete.
t1_sim:[59041. 59254. 62692.] t2_sim:[60197. 59857. 62363.]
Task is 49.00% complete.
t1_sim:[65684. 65829. 61418.] t2_sim:[61381. 61192. 64761.]
Task is 50.00% complete.
t1_sim:[60647. 60805. 62848.] t2_sim:[62122. 62299. 61209.]
Task is 51.00% complete.
t1_sim:[61746. 61282. 63001.] t2_sim:[59817. 59596. 62763.]
Task is 52.00% complete.
t1_sim:[59829. 59877. 59756.] t2_sim:[59967. 58942. 57481.]
Task is 53.00% complete.
t1_sim:[66921. 66866. 63768.] t2_sim:[63068. 63025. 63764.]
Task is 54.00% complete.
t1_sim:[64168. 64473. 64425.] t2_sim:[64238. 64181. 66647.]
Task is 55.00% complete.
t1_sim:[69475. 68796. 67046.] t2_sim:[64551. 64580. 64193.]
Task is 56.00% complete.
t1_sim:[63065. 63076. 60900.] t2_sim:[61817. 61934. 63627.]
Task is 57.00% complete.
t1_sim:[64901. 65411. 64462.] t2_sim:[58727. 58495. 64112.]
Task is 58.00% complete.
t1_sim:[61524. 61580. 60959.] t2_sim:[62277. 62104. 64857.]
Task is 59.00% complete.
t1_sim:[58036. 58137. 62001.] t2_sim:[57534. 56712. 57631.]
Task is 60.00% complete.
t1_sim:[67002. 67323. 68243.] t2_sim:[65912. 65693. 66217.]
Task is 61.00% complete.
t1_sim:[58375. 58067. 59015.] t2_sim:[67347. 67462. 66093.]
Task is 62.00% complete.
t1_sim:[66698. 66528. 64695.] t2_sim:[62619. 62033. 60543.]
Task is 63.00% complete.
t1_sim:[64274. 64072. 66367.] t2_sim:[62513. 62786. 63777.]
Task is 64.00% complete.
t1_sim:[63840. 63900. 64306.] t2_sim:[65025. 65280. 64915.]
Task is 65.00% complete.
t1_sim:[59594. 59733. 54877.] t2_sim:[64093. 63935. 65734.]
Task is 66.00% complete.
t1_sim:[64059. 64057. 62419.] t2_sim:[65665. 65860. 66541.]
Task is 67.00% complete.
t1_sim:[61303. 61410. 62414.] t2_sim:[63353. 63638. 64400.]
Task is 68.00% complete.
t1_sim:[61136. 60911. 63325.] t2_sim:[63726. 63448. 64620.]
Task is 69.00% complete.
t1_sim:[62938. 62559. 62918.] t2_sim:[62135. 62325. 59410.]
Task is 70.00% complete.
t1_sim:[61546. 61233. 61764.] t2_sim:[62024. 62027. 63836.]
Task is 71.00% complete.
t1_sim:[61141. 61140. 64274.] t2_sim:[65022. 65107. 60896.]
Task is 72.00% complete.
t1_sim:[62647. 62637. 65263.] t2_sim:[63024. 63118. 64505.]
Task is 73.00% complete.
t1_sim:[60101. 60388. 60794.] t2_sim:[66453. 65779. 63893.]
Task is 74.00% complete.
t1_sim:[61116. 60982. 63077.] t2_sim:[59458. 59204. 55200.]
Task is 75.00% complete.
t1_sim:[63268. 63019. 62060.] t2_sim:[60805. 60014. 65005.]
Task is 76.00% complete.
t1_sim:[65968. 66116. 66597.] t2_sim:[63115. 63659. 65318.]
Task is 77.00% complete.
t1_sim:[60837. 60819. 64562.] t2_sim:[60275. 60057. 64762.]
Task is 78.00% complete.
t1_sim:[60951. 60470. 59712.] t2_sim:[65368. 65343. 64336.]
Task is 79.00% complete.
t1_sim:[58269. 58196. 59564.] t2_sim:[59221. 59356. 58840.]
Task is 80.00% complete.
t1_sim:[61190. 61399. 64417.] t2_sim:[65602. 65444. 62011.]
Task is 81.00% complete.
t1_sim:[66670. 66525. 67632.] t2_sim:[61724. 62005. 63145.]
Task is 82.00% complete.
t1_sim:[61410. 61330. 61614.] t2_sim:[64803. 64804. 62169.]
Task is 83.00% complete.
t1_sim:[62862. 62837. 65399.] t2_sim:[64856. 64366. 62686.]
Task is 84.00% complete.
t1_sim:[64484. 64604. 64276.] t2_sim:[60485. 60111. 59865.]
Task is 85.00% complete.
t1_sim:[61282. 61389. 61440.] t2_sim:[64964. 64870. 67483.]
Task is 86.00% complete.
t1_sim:[62887. 62904. 65790.] t2_sim:[64052. 64203. 62719.]
Task is 87.00% complete.
t1_sim:[64098. 63989. 64879.] t2_sim:[62424. 62824. 60282.]
Task is 88.00% complete.
t1_sim:[60300. 60563. 59035.] t2_sim:[62574. 62771. 65498.]
Task is 89.00% complete.
t1_sim:[67544. 68198. 65354.] t2_sim:[64634. 64995. 64967.]
Task is 90.00% complete.
t1_sim:[58969. 58561. 56093.] t2_sim:[64716. 65191. 66463.]
Task is 91.00% complete.
t1_sim:[58665. 58301. 59210.] t2_sim:[63932. 64206. 65472.]
Task is 92.00% complete.
t1_sim:[61459. 61525. 58369.] t2_sim:[57401. 57719. 58728.]
Task is 93.00% complete.
t1_sim:[60528. 60443. 62929.] t2_sim:[58143. 58178. 58191.]
Task is 94.00% complete.
t1_sim:[64353. 64182. 64037.] t2_sim:[65284. 65143. 69729.]
Task is 95.00% complete.
t1_sim:[58398. 58276. 60199.] t2_sim:[69152. 68893. 70481.]
Task is 96.00% complete.
t1_sim:[58711. 58871. 60405.] t2_sim:[63465. 63087. 61102.]
Task is 97.00% complete.
t1_sim:[65117. 65117. 68024.] t2_sim:[59382. 59105. 60598.]
Task is 98.00% complete.
t1_sim:[63494. 63508. 56556.] t2_sim:[61386. 61263. 60362.]
Task is 99.00% complete.
t1_sim:[64561. 63608. 60921.] t2_sim:[59138. 59331. 61131.]
Training start
t1_obs:[array(63350.), array(63257.), array(63709.)] t2_obs:[array(62620.), array(62521.), array(62312.)]
corr_G1:[None, None, 0.9885501851399324] corr_G2:[None, None, 0.911726109934472]
Training end
Task is 0.00% complete.
t1_sim:[57474. 57613. 58809.] t2_sim:[57181. 57654. 59425.]
Task is 1.00% complete.
t1_sim:[64698. 64499. 62621.] t2_sim:[62959. 62908. 61739.]
Task is 2.00% complete.
t1_sim:[61910. 62425. 60976.] t2_sim:[62145. 62210. 60874.]
Task is 3.00% complete.
t1_sim:[62529. 62686. 61089.] t2_sim:[60874. 61020. 59227.]
Task is 4.00% complete.
t1_sim:[66112. 66273. 66321.] t2_sim:[62700. 62799. 61062.]
Task is 5.00% complete.
t1_sim:[59407. 59146. 61433.] t2_sim:[56086. 55328. 57947.]
Task is 6.00% complete.
t1_sim:[63208. 62856. 63639.] t2_sim:[57673. 58031. 56605.]
Task is 7.00% complete.
t1_sim:[68235. 68393. 67023.] t2_sim:[59082. 59178. 59738.]
Task is 8.00% complete.
t1_sim:[61518. 61350. 63899.] t2_sim:[66605. 66411. 67031.]
Task is 9.00% complete.
t1_sim:[60567. 60823. 61602.] t2_sim:[58298. 58479. 56150.]
Task is 10.00% complete.
t1_sim:[61215. 62016. 62255.] t2_sim:[66202. 66363. 66112.]
Task is 11.00% complete.
t1_sim:[63799. 63592. 61607.] t2_sim:[61836. 61813. 63852.]
Task is 12.00% complete.
t1_sim:[64912. 64911. 64072.] t2_sim:[58233. 58441. 59939.]
Task is 13.00% complete.
t1_sim:[62913. 63200. 64124.] t2_sim:[64847. 64714. 63926.]
Task is 14.00% complete.
t1_sim:[63428. 63264. 60738.] t2_sim:[65001. 65677. 67828.]
Task is 15.00% complete.
t1_sim:[59754. 59855. 60983.] t2_sim:[57479. 57950. 57292.]
Task is 16.00% complete.
t1_sim:[63715. 64172. 65909.] t2_sim:[62125. 62786. 63110.]
Task is 17.00% complete.
t1_sim:[68492. 68634. 68326.] t2_sim:[63041. 63085. 63115.]
Task is 18.00% complete.
t1_sim:[68482. 68163. 66562.] t2_sim:[66008. 66023. 65186.]
Task is 19.00% complete.
t1_sim:[59532. 59140. 59480.] t2_sim:[55630. 55775. 57061.]
Task is 20.00% complete.
t1_sim:[59787. 59784. 62046.] t2_sim:[59835. 60395. 61391.]
Task is 21.00% complete.
t1_sim:[55774. 55620. 56614.] t2_sim:[66835. 66726. 66713.]
Task is 22.00% complete.
t1_sim:[64021. 64379. 62921.] t2_sim:[59523. 59312. 58250.]
Task is 23.00% complete.
t1_sim:[59961. 60360. 63041.] t2_sim:[63763. 64194. 63556.]
Task is 24.00% complete.
t1_sim:[55450. 55257. 56037.] t2_sim:[63047. 63128. 63020.]
Task is 25.00% complete.
t1_sim:[56416. 56411. 55484.] t2_sim:[69525. 69555. 67336.]
Task is 26.00% complete.
t1_sim:[57154. 57508. 58909.] t2_sim:[59413. 59026. 59538.]
Task is 27.00% complete.
t1_sim:[63380. 63718. 65115.] t2_sim:[65441. 66026. 65004.]
Task is 28.00% complete.
t1_sim:[59931. 59446. 57687.] t2_sim:[63514. 63526. 66057.]
Task is 29.00% complete.
t1_sim:[63887. 63484. 63035.] t2_sim:[57247. 57358. 57424.]
Task is 30.00% complete.
t1_sim:[60201. 59896. 60162.] t2_sim:[63351. 63168. 62877.]
Task is 31.00% complete.
t1_sim:[63943. 64015. 64354.] t2_sim:[61172. 61140. 61910.]
Task is 32.00% complete.
t1_sim:[62317. 62415. 62423.] t2_sim:[61135. 61035. 59081.]
Task is 33.00% complete.
t1_sim:[59248. 59043. 58448.] t2_sim:[66550. 66412. 65373.]
Task is 34.00% complete.
t1_sim:[64829. 64583. 63158.] t2_sim:[63609. 63455. 62720.]
Task is 35.00% complete.
t1_sim:[65248. 65144. 63669.] t2_sim:[63367. 63741. 65303.]
Task is 36.00% complete.
t1_sim:[59784. 59760. 61037.] t2_sim:[63798. 64351. 65799.]
Task is 37.00% complete.
t1_sim:[62908. 62679. 62772.] t2_sim:[61126. 61314. 60800.]
Task is 38.00% complete.
t1_sim:[63125. 62961. 64487.] t2_sim:[55083. 55305. 57042.]
Task is 39.00% complete.
t1_sim:[68696. 68923. 69241.] t2_sim:[57260. 57806. 58462.]
Task is 40.00% complete.
t1_sim:[61721. 61690. 62068.] t2_sim:[56125. 56228. 55918.]
Task is 41.00% complete.
t1_sim:[60923. 61033. 63203.] t2_sim:[59174. 59112. 62031.]
Task is 42.00% complete.
t1_sim:[62512. 62567. 61811.] t2_sim:[66465. 66128. 63919.]
Task is 43.00% complete.
t1_sim:[69782. 69579. 69696.] t2_sim:[65735. 65824. 65593.]
Task is 44.00% complete.
t1_sim:[64312. 64201. 62931.] t2_sim:[58923. 58678. 59292.]
Task is 45.00% complete.
t1_sim:[63212. 62894. 66724.] t2_sim:[60806. 60781. 61565.]
Task is 46.00% complete.
t1_sim:[57578. 57518. 57759.] t2_sim:[57493. 57785. 56101.]
Task is 47.00% complete.
t1_sim:[68691. 68932. 71151.] t2_sim:[64987. 64873. 63424.]
Task is 48.00% complete.
t1_sim:[59149. 58730. 58486.] t2_sim:[58297. 58965. 60528.]
Task is 49.00% complete.
t1_sim:[65571. 65355. 63819.] t2_sim:[61184. 61214. 63161.]
Task is 50.00% complete.
t1_sim:[63477. 63438. 65350.] t2_sim:[62367. 62669. 60909.]
Task is 51.00% complete.
t1_sim:[63351. 63350. 62492.] t2_sim:[60824. 60725. 59980.]
Task is 52.00% complete.
t1_sim:[65439. 64914. 67704.] t2_sim:[60805. 61020. 61275.]
Task is 53.00% complete.
t1_sim:[62024. 62191. 62342.] t2_sim:[66331. 66293. 66566.]
Task is 54.00% complete.
t1_sim:[59455. 59729. 58336.] t2_sim:[64832. 65215. 67124.]
Task is 55.00% complete.
t1_sim:[61593. 61818. 60378.] t2_sim:[60981. 60342. 60295.]
Task is 56.00% complete.
t1_sim:[67288. 67353. 66179.] t2_sim:[63072. 62857. 63985.]
Task is 57.00% complete.
t1_sim:[62660. 63301. 64553.] t2_sim:[59404. 59774. 62324.]
Task is 58.00% complete.
t1_sim:[64609. 64825. 66327.] t2_sim:[64488. 64102. 63737.]
Task is 59.00% complete.
t1_sim:[65762. 65815. 66230.] t2_sim:[64444. 64065. 61813.]
Task is 60.00% complete.
t1_sim:[62949. 63181. 67245.] t2_sim:[61008. 60863. 61206.]
Task is 61.00% complete.
t1_sim:[62326. 63027. 62129.] t2_sim:[58831. 58957. 60766.]
Task is 62.00% complete.
t1_sim:[64041. 64222. 67053.] t2_sim:[65603. 65367. 64680.]
Task is 63.00% complete.
t1_sim:[69180. 69327. 70460.] t2_sim:[61298. 61533. 58797.]
Task is 64.00% complete.
t1_sim:[59811. 59553. 61069.] t2_sim:[54926. 55005. 53176.]
Task is 65.00% complete.
t1_sim:[61871. 61900. 62859.] t2_sim:[60973. 61194. 64092.]
Task is 66.00% complete.
t1_sim:[65328. 65390. 63405.] t2_sim:[66812. 66733. 64267.]
Task is 67.00% complete.
t1_sim:[63977. 63683. 61486.] t2_sim:[64526. 64265. 62778.]
Task is 68.00% complete.
t1_sim:[61744. 62085. 58733.] t2_sim:[61400. 60989. 62166.]
Task is 69.00% complete.
t1_sim:[60978. 60971. 63165.] t2_sim:[58578. 58299. 59529.]
Task is 70.00% complete.
t1_sim:[62635. 62442. 62612.] t2_sim:[59865. 60182. 63303.]
Task is 71.00% complete.
t1_sim:[58310. 58771. 59736.] t2_sim:[63957. 64670. 63495.]
Task is 72.00% complete.
t1_sim:[63254. 62944. 60192.] t2_sim:[64294. 64732. 66870.]
Task is 73.00% complete.
t1_sim:[58301. 57635. 58800.] t2_sim:[56579. 56302. 56255.]
Task is 74.00% complete.
t1_sim:[57508. 57403. 61025.] t2_sim:[62426. 62007. 59101.]
Task is 75.00% complete.
t1_sim:[61312. 61714. 62292.] t2_sim:[64412. 64416. 63983.]
Task is 76.00% complete.
t1_sim:[59949. 60134. 59871.] t2_sim:[65819. 65282. 63256.]
Task is 77.00% complete.
t1_sim:[64754. 64866. 63767.] t2_sim:[63425. 63587. 63320.]
Task is 78.00% complete.
t1_sim:[62491. 62542. 61745.] t2_sim:[59380. 59630. 58413.]
Task is 79.00% complete.
t1_sim:[70156. 70178. 71595.] t2_sim:[66497. 66217. 65773.]
Task is 80.00% complete.
t1_sim:[58989. 59107. 58316.] t2_sim:[64561. 64813. 67058.]
Task is 81.00% complete.
t1_sim:[68311. 68142. 68738.] t2_sim:[64906. 65102. 64322.]
Task is 82.00% complete.
t1_sim:[68055. 68236. 67610.] t2_sim:[61229. 61595. 62570.]
Task is 83.00% complete.
t1_sim:[63819. 64371. 66079.] t2_sim:[63214. 62900. 62489.]
Task is 84.00% complete.
t1_sim:[65832. 65788. 64181.] t2_sim:[65526. 65724. 66968.]
Task is 85.00% complete.
t1_sim:[61709. 61681. 60160.] t2_sim:[58583. 58901. 59902.]
Task is 86.00% complete.
t1_sim:[60386. 60315. 59395.] t2_sim:[63105. 62798. 62646.]
Task is 87.00% complete.
t1_sim:[57583. 57880. 59080.] t2_sim:[55683. 55860. 56307.]
Task is 88.00% complete.
t1_sim:[60578. 61180. 61303.] t2_sim:[60676. 60869. 61768.]
Task is 89.00% complete.
t1_sim:[58707. 58998. 58465.] t2_sim:[63241. 63572. 65271.]
Task is 90.00% complete.
t1_sim:[63871. 63608. 60975.] t2_sim:[63692. 63863. 63150.]
Task is 91.00% complete.
t1_sim:[61944. 62158. 62966.] t2_sim:[67144. 67039. 64721.]
Task is 92.00% complete.
t1_sim:[61169. 61077. 59548.] t2_sim:[60136. 60324. 63000.]
Task is 93.00% complete.
t1_sim:[64129. 64122. 65565.] t2_sim:[63827. 64036. 63135.]
Task is 94.00% complete.
t1_sim:[66515. 66433. 66045.] t2_sim:[64186. 64300. 63776.]
Task is 95.00% complete.
t1_sim:[61272. 61160. 57740.] t2_sim:[64176. 63924. 63805.]
Task is 96.00% complete.
t1_sim:[66528. 65994. 65652.] t2_sim:[63938. 63603. 61735.]
Task is 97.00% complete.
t1_sim:[56591. 56688. 58406.] t2_sim:[70294. 70459. 69518.]
Task is 98.00% complete.
t1_sim:[65849. 65611. 61693.] t2_sim:[61227. 61072. 61581.]
Task is 99.00% complete.
t1_sim:[60571. 60418. 60130.] t2_sim:[62329. 62291. 62419.]
Training start
t1_obs:[array(63350.), array(63257.), array(63801.)] t2_obs:[array(62620.), array(62521.), array(61997.)]
corr_G1:[None, None, 0.06611951833666567] corr_G2:[None, None, 0.22880875200054787]
Training end
Task is 0.00% complete.
t1_sim:[66606. 66645. 66672.] t2_sim:[65670. 66060. 64053.]
Task is 1.00% complete.
t1_sim:[59635. 59913. 60768.] t2_sim:[66568. 66067. 64598.]
Task is 2.00% complete.
t1_sim:[64159. 64244. 64849.] t2_sim:[64297. 64278. 64212.]
Task is 3.00% complete.
t1_sim:[59649. 59645. 58919.] t2_sim:[62731. 63006. 61273.]
Task is 4.00% complete.
t1_sim:[63499. 63572. 63097.] t2_sim:[61920. 62282. 61614.]
Task is 5.00% complete.
t1_sim:[64471. 64657. 64815.] t2_sim:[57465. 57367. 61523.]
Task is 6.00% complete.
t1_sim:[56953. 57284. 59638.] t2_sim:[61378. 61155. 61899.]
Task is 7.00% complete.
t1_sim:[67026. 66382. 64897.] t2_sim:[66234. 66437. 64305.]
Task is 8.00% complete.
t1_sim:[58159. 58206. 56506.] t2_sim:[63878. 63248. 63575.]
Task is 9.00% complete.
t1_sim:[66874. 66719. 67801.] t2_sim:[60432. 60501. 59125.]
Task is 10.00% complete.
t1_sim:[59972. 59487. 59280.] t2_sim:[62815. 62909. 63775.]
Task is 11.00% complete.
t1_sim:[67423. 67444. 66935.] t2_sim:[68768. 68568. 68275.]
Task is 12.00% complete.
t1_sim:[61107. 60983. 60798.] t2_sim:[64382. 64454. 63237.]
Task is 13.00% complete.
t1_sim:[63972. 64007. 63440.] t2_sim:[62207. 62930. 65476.]
Task is 14.00% complete.
t1_sim:[59427. 59095. 60897.] t2_sim:[65942. 66341. 64778.]
Task is 15.00% complete.
t1_sim:[66224. 66109. 69485.] t2_sim:[66100. 66046. 65574.]
Task is 16.00% complete.
t1_sim:[59921. 59483. 59195.] t2_sim:[59246. 59220. 62546.]
Task is 17.00% complete.
t1_sim:[57657. 57545. 58327.] t2_sim:[62187. 61982. 61917.]
Task is 18.00% complete.
t1_sim:[65863. 66751. 67185.] t2_sim:[60986. 61590. 62062.]
Task is 19.00% complete.
t1_sim:[65478. 65863. 66047.] t2_sim:[62589. 62805. 65067.]
Task is 20.00% complete.
t1_sim:[67417. 67098. 66368.] t2_sim:[63794. 63740. 64454.]
Task is 21.00% complete.
t1_sim:[66469. 66440. 65738.] t2_sim:[56124. 56100. 55216.]
Task is 22.00% complete.
t1_sim:[59954. 60020. 59533.] t2_sim:[61500. 61446. 62145.]
Task is 23.00% complete.
t1_sim:[66339. 66173. 67376.] t2_sim:[64388. 64543. 66538.]
Task is 24.00% complete.
t1_sim:[64757. 64403. 64231.] t2_sim:[65806. 65837. 64691.]
Task is 25.00% complete.
t1_sim:[61903. 61668. 61297.] t2_sim:[65529. 65255. 63945.]
Task is 26.00% complete.
t1_sim:[67306. 67845. 66705.] t2_sim:[62480. 61962. 62330.]
Task is 27.00% complete.
t1_sim:[60010. 59440. 61891.] t2_sim:[62088. 62339. 62826.]
Task is 28.00% complete.
t1_sim:[66559. 66227. 64555.] t2_sim:[62775. 62040. 62292.]
Task is 29.00% complete.
t1_sim:[68919. 68827. 70234.] t2_sim:[67832. 67855. 67754.]
Task is 30.00% complete.
t1_sim:[52148. 52311. 53955.] t2_sim:[61751. 61976. 62592.]
Task is 31.00% complete.
t1_sim:[63723. 63477. 62179.] t2_sim:[55402. 55312. 56426.]
Task is 32.00% complete.
t1_sim:[63560. 63589. 64335.] t2_sim:[58098. 57949. 58329.]
Task is 33.00% complete.
t1_sim:[65203. 65287. 63947.] t2_sim:[57451. 56660. 56234.]
Task is 34.00% complete.
t1_sim:[65939. 65931. 64858.] t2_sim:[68791. 68605. 68512.]
Task is 35.00% complete.
t1_sim:[60797. 60862. 62911.] t2_sim:[66277. 66523. 64231.]
Task is 36.00% complete.
t1_sim:[64023. 63724. 63932.] t2_sim:[66351. 66327. 63139.]
Task is 37.00% complete.
t1_sim:[59572. 59393. 60050.] t2_sim:[61003. 60752. 60282.]
Task is 38.00% complete.
t1_sim:[57419. 57370. 56596.] t2_sim:[64973. 64907. 64186.]
Task is 39.00% complete.
t1_sim:[65169. 65019. 64113.] t2_sim:[58873. 58759. 57842.]
Task is 40.00% complete.
t1_sim:[58519. 58322. 58429.] t2_sim:[60465. 60828. 60997.]
Task is 41.00% complete.
t1_sim:[63847. 63773. 64499.] t2_sim:[67060. 67217. 67689.]
Task is 42.00% complete.
t1_sim:[60782. 60490. 59925.] t2_sim:[63595. 63947. 65785.]
Task is 43.00% complete.
t1_sim:[59615. 59426. 58204.] t2_sim:[58309. 58065. 57556.]
Task is 44.00% complete.
t1_sim:[64379. 64371. 64216.] t2_sim:[67121. 66798. 66558.]
Task is 45.00% complete.
t1_sim:[63519. 63467. 65576.] t2_sim:[64285. 64210. 62927.]
Task is 46.00% complete.
t1_sim:[65743. 66100. 64386.] t2_sim:[64939. 65422. 66132.]
Task is 47.00% complete.
t1_sim:[59425. 59631. 61802.] t2_sim:[66236. 65783. 62396.]
Task is 48.00% complete.
t1_sim:[66465. 66730. 64315.] t2_sim:[63953. 64582. 62799.]
Task is 49.00% complete.
t1_sim:[58978. 59885. 59386.] t2_sim:[65085. 64624. 64870.]
Task is 50.00% complete.
t1_sim:[59631. 59062. 60559.] t2_sim:[63929. 63803. 65963.]
Task is 51.00% complete.
t1_sim:[55946. 55626. 58976.] t2_sim:[59997. 60510. 59885.]
Task is 52.00% complete.
t1_sim:[59325. 59618. 62442.] t2_sim:[59361. 59929. 60303.]
Task is 53.00% complete.
t1_sim:[61454. 61619. 61700.] t2_sim:[64531. 64350. 63347.]
Task is 54.00% complete.
t1_sim:[66625. 66577. 65945.] t2_sim:[64479. 64837. 65089.]
Task is 55.00% complete.
t1_sim:[67304. 67804. 68452.] t2_sim:[58337. 58731. 59322.]
Task is 56.00% complete.
t1_sim:[57844. 58204. 59454.] t2_sim:[59571. 59349. 59423.]
Task is 57.00% complete.
t1_sim:[63491. 63590. 63722.] t2_sim:[63225. 63218. 63608.]
Task is 58.00% complete.
t1_sim:[59711. 59497. 55846.] t2_sim:[61473. 60738. 59941.]
Task is 59.00% complete.
t1_sim:[64278. 64103. 62831.] t2_sim:[63378. 63674. 62524.]
Task is 60.00% complete.
t1_sim:[69638. 69716. 69380.] t2_sim:[57099. 57625. 57916.]
Task is 61.00% complete.
t1_sim:[59229. 59243. 59912.] t2_sim:[55731. 55624. 54042.]
Task is 62.00% complete.
t1_sim:[66040. 65728. 66344.] t2_sim:[60744. 60428. 61847.]
Task is 63.00% complete.
t1_sim:[58827. 59112. 61007.] t2_sim:[63900. 64046. 64660.]
Task is 64.00% complete.
t1_sim:[56262. 56551. 58699.] t2_sim:[67037. 66589. 64391.]
Task is 65.00% complete.
t1_sim:[66870. 66863. 66281.] t2_sim:[64448. 64536. 64038.]
Task is 66.00% complete.
t1_sim:[61543. 61247. 64335.] t2_sim:[63768. 63936. 63406.]
Task is 67.00% complete.
t1_sim:[63655. 63615. 62492.] t2_sim:[64972. 64528. 65929.]
Task is 68.00% complete.
t1_sim:[62738. 62238. 60182.] t2_sim:[63006. 63434. 64521.]
Task is 69.00% complete.
t1_sim:[62659. 62300. 61177.] t2_sim:[62429. 63114. 62516.]
Task is 70.00% complete.
t1_sim:[63934. 63483. 61872.] t2_sim:[63717. 63576. 61991.]
Task is 71.00% complete.
t1_sim:[63424. 63877. 64517.] t2_sim:[64129. 64263. 64855.]
Task is 72.00% complete.
t1_sim:[55290. 55466. 56916.] t2_sim:[65437. 65698. 67860.]
Task is 73.00% complete.
t1_sim:[61882. 61731. 62409.] t2_sim:[67203. 67265. 66973.]
Task is 74.00% complete.
t1_sim:[61130. 60812. 62693.] t2_sim:[63426. 62881. 61801.]
Task is 75.00% complete.
t1_sim:[66982. 66418. 68147.] t2_sim:[64147. 64375. 63618.]
Task is 76.00% complete.
t1_sim:[60598. 60372. 62192.] t2_sim:[62857. 62998. 60773.]
Task is 77.00% complete.
t1_sim:[65064. 65023. 66118.] t2_sim:[65763. 65741. 67073.]
Task is 78.00% complete.
t1_sim:[62670. 62102. 62937.] t2_sim:[61775. 61482. 61000.]
Task is 79.00% complete.
t1_sim:[66977. 66905. 68505.] t2_sim:[64105. 64310. 65005.]
Task is 80.00% complete.
t1_sim:[59771. 59842. 60708.] t2_sim:[63819. 63723. 62866.]
Task is 81.00% complete.
t1_sim:[66522. 66183. 65371.] t2_sim:[58185. 57694. 56080.]
Task is 82.00% complete.
t1_sim:[57801. 58027. 57977.] t2_sim:[60169. 60375. 59749.]
Task is 83.00% complete.
t1_sim:[61512. 61797. 62863.] t2_sim:[57271. 57191. 60458.]
Task is 84.00% complete.
t1_sim:[62900. 62646. 62698.] t2_sim:[61019. 60962. 59811.]
Task is 85.00% complete.
t1_sim:[64133. 64253. 63626.] t2_sim:[57256. 57006. 57556.]
Task is 86.00% complete.
t1_sim:[62938. 62926. 60723.] t2_sim:[64040. 64007. 61876.]
Task is 87.00% complete.
t1_sim:[66252. 65997. 63675.] t2_sim:[64588. 64465. 65361.]
Task is 88.00% complete.
t1_sim:[65254. 65124. 64394.] t2_sim:[59792. 59201. 59195.]
Task is 89.00% complete.
t1_sim:[56761. 56824. 55126.] t2_sim:[63462. 63759. 64616.]
Task is 90.00% complete.
t1_sim:[66125. 66563. 65126.] t2_sim:[65399. 65454. 67044.]
Task is 91.00% complete.
t1_sim:[65102. 65413. 65637.] t2_sim:[63636. 63762. 64302.]
Task is 92.00% complete.
t1_sim:[60348. 60323. 58532.] t2_sim:[59316. 59227. 59680.]
Task is 93.00% complete.
t1_sim:[62967. 62878. 62467.] t2_sim:[64006. 63757. 64477.]
Task is 94.00% complete.
t1_sim:[59334. 59431. 59086.] t2_sim:[60591. 61020. 61432.]
Task is 95.00% complete.
t1_sim:[60320. 60445. 60188.] t2_sim:[65100. 65219. 65953.]
Task is 96.00% complete.
t1_sim:[66371. 65887. 65127.] t2_sim:[60143. 59882. 59065.]
Task is 97.00% complete.
t1_sim:[60783. 60514. 59998.] t2_sim:[66339. 66588. 65323.]
Task is 98.00% complete.
t1_sim:[64051. 64068. 63970.] t2_sim:[66157. 67372. 70265.]
Task is 99.00% complete.
t1_sim:[63437. 63366. 62301.] t2_sim:[62581. 62500. 66092.]
Finished
