Training start
t1_obs:[array(238697.), array(237174.), array(230958.)] t2_obs:[array(262266.), array(263195.), array(262486.)]
corr_G1:[0, -1.1272872519309723e-17, 0] corr_G2:[0, 1.216331176830156e-16, 0]
Training end
Number of jobs: 48
/scratch/jz4721/Post-prediction-Causal-Inference/venv/lib/python3.8/site-packages/numpy/core/getlimits.py:518: UserWarning: The value of the smallest subnormal for <class 'numpy.float64'> type is zero.
  setattr(self, word, getattr(machar, word).flat[0])
/scratch/jz4721/Post-prediction-Causal-Inference/venv/lib/python3.8/site-packages/numpy/core/getlimits.py:89: UserWarning: The value of the smallest subnormal for <class 'numpy.float64'> type is zero.
  return self._float_to_str(self.smallest_subnormal)
/scratch/jz4721/Post-prediction-Causal-Inference/venv/lib/python3.8/site-packages/numpy/core/getlimits.py:518: UserWarning: The value of the smallest subnormal for <class 'numpy.float32'> type is zero.
  setattr(self, word, getattr(machar, word).flat[0])
/scratch/jz4721/Post-prediction-Causal-Inference/venv/lib/python3.8/site-packages/numpy/core/getlimits.py:89: UserWarning: The value of the smallest subnormal for <class 'numpy.float32'> type is zero.
  return self._float_to_str(self.smallest_subnormal)
t1_sim:[240122. 242490. 244107.] t2_sim:[251838. 253164. 255239.]
Task is 0.00% complete.
t1_sim:[253980. 256416. 256642.] t2_sim:[247911. 245396. 245396.]
Task is 48.08% complete.
t1_sim:[242210. 242045. 243514.] t2_sim:[255691. 255136. 252408.]
Task is 96.15% complete.
t1_sim:[240122. 242490. 244107.] t2_sim:[251838. 253164. 255239.]
Task is 0.00% complete.
t1_sim:[253980. 256416. 256642.] t2_sim:[247911. 245396. 245396.]
Task is 48.08% complete.
t1_sim:[242210. 242045. 243514.] t2_sim:[255691. 255136. 252408.]
Task is 96.15% complete.
t1_sim:[240122. 242490. 244107.] t2_sim:[251838. 253164. 255239.]
Task is 0.00% complete.
t1_sim:[253980. 256416. 256642.] t2_sim:[247911. 245396. 245396.]
Task is 48.08% complete.
t1_sim:[242210. 242045. 243514.] t2_sim:[255691. 255136. 252408.]
Task is 96.15% complete.
t1_sim:[240122. 242490. 244107.] t2_sim:[251838. 253164. 255239.]
Task is 0.00% complete.
t1_sim:[253980. 256416. 256642.] t2_sim:[247911. 245396. 245396.]
Task is 48.08% complete.
t1_sim:[242210. 242045. 243514.] t2_sim:[255691. 255136. 252408.]
Task is 96.15% complete.
t1_sim:[240122. 242490. 244107.] t2_sim:[251838. 253164. 255239.]
Task is 0.00% complete.
t1_sim:[253980. 256416. 256642.] t2_sim:[247911. 245396. 245396.]
Task is 48.08% complete.
t1_sim:[242210. 242045. 243514.] t2_sim:[255691. 255136. 252408.]
Task is 96.15% complete.
t1_sim:[240122. 242490. 244107.] t2_sim:[251838. 253164. 255239.]
Task is 0.00% complete.
t1_sim:[253980. 256416. 256642.] t2_sim:[247911. 245396. 245396.]
Task is 48.08% complete.
t1_sim:[242210. 242045. 243514.] t2_sim:[255691. 255136. 252408.]
Task is 96.15% complete.
t1_sim:[240122. 242490. 244107.] t2_sim:[251838. 253164. 255239.]
Task is 0.00% complete.
t1_sim:[253980. 256416. 256642.] t2_sim:[247911. 245396. 245396.]
Task is 48.08% complete.
t1_sim:[242210. 242045. 243514.] t2_sim:[255691. 255136. 252408.]
Task is 96.15% complete.
t1_sim:[240122. 242490. 244107.] t2_sim:[251838. 253164. 255239.]
Task is 0.00% complete.
t1_sim:[253980. 256416. 256642.] t2_sim:[247911. 245396. 245396.]
Task is 48.08% complete.
t1_sim:[242210. 242045. 243514.] t2_sim:[255691. 255136. 252408.]
Task is 96.15% complete.
t1_sim:[240122. 242490. 244107.] t2_sim:[251838. 253164. 255239.]
Task is 0.00% complete.
t1_sim:[253980. 256416. 256642.] t2_sim:[247911. 245396. 245396.]
Task is 48.08% complete.
t1_sim:[242210. 242045. 243514.] t2_sim:[255691. 255136. 252408.]
Task is 96.15% complete.
t1_sim:[240122. 242490. 244107.] t2_sim:[251838. 253164. 255239.]
Task is 0.00% complete.
t1_sim:[253980. 256416. 256642.] t2_sim:[247911. 245396. 245396.]
Task is 48.08% complete.
t1_sim:[242210. 242045. 243514.] t2_sim:[255691. 255136. 252408.]
Task is 96.15% complete.
t1_sim:[240122. 242490. 244107.] t2_sim:[251838. 253164. 255239.]
Task is 0.00% complete.
t1_sim:[253980. 256416. 256642.] t2_sim:[247911. 245396. 245396.]
Task is 48.08% complete.
t1_sim:[242210. 242045. 243514.] t2_sim:[255691. 255136. 252408.]
Task is 96.15% complete.
t1_sim:[240122. 242490. 244107.] t2_sim:[251838. 253164. 255239.]
Task is 0.00% complete.
t1_sim:[253980. 256416. 256642.] t2_sim:[247911. 245396. 245396.]
Task is 48.08% complete.
t1_sim:[242210. 242045. 243514.] t2_sim:[255691. 255136. 252408.]
Task is 96.15% complete.
t1_sim:[240122. 242490. 244107.] t2_sim:[251838. 253164. 255239.]
Task is 0.00% complete.
t1_sim:[253980. 256416. 256642.] t2_sim:[247911. 245396. 245396.]
Task is 48.08% complete.
t1_sim:[242210. 242045. 243514.] t2_sim:[255691. 255136. 252408.]
Task is 96.15% complete.
t1_sim:[240122. 242490. 244107.] t2_sim:[251838. 253164. 255239.]
Task is 0.00% complete.
t1_sim:[253980. 256416. 256642.] t2_sim:[247911. 245396. 245396.]
Task is 48.08% complete.
t1_sim:[242210. 242045. 243514.] t2_sim:[255691. 255136. 252408.]
Task is 96.15% complete.
t1_sim:[240122. 242490. 244107.] t2_sim:[251838. 253164. 255239.]
Task is 0.00% complete.
t1_sim:[253980. 256416. 256642.] t2_sim:[247911. 245396. 245396.]
Task is 48.08% complete.
t1_sim:[242210. 242045. 243514.] t2_sim:[255691. 255136. 252408.]
Task is 96.15% complete.
t1_sim:[240122. 242490. 244107.] t2_sim:[251838. 253164. 255239.]
Task is 0.00% complete.
t1_sim:[253980. 256416. 256642.] t2_sim:[247911. 245396. 245396.]
Task is 48.08% complete.
t1_sim:[242210. 242045. 243514.] t2_sim:[255691. 255136. 252408.]
Task is 96.15% complete.
t1_sim:[240122. 242490. 244107.] t2_sim:[251838. 253164. 255239.]
Task is 0.00% complete.
t1_sim:[253980. 256416. 256642.] t2_sim:[247911. 245396. 245396.]
Task is 48.08% complete.
t1_sim:[242210. 242045. 243514.] t2_sim:[255691. 255136. 252408.]
Task is 96.15% complete.
t1_sim:[240122. 242490. 244107.] t2_sim:[251838. 253164. 255239.]
Task is 0.00% complete.
t1_sim:[253980. 256416. 256642.] t2_sim:[247911. 245396. 245396.]
Task is 48.08% complete.
t1_sim:[242210. 242045. 243514.] t2_sim:[255691. 255136. 252408.]
Task is 96.15% complete.
t1_sim:[240122. 242490. 244107.] t2_sim:[251838. 253164. 255239.]
Task is 0.00% complete.
t1_sim:[253980. 256416. 256642.] t2_sim:[247911. 245396. 245396.]
Task is 48.08% complete.
t1_sim:[242210. 242045. 243514.] t2_sim:[255691. 255136. 252408.]
Task is 96.15% complete.
t1_sim:[240122. 242490. 244107.] t2_sim:[251838. 253164. 255239.]
Task is 0.00% complete.
t1_sim:[253980. 256416. 256642.] t2_sim:[247911. 245396. 245396.]
Task is 48.08% complete.
t1_sim:[242210. 242045. 243514.] t2_sim:[255691. 255136. 252408.]
Task is 96.15% complete.
t1_sim:[240122. 242490. 244107.] t2_sim:[251838. 253164. 255239.]
Task is 0.00% complete.
t1_sim:[253980. 256416. 256642.] t2_sim:[247911. 245396. 245396.]
Task is 48.08% complete.
t1_sim:[242210. 242045. 243514.] t2_sim:[255691. 255136. 252408.]
Task is 96.15% complete.
t1_sim:[240122. 242490. 244107.] t2_sim:[251838. 253164. 255239.]
Task is 0.00% complete.
t1_sim:[253980. 256416. 256642.] t2_sim:[247911. 245396. 245396.]
Task is 48.08% complete.
t1_sim:[242210. 242045. 243514.] t2_sim:[255691. 255136. 252408.]
Task is 96.15% complete.
t1_sim:[240122. 242490. 244107.] t2_sim:[251838. 253164. 255239.]
Task is 0.00% complete.
t1_sim:[253980. 256416. 256642.] t2_sim:[247911. 245396. 245396.]
Task is 48.08% complete.
t1_sim:[242210. 242045. 243514.] t2_sim:[255691. 255136. 252408.]
Task is 96.15% complete.
t1_sim:[240122. 242490. 244107.] t2_sim:[251838. 253164. 255239.]
Task is 0.00% complete.
t1_sim:[253980. 256416. 256642.] t2_sim:[247911. 245396. 245396.]
Task is 48.08% complete.
t1_sim:[242210. 242045. 243514.] t2_sim:[255691. 255136. 252408.]
Task is 96.15% complete.
t1_sim:[240122. 242490. 244107.] t2_sim:[251838. 253164. 255239.]
Task is 0.00% complete.
t1_sim:[253980. 256416. 256642.] t2_sim:[247911. 245396. 245396.]
Task is 48.08% complete.
t1_sim:[242210. 242045. 243514.] t2_sim:[255691. 255136. 252408.]
Task is 96.15% complete.
t1_sim:[240122. 242490. 244107.] t2_sim:[251838. 253164. 255239.]
Task is 0.00% complete.
t1_sim:[253980. 256416. 256642.] t2_sim:[247911. 245396. 245396.]
Task is 48.08% complete.
t1_sim:[242210. 242045. 243514.] t2_sim:[255691. 255136. 252408.]
Task is 96.15% complete.
t1_sim:[240122. 242490. 244107.] t2_sim:[251838. 253164. 255239.]
Task is 0.00% complete.
t1_sim:[253980. 256416. 256642.] t2_sim:[247911. 245396. 245396.]
Task is 48.08% complete.
t1_sim:[242210. 242045. 243514.] t2_sim:[255691. 255136. 252408.]
Task is 96.15% complete.
t1_sim:[240122. 242490. 244107.] t2_sim:[251838. 253164. 255239.]
Task is 0.00% complete.
t1_sim:[253980. 256416. 256642.] t2_sim:[247911. 245396. 245396.]
Task is 48.08% complete.
t1_sim:[242210. 242045. 243514.] t2_sim:[255691. 255136. 252408.]
Task is 96.15% complete.
t1_sim:[240122. 242490. 244107.] t2_sim:[251838. 253164. 255239.]
Task is 0.00% complete.
t1_sim:[253980. 256416. 256642.] t2_sim:[247911. 245396. 245396.]
Task is 48.08% complete.
t1_sim:[242210. 242045. 243514.] t2_sim:[255691. 255136. 252408.]
Task is 96.15% complete.
t1_sim:[240122. 242490. 244107.] t2_sim:[251838. 253164. 255239.]
Task is 0.00% complete.
t1_sim:[253980. 256416. 256642.] t2_sim:[247911. 245396. 245396.]
Task is 48.08% complete.
t1_sim:[242210. 242045. 243514.] t2_sim:[255691. 255136. 252408.]
Task is 96.15% complete.
t1_sim:[240122. 242490. 244107.] t2_sim:[251838. 253164. 255239.]
Task is 0.00% complete.
t1_sim:[253980. 256416. 256642.] t2_sim:[247911. 245396. 245396.]
Task is 48.08% complete.
t1_sim:[242210. 242045. 243514.] t2_sim:[255691. 255136. 252408.]
Task is 96.15% complete.
t1_sim:[240122. 242490. 244107.] t2_sim:[251838. 253164. 255239.]
Task is 0.00% complete.
t1_sim:[253980. 256416. 256642.] t2_sim:[247911. 245396. 245396.]
Task is 48.08% complete.
t1_sim:[242210. 242045. 243514.] t2_sim:[255691. 255136. 252408.]
Task is 96.15% complete.
t1_sim:[240122. 242490. 244107.] t2_sim:[251838. 253164. 255239.]
Task is 0.00% complete.
t1_sim:[253980. 256416. 256642.] t2_sim:[247911. 245396. 245396.]
Task is 48.08% complete.
t1_sim:[242210. 242045. 243514.] t2_sim:[255691. 255136. 252408.]
Task is 96.15% complete.
t1_sim:[240122. 242490. 244107.] t2_sim:[251838. 253164. 255239.]
Task is 0.00% complete.
t1_sim:[253980. 256416. 256642.] t2_sim:[247911. 245396. 245396.]
Task is 48.08% complete.
t1_sim:[242210. 242045. 243514.] t2_sim:[255691. 255136. 252408.]
Task is 96.15% complete.
t1_sim:[240122. 242490. 244107.] t2_sim:[251838. 253164. 255239.]
Task is 0.00% complete.
t1_sim:[253980. 256416. 256642.] t2_sim:[247911. 245396. 245396.]
Task is 48.08% complete.
t1_sim:[242210. 242045. 243514.] t2_sim:[255691. 255136. 252408.]
Task is 96.15% complete.
t1_sim:[240122. 242490. 244107.] t2_sim:[251838. 253164. 255239.]
Task is 0.00% complete.
t1_sim:[253980. 256416. 256642.] t2_sim:[247911. 245396. 245396.]
Task is 48.08% complete.
t1_sim:[242210. 242045. 243514.] t2_sim:[255691. 255136. 252408.]
Task is 96.15% complete.
t1_sim:[240122. 242490. 244107.] t2_sim:[251838. 253164. 255239.]
Task is 0.00% complete.
t1_sim:[253980. 256416. 256642.] t2_sim:[247911. 245396. 245396.]
Task is 48.08% complete.
t1_sim:[242210. 242045. 243514.] t2_sim:[255691. 255136. 252408.]
Task is 96.15% complete.
t1_sim:[240122. 242490. 244107.] t2_sim:[251838. 253164. 255239.]
Task is 0.00% complete.
t1_sim:[253980. 256416. 256642.] t2_sim:[247911. 245396. 245396.]
Task is 48.08% complete.
t1_sim:[242210. 242045. 243514.] t2_sim:[255691. 255136. 252408.]
Task is 96.15% complete.
t1_sim:[240122. 242490. 244107.] t2_sim:[251838. 253164. 255239.]
Task is 0.00% complete.
t1_sim:[253980. 256416. 256642.] t2_sim:[247911. 245396. 245396.]
Task is 48.08% complete.
t1_sim:[242210. 242045. 243514.] t2_sim:[255691. 255136. 252408.]
Task is 96.15% complete.
t1_sim:[240122. 242490. 244107.] t2_sim:[251838. 253164. 255239.]
Task is 0.00% complete.
t1_sim:[253980. 256416. 256642.] t2_sim:[247911. 245396. 245396.]
Task is 48.08% complete.
t1_sim:[242210. 242045. 243514.] t2_sim:[255691. 255136. 252408.]
Task is 96.15% complete.
t1_sim:[240122. 242490. 244107.] t2_sim:[251838. 253164. 255239.]
Task is 0.00% complete.
t1_sim:[253980. 256416. 256642.] t2_sim:[247911. 245396. 245396.]
Task is 48.08% complete.
t1_sim:[242210. 242045. 243514.] t2_sim:[255691. 255136. 252408.]
Task is 96.15% complete.
t1_sim:[240122. 242490. 244107.] t2_sim:[251838. 253164. 255239.]
Task is 0.00% complete.
t1_sim:[253980. 256416. 256642.] t2_sim:[247911. 245396. 245396.]
Task is 48.08% complete.
t1_sim:[242210. 242045. 243514.] t2_sim:[255691. 255136. 252408.]
Task is 96.15% complete.
t1_sim:[240122. 242490. 244107.] t2_sim:[251838. 253164. 255239.]
Task is 0.00% complete.
t1_sim:[253980. 256416. 256642.] t2_sim:[247911. 245396. 245396.]
Task is 48.08% complete.
t1_sim:[242210. 242045. 243514.] t2_sim:[255691. 255136. 252408.]
Task is 96.15% complete.
t1_sim:[240122. 242490. 244107.] t2_sim:[251838. 253164. 255239.]
Task is 0.00% complete.
t1_sim:[253980. 256416. 256642.] t2_sim:[247911. 245396. 245396.]
Task is 48.08% complete.
t1_sim:[242210. 242045. 243514.] t2_sim:[255691. 255136. 252408.]
Task is 96.15% complete.
t1_sim:[240122. 242490. 244107.] t2_sim:[251838. 253164. 255239.]
Task is 0.00% complete.
t1_sim:[253980. 256416. 256642.] t2_sim:[247911. 245396. 245396.]
Task is 48.08% complete.
t1_sim:[242210. 242045. 243514.] t2_sim:[255691. 255136. 252408.]
Task is 96.15% complete.
t1_sim:[240122. 242490. 244107.] t2_sim:[251838. 253164. 255239.]
Task is 0.00% complete.
t1_sim:[253980. 256416. 256642.] t2_sim:[247911. 245396. 245396.]
Task is 48.08% complete.
t1_sim:[242210. 242045. 243514.] t2_sim:[255691. 255136. 252408.]
Task is 96.15% complete.
t1_sim:[240122. 242490. 244107.] t2_sim:[251838. 253164. 255239.]
Task is 0.00% complete.
t1_sim:[253980. 256416. 256642.] t2_sim:[247911. 245396. 245396.]
Task is 48.08% complete.
t1_sim:[242210. 242045. 243514.] t2_sim:[255691. 255136. 252408.]
Task is 96.15% complete.
t1_sim:[240122. 242490. 244107.] t2_sim:[251838. 253164. 255239.]
Task is 0.00% complete.
t1_sim:[253980. 256416. 256642.] t2_sim:[247911. 245396. 245396.]
Task is 48.08% complete.
t1_sim:[242210. 242045. 243514.] t2_sim:[255691. 255136. 252408.]
Task is 96.15% complete.
Training start
t1_obs:[array(243142.), array(237336.), array(225284.)] t2_obs:[array(260996.), array(260391.), array(256172.)]
corr_G1:[0.794664434168829, 0.6530103779550451, -0.35593605236282755] corr_G2:[0.7543614914191896, 0.6148041807275885, -0.45797864711727704]
Training end
Number of jobs: 48
/scratch/jz4721/Post-prediction-Causal-Inference/venv/lib/python3.8/site-packages/sklearn/impute/_iterative.py:785: ConvergenceWarning: [IterativeImputer] Early stopping criterion not reached.
  warnings.warn(
/scratch/jz4721/Post-prediction-Causal-Inference/venv/lib/python3.8/site-packages/sklearn/impute/_iterative.py:785: ConvergenceWarning: [IterativeImputer] Early stopping criterion not reached.
  warnings.warn(
t1_sim:[240054. 241014. 239113.] t2_sim:[250788. 249911. 250711.]
Task is 0.00% complete.
t1_sim:[244703. 249443. 258967.] t2_sim:[245657. 243809. 241639.]
Task is 48.08% complete.
t1_sim:[239312. 240123. 235563.] t2_sim:[254305. 254240. 246320.]
Task is 96.15% complete.
t1_sim:[240054. 241014. 239113.] t2_sim:[250788. 249911. 250711.]
Task is 0.00% complete.
t1_sim:[244703. 249443. 258967.] t2_sim:[245657. 243809. 241639.]
Task is 48.08% complete.
t1_sim:[239312. 240123. 235563.] t2_sim:[254305. 254240. 246320.]
Task is 96.15% complete.
t1_sim:[240054. 241014. 239113.] t2_sim:[250788. 249911. 250711.]
Task is 0.00% complete.
t1_sim:[244703. 249443. 258967.] t2_sim:[245657. 243809. 241639.]
Task is 48.08% complete.
t1_sim:[239312. 240123. 235563.] t2_sim:[254305. 254240. 246320.]
Task is 96.15% complete.
t1_sim:[240054. 241014. 239113.] t2_sim:[250788. 249911. 250711.]
Task is 0.00% complete.
t1_sim:[244703. 249443. 258967.] t2_sim:[245657. 243809. 241639.]
Task is 48.08% complete.
t1_sim:[239312. 240123. 235563.] t2_sim:[254305. 254240. 246320.]
Task is 96.15% complete.
t1_sim:[240054. 241014. 239113.] t2_sim:[250788. 249911. 250711.]
Task is 0.00% complete.
t1_sim:[244703. 249443. 258967.] t2_sim:[245657. 243809. 241639.]
Task is 48.08% complete.
t1_sim:[239312. 240123. 235563.] t2_sim:[254305. 254240. 246320.]
Task is 96.15% complete.
t1_sim:[240054. 241014. 239113.] t2_sim:[250788. 249911. 250711.]
Task is 0.00% complete.
t1_sim:[244703. 249443. 258967.] t2_sim:[245657. 243809. 241639.]
Task is 48.08% complete.
t1_sim:[239312. 240123. 235563.] t2_sim:[254305. 254240. 246320.]
Task is 96.15% complete.
t1_sim:[240054. 241014. 239113.] t2_sim:[250788. 249911. 250711.]
Task is 0.00% complete.
t1_sim:[244703. 249443. 258967.] t2_sim:[245657. 243809. 241639.]
Task is 48.08% complete.
t1_sim:[239312. 240123. 235563.] t2_sim:[254305. 254240. 246320.]
Task is 96.15% complete.
t1_sim:[240054. 241014. 239113.] t2_sim:[250788. 249911. 250711.]
Task is 0.00% complete.
t1_sim:[244703. 249443. 258967.] t2_sim:[245657. 243809. 241639.]
Task is 48.08% complete.
t1_sim:[239312. 240123. 235563.] t2_sim:[254305. 254240. 246320.]
Task is 96.15% complete.
t1_sim:[240054. 241014. 239113.] t2_sim:[250788. 249911. 250711.]
Task is 0.00% complete.
t1_sim:[244703. 249443. 258967.] t2_sim:[245657. 243809. 241639.]
Task is 48.08% complete.
t1_sim:[239312. 240123. 235563.] t2_sim:[254305. 254240. 246320.]
Task is 96.15% complete.
t1_sim:[240054. 241014. 239113.] t2_sim:[250788. 249911. 250711.]
Task is 0.00% complete.
t1_sim:[244703. 249443. 258967.] t2_sim:[245657. 243809. 241639.]
Task is 48.08% complete.
t1_sim:[239312. 240123. 235563.] t2_sim:[254305. 254240. 246320.]
Task is 96.15% complete.
t1_sim:[240054. 241014. 239113.] t2_sim:[250788. 249911. 250711.]
Task is 0.00% complete.
t1_sim:[244703. 249443. 258967.] t2_sim:[245657. 243809. 241639.]
Task is 48.08% complete.
t1_sim:[239312. 240123. 235563.] t2_sim:[254305. 254240. 246320.]
Task is 96.15% complete.
t1_sim:[240054. 241014. 239113.] t2_sim:[250788. 249911. 250711.]
Task is 0.00% complete.
t1_sim:[244703. 249443. 258967.] t2_sim:[245657. 243809. 241639.]
Task is 48.08% complete.
t1_sim:[239312. 240123. 235563.] t2_sim:[254305. 254240. 246320.]
Task is 96.15% complete.
t1_sim:[240054. 241014. 239113.] t2_sim:[250788. 249911. 250711.]
Task is 0.00% complete.
t1_sim:[244703. 249443. 258967.] t2_sim:[245657. 243809. 241639.]
Task is 48.08% complete.
t1_sim:[239312. 240123. 235563.] t2_sim:[254305. 254240. 246320.]
Task is 96.15% complete.
t1_sim:[240054. 241014. 239113.] t2_sim:[250788. 249911. 250711.]
Task is 0.00% complete.
t1_sim:[244703. 249443. 258967.] t2_sim:[245657. 243809. 241639.]
Task is 48.08% complete.
t1_sim:[239312. 240123. 235563.] t2_sim:[254305. 254240. 246320.]
Task is 96.15% complete.
t1_sim:[240054. 241014. 239113.] t2_sim:[250788. 249911. 250711.]
Task is 0.00% complete.
t1_sim:[244703. 249443. 258967.] t2_sim:[245657. 243809. 241639.]
Task is 48.08% complete.
t1_sim:[239312. 240123. 235563.] t2_sim:[254305. 254240. 246320.]
Task is 96.15% complete.
t1_sim:[240054. 241014. 239113.] t2_sim:[250788. 249911. 250711.]
Task is 0.00% complete.
t1_sim:[244703. 249443. 258967.] t2_sim:[245657. 243809. 241639.]
Task is 48.08% complete.
t1_sim:[239312. 240123. 235563.] t2_sim:[254305. 254240. 246320.]
Task is 96.15% complete.
t1_sim:[240054. 241014. 239113.] t2_sim:[250788. 249911. 250711.]
Task is 0.00% complete.
t1_sim:[244703. 249443. 258967.] t2_sim:[245657. 243809. 241639.]
Task is 48.08% complete.
t1_sim:[239312. 240123. 235563.] t2_sim:[254305. 254240. 246320.]
Task is 96.15% complete.
t1_sim:[240054. 241014. 239113.] t2_sim:[250788. 249911. 250711.]
Task is 0.00% complete.
t1_sim:[244703. 249443. 258967.] t2_sim:[245657. 243809. 241639.]
Task is 48.08% complete.
t1_sim:[239312. 240123. 235563.] t2_sim:[254305. 254240. 246320.]
Task is 96.15% complete.
t1_sim:[240054. 241014. 239113.] t2_sim:[250788. 249911. 250711.]
Task is 0.00% complete.
t1_sim:[244703. 249443. 258967.] t2_sim:[245657. 243809. 241639.]
Task is 48.08% complete.
t1_sim:[239312. 240123. 235563.] t2_sim:[254305. 254240. 246320.]
Task is 96.15% complete.
t1_sim:[240054. 241014. 239113.] t2_sim:[250788. 249911. 250711.]
Task is 0.00% complete.
t1_sim:[244703. 249443. 258967.] t2_sim:[245657. 243809. 241639.]
Task is 48.08% complete.
t1_sim:[239312. 240123. 235563.] t2_sim:[254305. 254240. 246320.]
Task is 96.15% complete.
t1_sim:[240054. 241014. 239113.] t2_sim:[250788. 249911. 250711.]
Task is 0.00% complete.
t1_sim:[244703. 249443. 258967.] t2_sim:[245657. 243809. 241639.]
Task is 48.08% complete.
t1_sim:[239312. 240123. 235563.] t2_sim:[254305. 254240. 246320.]
Task is 96.15% complete.
t1_sim:[240054. 241014. 239113.] t2_sim:[250788. 249911. 250711.]
Task is 0.00% complete.
t1_sim:[244703. 249443. 258967.] t2_sim:[245657. 243809. 241639.]
Task is 48.08% complete.
t1_sim:[239312. 240123. 235563.] t2_sim:[254305. 254240. 246320.]
Task is 96.15% complete.
t1_sim:[240054. 241014. 239113.] t2_sim:[250788. 249911. 250711.]
Task is 0.00% complete.
t1_sim:[244703. 249443. 258967.] t2_sim:[245657. 243809. 241639.]
Task is 48.08% complete.
t1_sim:[239312. 240123. 235563.] t2_sim:[254305. 254240. 246320.]
Task is 96.15% complete.
t1_sim:[240054. 241014. 239113.] t2_sim:[250788. 249911. 250711.]
Task is 0.00% complete.
t1_sim:[244703. 249443. 258967.] t2_sim:[245657. 243809. 241639.]
Task is 48.08% complete.
t1_sim:[239312. 240123. 235563.] t2_sim:[254305. 254240. 246320.]
Task is 96.15% complete.
t1_sim:[240054. 241014. 239113.] t2_sim:[250788. 249911. 250711.]
Task is 0.00% complete.
t1_sim:[244703. 249443. 258967.] t2_sim:[245657. 243809. 241639.]
Task is 48.08% complete.
t1_sim:[239312. 240123. 235563.] t2_sim:[254305. 254240. 246320.]
Task is 96.15% complete.
t1_sim:[240054. 241014. 239113.] t2_sim:[250788. 249911. 250711.]
Task is 0.00% complete.
t1_sim:[244703. 249443. 258967.] t2_sim:[245657. 243809. 241639.]
Task is 48.08% complete.
t1_sim:[239312. 240123. 235563.] t2_sim:[254305. 254240. 246320.]
Task is 96.15% complete.
t1_sim:[240054. 241014. 239113.] t2_sim:[250788. 249911. 250711.]
Task is 0.00% complete.
t1_sim:[244703. 249443. 258967.] t2_sim:[245657. 243809. 241639.]
Task is 48.08% complete.
t1_sim:[239312. 240123. 235563.] t2_sim:[254305. 254240. 246320.]
Task is 96.15% complete.
t1_sim:[240054. 241014. 239113.] t2_sim:[250788. 249911. 250711.]
Task is 0.00% complete.
t1_sim:[244703. 249443. 258967.] t2_sim:[245657. 243809. 241639.]
Task is 48.08% complete.
t1_sim:[239312. 240123. 235563.] t2_sim:[254305. 254240. 246320.]
Task is 96.15% complete.
t1_sim:[240054. 241014. 239113.] t2_sim:[250788. 249911. 250711.]
Task is 0.00% complete.
t1_sim:[244703. 249443. 258967.] t2_sim:[245657. 243809. 241639.]
Task is 48.08% complete.
t1_sim:[239312. 240123. 235563.] t2_sim:[254305. 254240. 246320.]
Task is 96.15% complete.
t1_sim:[240054. 241014. 239113.] t2_sim:[250788. 249911. 250711.]
Task is 0.00% complete.
t1_sim:[244703. 249443. 258967.] t2_sim:[245657. 243809. 241639.]
Task is 48.08% complete.
t1_sim:[239312. 240123. 235563.] t2_sim:[254305. 254240. 246320.]
Task is 96.15% complete.
t1_sim:[240054. 241014. 239113.] t2_sim:[250788. 249911. 250711.]
Task is 0.00% complete.
t1_sim:[244703. 249443. 258967.] t2_sim:[245657. 243809. 241639.]
Task is 48.08% complete.
t1_sim:[239312. 240123. 235563.] t2_sim:[254305. 254240. 246320.]
Task is 96.15% complete.
t1_sim:[240054. 241014. 239113.] t2_sim:[250788. 249911. 250711.]
Task is 0.00% complete.
t1_sim:[244703. 249443. 258967.] t2_sim:[245657. 243809. 241639.]
Task is 48.08% complete.
t1_sim:[239312. 240123. 235563.] t2_sim:[254305. 254240. 246320.]
Task is 96.15% complete.
t1_sim:[240054. 241014. 239113.] t2_sim:[250788. 249911. 250711.]
Task is 0.00% complete.
t1_sim:[244703. 249443. 258967.] t2_sim:[245657. 243809. 241639.]
Task is 48.08% complete.
t1_sim:[239312. 240123. 235563.] t2_sim:[254305. 254240. 246320.]
Task is 96.15% complete.
t1_sim:[240054. 241014. 239113.] t2_sim:[250788. 249911. 250711.]
Task is 0.00% complete.
t1_sim:[244703. 249443. 258967.] t2_sim:[245657. 243809. 241639.]
Task is 48.08% complete.
t1_sim:[239312. 240123. 235563.] t2_sim:[254305. 254240. 246320.]
Task is 96.15% complete.
t1_sim:[240054. 241014. 239113.] t2_sim:[250788. 249911. 250711.]
Task is 0.00% complete.
t1_sim:[244703. 249443. 258967.] t2_sim:[245657. 243809. 241639.]
Task is 48.08% complete.
t1_sim:[239312. 240123. 235563.] t2_sim:[254305. 254240. 246320.]
Task is 96.15% complete.
t1_sim:[240054. 241014. 239113.] t2_sim:[250788. 249911. 250711.]
Task is 0.00% complete.
t1_sim:[244703. 249443. 258967.] t2_sim:[245657. 243809. 241639.]
Task is 48.08% complete.
t1_sim:[239312. 240123. 235563.] t2_sim:[254305. 254240. 246320.]
Task is 96.15% complete.
t1_sim:[240054. 241014. 239113.] t2_sim:[250788. 249911. 250711.]
Task is 0.00% complete.
t1_sim:[244703. 249443. 258967.] t2_sim:[245657. 243809. 241639.]
Task is 48.08% complete.
t1_sim:[239312. 240123. 235563.] t2_sim:[254305. 254240. 246320.]
Task is 96.15% complete.
t1_sim:[240054. 241014. 239113.] t2_sim:[250788. 249911. 250711.]
Task is 0.00% complete.
t1_sim:[244703. 249443. 258967.] t2_sim:[245657. 243809. 241639.]
Task is 48.08% complete.
t1_sim:[239312. 240123. 235563.] t2_sim:[254305. 254240. 246320.]
Task is 96.15% complete.
t1_sim:[240054. 241014. 239113.] t2_sim:[250788. 249911. 250711.]
Task is 0.00% complete.
t1_sim:[244703. 249443. 258967.] t2_sim:[245657. 243809. 241639.]
Task is 48.08% complete.
t1_sim:[239312. 240123. 235563.] t2_sim:[254305. 254240. 246320.]
Task is 96.15% complete.
t1_sim:[240054. 241014. 239113.] t2_sim:[250788. 249911. 250711.]
Task is 0.00% complete.
t1_sim:[244703. 249443. 258967.] t2_sim:[245657. 243809. 241639.]
Task is 48.08% complete.
t1_sim:[239312. 240123. 235563.] t2_sim:[254305. 254240. 246320.]
Task is 96.15% complete.
t1_sim:[240054. 241014. 239113.] t2_sim:[250788. 249911. 250711.]
Task is 0.00% complete.
t1_sim:[244703. 249443. 258967.] t2_sim:[245657. 243809. 241639.]
Task is 48.08% complete.
t1_sim:[239312. 240123. 235563.] t2_sim:[254305. 254240. 246320.]
Task is 96.15% complete.
t1_sim:[240054. 241014. 239113.] t2_sim:[250788. 249911. 250711.]
Task is 0.00% complete.
t1_sim:[244703. 249443. 258967.] t2_sim:[245657. 243809. 241639.]
Task is 48.08% complete.
t1_sim:[239312. 240123. 235563.] t2_sim:[254305. 254240. 246320.]
Task is 96.15% complete.
t1_sim:[240054. 241014. 239113.] t2_sim:[250788. 249911. 250711.]
Task is 0.00% complete.
t1_sim:[244703. 249443. 258967.] t2_sim:[245657. 243809. 241639.]
Task is 48.08% complete.
t1_sim:[239312. 240123. 235563.] t2_sim:[254305. 254240. 246320.]
Task is 96.15% complete.
t1_sim:[240054. 241014. 239113.] t2_sim:[250788. 249911. 250711.]
Task is 0.00% complete.
t1_sim:[244703. 249443. 258967.] t2_sim:[245657. 243809. 241639.]
Task is 48.08% complete.
t1_sim:[239312. 240123. 235563.] t2_sim:[254305. 254240. 246320.]
Task is 96.15% complete.
t1_sim:[240054. 241014. 239113.] t2_sim:[250788. 249911. 250711.]
Task is 0.00% complete.
t1_sim:[244703. 249443. 258967.] t2_sim:[245657. 243809. 241639.]
Task is 48.08% complete.
t1_sim:[239312. 240123. 235563.] t2_sim:[254305. 254240. 246320.]
Task is 96.15% complete.
t1_sim:[240054. 241014. 239113.] t2_sim:[250788. 249911. 250711.]
Task is 0.00% complete.
t1_sim:[244703. 249443. 258967.] t2_sim:[245657. 243809. 241639.]
Task is 48.08% complete.
t1_sim:[239312. 240123. 235563.] t2_sim:[254305. 254240. 246320.]
Task is 96.15% complete.
t1_sim:[240054. 241014. 239113.] t2_sim:[250788. 249911. 250711.]
Task is 0.00% complete.
t1_sim:[244703. 249443. 258967.] t2_sim:[245657. 243809. 241639.]
Task is 48.08% complete.
t1_sim:[239312. 240123. 235563.] t2_sim:[254305. 254240. 246320.]
Task is 96.15% complete.
Training start
t1_obs:[array(237950.), array(235041.), array(235450.)] t2_obs:[array(260702.), array(261584.), array(258814.)]
corr_G1:[-0.5192890598157637, -0.23301094569923966, 0.39531331309223] corr_G2:[0.07297358157677243, 0.16804346660072866, 0.18327060455341904]
Training end
Number of jobs: 48
/scratch/jz4721/Post-prediction-Causal-Inference/venv/lib/python3.8/site-packages/sklearn/impute/_iterative.py:785: ConvergenceWarning: [IterativeImputer] Early stopping criterion not reached.
  warnings.warn(
/scratch/jz4721/Post-prediction-Causal-Inference/venv/lib/python3.8/site-packages/sklearn/impute/_iterative.py:785: ConvergenceWarning: [IterativeImputer] Early stopping criterion not reached.
  warnings.warn(
