/scratch/jz4721/Post-prediction-Causal-Inference/venv/lib/python3.8/site-packages/numpy/core/getlimits.py:518: UserWarning: The value of the smallest subnormal for <class 'numpy.float64'> type is zero.
  setattr(self, word, getattr(machar, word).flat[0])
/scratch/jz4721/Post-prediction-Causal-Inference/venv/lib/python3.8/site-packages/numpy/core/getlimits.py:89: UserWarning: The value of the smallest subnormal for <class 'numpy.float64'> type is zero.
  return self._float_to_str(self.smallest_subnormal)
/scratch/jz4721/Post-prediction-Causal-Inference/venv/lib/python3.8/site-packages/numpy/core/getlimits.py:518: UserWarning: The value of the smallest subnormal for <class 'numpy.float32'> type is zero.
  setattr(self, word, getattr(machar, word).flat[0])
/scratch/jz4721/Post-prediction-Causal-Inference/venv/lib/python3.8/site-packages/numpy/core/getlimits.py:89: UserWarning: The value of the smallest subnormal for <class 'numpy.float32'> type is zero.
  return self._float_to_str(self.smallest_subnormal)
Training start
t1_obs:[array(55755.), array(55768.), array(55753.)] t2_obs:[array(65124.), array(65260.), array(64431.)]
corr_G1:[None, None, 0] corr_G2:[None, None, -2.6143011683957698e-17]
Training end
Task is 0.00% complete.
t1_sim:[62317. 62349. 65802.] t2_sim:[62315. 61949. 60424.]
Task is 1.00% complete.
t1_sim:[59057. 58673. 57243.] t2_sim:[59204. 59170. 58538.]
Task is 2.00% complete.
t1_sim:[65037. 64613. 64979.] t2_sim:[59579. 59571. 61119.]
Task is 3.00% complete.
t1_sim:[60130. 60152. 58966.] t2_sim:[59337. 59841. 61388.]
Task is 4.00% complete.
t1_sim:[60285. 60393. 62779.] t2_sim:[61102. 61480. 59840.]
Task is 5.00% complete.
t1_sim:[66346. 66785. 65610.] t2_sim:[67369. 67626. 64377.]
Task is 6.00% complete.
t1_sim:[64914. 64625. 65661.] t2_sim:[63526. 63797. 64099.]
Task is 7.00% complete.
t1_sim:[65204. 65137. 64886.] t2_sim:[63875. 63825. 61935.]
Task is 8.00% complete.
t1_sim:[60534. 60447. 59486.] t2_sim:[62613. 62743. 60791.]
Task is 9.00% complete.
t1_sim:[68251. 68470. 67668.] t2_sim:[61319. 61829. 62418.]
Task is 10.00% complete.
t1_sim:[61998. 62179. 63280.] t2_sim:[62307. 62342. 64974.]
Task is 11.00% complete.
t1_sim:[61858. 61305. 56577.] t2_sim:[59242. 59523. 58483.]
Task is 12.00% complete.
t1_sim:[62680. 62741. 61406.] t2_sim:[53903. 53959. 54472.]
Task is 13.00% complete.
t1_sim:[62920. 63006. 60573.] t2_sim:[61035. 60877. 60768.]
Task is 14.00% complete.
t1_sim:[62666. 62402. 60697.] t2_sim:[61752. 61456. 59990.]
Task is 15.00% complete.
t1_sim:[63891. 64013. 59822.] t2_sim:[58661. 59317. 60860.]
Task is 16.00% complete.
t1_sim:[63537. 63613. 65792.] t2_sim:[54829. 54994. 57213.]
Task is 17.00% complete.
t1_sim:[66951. 66814. 64200.] t2_sim:[65989. 66203. 63876.]
Task is 18.00% complete.
t1_sim:[62391. 62630. 63505.] t2_sim:[63673. 63622. 65513.]
Task is 19.00% complete.
t1_sim:[61197. 61282. 61890.] t2_sim:[65367. 65562. 66080.]
Task is 20.00% complete.
t1_sim:[63094. 62998. 62816.] t2_sim:[59821. 59667. 64064.]
Task is 21.00% complete.
t1_sim:[57181. 57156. 58489.] t2_sim:[66380. 65996. 66941.]
Task is 22.00% complete.
t1_sim:[60454. 59911. 60574.] t2_sim:[62562. 62558. 57405.]
Task is 23.00% complete.
t1_sim:[62535. 62426. 64837.] t2_sim:[65485. 65068. 64001.]
Task is 24.00% complete.
t1_sim:[63071. 63276. 67417.] t2_sim:[60306. 60758. 61677.]
Task is 25.00% complete.
t1_sim:[60791. 60801. 60176.] t2_sim:[62889. 62371. 63724.]
Task is 26.00% complete.
t1_sim:[61955. 61394. 63268.] t2_sim:[61990. 62140. 61573.]
Task is 27.00% complete.
t1_sim:[59690. 59288. 62954.] t2_sim:[63534. 63329. 61936.]
Task is 28.00% complete.
t1_sim:[58759. 58132. 58081.] t2_sim:[60410. 60349. 58235.]
Task is 29.00% complete.
t1_sim:[58419. 58666. 57393.] t2_sim:[61133. 60911. 60874.]
Task is 30.00% complete.
t1_sim:[61176. 61014. 63206.] t2_sim:[66565. 66246. 65348.]
Task is 31.00% complete.
t1_sim:[58553. 58605. 62440.] t2_sim:[66650. 66320. 63680.]
Task is 32.00% complete.
t1_sim:[63193. 63175. 62864.] t2_sim:[56010. 55894. 59136.]
Task is 33.00% complete.
t1_sim:[62257. 62060. 64197.] t2_sim:[63504. 63335. 62178.]
Task is 34.00% complete.
t1_sim:[65780. 66341. 66613.] t2_sim:[66754. 66596. 63440.]
Task is 35.00% complete.
t1_sim:[56763. 57634. 58146.] t2_sim:[57948. 58004. 57299.]
Task is 36.00% complete.
t1_sim:[65348. 65162. 61382.] t2_sim:[63978. 64339. 62723.]
Task is 37.00% complete.
t1_sim:[66434. 66290. 64786.] t2_sim:[61704. 62131. 61110.]
Task is 38.00% complete.
t1_sim:[64998. 65511. 63690.] t2_sim:[57199. 56591. 55733.]
Task is 39.00% complete.
t1_sim:[61944. 61156. 62227.] t2_sim:[60116. 59760. 65292.]
Task is 40.00% complete.
t1_sim:[62514. 62172. 60125.] t2_sim:[60076. 59954. 62687.]
Task is 41.00% complete.
t1_sim:[66802. 67390. 65972.] t2_sim:[61828. 61555. 63737.]
Task is 42.00% complete.
t1_sim:[63266. 63691. 60262.] t2_sim:[59879. 60592. 59138.]
Task is 43.00% complete.
t1_sim:[62340. 62692. 63072.] t2_sim:[58188. 58148. 62714.]
Task is 44.00% complete.
t1_sim:[61145. 61219. 58971.] t2_sim:[62010. 61730. 60844.]
Task is 45.00% complete.
t1_sim:[56948. 56734. 58200.] t2_sim:[62740. 62310. 62658.]
Task is 46.00% complete.
t1_sim:[58745. 59061. 58772.] t2_sim:[71011. 70560. 73155.]
Task is 47.00% complete.
t1_sim:[61955. 61827. 60648.] t2_sim:[63559. 63625. 59238.]
Task is 48.00% complete.
t1_sim:[59388. 59316. 63143.] t2_sim:[67498. 66960. 64497.]
Task is 49.00% complete.
t1_sim:[57682. 57380. 55108.] t2_sim:[65345. 65677. 61239.]
Task is 50.00% complete.
t1_sim:[62674. 62928. 63512.] t2_sim:[62716. 62800. 61380.]
Task is 51.00% complete.
t1_sim:[58564. 58793. 60263.] t2_sim:[64529. 64781. 65861.]
Task is 52.00% complete.
t1_sim:[58600. 58806. 61045.] t2_sim:[63353. 63654. 64104.]
Task is 53.00% complete.
t1_sim:[63370. 63688. 67603.] t2_sim:[65371. 65485. 61890.]
Task is 54.00% complete.
t1_sim:[63018. 62731. 61132.] t2_sim:[61483. 61578. 58896.]
Task is 55.00% complete.
t1_sim:[63174. 63456. 66092.] t2_sim:[59526. 59454. 60686.]
Task is 56.00% complete.
t1_sim:[65407. 65775. 61044.] t2_sim:[61123. 61456. 60102.]
Task is 57.00% complete.
t1_sim:[64119. 63982. 63532.] t2_sim:[62806. 62919. 64465.]
Task is 58.00% complete.
t1_sim:[62851. 62922. 66259.] t2_sim:[60641. 60786. 60629.]
Task is 59.00% complete.
t1_sim:[64799. 65030. 65269.] t2_sim:[59413. 59241. 60042.]
Task is 60.00% complete.
t1_sim:[62671. 62478. 59239.] t2_sim:[63899. 64124. 64879.]
Task is 61.00% complete.
t1_sim:[63094. 63224. 60754.] t2_sim:[61924. 61978. 62099.]
Task is 62.00% complete.
t1_sim:[65406. 65500. 63936.] t2_sim:[68842. 68757. 67841.]
Task is 63.00% complete.
t1_sim:[70403. 70251. 66666.] t2_sim:[60541. 60679. 65097.]
Task is 64.00% complete.
t1_sim:[66963. 67201. 63322.] t2_sim:[60654. 60546. 60652.]
Task is 65.00% complete.
t1_sim:[61785. 61570. 59675.] t2_sim:[56282. 56731. 57001.]
Task is 66.00% complete.
t1_sim:[67625. 67747. 68772.] t2_sim:[61498. 61614. 62763.]
Task is 67.00% complete.
t1_sim:[60456. 60544. 58692.] t2_sim:[60609. 60881. 60082.]
Task is 68.00% complete.
t1_sim:[65551. 65718. 66928.] t2_sim:[61905. 61629. 60071.]
Task is 69.00% complete.
t1_sim:[61712. 61933. 62134.] t2_sim:[62042. 61778. 64310.]
Task is 70.00% complete.
t1_sim:[62488. 62608. 60531.] t2_sim:[61243. 61296. 62829.]
Task is 71.00% complete.
t1_sim:[61200. 61107. 62323.] t2_sim:[65290. 65716. 68038.]
Task is 72.00% complete.
t1_sim:[57824. 58227. 59361.] t2_sim:[65733. 66430. 69378.]
Task is 73.00% complete.
t1_sim:[63968. 64026. 65112.] t2_sim:[60334. 59779. 63385.]
Task is 74.00% complete.
t1_sim:[62807. 62514. 61704.] t2_sim:[61543. 61155. 59546.]
Task is 75.00% complete.
t1_sim:[63867. 64336. 63655.] t2_sim:[61830. 62346. 62948.]
Task is 76.00% complete.
t1_sim:[63906. 64018. 63384.] t2_sim:[64566. 64691. 61893.]
Task is 77.00% complete.
t1_sim:[64045. 64399. 60980.] t2_sim:[64503. 64502. 65655.]
Task is 78.00% complete.
t1_sim:[59678. 59746. 60204.] t2_sim:[66858. 66974. 65610.]
Task is 79.00% complete.
t1_sim:[62045. 61534. 57311.] t2_sim:[61481. 61741. 62089.]
Task is 80.00% complete.
t1_sim:[60734. 60491. 60539.] t2_sim:[68932. 68907. 65587.]
Task is 81.00% complete.
t1_sim:[70040. 70290. 66820.] t2_sim:[63299. 63025. 61808.]
Task is 82.00% complete.
t1_sim:[59136. 58447. 55169.] t2_sim:[61339. 61222. 63124.]
Task is 83.00% complete.
t1_sim:[64566. 64462. 63552.] t2_sim:[62537. 62404. 60060.]
Task is 84.00% complete.
t1_sim:[66713. 66517. 63711.] t2_sim:[58813. 58805. 62204.]
Task is 85.00% complete.
t1_sim:[62755. 62489. 60740.] t2_sim:[61042. 61285. 60799.]
Task is 86.00% complete.
t1_sim:[67219. 67027. 65163.] t2_sim:[69525. 69844. 68373.]
Task is 87.00% complete.
t1_sim:[64281. 64664. 62921.] t2_sim:[63680. 63199. 64345.]
Task is 88.00% complete.
t1_sim:[61445. 61714. 60838.] t2_sim:[68795. 68449. 63388.]
Task is 89.00% complete.
t1_sim:[62976. 63164. 64299.] t2_sim:[63248. 63652. 58947.]
Task is 90.00% complete.
t1_sim:[68602. 68492. 66405.] t2_sim:[60202. 60236. 58770.]
Task is 91.00% complete.
t1_sim:[63534. 63521. 63059.] t2_sim:[66976. 66914. 65526.]
Task is 92.00% complete.
t1_sim:[65487. 65640. 61874.] t2_sim:[63480. 63430. 63475.]
Task is 93.00% complete.
t1_sim:[68247. 68649. 65336.] t2_sim:[63639. 63555. 58133.]
Task is 94.00% complete.
t1_sim:[65151. 64898. 61738.] t2_sim:[62575. 62112. 61697.]
Task is 95.00% complete.
t1_sim:[60414. 60030. 61886.] t2_sim:[64066. 63894. 63318.]
Task is 96.00% complete.
t1_sim:[63136. 63117. 65291.] t2_sim:[60977. 61220. 61398.]
Task is 97.00% complete.
t1_sim:[59180. 59046. 61224.] t2_sim:[62003. 61619. 61592.]
Task is 98.00% complete.
t1_sim:[62240. 62522. 63797.] t2_sim:[57680. 58167. 61280.]
Task is 99.00% complete.
t1_sim:[66419. 65956. 63655.] t2_sim:[63634. 63850. 60767.]
Training start
t1_obs:[array(55755.), array(55768.), array(55797.)] t2_obs:[array(65124.), array(65260.), array(65127.)]
corr_G1:[None, None, 0.9960813358864974] corr_G2:[None, None, 0.9826954730861617]
Training end
Task is 0.00% complete.
t1_sim:[60434. 60447. 60460.] t2_sim:[57591. 57567. 56544.]
Task is 1.00% complete.
t1_sim:[67733. 67754. 68745.] t2_sim:[62620. 62415. 62124.]
Task is 2.00% complete.
t1_sim:[67906. 67588. 65073.] t2_sim:[54952. 55120. 57498.]
Task is 3.00% complete.
t1_sim:[61520. 61739. 63395.] t2_sim:[63776. 63379. 60291.]
Task is 4.00% complete.
t1_sim:[56935. 56610. 57438.] t2_sim:[64966. 65045. 65153.]
Task is 5.00% complete.
t1_sim:[61624. 61990. 60745.] t2_sim:[62258. 62662. 60835.]
Task is 6.00% complete.
t1_sim:[62532. 62242. 65439.] t2_sim:[55405. 55851. 57592.]
Task is 7.00% complete.
t1_sim:[68305. 68631. 67445.] t2_sim:[61806. 62777. 63412.]
Task is 8.00% complete.
t1_sim:[65735. 65701. 68136.] t2_sim:[61644. 61497. 61979.]
Task is 9.00% complete.
t1_sim:[63537. 63377. 61505.] t2_sim:[68612. 68305. 70513.]
Task is 10.00% complete.
t1_sim:[64541. 64470. 63857.] t2_sim:[61632. 61499. 60907.]
Task is 11.00% complete.
t1_sim:[59086. 58951. 59587.] t2_sim:[61228. 61852. 59104.]
Task is 12.00% complete.
t1_sim:[66746. 66366. 66816.] t2_sim:[61389. 61675. 60745.]
Task is 13.00% complete.
t1_sim:[64890. 64710. 63813.] t2_sim:[64010. 64443. 62760.]
Task is 14.00% complete.
t1_sim:[68286. 68127. 67741.] t2_sim:[64543. 64143. 64603.]
Task is 15.00% complete.
t1_sim:[60796. 60652. 62849.] t2_sim:[57023. 56651. 58008.]
Task is 16.00% complete.
t1_sim:[64973. 64940. 67305.] t2_sim:[61299. 61577. 60633.]
Task is 17.00% complete.
t1_sim:[58475. 58346. 57309.] t2_sim:[63373. 63231. 62989.]
Task is 18.00% complete.
t1_sim:[60851. 60656. 58187.] t2_sim:[64420. 64328. 63364.]
Task is 19.00% complete.
t1_sim:[61877. 61472. 62124.] t2_sim:[62728. 62694. 64206.]
Task is 20.00% complete.
t1_sim:[65434. 65777. 64735.] t2_sim:[61061. 61224. 63686.]
Task is 21.00% complete.
t1_sim:[61919. 61656. 62259.] t2_sim:[64892. 64691. 64824.]
Task is 22.00% complete.
t1_sim:[61983. 62092. 61042.] t2_sim:[61185. 60628. 59131.]
Task is 23.00% complete.
t1_sim:[65342. 65384. 63773.] t2_sim:[62331. 62682. 63962.]
Task is 24.00% complete.
t1_sim:[73056. 73374. 72127.] t2_sim:[59813. 59883. 60489.]
Task is 25.00% complete.
t1_sim:[63536. 63308. 62545.] t2_sim:[62635. 62267. 60192.]
Task is 26.00% complete.
t1_sim:[61524. 61936. 61888.] t2_sim:[55559. 56072. 56174.]
Task is 27.00% complete.
t1_sim:[63111. 63164. 61452.] t2_sim:[63517. 63357. 64186.]
Task is 28.00% complete.
t1_sim:[61877. 61715. 61752.] t2_sim:[66085. 65753. 66097.]
Task is 29.00% complete.
t1_sim:[57270. 57202. 57837.] t2_sim:[62138. 62032. 61818.]
Task is 30.00% complete.
t1_sim:[63034. 62551. 64699.] t2_sim:[61295. 61473. 62385.]
Task is 31.00% complete.
t1_sim:[66196. 66318. 64180.] t2_sim:[64765. 65090. 65242.]
Task is 32.00% complete.
t1_sim:[57708. 57383. 58251.] t2_sim:[60739. 60368. 60795.]
Task is 33.00% complete.
t1_sim:[57487. 57544. 58583.] t2_sim:[59851. 60156. 58836.]
Task is 34.00% complete.
t1_sim:[61898. 61666. 60779.] t2_sim:[65218. 64847. 61352.]
Task is 35.00% complete.
t1_sim:[59254. 59083. 59469.] t2_sim:[58469. 58654. 61368.]
Task is 36.00% complete.
t1_sim:[62459. 63133. 66096.] t2_sim:[63857. 63920. 64497.]
Task is 37.00% complete.
t1_sim:[64425. 64832. 63904.] t2_sim:[60959. 61084. 63482.]
Task is 38.00% complete.
t1_sim:[62213. 61937. 64274.] t2_sim:[60772. 60733. 60150.]
Task is 39.00% complete.
t1_sim:[65699. 65766. 64820.] t2_sim:[62401. 62314. 63987.]
Task is 40.00% complete.
t1_sim:[69437. 69081. 67637.] t2_sim:[56538. 56753. 56104.]
Task is 41.00% complete.
t1_sim:[60403. 60283. 61270.] t2_sim:[60962. 61347. 59329.]
Task is 42.00% complete.
t1_sim:[63712. 63429. 64849.] t2_sim:[60202. 59907. 60454.]
Task is 43.00% complete.
t1_sim:[62886. 63068. 62477.] t2_sim:[60410. 60696. 60851.]
Task is 44.00% complete.
t1_sim:[58579. 58360. 55059.] t2_sim:[63009. 62837. 60682.]
Task is 45.00% complete.
t1_sim:[60900. 61083. 58768.] t2_sim:[63718. 63290. 63312.]
Task is 46.00% complete.
t1_sim:[64086. 64295. 64539.] t2_sim:[65032. 65046. 65395.]
Task is 47.00% complete.
t1_sim:[66084. 66198. 65392.] t2_sim:[65305. 65103. 64744.]
Task is 48.00% complete.
t1_sim:[63985. 63942. 63658.] t2_sim:[61374. 61233. 60574.]
Task is 49.00% complete.
t1_sim:[60246. 59774. 59289.] t2_sim:[60594. 60562. 58802.]
Task is 50.00% complete.
t1_sim:[62378. 62746. 62803.] t2_sim:[61949. 62179. 62424.]
Task is 51.00% complete.
t1_sim:[62307. 61790. 62968.] t2_sim:[66084. 66203. 65874.]
Task is 52.00% complete.
t1_sim:[65324. 65838. 65402.] t2_sim:[60021. 60225. 59577.]
Task is 53.00% complete.
t1_sim:[59720. 60111. 61385.] t2_sim:[55719. 55403. 55700.]
Task is 54.00% complete.
t1_sim:[57569. 57441. 58558.] t2_sim:[58908. 58621. 60428.]
Task is 55.00% complete.
t1_sim:[60256. 60123. 60908.] t2_sim:[62410. 62178. 62362.]
Task is 56.00% complete.
t1_sim:[66177. 66294. 65888.] t2_sim:[59323. 59617. 59817.]
Task is 57.00% complete.
t1_sim:[60766. 60279. 59730.] t2_sim:[62536. 62088. 64135.]
Task is 58.00% complete.
t1_sim:[64378. 64557. 65025.] t2_sim:[59646. 59666. 59465.]
Task is 59.00% complete.
t1_sim:[66714. 66722. 66847.] t2_sim:[65287. 65867. 66222.]
Task is 60.00% complete.
t1_sim:[61192. 61214. 62285.] t2_sim:[59897. 60179. 57149.]
Task is 61.00% complete.
t1_sim:[58946. 59128. 58202.] t2_sim:[61837. 61199. 57474.]
Task is 62.00% complete.
t1_sim:[62060. 61858. 61553.] t2_sim:[62259. 62243. 61324.]
Task is 63.00% complete.
t1_sim:[61463. 61250. 60313.] t2_sim:[61697. 61291. 64474.]
Task is 64.00% complete.
t1_sim:[58026. 58065. 58602.] t2_sim:[64891. 65222. 63540.]
Task is 65.00% complete.
t1_sim:[58360. 58884. 59851.] t2_sim:[60830. 60325. 61616.]
Task is 66.00% complete.
t1_sim:[66540. 66241. 65672.] t2_sim:[65811. 65685. 63047.]
Task is 67.00% complete.
t1_sim:[66978. 66344. 65583.] t2_sim:[61323. 61285. 59631.]
Task is 68.00% complete.
t1_sim:[64009. 64691. 64771.] t2_sim:[65027. 64936. 65593.]
Task is 69.00% complete.
t1_sim:[64722. 65306. 66027.] t2_sim:[63344. 63040. 65665.]
Task is 70.00% complete.
t1_sim:[66548. 66149. 64728.] t2_sim:[69006. 69262. 70038.]
Task is 71.00% complete.
t1_sim:[57908. 57609. 57383.] t2_sim:[60985. 61387. 61617.]
Task is 72.00% complete.
t1_sim:[63598. 63408. 62319.] t2_sim:[63875. 63800. 61691.]
Task is 73.00% complete.
t1_sim:[60259. 59953. 63364.] t2_sim:[66347. 66445. 66300.]
Task is 74.00% complete.
t1_sim:[63169. 62915. 64340.] t2_sim:[64571. 65170. 64637.]
Task is 75.00% complete.
t1_sim:[63272. 63427. 62132.] t2_sim:[62125. 61836. 60491.]
Task is 76.00% complete.
t1_sim:[61238. 61504. 61354.] t2_sim:[62587. 62491. 59815.]
Task is 77.00% complete.
t1_sim:[58729. 58932. 58436.] t2_sim:[63988. 63935. 62122.]
Task is 78.00% complete.
t1_sim:[63618. 63446. 62978.] t2_sim:[66011. 66242. 65165.]
Task is 79.00% complete.
t1_sim:[62089. 62137. 63149.] t2_sim:[60090. 60158. 59853.]
Task is 80.00% complete.
t1_sim:[65275. 65290. 66502.] t2_sim:[64837. 65112. 66157.]
Task is 81.00% complete.
t1_sim:[64064. 63831. 65321.] t2_sim:[61704. 61119. 60539.]
Task is 82.00% complete.
t1_sim:[69887. 69449. 69103.] t2_sim:[66095. 66552. 65796.]
Task is 83.00% complete.
t1_sim:[63021. 63547. 63881.] t2_sim:[64630. 64584. 64203.]
Task is 84.00% complete.
t1_sim:[64691. 64471. 63710.] t2_sim:[62024. 62314. 62481.]
Task is 85.00% complete.
t1_sim:[65579. 65733. 66787.] t2_sim:[67453. 67117. 64400.]
Task is 86.00% complete.
t1_sim:[58151. 58275. 58472.] t2_sim:[63386. 63473. 62523.]
Task is 87.00% complete.
t1_sim:[62431. 62458. 61847.] t2_sim:[63168. 63267. 63986.]
Task is 88.00% complete.
t1_sim:[60702. 60909. 60687.] t2_sim:[61192. 61537. 61183.]
Task is 89.00% complete.
t1_sim:[63548. 63254. 60803.] t2_sim:[60100. 60550. 61794.]
Task is 90.00% complete.
t1_sim:[63253. 62410. 59544.] t2_sim:[61441. 61844. 62561.]
Task is 91.00% complete.
t1_sim:[58963. 59091. 58765.] t2_sim:[57314. 56917. 57792.]
Task is 92.00% complete.
t1_sim:[60629. 60884. 61887.] t2_sim:[61172. 61467. 59801.]
Task is 93.00% complete.
t1_sim:[60894. 60664. 56236.] t2_sim:[69285. 69489. 70973.]
Task is 94.00% complete.
t1_sim:[64122. 64221. 65135.] t2_sim:[60921. 61124. 61612.]
Task is 95.00% complete.
t1_sim:[63134. 63261. 63283.] t2_sim:[63250. 63197. 63829.]
Task is 96.00% complete.
t1_sim:[62726. 62899. 64236.] t2_sim:[64512. 64191. 64679.]
Task is 97.00% complete.
t1_sim:[63849. 63396. 63923.] t2_sim:[61949. 62402. 64925.]
Task is 98.00% complete.
t1_sim:[63223. 63119. 63217.] t2_sim:[60172. 60575. 60893.]
Task is 99.00% complete.
t1_sim:[63343. 63281. 60449.] t2_sim:[66627. 66367. 66591.]
Training start
t1_obs:[array(55755.), array(55768.), array(55432.)] t2_obs:[array(65124.), array(65260.), array(64303.)]
corr_G1:[None, None, -0.0964057857485378] corr_G2:[None, None, -0.38582438841677885]
Training end
Task is 0.00% complete.
t1_sim:[70701. 70327. 68522.] t2_sim:[60449. 60750. 61976.]
Task is 1.00% complete.
t1_sim:[60791. 61291. 61930.] t2_sim:[63948. 63735. 62309.]
Task is 2.00% complete.
t1_sim:[61494. 61315. 61540.] t2_sim:[64164. 64360. 64387.]
Task is 3.00% complete.
t1_sim:[62633. 61804. 63105.] t2_sim:[69226. 69494. 67980.]
Task is 4.00% complete.
t1_sim:[61718. 61498. 61828.] t2_sim:[60411. 60528. 61513.]
Task is 5.00% complete.
t1_sim:[64933. 64874. 63130.] t2_sim:[65871. 65814. 67605.]
Task is 6.00% complete.
t1_sim:[60405. 60590. 60581.] t2_sim:[62457. 62600. 60706.]
Task is 7.00% complete.
t1_sim:[57601. 57232. 57725.] t2_sim:[65157. 65227. 63517.]
Task is 8.00% complete.
t1_sim:[62047. 61904. 59605.] t2_sim:[58798. 58666. 60779.]
Task is 9.00% complete.
t1_sim:[61968. 62871. 62343.] t2_sim:[64034. 64123. 63847.]
Task is 10.00% complete.
t1_sim:[63043. 62736. 62914.] t2_sim:[56310. 56492. 53574.]
Task is 11.00% complete.
t1_sim:[57190. 57500. 57021.] t2_sim:[64493. 64155. 60177.]
Task is 12.00% complete.
t1_sim:[63444. 63147. 62961.] t2_sim:[58066. 58647. 60389.]
Task is 13.00% complete.
t1_sim:[59492. 58978. 59972.] t2_sim:[60364. 60663. 62513.]
Task is 14.00% complete.
t1_sim:[55605. 56055. 54250.] t2_sim:[61949. 61800. 60628.]
Task is 15.00% complete.
t1_sim:[62514. 62412. 59700.] t2_sim:[60191. 60227. 61160.]
Task is 16.00% complete.
t1_sim:[64194. 64352. 64997.] t2_sim:[65422. 64866. 65575.]
Task is 17.00% complete.
t1_sim:[64757. 65210. 65666.] t2_sim:[62311. 62223. 63078.]
Task is 18.00% complete.
t1_sim:[58253. 58311. 58533.] t2_sim:[61736. 62121. 61941.]
Task is 19.00% complete.
t1_sim:[64543. 64716. 65923.] t2_sim:[60619. 60596. 59951.]
Task is 20.00% complete.
t1_sim:[64293. 64663. 64930.] t2_sim:[63757. 63828. 62911.]
Task is 21.00% complete.
t1_sim:[65552. 65340. 60554.] t2_sim:[61980. 61462. 62459.]
Task is 22.00% complete.
t1_sim:[68856. 69179. 68879.] t2_sim:[57646. 57703. 58502.]
Task is 23.00% complete.
t1_sim:[65824. 65493. 66225.] t2_sim:[63194. 63378. 64723.]
Task is 24.00% complete.
t1_sim:[63064. 63197. 61734.] t2_sim:[58666. 58573. 59270.]
Task is 25.00% complete.
t1_sim:[56302. 55890. 57210.] t2_sim:[62939. 62939. 63223.]
Task is 26.00% complete.
t1_sim:[66309. 66430. 66675.] t2_sim:[69639. 69668. 66980.]
Task is 27.00% complete.
t1_sim:[63479. 63657. 64457.] t2_sim:[58040. 58309. 56802.]
Task is 28.00% complete.
t1_sim:[59213. 58868. 56950.] t2_sim:[62332. 62055. 61719.]
Task is 29.00% complete.
t1_sim:[63901. 64019. 63344.] t2_sim:[63987. 63840. 62898.]
Task is 30.00% complete.
t1_sim:[64588. 64672. 62062.] t2_sim:[68013. 67700. 65967.]
Task is 31.00% complete.
t1_sim:[64528. 64305. 61832.] t2_sim:[68346. 68253. 69536.]
Task is 32.00% complete.
t1_sim:[64475. 64306. 63305.] t2_sim:[60517. 60522. 60484.]
Task is 33.00% complete.
t1_sim:[60780. 60528. 63645.] t2_sim:[73480. 73578. 72785.]
Task is 34.00% complete.
t1_sim:[63038. 63584. 65005.] t2_sim:[59144. 58759. 60527.]
Task is 35.00% complete.
t1_sim:[65957. 65381. 64013.] t2_sim:[64495. 64734. 64090.]
Task is 36.00% complete.
t1_sim:[63735. 63417. 62117.] t2_sim:[59517. 59624. 58861.]
Task is 37.00% complete.
t1_sim:[60305. 60587. 58564.] t2_sim:[64726. 65015. 65437.]
Task is 38.00% complete.
t1_sim:[61409. 61771. 62280.] t2_sim:[62634. 62224. 62616.]
Task is 39.00% complete.
t1_sim:[63879. 63883. 62737.] t2_sim:[66979. 66978. 67146.]
Task is 40.00% complete.
t1_sim:[63190. 62778. 63689.] t2_sim:[58555. 58994. 58767.]
Task is 41.00% complete.
t1_sim:[64164. 63927. 62137.] t2_sim:[62624. 63096. 61179.]
Task is 42.00% complete.
t1_sim:[64361. 64534. 62303.] t2_sim:[65623. 65351. 64555.]
Task is 43.00% complete.
t1_sim:[62919. 63510. 61975.] t2_sim:[58088. 58015. 60268.]
Task is 44.00% complete.
t1_sim:[60512. 60638. 60916.] t2_sim:[65719. 65520. 64246.]
Task is 45.00% complete.
t1_sim:[62854. 62641. 64112.] t2_sim:[63559. 63258. 63598.]
Task is 46.00% complete.
t1_sim:[61720. 61635. 61786.] t2_sim:[60020. 60282. 60749.]
Task is 47.00% complete.
t1_sim:[60158. 60124. 61943.] t2_sim:[63489. 63362. 62963.]
Task is 48.00% complete.
t1_sim:[61896. 62105. 63841.] t2_sim:[64434. 63914. 61381.]
Task is 49.00% complete.
t1_sim:[60602. 60495. 59085.] t2_sim:[66160. 66306. 64693.]
Task is 50.00% complete.
t1_sim:[61632. 61642. 59745.] t2_sim:[64658. 64750. 67173.]
Task is 51.00% complete.
t1_sim:[62661. 62624. 63597.] t2_sim:[61462. 61770. 63478.]
Task is 52.00% complete.
t1_sim:[62067. 62100. 61687.] t2_sim:[64078. 63937. 63984.]
Task is 53.00% complete.
t1_sim:[61029. 61299. 60850.] t2_sim:[59042. 58853. 60760.]
Task is 54.00% complete.
t1_sim:[60551. 60481. 61064.] t2_sim:[67302. 67279. 65610.]
Task is 55.00% complete.
t1_sim:[66724. 66966. 66060.] t2_sim:[68481. 69042. 68792.]
Task is 56.00% complete.
t1_sim:[65146. 65400. 65136.] t2_sim:[62235. 62082. 62483.]
Task is 57.00% complete.
t1_sim:[56608. 56730. 54923.] t2_sim:[65700. 65073. 64860.]
Task is 58.00% complete.
t1_sim:[57314. 57635. 59342.] t2_sim:[62672. 62456. 63510.]
Task is 59.00% complete.
t1_sim:[60741. 60662. 58401.] t2_sim:[58704. 58797. 56135.]
Task is 60.00% complete.
t1_sim:[69060. 68725. 66290.] t2_sim:[59226. 59599. 60898.]
Task is 61.00% complete.
t1_sim:[66729. 67011. 66166.] t2_sim:[60133. 59857. 60137.]
Task is 62.00% complete.
t1_sim:[66350. 66657. 67197.] t2_sim:[57370. 57208. 60092.]
Task is 63.00% complete.
t1_sim:[65261. 65381. 62769.] t2_sim:[56548. 56773. 58109.]
Task is 64.00% complete.
t1_sim:[66537. 66706. 65077.] t2_sim:[59540. 59455. 58712.]
Task is 65.00% complete.
t1_sim:[60679. 60384. 58874.] t2_sim:[67058. 67061. 65609.]
Task is 66.00% complete.
t1_sim:[66187. 66035. 67203.] t2_sim:[69155. 68851. 67070.]
Task is 67.00% complete.
t1_sim:[64487. 64578. 64506.] t2_sim:[59053. 59167. 59825.]
Task is 68.00% complete.
t1_sim:[67877. 67873. 65927.] t2_sim:[65983. 66099. 65472.]
Task is 69.00% complete.
t1_sim:[57225. 58026. 56991.] t2_sim:[66565. 66818. 65398.]
Task is 70.00% complete.
t1_sim:[63845. 63978. 63599.] t2_sim:[63090. 63596. 62954.]
Task is 71.00% complete.
t1_sim:[59555. 59434. 58675.] t2_sim:[60884. 60789. 60603.]
Task is 72.00% complete.
t1_sim:[64599. 64621. 61806.] t2_sim:[56077. 56423. 56435.]
Task is 73.00% complete.
t1_sim:[64876. 65178. 63801.] t2_sim:[56072. 56221. 57916.]
Task is 74.00% complete.
t1_sim:[60570. 61024. 61110.] t2_sim:[60617. 60839. 57919.]
Task is 75.00% complete.
t1_sim:[63554. 63489. 61418.] t2_sim:[65165. 65717. 65635.]
Task is 76.00% complete.
t1_sim:[64424. 64910. 67058.] t2_sim:[63244. 62847. 62885.]
Task is 77.00% complete.
t1_sim:[66168. 66183. 67368.] t2_sim:[62349. 62328. 63242.]
Task is 78.00% complete.
t1_sim:[68298. 68419. 68516.] t2_sim:[64534. 64268. 63104.]
Task is 79.00% complete.
t1_sim:[59409. 59519. 60249.] t2_sim:[64939. 65210. 66153.]
Task is 80.00% complete.
t1_sim:[63248. 63601. 65392.] t2_sim:[60872. 61037. 60139.]
Task is 81.00% complete.
t1_sim:[60209. 60240. 59849.] t2_sim:[61062. 61337. 61653.]
Task is 82.00% complete.
t1_sim:[65013. 64665. 62457.] t2_sim:[63270. 63438. 61217.]
Task is 83.00% complete.
t1_sim:[63990. 64251. 64071.] t2_sim:[61931. 61556. 61517.]
Task is 84.00% complete.
t1_sim:[54728. 54952. 55617.] t2_sim:[58835. 59817. 59219.]
Task is 85.00% complete.
t1_sim:[63979. 63799. 60508.] t2_sim:[64095. 64327. 63549.]
Task is 86.00% complete.
t1_sim:[62752. 63512. 63642.] t2_sim:[61310. 61099. 60903.]
Task is 87.00% complete.
t1_sim:[63701. 63783. 62522.] t2_sim:[62132. 62307. 61310.]
Task is 88.00% complete.
t1_sim:[62342. 62223. 62440.] t2_sim:[63796. 63535. 65994.]
Task is 89.00% complete.
t1_sim:[64551. 64178. 65162.] t2_sim:[57543. 57444. 57312.]
Task is 90.00% complete.
t1_sim:[63689. 63855. 64300.] t2_sim:[60821. 60459. 60183.]
Task is 91.00% complete.
t1_sim:[64219. 64672. 63489.] t2_sim:[61849. 61251. 59781.]
Task is 92.00% complete.
t1_sim:[64397. 64440. 62709.] t2_sim:[55709. 55379. 53404.]
Task is 93.00% complete.
t1_sim:[56022. 56610. 57803.] t2_sim:[57443. 57989. 57628.]
Task is 94.00% complete.
t1_sim:[57714. 58156. 59988.] t2_sim:[60425. 60471. 60665.]
Task is 95.00% complete.
t1_sim:[58768. 58515. 57398.] t2_sim:[69320. 69546. 66580.]
Task is 96.00% complete.
t1_sim:[59876. 59580. 58889.] t2_sim:[65127. 64911. 65819.]
Task is 97.00% complete.
t1_sim:[66858. 66647. 66559.] t2_sim:[62866. 62490. 64032.]
Task is 98.00% complete.
t1_sim:[60507. 60809. 60180.] t2_sim:[65513. 65510. 65553.]
Task is 99.00% complete.
t1_sim:[60472. 60480. 59470.] t2_sim:[62914. 62777. 63628.]
Finished
