/scratch/jz4721/Post-prediction-Causal-Inference/venv/lib/python3.8/site-packages/numpy/core/getlimits.py:518: UserWarning: The value of the smallest subnormal for <class 'numpy.float64'> type is zero.
  setattr(self, word, getattr(machar, word).flat[0])
/scratch/jz4721/Post-prediction-Causal-Inference/venv/lib/python3.8/site-packages/numpy/core/getlimits.py:89: UserWarning: The value of the smallest subnormal for <class 'numpy.float64'> type is zero.
  return self._float_to_str(self.smallest_subnormal)
/scratch/jz4721/Post-prediction-Causal-Inference/venv/lib/python3.8/site-packages/numpy/core/getlimits.py:518: UserWarning: The value of the smallest subnormal for <class 'numpy.float32'> type is zero.
  setattr(self, word, getattr(machar, word).flat[0])
/scratch/jz4721/Post-prediction-Causal-Inference/venv/lib/python3.8/site-packages/numpy/core/getlimits.py:89: UserWarning: The value of the smallest subnormal for <class 'numpy.float32'> type is zero.
  return self._float_to_str(self.smallest_subnormal)
Training start
t1_obs:[array(61198.), array(61615.), array(61753.)] t2_obs:[array(59499.), array(59125.), array(59517.)]
corr_G1:[None, None, 0] corr_G2:[None, None, 2.169834926297272e-18]
Training end
Task is 0.00% complete.
t1_sim:[62285. 62402. 61762.] t2_sim:[62842. 62926. 61382.]
Task is 1.00% complete.
t1_sim:[61892. 61525. 59220.] t2_sim:[67827. 68148. 66836.]
Task is 2.00% complete.
t1_sim:[65577. 65364. 61061.] t2_sim:[61611. 61905. 61055.]
Task is 3.00% complete.
t1_sim:[57908. 57173. 55936.] t2_sim:[63936. 63265. 64511.]
Task is 4.00% complete.
t1_sim:[61769. 61874. 62021.] t2_sim:[60445. 60353. 60925.]
Task is 5.00% complete.
t1_sim:[59258. 59131. 59051.] t2_sim:[63209. 62855. 62444.]
Task is 6.00% complete.
t1_sim:[65570. 65874. 63206.] t2_sim:[55804. 55454. 57043.]
Task is 7.00% complete.
t1_sim:[61629. 61711. 62885.] t2_sim:[61408. 61560. 61361.]
Task is 8.00% complete.
t1_sim:[59984. 60214. 58793.] t2_sim:[64915. 64858. 64807.]
Task is 9.00% complete.
t1_sim:[62971. 63094. 62849.] t2_sim:[62231. 62484. 65257.]
Task is 10.00% complete.
t1_sim:[65073. 65032. 66227.] t2_sim:[58810. 59285. 57456.]
Task is 11.00% complete.
t1_sim:[67411. 67576. 63480.] t2_sim:[59872. 60186. 62869.]
Task is 12.00% complete.
t1_sim:[61206. 61587. 60935.] t2_sim:[61846. 61770. 62341.]
Task is 13.00% complete.
t1_sim:[65368. 65259. 68196.] t2_sim:[59025. 59279. 60507.]
Task is 14.00% complete.
t1_sim:[63788. 63314. 61498.] t2_sim:[60809. 60863. 59027.]
Task is 15.00% complete.
t1_sim:[65356. 65356. 67243.] t2_sim:[64354. 64567. 66607.]
Task is 16.00% complete.
t1_sim:[64157. 64419. 63756.] t2_sim:[61816. 61821. 62017.]
Task is 17.00% complete.
t1_sim:[63331. 63258. 59702.] t2_sim:[65436. 65979. 64736.]
Task is 18.00% complete.
t1_sim:[59676. 59947. 62311.] t2_sim:[49405. 49498. 55170.]
Task is 19.00% complete.
t1_sim:[60136. 60363. 60621.] t2_sim:[64812. 65256. 69489.]
Task is 20.00% complete.
t1_sim:[55444. 55630. 56455.] t2_sim:[56494. 56573. 58830.]
Task is 21.00% complete.
t1_sim:[65215. 65700. 65486.] t2_sim:[61684. 61614. 65435.]
Task is 22.00% complete.
t1_sim:[64333. 64595. 66742.] t2_sim:[62141. 62075. 65363.]
Task is 23.00% complete.
t1_sim:[66313. 67069. 68843.] t2_sim:[58291. 58703. 57697.]
Task is 24.00% complete.
t1_sim:[66464. 66096. 67291.] t2_sim:[62158. 62386. 63502.]
Task is 25.00% complete.
t1_sim:[61920. 61958. 62662.] t2_sim:[63161. 63053. 63443.]
Task is 26.00% complete.
t1_sim:[62066. 62354. 64593.] t2_sim:[57908. 57878. 57814.]
Task is 27.00% complete.
t1_sim:[68208. 68239. 69818.] t2_sim:[67796. 67412. 63777.]
Task is 28.00% complete.
t1_sim:[65701. 65977. 62246.] t2_sim:[61422. 61304. 59504.]
Task is 29.00% complete.
t1_sim:[63205. 63293. 62980.] t2_sim:[61245. 60504. 60595.]
Task is 30.00% complete.
t1_sim:[68907. 68830. 70374.] t2_sim:[60456. 60352. 61665.]
Task is 31.00% complete.
t1_sim:[59240. 59459. 58123.] t2_sim:[61845. 62210. 63787.]
Task is 32.00% complete.
t1_sim:[60564. 60494. 61834.] t2_sim:[64726. 64850. 62046.]
Task is 33.00% complete.
t1_sim:[58548. 58811. 63591.] t2_sim:[65038. 65134. 65521.]
Task is 34.00% complete.
t1_sim:[66826. 66293. 66376.] t2_sim:[62009. 61627. 60278.]
Task is 35.00% complete.
t1_sim:[65047. 65509. 64165.] t2_sim:[62113. 62211. 61695.]
Task is 36.00% complete.
t1_sim:[57988. 58047. 60464.] t2_sim:[61526. 61555. 62047.]
Task is 37.00% complete.
t1_sim:[59557. 58978. 57486.] t2_sim:[55827. 56277. 61260.]
Task is 38.00% complete.
t1_sim:[62724. 63014. 60626.] t2_sim:[58219. 58324. 53391.]
Task is 39.00% complete.
t1_sim:[66307. 65918. 67097.] t2_sim:[57919. 57889. 59315.]
Task is 40.00% complete.
t1_sim:[63575. 63861. 61702.] t2_sim:[58341. 58100. 55398.]
Task is 41.00% complete.
t1_sim:[59738. 59548. 61920.] t2_sim:[64113. 63797. 66606.]
Task is 42.00% complete.
t1_sim:[58489. 58246. 58329.] t2_sim:[57590. 58249. 61413.]
Task is 43.00% complete.
t1_sim:[59246. 59438. 60377.] t2_sim:[61975. 62115. 58425.]
Task is 44.00% complete.
t1_sim:[58305. 58652. 59487.] t2_sim:[61258. 61321. 58543.]
Task is 45.00% complete.
t1_sim:[67154. 66276. 61307.] t2_sim:[59395. 59147. 59907.]
Task is 46.00% complete.
t1_sim:[68138. 67856. 67215.] t2_sim:[64025. 63770. 63396.]
Task is 47.00% complete.
t1_sim:[61179. 61650. 57770.] t2_sim:[60060. 60333. 56819.]
Task is 48.00% complete.
t1_sim:[63567. 63586. 63370.] t2_sim:[64696. 64660. 63555.]
Task is 49.00% complete.
t1_sim:[67097. 67250. 64926.] t2_sim:[64963. 64726. 64935.]
Task is 50.00% complete.
t1_sim:[62932. 63465. 62988.] t2_sim:[63309. 62787. 61850.]
Task is 51.00% complete.
t1_sim:[64316. 64088. 65033.] t2_sim:[63399. 63638. 63562.]
Task is 52.00% complete.
t1_sim:[62233. 62292. 60238.] t2_sim:[65490. 64901. 60836.]
Task is 53.00% complete.
t1_sim:[59304. 59152. 59454.] t2_sim:[67221. 67242. 68222.]
Task is 54.00% complete.
t1_sim:[60271. 59587. 59340.] t2_sim:[65892. 65809. 64724.]
Task is 55.00% complete.
t1_sim:[66364. 66203. 65349.] t2_sim:[64892. 64694. 65511.]
Task is 56.00% complete.
t1_sim:[64333. 64281. 66928.] t2_sim:[54806. 54856. 59052.]
Task is 57.00% complete.
t1_sim:[65880. 65865. 65953.] t2_sim:[61549. 61489. 66739.]
Task is 58.00% complete.
t1_sim:[63452. 63274. 59882.] t2_sim:[60662. 60496. 58835.]
Task is 59.00% complete.
t1_sim:[60943. 60715. 60693.] t2_sim:[56588. 55891. 61135.]
Task is 60.00% complete.
t1_sim:[60547. 60926. 61518.] t2_sim:[69056. 68935. 66262.]
Task is 61.00% complete.
t1_sim:[64655. 64657. 63970.] t2_sim:[70010. 69829. 64983.]
Task is 62.00% complete.
t1_sim:[62592. 62664. 63152.] t2_sim:[64788. 64479. 66748.]
Task is 63.00% complete.
t1_sim:[60012. 60368. 63058.] t2_sim:[56716. 56615. 64062.]
Task is 64.00% complete.
t1_sim:[59816. 59893. 60082.] t2_sim:[65739. 65672. 65742.]
Task is 65.00% complete.
t1_sim:[69131. 69571. 71026.] t2_sim:[62016. 62218. 64666.]
Task is 66.00% complete.
t1_sim:[57601. 57888. 55461.] t2_sim:[64276. 63977. 65182.]
Task is 67.00% complete.
t1_sim:[58003. 58076. 60357.] t2_sim:[56384. 55981. 57669.]
Task is 68.00% complete.
t1_sim:[62408. 61901. 58382.] t2_sim:[58347. 58055. 59206.]
Task is 69.00% complete.
t1_sim:[64245. 64014. 64713.] t2_sim:[61793. 62120. 61640.]
Task is 70.00% complete.
t1_sim:[59162. 59105. 60285.] t2_sim:[59716. 59805. 59816.]
Task is 71.00% complete.
t1_sim:[62067. 62123. 60653.] t2_sim:[60717. 60853. 59693.]
Task is 72.00% complete.
t1_sim:[62260. 61631. 60293.] t2_sim:[64000. 64314. 67719.]
Task is 73.00% complete.
t1_sim:[62926. 63004. 59691.] t2_sim:[61758. 62628. 60518.]
Task is 74.00% complete.
t1_sim:[62717. 62490. 61774.] t2_sim:[69190. 69182. 70815.]
Task is 75.00% complete.
t1_sim:[57569. 57349. 57165.] t2_sim:[65967. 66350. 67566.]
Task is 76.00% complete.
t1_sim:[61838. 61950. 63056.] t2_sim:[62709. 63259. 58608.]
Task is 77.00% complete.
t1_sim:[55351. 55838. 54583.] t2_sim:[68110. 68076. 65122.]
Task is 78.00% complete.
t1_sim:[61903. 61604. 62721.] t2_sim:[65229. 65743. 65996.]
Task is 79.00% complete.
t1_sim:[62414. 63082. 64207.] t2_sim:[60919. 60642. 59675.]
Task is 80.00% complete.
t1_sim:[61412. 61815. 64360.] t2_sim:[66062. 66177. 70791.]
Task is 81.00% complete.
t1_sim:[63093. 63669. 64081.] t2_sim:[65287. 65391. 63915.]
Task is 82.00% complete.
t1_sim:[58811. 58647. 57812.] t2_sim:[57514. 57729. 63554.]
Task is 83.00% complete.
t1_sim:[61443. 61828. 65445.] t2_sim:[69114. 69335. 65476.]
Task is 84.00% complete.
t1_sim:[64284. 64757. 64977.] t2_sim:[64228. 64296. 62104.]
Task is 85.00% complete.
t1_sim:[63901. 63414. 63873.] t2_sim:[63578. 63135. 63428.]
Task is 86.00% complete.
t1_sim:[62915. 63487. 65217.] t2_sim:[66344. 66246. 62784.]
Task is 87.00% complete.
t1_sim:[59895. 60222. 62854.] t2_sim:[58625. 58455. 61428.]
Task is 88.00% complete.
t1_sim:[61055. 61723. 63494.] t2_sim:[61686. 61701. 61111.]
Task is 89.00% complete.
t1_sim:[60653. 60670. 60734.] t2_sim:[63706. 63700. 68226.]
Task is 90.00% complete.
t1_sim:[56671. 56742. 58633.] t2_sim:[62696. 63110. 60017.]
Task is 91.00% complete.
t1_sim:[61777. 61802. 61408.] t2_sim:[58776. 58825. 56927.]
Task is 92.00% complete.
t1_sim:[62257. 61986. 63088.] t2_sim:[64017. 64014. 60608.]
Task is 93.00% complete.
t1_sim:[55570. 55688. 59300.] t2_sim:[59730. 60144. 63765.]
Task is 94.00% complete.
t1_sim:[57410. 57318. 58556.] t2_sim:[59277. 59165. 62539.]
Task is 95.00% complete.
t1_sim:[65502. 65374. 62450.] t2_sim:[58886. 58809. 60160.]
Task is 96.00% complete.
t1_sim:[60817. 60937. 62759.] t2_sim:[62980. 63004. 62143.]
Task is 97.00% complete.
t1_sim:[65004. 65159. 64424.] t2_sim:[63313. 63437. 62566.]
Task is 98.00% complete.
t1_sim:[61437. 61188. 61790.] t2_sim:[59757. 59274. 63243.]
Task is 99.00% complete.
t1_sim:[61933. 62394. 66116.] t2_sim:[61000. 60935. 59657.]
Training start
t1_obs:[array(61198.), array(61615.), array(62683.)] t2_obs:[array(59499.), array(59125.), array(58834.)]
corr_G1:[None, None, 0.9804507819489713] corr_G2:[None, None, 0.9889385557792616]
Training end
Task is 0.00% complete.
t1_sim:[63641. 63429. 61329.] t2_sim:[64598. 64745. 63751.]
Task is 1.00% complete.
t1_sim:[59756. 59738. 59991.] t2_sim:[61443. 61806. 62418.]
Task is 2.00% complete.
t1_sim:[59096. 59350. 58257.] t2_sim:[60894. 61433. 65390.]
Task is 3.00% complete.
t1_sim:[63258. 63385. 65192.] t2_sim:[62400. 62123. 62623.]
Task is 4.00% complete.
t1_sim:[60269. 60311. 60872.] t2_sim:[65362. 65595. 64234.]
Task is 5.00% complete.
t1_sim:[64784. 64424. 65149.] t2_sim:[67600. 67540. 65266.]
Task is 6.00% complete.
t1_sim:[65242. 65364. 64630.] t2_sim:[61797. 61860. 62425.]
Task is 7.00% complete.
t1_sim:[60319. 60344. 62885.] t2_sim:[66664. 66631. 67597.]
Task is 8.00% complete.
t1_sim:[59103. 59375. 59661.] t2_sim:[62876. 62623. 62212.]
Task is 9.00% complete.
t1_sim:[60018. 59922. 61367.] t2_sim:[60461. 60607. 60534.]
Task is 10.00% complete.
t1_sim:[59627. 60025. 60401.] t2_sim:[59818. 59511. 59290.]
Task is 11.00% complete.
t1_sim:[64382. 64037. 63099.] t2_sim:[63346. 63604. 64179.]
Task is 12.00% complete.
t1_sim:[62664. 62658. 62675.] t2_sim:[57425. 57543. 59264.]
Task is 13.00% complete.
t1_sim:[62139. 62219. 62205.] t2_sim:[63413. 63426. 64348.]
Task is 14.00% complete.
t1_sim:[57326. 57639. 56725.] t2_sim:[57742. 57835. 57581.]
Task is 15.00% complete.
t1_sim:[66805. 66716. 65528.] t2_sim:[60393. 60741. 59491.]
Task is 16.00% complete.
t1_sim:[66029. 66076. 66007.] t2_sim:[68370. 68643. 67830.]
Task is 17.00% complete.
t1_sim:[64964. 65014. 66546.] t2_sim:[67214. 67325. 66218.]
Task is 18.00% complete.
t1_sim:[57654. 57729. 57115.] t2_sim:[58207. 58517. 59760.]
Task is 19.00% complete.
t1_sim:[63568. 63442. 62857.] t2_sim:[64380. 64962. 63816.]
Task is 20.00% complete.
t1_sim:[62426. 62804. 61568.] t2_sim:[65259. 64735. 65810.]
Task is 21.00% complete.
t1_sim:[58997. 59411. 60156.] t2_sim:[69026. 68874. 68975.]
Task is 22.00% complete.
t1_sim:[57605. 56928. 57224.] t2_sim:[54644. 54555. 53263.]
Task is 23.00% complete.
t1_sim:[61013. 60947. 61152.] t2_sim:[56927. 57551. 59148.]
Task is 24.00% complete.
t1_sim:[61425. 61616. 60518.] t2_sim:[59808. 60016. 61738.]
Task is 25.00% complete.
t1_sim:[61366. 61788. 61849.] t2_sim:[65051. 64612. 62979.]
Task is 26.00% complete.
t1_sim:[61937. 62169. 61898.] t2_sim:[59113. 59031. 60416.]
Task is 27.00% complete.
t1_sim:[59653. 60050. 59374.] t2_sim:[60270. 60192. 59801.]
Task is 28.00% complete.
t1_sim:[56416. 56933. 57324.] t2_sim:[62901. 62381. 62671.]
Task is 29.00% complete.
t1_sim:[67378. 67280. 68768.] t2_sim:[66333. 66225. 64693.]
Task is 30.00% complete.
t1_sim:[67186. 67791. 69107.] t2_sim:[60702. 60404. 58863.]
Task is 31.00% complete.
t1_sim:[62986. 62656. 61847.] t2_sim:[60854. 60671. 64715.]
Task is 32.00% complete.
t1_sim:[64926. 64675. 62925.] t2_sim:[62458. 62066. 62926.]
Task is 33.00% complete.
t1_sim:[60576. 60336. 60350.] t2_sim:[61040. 60602. 59546.]
Task is 34.00% complete.
t1_sim:[65699. 65929. 66673.] t2_sim:[64480. 64696. 61587.]
Task is 35.00% complete.
t1_sim:[59847. 60258. 59746.] t2_sim:[60741. 60700. 58203.]
Task is 36.00% complete.
t1_sim:[65947. 65923. 66265.] t2_sim:[61080. 60857. 60316.]
Task is 37.00% complete.
t1_sim:[61407. 61593. 62046.] t2_sim:[63487. 63529. 64159.]
Task is 38.00% complete.
t1_sim:[58646. 58677. 61120.] t2_sim:[62736. 62648. 59476.]
Task is 39.00% complete.
t1_sim:[63580. 63519. 62439.] t2_sim:[59700. 60063. 62727.]
Task is 40.00% complete.
t1_sim:[59785. 60143. 61803.] t2_sim:[62473. 62480. 62756.]
Task is 41.00% complete.
t1_sim:[64079. 64304. 63785.] t2_sim:[66659. 66916. 65478.]
Task is 42.00% complete.
t1_sim:[61650. 61446. 61438.] t2_sim:[61901. 62202. 59526.]
Task is 43.00% complete.
t1_sim:[61403. 61300. 59446.] t2_sim:[65460. 65375. 65931.]
Task is 44.00% complete.
t1_sim:[64739. 64673. 66080.] t2_sim:[62667. 62758. 63548.]
Task is 45.00% complete.
t1_sim:[63484. 63919. 62898.] t2_sim:[66874. 66747. 68373.]
Task is 46.00% complete.
t1_sim:[61909. 61517. 61006.] t2_sim:[65759. 66319. 66015.]
Task is 47.00% complete.
t1_sim:[59509. 58984. 57817.] t2_sim:[56103. 55987. 57089.]
Task is 48.00% complete.
t1_sim:[63709. 63563. 64308.] t2_sim:[59166. 59154. 59164.]
Task is 49.00% complete.
t1_sim:[62978. 62969. 63852.] t2_sim:[58285. 58205. 61040.]
Task is 50.00% complete.
t1_sim:[66916. 67630. 66717.] t2_sim:[66734. 66218. 64619.]
Task is 51.00% complete.
t1_sim:[59183. 59129. 59188.] t2_sim:[63689. 64112. 64296.]
Task is 52.00% complete.
t1_sim:[64258. 64360. 63073.] t2_sim:[60182. 60145. 60766.]
Task is 53.00% complete.
t1_sim:[67474. 67092. 66785.] t2_sim:[64750. 64489. 63597.]
Task is 54.00% complete.
t1_sim:[64291. 64513. 65174.] t2_sim:[62161. 61719. 60886.]
Task is 55.00% complete.
t1_sim:[65595. 65237. 66058.] t2_sim:[63110. 63169. 62767.]
Task is 56.00% complete.
t1_sim:[63519. 63187. 63509.] t2_sim:[65745. 65372. 63631.]
Task is 57.00% complete.
t1_sim:[61633. 61909. 63025.] t2_sim:[62292. 62297. 63681.]
Task is 58.00% complete.
t1_sim:[66820. 67041. 64994.] t2_sim:[64383. 64542. 61318.]
Task is 59.00% complete.
t1_sim:[60779. 60935. 62519.] t2_sim:[62553. 62298. 61565.]
Task is 60.00% complete.
t1_sim:[66207. 65868. 65275.] t2_sim:[61470. 61238. 61311.]
Task is 61.00% complete.
t1_sim:[66494. 65973. 64738.] t2_sim:[61681. 61678. 63449.]
Task is 62.00% complete.
t1_sim:[62597. 62557. 63616.] t2_sim:[64882. 64842. 66392.]
Task is 63.00% complete.
t1_sim:[60896. 61012. 61514.] t2_sim:[64675. 64750. 63235.]
Task is 64.00% complete.
t1_sim:[69521. 69984. 69559.] t2_sim:[62635. 62583. 62167.]
Task is 65.00% complete.
t1_sim:[62010. 62194. 63850.] t2_sim:[63607. 63108. 64458.]
Task is 66.00% complete.
t1_sim:[58024. 58347. 58078.] t2_sim:[64734. 64904. 64971.]
Task is 67.00% complete.
t1_sim:[64367. 64589. 64934.] t2_sim:[62525. 63197. 61185.]
Task is 68.00% complete.
t1_sim:[63106. 63009. 60560.] t2_sim:[62314. 62026. 61912.]
Task is 69.00% complete.
t1_sim:[62876. 62999. 62516.] t2_sim:[60324. 60350. 59189.]
Task is 70.00% complete.
t1_sim:[60813. 60600. 61210.] t2_sim:[58699. 58630. 59593.]
Task is 71.00% complete.
t1_sim:[65343. 65221. 67587.] t2_sim:[62791. 63308. 62842.]
Task is 72.00% complete.
t1_sim:[62188. 62354. 62347.] t2_sim:[67696. 67731. 67135.]
Task is 73.00% complete.
t1_sim:[66250. 65951. 68108.] t2_sim:[65134. 65307. 66193.]
Task is 74.00% complete.
t1_sim:[67656. 67577. 66869.] t2_sim:[60242. 60375. 57428.]
Task is 75.00% complete.
t1_sim:[60590. 60685. 63266.] t2_sim:[63640. 63610. 63500.]
Task is 76.00% complete.
t1_sim:[56614. 57169. 58232.] t2_sim:[58197. 58229. 59043.]
Task is 77.00% complete.
t1_sim:[65995. 65602. 67064.] t2_sim:[61702. 61658. 62309.]
Task is 78.00% complete.
t1_sim:[57177. 57116. 57840.] t2_sim:[60703. 60588. 60106.]
Task is 79.00% complete.
t1_sim:[65502. 65187. 65425.] t2_sim:[58708. 58583. 58829.]
Task is 80.00% complete.
t1_sim:[57625. 57496. 59999.] t2_sim:[61999. 62498. 62579.]
Task is 81.00% complete.
t1_sim:[60549. 60638. 62172.] t2_sim:[64405. 63872. 64349.]
Task is 82.00% complete.
t1_sim:[64507. 64290. 63417.] t2_sim:[58451. 58723. 62452.]
Task is 83.00% complete.
t1_sim:[60089. 60244. 60805.] t2_sim:[66302. 66239. 64907.]
Task is 84.00% complete.
t1_sim:[59405. 59527. 61375.] t2_sim:[68552. 68772. 70628.]
Task is 85.00% complete.
t1_sim:[61885. 61867. 60538.] t2_sim:[60418. 59819. 61570.]
Task is 86.00% complete.
t1_sim:[62707. 62830. 64622.] t2_sim:[63127. 63401. 63835.]
Task is 87.00% complete.
t1_sim:[67102. 66503. 66226.] t2_sim:[66023. 66442. 63747.]
Task is 88.00% complete.
t1_sim:[60461. 60329. 60121.] t2_sim:[63706. 63348. 64547.]
Task is 89.00% complete.
t1_sim:[63194. 63266. 62323.] t2_sim:[66230. 66094. 66508.]
Task is 90.00% complete.
t1_sim:[61719. 61200. 59584.] t2_sim:[64864. 64679. 66908.]
Task is 91.00% complete.
t1_sim:[62068. 61792. 61672.] t2_sim:[63844. 63734. 63767.]
Task is 92.00% complete.
t1_sim:[55120. 55205. 56390.] t2_sim:[68562. 68899. 68984.]
Task is 93.00% complete.
t1_sim:[61510. 61325. 60051.] t2_sim:[63540. 63361. 62251.]
Task is 94.00% complete.
t1_sim:[64108. 63774. 62568.] t2_sim:[55859. 56137. 57791.]
Task is 95.00% complete.
t1_sim:[60873. 61125. 64700.] t2_sim:[61733. 61263. 59432.]
Task is 96.00% complete.
t1_sim:[63274. 62640. 64623.] t2_sim:[58266. 58073. 59671.]
Task is 97.00% complete.
t1_sim:[61260. 61139. 61030.] t2_sim:[61168. 61266. 62126.]
Task is 98.00% complete.
t1_sim:[61846. 62416. 63526.] t2_sim:[58909. 58769. 59401.]
Task is 99.00% complete.
t1_sim:[55137. 55908. 56272.] t2_sim:[62864. 63598. 65705.]
Training start
t1_obs:[array(61198.), array(61615.), array(62329.)] t2_obs:[array(59499.), array(59125.), array(58494.)]
corr_G1:[None, None, -0.14330412096255415] corr_G2:[None, None, 0.0268171843983913]
Training end
Task is 0.00% complete.
t1_sim:[62574. 62415. 61969.] t2_sim:[60885. 60484. 60786.]
Task is 1.00% complete.
t1_sim:[61797. 61402. 61012.] t2_sim:[61446. 61070. 61118.]
Task is 2.00% complete.
t1_sim:[62893. 63021. 62573.] t2_sim:[63188. 63756. 64511.]
Task is 3.00% complete.
t1_sim:[63579. 63773. 62733.] t2_sim:[66219. 66147. 68534.]
Task is 4.00% complete.
t1_sim:[66290. 66608. 67657.] t2_sim:[59828. 60011. 62175.]
Task is 5.00% complete.
t1_sim:[64162. 64021. 65691.] t2_sim:[63960. 63168. 59464.]
Task is 6.00% complete.
t1_sim:[59139. 59544. 59629.] t2_sim:[66428. 66729. 66103.]
Task is 7.00% complete.
t1_sim:[63337. 62690. 64347.] t2_sim:[67074. 66383. 66274.]
Task is 8.00% complete.
t1_sim:[61550. 60883. 59086.] t2_sim:[59395. 59931. 62774.]
Task is 9.00% complete.
t1_sim:[63493. 62860. 62655.] t2_sim:[63316. 63147. 63758.]
Task is 10.00% complete.
t1_sim:[59397. 59345. 60296.] t2_sim:[58247. 58228. 61606.]
Task is 11.00% complete.
t1_sim:[58705. 58577. 59780.] t2_sim:[60230. 60380. 61393.]
Task is 12.00% complete.
t1_sim:[65622. 65591. 66980.] t2_sim:[60806. 60821. 60549.]
Task is 13.00% complete.
t1_sim:[64005. 64858. 63539.] t2_sim:[59949. 60043. 61684.]
Task is 14.00% complete.
t1_sim:[64826. 65248. 68638.] t2_sim:[61907. 62329. 63928.]
Task is 15.00% complete.
t1_sim:[64224. 64415. 66577.] t2_sim:[56996. 56604. 56667.]
Task is 16.00% complete.
t1_sim:[63630. 63764. 65963.] t2_sim:[63966. 63844. 63906.]
Task is 17.00% complete.
t1_sim:[64821. 64868. 67011.] t2_sim:[60834. 60674. 59952.]
Task is 18.00% complete.
t1_sim:[65403. 65277. 65374.] t2_sim:[66855. 66942. 68114.]
Task is 19.00% complete.
t1_sim:[60025. 59889. 61332.] t2_sim:[60876. 60426. 64326.]
Task is 20.00% complete.
t1_sim:[57780. 57680. 58233.] t2_sim:[63663. 63799. 60388.]
Task is 21.00% complete.
t1_sim:[61900. 62151. 64122.] t2_sim:[69365. 69332. 67098.]
Task is 22.00% complete.
t1_sim:[62807. 62511. 63795.] t2_sim:[60637. 60596. 59227.]
Task is 23.00% complete.
t1_sim:[63348. 63258. 61034.] t2_sim:[62637. 62966. 60126.]
Task is 24.00% complete.
t1_sim:[59518. 60109. 60802.] t2_sim:[65231. 65217. 65244.]
Task is 25.00% complete.
t1_sim:[59861. 60334. 61817.] t2_sim:[61612. 61838. 58569.]
Task is 26.00% complete.
t1_sim:[64655. 64489. 62594.] t2_sim:[63249. 63556. 66294.]
Task is 27.00% complete.
t1_sim:[59817. 59404. 58964.] t2_sim:[61843. 62166. 62912.]
Task is 28.00% complete.
t1_sim:[68252. 67537. 68088.] t2_sim:[55058. 54881. 56665.]
Task is 29.00% complete.
t1_sim:[63232. 62461. 61389.] t2_sim:[64083. 64346. 64637.]
Task is 30.00% complete.
t1_sim:[58379. 58375. 59051.] t2_sim:[63317. 63472. 64440.]
Task is 31.00% complete.
t1_sim:[53362. 53328. 54576.] t2_sim:[61989. 62321. 63308.]
Task is 32.00% complete.
t1_sim:[63300. 63380. 66322.] t2_sim:[61157. 61084. 61381.]
Task is 33.00% complete.
t1_sim:[62489. 62014. 62277.] t2_sim:[61223. 61092. 61535.]
Task is 34.00% complete.
t1_sim:[60212. 60472. 60746.] t2_sim:[64562. 64876. 63249.]
Task is 35.00% complete.
t1_sim:[59977. 60113. 61173.] t2_sim:[60347. 60229. 61392.]
Task is 36.00% complete.
t1_sim:[65344. 64880. 63233.] t2_sim:[67275. 67575. 67678.]
Task is 37.00% complete.
t1_sim:[67755. 67661. 65172.] t2_sim:[62440. 62915. 65382.]
Task is 38.00% complete.
t1_sim:[63629. 63550. 61564.] t2_sim:[70007. 69770. 67747.]
Task is 39.00% complete.
t1_sim:[60336. 60020. 59012.] t2_sim:[59953. 59838. 61274.]
Task is 40.00% complete.
t1_sim:[59311. 59109. 59453.] t2_sim:[67290. 66904. 65869.]
Task is 41.00% complete.
t1_sim:[59699. 60129. 61979.] t2_sim:[62655. 62606. 64316.]
Task is 42.00% complete.
t1_sim:[59013. 58660. 58443.] t2_sim:[63048. 63394. 62677.]
Task is 43.00% complete.
t1_sim:[65755. 66040. 65464.] t2_sim:[62766. 62798. 63327.]
Task is 44.00% complete.
t1_sim:[57842. 57905. 55080.] t2_sim:[57390. 57082. 58205.]
Task is 45.00% complete.
t1_sim:[63571. 63839. 64669.] t2_sim:[57609. 57964. 59396.]
Task is 46.00% complete.
t1_sim:[61234. 61927. 61897.] t2_sim:[60918. 60397. 63458.]
Task is 47.00% complete.
t1_sim:[60507. 60171. 60901.] t2_sim:[60709. 61253. 60786.]
Task is 48.00% complete.
t1_sim:[59479. 59320. 61085.] t2_sim:[59244. 59010. 57977.]
Task is 49.00% complete.
t1_sim:[58332. 58515. 59129.] t2_sim:[64395. 63995. 65633.]
Task is 50.00% complete.
t1_sim:[59739. 59804. 61033.] t2_sim:[60799. 60690. 62317.]
Task is 51.00% complete.
t1_sim:[62865. 62316. 61537.] t2_sim:[64459. 64255. 63425.]
Task is 52.00% complete.
t1_sim:[59470. 59349. 58420.] t2_sim:[57935. 57609. 58182.]
Task is 53.00% complete.
t1_sim:[60259. 60147. 61785.] t2_sim:[61465. 61024. 60688.]
Task is 54.00% complete.
t1_sim:[62856. 62239. 64652.] t2_sim:[67103. 66930. 63943.]
Task is 55.00% complete.
t1_sim:[59174. 58941. 56541.] t2_sim:[61206. 61719. 63030.]
Task is 56.00% complete.
t1_sim:[55741. 55913. 56660.] t2_sim:[60306. 60467. 62431.]
Task is 57.00% complete.
t1_sim:[63367. 63642. 63476.] t2_sim:[62427. 62866. 62636.]
Task is 58.00% complete.
t1_sim:[59645. 59493. 60540.] t2_sim:[59566. 59242. 61752.]
Task is 59.00% complete.
t1_sim:[63454. 63927. 64258.] t2_sim:[63383. 63083. 60043.]
Task is 60.00% complete.
t1_sim:[58014. 58480. 60141.] t2_sim:[65132. 64908. 64900.]
Task is 61.00% complete.
t1_sim:[64155. 64089. 63759.] t2_sim:[62885. 62577. 65595.]
Task is 62.00% complete.
t1_sim:[61327. 60746. 60151.] t2_sim:[62519. 62919. 61888.]
Task is 63.00% complete.
t1_sim:[64702. 64587. 64241.] t2_sim:[63500. 63719. 60143.]
Task is 64.00% complete.
t1_sim:[67866. 67337. 66423.] t2_sim:[65051. 64941. 64140.]
Task is 65.00% complete.
t1_sim:[61405. 61743. 63526.] t2_sim:[61588. 62005. 59832.]
Task is 66.00% complete.
t1_sim:[63934. 64274. 66342.] t2_sim:[63041. 63169. 63372.]
Task is 67.00% complete.
t1_sim:[67656. 67214. 67502.] t2_sim:[60866. 61113. 59908.]
Task is 68.00% complete.
t1_sim:[65063. 65100. 67120.] t2_sim:[54128. 54095. 54286.]
Task is 69.00% complete.
t1_sim:[63317. 63487. 62383.] t2_sim:[57346. 57278. 59642.]
Task is 70.00% complete.
t1_sim:[66134. 66230. 64975.] t2_sim:[60490. 60319. 62261.]
Task is 71.00% complete.
t1_sim:[60226. 60282. 60557.] t2_sim:[53638. 53419. 54123.]
Task is 72.00% complete.
t1_sim:[61119. 61792. 62259.] t2_sim:[59808. 59653. 59242.]
Task is 73.00% complete.
t1_sim:[61654. 61444. 60860.] t2_sim:[63459. 63911. 65316.]
Task is 74.00% complete.
t1_sim:[54563. 54051. 53297.] t2_sim:[61464. 61836. 63577.]
Task is 75.00% complete.
t1_sim:[66018. 65922. 65619.] t2_sim:[61810. 61771. 61003.]
Task is 76.00% complete.
t1_sim:[55867. 56251. 56194.] t2_sim:[54004. 54353. 57652.]
Task is 77.00% complete.
t1_sim:[61570. 61833. 61969.] t2_sim:[65344. 65184. 65120.]
Task is 78.00% complete.
t1_sim:[66898. 66858. 65361.] t2_sim:[64446. 64430. 64568.]
Task is 79.00% complete.
t1_sim:[62600. 62338. 62714.] t2_sim:[62122. 61967. 59932.]
Task is 80.00% complete.
t1_sim:[62783. 63212. 63443.] t2_sim:[64709. 64828. 65221.]
Task is 81.00% complete.
t1_sim:[63976. 63943. 63472.] t2_sim:[60629. 61199. 63438.]
Task is 82.00% complete.
t1_sim:[66016. 66630. 65597.] t2_sim:[63039. 62860. 64403.]
Task is 83.00% complete.
t1_sim:[64651. 64634. 62589.] t2_sim:[61479. 61381. 64479.]
Task is 84.00% complete.
t1_sim:[64626. 64201. 65575.] t2_sim:[67282. 67648. 67499.]
Task is 85.00% complete.
t1_sim:[63350. 63597. 62809.] t2_sim:[61353. 61907. 63518.]
Task is 86.00% complete.
t1_sim:[60812. 60537. 59930.] t2_sim:[63405. 63756. 61814.]
Task is 87.00% complete.
t1_sim:[64354. 64241. 64838.] t2_sim:[63203. 62955. 62172.]
Task is 88.00% complete.
t1_sim:[60718. 60829. 61967.] t2_sim:[63813. 64056. 61944.]
Task is 89.00% complete.
t1_sim:[65110. 65291. 66607.] t2_sim:[56019. 56303. 56306.]
Task is 90.00% complete.
t1_sim:[64853. 65212. 64524.] t2_sim:[65670. 66264. 65570.]
Task is 91.00% complete.
t1_sim:[63609. 63747. 64732.] t2_sim:[65416. 65786. 68074.]
Task is 92.00% complete.
t1_sim:[66000. 65619. 65249.] t2_sim:[65362. 65303. 64593.]
Task is 93.00% complete.
t1_sim:[64810. 64485. 64538.] t2_sim:[60929. 61776. 63277.]
Task is 94.00% complete.
t1_sim:[62896. 62753. 63861.] t2_sim:[62373. 62387. 63336.]
Task is 95.00% complete.
t1_sim:[67764. 68267. 68435.] t2_sim:[70067. 69626. 64419.]
Task is 96.00% complete.
t1_sim:[64919. 64884. 66371.] t2_sim:[63669. 63005. 65047.]
Task is 97.00% complete.
t1_sim:[60173. 59923. 59143.] t2_sim:[53600. 53490. 55402.]
Task is 98.00% complete.
t1_sim:[59188. 58899. 56937.] t2_sim:[59466. 59665. 56955.]
Task is 99.00% complete.
t1_sim:[65203. 65703. 66487.] t2_sim:[60217. 59981. 65121.]
Finished
