Iteration:  0
/scratch/jz4721/Post-prediction-Causal-Inference/venv/lib/python3.8/site-packages/numpy/core/getlimits.py:518: UserWarning: The value of the smallest subnormal for <class 'numpy.float64'> type is zero.
  setattr(self, word, getattr(machar, word).flat[0])
/scratch/jz4721/Post-prediction-Causal-Inference/venv/lib/python3.8/site-packages/numpy/core/getlimits.py:89: UserWarning: The value of the smallest subnormal for <class 'numpy.float64'> type is zero.
  return self._float_to_str(self.smallest_subnormal)
/scratch/jz4721/Post-prediction-Causal-Inference/venv/lib/python3.8/site-packages/numpy/core/getlimits.py:518: UserWarning: The value of the smallest subnormal for <class 'numpy.float32'> type is zero.
  setattr(self, word, getattr(machar, word).flat[0])
/scratch/jz4721/Post-prediction-Causal-Inference/venv/lib/python3.8/site-packages/numpy/core/getlimits.py:89: UserWarning: The value of the smallest subnormal for <class 'numpy.float32'> type is zero.
  return self._float_to_str(self.smallest_subnormal)
Training start
t1_obs:[array(64257.), array(64260.), array(63073.)] t2_obs:[array(58986.), array(59021.), array(58610.)]
corr_G1:[None, None, 0.10589685973687038] corr_G2:[None, None, -0.11788245592886465]
Training end
Task is 0.00% complete.
t1_sim:[68637. 68885. 69506.] t2_sim:[59256. 59465. 59023.]
Task is 1.00% complete.
t1_sim:[65126. 65137. 62613.] t2_sim:[60763. 60863. 60781.]
Task is 2.00% complete.
t1_sim:[58833. 59020. 60073.] t2_sim:[66882. 66355. 67884.]
Task is 3.00% complete.
t1_sim:[62345. 62269. 59269.] t2_sim:[58945. 58668. 58065.]
Task is 4.00% complete.
t1_sim:[63900. 64028. 63328.] t2_sim:[57733. 57482. 56735.]
Task is 5.00% complete.
t1_sim:[65849. 65913. 66227.] t2_sim:[61491. 61027. 62417.]
Task is 6.00% complete.
t1_sim:[62259. 61927. 57914.] t2_sim:[62295. 62454. 61795.]
Task is 7.00% complete.
t1_sim:[67120. 67024. 63693.] t2_sim:[62362. 62571. 62273.]
Task is 8.00% complete.
t1_sim:[60387. 60304. 61340.] t2_sim:[58995. 58886. 56979.]
Task is 9.00% complete.
t1_sim:[62458. 61847. 57804.] t2_sim:[63694. 63823. 65493.]
Task is 10.00% complete.
t1_sim:[61289. 60968. 64818.] t2_sim:[61096. 60962. 60607.]
Task is 11.00% complete.
t1_sim:[68898. 68911. 69144.] t2_sim:[61847. 61789. 63233.]
Task is 12.00% complete.
t1_sim:[63073. 63021. 61737.] t2_sim:[65206. 64557. 62481.]
Task is 13.00% complete.
t1_sim:[62435. 62584. 63437.] t2_sim:[67832. 68170. 67885.]
Task is 14.00% complete.
t1_sim:[59745. 59774. 61369.] t2_sim:[68285. 68053. 67922.]
Task is 15.00% complete.
t1_sim:[69586. 69629. 70200.] t2_sim:[61492. 61340. 60781.]
Task is 16.00% complete.
t1_sim:[60928. 60895. 62899.] t2_sim:[60081. 59891. 59351.]
Task is 17.00% complete.
t1_sim:[66234. 66158. 65958.] t2_sim:[59681. 59586. 57829.]
Task is 18.00% complete.
t1_sim:[64602. 64952. 65690.] t2_sim:[64231. 64633. 61951.]
Task is 19.00% complete.
t1_sim:[69556. 69916. 69468.] t2_sim:[61882. 61940. 61281.]
Task is 20.00% complete.
t1_sim:[65000. 65044. 67258.] t2_sim:[64080. 64194. 63502.]
Task is 21.00% complete.
t1_sim:[65339. 65386. 64317.] t2_sim:[64865. 64561. 62785.]
Task is 22.00% complete.
t1_sim:[63836. 63859. 63597.] t2_sim:[62002. 61898. 59485.]
Task is 23.00% complete.
t1_sim:[63168. 62762. 64069.] t2_sim:[60095. 60476. 57357.]
Task is 24.00% complete.
t1_sim:[60877. 61687. 64625.] t2_sim:[62769. 62698. 60132.]
Task is 25.00% complete.
t1_sim:[59710. 59212. 62780.] t2_sim:[59340. 59359. 59192.]
Task is 26.00% complete.
t1_sim:[65475. 65133. 63123.] t2_sim:[62009. 62253. 63535.]
Task is 27.00% complete.
t1_sim:[56696. 56445. 57287.] t2_sim:[61115. 61106. 61567.]
Task is 28.00% complete.
t1_sim:[65139. 65275. 63897.] t2_sim:[62339. 62551. 61468.]
Task is 29.00% complete.
t1_sim:[64426. 64284. 66315.] t2_sim:[59643. 59756. 56977.]
Task is 30.00% complete.
t1_sim:[56915. 57018. 58806.] t2_sim:[62578. 62692. 63264.]
Task is 31.00% complete.
t1_sim:[65607. 65859. 64182.] t2_sim:[58859. 59002. 58772.]
Task is 32.00% complete.
t1_sim:[60139. 60365. 60437.] t2_sim:[62459. 62642. 64002.]
Task is 33.00% complete.
t1_sim:[61616. 61439. 61290.] t2_sim:[60957. 61188. 62316.]
Task is 34.00% complete.
t1_sim:[63430. 63163. 63558.] t2_sim:[63721. 63595. 61924.]
Task is 35.00% complete.
t1_sim:[69497. 68902. 69267.] t2_sim:[64640. 64938. 63459.]
Task is 36.00% complete.
t1_sim:[67432. 67088. 66348.] t2_sim:[63224. 63431. 64209.]
Task is 37.00% complete.
t1_sim:[63893. 63592. 59562.] t2_sim:[67618. 67967. 66051.]
Task is 38.00% complete.
t1_sim:[65483. 65560. 64043.] t2_sim:[61636. 61575. 60910.]
Task is 39.00% complete.
t1_sim:[64531. 64304. 64684.] t2_sim:[58983. 58835. 56607.]
Task is 40.00% complete.
t1_sim:[57951. 58184. 58921.] t2_sim:[57055. 57193. 59342.]
Task is 41.00% complete.
t1_sim:[62493. 62262. 64654.] t2_sim:[65834. 65393. 65161.]
Task is 42.00% complete.
t1_sim:[67502. 67547. 69175.] t2_sim:[61947. 61829. 60008.]
Task is 43.00% complete.
t1_sim:[66170. 66485. 69579.] t2_sim:[56103. 56273. 54676.]
Task is 44.00% complete.
t1_sim:[70497. 70231. 69935.] t2_sim:[65292. 64712. 64517.]
Task is 45.00% complete.
t1_sim:[58084. 58276. 58884.] t2_sim:[68334. 68561. 66283.]
Task is 46.00% complete.
t1_sim:[61057. 61172. 56441.] t2_sim:[62128. 62153. 60201.]
Task is 47.00% complete.
t1_sim:[66478. 66782. 66547.] t2_sim:[61547. 61623. 62336.]
Task is 48.00% complete.
t1_sim:[62505. 62585. 63015.] t2_sim:[60822. 60990. 63419.]
Task is 49.00% complete.
t1_sim:[61660. 61411. 60830.] t2_sim:[60872. 60624. 62219.]
Task is 50.00% complete.
t1_sim:[61996. 61929. 61129.] t2_sim:[65039. 64860. 63305.]
Task is 51.00% complete.
t1_sim:[63034. 63002. 60741.] t2_sim:[56855. 56364. 55394.]
Task is 52.00% complete.
t1_sim:[63318. 63011. 62748.] t2_sim:[61946. 61819. 60803.]
Task is 53.00% complete.
t1_sim:[65977. 65532. 65358.] t2_sim:[67207. 67078. 66686.]
Task is 54.00% complete.
t1_sim:[60765. 60654. 63776.] t2_sim:[64193. 64609. 65309.]
Task is 55.00% complete.
t1_sim:[61261. 61489. 64297.] t2_sim:[65213. 65203. 63320.]
Task is 56.00% complete.
t1_sim:[66216. 66449. 65569.] t2_sim:[64963. 64404. 63408.]
Task is 57.00% complete.
t1_sim:[64397. 64665. 66236.] t2_sim:[64806. 64639. 63703.]
Task is 58.00% complete.
t1_sim:[59404. 59615. 60950.] t2_sim:[62288. 62127. 58801.]
Task is 59.00% complete.
t1_sim:[64908. 64855. 62885.] t2_sim:[65804. 65520. 64373.]
Task is 60.00% complete.
t1_sim:[60838. 60642. 59620.] t2_sim:[63505. 63687. 60998.]
Task is 61.00% complete.
t1_sim:[62691. 62296. 58796.] t2_sim:[63492. 63493. 64517.]
Task is 62.00% complete.
t1_sim:[61778. 62248. 61739.] t2_sim:[58534. 58418. 57575.]
Task is 63.00% complete.
t1_sim:[57539. 57237. 60125.] t2_sim:[62175. 62473. 62304.]
Task is 64.00% complete.
t1_sim:[65598. 65569. 65384.] t2_sim:[63666. 63562. 60648.]
Task is 65.00% complete.
t1_sim:[59319. 59244. 58700.] t2_sim:[57972. 58156. 57308.]
Task is 66.00% complete.
t1_sim:[60006. 60032. 60199.] t2_sim:[62895. 63286. 64431.]
Task is 67.00% complete.
t1_sim:[59345. 59567. 62689.] t2_sim:[61432. 61546. 60876.]
Task is 68.00% complete.
t1_sim:[61102. 60950. 60068.] t2_sim:[59114. 59054. 55865.]
Task is 69.00% complete.
t1_sim:[62843. 62841. 60857.] t2_sim:[65335. 65354. 64574.]
Task is 70.00% complete.
t1_sim:[59320. 59768. 61376.] t2_sim:[60095. 60051. 59771.]
Task is 71.00% complete.
t1_sim:[63700. 63987. 65035.] t2_sim:[65446. 65229. 62618.]
Task is 72.00% complete.
t1_sim:[58759. 58804. 60898.] t2_sim:[63223. 63120. 63184.]
Task is 73.00% complete.
t1_sim:[64747. 64607. 63397.] t2_sim:[62910. 62888. 62091.]
Task is 74.00% complete.
t1_sim:[66404. 66109. 66704.] t2_sim:[64254. 64417. 62926.]
Task is 75.00% complete.
t1_sim:[59731. 59564. 56229.] t2_sim:[60851. 61185. 57809.]
Task is 76.00% complete.
t1_sim:[63341. 63202. 63363.] t2_sim:[56147. 55953. 57926.]
Task is 77.00% complete.
t1_sim:[65522. 65446. 67855.] t2_sim:[57513. 57872. 57580.]
Task is 78.00% complete.
t1_sim:[66687. 66205. 67774.] t2_sim:[65234. 65234. 64208.]
Task is 79.00% complete.
t1_sim:[59290. 59235. 59161.] t2_sim:[61200. 61193. 60738.]
Task is 80.00% complete.
t1_sim:[64653. 64447. 62885.] t2_sim:[62729. 63117. 62233.]
Task is 81.00% complete.
t1_sim:[58104. 58075. 61196.] t2_sim:[63013. 63071. 64434.]
Task is 82.00% complete.
t1_sim:[58138. 58138. 58707.] t2_sim:[63950. 63575. 62416.]
Task is 83.00% complete.
t1_sim:[63765. 63748. 61369.] t2_sim:[59380. 59294. 57796.]
Task is 84.00% complete.
t1_sim:[67392. 67537. 65733.] t2_sim:[53873. 53803. 53456.]
Task is 85.00% complete.
t1_sim:[68045. 68190. 68651.] t2_sim:[61103. 61001. 62057.]
Task is 86.00% complete.
t1_sim:[59947. 60170. 58196.] t2_sim:[60395. 60632. 61042.]
Task is 87.00% complete.
t1_sim:[60177. 59730. 60286.] t2_sim:[61302. 61525. 58815.]
Task is 88.00% complete.
t1_sim:[60954. 60458. 57994.] t2_sim:[65078. 64973. 65794.]
Task is 89.00% complete.
t1_sim:[67184. 67681. 69200.] t2_sim:[66665. 66449. 67044.]
Task is 90.00% complete.
t1_sim:[66365. 66493. 65109.] t2_sim:[66695. 66422. 63961.]
Task is 91.00% complete.
t1_sim:[54602. 54130. 55122.] t2_sim:[67507. 67407. 64669.]
Task is 92.00% complete.
t1_sim:[60963. 60741. 63752.] t2_sim:[63822. 63162. 60666.]
Task is 93.00% complete.
t1_sim:[63376. 63146. 61966.] t2_sim:[59371. 59392. 60125.]
Task is 94.00% complete.
t1_sim:[63382. 63599. 62830.] t2_sim:[65846. 66093. 65336.]
Task is 95.00% complete.
t1_sim:[59598. 59685. 59629.] t2_sim:[63047. 63135. 60201.]
Task is 96.00% complete.
t1_sim:[65598. 65552. 65130.] t2_sim:[57398. 57841. 58108.]
Task is 97.00% complete.
t1_sim:[64234. 64132. 64028.] t2_sim:[57074. 57218. 57683.]
Task is 98.00% complete.
t1_sim:[60383. 60527. 60580.] t2_sim:[61142. 61397. 61027.]
Task is 99.00% complete.
t1_sim:[65492. 64808. 62643.] t2_sim:[69139. 68757. 66418.]
level of Median Imputer:  0.0
level of LR Imputer:  0.0
level of XGBoost Imputer:  0.0
