/scratch/jz4721/Post-prediction-Causal-Inference/venv/lib/python3.8/site-packages/numpy/core/getlimits.py:518: UserWarning: The value of the smallest subnormal for <class 'numpy.float64'> type is zero.
  setattr(self, word, getattr(machar, word).flat[0])
/scratch/jz4721/Post-prediction-Causal-Inference/venv/lib/python3.8/site-packages/numpy/core/getlimits.py:89: UserWarning: The value of the smallest subnormal for <class 'numpy.float64'> type is zero.
  return self._float_to_str(self.smallest_subnormal)
/scratch/jz4721/Post-prediction-Causal-Inference/venv/lib/python3.8/site-packages/numpy/core/getlimits.py:518: UserWarning: The value of the smallest subnormal for <class 'numpy.float32'> type is zero.
  setattr(self, word, getattr(machar, word).flat[0])
/scratch/jz4721/Post-prediction-Causal-Inference/venv/lib/python3.8/site-packages/numpy/core/getlimits.py:89: UserWarning: The value of the smallest subnormal for <class 'numpy.float32'> type is zero.
  return self._float_to_str(self.smallest_subnormal)
Training start
t1_obs:[array(67119.), array(67100.), array(65312.)] t2_obs:[array(63102.), array(63471.), array(59882.)]
corr_G1:[None, None, -1.2882335616928211e-17] corr_G2:[None, None, -1.7179412335214772e-17]
Training end
Task is 0.00% complete.
t1_sim:[61753. 62052. 62126.] t2_sim:[62780. 62846. 60596.]
Task is 1.00% complete.
t1_sim:[61302. 61268. 61810.] t2_sim:[65938. 65968. 63022.]
Task is 2.00% complete.
t1_sim:[61134. 61383. 62601.] t2_sim:[66214. 66495. 66967.]
Task is 3.00% complete.
t1_sim:[58593. 59367. 63165.] t2_sim:[65097. 65083. 67107.]
Task is 4.00% complete.
t1_sim:[65686. 65450. 65733.] t2_sim:[62882. 62918. 64433.]
Task is 5.00% complete.
t1_sim:[64274. 64332. 64423.] t2_sim:[63185. 63382. 62898.]
Task is 6.00% complete.
t1_sim:[65047. 64813. 65310.] t2_sim:[63042. 63047. 63280.]
Task is 7.00% complete.
t1_sim:[62809. 62786. 63705.] t2_sim:[60826. 60843. 61176.]
Task is 8.00% complete.
t1_sim:[64543. 64740. 64703.] t2_sim:[59376. 59562. 59348.]
Task is 9.00% complete.
t1_sim:[67265. 67084. 68510.] t2_sim:[65616. 65702. 62527.]
Task is 10.00% complete.
t1_sim:[60221. 59891. 63550.] t2_sim:[58132. 57935. 58786.]
Task is 11.00% complete.
t1_sim:[62215. 61918. 59420.] t2_sim:[61075. 61257. 59558.]
Task is 12.00% complete.
t1_sim:[60433. 60186. 58545.] t2_sim:[61562. 61231. 63510.]
Task is 13.00% complete.
t1_sim:[62061. 62162. 65577.] t2_sim:[68046. 68024. 68963.]
Task is 14.00% complete.
t1_sim:[60967. 60873. 61755.] t2_sim:[66915. 67137. 68705.]
Task is 15.00% complete.
t1_sim:[62012. 61685. 64321.] t2_sim:[63376. 63035. 65762.]
Task is 16.00% complete.
t1_sim:[66869. 66857. 67110.] t2_sim:[67776. 68332. 70947.]
Task is 17.00% complete.
t1_sim:[64317. 64319. 62680.] t2_sim:[63504. 63306. 64276.]
Task is 18.00% complete.
t1_sim:[66334. 66636. 65046.] t2_sim:[65018. 65035. 66072.]
Task is 19.00% complete.
t1_sim:[62895. 62718. 62448.] t2_sim:[59690. 59431. 61334.]
Task is 20.00% complete.
t1_sim:[66302. 66200. 67335.] t2_sim:[67198. 67661. 69000.]
Task is 21.00% complete.
t1_sim:[59191. 59414. 64098.] t2_sim:[61209. 61103. 64515.]
Task is 22.00% complete.
t1_sim:[63595. 63092. 63649.] t2_sim:[62039. 62190. 61955.]
Task is 23.00% complete.
t1_sim:[61007. 61003. 61045.] t2_sim:[58978. 58993. 62053.]
Task is 24.00% complete.
t1_sim:[66463. 66769. 66222.] t2_sim:[61739. 61746. 62441.]
Task is 25.00% complete.
t1_sim:[63941. 63985. 66711.] t2_sim:[60745. 60506. 59564.]
Task is 26.00% complete.
t1_sim:[59802. 60153. 59816.] t2_sim:[59980. 60434. 64077.]
Task is 27.00% complete.
t1_sim:[61102. 61058. 64564.] t2_sim:[59120. 59418. 60176.]
Task is 28.00% complete.
t1_sim:[61693. 61718. 61456.] t2_sim:[62692. 62445. 62204.]
Task is 29.00% complete.
t1_sim:[61007. 61408. 60776.] t2_sim:[62718. 62680. 61605.]
Task is 30.00% complete.
t1_sim:[63462. 63335. 61773.] t2_sim:[65833. 65859. 64836.]
Task is 31.00% complete.
t1_sim:[58126. 58338. 60812.] t2_sim:[63241. 63565. 62477.]
Task is 32.00% complete.
t1_sim:[63096. 62510. 61631.] t2_sim:[66660. 66612. 67473.]
Task is 33.00% complete.
t1_sim:[60251. 59851. 58526.] t2_sim:[67657. 67531. 67716.]
Task is 34.00% complete.
t1_sim:[63768. 63939. 61380.] t2_sim:[60405. 60449. 60954.]
Task is 35.00% complete.
t1_sim:[66260. 66057. 61707.] t2_sim:[63148. 63798. 62041.]
Task is 36.00% complete.
t1_sim:[62005. 61564. 62527.] t2_sim:[61466. 61355. 61907.]
Task is 37.00% complete.
t1_sim:[64450. 64691. 65277.] t2_sim:[62932. 62680. 60846.]
Task is 38.00% complete.
t1_sim:[64404. 64209. 64102.] t2_sim:[62933. 62880. 63655.]
Task is 39.00% complete.
t1_sim:[55002. 55156. 52367.] t2_sim:[61083. 61186. 60455.]
Task is 40.00% complete.
t1_sim:[63209. 63411. 63196.] t2_sim:[63215. 62960. 60859.]
Task is 41.00% complete.
t1_sim:[59825. 59582. 59830.] t2_sim:[65399. 65106. 66254.]
Task is 42.00% complete.
t1_sim:[62157. 62115. 61008.] t2_sim:[64130. 63516. 60323.]
Task is 43.00% complete.
t1_sim:[58250. 58322. 57899.] t2_sim:[65942. 65803. 67482.]
Task is 44.00% complete.
t1_sim:[62256. 62437. 61535.] t2_sim:[62747. 62735. 60023.]
Task is 45.00% complete.
t1_sim:[63179. 62927. 58800.] t2_sim:[65591. 65750. 66114.]
Task is 46.00% complete.
t1_sim:[62007. 62536. 64214.] t2_sim:[67813. 67615. 68377.]
Task is 47.00% complete.
t1_sim:[66184. 66185. 66128.] t2_sim:[65776. 65602. 64388.]
Task is 48.00% complete.
t1_sim:[59758. 59599. 57627.] t2_sim:[64417. 64150. 63447.]
Task is 49.00% complete.
t1_sim:[57894. 57687. 56541.] t2_sim:[62761. 62520. 63565.]
Task is 50.00% complete.
t1_sim:[67392. 67072. 67361.] t2_sim:[54571. 54168. 56136.]
Task is 51.00% complete.
t1_sim:[61305. 61211. 62231.] t2_sim:[64226. 64373. 63231.]
Task is 52.00% complete.
t1_sim:[65295. 65204. 65365.] t2_sim:[63898. 63845. 65082.]
Task is 53.00% complete.
t1_sim:[62358. 62073. 65072.] t2_sim:[61327. 61359. 61137.]
Task is 54.00% complete.
t1_sim:[54958. 54959. 58386.] t2_sim:[64225. 64392. 64699.]
Task is 55.00% complete.
t1_sim:[62582. 62477. 60749.] t2_sim:[68407. 68595. 65948.]
Task is 56.00% complete.
t1_sim:[63722. 63662. 65516.] t2_sim:[68447. 68282. 67603.]
Task is 57.00% complete.
t1_sim:[65394. 65609. 64724.] t2_sim:[58724. 58766. 60179.]
Task is 58.00% complete.
t1_sim:[61073. 61282. 62572.] t2_sim:[58816. 58504. 61184.]
Task is 59.00% complete.
t1_sim:[59131. 59222. 57315.] t2_sim:[58629. 58874. 59881.]
Task is 60.00% complete.
t1_sim:[61212. 61370. 61935.] t2_sim:[60014. 59888. 56894.]
Task is 61.00% complete.
t1_sim:[65267. 65370. 65211.] t2_sim:[61014. 61103. 59840.]
Task is 62.00% complete.
t1_sim:[60749. 60919. 60640.] t2_sim:[61914. 61795. 67810.]
Task is 63.00% complete.
t1_sim:[62789. 62637. 64956.] t2_sim:[64219. 64601. 64312.]
Task is 64.00% complete.
t1_sim:[63929. 63867. 64183.] t2_sim:[65704. 65761. 66029.]
Task is 65.00% complete.
t1_sim:[66747. 66948. 66699.] t2_sim:[65441. 65161. 62955.]
Task is 66.00% complete.
t1_sim:[65876. 66105. 65120.] t2_sim:[67324. 67032. 70070.]
Task is 67.00% complete.
t1_sim:[63019. 62825. 62608.] t2_sim:[62834. 62677. 61919.]
Task is 68.00% complete.
t1_sim:[56632. 56805. 59649.] t2_sim:[57545. 57308. 57415.]
Task is 69.00% complete.
t1_sim:[59461. 59491. 63216.] t2_sim:[57978. 57805. 63749.]
Task is 70.00% complete.
t1_sim:[67829. 67791. 68130.] t2_sim:[62415. 62589. 61482.]
Task is 71.00% complete.
t1_sim:[61805. 61752. 63872.] t2_sim:[59432. 59627. 56486.]
Task is 72.00% complete.
t1_sim:[60260. 60468. 58344.] t2_sim:[62131. 62098. 63579.]
Task is 73.00% complete.
t1_sim:[65360. 65771. 64131.] t2_sim:[60105. 60398. 58367.]
Task is 74.00% complete.
t1_sim:[60868. 60919. 61302.] t2_sim:[63422. 63343. 69075.]
Task is 75.00% complete.
t1_sim:[64335. 64306. 63592.] t2_sim:[60498. 60571. 61348.]
Task is 76.00% complete.
t1_sim:[62004. 62341. 58421.] t2_sim:[61232. 61370. 61259.]
Task is 77.00% complete.
t1_sim:[60393. 60505. 60958.] t2_sim:[63459. 63558. 63646.]
Task is 78.00% complete.
t1_sim:[68338. 68024. 64105.] t2_sim:[57287. 56939. 55574.]
Task is 79.00% complete.
t1_sim:[62470. 62059. 61066.] t2_sim:[70182. 70579. 69958.]
Task is 80.00% complete.
t1_sim:[63735. 63793. 64611.] t2_sim:[63219. 63535. 65313.]
Task is 81.00% complete.
t1_sim:[69133. 68938. 70714.] t2_sim:[67986. 68007. 68482.]
Task is 82.00% complete.
t1_sim:[67024. 67086. 65644.] t2_sim:[63481. 63657. 62322.]
Task is 83.00% complete.
t1_sim:[62713. 62245. 61395.] t2_sim:[63628. 63542. 65697.]
Task is 84.00% complete.
t1_sim:[60100. 60639. 61118.] t2_sim:[63095. 63246. 68435.]
Task is 85.00% complete.
t1_sim:[66230. 66368. 64671.] t2_sim:[59970. 60330. 62250.]
Task is 86.00% complete.
t1_sim:[64680. 64317. 64460.] t2_sim:[61738. 61695. 61129.]
Task is 87.00% complete.
t1_sim:[61002. 61352. 60339.] t2_sim:[59865. 59739. 60883.]
Task is 88.00% complete.
t1_sim:[63501. 63447. 56691.] t2_sim:[55765. 55654. 58146.]
Task is 89.00% complete.
t1_sim:[60635. 60535. 63055.] t2_sim:[64537. 64220. 63769.]
Task is 90.00% complete.
t1_sim:[65274. 65261. 64567.] t2_sim:[61342. 61597. 63469.]
Task is 91.00% complete.
t1_sim:[61280. 60820. 62872.] t2_sim:[64092. 63946. 65337.]
Task is 92.00% complete.
t1_sim:[62980. 63062. 64911.] t2_sim:[62904. 62802. 66780.]
Task is 93.00% complete.
t1_sim:[58880. 59194. 61456.] t2_sim:[65907. 66002. 64976.]
Task is 94.00% complete.
t1_sim:[59783. 59938. 62013.] t2_sim:[63586. 63823. 63418.]
Task is 95.00% complete.
t1_sim:[59481. 59244. 56345.] t2_sim:[57438. 57727. 60723.]
Task is 96.00% complete.
t1_sim:[68665. 68801. 65848.] t2_sim:[65227. 65362. 65083.]
Task is 97.00% complete.
t1_sim:[69414. 69413. 67008.] t2_sim:[64424. 64131. 64930.]
Task is 98.00% complete.
t1_sim:[63789. 63825. 60050.] t2_sim:[64303. 64330. 65839.]
Task is 99.00% complete.
t1_sim:[62836. 62505. 60249.] t2_sim:[60851. 61179. 59217.]
Training start
t1_obs:[array(67119.), array(67100.), array(64616.)] t2_obs:[array(63102.), array(63471.), array(62427.)]
corr_G1:[None, None, 0.9964415162155468] corr_G2:[None, None, 0.9876183603387497]
Training end
Task is 0.00% complete.
t1_sim:[59267. 59250. 60737.] t2_sim:[64892. 65145. 65201.]
Task is 1.00% complete.
t1_sim:[61167. 61405. 60036.] t2_sim:[60756. 61068. 61096.]
Task is 2.00% complete.
t1_sim:[56178. 56070. 57291.] t2_sim:[61784. 62444. 63171.]
Task is 3.00% complete.
t1_sim:[65589. 65310. 64942.] t2_sim:[62650. 62770. 62239.]
Task is 4.00% complete.
t1_sim:[61099. 61015. 62391.] t2_sim:[63625. 63528. 62561.]
Task is 5.00% complete.
t1_sim:[60339. 60162. 59574.] t2_sim:[63519. 63848. 63986.]
Task is 6.00% complete.
t1_sim:[60789. 60676. 63573.] t2_sim:[62612. 62527. 63152.]
Task is 7.00% complete.
t1_sim:[65416. 65095. 65110.] t2_sim:[71064. 70952. 68974.]
Task is 8.00% complete.
t1_sim:[65085. 64756. 65893.] t2_sim:[67005. 67021. 66319.]
Task is 9.00% complete.
t1_sim:[63775. 64323. 65324.] t2_sim:[58291. 58335. 59594.]
Task is 10.00% complete.
t1_sim:[56772. 57022. 57394.] t2_sim:[57092. 56964. 56298.]
Task is 11.00% complete.
t1_sim:[62640. 62485. 62326.] t2_sim:[63201. 63435. 64103.]
Task is 12.00% complete.
t1_sim:[67227. 66953. 67722.] t2_sim:[62501. 62706. 63878.]
Task is 13.00% complete.
t1_sim:[60852. 60800. 60321.] t2_sim:[59865. 59715. 61873.]
Task is 14.00% complete.
t1_sim:[63779. 63729. 62325.] t2_sim:[57847. 57364. 55293.]
Task is 15.00% complete.
t1_sim:[66557. 66532. 64548.] t2_sim:[60694. 61132. 61140.]
Task is 16.00% complete.
t1_sim:[63355. 62991. 61733.] t2_sim:[63453. 63424. 60831.]
Task is 17.00% complete.
t1_sim:[65023. 65134. 64228.] t2_sim:[64171. 64409. 63415.]
Task is 18.00% complete.
t1_sim:[63407. 62821. 63093.] t2_sim:[66127. 66447. 67459.]
Task is 19.00% complete.
t1_sim:[63577. 63318. 62104.] t2_sim:[68700. 68728. 70866.]
Task is 20.00% complete.
t1_sim:[64343. 64450. 66266.] t2_sim:[65558. 65439. 68645.]
Task is 21.00% complete.
t1_sim:[58723. 58600. 58847.] t2_sim:[61932. 62437. 63412.]
Task is 22.00% complete.
t1_sim:[67213. 67429. 68798.] t2_sim:[64420. 64543. 64738.]
Task is 23.00% complete.
t1_sim:[60102. 60087. 60895.] t2_sim:[60494. 60451. 60718.]
Task is 24.00% complete.
t1_sim:[58183. 57882. 55736.] t2_sim:[65841. 65617. 68715.]
Task is 25.00% complete.
t1_sim:[63626. 63781. 65632.] t2_sim:[55004. 54871. 58421.]
Task is 26.00% complete.
t1_sim:[61053. 60755. 61040.] t2_sim:[55102. 54928. 55291.]
Task is 27.00% complete.
t1_sim:[67180. 67082. 66216.] t2_sim:[63224. 63488. 63715.]
Task is 28.00% complete.
t1_sim:[64240. 63792. 62365.] t2_sim:[63903. 63434. 63360.]
Task is 29.00% complete.
t1_sim:[59494. 59595. 59612.] t2_sim:[65236. 65330. 64294.]
Task is 30.00% complete.
t1_sim:[62920. 62744. 62463.] t2_sim:[58921. 58656. 59265.]
Task is 31.00% complete.
t1_sim:[64360. 64416. 64376.] t2_sim:[64644. 64735. 63229.]
Task is 32.00% complete.
t1_sim:[69231. 69275. 67400.] t2_sim:[65850. 65473. 64896.]
Task is 33.00% complete.
t1_sim:[63219. 63405. 63496.] t2_sim:[62027. 61812. 63462.]
Task is 34.00% complete.
t1_sim:[61716. 62080. 62731.] t2_sim:[63618. 63201. 62652.]
Task is 35.00% complete.
t1_sim:[67598. 68020. 67868.] t2_sim:[65150. 64884. 63012.]
Task is 36.00% complete.
t1_sim:[62065. 61977. 62749.] t2_sim:[62403. 62805. 61422.]
Task is 37.00% complete.
t1_sim:[60474. 60558. 60303.] t2_sim:[69619. 69259. 68105.]
Task is 38.00% complete.
t1_sim:[58908. 58815. 57000.] t2_sim:[59501. 59175. 60160.]
Task is 39.00% complete.
t1_sim:[67327. 67770. 68658.] t2_sim:[58186. 58335. 60401.]
Task is 40.00% complete.
t1_sim:[63942. 63674. 62449.] t2_sim:[63896. 64179. 64990.]
Task is 41.00% complete.
t1_sim:[59742. 59589. 59757.] t2_sim:[64327. 64443. 64091.]
Task is 42.00% complete.
t1_sim:[67004. 66970. 63561.] t2_sim:[62271. 62288. 62276.]
Task is 43.00% complete.
t1_sim:[54891. 54874. 56428.] t2_sim:[58369. 58360. 59727.]
Task is 44.00% complete.
t1_sim:[65785. 65383. 65779.] t2_sim:[57997. 57994. 59647.]
Task is 45.00% complete.
t1_sim:[60265. 60289. 59731.] t2_sim:[57941. 57931. 58218.]
Task is 46.00% complete.
t1_sim:[63406. 63726. 61722.] t2_sim:[66055. 66132. 64732.]
Task is 47.00% complete.
t1_sim:[66450. 66743. 66670.] t2_sim:[63588. 63594. 63547.]
Task is 48.00% complete.
t1_sim:[58786. 58643. 57078.] t2_sim:[62029. 61887. 63015.]
Task is 49.00% complete.
t1_sim:[69020. 69388. 67331.] t2_sim:[60378. 60034. 60681.]
Task is 50.00% complete.
t1_sim:[61045. 61191. 60829.] t2_sim:[59447. 59576. 60603.]
Task is 51.00% complete.
t1_sim:[67501. 67520. 69171.] t2_sim:[60074. 59752. 56657.]
Task is 52.00% complete.
t1_sim:[61035. 60978. 61732.] t2_sim:[61544. 61483. 62777.]
Task is 53.00% complete.
t1_sim:[66781. 66735. 65206.] t2_sim:[62176. 62531. 64532.]
Task is 54.00% complete.
t1_sim:[63591. 63564. 61992.] t2_sim:[65430. 65322. 66785.]
Task is 55.00% complete.
t1_sim:[57703. 57913. 55765.] t2_sim:[66907. 67028. 67120.]
Task is 56.00% complete.
t1_sim:[65396. 65332. 66962.] t2_sim:[60380. 60423. 57849.]
Task is 57.00% complete.
t1_sim:[61016. 60878. 61182.] t2_sim:[66785. 66978. 66266.]
Task is 58.00% complete.
t1_sim:[63089. 63207. 62369.] t2_sim:[66250. 66374. 64244.]
Task is 59.00% complete.
t1_sim:[67196. 67219. 65657.] t2_sim:[65199. 65236. 64426.]
Task is 60.00% complete.
t1_sim:[67418. 67609. 68402.] t2_sim:[58457. 58230. 58933.]
Task is 61.00% complete.
t1_sim:[69579. 69996. 70053.] t2_sim:[59746. 59600. 58762.]
Task is 62.00% complete.
t1_sim:[62837. 62921. 61836.] t2_sim:[60660. 60937. 59882.]
Task is 63.00% complete.
t1_sim:[58538. 58581. 57800.] t2_sim:[61413. 61436. 61637.]
Task is 64.00% complete.
t1_sim:[62830. 63036. 62122.] t2_sim:[64061. 63858. 62579.]
Task is 65.00% complete.
t1_sim:[63504. 63466. 63385.] t2_sim:[66360. 66470. 66434.]
Task is 66.00% complete.
t1_sim:[60542. 60243. 61076.] t2_sim:[62296. 62487. 62298.]
Task is 67.00% complete.
t1_sim:[67773. 67437. 67016.] t2_sim:[63203. 62887. 61801.]
Task is 68.00% complete.
t1_sim:[61276. 61050. 60065.] t2_sim:[61554. 61205. 61840.]
Task is 69.00% complete.
t1_sim:[60562. 60300. 58856.] t2_sim:[59022. 58606. 60615.]
Task is 70.00% complete.
t1_sim:[60719. 60740. 59959.] t2_sim:[61166. 61433. 62328.]
Task is 71.00% complete.
t1_sim:[62041. 62408. 61869.] t2_sim:[63557. 63566. 63111.]
Task is 72.00% complete.
t1_sim:[67858. 67812. 66249.] t2_sim:[68730. 68999. 67061.]
Task is 73.00% complete.
t1_sim:[60285. 60167. 61415.] t2_sim:[61929. 61875. 61672.]
Task is 74.00% complete.
t1_sim:[70330. 70102. 70038.] t2_sim:[66499. 66413. 65308.]
Task is 75.00% complete.
t1_sim:[69069. 68835. 67899.] t2_sim:[63979. 64014. 66314.]
Task is 76.00% complete.
t1_sim:[65390. 65278. 62205.] t2_sim:[64361. 64373. 63160.]
Task is 77.00% complete.
t1_sim:[63288. 62906. 63150.] t2_sim:[66043. 66458. 67102.]
Task is 78.00% complete.
t1_sim:[61028. 60840. 62213.] t2_sim:[58816. 59000. 60161.]
Task is 79.00% complete.
t1_sim:[64450. 64056. 62061.] t2_sim:[60697. 60425. 59698.]
Task is 80.00% complete.
t1_sim:[65267. 65468. 63812.] t2_sim:[58898. 58740. 58498.]
Task is 81.00% complete.
t1_sim:[61741. 61640. 60816.] t2_sim:[67536. 67895. 67797.]
Task is 82.00% complete.
t1_sim:[63399. 63589. 61203.] t2_sim:[60954. 60567. 61500.]
Task is 83.00% complete.
t1_sim:[60717. 60804. 59616.] t2_sim:[59460. 59159. 58340.]
Task is 84.00% complete.
t1_sim:[62595. 62144. 61581.] t2_sim:[67603. 67938. 67911.]
Task is 85.00% complete.
t1_sim:[59894. 59898. 60105.] t2_sim:[57334. 57514. 59538.]
Task is 86.00% complete.
t1_sim:[59564. 59283. 58530.] t2_sim:[64808. 64475. 64407.]
Task is 87.00% complete.
t1_sim:[60780. 60692. 59997.] t2_sim:[67269. 66886. 64659.]
Task is 88.00% complete.
t1_sim:[60123. 59869. 61288.] t2_sim:[58527. 58715. 59436.]
Task is 89.00% complete.
t1_sim:[55095. 55488. 55415.] t2_sim:[66977. 66784. 65508.]
Task is 90.00% complete.
t1_sim:[74055. 74097. 74196.] t2_sim:[61605. 61390. 59855.]
Task is 91.00% complete.
t1_sim:[63977. 63959. 63790.] t2_sim:[65665. 66368. 66135.]
Task is 92.00% complete.
t1_sim:[71659. 71599. 70980.] t2_sim:[66035. 66143. 65710.]
Task is 93.00% complete.
t1_sim:[61205. 61093. 61133.] t2_sim:[65148. 65448. 67508.]
Task is 94.00% complete.
t1_sim:[70595. 70160. 68853.] t2_sim:[67042. 66975. 68083.]
Task is 95.00% complete.
t1_sim:[62155. 62498. 61648.] t2_sim:[62424. 62540. 63020.]
Task is 96.00% complete.
t1_sim:[59137. 59114. 59757.] t2_sim:[56361. 56449. 58928.]
Task is 97.00% complete.
t1_sim:[67774. 67655. 68781.] t2_sim:[59414. 59550. 58694.]
Task is 98.00% complete.
t1_sim:[64070. 63788. 63292.] t2_sim:[58292. 58553. 60245.]
Task is 99.00% complete.
t1_sim:[65817. 65615. 64804.] t2_sim:[61477. 61689. 62705.]
Training start
t1_obs:[array(67119.), array(67100.), array(65649.)] t2_obs:[array(63102.), array(63471.), array(62760.)]
corr_G1:[None, None, 0.009897430760404776] corr_G2:[None, None, -0.04305745405027081]
Training end
Task is 0.00% complete.
t1_sim:[63416. 63301. 60825.] t2_sim:[63870. 63785. 62289.]
Task is 1.00% complete.
t1_sim:[62817. 63141. 63822.] t2_sim:[64689. 64971. 62655.]
Task is 2.00% complete.
t1_sim:[63421. 63945. 64087.] t2_sim:[63455. 63640. 64144.]
Task is 3.00% complete.
t1_sim:[62418. 62266. 62634.] t2_sim:[62369. 62348. 64937.]
Task is 4.00% complete.
t1_sim:[59072. 59602. 59141.] t2_sim:[60074. 59740. 60457.]
Task is 5.00% complete.
t1_sim:[62207. 62077. 61081.] t2_sim:[61323. 61158. 60624.]
Task is 6.00% complete.
t1_sim:[62384. 62590. 64320.] t2_sim:[59834. 59704. 58557.]
Task is 7.00% complete.
t1_sim:[65010. 65260. 68131.] t2_sim:[59523. 59437. 57459.]
Task is 8.00% complete.
t1_sim:[59841. 59637. 59051.] t2_sim:[61521. 61022. 61663.]
Task is 9.00% complete.
t1_sim:[62235. 61890. 59407.] t2_sim:[62013. 61944. 63160.]
Task is 10.00% complete.
t1_sim:[57509. 57639. 57554.] t2_sim:[63116. 63693. 62022.]
Task is 11.00% complete.
t1_sim:[61238. 61374. 58346.] t2_sim:[63107. 63271. 62788.]
Task is 12.00% complete.
t1_sim:[61411. 61143. 62919.] t2_sim:[65236. 65364. 66093.]
Task is 13.00% complete.
t1_sim:[62648. 62900. 65000.] t2_sim:[60683. 60921. 59750.]
Task is 14.00% complete.
t1_sim:[65436. 65567. 66068.] t2_sim:[66941. 66658. 66298.]
Task is 15.00% complete.
t1_sim:[64281. 64147. 63011.] t2_sim:[67131. 67068. 67833.]
Task is 16.00% complete.
t1_sim:[61549. 61481. 63619.] t2_sim:[64178. 64254. 62511.]
Task is 17.00% complete.
t1_sim:[61511. 61679. 60610.] t2_sim:[65413. 65354. 63295.]
Task is 18.00% complete.
t1_sim:[66223. 66280. 64793.] t2_sim:[60697. 60686. 60571.]
Task is 19.00% complete.
t1_sim:[61746. 61619. 61639.] t2_sim:[62919. 62930. 60693.]
Task is 20.00% complete.
t1_sim:[60761. 60904. 62757.] t2_sim:[59010. 59071. 59143.]
Task is 21.00% complete.
t1_sim:[58717. 58602. 58387.] t2_sim:[59988. 60077. 61308.]
Task is 22.00% complete.
t1_sim:[62485. 62799. 62706.] t2_sim:[61802. 62004. 61993.]
Task is 23.00% complete.
t1_sim:[67224. 67556. 67149.] t2_sim:[66115. 66460. 65988.]
Task is 24.00% complete.
t1_sim:[59897. 60127. 57535.] t2_sim:[65597. 65263. 64095.]
Task is 25.00% complete.
t1_sim:[67408. 67329. 67535.] t2_sim:[59353. 59494. 61763.]
Task is 26.00% complete.
t1_sim:[58468. 58510. 61682.] t2_sim:[58702. 58959. 59314.]
Task is 27.00% complete.
t1_sim:[59164. 59345. 61392.] t2_sim:[60425. 60364. 60900.]
Task is 28.00% complete.
t1_sim:[69289. 69402. 69317.] t2_sim:[63401. 63963. 65364.]
Task is 29.00% complete.
t1_sim:[60594. 60219. 61389.] t2_sim:[56881. 57068. 58386.]
Task is 30.00% complete.
t1_sim:[66639. 66542. 67245.] t2_sim:[59024. 59113. 59900.]
Task is 31.00% complete.
t1_sim:[64836. 64746. 60455.] t2_sim:[65487. 65593. 65714.]
Task is 32.00% complete.
t1_sim:[66681. 66742. 68323.] t2_sim:[64120. 63738. 63608.]
Task is 33.00% complete.
t1_sim:[61810. 61820. 65851.] t2_sim:[64859. 64680. 64137.]
Task is 34.00% complete.
t1_sim:[65600. 65944. 67257.] t2_sim:[61257. 61502. 62122.]
Task is 35.00% complete.
t1_sim:[67753. 68025. 68310.] t2_sim:[68235. 68075. 69422.]
Task is 36.00% complete.
t1_sim:[63910. 64150. 65588.] t2_sim:[61510. 61438. 59985.]
Task is 37.00% complete.
t1_sim:[66795. 66923. 66303.] t2_sim:[58872. 59180. 60051.]
Task is 38.00% complete.
t1_sim:[55136. 55044. 55745.] t2_sim:[66816. 66697. 67639.]
Task is 39.00% complete.
t1_sim:[62629. 62268. 64182.] t2_sim:[64241. 64068. 67214.]
Task is 40.00% complete.
t1_sim:[61513. 61664. 64316.] t2_sim:[59502. 59617. 59689.]
Task is 41.00% complete.
t1_sim:[63883. 63493. 63251.] t2_sim:[65585. 65658. 66082.]
Task is 42.00% complete.
t1_sim:[62930. 63368. 63014.] t2_sim:[64451. 64531. 66082.]
Task is 43.00% complete.
t1_sim:[60664. 60602. 62894.] t2_sim:[62267. 62093. 60049.]
Task is 44.00% complete.
t1_sim:[62478. 62582. 64147.] t2_sim:[62616. 62641. 61254.]
Task is 45.00% complete.
t1_sim:[66414. 67000. 68472.] t2_sim:[60001. 59792. 55290.]
Task is 46.00% complete.
t1_sim:[54734. 54850. 54544.] t2_sim:[65966. 66096. 66052.]
Task is 47.00% complete.
t1_sim:[62592. 62525. 63253.] t2_sim:[61480. 61477. 60608.]
Task is 48.00% complete.
t1_sim:[58494. 58337. 58430.] t2_sim:[63608. 63806. 63429.]
Task is 49.00% complete.
t1_sim:[65165. 65157. 65861.] t2_sim:[58590. 58508. 57982.]
Task is 50.00% complete.
t1_sim:[61368. 61611. 64264.] t2_sim:[61509. 61101. 61119.]
Task is 51.00% complete.
t1_sim:[60350. 60316. 59442.] t2_sim:[56475. 56681. 57966.]
Task is 52.00% complete.
t1_sim:[66397. 66409. 65075.] t2_sim:[63459. 63208. 62424.]
Task is 53.00% complete.
t1_sim:[63171. 63263. 64398.] t2_sim:[60754. 61166. 61134.]
Task is 54.00% complete.
t1_sim:[62492. 62729. 62355.] t2_sim:[61728. 61473. 59789.]
Task is 55.00% complete.
t1_sim:[67905. 67716. 68825.] t2_sim:[63188. 63086. 63462.]
Task is 56.00% complete.
t1_sim:[63379. 63566. 63898.] t2_sim:[63892. 64035. 64919.]
Task is 57.00% complete.
t1_sim:[60817. 60461. 60236.] t2_sim:[60954. 60979. 62206.]
Task is 58.00% complete.
t1_sim:[62503. 62696. 62542.] t2_sim:[65656. 66187. 65875.]
Task is 59.00% complete.
t1_sim:[62488. 62622. 64237.] t2_sim:[59560. 59567. 61008.]
Task is 60.00% complete.
t1_sim:[62109. 62097. 63031.] t2_sim:[63856. 64107. 65478.]
Task is 61.00% complete.
t1_sim:[52700. 52521. 54247.] t2_sim:[65551. 65323. 67064.]
Task is 62.00% complete.
t1_sim:[62621. 62660. 62178.] t2_sim:[63902. 63951. 64595.]
Task is 63.00% complete.
t1_sim:[60011. 60229. 61825.] t2_sim:[57257. 57399. 58769.]
Task is 64.00% complete.
t1_sim:[65071. 65316. 65128.] t2_sim:[65747. 66036. 64134.]
Task is 65.00% complete.
t1_sim:[59440. 59286. 60159.] t2_sim:[64445. 64204. 65133.]
Task is 66.00% complete.
t1_sim:[59332. 59199. 60224.] t2_sim:[67967. 67979. 65405.]
Task is 67.00% complete.
t1_sim:[57008. 57380. 58943.] t2_sim:[64442. 64498. 64005.]
Task is 68.00% complete.
t1_sim:[64068. 64009. 63265.] t2_sim:[63140. 63372. 65032.]
Task is 69.00% complete.
t1_sim:[68720. 68449. 67159.] t2_sim:[63515. 64310. 63804.]
Task is 70.00% complete.
t1_sim:[64773. 64596. 65858.] t2_sim:[60132. 60015. 59721.]
Task is 71.00% complete.
t1_sim:[57165. 56925. 56968.] t2_sim:[60009. 59941. 60738.]
Task is 72.00% complete.
t1_sim:[67722. 67745. 69965.] t2_sim:[66540. 66699. 66953.]
Task is 73.00% complete.
t1_sim:[65201. 65667. 67317.] t2_sim:[67380. 66953. 65901.]
Task is 74.00% complete.
t1_sim:[64562. 64500. 64720.] t2_sim:[58156. 58576. 58291.]
Task is 75.00% complete.
t1_sim:[63661. 64005. 64219.] t2_sim:[64174. 64367. 64314.]
Task is 76.00% complete.
t1_sim:[55852. 55866. 58125.] t2_sim:[66169. 66284. 66309.]
Task is 77.00% complete.
t1_sim:[61978. 62139. 62625.] t2_sim:[65030. 64885. 64385.]
Task is 78.00% complete.
t1_sim:[59320. 59366. 59192.] t2_sim:[66274. 66206. 67990.]
Task is 79.00% complete.
t1_sim:[62656. 62968. 62027.] t2_sim:[70301. 70298. 72149.]
Task is 80.00% complete.
t1_sim:[57050. 57436. 59894.] t2_sim:[65285. 65141. 63133.]
Task is 81.00% complete.
t1_sim:[64046. 63932. 63894.] t2_sim:[72095. 72419. 73589.]
Task is 82.00% complete.
t1_sim:[64313. 64452. 67794.] t2_sim:[65677. 65274. 67592.]
Task is 83.00% complete.
t1_sim:[63201. 63469. 64015.] t2_sim:[62860. 62843. 64317.]
Task is 84.00% complete.
t1_sim:[65546. 66048. 68416.] t2_sim:[60285. 60647. 63609.]
Task is 85.00% complete.
t1_sim:[60632. 60701. 58864.] t2_sim:[56819. 56841. 58713.]
Task is 86.00% complete.
t1_sim:[64102. 64309. 66317.] t2_sim:[62783. 63172. 64643.]
Task is 87.00% complete.
t1_sim:[68390. 67894. 66834.] t2_sim:[60137. 60248. 61182.]
Task is 88.00% complete.
t1_sim:[62157. 62877. 65054.] t2_sim:[58523. 58632. 58487.]
Task is 89.00% complete.
t1_sim:[61140. 61326. 63133.] t2_sim:[67592. 67748. 65757.]
Task is 90.00% complete.
t1_sim:[68564. 68976. 69702.] t2_sim:[67070. 66652. 67396.]
Task is 91.00% complete.
t1_sim:[60233. 60287. 57972.] t2_sim:[61103. 60905. 61541.]
Task is 92.00% complete.
t1_sim:[68987. 69079. 68973.] t2_sim:[60093. 60352. 60570.]
Task is 93.00% complete.
t1_sim:[60052. 59828. 60664.] t2_sim:[61393. 60830. 59587.]
Task is 94.00% complete.
t1_sim:[65777. 65945. 64635.] t2_sim:[64510. 64262. 64900.]
Task is 95.00% complete.
t1_sim:[65237. 65537. 66850.] t2_sim:[59761. 59550. 60464.]
Task is 96.00% complete.
t1_sim:[56863. 57460. 57514.] t2_sim:[66813. 67269. 66405.]
Task is 97.00% complete.
t1_sim:[68119. 67927. 68901.] t2_sim:[63272. 63030. 63252.]
Task is 98.00% complete.
t1_sim:[60607. 60716. 60189.] t2_sim:[65248. 65228. 65690.]
Task is 99.00% complete.
t1_sim:[70222. 70292. 69336.] t2_sim:[67460. 67260. 67112.]
Finished
