/scratch/jz4721/Post-prediction-Causal-Inference/venv/lib/python3.8/site-packages/numpy/core/getlimits.py:518: UserWarning: The value of the smallest subnormal for <class 'numpy.float64'> type is zero.
  setattr(self, word, getattr(machar, word).flat[0])
/scratch/jz4721/Post-prediction-Causal-Inference/venv/lib/python3.8/site-packages/numpy/core/getlimits.py:89: UserWarning: The value of the smallest subnormal for <class 'numpy.float64'> type is zero.
  return self._float_to_str(self.smallest_subnormal)
/scratch/jz4721/Post-prediction-Causal-Inference/venv/lib/python3.8/site-packages/numpy/core/getlimits.py:518: UserWarning: The value of the smallest subnormal for <class 'numpy.float32'> type is zero.
  setattr(self, word, getattr(machar, word).flat[0])
/scratch/jz4721/Post-prediction-Causal-Inference/venv/lib/python3.8/site-packages/numpy/core/getlimits.py:89: UserWarning: The value of the smallest subnormal for <class 'numpy.float32'> type is zero.
  return self._float_to_str(self.smallest_subnormal)
Training start
t1_obs:[array(60146.), array(60186.), array(56919.)] t2_obs:[array(68535.), array(68957.), array(67681.)]
corr_G1:[None, None, 5.2366129375395116e-17] corr_G2:[None, None, 6.119172556662273e-17]
Training end
Task is 0.00% complete.
t1_sim:[64975. 65225. 65184.] t2_sim:[56974. 56882. 54693.]
Task is 1.00% complete.
t1_sim:[61563. 61336. 60571.] t2_sim:[59946. 60127. 60348.]
Task is 2.00% complete.
t1_sim:[66621. 66518. 65303.] t2_sim:[57816. 58003. 61779.]
Task is 3.00% complete.
t1_sim:[66727. 66655. 65779.] t2_sim:[64645. 65297. 64059.]
Task is 4.00% complete.
t1_sim:[59224. 59323. 59027.] t2_sim:[58085. 58138. 58856.]
Task is 5.00% complete.
t1_sim:[67881. 68126. 65361.] t2_sim:[58218. 57026. 60507.]
Task is 6.00% complete.
t1_sim:[62627. 62518. 62448.] t2_sim:[58783. 59481. 62016.]
Task is 7.00% complete.
t1_sim:[69699. 69853. 67437.] t2_sim:[58369. 57932. 59235.]
Task is 8.00% complete.
t1_sim:[69362. 69480. 71338.] t2_sim:[68658. 67886. 65277.]
Task is 9.00% complete.
t1_sim:[68025. 67874. 64649.] t2_sim:[66578. 66343. 66578.]
Task is 10.00% complete.
t1_sim:[66465. 66468. 66227.] t2_sim:[60356. 60436. 59392.]
Task is 11.00% complete.
t1_sim:[63232. 62817. 64093.] t2_sim:[67691. 68097. 67408.]
Task is 12.00% complete.
t1_sim:[61127. 61195. 63310.] t2_sim:[68739. 69026. 72666.]
Task is 13.00% complete.
t1_sim:[64146. 64254. 63329.] t2_sim:[67950. 67941. 66599.]
Task is 14.00% complete.
t1_sim:[62013. 61596. 59877.] t2_sim:[64936. 64577. 63382.]
Task is 15.00% complete.
t1_sim:[59836. 59734. 60831.] t2_sim:[63400. 63702. 64021.]
Task is 16.00% complete.
t1_sim:[64700. 65166. 64079.] t2_sim:[69669. 69908. 66604.]
Task is 17.00% complete.
t1_sim:[68100. 68179. 65573.] t2_sim:[68294. 67712. 68508.]
Task is 18.00% complete.
t1_sim:[60816. 60964. 60526.] t2_sim:[61861. 62003. 60242.]
Task is 19.00% complete.
t1_sim:[62560. 62633. 62593.] t2_sim:[61661. 61862. 64836.]
Task is 20.00% complete.
t1_sim:[61281. 61349. 62590.] t2_sim:[64050. 63865. 64015.]
Task is 21.00% complete.
t1_sim:[60146. 59899. 59312.] t2_sim:[67908. 68178. 67516.]
Task is 22.00% complete.
t1_sim:[57980. 58466. 62717.] t2_sim:[67955. 67531. 62785.]
Task is 23.00% complete.
t1_sim:[62675. 62306. 64372.] t2_sim:[62795. 62876. 61653.]
Task is 24.00% complete.
t1_sim:[63709. 63955. 64599.] t2_sim:[71248. 71512. 65496.]
Task is 25.00% complete.
t1_sim:[65794. 65344. 63949.] t2_sim:[64324. 64588. 67452.]
Task is 26.00% complete.
t1_sim:[58486. 58737. 55385.] t2_sim:[62891. 63088. 61571.]
Task is 27.00% complete.
t1_sim:[55676. 55704. 55169.] t2_sim:[61546. 61610. 61750.]
Task is 28.00% complete.
t1_sim:[64850. 65658. 64013.] t2_sim:[59030. 58531. 61197.]
Task is 29.00% complete.
t1_sim:[64348. 63934. 62005.] t2_sim:[67023. 66456. 66671.]
Task is 30.00% complete.
t1_sim:[64869. 65003. 61436.] t2_sim:[63386. 63362. 62787.]
Task is 31.00% complete.
t1_sim:[62105. 61873. 64040.] t2_sim:[63051. 63085. 61699.]
Task is 32.00% complete.
t1_sim:[55859. 56100. 59949.] t2_sim:[59986. 59854. 58085.]
Task is 33.00% complete.
t1_sim:[64562. 63899. 62746.] t2_sim:[62586. 63465. 61352.]
Task is 34.00% complete.
t1_sim:[69506. 69862. 70841.] t2_sim:[59280. 59189. 58699.]
Task is 35.00% complete.
t1_sim:[63355. 63090. 65722.] t2_sim:[63109. 63014. 65993.]
Task is 36.00% complete.
t1_sim:[64089. 63925. 61920.] t2_sim:[66929. 67040. 65714.]
Task is 37.00% complete.
t1_sim:[64995. 65531. 64427.] t2_sim:[64884. 65241. 65949.]
Task is 38.00% complete.
t1_sim:[65210. 64551. 64434.] t2_sim:[67978. 67772. 67991.]
Task is 39.00% complete.
t1_sim:[54399. 53805. 55308.] t2_sim:[59420. 59440. 60363.]
Task is 40.00% complete.
t1_sim:[62758. 63246. 61572.] t2_sim:[59099. 59123. 58584.]
Task is 41.00% complete.
t1_sim:[66385. 66151. 64142.] t2_sim:[55121. 54798. 57079.]
Task is 42.00% complete.
t1_sim:[59241. 58669. 63281.] t2_sim:[60237. 60367. 58684.]
Task is 43.00% complete.
t1_sim:[59045. 58827. 57678.] t2_sim:[67349. 67000. 62825.]
Task is 44.00% complete.
t1_sim:[55951. 56029. 61307.] t2_sim:[65149. 64914. 63527.]
Task is 45.00% complete.
t1_sim:[63627. 63205. 64022.] t2_sim:[62064. 61791. 58548.]
Task is 46.00% complete.
t1_sim:[68378. 68278. 65324.] t2_sim:[58697. 59015. 60509.]
Task is 47.00% complete.
t1_sim:[60637. 60011. 63800.] t2_sim:[62660. 62768. 61974.]
Task is 48.00% complete.
t1_sim:[58389. 58496. 59132.] t2_sim:[61401. 61186. 60956.]
Task is 49.00% complete.
t1_sim:[57031. 56724. 56457.] t2_sim:[60590. 60287. 58429.]
Task is 50.00% complete.
t1_sim:[64140. 63771. 60046.] t2_sim:[66302. 66296. 62960.]
Task is 51.00% complete.
t1_sim:[66622. 66424. 62913.] t2_sim:[64947. 65572. 58295.]
Task is 52.00% complete.
t1_sim:[60139. 60434. 60858.] t2_sim:[67550. 68006. 65595.]
Task is 53.00% complete.
t1_sim:[60174. 59928. 59788.] t2_sim:[66964. 67371. 69906.]
Task is 54.00% complete.
t1_sim:[66181. 66535. 65299.] t2_sim:[68027. 68549. 64965.]
Task is 55.00% complete.
t1_sim:[57618. 57570. 55508.] t2_sim:[66788. 66300. 67831.]
Task is 56.00% complete.
t1_sim:[60154. 60633. 60138.] t2_sim:[63032. 62953. 66809.]
Task is 57.00% complete.
t1_sim:[59926. 60201. 60871.] t2_sim:[66662. 66629. 63780.]
Task is 58.00% complete.
t1_sim:[65028. 65245. 64619.] t2_sim:[64927. 65083. 64301.]
Task is 59.00% complete.
t1_sim:[58072. 57959. 57097.] t2_sim:[60731. 60347. 56739.]
Task is 60.00% complete.
t1_sim:[62811. 63095. 61662.] t2_sim:[58848. 58430. 62258.]
Task is 61.00% complete.
t1_sim:[64488. 64743. 65264.] t2_sim:[65660. 66179. 71127.]
Task is 62.00% complete.
t1_sim:[59306. 59515. 63415.] t2_sim:[62789. 62504. 60210.]
Task is 63.00% complete.
t1_sim:[63938. 63966. 65254.] t2_sim:[65962. 66062. 64939.]
Task is 64.00% complete.
t1_sim:[67190. 67304. 64564.] t2_sim:[61949. 61845. 65354.]
Task is 65.00% complete.
t1_sim:[58436. 58023. 55488.] t2_sim:[60758. 61126. 62064.]
Task is 66.00% complete.
t1_sim:[59522. 60008. 59049.] t2_sim:[61548. 61487. 63601.]
Task is 67.00% complete.
t1_sim:[55885. 56158. 55906.] t2_sim:[61033. 61294. 58399.]
Task is 68.00% complete.
t1_sim:[63427. 63278. 65858.] t2_sim:[59918. 59237. 61829.]
Task is 69.00% complete.
t1_sim:[61367. 61596. 61054.] t2_sim:[57532. 57372. 60121.]
Task is 70.00% complete.
t1_sim:[64208. 64432. 63520.] t2_sim:[65086. 65582. 67588.]
Task is 71.00% complete.
t1_sim:[61681. 61617. 58273.] t2_sim:[55286. 54925. 57305.]
Task is 72.00% complete.
t1_sim:[62032. 62085. 61450.] t2_sim:[64221. 63685. 60470.]
Task is 73.00% complete.
t1_sim:[62668. 62293. 59823.] t2_sim:[66498. 66419. 66707.]
Task is 74.00% complete.
t1_sim:[66314. 65321. 59792.] t2_sim:[58196. 57745. 58968.]
Task is 75.00% complete.
t1_sim:[61717. 61449. 62419.] t2_sim:[64634. 64037. 61166.]
Task is 76.00% complete.
t1_sim:[72135. 71956. 70666.] t2_sim:[60316. 60280. 60637.]
Task is 77.00% complete.
t1_sim:[65785. 65579. 64767.] t2_sim:[64444. 64686. 63520.]
Task is 78.00% complete.
t1_sim:[61422. 61262. 66326.] t2_sim:[65304. 65221. 63573.]
Task is 79.00% complete.
t1_sim:[65039. 64941. 62499.] t2_sim:[58643. 58480. 59112.]
Task is 80.00% complete.
t1_sim:[59283. 59434. 62563.] t2_sim:[60611. 60447. 58468.]
Task is 81.00% complete.
t1_sim:[59036. 59254. 59583.] t2_sim:[66329. 66020. 59648.]
Task is 82.00% complete.
t1_sim:[58218. 58564. 57066.] t2_sim:[63577. 63549. 63642.]
Task is 83.00% complete.
t1_sim:[62226. 62255. 67205.] t2_sim:[66712. 66724. 67972.]
Task is 84.00% complete.
t1_sim:[56491. 56709. 59493.] t2_sim:[61496. 61687. 60977.]
Task is 85.00% complete.
t1_sim:[59697. 59850. 61205.] t2_sim:[61437. 61771. 64081.]
Task is 86.00% complete.
t1_sim:[61993. 62184. 60804.] t2_sim:[69134. 69125. 70322.]
Task is 87.00% complete.
t1_sim:[65051. 64978. 62360.] t2_sim:[64889. 65396. 64097.]
Task is 88.00% complete.
t1_sim:[62318. 62465. 65229.] t2_sim:[63293. 63223. 61508.]
Task is 89.00% complete.
t1_sim:[60496. 60698. 58466.] t2_sim:[66965. 67108. 69627.]
Task is 90.00% complete.
t1_sim:[63520. 63573. 64473.] t2_sim:[66076. 66228. 68149.]
Task is 91.00% complete.
t1_sim:[59924. 60156. 57602.] t2_sim:[58387. 57957. 60810.]
Task is 92.00% complete.
t1_sim:[67691. 67487. 63464.] t2_sim:[68806. 69413. 67474.]
Task is 93.00% complete.
t1_sim:[61848. 62249. 64565.] t2_sim:[58882. 58550. 55449.]
Task is 94.00% complete.
t1_sim:[58665. 59081. 61038.] t2_sim:[69526. 69379. 68852.]
Task is 95.00% complete.
t1_sim:[65374. 65162. 64575.] t2_sim:[63872. 63692. 57901.]
Task is 96.00% complete.
t1_sim:[64474. 64639. 62918.] t2_sim:[63307. 63152. 65698.]
Task is 97.00% complete.
t1_sim:[62170. 62163. 61064.] t2_sim:[57181. 57044. 59438.]
Task is 98.00% complete.
t1_sim:[63133. 63056. 64264.] t2_sim:[60818. 60876. 61692.]
Task is 99.00% complete.
t1_sim:[66114. 66350. 63309.] t2_sim:[65744. 65472. 67149.]
Training start
t1_obs:[array(60146.), array(60186.), array(57327.)] t2_obs:[array(68535.), array(68957.), array(68249.)]
corr_G1:[None, None, 0.9864500645349198] corr_G2:[None, None, 0.9886808888624817]
Training end
Task is 0.00% complete.
t1_sim:[67723. 67652. 67516.] t2_sim:[62431. 61920. 59627.]
Task is 1.00% complete.
t1_sim:[62346. 62913. 62883.] t2_sim:[55246. 55362. 55186.]
Task is 2.00% complete.
t1_sim:[64946. 64685. 64671.] t2_sim:[66583. 66484. 63804.]
Task is 3.00% complete.
t1_sim:[57530. 57492. 58734.] t2_sim:[65338. 65277. 64706.]
Task is 4.00% complete.
t1_sim:[60455. 60356. 59734.] t2_sim:[56206. 55969. 55947.]
Task is 5.00% complete.
t1_sim:[67483. 67536. 64881.] t2_sim:[55625. 55312. 55445.]
Task is 6.00% complete.
t1_sim:[69062. 68937. 68540.] t2_sim:[62213. 62073. 63200.]
Task is 7.00% complete.
t1_sim:[59248. 58908. 60756.] t2_sim:[61095. 61294. 59000.]
Task is 8.00% complete.
t1_sim:[67500. 67048. 66685.] t2_sim:[61474. 61092. 60571.]
Task is 9.00% complete.
t1_sim:[64515. 64562. 64909.] t2_sim:[55042. 55580. 56579.]
Task is 10.00% complete.
t1_sim:[60850. 61019. 61334.] t2_sim:[61022. 60551. 61905.]
Task is 11.00% complete.
t1_sim:[58488. 58769. 58360.] t2_sim:[67409. 67477. 68412.]
Task is 12.00% complete.
t1_sim:[62713. 62828. 63007.] t2_sim:[60870. 60289. 60161.]
Task is 13.00% complete.
t1_sim:[53670. 53883. 54640.] t2_sim:[60991. 60990. 60358.]
Task is 14.00% complete.
t1_sim:[66523. 66430. 67617.] t2_sim:[64868. 64579. 65173.]
Task is 15.00% complete.
t1_sim:[63092. 62892. 61586.] t2_sim:[60366. 60575. 62405.]
Task is 16.00% complete.
t1_sim:[60663. 61033. 60159.] t2_sim:[63587. 63887. 63158.]
Task is 17.00% complete.
t1_sim:[66017. 66698. 65864.] t2_sim:[63493. 63734. 65596.]
Task is 18.00% complete.
t1_sim:[66077. 65978. 62578.] t2_sim:[62932. 62687. 63476.]
Task is 19.00% complete.
t1_sim:[67191. 67507. 65469.] t2_sim:[66982. 66961. 67833.]
Task is 20.00% complete.
t1_sim:[64396. 64003. 64168.] t2_sim:[59378. 59283. 61160.]
Task is 21.00% complete.
t1_sim:[58622. 58794. 58930.] t2_sim:[66739. 66868. 63633.]
Task is 22.00% complete.
t1_sim:[65500. 65891. 65838.] t2_sim:[64617. 64802. 63634.]
Task is 23.00% complete.
t1_sim:[61797. 61753. 60494.] t2_sim:[57350. 57087. 58901.]
Task is 24.00% complete.
t1_sim:[57730. 58148. 58218.] t2_sim:[58473. 58291. 60271.]
Task is 25.00% complete.
t1_sim:[62496. 62636. 64756.] t2_sim:[63096. 63505. 65013.]
Task is 26.00% complete.
t1_sim:[65506. 65224. 63664.] t2_sim:[63322. 63701. 63490.]
Task is 27.00% complete.
t1_sim:[61525. 61837. 61578.] t2_sim:[59271. 59123. 58107.]
Task is 28.00% complete.
t1_sim:[67907. 67823. 67919.] t2_sim:[67856. 68643. 69652.]
Task is 29.00% complete.
t1_sim:[63688. 63748. 64537.] t2_sim:[63281. 63244. 63881.]
Task is 30.00% complete.
t1_sim:[64722. 64955. 66276.] t2_sim:[64045. 64303. 64045.]
Task is 31.00% complete.
t1_sim:[67234. 67236. 66354.] t2_sim:[65431. 65880. 64886.]
Task is 32.00% complete.
t1_sim:[56666. 56865. 59280.] t2_sim:[65682. 65017. 64499.]
Task is 33.00% complete.
t1_sim:[66101. 65740. 64725.] t2_sim:[61561. 61995. 60388.]
Task is 34.00% complete.
t1_sim:[58966. 58762. 58721.] t2_sim:[65912. 66333. 65322.]
Task is 35.00% complete.
t1_sim:[65312. 65862. 66743.] t2_sim:[66992. 67464. 66343.]
Task is 36.00% complete.
t1_sim:[60094. 60351. 61915.] t2_sim:[61101. 60936. 60247.]
Task is 37.00% complete.
t1_sim:[62566. 62016. 64116.] t2_sim:[58399. 58478. 60821.]
Task is 38.00% complete.
t1_sim:[61057. 61047. 62045.] t2_sim:[60331. 60428. 60397.]
Task is 39.00% complete.
t1_sim:[64323. 63913. 63362.] t2_sim:[64196. 64554. 64777.]
Task is 40.00% complete.
t1_sim:[62658. 62476. 60861.] t2_sim:[61191. 61361. 61203.]
Task is 41.00% complete.
t1_sim:[56821. 57278. 57859.] t2_sim:[66826. 66804. 68057.]
Task is 42.00% complete.
t1_sim:[59770. 59723. 59499.] t2_sim:[60883. 60954. 62235.]
Task is 43.00% complete.
t1_sim:[61693. 61893. 62042.] t2_sim:[63409. 63008. 63150.]
Task is 44.00% complete.
t1_sim:[57454. 57491. 59327.] t2_sim:[63015. 62677. 62959.]
Task is 45.00% complete.
t1_sim:[63309. 63669. 63559.] t2_sim:[64684. 64371. 64043.]
Task is 46.00% complete.
t1_sim:[66238. 66290. 65845.] t2_sim:[62427. 62441. 63583.]
Task is 47.00% complete.
t1_sim:[63883. 64139. 61830.] t2_sim:[58865. 59040. 61015.]
Task is 48.00% complete.
t1_sim:[59295. 59413. 59828.] t2_sim:[64015. 63689. 64177.]
Task is 49.00% complete.
t1_sim:[57657. 57586. 58378.] t2_sim:[62711. 62764. 62538.]
Task is 50.00% complete.
t1_sim:[59745. 59694. 60250.] t2_sim:[63013. 63532. 63077.]
Task is 51.00% complete.
t1_sim:[66047. 65622. 64839.] t2_sim:[58661. 58689. 58879.]
Task is 52.00% complete.
t1_sim:[66139. 66012. 65842.] t2_sim:[60458. 60048. 60190.]
Task is 53.00% complete.
t1_sim:[61733. 62282. 63184.] t2_sim:[60815. 60960. 62229.]
Task is 54.00% complete.
t1_sim:[64560. 64695. 65550.] t2_sim:[60044. 60452. 61419.]
Task is 55.00% complete.
t1_sim:[57334. 57182. 57839.] t2_sim:[59597. 59362. 60883.]
Task is 56.00% complete.
t1_sim:[57636. 57366. 58410.] t2_sim:[66757. 66855. 67990.]
Task is 57.00% complete.
t1_sim:[65390. 65256. 63858.] t2_sim:[63801. 63658. 63193.]
Task is 58.00% complete.
t1_sim:[61987. 62034. 61275.] t2_sim:[60276. 60327. 59710.]
Task is 59.00% complete.
t1_sim:[61719. 61282. 62306.] t2_sim:[61736. 61659. 61983.]
Task is 60.00% complete.
t1_sim:[58297. 58247. 59588.] t2_sim:[63491. 63295. 61738.]
Task is 61.00% complete.
t1_sim:[61292. 61453. 62178.] t2_sim:[60041. 59454. 60214.]
Task is 62.00% complete.
t1_sim:[60739. 61110. 61834.] t2_sim:[67742. 67854. 68924.]
Task is 63.00% complete.
t1_sim:[66521. 66203. 65800.] t2_sim:[63472. 63508. 61483.]
Task is 64.00% complete.
t1_sim:[62716. 62791. 64305.] t2_sim:[65042. 65466. 64381.]
Task is 65.00% complete.
t1_sim:[62253. 62200. 62111.] t2_sim:[60698. 60672. 61085.]
Task is 66.00% complete.
t1_sim:[62128. 62333. 64403.] t2_sim:[64640. 64926. 65512.]
Task is 67.00% complete.
t1_sim:[64213. 64416. 62656.] t2_sim:[57488. 57440. 58096.]
Task is 68.00% complete.
t1_sim:[59763. 59363. 59788.] t2_sim:[62690. 62670. 60149.]
Task is 69.00% complete.
t1_sim:[71740. 71179. 68899.] t2_sim:[57703. 57267. 56311.]
Task is 70.00% complete.
t1_sim:[56634. 57176. 57529.] t2_sim:[61113. 61392. 61586.]
Task is 71.00% complete.
t1_sim:[61171. 61556. 60293.] t2_sim:[62918. 63280. 62899.]
Task is 72.00% complete.
t1_sim:[61239. 60905. 60980.] t2_sim:[67717. 68237. 63718.]
Task is 73.00% complete.
t1_sim:[67302. 67449. 68101.] t2_sim:[62757. 63088. 63947.]
Task is 74.00% complete.
t1_sim:[65799. 65707. 64301.] t2_sim:[59760. 59614. 58522.]
Task is 75.00% complete.
t1_sim:[62990. 62846. 62841.] t2_sim:[64829. 65066. 65513.]
Task is 76.00% complete.
t1_sim:[56812. 56743. 57591.] t2_sim:[61944. 61752. 61851.]
Task is 77.00% complete.
t1_sim:[60249. 59842. 63044.] t2_sim:[67281. 67029. 68728.]
Task is 78.00% complete.
t1_sim:[62658. 62800. 62400.] t2_sim:[65483. 65590. 65177.]
Task is 79.00% complete.
t1_sim:[66210. 66038. 65046.] t2_sim:[67825. 68340. 70708.]
Task is 80.00% complete.
t1_sim:[71355. 71166. 71937.] t2_sim:[70496. 70350. 69541.]
Task is 81.00% complete.
t1_sim:[60060. 59496. 59507.] t2_sim:[59608. 59632. 57464.]
Task is 82.00% complete.
t1_sim:[58852. 58724. 60453.] t2_sim:[61585. 61832. 62479.]
Task is 83.00% complete.
t1_sim:[63147. 63007. 61406.] t2_sim:[62250. 62124. 61251.]
Task is 84.00% complete.
t1_sim:[67349. 67298. 65507.] t2_sim:[63293. 63982. 61796.]
Task is 85.00% complete.
t1_sim:[57948. 57417. 57445.] t2_sim:[61809. 61921. 61961.]
Task is 86.00% complete.
t1_sim:[68410. 68225. 68155.] t2_sim:[51969. 52366. 54902.]
Task is 87.00% complete.
t1_sim:[62023. 62081. 62444.] t2_sim:[66192. 66562. 67638.]
Task is 88.00% complete.
t1_sim:[65452. 65799. 65180.] t2_sim:[66841. 66882. 67987.]
Task is 89.00% complete.
t1_sim:[60387. 60778. 62188.] t2_sim:[59289. 59457. 57762.]
Task is 90.00% complete.
t1_sim:[63373. 62968. 62521.] t2_sim:[66311. 66067. 64275.]
Task is 91.00% complete.
t1_sim:[64016. 64279. 65657.] t2_sim:[56321. 56074. 55703.]
Task is 92.00% complete.
t1_sim:[67150. 67421. 63170.] t2_sim:[63764. 63104. 63310.]
Task is 93.00% complete.
t1_sim:[61257. 61202. 59248.] t2_sim:[59470. 59352. 59226.]
Task is 94.00% complete.
t1_sim:[62390. 62703. 63174.] t2_sim:[63089. 63698. 65007.]
Task is 95.00% complete.
t1_sim:[60649. 60020. 58049.] t2_sim:[56362. 56535. 56357.]
Task is 96.00% complete.
t1_sim:[60724. 60477. 61539.] t2_sim:[61686. 61557. 62458.]
Task is 97.00% complete.
t1_sim:[56969. 57130. 58049.] t2_sim:[61622. 61631. 60884.]
Task is 98.00% complete.
t1_sim:[62446. 62376. 61205.] t2_sim:[59240. 59230. 57272.]
Task is 99.00% complete.
t1_sim:[68058. 67624. 66975.] t2_sim:[58172. 57973. 57248.]
Training start
t1_obs:[array(60146.), array(60186.), array(57249.)] t2_obs:[array(68535.), array(68957.), array(68651.)]
corr_G1:[None, None, 0.0628299166512303] corr_G2:[None, None, -0.021493219244201528]
Training end
Task is 0.00% complete.
t1_sim:[56312. 56431. 58990.] t2_sim:[68808. 68795. 67001.]
Task is 1.00% complete.
t1_sim:[59625. 59675. 58065.] t2_sim:[63828. 64004. 62923.]
Task is 2.00% complete.
t1_sim:[63249. 62866. 60823.] t2_sim:[58480. 58267. 58282.]
Task is 3.00% complete.
t1_sim:[63941. 64087. 62557.] t2_sim:[62923. 62782. 60742.]
Task is 4.00% complete.
t1_sim:[57655. 57890. 59548.] t2_sim:[61276. 61542. 61099.]
Task is 5.00% complete.
t1_sim:[61797. 61372. 61876.] t2_sim:[66026. 66042. 68729.]
Task is 6.00% complete.
t1_sim:[59437. 59132. 56612.] t2_sim:[59369. 59115. 57799.]
Task is 7.00% complete.
t1_sim:[65365. 65690. 64477.] t2_sim:[63129. 62915. 66125.]
Task is 8.00% complete.
t1_sim:[66829. 66250. 64407.] t2_sim:[57956. 58020. 56249.]
Task is 9.00% complete.
t1_sim:[60080. 60151. 60770.] t2_sim:[56744. 55844. 54806.]
Task is 10.00% complete.
t1_sim:[65321. 65536. 65929.] t2_sim:[55755. 56001. 56569.]
Task is 11.00% complete.
t1_sim:[66019. 65945. 66633.] t2_sim:[67089. 67029. 66610.]
Task is 12.00% complete.
t1_sim:[61816. 61747. 61693.] t2_sim:[66767. 66679. 67553.]
Task is 13.00% complete.
t1_sim:[62116. 62332. 63714.] t2_sim:[62212. 62225. 64126.]
Task is 14.00% complete.
t1_sim:[63108. 63034. 61386.] t2_sim:[62535. 62276. 63760.]
Task is 15.00% complete.
t1_sim:[56888. 56697. 56880.] t2_sim:[58866. 59319. 58226.]
Task is 16.00% complete.
t1_sim:[62959. 63331. 61978.] t2_sim:[67527. 67426. 69752.]
Task is 17.00% complete.
t1_sim:[58921. 58898. 58646.] t2_sim:[61299. 61478. 61449.]
Task is 18.00% complete.
t1_sim:[63187. 63940. 67481.] t2_sim:[60053. 59839. 62233.]
Task is 19.00% complete.
t1_sim:[60484. 60817. 60560.] t2_sim:[64635. 64781. 66050.]
Task is 20.00% complete.
t1_sim:[62922. 62685. 62779.] t2_sim:[58591. 58224. 58251.]
Task is 21.00% complete.
t1_sim:[66644. 66371. 65700.] t2_sim:[62035. 61893. 61800.]
Task is 22.00% complete.
t1_sim:[62120. 61989. 63177.] t2_sim:[61976. 62108. 61398.]
Task is 23.00% complete.
t1_sim:[61267. 61637. 60864.] t2_sim:[63779. 63538. 63029.]
Task is 24.00% complete.
t1_sim:[60972. 60820. 60550.] t2_sim:[66464. 66515. 64253.]
Task is 25.00% complete.
t1_sim:[59568. 59718. 60845.] t2_sim:[59016. 59302. 59857.]
Task is 26.00% complete.
t1_sim:[62538. 62527. 64121.] t2_sim:[60863. 61211. 59616.]
Task is 27.00% complete.
t1_sim:[60734. 60433. 61004.] t2_sim:[60246. 60341. 62725.]
Task is 28.00% complete.
t1_sim:[54956. 55247. 55886.] t2_sim:[66258. 66234. 66827.]
Task is 29.00% complete.
t1_sim:[58279. 58009. 59900.] t2_sim:[61428. 61237. 60969.]
Task is 30.00% complete.
t1_sim:[70554. 70794. 68943.] t2_sim:[67426. 67773. 69820.]
Task is 31.00% complete.
t1_sim:[60667. 60741. 61121.] t2_sim:[61738. 61836. 59781.]
Task is 32.00% complete.
t1_sim:[62173. 62353. 62696.] t2_sim:[69628. 70401. 66989.]
Task is 33.00% complete.
t1_sim:[61885. 61786. 63091.] t2_sim:[63335. 63626. 66194.]
Task is 34.00% complete.
t1_sim:[63691. 63497. 61249.] t2_sim:[60451. 60247. 60315.]
Task is 35.00% complete.
t1_sim:[64625. 64471. 62762.] t2_sim:[63579. 63595. 63518.]
Task is 36.00% complete.
t1_sim:[63542. 63888. 64596.] t2_sim:[56804. 56872. 59319.]
Task is 37.00% complete.
t1_sim:[64232. 64334. 64682.] t2_sim:[58376. 58489. 58446.]
Task is 38.00% complete.
t1_sim:[60156. 60598. 60362.] t2_sim:[63611. 64303. 66601.]
Task is 39.00% complete.
t1_sim:[61198. 61291. 64225.] t2_sim:[59293. 59220. 59248.]
Task is 40.00% complete.
t1_sim:[66544. 66650. 66394.] t2_sim:[53706. 53942. 53558.]
Task is 41.00% complete.
t1_sim:[66234. 66387. 68010.] t2_sim:[61140. 61693. 62607.]
Task is 42.00% complete.
t1_sim:[65593. 65569. 63638.] t2_sim:[65825. 65784. 60546.]
Task is 43.00% complete.
t1_sim:[60987. 60820. 59420.] t2_sim:[66232. 66291. 63241.]
Task is 44.00% complete.
t1_sim:[63208. 62875. 61243.] t2_sim:[59825. 59805. 60683.]
Task is 45.00% complete.
t1_sim:[64796. 64449. 63019.] t2_sim:[61174. 61177. 59491.]
Task is 46.00% complete.
t1_sim:[63858. 64151. 66790.] t2_sim:[64609. 64650. 65431.]
Task is 47.00% complete.
t1_sim:[62857. 62831. 62448.] t2_sim:[64379. 64601. 64893.]
Task is 48.00% complete.
t1_sim:[65566. 65592. 64676.] t2_sim:[63639. 63349. 62943.]
Task is 49.00% complete.
t1_sim:[61349. 61131. 62242.] t2_sim:[61822. 61528. 62015.]
Task is 50.00% complete.
t1_sim:[63987. 64144. 62841.] t2_sim:[58346. 58397. 57593.]
Task is 51.00% complete.
t1_sim:[62695. 62623. 60703.] t2_sim:[67657. 68184. 67269.]
Task is 52.00% complete.
t1_sim:[64358. 64371. 64637.] t2_sim:[68159. 68387. 69101.]
Task is 53.00% complete.
t1_sim:[65693. 65599. 65176.] t2_sim:[52929. 53302. 57610.]
Task is 54.00% complete.
t1_sim:[61449. 61213. 59487.] t2_sim:[61332. 61247. 61871.]
Task is 55.00% complete.
t1_sim:[59775. 59994. 59637.] t2_sim:[61026. 60734. 60407.]
Task is 56.00% complete.
t1_sim:[58764. 59260. 58905.] t2_sim:[65285. 65172. 62338.]
Task is 57.00% complete.
t1_sim:[62340. 62337. 62216.] t2_sim:[61929. 62118. 60220.]
Task is 58.00% complete.
t1_sim:[65987. 66111. 67010.] t2_sim:[59795. 59703. 61810.]
Task is 59.00% complete.
t1_sim:[61449. 61996. 64039.] t2_sim:[58228. 58476. 61546.]
Task is 60.00% complete.
t1_sim:[63751. 64105. 61982.] t2_sim:[55979. 56013. 58046.]
Task is 61.00% complete.
t1_sim:[64343. 64656. 69202.] t2_sim:[55833. 55727. 57042.]
Task is 62.00% complete.
t1_sim:[61559. 61235. 60839.] t2_sim:[62551. 62616. 62682.]
Task is 63.00% complete.
t1_sim:[62405. 62395. 61249.] t2_sim:[61657. 61608. 60352.]
Task is 64.00% complete.
t1_sim:[65104. 64914. 66552.] t2_sim:[59900. 59925. 59992.]
Task is 65.00% complete.
t1_sim:[62311. 61822. 59340.] t2_sim:[56516. 56935. 58895.]
Task is 66.00% complete.
t1_sim:[65512. 65727. 66321.] t2_sim:[62849. 63187. 63419.]
Task is 67.00% complete.
t1_sim:[61704. 61519. 59187.] t2_sim:[62753. 63341. 62631.]
Task is 68.00% complete.
t1_sim:[64835. 64671. 66176.] t2_sim:[60860. 61010. 60143.]
Task is 69.00% complete.
t1_sim:[56856. 56848. 55425.] t2_sim:[66957. 66587. 66545.]
Task is 70.00% complete.
t1_sim:[59971. 59981. 59161.] t2_sim:[68628. 68450. 66766.]
Task is 71.00% complete.
t1_sim:[71449. 71459. 67009.] t2_sim:[65310. 65387. 66327.]
Task is 72.00% complete.
t1_sim:[67301. 66991. 64279.] t2_sim:[65074. 65323. 62763.]
Task is 73.00% complete.
t1_sim:[63766. 63239. 62950.] t2_sim:[61936. 61400. 62644.]
Task is 74.00% complete.
t1_sim:[63172. 63018. 65504.] t2_sim:[59706. 59770. 59381.]
Task is 75.00% complete.
t1_sim:[65284. 65738. 65912.] t2_sim:[57526. 56950. 60425.]
Task is 76.00% complete.
t1_sim:[61738. 61782. 61745.] t2_sim:[59171. 59118. 62411.]
Task is 77.00% complete.
t1_sim:[68462. 68226. 69397.] t2_sim:[67605. 67219. 67874.]
Task is 78.00% complete.
t1_sim:[61068. 61442. 60043.] t2_sim:[59769. 59630. 58514.]
Task is 79.00% complete.
t1_sim:[56721. 57023. 58654.] t2_sim:[65988. 65933. 62884.]
Task is 80.00% complete.
t1_sim:[64570. 64589. 61973.] t2_sim:[59581. 59654. 60058.]
Task is 81.00% complete.
t1_sim:[60808. 60962. 59922.] t2_sim:[60298. 60683. 64040.]
Task is 82.00% complete.
t1_sim:[58116. 58113. 58592.] t2_sim:[67323. 67238. 67331.]
Task is 83.00% complete.
t1_sim:[63240. 63577. 62064.] t2_sim:[60126. 60317. 61332.]
Task is 84.00% complete.
t1_sim:[59854. 59504. 63219.] t2_sim:[60569. 60231. 58060.]
Task is 85.00% complete.
t1_sim:[59481. 59361. 60482.] t2_sim:[61823. 61889. 61357.]
Task is 86.00% complete.
t1_sim:[63273. 63470. 63994.] t2_sim:[62614. 63004. 61571.]
Task is 87.00% complete.
t1_sim:[56485. 56388. 57789.] t2_sim:[59922. 59831. 59013.]
Task is 88.00% complete.
t1_sim:[62203. 62225. 64807.] t2_sim:[64170. 64182. 60999.]
Task is 89.00% complete.
t1_sim:[63249. 63413. 66480.] t2_sim:[59072. 59722. 61050.]
Task is 90.00% complete.
t1_sim:[71376. 71695. 73931.] t2_sim:[65968. 66211. 68411.]
Task is 91.00% complete.
t1_sim:[62815. 62896. 62250.] t2_sim:[57855. 57754. 57709.]
Task is 92.00% complete.
t1_sim:[57965. 58155. 57643.] t2_sim:[60832. 61054. 60990.]
Task is 93.00% complete.
t1_sim:[62789. 63333. 63602.] t2_sim:[63933. 64213. 65434.]
Task is 94.00% complete.
t1_sim:[60015. 60232. 60461.] t2_sim:[62968. 63302. 64003.]
Task is 95.00% complete.
t1_sim:[58177. 57977. 58654.] t2_sim:[62453. 62802. 62947.]
Task is 96.00% complete.
t1_sim:[61242. 61496. 62955.] t2_sim:[58288. 58602. 60732.]
Task is 97.00% complete.
t1_sim:[66686. 66274. 65621.] t2_sim:[60900. 61132. 61288.]
Task is 98.00% complete.
t1_sim:[60363. 60383. 60422.] t2_sim:[61123. 61276. 59760.]
Task is 99.00% complete.
t1_sim:[64395. 64394. 61494.] t2_sim:[58141. 58048. 59131.]
Finished
