/scratch/jz4721/Post-prediction-Causal-Inference/venv/lib/python3.8/site-packages/numpy/core/getlimits.py:518: UserWarning: The value of the smallest subnormal for <class 'numpy.float64'> type is zero.
  setattr(self, word, getattr(machar, word).flat[0])
/scratch/jz4721/Post-prediction-Causal-Inference/venv/lib/python3.8/site-packages/numpy/core/getlimits.py:89: UserWarning: The value of the smallest subnormal for <class 'numpy.float64'> type is zero.
  return self._float_to_str(self.smallest_subnormal)
/scratch/jz4721/Post-prediction-Causal-Inference/venv/lib/python3.8/site-packages/numpy/core/getlimits.py:518: UserWarning: The value of the smallest subnormal for <class 'numpy.float32'> type is zero.
  setattr(self, word, getattr(machar, word).flat[0])
/scratch/jz4721/Post-prediction-Causal-Inference/venv/lib/python3.8/site-packages/numpy/core/getlimits.py:89: UserWarning: The value of the smallest subnormal for <class 'numpy.float32'> type is zero.
  return self._float_to_str(self.smallest_subnormal)
Training start
t1_obs:[array(59666.), array(59425.), array(57183.)] t2_obs:[array(64425.), array(63967.), array(64901.)]
corr_G1:[None, None, -8.070089456651453e-18] corr_G2:[None, None, 0]
Training end
Task is 0.00% complete.
t1_sim:[61052. 61142. 61756.] t2_sim:[62595. 62401. 65327.]
Task is 1.00% complete.
t1_sim:[53445. 53671. 56655.] t2_sim:[68770. 68848. 67867.]
Task is 2.00% complete.
t1_sim:[56556. 56579. 57778.] t2_sim:[58038. 57955. 61535.]
Task is 3.00% complete.
t1_sim:[64510. 63933. 64098.] t2_sim:[65545. 65476. 62316.]
Task is 4.00% complete.
t1_sim:[59955. 59387. 58977.] t2_sim:[61372. 61849. 60383.]
Task is 5.00% complete.
t1_sim:[61221. 61298. 62223.] t2_sim:[62477. 62709. 64193.]
Task is 6.00% complete.
t1_sim:[57389. 57646. 59182.] t2_sim:[65920. 65747. 67741.]
Task is 7.00% complete.
t1_sim:[58202. 58389. 61724.] t2_sim:[56749. 57450. 57794.]
Task is 8.00% complete.
t1_sim:[63049. 63009. 65116.] t2_sim:[66772. 66699. 63166.]
Task is 9.00% complete.
t1_sim:[68169. 67889. 67572.] t2_sim:[65259. 65230. 61543.]
Task is 10.00% complete.
t1_sim:[62507. 62277. 60569.] t2_sim:[62678. 62603. 62840.]
Task is 11.00% complete.
t1_sim:[64121. 64123. 64896.] t2_sim:[62712. 62696. 64396.]
Task is 12.00% complete.
t1_sim:[62673. 62843. 61935.] t2_sim:[59676. 59573. 60857.]
Task is 13.00% complete.
t1_sim:[58009. 58771. 60235.] t2_sim:[63399. 63381. 64849.]
Task is 14.00% complete.
t1_sim:[57574. 57492. 56551.] t2_sim:[59334. 59668. 61072.]
Task is 15.00% complete.
t1_sim:[68266. 68358. 68347.] t2_sim:[64134. 64347. 62006.]
Task is 16.00% complete.
t1_sim:[63189. 63190. 62182.] t2_sim:[57069. 57478. 58732.]
Task is 17.00% complete.
t1_sim:[60609. 60162. 63560.] t2_sim:[60239. 60474. 64003.]
Task is 18.00% complete.
t1_sim:[59218. 59375. 58121.] t2_sim:[65234. 65414. 64453.]
Task is 19.00% complete.
t1_sim:[63201. 63172. 63212.] t2_sim:[63340. 63414. 60998.]
Task is 20.00% complete.
t1_sim:[60535. 60138. 63070.] t2_sim:[63806. 63364. 59390.]
Task is 21.00% complete.
t1_sim:[63534. 63573. 61753.] t2_sim:[58152. 57913. 57328.]
Task is 22.00% complete.
t1_sim:[60864. 60891. 60068.] t2_sim:[67125. 66933. 65658.]
Task is 23.00% complete.
t1_sim:[59710. 59394. 59339.] t2_sim:[63354. 63803. 66768.]
Task is 24.00% complete.
t1_sim:[61033. 61297. 58178.] t2_sim:[65382. 65805. 64963.]
Task is 25.00% complete.
t1_sim:[65033. 64941. 67222.] t2_sim:[63246. 62705. 63146.]
Task is 26.00% complete.
t1_sim:[60601. 60680. 59971.] t2_sim:[65718. 65547. 66796.]
Task is 27.00% complete.
t1_sim:[61288. 61726. 62542.] t2_sim:[61420. 61610. 65485.]
Task is 28.00% complete.
t1_sim:[61157. 61075. 61881.] t2_sim:[60803. 60983. 64630.]
Task is 29.00% complete.
t1_sim:[57873. 57827. 58169.] t2_sim:[67034. 66723. 66852.]
Task is 30.00% complete.
t1_sim:[62952. 62025. 61110.] t2_sim:[65059. 65237. 63051.]
Task is 31.00% complete.
t1_sim:[55785. 55643. 56241.] t2_sim:[59475. 59459. 60348.]
Task is 32.00% complete.
t1_sim:[66170. 66051. 64843.] t2_sim:[65814. 65856. 69012.]
Task is 33.00% complete.
t1_sim:[56733. 56675. 56072.] t2_sim:[66491. 66607. 59749.]
Task is 34.00% complete.
t1_sim:[58389. 59066. 60982.] t2_sim:[60348. 60568. 63968.]
Task is 35.00% complete.
t1_sim:[60793. 61179. 61569.] t2_sim:[62333. 62308. 63910.]
Task is 36.00% complete.
t1_sim:[64973. 65025. 66372.] t2_sim:[64288. 64044. 65928.]
Task is 37.00% complete.
t1_sim:[65728. 65056. 65162.] t2_sim:[63365. 63345. 63809.]
Task is 38.00% complete.
t1_sim:[59397. 59602. 61422.] t2_sim:[67069. 67578. 66113.]
Task is 39.00% complete.
t1_sim:[64476. 64265. 67008.] t2_sim:[58954. 58815. 57271.]
Task is 40.00% complete.
t1_sim:[66144. 66622. 64929.] t2_sim:[61511. 61660. 60864.]
Task is 41.00% complete.
t1_sim:[56047. 56285. 58019.] t2_sim:[62136. 62218. 64436.]
Task is 42.00% complete.
t1_sim:[65681. 65897. 66704.] t2_sim:[61294. 61100. 62908.]
Task is 43.00% complete.
t1_sim:[63910. 63622. 62992.] t2_sim:[63469. 63813. 63762.]
Task is 44.00% complete.
t1_sim:[65388. 65620. 66105.] t2_sim:[66102. 65697. 67312.]
Task is 45.00% complete.
t1_sim:[65400. 65669. 64346.] t2_sim:[63532. 64096. 63527.]
Task is 46.00% complete.
t1_sim:[55592. 56138. 56407.] t2_sim:[63565. 62988. 60467.]
Task is 47.00% complete.
t1_sim:[61586. 61391. 59549.] t2_sim:[65614. 65252. 63176.]
Task is 48.00% complete.
t1_sim:[63317. 62841. 60815.] t2_sim:[62667. 62563. 63166.]
Task is 49.00% complete.
t1_sim:[58555. 58696. 54410.] t2_sim:[60114. 60530. 59671.]
Task is 50.00% complete.
t1_sim:[61312. 61838. 63658.] t2_sim:[65377. 65129. 63968.]
Task is 51.00% complete.
t1_sim:[63790. 63815. 62437.] t2_sim:[66874. 66489. 65365.]
Task is 52.00% complete.
t1_sim:[67386. 67569. 64784.] t2_sim:[65718. 65620. 64766.]
Task is 53.00% complete.
t1_sim:[62864. 62800. 61176.] t2_sim:[64170. 64064. 62077.]
Task is 54.00% complete.
t1_sim:[64780. 64933. 60504.] t2_sim:[57870. 57485. 59005.]
Task is 55.00% complete.
t1_sim:[67307. 66879. 66796.] t2_sim:[60351. 60274. 58898.]
Task is 56.00% complete.
t1_sim:[61282. 61505. 61080.] t2_sim:[65596. 65366. 63445.]
Task is 57.00% complete.
t1_sim:[62407. 62438. 67244.] t2_sim:[66478. 66226. 67492.]
Task is 58.00% complete.
t1_sim:[63623. 63091. 60784.] t2_sim:[63789. 63623. 63395.]
Task is 59.00% complete.
t1_sim:[63330. 63573. 61538.] t2_sim:[62233. 62203. 64509.]
Task is 60.00% complete.
t1_sim:[67458. 67236. 68185.] t2_sim:[64176. 64203. 65275.]
Task is 61.00% complete.
t1_sim:[61123. 61056. 63103.] t2_sim:[62484. 62147. 61721.]
Task is 62.00% complete.
t1_sim:[64074. 63892. 62206.] t2_sim:[61656. 61901. 60147.]
Task is 63.00% complete.
t1_sim:[58051. 57946. 58470.] t2_sim:[62520. 62987. 62314.]
Task is 64.00% complete.
t1_sim:[63789. 63449. 61668.] t2_sim:[64468. 64538. 63882.]
Task is 65.00% complete.
t1_sim:[65383. 65181. 62294.] t2_sim:[62291. 62337. 61646.]
Task is 66.00% complete.
t1_sim:[61075. 61697. 60287.] t2_sim:[60615. 60422. 60436.]
Task is 67.00% complete.
t1_sim:[62507. 62052. 64727.] t2_sim:[63731. 63259. 61623.]
Task is 68.00% complete.
t1_sim:[65452. 65650. 64457.] t2_sim:[66533. 66283. 64820.]
Task is 69.00% complete.
t1_sim:[63364. 63472. 61899.] t2_sim:[61123. 61264. 58677.]
Task is 70.00% complete.
t1_sim:[60859. 61049. 58190.] t2_sim:[60998. 60815. 61697.]
Task is 71.00% complete.
t1_sim:[66131. 65996. 66373.] t2_sim:[61831. 61777. 63793.]
Task is 72.00% complete.
t1_sim:[64005. 63984. 62739.] t2_sim:[64030. 63940. 61376.]
Task is 73.00% complete.
t1_sim:[64260. 64060. 69568.] t2_sim:[68572. 68153. 66262.]
Task is 74.00% complete.
t1_sim:[64224. 64257. 61805.] t2_sim:[64145. 63961. 66289.]
Task is 75.00% complete.
t1_sim:[64968. 65231. 62928.] t2_sim:[60511. 60167. 62831.]
Task is 76.00% complete.
t1_sim:[58882. 59146. 57275.] t2_sim:[67407. 67698. 66678.]
Task is 77.00% complete.
t1_sim:[62820. 62816. 63627.] t2_sim:[62211. 62468. 62198.]
Task is 78.00% complete.
t1_sim:[63234. 62921. 60836.] t2_sim:[63701. 63468. 60639.]
Task is 79.00% complete.
t1_sim:[62920. 63097. 60513.] t2_sim:[67707. 67495. 66564.]
Task is 80.00% complete.
t1_sim:[65154. 64954. 67268.] t2_sim:[58389. 58228. 62072.]
Task is 81.00% complete.
t1_sim:[58339. 58358. 58431.] t2_sim:[61410. 60835. 58442.]
Task is 82.00% complete.
t1_sim:[58940. 58797. 57321.] t2_sim:[56344. 56034. 56594.]
Task is 83.00% complete.
t1_sim:[63861. 64019. 63142.] t2_sim:[54545. 54796. 58224.]
Task is 84.00% complete.
t1_sim:[62401. 62381. 66270.] t2_sim:[57848. 57783. 56981.]
Task is 85.00% complete.
t1_sim:[61143. 61537. 62989.] t2_sim:[63789. 63893. 64524.]
Task is 86.00% complete.
t1_sim:[65637. 65247. 65274.] t2_sim:[61307. 61133. 62298.]
Task is 87.00% complete.
t1_sim:[65217. 65637. 63659.] t2_sim:[62850. 63169. 65527.]
Task is 88.00% complete.
t1_sim:[61085. 60953. 59650.] t2_sim:[61271. 61218. 58592.]
Task is 89.00% complete.
t1_sim:[66391. 65972. 65794.] t2_sim:[61940. 62077. 61754.]
Task is 90.00% complete.
t1_sim:[63995. 63556. 66558.] t2_sim:[56321. 56264. 57128.]
Task is 91.00% complete.
t1_sim:[61136. 62166. 62401.] t2_sim:[58507. 58928. 61383.]
Task is 92.00% complete.
t1_sim:[65267. 65075. 69068.] t2_sim:[63166. 63544. 59692.]
Task is 93.00% complete.
t1_sim:[58543. 58628. 64606.] t2_sim:[64086. 64238. 63641.]
Task is 94.00% complete.
t1_sim:[63213. 63060. 65278.] t2_sim:[54792. 54703. 57671.]
Task is 95.00% complete.
t1_sim:[61367. 61785. 62144.] t2_sim:[60030. 60565. 59246.]
Task is 96.00% complete.
t1_sim:[59292. 59369. 60862.] t2_sim:[64106. 64109. 66181.]
Task is 97.00% complete.
t1_sim:[56407. 56425. 56226.] t2_sim:[63961. 64090. 62844.]
Task is 98.00% complete.
t1_sim:[57085. 56451. 56283.] t2_sim:[68699. 68270. 68418.]
Task is 99.00% complete.
t1_sim:[61148. 61320. 58922.] t2_sim:[64960. 64979. 65231.]
Training start
t1_obs:[array(59666.), array(59425.), array(58112.)] t2_obs:[array(64425.), array(63967.), array(63659.)]
corr_G1:[None, None, 0.9727537518203059] corr_G2:[None, None, 0.9984499289375336]
Training end
Task is 0.00% complete.
t1_sim:[63296. 63043. 61034.] t2_sim:[63508. 63281. 63134.]
Task is 1.00% complete.
t1_sim:[57000. 57563. 58434.] t2_sim:[67501. 67548. 66101.]
Task is 2.00% complete.
t1_sim:[62925. 62552. 62216.] t2_sim:[64650. 64291. 62755.]
Task is 3.00% complete.
t1_sim:[61415. 61249. 61124.] t2_sim:[63519. 63674. 64014.]
Task is 4.00% complete.
t1_sim:[64619. 64856. 66343.] t2_sim:[60102. 60368. 62377.]
Task is 5.00% complete.
t1_sim:[62635. 62743. 64791.] t2_sim:[67765. 68038. 68496.]
Task is 6.00% complete.
t1_sim:[62714. 62876. 62209.] t2_sim:[63475. 63441. 62190.]
Task is 7.00% complete.
t1_sim:[64002. 63389. 62205.] t2_sim:[65294. 65313. 64638.]
Task is 8.00% complete.
t1_sim:[58457. 58637. 58218.] t2_sim:[62613. 62574. 62669.]
Task is 9.00% complete.
t1_sim:[62445. 61977. 60751.] t2_sim:[61975. 62208. 61316.]
Task is 10.00% complete.
t1_sim:[61994. 61626. 60574.] t2_sim:[66920. 67335. 68078.]
Task is 11.00% complete.
t1_sim:[56559. 56555. 59119.] t2_sim:[60563. 60883. 61624.]
Task is 12.00% complete.
t1_sim:[64048. 64515. 62925.] t2_sim:[61746. 61914. 60859.]
Task is 13.00% complete.
t1_sim:[60750. 60877. 59676.] t2_sim:[62694. 63012. 61277.]
Task is 14.00% complete.
t1_sim:[63051. 62945. 62176.] t2_sim:[63454. 63826. 64682.]
Task is 15.00% complete.
t1_sim:[68767. 68820. 66741.] t2_sim:[61291. 61132. 61251.]
Task is 16.00% complete.
t1_sim:[57767. 57848. 57031.] t2_sim:[54487. 54414. 54548.]
Task is 17.00% complete.
t1_sim:[64339. 63940. 60960.] t2_sim:[58858. 58940. 57438.]
Task is 18.00% complete.
t1_sim:[60702. 60925. 59582.] t2_sim:[65508. 65151. 64315.]
Task is 19.00% complete.
t1_sim:[59996. 59944. 59094.] t2_sim:[58530. 58565. 58745.]
Task is 20.00% complete.
t1_sim:[65472. 65160. 63222.] t2_sim:[67236. 67682. 65743.]
Task is 21.00% complete.
t1_sim:[62936. 63004. 64852.] t2_sim:[59110. 58932. 58266.]
Task is 22.00% complete.
t1_sim:[67884. 67733. 67328.] t2_sim:[59705. 59834. 60463.]
Task is 23.00% complete.
t1_sim:[67823. 68159. 69364.] t2_sim:[59208. 58523. 56691.]
Task is 24.00% complete.
t1_sim:[61479. 61231. 61123.] t2_sim:[63425. 64424. 67350.]
Task is 25.00% complete.
t1_sim:[67280. 67568. 67827.] t2_sim:[66506. 66233. 65402.]
Task is 26.00% complete.
t1_sim:[62794. 63335. 62367.] t2_sim:[62151. 61546. 61262.]
Task is 27.00% complete.
t1_sim:[60977. 60839. 59937.] t2_sim:[69433. 69830. 69054.]
Task is 28.00% complete.
t1_sim:[54263. 54599. 56392.] t2_sim:[67203. 67282. 67999.]
Task is 29.00% complete.
t1_sim:[59410. 59456. 59933.] t2_sim:[61822. 61900. 63467.]
Task is 30.00% complete.
t1_sim:[63824. 64110. 63685.] t2_sim:[62942. 62690. 60595.]
Task is 31.00% complete.
t1_sim:[62889. 62502. 64184.] t2_sim:[57342. 57285. 56417.]
Task is 32.00% complete.
t1_sim:[63579. 63801. 64012.] t2_sim:[66893. 66916. 66227.]
Task is 33.00% complete.
t1_sim:[65911. 66290. 64640.] t2_sim:[58932. 59245. 59792.]
Task is 34.00% complete.
t1_sim:[62043. 61689. 61727.] t2_sim:[62355. 62485. 61644.]
Task is 35.00% complete.
t1_sim:[62907. 62558. 64670.] t2_sim:[65243. 65354. 65545.]
Task is 36.00% complete.
t1_sim:[62407. 62026. 63418.] t2_sim:[60258. 60131. 60970.]
Task is 37.00% complete.
t1_sim:[59480. 59930. 61625.] t2_sim:[64287. 64186. 63541.]
Task is 38.00% complete.
t1_sim:[56703. 56596. 55013.] t2_sim:[60878. 60449. 60324.]
Task is 39.00% complete.
t1_sim:[63613. 63534. 63492.] t2_sim:[66717. 66382. 65054.]
Task is 40.00% complete.
t1_sim:[63525. 63233. 64824.] t2_sim:[65036. 65680. 65644.]
Task is 41.00% complete.
t1_sim:[64299. 63760. 62581.] t2_sim:[62885. 62918. 64006.]
Task is 42.00% complete.
t1_sim:[62783. 62427. 63580.] t2_sim:[61737. 61780. 60541.]
Task is 43.00% complete.
t1_sim:[60000. 60090. 60780.] t2_sim:[69665. 69623. 69333.]
Task is 44.00% complete.
t1_sim:[62524. 62456. 61016.] t2_sim:[62836. 62775. 61518.]
Task is 45.00% complete.
t1_sim:[64425. 64383. 61625.] t2_sim:[55971. 55668. 57252.]
Task is 46.00% complete.
t1_sim:[59605. 59693. 59038.] t2_sim:[60399. 59980. 57668.]
Task is 47.00% complete.
t1_sim:[61986. 61900. 61753.] t2_sim:[61192. 61051. 60640.]
Task is 48.00% complete.
t1_sim:[63736. 63764. 65800.] t2_sim:[64438. 64393. 63593.]
Task is 49.00% complete.
t1_sim:[64373. 64550. 64473.] t2_sim:[65600. 65909. 67095.]
Task is 50.00% complete.
t1_sim:[62828. 63009. 64422.] t2_sim:[61086. 60939. 60639.]
Task is 51.00% complete.
t1_sim:[61350. 61682. 62243.] t2_sim:[62929. 63357. 63005.]
Task is 52.00% complete.
t1_sim:[60805. 60772. 61078.] t2_sim:[68071. 68156. 68315.]
Task is 53.00% complete.
t1_sim:[61162. 60869. 60719.] t2_sim:[64683. 64943. 63480.]
Task is 54.00% complete.
t1_sim:[67047. 66601. 63125.] t2_sim:[65901. 65966. 67364.]
Task is 55.00% complete.
t1_sim:[59082. 58911. 58318.] t2_sim:[58233. 58457. 59054.]
Task is 56.00% complete.
t1_sim:[59202. 59263. 58181.] t2_sim:[66216. 66177. 65785.]
Task is 57.00% complete.
t1_sim:[58494. 58137. 57830.] t2_sim:[69793. 69869. 69173.]
Task is 58.00% complete.
t1_sim:[65747. 65763. 66563.] t2_sim:[66026. 65936. 64073.]
Task is 59.00% complete.
t1_sim:[66983. 67438. 67989.] t2_sim:[66281. 65962. 66984.]
Task is 60.00% complete.
t1_sim:[60664. 60497. 59935.] t2_sim:[57130. 57007. 57141.]
Task is 61.00% complete.
t1_sim:[63439. 62605. 63194.] t2_sim:[65923. 66175. 67010.]
Task is 62.00% complete.
t1_sim:[65288. 65763. 68489.] t2_sim:[66006. 65846. 65590.]
Task is 63.00% complete.
t1_sim:[61093. 61271. 61785.] t2_sim:[59837. 59763. 59690.]
Task is 64.00% complete.
t1_sim:[63230. 62695. 62222.] t2_sim:[63772. 64093. 64910.]
Task is 65.00% complete.
t1_sim:[64560. 65056. 65254.] t2_sim:[63024. 63144. 65612.]
Task is 66.00% complete.
t1_sim:[63078. 63436. 63250.] t2_sim:[66366. 66513. 65629.]
Task is 67.00% complete.
t1_sim:[62298. 62560. 62151.] t2_sim:[58289. 58400. 57941.]
Task is 68.00% complete.
t1_sim:[62222. 61626. 61877.] t2_sim:[62546. 62953. 62203.]
Task is 69.00% complete.
t1_sim:[69392. 69057. 66352.] t2_sim:[66920. 67000. 66510.]
Task is 70.00% complete.
t1_sim:[57430. 57087. 58999.] t2_sim:[59905. 60130. 59339.]
Task is 71.00% complete.
t1_sim:[61005. 61047. 63958.] t2_sim:[59618. 59939. 61147.]
Task is 72.00% complete.
t1_sim:[65459. 64960. 63046.] t2_sim:[67972. 68697. 67750.]
Task is 73.00% complete.
t1_sim:[57679. 57717. 59618.] t2_sim:[60914. 61394. 61643.]
Task is 74.00% complete.
t1_sim:[62985. 62492. 63760.] t2_sim:[62716. 62409. 62964.]
Task is 75.00% complete.
t1_sim:[60487. 60568. 62213.] t2_sim:[63191. 63508. 60142.]
Task is 76.00% complete.
t1_sim:[61417. 61976. 61673.] t2_sim:[54236. 54297. 54227.]
Task is 77.00% complete.
t1_sim:[64114. 64625. 64011.] t2_sim:[63688. 64130. 65817.]
Task is 78.00% complete.
t1_sim:[61918. 61896. 61127.] t2_sim:[65315. 65689. 65842.]
Task is 79.00% complete.
t1_sim:[63648. 63913. 65090.] t2_sim:[60070. 60226. 60513.]
Task is 80.00% complete.
t1_sim:[63250. 63470. 64316.] t2_sim:[62899. 62982. 64563.]
Task is 81.00% complete.
t1_sim:[63007. 62765. 62197.] t2_sim:[59489. 58812. 57105.]
Task is 82.00% complete.
t1_sim:[67728. 67429. 68331.] t2_sim:[67349. 67423. 67813.]
Task is 83.00% complete.
t1_sim:[70169. 70549. 70421.] t2_sim:[59241. 59174. 62388.]
Task is 84.00% complete.
t1_sim:[68753. 68874. 67576.] t2_sim:[64492. 64640. 64090.]
Task is 85.00% complete.
t1_sim:[61448. 61510. 61070.] t2_sim:[61335. 61978. 62068.]
Task is 86.00% complete.
t1_sim:[62528. 63015. 63645.] t2_sim:[65133. 65245. 64403.]
Task is 87.00% complete.
t1_sim:[64639. 64314. 62967.] t2_sim:[58413. 58724. 60816.]
Task is 88.00% complete.
t1_sim:[58414. 58236. 58294.] t2_sim:[60151. 60094. 58610.]
Task is 89.00% complete.
t1_sim:[59826. 59674. 61065.] t2_sim:[66470. 66476. 67300.]
Task is 90.00% complete.
t1_sim:[63195. 63140. 64806.] t2_sim:[68536. 68306. 69109.]
Task is 91.00% complete.
t1_sim:[61047. 60981. 60113.] t2_sim:[62048. 61655. 60339.]
Task is 92.00% complete.
t1_sim:[61999. 61939. 62653.] t2_sim:[62206. 61994. 59471.]
Task is 93.00% complete.
t1_sim:[61376. 61097. 60745.] t2_sim:[60288. 60259. 59778.]
Task is 94.00% complete.
t1_sim:[68277. 68309. 66432.] t2_sim:[64742. 64860. 64854.]
Task is 95.00% complete.
t1_sim:[62516. 62356. 59235.] t2_sim:[59753. 59403. 59415.]
Task is 96.00% complete.
t1_sim:[63016. 62898. 65060.] t2_sim:[60185. 60152. 59499.]
Task is 97.00% complete.
t1_sim:[66219. 65962. 64617.] t2_sim:[64939. 65015. 67297.]
Task is 98.00% complete.
t1_sim:[61081. 60995. 60466.] t2_sim:[63458. 63321. 63893.]
Task is 99.00% complete.
t1_sim:[60302. 60421. 61784.] t2_sim:[58697. 58992. 58537.]
Training start
t1_obs:[array(59666.), array(59425.), array(58378.)] t2_obs:[array(64425.), array(63967.), array(64122.)]
corr_G1:[None, None, 0.016375114312347457] corr_G2:[None, None, -0.0035313769079007695]
Training end
Task is 0.00% complete.
t1_sim:[67306. 67296. 67365.] t2_sim:[58980. 58945. 59401.]
Task is 1.00% complete.
t1_sim:[60915. 60685. 60004.] t2_sim:[62595. 62870. 63027.]
Task is 2.00% complete.
t1_sim:[63852. 64479. 68087.] t2_sim:[63582. 63677. 63376.]
Task is 3.00% complete.
t1_sim:[58686. 58752. 59516.] t2_sim:[67385. 67198. 65023.]
Task is 4.00% complete.
t1_sim:[60345. 60336. 58231.] t2_sim:[60046. 59760. 58630.]
Task is 5.00% complete.
t1_sim:[58067. 57658. 58738.] t2_sim:[59188. 59172. 58776.]
Task is 6.00% complete.
t1_sim:[62816. 63145. 63304.] t2_sim:[60622. 60894. 62542.]
Task is 7.00% complete.
t1_sim:[63258. 63688. 62126.] t2_sim:[63877. 63599. 65642.]
Task is 8.00% complete.
t1_sim:[67156. 67154. 66489.] t2_sim:[62401. 62358. 63273.]
Task is 9.00% complete.
t1_sim:[65899. 65951. 67635.] t2_sim:[62395. 62716. 63721.]
Task is 10.00% complete.
t1_sim:[67001. 66929. 67264.] t2_sim:[66123. 66264. 66618.]
Task is 11.00% complete.
t1_sim:[56995. 57471. 57466.] t2_sim:[63279. 63360. 62827.]
Task is 12.00% complete.
t1_sim:[63659. 63881. 62632.] t2_sim:[60336. 60568. 60108.]
Task is 13.00% complete.
t1_sim:[69829. 69111. 67613.] t2_sim:[66610. 66266. 69312.]
Task is 14.00% complete.
t1_sim:[70326. 70449. 68516.] t2_sim:[65510. 65530. 66296.]
Task is 15.00% complete.
t1_sim:[58510. 58066. 58362.] t2_sim:[64804. 65425. 65543.]
Task is 16.00% complete.
t1_sim:[62321. 61952. 61387.] t2_sim:[60401. 60356. 62422.]
Task is 17.00% complete.
t1_sim:[62124. 62731. 64427.] t2_sim:[57133. 57049. 58084.]
Task is 18.00% complete.
t1_sim:[61163. 60742. 60953.] t2_sim:[62123. 62145. 63400.]
Task is 19.00% complete.
t1_sim:[60796. 61133. 61526.] t2_sim:[60938. 60573. 59373.]
Task is 20.00% complete.
t1_sim:[62238. 61906. 61131.] t2_sim:[62462. 62338. 61364.]
Task is 21.00% complete.
t1_sim:[61525. 61126. 59691.] t2_sim:[63213. 63365. 63225.]
Task is 22.00% complete.
t1_sim:[59371. 59358. 55319.] t2_sim:[61619. 61599. 62465.]
Task is 23.00% complete.
t1_sim:[62671. 62524. 63148.] t2_sim:[60651. 60231. 60230.]
Task is 24.00% complete.
t1_sim:[57457. 57098. 58658.] t2_sim:[67892. 67652. 67851.]
Task is 25.00% complete.
t1_sim:[63731. 63758. 64157.] t2_sim:[64791. 64750. 62554.]
Task is 26.00% complete.
t1_sim:[62188. 62125. 60478.] t2_sim:[64182. 63908. 62038.]
Task is 27.00% complete.
t1_sim:[56733. 56930. 57630.] t2_sim:[63714. 64241. 64183.]
Task is 28.00% complete.
t1_sim:[66900. 66572. 67381.] t2_sim:[63204. 63297. 62340.]
Task is 29.00% complete.
t1_sim:[59630. 59499. 59175.] t2_sim:[64729. 64733. 63965.]
Task is 30.00% complete.
t1_sim:[57324. 57525. 57813.] t2_sim:[60803. 60734. 61436.]
Task is 31.00% complete.
t1_sim:[64417. 64822. 62579.] t2_sim:[67827. 67723. 67646.]
Task is 32.00% complete.
t1_sim:[60959. 60994. 61963.] t2_sim:[57559. 56987. 54549.]
Task is 33.00% complete.
t1_sim:[66487. 66353. 63836.] t2_sim:[67776. 67943. 67482.]
Task is 34.00% complete.
t1_sim:[61398. 61335. 61257.] t2_sim:[67979. 67454. 67136.]
Task is 35.00% complete.
t1_sim:[61470. 61655. 58937.] t2_sim:[59753. 59724. 59599.]
Task is 36.00% complete.
t1_sim:[63536. 63869. 63915.] t2_sim:[60493. 61179. 61311.]
Task is 37.00% complete.
t1_sim:[62887. 62546. 64164.] t2_sim:[60156. 60475. 59182.]
Task is 38.00% complete.
t1_sim:[65678. 64920. 63106.] t2_sim:[62107. 62333. 62137.]
Task is 39.00% complete.
t1_sim:[66349. 66092. 65705.] t2_sim:[62654. 62812. 63981.]
Task is 40.00% complete.
t1_sim:[66948. 67001. 65233.] t2_sim:[54802. 55269. 55348.]
Task is 41.00% complete.
t1_sim:[66311. 66184. 64403.] t2_sim:[65922. 65979. 67560.]
Task is 42.00% complete.
t1_sim:[66240. 65838. 63723.] t2_sim:[65442. 65664. 67397.]
Task is 43.00% complete.
t1_sim:[64934. 64435. 61864.] t2_sim:[66142. 65260. 62786.]
Task is 44.00% complete.
t1_sim:[59496. 59754. 59149.] t2_sim:[63776. 63843. 62534.]
Task is 45.00% complete.
t1_sim:[62504. 62987. 62741.] t2_sim:[68002. 68305. 66038.]
Task is 46.00% complete.
t1_sim:[60334. 60032. 61489.] t2_sim:[63166. 63170. 63034.]
Task is 47.00% complete.
t1_sim:[59846. 59786. 57312.] t2_sim:[67846. 68358. 68496.]
Task is 48.00% complete.
t1_sim:[60162. 60049. 60424.] t2_sim:[57067. 56839. 56124.]
Task is 49.00% complete.
t1_sim:[65410. 65297. 62421.] t2_sim:[64250. 64401. 65418.]
Task is 50.00% complete.
t1_sim:[60649. 61094. 64123.] t2_sim:[60527. 60978. 62444.]
Task is 51.00% complete.
t1_sim:[62924. 62858. 61814.] t2_sim:[63167. 63480. 63907.]
Task is 52.00% complete.
t1_sim:[57462. 57644. 55652.] t2_sim:[57015. 56581. 56706.]
Task is 53.00% complete.
t1_sim:[61019. 61047. 59268.] t2_sim:[63454. 63186. 62399.]
Task is 54.00% complete.
t1_sim:[62542. 62606. 62654.] t2_sim:[66491. 67218. 66842.]
Task is 55.00% complete.
t1_sim:[63815. 63741. 60537.] t2_sim:[66540. 66665. 66046.]
Task is 56.00% complete.
t1_sim:[65858. 65587. 68513.] t2_sim:[64312. 64112. 65334.]
Task is 57.00% complete.
t1_sim:[63671. 63942. 63672.] t2_sim:[60743. 60617. 60292.]
Task is 58.00% complete.
t1_sim:[67626. 67557. 67879.] t2_sim:[62908. 62430. 62612.]
Task is 59.00% complete.
t1_sim:[63178. 63450. 65614.] t2_sim:[66459. 66648. 64426.]
Task is 60.00% complete.
t1_sim:[63046. 63351. 63434.] t2_sim:[58657. 58599. 58327.]
Task is 61.00% complete.
t1_sim:[57988. 57858. 58914.] t2_sim:[62143. 62146. 62678.]
Task is 62.00% complete.
t1_sim:[64712. 65493. 66309.] t2_sim:[56272. 56090. 56524.]
Task is 63.00% complete.
t1_sim:[68597. 68620. 69056.] t2_sim:[64484. 64422. 65448.]
Task is 64.00% complete.
t1_sim:[62019. 61354. 62215.] t2_sim:[63549. 63625. 62280.]
Task is 65.00% complete.
t1_sim:[68767. 68823. 67376.] t2_sim:[62052. 61782. 62054.]
Task is 66.00% complete.
t1_sim:[61477. 61879. 61784.] t2_sim:[64983. 64902. 65617.]
Task is 67.00% complete.
t1_sim:[60173. 59623. 60555.] t2_sim:[66680. 66492. 66869.]
Task is 68.00% complete.
t1_sim:[63810. 63729. 64653.] t2_sim:[61099. 61481. 60879.]
Task is 69.00% complete.
t1_sim:[61415. 61190. 61399.] t2_sim:[61661. 61858. 64669.]
Task is 70.00% complete.
t1_sim:[66173. 65919. 65572.] t2_sim:[63459. 63786. 66254.]
Task is 71.00% complete.
t1_sim:[63939. 64713. 67320.] t2_sim:[57018. 56905. 56814.]
Task is 72.00% complete.
t1_sim:[56542. 56423. 55983.] t2_sim:[68045. 68403. 69426.]
Task is 73.00% complete.
t1_sim:[61939. 62659. 63257.] t2_sim:[59881. 59479. 59969.]
Task is 74.00% complete.
t1_sim:[68091. 68221. 67771.] t2_sim:[61167. 61623. 61866.]
Task is 75.00% complete.
t1_sim:[59996. 59691. 59765.] t2_sim:[60714. 60466. 61743.]
Task is 76.00% complete.
t1_sim:[56912. 57125. 57273.] t2_sim:[62262. 62699. 64346.]
Task is 77.00% complete.
t1_sim:[65601. 65443. 63491.] t2_sim:[61608. 61589. 61845.]
Task is 78.00% complete.
t1_sim:[59021. 58852. 59666.] t2_sim:[64156. 64571. 63894.]
Task is 79.00% complete.
t1_sim:[61417. 61538. 58428.] t2_sim:[58344. 58162. 58506.]
Task is 80.00% complete.
t1_sim:[65367. 64735. 63498.] t2_sim:[55982. 55678. 55699.]
Task is 81.00% complete.
t1_sim:[61950. 62223. 63515.] t2_sim:[61372. 61461. 61567.]
Task is 82.00% complete.
t1_sim:[57973. 57693. 56045.] t2_sim:[64568. 64378. 64348.]
Task is 83.00% complete.
t1_sim:[66475. 66628. 65535.] t2_sim:[64642. 64285. 63793.]
Task is 84.00% complete.
t1_sim:[68506. 67945. 67375.] t2_sim:[64953. 64787. 66915.]
Task is 85.00% complete.
t1_sim:[65429. 65305. 64096.] t2_sim:[61386. 61257. 61443.]
Task is 86.00% complete.
t1_sim:[62777. 63139. 62104.] t2_sim:[65277. 65383. 66175.]
Task is 87.00% complete.
t1_sim:[58734. 58504. 56914.] t2_sim:[62420. 62759. 61887.]
Task is 88.00% complete.
t1_sim:[59473. 59614. 60914.] t2_sim:[61958. 61596. 61599.]
Task is 89.00% complete.
t1_sim:[57518. 57062. 59288.] t2_sim:[68329. 68436. 68312.]
Task is 90.00% complete.
t1_sim:[64847. 64695. 65897.] t2_sim:[60850. 60309. 59937.]
Task is 91.00% complete.
t1_sim:[66893. 66693. 66219.] t2_sim:[60801. 60554. 58906.]
Task is 92.00% complete.
t1_sim:[62219. 62005. 60491.] t2_sim:[61179. 60602. 61712.]
Task is 93.00% complete.
t1_sim:[62746. 63107. 63360.] t2_sim:[64280. 64487. 64303.]
Task is 94.00% complete.
t1_sim:[63904. 63704. 64295.] t2_sim:[67946. 67970. 69262.]
Task is 95.00% complete.
t1_sim:[62741. 63154. 62615.] t2_sim:[62285. 62100. 62355.]
Task is 96.00% complete.
t1_sim:[60657. 60158. 60377.] t2_sim:[66092. 66146. 66783.]
Task is 97.00% complete.
t1_sim:[64868. 64819. 66062.] t2_sim:[58149. 57996. 59726.]
Task is 98.00% complete.
t1_sim:[63479. 63273. 62805.] t2_sim:[65604. 65554. 64574.]
Task is 99.00% complete.
t1_sim:[64672. 64529. 62934.] t2_sim:[64736. 64773. 66472.]
Finished
