/scratch/jz4721/Post-prediction-Causal-Inference/venv/lib/python3.8/site-packages/numpy/core/getlimits.py:518: UserWarning: The value of the smallest subnormal for <class 'numpy.float64'> type is zero.
  setattr(self, word, getattr(machar, word).flat[0])
/scratch/jz4721/Post-prediction-Causal-Inference/venv/lib/python3.8/site-packages/numpy/core/getlimits.py:89: UserWarning: The value of the smallest subnormal for <class 'numpy.float64'> type is zero.
  return self._float_to_str(self.smallest_subnormal)
/scratch/jz4721/Post-prediction-Causal-Inference/venv/lib/python3.8/site-packages/numpy/core/getlimits.py:518: UserWarning: The value of the smallest subnormal for <class 'numpy.float32'> type is zero.
  setattr(self, word, getattr(machar, word).flat[0])
/scratch/jz4721/Post-prediction-Causal-Inference/venv/lib/python3.8/site-packages/numpy/core/getlimits.py:89: UserWarning: The value of the smallest subnormal for <class 'numpy.float32'> type is zero.
  return self._float_to_str(self.smallest_subnormal)
Training start
t1_obs:[array(57891.), array(57310.), array(58833.)] t2_obs:[array(64432.), array(64864.), array(60848.)]
corr_G1:[None, None, 0] corr_G2:[None, None, 0]
Training end
Task is 0.00% complete.
t1_sim:[62666. 62545. 60747.] t2_sim:[59806. 59274. 59052.]
Task is 1.00% complete.
t1_sim:[63757. 63398. 63719.] t2_sim:[58534. 58417. 59669.]
Task is 2.00% complete.
t1_sim:[62135. 62514. 63907.] t2_sim:[61323. 61779. 60858.]
Task is 3.00% complete.
t1_sim:[65698. 65897. 64063.] t2_sim:[68364. 68378. 65176.]
Task is 4.00% complete.
t1_sim:[65294. 65244. 64415.] t2_sim:[66724. 66543. 63829.]
Task is 5.00% complete.
t1_sim:[63765. 64298. 63366.] t2_sim:[66951. 66887. 67030.]
Task is 6.00% complete.
t1_sim:[57354. 57877. 56043.] t2_sim:[66003. 65618. 65946.]
Task is 7.00% complete.
t1_sim:[67130. 66944. 69066.] t2_sim:[67584. 67150. 64528.]
Task is 8.00% complete.
t1_sim:[65201. 65372. 61915.] t2_sim:[65230. 65516. 66613.]
Task is 9.00% complete.
t1_sim:[58371. 58611. 59502.] t2_sim:[56823. 56688. 58361.]
Task is 10.00% complete.
t1_sim:[63798. 63359. 62465.] t2_sim:[67296. 67656. 69075.]
Task is 11.00% complete.
t1_sim:[59510. 59232. 61413.] t2_sim:[71774. 71189. 72220.]
Task is 12.00% complete.
t1_sim:[64137. 64358. 61700.] t2_sim:[59693. 59895. 63069.]
Task is 13.00% complete.
t1_sim:[66075. 65401. 68509.] t2_sim:[62424. 62470. 62230.]
Task is 14.00% complete.
t1_sim:[63114. 63203. 63621.] t2_sim:[58893. 58726. 62087.]
Task is 15.00% complete.
t1_sim:[61354. 61190. 59974.] t2_sim:[65196. 65409. 64132.]
Task is 16.00% complete.
t1_sim:[63093. 63225. 61880.] t2_sim:[63446. 63148. 62256.]
Task is 17.00% complete.
t1_sim:[67364. 67457. 67050.] t2_sim:[57955. 58187. 60751.]
Task is 18.00% complete.
t1_sim:[61622. 61471. 63131.] t2_sim:[70289. 70297. 72341.]
Task is 19.00% complete.
t1_sim:[61694. 61826. 61913.] t2_sim:[65188. 65013. 64443.]
Task is 20.00% complete.
t1_sim:[60583. 60872. 60039.] t2_sim:[65712. 66059. 65515.]
Task is 21.00% complete.
t1_sim:[64427. 64705. 62346.] t2_sim:[60249. 60337. 61483.]
Task is 22.00% complete.
t1_sim:[68190. 67623. 65896.] t2_sim:[59622. 59775. 58185.]
Task is 23.00% complete.
t1_sim:[59240. 59346. 64464.] t2_sim:[63441. 63782. 63561.]
Task is 24.00% complete.
t1_sim:[67698. 67302. 64561.] t2_sim:[62349. 62680. 66457.]
Task is 25.00% complete.
t1_sim:[61041. 60968. 63335.] t2_sim:[69614. 69275. 68072.]
Task is 26.00% complete.
t1_sim:[57497. 57049. 60240.] t2_sim:[59797. 59767. 58181.]
Task is 27.00% complete.
t1_sim:[61893. 62075. 61039.] t2_sim:[68600. 68812. 67795.]
Task is 28.00% complete.
t1_sim:[59831. 59970. 60359.] t2_sim:[65498. 64531. 63039.]
Task is 29.00% complete.
t1_sim:[65968. 65858. 66342.] t2_sim:[58941. 58917. 58804.]
Task is 30.00% complete.
t1_sim:[62824. 62976. 60926.] t2_sim:[63059. 63365. 61770.]
Task is 31.00% complete.
t1_sim:[64491. 64147. 63087.] t2_sim:[57121. 57527. 57797.]
Task is 32.00% complete.
t1_sim:[59468. 59817. 59479.] t2_sim:[62255. 62215. 62918.]
Task is 33.00% complete.
t1_sim:[63930. 63801. 61836.] t2_sim:[61096. 60865. 58527.]
Task is 34.00% complete.
t1_sim:[66470. 66145. 61155.] t2_sim:[59283. 59443. 62228.]
Task is 35.00% complete.
t1_sim:[64466. 64689. 67066.] t2_sim:[66366. 66179. 68650.]
Task is 36.00% complete.
t1_sim:[67641. 67703. 65934.] t2_sim:[67619. 66877. 65388.]
Task is 37.00% complete.
t1_sim:[60981. 61000. 65521.] t2_sim:[65625. 64896. 62656.]
Task is 38.00% complete.
t1_sim:[60988. 60987. 63589.] t2_sim:[63143. 63193. 62567.]
Task is 39.00% complete.
t1_sim:[71731. 71786. 73030.] t2_sim:[60322. 60173. 58102.]
Task is 40.00% complete.
t1_sim:[56462. 56306. 57301.] t2_sim:[62056. 61716. 60517.]
Task is 41.00% complete.
t1_sim:[65082. 64923. 64842.] t2_sim:[60414. 59813. 56791.]
Task is 42.00% complete.
t1_sim:[62195. 62504. 61905.] t2_sim:[71530. 71132. 71167.]
Task is 43.00% complete.
t1_sim:[59429. 59540. 58260.] t2_sim:[62701. 62941. 61753.]
Task is 44.00% complete.
t1_sim:[64336. 64783. 65127.] t2_sim:[61078. 60401. 60206.]
Task is 45.00% complete.
t1_sim:[66297. 65852. 66213.] t2_sim:[60185. 60543. 62694.]
Task is 46.00% complete.
t1_sim:[66927. 66901. 60983.] t2_sim:[57696. 58201. 59448.]
Task is 47.00% complete.
t1_sim:[69013. 68849. 66151.] t2_sim:[61947. 61917. 61343.]
Task is 48.00% complete.
t1_sim:[68999. 69308. 67759.] t2_sim:[65765. 65782. 70068.]
Task is 49.00% complete.
t1_sim:[62483. 62423. 61109.] t2_sim:[67144. 66801. 64770.]
Task is 50.00% complete.
t1_sim:[69497. 69293. 65606.] t2_sim:[60187. 59784. 62575.]
Task is 51.00% complete.
t1_sim:[64086. 64680. 66135.] t2_sim:[63342. 63479. 66080.]
Task is 52.00% complete.
t1_sim:[63909. 64057. 63876.] t2_sim:[61007. 61425. 58828.]
Task is 53.00% complete.
t1_sim:[63222. 63157. 63519.] t2_sim:[63102. 63304. 61960.]
Task is 54.00% complete.
t1_sim:[65722. 65223. 61267.] t2_sim:[62578. 63006. 63700.]
Task is 55.00% complete.
t1_sim:[64413. 64194. 64481.] t2_sim:[63863. 63857. 64543.]
Task is 56.00% complete.
t1_sim:[62949. 62756. 61233.] t2_sim:[63334. 63122. 63266.]
Task is 57.00% complete.
t1_sim:[61460. 61300. 59690.] t2_sim:[61691. 61592. 62596.]
Task is 58.00% complete.
t1_sim:[54446. 54510. 58939.] t2_sim:[64465. 64452. 66577.]
Task is 59.00% complete.
t1_sim:[62043. 62448. 66682.] t2_sim:[60046. 60321. 58473.]
Task is 60.00% complete.
t1_sim:[63043. 62682. 65252.] t2_sim:[59861. 59581. 57445.]
Task is 61.00% complete.
t1_sim:[64581. 64727. 65028.] t2_sim:[59139. 59231. 57509.]
Task is 62.00% complete.
t1_sim:[68579. 68193. 64708.] t2_sim:[60893. 61165. 59860.]
Task is 63.00% complete.
t1_sim:[63337. 63107. 63143.] t2_sim:[55939. 55740. 58554.]
Task is 64.00% complete.
t1_sim:[61894. 62044. 63429.] t2_sim:[63083. 62740. 57969.]
Task is 65.00% complete.
t1_sim:[61836. 61728. 60284.] t2_sim:[66173. 66225. 61335.]
Task is 66.00% complete.
t1_sim:[59730. 59078. 62005.] t2_sim:[61280. 61177. 60257.]
Task is 67.00% complete.
t1_sim:[66893. 66660. 67183.] t2_sim:[59788. 60129. 60301.]
Task is 68.00% complete.
t1_sim:[64589. 64545. 66969.] t2_sim:[61763. 61357. 60854.]
Task is 69.00% complete.
t1_sim:[61944. 61795. 60312.] t2_sim:[58303. 58833. 57656.]
Task is 70.00% complete.
t1_sim:[64351. 64119. 64225.] t2_sim:[59395. 59709. 61340.]
Task is 71.00% complete.
t1_sim:[62275. 62030. 64846.] t2_sim:[63754. 63709. 63355.]
Task is 72.00% complete.
t1_sim:[67930. 67677. 63480.] t2_sim:[63433. 62940. 63436.]
Task is 73.00% complete.
t1_sim:[62278. 61890. 61508.] t2_sim:[61474. 61963. 65690.]
Task is 74.00% complete.
t1_sim:[55764. 55745. 56635.] t2_sim:[60834. 60911. 61372.]
Task is 75.00% complete.
t1_sim:[67745. 67924. 68458.] t2_sim:[66722. 66879. 67472.]
Task is 76.00% complete.
t1_sim:[67458. 67691. 64167.] t2_sim:[64490. 64318. 64425.]
Task is 77.00% complete.
t1_sim:[66796. 67184. 66146.] t2_sim:[59708. 59173. 58301.]
Task is 78.00% complete.
t1_sim:[62700. 62941. 61744.] t2_sim:[59849. 60160. 61867.]
Task is 79.00% complete.
t1_sim:[59543. 59441. 62393.] t2_sim:[61783. 62027. 62667.]
Task is 80.00% complete.
t1_sim:[54264. 54012. 53784.] t2_sim:[61749. 61595. 62107.]
Task is 81.00% complete.
t1_sim:[53825. 53674. 54938.] t2_sim:[65075. 64559. 60116.]
Task is 82.00% complete.
t1_sim:[60057. 59848. 61074.] t2_sim:[62438. 62531. 61367.]
Task is 83.00% complete.
t1_sim:[68020. 68316. 67597.] t2_sim:[60285. 60382. 62088.]
Task is 84.00% complete.
t1_sim:[59402. 59509. 59599.] t2_sim:[65267. 65558. 66012.]
Task is 85.00% complete.
t1_sim:[60890. 60856. 60098.] t2_sim:[71692. 71676. 71663.]
Task is 86.00% complete.
t1_sim:[63559. 63763. 61429.] t2_sim:[64958. 65256. 62506.]
Task is 87.00% complete.
t1_sim:[64963. 64730. 62076.] t2_sim:[60859. 60779. 62190.]
Task is 88.00% complete.
t1_sim:[63452. 63804. 60653.] t2_sim:[64486. 64329. 62782.]
Task is 89.00% complete.
t1_sim:[56632. 56352. 55754.] t2_sim:[61661. 61444. 61400.]
Task is 90.00% complete.
t1_sim:[63478. 63931. 62771.] t2_sim:[61457. 61594. 61141.]
Task is 91.00% complete.
t1_sim:[60611. 60935. 61323.] t2_sim:[65168. 65342. 62310.]
Task is 92.00% complete.
t1_sim:[63787. 63330. 61709.] t2_sim:[56078. 56726. 61300.]
Task is 93.00% complete.
t1_sim:[66431. 66253. 69275.] t2_sim:[64355. 64464. 68023.]
Task is 94.00% complete.
t1_sim:[64211. 64285. 61064.] t2_sim:[66919. 66981. 68957.]
Task is 95.00% complete.
t1_sim:[62737. 63061. 63444.] t2_sim:[57318. 57830. 63486.]
Task is 96.00% complete.
t1_sim:[62496. 61715. 59171.] t2_sim:[60885. 60807. 58183.]
Task is 97.00% complete.
t1_sim:[60274. 60309. 58755.] t2_sim:[64652. 64194. 62482.]
Task is 98.00% complete.
t1_sim:[59952. 60279. 65014.] t2_sim:[62524. 62007. 60617.]
Task is 99.00% complete.
t1_sim:[64520. 64394. 60831.] t2_sim:[61450. 61546. 62553.]
Training start
t1_obs:[array(57891.), array(57310.), array(57721.)] t2_obs:[array(64432.), array(64864.), array(63732.)]
corr_G1:[None, None, 0.9500412441006669] corr_G2:[None, None, 0.987098852882739]
Training end
Task is 0.00% complete.
t1_sim:[65483. 64892. 63495.] t2_sim:[60584. 60494. 60634.]
Task is 1.00% complete.
t1_sim:[62665. 62503. 62206.] t2_sim:[63517. 64183. 66200.]
Task is 2.00% complete.
t1_sim:[68158. 68154. 68415.] t2_sim:[61944. 62189. 62294.]
Task is 3.00% complete.
t1_sim:[61091. 60612. 60373.] t2_sim:[59071. 59523. 59429.]
Task is 4.00% complete.
t1_sim:[64565. 64509. 63124.] t2_sim:[62840. 62567. 61854.]
Task is 5.00% complete.
t1_sim:[55084. 55252. 58176.] t2_sim:[63774. 63851. 63375.]
Task is 6.00% complete.
t1_sim:[60360. 60314. 58857.] t2_sim:[65467. 65321. 65189.]
Task is 7.00% complete.
t1_sim:[62382. 61666. 60949.] t2_sim:[66353. 66450. 67418.]
Task is 8.00% complete.
t1_sim:[60072. 59957. 58809.] t2_sim:[65204. 65715. 65942.]
Task is 9.00% complete.
t1_sim:[62722. 62949. 62654.] t2_sim:[60554. 60434. 60741.]
Task is 10.00% complete.
t1_sim:[65587. 65619. 65477.] t2_sim:[65095. 65029. 65636.]
Task is 11.00% complete.
t1_sim:[56859. 57116. 54985.] t2_sim:[61261. 60913. 58816.]
Task is 12.00% complete.
t1_sim:[62819. 62658. 62657.] t2_sim:[63027. 63287. 62635.]
Task is 13.00% complete.
t1_sim:[63736. 63425. 63362.] t2_sim:[58737. 58212. 58355.]
Task is 14.00% complete.
t1_sim:[61130. 61425. 61658.] t2_sim:[63651. 63598. 63876.]
Task is 15.00% complete.
t1_sim:[63048. 63025. 61435.] t2_sim:[65436. 65369. 64992.]
Task is 16.00% complete.
t1_sim:[66816. 67213. 66795.] t2_sim:[64278. 63927. 63511.]
Task is 17.00% complete.
t1_sim:[62394. 62175. 63682.] t2_sim:[62067. 61918. 62490.]
Task is 18.00% complete.
t1_sim:[58871. 58530. 59593.] t2_sim:[68286. 68323. 65705.]
Task is 19.00% complete.
t1_sim:[62036. 62209. 61208.] t2_sim:[65078. 64963. 64021.]
Task is 20.00% complete.
t1_sim:[65442. 65903. 67534.] t2_sim:[57793. 57846. 58003.]
Task is 21.00% complete.
t1_sim:[56834. 56834. 58419.] t2_sim:[60330. 60281. 59168.]
Task is 22.00% complete.
t1_sim:[56081. 56299. 57994.] t2_sim:[66190. 66258. 65792.]
Task is 23.00% complete.
t1_sim:[56830. 56961. 57144.] t2_sim:[73966. 74124. 74031.]
Task is 24.00% complete.
t1_sim:[63610. 63517. 63747.] t2_sim:[63828. 63942. 64204.]
Task is 25.00% complete.
t1_sim:[67899. 67571. 67262.] t2_sim:[59614. 59460. 61680.]
Task is 26.00% complete.
t1_sim:[67363. 67178. 65882.] t2_sim:[64791. 64904. 63787.]
Task is 27.00% complete.
t1_sim:[54830. 54538. 54832.] t2_sim:[64258. 64600. 64957.]
Task is 28.00% complete.
t1_sim:[65108. 65066. 65119.] t2_sim:[60592. 60928. 60672.]
Task is 29.00% complete.
t1_sim:[66471. 66510. 65376.] t2_sim:[65097. 65166. 62971.]
Task is 30.00% complete.
t1_sim:[72962. 72823. 70471.] t2_sim:[65671. 65726. 63705.]
Task is 31.00% complete.
t1_sim:[65441. 65744. 67857.] t2_sim:[54321. 54555. 54894.]
Task is 32.00% complete.
t1_sim:[64142. 63678. 63358.] t2_sim:[61583. 61587. 63228.]
Task is 33.00% complete.
t1_sim:[64511. 64856. 64798.] t2_sim:[59840. 59618. 59317.]
Task is 34.00% complete.
t1_sim:[61896. 62190. 62977.] t2_sim:[62741. 62760. 62564.]
Task is 35.00% complete.
t1_sim:[63194. 62988. 62706.] t2_sim:[64982. 64872. 66245.]
Task is 36.00% complete.
t1_sim:[66570. 66275. 65694.] t2_sim:[62347. 62519. 61654.]
Task is 37.00% complete.
t1_sim:[63695. 63434. 63901.] t2_sim:[58130. 58289. 59144.]
Task is 38.00% complete.
t1_sim:[65570. 65700. 64659.] t2_sim:[63003. 63403. 63766.]
Task is 39.00% complete.
t1_sim:[61629. 61363. 62838.] t2_sim:[61565. 61748. 61777.]
Task is 40.00% complete.
t1_sim:[64165. 64323. 65194.] t2_sim:[63613. 63706. 64973.]
Task is 41.00% complete.
t1_sim:[60808. 60143. 61615.] t2_sim:[64013. 64702. 64938.]
Task is 42.00% complete.
t1_sim:[62677. 62677. 60071.] t2_sim:[61911. 62002. 63002.]
Task is 43.00% complete.
t1_sim:[64184. 64382. 63243.] t2_sim:[66551. 66098. 68018.]
Task is 44.00% complete.
t1_sim:[61052. 60416. 60843.] t2_sim:[58449. 58715. 60172.]
Task is 45.00% complete.
t1_sim:[57907. 58526. 57587.] t2_sim:[66503. 66124. 64024.]
Task is 46.00% complete.
t1_sim:[64387. 65101. 66404.] t2_sim:[61547. 60965. 61489.]
Task is 47.00% complete.
t1_sim:[61806. 61829. 61611.] t2_sim:[60710. 60616. 59815.]
Task is 48.00% complete.
t1_sim:[62953. 62698. 63389.] t2_sim:[70699. 70446. 69539.]
Task is 49.00% complete.
t1_sim:[65525. 65486. 65763.] t2_sim:[67514. 67494. 67742.]
Task is 50.00% complete.
t1_sim:[64920. 65216. 65221.] t2_sim:[59269. 59609. 60043.]
Task is 51.00% complete.
t1_sim:[64962. 65146. 65125.] t2_sim:[66457. 66821. 68378.]
Task is 52.00% complete.
t1_sim:[56785. 56609. 57766.] t2_sim:[62896. 62807. 64057.]
Task is 53.00% complete.
t1_sim:[63882. 63838. 64277.] t2_sim:[61043. 61426. 61152.]
Task is 54.00% complete.
t1_sim:[63888. 64352. 65229.] t2_sim:[58203. 58578. 58825.]
Task is 55.00% complete.
t1_sim:[64586. 64984. 65520.] t2_sim:[61886. 62297. 60189.]
Task is 56.00% complete.
t1_sim:[57848. 58406. 58638.] t2_sim:[68501. 68594. 67729.]
Task is 57.00% complete.
t1_sim:[66443. 66646. 68159.] t2_sim:[60524. 60399. 61297.]
Task is 58.00% complete.
t1_sim:[59263. 59022. 57287.] t2_sim:[60427. 60675. 60403.]
Task is 59.00% complete.
t1_sim:[63409. 63400. 64963.] t2_sim:[65402. 65096. 63819.]
Task is 60.00% complete.
t1_sim:[57184. 57280. 56797.] t2_sim:[57781. 56992. 56426.]
Task is 61.00% complete.
t1_sim:[62418. 62859. 65393.] t2_sim:[66132. 66089. 66855.]
Task is 62.00% complete.
t1_sim:[64007. 63951. 62676.] t2_sim:[66252. 66625. 65052.]
Task is 63.00% complete.
t1_sim:[65136. 65086. 66511.] t2_sim:[62241. 62614. 63046.]
Task is 64.00% complete.
t1_sim:[63328. 63544. 65139.] t2_sim:[61815. 61761. 62135.]
Task is 65.00% complete.
t1_sim:[63894. 63975. 63178.] t2_sim:[55584. 55837. 55934.]
Task is 66.00% complete.
t1_sim:[67376. 67168. 65251.] t2_sim:[60739. 60772. 61012.]
Task is 67.00% complete.
t1_sim:[64579. 64319. 63594.] t2_sim:[58732. 58881. 59875.]
Task is 68.00% complete.
t1_sim:[64768. 64407. 63416.] t2_sim:[65221. 65015. 65792.]
Task is 69.00% complete.
t1_sim:[63116. 63199. 62994.] t2_sim:[57704. 57468. 57906.]
Task is 70.00% complete.
t1_sim:[63188. 63258. 62730.] t2_sim:[61763. 61818. 60334.]
Task is 71.00% complete.
t1_sim:[63341. 63123. 62867.] t2_sim:[56568. 56793. 58642.]
Task is 72.00% complete.
t1_sim:[58819. 58107. 57720.] t2_sim:[60089. 60330. 61597.]
Task is 73.00% complete.
t1_sim:[65545. 65738. 65272.] t2_sim:[64332. 63725. 64715.]
Task is 74.00% complete.
t1_sim:[56354. 56437. 57191.] t2_sim:[64797. 64793. 64393.]
Task is 75.00% complete.
t1_sim:[60043. 60037. 60406.] t2_sim:[63192. 63132. 64009.]
Task is 76.00% complete.
t1_sim:[65927. 65389. 62429.] t2_sim:[62071. 62407. 60804.]
Task is 77.00% complete.
t1_sim:[61482. 61479. 63148.] t2_sim:[63837. 64031. 63526.]
Task is 78.00% complete.
t1_sim:[61054. 60971. 62961.] t2_sim:[61598. 61958. 60743.]
Task is 79.00% complete.
t1_sim:[61281. 60909. 63887.] t2_sim:[61319. 60512. 60463.]
Task is 80.00% complete.
t1_sim:[59727. 59946. 62481.] t2_sim:[55789. 56042. 56333.]
Task is 81.00% complete.
t1_sim:[64666. 64964. 64033.] t2_sim:[61247. 61601. 60450.]
Task is 82.00% complete.
t1_sim:[57097. 56980. 57828.] t2_sim:[60785. 60407. 61579.]
Task is 83.00% complete.
t1_sim:[62695. 62962. 62939.] t2_sim:[66505. 65905. 66805.]
Task is 84.00% complete.
t1_sim:[59986. 60499. 63645.] t2_sim:[63066. 62972. 62112.]
Task is 85.00% complete.
t1_sim:[62879. 62900. 62209.] t2_sim:[64869. 64866. 65615.]
Task is 86.00% complete.
t1_sim:[66707. 66629. 65555.] t2_sim:[60315. 60409. 60760.]
Task is 87.00% complete.
t1_sim:[61706. 62083. 62750.] t2_sim:[62034. 61672. 61875.]
Task is 88.00% complete.
t1_sim:[58823. 58730. 59987.] t2_sim:[60170. 60178. 61802.]
Task is 89.00% complete.
t1_sim:[61131. 61103. 60759.] t2_sim:[62688. 62177. 60468.]
Task is 90.00% complete.
t1_sim:[59179. 59096. 58840.] t2_sim:[63026. 63419. 63597.]
Task is 91.00% complete.
t1_sim:[62679. 62536. 58545.] t2_sim:[63457. 63078. 64816.]
Task is 92.00% complete.
t1_sim:[62707. 62471. 64285.] t2_sim:[64342. 63948. 65396.]
Task is 93.00% complete.
t1_sim:[59047. 59145. 58106.] t2_sim:[62739. 62500. 61751.]
Task is 94.00% complete.
t1_sim:[64318. 64257. 63012.] t2_sim:[62025. 62091. 61909.]
Task is 95.00% complete.
t1_sim:[62031. 62241. 64542.] t2_sim:[62929. 62326. 61798.]
Task is 96.00% complete.
t1_sim:[56879. 56978. 56779.] t2_sim:[64817. 65309. 66215.]
Task is 97.00% complete.
t1_sim:[62008. 62151. 65498.] t2_sim:[70438. 70263. 69095.]
Task is 98.00% complete.
t1_sim:[61891. 61708. 61047.] t2_sim:[62426. 62071. 61380.]
Task is 99.00% complete.
t1_sim:[64737. 64899. 66706.] t2_sim:[57505. 57183. 57167.]
Training start
t1_obs:[array(57891.), array(57310.), array(59595.)] t2_obs:[array(64432.), array(64864.), array(63902.)]
corr_G1:[None, None, 0.03611212458988834] corr_G2:[None, None, -0.03533491115412442]
Training end
Task is 0.00% complete.
t1_sim:[58599. 59204. 62211.] t2_sim:[62061. 61934. 60205.]
Task is 1.00% complete.
t1_sim:[69929. 69970. 70231.] t2_sim:[66370. 66273. 67157.]
Task is 2.00% complete.
t1_sim:[64903. 64851. 65725.] t2_sim:[58054. 58259. 57553.]
Task is 3.00% complete.
t1_sim:[64600. 64133. 64436.] t2_sim:[59435. 59272. 58159.]
Task is 4.00% complete.
t1_sim:[60544. 60697. 60415.] t2_sim:[64779. 64676. 66775.]
Task is 5.00% complete.
t1_sim:[64860. 65346. 67683.] t2_sim:[62586. 62968. 62285.]
Task is 6.00% complete.
t1_sim:[62252. 62453. 64087.] t2_sim:[58904. 58845. 59723.]
Task is 7.00% complete.
t1_sim:[60757. 60829. 64583.] t2_sim:[64423. 64534. 62098.]
Task is 8.00% complete.
t1_sim:[64768. 64430. 67660.] t2_sim:[63185. 63241. 63702.]
Task is 9.00% complete.
t1_sim:[64740. 64956. 67457.] t2_sim:[63506. 63760. 62184.]
Task is 10.00% complete.
t1_sim:[65985. 65835. 66272.] t2_sim:[65801. 66028. 65889.]
Task is 11.00% complete.
t1_sim:[64329. 64166. 62816.] t2_sim:[64428. 64037. 64217.]
Task is 12.00% complete.
t1_sim:[64860. 65242. 69138.] t2_sim:[62104. 61615. 60936.]
Task is 13.00% complete.
t1_sim:[66616. 66542. 66545.] t2_sim:[62127. 61919. 63413.]
Task is 14.00% complete.
t1_sim:[64147. 64117. 68206.] t2_sim:[64363. 64214. 64752.]
Task is 15.00% complete.
t1_sim:[65997. 66178. 67783.] t2_sim:[56662. 56529. 59080.]
Task is 16.00% complete.
t1_sim:[62113. 61794. 63567.] t2_sim:[65159. 65406. 63925.]
Task is 17.00% complete.
t1_sim:[61673. 62105. 63077.] t2_sim:[56957. 56405. 54990.]
Task is 18.00% complete.
t1_sim:[57459. 57217. 59203.] t2_sim:[63101. 63312. 64713.]
Task is 19.00% complete.
t1_sim:[65049. 64977. 68957.] t2_sim:[61113. 61392. 62446.]
Task is 20.00% complete.
t1_sim:[62651. 63002. 65230.] t2_sim:[66697. 66419. 67203.]
Task is 21.00% complete.
t1_sim:[62567. 61978. 63118.] t2_sim:[63597. 63252. 63420.]
Task is 22.00% complete.
t1_sim:[65405. 65792. 67417.] t2_sim:[65257. 65264. 68069.]
Task is 23.00% complete.
t1_sim:[61669. 61437. 64576.] t2_sim:[66604. 66261. 64709.]
Task is 24.00% complete.
t1_sim:[66372. 66224. 68638.] t2_sim:[62459. 62143. 63139.]
Task is 25.00% complete.
t1_sim:[67551. 67481. 68899.] t2_sim:[61638. 61804. 63276.]
Task is 26.00% complete.
t1_sim:[62861. 63133. 63581.] t2_sim:[65345. 65561. 63527.]
Task is 27.00% complete.
t1_sim:[65432. 65131. 64993.] t2_sim:[62141. 61860. 60708.]
Task is 28.00% complete.
t1_sim:[61751. 61828. 64373.] t2_sim:[62210. 62735. 62756.]
Task is 29.00% complete.
t1_sim:[58324. 58084. 62449.] t2_sim:[65288. 65750. 63517.]
Task is 30.00% complete.
t1_sim:[60576. 60124. 62020.] t2_sim:[55823. 55928. 56605.]
Task is 31.00% complete.
t1_sim:[60920. 61287. 61097.] t2_sim:[62991. 63205. 64012.]
Task is 32.00% complete.
t1_sim:[65808. 66233. 68521.] t2_sim:[64429. 63950. 64384.]
Task is 33.00% complete.
t1_sim:[61862. 62103. 65059.] t2_sim:[66779. 66894. 65139.]
Task is 34.00% complete.
t1_sim:[68778. 67877. 68428.] t2_sim:[59717. 59941. 58241.]
Task is 35.00% complete.
t1_sim:[64053. 64461. 66836.] t2_sim:[59472. 59639. 56697.]
Task is 36.00% complete.
t1_sim:[59250. 59766. 60737.] t2_sim:[62011. 61821. 60314.]
Task is 37.00% complete.
t1_sim:[57929. 57721. 60698.] t2_sim:[60772. 61133. 61216.]
Task is 38.00% complete.
t1_sim:[68358. 67789. 69254.] t2_sim:[60144. 59789. 61112.]
Task is 39.00% complete.
t1_sim:[65757. 65843. 69395.] t2_sim:[64926. 64203. 62400.]
Task is 40.00% complete.
t1_sim:[59743. 59474. 63484.] t2_sim:[61336. 61854. 62074.]
Task is 41.00% complete.
t1_sim:[63612. 63702. 64208.] t2_sim:[66937. 67429. 66327.]
Task is 42.00% complete.
t1_sim:[62994. 62619. 62561.] t2_sim:[63270. 63447. 61582.]
Task is 43.00% complete.
t1_sim:[59564. 59534. 59721.] t2_sim:[67403. 67282. 67522.]
Task is 44.00% complete.
t1_sim:[60265. 60173. 62486.] t2_sim:[65480. 65364. 66196.]
Task is 45.00% complete.
t1_sim:[58869. 58728. 61496.] t2_sim:[60992. 60586. 58734.]
Task is 46.00% complete.
t1_sim:[68713. 68986. 72599.] t2_sim:[60631. 60893. 60894.]
Task is 47.00% complete.
t1_sim:[61515. 61691. 64443.] t2_sim:[63421. 63375. 63027.]
Task is 48.00% complete.
t1_sim:[67818. 67472. 68369.] t2_sim:[67056. 67293. 65516.]
Task is 49.00% complete.
t1_sim:[61440. 61492. 65670.] t2_sim:[59200. 58931. 59730.]
Task is 50.00% complete.
t1_sim:[57829. 57693. 61884.] t2_sim:[64851. 64789. 64722.]
Task is 51.00% complete.
t1_sim:[63028. 62894. 65227.] t2_sim:[64458. 64583. 63024.]
Task is 52.00% complete.
t1_sim:[62439. 62824. 63400.] t2_sim:[59224. 58943. 58132.]
Task is 53.00% complete.
t1_sim:[60246. 60458. 63227.] t2_sim:[61332. 61457. 62187.]
Task is 54.00% complete.
t1_sim:[62530. 62065. 61315.] t2_sim:[60516. 60104. 59545.]
Task is 55.00% complete.
t1_sim:[67480. 67376. 67074.] t2_sim:[66708. 66247. 65653.]
Task is 56.00% complete.
t1_sim:[62663. 62389. 64577.] t2_sim:[60565. 60562. 60394.]
Task is 57.00% complete.
t1_sim:[63783. 63663. 66610.] t2_sim:[61940. 61774. 62964.]
Task is 58.00% complete.
t1_sim:[59440. 59348. 59834.] t2_sim:[66317. 65992. 66134.]
Task is 59.00% complete.
t1_sim:[65381. 65510. 68872.] t2_sim:[59985. 59623. 60856.]
Task is 60.00% complete.
t1_sim:[65703. 65653. 66430.] t2_sim:[63329. 63130. 62319.]
Task is 61.00% complete.
t1_sim:[57418. 57529. 62416.] t2_sim:[58266. 57957. 59553.]
Task is 62.00% complete.
t1_sim:[66127. 66492. 67439.] t2_sim:[62449. 61751. 61591.]
Task is 63.00% complete.
t1_sim:[62139. 62560. 64720.] t2_sim:[60527. 60669. 62116.]
Task is 64.00% complete.
t1_sim:[64338. 64682. 66051.] t2_sim:[66199. 66304. 64354.]
Task is 65.00% complete.
t1_sim:[59267. 59319. 61680.] t2_sim:[66647. 66655. 67432.]
Task is 66.00% complete.
t1_sim:[67476. 67584. 70291.] t2_sim:[62116. 62628. 63212.]
Task is 67.00% complete.
t1_sim:[63241. 63266. 64320.] t2_sim:[64238. 64595. 64700.]
Task is 68.00% complete.
t1_sim:[62120. 62050. 63004.] t2_sim:[63947. 63962. 63199.]
Task is 69.00% complete.
t1_sim:[68555. 67967. 69299.] t2_sim:[61239. 61076. 60649.]
Task is 70.00% complete.
t1_sim:[62351. 62802. 63980.] t2_sim:[65262. 65183. 65427.]
Task is 71.00% complete.
t1_sim:[62482. 63070. 64616.] t2_sim:[56623. 57297. 56631.]
Task is 72.00% complete.
t1_sim:[57009. 57051. 58600.] t2_sim:[63673. 63286. 62698.]
Task is 73.00% complete.
t1_sim:[66293. 66571. 69323.] t2_sim:[63746. 63254. 60771.]
Task is 74.00% complete.
t1_sim:[64191. 63778. 66685.] t2_sim:[63510. 63145. 64791.]
Task is 75.00% complete.
t1_sim:[61227. 61475. 62679.] t2_sim:[60437. 60305. 60513.]
Task is 76.00% complete.
t1_sim:[62289. 62552. 62835.] t2_sim:[63335. 63982. 63362.]
Task is 77.00% complete.
t1_sim:[65527. 65822. 66801.] t2_sim:[61785. 61519. 60052.]
Task is 78.00% complete.
t1_sim:[64833. 64892. 68124.] t2_sim:[64305. 64079. 61867.]
Task is 79.00% complete.
t1_sim:[64545. 63703. 64217.] t2_sim:[58908. 59455. 59947.]
Task is 80.00% complete.
t1_sim:[57720. 57580. 57532.] t2_sim:[61554. 61925. 62050.]
Task is 81.00% complete.
t1_sim:[61867. 61687. 62824.] t2_sim:[61073. 60856. 58624.]
Task is 82.00% complete.
t1_sim:[61577. 61840. 66854.] t2_sim:[56146. 56846. 56510.]
Task is 83.00% complete.
t1_sim:[58556. 58257. 60459.] t2_sim:[63550. 63814. 63184.]
Task is 84.00% complete.
t1_sim:[61819. 61093. 62577.] t2_sim:[64757. 64777. 62536.]
Task is 85.00% complete.
t1_sim:[59729. 59570. 60045.] t2_sim:[63590. 63096. 63606.]
Task is 86.00% complete.
t1_sim:[59745. 59779. 63307.] t2_sim:[63893. 63650. 62164.]
Task is 87.00% complete.
t1_sim:[62767. 62947. 63818.] t2_sim:[65537. 65898. 63764.]
Task is 88.00% complete.
t1_sim:[58539. 58199. 58685.] t2_sim:[66724. 66918. 63475.]
Task is 89.00% complete.
t1_sim:[61176. 61002. 64957.] t2_sim:[63125. 63135. 63163.]
Task is 90.00% complete.
t1_sim:[65596. 65782. 66532.] t2_sim:[59546. 59787. 60125.]
Task is 91.00% complete.
t1_sim:[60848. 60216. 61028.] t2_sim:[56291. 55868. 56046.]
Task is 92.00% complete.
t1_sim:[59831. 59843. 63561.] t2_sim:[72667. 72676. 72332.]
Task is 93.00% complete.
t1_sim:[62751. 62345. 64225.] t2_sim:[65441. 65040. 65133.]
Task is 94.00% complete.
t1_sim:[67295. 66607. 67123.] t2_sim:[64884. 65274. 65806.]
Task is 95.00% complete.
t1_sim:[64205. 64310. 67522.] t2_sim:[59420. 59511. 60036.]
Task is 96.00% complete.
t1_sim:[66536. 66367. 66879.] t2_sim:[64018. 63933. 62931.]
Task is 97.00% complete.
t1_sim:[55308. 54588. 55578.] t2_sim:[62593. 62670. 64066.]
Task is 98.00% complete.
t1_sim:[66524. 66590. 66915.] t2_sim:[62428. 62770. 61651.]
Task is 99.00% complete.
t1_sim:[58326. 58246. 58454.] t2_sim:[64367. 64387. 66709.]
Finished
