/scratch/jz4721/Post-prediction-Causal-Inference/venv/lib/python3.8/site-packages/numpy/core/getlimits.py:518: UserWarning: The value of the smallest subnormal for <class 'numpy.float64'> type is zero.
  setattr(self, word, getattr(machar, word).flat[0])
/scratch/jz4721/Post-prediction-Causal-Inference/venv/lib/python3.8/site-packages/numpy/core/getlimits.py:89: UserWarning: The value of the smallest subnormal for <class 'numpy.float64'> type is zero.
  return self._float_to_str(self.smallest_subnormal)
/scratch/jz4721/Post-prediction-Causal-Inference/venv/lib/python3.8/site-packages/numpy/core/getlimits.py:518: UserWarning: The value of the smallest subnormal for <class 'numpy.float32'> type is zero.
  setattr(self, word, getattr(machar, word).flat[0])
/scratch/jz4721/Post-prediction-Causal-Inference/venv/lib/python3.8/site-packages/numpy/core/getlimits.py:89: UserWarning: The value of the smallest subnormal for <class 'numpy.float32'> type is zero.
  return self._float_to_str(self.smallest_subnormal)
Training start
t1_obs:[array(66152.), array(66479.), array(66242.)] t2_obs:[array(63195.), array(63274.), array(59208.)]
corr_G1:[None, None, -1.2534424662293024e-17] corr_G2:[None, None, 0]
Training end
Task is 0.00% complete.
t1_sim:[64849. 64885. 63020.] t2_sim:[63250. 63082. 61526.]
Task is 1.00% complete.
t1_sim:[57270. 57635. 56740.] t2_sim:[64294. 64420. 66433.]
Task is 2.00% complete.
t1_sim:[63117. 64037. 65497.] t2_sim:[59107. 58792. 56064.]
Task is 3.00% complete.
t1_sim:[59048. 58936. 59728.] t2_sim:[62182. 62008. 60418.]
Task is 4.00% complete.
t1_sim:[60505. 60121. 57118.] t2_sim:[59398. 59267. 59920.]
Task is 5.00% complete.
t1_sim:[63176. 63270. 63739.] t2_sim:[59999. 60065. 64742.]
Task is 6.00% complete.
t1_sim:[65432. 65677. 64624.] t2_sim:[65977. 65889. 66210.]
Task is 7.00% complete.
t1_sim:[64878. 64905. 69212.] t2_sim:[65149. 65097. 63934.]
Task is 8.00% complete.
t1_sim:[62130. 62501. 61559.] t2_sim:[60622. 60277. 61275.]
Task is 9.00% complete.
t1_sim:[64161. 64202. 61090.] t2_sim:[63165. 63275. 63856.]
Task is 10.00% complete.
t1_sim:[62504. 62628. 67293.] t2_sim:[55798. 55650. 56549.]
Task is 11.00% complete.
t1_sim:[62346. 62013. 59732.] t2_sim:[66103. 65969. 63798.]
Task is 12.00% complete.
t1_sim:[61879. 62111. 61291.] t2_sim:[57892. 58005. 61283.]
Task is 13.00% complete.
t1_sim:[65158. 64612. 65412.] t2_sim:[61292. 61213. 58955.]
Task is 14.00% complete.
t1_sim:[69313. 69114. 67208.] t2_sim:[61743. 61913. 64184.]
Task is 15.00% complete.
t1_sim:[62984. 62933. 62570.] t2_sim:[62546. 61793. 61935.]
Task is 16.00% complete.
t1_sim:[60505. 59928. 59378.] t2_sim:[64115. 64197. 62122.]
Task is 17.00% complete.
t1_sim:[64354. 64247. 64358.] t2_sim:[65641. 65296. 64383.]
Task is 18.00% complete.
t1_sim:[64451. 63947. 63386.] t2_sim:[62650. 62889. 61193.]
Task is 19.00% complete.
t1_sim:[60879. 60737. 60190.] t2_sim:[63007. 62879. 63848.]
Task is 20.00% complete.
t1_sim:[69069. 69125. 68831.] t2_sim:[66249. 66636. 64134.]
Task is 21.00% complete.
t1_sim:[61952. 61510. 63714.] t2_sim:[60718. 61068. 58251.]
Task is 22.00% complete.
t1_sim:[68986. 68918. 70450.] t2_sim:[62534. 62784. 57321.]
Task is 23.00% complete.
t1_sim:[64537. 64779. 64666.] t2_sim:[70576. 69973. 70707.]
Task is 24.00% complete.
t1_sim:[65354. 65308. 66179.] t2_sim:[66423. 66188. 66942.]
Task is 25.00% complete.
t1_sim:[62530. 63260. 63237.] t2_sim:[62850. 63450. 63398.]
Task is 26.00% complete.
t1_sim:[59434. 59427. 59856.] t2_sim:[70017. 70174. 67612.]
Task is 27.00% complete.
t1_sim:[62900. 63162. 65032.] t2_sim:[64623. 64960. 63362.]
Task is 28.00% complete.
t1_sim:[60828. 60536. 62889.] t2_sim:[64227. 64204. 62681.]
Task is 29.00% complete.
t1_sim:[60722. 60551. 62580.] t2_sim:[61924. 61722. 60356.]
Task is 30.00% complete.
t1_sim:[59877. 59958. 64451.] t2_sim:[60514. 61076. 61538.]
Task is 31.00% complete.
t1_sim:[61276. 61299. 62256.] t2_sim:[67844. 67550. 65910.]
Task is 32.00% complete.
t1_sim:[59373. 59622. 61692.] t2_sim:[60279. 60265. 59793.]
Task is 33.00% complete.
t1_sim:[66681. 66764. 66018.] t2_sim:[54488. 54568. 58066.]
Task is 34.00% complete.
t1_sim:[66039. 66161. 66983.] t2_sim:[60109. 60541. 60101.]
Task is 35.00% complete.
t1_sim:[66073. 66132. 63338.] t2_sim:[58474. 58310. 56577.]
Task is 36.00% complete.
t1_sim:[57496. 57347. 61127.] t2_sim:[60302. 60115. 57353.]
Task is 37.00% complete.
t1_sim:[65284. 65051. 64701.] t2_sim:[63955. 64341. 63625.]
Task is 38.00% complete.
t1_sim:[59989. 59844. 58587.] t2_sim:[65144. 65072. 62046.]
Task is 39.00% complete.
t1_sim:[57489. 57242. 56423.] t2_sim:[63694. 63531. 62341.]
Task is 40.00% complete.
t1_sim:[65137. 65169. 62872.] t2_sim:[59497. 59750. 56618.]
Task is 41.00% complete.
t1_sim:[61066. 61605. 60582.] t2_sim:[64860. 65512. 65177.]
Task is 42.00% complete.
t1_sim:[64353. 63996. 63815.] t2_sim:[63688. 63522. 67742.]
Task is 43.00% complete.
t1_sim:[61468. 61946. 64958.] t2_sim:[64461. 64423. 62326.]
Task is 44.00% complete.
t1_sim:[59784. 59798. 58556.] t2_sim:[60841. 60769. 61779.]
Task is 45.00% complete.
t1_sim:[62885. 62823. 60697.] t2_sim:[63203. 63403. 65474.]
Task is 46.00% complete.
t1_sim:[68084. 68065. 63515.] t2_sim:[63282. 62885. 62638.]
Task is 47.00% complete.
t1_sim:[66130. 66308. 64289.] t2_sim:[56311. 56507. 58329.]
Task is 48.00% complete.
t1_sim:[62788. 62371. 60015.] t2_sim:[63380. 63816. 65056.]
Task is 49.00% complete.
t1_sim:[61948. 62164. 62871.] t2_sim:[62681. 62564. 61597.]
Task is 50.00% complete.
t1_sim:[58631. 59100. 62989.] t2_sim:[59905. 59633. 61212.]
Task is 51.00% complete.
t1_sim:[60257. 61166. 57704.] t2_sim:[61540. 61786. 63855.]
Task is 52.00% complete.
t1_sim:[65009. 65430. 64452.] t2_sim:[59809. 60207. 63417.]
Task is 53.00% complete.
t1_sim:[65772. 65840. 64170.] t2_sim:[63422. 63488. 65108.]
Task is 54.00% complete.
t1_sim:[62459. 61986. 61833.] t2_sim:[59164. 59558. 63090.]
Task is 55.00% complete.
t1_sim:[61376. 61422. 62441.] t2_sim:[63772. 63902. 62611.]
Task is 56.00% complete.
t1_sim:[60022. 60540. 61098.] t2_sim:[68793. 68620. 68972.]
Task is 57.00% complete.
t1_sim:[66462. 66250. 64785.] t2_sim:[61964. 61168. 60030.]
Task is 58.00% complete.
t1_sim:[63255. 62962. 63943.] t2_sim:[58607. 58549. 57772.]
Task is 59.00% complete.
t1_sim:[65929. 65878. 65765.] t2_sim:[60412. 60051. 61105.]
Task is 60.00% complete.
t1_sim:[61469. 61361. 60824.] t2_sim:[61439. 61714. 62652.]
Task is 61.00% complete.
t1_sim:[59217. 58862. 60673.] t2_sim:[63912. 64106. 64819.]
Task is 62.00% complete.
t1_sim:[58405. 58555. 61593.] t2_sim:[57163. 57011. 57397.]
Task is 63.00% complete.
t1_sim:[59012. 59063. 59865.] t2_sim:[64126. 64142. 65936.]
Task is 64.00% complete.
t1_sim:[66508. 66419. 64973.] t2_sim:[57308. 57297. 61818.]
Task is 65.00% complete.
t1_sim:[63733. 64053. 65799.] t2_sim:[67932. 67718. 64859.]
Task is 66.00% complete.
t1_sim:[65782. 65611. 63164.] t2_sim:[60867. 60292. 61199.]
Task is 67.00% complete.
t1_sim:[61480. 61587. 61187.] t2_sim:[57413. 57487. 58143.]
Task is 68.00% complete.
t1_sim:[63595. 63319. 65573.] t2_sim:[57748. 57859. 58859.]
Task is 69.00% complete.
t1_sim:[61283. 61140. 57399.] t2_sim:[63167. 63112. 64340.]
Task is 70.00% complete.
t1_sim:[62070. 62152. 61924.] t2_sim:[66697. 66579. 66287.]
Task is 71.00% complete.
t1_sim:[62660. 62946. 62406.] t2_sim:[62837. 62273. 63386.]
Task is 72.00% complete.
t1_sim:[65799. 66026. 67866.] t2_sim:[69204. 69577. 65687.]
Task is 73.00% complete.
t1_sim:[60410. 60398. 64142.] t2_sim:[62517. 62331. 62947.]
Task is 74.00% complete.
t1_sim:[59587. 59269. 60784.] t2_sim:[61688. 61835. 62938.]
Task is 75.00% complete.
t1_sim:[64387. 65140. 64853.] t2_sim:[63423. 63797. 65839.]
Task is 76.00% complete.
t1_sim:[61699. 61282. 65541.] t2_sim:[64196. 64586. 63753.]
Task is 77.00% complete.
t1_sim:[58626. 58666. 58480.] t2_sim:[62952. 62886. 64339.]
Task is 78.00% complete.
t1_sim:[63562. 64160. 66299.] t2_sim:[62820. 62948. 62977.]
Task is 79.00% complete.
t1_sim:[66483. 66760. 70226.] t2_sim:[67111. 67247. 67283.]
Task is 80.00% complete.
t1_sim:[60637. 60369. 60921.] t2_sim:[62093. 61354. 59363.]
Task is 81.00% complete.
t1_sim:[59277. 59437. 56923.] t2_sim:[58866. 58944. 58702.]
Task is 82.00% complete.
t1_sim:[62824. 62411. 63470.] t2_sim:[62696. 62627. 62871.]
Task is 83.00% complete.
t1_sim:[65588. 65745. 61418.] t2_sim:[57270. 57568. 59490.]
Task is 84.00% complete.
t1_sim:[65775. 65657. 63727.] t2_sim:[56807. 56520. 56903.]
Task is 85.00% complete.
t1_sim:[63415. 63930. 64559.] t2_sim:[65194. 65649. 64656.]
Task is 86.00% complete.
t1_sim:[60764. 60775. 63203.] t2_sim:[65081. 65210. 65868.]
Task is 87.00% complete.
t1_sim:[65146. 64369. 63062.] t2_sim:[58606. 59204. 60795.]
Task is 88.00% complete.
t1_sim:[58306. 58523. 54533.] t2_sim:[61198. 61713. 58351.]
Task is 89.00% complete.
t1_sim:[62336. 62310. 63096.] t2_sim:[67025. 67295. 68382.]
Task is 90.00% complete.
t1_sim:[60466. 60069. 59259.] t2_sim:[65066. 63903. 65894.]
Task is 91.00% complete.
t1_sim:[59102. 59230. 63792.] t2_sim:[62343. 62105. 62487.]
Task is 92.00% complete.
t1_sim:[59090. 58530. 60440.] t2_sim:[61687. 61475. 62069.]
Task is 93.00% complete.
t1_sim:[62285. 62123. 64775.] t2_sim:[63012. 62883. 60591.]
Task is 94.00% complete.
t1_sim:[63827. 64543. 66467.] t2_sim:[66891. 66758. 70493.]
Task is 95.00% complete.
t1_sim:[61084. 61447. 61345.] t2_sim:[61538. 61557. 64662.]
Task is 96.00% complete.
t1_sim:[61803. 61834. 62901.] t2_sim:[64445. 64336. 62295.]
Task is 97.00% complete.
t1_sim:[57668. 57422. 61275.] t2_sim:[60565. 60856. 62311.]
Task is 98.00% complete.
t1_sim:[65883. 66009. 65121.] t2_sim:[68992. 69187. 68240.]
Task is 99.00% complete.
t1_sim:[60231. 60073. 63121.] t2_sim:[59919. 59855. 58755.]
Training start
t1_obs:[array(66152.), array(66479.), array(65994.)] t2_obs:[array(63195.), array(63274.), array(60494.)]
corr_G1:[None, None, 0.9995258409200364] corr_G2:[None, None, 0.9999661901151996]
Training end
Task is 0.00% complete.
t1_sim:[59634. 59696. 57837.] t2_sim:[62602. 62080. 59549.]
Task is 1.00% complete.
t1_sim:[61568. 61537. 60162.] t2_sim:[60914. 60663. 60235.]
Task is 2.00% complete.
t1_sim:[61200. 60858. 60895.] t2_sim:[65868. 66337. 65812.]
Task is 3.00% complete.
t1_sim:[64348. 64328. 63637.] t2_sim:[66823. 66789. 67635.]
Task is 4.00% complete.
t1_sim:[63297. 63594. 62223.] t2_sim:[61235. 61253. 61844.]
Task is 5.00% complete.
t1_sim:[64886. 64542. 65256.] t2_sim:[62428. 62794. 63527.]
Task is 6.00% complete.
t1_sim:[66541. 65801. 65752.] t2_sim:[60909. 61458. 61196.]
Task is 7.00% complete.
t1_sim:[63781. 64153. 66040.] t2_sim:[65068. 65664. 65111.]
Task is 8.00% complete.
t1_sim:[62250. 62590. 60684.] t2_sim:[69405. 68642. 68105.]
Task is 9.00% complete.
t1_sim:[64290. 64564. 65048.] t2_sim:[61704. 61816. 60628.]
Task is 10.00% complete.
t1_sim:[59622. 60185. 61478.] t2_sim:[60943. 61099. 61452.]
Task is 11.00% complete.
t1_sim:[63844. 63688. 62574.] t2_sim:[64881. 65705. 67364.]
Task is 12.00% complete.
t1_sim:[58648. 58613. 58147.] t2_sim:[60784. 61249. 61871.]
Task is 13.00% complete.
t1_sim:[58230. 58517. 56875.] t2_sim:[62366. 61906. 61294.]
Task is 14.00% complete.
t1_sim:[67171. 67855. 64149.] t2_sim:[61973. 61755. 62319.]
Task is 15.00% complete.
t1_sim:[62439. 62541. 61890.] t2_sim:[66172. 66030. 65125.]
Task is 16.00% complete.
t1_sim:[65532. 65314. 63622.] t2_sim:[60046. 60058. 59978.]
Task is 17.00% complete.
t1_sim:[61867. 62328. 61904.] t2_sim:[60843. 60461. 61186.]
Task is 18.00% complete.
t1_sim:[60533. 60910. 60435.] t2_sim:[59804. 59143. 58035.]
Task is 19.00% complete.
t1_sim:[64540. 65075. 65238.] t2_sim:[62670. 62446. 62448.]
Task is 20.00% complete.
t1_sim:[60840. 61159. 60717.] t2_sim:[64913. 64574. 64309.]
Task is 21.00% complete.
t1_sim:[63310. 63247. 62408.] t2_sim:[59311. 59103. 59861.]
Task is 22.00% complete.
t1_sim:[62562. 62792. 64618.] t2_sim:[60139. 60850. 60608.]
Task is 23.00% complete.
t1_sim:[63027. 62853. 62806.] t2_sim:[54668. 54721. 55032.]
Task is 24.00% complete.
t1_sim:[59901. 60251. 61957.] t2_sim:[61715. 61622. 62071.]
Task is 25.00% complete.
t1_sim:[61551. 61433. 62172.] t2_sim:[64958. 64795. 63693.]
Task is 26.00% complete.
t1_sim:[64951. 64873. 65014.] t2_sim:[66772. 66944. 65487.]
Task is 27.00% complete.
t1_sim:[61493. 61109. 58521.] t2_sim:[63374. 63337. 64190.]
Task is 28.00% complete.
t1_sim:[68465. 68807. 68563.] t2_sim:[62446. 62174. 62700.]
Task is 29.00% complete.
t1_sim:[62280. 61883. 62006.] t2_sim:[63124. 63315. 63721.]
Task is 30.00% complete.
t1_sim:[63468. 63682. 63232.] t2_sim:[60323. 60214. 57812.]
Task is 31.00% complete.
t1_sim:[58656. 58675. 58403.] t2_sim:[64820. 65193. 64746.]
Task is 32.00% complete.
t1_sim:[64170. 64133. 65840.] t2_sim:[58450. 58607. 57980.]
Task is 33.00% complete.
t1_sim:[68232. 68281. 67376.] t2_sim:[63923. 63927. 65034.]
Task is 34.00% complete.
t1_sim:[58303. 59017. 59996.] t2_sim:[67016. 67038. 67487.]
Task is 35.00% complete.
t1_sim:[63277. 62772. 61677.] t2_sim:[55002. 54992. 56145.]
Task is 36.00% complete.
t1_sim:[60220. 60422. 58861.] t2_sim:[65854. 65802. 65131.]
Task is 37.00% complete.
t1_sim:[66931. 67014. 67906.] t2_sim:[58226. 57756. 55998.]
Task is 38.00% complete.
t1_sim:[62335. 62328. 60327.] t2_sim:[61776. 61514. 61347.]
Task is 39.00% complete.
t1_sim:[64625. 64828. 63845.] t2_sim:[65614. 65511. 65238.]
Task is 40.00% complete.
t1_sim:[69051. 68494. 66557.] t2_sim:[59285. 59334. 57650.]
Task is 41.00% complete.
t1_sim:[63953. 64452. 62717.] t2_sim:[59950. 60431. 60655.]
Task is 42.00% complete.
t1_sim:[67000. 66960. 67952.] t2_sim:[65479. 65575. 64932.]
Task is 43.00% complete.
t1_sim:[67608. 67748. 68450.] t2_sim:[56793. 57237. 55873.]
Task is 44.00% complete.
t1_sim:[64694. 64350. 66086.] t2_sim:[56819. 56665. 57941.]
Task is 45.00% complete.
t1_sim:[61608. 61458. 61463.] t2_sim:[64637. 64710. 65224.]
Task is 46.00% complete.
t1_sim:[59935. 60224. 60226.] t2_sim:[61419. 61194. 61329.]
Task is 47.00% complete.
t1_sim:[61049. 61116. 59413.] t2_sim:[62869. 63034. 62963.]
Task is 48.00% complete.
t1_sim:[61750. 61324. 60233.] t2_sim:[60837. 60561. 61401.]
Task is 49.00% complete.
t1_sim:[65909. 65840. 64688.] t2_sim:[60570. 60136. 62109.]
Task is 50.00% complete.
t1_sim:[61202. 61597. 62990.] t2_sim:[66112. 66067. 66197.]
Task is 51.00% complete.
t1_sim:[61725. 61248. 61599.] t2_sim:[58187. 58597. 58636.]
Task is 52.00% complete.
t1_sim:[65911. 66063. 65364.] t2_sim:[60447. 60531. 60084.]
Task is 53.00% complete.
t1_sim:[64008. 64307. 65085.] t2_sim:[61424. 61795. 61844.]
Task is 54.00% complete.
t1_sim:[62154. 62677. 62893.] t2_sim:[59712. 60158. 62166.]
Task is 55.00% complete.
t1_sim:[57671. 58086. 56371.] t2_sim:[64888. 65233. 67433.]
Task is 56.00% complete.
t1_sim:[55961. 55960. 54350.] t2_sim:[65444. 65400. 65121.]
Task is 57.00% complete.
t1_sim:[57533. 57791. 59451.] t2_sim:[72118. 72543. 73002.]
Task is 58.00% complete.
t1_sim:[63649. 63445. 63294.] t2_sim:[66011. 65278. 63860.]
Task is 59.00% complete.
t1_sim:[59797. 60338. 62416.] t2_sim:[60622. 60982. 62049.]
Task is 60.00% complete.
t1_sim:[58769. 58948. 60832.] t2_sim:[56667. 56623. 57302.]
Task is 61.00% complete.
t1_sim:[63062. 62629. 62752.] t2_sim:[61208. 61442. 61722.]
Task is 62.00% complete.
t1_sim:[64973. 65018. 63923.] t2_sim:[65730. 65180. 62811.]
Task is 63.00% complete.
t1_sim:[60094. 60268. 60733.] t2_sim:[60623. 60673. 61327.]
Task is 64.00% complete.
t1_sim:[61347. 61149. 61298.] t2_sim:[68029. 67399. 67698.]
Task is 65.00% complete.
t1_sim:[59796. 60051. 60464.] t2_sim:[62439. 62389. 61998.]
Task is 66.00% complete.
t1_sim:[64219. 64239. 62463.] t2_sim:[56108. 55607. 57219.]
Task is 67.00% complete.
t1_sim:[63982. 63546. 63753.] t2_sim:[62299. 62407. 62767.]
Task is 68.00% complete.
t1_sim:[61895. 62135. 60041.] t2_sim:[67520. 66944. 66797.]
Task is 69.00% complete.
t1_sim:[62828. 62528. 63409.] t2_sim:[58399. 58317. 57815.]
Task is 70.00% complete.
t1_sim:[68639. 69252. 67720.] t2_sim:[62502. 62733. 63332.]
Task is 71.00% complete.
t1_sim:[64914. 65247. 63956.] t2_sim:[59623. 59836. 63288.]
Task is 72.00% complete.
t1_sim:[67447. 67562. 64500.] t2_sim:[65183. 65248. 65008.]
Task is 73.00% complete.
t1_sim:[58006. 58168. 59753.] t2_sim:[67208. 67024. 65560.]
Task is 74.00% complete.
t1_sim:[65749. 65579. 65350.] t2_sim:[63900. 64111. 62813.]
Task is 75.00% complete.
t1_sim:[62858. 62577. 62920.] t2_sim:[64358. 64402. 65137.]
Task is 76.00% complete.
t1_sim:[58507. 58885. 57972.] t2_sim:[63228. 63241. 63314.]
Task is 77.00% complete.
t1_sim:[62198. 62007. 59682.] t2_sim:[61514. 61087. 60628.]
Task is 78.00% complete.
t1_sim:[58094. 58379. 60203.] t2_sim:[58824. 59159. 60442.]
Task is 79.00% complete.
t1_sim:[58101. 58735. 59541.] t2_sim:[61430. 60900. 61014.]
Task is 80.00% complete.
t1_sim:[61341. 61994. 61031.] t2_sim:[65580. 65745. 64438.]
Task is 81.00% complete.
t1_sim:[61082. 61016. 63449.] t2_sim:[54048. 54087. 55031.]
Task is 82.00% complete.
t1_sim:[60162. 60269. 58525.] t2_sim:[62397. 62886. 62743.]
Task is 83.00% complete.
t1_sim:[66396. 66121. 65670.] t2_sim:[61605. 61602. 61239.]
Task is 84.00% complete.
t1_sim:[58083. 58448. 58182.] t2_sim:[58221. 58083. 58726.]
Task is 85.00% complete.
t1_sim:[63007. 63166. 63574.] t2_sim:[62645. 62714. 61954.]
Task is 86.00% complete.
t1_sim:[62746. 62519. 63459.] t2_sim:[68128. 68265. 68251.]
Task is 87.00% complete.
t1_sim:[61776. 61674. 61351.] t2_sim:[63861. 63786. 66207.]
Task is 88.00% complete.
t1_sim:[62172. 62220. 63175.] t2_sim:[69811. 69916. 69182.]
Task is 89.00% complete.
t1_sim:[60338. 59883. 59743.] t2_sim:[54827. 55008. 56828.]
Task is 90.00% complete.
t1_sim:[63059. 63659. 63916.] t2_sim:[67794. 67416. 65802.]
Task is 91.00% complete.
t1_sim:[62347. 62267. 62977.] t2_sim:[64746. 64515. 64333.]
Task is 92.00% complete.
t1_sim:[63355. 63327. 62674.] t2_sim:[58206. 58462. 58800.]
Task is 93.00% complete.
t1_sim:[65116. 65305. 64311.] t2_sim:[68075. 68228. 67788.]
Task is 94.00% complete.
t1_sim:[58399. 58405. 56652.] t2_sim:[62523. 62693. 62692.]
Task is 95.00% complete.
t1_sim:[62832. 63142. 61946.] t2_sim:[60571. 60876. 59218.]
Task is 96.00% complete.
t1_sim:[60507. 60935. 60431.] t2_sim:[61893. 62254. 60131.]
Task is 97.00% complete.
t1_sim:[64664. 64734. 65952.] t2_sim:[58315. 58680. 57641.]
Task is 98.00% complete.
t1_sim:[59529. 59756. 60427.] t2_sim:[61878. 61393. 62210.]
Task is 99.00% complete.
t1_sim:[61284. 61320. 58580.] t2_sim:[59475. 59854. 58355.]
Training start
t1_obs:[array(66152.), array(66479.), array(65845.)] t2_obs:[array(63195.), array(63274.), array(60874.)]
corr_G1:[None, None, -0.04814919266488637] corr_G2:[None, None, -0.034204314807391424]
Training end
Task is 0.00% complete.
t1_sim:[59322. 58874. 60315.] t2_sim:[62413. 63149. 65135.]
Task is 1.00% complete.
t1_sim:[62302. 62395. 62242.] t2_sim:[61237. 60702. 59927.]
Task is 2.00% complete.
t1_sim:[63254. 63531. 61739.] t2_sim:[60025. 59493. 60738.]
Task is 3.00% complete.
t1_sim:[62933. 63301. 64788.] t2_sim:[62075. 61327. 60797.]
Task is 4.00% complete.
t1_sim:[69199. 68997. 67743.] t2_sim:[66115. 65930. 65597.]
Task is 5.00% complete.
t1_sim:[58182. 58141. 58100.] t2_sim:[64015. 63970. 64542.]
Task is 6.00% complete.
t1_sim:[63184. 63165. 64891.] t2_sim:[64601. 64587. 65586.]
Task is 7.00% complete.
t1_sim:[60785. 61221. 60971.] t2_sim:[61271. 61119. 60305.]
Task is 8.00% complete.
t1_sim:[60978. 60766. 58986.] t2_sim:[63956. 64083. 66690.]
Task is 9.00% complete.
t1_sim:[61566. 61997. 62677.] t2_sim:[68904. 69038. 69851.]
Task is 10.00% complete.
t1_sim:[64247. 64284. 61920.] t2_sim:[61939. 61923. 62239.]
Task is 11.00% complete.
t1_sim:[64484. 64922. 64294.] t2_sim:[65520. 65382. 64244.]
Task is 12.00% complete.
t1_sim:[65553. 65104. 64756.] t2_sim:[64738. 64584. 65179.]
Task is 13.00% complete.
t1_sim:[62865. 62895. 60173.] t2_sim:[57882. 59014. 59015.]
Task is 14.00% complete.
t1_sim:[64251. 63724. 62714.] t2_sim:[71776. 71753. 71308.]
Task is 15.00% complete.
t1_sim:[65838. 66081. 64639.] t2_sim:[61705. 61454. 61737.]
Task is 16.00% complete.
t1_sim:[65096. 65124. 64040.] t2_sim:[60474. 61012. 63438.]
Task is 17.00% complete.
t1_sim:[62025. 61982. 62864.] t2_sim:[58034. 58383. 60246.]
Task is 18.00% complete.
t1_sim:[61845. 61289. 62529.] t2_sim:[64717. 64857. 63946.]
Task is 19.00% complete.
t1_sim:[64936. 64534. 66447.] t2_sim:[63844. 63395. 63137.]
Task is 20.00% complete.
t1_sim:[62624. 62525. 60503.] t2_sim:[63256. 63625. 61264.]
Task is 21.00% complete.
t1_sim:[64600. 64188. 63936.] t2_sim:[64819. 64907. 64003.]
Task is 22.00% complete.
t1_sim:[53892. 54101. 53219.] t2_sim:[66218. 66210. 65969.]
Task is 23.00% complete.
t1_sim:[68096. 68112. 67216.] t2_sim:[61848. 61873. 61929.]
Task is 24.00% complete.
t1_sim:[59842. 59690. 57000.] t2_sim:[64976. 65268. 64270.]
Task is 25.00% complete.
t1_sim:[60958. 61156. 62284.] t2_sim:[70665. 70482. 70149.]
Task is 26.00% complete.
t1_sim:[60811. 60698. 59741.] t2_sim:[59901. 60073. 61075.]
Task is 27.00% complete.
t1_sim:[55219. 55372. 55381.] t2_sim:[64232. 63985. 61745.]
Task is 28.00% complete.
t1_sim:[62620. 62830. 64664.] t2_sim:[65121. 64689. 64921.]
Task is 29.00% complete.
t1_sim:[63264. 63355. 65087.] t2_sim:[63687. 63947. 63205.]
Task is 30.00% complete.
t1_sim:[62224. 61934. 62367.] t2_sim:[62068. 62024. 58855.]
Task is 31.00% complete.
t1_sim:[67202. 66820. 64990.] t2_sim:[64944. 64059. 61523.]
Task is 32.00% complete.
t1_sim:[54260. 54776. 55622.] t2_sim:[61395. 61803. 61374.]
Task is 33.00% complete.
t1_sim:[59723. 59499. 60530.] t2_sim:[61389. 61181. 59245.]
Task is 34.00% complete.
t1_sim:[59525. 59203. 65026.] t2_sim:[68425. 68754. 68105.]
Task is 35.00% complete.
t1_sim:[64827. 64512. 63952.] t2_sim:[65747. 65348. 67321.]
Task is 36.00% complete.
t1_sim:[62022. 62297. 65993.] t2_sim:[60643. 60627. 60755.]
Task is 37.00% complete.
t1_sim:[59684. 59630. 60073.] t2_sim:[62898. 63186. 62338.]
Task is 38.00% complete.
t1_sim:[62727. 62242. 62291.] t2_sim:[65138. 65113. 62859.]
Task is 39.00% complete.
t1_sim:[58078. 58584. 61790.] t2_sim:[62039. 61880. 63541.]
Task is 40.00% complete.
t1_sim:[62432. 62543. 61456.] t2_sim:[57912. 57948. 58027.]
Task is 41.00% complete.
t1_sim:[62894. 63194. 63638.] t2_sim:[66399. 66764. 67449.]
Task is 42.00% complete.
t1_sim:[63084. 62884. 60854.] t2_sim:[64409. 64823. 63277.]
Task is 43.00% complete.
t1_sim:[60125. 60101. 61927.] t2_sim:[65571. 65392. 64485.]
Task is 44.00% complete.
t1_sim:[60840. 60590. 54988.] t2_sim:[54342. 54537. 56458.]
Task is 45.00% complete.
t1_sim:[63452. 63235. 61940.] t2_sim:[60072. 60076. 59530.]
Task is 46.00% complete.
t1_sim:[63498. 64285. 64670.] t2_sim:[59469. 58967. 56771.]
Task is 47.00% complete.
t1_sim:[68118. 68125. 65766.] t2_sim:[58593. 58625. 58934.]
Task is 48.00% complete.
t1_sim:[60188. 59906. 56772.] t2_sim:[62125. 62164. 59046.]
Task is 49.00% complete.
t1_sim:[66419. 66149. 65635.] t2_sim:[60757. 61300. 59986.]
Task is 50.00% complete.
t1_sim:[62971. 63519. 63246.] t2_sim:[67659. 67367. 65647.]
Task is 51.00% complete.
t1_sim:[63996. 63737. 64159.] t2_sim:[59850. 59981. 61258.]
Task is 52.00% complete.
t1_sim:[64410. 64109. 63390.] t2_sim:[67568. 67323. 68758.]
Task is 53.00% complete.
t1_sim:[61425. 61478. 61076.] t2_sim:[62661. 63172. 62813.]
Task is 54.00% complete.
t1_sim:[63877. 63621. 62284.] t2_sim:[66439. 66987. 66560.]
Task is 55.00% complete.
t1_sim:[61515. 61108. 62184.] t2_sim:[57310. 57646. 57001.]
Task is 56.00% complete.
t1_sim:[67647. 67581. 65532.] t2_sim:[62229. 61947. 62560.]
Task is 57.00% complete.
t1_sim:[64026. 64445. 63917.] t2_sim:[67968. 67649. 67845.]
Task is 58.00% complete.
t1_sim:[66179. 66133. 65806.] t2_sim:[61725. 62081. 61649.]
Task is 59.00% complete.
t1_sim:[65006. 65730. 65423.] t2_sim:[61021. 61566. 60335.]
Task is 60.00% complete.
t1_sim:[61207. 60917. 60851.] t2_sim:[62284. 62727. 62610.]
Task is 61.00% complete.
t1_sim:[58467. 58954. 58525.] t2_sim:[62804. 63004. 63063.]
Task is 62.00% complete.
t1_sim:[63010. 63087. 61379.] t2_sim:[63263. 63354. 64264.]
Task is 63.00% complete.
t1_sim:[65031. 64674. 66154.] t2_sim:[64040. 64013. 65879.]
Task is 64.00% complete.
t1_sim:[61549. 61449. 60046.] t2_sim:[62152. 61967. 61919.]
Task is 65.00% complete.
t1_sim:[63571. 63557. 64884.] t2_sim:[64061. 63797. 62949.]
Task is 66.00% complete.
t1_sim:[62537. 62557. 59110.] t2_sim:[60524. 60229. 58390.]
Task is 67.00% complete.
t1_sim:[61368. 61424. 60647.] t2_sim:[68799. 69082. 69331.]
Task is 68.00% complete.
t1_sim:[60805. 60702. 59028.] t2_sim:[60295. 59632. 62475.]
Task is 69.00% complete.
t1_sim:[62375. 62343. 62105.] t2_sim:[62373. 61732. 61630.]
Task is 70.00% complete.
t1_sim:[62219. 61507. 63348.] t2_sim:[65393. 65808. 64883.]
Task is 71.00% complete.
t1_sim:[63310. 63664. 64212.] t2_sim:[63152. 63412. 64031.]
Task is 72.00% complete.
t1_sim:[60740. 60486. 61256.] t2_sim:[63557. 63460. 63523.]
Task is 73.00% complete.
t1_sim:[57873. 58008. 59064.] t2_sim:[61736. 61711. 63290.]
Task is 74.00% complete.
t1_sim:[58247. 58742. 57288.] t2_sim:[62519. 62080. 63641.]
Task is 75.00% complete.
t1_sim:[66546. 66112. 65508.] t2_sim:[64129. 63849. 62980.]
Task is 76.00% complete.
t1_sim:[68769. 68869. 67369.] t2_sim:[64601. 63403. 64825.]
Task is 77.00% complete.
t1_sim:[55519. 54776. 55942.] t2_sim:[66153. 65924. 63806.]
Task is 78.00% complete.
t1_sim:[61660. 61993. 59758.] t2_sim:[67491. 67606. 65694.]
Task is 79.00% complete.
t1_sim:[63369. 63408. 64014.] t2_sim:[61703. 61965. 61256.]
Task is 80.00% complete.
t1_sim:[65172. 65827. 64297.] t2_sim:[59716. 59110. 58274.]
Task is 81.00% complete.
t1_sim:[60647. 60474. 64091.] t2_sim:[58984. 59279. 58756.]
Task is 82.00% complete.
t1_sim:[59767. 59786. 59544.] t2_sim:[64194. 64613. 65563.]
Task is 83.00% complete.
t1_sim:[62684. 63357. 63522.] t2_sim:[60105. 59809. 59044.]
Task is 84.00% complete.
t1_sim:[62785. 62922. 63097.] t2_sim:[64655. 64591. 65860.]
Task is 85.00% complete.
t1_sim:[65308. 65192. 66333.] t2_sim:[62042. 61896. 63006.]
Task is 86.00% complete.
t1_sim:[61103. 61483. 59596.] t2_sim:[62585. 62190. 57391.]
Task is 87.00% complete.
t1_sim:[61544. 62190. 63866.] t2_sim:[62285. 62115. 61942.]
Task is 88.00% complete.
t1_sim:[56370. 56383. 58462.] t2_sim:[62086. 62155. 62388.]
Task is 89.00% complete.
t1_sim:[64136. 63563. 60492.] t2_sim:[66840. 66699. 67474.]
Task is 90.00% complete.
t1_sim:[62360. 62377. 60324.] t2_sim:[61919. 62114. 62265.]
Task is 91.00% complete.
t1_sim:[53467. 53357. 53957.] t2_sim:[62837. 63457. 62682.]
Task is 92.00% complete.
t1_sim:[59308. 59386. 62168.] t2_sim:[60864. 60727. 63462.]
Task is 93.00% complete.
t1_sim:[61422. 61045. 61532.] t2_sim:[61538. 61506. 61623.]
Task is 94.00% complete.
t1_sim:[60205. 59692. 58496.] t2_sim:[63110. 63149. 59643.]
Task is 95.00% complete.
t1_sim:[66978. 67163. 66577.] t2_sim:[60624. 60005. 61328.]
Task is 96.00% complete.
t1_sim:[59968. 60447. 61451.] t2_sim:[66405. 66411. 67623.]
Task is 97.00% complete.
t1_sim:[66316. 66620. 68081.] t2_sim:[58545. 58485. 58358.]
Task is 98.00% complete.
t1_sim:[65163. 65097. 65866.] t2_sim:[64996. 64771. 63946.]
Task is 99.00% complete.
t1_sim:[67843. 67677. 66441.] t2_sim:[61694. 61650. 62955.]
Finished
