/scratch/jz4721/Post-prediction-Causal-Inference/venv/lib/python3.8/site-packages/numpy/core/getlimits.py:518: UserWarning: The value of the smallest subnormal for <class 'numpy.float64'> type is zero.
  setattr(self, word, getattr(machar, word).flat[0])
/scratch/jz4721/Post-prediction-Causal-Inference/venv/lib/python3.8/site-packages/numpy/core/getlimits.py:89: UserWarning: The value of the smallest subnormal for <class 'numpy.float64'> type is zero.
  return self._float_to_str(self.smallest_subnormal)
/scratch/jz4721/Post-prediction-Causal-Inference/venv/lib/python3.8/site-packages/numpy/core/getlimits.py:518: UserWarning: The value of the smallest subnormal for <class 'numpy.float32'> type is zero.
  setattr(self, word, getattr(machar, word).flat[0])
/scratch/jz4721/Post-prediction-Causal-Inference/venv/lib/python3.8/site-packages/numpy/core/getlimits.py:89: UserWarning: The value of the smallest subnormal for <class 'numpy.float32'> type is zero.
  return self._float_to_str(self.smallest_subnormal)
Training start
t1_obs:[array(62095.), array(61856.), array(63946.)] t2_obs:[array(62994.), array(62960.), array(60607.)]
corr_G1:[None, None, 1.2187367024343383e-17] corr_G2:[None, None, 0]
Training end
Task is 0.00% complete.
t1_sim:[65646. 65230. 62455.] t2_sim:[64539. 64390. 65622.]
Task is 1.00% complete.
t1_sim:[61394. 61747. 62642.] t2_sim:[64737. 64773. 65024.]
Task is 2.00% complete.
t1_sim:[63414. 63385. 58102.] t2_sim:[58794. 58781. 62933.]
Task is 3.00% complete.
t1_sim:[61230. 60739. 60691.] t2_sim:[63059. 62979. 65230.]
Task is 4.00% complete.
t1_sim:[67713. 68241. 63078.] t2_sim:[61407. 61630. 65790.]
Task is 5.00% complete.
t1_sim:[61585. 61563. 63302.] t2_sim:[63273. 63454. 65662.]
Task is 6.00% complete.
t1_sim:[62679. 62914. 62309.] t2_sim:[62221. 62322. 63288.]
Task is 7.00% complete.
t1_sim:[65278. 65380. 64280.] t2_sim:[60902. 61068. 59472.]
Task is 8.00% complete.
t1_sim:[61069. 60706. 61339.] t2_sim:[63452. 63262. 65219.]
Task is 9.00% complete.
t1_sim:[61683. 61442. 62536.] t2_sim:[59152. 59208. 57821.]
Task is 10.00% complete.
t1_sim:[62329. 62437. 64938.] t2_sim:[62870. 62638. 63467.]
Task is 11.00% complete.
t1_sim:[62960. 63032. 66743.] t2_sim:[57972. 58044. 58162.]
Task is 12.00% complete.
t1_sim:[69659. 69537. 65388.] t2_sim:[67460. 67768. 69050.]
Task is 13.00% complete.
t1_sim:[62620. 61994. 61310.] t2_sim:[60441. 60578. 63379.]
Task is 14.00% complete.
t1_sim:[65077. 64828. 66270.] t2_sim:[56560. 56192. 58815.]
Task is 15.00% complete.
t1_sim:[57645. 57263. 61221.] t2_sim:[59305. 59282. 59400.]
Task is 16.00% complete.
t1_sim:[63733. 64194. 65825.] t2_sim:[57712. 57486. 58220.]
Task is 17.00% complete.
t1_sim:[64099. 63752. 62615.] t2_sim:[65014. 64613. 67967.]
Task is 18.00% complete.
t1_sim:[64337. 64506. 70269.] t2_sim:[62056. 62035. 66745.]
Task is 19.00% complete.
t1_sim:[58742. 59070. 58296.] t2_sim:[59907. 60323. 63241.]
Task is 20.00% complete.
t1_sim:[62914. 63111. 63129.] t2_sim:[63276. 63075. 63042.]
Task is 21.00% complete.
t1_sim:[63376. 63031. 62604.] t2_sim:[69222. 69123. 69144.]
Task is 22.00% complete.
t1_sim:[63049. 62699. 59393.] t2_sim:[56898. 56428. 59213.]
Task is 23.00% complete.
t1_sim:[62274. 62223. 63436.] t2_sim:[64786. 65068. 61791.]
Task is 24.00% complete.
t1_sim:[58091. 57514. 58920.] t2_sim:[62430. 61917. 64581.]
Task is 25.00% complete.
t1_sim:[60133. 60338. 58731.] t2_sim:[59301. 59975. 61788.]
Task is 26.00% complete.
t1_sim:[63468. 63169. 60652.] t2_sim:[66170. 66184. 66531.]
Task is 27.00% complete.
t1_sim:[54989. 55246. 55749.] t2_sim:[65719. 65695. 61372.]
Task is 28.00% complete.
t1_sim:[67160. 67800. 62885.] t2_sim:[66234. 66743. 68465.]
Task is 29.00% complete.
t1_sim:[60708. 60573. 63168.] t2_sim:[59926. 59987. 64132.]
Task is 30.00% complete.
t1_sim:[62272. 62704. 62489.] t2_sim:[69642. 69955. 68423.]
Task is 31.00% complete.
t1_sim:[70119. 70460. 71570.] t2_sim:[61085. 60930. 61641.]
Task is 32.00% complete.
t1_sim:[61292. 61385. 59248.] t2_sim:[60598. 60532. 58687.]
Task is 33.00% complete.
t1_sim:[65276. 65312. 66346.] t2_sim:[69059. 68961. 66037.]
Task is 34.00% complete.
t1_sim:[65408. 65633. 64466.] t2_sim:[60212. 60055. 60310.]
Task is 35.00% complete.
t1_sim:[63063. 63754. 62488.] t2_sim:[67481. 67925. 62907.]
Task is 36.00% complete.
t1_sim:[65105. 64775. 60223.] t2_sim:[64569. 64242. 64477.]
Task is 37.00% complete.
t1_sim:[58910. 59521. 54095.] t2_sim:[62732. 62736. 62856.]
Task is 38.00% complete.
t1_sim:[62552. 61436. 59442.] t2_sim:[67391. 67274. 68336.]
Task is 39.00% complete.
t1_sim:[61428. 61378. 64211.] t2_sim:[64956. 64980. 67807.]
Task is 40.00% complete.
t1_sim:[64559. 64588. 66434.] t2_sim:[60663. 61150. 61057.]
Task is 41.00% complete.
t1_sim:[64342. 64241. 70455.] t2_sim:[64034. 63602. 64550.]
Task is 42.00% complete.
t1_sim:[60007. 60424. 59010.] t2_sim:[64311. 64395. 63737.]
Task is 43.00% complete.
t1_sim:[61315. 60903. 62827.] t2_sim:[63616. 63863. 64099.]
Task is 44.00% complete.
t1_sim:[59291. 59931. 58069.] t2_sim:[61361. 61149. 59142.]
Task is 45.00% complete.
t1_sim:[62963. 62790. 61721.] t2_sim:[62225. 62248. 62066.]
Task is 46.00% complete.
t1_sim:[61235. 60995. 59529.] t2_sim:[63303. 63318. 63502.]
Task is 47.00% complete.
t1_sim:[64517. 64261. 68069.] t2_sim:[57469. 57556. 62042.]
Task is 48.00% complete.
t1_sim:[66036. 65881. 67351.] t2_sim:[54116. 54421. 54009.]
Task is 49.00% complete.
t1_sim:[54023. 54134. 54976.] t2_sim:[65880. 65484. 66002.]
Task is 50.00% complete.
t1_sim:[60815. 60289. 59370.] t2_sim:[61409. 61648. 62930.]
Task is 51.00% complete.
t1_sim:[62054. 62006. 61769.] t2_sim:[57448. 57298. 56645.]
Task is 52.00% complete.
t1_sim:[61804. 62216. 62591.] t2_sim:[60863. 60697. 60933.]
Task is 53.00% complete.
t1_sim:[63314. 63651. 62576.] t2_sim:[58336. 58411. 60959.]
Task is 54.00% complete.
t1_sim:[59983. 59886. 60913.] t2_sim:[63738. 63644. 63894.]
Task is 55.00% complete.
t1_sim:[63986. 63748. 58862.] t2_sim:[57344. 57417. 58466.]
Task is 56.00% complete.
t1_sim:[59279. 59455. 61113.] t2_sim:[66665. 67032. 65820.]
Task is 57.00% complete.
t1_sim:[63033. 63154. 64635.] t2_sim:[60267. 60431. 61965.]
Task is 58.00% complete.
t1_sim:[60104. 60132. 59874.] t2_sim:[64064. 64104. 61975.]
Task is 59.00% complete.
t1_sim:[66766. 67057. 62438.] t2_sim:[60177. 60525. 58682.]
Task is 60.00% complete.
t1_sim:[57164. 56870. 54772.] t2_sim:[59701. 60332. 63603.]
Task is 61.00% complete.
t1_sim:[62130. 61780. 60009.] t2_sim:[68072. 68150. 66403.]
Task is 62.00% complete.
t1_sim:[58769. 58435. 58789.] t2_sim:[66046. 66118. 62766.]
Task is 63.00% complete.
t1_sim:[64428. 64793. 60960.] t2_sim:[59897. 59934. 59497.]
Task is 64.00% complete.
t1_sim:[60025. 59947. 61556.] t2_sim:[65925. 65932. 61188.]
Task is 65.00% complete.
t1_sim:[53421. 53326. 56097.] t2_sim:[61668. 61805. 61899.]
Task is 66.00% complete.
t1_sim:[69113. 69192. 68133.] t2_sim:[66554. 66206. 64196.]
Task is 67.00% complete.
t1_sim:[61789. 61868. 63555.] t2_sim:[51045. 50568. 54455.]
Task is 68.00% complete.
t1_sim:[64815. 64740. 61672.] t2_sim:[63452. 63343. 64405.]
Task is 69.00% complete.
t1_sim:[65366. 65494. 64114.] t2_sim:[59325. 59800. 59483.]
Task is 70.00% complete.
t1_sim:[60180. 60082. 63098.] t2_sim:[61501. 61220. 59876.]
Task is 71.00% complete.
t1_sim:[62056. 61632. 63520.] t2_sim:[60478. 59857. 63365.]
Task is 72.00% complete.
t1_sim:[60566. 60748. 64632.] t2_sim:[61141. 61009. 60716.]
Task is 73.00% complete.
t1_sim:[65534. 65658. 63111.] t2_sim:[57126. 57299. 55914.]
Task is 74.00% complete.
t1_sim:[66624. 66235. 64102.] t2_sim:[62838. 63132. 64944.]
Task is 75.00% complete.
t1_sim:[62737. 62726. 62461.] t2_sim:[56771. 57012. 57651.]
Task is 76.00% complete.
t1_sim:[68991. 69238. 64662.] t2_sim:[64498. 64377. 65899.]
Task is 77.00% complete.
t1_sim:[61509. 61332. 60155.] t2_sim:[63004. 63070. 64502.]
Task is 78.00% complete.
t1_sim:[61811. 62135. 60408.] t2_sim:[64396. 64527. 64840.]
Task is 79.00% complete.
t1_sim:[67124. 67540. 68176.] t2_sim:[62338. 62407. 61506.]
Task is 80.00% complete.
t1_sim:[61001. 60659. 60117.] t2_sim:[62922. 62900. 61404.]
Task is 81.00% complete.
t1_sim:[64405. 63935. 66040.] t2_sim:[65700. 65733. 63192.]
Task is 82.00% complete.
t1_sim:[59344. 59583. 58144.] t2_sim:[65963. 66650. 64490.]
Task is 83.00% complete.
t1_sim:[61534. 61296. 58874.] t2_sim:[65714. 65868. 62889.]
Task is 84.00% complete.
t1_sim:[64124. 64117. 70297.] t2_sim:[66280. 65993. 67126.]
Task is 85.00% complete.
t1_sim:[67057. 67223. 63853.] t2_sim:[60764. 60793. 65170.]
Task is 86.00% complete.
t1_sim:[61426. 61448. 61150.] t2_sim:[62046. 62057. 61315.]
Task is 87.00% complete.
t1_sim:[61085. 60854. 59892.] t2_sim:[60538. 60697. 61539.]
Task is 88.00% complete.
t1_sim:[59387. 59254. 56138.] t2_sim:[59664. 59704. 59581.]
Task is 89.00% complete.
t1_sim:[68218. 68094. 65845.] t2_sim:[65517. 65732. 66609.]
Task is 90.00% complete.
t1_sim:[66222. 66243. 71982.] t2_sim:[57909. 57766. 59015.]
Task is 91.00% complete.
t1_sim:[64326. 64657. 60837.] t2_sim:[64419. 64577. 67182.]
Task is 92.00% complete.
t1_sim:[67318. 67509. 66367.] t2_sim:[59226. 58935. 61666.]
Task is 93.00% complete.
t1_sim:[58387. 58797. 61050.] t2_sim:[64616. 64764. 67187.]
Task is 94.00% complete.
t1_sim:[61256. 61198. 63665.] t2_sim:[64187. 64259. 63154.]
Task is 95.00% complete.
t1_sim:[61333. 61949. 61606.] t2_sim:[64339. 64479. 64386.]
Task is 96.00% complete.
t1_sim:[58779. 58648. 59218.] t2_sim:[65074. 65073. 68913.]
Task is 97.00% complete.
t1_sim:[63150. 62549. 61439.] t2_sim:[66682. 66902. 69197.]
Task is 98.00% complete.
t1_sim:[61431. 62258. 63739.] t2_sim:[57944. 57747. 59130.]
Task is 99.00% complete.
t1_sim:[59252. 59015. 58062.] t2_sim:[62037. 61887. 61102.]
Training start
t1_obs:[array(62095.), array(61856.), array(63176.)] t2_obs:[array(62994.), array(62960.), array(62640.)]
corr_G1:[None, None, 0.9949581395411765] corr_G2:[None, None, 0.9934426636279288]
Training end
Task is 0.00% complete.
t1_sim:[62013. 62881. 63175.] t2_sim:[62620. 63367. 63646.]
Task is 1.00% complete.
t1_sim:[59379. 59774. 62058.] t2_sim:[68212. 67866. 67962.]
Task is 2.00% complete.
t1_sim:[63169. 62636. 63166.] t2_sim:[58325. 58254. 59305.]
Task is 3.00% complete.
t1_sim:[63498. 63804. 63415.] t2_sim:[58255. 58430. 59432.]
Task is 4.00% complete.
t1_sim:[61976. 62291. 62882.] t2_sim:[61423. 61368. 62668.]
Task is 5.00% complete.
t1_sim:[63550. 63469. 64113.] t2_sim:[59754. 60136. 58743.]
Task is 6.00% complete.
t1_sim:[61615. 61587. 61312.] t2_sim:[58817. 58471. 55327.]
Task is 7.00% complete.
t1_sim:[61187. 61001. 60477.] t2_sim:[65851. 65763. 68128.]
Task is 8.00% complete.
t1_sim:[65450. 65310. 65646.] t2_sim:[62324. 61904. 63575.]
Task is 9.00% complete.
t1_sim:[64295. 64425. 65163.] t2_sim:[63291. 62942. 60744.]
Task is 10.00% complete.
t1_sim:[58035. 57994. 58586.] t2_sim:[63100. 63081. 61795.]
Task is 11.00% complete.
t1_sim:[65831. 65599. 65170.] t2_sim:[62835. 63332. 64934.]
Task is 12.00% complete.
t1_sim:[62247. 61938. 61133.] t2_sim:[65639. 65698. 64973.]
Task is 13.00% complete.
t1_sim:[66953. 67079. 64772.] t2_sim:[60678. 60963. 61996.]
Task is 14.00% complete.
t1_sim:[67748. 67585. 65264.] t2_sim:[62183. 61926. 63124.]
Task is 15.00% complete.
t1_sim:[63139. 62994. 62804.] t2_sim:[58966. 59217. 58852.]
Task is 16.00% complete.
t1_sim:[60852. 60801. 60085.] t2_sim:[63665. 64035. 62057.]
Task is 17.00% complete.
t1_sim:[62423. 61665. 61863.] t2_sim:[67638. 67650. 68244.]
Task is 18.00% complete.
t1_sim:[63795. 63443. 63243.] t2_sim:[59516. 59859. 62486.]
Task is 19.00% complete.
t1_sim:[63188. 63327. 64359.] t2_sim:[61545. 61169. 63141.]
Task is 20.00% complete.
t1_sim:[61106. 61517. 62158.] t2_sim:[62972. 63015. 63230.]
Task is 21.00% complete.
t1_sim:[66352. 66281. 63347.] t2_sim:[59874. 60220. 57457.]
Task is 22.00% complete.
t1_sim:[62626. 62770. 62112.] t2_sim:[66262. 66106. 65046.]
Task is 23.00% complete.
t1_sim:[57465. 57268. 58005.] t2_sim:[59896. 59914. 61287.]
Task is 24.00% complete.
t1_sim:[64292. 64280. 61955.] t2_sim:[63240. 62716. 62176.]
Task is 25.00% complete.
t1_sim:[59285. 59124. 59437.] t2_sim:[68261. 68036. 65308.]
Task is 26.00% complete.
t1_sim:[63480. 63907. 65366.] t2_sim:[64904. 64891. 66283.]
Task is 27.00% complete.
t1_sim:[62696. 62748. 60431.] t2_sim:[58979. 59120. 61175.]
Task is 28.00% complete.
t1_sim:[61265. 61581. 60972.] t2_sim:[66553. 66524. 66844.]
Task is 29.00% complete.
t1_sim:[62078. 61780. 61013.] t2_sim:[65435. 65353. 67544.]
Task is 30.00% complete.
t1_sim:[65716. 65226. 63859.] t2_sim:[70106. 69463. 67965.]
Task is 31.00% complete.
t1_sim:[62092. 61741. 59585.] t2_sim:[61342. 61301. 61723.]
Task is 32.00% complete.
t1_sim:[65466. 65821. 62679.] t2_sim:[64652. 64858. 65002.]
Task is 33.00% complete.
t1_sim:[59169. 59254. 58827.] t2_sim:[60945. 61296. 63376.]
Task is 34.00% complete.
t1_sim:[56392. 56634. 57197.] t2_sim:[70993. 71045. 70425.]
Task is 35.00% complete.
t1_sim:[61017. 61635. 61775.] t2_sim:[63151. 63342. 62122.]
Task is 36.00% complete.
t1_sim:[58354. 58378. 57335.] t2_sim:[60987. 61285. 60131.]
Task is 37.00% complete.
t1_sim:[66698. 66807. 66802.] t2_sim:[60238. 60507. 61167.]
Task is 38.00% complete.
t1_sim:[62059. 62331. 61812.] t2_sim:[59813. 59793. 59646.]
Task is 39.00% complete.
t1_sim:[60319. 59800. 62513.] t2_sim:[61198. 61051. 63544.]
Task is 40.00% complete.
t1_sim:[63136. 62798. 62805.] t2_sim:[64559. 64054. 62306.]
Task is 41.00% complete.
t1_sim:[68125. 68062. 67793.] t2_sim:[61365. 61200. 60904.]
Task is 42.00% complete.
t1_sim:[60828. 60044. 60551.] t2_sim:[65942. 65775. 66838.]
Task is 43.00% complete.
t1_sim:[71693. 72131. 73633.] t2_sim:[62613. 62787. 62875.]
Task is 44.00% complete.
t1_sim:[61742. 61768. 60313.] t2_sim:[62294. 62251. 63458.]
Task is 45.00% complete.
t1_sim:[63257. 63721. 62020.] t2_sim:[62313. 62713. 63703.]
Task is 46.00% complete.
t1_sim:[59903. 60025. 59518.] t2_sim:[57604. 57345. 56495.]
Task is 47.00% complete.
t1_sim:[61944. 61947. 61408.] t2_sim:[58255. 57615. 59047.]
Task is 48.00% complete.
t1_sim:[60666. 61113. 58258.] t2_sim:[62961. 63067. 64386.]
Task is 49.00% complete.
t1_sim:[63768. 64140. 62044.] t2_sim:[60186. 60434. 62648.]
Task is 50.00% complete.
t1_sim:[66386. 65900. 64594.] t2_sim:[62138. 62099. 61289.]
Task is 51.00% complete.
t1_sim:[65620. 65437. 65336.] t2_sim:[57456. 57185. 57734.]
Task is 52.00% complete.
t1_sim:[63515. 63240. 64615.] t2_sim:[58904. 58993. 59559.]
Task is 53.00% complete.
t1_sim:[58464. 58737. 59581.] t2_sim:[62085. 62391. 64399.]
Task is 54.00% complete.
t1_sim:[60172. 60216. 59818.] t2_sim:[63269. 63440. 62689.]
Task is 55.00% complete.
t1_sim:[62065. 61920. 59953.] t2_sim:[62131. 62410. 62832.]
Task is 56.00% complete.
t1_sim:[66836. 66298. 64025.] t2_sim:[68703. 68710. 70045.]
Task is 57.00% complete.
t1_sim:[63936. 64232. 66923.] t2_sim:[64249. 64178. 63392.]
Task is 58.00% complete.
t1_sim:[70347. 70002. 68922.] t2_sim:[62499. 62667. 64033.]
Task is 59.00% complete.
t1_sim:[67310. 67178. 65626.] t2_sim:[62458. 62857. 63971.]
Task is 60.00% complete.
t1_sim:[63597. 63402. 64061.] t2_sim:[59245. 59075. 58441.]
Task is 61.00% complete.
t1_sim:[62532. 62409. 63045.] t2_sim:[62987. 63379. 63245.]
Task is 62.00% complete.
t1_sim:[63288. 63304. 62457.] t2_sim:[65149. 65344. 64869.]
Task is 63.00% complete.
t1_sim:[62040. 61906. 60674.] t2_sim:[61057. 60895. 61154.]
Task is 64.00% complete.
t1_sim:[60928. 61013. 59786.] t2_sim:[64536. 64659. 64268.]
Task is 65.00% complete.
t1_sim:[60734. 60872. 63028.] t2_sim:[61656. 61584. 62772.]
Task is 66.00% complete.
t1_sim:[63508. 63252. 64013.] t2_sim:[62721. 62811. 64109.]
Task is 67.00% complete.
t1_sim:[62642. 62678. 63358.] t2_sim:[62559. 62371. 63296.]
Task is 68.00% complete.
t1_sim:[55720. 54989. 55177.] t2_sim:[64881. 65004. 64081.]
Task is 69.00% complete.
t1_sim:[66077. 65930. 65695.] t2_sim:[62638. 62766. 62283.]
Task is 70.00% complete.
t1_sim:[62885. 62874. 62652.] t2_sim:[66057. 66132. 67769.]
Task is 71.00% complete.
t1_sim:[64909. 64726. 62344.] t2_sim:[59768. 60305. 59496.]
Task is 72.00% complete.
t1_sim:[67538. 67159. 64464.] t2_sim:[56470. 56437. 57636.]
Task is 73.00% complete.
t1_sim:[60877. 60487. 58968.] t2_sim:[59775. 59983. 60404.]
Task is 74.00% complete.
t1_sim:[64688. 64510. 62604.] t2_sim:[64338. 64526. 65222.]
Task is 75.00% complete.
t1_sim:[65138. 65467. 67312.] t2_sim:[65002. 64253. 62852.]
Task is 76.00% complete.
t1_sim:[62959. 62959. 62725.] t2_sim:[62807. 63082. 63572.]
Task is 77.00% complete.
t1_sim:[64123. 64186. 64495.] t2_sim:[61473. 61029. 62659.]
Task is 78.00% complete.
t1_sim:[64487. 64639. 64767.] t2_sim:[54333. 54492. 56517.]
Task is 79.00% complete.
t1_sim:[62817. 62825. 61718.] t2_sim:[65586. 65857. 66399.]
Task is 80.00% complete.
t1_sim:[61113. 60725. 61071.] t2_sim:[66143. 65869. 65286.]
Task is 81.00% complete.
t1_sim:[63610. 63462. 63089.] t2_sim:[60694. 61056. 61828.]
Task is 82.00% complete.
t1_sim:[63356. 63289. 63813.] t2_sim:[66803. 66722. 68486.]
Task is 83.00% complete.
t1_sim:[69101. 68597. 70115.] t2_sim:[63148. 63489. 61967.]
Task is 84.00% complete.
t1_sim:[62011. 61927. 62534.] t2_sim:[61023. 60730. 60923.]
Task is 85.00% complete.
t1_sim:[61323. 61466. 60759.] t2_sim:[59795. 59750. 59210.]
Task is 86.00% complete.
t1_sim:[64247. 63958. 62936.] t2_sim:[60554. 60325. 62071.]
Task is 87.00% complete.
t1_sim:[62160. 62405. 61448.] t2_sim:[60011. 60081. 61258.]
Task is 88.00% complete.
t1_sim:[62709. 62953. 63200.] t2_sim:[69489. 69089. 68194.]
Task is 89.00% complete.
t1_sim:[62191. 62053. 60716.] t2_sim:[64374. 64913. 64581.]
Task is 90.00% complete.
t1_sim:[61523. 61311. 62660.] t2_sim:[61095. 61157. 63036.]
Task is 91.00% complete.
t1_sim:[59864. 59767. 59155.] t2_sim:[64183. 63974. 63083.]
Task is 92.00% complete.
t1_sim:[60252. 60105. 57562.] t2_sim:[57978. 58093. 57637.]
Task is 93.00% complete.
t1_sim:[61674. 61340. 62397.] t2_sim:[58477. 58481. 58379.]
Task is 94.00% complete.
t1_sim:[64424. 64427. 62978.] t2_sim:[57964. 57832. 61783.]
Task is 95.00% complete.
t1_sim:[63943. 64344. 64198.] t2_sim:[68139. 67894. 66690.]
Task is 96.00% complete.
t1_sim:[62955. 63150. 62887.] t2_sim:[62386. 62967. 66580.]
Task is 97.00% complete.
t1_sim:[62704. 62881. 63586.] t2_sim:[58670. 59086. 60489.]
Task is 98.00% complete.
t1_sim:[63440. 63702. 62074.] t2_sim:[64884. 64823. 64897.]
Task is 99.00% complete.
t1_sim:[67792. 67803. 64386.] t2_sim:[62910. 63184. 64680.]
Training start
t1_obs:[array(62095.), array(61856.), array(64005.)] t2_obs:[array(62994.), array(62960.), array(61873.)]
corr_G1:[None, None, -0.034778262025036415] corr_G2:[None, None, 0.05381058090216067]
Training end
Task is 0.00% complete.
t1_sim:[61241. 61615. 62458.] t2_sim:[61756. 61515. 64075.]
Task is 1.00% complete.
t1_sim:[58491. 58437. 60085.] t2_sim:[59187. 58574. 59794.]
Task is 2.00% complete.
t1_sim:[64194. 64711. 65959.] t2_sim:[66260. 66096. 66831.]
Task is 3.00% complete.
t1_sim:[59421. 59994. 60895.] t2_sim:[62874. 62521. 60243.]
Task is 4.00% complete.
t1_sim:[60531. 60902. 62264.] t2_sim:[64467. 64354. 63669.]
Task is 5.00% complete.
t1_sim:[62140. 62119. 60965.] t2_sim:[68705. 68292. 68623.]
Task is 6.00% complete.
t1_sim:[62488. 62134. 63505.] t2_sim:[63928. 63925. 62559.]
Task is 7.00% complete.
t1_sim:[62227. 62458. 63609.] t2_sim:[62131. 61403. 60245.]
Task is 8.00% complete.
t1_sim:[62816. 63217. 60410.] t2_sim:[68430. 68153. 63563.]
Task is 9.00% complete.
t1_sim:[64563. 64833. 64266.] t2_sim:[59692. 59590. 60615.]
Task is 10.00% complete.
t1_sim:[61532. 61241. 61736.] t2_sim:[69147. 69325. 68729.]
Task is 11.00% complete.
t1_sim:[59810. 60032. 60081.] t2_sim:[63743. 63480. 60886.]
Task is 12.00% complete.
t1_sim:[62776. 63356. 63297.] t2_sim:[58303. 57878. 59688.]
Task is 13.00% complete.
t1_sim:[66956. 67119. 68549.] t2_sim:[66901. 66872. 65961.]
Task is 14.00% complete.
t1_sim:[60593. 59897. 58580.] t2_sim:[58842. 58989. 58883.]
Task is 15.00% complete.
t1_sim:[63995. 64221. 63042.] t2_sim:[59983. 60263. 60260.]
Task is 16.00% complete.
t1_sim:[62216. 62019. 64121.] t2_sim:[64226. 64780. 64575.]
Task is 17.00% complete.
t1_sim:[61247. 61140. 63359.] t2_sim:[64967. 64593. 64256.]
Task is 18.00% complete.
t1_sim:[65407. 65549. 66056.] t2_sim:[62536. 62236. 63346.]
Task is 19.00% complete.
t1_sim:[67332. 67498. 67832.] t2_sim:[57415. 57707. 60280.]
Task is 20.00% complete.
t1_sim:[65873. 65614. 63687.] t2_sim:[65083. 64838. 64538.]
Task is 21.00% complete.
t1_sim:[63290. 62839. 62821.] t2_sim:[62018. 61915. 61631.]
Task is 22.00% complete.
t1_sim:[59935. 59284. 62173.] t2_sim:[64003. 63896. 65215.]
Task is 23.00% complete.
t1_sim:[62598. 62700. 61462.] t2_sim:[60430. 59671. 59158.]
Task is 24.00% complete.
t1_sim:[61786. 61981. 64482.] t2_sim:[70361. 70754. 71905.]
Task is 25.00% complete.
t1_sim:[57351. 56960. 60075.] t2_sim:[64608. 64744. 67098.]
Task is 26.00% complete.
t1_sim:[60795. 61097. 63342.] t2_sim:[64783. 65337. 67004.]
Task is 27.00% complete.
t1_sim:[58689. 58864. 57145.] t2_sim:[65611. 65359. 65701.]
Task is 28.00% complete.
t1_sim:[63174. 63530. 66442.] t2_sim:[58956. 59067. 60092.]
Task is 29.00% complete.
t1_sim:[68269. 67608. 67882.] t2_sim:[58329. 58320. 57378.]
Task is 30.00% complete.
t1_sim:[60353. 60273. 61508.] t2_sim:[62755. 62719. 62456.]
Task is 31.00% complete.
t1_sim:[59663. 59528. 60533.] t2_sim:[60731. 60966. 60193.]
Task is 32.00% complete.
t1_sim:[61706. 61450. 60910.] t2_sim:[64175. 64138. 63313.]
Task is 33.00% complete.
t1_sim:[63864. 63704. 64740.] t2_sim:[61795. 62083. 61435.]
Task is 34.00% complete.
t1_sim:[65395. 65560. 65006.] t2_sim:[62981. 63045. 64781.]
Task is 35.00% complete.
t1_sim:[59947. 60104. 63844.] t2_sim:[63291. 62904. 65642.]
Task is 36.00% complete.
t1_sim:[57115. 57161. 58692.] t2_sim:[63092. 62950. 62155.]
Task is 37.00% complete.
t1_sim:[57629. 56878. 57161.] t2_sim:[64908. 64816. 64811.]
Task is 38.00% complete.
t1_sim:[62002. 61975. 62377.] t2_sim:[61741. 61769. 61733.]
Task is 39.00% complete.
t1_sim:[61531. 61481. 60171.] t2_sim:[59939. 59656. 59481.]
Task is 40.00% complete.
t1_sim:[64057. 64083. 65548.] t2_sim:[58549. 58467. 60735.]
Task is 41.00% complete.
t1_sim:[57337. 57184. 58201.] t2_sim:[66720. 66872. 68561.]
Task is 42.00% complete.
t1_sim:[63797. 63062. 64164.] t2_sim:[65178. 65031. 67352.]
Task is 43.00% complete.
t1_sim:[63397. 63856. 66044.] t2_sim:[65008. 64630. 62804.]
Task is 44.00% complete.
t1_sim:[62959. 62708. 64661.] t2_sim:[62333. 62146. 62462.]
Task is 45.00% complete.
t1_sim:[59996. 59814. 58149.] t2_sim:[68327. 68678. 68547.]
Task is 46.00% complete.
t1_sim:[70152. 69586. 67543.] t2_sim:[57252. 57444. 57932.]
Task is 47.00% complete.
t1_sim:[60129. 59956. 58471.] t2_sim:[62071. 62336. 64498.]
Task is 48.00% complete.
t1_sim:[63114. 63529. 64818.] t2_sim:[60374. 60434. 62726.]
Task is 49.00% complete.
t1_sim:[66144. 65851. 64171.] t2_sim:[66702. 66618. 65052.]
Task is 50.00% complete.
t1_sim:[59816. 60128. 58254.] t2_sim:[68823. 68861. 69148.]
Task is 51.00% complete.
t1_sim:[59903. 59671. 60280.] t2_sim:[63417. 63452. 62406.]
Task is 52.00% complete.
t1_sim:[64802. 64661. 64947.] t2_sim:[62918. 62710. 62301.]
Task is 53.00% complete.
t1_sim:[61546. 61133. 61587.] t2_sim:[58336. 58899. 58620.]
Task is 54.00% complete.
t1_sim:[60873. 61099. 62921.] t2_sim:[56690. 56911. 57122.]
Task is 55.00% complete.
t1_sim:[68087. 68497. 68839.] t2_sim:[66953. 66537. 64847.]
Task is 56.00% complete.
t1_sim:[62639. 63107. 61057.] t2_sim:[64078. 64101. 62961.]
Task is 57.00% complete.
t1_sim:[64748. 64512. 65715.] t2_sim:[62319. 62540. 64481.]
Task is 58.00% complete.
t1_sim:[59599. 59582. 60497.] t2_sim:[61825. 61942. 64278.]
Task is 59.00% complete.
t1_sim:[61926. 62493. 63155.] t2_sim:[64733. 64499. 62870.]
Task is 60.00% complete.
t1_sim:[64104. 63460. 63689.] t2_sim:[59713. 59550. 60515.]
Task is 61.00% complete.
t1_sim:[64311. 64841. 67155.] t2_sim:[64929. 64909. 64751.]
Task is 62.00% complete.
t1_sim:[58368. 58564. 62574.] t2_sim:[61839. 62545. 64448.]
Task is 63.00% complete.
t1_sim:[63511. 63319. 65102.] t2_sim:[63636. 63456. 62129.]
Task is 64.00% complete.
t1_sim:[59505. 59144. 57514.] t2_sim:[65437. 65418. 63964.]
Task is 65.00% complete.
t1_sim:[64488. 64799. 66213.] t2_sim:[66529. 66275. 65315.]
Task is 66.00% complete.
t1_sim:[58407. 58319. 60982.] t2_sim:[63625. 63897. 64195.]
Task is 67.00% complete.
t1_sim:[64759. 64420. 62766.] t2_sim:[65119. 65254. 65218.]
Task is 68.00% complete.
t1_sim:[60266. 60235. 60770.] t2_sim:[66140. 66153. 64260.]
Task is 69.00% complete.
t1_sim:[62400. 62622. 62720.] t2_sim:[61002. 60850. 58051.]
Task is 70.00% complete.
t1_sim:[66581. 66323. 62755.] t2_sim:[68088. 67842. 66662.]
Task is 71.00% complete.
t1_sim:[65528. 65382. 64665.] t2_sim:[62890. 63095. 67175.]
Task is 72.00% complete.
t1_sim:[63384. 63575. 61657.] t2_sim:[62496. 62458. 60610.]
Task is 73.00% complete.
t1_sim:[63277. 63103. 60757.] t2_sim:[63423. 63173. 66742.]
Task is 74.00% complete.
t1_sim:[59685. 59635. 60326.] t2_sim:[62518. 62744. 64083.]
Task is 75.00% complete.
t1_sim:[64147. 64337. 66039.] t2_sim:[67722. 67667. 66900.]
Task is 76.00% complete.
t1_sim:[62638. 62748. 61907.] t2_sim:[59196. 59337. 58629.]
Task is 77.00% complete.
t1_sim:[59524. 59413. 57683.] t2_sim:[59416. 59855. 57487.]
Task is 78.00% complete.
t1_sim:[65210. 64971. 65766.] t2_sim:[61101. 61778. 62843.]
Task is 79.00% complete.
t1_sim:[62808. 62713. 64198.] t2_sim:[64563. 64866. 69256.]
Task is 80.00% complete.
t1_sim:[62207. 61732. 60463.] t2_sim:[60699. 60813. 61871.]
Task is 81.00% complete.
t1_sim:[62724. 62654. 62489.] t2_sim:[57009. 56765. 55002.]
Task is 82.00% complete.
t1_sim:[65189. 65263. 65080.] t2_sim:[60562. 60662. 60858.]
Task is 83.00% complete.
t1_sim:[66278. 66346. 67760.] t2_sim:[66259. 66309. 65485.]
Task is 84.00% complete.
t1_sim:[58802. 58682. 59712.] t2_sim:[63093. 62745. 61121.]
Task is 85.00% complete.
t1_sim:[67391. 67370. 67245.] t2_sim:[59186. 59582. 62563.]
Task is 86.00% complete.
t1_sim:[58814. 59070. 59368.] t2_sim:[60897. 61132. 61139.]
Task is 87.00% complete.
t1_sim:[59737. 59779. 60086.] t2_sim:[66066. 66022. 63792.]
Task is 88.00% complete.
t1_sim:[63187. 63427. 62368.] t2_sim:[61264. 60705. 59865.]
Task is 89.00% complete.
t1_sim:[60848. 60994. 59418.] t2_sim:[62369. 62139. 61768.]
Task is 90.00% complete.
t1_sim:[57611. 57711. 62573.] t2_sim:[63924. 64354. 60363.]
Task is 91.00% complete.
t1_sim:[64652. 64695. 65997.] t2_sim:[63164. 63441. 65004.]
Task is 92.00% complete.
t1_sim:[64759. 64316. 63161.] t2_sim:[61789. 62100. 61973.]
Task is 93.00% complete.
t1_sim:[64673. 64041. 62929.] t2_sim:[63890. 64265. 64369.]
Task is 94.00% complete.
t1_sim:[68361. 68592. 69328.] t2_sim:[62084. 61849. 61909.]
Task is 95.00% complete.
t1_sim:[54528. 54265. 55893.] t2_sim:[61809. 61879. 61466.]
Task is 96.00% complete.
t1_sim:[59812. 59821. 60102.] t2_sim:[64274. 64306. 63705.]
Task is 97.00% complete.
t1_sim:[64156. 63863. 63802.] t2_sim:[65931. 66341. 64690.]
Task is 98.00% complete.
t1_sim:[59143. 58847. 57681.] t2_sim:[60125. 60580. 61282.]
Task is 99.00% complete.
t1_sim:[57366. 57826. 60611.] t2_sim:[62943. 63096. 62581.]
Finished
