/scratch/jz4721/Post-prediction-Causal-Inference/venv/lib/python3.8/site-packages/numpy/core/getlimits.py:518: UserWarning: The value of the smallest subnormal for <class 'numpy.float64'> type is zero.
  setattr(self, word, getattr(machar, word).flat[0])
/scratch/jz4721/Post-prediction-Causal-Inference/venv/lib/python3.8/site-packages/numpy/core/getlimits.py:89: UserWarning: The value of the smallest subnormal for <class 'numpy.float64'> type is zero.
  return self._float_to_str(self.smallest_subnormal)
/scratch/jz4721/Post-prediction-Causal-Inference/venv/lib/python3.8/site-packages/numpy/core/getlimits.py:518: UserWarning: The value of the smallest subnormal for <class 'numpy.float32'> type is zero.
  setattr(self, word, getattr(machar, word).flat[0])
/scratch/jz4721/Post-prediction-Causal-Inference/venv/lib/python3.8/site-packages/numpy/core/getlimits.py:89: UserWarning: The value of the smallest subnormal for <class 'numpy.float32'> type is zero.
  return self._float_to_str(self.smallest_subnormal)
Training start
t1_obs:[array(64973.), array(65015.), array(63357.)] t2_obs:[array(59229.), array(59565.), array(62268.)]
corr_G1:[None, None, 3.5639802466874224e-17] corr_G2:[None, None, 0.0]
Training end
Task is 0.00% complete.
t1_sim:[62881. 62683. 64478.] t2_sim:[58869. 58641. 60922.]
Task is 1.00% complete.
t1_sim:[62271. 61939. 60699.] t2_sim:[63682. 63339. 60349.]
Task is 2.00% complete.
t1_sim:[59563. 59501. 60003.] t2_sim:[64357. 64241. 62008.]
Task is 3.00% complete.
t1_sim:[63045. 63063. 63420.] t2_sim:[59506. 59187. 60266.]
Task is 4.00% complete.
t1_sim:[58573. 58770. 63070.] t2_sim:[63625. 63191. 66126.]
Task is 5.00% complete.
t1_sim:[63469. 63631. 63686.] t2_sim:[57739. 57742. 56242.]
Task is 6.00% complete.
t1_sim:[69465. 69548. 66895.] t2_sim:[67454. 67617. 68636.]
Task is 7.00% complete.
t1_sim:[61360. 61522. 61392.] t2_sim:[60045. 59634. 60306.]
Task is 8.00% complete.
t1_sim:[64666. 64837. 63622.] t2_sim:[63059. 62850. 63516.]
Task is 9.00% complete.
t1_sim:[59548. 59292. 61922.] t2_sim:[62919. 62818. 64877.]
Task is 10.00% complete.
t1_sim:[61603. 61670. 61274.] t2_sim:[53551. 53713. 53989.]
Task is 11.00% complete.
t1_sim:[67864. 67695. 68046.] t2_sim:[60389. 60013. 61930.]
Task is 12.00% complete.
t1_sim:[59108. 59081. 57623.] t2_sim:[62354. 62553. 64971.]
Task is 13.00% complete.
t1_sim:[63710. 63539. 65830.] t2_sim:[61251. 61265. 65873.]
Task is 14.00% complete.
t1_sim:[66764. 66817. 65221.] t2_sim:[64539. 64662. 64571.]
Task is 15.00% complete.
t1_sim:[67130. 67212. 65873.] t2_sim:[59534. 59195. 61802.]
Task is 16.00% complete.
t1_sim:[55386. 55312. 53945.] t2_sim:[63845. 63919. 63536.]
Task is 17.00% complete.
t1_sim:[66084. 66127. 68091.] t2_sim:[64542. 64661. 63922.]
Task is 18.00% complete.
t1_sim:[57783. 57657. 58037.] t2_sim:[61820. 62010. 62356.]
Task is 19.00% complete.
t1_sim:[63709. 63533. 59720.] t2_sim:[66487. 66457. 67958.]
Task is 20.00% complete.
t1_sim:[64094. 64358. 66877.] t2_sim:[65142. 64857. 64772.]
Task is 21.00% complete.
t1_sim:[66429. 66594. 68513.] t2_sim:[66620. 66754. 70535.]
Task is 22.00% complete.
t1_sim:[55201. 55849. 58044.] t2_sim:[63354. 63216. 59525.]
Task is 23.00% complete.
t1_sim:[63006. 62932. 63980.] t2_sim:[63125. 62696. 63184.]
Task is 24.00% complete.
t1_sim:[65757. 65561. 64669.] t2_sim:[64686. 64454. 60403.]
Task is 25.00% complete.
t1_sim:[62028. 62005. 62002.] t2_sim:[66788. 66881. 65920.]
Task is 26.00% complete.
t1_sim:[67779. 67920. 66865.] t2_sim:[63741. 63955. 61907.]
Task is 27.00% complete.
t1_sim:[60730. 60751. 61442.] t2_sim:[65243. 65684. 67660.]
Task is 28.00% complete.
t1_sim:[61285. 61186. 62750.] t2_sim:[63641. 63672. 66431.]
Task is 29.00% complete.
t1_sim:[68929. 68826. 67104.] t2_sim:[62326. 62809. 60070.]
Task is 30.00% complete.
t1_sim:[64518. 64404. 62649.] t2_sim:[59720. 59463. 54806.]
Task is 31.00% complete.
t1_sim:[59282. 59036. 58705.] t2_sim:[67367. 67550. 66915.]
Task is 32.00% complete.
t1_sim:[57345. 57597. 61885.] t2_sim:[59549. 59771. 62205.]
Task is 33.00% complete.
t1_sim:[59687. 60012. 61796.] t2_sim:[62482. 62121. 60956.]
Task is 34.00% complete.
t1_sim:[63313. 63226. 60807.] t2_sim:[58304. 58054. 56581.]
Task is 35.00% complete.
t1_sim:[63236. 63494. 61789.] t2_sim:[66075. 66116. 61311.]
Task is 36.00% complete.
t1_sim:[60451. 60729. 60528.] t2_sim:[61173. 61164. 62725.]
Task is 37.00% complete.
t1_sim:[52810. 53187. 58564.] t2_sim:[58798. 58924. 60978.]
Task is 38.00% complete.
t1_sim:[59543. 59373. 62163.] t2_sim:[62176. 62248. 62218.]
Task is 39.00% complete.
t1_sim:[59414. 59315. 57848.] t2_sim:[66767. 66814. 63881.]
Task is 40.00% complete.
t1_sim:[67728. 67902. 66138.] t2_sim:[62422. 62500. 62084.]
Task is 41.00% complete.
t1_sim:[61786. 61858. 63832.] t2_sim:[61238. 61219. 58122.]
Task is 42.00% complete.
t1_sim:[63632. 64091. 66701.] t2_sim:[62564. 62641. 62756.]
Task is 43.00% complete.
t1_sim:[60936. 60563. 61895.] t2_sim:[62304. 62551. 61641.]
Task is 44.00% complete.
t1_sim:[63028. 63046. 66453.] t2_sim:[63645. 63641. 64071.]
Task is 45.00% complete.
t1_sim:[63050. 63578. 63926.] t2_sim:[69466. 69408. 67877.]
Task is 46.00% complete.
t1_sim:[62125. 62176. 61665.] t2_sim:[63939. 63845. 63349.]
Task is 47.00% complete.
t1_sim:[58864. 58404. 58208.] t2_sim:[56462. 56259. 56658.]
Task is 48.00% complete.
t1_sim:[60270. 60553. 61815.] t2_sim:[63977. 63789. 62188.]
Task is 49.00% complete.
t1_sim:[65202. 65302. 63364.] t2_sim:[59515. 59600. 57158.]
Task is 50.00% complete.
t1_sim:[64780. 64854. 66941.] t2_sim:[58025. 58121. 57166.]
Task is 51.00% complete.
t1_sim:[61619. 61070. 64902.] t2_sim:[63281. 63382. 65361.]
Task is 52.00% complete.
t1_sim:[61133. 60798. 60487.] t2_sim:[62623. 62165. 60946.]
Task is 53.00% complete.
t1_sim:[61423. 61676. 64466.] t2_sim:[64281. 64248. 61493.]
Task is 54.00% complete.
t1_sim:[60564. 60607. 60097.] t2_sim:[59185. 59146. 61582.]
Task is 55.00% complete.
t1_sim:[67258. 67100. 67534.] t2_sim:[60287. 60672. 61572.]
Task is 56.00% complete.
t1_sim:[64978. 64760. 62842.] t2_sim:[64879. 65037. 63425.]
Task is 57.00% complete.
t1_sim:[57227. 57259. 60538.] t2_sim:[59774. 59510. 62556.]
Task is 58.00% complete.
t1_sim:[61924. 61666. 58273.] t2_sim:[62664. 62619. 63504.]
Task is 59.00% complete.
t1_sim:[57996. 57386. 58191.] t2_sim:[60441. 60371. 60719.]
Task is 60.00% complete.
t1_sim:[59502. 59240. 60996.] t2_sim:[69160. 68968. 67441.]
Task is 61.00% complete.
t1_sim:[62054. 62076. 63560.] t2_sim:[64366. 64019. 65340.]
Task is 62.00% complete.
t1_sim:[61842. 62304. 65433.] t2_sim:[64916. 64386. 64814.]
Task is 63.00% complete.
t1_sim:[62611. 62664. 63119.] t2_sim:[67205. 67112. 68020.]
Task is 64.00% complete.
t1_sim:[59977. 59655. 56443.] t2_sim:[66696. 67131. 64686.]
Task is 65.00% complete.
t1_sim:[61811. 61636. 62351.] t2_sim:[65712. 65393. 61655.]
Task is 66.00% complete.
t1_sim:[60518. 60311. 60861.] t2_sim:[61125. 61390. 63731.]
Task is 67.00% complete.
t1_sim:[64422. 64184. 62634.] t2_sim:[56349. 56329. 57299.]
Task is 68.00% complete.
t1_sim:[68955. 69129. 69004.] t2_sim:[58624. 58972. 61176.]
Task is 69.00% complete.
t1_sim:[60692. 61064. 60978.] t2_sim:[63978. 63576. 63325.]
Task is 70.00% complete.
t1_sim:[61580. 60964. 63917.] t2_sim:[58505. 58561. 54919.]
Task is 71.00% complete.
t1_sim:[60505. 60424. 61447.] t2_sim:[59043. 59324. 63012.]
Task is 72.00% complete.
t1_sim:[64924. 64479. 65701.] t2_sim:[64165. 64246. 64977.]
Task is 73.00% complete.
t1_sim:[63938. 63875. 63013.] t2_sim:[64878. 64971. 67228.]
Task is 74.00% complete.
t1_sim:[59817. 59885. 58909.] t2_sim:[62526. 62969. 61151.]
Task is 75.00% complete.
t1_sim:[65531. 65603. 61549.] t2_sim:[65789. 66204. 65512.]
Task is 76.00% complete.
t1_sim:[62270. 62397. 57784.] t2_sim:[61739. 61698. 59056.]
Task is 77.00% complete.
t1_sim:[59727. 59743. 61410.] t2_sim:[61273. 61302. 60105.]
Task is 78.00% complete.
t1_sim:[61040. 61216. 64648.] t2_sim:[64844. 64541. 63098.]
Task is 79.00% complete.
t1_sim:[66573. 66474. 67178.] t2_sim:[59217. 59753. 64241.]
Task is 80.00% complete.
t1_sim:[63484. 63453. 65489.] t2_sim:[59148. 59069. 58837.]
Task is 81.00% complete.
t1_sim:[65708. 65907. 67188.] t2_sim:[64284. 64397. 64707.]
Task is 82.00% complete.
t1_sim:[65882. 66222. 67957.] t2_sim:[65846. 65710. 65316.]
Task is 83.00% complete.
t1_sim:[66799. 66889. 69805.] t2_sim:[64404. 64217. 66128.]
Task is 84.00% complete.
t1_sim:[71705. 71778. 68653.] t2_sim:[71407. 71209. 73522.]
Task is 85.00% complete.
t1_sim:[62194. 62158. 60769.] t2_sim:[64880. 64576. 66721.]
Task is 86.00% complete.
t1_sim:[64112. 64055. 61923.] t2_sim:[67249. 66899. 63129.]
Task is 87.00% complete.
t1_sim:[57886. 58015. 59822.] t2_sim:[61631. 61643. 61037.]
Task is 88.00% complete.
t1_sim:[60391. 60143. 59995.] t2_sim:[63756. 63434. 64738.]
Task is 89.00% complete.
t1_sim:[64313. 64307. 63046.] t2_sim:[61241. 61220. 58876.]
Task is 90.00% complete.
t1_sim:[67898. 67870. 69344.] t2_sim:[63642. 63356. 63399.]
Task is 91.00% complete.
t1_sim:[66571. 66430. 64815.] t2_sim:[63127. 62652. 63377.]
Task is 92.00% complete.
t1_sim:[62183. 62271. 65550.] t2_sim:[60774. 60865. 61137.]
Task is 93.00% complete.
t1_sim:[58666. 58586. 60436.] t2_sim:[60439. 60347. 56638.]
Task is 94.00% complete.
t1_sim:[62392. 62163. 64062.] t2_sim:[61650. 61715. 62212.]
Task is 95.00% complete.
t1_sim:[60208. 60558. 61673.] t2_sim:[60293. 60650. 55817.]
Task is 96.00% complete.
t1_sim:[60613. 60471. 59360.] t2_sim:[64584. 64993. 68367.]
Task is 97.00% complete.
t1_sim:[58591. 58998. 60655.] t2_sim:[62445. 62184. 62421.]
Task is 98.00% complete.
t1_sim:[61359. 61144. 61759.] t2_sim:[69124. 68905. 68387.]
Task is 99.00% complete.
t1_sim:[64706. 64694. 64345.] t2_sim:[59922. 60314. 60408.]
Training start
t1_obs:[array(64973.), array(65015.), array(64547.)] t2_obs:[array(59229.), array(59565.), array(60303.)]
corr_G1:[None, None, 0.9825763856642789] corr_G2:[None, None, 0.9927567014908163]
Training end
Task is 0.00% complete.
t1_sim:[65532. 65508. 65109.] t2_sim:[64236. 64172. 64277.]
Task is 1.00% complete.
t1_sim:[63417. 63409. 63990.] t2_sim:[58115. 57894. 58114.]
Task is 2.00% complete.
t1_sim:[57641. 57906. 58529.] t2_sim:[66130. 65971. 65829.]
Task is 3.00% complete.
t1_sim:[59444. 59277. 59437.] t2_sim:[62005. 62138. 58389.]
Task is 4.00% complete.
t1_sim:[60937. 61137. 61255.] t2_sim:[61436. 60819. 59641.]
Task is 5.00% complete.
t1_sim:[60829. 60473. 60911.] t2_sim:[58494. 58982. 59130.]
Task is 6.00% complete.
t1_sim:[66477. 66141. 64078.] t2_sim:[65902. 65813. 65587.]
Task is 7.00% complete.
t1_sim:[67618. 67633. 67765.] t2_sim:[66455. 66717. 68479.]
Task is 8.00% complete.
t1_sim:[63303. 62939. 62361.] t2_sim:[65767. 65304. 63121.]
Task is 9.00% complete.
t1_sim:[63466. 63197. 59681.] t2_sim:[63765. 63754. 63602.]
Task is 10.00% complete.
t1_sim:[59419. 59561. 60960.] t2_sim:[61784. 61336. 59861.]
Task is 11.00% complete.
t1_sim:[55462. 55650. 56848.] t2_sim:[67021. 67243. 65975.]
Task is 12.00% complete.
t1_sim:[61453. 61320. 60773.] t2_sim:[62158. 61790. 61483.]
Task is 13.00% complete.
t1_sim:[63337. 63767. 62596.] t2_sim:[60959. 61045. 62223.]
Task is 14.00% complete.
t1_sim:[65070. 65453. 64892.] t2_sim:[66084. 66195. 68167.]
Task is 15.00% complete.
t1_sim:[58004. 57816. 57205.] t2_sim:[58314. 58075. 55682.]
Task is 16.00% complete.
t1_sim:[64100. 64163. 61478.] t2_sim:[64694. 64687. 64985.]
Task is 17.00% complete.
t1_sim:[62822. 63183. 63785.] t2_sim:[67511. 67086. 66601.]
Task is 18.00% complete.
t1_sim:[60843. 60985. 61795.] t2_sim:[63803. 63627. 60971.]
Task is 19.00% complete.
t1_sim:[64194. 64198. 64983.] t2_sim:[66495. 66924. 67358.]
Task is 20.00% complete.
t1_sim:[65149. 65385. 63511.] t2_sim:[63232. 63455. 65624.]
Task is 21.00% complete.
t1_sim:[60120. 60326. 59786.] t2_sim:[63489. 63853. 64482.]
Task is 22.00% complete.
t1_sim:[59057. 58802. 60399.] t2_sim:[55499. 55406. 54358.]
Task is 23.00% complete.
t1_sim:[62788. 63308. 61750.] t2_sim:[63507. 63602. 63067.]
Task is 24.00% complete.
t1_sim:[65996. 66388. 66312.] t2_sim:[66505. 66416. 65601.]
Task is 25.00% complete.
t1_sim:[63065. 62622. 63325.] t2_sim:[59217. 59494. 58065.]
Task is 26.00% complete.
t1_sim:[62074. 62115. 63957.] t2_sim:[54386. 53923. 52851.]
Task is 27.00% complete.
t1_sim:[64148. 64036. 64404.] t2_sim:[63062. 63271. 63863.]
Task is 28.00% complete.
t1_sim:[60930. 61440. 62734.] t2_sim:[66423. 66000. 62589.]
Task is 29.00% complete.
t1_sim:[59334. 59340. 60432.] t2_sim:[64290. 63876. 64727.]
Task is 30.00% complete.
t1_sim:[60235. 60507. 61281.] t2_sim:[61884. 62257. 63085.]
Task is 31.00% complete.
t1_sim:[65516. 66061. 64324.] t2_sim:[59590. 59411. 61530.]
Task is 32.00% complete.
t1_sim:[64280. 64390. 65098.] t2_sim:[65802. 65765. 65852.]
Task is 33.00% complete.
t1_sim:[64999. 64990. 64685.] t2_sim:[65406. 64940. 66732.]
Task is 34.00% complete.
t1_sim:[65015. 64907. 64540.] t2_sim:[62096. 61983. 61424.]
Task is 35.00% complete.
t1_sim:[62370. 62084. 61937.] t2_sim:[61050. 61339. 63150.]
Task is 36.00% complete.
t1_sim:[65495. 65803. 65034.] t2_sim:[64095. 64044. 64127.]
Task is 37.00% complete.
t1_sim:[62553. 62095. 60801.] t2_sim:[66476. 66335. 66346.]
Task is 38.00% complete.
t1_sim:[60857. 61362. 61527.] t2_sim:[61566. 61619. 60317.]
Task is 39.00% complete.
t1_sim:[64176. 64299. 64618.] t2_sim:[60879. 60804. 61200.]
Task is 40.00% complete.
t1_sim:[62851. 62825. 63207.] t2_sim:[63611. 63438. 63722.]
Task is 41.00% complete.
t1_sim:[62384. 62589. 60850.] t2_sim:[62802. 62988. 61010.]
Task is 42.00% complete.
t1_sim:[61681. 61454. 61583.] t2_sim:[61961. 62065. 62203.]
Task is 43.00% complete.
t1_sim:[62917. 62980. 63573.] t2_sim:[61421. 61357. 60291.]
Task is 44.00% complete.
t1_sim:[58721. 58456. 57726.] t2_sim:[60808. 60882. 59186.]
Task is 45.00% complete.
t1_sim:[64717. 64611. 64873.] t2_sim:[65332. 65300. 65789.]
Task is 46.00% complete.
t1_sim:[62069. 62036. 60975.] t2_sim:[68497. 68511. 68683.]
Task is 47.00% complete.
t1_sim:[61964. 62361. 62948.] t2_sim:[59420. 59319. 59598.]
Task is 48.00% complete.
t1_sim:[64005. 63839. 65781.] t2_sim:[61832. 61847. 62354.]
Task is 49.00% complete.
t1_sim:[65067. 65035. 63309.] t2_sim:[58154. 58194. 57653.]
Task is 50.00% complete.
t1_sim:[68658. 68720. 65616.] t2_sim:[59640. 59674. 58988.]
Task is 51.00% complete.
t1_sim:[59705. 59885. 60601.] t2_sim:[62575. 62992. 64623.]
Task is 52.00% complete.
t1_sim:[60421. 60399. 61654.] t2_sim:[65940. 65982. 66105.]
Task is 53.00% complete.
t1_sim:[61739. 61412. 61680.] t2_sim:[64513. 64147. 64492.]
Task is 54.00% complete.
t1_sim:[63744. 63855. 65484.] t2_sim:[63449. 63367. 63763.]
Task is 55.00% complete.
t1_sim:[62545. 62351. 62786.] t2_sim:[60453. 60148. 59405.]
Task is 56.00% complete.
t1_sim:[60526. 60803. 62784.] t2_sim:[60644. 60354. 58821.]
Task is 57.00% complete.
t1_sim:[63636. 63471. 64360.] t2_sim:[62081. 62078. 63121.]
Task is 58.00% complete.
t1_sim:[67020. 67296. 69393.] t2_sim:[61630. 61078. 62431.]
Task is 59.00% complete.
t1_sim:[61624. 61897. 63247.] t2_sim:[66813. 66987. 67331.]
Task is 60.00% complete.
t1_sim:[64325. 64144. 63543.] t2_sim:[62311. 62879. 61431.]
Task is 61.00% complete.
t1_sim:[68174. 67990. 69325.] t2_sim:[61865. 62038. 63198.]
Task is 62.00% complete.
t1_sim:[60795. 60695. 62642.] t2_sim:[58447. 59057. 60821.]
Task is 63.00% complete.
t1_sim:[55575. 55510. 58087.] t2_sim:[61457. 61690. 63869.]
Task is 64.00% complete.
t1_sim:[62304. 62066. 61966.] t2_sim:[63452. 63215. 63758.]
Task is 65.00% complete.
t1_sim:[55405. 55113. 57499.] t2_sim:[60277. 60051. 60896.]
Task is 66.00% complete.
t1_sim:[60889. 61175. 60513.] t2_sim:[64878. 65172. 68950.]
Task is 67.00% complete.
t1_sim:[65451. 66160. 65448.] t2_sim:[61611. 61666. 62118.]
Task is 68.00% complete.
t1_sim:[60377. 60362. 58673.] t2_sim:[59181. 58810. 58439.]
Task is 69.00% complete.
t1_sim:[54623. 54643. 52877.] t2_sim:[66226. 66426. 65114.]
Task is 70.00% complete.
t1_sim:[64657. 64846. 65775.] t2_sim:[59884. 59570. 60167.]
Task is 71.00% complete.
t1_sim:[61811. 62094. 61188.] t2_sim:[64227. 64134. 63011.]
Task is 72.00% complete.
t1_sim:[61668. 61701. 64839.] t2_sim:[61269. 61142. 62904.]
Task is 73.00% complete.
t1_sim:[62444. 62169. 62758.] t2_sim:[66172. 66125. 66916.]
Task is 74.00% complete.
t1_sim:[64389. 64374. 64855.] t2_sim:[69623. 69245. 69893.]
Task is 75.00% complete.
t1_sim:[67653. 67512. 67534.] t2_sim:[63786. 63580. 62612.]
Task is 76.00% complete.
t1_sim:[63508. 63903. 65011.] t2_sim:[62825. 62839. 65059.]
Task is 77.00% complete.
t1_sim:[63196. 63263. 63946.] t2_sim:[64089. 63878. 64197.]
Task is 78.00% complete.
t1_sim:[64062. 64008. 63162.] t2_sim:[62666. 62265. 62190.]
Task is 79.00% complete.
t1_sim:[59799. 60043. 61457.] t2_sim:[59258. 59888. 60731.]
Task is 80.00% complete.
t1_sim:[67801. 67902. 66060.] t2_sim:[63837. 63751. 62209.]
Task is 81.00% complete.
t1_sim:[61338. 61176. 62740.] t2_sim:[61384. 61536. 60731.]
Task is 82.00% complete.
t1_sim:[66926. 66859. 67528.] t2_sim:[64557. 64331. 64748.]
Task is 83.00% complete.
t1_sim:[59242. 59767. 60008.] t2_sim:[62355. 62691. 62218.]
Task is 84.00% complete.
t1_sim:[59069. 58840. 57362.] t2_sim:[65686. 66208. 66480.]
Task is 85.00% complete.
t1_sim:[63100. 63179. 63660.] t2_sim:[59978. 60275. 59453.]
Task is 86.00% complete.
t1_sim:[61582. 61828. 62164.] t2_sim:[61555. 61627. 60485.]
Task is 87.00% complete.
t1_sim:[66896. 66615. 66633.] t2_sim:[66177. 66348. 65502.]
Task is 88.00% complete.
t1_sim:[57722. 57847. 58472.] t2_sim:[62427. 61960. 63444.]
Task is 89.00% complete.
t1_sim:[62232. 61759. 60898.] t2_sim:[66056. 65917. 65041.]
Task is 90.00% complete.
t1_sim:[67804. 68152. 66571.] t2_sim:[64321. 64232. 64825.]
Task is 91.00% complete.
t1_sim:[60649. 60947. 61892.] t2_sim:[65941. 66131. 64404.]
Task is 92.00% complete.
t1_sim:[60768. 60931. 60833.] t2_sim:[63988. 63560. 62441.]
Task is 93.00% complete.
t1_sim:[62714. 62844. 62830.] t2_sim:[63171. 63507. 61879.]
Task is 94.00% complete.
t1_sim:[68254. 68349. 68185.] t2_sim:[64099. 64244. 63861.]
Task is 95.00% complete.
t1_sim:[65065. 64785. 65146.] t2_sim:[60627. 60675. 59663.]
Task is 96.00% complete.
t1_sim:[67246. 67101. 66447.] t2_sim:[59413. 59402. 58859.]
Task is 97.00% complete.
t1_sim:[64667. 64628. 66851.] t2_sim:[59148. 59119. 60748.]
Task is 98.00% complete.
t1_sim:[62179. 62091. 60945.] t2_sim:[63236. 63105. 63695.]
Task is 99.00% complete.
t1_sim:[62400. 62859. 65442.] t2_sim:[62710. 62706. 62027.]
Training start
t1_obs:[array(64973.), array(65015.), array(66123.)] t2_obs:[array(59229.), array(59565.), array(61637.)]
corr_G1:[None, None, -0.02919067716418547] corr_G2:[None, None, -0.011540365662090882]
Training end
Task is 0.00% complete.
t1_sim:[60459. 60758. 64019.] t2_sim:[65555. 65572. 64172.]
Task is 1.00% complete.
t1_sim:[54570. 54539. 60925.] t2_sim:[60378. 60718. 60294.]
Task is 2.00% complete.
t1_sim:[62339. 62348. 65607.] t2_sim:[65002. 65121. 65505.]
Task is 3.00% complete.
t1_sim:[62390. 62328. 63834.] t2_sim:[63246. 63038. 63403.]
Task is 4.00% complete.
t1_sim:[62727. 62579. 64108.] t2_sim:[67665. 67751. 66915.]
Task is 5.00% complete.
t1_sim:[63900. 63814. 66750.] t2_sim:[59254. 58787. 59206.]
Task is 6.00% complete.
t1_sim:[60861. 60718. 63575.] t2_sim:[64920. 64885. 65136.]
Task is 7.00% complete.
t1_sim:[63735. 63635. 66222.] t2_sim:[62483. 62263. 59944.]
Task is 8.00% complete.
t1_sim:[62283. 62421. 64523.] t2_sim:[59325. 59034. 58604.]
Task is 9.00% complete.
t1_sim:[61003. 60667. 63397.] t2_sim:[64703. 65046. 66421.]
Task is 10.00% complete.
t1_sim:[63419. 63020. 65561.] t2_sim:[66808. 66557. 67555.]
Task is 11.00% complete.
t1_sim:[61037. 60893. 65575.] t2_sim:[65722. 65991. 67747.]
Task is 12.00% complete.
t1_sim:[62347. 62452. 65366.] t2_sim:[55838. 55738. 56138.]
Task is 13.00% complete.
t1_sim:[63105. 63387. 63855.] t2_sim:[56648. 56811. 58187.]
Task is 14.00% complete.
t1_sim:[61556. 61737. 66376.] t2_sim:[66215. 66956. 68910.]
Task is 15.00% complete.
t1_sim:[65439. 65372. 69796.] t2_sim:[69372. 69800. 68091.]
Task is 16.00% complete.
t1_sim:[60511. 60827. 63856.] t2_sim:[67164. 67247. 65696.]
Task is 17.00% complete.
t1_sim:[65319. 65346. 68164.] t2_sim:[65533. 66227. 66910.]
Task is 18.00% complete.
t1_sim:[62300. 62179. 65347.] t2_sim:[58355. 58224. 57911.]
Task is 19.00% complete.
t1_sim:[58252. 58572. 61604.] t2_sim:[62223. 61557. 59727.]
Task is 20.00% complete.
t1_sim:[59984. 60200. 63303.] t2_sim:[62425. 62767. 61351.]
Task is 21.00% complete.
t1_sim:[64930. 65143. 69756.] t2_sim:[57819. 57964. 57505.]
Task is 22.00% complete.
t1_sim:[59710. 59970. 65332.] t2_sim:[68125. 67876. 70211.]
Task is 23.00% complete.
t1_sim:[58295. 58107. 58597.] t2_sim:[67183. 66455. 65619.]
Task is 24.00% complete.
t1_sim:[62961. 62932. 67127.] t2_sim:[60850. 60614. 60033.]
Task is 25.00% complete.
t1_sim:[51604. 51656. 57054.] t2_sim:[61282. 61285. 61297.]
Task is 26.00% complete.
t1_sim:[60912. 60850. 65677.] t2_sim:[62974. 62650. 61599.]
Task is 27.00% complete.
t1_sim:[60907. 60516. 61837.] t2_sim:[61331. 61388. 62865.]
Task is 28.00% complete.
t1_sim:[62376. 61941. 64223.] t2_sim:[66159. 66220. 67834.]
Task is 29.00% complete.
t1_sim:[66895. 66544. 68969.] t2_sim:[64648. 64540. 62516.]
Task is 30.00% complete.
t1_sim:[63020. 62981. 65405.] t2_sim:[65761. 66208. 64777.]
Task is 31.00% complete.
t1_sim:[64622. 64492. 64304.] t2_sim:[63321. 63132. 62895.]
Task is 32.00% complete.
t1_sim:[62535. 62829. 63682.] t2_sim:[62647. 62403. 60482.]
Task is 33.00% complete.
t1_sim:[62858. 62675. 63999.] t2_sim:[61465. 61603. 60829.]
Task is 34.00% complete.
t1_sim:[66857. 67174. 69834.] t2_sim:[63017. 62694. 63196.]
Task is 35.00% complete.
t1_sim:[62765. 62486. 66582.] t2_sim:[60245. 60075. 60008.]
Task is 36.00% complete.
t1_sim:[60148. 60668. 65766.] t2_sim:[58184. 58082. 57636.]
Task is 37.00% complete.
t1_sim:[67957. 67554. 72621.] t2_sim:[58296. 57936. 58650.]
Task is 38.00% complete.
t1_sim:[66914. 66869. 68023.] t2_sim:[63232. 63360. 62756.]
Task is 39.00% complete.
t1_sim:[64495. 64256. 67116.] t2_sim:[66902. 66769. 67754.]
Task is 40.00% complete.
t1_sim:[57839. 57992. 60388.] t2_sim:[65843. 66041. 66124.]
Task is 41.00% complete.
t1_sim:[63037. 62987. 65982.] t2_sim:[60510. 60127. 60911.]
Task is 42.00% complete.
t1_sim:[62075. 62633. 65250.] t2_sim:[64737. 64584. 65617.]
Task is 43.00% complete.
t1_sim:[69490. 69300. 72316.] t2_sim:[58608. 58856. 60815.]
Task is 44.00% complete.
t1_sim:[61749. 61703. 62906.] t2_sim:[62770. 62373. 61548.]
Task is 45.00% complete.
t1_sim:[51595. 51476. 56992.] t2_sim:[69725. 69755. 69799.]
Task is 46.00% complete.
t1_sim:[63164. 63207. 59024.] t2_sim:[64634. 64903. 64296.]
Task is 47.00% complete.
t1_sim:[59678. 59861. 64108.] t2_sim:[60204. 60399. 60926.]
Task is 48.00% complete.
t1_sim:[63885. 63853. 63000.] t2_sim:[65758. 65921. 66819.]
Task is 49.00% complete.
t1_sim:[58029. 58346. 62678.] t2_sim:[61440. 61837. 61522.]
Task is 50.00% complete.
t1_sim:[62286. 62963. 66451.] t2_sim:[64810. 64558. 65391.]
Task is 51.00% complete.
t1_sim:[62145. 61911. 64253.] t2_sim:[63689. 63821. 62525.]
Task is 52.00% complete.
t1_sim:[61052. 61013. 66217.] t2_sim:[65818. 65985. 64582.]
Task is 53.00% complete.
t1_sim:[64208. 64489. 66629.] t2_sim:[60627. 60420. 61435.]
Task is 54.00% complete.
t1_sim:[63003. 63137. 66542.] t2_sim:[65905. 66050. 64288.]
Task is 55.00% complete.
t1_sim:[61301. 60855. 66920.] t2_sim:[63647. 64151. 63797.]
Task is 56.00% complete.
t1_sim:[57826. 57826. 60121.] t2_sim:[64380. 64839. 65948.]
Task is 57.00% complete.
t1_sim:[65564. 65400. 67948.] t2_sim:[64907. 64703. 63891.]
Task is 58.00% complete.
t1_sim:[65447. 65445. 67404.] t2_sim:[60654. 60687. 60979.]
Task is 59.00% complete.
t1_sim:[63235. 63240. 66590.] t2_sim:[62689. 62494. 62431.]
Task is 60.00% complete.
t1_sim:[64523. 64725. 65672.] t2_sim:[63855. 64015. 64656.]
Task is 61.00% complete.
t1_sim:[60161. 59955. 61408.] t2_sim:[59768. 59894. 60249.]
Task is 62.00% complete.
t1_sim:[60790. 60787. 62360.] t2_sim:[53848. 54187. 54558.]
Task is 63.00% complete.
t1_sim:[61982. 61819. 65293.] t2_sim:[62209. 62217. 61564.]
Task is 64.00% complete.
t1_sim:[68853. 69283. 72176.] t2_sim:[59703. 59677. 59759.]
Task is 65.00% complete.
t1_sim:[62874. 62775. 63734.] t2_sim:[59772. 59811. 61915.]
Task is 66.00% complete.
t1_sim:[56656. 56429. 57125.] t2_sim:[63240. 62805. 63802.]
Task is 67.00% complete.
t1_sim:[63424. 63560. 65312.] t2_sim:[62800. 62834. 63029.]
Task is 68.00% complete.
t1_sim:[61848. 61978. 63396.] t2_sim:[56143. 56260. 55755.]
Task is 69.00% complete.
t1_sim:[63939. 63835. 66090.] t2_sim:[58338. 58607. 61186.]
Task is 70.00% complete.
t1_sim:[62252. 62118. 64441.] t2_sim:[66088. 66177. 66790.]
Task is 71.00% complete.
t1_sim:[65878. 65416. 67924.] t2_sim:[64066. 64009. 64290.]
Task is 72.00% complete.
t1_sim:[58717. 58728. 63234.] t2_sim:[62231. 62664. 63530.]
Task is 73.00% complete.
t1_sim:[64190. 63756. 66790.] t2_sim:[64924. 64832. 65516.]
Task is 74.00% complete.
t1_sim:[60369. 60254. 65375.] t2_sim:[61183. 61296. 63207.]
Task is 75.00% complete.
t1_sim:[63767. 63625. 65068.] t2_sim:[59608. 59350. 57927.]
Task is 76.00% complete.
t1_sim:[65959. 66064. 69590.] t2_sim:[58326. 58123. 58125.]
Task is 77.00% complete.
t1_sim:[59980. 60246. 63894.] t2_sim:[62045. 61968. 61926.]
Task is 78.00% complete.
t1_sim:[59478. 59775. 63358.] t2_sim:[61829. 61510. 60679.]
Task is 79.00% complete.
t1_sim:[65047. 65025. 67432.] t2_sim:[61015. 61395. 62621.]
Task is 80.00% complete.
t1_sim:[61311. 60794. 63899.] t2_sim:[60084. 60080. 61447.]
Task is 81.00% complete.
t1_sim:[60478. 60575. 63723.] t2_sim:[65405. 65434. 66252.]
Task is 82.00% complete.
t1_sim:[64221. 64289. 66962.] t2_sim:[63418. 62847. 61615.]
Task is 83.00% complete.
t1_sim:[63381. 63109. 62815.] t2_sim:[61846. 61873. 60774.]
Task is 84.00% complete.
t1_sim:[55644. 55731. 59156.] t2_sim:[59271. 59448. 60712.]
Task is 85.00% complete.
t1_sim:[67140. 67132. 71256.] t2_sim:[64312. 64333. 63288.]
Task is 86.00% complete.
t1_sim:[62142. 62218. 64757.] t2_sim:[65320. 65071. 65036.]
Task is 87.00% complete.
t1_sim:[64082. 63864. 64198.] t2_sim:[58523. 58384. 56987.]
Task is 88.00% complete.
t1_sim:[66908. 67039. 68876.] t2_sim:[66880. 66552. 67041.]
Task is 89.00% complete.
t1_sim:[60233. 60353. 63235.] t2_sim:[62218. 62506. 62917.]
Task is 90.00% complete.
t1_sim:[61132. 60871. 64200.] t2_sim:[63557. 63179. 64113.]
Task is 91.00% complete.
t1_sim:[63877. 63821. 64905.] t2_sim:[66226. 65774. 64133.]
Task is 92.00% complete.
t1_sim:[65441. 65603. 68636.] t2_sim:[58544. 58634. 59564.]
Task is 93.00% complete.
t1_sim:[62471. 62590. 65871.] t2_sim:[67486. 67415. 69228.]
Task is 94.00% complete.
t1_sim:[56205. 56121. 58983.] t2_sim:[64248. 64360. 66319.]
Task is 95.00% complete.
t1_sim:[58140. 58491. 62682.] t2_sim:[62926. 63189. 63547.]
Task is 96.00% complete.
t1_sim:[59335. 59419. 63677.] t2_sim:[66493. 66644. 68312.]
Task is 97.00% complete.
t1_sim:[67364. 67462. 70965.] t2_sim:[58689. 58661. 58171.]
Task is 98.00% complete.
t1_sim:[61616. 61807. 64124.] t2_sim:[64719. 64953. 62840.]
Task is 99.00% complete.
t1_sim:[65403. 65291. 67227.] t2_sim:[63784. 63611. 65796.]
Finished
