Training start
t1_obs:[array(251789.), array(251082.), array(241418.)] t2_obs:[array(259290.), array(258619.), array(266421.)]
corr_G1:[0, 2.729114146020372e-17, 0] corr_G2:[0, 0, 0]
Training end
Number of jobs: 48
/scratch/jz4721/Post-prediction-Causal-Inference/venv/lib/python3.8/site-packages/numpy/core/getlimits.py:518: UserWarning: The value of the smallest subnormal for <class 'numpy.float64'> type is zero.
  setattr(self, word, getattr(machar, word).flat[0])
/scratch/jz4721/Post-prediction-Causal-Inference/venv/lib/python3.8/site-packages/numpy/core/getlimits.py:89: UserWarning: The value of the smallest subnormal for <class 'numpy.float64'> type is zero.
  return self._float_to_str(self.smallest_subnormal)
/scratch/jz4721/Post-prediction-Causal-Inference/venv/lib/python3.8/site-packages/numpy/core/getlimits.py:518: UserWarning: The value of the smallest subnormal for <class 'numpy.float32'> type is zero.
  setattr(self, word, getattr(machar, word).flat[0])
/scratch/jz4721/Post-prediction-Causal-Inference/venv/lib/python3.8/site-packages/numpy/core/getlimits.py:89: UserWarning: The value of the smallest subnormal for <class 'numpy.float32'> type is zero.
  return self._float_to_str(self.smallest_subnormal)
t1_sim:[250899. 249253. 246931.] t2_sim:[244005. 243405. 242678.]
Task is 0.00% complete.
t1_sim:[245482. 244351. 243915.] t2_sim:[261954. 259712. 252923.]
Task is 48.08% complete.
t1_sim:[252676. 251331. 246749.] t2_sim:[244495. 243440. 252086.]
Task is 96.15% complete.
t1_sim:[250899. 249253. 246931.] t2_sim:[244005. 243405. 242678.]
Task is 0.00% complete.
t1_sim:[245482. 244351. 243915.] t2_sim:[261954. 259712. 252923.]
Task is 48.08% complete.
t1_sim:[252676. 251331. 246749.] t2_sim:[244495. 243440. 252086.]
Task is 96.15% complete.
t1_sim:[250899. 249253. 246931.] t2_sim:[244005. 243405. 242678.]
Task is 0.00% complete.
t1_sim:[245482. 244351. 243915.] t2_sim:[261954. 259712. 252923.]
Task is 48.08% complete.
t1_sim:[252676. 251331. 246749.] t2_sim:[244495. 243440. 252086.]
Task is 96.15% complete.
t1_sim:[250899. 249253. 246931.] t2_sim:[244005. 243405. 242678.]
Task is 0.00% complete.
t1_sim:[245482. 244351. 243915.] t2_sim:[261954. 259712. 252923.]
Task is 48.08% complete.
t1_sim:[252676. 251331. 246749.] t2_sim:[244495. 243440. 252086.]
Task is 96.15% complete.
t1_sim:[250899. 249253. 246931.] t2_sim:[244005. 243405. 242678.]
Task is 0.00% complete.
t1_sim:[245482. 244351. 243915.] t2_sim:[261954. 259712. 252923.]
Task is 48.08% complete.
t1_sim:[252676. 251331. 246749.] t2_sim:[244495. 243440. 252086.]
Task is 96.15% complete.
t1_sim:[250899. 249253. 246931.] t2_sim:[244005. 243405. 242678.]
Task is 0.00% complete.
t1_sim:[245482. 244351. 243915.] t2_sim:[261954. 259712. 252923.]
Task is 48.08% complete.
t1_sim:[252676. 251331. 246749.] t2_sim:[244495. 243440. 252086.]
Task is 96.15% complete.
t1_sim:[250899. 249253. 246931.] t2_sim:[244005. 243405. 242678.]
Task is 0.00% complete.
t1_sim:[245482. 244351. 243915.] t2_sim:[261954. 259712. 252923.]
Task is 48.08% complete.
t1_sim:[252676. 251331. 246749.] t2_sim:[244495. 243440. 252086.]
Task is 96.15% complete.
t1_sim:[250899. 249253. 246931.] t2_sim:[244005. 243405. 242678.]
Task is 0.00% complete.
t1_sim:[245482. 244351. 243915.] t2_sim:[261954. 259712. 252923.]
Task is 48.08% complete.
t1_sim:[252676. 251331. 246749.] t2_sim:[244495. 243440. 252086.]
Task is 96.15% complete.
t1_sim:[250899. 249253. 246931.] t2_sim:[244005. 243405. 242678.]
Task is 0.00% complete.
t1_sim:[245482. 244351. 243915.] t2_sim:[261954. 259712. 252923.]
Task is 48.08% complete.
t1_sim:[252676. 251331. 246749.] t2_sim:[244495. 243440. 252086.]
Task is 96.15% complete.
t1_sim:[250899. 249253. 246931.] t2_sim:[244005. 243405. 242678.]
Task is 0.00% complete.
t1_sim:[245482. 244351. 243915.] t2_sim:[261954. 259712. 252923.]
Task is 48.08% complete.
t1_sim:[252676. 251331. 246749.] t2_sim:[244495. 243440. 252086.]
Task is 96.15% complete.
t1_sim:[250899. 249253. 246931.] t2_sim:[244005. 243405. 242678.]
Task is 0.00% complete.
t1_sim:[245482. 244351. 243915.] t2_sim:[261954. 259712. 252923.]
Task is 48.08% complete.
t1_sim:[252676. 251331. 246749.] t2_sim:[244495. 243440. 252086.]
Task is 96.15% complete.
t1_sim:[250899. 249253. 246931.] t2_sim:[244005. 243405. 242678.]
Task is 0.00% complete.
t1_sim:[245482. 244351. 243915.] t2_sim:[261954. 259712. 252923.]
Task is 48.08% complete.
t1_sim:[252676. 251331. 246749.] t2_sim:[244495. 243440. 252086.]
Task is 96.15% complete.
t1_sim:[250899. 249253. 246931.] t2_sim:[244005. 243405. 242678.]
Task is 0.00% complete.
t1_sim:[245482. 244351. 243915.] t2_sim:[261954. 259712. 252923.]
Task is 48.08% complete.
t1_sim:[252676. 251331. 246749.] t2_sim:[244495. 243440. 252086.]
Task is 96.15% complete.
t1_sim:[250899. 249253. 246931.] t2_sim:[244005. 243405. 242678.]
Task is 0.00% complete.
t1_sim:[245482. 244351. 243915.] t2_sim:[261954. 259712. 252923.]
Task is 48.08% complete.
t1_sim:[252676. 251331. 246749.] t2_sim:[244495. 243440. 252086.]
Task is 96.15% complete.
t1_sim:[250899. 249253. 246931.] t2_sim:[244005. 243405. 242678.]
Task is 0.00% complete.
t1_sim:[245482. 244351. 243915.] t2_sim:[261954. 259712. 252923.]
Task is 48.08% complete.
t1_sim:[252676. 251331. 246749.] t2_sim:[244495. 243440. 252086.]
Task is 96.15% complete.
t1_sim:[250899. 249253. 246931.] t2_sim:[244005. 243405. 242678.]
Task is 0.00% complete.
t1_sim:[245482. 244351. 243915.] t2_sim:[261954. 259712. 252923.]
Task is 48.08% complete.
t1_sim:[252676. 251331. 246749.] t2_sim:[244495. 243440. 252086.]
Task is 96.15% complete.
t1_sim:[250899. 249253. 246931.] t2_sim:[244005. 243405. 242678.]
Task is 0.00% complete.
t1_sim:[245482. 244351. 243915.] t2_sim:[261954. 259712. 252923.]
Task is 48.08% complete.
t1_sim:[252676. 251331. 246749.] t2_sim:[244495. 243440. 252086.]
Task is 96.15% complete.
t1_sim:[250899. 249253. 246931.] t2_sim:[244005. 243405. 242678.]
Task is 0.00% complete.
t1_sim:[245482. 244351. 243915.] t2_sim:[261954. 259712. 252923.]
Task is 48.08% complete.
t1_sim:[252676. 251331. 246749.] t2_sim:[244495. 243440. 252086.]
Task is 96.15% complete.
t1_sim:[250899. 249253. 246931.] t2_sim:[244005. 243405. 242678.]
Task is 0.00% complete.
t1_sim:[245482. 244351. 243915.] t2_sim:[261954. 259712. 252923.]
Task is 48.08% complete.
t1_sim:[252676. 251331. 246749.] t2_sim:[244495. 243440. 252086.]
Task is 96.15% complete.
t1_sim:[250899. 249253. 246931.] t2_sim:[244005. 243405. 242678.]
Task is 0.00% complete.
t1_sim:[245482. 244351. 243915.] t2_sim:[261954. 259712. 252923.]
Task is 48.08% complete.
t1_sim:[252676. 251331. 246749.] t2_sim:[244495. 243440. 252086.]
Task is 96.15% complete.
t1_sim:[250899. 249253. 246931.] t2_sim:[244005. 243405. 242678.]
Task is 0.00% complete.
t1_sim:[245482. 244351. 243915.] t2_sim:[261954. 259712. 252923.]
Task is 48.08% complete.
t1_sim:[252676. 251331. 246749.] t2_sim:[244495. 243440. 252086.]
Task is 96.15% complete.
t1_sim:[250899. 249253. 246931.] t2_sim:[244005. 243405. 242678.]
Task is 0.00% complete.
t1_sim:[245482. 244351. 243915.] t2_sim:[261954. 259712. 252923.]
Task is 48.08% complete.
t1_sim:[252676. 251331. 246749.] t2_sim:[244495. 243440. 252086.]
Task is 96.15% complete.
t1_sim:[250899. 249253. 246931.] t2_sim:[244005. 243405. 242678.]
Task is 0.00% complete.
t1_sim:[245482. 244351. 243915.] t2_sim:[261954. 259712. 252923.]
Task is 48.08% complete.
t1_sim:[252676. 251331. 246749.] t2_sim:[244495. 243440. 252086.]
Task is 96.15% complete.
t1_sim:[250899. 249253. 246931.] t2_sim:[244005. 243405. 242678.]
Task is 0.00% complete.
t1_sim:[245482. 244351. 243915.] t2_sim:[261954. 259712. 252923.]
Task is 48.08% complete.
t1_sim:[252676. 251331. 246749.] t2_sim:[244495. 243440. 252086.]
Task is 96.15% complete.
t1_sim:[250899. 249253. 246931.] t2_sim:[244005. 243405. 242678.]
Task is 0.00% complete.
t1_sim:[245482. 244351. 243915.] t2_sim:[261954. 259712. 252923.]
Task is 48.08% complete.
t1_sim:[252676. 251331. 246749.] t2_sim:[244495. 243440. 252086.]
Task is 96.15% complete.
t1_sim:[250899. 249253. 246931.] t2_sim:[244005. 243405. 242678.]
Task is 0.00% complete.
t1_sim:[245482. 244351. 243915.] t2_sim:[261954. 259712. 252923.]
Task is 48.08% complete.
t1_sim:[252676. 251331. 246749.] t2_sim:[244495. 243440. 252086.]
Task is 96.15% complete.
t1_sim:[250899. 249253. 246931.] t2_sim:[244005. 243405. 242678.]
Task is 0.00% complete.
t1_sim:[245482. 244351. 243915.] t2_sim:[261954. 259712. 252923.]
Task is 48.08% complete.
t1_sim:[252676. 251331. 246749.] t2_sim:[244495. 243440. 252086.]
Task is 96.15% complete.
t1_sim:[250899. 249253. 246931.] t2_sim:[244005. 243405. 242678.]
Task is 0.00% complete.
t1_sim:[245482. 244351. 243915.] t2_sim:[261954. 259712. 252923.]
Task is 48.08% complete.
t1_sim:[252676. 251331. 246749.] t2_sim:[244495. 243440. 252086.]
Task is 96.15% complete.
t1_sim:[250899. 249253. 246931.] t2_sim:[244005. 243405. 242678.]
Task is 0.00% complete.
t1_sim:[245482. 244351. 243915.] t2_sim:[261954. 259712. 252923.]
Task is 48.08% complete.
t1_sim:[252676. 251331. 246749.] t2_sim:[244495. 243440. 252086.]
Task is 96.15% complete.
t1_sim:[250899. 249253. 246931.] t2_sim:[244005. 243405. 242678.]
Task is 0.00% complete.
t1_sim:[245482. 244351. 243915.] t2_sim:[261954. 259712. 252923.]
Task is 48.08% complete.
t1_sim:[252676. 251331. 246749.] t2_sim:[244495. 243440. 252086.]
Task is 96.15% complete.
t1_sim:[250899. 249253. 246931.] t2_sim:[244005. 243405. 242678.]
Task is 0.00% complete.
t1_sim:[245482. 244351. 243915.] t2_sim:[261954. 259712. 252923.]
Task is 48.08% complete.
t1_sim:[252676. 251331. 246749.] t2_sim:[244495. 243440. 252086.]
Task is 96.15% complete.
t1_sim:[250899. 249253. 246931.] t2_sim:[244005. 243405. 242678.]
Task is 0.00% complete.
t1_sim:[245482. 244351. 243915.] t2_sim:[261954. 259712. 252923.]
Task is 48.08% complete.
t1_sim:[252676. 251331. 246749.] t2_sim:[244495. 243440. 252086.]
Task is 96.15% complete.
t1_sim:[250899. 249253. 246931.] t2_sim:[244005. 243405. 242678.]
Task is 0.00% complete.
t1_sim:[245482. 244351. 243915.] t2_sim:[261954. 259712. 252923.]
Task is 48.08% complete.
t1_sim:[252676. 251331. 246749.] t2_sim:[244495. 243440. 252086.]
Task is 96.15% complete.
t1_sim:[250899. 249253. 246931.] t2_sim:[244005. 243405. 242678.]
Task is 0.00% complete.
t1_sim:[245482. 244351. 243915.] t2_sim:[261954. 259712. 252923.]
Task is 48.08% complete.
t1_sim:[252676. 251331. 246749.] t2_sim:[244495. 243440. 252086.]
Task is 96.15% complete.
t1_sim:[250899. 249253. 246931.] t2_sim:[244005. 243405. 242678.]
Task is 0.00% complete.
t1_sim:[245482. 244351. 243915.] t2_sim:[261954. 259712. 252923.]
Task is 48.08% complete.
t1_sim:[252676. 251331. 246749.] t2_sim:[244495. 243440. 252086.]
Task is 96.15% complete.
t1_sim:[250899. 249253. 246931.] t2_sim:[244005. 243405. 242678.]
Task is 0.00% complete.
t1_sim:[245482. 244351. 243915.] t2_sim:[261954. 259712. 252923.]
Task is 48.08% complete.
t1_sim:[252676. 251331. 246749.] t2_sim:[244495. 243440. 252086.]
Task is 96.15% complete.
t1_sim:[250899. 249253. 246931.] t2_sim:[244005. 243405. 242678.]
Task is 0.00% complete.
t1_sim:[245482. 244351. 243915.] t2_sim:[261954. 259712. 252923.]
Task is 48.08% complete.
t1_sim:[252676. 251331. 246749.] t2_sim:[244495. 243440. 252086.]
Task is 96.15% complete.
t1_sim:[250899. 249253. 246931.] t2_sim:[244005. 243405. 242678.]
Task is 0.00% complete.
t1_sim:[245482. 244351. 243915.] t2_sim:[261954. 259712. 252923.]
Task is 48.08% complete.
t1_sim:[252676. 251331. 246749.] t2_sim:[244495. 243440. 252086.]
Task is 96.15% complete.
t1_sim:[250899. 249253. 246931.] t2_sim:[244005. 243405. 242678.]
Task is 0.00% complete.
t1_sim:[245482. 244351. 243915.] t2_sim:[261954. 259712. 252923.]
Task is 48.08% complete.
t1_sim:[252676. 251331. 246749.] t2_sim:[244495. 243440. 252086.]
Task is 96.15% complete.
t1_sim:[250899. 249253. 246931.] t2_sim:[244005. 243405. 242678.]
Task is 0.00% complete.
t1_sim:[245482. 244351. 243915.] t2_sim:[261954. 259712. 252923.]
Task is 48.08% complete.
t1_sim:[252676. 251331. 246749.] t2_sim:[244495. 243440. 252086.]
Task is 96.15% complete.
t1_sim:[250899. 249253. 246931.] t2_sim:[244005. 243405. 242678.]
Task is 0.00% complete.
t1_sim:[245482. 244351. 243915.] t2_sim:[261954. 259712. 252923.]
Task is 48.08% complete.
t1_sim:[252676. 251331. 246749.] t2_sim:[244495. 243440. 252086.]
Task is 96.15% complete.
t1_sim:[250899. 249253. 246931.] t2_sim:[244005. 243405. 242678.]
Task is 0.00% complete.
t1_sim:[245482. 244351. 243915.] t2_sim:[261954. 259712. 252923.]
Task is 48.08% complete.
t1_sim:[252676. 251331. 246749.] t2_sim:[244495. 243440. 252086.]
Task is 96.15% complete.
t1_sim:[250899. 249253. 246931.] t2_sim:[244005. 243405. 242678.]
Task is 0.00% complete.
t1_sim:[245482. 244351. 243915.] t2_sim:[261954. 259712. 252923.]
Task is 48.08% complete.
t1_sim:[252676. 251331. 246749.] t2_sim:[244495. 243440. 252086.]
Task is 96.15% complete.
t1_sim:[250899. 249253. 246931.] t2_sim:[244005. 243405. 242678.]
Task is 0.00% complete.
t1_sim:[245482. 244351. 243915.] t2_sim:[261954. 259712. 252923.]
Task is 48.08% complete.
t1_sim:[252676. 251331. 246749.] t2_sim:[244495. 243440. 252086.]
Task is 96.15% complete.
t1_sim:[250899. 249253. 246931.] t2_sim:[244005. 243405. 242678.]
Task is 0.00% complete.
t1_sim:[245482. 244351. 243915.] t2_sim:[261954. 259712. 252923.]
Task is 48.08% complete.
t1_sim:[252676. 251331. 246749.] t2_sim:[244495. 243440. 252086.]
Task is 96.15% complete.
t1_sim:[250899. 249253. 246931.] t2_sim:[244005. 243405. 242678.]
Task is 0.00% complete.
t1_sim:[245482. 244351. 243915.] t2_sim:[261954. 259712. 252923.]
Task is 48.08% complete.
t1_sim:[252676. 251331. 246749.] t2_sim:[244495. 243440. 252086.]
Task is 96.15% complete.
t1_sim:[250899. 249253. 246931.] t2_sim:[244005. 243405. 242678.]
Task is 0.00% complete.
t1_sim:[245482. 244351. 243915.] t2_sim:[261954. 259712. 252923.]
Task is 48.08% complete.
t1_sim:[252676. 251331. 246749.] t2_sim:[244495. 243440. 252086.]
Task is 96.15% complete.
t1_sim:[250899. 249253. 246931.] t2_sim:[244005. 243405. 242678.]
Task is 0.00% complete.
t1_sim:[245482. 244351. 243915.] t2_sim:[261954. 259712. 252923.]
Task is 48.08% complete.
t1_sim:[252676. 251331. 246749.] t2_sim:[244495. 243440. 252086.]
Task is 96.15% complete.
Training start
t1_obs:[array(246773.), array(247594.), array(245762.)] t2_obs:[array(259151.), array(257971.), array(258421.)]
corr_G1:[0.7279889096561706, 0.40977979145623944, -0.35136388000978924] corr_G2:[0.7600634319129038, 0.6350496023591639, -0.36559692807065325]
Training end
Number of jobs: 48
/scratch/jz4721/Post-prediction-Causal-Inference/venv/lib/python3.8/site-packages/sklearn/impute/_iterative.py:785: ConvergenceWarning: [IterativeImputer] Early stopping criterion not reached.
  warnings.warn(
/scratch/jz4721/Post-prediction-Causal-Inference/venv/lib/python3.8/site-packages/sklearn/impute/_iterative.py:785: ConvergenceWarning: [IterativeImputer] Early stopping criterion not reached.
  warnings.warn(
slurmstepd: error: *** JOB 32421663 ON cs249 CANCELLED AT 2023-04-16T22:52:25 ***
