/scratch/jz4721/Post-prediction-Causal-Inference/venv/lib/python3.8/site-packages/numpy/core/getlimits.py:518: UserWarning: The value of the smallest subnormal for <class 'numpy.float64'> type is zero.
  setattr(self, word, getattr(machar, word).flat[0])
/scratch/jz4721/Post-prediction-Causal-Inference/venv/lib/python3.8/site-packages/numpy/core/getlimits.py:89: UserWarning: The value of the smallest subnormal for <class 'numpy.float64'> type is zero.
  return self._float_to_str(self.smallest_subnormal)
/scratch/jz4721/Post-prediction-Causal-Inference/venv/lib/python3.8/site-packages/numpy/core/getlimits.py:518: UserWarning: The value of the smallest subnormal for <class 'numpy.float32'> type is zero.
  setattr(self, word, getattr(machar, word).flat[0])
/scratch/jz4721/Post-prediction-Causal-Inference/venv/lib/python3.8/site-packages/numpy/core/getlimits.py:89: UserWarning: The value of the smallest subnormal for <class 'numpy.float32'> type is zero.
  return self._float_to_str(self.smallest_subnormal)
Training start
t1_obs:[array(61519.), array(60966.), array(63311.)] t2_obs:[array(64111.), array(64275.), array(63949.)]
corr_G1:[None, None, 6.206250379808761e-17] corr_G2:[None, None, 0]
Training end
Task is 0.00% complete.
t1_sim:[54899. 54812. 56045.] t2_sim:[59111. 58670. 59974.]
Task is 1.00% complete.
t1_sim:[56666. 56639. 59176.] t2_sim:[61628. 61014. 66225.]
Task is 2.00% complete.
t1_sim:[60110. 59894. 61902.] t2_sim:[57783. 58109. 61935.]
Task is 3.00% complete.
t1_sim:[67317. 67704. 65239.] t2_sim:[71034. 70848. 69034.]
Task is 4.00% complete.
t1_sim:[65261. 65195. 64942.] t2_sim:[59710. 59724. 58543.]
Task is 5.00% complete.
t1_sim:[68188. 68119. 66937.] t2_sim:[62560. 62587. 58290.]
Task is 6.00% complete.
t1_sim:[70176. 70212. 69830.] t2_sim:[66242. 66602. 68139.]
Task is 7.00% complete.
t1_sim:[63660. 63695. 65496.] t2_sim:[57359. 57480. 58593.]
Task is 8.00% complete.
t1_sim:[65357. 65291. 67419.] t2_sim:[65717. 65965. 64255.]
Task is 9.00% complete.
t1_sim:[61965. 61689. 59470.] t2_sim:[61350. 61186. 57881.]
Task is 10.00% complete.
t1_sim:[64311. 64639. 66094.] t2_sim:[68496. 68747. 67311.]
Task is 11.00% complete.
t1_sim:[59478. 59290. 61572.] t2_sim:[66868. 67105. 63378.]
Task is 12.00% complete.
t1_sim:[64903. 64909. 61327.] t2_sim:[58694. 58559. 59904.]
Task is 13.00% complete.
t1_sim:[66125. 66158. 68400.] t2_sim:[64492. 64268. 66676.]
Task is 14.00% complete.
t1_sim:[64736. 64890. 64538.] t2_sim:[62189. 62041. 63588.]
Task is 15.00% complete.
t1_sim:[64789. 64091. 67497.] t2_sim:[61564. 61205. 58643.]
Task is 16.00% complete.
t1_sim:[66757. 67079. 63371.] t2_sim:[64177. 64332. 66213.]
Task is 17.00% complete.
t1_sim:[61077. 60226. 58230.] t2_sim:[67031. 67156. 69732.]
Task is 18.00% complete.
t1_sim:[59043. 59619. 60968.] t2_sim:[59316. 59142. 60874.]
Task is 19.00% complete.
t1_sim:[59585. 59197. 55994.] t2_sim:[60472. 60557. 61722.]
Task is 20.00% complete.
t1_sim:[62455. 62987. 60299.] t2_sim:[68581. 68604. 63064.]
Task is 21.00% complete.
t1_sim:[59556. 59790. 58282.] t2_sim:[72271. 72231. 74220.]
Task is 22.00% complete.
t1_sim:[61446. 61126. 59506.] t2_sim:[59365. 59434. 62726.]
Task is 23.00% complete.
t1_sim:[63109. 63040. 67134.] t2_sim:[62751. 63104. 61639.]
Task is 24.00% complete.
t1_sim:[57638. 57986. 62442.] t2_sim:[62794. 62697. 63736.]
Task is 25.00% complete.
t1_sim:[59675. 59839. 61144.] t2_sim:[61337. 61431. 62537.]
Task is 26.00% complete.
t1_sim:[63920. 63764. 64426.] t2_sim:[60324. 60701. 61552.]
Task is 27.00% complete.
t1_sim:[65398. 65345. 67370.] t2_sim:[64755. 64804. 64268.]
Task is 28.00% complete.
t1_sim:[63946. 64054. 63656.] t2_sim:[64808. 64576. 62206.]
Task is 29.00% complete.
t1_sim:[58860. 58442. 60236.] t2_sim:[60280. 60469. 63000.]
Task is 30.00% complete.
t1_sim:[64658. 65237. 66563.] t2_sim:[64405. 64301. 57932.]
Task is 31.00% complete.
t1_sim:[68389. 67851. 67525.] t2_sim:[64414. 64780. 63307.]
Task is 32.00% complete.
t1_sim:[59896. 60011. 58874.] t2_sim:[55478. 55885. 56216.]
Task is 33.00% complete.
t1_sim:[73627. 72936. 68973.] t2_sim:[57660. 57661. 60008.]
Task is 34.00% complete.
t1_sim:[67840. 67767. 67295.] t2_sim:[62269. 62475. 64013.]
Task is 35.00% complete.
t1_sim:[66277. 66483. 62208.] t2_sim:[60369. 60080. 63531.]
Task is 36.00% complete.
t1_sim:[61197. 61069. 59995.] t2_sim:[65572. 65672. 66480.]
Task is 37.00% complete.
t1_sim:[67448. 67475. 68663.] t2_sim:[63161. 63401. 60813.]
Task is 38.00% complete.
t1_sim:[63249. 62828. 63851.] t2_sim:[62614. 62506. 61901.]
Task is 39.00% complete.
t1_sim:[61857. 61823. 60316.] t2_sim:[60233. 60435. 63747.]
Task is 40.00% complete.
t1_sim:[61958. 61437. 64173.] t2_sim:[65313. 65549. 63218.]
Task is 41.00% complete.
t1_sim:[67567. 67203. 65389.] t2_sim:[62187. 62152. 62543.]
Task is 42.00% complete.
t1_sim:[66507. 66758. 67984.] t2_sim:[62154. 62000. 61955.]
Task is 43.00% complete.
t1_sim:[61996. 61917. 60264.] t2_sim:[63263. 63850. 65226.]
Task is 44.00% complete.
t1_sim:[68039. 67411. 61945.] t2_sim:[62152. 61809. 62747.]
Task is 45.00% complete.
t1_sim:[62048. 61980. 61975.] t2_sim:[66705. 66767. 66150.]
Task is 46.00% complete.
t1_sim:[59774. 59947. 61994.] t2_sim:[69833. 69779. 66216.]
Task is 47.00% complete.
t1_sim:[65456. 65742. 65682.] t2_sim:[70235. 70228. 70348.]
Task is 48.00% complete.
t1_sim:[60181. 60245. 61524.] t2_sim:[68956. 69098. 66693.]
Task is 49.00% complete.
t1_sim:[64359. 64312. 64667.] t2_sim:[68344. 68104. 67207.]
Task is 50.00% complete.
t1_sim:[59812. 59750. 56028.] t2_sim:[57786. 57870. 60925.]
Task is 51.00% complete.
t1_sim:[70047. 69955. 64845.] t2_sim:[62884. 62384. 62802.]
Task is 52.00% complete.
t1_sim:[62109. 61529. 58803.] t2_sim:[63879. 63516. 64550.]
Task is 53.00% complete.
t1_sim:[62355. 62369. 61485.] t2_sim:[59960. 60405. 60750.]
Task is 54.00% complete.
t1_sim:[61197. 61143. 63209.] t2_sim:[60084. 60421. 55696.]
Task is 55.00% complete.
t1_sim:[58542. 58727. 59316.] t2_sim:[62818. 62581. 66984.]
Task is 56.00% complete.
t1_sim:[65112. 65576. 67783.] t2_sim:[60203. 60031. 58567.]
Task is 57.00% complete.
t1_sim:[59156. 59586. 60955.] t2_sim:[59467. 59441. 57533.]
Task is 58.00% complete.
t1_sim:[65571. 65491. 67307.] t2_sim:[59056. 58817. 60543.]
Task is 59.00% complete.
t1_sim:[61503. 61588. 60527.] t2_sim:[62169. 62377. 64495.]
Task is 60.00% complete.
t1_sim:[58802. 59223. 61801.] t2_sim:[63313. 63221. 69945.]
Task is 61.00% complete.
t1_sim:[61515. 61451. 58941.] t2_sim:[60092. 60315. 60308.]
Task is 62.00% complete.
t1_sim:[58750. 59175. 59884.] t2_sim:[67193. 66705. 66959.]
Task is 63.00% complete.
t1_sim:[67277. 67132. 65783.] t2_sim:[62109. 61734. 58455.]
Task is 64.00% complete.
t1_sim:[65629. 65496. 62767.] t2_sim:[61843. 61617. 61974.]
Task is 65.00% complete.
t1_sim:[61201. 60540. 63560.] t2_sim:[61826. 61758. 64823.]
Task is 66.00% complete.
t1_sim:[64241. 64124. 65121.] t2_sim:[58024. 57983. 57109.]
Task is 67.00% complete.
t1_sim:[70868. 70732. 67874.] t2_sim:[61553. 61573. 61144.]
Task is 68.00% complete.
t1_sim:[61686. 61465. 60018.] t2_sim:[71921. 71693. 70950.]
Task is 69.00% complete.
t1_sim:[56858. 56183. 58198.] t2_sim:[65495. 65596. 67517.]
Task is 70.00% complete.
t1_sim:[63204. 63275. 62312.] t2_sim:[65471. 65153. 63448.]
Task is 71.00% complete.
t1_sim:[65610. 65487. 62148.] t2_sim:[67573. 67837. 64036.]
Task is 72.00% complete.
t1_sim:[62637. 62723. 63028.] t2_sim:[66166. 66751. 67514.]
Task is 73.00% complete.
t1_sim:[65107. 65014. 66531.] t2_sim:[64018. 64385. 63097.]
Task is 74.00% complete.
t1_sim:[65614. 65699. 63831.] t2_sim:[64108. 63843. 62936.]
Task is 75.00% complete.
t1_sim:[64277. 64673. 63516.] t2_sim:[65702. 65799. 63977.]
Task is 76.00% complete.
t1_sim:[67025. 67024. 64185.] t2_sim:[64714. 64379. 63528.]
Task is 77.00% complete.
t1_sim:[54735. 54862. 56477.] t2_sim:[63006. 63495. 63976.]
Task is 78.00% complete.
t1_sim:[59593. 59420. 57563.] t2_sim:[67856. 67999. 66325.]
Task is 79.00% complete.
t1_sim:[59022. 59153. 59415.] t2_sim:[58467. 58570. 56425.]
Task is 80.00% complete.
t1_sim:[61299. 61495. 62772.] t2_sim:[55764. 55531. 56844.]
Task is 81.00% complete.
t1_sim:[63220. 62554. 62011.] t2_sim:[65141. 65025. 63301.]
Task is 82.00% complete.
t1_sim:[66379. 66416. 66044.] t2_sim:[61174. 61050. 60730.]
Task is 83.00% complete.
t1_sim:[62088. 61469. 61272.] t2_sim:[61274. 61186. 58892.]
Task is 84.00% complete.
t1_sim:[57594. 58046. 56626.] t2_sim:[59062. 58958. 56984.]
Task is 85.00% complete.
t1_sim:[61696. 61893. 60703.] t2_sim:[66519. 66052. 61382.]
Task is 86.00% complete.
t1_sim:[60433. 60728. 59616.] t2_sim:[63722. 63389. 64103.]
Task is 87.00% complete.
t1_sim:[57947. 57802. 57459.] t2_sim:[64954. 64739. 61293.]
Task is 88.00% complete.
t1_sim:[60799. 61384. 62381.] t2_sim:[61591. 61816. 62410.]
Task is 89.00% complete.
t1_sim:[60876. 61209. 61738.] t2_sim:[61780. 61565. 64024.]
Task is 90.00% complete.
t1_sim:[63688. 63526. 65631.] t2_sim:[61798. 61839. 58909.]
Task is 91.00% complete.
t1_sim:[65047. 64954. 69803.] t2_sim:[63234. 63220. 64652.]
Task is 92.00% complete.
t1_sim:[65273. 65414. 66764.] t2_sim:[62662. 63095. 58792.]
Task is 93.00% complete.
t1_sim:[59198. 59158. 60292.] t2_sim:[62602. 62847. 64428.]
Task is 94.00% complete.
t1_sim:[60389. 60862. 60947.] t2_sim:[61524. 61252. 62899.]
Task is 95.00% complete.
t1_sim:[58175. 59019. 58722.] t2_sim:[63707. 63212. 60523.]
Task is 96.00% complete.
t1_sim:[60471. 60223. 62265.] t2_sim:[58921. 58995. 64479.]
Task is 97.00% complete.
t1_sim:[60295. 60509. 60774.] t2_sim:[60645. 60727. 57895.]
Task is 98.00% complete.
t1_sim:[65210. 65462. 64741.] t2_sim:[59457. 59829. 61986.]
Task is 99.00% complete.
t1_sim:[64126. 64030. 63187.] t2_sim:[63856. 63552. 62566.]
Training start
t1_obs:[array(61519.), array(60966.), array(63441.)] t2_obs:[array(64111.), array(64275.), array(63179.)]
corr_G1:[None, None, 0.9642676973562818] corr_G2:[None, None, 0.9839498467525299]
Training end
Task is 0.00% complete.
t1_sim:[62733. 62740. 62831.] t2_sim:[65691. 65777. 64729.]
Task is 1.00% complete.
t1_sim:[64161. 64380. 63793.] t2_sim:[61586. 61973. 63102.]
Task is 2.00% complete.
t1_sim:[59071. 58949. 60534.] t2_sim:[67463. 68080. 69189.]
Task is 3.00% complete.
t1_sim:[55306. 56161. 58821.] t2_sim:[59506. 59569. 59599.]
Task is 4.00% complete.
t1_sim:[58175. 57908. 60412.] t2_sim:[57414. 57814. 59494.]
Task is 5.00% complete.
t1_sim:[67598. 67256. 68614.] t2_sim:[67849. 67640. 66601.]
Task is 6.00% complete.
t1_sim:[64377. 64652. 64209.] t2_sim:[68488. 68194. 68628.]
Task is 7.00% complete.
t1_sim:[59859. 60328. 61003.] t2_sim:[59750. 60027. 60563.]
Task is 8.00% complete.
t1_sim:[54541. 54524. 56955.] t2_sim:[67564. 67778. 66823.]
Task is 9.00% complete.
t1_sim:[57256. 57097. 57039.] t2_sim:[64375. 64722. 62724.]
Task is 10.00% complete.
t1_sim:[64348. 65114. 65067.] t2_sim:[62489. 62572. 63083.]
Task is 11.00% complete.
t1_sim:[62316. 62304. 63372.] t2_sim:[60407. 60337. 60265.]
Task is 12.00% complete.
t1_sim:[60680. 61156. 60996.] t2_sim:[63790. 64257. 63526.]
Task is 13.00% complete.
t1_sim:[62263. 61997. 60914.] t2_sim:[58687. 59235. 58662.]
Task is 14.00% complete.
t1_sim:[65279. 65502. 65320.] t2_sim:[62912. 63064. 64150.]
Task is 15.00% complete.
t1_sim:[55775. 55492. 55041.] t2_sim:[64063. 63964. 64432.]
Task is 16.00% complete.
t1_sim:[65276. 65600. 65593.] t2_sim:[62235. 62278. 64306.]
Task is 17.00% complete.
t1_sim:[52308. 51941. 53070.] t2_sim:[66814. 66674. 64214.]
Task is 18.00% complete.
t1_sim:[57109. 57697. 60422.] t2_sim:[61839. 61679. 64405.]
Task is 19.00% complete.
t1_sim:[53544. 52933. 53068.] t2_sim:[64729. 64833. 65445.]
Task is 20.00% complete.
t1_sim:[64837. 64417. 64213.] t2_sim:[65425. 65606. 65694.]
Task is 21.00% complete.
t1_sim:[65642. 65866. 66736.] t2_sim:[62587. 62623. 63691.]
Task is 22.00% complete.
t1_sim:[62555. 62574. 61965.] t2_sim:[62017. 62341. 61215.]
Task is 23.00% complete.
t1_sim:[64710. 64177. 62642.] t2_sim:[62236. 62164. 62957.]
Task is 24.00% complete.
t1_sim:[63174. 63349. 61380.] t2_sim:[61222. 61475. 59887.]
Task is 25.00% complete.
t1_sim:[59212. 59407. 58599.] t2_sim:[69910. 70084. 70173.]
Task is 26.00% complete.
t1_sim:[65798. 65525. 66088.] t2_sim:[59666. 59620. 58598.]
Task is 27.00% complete.
t1_sim:[63797. 63294. 61725.] t2_sim:[62295. 62379. 63800.]
Task is 28.00% complete.
t1_sim:[63871. 64232. 62259.] t2_sim:[64434. 64581. 65162.]
Task is 29.00% complete.
t1_sim:[62193. 62283. 61543.] t2_sim:[68139. 67948. 64413.]
Task is 30.00% complete.
t1_sim:[62512. 63112. 63587.] t2_sim:[64775. 65276. 66440.]
Task is 31.00% complete.
t1_sim:[59341. 59216. 59463.] t2_sim:[66012. 66045. 66721.]
Task is 32.00% complete.
t1_sim:[64018. 63821. 65300.] t2_sim:[64856. 64802. 63702.]
Task is 33.00% complete.
t1_sim:[65040. 65212. 63253.] t2_sim:[65038. 64947. 63054.]
Task is 34.00% complete.
t1_sim:[59589. 59483. 59463.] t2_sim:[63909. 63944. 62511.]
Task is 35.00% complete.
t1_sim:[61834. 61846. 61201.] t2_sim:[61093. 60881. 60940.]
Task is 36.00% complete.
t1_sim:[60474. 60527. 60319.] t2_sim:[55444. 55476. 57540.]
Task is 37.00% complete.
t1_sim:[61095. 60806. 60498.] t2_sim:[59309. 59275. 59895.]
Task is 38.00% complete.
t1_sim:[66255. 66220. 66044.] t2_sim:[62945. 63173. 58613.]
Task is 39.00% complete.
t1_sim:[62812. 63150. 64772.] t2_sim:[61103. 60994. 61972.]
Task is 40.00% complete.
t1_sim:[64662. 64927. 66175.] t2_sim:[67426. 67199. 65420.]
Task is 41.00% complete.
t1_sim:[66164. 65700. 63658.] t2_sim:[62862. 63040. 65760.]
Task is 42.00% complete.
t1_sim:[63535. 64071. 63702.] t2_sim:[62411. 62467. 63508.]
Task is 43.00% complete.
t1_sim:[66114. 66302. 67575.] t2_sim:[63513. 63213. 62058.]
Task is 44.00% complete.
t1_sim:[63887. 64040. 63790.] t2_sim:[63610. 63625. 62825.]
Task is 45.00% complete.
t1_sim:[62606. 62447. 62218.] t2_sim:[60656. 60662. 61871.]
Task is 46.00% complete.
t1_sim:[63902. 63384. 64051.] t2_sim:[64560. 64492. 64971.]
Task is 47.00% complete.
t1_sim:[60264. 60267. 60640.] t2_sim:[66320. 66602. 65906.]
Task is 48.00% complete.
t1_sim:[70212. 70126. 69029.] t2_sim:[63846. 63747. 62704.]
Task is 49.00% complete.
t1_sim:[60975. 61306. 60646.] t2_sim:[60731. 60373. 59663.]
Task is 50.00% complete.
t1_sim:[67599. 67655. 66443.] t2_sim:[60987. 61236. 61846.]
Task is 51.00% complete.
t1_sim:[65846. 66021. 67081.] t2_sim:[56626. 56462. 56344.]
Task is 52.00% complete.
t1_sim:[60403. 60860. 60837.] t2_sim:[63227. 63025. 61617.]
Task is 53.00% complete.
t1_sim:[64636. 64723. 61982.] t2_sim:[65089. 65406. 65463.]
Task is 54.00% complete.
t1_sim:[63425. 63044. 61714.] t2_sim:[58905. 58764. 57667.]
Task is 55.00% complete.
t1_sim:[67728. 67626. 68637.] t2_sim:[62683. 62452. 63585.]
Task is 56.00% complete.
t1_sim:[55871. 56164. 52678.] t2_sim:[62962. 63151. 63249.]
Task is 57.00% complete.
t1_sim:[61823. 61726. 61559.] t2_sim:[60913. 60969. 61026.]
Task is 58.00% complete.
t1_sim:[66282. 65758. 65414.] t2_sim:[60538. 60697. 58456.]
Task is 59.00% complete.
t1_sim:[61349. 61078. 64181.] t2_sim:[65056. 65163. 65108.]
Task is 60.00% complete.
t1_sim:[63564. 63207. 63048.] t2_sim:[67480. 67346. 66462.]
Task is 61.00% complete.
t1_sim:[70330. 70066. 69533.] t2_sim:[63151. 62674. 62500.]
Task is 62.00% complete.
t1_sim:[65222. 65237. 63978.] t2_sim:[65492. 65828. 64566.]
Task is 63.00% complete.
t1_sim:[63382. 63469. 61290.] t2_sim:[66316. 65684. 67084.]
Task is 64.00% complete.
t1_sim:[58698. 58644. 55795.] t2_sim:[59820. 59989. 58925.]
Task is 65.00% complete.
t1_sim:[67680. 68578. 69435.] t2_sim:[63852. 63290. 63269.]
Task is 66.00% complete.
t1_sim:[60615. 60875. 62587.] t2_sim:[62452. 62095. 60218.]
Task is 67.00% complete.
t1_sim:[64104. 63923. 63484.] t2_sim:[63559. 63693. 65483.]
Task is 68.00% complete.
t1_sim:[59044. 59304. 58974.] t2_sim:[65827. 65469. 64256.]
Task is 69.00% complete.
t1_sim:[60494. 60877. 60999.] t2_sim:[66866. 66391. 65580.]
Task is 70.00% complete.
t1_sim:[61618. 61579. 64736.] t2_sim:[60421. 60077. 61569.]
Task is 71.00% complete.
t1_sim:[56286. 56402. 59110.] t2_sim:[60521. 60427. 60015.]
Task is 72.00% complete.
t1_sim:[60105. 60041. 60234.] t2_sim:[58957. 58996. 60397.]
Task is 73.00% complete.
t1_sim:[66892. 66668. 63642.] t2_sim:[63465. 63485. 62900.]
Task is 74.00% complete.
t1_sim:[67439. 67846. 67946.] t2_sim:[65840. 65315. 66362.]
Task is 75.00% complete.
t1_sim:[60345. 60596. 61300.] t2_sim:[64030. 63847. 62852.]
Task is 76.00% complete.
t1_sim:[62073. 62276. 62584.] t2_sim:[65187. 65156. 63562.]
Task is 77.00% complete.
t1_sim:[63298. 63524. 63932.] t2_sim:[61607. 61534. 61268.]
Task is 78.00% complete.
t1_sim:[61088. 61299. 61287.] t2_sim:[62958. 62828. 61444.]
Task is 79.00% complete.
t1_sim:[58288. 58421. 59087.] t2_sim:[66314. 66212. 64621.]
Task is 80.00% complete.
t1_sim:[64611. 64476. 62601.] t2_sim:[56487. 56256. 57487.]
Task is 81.00% complete.
t1_sim:[63122. 62903. 61087.] t2_sim:[61555. 61415. 63309.]
Task is 82.00% complete.
t1_sim:[66281. 66169. 62336.] t2_sim:[60561. 60343. 60377.]
Task is 83.00% complete.
t1_sim:[67071. 67360. 67237.] t2_sim:[64166. 64322. 63714.]
Task is 84.00% complete.
t1_sim:[68273. 67625. 63259.] t2_sim:[59394. 59702. 61506.]
Task is 85.00% complete.
t1_sim:[65599. 65003. 63103.] t2_sim:[63133. 62803. 60151.]
Task is 86.00% complete.
t1_sim:[61631. 61596. 62566.] t2_sim:[63103. 62963. 63796.]
Task is 87.00% complete.
t1_sim:[58674. 58553. 57388.] t2_sim:[61551. 61338. 59155.]
Task is 88.00% complete.
t1_sim:[56978. 57469. 60018.] t2_sim:[61644. 61804. 60236.]
Task is 89.00% complete.
t1_sim:[59354. 59760. 60689.] t2_sim:[62007. 61902. 62610.]
Task is 90.00% complete.
t1_sim:[63309. 63146. 64476.] t2_sim:[56897. 57012. 59054.]
Task is 91.00% complete.
t1_sim:[67413. 67572. 66610.] t2_sim:[66759. 66895. 68888.]
Task is 92.00% complete.
t1_sim:[62485. 62483. 62215.] t2_sim:[64104. 64162. 64090.]
Task is 93.00% complete.
t1_sim:[61570. 61405. 62764.] t2_sim:[63320. 63324. 64471.]
Task is 94.00% complete.
t1_sim:[64634. 64414. 62085.] t2_sim:[66082. 66139. 66089.]
Task is 95.00% complete.
t1_sim:[66659. 66390. 66857.] t2_sim:[61803. 62179. 61353.]
Task is 96.00% complete.
t1_sim:[61349. 61516. 62128.] t2_sim:[58410. 58601. 58842.]
Task is 97.00% complete.
t1_sim:[62945. 63142. 61128.] t2_sim:[60325. 60731. 62898.]
Task is 98.00% complete.
t1_sim:[59519. 59590. 59900.] t2_sim:[65974. 66221. 64876.]
Task is 99.00% complete.
t1_sim:[66494. 66490. 67493.] t2_sim:[56261. 56227. 59383.]
Training start
t1_obs:[array(61519.), array(60966.), array(63489.)] t2_obs:[array(64111.), array(64275.), array(62500.)]
corr_G1:[None, None, -0.1752890305398464] corr_G2:[None, None, -0.04798275947533104]
Training end
Task is 0.00% complete.
t1_sim:[67810. 67539. 64665.] t2_sim:[59804. 59947. 62540.]
Task is 1.00% complete.
t1_sim:[60795. 60430. 61623.] t2_sim:[59068. 59214. 59104.]
Task is 2.00% complete.
t1_sim:[65255. 65197. 67456.] t2_sim:[63204. 62540. 61909.]
Task is 3.00% complete.
t1_sim:[56549. 56872. 59767.] t2_sim:[65222. 65102. 65328.]
Task is 4.00% complete.
t1_sim:[64893. 65364. 63716.] t2_sim:[57445. 57864. 58992.]
Task is 5.00% complete.
t1_sim:[65145. 65299. 67793.] t2_sim:[61560. 61369. 59323.]
Task is 6.00% complete.
t1_sim:[67085. 66802. 62303.] t2_sim:[60521. 60367. 59229.]
Task is 7.00% complete.
t1_sim:[58393. 58228. 58327.] t2_sim:[64801. 64551. 65920.]
Task is 8.00% complete.
t1_sim:[62321. 62911. 63469.] t2_sim:[64589. 64300. 65104.]
Task is 9.00% complete.
t1_sim:[63111. 62561. 63659.] t2_sim:[67074. 66939. 64589.]
Task is 10.00% complete.
t1_sim:[57862. 58033. 58776.] t2_sim:[59677. 59527. 60893.]
Task is 11.00% complete.
t1_sim:[66702. 66506. 66471.] t2_sim:[60489. 60564. 60348.]
Task is 12.00% complete.
t1_sim:[62502. 62487. 62050.] t2_sim:[60475. 60665. 61679.]
Task is 13.00% complete.
t1_sim:[62890. 62833. 63964.] t2_sim:[59975. 60057. 61092.]
Task is 14.00% complete.
t1_sim:[65122. 64819. 64015.] t2_sim:[60007. 60109. 61298.]
Task is 15.00% complete.
t1_sim:[61336. 60901. 59484.] t2_sim:[63164. 63207. 61543.]
Task is 16.00% complete.
t1_sim:[64271. 64223. 64052.] t2_sim:[59777. 59917. 60286.]
Task is 17.00% complete.
t1_sim:[62275. 62065. 58727.] t2_sim:[64078. 64358. 66072.]
Task is 18.00% complete.
t1_sim:[67000. 66617. 66128.] t2_sim:[65074. 64433. 62133.]
Task is 19.00% complete.
t1_sim:[65271. 65557. 62768.] t2_sim:[63878. 64080. 62880.]
Task is 20.00% complete.
t1_sim:[59048. 59237. 60108.] t2_sim:[61209. 61221. 61743.]
Task is 21.00% complete.
t1_sim:[60020. 59903. 58716.] t2_sim:[62356. 62460. 63316.]
Task is 22.00% complete.
t1_sim:[65483. 65320. 62757.] t2_sim:[66394. 66386. 63431.]
Task is 23.00% complete.
t1_sim:[65458. 65636. 67893.] t2_sim:[64078. 63470. 62592.]
Task is 24.00% complete.
t1_sim:[63535. 63264. 63860.] t2_sim:[64982. 64894. 65955.]
Task is 25.00% complete.
t1_sim:[63204. 63121. 64900.] t2_sim:[63219. 63520. 62900.]
Task is 26.00% complete.
t1_sim:[62597. 62383. 65710.] t2_sim:[63712. 63725. 64911.]
Task is 27.00% complete.
t1_sim:[61839. 61782. 62282.] t2_sim:[62576. 62679. 60995.]
Task is 28.00% complete.
t1_sim:[58333. 58951. 58880.] t2_sim:[63346. 63501. 64004.]
Task is 29.00% complete.
t1_sim:[63540. 63683. 63428.] t2_sim:[63042. 63137. 63171.]
Task is 30.00% complete.
t1_sim:[59509. 59670. 60936.] t2_sim:[64857. 64878. 66629.]
Task is 31.00% complete.
t1_sim:[62760. 62494. 63072.] t2_sim:[63754. 63532. 63788.]
Task is 32.00% complete.
t1_sim:[64552. 64428. 61568.] t2_sim:[63176. 63084. 62977.]
Task is 33.00% complete.
t1_sim:[65117. 64966. 63145.] t2_sim:[64095. 64072. 63002.]
Task is 34.00% complete.
t1_sim:[63076. 62983. 62718.] t2_sim:[64618. 64625. 63604.]
Task is 35.00% complete.
t1_sim:[60722. 60511. 59741.] t2_sim:[56764. 56324. 58519.]
Task is 36.00% complete.
t1_sim:[67881. 68101. 66897.] t2_sim:[64580. 64493. 64688.]
Task is 37.00% complete.
t1_sim:[63195. 63116. 61815.] t2_sim:[62745. 63329. 65886.]
Task is 38.00% complete.
t1_sim:[57073. 57435. 57430.] t2_sim:[62282. 62088. 59228.]
Task is 39.00% complete.
t1_sim:[57429. 57418. 58778.] t2_sim:[63171. 63739. 63829.]
Task is 40.00% complete.
t1_sim:[60284. 60483. 59816.] t2_sim:[63778. 63729. 62382.]
Task is 41.00% complete.
t1_sim:[60807. 60627. 62463.] t2_sim:[62844. 62888. 63049.]
Task is 42.00% complete.
t1_sim:[64655. 64733. 65249.] t2_sim:[64271. 63970. 65900.]
Task is 43.00% complete.
t1_sim:[69288. 69009. 70731.] t2_sim:[69138. 69063. 66175.]
Task is 44.00% complete.
t1_sim:[62244. 61990. 61871.] t2_sim:[59318. 59259. 58615.]
Task is 45.00% complete.
t1_sim:[65458. 65775. 64347.] t2_sim:[64940. 64764. 63662.]
Task is 46.00% complete.
t1_sim:[60275. 60376. 62972.] t2_sim:[65344. 65835. 65482.]
Task is 47.00% complete.
t1_sim:[63071. 62980. 65880.] t2_sim:[56583. 56887. 58281.]
Task is 48.00% complete.
t1_sim:[63105. 63517. 63195.] t2_sim:[59006. 59142. 60070.]
Task is 49.00% complete.
t1_sim:[57961. 58018. 57148.] t2_sim:[63046. 62877. 62482.]
Task is 50.00% complete.
t1_sim:[55957. 55990. 58309.] t2_sim:[67967. 68333. 67468.]
Task is 51.00% complete.
t1_sim:[62847. 62065. 63640.] t2_sim:[64213. 63737. 66321.]
Task is 52.00% complete.
t1_sim:[67733. 68076. 68259.] t2_sim:[61661. 61703. 60745.]
Task is 53.00% complete.
t1_sim:[58435. 58168. 58181.] t2_sim:[57967. 57979. 58920.]
Task is 54.00% complete.
t1_sim:[62684. 62478. 64373.] t2_sim:[63427. 63514. 65227.]
Task is 55.00% complete.
t1_sim:[61523. 62320. 64441.] t2_sim:[62767. 62204. 62939.]
Task is 56.00% complete.
t1_sim:[66068. 66055. 65032.] t2_sim:[66214. 66287. 65737.]
Task is 57.00% complete.
t1_sim:[63988. 64146. 61732.] t2_sim:[66060. 65624. 64052.]
Task is 58.00% complete.
t1_sim:[60332. 60320. 62085.] t2_sim:[64794. 64714. 63491.]
Task is 59.00% complete.
t1_sim:[63225. 63218. 61911.] t2_sim:[66464. 66917. 63424.]
Task is 60.00% complete.
t1_sim:[57658. 57448. 59003.] t2_sim:[61011. 60842. 62250.]
Task is 61.00% complete.
t1_sim:[64081. 64358. 64000.] t2_sim:[67714. 67453. 68092.]
Task is 62.00% complete.
t1_sim:[66030. 66053. 66525.] t2_sim:[61060. 60983. 62154.]
Task is 63.00% complete.
t1_sim:[64429. 64313. 64549.] t2_sim:[60834. 60570. 59528.]
Task is 64.00% complete.
t1_sim:[62399. 61938. 62218.] t2_sim:[60227. 59940. 61992.]
Task is 65.00% complete.
t1_sim:[56613. 56807. 53606.] t2_sim:[66901. 66731. 67174.]
Task is 66.00% complete.
t1_sim:[60693. 60692. 59392.] t2_sim:[65263. 65465. 63998.]
Task is 67.00% complete.
t1_sim:[63781. 64116. 65037.] t2_sim:[64462. 64149. 63435.]
Task is 68.00% complete.
t1_sim:[60890. 60745. 63858.] t2_sim:[58288. 57994. 60574.]
Task is 69.00% complete.
t1_sim:[64493. 64285. 63294.] t2_sim:[66758. 66568. 66795.]
Task is 70.00% complete.
t1_sim:[61115. 60840. 59800.] t2_sim:[60320. 60411. 62021.]
Task is 71.00% complete.
t1_sim:[67928. 67417. 65076.] t2_sim:[61843. 62213. 64014.]
Task is 72.00% complete.
t1_sim:[66630. 67098. 63716.] t2_sim:[58729. 58820. 62456.]
Task is 73.00% complete.
t1_sim:[63409. 63231. 61740.] t2_sim:[60985. 60689. 62116.]
Task is 74.00% complete.
t1_sim:[62117. 62359. 62692.] t2_sim:[60787. 60390. 59148.]
Task is 75.00% complete.
t1_sim:[66884. 66920. 66433.] t2_sim:[67010. 67002. 68191.]
Task is 76.00% complete.
t1_sim:[61971. 61637. 59804.] t2_sim:[65821. 65640. 64753.]
Task is 77.00% complete.
t1_sim:[59878. 59790. 59596.] t2_sim:[60097. 60588. 59732.]
Task is 78.00% complete.
t1_sim:[65909. 66196. 63293.] t2_sim:[62667. 62848. 63213.]
Task is 79.00% complete.
t1_sim:[59435. 59631. 60955.] t2_sim:[62270. 61867. 62675.]
Task is 80.00% complete.
t1_sim:[65919. 66419. 64494.] t2_sim:[59409. 59073. 58653.]
Task is 81.00% complete.
t1_sim:[63526. 63848. 65305.] t2_sim:[67711. 67909. 66007.]
Task is 82.00% complete.
t1_sim:[68640. 68656. 68807.] t2_sim:[61404. 61079. 62122.]
Task is 83.00% complete.
t1_sim:[61759. 61810. 60486.] t2_sim:[63506. 63609. 63979.]
Task is 84.00% complete.
t1_sim:[60993. 61288. 61070.] t2_sim:[57348. 57487. 58258.]
Task is 85.00% complete.
t1_sim:[58898. 58642. 59427.] t2_sim:[60925. 61780. 63606.]
Task is 86.00% complete.
t1_sim:[67796. 67787. 64311.] t2_sim:[64977. 64776. 64021.]
Task is 87.00% complete.
t1_sim:[62398. 62760. 62915.] t2_sim:[59401. 59341. 59083.]
Task is 88.00% complete.
t1_sim:[63471. 63936. 64731.] t2_sim:[62949. 62850. 64387.]
Task is 89.00% complete.
t1_sim:[61107. 61024. 62613.] t2_sim:[60077. 60278. 58928.]
Task is 90.00% complete.
t1_sim:[59213. 58865. 55317.] t2_sim:[59070. 58872. 59373.]
Task is 91.00% complete.
t1_sim:[60868. 60722. 60299.] t2_sim:[64857. 64969. 66633.]
Task is 92.00% complete.
t1_sim:[65236. 65012. 63921.] t2_sim:[65878. 66477. 67702.]
Task is 93.00% complete.
t1_sim:[57062. 57047. 57703.] t2_sim:[65482. 65440. 66669.]
Task is 94.00% complete.
t1_sim:[57697. 57611. 58193.] t2_sim:[64871. 65154. 65043.]
Task is 95.00% complete.
t1_sim:[65883. 65085. 63386.] t2_sim:[57012. 57236. 55516.]
Task is 96.00% complete.
t1_sim:[59661. 60012. 59774.] t2_sim:[62521. 62608. 62318.]
Task is 97.00% complete.
t1_sim:[62850. 62671. 63859.] t2_sim:[63630. 63637. 63637.]
Task is 98.00% complete.
t1_sim:[66608. 65802. 64841.] t2_sim:[66945. 67111. 65338.]
Task is 99.00% complete.
t1_sim:[63027. 62910. 62291.] t2_sim:[65321. 65462. 66814.]
Finished
