/scratch/jz4721/Post-prediction-Causal-Inference/venv/lib/python3.8/site-packages/numpy/core/getlimits.py:518: UserWarning: The value of the smallest subnormal for <class 'numpy.float64'> type is zero.
  setattr(self, word, getattr(machar, word).flat[0])
/scratch/jz4721/Post-prediction-Causal-Inference/venv/lib/python3.8/site-packages/numpy/core/getlimits.py:89: UserWarning: The value of the smallest subnormal for <class 'numpy.float64'> type is zero.
  return self._float_to_str(self.smallest_subnormal)
/scratch/jz4721/Post-prediction-Causal-Inference/venv/lib/python3.8/site-packages/numpy/core/getlimits.py:518: UserWarning: The value of the smallest subnormal for <class 'numpy.float32'> type is zero.
  setattr(self, word, getattr(machar, word).flat[0])
/scratch/jz4721/Post-prediction-Causal-Inference/venv/lib/python3.8/site-packages/numpy/core/getlimits.py:89: UserWarning: The value of the smallest subnormal for <class 'numpy.float32'> type is zero.
  return self._float_to_str(self.smallest_subnormal)
Training start
t1_obs:[array(59850.), array(60052.), array(60902.)] t2_obs:[array(65076.), array(64921.), array(62860.)]
corr_G1:[None, None, 0] corr_G2:[None, None, 0]
Training end
Task is 0.00% complete.
t1_sim:[66648. 66517. 63754.] t2_sim:[61850. 62066. 62513.]
Task is 1.00% complete.
t1_sim:[64823. 64368. 65186.] t2_sim:[61307. 61219. 59978.]
Task is 2.00% complete.
t1_sim:[64000. 63533. 64475.] t2_sim:[65531. 65525. 66576.]
Task is 3.00% complete.
t1_sim:[63257. 63223. 62509.] t2_sim:[60181. 59889. 64457.]
Task is 4.00% complete.
t1_sim:[62647. 62642. 62423.] t2_sim:[62632. 63201. 63945.]
Task is 5.00% complete.
t1_sim:[61407. 61664. 63304.] t2_sim:[61456. 61128. 59077.]
Task is 6.00% complete.
t1_sim:[67105. 67344. 69685.] t2_sim:[62488. 62139. 56695.]
Task is 7.00% complete.
t1_sim:[60624. 60471. 58803.] t2_sim:[66275. 66707. 63807.]
Task is 8.00% complete.
t1_sim:[61617. 61519. 61467.] t2_sim:[65668. 65578. 62813.]
Task is 9.00% complete.
t1_sim:[61940. 62345. 63358.] t2_sim:[63377. 63045. 64323.]
Task is 10.00% complete.
t1_sim:[62062. 61764. 61468.] t2_sim:[65693. 65680. 63829.]
Task is 11.00% complete.
t1_sim:[58752. 59393. 58560.] t2_sim:[58692. 58276. 56280.]
Task is 12.00% complete.
t1_sim:[59770. 59821. 62140.] t2_sim:[68684. 68995. 68625.]
Task is 13.00% complete.
t1_sim:[63454. 63559. 64224.] t2_sim:[66108. 65673. 65168.]
Task is 14.00% complete.
t1_sim:[63792. 63915. 61175.] t2_sim:[65458. 65410. 64792.]
Task is 15.00% complete.
t1_sim:[59213. 59255. 58719.] t2_sim:[56769. 56978. 61206.]
Task is 16.00% complete.
t1_sim:[66433. 66397. 66080.] t2_sim:[57422. 57502. 56104.]
Task is 17.00% complete.
t1_sim:[65272. 65507. 60972.] t2_sim:[56575. 56112. 60930.]
Task is 18.00% complete.
t1_sim:[57609. 57582. 56825.] t2_sim:[60093. 60134. 59709.]
Task is 19.00% complete.
t1_sim:[61969. 61998. 61542.] t2_sim:[58190. 57955. 57494.]
Task is 20.00% complete.
t1_sim:[62251. 61702. 61264.] t2_sim:[58905. 59166. 61076.]
Task is 21.00% complete.
t1_sim:[60064. 60726. 58032.] t2_sim:[64165. 64817. 64579.]
Task is 22.00% complete.
t1_sim:[59365. 59328. 62575.] t2_sim:[59391. 59619. 63375.]
Task is 23.00% complete.
t1_sim:[58510. 59119. 59399.] t2_sim:[66756. 66485. 63662.]
Task is 24.00% complete.
t1_sim:[63705. 63329. 62677.] t2_sim:[66284. 66074. 65011.]
Task is 25.00% complete.
t1_sim:[61622. 61866. 63472.] t2_sim:[61085. 61315. 63973.]
Task is 26.00% complete.
t1_sim:[70266. 70460. 70810.] t2_sim:[58495. 58334. 61225.]
Task is 27.00% complete.
t1_sim:[63050. 62715. 66456.] t2_sim:[68667. 68720. 69825.]
Task is 28.00% complete.
t1_sim:[64374. 64599. 61564.] t2_sim:[58410. 59056. 60124.]
Task is 29.00% complete.
t1_sim:[59000. 58821. 58701.] t2_sim:[67190. 67465. 68841.]
Task is 30.00% complete.
t1_sim:[59504. 59413. 57068.] t2_sim:[66133. 65454. 65743.]
Task is 31.00% complete.
t1_sim:[59743. 59716. 58812.] t2_sim:[63302. 62945. 63791.]
Task is 32.00% complete.
t1_sim:[65695. 65917. 64806.] t2_sim:[67128. 66992. 63231.]
Task is 33.00% complete.
t1_sim:[65175. 65271. 66787.] t2_sim:[64469. 64857. 63059.]
Task is 34.00% complete.
t1_sim:[65864. 66170. 65997.] t2_sim:[63408. 62957. 63353.]
Task is 35.00% complete.
t1_sim:[66380. 66408. 66397.] t2_sim:[64099. 63859. 63631.]
Task is 36.00% complete.
t1_sim:[58334. 57942. 55787.] t2_sim:[61008. 60795. 61573.]
Task is 37.00% complete.
t1_sim:[60903. 60838. 59704.] t2_sim:[60809. 60817. 60525.]
Task is 38.00% complete.
t1_sim:[55429. 55706. 53841.] t2_sim:[65282. 65510. 67439.]
Task is 39.00% complete.
t1_sim:[62118. 61878. 60189.] t2_sim:[62601. 62582. 62404.]
Task is 40.00% complete.
t1_sim:[66245. 66198. 63943.] t2_sim:[66988. 66830. 64733.]
Task is 41.00% complete.
t1_sim:[55600. 55398. 56984.] t2_sim:[59356. 59628. 62709.]
Task is 42.00% complete.
t1_sim:[60446. 59909. 60891.] t2_sim:[60305. 60579. 60293.]
Task is 43.00% complete.
t1_sim:[67427. 67645. 70231.] t2_sim:[69007. 68595. 65172.]
Task is 44.00% complete.
t1_sim:[62322. 62318. 63086.] t2_sim:[61088. 61120. 61676.]
Task is 45.00% complete.
t1_sim:[64457. 64710. 62249.] t2_sim:[61851. 62241. 61484.]
Task is 46.00% complete.
t1_sim:[63099. 62848. 59375.] t2_sim:[60442. 60984. 61404.]
Task is 47.00% complete.
t1_sim:[69465. 69309. 69896.] t2_sim:[58998. 58827. 62324.]
Task is 48.00% complete.
t1_sim:[62798. 62803. 63122.] t2_sim:[63367. 63102. 64474.]
Task is 49.00% complete.
t1_sim:[62468. 62471. 60111.] t2_sim:[66337. 66389. 64865.]
Task is 50.00% complete.
t1_sim:[63532. 63461. 62672.] t2_sim:[66198. 66278. 65358.]
Task is 51.00% complete.
t1_sim:[64639. 64994. 65789.] t2_sim:[63641. 63615. 64053.]
Task is 52.00% complete.
t1_sim:[63613. 63537. 64862.] t2_sim:[61313. 61090. 62783.]
Task is 53.00% complete.
t1_sim:[61855. 61698. 62778.] t2_sim:[64374. 64540. 64964.]
Task is 54.00% complete.
t1_sim:[60241. 60064. 56707.] t2_sim:[62648. 62119. 59452.]
Task is 55.00% complete.
t1_sim:[57505. 57319. 54371.] t2_sim:[58889. 59260. 62139.]
Task is 56.00% complete.
t1_sim:[68137. 68019. 66913.] t2_sim:[62947. 62623. 60299.]
Task is 57.00% complete.
t1_sim:[59184. 59416. 62858.] t2_sim:[62978. 63088. 64238.]
Task is 58.00% complete.
t1_sim:[65680. 65524. 67387.] t2_sim:[65950. 65913. 67595.]
Task is 59.00% complete.
t1_sim:[62816. 62770. 63234.] t2_sim:[67707. 67238. 64836.]
Task is 60.00% complete.
t1_sim:[64316. 64105. 66517.] t2_sim:[57673. 57839. 57206.]
Task is 61.00% complete.
t1_sim:[63895. 64285. 66503.] t2_sim:[63413. 63511. 62781.]
Task is 62.00% complete.
t1_sim:[55053. 55083. 56182.] t2_sim:[61524. 61486. 57922.]
Task is 63.00% complete.
t1_sim:[65232. 64859. 65641.] t2_sim:[66918. 66572. 63723.]
Task is 64.00% complete.
t1_sim:[60450. 59987. 61177.] t2_sim:[66705. 66279. 63147.]
Task is 65.00% complete.
t1_sim:[63637. 64113. 62470.] t2_sim:[58544. 58498. 59661.]
Task is 66.00% complete.
t1_sim:[64024. 64134. 67671.] t2_sim:[59461. 59819. 58380.]
Task is 67.00% complete.
t1_sim:[65432. 64879. 65199.] t2_sim:[59795. 59844. 62548.]
Task is 68.00% complete.
t1_sim:[65804. 65802. 66474.] t2_sim:[58071. 58471. 58567.]
Task is 69.00% complete.
t1_sim:[65447. 65660. 63015.] t2_sim:[61284. 61651. 66116.]
Task is 70.00% complete.
t1_sim:[65978. 65690. 64711.] t2_sim:[63461. 62752. 66567.]
Task is 71.00% complete.
t1_sim:[63292. 62747. 58963.] t2_sim:[61646. 61727. 63809.]
Task is 72.00% complete.
t1_sim:[59248. 59044. 59248.] t2_sim:[62863. 62608. 64576.]
Task is 73.00% complete.
t1_sim:[63539. 62777. 64496.] t2_sim:[66684. 66783. 64716.]
Task is 74.00% complete.
t1_sim:[65914. 65964. 65652.] t2_sim:[67673. 67769. 68034.]
Task is 75.00% complete.
t1_sim:[62148. 62403. 64599.] t2_sim:[64870. 64664. 63897.]
Task is 76.00% complete.
t1_sim:[55930. 55792. 55927.] t2_sim:[62671. 62538. 62108.]
Task is 77.00% complete.
t1_sim:[60711. 61018. 64630.] t2_sim:[62217. 61818. 62197.]
Task is 78.00% complete.
t1_sim:[64823. 64886. 61526.] t2_sim:[59731. 59707. 60338.]
Task is 79.00% complete.
t1_sim:[67826. 67685. 65745.] t2_sim:[60549. 60668. 58626.]
Task is 80.00% complete.
t1_sim:[61370. 61253. 62897.] t2_sim:[63482. 63358. 61807.]
Task is 81.00% complete.
t1_sim:[65139. 64790. 62357.] t2_sim:[60979. 61610. 64584.]
Task is 82.00% complete.
t1_sim:[61456. 61535. 58200.] t2_sim:[63267. 62772. 62202.]
Task is 83.00% complete.
t1_sim:[63868. 64201. 65729.] t2_sim:[61300. 60991. 63741.]
Task is 84.00% complete.
t1_sim:[67104. 66992. 68091.] t2_sim:[60041. 59788. 59077.]
Task is 85.00% complete.
t1_sim:[64777. 65085. 65317.] t2_sim:[61190. 60527. 58780.]
Task is 86.00% complete.
t1_sim:[65756. 66055. 63671.] t2_sim:[63734. 63939. 61385.]
Task is 87.00% complete.
t1_sim:[67340. 67237. 65970.] t2_sim:[59478. 59432. 62435.]
Task is 88.00% complete.
t1_sim:[61377. 61565. 61471.] t2_sim:[60695. 60290. 59489.]
Task is 89.00% complete.
t1_sim:[65912. 65595. 62482.] t2_sim:[56718. 56590. 56835.]
Task is 90.00% complete.
t1_sim:[61480. 61550. 59985.] t2_sim:[62351. 62860. 65874.]
Task is 91.00% complete.
t1_sim:[64043. 64384. 64594.] t2_sim:[60593. 60267. 61809.]
Task is 92.00% complete.
t1_sim:[64581. 64920. 64307.] t2_sim:[58552. 58548. 59995.]
Task is 93.00% complete.
t1_sim:[65110. 65229. 62754.] t2_sim:[59425. 59896. 61189.]
Task is 94.00% complete.
t1_sim:[64164. 64017. 64446.] t2_sim:[62107. 61792. 60734.]
Task is 95.00% complete.
t1_sim:[60719. 60612. 61215.] t2_sim:[59760. 59825. 58163.]
Task is 96.00% complete.
t1_sim:[63624. 63707. 63331.] t2_sim:[60076. 59795. 62076.]
Task is 97.00% complete.
t1_sim:[61748. 61449. 62200.] t2_sim:[65660. 66353. 66952.]
Task is 98.00% complete.
t1_sim:[61091. 61483. 60212.] t2_sim:[65087. 65130. 67469.]
Task is 99.00% complete.
t1_sim:[58680. 58655. 62651.] t2_sim:[65520. 65195. 68228.]
Training start
t1_obs:[array(59850.), array(60052.), array(62224.)] t2_obs:[array(65076.), array(64921.), array(63924.)]
corr_G1:[None, None, 0.9920769721254874] corr_G2:[None, None, 0.9932929270200763]
Training end
Task is 0.00% complete.
t1_sim:[62915. 62815. 64747.] t2_sim:[56993. 56845. 56656.]
Task is 1.00% complete.
t1_sim:[61357. 61660. 61668.] t2_sim:[61266. 60978. 62051.]
Task is 2.00% complete.
t1_sim:[66295. 66328. 65338.] t2_sim:[66107. 66274. 66897.]
Task is 3.00% complete.
t1_sim:[67040. 66635. 65982.] t2_sim:[58904. 58984. 58766.]
Task is 4.00% complete.
t1_sim:[64639. 64384. 63713.] t2_sim:[57144. 57269. 58304.]
Task is 5.00% complete.
t1_sim:[61505. 62081. 63491.] t2_sim:[54027. 54013. 55696.]
Task is 6.00% complete.
t1_sim:[61615. 61514. 60534.] t2_sim:[60668. 60606. 60260.]
Task is 7.00% complete.
t1_sim:[55985. 56092. 54993.] t2_sim:[57051. 57665. 59294.]
Task is 8.00% complete.
t1_sim:[61810. 61922. 59617.] t2_sim:[63522. 62696. 63663.]
Task is 9.00% complete.
t1_sim:[69891. 69836. 67496.] t2_sim:[65884. 65562. 66432.]
Task is 10.00% complete.
t1_sim:[62762. 62984. 63997.] t2_sim:[64446. 63939. 62599.]
Task is 11.00% complete.
t1_sim:[62763. 62982. 61805.] t2_sim:[66899. 66687. 67768.]
Task is 12.00% complete.
t1_sim:[61911. 62194. 63278.] t2_sim:[56825. 56925. 56598.]
Task is 13.00% complete.
t1_sim:[63724. 63854. 62846.] t2_sim:[67623. 67239. 66913.]
Task is 14.00% complete.
t1_sim:[62613. 63350. 62645.] t2_sim:[57903. 58317. 59540.]
Task is 15.00% complete.
t1_sim:[58485. 58732. 60005.] t2_sim:[62281. 62197. 62844.]
Task is 16.00% complete.
t1_sim:[62121. 61633. 58567.] t2_sim:[60847. 60738. 60800.]
Task is 17.00% complete.
t1_sim:[60301. 60404. 60716.] t2_sim:[63440. 63023. 62174.]
Task is 18.00% complete.
t1_sim:[61157. 61039. 60341.] t2_sim:[68809. 68808. 67458.]
Task is 19.00% complete.
t1_sim:[60461. 60390. 57386.] t2_sim:[61902. 62042. 62679.]
Task is 20.00% complete.
t1_sim:[64839. 64847. 65886.] t2_sim:[59497. 60011. 62515.]
Task is 21.00% complete.
t1_sim:[65308. 65424. 65244.] t2_sim:[54044. 54362. 55210.]
Task is 22.00% complete.
t1_sim:[62072. 62597. 61960.] t2_sim:[63097. 63113. 62278.]
Task is 23.00% complete.
t1_sim:[60625. 60765. 60755.] t2_sim:[67870. 67976. 68407.]
Task is 24.00% complete.
t1_sim:[62651. 63124. 64304.] t2_sim:[61000. 60831. 56562.]
Task is 25.00% complete.
t1_sim:[61008. 61215. 61285.] t2_sim:[64915. 65007. 64172.]
Task is 26.00% complete.
t1_sim:[63060. 62805. 63520.] t2_sim:[65379. 65401. 65042.]
Task is 27.00% complete.
t1_sim:[63826. 63832. 65242.] t2_sim:[65739. 65671. 63472.]
Task is 28.00% complete.
t1_sim:[63168. 63033. 63168.] t2_sim:[60724. 61086. 60463.]
Task is 29.00% complete.
t1_sim:[62275. 62576. 62111.] t2_sim:[61341. 61083. 61351.]
Task is 30.00% complete.
t1_sim:[69722. 69869. 70667.] t2_sim:[66725. 66823. 65472.]
Task is 31.00% complete.
t1_sim:[65575. 65652. 66623.] t2_sim:[64756. 64368. 65755.]
Task is 32.00% complete.
t1_sim:[68338. 68506. 68052.] t2_sim:[68180. 68084. 69407.]
Task is 33.00% complete.
t1_sim:[60600. 60682. 63116.] t2_sim:[62990. 62936. 63449.]
Task is 34.00% complete.
t1_sim:[62932. 62740. 62212.] t2_sim:[61087. 61161. 60740.]
Task is 35.00% complete.
t1_sim:[62148. 62163. 61138.] t2_sim:[64676. 64520. 65164.]
Task is 36.00% complete.
t1_sim:[61336. 61172. 60427.] t2_sim:[65520. 65403. 63431.]
Task is 37.00% complete.
t1_sim:[61384. 61392. 62323.] t2_sim:[60997. 61405. 60798.]
Task is 38.00% complete.
t1_sim:[65298. 65093. 65509.] t2_sim:[61104. 61157. 60116.]
Task is 39.00% complete.
t1_sim:[62456. 62299. 62314.] t2_sim:[62302. 62274. 62170.]
Task is 40.00% complete.
t1_sim:[63589. 63953. 64033.] t2_sim:[56700. 56548. 56115.]
Task is 41.00% complete.
t1_sim:[61768. 61850. 61102.] t2_sim:[62212. 62061. 60701.]
Task is 42.00% complete.
t1_sim:[64705. 64666. 62747.] t2_sim:[62061. 62231. 60498.]
Task is 43.00% complete.
t1_sim:[61650. 61430. 60794.] t2_sim:[59124. 59059. 58894.]
Task is 44.00% complete.
t1_sim:[57316. 57446. 58564.] t2_sim:[65876. 65904. 65991.]
Task is 45.00% complete.
t1_sim:[63708. 63536. 63408.] t2_sim:[65800. 65904. 65809.]
Task is 46.00% complete.
t1_sim:[61140. 61195. 62541.] t2_sim:[60479. 60625. 59730.]
Task is 47.00% complete.
t1_sim:[64257. 64330. 63719.] t2_sim:[63697. 63433. 62717.]
Task is 48.00% complete.
t1_sim:[61182. 61542. 62093.] t2_sim:[61098. 60654. 58741.]
Task is 49.00% complete.
t1_sim:[64483. 64811. 64949.] t2_sim:[63630. 63678. 63906.]
Task is 50.00% complete.
t1_sim:[65512. 65776. 66877.] t2_sim:[68946. 69020. 68612.]
Task is 51.00% complete.
t1_sim:[67472. 66660. 67696.] t2_sim:[64359. 64090. 63737.]
Task is 52.00% complete.
t1_sim:[67323. 67151. 66365.] t2_sim:[62413. 61721. 63158.]
Task is 53.00% complete.
t1_sim:[65522. 65613. 65857.] t2_sim:[65995. 65924. 64166.]
Task is 54.00% complete.
t1_sim:[62524. 62512. 65386.] t2_sim:[60621. 60603. 59636.]
Task is 55.00% complete.
t1_sim:[59270. 59152. 59086.] t2_sim:[59711. 60020. 59460.]
Task is 56.00% complete.
t1_sim:[62094. 61818. 63307.] t2_sim:[59719. 59796. 61198.]
Task is 57.00% complete.
t1_sim:[63424. 63619. 63723.] t2_sim:[60588. 60584. 60372.]
Task is 58.00% complete.
t1_sim:[68466. 68855. 68702.] t2_sim:[68998. 68681. 67803.]
Task is 59.00% complete.
t1_sim:[62219. 62027. 61216.] t2_sim:[61309. 61000. 59343.]
Task is 60.00% complete.
t1_sim:[70032. 69608. 69406.] t2_sim:[65714. 65783. 65242.]
Task is 61.00% complete.
t1_sim:[63488. 63351. 62265.] t2_sim:[62291. 62344. 62562.]
Task is 62.00% complete.
t1_sim:[66141. 66334. 65317.] t2_sim:[62856. 62819. 60981.]
Task is 63.00% complete.
t1_sim:[65050. 65206. 66879.] t2_sim:[60721. 60500. 60743.]
Task is 64.00% complete.
t1_sim:[61957. 61973. 63945.] t2_sim:[62578. 62975. 61986.]
Task is 65.00% complete.
t1_sim:[68893. 68443. 68292.] t2_sim:[58031. 58040. 58443.]
Task is 66.00% complete.
t1_sim:[60334. 60832. 60510.] t2_sim:[62759. 63047. 63279.]
Task is 67.00% complete.
t1_sim:[67375. 67603. 69937.] t2_sim:[63310. 63550. 63248.]
Task is 68.00% complete.
t1_sim:[69813. 69561. 70296.] t2_sim:[61462. 61766. 61854.]
Task is 69.00% complete.
t1_sim:[59709. 59489. 59511.] t2_sim:[62784. 62642. 61752.]
Task is 70.00% complete.
t1_sim:[63969. 63495. 62762.] t2_sim:[64130. 64460. 64489.]
Task is 71.00% complete.
t1_sim:[57251. 57000. 57953.] t2_sim:[59355. 59657. 58436.]
Task is 72.00% complete.
t1_sim:[59926. 59555. 63112.] t2_sim:[66473. 65962. 64786.]
Task is 73.00% complete.
t1_sim:[67395. 67672. 67246.] t2_sim:[66686. 66397. 64417.]
Task is 74.00% complete.
t1_sim:[62970. 63214. 62443.] t2_sim:[69739. 69616. 68857.]
Task is 75.00% complete.
t1_sim:[65014. 65066. 66397.] t2_sim:[66095. 65932. 65597.]
Task is 76.00% complete.
t1_sim:[61499. 61643. 61133.] t2_sim:[62458. 62142. 60421.]
Task is 77.00% complete.
t1_sim:[63183. 62760. 61790.] t2_sim:[55295. 55219. 54888.]
Task is 78.00% complete.
t1_sim:[67407. 67136. 67165.] t2_sim:[66414. 66536. 67006.]
Task is 79.00% complete.
t1_sim:[65891. 65575. 66661.] t2_sim:[62957. 62985. 62745.]
Task is 80.00% complete.
t1_sim:[61516. 61330. 62821.] t2_sim:[64013. 64197. 62781.]
Task is 81.00% complete.
t1_sim:[59331. 59485. 62715.] t2_sim:[67734. 68146. 70204.]
Task is 82.00% complete.
t1_sim:[59180. 58707. 62235.] t2_sim:[60323. 60623. 62134.]
Task is 83.00% complete.
t1_sim:[57822. 58110. 55263.] t2_sim:[62791. 63400. 63727.]
Task is 84.00% complete.
t1_sim:[62962. 62647. 63236.] t2_sim:[59237. 59403. 58013.]
Task is 85.00% complete.
t1_sim:[60067. 60233. 59279.] t2_sim:[63553. 63644. 62957.]
Task is 86.00% complete.
t1_sim:[61547. 61355. 62296.] t2_sim:[59755. 60088. 60655.]
Task is 87.00% complete.
t1_sim:[62033. 62339. 63826.] t2_sim:[64825. 64918. 65756.]
Task is 88.00% complete.
t1_sim:[60263. 60009. 60664.] t2_sim:[59999. 59861. 59161.]
Task is 89.00% complete.
t1_sim:[64889. 64990. 66190.] t2_sim:[61288. 61612. 62467.]
Task is 90.00% complete.
t1_sim:[66352. 66388. 68459.] t2_sim:[61457. 61272. 61133.]
Task is 91.00% complete.
t1_sim:[65586. 65011. 63176.] t2_sim:[67429. 67381. 65541.]
Task is 92.00% complete.
t1_sim:[58091. 57476. 57107.] t2_sim:[63553. 63879. 62465.]
Task is 93.00% complete.
t1_sim:[61135. 60580. 60846.] t2_sim:[62121. 62104. 62216.]
Task is 94.00% complete.
t1_sim:[62395. 62718. 62302.] t2_sim:[58459. 58429. 58373.]
Task is 95.00% complete.
t1_sim:[65490. 65555. 65319.] t2_sim:[61130. 60788. 60923.]
Task is 96.00% complete.
t1_sim:[65820. 65733. 66859.] t2_sim:[59056. 59162. 59118.]
Task is 97.00% complete.
t1_sim:[62580. 62249. 63516.] t2_sim:[65356. 64985. 65817.]
Task is 98.00% complete.
t1_sim:[62595. 62144. 64503.] t2_sim:[64812. 65089. 65171.]
Task is 99.00% complete.
t1_sim:[69079. 68617. 65773.] t2_sim:[64065. 64613. 64052.]
Training start
t1_obs:[array(59850.), array(60052.), array(62244.)] t2_obs:[array(65076.), array(64921.), array(63490.)]
corr_G1:[None, None, -0.045279416077259035] corr_G2:[None, None, 0.06574556022527621]
Training end
Task is 0.00% complete.
t1_sim:[62868. 62841. 58449.] t2_sim:[59511. 59043. 60225.]
Task is 1.00% complete.
t1_sim:[59651. 59690. 57545.] t2_sim:[65543. 65746. 65497.]
Task is 2.00% complete.
t1_sim:[64381. 64044. 63449.] t2_sim:[66945. 66727. 66120.]
Task is 3.00% complete.
t1_sim:[56248. 56500. 56634.] t2_sim:[58320. 57779. 58056.]
Task is 4.00% complete.
t1_sim:[62284. 62124. 64188.] t2_sim:[59338. 59188. 59544.]
Task is 5.00% complete.
t1_sim:[59162. 58961. 58490.] t2_sim:[62197. 62231. 62743.]
Task is 6.00% complete.
t1_sim:[65844. 65902. 65210.] t2_sim:[62542. 62779. 63253.]
Task is 7.00% complete.
t1_sim:[62007. 62100. 62432.] t2_sim:[63168. 63554. 62131.]
Task is 8.00% complete.
t1_sim:[61108. 60999. 61482.] t2_sim:[63256. 63254. 64066.]
Task is 9.00% complete.
t1_sim:[65963. 65722. 67922.] t2_sim:[63287. 63384. 65637.]
Task is 10.00% complete.
t1_sim:[65087. 65394. 64416.] t2_sim:[64672. 64479. 64594.]
Task is 11.00% complete.
t1_sim:[61502. 61566. 59447.] t2_sim:[55971. 56186. 57454.]
Task is 12.00% complete.
t1_sim:[62296. 61938. 61636.] t2_sim:[57881. 57652. 60767.]
Task is 13.00% complete.
t1_sim:[61727. 61248. 61681.] t2_sim:[61321. 61803. 63807.]
Task is 14.00% complete.
t1_sim:[63895. 63538. 63474.] t2_sim:[61536. 61505. 64093.]
Task is 15.00% complete.
t1_sim:[58458. 58609. 59073.] t2_sim:[60573. 60437. 59198.]
Task is 16.00% complete.
t1_sim:[64062. 63802. 63374.] t2_sim:[61739. 61767. 61612.]
Task is 17.00% complete.
t1_sim:[63960. 64542. 65705.] t2_sim:[64905. 64843. 63841.]
Task is 18.00% complete.
t1_sim:[67950. 67461. 67098.] t2_sim:[60772. 61160. 61302.]
Task is 19.00% complete.
t1_sim:[62427. 62160. 61962.] t2_sim:[62374. 62441. 65867.]
Task is 20.00% complete.
t1_sim:[61519. 61080. 58989.] t2_sim:[61420. 61763. 62437.]
Task is 21.00% complete.
t1_sim:[66066. 65803. 62842.] t2_sim:[62088. 62128. 61104.]
Task is 22.00% complete.
t1_sim:[61117. 61383. 58689.] t2_sim:[63589. 63302. 63238.]
Task is 23.00% complete.
t1_sim:[58662. 58697. 58450.] t2_sim:[59351. 58939. 57113.]
Task is 24.00% complete.
t1_sim:[58868. 59014. 59895.] t2_sim:[61095. 61590. 61679.]
Task is 25.00% complete.
t1_sim:[59388. 60052. 62007.] t2_sim:[64681. 64303. 64025.]
Task is 26.00% complete.
t1_sim:[62521. 61855. 65158.] t2_sim:[55643. 56088. 54887.]
Task is 27.00% complete.
t1_sim:[60645. 60337. 61707.] t2_sim:[59394. 59169. 62893.]
Task is 28.00% complete.
t1_sim:[68155. 68097. 69790.] t2_sim:[64809. 64593. 66388.]
Task is 29.00% complete.
t1_sim:[61161. 61157. 61595.] t2_sim:[59617. 59589. 61758.]
Task is 30.00% complete.
t1_sim:[58269. 58105. 57397.] t2_sim:[63937. 63888. 63345.]
Task is 31.00% complete.
t1_sim:[65456. 65470. 63687.] t2_sim:[59156. 59070. 62851.]
Task is 32.00% complete.
t1_sim:[66095. 66671. 63960.] t2_sim:[67118. 66891. 64772.]
Task is 33.00% complete.
t1_sim:[57460. 57934. 60103.] t2_sim:[62594. 62573. 61063.]
Task is 34.00% complete.
t1_sim:[60801. 60649. 61464.] t2_sim:[61142. 60963. 62121.]
Task is 35.00% complete.
t1_sim:[63533. 63946. 63104.] t2_sim:[59918. 59592. 58717.]
Task is 36.00% complete.
t1_sim:[60361. 60445. 60419.] t2_sim:[58667. 58814. 58266.]
Task is 37.00% complete.
t1_sim:[62244. 62009. 63418.] t2_sim:[64673. 64558. 66055.]
Task is 38.00% complete.
t1_sim:[60909. 60647. 60985.] t2_sim:[70768. 70261. 68222.]
Task is 39.00% complete.
t1_sim:[63390. 63552. 64030.] t2_sim:[66822. 66823. 66937.]
Task is 40.00% complete.
t1_sim:[66470. 66386. 66103.] t2_sim:[62508. 62543. 61797.]
Task is 41.00% complete.
t1_sim:[68021. 67900. 69876.] t2_sim:[65305. 64673. 62139.]
Task is 42.00% complete.
t1_sim:[68338. 68316. 67226.] t2_sim:[60675. 60584. 60253.]
Task is 43.00% complete.
t1_sim:[69836. 69943. 70237.] t2_sim:[63833. 63825. 64139.]
Task is 44.00% complete.
t1_sim:[71016. 70844. 67457.] t2_sim:[61932. 61750. 58629.]
Task is 45.00% complete.
t1_sim:[69438. 68887. 68022.] t2_sim:[57282. 57478. 58580.]
Task is 46.00% complete.
t1_sim:[58862. 59112. 54836.] t2_sim:[63747. 63990. 64468.]
Task is 47.00% complete.
t1_sim:[60956. 60900. 59630.] t2_sim:[63729. 64051. 64837.]
Task is 48.00% complete.
t1_sim:[60588. 60869. 60489.] t2_sim:[63534. 63436. 63182.]
Task is 49.00% complete.
t1_sim:[63823. 64399. 63067.] t2_sim:[61875. 61674. 62329.]
Task is 50.00% complete.
t1_sim:[61034. 60774. 60023.] t2_sim:[69618. 69818. 70639.]
Task is 51.00% complete.
t1_sim:[63325. 63405. 63110.] t2_sim:[66125. 66088. 67450.]
Task is 52.00% complete.
t1_sim:[63626. 63611. 66128.] t2_sim:[64584. 64626. 66875.]
Task is 53.00% complete.
t1_sim:[65146. 65208. 64238.] t2_sim:[66888. 66638. 65069.]
Task is 54.00% complete.
t1_sim:[61613. 60908. 64487.] t2_sim:[60832. 60639. 60308.]
Task is 55.00% complete.
t1_sim:[62129. 62170. 61262.] t2_sim:[63077. 62796. 62853.]
Task is 56.00% complete.
t1_sim:[64987. 64617. 64273.] t2_sim:[60264. 60590. 65140.]
Task is 57.00% complete.
t1_sim:[66087. 65322. 64542.] t2_sim:[57844. 57850. 57786.]
Task is 58.00% complete.
t1_sim:[62978. 62885. 64904.] t2_sim:[64224. 63864. 62333.]
Task is 59.00% complete.
t1_sim:[62305. 62297. 63035.] t2_sim:[63887. 64121. 63743.]
Task is 60.00% complete.
t1_sim:[63239. 63225. 62230.] t2_sim:[63428. 63460. 63069.]
Task is 61.00% complete.
t1_sim:[62758. 62547. 63244.] t2_sim:[68057. 67989. 68499.]
Task is 62.00% complete.
t1_sim:[66721. 66565. 63391.] t2_sim:[58357. 58395. 57296.]
Task is 63.00% complete.
t1_sim:[68210. 68328. 67366.] t2_sim:[68391. 68633. 66768.]
Task is 64.00% complete.
t1_sim:[66146. 66343. 64994.] t2_sim:[60311. 60480. 62256.]
Task is 65.00% complete.
t1_sim:[61795. 61834. 64677.] t2_sim:[57938. 58142. 60240.]
Task is 66.00% complete.
t1_sim:[62157. 61981. 63641.] t2_sim:[59186. 58591. 56413.]
Task is 67.00% complete.
t1_sim:[68744. 68480. 67171.] t2_sim:[61393. 61129. 60920.]
Task is 68.00% complete.
t1_sim:[57596. 57693. 58805.] t2_sim:[61763. 61308. 59554.]
Task is 69.00% complete.
t1_sim:[64258. 64013. 61604.] t2_sim:[56399. 56599. 54895.]
Task is 70.00% complete.
t1_sim:[60930. 61128. 62658.] t2_sim:[58973. 59423. 61072.]
Task is 71.00% complete.
t1_sim:[58838. 58533. 60919.] t2_sim:[60719. 60641. 59199.]
Task is 72.00% complete.
t1_sim:[62799. 62154. 61609.] t2_sim:[65503. 65158. 65688.]
Task is 73.00% complete.
t1_sim:[67402. 67369. 66926.] t2_sim:[64381. 63874. 63144.]
Task is 74.00% complete.
t1_sim:[57487. 57256. 57698.] t2_sim:[61730. 61595. 63536.]
Task is 75.00% complete.
t1_sim:[64829. 65385. 64261.] t2_sim:[64277. 64113. 61932.]
Task is 76.00% complete.
t1_sim:[62289. 62293. 61452.] t2_sim:[57528. 56961. 54946.]
Task is 77.00% complete.
t1_sim:[62653. 62940. 62918.] t2_sim:[68509. 68467. 69587.]
Task is 78.00% complete.
t1_sim:[61325. 60905. 60057.] t2_sim:[65572. 65368. 66551.]
Task is 79.00% complete.
t1_sim:[63378. 63346. 65861.] t2_sim:[68227. 68427. 69371.]
Task is 80.00% complete.
t1_sim:[61365. 61484. 63245.] t2_sim:[63857. 63759. 62886.]
Task is 81.00% complete.
t1_sim:[59167. 59715. 57914.] t2_sim:[60209. 60191. 56270.]
Task is 82.00% complete.
t1_sim:[60595. 60615. 62391.] t2_sim:[59076. 58990. 61903.]
Task is 83.00% complete.
t1_sim:[62043. 62403. 64606.] t2_sim:[64601. 64481. 62847.]
Task is 84.00% complete.
t1_sim:[60332. 60206. 59301.] t2_sim:[58420. 58134. 60076.]
Task is 85.00% complete.
t1_sim:[64041. 63778. 64033.] t2_sim:[67283. 67339. 68885.]
Task is 86.00% complete.
t1_sim:[59769. 60149. 61161.] t2_sim:[57873. 57838. 60155.]
Task is 87.00% complete.
t1_sim:[67363. 67041. 65074.] t2_sim:[63866. 63948. 63609.]
Task is 88.00% complete.
t1_sim:[62331. 62809. 60769.] t2_sim:[63293. 63056. 62183.]
Task is 89.00% complete.
t1_sim:[62762. 62393. 65152.] t2_sim:[64255. 64127. 66438.]
Task is 90.00% complete.
t1_sim:[61305. 61307. 63236.] t2_sim:[59840. 59376. 62165.]
Task is 91.00% complete.
t1_sim:[54038. 53976. 55622.] t2_sim:[65450. 65793. 68096.]
Task is 92.00% complete.
t1_sim:[62437. 62249. 61401.] t2_sim:[63247. 62752. 61992.]
Task is 93.00% complete.
t1_sim:[61914. 61463. 63879.] t2_sim:[59811. 59868. 60070.]
Task is 94.00% complete.
t1_sim:[62370. 62187. 62800.] t2_sim:[64424. 64278. 63216.]
Task is 95.00% complete.
t1_sim:[61443. 60878. 61313.] t2_sim:[60881. 61013. 63861.]
Task is 96.00% complete.
t1_sim:[68527. 68365. 67024.] t2_sim:[60280. 60328. 60410.]
Task is 97.00% complete.
t1_sim:[62808. 62988. 63094.] t2_sim:[67673. 67114. 66690.]
Task is 98.00% complete.
t1_sim:[61404. 61420. 62069.] t2_sim:[65719. 65761. 63081.]
Task is 99.00% complete.
t1_sim:[61989. 62042. 62102.] t2_sim:[63880. 63645. 64753.]
Finished
