/scratch/jz4721/Post-prediction-Causal-Inference/venv/lib/python3.8/site-packages/numpy/core/getlimits.py:518: UserWarning: The value of the smallest subnormal for <class 'numpy.float64'> type is zero.
  setattr(self, word, getattr(machar, word).flat[0])
/scratch/jz4721/Post-prediction-Causal-Inference/venv/lib/python3.8/site-packages/numpy/core/getlimits.py:89: UserWarning: The value of the smallest subnormal for <class 'numpy.float64'> type is zero.
  return self._float_to_str(self.smallest_subnormal)
/scratch/jz4721/Post-prediction-Causal-Inference/venv/lib/python3.8/site-packages/numpy/core/getlimits.py:518: UserWarning: The value of the smallest subnormal for <class 'numpy.float32'> type is zero.
  setattr(self, word, getattr(machar, word).flat[0])
/scratch/jz4721/Post-prediction-Causal-Inference/venv/lib/python3.8/site-packages/numpy/core/getlimits.py:89: UserWarning: The value of the smallest subnormal for <class 'numpy.float32'> type is zero.
  return self._float_to_str(self.smallest_subnormal)
Training start
t1_obs:[array(58464.), array(58275.), array(61658.)] t2_obs:[array(62879.), array(62922.), array(63523.)]
corr_G1:[None, None, 0] corr_G2:[None, None, 0]
Training end
Task is 0.00% complete.
t1_sim:[67392. 67323. 71705.] t2_sim:[63090. 63477. 62075.]
Task is 1.00% complete.
t1_sim:[66172. 66175. 62477.] t2_sim:[65113. 65118. 61349.]
Task is 2.00% complete.
t1_sim:[66709. 66728. 65679.] t2_sim:[56600. 56883. 56740.]
Task is 3.00% complete.
t1_sim:[65064. 65707. 66320.] t2_sim:[62632. 62661. 60514.]
Task is 4.00% complete.
t1_sim:[64766. 64469. 62562.] t2_sim:[65418. 65627. 64141.]
Task is 5.00% complete.
t1_sim:[54095. 53965. 57063.] t2_sim:[57623. 57571. 58449.]
Task is 6.00% complete.
t1_sim:[66692. 66726. 66850.] t2_sim:[63824. 63681. 61758.]
Task is 7.00% complete.
t1_sim:[66663. 66989. 61789.] t2_sim:[63640. 63380. 59964.]
Task is 8.00% complete.
t1_sim:[58912. 59442. 59762.] t2_sim:[57523. 57502. 62541.]
Task is 9.00% complete.
t1_sim:[70207. 70268. 70071.] t2_sim:[64331. 64471. 66634.]
Task is 10.00% complete.
t1_sim:[64476. 64338. 61401.] t2_sim:[63082. 63174. 65554.]
Task is 11.00% complete.
t1_sim:[60400. 60466. 61541.] t2_sim:[59176. 59473. 60924.]
Task is 12.00% complete.
t1_sim:[64576. 65125. 64408.] t2_sim:[58966. 58945. 60719.]
Task is 13.00% complete.
t1_sim:[61703. 61459. 60076.] t2_sim:[59312. 59365. 60543.]
Task is 14.00% complete.
t1_sim:[55311. 55502. 55719.] t2_sim:[70816. 70846. 67428.]
Task is 15.00% complete.
t1_sim:[57837. 57880. 57824.] t2_sim:[63187. 63528. 60776.]
Task is 16.00% complete.
t1_sim:[62676. 62728. 62383.] t2_sim:[67490. 67297. 66264.]
Task is 17.00% complete.
t1_sim:[64540. 64396. 63450.] t2_sim:[66204. 66200. 64532.]
Task is 18.00% complete.
t1_sim:[61112. 61310. 58855.] t2_sim:[61595. 61846. 60286.]
Task is 19.00% complete.
t1_sim:[59283. 59470. 62732.] t2_sim:[65728. 65417. 64784.]
Task is 20.00% complete.
t1_sim:[64478. 64852. 67555.] t2_sim:[64726. 64944. 65976.]
Task is 21.00% complete.
t1_sim:[56722. 56893. 59551.] t2_sim:[64059. 64078. 64333.]
Task is 22.00% complete.
t1_sim:[65873. 66307. 67262.] t2_sim:[62789. 62832. 67321.]
Task is 23.00% complete.
t1_sim:[64511. 64836. 63777.] t2_sim:[67556. 67561. 63727.]
Task is 24.00% complete.
t1_sim:[60976. 61508. 67048.] t2_sim:[59768. 59461. 61999.]
Task is 25.00% complete.
t1_sim:[67122. 67015. 64544.] t2_sim:[61945. 62050. 62853.]
Task is 26.00% complete.
t1_sim:[60965. 61108. 63228.] t2_sim:[65909. 65920. 67208.]
Task is 27.00% complete.
t1_sim:[63049. 62723. 61826.] t2_sim:[58932. 58688. 56651.]
Task is 28.00% complete.
t1_sim:[63735. 63510. 63926.] t2_sim:[63590. 63839. 62693.]
Task is 29.00% complete.
t1_sim:[62074. 61997. 64580.] t2_sim:[58665. 58764. 60725.]
Task is 30.00% complete.
t1_sim:[63705. 63365. 60703.] t2_sim:[59103. 59218. 60362.]
Task is 31.00% complete.
t1_sim:[58947. 58831. 62771.] t2_sim:[64181. 64410. 65993.]
Task is 32.00% complete.
t1_sim:[62427. 62400. 64316.] t2_sim:[66241. 66041. 67408.]
Task is 33.00% complete.
t1_sim:[64061. 64011. 61665.] t2_sim:[60596. 60554. 60510.]
Task is 34.00% complete.
t1_sim:[61107. 61312. 62535.] t2_sim:[62600. 62849. 61111.]
Task is 35.00% complete.
t1_sim:[61420. 61453. 62062.] t2_sim:[57880. 58002. 60348.]
Task is 36.00% complete.
t1_sim:[64204. 64441. 60529.] t2_sim:[69759. 69583. 64577.]
Task is 37.00% complete.
t1_sim:[63044. 63276. 59995.] t2_sim:[64277. 64259. 62049.]
Task is 38.00% complete.
t1_sim:[58589. 58117. 58434.] t2_sim:[61151. 61176. 65368.]
Task is 39.00% complete.
t1_sim:[62134. 62510. 63524.] t2_sim:[65068. 64928. 66063.]
Task is 40.00% complete.
t1_sim:[63531. 63723. 59422.] t2_sim:[70872. 71245. 72781.]
Task is 41.00% complete.
t1_sim:[55813. 55776. 61224.] t2_sim:[64515. 64447. 65962.]
Task is 42.00% complete.
t1_sim:[62237. 62180. 64714.] t2_sim:[59008. 59305. 59127.]
Task is 43.00% complete.
t1_sim:[62423. 61947. 62341.] t2_sim:[63585. 63438. 66764.]
Task is 44.00% complete.
t1_sim:[61148. 61031. 59579.] t2_sim:[64528. 64282. 62148.]
Task is 45.00% complete.
t1_sim:[68139. 68001. 65885.] t2_sim:[63983. 63593. 66754.]
Task is 46.00% complete.
t1_sim:[62188. 62024. 62479.] t2_sim:[66036. 66143. 65424.]
Task is 47.00% complete.
t1_sim:[63459. 63118. 61910.] t2_sim:[60864. 61021. 62403.]
Task is 48.00% complete.
t1_sim:[65081. 65557. 63392.] t2_sim:[60020. 59546. 58479.]
Task is 49.00% complete.
t1_sim:[61084. 61172. 63146.] t2_sim:[62294. 62123. 61037.]
Task is 50.00% complete.
t1_sim:[70739. 70832. 67632.] t2_sim:[56520. 56610. 58302.]
Task is 51.00% complete.
t1_sim:[57519. 57725. 59557.] t2_sim:[65508. 65289. 60189.]
Task is 52.00% complete.
t1_sim:[65045. 64632. 66603.] t2_sim:[65103. 64935. 64559.]
Task is 53.00% complete.
t1_sim:[62767. 62834. 63828.] t2_sim:[65191. 65100. 61811.]
Task is 54.00% complete.
t1_sim:[65433. 65838. 69911.] t2_sim:[63204. 63151. 65253.]
Task is 55.00% complete.
t1_sim:[63440. 63116. 65175.] t2_sim:[59884. 59796. 58469.]
Task is 56.00% complete.
t1_sim:[57241. 57515. 59424.] t2_sim:[64956. 65024. 64356.]
Task is 57.00% complete.
t1_sim:[60005. 59924. 57339.] t2_sim:[61833. 61857. 62399.]
Task is 58.00% complete.
t1_sim:[68194. 68381. 66891.] t2_sim:[59935. 59862. 61466.]
Task is 59.00% complete.
t1_sim:[64158. 64047. 62034.] t2_sim:[61927. 62011. 62665.]
Task is 60.00% complete.
t1_sim:[67269. 67250. 63557.] t2_sim:[66362. 66543. 63550.]
Task is 61.00% complete.
t1_sim:[66010. 65963. 64906.] t2_sim:[64990. 65527. 66296.]
Task is 62.00% complete.
t1_sim:[68275. 67815. 64247.] t2_sim:[57447. 57721. 62261.]
Task is 63.00% complete.
t1_sim:[58783. 58608. 55261.] t2_sim:[59249. 58887. 57663.]
Task is 64.00% complete.
t1_sim:[67210. 67332. 68606.] t2_sim:[58752. 58554. 58420.]
Task is 65.00% complete.
t1_sim:[64228. 64299. 60545.] t2_sim:[62729. 62877. 64307.]
Task is 66.00% complete.
t1_sim:[59699. 59871. 60923.] t2_sim:[67139. 67196. 64453.]
Task is 67.00% complete.
t1_sim:[62536. 62325. 61997.] t2_sim:[60197. 60278. 62686.]
Task is 68.00% complete.
t1_sim:[62711. 62743. 62827.] t2_sim:[62793. 63133. 62292.]
Task is 69.00% complete.
t1_sim:[65109. 65162. 67118.] t2_sim:[63575. 63233. 63624.]
Task is 70.00% complete.
t1_sim:[50885. 51004. 51647.] t2_sim:[61761. 61902. 61212.]
Task is 71.00% complete.
t1_sim:[66668. 66686. 65275.] t2_sim:[59408. 59267. 56837.]
Task is 72.00% complete.
t1_sim:[66848. 66970. 68881.] t2_sim:[65530. 65546. 65759.]
Task is 73.00% complete.
t1_sim:[64625. 64806. 62765.] t2_sim:[64977. 64558. 62208.]
Task is 74.00% complete.
t1_sim:[67648. 67977. 67033.] t2_sim:[62834. 63031. 58314.]
Task is 75.00% complete.
t1_sim:[57084. 57427. 59228.] t2_sim:[60264. 60159. 60802.]
Task is 76.00% complete.
t1_sim:[64974. 65125. 66189.] t2_sim:[57981. 57617. 62021.]
Task is 77.00% complete.
t1_sim:[62962. 63278. 64172.] t2_sim:[61827. 61926. 61179.]
Task is 78.00% complete.
t1_sim:[64463. 64562. 65748.] t2_sim:[60086. 59705. 60337.]
Task is 79.00% complete.
t1_sim:[65772. 65453. 63388.] t2_sim:[66286. 65987. 61801.]
Task is 80.00% complete.
t1_sim:[62845. 62873. 63931.] t2_sim:[65496. 65442. 65459.]
Task is 81.00% complete.
t1_sim:[59396. 59156. 53470.] t2_sim:[63785. 63706. 61595.]
Task is 82.00% complete.
t1_sim:[59190. 59168. 57935.] t2_sim:[68811. 68785. 69891.]
Task is 83.00% complete.
t1_sim:[64033. 63943. 62322.] t2_sim:[62312. 62211. 66061.]
Task is 84.00% complete.
t1_sim:[63565. 63774. 63226.] t2_sim:[59196. 59185. 59267.]
Task is 85.00% complete.
t1_sim:[66402. 66394. 67478.] t2_sim:[60967. 60946. 59204.]
Task is 86.00% complete.
t1_sim:[62649. 62761. 61825.] t2_sim:[60097. 60191. 56511.]
Task is 87.00% complete.
t1_sim:[67159. 67279. 63278.] t2_sim:[61073. 61254. 61333.]
Task is 88.00% complete.
t1_sim:[62253. 62208. 59033.] t2_sim:[59779. 59714. 60899.]
Task is 89.00% complete.
t1_sim:[61179. 61002. 62336.] t2_sim:[63893. 63938. 63245.]
Task is 90.00% complete.
t1_sim:[54850. 54996. 57268.] t2_sim:[66511. 66171. 65973.]
Task is 91.00% complete.
t1_sim:[68539. 68676. 66962.] t2_sim:[63643. 63678. 62346.]
Task is 92.00% complete.
t1_sim:[63770. 63909. 61373.] t2_sim:[61757. 62010. 63548.]
Task is 93.00% complete.
t1_sim:[59459. 59662. 60428.] t2_sim:[58494. 58402. 64073.]
Task is 94.00% complete.
t1_sim:[61041. 61350. 62665.] t2_sim:[61749. 61505. 59056.]
Task is 95.00% complete.
t1_sim:[63052. 63018. 65818.] t2_sim:[62461. 62759. 63128.]
Task is 96.00% complete.
t1_sim:[65250. 65196. 65191.] t2_sim:[67988. 68068. 68883.]
Task is 97.00% complete.
t1_sim:[64878. 65159. 66916.] t2_sim:[62421. 62619. 63937.]
Task is 98.00% complete.
t1_sim:[63311. 63459. 64891.] t2_sim:[62980. 62483. 63447.]
Task is 99.00% complete.
t1_sim:[66640. 66425. 63770.] t2_sim:[59710. 59423. 62483.]
Training start
t1_obs:[array(58464.), array(58275.), array(59221.)] t2_obs:[array(62879.), array(62922.), array(62047.)]
corr_G1:[None, None, 0.9958625729114995] corr_G2:[None, None, 0.9736387890421995]
Training end
Task is 0.00% complete.
t1_sim:[62701. 62778. 64259.] t2_sim:[65344. 65638. 65223.]
Task is 1.00% complete.
t1_sim:[69305. 68970. 66072.] t2_sim:[63092. 62638. 64029.]
Task is 2.00% complete.
t1_sim:[62044. 62574. 63638.] t2_sim:[61022. 60894. 61335.]
Task is 3.00% complete.
t1_sim:[61596. 61405. 61765.] t2_sim:[68462. 68011. 64694.]
Task is 4.00% complete.
t1_sim:[61930. 61639. 63030.] t2_sim:[65605. 65951. 65565.]
Task is 5.00% complete.
t1_sim:[62761. 62743. 65293.] t2_sim:[60861. 61008. 62176.]
Task is 6.00% complete.
t1_sim:[63641. 63690. 65506.] t2_sim:[59678. 59694. 61634.]
Task is 7.00% complete.
t1_sim:[66918. 66815. 68701.] t2_sim:[61243. 60929. 60983.]
Task is 8.00% complete.
t1_sim:[60007. 59972. 60395.] t2_sim:[64248. 64283. 64657.]
Task is 9.00% complete.
t1_sim:[64579. 64900. 66822.] t2_sim:[66989. 67009. 68803.]
Task is 10.00% complete.
t1_sim:[59374. 59526. 60859.] t2_sim:[58050. 58414. 59046.]
Task is 11.00% complete.
t1_sim:[58959. 58707. 61329.] t2_sim:[63640. 63444. 64517.]
Task is 12.00% complete.
t1_sim:[57322. 57009. 57340.] t2_sim:[60344. 60314. 61047.]
Task is 13.00% complete.
t1_sim:[62664. 62488. 62465.] t2_sim:[63479. 63526. 62851.]
Task is 14.00% complete.
t1_sim:[61548. 61679. 62045.] t2_sim:[63640. 63671. 66581.]
Task is 15.00% complete.
t1_sim:[63351. 63338. 62497.] t2_sim:[62066. 61901. 60528.]
Task is 16.00% complete.
t1_sim:[62412. 62711. 64231.] t2_sim:[63727. 63502. 65341.]
Task is 17.00% complete.
t1_sim:[63936. 64306. 64872.] t2_sim:[62340. 62603. 64212.]
Task is 18.00% complete.
t1_sim:[68333. 68567. 70785.] t2_sim:[65887. 65625. 65422.]
Task is 19.00% complete.
t1_sim:[61663. 61475. 60390.] t2_sim:[60281. 60435. 60001.]
Task is 20.00% complete.
t1_sim:[63406. 62924. 62173.] t2_sim:[60427. 60537. 60908.]
Task is 21.00% complete.
t1_sim:[69251. 68987. 67330.] t2_sim:[62416. 62451. 63002.]
Task is 22.00% complete.
t1_sim:[61246. 61317. 62604.] t2_sim:[65790. 65422. 66164.]
Task is 23.00% complete.
t1_sim:[61306. 61645. 63291.] t2_sim:[63197. 63016. 63125.]
Task is 24.00% complete.
t1_sim:[66003. 65943. 65890.] t2_sim:[62635. 62715. 62757.]
Task is 25.00% complete.
t1_sim:[66989. 66810. 66229.] t2_sim:[62461. 62281. 60717.]
Task is 26.00% complete.
t1_sim:[61700. 61693. 62344.] t2_sim:[63738. 63648. 66110.]
Task is 27.00% complete.
t1_sim:[63918. 64429. 64669.] t2_sim:[65571. 65449. 64597.]
Task is 28.00% complete.
t1_sim:[64985. 64782. 63654.] t2_sim:[61411. 61774. 60914.]
Task is 29.00% complete.
t1_sim:[64802. 64668. 63226.] t2_sim:[62276. 62376. 62882.]
Task is 30.00% complete.
t1_sim:[62938. 62620. 64855.] t2_sim:[65311. 65024. 64482.]
Task is 31.00% complete.
t1_sim:[63569. 63775. 66339.] t2_sim:[64007. 63790. 63114.]
Task is 32.00% complete.
t1_sim:[66110. 65795. 65032.] t2_sim:[61866. 61788. 63252.]
Task is 33.00% complete.
t1_sim:[65216. 65519. 65506.] t2_sim:[57704. 58482. 57836.]
Task is 34.00% complete.
t1_sim:[59888. 59895. 61892.] t2_sim:[62841. 62694. 62792.]
Task is 35.00% complete.
t1_sim:[61157. 61382. 63116.] t2_sim:[66336. 65981. 66028.]
Task is 36.00% complete.
t1_sim:[63493. 63681. 64517.] t2_sim:[60197. 60413. 60132.]
Task is 37.00% complete.
t1_sim:[56090. 55859. 56742.] t2_sim:[66644. 66862. 64969.]
Task is 38.00% complete.
t1_sim:[59783. 59468. 58895.] t2_sim:[59654. 59648. 60043.]
Task is 39.00% complete.
t1_sim:[62303. 62465. 62377.] t2_sim:[64068. 64065. 61823.]
Task is 40.00% complete.
t1_sim:[59508. 59360. 58629.] t2_sim:[64548. 64776. 63822.]
Task is 41.00% complete.
t1_sim:[60103. 60282. 57784.] t2_sim:[62497. 62641. 64504.]
Task is 42.00% complete.
t1_sim:[61785. 61514. 58000.] t2_sim:[64767. 64508. 63797.]
Task is 43.00% complete.
t1_sim:[62356. 62485. 63207.] t2_sim:[65758. 65851. 64420.]
Task is 44.00% complete.
t1_sim:[64720. 64532. 62387.] t2_sim:[61341. 61457. 60996.]
Task is 45.00% complete.
t1_sim:[59961. 59834. 64220.] t2_sim:[65033. 64946. 65492.]
Task is 46.00% complete.
t1_sim:[57340. 57348. 58529.] t2_sim:[62081. 61913. 62333.]
Task is 47.00% complete.
t1_sim:[61602. 61991. 60606.] t2_sim:[64103. 63691. 63587.]
Task is 48.00% complete.
t1_sim:[58971. 58945. 57275.] t2_sim:[62415. 62094. 61635.]
Task is 49.00% complete.
t1_sim:[63078. 62830. 64778.] t2_sim:[65972. 65753. 67114.]
Task is 50.00% complete.
t1_sim:[64765. 65038. 65875.] t2_sim:[62288. 62368. 63193.]
Task is 51.00% complete.
t1_sim:[57968. 57673. 58938.] t2_sim:[62881. 63074. 63106.]
Task is 52.00% complete.
t1_sim:[60358. 60579. 59675.] t2_sim:[63150. 63009. 63200.]
Task is 53.00% complete.
t1_sim:[57971. 57792. 59907.] t2_sim:[54779. 54770. 54986.]
Task is 54.00% complete.
t1_sim:[59789. 60036. 64833.] t2_sim:[65004. 65121. 64077.]
Task is 55.00% complete.
t1_sim:[62309. 62577. 62719.] t2_sim:[63198. 63120. 63346.]
Task is 56.00% complete.
t1_sim:[64146. 64004. 65796.] t2_sim:[66310. 66022. 64454.]
Task is 57.00% complete.
t1_sim:[64846. 64628. 65063.] t2_sim:[61691. 61994. 61702.]
Task is 58.00% complete.
t1_sim:[66045. 66132. 69230.] t2_sim:[59580. 59961. 59283.]
Task is 59.00% complete.
t1_sim:[64997. 64897. 65221.] t2_sim:[65568. 65524. 64660.]
Task is 60.00% complete.
t1_sim:[63536. 63690. 62158.] t2_sim:[63680. 63316. 64930.]
Task is 61.00% complete.
t1_sim:[64298. 64187. 62878.] t2_sim:[67107. 67260. 66980.]
Task is 62.00% complete.
t1_sim:[65729. 65778. 66461.] t2_sim:[66252. 66428. 65975.]
Task is 63.00% complete.
t1_sim:[62974. 62974. 63417.] t2_sim:[59486. 59495. 59569.]
Task is 64.00% complete.
t1_sim:[66955. 66988. 67799.] t2_sim:[62876. 62915. 64501.]
Task is 65.00% complete.
t1_sim:[62355. 62354. 59843.] t2_sim:[58317. 58315. 58529.]
Task is 66.00% complete.
t1_sim:[62932. 63118. 63663.] t2_sim:[67275. 67337. 67661.]
Task is 67.00% complete.
t1_sim:[61797. 61697. 60593.] t2_sim:[59791. 60104. 59127.]
Task is 68.00% complete.
t1_sim:[64701. 65012. 62824.] t2_sim:[62863. 62579. 63038.]
Task is 69.00% complete.
t1_sim:[65242. 65287. 65328.] t2_sim:[65562. 65705. 64735.]
Task is 70.00% complete.
t1_sim:[69415. 69436. 71828.] t2_sim:[63810. 63885. 63723.]
Task is 71.00% complete.
t1_sim:[59643. 59910. 59874.] t2_sim:[62779. 62619. 63295.]
Task is 72.00% complete.
t1_sim:[63475. 63215. 62811.] t2_sim:[60568. 61045. 60979.]
Task is 73.00% complete.
t1_sim:[61957. 62166. 63672.] t2_sim:[63233. 62919. 62296.]
Task is 74.00% complete.
t1_sim:[69164. 69067. 70851.] t2_sim:[61977. 62071. 61285.]
Task is 75.00% complete.
t1_sim:[61239. 61101. 61207.] t2_sim:[59679. 59750. 59473.]
Task is 76.00% complete.
t1_sim:[66546. 66303. 64785.] t2_sim:[68166. 67779. 66323.]
Task is 77.00% complete.
t1_sim:[63343. 63115. 63854.] t2_sim:[62356. 62049. 62204.]
Task is 78.00% complete.
t1_sim:[64661. 64688. 64195.] t2_sim:[64439. 64445. 66281.]
Task is 79.00% complete.
t1_sim:[66042. 65987. 63288.] t2_sim:[61425. 61147. 60820.]
Task is 80.00% complete.
t1_sim:[61549. 61394. 65073.] t2_sim:[65056. 64884. 62359.]
Task is 81.00% complete.
t1_sim:[60603. 60285. 62716.] t2_sim:[56292. 56498. 58971.]
Task is 82.00% complete.
t1_sim:[58160. 58194. 61366.] t2_sim:[62934. 63016. 62596.]
Task is 83.00% complete.
t1_sim:[64620. 64238. 64734.] t2_sim:[63108. 63300. 64005.]
Task is 84.00% complete.
t1_sim:[64870. 65052. 64458.] t2_sim:[62091. 61789. 64034.]
Task is 85.00% complete.
t1_sim:[66515. 66315. 66882.] t2_sim:[57426. 57781. 58775.]
Task is 86.00% complete.
t1_sim:[57512. 57357. 59167.] t2_sim:[62425. 62417. 62392.]
Task is 87.00% complete.
t1_sim:[59991. 59845. 58143.] t2_sim:[63852. 63735. 61733.]
Task is 88.00% complete.
t1_sim:[63343. 63421. 62385.] t2_sim:[61384. 61499. 62487.]
Task is 89.00% complete.
t1_sim:[64318. 64162. 65956.] t2_sim:[57969. 57850. 58785.]
Task is 90.00% complete.
t1_sim:[64783. 64969. 64466.] t2_sim:[63997. 63844. 61004.]
Task is 91.00% complete.
t1_sim:[61860. 61789. 62196.] t2_sim:[65241. 65600. 67096.]
Task is 92.00% complete.
t1_sim:[62338. 62394. 62523.] t2_sim:[59988. 60318. 62654.]
Task is 93.00% complete.
t1_sim:[60942. 60446. 61149.] t2_sim:[62219. 62192. 63909.]
Task is 94.00% complete.
t1_sim:[64518. 64680. 60835.] t2_sim:[61108. 60826. 61082.]
Task is 95.00% complete.
t1_sim:[62531. 62482. 60714.] t2_sim:[58842. 59162. 56600.]
Task is 96.00% complete.
t1_sim:[61063. 60696. 58168.] t2_sim:[63485. 63584. 62174.]
Task is 97.00% complete.
t1_sim:[64915. 64873. 63278.] t2_sim:[64365. 64002. 64911.]
Task is 98.00% complete.
t1_sim:[66899. 66911. 67006.] t2_sim:[58180. 57909. 59671.]
Task is 99.00% complete.
t1_sim:[61801. 61725. 61934.] t2_sim:[61167. 61373. 64843.]
Training start
t1_obs:[array(58464.), array(58275.), array(58105.)] t2_obs:[array(62879.), array(62922.), array(62763.)]
corr_G1:[None, None, 0.032407259809420406] corr_G2:[None, None, 0.017515991001457194]
Training end
Task is 0.00% complete.
t1_sim:[64218. 64091. 63973.] t2_sim:[61772. 61498. 59031.]
Task is 1.00% complete.
t1_sim:[60498. 60658. 62112.] t2_sim:[63544. 63608. 64178.]
Task is 2.00% complete.
t1_sim:[64457. 64148. 61959.] t2_sim:[55944. 56232. 60013.]
Task is 3.00% complete.
t1_sim:[69008. 69515. 68470.] t2_sim:[56432. 56075. 54666.]
Task is 4.00% complete.
t1_sim:[63310. 63419. 65830.] t2_sim:[60931. 61042. 59540.]
Task is 5.00% complete.
t1_sim:[61538. 61644. 61962.] t2_sim:[63049. 62892. 65295.]
Task is 6.00% complete.
t1_sim:[58057. 58053. 59098.] t2_sim:[63575. 63642. 61616.]
Task is 7.00% complete.
t1_sim:[69821. 70117. 71162.] t2_sim:[62954. 63152. 64535.]
Task is 8.00% complete.
t1_sim:[63068. 63421. 62573.] t2_sim:[54704. 54594. 54961.]
Task is 9.00% complete.
t1_sim:[62070. 62171. 62359.] t2_sim:[61809. 61655. 62858.]
Task is 10.00% complete.
t1_sim:[65586. 65488. 64739.] t2_sim:[58400. 58419. 57809.]
Task is 11.00% complete.
t1_sim:[62543. 62913. 62563.] t2_sim:[71907. 71746. 70941.]
Task is 12.00% complete.
t1_sim:[66912. 67343. 65687.] t2_sim:[61189. 60989. 59208.]
Task is 13.00% complete.
t1_sim:[64062. 63774. 64043.] t2_sim:[58569. 58371. 58859.]
Task is 14.00% complete.
t1_sim:[62840. 62502. 61172.] t2_sim:[57675. 57462. 57839.]
Task is 15.00% complete.
t1_sim:[63722. 63298. 62616.] t2_sim:[63284. 62853. 64503.]
Task is 16.00% complete.
t1_sim:[62231. 62147. 65271.] t2_sim:[66029. 66278. 66429.]
Task is 17.00% complete.
t1_sim:[62504. 62320. 59567.] t2_sim:[59677. 59912. 59909.]
Task is 18.00% complete.
t1_sim:[59355. 59539. 61962.] t2_sim:[61430. 61037. 58072.]
Task is 19.00% complete.
t1_sim:[60213. 59938. 58243.] t2_sim:[60584. 60794. 62128.]
Task is 20.00% complete.
t1_sim:[64677. 64833. 64927.] t2_sim:[59317. 59674. 60742.]
Task is 21.00% complete.
t1_sim:[64095. 63899. 62363.] t2_sim:[60110. 60118. 63848.]
Task is 22.00% complete.
t1_sim:[61295. 61258. 61807.] t2_sim:[59814. 59734. 59925.]
Task is 23.00% complete.
t1_sim:[60730. 60493. 60556.] t2_sim:[66482. 66152. 65408.]
Task is 24.00% complete.
t1_sim:[61466. 61419. 62643.] t2_sim:[60911. 61031. 61661.]
Task is 25.00% complete.
t1_sim:[60616. 60885. 60155.] t2_sim:[60796. 60767. 61412.]
Task is 26.00% complete.
t1_sim:[60788. 60690. 58100.] t2_sim:[67026. 67192. 65044.]
Task is 27.00% complete.
t1_sim:[60620. 60511. 62016.] t2_sim:[61286. 60883. 60526.]
Task is 28.00% complete.
t1_sim:[69520. 69725. 68659.] t2_sim:[63589. 62977. 62282.]
Task is 29.00% complete.
t1_sim:[65168. 65312. 64541.] t2_sim:[64108. 63769. 62201.]
Task is 30.00% complete.
t1_sim:[59163. 59234. 58923.] t2_sim:[61284. 60843. 61272.]
Task is 31.00% complete.
t1_sim:[63312. 62859. 60366.] t2_sim:[61365. 61372. 62041.]
Task is 32.00% complete.
t1_sim:[59390. 59518. 59686.] t2_sim:[64856. 65337. 67619.]
Task is 33.00% complete.
t1_sim:[69777. 70180. 67857.] t2_sim:[70410. 70463. 69851.]
Task is 34.00% complete.
t1_sim:[60234. 60012. 60304.] t2_sim:[64085. 63764. 58953.]
Task is 35.00% complete.
t1_sim:[64769. 64585. 63960.] t2_sim:[67307. 67601. 66330.]
Task is 36.00% complete.
t1_sim:[64205. 64099. 64710.] t2_sim:[60155. 60286. 59324.]
Task is 37.00% complete.
t1_sim:[65659. 65803. 67008.] t2_sim:[57295. 57194. 56575.]
Task is 38.00% complete.
t1_sim:[63294. 63646. 64914.] t2_sim:[62038. 62203. 63367.]
Task is 39.00% complete.
t1_sim:[66251. 65995. 63706.] t2_sim:[59087. 59039. 60743.]
Task is 40.00% complete.
t1_sim:[60721. 60644. 59265.] t2_sim:[68330. 68453. 66861.]
Task is 41.00% complete.
t1_sim:[67581. 67527. 68825.] t2_sim:[68681. 68756. 66074.]
Task is 42.00% complete.
t1_sim:[60810. 60963. 59522.] t2_sim:[69059. 69238. 68731.]
Task is 43.00% complete.
t1_sim:[65641. 65585. 67421.] t2_sim:[61851. 62369. 61799.]
Task is 44.00% complete.
t1_sim:[63146. 63231. 60748.] t2_sim:[63115. 63089. 65628.]
Task is 45.00% complete.
t1_sim:[64298. 64444. 62733.] t2_sim:[54725. 54887. 55281.]
Task is 46.00% complete.
t1_sim:[59664. 59934. 59387.] t2_sim:[64096. 63991. 64162.]
Task is 47.00% complete.
t1_sim:[64809. 64552. 64166.] t2_sim:[58313. 58326. 58325.]
Task is 48.00% complete.
t1_sim:[59929. 59713. 61616.] t2_sim:[57945. 57936. 57829.]
Task is 49.00% complete.
t1_sim:[62400. 62587. 59338.] t2_sim:[60352. 60294. 60214.]
Task is 50.00% complete.
t1_sim:[64507. 65117. 63017.] t2_sim:[58723. 58722. 57483.]
Task is 51.00% complete.
t1_sim:[64822. 64884. 63964.] t2_sim:[65192. 65102. 65188.]
Task is 52.00% complete.
t1_sim:[62928. 62440. 59906.] t2_sim:[61249. 61694. 62683.]
Task is 53.00% complete.
t1_sim:[62399. 62383. 59230.] t2_sim:[62558. 62769. 60609.]
Task is 54.00% complete.
t1_sim:[61579. 61603. 63032.] t2_sim:[58797. 58415. 57665.]
Task is 55.00% complete.
t1_sim:[62274. 62145. 64424.] t2_sim:[65206. 65710. 64377.]
Task is 56.00% complete.
t1_sim:[65059. 65116. 62667.] t2_sim:[59208. 59514. 61530.]
Task is 57.00% complete.
t1_sim:[63003. 62911. 63267.] t2_sim:[60066. 60484. 62281.]
Task is 58.00% complete.
t1_sim:[61865. 61845. 62647.] t2_sim:[68955. 68880. 69112.]
Task is 59.00% complete.
t1_sim:[64132. 64078. 64774.] t2_sim:[64756. 64845. 65220.]
Task is 60.00% complete.
t1_sim:[63830. 63986. 63550.] t2_sim:[63124. 63485. 60987.]
Task is 61.00% complete.
t1_sim:[68190. 67991. 67777.] t2_sim:[61354. 61727. 65278.]
Task is 62.00% complete.
t1_sim:[64081. 63735. 62829.] t2_sim:[61191. 61151. 62768.]
Task is 63.00% complete.
t1_sim:[63600. 63218. 64578.] t2_sim:[67205. 66938. 67450.]
Task is 64.00% complete.
t1_sim:[66506. 66608. 68657.] t2_sim:[64511. 64070. 62186.]
Task is 65.00% complete.
t1_sim:[66809. 66696. 67970.] t2_sim:[57838. 57574. 59496.]
Task is 66.00% complete.
t1_sim:[55345. 55218. 57211.] t2_sim:[63414. 63152. 64090.]
Task is 67.00% complete.
t1_sim:[63093. 63396. 65804.] t2_sim:[64580. 65271. 66575.]
Task is 68.00% complete.
t1_sim:[61294. 61834. 63158.] t2_sim:[62562. 62444. 62270.]
Task is 69.00% complete.
t1_sim:[67904. 67322. 67978.] t2_sim:[59248. 59276. 57935.]
Task is 70.00% complete.
t1_sim:[64823. 64744. 66003.] t2_sim:[63014. 63372. 64654.]
Task is 71.00% complete.
t1_sim:[64835. 64873. 65646.] t2_sim:[62180. 62289. 62198.]
Task is 72.00% complete.
t1_sim:[62936. 62272. 60356.] t2_sim:[62830. 62921. 65757.]
Task is 73.00% complete.
t1_sim:[69963. 70099. 69455.] t2_sim:[68274. 68223. 69115.]
Task is 74.00% complete.
t1_sim:[57440. 57259. 58230.] t2_sim:[62684. 62978. 63270.]
Task is 75.00% complete.
t1_sim:[65677. 66247. 62547.] t2_sim:[61450. 61877. 63879.]
Task is 76.00% complete.
t1_sim:[59020. 58868. 59601.] t2_sim:[66723. 66373. 64015.]
Task is 77.00% complete.
t1_sim:[57501. 57708. 58279.] t2_sim:[63483. 63948. 66467.]
Task is 78.00% complete.
t1_sim:[62650. 62697. 64214.] t2_sim:[54352. 53979. 57654.]
Task is 79.00% complete.
t1_sim:[59450. 59483. 60916.] t2_sim:[67281. 67056. 67274.]
Task is 80.00% complete.
t1_sim:[62947. 63223. 64559.] t2_sim:[59688. 59545. 59547.]
Task is 81.00% complete.
t1_sim:[58191. 58373. 58479.] t2_sim:[65363. 65441. 65749.]
Task is 82.00% complete.
t1_sim:[61943. 62162. 61122.] t2_sim:[62482. 62444. 60508.]
Task is 83.00% complete.
t1_sim:[59166. 59138. 58442.] t2_sim:[58653. 58667. 60301.]
Task is 84.00% complete.
t1_sim:[55296. 55286. 55598.] t2_sim:[56143. 56365. 56751.]
Task is 85.00% complete.
t1_sim:[62188. 62187. 59319.] t2_sim:[64369. 64220. 64924.]
Task is 86.00% complete.
t1_sim:[63633. 63774. 63684.] t2_sim:[65130. 65540. 65087.]
Task is 87.00% complete.
t1_sim:[57189. 57156. 57358.] t2_sim:[64807. 64919. 67969.]
Task is 88.00% complete.
t1_sim:[62718. 62312. 59081.] t2_sim:[68246. 68650. 67264.]
Task is 89.00% complete.
t1_sim:[67307. 67137. 66602.] t2_sim:[64354. 64596. 63145.]
Task is 90.00% complete.
t1_sim:[58881. 59026. 61693.] t2_sim:[62563. 62650. 64015.]
Task is 91.00% complete.
t1_sim:[66730. 66634. 67717.] t2_sim:[61047. 61071. 60741.]
Task is 92.00% complete.
t1_sim:[60671. 60704. 63567.] t2_sim:[58001. 58047. 60554.]
Task is 93.00% complete.
t1_sim:[70094. 69488. 66603.] t2_sim:[64268. 65027. 64502.]
Task is 94.00% complete.
t1_sim:[66209. 66046. 66241.] t2_sim:[60971. 61296. 63445.]
Task is 95.00% complete.
t1_sim:[62575. 62802. 63895.] t2_sim:[62348. 62449. 60535.]
Task is 96.00% complete.
t1_sim:[69737. 69826. 66496.] t2_sim:[62255. 62237. 64300.]
Task is 97.00% complete.
t1_sim:[64403. 64398. 63424.] t2_sim:[62291. 62315. 60155.]
Task is 98.00% complete.
t1_sim:[62420. 62273. 63881.] t2_sim:[58157. 57993. 57484.]
Task is 99.00% complete.
t1_sim:[62342. 62147. 63492.] t2_sim:[64360. 64440. 65959.]
Finished
