/scratch/jz4721/Post-prediction-Causal-Inference/venv/lib/python3.8/site-packages/numpy/core/getlimits.py:518: UserWarning: The value of the smallest subnormal for <class 'numpy.float64'> type is zero.
  setattr(self, word, getattr(machar, word).flat[0])
/scratch/jz4721/Post-prediction-Causal-Inference/venv/lib/python3.8/site-packages/numpy/core/getlimits.py:89: UserWarning: The value of the smallest subnormal for <class 'numpy.float64'> type is zero.
  return self._float_to_str(self.smallest_subnormal)
/scratch/jz4721/Post-prediction-Causal-Inference/venv/lib/python3.8/site-packages/numpy/core/getlimits.py:518: UserWarning: The value of the smallest subnormal for <class 'numpy.float32'> type is zero.
  setattr(self, word, getattr(machar, word).flat[0])
/scratch/jz4721/Post-prediction-Causal-Inference/venv/lib/python3.8/site-packages/numpy/core/getlimits.py:89: UserWarning: The value of the smallest subnormal for <class 'numpy.float32'> type is zero.
  return self._float_to_str(self.smallest_subnormal)
Training start
t1_obs:[array(66169.), array(65994.), array(63846.)] t2_obs:[array(65098.), array(65192.), array(65695.)]
corr_G1:[None, None, 7.69984884942625e-19] corr_G2:[None, None, 2.749102875813298e-17]
Training end
Task is 0.00% complete.
t1_sim:[60250. 60076. 57777.] t2_sim:[69056. 69259. 67919.]
Task is 1.00% complete.
t1_sim:[62727. 62455. 66190.] t2_sim:[62372. 62484. 59610.]
Task is 2.00% complete.
t1_sim:[66044. 66125. 65181.] t2_sim:[57657. 57538. 61401.]
Task is 3.00% complete.
t1_sim:[59102. 58729. 60031.] t2_sim:[66590. 66631. 66394.]
Task is 4.00% complete.
t1_sim:[63249. 63314. 64445.] t2_sim:[62087. 61753. 60605.]
Task is 5.00% complete.
t1_sim:[67254. 67351. 68500.] t2_sim:[65689. 65551. 65079.]
Task is 6.00% complete.
t1_sim:[66434. 66693. 66700.] t2_sim:[62437. 62184. 59275.]
Task is 7.00% complete.
t1_sim:[63612. 63879. 62653.] t2_sim:[67293. 67510. 60979.]
Task is 8.00% complete.
t1_sim:[64336. 64264. 62816.] t2_sim:[63994. 63905. 61843.]
Task is 9.00% complete.
t1_sim:[63691. 64046. 65554.] t2_sim:[64235. 64200. 66809.]
Task is 10.00% complete.
t1_sim:[58622. 58983. 60370.] t2_sim:[60067. 60190. 61671.]
Task is 11.00% complete.
t1_sim:[64566. 63972. 62492.] t2_sim:[63495. 63589. 61048.]
Task is 12.00% complete.
t1_sim:[61198. 61036. 57200.] t2_sim:[58094. 58180. 55937.]
Task is 13.00% complete.
t1_sim:[60710. 60887. 63165.] t2_sim:[62564. 62941. 63818.]
Task is 14.00% complete.
t1_sim:[65415. 65433. 65287.] t2_sim:[67037. 66870. 65808.]
Task is 15.00% complete.
t1_sim:[60174. 60012. 60387.] t2_sim:[67304. 67459. 64207.]
Task is 16.00% complete.
t1_sim:[62021. 62024. 62480.] t2_sim:[57762. 57653. 61082.]
Task is 17.00% complete.
t1_sim:[57942. 58067. 55818.] t2_sim:[61044. 61167. 65728.]
Task is 18.00% complete.
t1_sim:[61494. 61336. 63148.] t2_sim:[66148. 66278. 62987.]
Task is 19.00% complete.
t1_sim:[64843. 64834. 64465.] t2_sim:[64442. 64740. 63275.]
Task is 20.00% complete.
t1_sim:[67384. 67578. 69139.] t2_sim:[63844. 63741. 61590.]
Task is 21.00% complete.
t1_sim:[62385. 62413. 58678.] t2_sim:[63988. 64019. 62686.]
Task is 22.00% complete.
t1_sim:[56514. 56645. 59132.] t2_sim:[63334. 63288. 63528.]
Task is 23.00% complete.
t1_sim:[68071. 68424. 65209.] t2_sim:[63477. 63655. 57678.]
Task is 24.00% complete.
t1_sim:[63610. 63419. 63480.] t2_sim:[58602. 58941. 56174.]
Task is 25.00% complete.
t1_sim:[61291. 60997. 61704.] t2_sim:[61184. 61233. 62327.]
Task is 26.00% complete.
t1_sim:[63457. 63321. 60102.] t2_sim:[62679. 62635. 60702.]
Task is 27.00% complete.
t1_sim:[62639. 62981. 63459.] t2_sim:[62383. 62060. 60508.]
Task is 28.00% complete.
t1_sim:[60443. 60393. 59992.] t2_sim:[61174. 60972. 61802.]
Task is 29.00% complete.
t1_sim:[60959. 61015. 61232.] t2_sim:[65640. 65652. 66708.]
Task is 30.00% complete.
t1_sim:[63517. 63869. 62742.] t2_sim:[60172. 60112. 61790.]
Task is 31.00% complete.
t1_sim:[61444. 61611. 60241.] t2_sim:[62421. 62720. 63379.]
Task is 32.00% complete.
t1_sim:[56313. 56243. 58549.] t2_sim:[62944. 62913. 61242.]
Task is 33.00% complete.
t1_sim:[57551. 58168. 59267.] t2_sim:[59780. 59640. 54745.]
Task is 34.00% complete.
t1_sim:[61293. 61423. 65635.] t2_sim:[67209. 67453. 67733.]
Task is 35.00% complete.
t1_sim:[64380. 64047. 59528.] t2_sim:[61628. 61599. 59090.]
Task is 36.00% complete.
t1_sim:[66145. 66038. 61338.] t2_sim:[67620. 67825. 66064.]
Task is 37.00% complete.
t1_sim:[65655. 65491. 65916.] t2_sim:[64311. 64018. 64631.]
Task is 38.00% complete.
t1_sim:[65901. 65929. 66160.] t2_sim:[64191. 63833. 63846.]
Task is 39.00% complete.
t1_sim:[55445. 55224. 58737.] t2_sim:[61118. 60741. 59842.]
Task is 40.00% complete.
t1_sim:[62582. 63027. 64872.] t2_sim:[57852. 58099. 63197.]
Task is 41.00% complete.
t1_sim:[66248. 66528. 68702.] t2_sim:[66806. 66966. 67084.]
Task is 42.00% complete.
t1_sim:[59026. 59393. 61045.] t2_sim:[68377. 68696. 64239.]
Task is 43.00% complete.
t1_sim:[68464. 68131. 71397.] t2_sim:[65073. 65362. 64557.]
Task is 44.00% complete.
t1_sim:[56980. 56641. 59202.] t2_sim:[58508. 58436. 61251.]
Task is 45.00% complete.
t1_sim:[62306. 62361. 59903.] t2_sim:[61312. 61175. 58912.]
Task is 46.00% complete.
t1_sim:[61119. 60684. 59733.] t2_sim:[61832. 62242. 64900.]
Task is 47.00% complete.
t1_sim:[59931. 59705. 60947.] t2_sim:[60112. 59884. 59154.]
Task is 48.00% complete.
t1_sim:[65482. 65647. 71526.] t2_sim:[60595. 60919. 66369.]
Task is 49.00% complete.
t1_sim:[62610. 62321. 62540.] t2_sim:[64788. 64969. 65133.]
Task is 50.00% complete.
t1_sim:[62605. 62257. 62001.] t2_sim:[66861. 66634. 66155.]
Task is 51.00% complete.
t1_sim:[64494. 64510. 62071.] t2_sim:[64240. 63988. 63741.]
Task is 52.00% complete.
t1_sim:[66489. 66269. 67263.] t2_sim:[66479. 66597. 66468.]
Task is 53.00% complete.
t1_sim:[60125. 60106. 60508.] t2_sim:[63489. 63397. 63000.]
Task is 54.00% complete.
t1_sim:[60089. 60245. 63850.] t2_sim:[61930. 61647. 60340.]
Task is 55.00% complete.
t1_sim:[62017. 62371. 59489.] t2_sim:[60058. 60262. 62047.]
Task is 56.00% complete.
t1_sim:[55817. 55749. 60729.] t2_sim:[63881. 63856. 64663.]
Task is 57.00% complete.
t1_sim:[62640. 62366. 60274.] t2_sim:[58850. 59158. 58643.]
Task is 58.00% complete.
t1_sim:[64809. 64635. 63416.] t2_sim:[61234. 61419. 58283.]
Task is 59.00% complete.
t1_sim:[60635. 60602. 61580.] t2_sim:[62592. 62347. 59586.]
Task is 60.00% complete.
t1_sim:[63551. 63805. 61532.] t2_sim:[65827. 65212. 63347.]
Task is 61.00% complete.
t1_sim:[68475. 68571. 69294.] t2_sim:[59066. 58920. 59406.]
Task is 62.00% complete.
t1_sim:[65620. 65521. 66515.] t2_sim:[63111. 63019. 62898.]
Task is 63.00% complete.
t1_sim:[63220. 63540. 63091.] t2_sim:[61185. 61148. 64678.]
Task is 64.00% complete.
t1_sim:[58550. 58588. 59572.] t2_sim:[62790. 62818. 65727.]
Task is 65.00% complete.
t1_sim:[62502. 62455. 60110.] t2_sim:[63675. 63708. 64120.]
Task is 66.00% complete.
t1_sim:[57581. 57654. 57177.] t2_sim:[59202. 59095. 58883.]
Task is 67.00% complete.
t1_sim:[58330. 58027. 59059.] t2_sim:[57853. 57875. 57096.]
Task is 68.00% complete.
t1_sim:[59871. 59587. 65172.] t2_sim:[59501. 59855. 60752.]
Task is 69.00% complete.
t1_sim:[63210. 62781. 66567.] t2_sim:[58439. 58033. 62743.]
Task is 70.00% complete.
t1_sim:[61543. 61595. 61031.] t2_sim:[59805. 59545. 57600.]
Task is 71.00% complete.
t1_sim:[68741. 69267. 68747.] t2_sim:[66988. 66965. 65633.]
Task is 72.00% complete.
t1_sim:[57957. 57759. 59260.] t2_sim:[60315. 59933. 60657.]
Task is 73.00% complete.
t1_sim:[57709. 57636. 59802.] t2_sim:[65416. 65160. 62565.]
Task is 74.00% complete.
t1_sim:[66779. 66746. 62779.] t2_sim:[64789. 64553. 64621.]
Task is 75.00% complete.
t1_sim:[66597. 66462. 67229.] t2_sim:[59301. 59151. 61178.]
Task is 76.00% complete.
t1_sim:[66435. 66569. 62071.] t2_sim:[63790. 63522. 66898.]
Task is 77.00% complete.
t1_sim:[59374. 59088. 57756.] t2_sim:[67075. 67027. 66092.]
Task is 78.00% complete.
t1_sim:[61175. 61462. 61322.] t2_sim:[63099. 62860. 60530.]
Task is 79.00% complete.
t1_sim:[59780. 59989. 63787.] t2_sim:[61078. 61201. 61369.]
Task is 80.00% complete.
t1_sim:[66577. 66586. 66018.] t2_sim:[64949. 65060. 64275.]
Task is 81.00% complete.
t1_sim:[63716. 63699. 58397.] t2_sim:[61097. 61238. 64433.]
Task is 82.00% complete.
t1_sim:[64614. 64851. 62723.] t2_sim:[60108. 60415. 59789.]
Task is 83.00% complete.
t1_sim:[59434. 59370. 58169.] t2_sim:[63576. 63416. 61462.]
Task is 84.00% complete.
t1_sim:[65528. 65854. 67981.] t2_sim:[59795. 59628. 63461.]
Task is 85.00% complete.
t1_sim:[60219. 60075. 61275.] t2_sim:[65843. 65764. 67035.]
Task is 86.00% complete.
t1_sim:[60559. 60317. 60833.] t2_sim:[59506. 59590. 60119.]
Task is 87.00% complete.
t1_sim:[68246. 68461. 69584.] t2_sim:[57994. 58489. 61297.]
Task is 88.00% complete.
t1_sim:[63438. 63489. 65213.] t2_sim:[58285. 58444. 62465.]
Task is 89.00% complete.
t1_sim:[63160. 63508. 61932.] t2_sim:[58790. 58862. 56027.]
Task is 90.00% complete.
t1_sim:[63864. 64213. 60870.] t2_sim:[63158. 63266. 58981.]
Task is 91.00% complete.
t1_sim:[66016. 65697. 65999.] t2_sim:[64538. 64487. 60498.]
Task is 92.00% complete.
t1_sim:[57989. 58463. 60871.] t2_sim:[62299. 61996. 63224.]
Task is 93.00% complete.
t1_sim:[69203. 68968. 66972.] t2_sim:[64308. 64379. 64317.]
Task is 94.00% complete.
t1_sim:[64263. 63921. 60495.] t2_sim:[67593. 67349. 63753.]
Task is 95.00% complete.
t1_sim:[64680. 64673. 61248.] t2_sim:[63604. 63510. 63545.]
Task is 96.00% complete.
t1_sim:[63661. 63597. 60814.] t2_sim:[58805. 58846. 58418.]
Task is 97.00% complete.
t1_sim:[64741. 64628. 61564.] t2_sim:[64280. 64222. 67106.]
Task is 98.00% complete.
t1_sim:[57879. 57928. 57556.] t2_sim:[63917. 63688. 62413.]
Task is 99.00% complete.
t1_sim:[64033. 64433. 64657.] t2_sim:[64654. 64741. 61912.]
Training start
t1_obs:[array(66169.), array(65994.), array(64496.)] t2_obs:[array(65098.), array(65192.), array(65401.)]
corr_G1:[None, None, 0.9988586490501976] corr_G2:[None, None, 0.9641909305818932]
Training end
Task is 0.00% complete.
t1_sim:[58043. 58222. 60338.] t2_sim:[62386. 62029. 62506.]
Task is 1.00% complete.
t1_sim:[65971. 66011. 65030.] t2_sim:[57815. 57623. 59854.]
Task is 2.00% complete.
t1_sim:[66622. 66984. 69969.] t2_sim:[59417. 59854. 60313.]
Task is 3.00% complete.
t1_sim:[61141. 61012. 59859.] t2_sim:[60246. 60607. 59245.]
Task is 4.00% complete.
t1_sim:[61520. 61786. 64019.] t2_sim:[57799. 57836. 58984.]
Task is 5.00% complete.
t1_sim:[59935. 60059. 59410.] t2_sim:[63055. 63297. 63705.]
Task is 6.00% complete.
t1_sim:[64525. 64233. 65433.] t2_sim:[65130. 65128. 62829.]
Task is 7.00% complete.
t1_sim:[61406. 61658. 58655.] t2_sim:[60791. 60476. 59423.]
Task is 8.00% complete.
t1_sim:[58019. 57628. 59281.] t2_sim:[62699. 62579. 61789.]
Task is 9.00% complete.
t1_sim:[62531. 63006. 63884.] t2_sim:[61221. 61266. 59691.]
Task is 10.00% complete.
t1_sim:[64481. 64502. 64438.] t2_sim:[60346. 60278. 62122.]
Task is 11.00% complete.
t1_sim:[62735. 62980. 62353.] t2_sim:[63254. 63636. 64601.]
Task is 12.00% complete.
t1_sim:[67176. 67026. 66840.] t2_sim:[67577. 67734. 67986.]
Task is 13.00% complete.
t1_sim:[62189. 62471. 63290.] t2_sim:[61880. 62365. 65532.]
Task is 14.00% complete.
t1_sim:[63787. 63791. 66604.] t2_sim:[66257. 65848. 65489.]
Task is 15.00% complete.
t1_sim:[64804. 64590. 64274.] t2_sim:[64817. 64524. 63325.]
Task is 16.00% complete.
t1_sim:[66351. 66603. 64477.] t2_sim:[65305. 65524. 65313.]
Task is 17.00% complete.
t1_sim:[60193. 60284. 60880.] t2_sim:[66034. 65677. 65023.]
Task is 18.00% complete.
t1_sim:[62400. 62680. 64629.] t2_sim:[66436. 66387. 64312.]
Task is 19.00% complete.
t1_sim:[60606. 60795. 59823.] t2_sim:[60096. 60027. 57909.]
Task is 20.00% complete.
t1_sim:[60849. 60328. 60873.] t2_sim:[57928. 58420. 57489.]
Task is 21.00% complete.
t1_sim:[64344. 64301. 63634.] t2_sim:[66559. 67049. 70678.]
Task is 22.00% complete.
t1_sim:[58834. 58790. 60539.] t2_sim:[63297. 63464. 66415.]
Task is 23.00% complete.
t1_sim:[58712. 58548. 60352.] t2_sim:[61968. 62355. 63708.]
Task is 24.00% complete.
t1_sim:[56425. 56621. 54711.] t2_sim:[63977. 63645. 63792.]
Task is 25.00% complete.
t1_sim:[60349. 60592. 61736.] t2_sim:[61004. 60866. 61702.]
Task is 26.00% complete.
t1_sim:[53763. 53683. 56575.] t2_sim:[55876. 55836. 57249.]
Task is 27.00% complete.
t1_sim:[61774. 61840. 61681.] t2_sim:[61039. 60915. 61942.]
Task is 28.00% complete.
t1_sim:[60801. 61055. 61965.] t2_sim:[56640. 56365. 59082.]
Task is 29.00% complete.
t1_sim:[69434. 69293. 70036.] t2_sim:[61098. 60792. 63452.]
Task is 30.00% complete.
t1_sim:[64287. 64186. 62053.] t2_sim:[60205. 60685. 60824.]
Task is 31.00% complete.
t1_sim:[56449. 55698. 56871.] t2_sim:[62802. 62410. 63426.]
Task is 32.00% complete.
t1_sim:[60612. 60789. 60315.] t2_sim:[62180. 61673. 62102.]
Task is 33.00% complete.
t1_sim:[60203. 60121. 59132.] t2_sim:[64629. 64792. 63996.]
Task is 34.00% complete.
t1_sim:[66151. 65856. 65590.] t2_sim:[65109. 65060. 65441.]
Task is 35.00% complete.
t1_sim:[64007. 64039. 64907.] t2_sim:[63070. 63142. 60072.]
Task is 36.00% complete.
t1_sim:[64880. 64862. 65933.] t2_sim:[68771. 68432. 67352.]
Task is 37.00% complete.
t1_sim:[59462. 59283. 61305.] t2_sim:[63245. 63554. 63944.]
Task is 38.00% complete.
t1_sim:[66535. 66454. 66075.] t2_sim:[64247. 63854. 63221.]
Task is 39.00% complete.
t1_sim:[65766. 65426. 65776.] t2_sim:[66010. 65517. 65384.]
Task is 40.00% complete.
t1_sim:[57281. 57308. 54508.] t2_sim:[58022. 57591. 56928.]
Task is 41.00% complete.
t1_sim:[59950. 59483. 60131.] t2_sim:[65476. 65881. 64957.]
Task is 42.00% complete.
t1_sim:[60810. 60865. 62588.] t2_sim:[59818. 59575. 59323.]
Task is 43.00% complete.
t1_sim:[60491. 60293. 59761.] t2_sim:[64400. 64355. 64617.]
Task is 44.00% complete.
t1_sim:[60940. 61219. 64073.] t2_sim:[61722. 61660. 63491.]
Task is 45.00% complete.
t1_sim:[61951. 62028. 64248.] t2_sim:[54701. 55108. 58006.]
Task is 46.00% complete.
t1_sim:[66230. 66556. 65562.] t2_sim:[63464. 63428. 63598.]
Task is 47.00% complete.
t1_sim:[60090. 60081. 58132.] t2_sim:[63753. 63952. 62526.]
Task is 48.00% complete.
t1_sim:[62330. 62433. 63066.] t2_sim:[65342. 65646. 65046.]
Task is 49.00% complete.
t1_sim:[62807. 63008. 61885.] t2_sim:[64730. 64626. 63284.]
Task is 50.00% complete.
t1_sim:[63972. 63739. 64247.] t2_sim:[56681. 56628. 56508.]
Task is 51.00% complete.
t1_sim:[59177. 59427. 59537.] t2_sim:[61931. 62343. 62460.]
Task is 52.00% complete.
t1_sim:[58084. 57654. 57138.] t2_sim:[65181. 65221. 64068.]
Task is 53.00% complete.
t1_sim:[63482. 63500. 64622.] t2_sim:[58818. 58549. 57189.]
Task is 54.00% complete.
t1_sim:[68175. 68023. 68604.] t2_sim:[63768. 64008. 66613.]
Task is 55.00% complete.
t1_sim:[64829. 64702. 61965.] t2_sim:[56707. 56677. 55623.]
Task is 56.00% complete.
t1_sim:[63796. 64277. 63740.] t2_sim:[62666. 63055. 64253.]
Task is 57.00% complete.
t1_sim:[63572. 63643. 64592.] t2_sim:[61472. 61532. 61227.]
Task is 58.00% complete.
t1_sim:[59244. 59366. 59728.] t2_sim:[59399. 59757. 59142.]
Task is 59.00% complete.
t1_sim:[63188. 63295. 60785.] t2_sim:[67751. 67624. 67844.]
Task is 60.00% complete.
t1_sim:[64955. 64935. 66280.] t2_sim:[55109. 54988. 55542.]
Task is 61.00% complete.
t1_sim:[61160. 61374. 63242.] t2_sim:[62158. 62412. 64589.]
Task is 62.00% complete.
t1_sim:[61783. 61610. 63574.] t2_sim:[62067. 62131. 64797.]
Task is 63.00% complete.
t1_sim:[61444. 61123. 60681.] t2_sim:[60303. 60689. 62535.]
Task is 64.00% complete.
t1_sim:[57971. 57951. 58960.] t2_sim:[60600. 60981. 62580.]
Task is 65.00% complete.
t1_sim:[59683. 59459. 57139.] t2_sim:[59424. 59498. 61840.]
Task is 66.00% complete.
t1_sim:[62542. 62294. 62681.] t2_sim:[62628. 62400. 62669.]
Task is 67.00% complete.
t1_sim:[60742. 60581. 62444.] t2_sim:[60461. 60662. 59470.]
Task is 68.00% complete.
t1_sim:[69669. 69810. 69748.] t2_sim:[58629. 58761. 59996.]
Task is 69.00% complete.
t1_sim:[62155. 62286. 61511.] t2_sim:[65553. 65821. 67017.]
Task is 70.00% complete.
t1_sim:[63472. 63550. 64751.] t2_sim:[58784. 59108. 60979.]
Task is 71.00% complete.
t1_sim:[65245. 65169. 62989.] t2_sim:[59215. 59038. 59446.]
Task is 72.00% complete.
t1_sim:[57986. 57680. 57219.] t2_sim:[62685. 62242. 62215.]
Task is 73.00% complete.
t1_sim:[65177. 65296. 65629.] t2_sim:[60053. 60308. 62915.]
Task is 74.00% complete.
t1_sim:[64481. 64752. 64468.] t2_sim:[60511. 60513. 58863.]
Task is 75.00% complete.
t1_sim:[63726. 63895. 62684.] t2_sim:[60905. 60599. 58480.]
Task is 76.00% complete.
t1_sim:[59083. 59184. 61727.] t2_sim:[58425. 58882. 59969.]
Task is 77.00% complete.
t1_sim:[61100. 60891. 62006.] t2_sim:[63200. 63395. 63232.]
Task is 78.00% complete.
t1_sim:[67912. 68034. 67205.] t2_sim:[62674. 62737. 62839.]
Task is 79.00% complete.
t1_sim:[66139. 66569. 65472.] t2_sim:[62001. 61925. 62643.]
Task is 80.00% complete.
t1_sim:[62205. 62158. 64109.] t2_sim:[66573. 66150. 65151.]
Task is 81.00% complete.
t1_sim:[63052. 63112. 64654.] t2_sim:[68389. 68886. 71144.]
Task is 82.00% complete.
t1_sim:[65981. 66100. 65740.] t2_sim:[63153. 62586. 63587.]
Task is 83.00% complete.
t1_sim:[60918. 60777. 62914.] t2_sim:[66185. 66069. 65247.]
Task is 84.00% complete.
t1_sim:[65165. 65103. 65470.] t2_sim:[59267. 59204. 59354.]
Task is 85.00% complete.
t1_sim:[57803. 57945. 60462.] t2_sim:[63939. 63796. 61120.]
Task is 86.00% complete.
t1_sim:[67209. 66890. 65073.] t2_sim:[62050. 62239. 63204.]
Task is 87.00% complete.
t1_sim:[60872. 61132. 63634.] t2_sim:[64397. 64152. 64242.]
Task is 88.00% complete.
t1_sim:[64294. 64033. 61053.] t2_sim:[68496. 68433. 69121.]
Task is 89.00% complete.
t1_sim:[58444. 58585. 58577.] t2_sim:[61852. 61625. 60956.]
Task is 90.00% complete.
t1_sim:[62372. 62687. 64003.] t2_sim:[63899. 64017. 63578.]
Task is 91.00% complete.
t1_sim:[63608. 63618. 61481.] t2_sim:[64433. 64434. 64866.]
Task is 92.00% complete.
t1_sim:[66912. 67115. 66816.] t2_sim:[62292. 61897. 61179.]
Task is 93.00% complete.
t1_sim:[61847. 61846. 61617.] t2_sim:[61640. 61630. 59673.]
Task is 94.00% complete.
t1_sim:[60287. 59845. 63667.] t2_sim:[59682. 59980. 60012.]
Task is 95.00% complete.
t1_sim:[62544. 62331. 61943.] t2_sim:[62272. 62404. 63932.]
Task is 96.00% complete.
t1_sim:[59079. 58897. 58821.] t2_sim:[63147. 62580. 60465.]
Task is 97.00% complete.
t1_sim:[60355. 60031. 63989.] t2_sim:[62250. 62331. 60455.]
Task is 98.00% complete.
t1_sim:[62761. 62886. 62548.] t2_sim:[61707. 62021. 64283.]
Task is 99.00% complete.
t1_sim:[64797. 64894. 64436.] t2_sim:[58158. 58029. 57360.]
Training start
t1_obs:[array(66169.), array(65994.), array(64295.)] t2_obs:[array(65098.), array(65192.), array(64912.)]
corr_G1:[None, None, 0.07209418599708067] corr_G2:[None, None, 0.03975550047571309]
Training end
Task is 0.00% complete.
t1_sim:[65059. 65121. 63733.] t2_sim:[62488. 62152. 64273.]
Task is 1.00% complete.
t1_sim:[72781. 72388. 69650.] t2_sim:[64130. 64201. 64317.]
Task is 2.00% complete.
t1_sim:[58816. 58892. 57756.] t2_sim:[64812. 64697. 65109.]
Task is 3.00% complete.
t1_sim:[63609. 63571. 63206.] t2_sim:[65692. 65504. 65730.]
Task is 4.00% complete.
t1_sim:[60012. 60023. 62847.] t2_sim:[57599. 58086. 56306.]
Task is 5.00% complete.
t1_sim:[65642. 65684. 64142.] t2_sim:[65440. 65582. 65166.]
Task is 6.00% complete.
t1_sim:[62851. 62652. 63637.] t2_sim:[62943. 62833. 61201.]
Task is 7.00% complete.
t1_sim:[58458. 58712. 58901.] t2_sim:[61722. 61615. 61418.]
Task is 8.00% complete.
t1_sim:[68598. 68369. 68598.] t2_sim:[64631. 64601. 64188.]
Task is 9.00% complete.
t1_sim:[59541. 59336. 60128.] t2_sim:[65531. 65041. 62181.]
Task is 10.00% complete.
t1_sim:[66249. 66467. 66349.] t2_sim:[61192. 60931. 59584.]
Task is 11.00% complete.
t1_sim:[56110. 56102. 56651.] t2_sim:[61635. 62111. 63097.]
Task is 12.00% complete.
t1_sim:[62225. 62501. 61718.] t2_sim:[61590. 61366. 64242.]
Task is 13.00% complete.
t1_sim:[61854. 61617. 59923.] t2_sim:[68445. 68692. 67996.]
Task is 14.00% complete.
t1_sim:[59882. 59488. 59287.] t2_sim:[62543. 62109. 61286.]
Task is 15.00% complete.
t1_sim:[64757. 64843. 62751.] t2_sim:[62056. 62544. 62921.]
Task is 16.00% complete.
t1_sim:[58264. 58363. 59236.] t2_sim:[64835. 64892. 65085.]
Task is 17.00% complete.
t1_sim:[63441. 63439. 65068.] t2_sim:[60784. 60772. 59495.]
Task is 18.00% complete.
t1_sim:[64871. 64774. 65444.] t2_sim:[63194. 63080. 61030.]
Task is 19.00% complete.
t1_sim:[63392. 63519. 62762.] t2_sim:[66227. 66153. 65917.]
Task is 20.00% complete.
t1_sim:[61241. 61204. 59044.] t2_sim:[60648. 60153. 60791.]
Task is 21.00% complete.
t1_sim:[62173. 62303. 63812.] t2_sim:[65162. 64959. 62140.]
Task is 22.00% complete.
t1_sim:[67535. 67694. 68977.] t2_sim:[64830. 64961. 67357.]
Task is 23.00% complete.
t1_sim:[63186. 63292. 60524.] t2_sim:[61436. 61547. 59849.]
Task is 24.00% complete.
t1_sim:[65262. 65202. 63932.] t2_sim:[57394. 57261. 59342.]
Task is 25.00% complete.
t1_sim:[67731. 67669. 69154.] t2_sim:[67199. 67777. 67318.]
Task is 26.00% complete.
t1_sim:[61606. 61546. 61440.] t2_sim:[62105. 62582. 62084.]
Task is 27.00% complete.
t1_sim:[59051. 59020. 61092.] t2_sim:[66241. 66097. 62585.]
Task is 28.00% complete.
t1_sim:[66421. 66404. 65782.] t2_sim:[60513. 60754. 63630.]
Task is 29.00% complete.
t1_sim:[64380. 64377. 63602.] t2_sim:[61197. 61202. 61129.]
Task is 30.00% complete.
t1_sim:[64410. 65026. 63421.] t2_sim:[62634. 62832. 66484.]
Task is 31.00% complete.
t1_sim:[65972. 66342. 67953.] t2_sim:[70609. 70514. 69067.]
Task is 32.00% complete.
t1_sim:[60244. 60766. 61104.] t2_sim:[60906. 61565. 63659.]
Task is 33.00% complete.
t1_sim:[61385. 61364. 61227.] t2_sim:[65365. 65434. 63516.]
Task is 34.00% complete.
t1_sim:[63264. 63187. 58040.] t2_sim:[62294. 62374. 62611.]
Task is 35.00% complete.
t1_sim:[61950. 61972. 66030.] t2_sim:[59075. 59123. 57523.]
Task is 36.00% complete.
t1_sim:[65339. 65073. 65329.] t2_sim:[63902. 64430. 65151.]
Task is 37.00% complete.
t1_sim:[59857. 59712. 62851.] t2_sim:[64493. 64441. 65173.]
Task is 38.00% complete.
t1_sim:[63536. 63567. 63354.] t2_sim:[67146. 67185. 63520.]
Task is 39.00% complete.
t1_sim:[63549. 63670. 63572.] t2_sim:[65751. 65903. 66720.]
Task is 40.00% complete.
t1_sim:[61273. 61203. 60697.] t2_sim:[62448. 62255. 64425.]
Task is 41.00% complete.
t1_sim:[66346. 66260. 66242.] t2_sim:[59847. 60277. 61191.]
Task is 42.00% complete.
t1_sim:[61748. 61348. 60268.] t2_sim:[62910. 62738. 62586.]
Task is 43.00% complete.
t1_sim:[64075. 64256. 63207.] t2_sim:[58799. 59139. 59401.]
Task is 44.00% complete.
t1_sim:[63543. 63583. 61189.] t2_sim:[60508. 60664. 59798.]
Task is 45.00% complete.
t1_sim:[60223. 60416. 61577.] t2_sim:[58274. 58215. 60300.]
Task is 46.00% complete.
t1_sim:[62360. 62527. 64453.] t2_sim:[54658. 54934. 54725.]
Task is 47.00% complete.
t1_sim:[60567. 60703. 60026.] t2_sim:[61926. 62146. 61783.]
Task is 48.00% complete.
t1_sim:[58672. 58781. 61270.] t2_sim:[57692. 57823. 56633.]
Task is 49.00% complete.
t1_sim:[61766. 61384. 59901.] t2_sim:[67961. 67359. 65123.]
Task is 50.00% complete.
t1_sim:[60620. 60277. 62155.] t2_sim:[64290. 64199. 64317.]
Task is 51.00% complete.
t1_sim:[64167. 64571. 65513.] t2_sim:[67521. 67160. 67411.]
Task is 52.00% complete.
t1_sim:[61876. 61708. 63001.] t2_sim:[63367. 62896. 60844.]
Task is 53.00% complete.
t1_sim:[61914. 62032. 60285.] t2_sim:[61593. 61502. 62437.]
Task is 54.00% complete.
t1_sim:[67144. 67067. 63680.] t2_sim:[65627. 65773. 65861.]
Task is 55.00% complete.
t1_sim:[64891. 65120. 64824.] t2_sim:[61690. 61913. 62613.]
Task is 56.00% complete.
t1_sim:[60725. 60728. 59139.] t2_sim:[55378. 55827. 57252.]
Task is 57.00% complete.
t1_sim:[65778. 65951. 68049.] t2_sim:[61508. 61812. 60722.]
Task is 58.00% complete.
t1_sim:[58317. 58252. 57776.] t2_sim:[66563. 66706. 65330.]
Task is 59.00% complete.
t1_sim:[68612. 68843. 69258.] t2_sim:[66777. 66838. 63013.]
Task is 60.00% complete.
t1_sim:[59659. 59619. 63005.] t2_sim:[64421. 64608. 67152.]
Task is 61.00% complete.
t1_sim:[64202. 64533. 64318.] t2_sim:[62433. 62549. 65644.]
Task is 62.00% complete.
t1_sim:[67093. 66899. 67312.] t2_sim:[67900. 67685. 67314.]
Task is 63.00% complete.
t1_sim:[56308. 56179. 55518.] t2_sim:[59502. 59209. 57766.]
Task is 64.00% complete.
t1_sim:[59508. 59481. 58266.] t2_sim:[60886. 60955. 61551.]
Task is 65.00% complete.
t1_sim:[65119. 64909. 65957.] t2_sim:[65372. 64842. 65129.]
Task is 66.00% complete.
t1_sim:[59522. 59327. 61167.] t2_sim:[57417. 57847. 57739.]
Task is 67.00% complete.
t1_sim:[53972. 54239. 54929.] t2_sim:[63094. 63266. 63210.]
Task is 68.00% complete.
t1_sim:[67031. 67174. 67139.] t2_sim:[66817. 66998. 68154.]
Task is 69.00% complete.
t1_sim:[60836. 61250. 63842.] t2_sim:[67194. 67154. 64255.]
Task is 70.00% complete.
t1_sim:[62174. 61861. 63198.] t2_sim:[64041. 64310. 65200.]
Task is 71.00% complete.
t1_sim:[59887. 59881. 61318.] t2_sim:[64464. 64097. 64161.]
Task is 72.00% complete.
t1_sim:[66823. 66292. 64646.] t2_sim:[61759. 61953. 60476.]
Task is 73.00% complete.
t1_sim:[61165. 61104. 61173.] t2_sim:[62004. 61947. 59404.]
Task is 74.00% complete.
t1_sim:[63428. 63553. 62475.] t2_sim:[62857. 63237. 63775.]
Task is 75.00% complete.
t1_sim:[58762. 58669. 58899.] t2_sim:[63350. 63757. 65290.]
Task is 76.00% complete.
t1_sim:[60101. 59920. 59968.] t2_sim:[61489. 61551. 61012.]
Task is 77.00% complete.
t1_sim:[66453. 66165. 66409.] t2_sim:[60856. 60318. 60142.]
Task is 78.00% complete.
t1_sim:[64808. 64841. 63240.] t2_sim:[60099. 60056. 59313.]
Task is 79.00% complete.
t1_sim:[59169. 59257. 58034.] t2_sim:[57252. 57451. 57001.]
Task is 80.00% complete.
t1_sim:[58132. 57942. 57500.] t2_sim:[61154. 61044. 61800.]
Task is 81.00% complete.
t1_sim:[59380. 59506. 58037.] t2_sim:[61457. 61624. 61984.]
Task is 82.00% complete.
t1_sim:[62538. 62447. 62450.] t2_sim:[59596. 59426. 58422.]
Task is 83.00% complete.
t1_sim:[68437. 68320. 66158.] t2_sim:[61907. 61601. 61101.]
Task is 84.00% complete.
t1_sim:[61869. 62290. 61032.] t2_sim:[58249. 58262. 57748.]
Task is 85.00% complete.
t1_sim:[60619. 60768. 60685.] t2_sim:[63330. 63284. 63807.]
Task is 86.00% complete.
t1_sim:[63898. 63995. 67678.] t2_sim:[58300. 58955. 58361.]
Task is 87.00% complete.
t1_sim:[69167. 69202. 67807.] t2_sim:[66119. 66011. 65138.]
Task is 88.00% complete.
t1_sim:[57868. 57515. 57350.] t2_sim:[57429. 57252. 56594.]
Task is 89.00% complete.
t1_sim:[61184. 61098. 60925.] t2_sim:[63869. 63953. 62287.]
Task is 90.00% complete.
t1_sim:[60551. 60310. 58001.] t2_sim:[64749. 64750. 65494.]
Task is 91.00% complete.
t1_sim:[60114. 59996. 63067.] t2_sim:[60221. 60318. 58859.]
Task is 92.00% complete.
t1_sim:[61645. 61747. 61100.] t2_sim:[64114. 64508. 65212.]
Task is 93.00% complete.
t1_sim:[67100. 67427. 66048.] t2_sim:[63091. 63155. 62198.]
Task is 94.00% complete.
t1_sim:[61031. 60793. 63148.] t2_sim:[63080. 62841. 64165.]
Task is 95.00% complete.
t1_sim:[68074. 67731. 65178.] t2_sim:[67068. 67235. 68447.]
Task is 96.00% complete.
t1_sim:[59853. 59787. 58945.] t2_sim:[69223. 69404. 68025.]
Task is 97.00% complete.
t1_sim:[56850. 56943. 56484.] t2_sim:[57247. 57480. 58817.]
Task is 98.00% complete.
t1_sim:[65352. 65618. 64114.] t2_sim:[64405. 64515. 64795.]
Task is 99.00% complete.
t1_sim:[69068. 68793. 67759.] t2_sim:[63504. 63273. 63729.]
Finished
