/scratch/jz4721/Post-prediction-Causal-Inference/venv/lib/python3.8/site-packages/numpy/core/getlimits.py:518: UserWarning: The value of the smallest subnormal for <class 'numpy.float64'> type is zero.
  setattr(self, word, getattr(machar, word).flat[0])
/scratch/jz4721/Post-prediction-Causal-Inference/venv/lib/python3.8/site-packages/numpy/core/getlimits.py:89: UserWarning: The value of the smallest subnormal for <class 'numpy.float64'> type is zero.
  return self._float_to_str(self.smallest_subnormal)
/scratch/jz4721/Post-prediction-Causal-Inference/venv/lib/python3.8/site-packages/numpy/core/getlimits.py:518: UserWarning: The value of the smallest subnormal for <class 'numpy.float32'> type is zero.
  setattr(self, word, getattr(machar, word).flat[0])
/scratch/jz4721/Post-prediction-Causal-Inference/venv/lib/python3.8/site-packages/numpy/core/getlimits.py:89: UserWarning: The value of the smallest subnormal for <class 'numpy.float32'> type is zero.
  return self._float_to_str(self.smallest_subnormal)
Training start
t1_obs:[array(65368.), array(65353.), array(65751.)] t2_obs:[array(57357.), array(57867.), array(59733.)]
corr_G1:[None, None, -1.4904395579366335e-17] corr_G2:[None, None, 0]
Training end
Task is 0.00% complete.
t1_sim:[61344. 61235. 65109.] t2_sim:[64788. 64159. 59412.]
Task is 1.00% complete.
t1_sim:[65795. 65645. 62273.] t2_sim:[60095. 59969. 59080.]
Task is 2.00% complete.
t1_sim:[56262. 56276. 58333.] t2_sim:[59134. 59264. 58903.]
Task is 3.00% complete.
t1_sim:[58096. 57693. 62484.] t2_sim:[65095. 64837. 64632.]
Task is 4.00% complete.
t1_sim:[62648. 62804. 61667.] t2_sim:[62979. 63536. 62960.]
Task is 5.00% complete.
t1_sim:[64075. 63451. 64693.] t2_sim:[57093. 57583. 60066.]
Task is 6.00% complete.
t1_sim:[64053. 64140. 65679.] t2_sim:[65778. 65524. 64090.]
Task is 7.00% complete.
t1_sim:[59258. 59198. 58152.] t2_sim:[66449. 66291. 62066.]
Task is 8.00% complete.
t1_sim:[56216. 55945. 58071.] t2_sim:[60004. 59966. 64251.]
Task is 9.00% complete.
t1_sim:[64823. 65151. 65222.] t2_sim:[62617. 62261. 62684.]
Task is 10.00% complete.
t1_sim:[58419. 58390. 58787.] t2_sim:[61641. 61337. 64093.]
Task is 11.00% complete.
t1_sim:[56582. 56503. 55721.] t2_sim:[59146. 59327. 60996.]
Task is 12.00% complete.
t1_sim:[62609. 63012. 61903.] t2_sim:[62330. 62428. 59829.]
Task is 13.00% complete.
t1_sim:[64516. 64850. 64762.] t2_sim:[67759. 68014. 68067.]
Task is 14.00% complete.
t1_sim:[58068. 58274. 58843.] t2_sim:[62342. 63050. 62311.]
Task is 15.00% complete.
t1_sim:[63955. 64073. 64458.] t2_sim:[62118. 61754. 62675.]
Task is 16.00% complete.
t1_sim:[62524. 62629. 66546.] t2_sim:[69332. 69712. 68000.]
Task is 17.00% complete.
t1_sim:[56969. 57054. 63680.] t2_sim:[64351. 63793. 59498.]
Task is 18.00% complete.
t1_sim:[64831. 65126. 63403.] t2_sim:[61530. 61535. 65264.]
Task is 19.00% complete.
t1_sim:[68669. 68319. 65953.] t2_sim:[61049. 60843. 61657.]
Task is 20.00% complete.
t1_sim:[63542. 63458. 64437.] t2_sim:[60228. 60195. 59389.]
Task is 21.00% complete.
t1_sim:[67428. 67567. 65013.] t2_sim:[61438. 60794. 59776.]
Task is 22.00% complete.
t1_sim:[63217. 63095. 64448.] t2_sim:[63637. 62898. 60804.]
Task is 23.00% complete.
t1_sim:[61722. 61993. 65626.] t2_sim:[60376. 60104. 59221.]
Task is 24.00% complete.
t1_sim:[61177. 60909. 62947.] t2_sim:[63329. 63130. 63762.]
Task is 25.00% complete.
t1_sim:[65996. 65692. 65366.] t2_sim:[61107. 61052. 61480.]
Task is 26.00% complete.
t1_sim:[64251. 64612. 63611.] t2_sim:[66351. 65990. 67390.]
Task is 27.00% complete.
t1_sim:[58539. 58229. 56628.] t2_sim:[60531. 60651. 61514.]
Task is 28.00% complete.
t1_sim:[60228. 60351. 60748.] t2_sim:[62439. 62645. 60867.]
Task is 29.00% complete.
t1_sim:[64420. 64360. 64816.] t2_sim:[67190. 67285. 66610.]
Task is 30.00% complete.
t1_sim:[59442. 59136. 60815.] t2_sim:[64959. 64710. 65586.]
Task is 31.00% complete.
t1_sim:[67997. 67893. 64411.] t2_sim:[59501. 58610. 56313.]
Task is 32.00% complete.
t1_sim:[63461. 63384. 67171.] t2_sim:[56698. 56632. 60648.]
Task is 33.00% complete.
t1_sim:[61975. 61850. 61144.] t2_sim:[59986. 60200. 57909.]
Task is 34.00% complete.
t1_sim:[64125. 64080. 58695.] t2_sim:[58833. 59100. 59860.]
Task is 35.00% complete.
t1_sim:[68233. 68309. 69425.] t2_sim:[60135. 60093. 58327.]
Task is 36.00% complete.
t1_sim:[63026. 62942. 61383.] t2_sim:[59566. 59125. 56989.]
Task is 37.00% complete.
t1_sim:[63475. 63179. 62086.] t2_sim:[58746. 58697. 58428.]
Task is 38.00% complete.
t1_sim:[66868. 67315. 64873.] t2_sim:[59366. 59252. 61134.]
Task is 39.00% complete.
t1_sim:[57138. 57491. 59633.] t2_sim:[60053. 60025. 61461.]
Task is 40.00% complete.
t1_sim:[65646. 65559. 63253.] t2_sim:[56556. 56637. 56880.]
Task is 41.00% complete.
t1_sim:[60972. 61169. 61307.] t2_sim:[57419. 57886. 60869.]
Task is 42.00% complete.
t1_sim:[62509. 62806. 65726.] t2_sim:[59866. 59846. 63090.]
Task is 43.00% complete.
t1_sim:[59281. 59561. 59946.] t2_sim:[58259. 58612. 61333.]
Task is 44.00% complete.
t1_sim:[61070. 61174. 59696.] t2_sim:[63919. 63932. 64164.]
Task is 45.00% complete.
t1_sim:[60075. 60687. 57597.] t2_sim:[60981. 61300. 61200.]
Task is 46.00% complete.
t1_sim:[61906. 61876. 63701.] t2_sim:[62545. 62313. 59931.]
Task is 47.00% complete.
t1_sim:[61087. 61289. 59626.] t2_sim:[67760. 68099. 65962.]
Task is 48.00% complete.
t1_sim:[61069. 61098. 61203.] t2_sim:[63476. 63806. 62207.]
Task is 49.00% complete.
t1_sim:[62532. 62717. 62536.] t2_sim:[66894. 67270. 66454.]
Task is 50.00% complete.
t1_sim:[57323. 57289. 60801.] t2_sim:[61422. 61281. 63195.]
Task is 51.00% complete.
t1_sim:[58815. 58780. 58444.] t2_sim:[59906. 59713. 61224.]
Task is 52.00% complete.
t1_sim:[62151. 62372. 62195.] t2_sim:[63873. 63948. 66988.]
Task is 53.00% complete.
t1_sim:[68438. 68733. 67423.] t2_sim:[64143. 64416. 62497.]
Task is 54.00% complete.
t1_sim:[61158. 61023. 61749.] t2_sim:[64073. 64465. 65212.]
Task is 55.00% complete.
t1_sim:[62771. 62675. 63820.] t2_sim:[67828. 68121. 70115.]
Task is 56.00% complete.
t1_sim:[63137. 63147. 66379.] t2_sim:[69406. 69737. 70704.]
Task is 57.00% complete.
t1_sim:[65465. 65495. 59808.] t2_sim:[60524. 60429. 62808.]
Task is 58.00% complete.
t1_sim:[59255. 59236. 60667.] t2_sim:[60614. 60825. 62251.]
Task is 59.00% complete.
t1_sim:[67614. 67927. 66323.] t2_sim:[61373. 61277. 63350.]
Task is 60.00% complete.
t1_sim:[60258. 60365. 63838.] t2_sim:[58947. 59288. 59659.]
Task is 61.00% complete.
t1_sim:[60650. 60431. 61289.] t2_sim:[61674. 61838. 62510.]
Task is 62.00% complete.
t1_sim:[60449. 60606. 58770.] t2_sim:[60802. 60784. 61470.]
Task is 63.00% complete.
t1_sim:[63300. 62948. 62870.] t2_sim:[59595. 59752. 58725.]
Task is 64.00% complete.
t1_sim:[67510. 67287. 67554.] t2_sim:[63241. 63890. 62433.]
Task is 65.00% complete.
t1_sim:[61102. 60902. 58732.] t2_sim:[60548. 60666. 63497.]
Task is 66.00% complete.
t1_sim:[68441. 68399. 66353.] t2_sim:[66117. 65714. 64335.]
Task is 67.00% complete.
t1_sim:[63932. 64053. 64936.] t2_sim:[62464. 62248. 63798.]
Task is 68.00% complete.
t1_sim:[60851. 60762. 63143.] t2_sim:[68585. 68473. 69259.]
Task is 69.00% complete.
t1_sim:[61218. 61327. 61096.] t2_sim:[63767. 63564. 67302.]
Task is 70.00% complete.
t1_sim:[65779. 66177. 68551.] t2_sim:[61968. 62366. 66369.]
Task is 71.00% complete.
t1_sim:[59576. 59506. 63446.] t2_sim:[62499. 62255. 63373.]
Task is 72.00% complete.
t1_sim:[63012. 63883. 68471.] t2_sim:[62894. 62193. 64389.]
Task is 73.00% complete.
t1_sim:[60296. 60350. 59855.] t2_sim:[65485. 65441. 61281.]
Task is 74.00% complete.
t1_sim:[68252. 68171. 66753.] t2_sim:[65712. 65402. 64513.]
Task is 75.00% complete.
t1_sim:[64082. 63647. 65951.] t2_sim:[64747. 65031. 62936.]
Task is 76.00% complete.
t1_sim:[61775. 62184. 62723.] t2_sim:[59994. 59461. 56311.]
Task is 77.00% complete.
t1_sim:[57397. 57286. 60819.] t2_sim:[58359. 58125. 62744.]
Task is 78.00% complete.
t1_sim:[61517. 61187. 63210.] t2_sim:[66051. 65678. 65028.]
Task is 79.00% complete.
t1_sim:[63295. 63131. 62211.] t2_sim:[62842. 63155. 62592.]
Task is 80.00% complete.
t1_sim:[62555. 62589. 59518.] t2_sim:[64428. 65144. 64033.]
Task is 81.00% complete.
t1_sim:[65988. 66013. 69128.] t2_sim:[61472. 61460. 61178.]
Task is 82.00% complete.
t1_sim:[62112. 61889. 59388.] t2_sim:[64128. 64183. 65399.]
Task is 83.00% complete.
t1_sim:[61409. 61273. 60839.] t2_sim:[66822. 66754. 68112.]
Task is 84.00% complete.
t1_sim:[59605. 59839. 59118.] t2_sim:[56029. 55909. 55293.]
Task is 85.00% complete.
t1_sim:[59677. 59633. 60585.] t2_sim:[62738. 62378. 60881.]
Task is 86.00% complete.
t1_sim:[66998. 67125. 63699.] t2_sim:[60743. 61060. 59265.]
Task is 87.00% complete.
t1_sim:[63751. 63582. 58051.] t2_sim:[64012. 63607. 62870.]
Task is 88.00% complete.
t1_sim:[62877. 63131. 66992.] t2_sim:[62871. 62707. 62987.]
Task is 89.00% complete.
t1_sim:[60378. 60096. 59014.] t2_sim:[62867. 62832. 62610.]
Task is 90.00% complete.
t1_sim:[66141. 65769. 62292.] t2_sim:[67537. 67060. 63812.]
Task is 91.00% complete.
t1_sim:[60614. 60649. 60356.] t2_sim:[64238. 63906. 59922.]
Task is 92.00% complete.
t1_sim:[65106. 64977. 66550.] t2_sim:[69161. 68941. 66563.]
Task is 93.00% complete.
t1_sim:[62729. 63003. 62664.] t2_sim:[63491. 63498. 63059.]
Task is 94.00% complete.
t1_sim:[58088. 57882. 58599.] t2_sim:[61197. 61689. 63955.]
Task is 95.00% complete.
t1_sim:[60887. 61224. 59958.] t2_sim:[61368. 61369. 63283.]
Task is 96.00% complete.
t1_sim:[65470. 65627. 64983.] t2_sim:[60893. 61041. 61596.]
Task is 97.00% complete.
t1_sim:[60328. 60539. 57109.] t2_sim:[65419. 65078. 62168.]
Task is 98.00% complete.
t1_sim:[67229. 66739. 68231.] t2_sim:[65806. 65402. 65769.]
Task is 99.00% complete.
t1_sim:[56982. 57395. 58231.] t2_sim:[62391. 62139. 60483.]
Training start
t1_obs:[array(65368.), array(65353.), array(64717.)] t2_obs:[array(57357.), array(57867.), array(58193.)]
corr_G1:[None, None, 0.9890485051893221] corr_G2:[None, None, 0.9891638517221651]
Training end
Task is 0.00% complete.
t1_sim:[60917. 61164. 63728.] t2_sim:[59745. 59936. 57839.]
Task is 1.00% complete.
t1_sim:[63718. 63629. 63054.] t2_sim:[61916. 62596. 61103.]
Task is 2.00% complete.
t1_sim:[63731. 63769. 62352.] t2_sim:[64066. 63993. 64923.]
Task is 3.00% complete.
t1_sim:[67959. 67629. 69390.] t2_sim:[67730. 67625. 65462.]
Task is 4.00% complete.
t1_sim:[61362. 61596. 60315.] t2_sim:[67381. 67058. 67446.]
Task is 5.00% complete.
t1_sim:[63974. 63730. 64198.] t2_sim:[57920. 57978. 56827.]
Task is 6.00% complete.
t1_sim:[63556. 63382. 60659.] t2_sim:[63119. 63319. 62483.]
Task is 7.00% complete.
t1_sim:[61935. 62070. 61833.] t2_sim:[62789. 63022. 62632.]
Task is 8.00% complete.
t1_sim:[65123. 65098. 64945.] t2_sim:[63213. 62673. 66171.]
Task is 9.00% complete.
t1_sim:[61012. 61037. 61770.] t2_sim:[64424. 64673. 64649.]
Task is 10.00% complete.
t1_sim:[65932. 65834. 63990.] t2_sim:[66857. 67036. 67273.]
Task is 11.00% complete.
t1_sim:[69291. 69563. 70510.] t2_sim:[59923. 59820. 60679.]
Task is 12.00% complete.
t1_sim:[66041. 66080. 69757.] t2_sim:[59197. 58807. 57243.]
Task is 13.00% complete.
t1_sim:[65846. 66112. 62793.] t2_sim:[60017. 60072. 59962.]
Task is 14.00% complete.
t1_sim:[60476. 60617. 62116.] t2_sim:[64210. 63834. 64900.]
Task is 15.00% complete.
t1_sim:[60091. 60063. 59300.] t2_sim:[61904. 61832. 62931.]
Task is 16.00% complete.
t1_sim:[70304. 70350. 71342.] t2_sim:[59862. 59800. 62485.]
Task is 17.00% complete.
t1_sim:[55816. 56160. 57971.] t2_sim:[65108. 64844. 64284.]
Task is 18.00% complete.
t1_sim:[62854. 63023. 63999.] t2_sim:[60083. 60163. 58958.]
Task is 19.00% complete.
t1_sim:[66923. 67226. 68388.] t2_sim:[64695. 64534. 62423.]
Task is 20.00% complete.
t1_sim:[68065. 68176. 65783.] t2_sim:[64816. 64401. 63089.]
Task is 21.00% complete.
t1_sim:[63924. 63860. 63203.] t2_sim:[60184. 60426. 59889.]
Task is 22.00% complete.
t1_sim:[64995. 65312. 66943.] t2_sim:[58441. 58908. 58944.]
Task is 23.00% complete.
t1_sim:[62462. 62504. 61158.] t2_sim:[64580. 64914. 65861.]
Task is 24.00% complete.
t1_sim:[62593. 62222. 62630.] t2_sim:[62645. 62329. 60678.]
Task is 25.00% complete.
t1_sim:[60469. 60549. 61641.] t2_sim:[56414. 56382. 58144.]
Task is 26.00% complete.
t1_sim:[65433. 65217. 62432.] t2_sim:[62768. 63197. 63554.]
Task is 27.00% complete.
t1_sim:[67567. 67695. 67101.] t2_sim:[63888. 64180. 64873.]
Task is 28.00% complete.
t1_sim:[60556. 60353. 61754.] t2_sim:[62570. 63139. 62465.]
Task is 29.00% complete.
t1_sim:[68075. 68113. 66892.] t2_sim:[61222. 61538. 61380.]
Task is 30.00% complete.
t1_sim:[63520. 63202. 64297.] t2_sim:[64307. 64365. 64984.]
Task is 31.00% complete.
t1_sim:[65663. 65718. 66081.] t2_sim:[68227. 68334. 67756.]
Task is 32.00% complete.
t1_sim:[72319. 72777. 72636.] t2_sim:[62933. 63205. 63308.]
Task is 33.00% complete.
t1_sim:[62470. 62478. 60900.] t2_sim:[64080. 63981. 61188.]
Task is 34.00% complete.
t1_sim:[64518. 64427. 63302.] t2_sim:[64843. 64944. 64578.]
Task is 35.00% complete.
t1_sim:[68436. 68572. 70314.] t2_sim:[58811. 58972. 57894.]
Task is 36.00% complete.
t1_sim:[61694. 61862. 62592.] t2_sim:[61152. 61081. 61870.]
Task is 37.00% complete.
t1_sim:[64381. 64163. 64477.] t2_sim:[61691. 61752. 62797.]
Task is 38.00% complete.
t1_sim:[62065. 62096. 59667.] t2_sim:[58635. 58526. 59878.]
Task is 39.00% complete.
t1_sim:[59159. 59792. 60223.] t2_sim:[62531. 62441. 65005.]
Task is 40.00% complete.
t1_sim:[61924. 62094. 60413.] t2_sim:[56498. 56592. 58033.]
Task is 41.00% complete.
t1_sim:[60500. 60499. 59565.] t2_sim:[61124. 61366. 62640.]
Task is 42.00% complete.
t1_sim:[56818. 56464. 58320.] t2_sim:[68821. 68494. 68377.]
Task is 43.00% complete.
t1_sim:[64589. 64086. 62026.] t2_sim:[59229. 59376. 60150.]
Task is 44.00% complete.
t1_sim:[55408. 55254. 54011.] t2_sim:[64274. 64431. 63071.]
Task is 45.00% complete.
t1_sim:[66435. 66677. 64183.] t2_sim:[60251. 60160. 59932.]
Task is 46.00% complete.
t1_sim:[61366. 61856. 62283.] t2_sim:[64042. 63822. 62058.]
Task is 47.00% complete.
t1_sim:[62164. 62197. 65369.] t2_sim:[63333. 63480. 60775.]
Task is 48.00% complete.
t1_sim:[55878. 55811. 56378.] t2_sim:[59832. 59572. 58779.]
Task is 49.00% complete.
t1_sim:[63650. 64144. 64943.] t2_sim:[64976. 64962. 65899.]
Task is 50.00% complete.
t1_sim:[63603. 63874. 62560.] t2_sim:[65842. 65625. 66786.]
Task is 51.00% complete.
t1_sim:[60677. 60654. 59859.] t2_sim:[65502. 65438. 63306.]
Task is 52.00% complete.
t1_sim:[64414. 64060. 63039.] t2_sim:[66253. 66477. 68282.]
Task is 53.00% complete.
t1_sim:[59947. 60238. 62867.] t2_sim:[64186. 63995. 63204.]
Task is 54.00% complete.
t1_sim:[59531. 59749. 59391.] t2_sim:[68247. 68102. 66533.]
Task is 55.00% complete.
t1_sim:[56924. 56842. 60590.] t2_sim:[61032. 60600. 61495.]
Task is 56.00% complete.
t1_sim:[62425. 62741. 63410.] t2_sim:[64134. 64183. 66399.]
Task is 57.00% complete.
t1_sim:[55948. 56497. 56388.] t2_sim:[64890. 64831. 63663.]
Task is 58.00% complete.
t1_sim:[68706. 68673. 70616.] t2_sim:[64856. 64227. 64587.]
Task is 59.00% complete.
t1_sim:[60855. 60985. 60635.] t2_sim:[65995. 66505. 67385.]
Task is 60.00% complete.
t1_sim:[62138. 62116. 64881.] t2_sim:[63617. 64137. 63677.]
Task is 61.00% complete.
t1_sim:[61886. 61329. 63390.] t2_sim:[63089. 63109. 61544.]
Task is 62.00% complete.
t1_sim:[65713. 65798. 64874.] t2_sim:[63770. 63790. 64183.]
Task is 63.00% complete.
t1_sim:[69959. 69841. 70169.] t2_sim:[59663. 59602. 58001.]
Task is 64.00% complete.
t1_sim:[65752. 65885. 64079.] t2_sim:[62728. 62784. 63226.]
Task is 65.00% complete.
t1_sim:[63645. 64048. 67423.] t2_sim:[57612. 57032. 58715.]
Task is 66.00% complete.
t1_sim:[63765. 64061. 64194.] t2_sim:[61506. 60988. 60253.]
Task is 67.00% complete.
t1_sim:[61096. 61190. 64480.] t2_sim:[66842. 66746. 66287.]
Task is 68.00% complete.
t1_sim:[67219. 67451. 67860.] t2_sim:[63172. 63124. 61740.]
Task is 69.00% complete.
t1_sim:[63656. 63474. 62770.] t2_sim:[59205. 58850. 58893.]
Task is 70.00% complete.
t1_sim:[63137. 63697. 64008.] t2_sim:[68738. 68869. 68754.]
Task is 71.00% complete.
t1_sim:[65393. 65301. 64665.] t2_sim:[63248. 63162. 62571.]
Task is 72.00% complete.
t1_sim:[66561. 66214. 65418.] t2_sim:[59964. 59594. 58453.]
Task is 73.00% complete.
t1_sim:[65859. 65831. 65501.] t2_sim:[66218. 66373. 66293.]
Task is 74.00% complete.
t1_sim:[73120. 72903. 70754.] t2_sim:[56428. 56055. 58230.]
Task is 75.00% complete.
t1_sim:[61643. 61449. 62976.] t2_sim:[64871. 64449. 63712.]
Task is 76.00% complete.
t1_sim:[70573. 70218. 69221.] t2_sim:[62255. 62486. 61694.]
Task is 77.00% complete.
t1_sim:[61229. 61463. 61340.] t2_sim:[62107. 62236. 62837.]
Task is 78.00% complete.
t1_sim:[65939. 65811. 68632.] t2_sim:[64727. 64662. 62029.]
Task is 79.00% complete.
t1_sim:[58350. 58527. 59319.] t2_sim:[62811. 62957. 64477.]
Task is 80.00% complete.
t1_sim:[65487. 65424. 66080.] t2_sim:[65377. 65605. 66228.]
Task is 81.00% complete.
t1_sim:[64432. 65246. 66856.] t2_sim:[64439. 64760. 65685.]
Task is 82.00% complete.
t1_sim:[62487. 62676. 60976.] t2_sim:[65768. 65743. 65547.]
Task is 83.00% complete.
t1_sim:[63922. 64321. 62025.] t2_sim:[63609. 63885. 65121.]
Task is 84.00% complete.
t1_sim:[62757. 62728. 63185.] t2_sim:[59297. 59591. 59681.]
Task is 85.00% complete.
t1_sim:[59101. 59363. 58693.] t2_sim:[66918. 66962. 66319.]
Task is 86.00% complete.
t1_sim:[58147. 58653. 58583.] t2_sim:[67026. 67465. 67496.]
Task is 87.00% complete.
t1_sim:[60234. 60463. 60508.] t2_sim:[62114. 62276. 59407.]
Task is 88.00% complete.
t1_sim:[57805. 57996. 59403.] t2_sim:[63858. 63947. 63984.]
Task is 89.00% complete.
t1_sim:[59635. 59642. 60613.] t2_sim:[59713. 59688. 60832.]
Task is 90.00% complete.
t1_sim:[68120. 68501. 67042.] t2_sim:[61878. 61831. 63164.]
Task is 91.00% complete.
t1_sim:[63803. 64066. 61636.] t2_sim:[64245. 63878. 63925.]
Task is 92.00% complete.
t1_sim:[63735. 63821. 64683.] t2_sim:[59209. 59494. 57738.]
Task is 93.00% complete.
t1_sim:[60664. 60215. 59551.] t2_sim:[63012. 62827. 64637.]
Task is 94.00% complete.
t1_sim:[59064. 59404. 62756.] t2_sim:[67463. 67433. 64238.]
Task is 95.00% complete.
t1_sim:[59682. 60198. 60244.] t2_sim:[62908. 62886. 63033.]
Task is 96.00% complete.
t1_sim:[62559. 62644. 63260.] t2_sim:[65937. 65989. 64167.]
Task is 97.00% complete.
t1_sim:[61185. 61793. 60737.] t2_sim:[56765. 57159. 58078.]
Task is 98.00% complete.
t1_sim:[57020. 57004. 58349.] t2_sim:[60877. 60751. 60388.]
Task is 99.00% complete.
t1_sim:[60553. 60761. 60364.] t2_sim:[58209. 59064. 58004.]
Training start
t1_obs:[array(65368.), array(65353.), array(65959.)] t2_obs:[array(57357.), array(57867.), array(58701.)]
corr_G1:[None, None, 0.10342205214648012] corr_G2:[None, None, -0.10495639246067222]
Training end
Task is 0.00% complete.
t1_sim:[56956. 57078. 57673.] t2_sim:[60282. 60249. 63147.]
Task is 1.00% complete.
t1_sim:[63147. 63288. 65270.] t2_sim:[66779. 66802. 66568.]
Task is 2.00% complete.
t1_sim:[65797. 65448. 67111.] t2_sim:[61785. 62495. 63889.]
Task is 3.00% complete.
t1_sim:[64394. 64420. 64003.] t2_sim:[59644. 59217. 57800.]
Task is 4.00% complete.
t1_sim:[61258. 60629. 63129.] t2_sim:[59255. 58648. 59008.]
Task is 5.00% complete.
t1_sim:[62549. 62720. 61571.] t2_sim:[62032. 62195. 63040.]
Task is 6.00% complete.
t1_sim:[63133. 62941. 65787.] t2_sim:[58204. 58142. 58365.]
Task is 7.00% complete.
t1_sim:[60636. 60838. 62559.] t2_sim:[62760. 63016. 63246.]
Task is 8.00% complete.
t1_sim:[63181. 63032. 63966.] t2_sim:[63651. 64045. 65572.]
Task is 9.00% complete.
t1_sim:[66039. 66308. 65313.] t2_sim:[63788. 63874. 64898.]
Task is 10.00% complete.
t1_sim:[62404. 61912. 59792.] t2_sim:[65281. 64929. 66188.]
Task is 11.00% complete.
t1_sim:[62583. 62448. 64875.] t2_sim:[63209. 63166. 63789.]
Task is 12.00% complete.
t1_sim:[63718. 63454. 63278.] t2_sim:[60128. 60331. 61378.]
Task is 13.00% complete.
t1_sim:[60271. 59983. 60390.] t2_sim:[55550. 55165. 58494.]
Task is 14.00% complete.
t1_sim:[60600. 60513. 61167.] t2_sim:[64565. 65252. 64090.]
Task is 15.00% complete.
t1_sim:[62248. 61969. 63503.] t2_sim:[62073. 61914. 60220.]
Task is 16.00% complete.
t1_sim:[59278. 58966. 60580.] t2_sim:[58793. 58890. 58743.]
Task is 17.00% complete.
t1_sim:[66126. 66379. 66570.] t2_sim:[58067. 58373. 60710.]
Task is 18.00% complete.
t1_sim:[58719. 58566. 59954.] t2_sim:[59144. 59157. 58131.]
Task is 19.00% complete.
t1_sim:[63800. 63936. 64080.] t2_sim:[66595. 66235. 66735.]
Task is 20.00% complete.
t1_sim:[59833. 59621. 61069.] t2_sim:[65969. 65890. 65051.]
Task is 21.00% complete.
t1_sim:[64290. 64747. 63569.] t2_sim:[58205. 58191. 57553.]
Task is 22.00% complete.
t1_sim:[66942. 67007. 68539.] t2_sim:[62354. 62320. 64492.]
Task is 23.00% complete.
t1_sim:[67342. 67377. 67660.] t2_sim:[62433. 62394. 64262.]
Task is 24.00% complete.
t1_sim:[68021. 68258. 64096.] t2_sim:[63489. 63827. 64552.]
Task is 25.00% complete.
t1_sim:[60940. 60992. 61368.] t2_sim:[59019. 59029. 61083.]
Task is 26.00% complete.
t1_sim:[64099. 64181. 66212.] t2_sim:[63074. 63197. 63747.]
Task is 27.00% complete.
t1_sim:[62407. 62570. 66162.] t2_sim:[67064. 66985. 65668.]
Task is 28.00% complete.
t1_sim:[69706. 69581. 71062.] t2_sim:[62452. 62732. 61632.]
Task is 29.00% complete.
t1_sim:[66341. 66199. 65762.] t2_sim:[68252. 68388. 70309.]
Task is 30.00% complete.
t1_sim:[67500. 67470. 67683.] t2_sim:[63026. 63373. 64170.]
Task is 31.00% complete.
t1_sim:[63252. 63597. 63202.] t2_sim:[60320. 60373. 63256.]
Task is 32.00% complete.
t1_sim:[65888. 65830. 64359.] t2_sim:[61073. 61577. 62325.]
Task is 33.00% complete.
t1_sim:[57255. 57719. 56951.] t2_sim:[66937. 67032. 65077.]
Task is 34.00% complete.
t1_sim:[57767. 57803. 58078.] t2_sim:[63543. 64198. 66575.]
Task is 35.00% complete.
t1_sim:[61151. 61286. 61893.] t2_sim:[63908. 64413. 63291.]
Task is 36.00% complete.
t1_sim:[60765. 60450. 58571.] t2_sim:[63606. 63663. 62724.]
Task is 37.00% complete.
t1_sim:[68025. 67840. 67151.] t2_sim:[60295. 60217. 61572.]
Task is 38.00% complete.
t1_sim:[59882. 60086. 60257.] t2_sim:[59101. 59355. 60753.]
Task is 39.00% complete.
t1_sim:[63283. 63508. 66089.] t2_sim:[64231. 64285. 65937.]
Task is 40.00% complete.
t1_sim:[60238. 60245. 62521.] t2_sim:[58214. 58079. 57390.]
Task is 41.00% complete.
t1_sim:[60749. 60776. 61818.] t2_sim:[59679. 59883. 58885.]
Task is 42.00% complete.
t1_sim:[60974. 61408. 62223.] t2_sim:[59336. 58967. 57642.]
Task is 43.00% complete.
t1_sim:[69497. 69229. 67364.] t2_sim:[63518. 63566. 65742.]
Task is 44.00% complete.
t1_sim:[62189. 62285. 64566.] t2_sim:[59786. 59770. 63764.]
Task is 45.00% complete.
t1_sim:[63320. 63861. 64719.] t2_sim:[58101. 58105. 58982.]
Task is 46.00% complete.
t1_sim:[61220. 61541. 64220.] t2_sim:[68168. 68488. 68693.]
Task is 47.00% complete.
t1_sim:[66052. 66311. 66586.] t2_sim:[61310. 61284. 61413.]
Task is 48.00% complete.
t1_sim:[61830. 61420. 59137.] t2_sim:[61714. 61703. 60710.]
Task is 49.00% complete.
t1_sim:[61839. 61624. 59858.] t2_sim:[62431. 62596. 63193.]
Task is 50.00% complete.
t1_sim:[64838. 64715. 67115.] t2_sim:[64594. 64278. 62608.]
Task is 51.00% complete.
t1_sim:[62980. 63174. 65029.] t2_sim:[60792. 60388. 63987.]
Task is 52.00% complete.
t1_sim:[62845. 63139. 62506.] t2_sim:[61884. 61892. 61482.]
Task is 53.00% complete.
t1_sim:[60023. 60299. 59138.] t2_sim:[60404. 59912. 60563.]
Task is 54.00% complete.
t1_sim:[64926. 64769. 64238.] t2_sim:[65095. 65318. 64574.]
Task is 55.00% complete.
t1_sim:[64989. 65139. 65574.] t2_sim:[66054. 65246. 65323.]
Task is 56.00% complete.
t1_sim:[65105. 65238. 66622.] t2_sim:[58427. 58712. 59902.]
Task is 57.00% complete.
t1_sim:[64384. 64256. 63680.] t2_sim:[63311. 63715. 64467.]
Task is 58.00% complete.
t1_sim:[64873. 64869. 64794.] t2_sim:[60837. 60622. 62031.]
Task is 59.00% complete.
t1_sim:[63668. 63436. 64845.] t2_sim:[62851. 62956. 63154.]
Task is 60.00% complete.
t1_sim:[60364. 60496. 63736.] t2_sim:[65199. 65222. 62780.]
Task is 61.00% complete.
t1_sim:[63540. 63286. 62498.] t2_sim:[63549. 63261. 64039.]
Task is 62.00% complete.
t1_sim:[58462. 58231. 60244.] t2_sim:[58426. 58921. 62225.]
Task is 63.00% complete.
t1_sim:[68283. 68335. 66790.] t2_sim:[60501. 60216. 57483.]
Task is 64.00% complete.
t1_sim:[61420. 61644. 62823.] t2_sim:[66204. 66455. 67001.]
Task is 65.00% complete.
t1_sim:[65255. 65205. 66194.] t2_sim:[65036. 65196. 65609.]
Task is 66.00% complete.
t1_sim:[62743. 62746. 62072.] t2_sim:[64373. 64200. 63706.]
Task is 67.00% complete.
t1_sim:[60166. 59430. 60803.] t2_sim:[64549. 64913. 66678.]
Task is 68.00% complete.
t1_sim:[59937. 60137. 61402.] t2_sim:[59264. 59210. 58027.]
Task is 69.00% complete.
t1_sim:[59699. 59448. 59814.] t2_sim:[62389. 62234. 62681.]
Task is 70.00% complete.
t1_sim:[57406. 57049. 55795.] t2_sim:[68104. 67926. 67758.]
Task is 71.00% complete.
t1_sim:[57937. 57428. 56866.] t2_sim:[63351. 63539. 63146.]
Task is 72.00% complete.
t1_sim:[58903. 59073. 58812.] t2_sim:[69918. 69733. 68182.]
Task is 73.00% complete.
t1_sim:[58095. 58392. 57823.] t2_sim:[63272. 63836. 63771.]
Task is 74.00% complete.
t1_sim:[63533. 63889. 63296.] t2_sim:[67532. 67488. 67170.]
Task is 75.00% complete.
t1_sim:[62358. 62264. 61891.] t2_sim:[61056. 61327. 63352.]
Task is 76.00% complete.
t1_sim:[63694. 63670. 65687.] t2_sim:[62554. 62594. 62636.]
Task is 77.00% complete.
t1_sim:[62776. 62915. 63488.] t2_sim:[64373. 64337. 65216.]
Task is 78.00% complete.
t1_sim:[66065. 66402. 64799.] t2_sim:[64250. 63551. 61836.]
Task is 79.00% complete.
t1_sim:[58168. 58877. 58505.] t2_sim:[58103. 57866. 59940.]
Task is 80.00% complete.
t1_sim:[58366. 57838. 53809.] t2_sim:[63895. 63958. 63331.]
Task is 81.00% complete.
t1_sim:[65157. 65311. 63367.] t2_sim:[64564. 64244. 64650.]
Task is 82.00% complete.
t1_sim:[62495. 62064. 58252.] t2_sim:[67444. 67726. 68601.]
Task is 83.00% complete.
t1_sim:[60146. 59977. 59799.] t2_sim:[62248. 61796. 61437.]
Task is 84.00% complete.
t1_sim:[62683. 62822. 62931.] t2_sim:[62895. 62807. 61249.]
Task is 85.00% complete.
t1_sim:[65919. 65943. 66050.] t2_sim:[59053. 58976. 57741.]
Task is 86.00% complete.
t1_sim:[65068. 65114. 65065.] t2_sim:[66452. 66316. 65655.]
Task is 87.00% complete.
t1_sim:[66604. 66084. 65427.] t2_sim:[60753. 60925. 62903.]
Task is 88.00% complete.
t1_sim:[60618. 60565. 61232.] t2_sim:[57009. 57184. 58603.]
Task is 89.00% complete.
t1_sim:[67491. 68128. 70385.] t2_sim:[63421. 63739. 63399.]
Task is 90.00% complete.
t1_sim:[67138. 66976. 67410.] t2_sim:[58683. 58583. 57224.]
Task is 91.00% complete.
t1_sim:[71444. 71574. 68088.] t2_sim:[62756. 62939. 64593.]
Task is 92.00% complete.
t1_sim:[59890. 60100. 57581.] t2_sim:[66859. 67431. 67547.]
Task is 93.00% complete.
t1_sim:[61120. 61210. 61800.] t2_sim:[53151. 52845. 53046.]
Task is 94.00% complete.
t1_sim:[58537. 58575. 56515.] t2_sim:[63733. 63222. 64692.]
Task is 95.00% complete.
t1_sim:[64792. 64617. 64654.] t2_sim:[64260. 63891. 63820.]
Task is 96.00% complete.
t1_sim:[63457. 63448. 62380.] t2_sim:[59141. 59059. 58346.]
Task is 97.00% complete.
t1_sim:[63984. 63827. 63456.] t2_sim:[65875. 65814. 65147.]
Task is 98.00% complete.
t1_sim:[58937. 58905. 58992.] t2_sim:[62101. 62758. 62206.]
Task is 99.00% complete.
t1_sim:[62999. 62933. 62377.] t2_sim:[62833. 62673. 62984.]
Finished
