/scratch/jz4721/Post-prediction-Causal-Inference/venv/lib/python3.8/site-packages/numpy/core/getlimits.py:518: UserWarning: The value of the smallest subnormal for <class 'numpy.float64'> type is zero.
  setattr(self, word, getattr(machar, word).flat[0])
/scratch/jz4721/Post-prediction-Causal-Inference/venv/lib/python3.8/site-packages/numpy/core/getlimits.py:89: UserWarning: The value of the smallest subnormal for <class 'numpy.float64'> type is zero.
  return self._float_to_str(self.smallest_subnormal)
/scratch/jz4721/Post-prediction-Causal-Inference/venv/lib/python3.8/site-packages/numpy/core/getlimits.py:518: UserWarning: The value of the smallest subnormal for <class 'numpy.float32'> type is zero.
  setattr(self, word, getattr(machar, word).flat[0])
/scratch/jz4721/Post-prediction-Causal-Inference/venv/lib/python3.8/site-packages/numpy/core/getlimits.py:89: UserWarning: The value of the smallest subnormal for <class 'numpy.float32'> type is zero.
  return self._float_to_str(self.smallest_subnormal)
Training start
t1_obs:[array(64315.), array(64342.), array(65380.)] t2_obs:[array(65247.), array(64923.), array(64324.)]
corr_G1:[None, None, -2.0174446296893812e-17] corr_G2:[None, None, 1.6155606087879244e-17]
Training end
Task is 0.00% complete.
t1_sim:[64145. 63667. 61465.] t2_sim:[62734. 62895. 62334.]
Task is 1.00% complete.
t1_sim:[59233. 59475. 61334.] t2_sim:[61577. 61468. 63289.]
Task is 2.00% complete.
t1_sim:[64291. 64272. 62612.] t2_sim:[63651. 63673. 62923.]
Task is 3.00% complete.
t1_sim:[62837. 62526. 63302.] t2_sim:[56778. 56835. 58029.]
Task is 4.00% complete.
t1_sim:[66213. 65937. 65645.] t2_sim:[64093. 64002. 63555.]
Task is 5.00% complete.
t1_sim:[64560. 64556. 63659.] t2_sim:[62518. 62105. 62278.]
Task is 6.00% complete.
t1_sim:[62785. 62903. 67074.] t2_sim:[60631. 60522. 62213.]
Task is 7.00% complete.
t1_sim:[58273. 58014. 61202.] t2_sim:[69423. 69016. 68793.]
Task is 8.00% complete.
t1_sim:[55960. 56063. 58889.] t2_sim:[65849. 65841. 66260.]
Task is 9.00% complete.
t1_sim:[58217. 57917. 59951.] t2_sim:[68603. 68753. 70710.]
Task is 10.00% complete.
t1_sim:[67062. 67433. 65763.] t2_sim:[65712. 65358. 62892.]
Task is 11.00% complete.
t1_sim:[62677. 62231. 57934.] t2_sim:[61176. 61582. 60943.]
Task is 12.00% complete.
t1_sim:[59296. 59135. 56942.] t2_sim:[63030. 62485. 60333.]
Task is 13.00% complete.
t1_sim:[68283. 68390. 67543.] t2_sim:[58631. 58343. 61412.]
Task is 14.00% complete.
t1_sim:[61196. 60719. 58987.] t2_sim:[60869. 60636. 62872.]
Task is 15.00% complete.
t1_sim:[61850. 61520. 59993.] t2_sim:[59227. 59298. 60814.]
Task is 16.00% complete.
t1_sim:[63747. 63481. 66403.] t2_sim:[60023. 59835. 61026.]
Task is 17.00% complete.
t1_sim:[60404. 59943. 56062.] t2_sim:[60958. 61057. 64332.]
Task is 18.00% complete.
t1_sim:[59928. 59993. 60490.] t2_sim:[63242. 63492. 63392.]
Task is 19.00% complete.
t1_sim:[66756. 66652. 66041.] t2_sim:[62585. 62941. 65347.]
Task is 20.00% complete.
t1_sim:[65270. 64844. 64010.] t2_sim:[57845. 57975. 59431.]
Task is 21.00% complete.
t1_sim:[62951. 63212. 61224.] t2_sim:[62606. 62701. 63543.]
Task is 22.00% complete.
t1_sim:[67224. 66754. 61431.] t2_sim:[65920. 66066. 67411.]
Task is 23.00% complete.
t1_sim:[56092. 56025. 57661.] t2_sim:[63011. 63018. 60851.]
Task is 24.00% complete.
t1_sim:[59317. 59330. 58100.] t2_sim:[64316. 64142. 63357.]
Task is 25.00% complete.
t1_sim:[63512. 63382. 62619.] t2_sim:[65184. 65630. 63041.]
Task is 26.00% complete.
t1_sim:[64761. 64375. 64201.] t2_sim:[61664. 62412. 64590.]
Task is 27.00% complete.
t1_sim:[58690. 58703. 59231.] t2_sim:[61630. 61191. 59567.]
Task is 28.00% complete.
t1_sim:[61181. 61316. 61815.] t2_sim:[63337. 63807. 64123.]
Task is 29.00% complete.
t1_sim:[62616. 62636. 63278.] t2_sim:[61584. 61857. 57615.]
Task is 30.00% complete.
t1_sim:[64341. 64230. 64827.] t2_sim:[66389. 66387. 64614.]
Task is 31.00% complete.
t1_sim:[67008. 67193. 67602.] t2_sim:[60548. 60556. 62307.]
Task is 32.00% complete.
t1_sim:[67050. 67044. 63351.] t2_sim:[64256. 64752. 66899.]
Task is 33.00% complete.
t1_sim:[65892. 65418. 64832.] t2_sim:[61786. 61942. 58828.]
Task is 34.00% complete.
t1_sim:[61513. 61831. 61122.] t2_sim:[57536. 57934. 58363.]
Task is 35.00% complete.
t1_sim:[58961. 59189. 58849.] t2_sim:[63269. 63075. 65715.]
Task is 36.00% complete.
t1_sim:[61666. 61295. 63163.] t2_sim:[62277. 62426. 62923.]
Task is 37.00% complete.
t1_sim:[64450. 64621. 65449.] t2_sim:[62761. 63022. 64923.]
Task is 38.00% complete.
t1_sim:[63383. 63360. 63850.] t2_sim:[58552. 58453. 59892.]
Task is 39.00% complete.
t1_sim:[60602. 60705. 59618.] t2_sim:[64260. 64096. 61261.]
Task is 40.00% complete.
t1_sim:[59432. 59588. 64306.] t2_sim:[63465. 63264. 60903.]
Task is 41.00% complete.
t1_sim:[64072. 63761. 61680.] t2_sim:[63493. 63160. 64064.]
Task is 42.00% complete.
t1_sim:[67239. 67504. 64274.] t2_sim:[62496. 62490. 64886.]
Task is 43.00% complete.
t1_sim:[58371. 58313. 58900.] t2_sim:[59944. 60151. 58531.]
Task is 44.00% complete.
t1_sim:[64666. 64471. 66225.] t2_sim:[63701. 63629. 67218.]
Task is 45.00% complete.
t1_sim:[62645. 62563. 60261.] t2_sim:[64744. 64335. 66292.]
Task is 46.00% complete.
t1_sim:[62189. 61969. 61410.] t2_sim:[64368. 63920. 64212.]
Task is 47.00% complete.
t1_sim:[58656. 58503. 59927.] t2_sim:[59942. 59574. 60493.]
Task is 48.00% complete.
t1_sim:[66174. 65890. 62639.] t2_sim:[60980. 60660. 61004.]
Task is 49.00% complete.
t1_sim:[57891. 57562. 57706.] t2_sim:[64739. 64979. 65067.]
Task is 50.00% complete.
t1_sim:[64557. 63930. 65468.] t2_sim:[67316. 66696. 65932.]
Task is 51.00% complete.
t1_sim:[59223. 58975. 57847.] t2_sim:[58301. 58414. 57115.]
Task is 52.00% complete.
t1_sim:[66919. 67383. 69949.] t2_sim:[62519. 62510. 61942.]
Task is 53.00% complete.
t1_sim:[65716. 66421. 65360.] t2_sim:[59837. 59610. 61917.]
Task is 54.00% complete.
t1_sim:[67549. 67644. 67834.] t2_sim:[61345. 62026. 58213.]
Task is 55.00% complete.
t1_sim:[65641. 65840. 65307.] t2_sim:[67248. 67498. 63276.]
Task is 56.00% complete.
t1_sim:[67047. 67006. 68243.] t2_sim:[61001. 60436. 58562.]
Task is 57.00% complete.
t1_sim:[63755. 63724. 66765.] t2_sim:[58205. 58362. 59554.]
Task is 58.00% complete.
t1_sim:[64365. 64451. 65385.] t2_sim:[67823. 68306. 64845.]
Task is 59.00% complete.
t1_sim:[66890. 66729. 64414.] t2_sim:[60507. 60591. 57729.]
Task is 60.00% complete.
t1_sim:[57075. 57313. 60276.] t2_sim:[59306. 59328. 61379.]
Task is 61.00% complete.
t1_sim:[63433. 63109. 60881.] t2_sim:[59253. 59593. 60229.]
Task is 62.00% complete.
t1_sim:[61138. 60530. 62563.] t2_sim:[69676. 69322. 70819.]
Task is 63.00% complete.
t1_sim:[64950. 65222. 63389.] t2_sim:[59795. 60182. 60664.]
Task is 64.00% complete.
t1_sim:[56560. 56672. 55238.] t2_sim:[58673. 58756. 61516.]
Task is 65.00% complete.
t1_sim:[58135. 57842. 57780.] t2_sim:[61705. 62024. 65568.]
Task is 66.00% complete.
t1_sim:[62662. 62738. 58664.] t2_sim:[63731. 63777. 63649.]
Task is 67.00% complete.
t1_sim:[64089. 63673. 59667.] t2_sim:[66186. 66454. 69123.]
Task is 68.00% complete.
t1_sim:[68647. 69029. 64094.] t2_sim:[62898. 62851. 60230.]
Task is 69.00% complete.
t1_sim:[67430. 67318. 67150.] t2_sim:[64213. 64126. 62852.]
Task is 70.00% complete.
t1_sim:[62745. 62560. 62584.] t2_sim:[64526. 64676. 62839.]
Task is 71.00% complete.
t1_sim:[60061. 59571. 60213.] t2_sim:[61864. 61484. 62866.]
Task is 72.00% complete.
t1_sim:[57296. 57238. 56619.] t2_sim:[65996. 65863. 63791.]
Task is 73.00% complete.
t1_sim:[60810. 60548. 61921.] t2_sim:[57240. 57183. 60953.]
Task is 74.00% complete.
t1_sim:[61036. 61251. 62768.] t2_sim:[68680. 68551. 63996.]
Task is 75.00% complete.
t1_sim:[61483. 61372. 60908.] t2_sim:[60121. 60191. 62033.]
Task is 76.00% complete.
t1_sim:[63346. 62956. 61442.] t2_sim:[59445. 59854. 58047.]
Task is 77.00% complete.
t1_sim:[59498. 59364. 61339.] t2_sim:[62504. 62448. 60733.]
Task is 78.00% complete.
t1_sim:[63000. 62794. 64393.] t2_sim:[60724. 61153. 65138.]
Task is 79.00% complete.
t1_sim:[58838. 58457. 59037.] t2_sim:[65110. 65487. 64103.]
Task is 80.00% complete.
t1_sim:[64511. 64394. 63962.] t2_sim:[55982. 56140. 57148.]
Task is 81.00% complete.
t1_sim:[63427. 64095. 64528.] t2_sim:[57872. 58263. 58886.]
Task is 82.00% complete.
t1_sim:[61405. 61587. 60583.] t2_sim:[61916. 61794. 59353.]
Task is 83.00% complete.
t1_sim:[62002. 62224. 65931.] t2_sim:[62124. 62372. 63302.]
Task is 84.00% complete.
t1_sim:[61348. 61385. 63386.] t2_sim:[62813. 62731. 66233.]
Task is 85.00% complete.
t1_sim:[64206. 64270. 65216.] t2_sim:[65023. 64793. 63989.]
Task is 86.00% complete.
t1_sim:[59940. 59797. 62830.] t2_sim:[65809. 66044. 66217.]
Task is 87.00% complete.
t1_sim:[61564. 61582. 59507.] t2_sim:[66643. 67422. 65985.]
Task is 88.00% complete.
t1_sim:[63493. 63240. 63316.] t2_sim:[56395. 56426. 55347.]
Task is 89.00% complete.
t1_sim:[57892. 58208. 58900.] t2_sim:[60887. 61178. 62297.]
Task is 90.00% complete.
t1_sim:[62805. 62648. 60132.] t2_sim:[65563. 65868. 65289.]
Task is 91.00% complete.
t1_sim:[69081. 69161. 67523.] t2_sim:[63372. 63314. 65418.]
Task is 92.00% complete.
t1_sim:[63065. 63364. 60176.] t2_sim:[67315. 67406. 71415.]
Task is 93.00% complete.
t1_sim:[62543. 62691. 62049.] t2_sim:[62852. 62731. 63179.]
Task is 94.00% complete.
t1_sim:[58197. 58357. 55067.] t2_sim:[64660. 64919. 64697.]
Task is 95.00% complete.
t1_sim:[60530. 60603. 63345.] t2_sim:[59549. 59244. 58133.]
Task is 96.00% complete.
t1_sim:[56423. 56270. 57513.] t2_sim:[59626. 59579. 62164.]
Task is 97.00% complete.
t1_sim:[59393. 59374. 62064.] t2_sim:[67726. 67605. 65986.]
Task is 98.00% complete.
t1_sim:[63421. 63488. 69644.] t2_sim:[60581. 60286. 59498.]
Task is 99.00% complete.
t1_sim:[63370. 63574. 65461.] t2_sim:[72177. 72246. 70643.]
Training start
t1_obs:[array(64315.), array(64342.), array(63862.)] t2_obs:[array(65247.), array(64923.), array(63505.)]
corr_G1:[None, None, 0.9861973539554696] corr_G2:[None, None, 0.9997871342060408]
Training end
Task is 0.00% complete.
t1_sim:[60636. 59657. 61421.] t2_sim:[60690. 60662. 62583.]
Task is 1.00% complete.
t1_sim:[59427. 59644. 62042.] t2_sim:[61415. 61651. 62137.]
Task is 2.00% complete.
t1_sim:[62577. 62415. 59603.] t2_sim:[62285. 62305. 61242.]
Task is 3.00% complete.
t1_sim:[63034. 62838. 63550.] t2_sim:[59464. 59859. 59743.]
Task is 4.00% complete.
t1_sim:[58475. 58705. 60448.] t2_sim:[64649. 64215. 65307.]
Task is 5.00% complete.
t1_sim:[62931. 63177. 62493.] t2_sim:[56654. 56376. 56800.]
Task is 6.00% complete.
t1_sim:[66563. 66445. 65756.] t2_sim:[61609. 61752. 65627.]
Task is 7.00% complete.
t1_sim:[60493. 60136. 60521.] t2_sim:[71027. 70551. 69784.]
Task is 8.00% complete.
t1_sim:[64435. 65103. 65186.] t2_sim:[65788. 65695. 66053.]
Task is 9.00% complete.
t1_sim:[65362. 65773. 64786.] t2_sim:[66055. 66189. 66328.]
Task is 10.00% complete.
t1_sim:[60706. 60579. 60274.] t2_sim:[62658. 62820. 63562.]
Task is 11.00% complete.
t1_sim:[55316. 55567. 54712.] t2_sim:[58576. 58898. 58624.]
Task is 12.00% complete.
t1_sim:[58812. 58654. 58368.] t2_sim:[64826. 64913. 62350.]
Task is 13.00% complete.
t1_sim:[60644. 60653. 61259.] t2_sim:[60112. 60301. 60292.]
Task is 14.00% complete.
t1_sim:[65999. 65821. 64978.] t2_sim:[64293. 64133. 62884.]
Task is 15.00% complete.
t1_sim:[59800. 59574. 59907.] t2_sim:[66074. 66356. 66320.]
Task is 16.00% complete.
t1_sim:[66145. 66227. 65430.] t2_sim:[64912. 64801. 63242.]
Task is 17.00% complete.
t1_sim:[66448. 66717. 65750.] t2_sim:[60715. 60470. 59897.]
Task is 18.00% complete.
t1_sim:[66593. 66974. 68052.] t2_sim:[59275. 59078. 59204.]
Task is 19.00% complete.
t1_sim:[62301. 62265. 62068.] t2_sim:[65755. 66164. 65328.]
Task is 20.00% complete.
t1_sim:[67262. 67214. 69802.] t2_sim:[64577. 64114. 64639.]
Task is 21.00% complete.
t1_sim:[62088. 62023. 65558.] t2_sim:[67492. 67361. 65041.]
Task is 22.00% complete.
t1_sim:[61845. 61937. 62315.] t2_sim:[68366. 67695. 66675.]
Task is 23.00% complete.
t1_sim:[58712. 58477. 58973.] t2_sim:[69086. 69144. 68694.]
Task is 24.00% complete.
t1_sim:[66918. 66780. 66361.] t2_sim:[60805. 60499. 60399.]
Task is 25.00% complete.
t1_sim:[55703. 56007. 56197.] t2_sim:[63310. 62880. 60097.]
Task is 26.00% complete.
t1_sim:[59741. 60102. 61835.] t2_sim:[53141. 53170. 51875.]
Task is 27.00% complete.
t1_sim:[60718. 61208. 60932.] t2_sim:[64088. 64368. 63548.]
Task is 28.00% complete.
t1_sim:[62814. 62927. 62253.] t2_sim:[63140. 63261. 60589.]
Task is 29.00% complete.
t1_sim:[61205. 61396. 63555.] t2_sim:[62908. 62761. 64612.]
Task is 30.00% complete.
t1_sim:[68334. 68110. 69241.] t2_sim:[60386. 60429. 59695.]
Task is 31.00% complete.
t1_sim:[63990. 64430. 64362.] t2_sim:[62374. 61968. 61451.]
Task is 32.00% complete.
t1_sim:[54812. 54921. 57911.] t2_sim:[63622. 63597. 64115.]
Task is 33.00% complete.
t1_sim:[63694. 63217. 59847.] t2_sim:[65347. 64959. 65612.]
Task is 34.00% complete.
t1_sim:[61712. 61635. 61450.] t2_sim:[64138. 63908. 64704.]
Task is 35.00% complete.
t1_sim:[64369. 64516. 64036.] t2_sim:[60955. 60583. 59145.]
Task is 36.00% complete.
t1_sim:[62421. 62900. 62991.] t2_sim:[56194. 55965. 57790.]
Task is 37.00% complete.
t1_sim:[59399. 59082. 61769.] t2_sim:[57507. 58062. 57770.]
Task is 38.00% complete.
t1_sim:[69865. 69422. 67183.] t2_sim:[58410. 58723. 60554.]
Task is 39.00% complete.
t1_sim:[65224. 65533. 63474.] t2_sim:[62008. 62034. 61848.]
Task is 40.00% complete.
t1_sim:[64053. 64636. 65422.] t2_sim:[62386. 62260. 62084.]
Task is 41.00% complete.
t1_sim:[64476. 63946. 63083.] t2_sim:[61440. 61808. 63614.]
Task is 42.00% complete.
t1_sim:[62224. 62369. 62188.] t2_sim:[57055. 56828. 56871.]
Task is 43.00% complete.
t1_sim:[63352. 63699. 63628.] t2_sim:[63632. 63329. 64131.]
Task is 44.00% complete.
t1_sim:[61335. 61437. 62744.] t2_sim:[60385. 60927. 60069.]
Task is 45.00% complete.
t1_sim:[57595. 58113. 57957.] t2_sim:[62353. 62280. 62727.]
Task is 46.00% complete.
t1_sim:[57050. 57161. 56590.] t2_sim:[63024. 62850. 62796.]
Task is 47.00% complete.
t1_sim:[71702. 71689. 69769.] t2_sim:[56350. 55811. 57546.]
Task is 48.00% complete.
t1_sim:[56839. 56852. 55103.] t2_sim:[63488. 63628. 64080.]
Task is 49.00% complete.
t1_sim:[57795. 58260. 57764.] t2_sim:[61139. 60736. 60311.]
Task is 50.00% complete.
t1_sim:[67158. 67327. 66820.] t2_sim:[66182. 66315. 67263.]
Task is 51.00% complete.
t1_sim:[67714. 68266. 68757.] t2_sim:[63099. 63254. 59974.]
Task is 52.00% complete.
t1_sim:[62232. 62611. 60870.] t2_sim:[65957. 65414. 66889.]
Task is 53.00% complete.
t1_sim:[59132. 59158. 58425.] t2_sim:[65660. 64542. 63993.]
Task is 54.00% complete.
t1_sim:[56894. 56858. 57830.] t2_sim:[63158. 63063. 62336.]
Task is 55.00% complete.
t1_sim:[62020. 61873. 62702.] t2_sim:[58961. 58938. 58397.]
Task is 56.00% complete.
t1_sim:[66203. 66788. 67418.] t2_sim:[56366. 56658. 60039.]
Task is 57.00% complete.
t1_sim:[65254. 65654. 65799.] t2_sim:[66928. 66438. 63996.]
Task is 58.00% complete.
t1_sim:[66494. 66458. 68859.] t2_sim:[67049. 66863. 66288.]
Task is 59.00% complete.
t1_sim:[64483. 64838. 65372.] t2_sim:[62935. 63118. 65249.]
Task is 60.00% complete.
t1_sim:[61131. 61537. 60943.] t2_sim:[66037. 65987. 64790.]
Task is 61.00% complete.
t1_sim:[62227. 62434. 62190.] t2_sim:[64506. 64499. 66200.]
Task is 62.00% complete.
t1_sim:[62481. 62677. 62471.] t2_sim:[68869. 69167. 69837.]
Task is 63.00% complete.
t1_sim:[66444. 66829. 66658.] t2_sim:[57496. 57511. 58520.]
Task is 64.00% complete.
t1_sim:[63288. 63582. 63582.] t2_sim:[63651. 63236. 63162.]
Task is 65.00% complete.
t1_sim:[59221. 59567. 60858.] t2_sim:[62154. 61933. 64842.]
Task is 66.00% complete.
t1_sim:[63990. 63999. 63578.] t2_sim:[59517. 59840. 60885.]
Task is 67.00% complete.
t1_sim:[61389. 61168. 61703.] t2_sim:[63636. 63836. 61110.]
Task is 68.00% complete.
t1_sim:[72140. 71737. 72793.] t2_sim:[64128. 64234. 62910.]
Task is 69.00% complete.
t1_sim:[66281. 66175. 66121.] t2_sim:[59288. 58877. 61195.]
Task is 70.00% complete.
t1_sim:[63197. 62840. 61023.] t2_sim:[62714. 62075. 59538.]
Task is 71.00% complete.
t1_sim:[63678. 63783. 62719.] t2_sim:[59916. 59842. 58225.]
Task is 72.00% complete.
t1_sim:[60278. 60584. 63703.] t2_sim:[59595. 58715. 58654.]
Task is 73.00% complete.
t1_sim:[61941. 61948. 64044.] t2_sim:[61206. 60971. 62783.]
Task is 74.00% complete.
t1_sim:[65647. 66227. 65484.] t2_sim:[60106. 60094. 59181.]
Task is 75.00% complete.
t1_sim:[65062. 64938. 66057.] t2_sim:[53270. 53197. 53207.]
Task is 76.00% complete.
t1_sim:[64300. 63964. 64681.] t2_sim:[61146. 60285. 61372.]
Task is 77.00% complete.
t1_sim:[62834. 63584. 62767.] t2_sim:[60491. 60182. 58641.]
Task is 78.00% complete.
t1_sim:[59185. 58834. 59143.] t2_sim:[60158. 59842. 60669.]
Task is 79.00% complete.
t1_sim:[64032. 64139. 65210.] t2_sim:[61737. 61746. 62360.]
Task is 80.00% complete.
t1_sim:[59771. 60274. 59574.] t2_sim:[69176. 69192. 68865.]
Task is 81.00% complete.
t1_sim:[65291. 65895. 66716.] t2_sim:[63587. 63610. 65370.]
Task is 82.00% complete.
t1_sim:[55071. 55528. 56646.] t2_sim:[57578. 57787. 58446.]
Task is 83.00% complete.
t1_sim:[58447. 58572. 59575.] t2_sim:[66633. 66237. 63609.]
Task is 84.00% complete.
t1_sim:[63277. 63584. 64641.] t2_sim:[61590. 61527. 62662.]
Task is 85.00% complete.
t1_sim:[61037. 61240. 62202.] t2_sim:[62640. 62680. 63200.]
Task is 86.00% complete.
t1_sim:[65043. 65265. 66649.] t2_sim:[60507. 60705. 60069.]
Task is 87.00% complete.
t1_sim:[62380. 62795. 62711.] t2_sim:[59278. 59919. 60926.]
Task is 88.00% complete.
t1_sim:[61043. 61390. 60933.] t2_sim:[61766. 61495. 62335.]
Task is 89.00% complete.
t1_sim:[59240. 58854. 59332.] t2_sim:[57706. 57777. 58832.]
Task is 90.00% complete.
t1_sim:[58645. 59326. 60394.] t2_sim:[61445. 61257. 60306.]
Task is 91.00% complete.
t1_sim:[61873. 61671. 61092.] t2_sim:[59509. 59572. 58971.]
Task is 92.00% complete.
t1_sim:[59951. 59705. 60850.] t2_sim:[66003. 66213. 68975.]
Task is 93.00% complete.
t1_sim:[61904. 62174. 60376.] t2_sim:[58291. 58707. 59272.]
Task is 94.00% complete.
t1_sim:[62437. 62629. 62480.] t2_sim:[57291. 57173. 56317.]
Task is 95.00% complete.
t1_sim:[61348. 61220. 58338.] t2_sim:[63657. 63505. 64572.]
Task is 96.00% complete.
t1_sim:[62972. 63156. 62138.] t2_sim:[61991. 62131. 65454.]
Task is 97.00% complete.
t1_sim:[64199. 64098. 66113.] t2_sim:[65356. 65024. 64347.]
Task is 98.00% complete.
t1_sim:[61859. 62031. 61705.] t2_sim:[61982. 61540. 60792.]
Task is 99.00% complete.
t1_sim:[57135. 57076. 58450.] t2_sim:[61960. 62122. 61239.]
Training start
t1_obs:[array(64315.), array(64342.), array(63606.)] t2_obs:[array(65247.), array(64923.), array(63860.)]
corr_G1:[None, None, -0.165827752283726] corr_G2:[None, None, 0.08403938222828942]
Training end
Task is 0.00% complete.
t1_sim:[64800. 64515. 66742.] t2_sim:[65750. 65807. 63774.]
Task is 1.00% complete.
t1_sim:[59957. 59906. 60755.] t2_sim:[64944. 65418. 66488.]
Task is 2.00% complete.
t1_sim:[61700. 61700. 60627.] t2_sim:[57510. 57302. 57474.]
Task is 3.00% complete.
t1_sim:[60267. 60199. 56296.] t2_sim:[56546. 56599. 56493.]
Task is 4.00% complete.
t1_sim:[66123. 66450. 65995.] t2_sim:[60503. 60468. 60047.]
Task is 5.00% complete.
t1_sim:[60754. 60702. 62471.] t2_sim:[56037. 56606. 58940.]
Task is 6.00% complete.
t1_sim:[62672. 62629. 63243.] t2_sim:[63841. 64054. 64656.]
Task is 7.00% complete.
t1_sim:[68579. 69111. 70113.] t2_sim:[65035. 64802. 64357.]
Task is 8.00% complete.
t1_sim:[56381. 56305. 55848.] t2_sim:[54903. 55549. 56911.]
Task is 9.00% complete.
t1_sim:[61785. 62175. 62749.] t2_sim:[62350. 62636. 61970.]
Task is 10.00% complete.
t1_sim:[62144. 62422. 61151.] t2_sim:[61171. 61459. 62924.]
Task is 11.00% complete.
t1_sim:[56369. 56141. 55226.] t2_sim:[65130. 64855. 64771.]
Task is 12.00% complete.
t1_sim:[63730. 64031. 65836.] t2_sim:[58970. 59422. 59324.]
Task is 13.00% complete.
t1_sim:[64611. 64336. 63185.] t2_sim:[60992. 61367. 65930.]
Task is 14.00% complete.
t1_sim:[57098. 57594. 60845.] t2_sim:[66084. 65509. 62692.]
Task is 15.00% complete.
t1_sim:[67426. 67540. 69172.] t2_sim:[64457. 64362. 63895.]
Task is 16.00% complete.
t1_sim:[62608. 62397. 62081.] t2_sim:[59576. 59468. 60438.]
Task is 17.00% complete.
t1_sim:[70187. 70236. 67232.] t2_sim:[56861. 56641. 55018.]
Task is 18.00% complete.
t1_sim:[64093. 64004. 62085.] t2_sim:[59546. 59363. 59847.]
Task is 19.00% complete.
t1_sim:[61029. 61154. 65180.] t2_sim:[62276. 61971. 63618.]
Task is 20.00% complete.
t1_sim:[67252. 67181. 65632.] t2_sim:[61778. 61446. 63112.]
Task is 21.00% complete.
t1_sim:[62940. 63262. 65598.] t2_sim:[58425. 58274. 56497.]
Task is 22.00% complete.
t1_sim:[62674. 62714. 61943.] t2_sim:[66345. 66667. 68351.]
Task is 23.00% complete.
t1_sim:[66946. 66618. 65802.] t2_sim:[59355. 58769. 60281.]
Task is 24.00% complete.
t1_sim:[59902. 60217. 61359.] t2_sim:[64473. 64676. 63903.]
Task is 25.00% complete.
t1_sim:[59064. 58631. 58704.] t2_sim:[64762. 64885. 64979.]
Task is 26.00% complete.
t1_sim:[64089. 64129. 62786.] t2_sim:[60135. 60726. 61530.]
Task is 27.00% complete.
t1_sim:[63711. 63611. 64279.] t2_sim:[59645. 59545. 61926.]
Task is 28.00% complete.
t1_sim:[58843. 58888. 58478.] t2_sim:[64863. 64738. 64277.]
Task is 29.00% complete.
t1_sim:[65679. 65275. 63775.] t2_sim:[58607. 58915. 59555.]
Task is 30.00% complete.
t1_sim:[62182. 62163. 62911.] t2_sim:[67658. 67722. 67476.]
Task is 31.00% complete.
t1_sim:[66107. 65986. 63219.] t2_sim:[63839. 63771. 63827.]
Task is 32.00% complete.
t1_sim:[62648. 63015. 61940.] t2_sim:[68198. 68474. 68629.]
Task is 33.00% complete.
t1_sim:[69523. 69322. 68385.] t2_sim:[60814. 60438. 61246.]
Task is 34.00% complete.
t1_sim:[71868. 71574. 72828.] t2_sim:[61317. 61940. 61362.]
Task is 35.00% complete.
t1_sim:[66358. 66348. 67577.] t2_sim:[63012. 63076. 64618.]
Task is 36.00% complete.
t1_sim:[61578. 61519. 61032.] t2_sim:[63367. 63542. 64288.]
Task is 37.00% complete.
t1_sim:[61121. 61395. 61389.] t2_sim:[62583. 62730. 64105.]
Task is 38.00% complete.
t1_sim:[60693. 60902. 62121.] t2_sim:[58983. 58780. 57233.]
Task is 39.00% complete.
t1_sim:[63478. 63598. 63569.] t2_sim:[60942. 60986. 61295.]
Task is 40.00% complete.
t1_sim:[64788. 64501. 62117.] t2_sim:[65869. 65891. 66318.]
Task is 41.00% complete.
t1_sim:[63548. 63697. 64818.] t2_sim:[66301. 66471. 66610.]
Task is 42.00% complete.
t1_sim:[59972. 59654. 59240.] t2_sim:[62947. 62408. 62264.]
Task is 43.00% complete.
t1_sim:[63039. 62710. 64537.] t2_sim:[59688. 59947. 61408.]
Task is 44.00% complete.
t1_sim:[68427. 68061. 64929.] t2_sim:[65475. 65274. 62517.]
Task is 45.00% complete.
t1_sim:[60203. 59973. 61417.] t2_sim:[61659. 61803. 61351.]
Task is 46.00% complete.
t1_sim:[57881. 58174. 57327.] t2_sim:[61956. 62186. 61875.]
Task is 47.00% complete.
t1_sim:[59843. 59902. 60128.] t2_sim:[63549. 63639. 63308.]
Task is 48.00% complete.
t1_sim:[55131. 55389. 58113.] t2_sim:[56480. 56227. 56687.]
Task is 49.00% complete.
t1_sim:[65389. 65616. 65479.] t2_sim:[66863. 66422. 67092.]
Task is 50.00% complete.
t1_sim:[67092. 66763. 63322.] t2_sim:[62318. 62572. 64374.]
Task is 51.00% complete.
t1_sim:[60566. 60503. 63060.] t2_sim:[62190. 62238. 62036.]
Task is 52.00% complete.
t1_sim:[60823. 60597. 59402.] t2_sim:[59770. 59438. 59134.]
Task is 53.00% complete.
t1_sim:[65518. 65831. 64797.] t2_sim:[68386. 67975. 68047.]
Task is 54.00% complete.
t1_sim:[57140. 57358. 59048.] t2_sim:[59646. 59294. 58710.]
Task is 55.00% complete.
t1_sim:[63748. 63732. 63931.] t2_sim:[67916. 67358. 64782.]
Task is 56.00% complete.
t1_sim:[63347. 63193. 61199.] t2_sim:[64493. 64348. 66878.]
Task is 57.00% complete.
t1_sim:[65129. 64970. 63185.] t2_sim:[62737. 62988. 62542.]
Task is 58.00% complete.
t1_sim:[60030. 59779. 57242.] t2_sim:[63423. 63663. 63861.]
Task is 59.00% complete.
t1_sim:[62100. 61697. 63255.] t2_sim:[60507. 61395. 64808.]
Task is 60.00% complete.
t1_sim:[62954. 62808. 61630.] t2_sim:[61064. 60356. 58592.]
Task is 61.00% complete.
t1_sim:[64464. 64474. 61883.] t2_sim:[62191. 62039. 61258.]
Task is 62.00% complete.
t1_sim:[63893. 64153. 64182.] t2_sim:[61276. 61329. 62978.]
Task is 63.00% complete.
t1_sim:[60115. 60071. 62909.] t2_sim:[66593. 66159. 66798.]
Task is 64.00% complete.
t1_sim:[70964. 70911. 70294.] t2_sim:[60502. 60823. 62799.]
Task is 65.00% complete.
t1_sim:[62623. 62306. 61055.] t2_sim:[66400. 66265. 65586.]
Task is 66.00% complete.
t1_sim:[63308. 62826. 62099.] t2_sim:[60011. 60506. 58450.]
Task is 67.00% complete.
t1_sim:[56824. 56426. 55644.] t2_sim:[63005. 63503. 64328.]
Task is 68.00% complete.
t1_sim:[58497. 58551. 59825.] t2_sim:[58531. 58597. 57657.]
Task is 69.00% complete.
t1_sim:[58291. 58370. 55445.] t2_sim:[66526. 66531. 66274.]
Task is 70.00% complete.
t1_sim:[60080. 59697. 56755.] t2_sim:[69659. 69472. 69275.]
Task is 71.00% complete.
t1_sim:[66340. 66181. 67991.] t2_sim:[60963. 60746. 59516.]
Task is 72.00% complete.
t1_sim:[61795. 61930. 64014.] t2_sim:[60382. 60472. 63002.]
Task is 73.00% complete.
t1_sim:[67900. 67986. 67472.] t2_sim:[63575. 63672. 64387.]
Task is 74.00% complete.
t1_sim:[58862. 58579. 57835.] t2_sim:[59453. 59300. 59218.]
Task is 75.00% complete.
t1_sim:[64109. 64090. 63362.] t2_sim:[61943. 61873. 63741.]
Task is 76.00% complete.
t1_sim:[58443. 58559. 59318.] t2_sim:[65437. 65151. 65342.]
Task is 77.00% complete.
t1_sim:[64811. 64351. 65459.] t2_sim:[63040. 63322. 61157.]
Task is 78.00% complete.
t1_sim:[68549. 68481. 67051.] t2_sim:[64892. 64939. 64739.]
Task is 79.00% complete.
t1_sim:[61973. 62017. 63953.] t2_sim:[62922. 62802. 62465.]
Task is 80.00% complete.
t1_sim:[62832. 62678. 62388.] t2_sim:[61047. 60615. 59239.]
Task is 81.00% complete.
t1_sim:[59581. 59359. 57656.] t2_sim:[60274. 60381. 55001.]
Task is 82.00% complete.
t1_sim:[60838. 60902. 61112.] t2_sim:[63897. 64596. 63761.]
Task is 83.00% complete.
t1_sim:[57558. 57659. 58983.] t2_sim:[63847. 63785. 64659.]
Task is 84.00% complete.
t1_sim:[63305. 63335. 62748.] t2_sim:[62529. 61870. 63939.]
Task is 85.00% complete.
t1_sim:[64082. 64597. 63054.] t2_sim:[61257. 61235. 64479.]
Task is 86.00% complete.
t1_sim:[65715. 66046. 66497.] t2_sim:[64935. 65001. 65317.]
Task is 87.00% complete.
t1_sim:[60468. 60513. 60835.] t2_sim:[57536. 57818. 60527.]
Task is 88.00% complete.
t1_sim:[68004. 67788. 67703.] t2_sim:[61243. 61593. 59463.]
Task is 89.00% complete.
t1_sim:[59364. 59179. 57310.] t2_sim:[65067. 65400. 65549.]
Task is 90.00% complete.
t1_sim:[58425. 58568. 58613.] t2_sim:[66622. 66397. 66019.]
Task is 91.00% complete.
t1_sim:[64761. 64343. 64490.] t2_sim:[70247. 70259. 71288.]
Task is 92.00% complete.
t1_sim:[58673. 58606. 61440.] t2_sim:[62517. 62378. 64352.]
Task is 93.00% complete.
t1_sim:[64171. 63918. 63770.] t2_sim:[59913. 59720. 58802.]
Task is 94.00% complete.
t1_sim:[58840. 59258. 61735.] t2_sim:[63863. 63772. 63352.]
Task is 95.00% complete.
t1_sim:[66110. 65865. 65341.] t2_sim:[59655. 59646. 59299.]
Task is 96.00% complete.
t1_sim:[63300. 63218. 66408.] t2_sim:[61146. 61535. 62838.]
Task is 97.00% complete.
t1_sim:[62872. 63207. 65025.] t2_sim:[59620. 59939. 59777.]
Task is 98.00% complete.
t1_sim:[60957. 61175. 61847.] t2_sim:[65517. 65644. 64976.]
Task is 99.00% complete.
t1_sim:[63036. 63567. 62335.] t2_sim:[61062. 60441. 59631.]
Finished
