/scratch/jz4721/Post-prediction-Causal-Inference/venv/lib/python3.8/site-packages/numpy/core/getlimits.py:518: UserWarning: The value of the smallest subnormal for <class 'numpy.float64'> type is zero.
  setattr(self, word, getattr(machar, word).flat[0])
/scratch/jz4721/Post-prediction-Causal-Inference/venv/lib/python3.8/site-packages/numpy/core/getlimits.py:89: UserWarning: The value of the smallest subnormal for <class 'numpy.float64'> type is zero.
  return self._float_to_str(self.smallest_subnormal)
/scratch/jz4721/Post-prediction-Causal-Inference/venv/lib/python3.8/site-packages/numpy/core/getlimits.py:518: UserWarning: The value of the smallest subnormal for <class 'numpy.float32'> type is zero.
  setattr(self, word, getattr(machar, word).flat[0])
/scratch/jz4721/Post-prediction-Causal-Inference/venv/lib/python3.8/site-packages/numpy/core/getlimits.py:89: UserWarning: The value of the smallest subnormal for <class 'numpy.float32'> type is zero.
  return self._float_to_str(self.smallest_subnormal)
Training start
t1_obs:[array(59005.), array(59035.), array(62096.)] t2_obs:[array(60593.), array(60680.), array(60305.)]
corr_G1:[None, None, 0] corr_G2:[None, None, 0]
Training end
Task is 0.00% complete.
t1_sim:[59274. 59358. 59463.] t2_sim:[65054. 64761. 64189.]
Task is 1.00% complete.
t1_sim:[65917. 65956. 66999.] t2_sim:[61274. 61382. 60052.]
Task is 2.00% complete.
t1_sim:[56582. 56245. 55909.] t2_sim:[63146. 63288. 62135.]
Task is 3.00% complete.
t1_sim:[64918. 65176. 62301.] t2_sim:[60046. 60355. 60689.]
Task is 4.00% complete.
t1_sim:[61125. 60685. 60885.] t2_sim:[62214. 62444. 60579.]
Task is 5.00% complete.
t1_sim:[65007. 64756. 63402.] t2_sim:[64924. 64661. 63617.]
Task is 6.00% complete.
t1_sim:[63682. 63564. 65292.] t2_sim:[55852. 55806. 56377.]
Task is 7.00% complete.
t1_sim:[63362. 63769. 59738.] t2_sim:[63845. 64353. 65717.]
Task is 8.00% complete.
t1_sim:[65509. 65219. 66542.] t2_sim:[66432. 66330. 69880.]
Task is 9.00% complete.
t1_sim:[63489. 63156. 63464.] t2_sim:[61094. 62142. 63567.]
Task is 10.00% complete.
t1_sim:[61621. 61736. 58339.] t2_sim:[68654. 68500. 70336.]
Task is 11.00% complete.
t1_sim:[58010. 57931. 56758.] t2_sim:[62704. 62460. 61408.]
Task is 12.00% complete.
t1_sim:[61411. 61249. 61899.] t2_sim:[59760. 59903. 59830.]
Task is 13.00% complete.
t1_sim:[57353. 57293. 56890.] t2_sim:[65411. 65219. 67535.]
Task is 14.00% complete.
t1_sim:[60016. 60350. 64014.] t2_sim:[64680. 64579. 62637.]
Task is 15.00% complete.
t1_sim:[59925. 60059. 62952.] t2_sim:[61924. 62056. 61347.]
Task is 16.00% complete.
t1_sim:[62385. 62361. 67943.] t2_sim:[61340. 61194. 60915.]
Task is 17.00% complete.
t1_sim:[64830. 64301. 62573.] t2_sim:[62749. 63330. 64439.]
Task is 18.00% complete.
t1_sim:[64111. 63854. 62781.] t2_sim:[61139. 61147. 61376.]
Task is 19.00% complete.
t1_sim:[66891. 66770. 63847.] t2_sim:[69305. 69570. 69033.]
Task is 20.00% complete.
t1_sim:[59710. 59886. 59775.] t2_sim:[71242. 71114. 71837.]
Task is 21.00% complete.
t1_sim:[61273. 61151. 65075.] t2_sim:[68117. 67818. 67358.]
Task is 22.00% complete.
t1_sim:[62793. 62227. 61463.] t2_sim:[57107. 56790. 58209.]
Task is 23.00% complete.
t1_sim:[63811. 63790. 61273.] t2_sim:[63607. 63792. 58543.]
Task is 24.00% complete.
t1_sim:[64784. 64924. 64132.] t2_sim:[64792. 64713. 65704.]
Task is 25.00% complete.
t1_sim:[65078. 64969. 63311.] t2_sim:[58782. 58234. 56287.]
Task is 26.00% complete.
t1_sim:[59627. 59800. 60811.] t2_sim:[63906. 63744. 61776.]
Task is 27.00% complete.
t1_sim:[66595. 66521. 69273.] t2_sim:[60095. 60118. 64864.]
Task is 28.00% complete.
t1_sim:[63330. 63428. 64751.] t2_sim:[61344. 61200. 60114.]
Task is 29.00% complete.
t1_sim:[63977. 64169. 65472.] t2_sim:[68453. 68506. 68541.]
Task is 30.00% complete.
t1_sim:[58022. 58009. 59092.] t2_sim:[58700. 58614. 58605.]
Task is 31.00% complete.
t1_sim:[60387. 60195. 62340.] t2_sim:[60476. 60167. 63024.]
Task is 32.00% complete.
t1_sim:[66616. 66862. 66043.] t2_sim:[64051. 64406. 64223.]
Task is 33.00% complete.
t1_sim:[62196. 62902. 60171.] t2_sim:[62785. 63175. 63738.]
Task is 34.00% complete.
t1_sim:[66575. 66438. 68765.] t2_sim:[57334. 56853. 59706.]
Task is 35.00% complete.
t1_sim:[62000. 61865. 62072.] t2_sim:[57025. 57192. 61391.]
Task is 36.00% complete.
t1_sim:[62229. 62728. 63701.] t2_sim:[68575. 68943. 65892.]
Task is 37.00% complete.
t1_sim:[65476. 65322. 64622.] t2_sim:[63850. 63788. 64184.]
Task is 38.00% complete.
t1_sim:[59567. 59273. 59841.] t2_sim:[64652. 64350. 62042.]
Task is 39.00% complete.
t1_sim:[66642. 67018. 63235.] t2_sim:[68458. 68522. 66101.]
Task is 40.00% complete.
t1_sim:[64520. 64297. 62561.] t2_sim:[62699. 62578. 63805.]
Task is 41.00% complete.
t1_sim:[64482. 64528. 66688.] t2_sim:[67908. 68028. 67600.]
Task is 42.00% complete.
t1_sim:[58122. 58657. 62704.] t2_sim:[64009. 64234. 62893.]
Task is 43.00% complete.
t1_sim:[61931. 61848. 60162.] t2_sim:[54250. 54989. 56490.]
Task is 44.00% complete.
t1_sim:[63706. 63778. 64202.] t2_sim:[59872. 60025. 60066.]
Task is 45.00% complete.
t1_sim:[60254. 60714. 63638.] t2_sim:[60057. 60141. 60808.]
Task is 46.00% complete.
t1_sim:[59194. 58967. 58546.] t2_sim:[61662. 61812. 62298.]
Task is 47.00% complete.
t1_sim:[60229. 60187. 59636.] t2_sim:[66220. 65975. 65199.]
Task is 48.00% complete.
t1_sim:[62306. 62140. 59430.] t2_sim:[66814. 66501. 65641.]
Task is 49.00% complete.
t1_sim:[62463. 62222. 59713.] t2_sim:[62184. 62355. 63369.]
Task is 50.00% complete.
t1_sim:[63426. 63358. 64587.] t2_sim:[65332. 65085. 64389.]
Task is 51.00% complete.
t1_sim:[61364. 61609. 64967.] t2_sim:[66368. 66781. 63834.]
Task is 52.00% complete.
t1_sim:[64767. 64502. 65342.] t2_sim:[66221. 66311. 61002.]
Task is 53.00% complete.
t1_sim:[65062. 65042. 65221.] t2_sim:[62072. 61950. 64893.]
Task is 54.00% complete.
t1_sim:[56055. 56155. 60091.] t2_sim:[61748. 61901. 63600.]
Task is 55.00% complete.
t1_sim:[61998. 61977. 60571.] t2_sim:[64499. 64149. 63966.]
Task is 56.00% complete.
t1_sim:[61637. 61184. 61160.] t2_sim:[61451. 61492. 62819.]
Task is 57.00% complete.
t1_sim:[59014. 59184. 63813.] t2_sim:[62376. 62511. 63903.]
Task is 58.00% complete.
t1_sim:[69798. 69582. 69027.] t2_sim:[67721. 67630. 68777.]
Task is 59.00% complete.
t1_sim:[63790. 63812. 63840.] t2_sim:[68084. 68122. 69444.]
Task is 60.00% complete.
t1_sim:[59027. 58737. 56998.] t2_sim:[68004. 67884. 69718.]
Task is 61.00% complete.
t1_sim:[61399. 61712. 62258.] t2_sim:[59295. 59439. 56141.]
Task is 62.00% complete.
t1_sim:[56273. 56634. 56197.] t2_sim:[62249. 62048. 62560.]
Task is 63.00% complete.
t1_sim:[55142. 55076. 56173.] t2_sim:[61868. 62092. 64237.]
Task is 64.00% complete.
t1_sim:[63407. 63579. 63244.] t2_sim:[65028. 64734. 69372.]
Task is 65.00% complete.
t1_sim:[61838. 61858. 62470.] t2_sim:[65144. 64664. 68175.]
Task is 66.00% complete.
t1_sim:[65904. 65506. 65558.] t2_sim:[59049. 58807. 57204.]
Task is 67.00% complete.
t1_sim:[63391. 63142. 61179.] t2_sim:[63936. 63607. 64361.]
Task is 68.00% complete.
t1_sim:[65567. 65587. 65882.] t2_sim:[64215. 64356. 61361.]
Task is 69.00% complete.
t1_sim:[61588. 61473. 59199.] t2_sim:[59948. 60429. 60170.]
Task is 70.00% complete.
t1_sim:[67345. 67533. 64228.] t2_sim:[59823. 59921. 61628.]
Task is 71.00% complete.
t1_sim:[58749. 59151. 60958.] t2_sim:[63192. 63731. 63641.]
Task is 72.00% complete.
t1_sim:[61688. 62308. 59685.] t2_sim:[61374. 61566. 59326.]
Task is 73.00% complete.
t1_sim:[67103. 67142. 69233.] t2_sim:[64641. 65482. 67024.]
Task is 74.00% complete.
t1_sim:[65671. 65652. 65546.] t2_sim:[65024. 64642. 67062.]
Task is 75.00% complete.
t1_sim:[57790. 58064. 57762.] t2_sim:[64108. 64390. 61918.]
Task is 76.00% complete.
t1_sim:[65256. 65206. 63305.] t2_sim:[63017. 62909. 58839.]
Task is 77.00% complete.
t1_sim:[62481. 62392. 65583.] t2_sim:[62073. 61929. 62577.]
Task is 78.00% complete.
t1_sim:[65434. 65256. 66538.] t2_sim:[63788. 63648. 61038.]
Task is 79.00% complete.
t1_sim:[61891. 62077. 60876.] t2_sim:[61990. 62123. 62674.]
Task is 80.00% complete.
t1_sim:[57197. 57104. 54609.] t2_sim:[66937. 67078. 62921.]
Task is 81.00% complete.
t1_sim:[66967. 66926. 64890.] t2_sim:[67514. 67184. 66164.]
Task is 82.00% complete.
t1_sim:[62410. 62252. 65930.] t2_sim:[64241. 64030. 62632.]
Task is 83.00% complete.
t1_sim:[61581. 61409. 62994.] t2_sim:[66827. 66482. 62332.]
Task is 84.00% complete.
t1_sim:[61108. 61054. 60902.] t2_sim:[63448. 63595. 61514.]
Task is 85.00% complete.
t1_sim:[54632. 54757. 54508.] t2_sim:[66621. 65989. 66365.]
Task is 86.00% complete.
t1_sim:[63272. 63411. 61862.] t2_sim:[60923. 60520. 63847.]
Task is 87.00% complete.
t1_sim:[57762. 58230. 59231.] t2_sim:[61986. 62175. 59235.]
Task is 88.00% complete.
t1_sim:[64111. 64287. 65607.] t2_sim:[55784. 55638. 55464.]
Task is 89.00% complete.
t1_sim:[65432. 65320. 65174.] t2_sim:[58310. 58376. 60912.]
Task is 90.00% complete.
t1_sim:[62549. 62649. 64299.] t2_sim:[66139. 65912. 64237.]
Task is 91.00% complete.
t1_sim:[62661. 62747. 60546.] t2_sim:[63419. 63111. 62919.]
Task is 92.00% complete.
t1_sim:[62759. 62593. 61551.] t2_sim:[65910. 65751. 66191.]
Task is 93.00% complete.
t1_sim:[61029. 60653. 61055.] t2_sim:[68670. 68956. 64723.]
Task is 94.00% complete.
t1_sim:[56601. 56578. 58458.] t2_sim:[60161. 60208. 60627.]
Task is 95.00% complete.
t1_sim:[63281. 63118. 60676.] t2_sim:[60952. 61445. 59873.]
Task is 96.00% complete.
t1_sim:[64682. 64986. 67109.] t2_sim:[66407. 66689. 65546.]
Task is 97.00% complete.
t1_sim:[63799. 63263. 61391.] t2_sim:[63452. 63526. 63981.]
Task is 98.00% complete.
t1_sim:[60848. 60477. 60891.] t2_sim:[61358. 61335. 61892.]
Task is 99.00% complete.
t1_sim:[62998. 62464. 62335.] t2_sim:[59281. 59067. 58237.]
Training start
t1_obs:[array(59005.), array(59035.), array(62079.)] t2_obs:[array(60593.), array(60680.), array(61517.)]
corr_G1:[None, None, 0.9839349766672342] corr_G2:[None, None, 0.9829297085718436]
Training end
Task is 0.00% complete.
t1_sim:[61440. 61265. 61861.] t2_sim:[59544. 59439. 58554.]
Task is 1.00% complete.
t1_sim:[59298. 59390. 59545.] t2_sim:[58572. 58136. 58661.]
Task is 2.00% complete.
t1_sim:[60262. 60256. 59283.] t2_sim:[54435. 54911. 55703.]
Task is 3.00% complete.
t1_sim:[62377. 62351. 61611.] t2_sim:[65278. 64848. 64545.]
Task is 4.00% complete.
t1_sim:[57155. 57452. 57697.] t2_sim:[66541. 66402. 68346.]
Task is 5.00% complete.
t1_sim:[62899. 63045. 63818.] t2_sim:[58271. 58712. 58017.]
Task is 6.00% complete.
t1_sim:[62651. 62696. 63223.] t2_sim:[62260. 62735. 62481.]
Task is 7.00% complete.
t1_sim:[64594. 64664. 64695.] t2_sim:[62182. 61669. 59926.]
Task is 8.00% complete.
t1_sim:[64788. 64916. 65516.] t2_sim:[62319. 62316. 65301.]
Task is 9.00% complete.
t1_sim:[60763. 60494. 61872.] t2_sim:[64775. 64729. 66012.]
Task is 10.00% complete.
t1_sim:[61684. 61689. 63397.] t2_sim:[61460. 61663. 65150.]
Task is 11.00% complete.
t1_sim:[60004. 60531. 62102.] t2_sim:[58891. 59025. 61130.]
Task is 12.00% complete.
t1_sim:[63920. 63557. 63050.] t2_sim:[59604. 59743. 60198.]
Task is 13.00% complete.
t1_sim:[63108. 63253. 63259.] t2_sim:[61330. 61468. 61393.]
Task is 14.00% complete.
t1_sim:[61330. 61521. 61217.] t2_sim:[65671. 65378. 64898.]
Task is 15.00% complete.
t1_sim:[63875. 63705. 64046.] t2_sim:[61706. 61687. 63468.]
Task is 16.00% complete.
t1_sim:[62029. 61405. 62319.] t2_sim:[56935. 57358. 55112.]
Task is 17.00% complete.
t1_sim:[55791. 55846. 58084.] t2_sim:[58087. 57784. 58218.]
Task is 18.00% complete.
t1_sim:[60740. 60722. 59518.] t2_sim:[57821. 57826. 57686.]
Task is 19.00% complete.
t1_sim:[64354. 64208. 62200.] t2_sim:[63169. 63043. 62903.]
Task is 20.00% complete.
t1_sim:[61701. 62111. 62164.] t2_sim:[59829. 59459. 60580.]
Task is 21.00% complete.
t1_sim:[63937. 63709. 61864.] t2_sim:[66412. 66435. 66438.]
Task is 22.00% complete.
t1_sim:[59496. 59689. 60903.] t2_sim:[63078. 63293. 61174.]
Task is 23.00% complete.
t1_sim:[67630. 67793. 66806.] t2_sim:[61643. 61682. 62431.]
Task is 24.00% complete.
t1_sim:[65920. 65615. 63345.] t2_sim:[57531. 57779. 56685.]
Task is 25.00% complete.
t1_sim:[58223. 58545. 61841.] t2_sim:[64149. 64170. 65206.]
Task is 26.00% complete.
t1_sim:[68084. 68471. 69247.] t2_sim:[59644. 59509. 58491.]
Task is 27.00% complete.
t1_sim:[63078. 62872. 60207.] t2_sim:[65266. 65196. 64563.]
Task is 28.00% complete.
t1_sim:[64437. 64455. 64321.] t2_sim:[59566. 59991. 62252.]
Task is 29.00% complete.
t1_sim:[63906. 63946. 65932.] t2_sim:[62814. 62561. 63384.]
Task is 30.00% complete.
t1_sim:[62657. 62729. 61857.] t2_sim:[62954. 62921. 62627.]
Task is 31.00% complete.
t1_sim:[56805. 57028. 55839.] t2_sim:[59820. 59414. 58369.]
Task is 32.00% complete.
t1_sim:[58043. 57859. 60629.] t2_sim:[59391. 59446. 58737.]
Task is 33.00% complete.
t1_sim:[61191. 61116. 61151.] t2_sim:[70678. 70807. 71258.]
Task is 34.00% complete.
t1_sim:[61837. 61659. 60371.] t2_sim:[62696. 62840. 64010.]
Task is 35.00% complete.
t1_sim:[64772. 64918. 64687.] t2_sim:[68063. 68032. 65906.]
Task is 36.00% complete.
t1_sim:[64531. 64519. 66825.] t2_sim:[64394. 64046. 63933.]
Task is 37.00% complete.
t1_sim:[67068. 66851. 66799.] t2_sim:[66335. 66001. 64807.]
Task is 38.00% complete.
t1_sim:[58148. 58204. 57664.] t2_sim:[65961. 66040. 67620.]
Task is 39.00% complete.
t1_sim:[64755. 64362. 63492.] t2_sim:[58678. 57803. 56712.]
Task is 40.00% complete.
t1_sim:[62421. 62444. 63825.] t2_sim:[58951. 58251. 57089.]
Task is 41.00% complete.
t1_sim:[67379. 67433. 67758.] t2_sim:[63445. 64061. 62931.]
Task is 42.00% complete.
t1_sim:[60073. 60175. 61182.] t2_sim:[62877. 62860. 64499.]
Task is 43.00% complete.
t1_sim:[65144. 65014. 64546.] t2_sim:[61226. 60647. 61927.]
Task is 44.00% complete.
t1_sim:[62279. 62372. 62803.] t2_sim:[58348. 58832. 60901.]
Task is 45.00% complete.
t1_sim:[62821. 62389. 62117.] t2_sim:[63162. 63104. 63368.]
Task is 46.00% complete.
t1_sim:[62007. 62000. 62542.] t2_sim:[67006. 67204. 66858.]
Task is 47.00% complete.
t1_sim:[63544. 63116. 62421.] t2_sim:[66619. 66620. 66064.]
Task is 48.00% complete.
t1_sim:[59199. 59248. 58752.] t2_sim:[57467. 58080. 60394.]
Task is 49.00% complete.
t1_sim:[60208. 60112. 58402.] t2_sim:[62162. 61488. 61198.]
Task is 50.00% complete.
t1_sim:[60715. 60662. 58139.] t2_sim:[60549. 60984. 63951.]
Task is 51.00% complete.
t1_sim:[58472. 58343. 58652.] t2_sim:[63290. 63672. 62951.]
Task is 52.00% complete.
t1_sim:[62965. 63404. 61590.] t2_sim:[62384. 62554. 61540.]
Task is 53.00% complete.
t1_sim:[64546. 64135. 64219.] t2_sim:[62693. 63241. 62800.]
Task is 54.00% complete.
t1_sim:[67001. 67221. 66970.] t2_sim:[65660. 65712. 66591.]
Task is 55.00% complete.
t1_sim:[67541. 67130. 66465.] t2_sim:[56897. 56532. 54209.]
Task is 56.00% complete.
t1_sim:[63397. 63830. 64591.] t2_sim:[63592. 63767. 65973.]
Task is 57.00% complete.
t1_sim:[64585. 64189. 61169.] t2_sim:[59151. 59308. 58787.]
Task is 58.00% complete.
t1_sim:[61701. 61686. 59778.] t2_sim:[61473. 61288. 63587.]
Task is 59.00% complete.
t1_sim:[64410. 64612. 66124.] t2_sim:[60861. 60571. 64340.]
Task is 60.00% complete.
t1_sim:[70275. 70411. 72813.] t2_sim:[61761. 61802. 61869.]
Task is 61.00% complete.
t1_sim:[61135. 61319. 61098.] t2_sim:[58963. 59027. 59539.]
Task is 62.00% complete.
t1_sim:[63432. 63485. 64075.] t2_sim:[61910. 62138. 64542.]
Task is 63.00% complete.
t1_sim:[62592. 62451. 62177.] t2_sim:[60227. 60193. 60214.]
Task is 64.00% complete.
t1_sim:[69117. 69211. 68566.] t2_sim:[57277. 57589. 56675.]
Task is 65.00% complete.
t1_sim:[61752. 61440. 59168.] t2_sim:[67553. 67815. 67332.]
Task is 66.00% complete.
t1_sim:[60907. 61018. 60957.] t2_sim:[63262. 63669. 64835.]
Task is 67.00% complete.
t1_sim:[64142. 64046. 63382.] t2_sim:[67215. 67356. 67998.]
Task is 68.00% complete.
t1_sim:[65208. 65064. 64586.] t2_sim:[63926. 63891. 62133.]
Task is 69.00% complete.
t1_sim:[60334. 60603. 60553.] t2_sim:[60448. 60517. 61365.]
Task is 70.00% complete.
t1_sim:[65848. 66226. 66483.] t2_sim:[68049. 68014. 68281.]
Task is 71.00% complete.
t1_sim:[63152. 63219. 65509.] t2_sim:[65356. 65252. 63794.]
Task is 72.00% complete.
t1_sim:[56700. 57212. 57416.] t2_sim:[64036. 64168. 63327.]
Task is 73.00% complete.
t1_sim:[67345. 67044. 66292.] t2_sim:[63357. 62873. 62313.]
Task is 74.00% complete.
t1_sim:[65102. 65531. 64541.] t2_sim:[64266. 65148. 69072.]
Task is 75.00% complete.
t1_sim:[62584. 61865. 62771.] t2_sim:[62263. 62615. 61183.]
Task is 76.00% complete.
t1_sim:[58676. 58685. 57711.] t2_sim:[63172. 63264. 63731.]
Task is 77.00% complete.
t1_sim:[55665. 55572. 55772.] t2_sim:[59694. 60427. 60017.]
Task is 78.00% complete.
t1_sim:[67408. 67797. 70156.] t2_sim:[66032. 66077. 66329.]
Task is 79.00% complete.
t1_sim:[64603. 64814. 64435.] t2_sim:[63542. 63390. 64901.]
Task is 80.00% complete.
t1_sim:[66120. 66101. 66185.] t2_sim:[61033. 60024. 57099.]
Task is 81.00% complete.
t1_sim:[60113. 59825. 58534.] t2_sim:[59820. 59997. 61398.]
Task is 82.00% complete.
t1_sim:[64542. 64771. 64193.] t2_sim:[61832. 61782. 62198.]
Task is 83.00% complete.
t1_sim:[57821. 57206. 57781.] t2_sim:[64252. 64129. 61279.]
Task is 84.00% complete.
t1_sim:[61229. 61824. 65203.] t2_sim:[70297. 70598. 71332.]
Task is 85.00% complete.
t1_sim:[66576. 66200. 66961.] t2_sim:[54544. 54577. 56666.]
Task is 86.00% complete.
t1_sim:[58693. 58920. 58682.] t2_sim:[65034. 65319. 63662.]
Task is 87.00% complete.
t1_sim:[55662. 55456. 55494.] t2_sim:[69800. 69841. 66801.]
Task is 88.00% complete.
t1_sim:[66395. 65706. 65582.] t2_sim:[60156. 60270. 61252.]
Task is 89.00% complete.
t1_sim:[60623. 60023. 60490.] t2_sim:[62801. 62435. 61766.]
Task is 90.00% complete.
t1_sim:[64009. 64423. 64203.] t2_sim:[63586. 63488. 62442.]
Task is 91.00% complete.
t1_sim:[64978. 64583. 65996.] t2_sim:[62756. 62596. 63911.]
Task is 92.00% complete.
t1_sim:[60388. 60390. 60122.] t2_sim:[65807. 65825. 63876.]
Task is 93.00% complete.
t1_sim:[62453. 61950. 63652.] t2_sim:[64136. 64199. 64060.]
Task is 94.00% complete.
t1_sim:[63273. 63502. 62884.] t2_sim:[66277. 65603. 64928.]
Task is 95.00% complete.
t1_sim:[65820. 66397. 64316.] t2_sim:[61359. 61480. 59258.]
Task is 96.00% complete.
t1_sim:[66448. 66148. 66972.] t2_sim:[64984. 65544. 66769.]
Task is 97.00% complete.
t1_sim:[58963. 58294. 57482.] t2_sim:[58801. 58622. 59851.]
Task is 98.00% complete.
t1_sim:[65504. 65715. 65626.] t2_sim:[59682. 59197. 59005.]
Task is 99.00% complete.
t1_sim:[57120. 57245. 57235.] t2_sim:[63176. 62788. 65757.]
Training start
t1_obs:[array(59005.), array(59035.), array(63215.)] t2_obs:[array(60593.), array(60680.), array(62694.)]
corr_G1:[None, None, 0.023495575399111915] corr_G2:[None, None, -0.07786402670654405]
Training end
Task is 0.00% complete.
t1_sim:[61703. 61530. 60197.] t2_sim:[61002. 61036. 60823.]
Task is 1.00% complete.
t1_sim:[60601. 60332. 62121.] t2_sim:[59519. 59716. 62201.]
Task is 2.00% complete.
t1_sim:[65246. 65105. 65270.] t2_sim:[63926. 64133. 67335.]
Task is 3.00% complete.
t1_sim:[64294. 64108. 63039.] t2_sim:[68892. 68681. 69694.]
Task is 4.00% complete.
t1_sim:[62250. 62442. 64351.] t2_sim:[64227. 64410. 63537.]
Task is 5.00% complete.
t1_sim:[66533. 66810. 65582.] t2_sim:[58957. 58807. 58812.]
Task is 6.00% complete.
t1_sim:[61354. 61161. 61655.] t2_sim:[67708. 67386. 67494.]
Task is 7.00% complete.
t1_sim:[64320. 64073. 63826.] t2_sim:[64203. 63958. 63077.]
Task is 8.00% complete.
t1_sim:[56920. 56416. 58220.] t2_sim:[61692. 62289. 62868.]
Task is 9.00% complete.
t1_sim:[68159. 68110. 67778.] t2_sim:[60530. 60871. 61710.]
Task is 10.00% complete.
t1_sim:[65563. 65086. 64864.] t2_sim:[63448. 63161. 62787.]
Task is 11.00% complete.
t1_sim:[66696. 66843. 68154.] t2_sim:[64715. 64916. 67339.]
Task is 12.00% complete.
t1_sim:[59336. 58995. 61208.] t2_sim:[61946. 61947. 60647.]
Task is 13.00% complete.
t1_sim:[62106. 62066. 63896.] t2_sim:[62017. 61887. 62004.]
Task is 14.00% complete.
t1_sim:[65365. 65023. 65162.] t2_sim:[56009. 55938. 58844.]
Task is 15.00% complete.
t1_sim:[63685. 64010. 63682.] t2_sim:[61888. 61785. 63505.]
Task is 16.00% complete.
t1_sim:[67420. 67171. 68024.] t2_sim:[59679. 60082. 58409.]
Task is 17.00% complete.
t1_sim:[60741. 60249. 60566.] t2_sim:[64108. 63868. 64344.]
Task is 18.00% complete.
t1_sim:[61417. 61634. 60731.] t2_sim:[61316. 61903. 61771.]
Task is 19.00% complete.
t1_sim:[67499. 67632. 66442.] t2_sim:[62561. 63062. 63752.]
Task is 20.00% complete.
t1_sim:[61763. 61385. 63028.] t2_sim:[56335. 56548. 58697.]
Task is 21.00% complete.
t1_sim:[58347. 58127. 59842.] t2_sim:[63294. 63515. 61734.]
Task is 22.00% complete.
t1_sim:[59745. 59854. 60673.] t2_sim:[68162. 68117. 66917.]
Task is 23.00% complete.
t1_sim:[64983. 64876. 64553.] t2_sim:[66493. 66518. 68974.]
Task is 24.00% complete.
t1_sim:[65795. 65303. 68009.] t2_sim:[63503. 64217. 64493.]
Task is 25.00% complete.
t1_sim:[66820. 66443. 64286.] t2_sim:[65338. 65281. 66138.]
Task is 26.00% complete.
t1_sim:[65577. 65580. 64392.] t2_sim:[62394. 62751. 64891.]
Task is 27.00% complete.
t1_sim:[63121. 63463. 62395.] t2_sim:[61492. 61823. 61606.]
Task is 28.00% complete.
t1_sim:[65332. 65002. 65883.] t2_sim:[55374. 55558. 56616.]
Task is 29.00% complete.
t1_sim:[66665. 66180. 66221.] t2_sim:[65931. 65713. 66357.]
Task is 30.00% complete.
t1_sim:[63697. 63846. 64396.] t2_sim:[63522. 63173. 62687.]
Task is 31.00% complete.
t1_sim:[63286. 62893. 64913.] t2_sim:[63805. 63355. 65589.]
Task is 32.00% complete.
t1_sim:[64778. 64735. 63542.] t2_sim:[65651. 65589. 68056.]
Task is 33.00% complete.
t1_sim:[61435. 61509. 64519.] t2_sim:[63161. 63936. 65977.]
Task is 34.00% complete.
t1_sim:[61886. 61658. 60026.] t2_sim:[64098. 63820. 63893.]
Task is 35.00% complete.
t1_sim:[66051. 66156. 66456.] t2_sim:[58625. 58630. 57702.]
Task is 36.00% complete.
t1_sim:[61060. 61217. 62913.] t2_sim:[64407. 64426. 63375.]
Task is 37.00% complete.
t1_sim:[62506. 62328. 62722.] t2_sim:[63237. 63612. 64298.]
Task is 38.00% complete.
t1_sim:[63340. 63410. 62153.] t2_sim:[68267. 68362. 68100.]
Task is 39.00% complete.
t1_sim:[64058. 64560. 66808.] t2_sim:[56944. 56492. 58989.]
Task is 40.00% complete.
t1_sim:[53929. 53880. 53471.] t2_sim:[65073. 65075. 65961.]
Task is 41.00% complete.
t1_sim:[57317. 57308. 60162.] t2_sim:[60999. 60840. 61040.]
Task is 42.00% complete.
t1_sim:[62900. 63184. 63726.] t2_sim:[64244. 64639. 64783.]
Task is 43.00% complete.
t1_sim:[59658. 59685. 61848.] t2_sim:[58511. 58997. 61617.]
Task is 44.00% complete.
t1_sim:[63894. 64015. 64050.] t2_sim:[58790. 58932. 58141.]
Task is 45.00% complete.
t1_sim:[61331. 61154. 63915.] t2_sim:[61726. 61225. 61031.]
Task is 46.00% complete.
t1_sim:[64357. 64609. 65683.] t2_sim:[63965. 63845. 64757.]
Task is 47.00% complete.
t1_sim:[61895. 61789. 61170.] t2_sim:[62238. 62516. 61813.]
Task is 48.00% complete.
t1_sim:[62688. 62758. 62744.] t2_sim:[57999. 57620. 55487.]
Task is 49.00% complete.
t1_sim:[64808. 65222. 65504.] t2_sim:[59917. 59636. 59525.]
Task is 50.00% complete.
t1_sim:[65925. 65931. 66091.] t2_sim:[62957. 62374. 60929.]
Task is 51.00% complete.
t1_sim:[62452. 61981. 60507.] t2_sim:[66116. 66460. 66984.]
Task is 52.00% complete.
t1_sim:[65019. 64826. 63181.] t2_sim:[57610. 57865. 59471.]
Task is 53.00% complete.
t1_sim:[63388. 63075. 64118.] t2_sim:[59765. 59982. 61006.]
Task is 54.00% complete.
t1_sim:[61226. 60913. 61296.] t2_sim:[62064. 62140. 61798.]
Task is 55.00% complete.
t1_sim:[65988. 66238. 70466.] t2_sim:[62595. 62404. 61515.]
Task is 56.00% complete.
t1_sim:[63467. 63825. 61189.] t2_sim:[61293. 61322. 61021.]
Task is 57.00% complete.
t1_sim:[59356. 59391. 58720.] t2_sim:[67002. 66521. 66728.]
Task is 58.00% complete.
t1_sim:[64493. 64628. 64078.] t2_sim:[64096. 63960. 64419.]
Task is 59.00% complete.
t1_sim:[63560. 63566. 65792.] t2_sim:[57691. 57933. 58727.]
Task is 60.00% complete.
t1_sim:[58113. 57779. 57988.] t2_sim:[56298. 56521. 55839.]
Task is 61.00% complete.
t1_sim:[65645. 65936. 63575.] t2_sim:[61612. 61729. 62521.]
Task is 62.00% complete.
t1_sim:[67465. 67531. 65677.] t2_sim:[62051. 61926. 59136.]
Task is 63.00% complete.
t1_sim:[61904. 61739. 61531.] t2_sim:[58372. 58115. 60434.]
Task is 64.00% complete.
t1_sim:[58964. 59181. 60547.] t2_sim:[57858. 57871. 60704.]
Task is 65.00% complete.
t1_sim:[64075. 64206. 63424.] t2_sim:[65704. 65943. 66053.]
Task is 66.00% complete.
t1_sim:[65239. 65549. 64850.] t2_sim:[60331. 60251. 58826.]
Task is 67.00% complete.
t1_sim:[66905. 67083. 64632.] t2_sim:[64344. 64102. 63873.]
Task is 68.00% complete.
t1_sim:[59746. 59638. 59231.] t2_sim:[58986. 59221. 61694.]
Task is 69.00% complete.
t1_sim:[65372. 65218. 66249.] t2_sim:[61005. 61301. 63104.]
Task is 70.00% complete.
t1_sim:[59941. 60642. 62324.] t2_sim:[57915. 58262. 60201.]
Task is 71.00% complete.
t1_sim:[63030. 62793. 63688.] t2_sim:[64356. 64601. 66448.]
Task is 72.00% complete.
t1_sim:[61183. 61782. 63987.] t2_sim:[61319. 61081. 60738.]
Task is 73.00% complete.
t1_sim:[60029. 60115. 60754.] t2_sim:[58697. 58506. 57673.]
Task is 74.00% complete.
t1_sim:[61549. 61198. 61353.] t2_sim:[61468. 61312. 61639.]
Task is 75.00% complete.
t1_sim:[72279. 72037. 72998.] t2_sim:[56328. 56257. 56638.]
Task is 76.00% complete.
t1_sim:[63935. 63564. 62547.] t2_sim:[65418. 65490. 64687.]
Task is 77.00% complete.
t1_sim:[59278. 59511. 60139.] t2_sim:[59228. 59893. 63294.]
Task is 78.00% complete.
t1_sim:[63576. 63721. 61228.] t2_sim:[56511. 56834. 60438.]
Task is 79.00% complete.
t1_sim:[61432. 61249. 60836.] t2_sim:[67095. 66961. 65635.]
Task is 80.00% complete.
t1_sim:[58304. 58408. 59929.] t2_sim:[64386. 64176. 63660.]
Task is 81.00% complete.
t1_sim:[63261. 64143. 67138.] t2_sim:[66499. 66640. 65070.]
Task is 82.00% complete.
t1_sim:[58429. 58583. 60204.] t2_sim:[65917. 66009. 64856.]
Task is 83.00% complete.
t1_sim:[60380. 60336. 63634.] t2_sim:[60775. 60459. 59619.]
Task is 84.00% complete.
t1_sim:[62335. 62596. 63889.] t2_sim:[61213. 61357. 63033.]
Task is 85.00% complete.
t1_sim:[71636. 71340. 71689.] t2_sim:[62045. 61929. 60624.]
Task is 86.00% complete.
t1_sim:[61816. 61743. 61442.] t2_sim:[62979. 62980. 65674.]
Task is 87.00% complete.
t1_sim:[61785. 61175. 61193.] t2_sim:[66517. 66291. 65164.]
Task is 88.00% complete.
t1_sim:[60402. 60973. 63463.] t2_sim:[66794. 66373. 65375.]
Task is 89.00% complete.
t1_sim:[67378. 66963. 66592.] t2_sim:[64038. 64141. 65157.]
Task is 90.00% complete.
t1_sim:[60054. 60257. 58413.] t2_sim:[57885. 58047. 60938.]
Task is 91.00% complete.
t1_sim:[66976. 67156. 68002.] t2_sim:[72031. 71664. 72832.]
Task is 92.00% complete.
t1_sim:[57580. 57736. 58432.] t2_sim:[57976. 57483. 61059.]
Task is 93.00% complete.
t1_sim:[58026. 57858. 56346.] t2_sim:[68701. 68470. 68931.]
Task is 94.00% complete.
t1_sim:[62771. 62633. 63124.] t2_sim:[62404. 62595. 64992.]
Task is 95.00% complete.
t1_sim:[67850. 67531. 68284.] t2_sim:[60579. 60390. 58263.]
Task is 96.00% complete.
t1_sim:[60712. 60148. 60566.] t2_sim:[64951. 64862. 65163.]
Task is 97.00% complete.
t1_sim:[65783. 65792. 64695.] t2_sim:[63184. 63203. 64327.]
Task is 98.00% complete.
t1_sim:[61293. 61144. 58560.] t2_sim:[63180. 63515. 65939.]
Task is 99.00% complete.
t1_sim:[63064. 62783. 62389.] t2_sim:[62316. 62669. 62407.]
Finished
