/scratch/jz4721/Post-prediction-Causal-Inference/venv/lib/python3.8/site-packages/numpy/core/getlimits.py:518: UserWarning: The value of the smallest subnormal for <class 'numpy.float64'> type is zero.
  setattr(self, word, getattr(machar, word).flat[0])
/scratch/jz4721/Post-prediction-Causal-Inference/venv/lib/python3.8/site-packages/numpy/core/getlimits.py:89: UserWarning: The value of the smallest subnormal for <class 'numpy.float64'> type is zero.
  return self._float_to_str(self.smallest_subnormal)
/scratch/jz4721/Post-prediction-Causal-Inference/venv/lib/python3.8/site-packages/numpy/core/getlimits.py:518: UserWarning: The value of the smallest subnormal for <class 'numpy.float32'> type is zero.
  setattr(self, word, getattr(machar, word).flat[0])
/scratch/jz4721/Post-prediction-Causal-Inference/venv/lib/python3.8/site-packages/numpy/core/getlimits.py:89: UserWarning: The value of the smallest subnormal for <class 'numpy.float32'> type is zero.
  return self._float_to_str(self.smallest_subnormal)
Training start
t1_obs:[array(64688.), array(64131.), array(61195.)] t2_obs:[array(66938.), array(66750.), array(65586.)]
corr_G1:[None, None, -4.7913988388269325e-17] corr_G2:[None, None, 7.59522626592147e-17]
Training end
Task is 0.00% complete.
t1_sim:[60202. 60266. 58243.] t2_sim:[66124. 65890. 65150.]
Task is 1.00% complete.
t1_sim:[60179. 59935. 61610.] t2_sim:[61669. 61765. 60623.]
Task is 2.00% complete.
t1_sim:[63960. 63659. 61658.] t2_sim:[66918. 66714. 64272.]
Task is 3.00% complete.
t1_sim:[59573. 59172. 62430.] t2_sim:[57002. 57137. 59712.]
Task is 4.00% complete.
t1_sim:[58433. 57599. 57083.] t2_sim:[65279. 65347. 64717.]
Task is 5.00% complete.
t1_sim:[56356. 56570. 58763.] t2_sim:[59286. 59380. 61903.]
Task is 6.00% complete.
t1_sim:[64000. 63585. 64101.] t2_sim:[57613. 57750. 62964.]
Task is 7.00% complete.
t1_sim:[58660. 58468. 60625.] t2_sim:[60724. 60846. 63633.]
Task is 8.00% complete.
t1_sim:[66080. 66297. 65869.] t2_sim:[63745. 63532. 64189.]
Task is 9.00% complete.
t1_sim:[60887. 60950. 56870.] t2_sim:[65172. 65598. 64665.]
Task is 10.00% complete.
t1_sim:[65174. 65549. 67232.] t2_sim:[62828. 62786. 61367.]
Task is 11.00% complete.
t1_sim:[61071. 60590. 57574.] t2_sim:[63235. 63451. 60560.]
Task is 12.00% complete.
t1_sim:[63662. 63946. 63326.] t2_sim:[64013. 63952. 62884.]
Task is 13.00% complete.
t1_sim:[64572. 64386. 66135.] t2_sim:[60541. 60862. 58741.]
Task is 14.00% complete.
t1_sim:[59156. 58921. 60476.] t2_sim:[61935. 61831. 62903.]
Task is 15.00% complete.
t1_sim:[57514. 57305. 58261.] t2_sim:[60538. 60781. 62165.]
Task is 16.00% complete.
t1_sim:[60122. 60158. 60480.] t2_sim:[67941. 68013. 67183.]
Task is 17.00% complete.
t1_sim:[65557. 65561. 63858.] t2_sim:[62566. 62743. 63933.]
Task is 18.00% complete.
t1_sim:[64882. 65085. 63441.] t2_sim:[63189. 62761. 55705.]
Task is 19.00% complete.
t1_sim:[61132. 60980. 60827.] t2_sim:[62312. 62177. 58355.]
Task is 20.00% complete.
t1_sim:[61175. 61120. 61310.] t2_sim:[66222. 66288. 63654.]
Task is 21.00% complete.
t1_sim:[65945. 65863. 61372.] t2_sim:[61700. 61718. 64495.]
Task is 22.00% complete.
t1_sim:[61698. 61527. 60623.] t2_sim:[61529. 61541. 63643.]
Task is 23.00% complete.
t1_sim:[66615. 66407. 64896.] t2_sim:[66469. 66570. 64773.]
Task is 24.00% complete.
t1_sim:[65393. 65247. 66024.] t2_sim:[59525. 59504. 61583.]
Task is 25.00% complete.
t1_sim:[66389. 65929. 65686.] t2_sim:[60096. 59784. 59594.]
Task is 26.00% complete.
t1_sim:[65723. 65500. 62614.] t2_sim:[64638. 64532. 65240.]
Task is 27.00% complete.
t1_sim:[63523. 62876. 61030.] t2_sim:[60503. 60537. 63223.]
Task is 28.00% complete.
t1_sim:[68313. 68532. 69298.] t2_sim:[60568. 59877. 60636.]
Task is 29.00% complete.
t1_sim:[59927. 60243. 63199.] t2_sim:[62608. 63013. 64215.]
Task is 30.00% complete.
t1_sim:[65827. 65795. 68047.] t2_sim:[56585. 56687. 62193.]
Task is 31.00% complete.
t1_sim:[59790. 59960. 58980.] t2_sim:[60826. 60421. 58132.]
Task is 32.00% complete.
t1_sim:[62976. 63093. 63898.] t2_sim:[63036. 63041. 61109.]
Task is 33.00% complete.
t1_sim:[59060. 58519. 60629.] t2_sim:[60924. 60682. 60306.]
Task is 34.00% complete.
t1_sim:[63997. 63697. 64493.] t2_sim:[57171. 56893. 57890.]
Task is 35.00% complete.
t1_sim:[60326. 60701. 62535.] t2_sim:[68429. 67889. 65466.]
Task is 36.00% complete.
t1_sim:[62358. 62052. 60431.] t2_sim:[63909. 63963. 63840.]
Task is 37.00% complete.
t1_sim:[68667. 68617. 68609.] t2_sim:[64734. 64873. 67949.]
Task is 38.00% complete.
t1_sim:[66150. 66187. 65074.] t2_sim:[63152. 63396. 64708.]
Task is 39.00% complete.
t1_sim:[57233. 57283. 59030.] t2_sim:[56030. 56023. 54865.]
Task is 40.00% complete.
t1_sim:[63359. 63068. 61702.] t2_sim:[68710. 69103. 68879.]
Task is 41.00% complete.
t1_sim:[65331. 64662. 63418.] t2_sim:[61311. 61439. 62199.]
Task is 42.00% complete.
t1_sim:[63813. 63877. 62158.] t2_sim:[65378. 65464. 64811.]
Task is 43.00% complete.
t1_sim:[54878. 54673. 56035.] t2_sim:[60381. 60466. 59498.]
Task is 44.00% complete.
t1_sim:[63923. 64215. 64561.] t2_sim:[63596. 63390. 63961.]
Task is 45.00% complete.
t1_sim:[65932. 65711. 63671.] t2_sim:[60318. 60507. 61608.]
Task is 46.00% complete.
t1_sim:[63629. 63208. 60864.] t2_sim:[63632. 64060. 63903.]
Task is 47.00% complete.
t1_sim:[66578. 66506. 63999.] t2_sim:[63674. 63519. 60275.]
Task is 48.00% complete.
t1_sim:[59847. 59595. 59560.] t2_sim:[58070. 57887. 57996.]
Task is 49.00% complete.
t1_sim:[63305. 63224. 63698.] t2_sim:[64980. 65420. 62108.]
Task is 50.00% complete.
t1_sim:[63528. 63560. 60441.] t2_sim:[60361. 60101. 57945.]
Task is 51.00% complete.
t1_sim:[65666. 65432. 62799.] t2_sim:[56569. 56566. 57644.]
Task is 52.00% complete.
t1_sim:[59363. 59346. 63986.] t2_sim:[58900. 58738. 62522.]
Task is 53.00% complete.
t1_sim:[65404. 64933. 59676.] t2_sim:[60778. 60248. 59525.]
Task is 54.00% complete.
t1_sim:[63639. 63727. 63182.] t2_sim:[62230. 62364. 61673.]
Task is 55.00% complete.
t1_sim:[63764. 63690. 63918.] t2_sim:[60726. 60227. 59282.]
Task is 56.00% complete.
t1_sim:[60312. 60114. 55177.] t2_sim:[60302. 59855. 59627.]
Task is 57.00% complete.
t1_sim:[62892. 62980. 60039.] t2_sim:[59954. 59954. 62784.]
Task is 58.00% complete.
t1_sim:[59849. 59672. 59407.] t2_sim:[62568. 62529. 61636.]
Task is 59.00% complete.
t1_sim:[66201. 66596. 64070.] t2_sim:[65768. 65856. 62011.]
Task is 60.00% complete.
t1_sim:[62943. 62608. 64395.] t2_sim:[62343. 61784. 64012.]
Task is 61.00% complete.
t1_sim:[63542. 63537. 61981.] t2_sim:[57770. 57986. 64092.]
Task is 62.00% complete.
t1_sim:[59285. 59410. 55350.] t2_sim:[59251. 59769. 60308.]
Task is 63.00% complete.
t1_sim:[59182. 59185. 60878.] t2_sim:[64730. 64707. 59816.]
Task is 64.00% complete.
t1_sim:[61311. 61032. 62408.] t2_sim:[67621. 67636. 67393.]
Task is 65.00% complete.
t1_sim:[62558. 61908. 60140.] t2_sim:[52343. 52318. 55485.]
Task is 66.00% complete.
t1_sim:[65676. 65659. 62881.] t2_sim:[63961. 63887. 63477.]
Task is 67.00% complete.
t1_sim:[57868. 57894. 58400.] t2_sim:[60331. 60416. 60538.]
Task is 68.00% complete.
t1_sim:[58451. 58741. 61191.] t2_sim:[63957. 63956. 64249.]
Task is 69.00% complete.
t1_sim:[67092. 67265. 68568.] t2_sim:[62849. 62711. 63348.]
Task is 70.00% complete.
t1_sim:[63449. 63586. 64315.] t2_sim:[67679. 67497. 67016.]
Task is 71.00% complete.
t1_sim:[60324. 60725. 59615.] t2_sim:[61109. 61380. 61207.]
Task is 72.00% complete.
t1_sim:[66898. 66915. 61287.] t2_sim:[62639. 61923. 64487.]
Task is 73.00% complete.
t1_sim:[60295. 60579. 65270.] t2_sim:[65991. 66272. 66227.]
Task is 74.00% complete.
t1_sim:[58227. 58143. 57088.] t2_sim:[63644. 63914. 65884.]
Task is 75.00% complete.
t1_sim:[62025. 61820. 63491.] t2_sim:[67888. 68322. 66947.]
Task is 76.00% complete.
t1_sim:[62094. 62460. 64122.] t2_sim:[61232. 61396. 60618.]
Task is 77.00% complete.
t1_sim:[69716. 69830. 67227.] t2_sim:[62955. 63023. 65912.]
Task is 78.00% complete.
t1_sim:[56673. 56798. 57955.] t2_sim:[59590. 59124. 57378.]
Task is 79.00% complete.
t1_sim:[63052. 63091. 62653.] t2_sim:[63701. 63267. 62022.]
Task is 80.00% complete.
t1_sim:[61634. 61949. 61481.] t2_sim:[61617. 61760. 60061.]
Task is 81.00% complete.
t1_sim:[61884. 61953. 62160.] t2_sim:[59850. 59884. 59221.]
Task is 82.00% complete.
t1_sim:[63415. 62795. 63368.] t2_sim:[59668. 59478. 61018.]
Task is 83.00% complete.
t1_sim:[62720. 62921. 66456.] t2_sim:[60446. 60524. 60821.]
Task is 84.00% complete.
t1_sim:[61203. 61412. 61759.] t2_sim:[65651. 65675. 65045.]
Task is 85.00% complete.
t1_sim:[59407. 59416. 58821.] t2_sim:[56944. 57165. 58070.]
Task is 86.00% complete.
t1_sim:[58241. 58533. 61707.] t2_sim:[70855. 71226. 67764.]
Task is 87.00% complete.
t1_sim:[62250. 62044. 62187.] t2_sim:[59506. 59425. 61146.]
Task is 88.00% complete.
t1_sim:[67736. 67554. 62585.] t2_sim:[62363. 62776. 58730.]
Task is 89.00% complete.
t1_sim:[66932. 66953. 69583.] t2_sim:[66204. 65886. 63761.]
Task is 90.00% complete.
t1_sim:[61221. 61236. 61304.] t2_sim:[65197. 65420. 64124.]
Task is 91.00% complete.
t1_sim:[63212. 62857. 62909.] t2_sim:[61231. 61164. 60662.]
Task is 92.00% complete.
t1_sim:[65000. 64995. 63241.] t2_sim:[60361. 60288. 61844.]
Task is 93.00% complete.
t1_sim:[70352. 70328. 68299.] t2_sim:[66131. 65564. 65681.]
Task is 94.00% complete.
t1_sim:[62532. 62349. 64764.] t2_sim:[63370. 63706. 63890.]
Task is 95.00% complete.
t1_sim:[61358. 60956. 62636.] t2_sim:[65180. 65113. 62941.]
Task is 96.00% complete.
t1_sim:[63268. 63030. 61777.] t2_sim:[67201. 67283. 69715.]
Task is 97.00% complete.
t1_sim:[63308. 63245. 59815.] t2_sim:[59892. 59643. 61315.]
Task is 98.00% complete.
t1_sim:[64957. 64933. 64242.] t2_sim:[58362. 58023. 60276.]
Task is 99.00% complete.
t1_sim:[63916. 63580. 64161.] t2_sim:[64091. 63857. 62277.]
Training start
t1_obs:[array(64688.), array(64131.), array(62101.)] t2_obs:[array(66938.), array(66750.), array(66759.)]
corr_G1:[None, None, 0.9977490028886615] corr_G2:[None, None, 0.9887807036857003]
Training end
Task is 0.00% complete.
t1_sim:[61810. 62460. 62011.] t2_sim:[58895. 58693. 58406.]
Task is 1.00% complete.
t1_sim:[62027. 62008. 60905.] t2_sim:[63750. 64025. 63222.]
Task is 2.00% complete.
t1_sim:[62847. 62400. 63045.] t2_sim:[69665. 69963. 67629.]
Task is 3.00% complete.
t1_sim:[59968. 60104. 60243.] t2_sim:[58511. 58338. 58293.]
Task is 4.00% complete.
t1_sim:[59633. 59915. 60155.] t2_sim:[58954. 59049. 57054.]
Task is 5.00% complete.
t1_sim:[62051. 61993. 61716.] t2_sim:[66975. 66843. 65966.]
Task is 6.00% complete.
t1_sim:[60053. 60241. 60049.] t2_sim:[64282. 64323. 65837.]
Task is 7.00% complete.
t1_sim:[61899. 61693. 59400.] t2_sim:[61161. 61292. 59360.]
Task is 8.00% complete.
t1_sim:[69175. 68836. 67402.] t2_sim:[60735. 60367. 57941.]
Task is 9.00% complete.
t1_sim:[60737. 60516. 61233.] t2_sim:[66489. 66224. 65211.]
Task is 10.00% complete.
t1_sim:[60928. 60613. 62437.] t2_sim:[68284. 68239. 68240.]
Task is 11.00% complete.
t1_sim:[65144. 64965. 65869.] t2_sim:[61969. 61615. 60371.]
Task is 12.00% complete.
t1_sim:[61023. 61154. 62580.] t2_sim:[63140. 63277. 63049.]
Task is 13.00% complete.
t1_sim:[59678. 60006. 61317.] t2_sim:[61852. 62074. 62121.]
Task is 14.00% complete.
t1_sim:[61879. 62125. 64147.] t2_sim:[56896. 57024. 58440.]
Task is 15.00% complete.
t1_sim:[59485. 59224. 56755.] t2_sim:[63274. 63294. 62941.]
Task is 16.00% complete.
t1_sim:[58470. 58782. 57301.] t2_sim:[66158. 66480. 66693.]
Task is 17.00% complete.
t1_sim:[63156. 62957. 64113.] t2_sim:[59991. 60127. 58326.]
Task is 18.00% complete.
t1_sim:[63010. 63503. 62987.] t2_sim:[64667. 64429. 64832.]
Task is 19.00% complete.
t1_sim:[62119. 61896. 63503.] t2_sim:[65878. 66017. 66742.]
Task is 20.00% complete.
t1_sim:[64267. 64001. 63342.] t2_sim:[64643. 64625. 66485.]
Task is 21.00% complete.
t1_sim:[66097. 65963. 67876.] t2_sim:[58608. 58770. 59352.]
Task is 22.00% complete.
t1_sim:[63589. 64197. 63668.] t2_sim:[62644. 62936. 63164.]
Task is 23.00% complete.
t1_sim:[68593. 68514. 68905.] t2_sim:[58146. 58161. 59750.]
Task is 24.00% complete.
t1_sim:[59703. 59842. 58903.] t2_sim:[64458. 64105. 63456.]
Task is 25.00% complete.
t1_sim:[59549. 59435. 58888.] t2_sim:[59331. 59048. 60283.]
Task is 26.00% complete.
t1_sim:[56496. 56606. 57817.] t2_sim:[63696. 63727. 63320.]
Task is 27.00% complete.
t1_sim:[63265. 63118. 62382.] t2_sim:[67393. 67622. 67191.]
Task is 28.00% complete.
t1_sim:[64050. 64230. 65550.] t2_sim:[60355. 60102. 59113.]
Task is 29.00% complete.
t1_sim:[63523. 63268. 64654.] t2_sim:[70498. 70238. 69964.]
Task is 30.00% complete.
t1_sim:[57703. 57904. 59922.] t2_sim:[68363. 68301. 67285.]
Task is 31.00% complete.
t1_sim:[64911. 64423. 63089.] t2_sim:[60829. 61111. 60290.]
Task is 32.00% complete.
t1_sim:[60743. 60732. 59647.] t2_sim:[58863. 58976. 59734.]
Task is 33.00% complete.
t1_sim:[66476. 66507. 64069.] t2_sim:[60683. 60595. 60801.]
Task is 34.00% complete.
t1_sim:[56281. 56344. 60658.] t2_sim:[61528. 61546. 59780.]
Task is 35.00% complete.
t1_sim:[61026. 61221. 61235.] t2_sim:[61090. 61135. 61500.]
Task is 36.00% complete.
t1_sim:[65920. 65593. 65463.] t2_sim:[57629. 58010. 57727.]
Task is 37.00% complete.
t1_sim:[61941. 62553. 61880.] t2_sim:[59873. 59606. 58850.]
Task is 38.00% complete.
t1_sim:[61791. 61653. 61093.] t2_sim:[61308. 62072. 63390.]
Task is 39.00% complete.
t1_sim:[68904. 68907. 65731.] t2_sim:[63170. 63118. 60837.]
Task is 40.00% complete.
t1_sim:[66023. 66247. 65964.] t2_sim:[57703. 57318. 57208.]
Task is 41.00% complete.
t1_sim:[63360. 62709. 62050.] t2_sim:[63238. 63038. 63608.]
Task is 42.00% complete.
t1_sim:[66379. 66301. 66982.] t2_sim:[61391. 61199. 60199.]
Task is 43.00% complete.
t1_sim:[63813. 63945. 62217.] t2_sim:[63886. 63508. 65193.]
Task is 44.00% complete.
t1_sim:[59599. 59309. 60686.] t2_sim:[64789. 64929. 65383.]
Task is 45.00% complete.
t1_sim:[68094. 68040. 65786.] t2_sim:[59851. 59874. 62020.]
Task is 46.00% complete.
t1_sim:[62565. 62226. 61551.] t2_sim:[59678. 59293. 58163.]
Task is 47.00% complete.
t1_sim:[63992. 64225. 62147.] t2_sim:[62943. 63039. 66292.]
Task is 48.00% complete.
t1_sim:[59147. 59611. 59342.] t2_sim:[61885. 61645. 61315.]
Task is 49.00% complete.
t1_sim:[65818. 65592. 62078.] t2_sim:[61041. 61054. 61005.]
Task is 50.00% complete.
t1_sim:[60450. 60245. 61415.] t2_sim:[61494. 61619. 62235.]
Task is 51.00% complete.
t1_sim:[63291. 62950. 63513.] t2_sim:[60412. 60039. 59896.]
Task is 52.00% complete.
t1_sim:[72155. 72132. 68271.] t2_sim:[57493. 57760. 58562.]
Task is 53.00% complete.
t1_sim:[62730. 62872. 64343.] t2_sim:[63898. 63905. 63770.]
Task is 54.00% complete.
t1_sim:[59888. 59268. 60734.] t2_sim:[61746. 61828. 61654.]
Task is 55.00% complete.
t1_sim:[64520. 63881. 62354.] t2_sim:[63109. 63336. 63559.]
Task is 56.00% complete.
t1_sim:[63969. 63567. 62614.] t2_sim:[63577. 64002. 65339.]
Task is 57.00% complete.
t1_sim:[60287. 60057. 58237.] t2_sim:[61891. 61935. 59485.]
Task is 58.00% complete.
t1_sim:[60611. 60944. 60039.] t2_sim:[59836. 60342. 59394.]
Task is 59.00% complete.
t1_sim:[63641. 64080. 64375.] t2_sim:[63218. 63005. 60793.]
Task is 60.00% complete.
t1_sim:[60646. 60490. 60239.] t2_sim:[63378. 63131. 64508.]
Task is 61.00% complete.
t1_sim:[65947. 65840. 64503.] t2_sim:[58557. 59027. 57855.]
Task is 62.00% complete.
t1_sim:[62790. 62793. 61392.] t2_sim:[67619. 67640. 68645.]
Task is 63.00% complete.
t1_sim:[57139. 57415. 58415.] t2_sim:[59488. 59415. 62531.]
Task is 64.00% complete.
t1_sim:[64915. 65341. 65392.] t2_sim:[63726. 63653. 63092.]
Task is 65.00% complete.
t1_sim:[65901. 65656. 65443.] t2_sim:[60611. 60570. 60444.]
Task is 66.00% complete.
t1_sim:[59122. 59211. 59810.] t2_sim:[63848. 63932. 63377.]
Task is 67.00% complete.
t1_sim:[61752. 61827. 60705.] t2_sim:[59463. 59374. 59080.]
Task is 68.00% complete.
t1_sim:[58853. 58499. 59049.] t2_sim:[66791. 66675. 65019.]
Task is 69.00% complete.
t1_sim:[65077. 65176. 62405.] t2_sim:[59964. 59827. 61973.]
Task is 70.00% complete.
t1_sim:[62932. 63038. 63280.] t2_sim:[59291. 59258. 59126.]
Task is 71.00% complete.
t1_sim:[62860. 63139. 61364.] t2_sim:[62148. 62234. 61350.]
Task is 72.00% complete.
t1_sim:[60128. 60504. 61690.] t2_sim:[61568. 61694. 61828.]
Task is 73.00% complete.
t1_sim:[63096. 62994. 64332.] t2_sim:[66672. 66691. 63934.]
Task is 74.00% complete.
t1_sim:[60963. 60874. 61454.] t2_sim:[59453. 59284. 56866.]
Task is 75.00% complete.
t1_sim:[65736. 65752. 66760.] t2_sim:[64491. 64903. 66129.]
Task is 76.00% complete.
t1_sim:[63549. 63791. 62865.] t2_sim:[67027. 66965. 66316.]
Task is 77.00% complete.
t1_sim:[66417. 66815. 67499.] t2_sim:[62542. 62301. 64107.]
Task is 78.00% complete.
t1_sim:[63342. 62901. 63337.] t2_sim:[60933. 60994. 60121.]
Task is 79.00% complete.
t1_sim:[68276. 67514. 65829.] t2_sim:[64654. 64604. 64804.]
Task is 80.00% complete.
t1_sim:[68642. 68316. 69591.] t2_sim:[65824. 66451. 63462.]
Task is 81.00% complete.
t1_sim:[68380. 68092. 68777.] t2_sim:[61863. 62004. 59011.]
Task is 82.00% complete.
t1_sim:[62961. 62465. 62759.] t2_sim:[63186. 63558. 64928.]
Task is 83.00% complete.
t1_sim:[63048. 62675. 62182.] t2_sim:[59989. 60583. 59092.]
Task is 84.00% complete.
t1_sim:[60134. 60016. 57495.] t2_sim:[67152. 66486. 67278.]
Task is 85.00% complete.
t1_sim:[62878. 63034. 63818.] t2_sim:[60312. 60437. 61213.]
Task is 86.00% complete.
t1_sim:[57448. 57138. 54499.] t2_sim:[57539. 57433. 57931.]
Task is 87.00% complete.
t1_sim:[56242. 56156. 55243.] t2_sim:[59535. 59713. 60729.]
Task is 88.00% complete.
t1_sim:[57890. 58073. 59009.] t2_sim:[66906. 67083. 69467.]
Task is 89.00% complete.
t1_sim:[68475. 68256. 68494.] t2_sim:[60892. 60369. 60891.]
Task is 90.00% complete.
t1_sim:[61414. 61767. 62423.] t2_sim:[58471. 58427. 59735.]
Task is 91.00% complete.
t1_sim:[62602. 62931. 60861.] t2_sim:[60315. 60182. 60785.]
Task is 92.00% complete.
t1_sim:[62107. 62228. 61999.] t2_sim:[60259. 59516. 59165.]
Task is 93.00% complete.
t1_sim:[65249. 65264. 66929.] t2_sim:[64848. 64608. 64417.]
Task is 94.00% complete.
t1_sim:[59718. 59838. 60253.] t2_sim:[59366. 59315. 59380.]
Task is 95.00% complete.
t1_sim:[56157. 56683. 56475.] t2_sim:[56339. 56692. 58335.]
Task is 96.00% complete.
t1_sim:[64818. 64677. 63941.] t2_sim:[63028. 62980. 64773.]
Task is 97.00% complete.
t1_sim:[60898. 60727. 63301.] t2_sim:[61082. 61148. 62475.]
Task is 98.00% complete.
t1_sim:[57483. 57565. 57964.] t2_sim:[63675. 63185. 63976.]
Task is 99.00% complete.
t1_sim:[66674. 66905. 64142.] t2_sim:[55412. 55421. 57069.]
Training start
t1_obs:[array(64688.), array(64131.), array(62094.)] t2_obs:[array(66938.), array(66750.), array(66659.)]
corr_G1:[None, None, -0.10344519406648933] corr_G2:[None, None, 0.01434656215707421]
Training end
Task is 0.00% complete.
t1_sim:[64816. 64654. 64709.] t2_sim:[59946. 59810. 58936.]
Task is 1.00% complete.
t1_sim:[63274. 63188. 61385.] t2_sim:[63150. 63064. 61717.]
Task is 2.00% complete.
t1_sim:[65337. 65238. 66468.] t2_sim:[62391. 62659. 60974.]
Task is 3.00% complete.
t1_sim:[66117. 66091. 65479.] t2_sim:[67449. 67522. 67980.]
Task is 4.00% complete.
t1_sim:[62389. 62347. 62421.] t2_sim:[62528. 62460. 63327.]
Task is 5.00% complete.
t1_sim:[62554. 62439. 60568.] t2_sim:[62118. 62128. 66151.]
Task is 6.00% complete.
t1_sim:[63472. 63394. 63089.] t2_sim:[57607. 57995. 60545.]
Task is 7.00% complete.
t1_sim:[61547. 61820. 62491.] t2_sim:[67560. 67205. 65942.]
Task is 8.00% complete.
t1_sim:[63979. 63851. 65177.] t2_sim:[62624. 62782. 63686.]
Task is 9.00% complete.
t1_sim:[65716. 65671. 65164.] t2_sim:[57392. 57661. 58715.]
Task is 10.00% complete.
t1_sim:[67869. 67542. 68290.] t2_sim:[62238. 61606. 60864.]
Task is 11.00% complete.
t1_sim:[66405. 66340. 64301.] t2_sim:[65246. 65625. 66600.]
Task is 12.00% complete.
t1_sim:[55337. 56380. 54729.] t2_sim:[61932. 62364. 64132.]
Task is 13.00% complete.
t1_sim:[63354. 63128. 62190.] t2_sim:[66270. 66164. 65070.]
Task is 14.00% complete.
t1_sim:[59443. 59579. 60121.] t2_sim:[63702. 63975. 65433.]
Task is 15.00% complete.
t1_sim:[62038. 62452. 63334.] t2_sim:[65944. 65556. 67337.]
Task is 16.00% complete.
t1_sim:[59404. 59441. 60327.] t2_sim:[64502. 64558. 68173.]
Task is 17.00% complete.
t1_sim:[62424. 62403. 63889.] t2_sim:[61812. 61443. 60779.]
Task is 18.00% complete.
t1_sim:[62440. 62431. 60847.] t2_sim:[62962. 62624. 65126.]
Task is 19.00% complete.
t1_sim:[59935. 59829. 60375.] t2_sim:[62208. 62513. 61874.]
Task is 20.00% complete.
t1_sim:[56303. 56508. 55739.] t2_sim:[64161. 64314. 64774.]
Task is 21.00% complete.
t1_sim:[63949. 64179. 64422.] t2_sim:[60956. 61292. 61826.]
Task is 22.00% complete.
t1_sim:[62154. 61544. 63169.] t2_sim:[64242. 64347. 64001.]
Task is 23.00% complete.
t1_sim:[64059. 64034. 65351.] t2_sim:[61417. 61927. 62655.]
Task is 24.00% complete.
t1_sim:[64472. 64084. 62822.] t2_sim:[52886. 53224. 58043.]
Task is 25.00% complete.
t1_sim:[59053. 59110. 60929.] t2_sim:[66172. 65946. 64718.]
Task is 26.00% complete.
t1_sim:[67031. 67193. 66370.] t2_sim:[63914. 63512. 63998.]
Task is 27.00% complete.
t1_sim:[63774. 63557. 62250.] t2_sim:[65179. 65447. 64559.]
Task is 28.00% complete.
t1_sim:[60866. 60575. 59962.] t2_sim:[62222. 62395. 59931.]
Task is 29.00% complete.
t1_sim:[57090. 56811. 57193.] t2_sim:[66546. 66235. 63982.]
Task is 30.00% complete.
t1_sim:[61060. 60815. 61586.] t2_sim:[61787. 61948. 61384.]
Task is 31.00% complete.
t1_sim:[62867. 63135. 66685.] t2_sim:[62396. 62387. 63041.]
Task is 32.00% complete.
t1_sim:[58496. 58577. 58012.] t2_sim:[61802. 61810. 62238.]
Task is 33.00% complete.
t1_sim:[61581. 61404. 61855.] t2_sim:[62408. 62478. 60548.]
Task is 34.00% complete.
t1_sim:[59145. 59445. 61632.] t2_sim:[68287. 68327. 67860.]
Task is 35.00% complete.
t1_sim:[62405. 62590. 65136.] t2_sim:[62677. 63020. 63694.]
Task is 36.00% complete.
t1_sim:[61669. 61761. 60705.] t2_sim:[60978. 61044. 59278.]
Task is 37.00% complete.
t1_sim:[61567. 61652. 61623.] t2_sim:[61234. 61064. 59142.]
Task is 38.00% complete.
t1_sim:[62358. 62417. 63373.] t2_sim:[67178. 67112. 67438.]
Task is 39.00% complete.
t1_sim:[63968. 64202. 65018.] t2_sim:[65554. 65494. 62912.]
Task is 40.00% complete.
t1_sim:[60217. 59589. 60208.] t2_sim:[60287. 60353. 62257.]
Task is 41.00% complete.
t1_sim:[66701. 67265. 67626.] t2_sim:[59390. 59528. 62363.]
Task is 42.00% complete.
t1_sim:[62314. 62355. 64492.] t2_sim:[66877. 66466. 66744.]
Task is 43.00% complete.
t1_sim:[63121. 63113. 62927.] t2_sim:[65797. 65776. 67404.]
Task is 44.00% complete.
t1_sim:[59984. 59592. 60401.] t2_sim:[66285. 66358. 63106.]
Task is 45.00% complete.
t1_sim:[66423. 66569. 67402.] t2_sim:[63643. 63971. 64175.]
Task is 46.00% complete.
t1_sim:[58605. 58415. 58223.] t2_sim:[60914. 60745. 60096.]
Task is 47.00% complete.
t1_sim:[60204. 60025. 57840.] t2_sim:[61032. 61273. 61095.]
Task is 48.00% complete.
t1_sim:[60859. 61097. 60830.] t2_sim:[64348. 64553. 65396.]
Task is 49.00% complete.
t1_sim:[64055. 63784. 65205.] t2_sim:[69592. 69825. 68844.]
Task is 50.00% complete.
t1_sim:[59495. 59953. 60292.] t2_sim:[61889. 62256. 63813.]
Task is 51.00% complete.
t1_sim:[62432. 61910. 59857.] t2_sim:[66937. 67296. 67558.]
Task is 52.00% complete.
t1_sim:[65070. 65741. 65251.] t2_sim:[63381. 63427. 62579.]
Task is 53.00% complete.
t1_sim:[71527. 71924. 72135.] t2_sim:[56961. 56768. 56549.]
Task is 54.00% complete.
t1_sim:[65655. 65438. 61763.] t2_sim:[58333. 58287. 55263.]
Task is 55.00% complete.
t1_sim:[65355. 65491. 65601.] t2_sim:[63169. 63192. 64251.]
Task is 56.00% complete.
t1_sim:[63071. 63482. 60788.] t2_sim:[60838. 60990. 60495.]
Task is 57.00% complete.
t1_sim:[63785. 63733. 62858.] t2_sim:[63703. 63348. 64791.]
Task is 58.00% complete.
t1_sim:[64364. 64517. 65923.] t2_sim:[56696. 56918. 57496.]
Task is 59.00% complete.
t1_sim:[62040. 61797. 64031.] t2_sim:[55173. 55504. 55624.]
Task is 60.00% complete.
t1_sim:[64923. 65292. 64512.] t2_sim:[60233. 60480. 63613.]
Task is 61.00% complete.
t1_sim:[64361. 64349. 61468.] t2_sim:[72830. 72856. 70297.]
Task is 62.00% complete.
t1_sim:[62344. 62336. 60937.] t2_sim:[63586. 63683. 61949.]
Task is 63.00% complete.
t1_sim:[61468. 61739. 61439.] t2_sim:[63569. 63656. 63756.]
Task is 64.00% complete.
t1_sim:[62732. 62680. 63467.] t2_sim:[67287. 67279. 64876.]
Task is 65.00% complete.
t1_sim:[62513. 62349. 62858.] t2_sim:[56238. 56477. 57203.]
Task is 66.00% complete.
t1_sim:[65310. 65665. 63792.] t2_sim:[56811. 56886. 58323.]
Task is 67.00% complete.
t1_sim:[64220. 64302. 62247.] t2_sim:[63108. 62909. 61690.]
Task is 68.00% complete.
t1_sim:[69767. 69759. 69527.] t2_sim:[62694. 62821. 59837.]
Task is 69.00% complete.
t1_sim:[59793. 59383. 60759.] t2_sim:[68102. 68323. 66371.]
Task is 70.00% complete.
t1_sim:[58168. 58348. 59868.] t2_sim:[61827. 62698. 64350.]
Task is 71.00% complete.
t1_sim:[62656. 62598. 62624.] t2_sim:[66829. 66909. 65175.]
Task is 72.00% complete.
t1_sim:[63674. 62881. 62342.] t2_sim:[63235. 62857. 62762.]
Task is 73.00% complete.
t1_sim:[68029. 68416. 66779.] t2_sim:[60637. 60168. 61999.]
Task is 74.00% complete.
t1_sim:[60638. 60577. 60965.] t2_sim:[66572. 66580. 69239.]
Task is 75.00% complete.
t1_sim:[60546. 60045. 56913.] t2_sim:[63639. 63902. 68043.]
Task is 76.00% complete.
t1_sim:[62516. 62281. 62415.] t2_sim:[62744. 62473. 62789.]
Task is 77.00% complete.
t1_sim:[62449. 62476. 62752.] t2_sim:[65743. 65474. 66388.]
Task is 78.00% complete.
t1_sim:[69287. 68877. 68939.] t2_sim:[60647. 60875. 61768.]
Task is 79.00% complete.
t1_sim:[62463. 62460. 62920.] t2_sim:[57867. 57999. 62848.]
Task is 80.00% complete.
t1_sim:[61696. 61780. 63630.] t2_sim:[58140. 58558. 62116.]
Task is 81.00% complete.
t1_sim:[66760. 66841. 64255.] t2_sim:[65334. 64941. 64549.]
Task is 82.00% complete.
t1_sim:[59438. 59849. 60245.] t2_sim:[69022. 68825. 68467.]
Task is 83.00% complete.
t1_sim:[57419. 57379. 57699.] t2_sim:[58999. 58609. 56561.]
Task is 84.00% complete.
t1_sim:[61952. 61920. 60525.] t2_sim:[59769. 59623. 60321.]
Task is 85.00% complete.
t1_sim:[62791. 63096. 61431.] t2_sim:[54981. 55299. 54968.]
Task is 86.00% complete.
t1_sim:[64875. 65382. 65149.] t2_sim:[64931. 64821. 65206.]
Task is 87.00% complete.
t1_sim:[61572. 61576. 59644.] t2_sim:[55828. 55688. 58498.]
Task is 88.00% complete.
t1_sim:[64810. 65029. 63725.] t2_sim:[65705. 65763. 69184.]
Task is 89.00% complete.
t1_sim:[66603. 66887. 67005.] t2_sim:[63189. 63241. 62973.]
Task is 90.00% complete.
t1_sim:[59014. 58935. 57703.] t2_sim:[60229. 60018. 60685.]
Task is 91.00% complete.
t1_sim:[63351. 63479. 62416.] t2_sim:[64122. 64230. 64795.]
Task is 92.00% complete.
t1_sim:[62497. 61650. 59503.] t2_sim:[59934. 59682. 60333.]
Task is 93.00% complete.
t1_sim:[67184. 67504. 66651.] t2_sim:[60886. 61110. 59499.]
Task is 94.00% complete.
t1_sim:[66779. 66508. 65297.] t2_sim:[63443. 63809. 61423.]
Task is 95.00% complete.
t1_sim:[62160. 62619. 62388.] t2_sim:[57150. 57285. 56035.]
Task is 96.00% complete.
t1_sim:[68161. 67848. 71588.] t2_sim:[63604. 63457. 64380.]
Task is 97.00% complete.
t1_sim:[65589. 66020. 63603.] t2_sim:[62994. 62865. 61012.]
Task is 98.00% complete.
t1_sim:[61233. 61271. 63360.] t2_sim:[63481. 63524. 62627.]
Task is 99.00% complete.
t1_sim:[63928. 64312. 65515.] t2_sim:[54831. 54831. 53311.]
Finished
