/scratch/jz4721/Post-prediction-Causal-Inference/venv/lib/python3.8/site-packages/numpy/core/getlimits.py:518: UserWarning: The value of the smallest subnormal for <class 'numpy.float64'> type is zero.
  setattr(self, word, getattr(machar, word).flat[0])
/scratch/jz4721/Post-prediction-Causal-Inference/venv/lib/python3.8/site-packages/numpy/core/getlimits.py:89: UserWarning: The value of the smallest subnormal for <class 'numpy.float64'> type is zero.
  return self._float_to_str(self.smallest_subnormal)
/scratch/jz4721/Post-prediction-Causal-Inference/venv/lib/python3.8/site-packages/numpy/core/getlimits.py:518: UserWarning: The value of the smallest subnormal for <class 'numpy.float32'> type is zero.
  setattr(self, word, getattr(machar, word).flat[0])
/scratch/jz4721/Post-prediction-Causal-Inference/venv/lib/python3.8/site-packages/numpy/core/getlimits.py:89: UserWarning: The value of the smallest subnormal for <class 'numpy.float32'> type is zero.
  return self._float_to_str(self.smallest_subnormal)
Training start
t1_obs:[array(61246.), array(61315.), array(61707.)] t2_obs:[array(61316.), array(60929.), array(64523.)]
corr_G1:[None, None, 0] corr_G2:[None, None, 0]
Training end
Task is 0.00% complete.
t1_sim:[64684. 65167. 62985.] t2_sim:[63237. 63652. 64193.]
Task is 1.00% complete.
t1_sim:[60557. 60592. 61656.] t2_sim:[57568. 57749. 59254.]
Task is 2.00% complete.
t1_sim:[62028. 62360. 64708.] t2_sim:[63387. 62898. 65065.]
Task is 3.00% complete.
t1_sim:[63764. 63677. 63160.] t2_sim:[64759. 64626. 65653.]
Task is 4.00% complete.
t1_sim:[67401. 66861. 64731.] t2_sim:[59107. 59298. 64115.]
Task is 5.00% complete.
t1_sim:[63161. 63012. 61557.] t2_sim:[64631. 64809. 64007.]
Task is 6.00% complete.
t1_sim:[69885. 69891. 69346.] t2_sim:[62598. 62047. 63549.]
Task is 7.00% complete.
t1_sim:[65034. 65168. 65158.] t2_sim:[62353. 62074. 61196.]
Task is 8.00% complete.
t1_sim:[61565. 61207. 62983.] t2_sim:[60307. 60590. 60571.]
Task is 9.00% complete.
t1_sim:[65004. 64794. 61056.] t2_sim:[68478. 68362. 64025.]
Task is 10.00% complete.
t1_sim:[61389. 61178. 61610.] t2_sim:[58352. 58480. 62738.]
Task is 11.00% complete.
t1_sim:[66337. 66424. 66001.] t2_sim:[61846. 61323. 62946.]
Task is 12.00% complete.
t1_sim:[61788. 61493. 59901.] t2_sim:[61766. 61253. 60370.]
Task is 13.00% complete.
t1_sim:[61288. 61266. 58432.] t2_sim:[63256. 63059. 63794.]
Task is 14.00% complete.
t1_sim:[58515. 58375. 58259.] t2_sim:[66781. 66824. 69060.]
Task is 15.00% complete.
t1_sim:[59276. 59528. 58451.] t2_sim:[62444. 62608. 64279.]
Task is 16.00% complete.
t1_sim:[66975. 66621. 62538.] t2_sim:[63398. 63870. 64452.]
Task is 17.00% complete.
t1_sim:[59520. 59412. 59238.] t2_sim:[60927. 60782. 61233.]
Task is 18.00% complete.
t1_sim:[64163. 64450. 66983.] t2_sim:[64714. 64890. 61719.]
Task is 19.00% complete.
t1_sim:[62188. 62378. 60797.] t2_sim:[64364. 64339. 64588.]
Task is 20.00% complete.
t1_sim:[61291. 61417. 60073.] t2_sim:[66651. 66331. 64504.]
Task is 21.00% complete.
t1_sim:[67853. 67720. 67945.] t2_sim:[61374. 61351. 64844.]
Task is 22.00% complete.
t1_sim:[65228. 64983. 66047.] t2_sim:[61894. 61557. 61397.]
Task is 23.00% complete.
t1_sim:[60274. 60346. 57748.] t2_sim:[61700. 62168. 61178.]
Task is 24.00% complete.
t1_sim:[65592. 65440. 63041.] t2_sim:[62208. 62183. 65087.]
Task is 25.00% complete.
t1_sim:[61495. 61542. 60235.] t2_sim:[57122. 57277. 56405.]
Task is 26.00% complete.
t1_sim:[63657. 63386. 64384.] t2_sim:[64879. 64962. 64303.]
Task is 27.00% complete.
t1_sim:[66376. 66597. 68975.] t2_sim:[59889. 59489. 61964.]
Task is 28.00% complete.
t1_sim:[60049. 60227. 55901.] t2_sim:[61189. 61395. 62945.]
Task is 29.00% complete.
t1_sim:[61366. 61607. 62907.] t2_sim:[61662. 61652. 61263.]
Task is 30.00% complete.
t1_sim:[61738. 61501. 57329.] t2_sim:[57516. 57726. 59791.]
Task is 31.00% complete.
t1_sim:[59407. 59509. 60440.] t2_sim:[65013. 64647. 66560.]
Task is 32.00% complete.
t1_sim:[67508. 67447. 69160.] t2_sim:[64177. 64195. 65631.]
Task is 33.00% complete.
t1_sim:[67306. 67193. 63513.] t2_sim:[60193. 60119. 62316.]
Task is 34.00% complete.
t1_sim:[60089. 60062. 59467.] t2_sim:[64737. 64708. 65421.]
Task is 35.00% complete.
t1_sim:[59456. 59800. 58169.] t2_sim:[66210. 66608. 66154.]
Task is 36.00% complete.
t1_sim:[58449. 58877. 59004.] t2_sim:[67643. 67709. 67945.]
Task is 37.00% complete.
t1_sim:[63810. 63743. 64863.] t2_sim:[64569. 64499. 66161.]
Task is 38.00% complete.
t1_sim:[57626. 57599. 61944.] t2_sim:[64597. 64630. 65640.]
Task is 39.00% complete.
t1_sim:[61793. 61176. 63467.] t2_sim:[63320. 63046. 63803.]
Task is 40.00% complete.
t1_sim:[63498. 63004. 62182.] t2_sim:[65798. 65685. 66652.]
Task is 41.00% complete.
t1_sim:[70614. 70614. 69576.] t2_sim:[64478. 64427. 65139.]
Task is 42.00% complete.
t1_sim:[58457. 58154. 59378.] t2_sim:[63638. 64027. 63706.]
Task is 43.00% complete.
t1_sim:[68516. 68710. 65699.] t2_sim:[60571. 60912. 56768.]
Task is 44.00% complete.
t1_sim:[63380. 63468. 66743.] t2_sim:[56137. 56079. 55893.]
Task is 45.00% complete.
t1_sim:[59025. 58963. 58986.] t2_sim:[62093. 62241. 59345.]
Task is 46.00% complete.
t1_sim:[64501. 64234. 61762.] t2_sim:[61384. 61591. 64911.]
Task is 47.00% complete.
t1_sim:[60731. 60375. 63469.] t2_sim:[67016. 66957. 68441.]
Task is 48.00% complete.
t1_sim:[57647. 58033. 55551.] t2_sim:[62054. 62165. 63715.]
Task is 49.00% complete.
t1_sim:[60285. 60534. 61087.] t2_sim:[63716. 63701. 62618.]
Task is 50.00% complete.
t1_sim:[65237. 64821. 64490.] t2_sim:[61663. 61241. 61718.]
Task is 51.00% complete.
t1_sim:[62139. 62095. 60961.] t2_sim:[63258. 63575. 64147.]
Task is 52.00% complete.
t1_sim:[62477. 62422. 62401.] t2_sim:[67517. 67538. 65258.]
Task is 53.00% complete.
t1_sim:[62986. 63116. 63768.] t2_sim:[61464. 61106. 62425.]
Task is 54.00% complete.
t1_sim:[68461. 67980. 66876.] t2_sim:[62910. 62639. 64074.]
Task is 55.00% complete.
t1_sim:[64735. 64771. 65266.] t2_sim:[65630. 65427. 63635.]
Task is 56.00% complete.
t1_sim:[65352. 65177. 64145.] t2_sim:[60924. 60757. 62631.]
Task is 57.00% complete.
t1_sim:[63377. 62585. 65262.] t2_sim:[65919. 65972. 66251.]
Task is 58.00% complete.
t1_sim:[63372. 63620. 64060.] t2_sim:[65815. 65896. 67113.]
Task is 59.00% complete.
t1_sim:[61951. 61362. 62548.] t2_sim:[62104. 62129. 61576.]
Task is 60.00% complete.
t1_sim:[64445. 64259. 63456.] t2_sim:[60230. 59976. 57374.]
Task is 61.00% complete.
t1_sim:[65707. 65044. 63061.] t2_sim:[62415. 62544. 60261.]
Task is 62.00% complete.
t1_sim:[64285. 64791. 65702.] t2_sim:[60959. 60802. 62306.]
Task is 63.00% complete.
t1_sim:[60321. 61047. 64233.] t2_sim:[59377. 59502. 59444.]
Task is 64.00% complete.
t1_sim:[61075. 61063. 66604.] t2_sim:[58091. 58440. 63269.]
Task is 65.00% complete.
t1_sim:[63111. 63414. 61279.] t2_sim:[63558. 63776. 66434.]
Task is 66.00% complete.
t1_sim:[58824. 58930. 59227.] t2_sim:[58294. 58408. 54785.]
Task is 67.00% complete.
t1_sim:[59937. 59470. 60099.] t2_sim:[63950. 63664. 63300.]
Task is 68.00% complete.
t1_sim:[65696. 65610. 63792.] t2_sim:[54525. 54149. 54589.]
Task is 69.00% complete.
t1_sim:[70965. 70878. 69162.] t2_sim:[62845. 62893. 63451.]
Task is 70.00% complete.
t1_sim:[60746. 61005. 63333.] t2_sim:[61452. 61369. 60243.]
Task is 71.00% complete.
t1_sim:[62071. 62379. 63374.] t2_sim:[60893. 60701. 58269.]
Task is 72.00% complete.
t1_sim:[58838. 59159. 59939.] t2_sim:[60792. 60368. 62364.]
Task is 73.00% complete.
t1_sim:[62868. 63420. 61914.] t2_sim:[68157. 68383. 68582.]
Task is 74.00% complete.
t1_sim:[61411. 61526. 57918.] t2_sim:[62089. 61854. 58278.]
Task is 75.00% complete.
t1_sim:[61578. 61602. 62358.] t2_sim:[62788. 62404. 60684.]
Task is 76.00% complete.
t1_sim:[59310. 59488. 56393.] t2_sim:[62609. 62569. 63493.]
Task is 77.00% complete.
t1_sim:[62195. 62589. 62335.] t2_sim:[57243. 57375. 58083.]
Task is 78.00% complete.
t1_sim:[65357. 65386. 66865.] t2_sim:[62394. 62060. 62888.]
Task is 79.00% complete.
t1_sim:[65256. 65900. 66001.] t2_sim:[64208. 64705. 63964.]
Task is 80.00% complete.
t1_sim:[59122. 58800. 57207.] t2_sim:[64095. 64121. 61654.]
Task is 81.00% complete.
t1_sim:[62435. 62103. 61435.] t2_sim:[64551. 64397. 63311.]
Task is 82.00% complete.
t1_sim:[60242. 59927. 57200.] t2_sim:[62611. 62563. 60254.]
Task is 83.00% complete.
t1_sim:[61144. 61152. 60804.] t2_sim:[63018. 62473. 59763.]
Task is 84.00% complete.
t1_sim:[62581. 63011. 60089.] t2_sim:[64257. 64493. 63629.]
Task is 85.00% complete.
t1_sim:[64006. 64054. 63101.] t2_sim:[60192. 60462. 60651.]
Task is 86.00% complete.
t1_sim:[64572. 64293. 63542.] t2_sim:[64115. 63668. 65237.]
Task is 87.00% complete.
t1_sim:[63591. 63901. 62255.] t2_sim:[59792. 60038. 59043.]
Task is 88.00% complete.
t1_sim:[61505. 61308. 60207.] t2_sim:[63634. 63701. 60693.]
Task is 89.00% complete.
t1_sim:[66300. 66485. 65140.] t2_sim:[60119. 59823. 60643.]
Task is 90.00% complete.
t1_sim:[68544. 68669. 70233.] t2_sim:[60969. 60568. 61185.]
Task is 91.00% complete.
t1_sim:[61918. 61703. 65532.] t2_sim:[62970. 62701. 58113.]
Task is 92.00% complete.
t1_sim:[62057. 61546. 64508.] t2_sim:[65948. 65831. 64058.]
Task is 93.00% complete.
t1_sim:[59756. 59526. 60592.] t2_sim:[60815. 60979. 62948.]
Task is 94.00% complete.
t1_sim:[64450. 64380. 64412.] t2_sim:[62157. 62206. 61902.]
Task is 95.00% complete.
t1_sim:[58673. 58573. 64564.] t2_sim:[62942. 62773. 64087.]
Task is 96.00% complete.
t1_sim:[57344. 57563. 58067.] t2_sim:[64003. 64183. 63722.]
Task is 97.00% complete.
t1_sim:[60786. 61168. 62566.] t2_sim:[60528. 60450. 59612.]
Task is 98.00% complete.
t1_sim:[61969. 62079. 62271.] t2_sim:[56942. 56850. 56837.]
Task is 99.00% complete.
t1_sim:[56258. 56367. 58235.] t2_sim:[65393. 65635. 66457.]
Training start
t1_obs:[array(61246.), array(61315.), array(62977.)] t2_obs:[array(61316.), array(60929.), array(63369.)]
corr_G1:[None, None, 0.9986767232064092] corr_G2:[None, None, 0.9962408218750375]
Training end
Task is 0.00% complete.
t1_sim:[60079. 60184. 60973.] t2_sim:[59845. 59608. 61331.]
Task is 1.00% complete.
t1_sim:[60502. 60874. 61847.] t2_sim:[59624. 59305. 58189.]
Task is 2.00% complete.
t1_sim:[65165. 65834. 66080.] t2_sim:[59481. 59310. 58363.]
Task is 3.00% complete.
t1_sim:[65427. 65629. 66550.] t2_sim:[60522. 60795. 61337.]
Task is 4.00% complete.
t1_sim:[61942. 62396. 62488.] t2_sim:[68943. 69009. 70482.]
Task is 5.00% complete.
t1_sim:[62801. 63063. 63410.] t2_sim:[59783. 59548. 57654.]
Task is 6.00% complete.
t1_sim:[63796. 63795. 62548.] t2_sim:[59506. 59485. 57703.]
Task is 7.00% complete.
t1_sim:[61092. 61891. 63336.] t2_sim:[62856. 63026. 64907.]
Task is 8.00% complete.
t1_sim:[59504. 59967. 60805.] t2_sim:[63347. 63507. 62413.]
Task is 9.00% complete.
t1_sim:[66124. 66026. 68212.] t2_sim:[69075. 69208. 66844.]
Task is 10.00% complete.
t1_sim:[67474. 67529. 68259.] t2_sim:[58978. 59300. 62298.]
Task is 11.00% complete.
t1_sim:[62988. 62709. 63265.] t2_sim:[64120. 64329. 63906.]
Task is 12.00% complete.
t1_sim:[57491. 58029. 56066.] t2_sim:[63956. 63983. 63731.]
Task is 13.00% complete.
t1_sim:[69245. 68919. 69269.] t2_sim:[60123. 60026. 59926.]
Task is 14.00% complete.
t1_sim:[66760. 66697. 65963.] t2_sim:[59834. 59833. 58956.]
Task is 15.00% complete.
t1_sim:[63389. 63629. 64956.] t2_sim:[60694. 60841. 60742.]
Task is 16.00% complete.
t1_sim:[59830. 60344. 61241.] t2_sim:[65986. 65933. 64312.]
Task is 17.00% complete.
t1_sim:[59683. 59687. 59057.] t2_sim:[61393. 61478. 63078.]
Task is 18.00% complete.
t1_sim:[63228. 63026. 62338.] t2_sim:[63598. 63418. 63452.]
Task is 19.00% complete.
t1_sim:[59871. 60422. 61954.] t2_sim:[59342. 59013. 59799.]
Task is 20.00% complete.
t1_sim:[64577. 65186. 66388.] t2_sim:[60300. 60042. 60041.]
Task is 21.00% complete.
t1_sim:[63708. 63626. 64749.] t2_sim:[65302. 65683. 65075.]
Task is 22.00% complete.
t1_sim:[58518. 58432. 60754.] t2_sim:[61970. 62325. 64855.]
Task is 23.00% complete.
t1_sim:[61767. 61882. 62200.] t2_sim:[58834. 58910. 60715.]
Task is 24.00% complete.
t1_sim:[61858. 61516. 61162.] t2_sim:[64116. 64132. 65562.]
Task is 25.00% complete.
t1_sim:[61265. 61861. 64789.] t2_sim:[66113. 65831. 64611.]
Task is 26.00% complete.
t1_sim:[59866. 60406. 62499.] t2_sim:[57639. 57436. 59633.]
Task is 27.00% complete.
t1_sim:[67299. 66770. 63940.] t2_sim:[66630. 66704. 68578.]
Task is 28.00% complete.
t1_sim:[66368. 65715. 63178.] t2_sim:[63228. 63530. 63402.]
Task is 29.00% complete.
t1_sim:[60395. 60220. 62460.] t2_sim:[61545. 61378. 60663.]
Task is 30.00% complete.
t1_sim:[61977. 61877. 62304.] t2_sim:[61528. 61463. 63795.]
Task is 31.00% complete.
t1_sim:[63606. 63735. 62940.] t2_sim:[60593. 60231. 59205.]
Task is 32.00% complete.
t1_sim:[60896. 60830. 61476.] t2_sim:[59341. 58995. 59111.]
Task is 33.00% complete.
t1_sim:[66128. 65818. 66320.] t2_sim:[61814. 61675. 61942.]
Task is 34.00% complete.
t1_sim:[62595. 62801. 62492.] t2_sim:[61945. 61848. 60667.]
Task is 35.00% complete.
t1_sim:[66341. 66503. 65599.] t2_sim:[63460. 63390. 65202.]
Task is 36.00% complete.
t1_sim:[61649. 61420. 60880.] t2_sim:[63278. 63520. 64582.]
Task is 37.00% complete.
t1_sim:[57558. 57897. 58825.] t2_sim:[59330. 59519. 59785.]
Task is 38.00% complete.
t1_sim:[63964. 64452. 65450.] t2_sim:[63962. 63548. 61935.]
Task is 39.00% complete.
t1_sim:[65662. 65875. 65844.] t2_sim:[65613. 65348. 62431.]
Task is 40.00% complete.
t1_sim:[59601. 59754. 58879.] t2_sim:[63664. 64165. 63713.]
Task is 41.00% complete.
t1_sim:[64160. 63575. 63207.] t2_sim:[62571. 62927. 63117.]
Task is 42.00% complete.
t1_sim:[63414. 63734. 65088.] t2_sim:[58609. 58736. 56105.]
Task is 43.00% complete.
t1_sim:[60623. 60715. 62178.] t2_sim:[65996. 65830. 65108.]
Task is 44.00% complete.
t1_sim:[66468. 66650. 67036.] t2_sim:[62421. 62423. 61051.]
Task is 45.00% complete.
t1_sim:[65255. 65039. 66238.] t2_sim:[65427. 64942. 64222.]
Task is 46.00% complete.
t1_sim:[65958. 66226. 65311.] t2_sim:[63181. 63671. 61300.]
Task is 47.00% complete.
t1_sim:[63402. 63093. 63799.] t2_sim:[59679. 59597. 60351.]
Task is 48.00% complete.
t1_sim:[64337. 64015. 63314.] t2_sim:[63899. 64392. 64257.]
Task is 49.00% complete.
t1_sim:[67723. 67937. 68935.] t2_sim:[61397. 61247. 62350.]
Task is 50.00% complete.
t1_sim:[57842. 57929. 57882.] t2_sim:[62738. 62598. 64255.]
Task is 51.00% complete.
t1_sim:[64694. 65128. 64124.] t2_sim:[61438. 61398. 61911.]
Task is 52.00% complete.
t1_sim:[61848. 62507. 63744.] t2_sim:[61000. 60539. 59896.]
Task is 53.00% complete.
t1_sim:[59800. 59454. 59798.] t2_sim:[63070. 63297. 63946.]
Task is 54.00% complete.
t1_sim:[63317. 62770. 66326.] t2_sim:[63258. 63462. 62731.]
Task is 55.00% complete.
t1_sim:[61051. 60507. 61216.] t2_sim:[62079. 62180. 59021.]
Task is 56.00% complete.
t1_sim:[62506. 62501. 60898.] t2_sim:[66289. 66306. 65745.]
Task is 57.00% complete.
t1_sim:[61931. 61847. 63217.] t2_sim:[65135. 65266. 63491.]
Task is 58.00% complete.
t1_sim:[64470. 64594. 63117.] t2_sim:[59786. 59725. 59109.]
Task is 59.00% complete.
t1_sim:[63516. 63826. 65188.] t2_sim:[59872. 60015. 60356.]
Task is 60.00% complete.
t1_sim:[67749. 67688. 65625.] t2_sim:[63315. 63166. 62272.]
Task is 61.00% complete.
t1_sim:[62691. 62591. 64377.] t2_sim:[65839. 65835. 65727.]
Task is 62.00% complete.
t1_sim:[64930. 64071. 64914.] t2_sim:[62809. 62853. 63865.]
Task is 63.00% complete.
t1_sim:[59905. 60407. 62931.] t2_sim:[56395. 55858. 56637.]
Task is 64.00% complete.
t1_sim:[64862. 64824. 64623.] t2_sim:[63548. 63752. 63140.]
Task is 65.00% complete.
t1_sim:[62576. 62928. 63008.] t2_sim:[65766. 65886. 66113.]
Task is 66.00% complete.
t1_sim:[63361. 63571. 63137.] t2_sim:[58217. 58316. 55870.]
Task is 67.00% complete.
t1_sim:[61660. 61596. 61475.] t2_sim:[63739. 63204. 62191.]
Task is 68.00% complete.
t1_sim:[65183. 65477. 66667.] t2_sim:[58987. 58820. 59509.]
Task is 69.00% complete.
t1_sim:[64889. 65017. 64310.] t2_sim:[61511. 60782. 60382.]
Task is 70.00% complete.
t1_sim:[60308. 60138. 58260.] t2_sim:[60521. 61405. 61318.]
Task is 71.00% complete.
t1_sim:[61856. 61885. 63605.] t2_sim:[57930. 57699. 57560.]
Task is 72.00% complete.
t1_sim:[65407. 65222. 64515.] t2_sim:[69148. 69008. 67421.]
Task is 73.00% complete.
t1_sim:[65645. 65154. 65704.] t2_sim:[58308. 58135. 60706.]
Task is 74.00% complete.
t1_sim:[64830. 65204. 66168.] t2_sim:[61882. 62023. 62504.]
Task is 75.00% complete.
t1_sim:[66392. 66033. 64667.] t2_sim:[64870. 65221. 65197.]
Task is 76.00% complete.
t1_sim:[61555. 61417. 61614.] t2_sim:[60016. 60023. 60755.]
Task is 77.00% complete.
t1_sim:[69110. 68938. 66942.] t2_sim:[65217. 64807. 64690.]
Task is 78.00% complete.
t1_sim:[57942. 57742. 57136.] t2_sim:[55561. 55387. 57265.]
Task is 79.00% complete.
t1_sim:[64960. 65103. 64316.] t2_sim:[59988. 59890. 58835.]
Task is 80.00% complete.
t1_sim:[63567. 63679. 64742.] t2_sim:[61866. 62364. 63433.]
Task is 81.00% complete.
t1_sim:[65309. 65257. 66290.] t2_sim:[65991. 66337. 63645.]
Task is 82.00% complete.
t1_sim:[69184. 68997. 66678.] t2_sim:[59840. 59724. 61667.]
Task is 83.00% complete.
t1_sim:[62417. 62618. 64510.] t2_sim:[59627. 59396. 62389.]
Task is 84.00% complete.
t1_sim:[63203. 62881. 61800.] t2_sim:[66916. 66769. 66665.]
Task is 85.00% complete.
t1_sim:[70018. 70405. 71465.] t2_sim:[65092. 65191. 65109.]
Task is 86.00% complete.
t1_sim:[64629. 64593. 63228.] t2_sim:[60621. 60737. 62205.]
Task is 87.00% complete.
t1_sim:[62190. 62392. 60778.] t2_sim:[61781. 61575. 61147.]
Task is 88.00% complete.
t1_sim:[65308. 65214. 61736.] t2_sim:[64860. 64469. 63261.]
Task is 89.00% complete.
t1_sim:[65875. 66088. 66000.] t2_sim:[65786. 66063. 64545.]
Task is 90.00% complete.
t1_sim:[61315. 61562. 59777.] t2_sim:[62922. 63335. 64133.]
Task is 91.00% complete.
t1_sim:[63444. 63437. 63793.] t2_sim:[59872. 60029. 58203.]
Task is 92.00% complete.
t1_sim:[65641. 65588. 64570.] t2_sim:[69067. 69128. 68209.]
Task is 93.00% complete.
t1_sim:[61080. 60703. 61961.] t2_sim:[61539. 61308. 60777.]
Task is 94.00% complete.
t1_sim:[59728. 60232. 61465.] t2_sim:[67232. 67003. 66440.]
Task is 95.00% complete.
t1_sim:[62343. 62554. 61981.] t2_sim:[59809. 59825. 59759.]
Task is 96.00% complete.
t1_sim:[67820. 67305. 66938.] t2_sim:[60752. 60641. 62932.]
Task is 97.00% complete.
t1_sim:[62993. 62548. 64079.] t2_sim:[56471. 56342. 59323.]
Task is 98.00% complete.
t1_sim:[61218. 61283. 61909.] t2_sim:[63855. 64025. 65262.]
Task is 99.00% complete.
t1_sim:[54634. 54533. 53787.] t2_sim:[61206. 61463. 61786.]
Training start
t1_obs:[array(61246.), array(61315.), array(62803.)] t2_obs:[array(61316.), array(60929.), array(62716.)]
corr_G1:[None, None, -0.11472676091380855] corr_G2:[None, None, 0.04406260130864486]
Training end
Task is 0.00% complete.
t1_sim:[66770. 66429. 65126.] t2_sim:[64282. 64398. 63980.]
Task is 1.00% complete.
t1_sim:[65833. 66168. 66578.] t2_sim:[62570. 62661. 63882.]
Task is 2.00% complete.
t1_sim:[57220. 56440. 57827.] t2_sim:[62995. 62727. 61444.]
Task is 3.00% complete.
t1_sim:[63244. 63764. 64394.] t2_sim:[61210. 60981. 59796.]
Task is 4.00% complete.
t1_sim:[61586. 61508. 60549.] t2_sim:[58080. 57867. 56755.]
Task is 5.00% complete.
t1_sim:[64538. 64566. 61696.] t2_sim:[62000. 61769. 60561.]
Task is 6.00% complete.
t1_sim:[60575. 60412. 61507.] t2_sim:[55922. 56439. 58824.]
Task is 7.00% complete.
t1_sim:[60772. 61085. 59723.] t2_sim:[64882. 64584. 63992.]
Task is 8.00% complete.
t1_sim:[65359. 64817. 66510.] t2_sim:[59073. 59000. 61760.]
Task is 9.00% complete.
t1_sim:[60322. 60376. 61229.] t2_sim:[59810. 59919. 58980.]
Task is 10.00% complete.
t1_sim:[59410. 59191. 58180.] t2_sim:[65182. 65027. 64739.]
Task is 11.00% complete.
t1_sim:[66092. 65868. 66621.] t2_sim:[55916. 55630. 53902.]
Task is 12.00% complete.
t1_sim:[68152. 68257. 66955.] t2_sim:[68585. 67877. 67075.]
Task is 13.00% complete.
t1_sim:[67803. 67180. 64657.] t2_sim:[62052. 61745. 62394.]
Task is 14.00% complete.
t1_sim:[62857. 62670. 62853.] t2_sim:[57696. 57661. 56562.]
Task is 15.00% complete.
t1_sim:[59026. 59375. 57270.] t2_sim:[60647. 60725. 59481.]
Task is 16.00% complete.
t1_sim:[65376. 64819. 64747.] t2_sim:[59369. 59374. 59101.]
Task is 17.00% complete.
t1_sim:[62306. 62484. 62608.] t2_sim:[65363. 65015. 64553.]
Task is 18.00% complete.
t1_sim:[64983. 64876. 66484.] t2_sim:[64058. 63582. 63961.]
Task is 19.00% complete.
t1_sim:[61963. 61779. 62256.] t2_sim:[56265. 56320. 59349.]
Task is 20.00% complete.
t1_sim:[66192. 66215. 67666.] t2_sim:[61864. 61903. 61817.]
Task is 21.00% complete.
t1_sim:[64462. 64545. 65166.] t2_sim:[64400. 64414. 63787.]
Task is 22.00% complete.
t1_sim:[58886. 58981. 58779.] t2_sim:[65858. 65881. 61967.]
Task is 23.00% complete.
t1_sim:[61465. 61946. 60598.] t2_sim:[58148. 58370. 60690.]
Task is 24.00% complete.
t1_sim:[66802. 67252. 67043.] t2_sim:[63105. 63383. 63249.]
Task is 25.00% complete.
t1_sim:[64258. 64366. 63884.] t2_sim:[60366. 60746. 58961.]
Task is 26.00% complete.
t1_sim:[58670. 58733. 60743.] t2_sim:[64138. 64142. 62605.]
Task is 27.00% complete.
t1_sim:[55064. 54892. 55612.] t2_sim:[61726. 61877. 63044.]
Task is 28.00% complete.
t1_sim:[61860. 62163. 64106.] t2_sim:[63060. 62611. 62696.]
Task is 29.00% complete.
t1_sim:[61323. 61183. 62193.] t2_sim:[62718. 62892. 61152.]
Task is 30.00% complete.
t1_sim:[57863. 58148. 58435.] t2_sim:[57399. 57516. 57279.]
Task is 31.00% complete.
t1_sim:[71296. 71477. 70146.] t2_sim:[63784. 63754. 60569.]
Task is 32.00% complete.
t1_sim:[67161. 66994. 67405.] t2_sim:[70579. 70269. 66630.]
Task is 33.00% complete.
t1_sim:[61541. 61346. 57938.] t2_sim:[64097. 63769. 63533.]
Task is 34.00% complete.
t1_sim:[63791. 64075. 64247.] t2_sim:[63200. 63511. 63806.]
Task is 35.00% complete.
t1_sim:[61320. 61426. 62542.] t2_sim:[61723. 62272. 60046.]
Task is 36.00% complete.
t1_sim:[60919. 61299. 61095.] t2_sim:[56211. 56038. 55496.]
Task is 37.00% complete.
t1_sim:[64851. 65108. 63823.] t2_sim:[63507. 63375. 62760.]
Task is 38.00% complete.
t1_sim:[59893. 59627. 57717.] t2_sim:[64051. 64556. 65550.]
Task is 39.00% complete.
t1_sim:[64879. 64532. 65404.] t2_sim:[61758. 61697. 60055.]
Task is 40.00% complete.
t1_sim:[62908. 63462. 63718.] t2_sim:[63192. 62650. 61933.]
Task is 41.00% complete.
t1_sim:[64916. 65173. 66722.] t2_sim:[66704. 66626. 67530.]
Task is 42.00% complete.
t1_sim:[61989. 61543. 60277.] t2_sim:[62377. 62101. 61883.]
Task is 43.00% complete.
t1_sim:[67821. 68050. 66777.] t2_sim:[68943. 68767. 64600.]
Task is 44.00% complete.
t1_sim:[67222. 67057. 65947.] t2_sim:[58211. 58110. 59139.]
Task is 45.00% complete.
t1_sim:[67201. 66969. 66249.] t2_sim:[66007. 65815. 64062.]
Task is 46.00% complete.
t1_sim:[68855. 68963. 67596.] t2_sim:[62513. 62298. 60786.]
Task is 47.00% complete.
t1_sim:[61070. 60522. 60092.] t2_sim:[59342. 59508. 61221.]
Task is 48.00% complete.
t1_sim:[59256. 58938. 59203.] t2_sim:[61163. 60855. 61828.]
Task is 49.00% complete.
t1_sim:[61713. 61262. 63323.] t2_sim:[64197. 63685. 63341.]
Task is 50.00% complete.
t1_sim:[60936. 61438. 62047.] t2_sim:[59343. 59385. 58694.]
Task is 51.00% complete.
t1_sim:[58740. 58860. 59974.] t2_sim:[61934. 62412. 62877.]
Task is 52.00% complete.
t1_sim:[63882. 63860. 63031.] t2_sim:[65045. 65126. 63857.]
Task is 53.00% complete.
t1_sim:[63748. 63909. 61849.] t2_sim:[61940. 61839. 60983.]
Task is 54.00% complete.
t1_sim:[63314. 63666. 65362.] t2_sim:[57396. 57833. 54640.]
Task is 55.00% complete.
t1_sim:[57158. 57145. 57232.] t2_sim:[61308. 61129. 60844.]
Task is 56.00% complete.
t1_sim:[61083. 60996. 61550.] t2_sim:[60209. 59953. 58482.]
Task is 57.00% complete.
t1_sim:[59099. 58779. 59765.] t2_sim:[62454. 62273. 60640.]
Task is 58.00% complete.
t1_sim:[58016. 58245. 59178.] t2_sim:[63366. 63768. 60158.]
Task is 59.00% complete.
t1_sim:[62370. 62198. 63104.] t2_sim:[65362. 65024. 65355.]
Task is 60.00% complete.
t1_sim:[60147. 59386. 58559.] t2_sim:[63056. 62650. 61900.]
Task is 61.00% complete.
t1_sim:[66231. 66347. 63905.] t2_sim:[63172. 62921. 59979.]
Task is 62.00% complete.
t1_sim:[64579. 64306. 63740.] t2_sim:[65998. 65783. 65596.]
Task is 63.00% complete.
t1_sim:[60222. 59880. 58761.] t2_sim:[63468. 63784. 64786.]
Task is 64.00% complete.
t1_sim:[61652. 62115. 64501.] t2_sim:[63410. 63406. 57488.]
Task is 65.00% complete.
t1_sim:[64889. 64658. 65767.] t2_sim:[62145. 62540. 61670.]
Task is 66.00% complete.
t1_sim:[65242. 64942. 64089.] t2_sim:[62840. 62799. 61382.]
Task is 67.00% complete.
t1_sim:[65503. 65927. 66739.] t2_sim:[64574. 64683. 63417.]
Task is 68.00% complete.
t1_sim:[60536. 60684. 58967.] t2_sim:[59057. 59009. 57846.]
Task is 69.00% complete.
t1_sim:[65472. 65502. 66612.] t2_sim:[63203. 62994. 62747.]
Task is 70.00% complete.
t1_sim:[68865. 68984. 69575.] t2_sim:[64789. 64607. 63469.]
Task is 71.00% complete.
t1_sim:[58687. 58603. 58309.] t2_sim:[65223. 65560. 66691.]
Task is 72.00% complete.
t1_sim:[66224. 65998. 66971.] t2_sim:[64960. 65144. 64331.]
Task is 73.00% complete.
t1_sim:[58658. 58882. 59493.] t2_sim:[61328. 61334. 62241.]
Task is 74.00% complete.
t1_sim:[63222. 63260. 64618.] t2_sim:[62310. 62356. 60719.]
Task is 75.00% complete.
t1_sim:[59890. 60132. 62174.] t2_sim:[62316. 62357. 62548.]
Task is 76.00% complete.
t1_sim:[57940. 57611. 57165.] t2_sim:[62888. 63323. 64140.]
Task is 77.00% complete.
t1_sim:[61072. 61357. 60250.] t2_sim:[64407. 64037. 61807.]
Task is 78.00% complete.
t1_sim:[59697. 59509. 58876.] t2_sim:[60869. 60518. 60446.]
Task is 79.00% complete.
t1_sim:[61881. 62328. 59426.] t2_sim:[62250. 61904. 60916.]
Task is 80.00% complete.
t1_sim:[62427. 62107. 62071.] t2_sim:[64407. 64445. 66028.]
Task is 81.00% complete.
t1_sim:[62435. 62992. 65216.] t2_sim:[62264. 62510. 61703.]
Task is 82.00% complete.
t1_sim:[62199. 62266. 62349.] t2_sim:[67826. 67479. 64830.]
Task is 83.00% complete.
t1_sim:[64610. 64653. 66518.] t2_sim:[61655. 61694. 63186.]
Task is 84.00% complete.
t1_sim:[62495. 62801. 62616.] t2_sim:[64774. 65057. 64135.]
Task is 85.00% complete.
t1_sim:[61057. 61189. 62839.] t2_sim:[66419. 66222. 66123.]
Task is 86.00% complete.
t1_sim:[64658. 64733. 67100.] t2_sim:[61628. 61849. 60071.]
Task is 87.00% complete.
t1_sim:[65585. 65388. 64827.] t2_sim:[61489. 61549. 59663.]
Task is 88.00% complete.
t1_sim:[60043. 59423. 59513.] t2_sim:[59368. 59622. 60432.]
Task is 89.00% complete.
t1_sim:[55877. 56252. 59659.] t2_sim:[62582. 62602. 62245.]
Task is 90.00% complete.
t1_sim:[55264. 55453. 54880.] t2_sim:[62476. 62144. 61505.]
Task is 91.00% complete.
t1_sim:[59378. 58671. 59871.] t2_sim:[68030. 67926. 66112.]
Task is 92.00% complete.
t1_sim:[65440. 65428. 65131.] t2_sim:[62123. 61455. 60649.]
Task is 93.00% complete.
t1_sim:[56200. 56542. 57350.] t2_sim:[54920. 54698. 56034.]
Task is 94.00% complete.
t1_sim:[62569. 62941. 63136.] t2_sim:[64305. 64380. 65183.]
Task is 95.00% complete.
t1_sim:[66180. 66344. 67125.] t2_sim:[55176. 54748. 55586.]
Task is 96.00% complete.
t1_sim:[60358. 60545. 62404.] t2_sim:[64922. 64957. 62454.]
Task is 97.00% complete.
t1_sim:[62317. 62355. 59986.] t2_sim:[63651. 63486. 62532.]
Task is 98.00% complete.
t1_sim:[66046. 65764. 65356.] t2_sim:[69308. 69447. 67710.]
Task is 99.00% complete.
t1_sim:[67420. 67409. 66789.] t2_sim:[65376. 65484. 62916.]
Finished
