/scratch/jz4721/Post-prediction-Causal-Inference/venv/lib/python3.8/site-packages/numpy/core/getlimits.py:518: UserWarning: The value of the smallest subnormal for <class 'numpy.float64'> type is zero.
  setattr(self, word, getattr(machar, word).flat[0])
/scratch/jz4721/Post-prediction-Causal-Inference/venv/lib/python3.8/site-packages/numpy/core/getlimits.py:89: UserWarning: The value of the smallest subnormal for <class 'numpy.float64'> type is zero.
  return self._float_to_str(self.smallest_subnormal)
/scratch/jz4721/Post-prediction-Causal-Inference/venv/lib/python3.8/site-packages/numpy/core/getlimits.py:518: UserWarning: The value of the smallest subnormal for <class 'numpy.float32'> type is zero.
  setattr(self, word, getattr(machar, word).flat[0])
/scratch/jz4721/Post-prediction-Causal-Inference/venv/lib/python3.8/site-packages/numpy/core/getlimits.py:89: UserWarning: The value of the smallest subnormal for <class 'numpy.float32'> type is zero.
  return self._float_to_str(self.smallest_subnormal)
Training start
t1_obs:[array(64491.), array(64771.), array(64895.)] t2_obs:[array(66470.), array(66553.), array(64235.)]
corr_G1:[None, None, 0] corr_G2:[None, None, 2.1038042418799842e-17]
Training end
Task is 0.00% complete.
t1_sim:[66531. 65868. 68706.] t2_sim:[63908. 64300. 67162.]
Task is 1.00% complete.
t1_sim:[59138. 58972. 57897.] t2_sim:[59920. 60384. 63197.]
Task is 2.00% complete.
t1_sim:[59960. 59998. 61495.] t2_sim:[61036. 61191. 63443.]
Task is 3.00% complete.
t1_sim:[65107. 65579. 66333.] t2_sim:[64306. 64303. 60575.]
Task is 4.00% complete.
t1_sim:[54172. 54003. 54379.] t2_sim:[62304. 62390. 62887.]
Task is 5.00% complete.
t1_sim:[62835. 62671. 61821.] t2_sim:[65109. 65467. 61967.]
Task is 6.00% complete.
t1_sim:[64375. 63844. 62750.] t2_sim:[66635. 66876. 66357.]
Task is 7.00% complete.
t1_sim:[61141. 60962. 58051.] t2_sim:[58913. 58887. 59914.]
Task is 8.00% complete.
t1_sim:[58801. 59357. 61371.] t2_sim:[65572. 65565. 64129.]
Task is 9.00% complete.
t1_sim:[63342. 63051. 63174.] t2_sim:[65408. 65962. 65338.]
Task is 10.00% complete.
t1_sim:[63810. 63631. 61346.] t2_sim:[60970. 60910. 60652.]
Task is 11.00% complete.
t1_sim:[65843. 66255. 64427.] t2_sim:[60253. 60400. 59977.]
Task is 12.00% complete.
t1_sim:[61098. 61090. 60495.] t2_sim:[65479. 65497. 65388.]
Task is 13.00% complete.
t1_sim:[56560. 56840. 56612.] t2_sim:[61752. 61865. 65412.]
Task is 14.00% complete.
t1_sim:[57313. 57143. 57783.] t2_sim:[61725. 61452. 58886.]
Task is 15.00% complete.
t1_sim:[60562. 60334. 61743.] t2_sim:[62023. 61687. 60454.]
Task is 16.00% complete.
t1_sim:[61600. 61495. 60686.] t2_sim:[64436. 64635. 63775.]
Task is 17.00% complete.
t1_sim:[62652. 62570. 65087.] t2_sim:[66657. 66337. 67071.]
Task is 18.00% complete.
t1_sim:[60560. 60765. 59125.] t2_sim:[62655. 62608. 61465.]
Task is 19.00% complete.
t1_sim:[66157. 66244. 64623.] t2_sim:[64125. 64209. 64586.]
Task is 20.00% complete.
t1_sim:[62211. 62363. 64536.] t2_sim:[59613. 59693. 57001.]
Task is 21.00% complete.
t1_sim:[62969. 62673. 64304.] t2_sim:[68973. 68756. 69451.]
Task is 22.00% complete.
t1_sim:[68645. 68628. 65456.] t2_sim:[61521. 61544. 65196.]
Task is 23.00% complete.
t1_sim:[61147. 61487. 63236.] t2_sim:[69877. 70422. 69971.]
Task is 24.00% complete.
t1_sim:[64039. 63758. 63468.] t2_sim:[63356. 63351. 64452.]
Task is 25.00% complete.
t1_sim:[60848. 61076. 59380.] t2_sim:[66373. 66425. 62283.]
Task is 26.00% complete.
t1_sim:[61170. 61327. 59621.] t2_sim:[63687. 63602. 64103.]
Task is 27.00% complete.
t1_sim:[65921. 65750. 64412.] t2_sim:[61614. 61622. 66872.]
Task is 28.00% complete.
t1_sim:[60169. 60616. 59961.] t2_sim:[67342. 67337. 68196.]
Task is 29.00% complete.
t1_sim:[61925. 61594. 59713.] t2_sim:[65669. 65659. 64686.]
Task is 30.00% complete.
t1_sim:[62690. 62654. 62405.] t2_sim:[65226. 65567. 64234.]
Task is 31.00% complete.
t1_sim:[61316. 61300. 62157.] t2_sim:[62789. 62664. 62126.]
Task is 32.00% complete.
t1_sim:[59899. 60185. 60123.] t2_sim:[61418. 61069. 58988.]
Task is 33.00% complete.
t1_sim:[58190. 58101. 57921.] t2_sim:[60041. 60207. 59865.]
Task is 34.00% complete.
t1_sim:[56588. 56702. 57174.] t2_sim:[56894. 56919. 58287.]
Task is 35.00% complete.
t1_sim:[67679. 67763. 64222.] t2_sim:[64509. 64476. 66271.]
Task is 36.00% complete.
t1_sim:[62803. 62573. 61476.] t2_sim:[62046. 61657. 59184.]
Task is 37.00% complete.
t1_sim:[70291. 70284. 69060.] t2_sim:[57698. 57742. 59535.]
Task is 38.00% complete.
t1_sim:[65862. 65683. 62493.] t2_sim:[61362. 61354. 57252.]
Task is 39.00% complete.
t1_sim:[58721. 58439. 58917.] t2_sim:[55859. 56115. 60186.]
Task is 40.00% complete.
t1_sim:[59227. 59493. 56807.] t2_sim:[53003. 52785. 57163.]
Task is 41.00% complete.
t1_sim:[67276. 67321. 65615.] t2_sim:[65261. 65112. 62280.]
Task is 42.00% complete.
t1_sim:[65725. 65622. 65036.] t2_sim:[59929. 59635. 59742.]
Task is 43.00% complete.
t1_sim:[64943. 64820. 63668.] t2_sim:[62109. 62193. 65889.]
Task is 44.00% complete.
t1_sim:[64387. 64341. 64991.] t2_sim:[53926. 53984. 56861.]
Task is 45.00% complete.
t1_sim:[61105. 60946. 58961.] t2_sim:[66087. 66215. 70307.]
Task is 46.00% complete.
t1_sim:[61300. 61735. 64737.] t2_sim:[66389. 66398. 65447.]
Task is 47.00% complete.
t1_sim:[61841. 62040. 63749.] t2_sim:[67061. 67104. 70938.]
Task is 48.00% complete.
t1_sim:[67362. 67184. 68153.] t2_sim:[61341. 61377. 62737.]
Task is 49.00% complete.
t1_sim:[65537. 65618. 66003.] t2_sim:[60952. 60528. 62566.]
Task is 50.00% complete.
t1_sim:[60361. 60835. 58331.] t2_sim:[59600. 59852. 60052.]
Task is 51.00% complete.
t1_sim:[66162. 66343. 65380.] t2_sim:[61199. 60725. 62932.]
Task is 52.00% complete.
t1_sim:[63721. 64023. 63713.] t2_sim:[62500. 62575. 60716.]
Task is 53.00% complete.
t1_sim:[63443. 63159. 63850.] t2_sim:[65322. 65217. 64723.]
Task is 54.00% complete.
t1_sim:[59620. 59399. 54937.] t2_sim:[61299. 61373. 58656.]
Task is 55.00% complete.
t1_sim:[63048. 63177. 62335.] t2_sim:[56546. 57048. 59856.]
Task is 56.00% complete.
t1_sim:[58336. 58672. 62837.] t2_sim:[62380. 62649. 61795.]
Task is 57.00% complete.
t1_sim:[68237. 68638. 66221.] t2_sim:[60161. 60158. 59844.]
Task is 58.00% complete.
t1_sim:[68187. 68251. 68849.] t2_sim:[64270. 63641. 65231.]
Task is 59.00% complete.
t1_sim:[60075. 60369. 59471.] t2_sim:[63315. 63217. 64042.]
Task is 60.00% complete.
t1_sim:[58063. 57735. 59288.] t2_sim:[64430. 64364. 65194.]
Task is 61.00% complete.
t1_sim:[59859. 60377. 63182.] t2_sim:[61180. 61265. 62355.]
Task is 62.00% complete.
t1_sim:[62631. 62573. 61601.] t2_sim:[60988. 60879. 59737.]
Task is 63.00% complete.
t1_sim:[62341. 62418. 62361.] t2_sim:[69988. 70030. 69427.]
Task is 64.00% complete.
t1_sim:[63526. 63197. 64713.] t2_sim:[65591. 65316. 62408.]
Task is 65.00% complete.
t1_sim:[61498. 61972. 63374.] t2_sim:[59632. 59334. 59200.]
Task is 66.00% complete.
t1_sim:[65492. 65884. 65806.] t2_sim:[64602. 64543. 60545.]
Task is 67.00% complete.
t1_sim:[61450. 61056. 62950.] t2_sim:[63144. 63362. 64943.]
Task is 68.00% complete.
t1_sim:[57888. 57890. 57894.] t2_sim:[63439. 63703. 66621.]
Task is 69.00% complete.
t1_sim:[62133. 62490. 61333.] t2_sim:[62114. 61828. 60994.]
Task is 70.00% complete.
t1_sim:[59996. 60110. 62861.] t2_sim:[62765. 62780. 62410.]
Task is 71.00% complete.
t1_sim:[68429. 68673. 68443.] t2_sim:[63241. 63228. 63214.]
Task is 72.00% complete.
t1_sim:[63049. 63111. 62311.] t2_sim:[67713. 67866. 68228.]
Task is 73.00% complete.
t1_sim:[61333. 61241. 62741.] t2_sim:[60563. 60950. 64890.]
Task is 74.00% complete.
t1_sim:[60293. 60145. 59320.] t2_sim:[55694. 55805. 56030.]
Task is 75.00% complete.
t1_sim:[60226. 60379. 59277.] t2_sim:[64512. 64735. 64412.]
Task is 76.00% complete.
t1_sim:[68742. 68951. 66602.] t2_sim:[65172. 65257. 65192.]
Task is 77.00% complete.
t1_sim:[63105. 62894. 62403.] t2_sim:[60760. 60738. 61550.]
Task is 78.00% complete.
t1_sim:[59352. 59485. 61943.] t2_sim:[65255. 65018. 66957.]
Task is 79.00% complete.
t1_sim:[61933. 62090. 59188.] t2_sim:[66268. 66433. 64755.]
Task is 80.00% complete.
t1_sim:[61683. 61823. 58710.] t2_sim:[67049. 67003. 67268.]
Task is 81.00% complete.
t1_sim:[61022. 61235. 58892.] t2_sim:[66541. 66328. 59793.]
Task is 82.00% complete.
t1_sim:[60825. 60819. 61053.] t2_sim:[60188. 59988. 60520.]
Task is 83.00% complete.
t1_sim:[63632. 63760. 63776.] t2_sim:[59938. 60099. 64827.]
Task is 84.00% complete.
t1_sim:[60692. 60510. 60397.] t2_sim:[66442. 66632. 65086.]
Task is 85.00% complete.
t1_sim:[58478. 58303. 59092.] t2_sim:[62246. 62194. 62300.]
Task is 86.00% complete.
t1_sim:[63446. 63451. 60553.] t2_sim:[65678. 65376. 65506.]
Task is 87.00% complete.
t1_sim:[67985. 68323. 66892.] t2_sim:[63829. 63729. 63862.]
Task is 88.00% complete.
t1_sim:[63260. 63092. 65613.] t2_sim:[62744. 63061. 60395.]
Task is 89.00% complete.
t1_sim:[67220. 67048. 67028.] t2_sim:[66130. 65663. 63209.]
Task is 90.00% complete.
t1_sim:[58587. 58762. 61217.] t2_sim:[64077. 63618. 62914.]
Task is 91.00% complete.
t1_sim:[63347. 63125. 63232.] t2_sim:[70495. 70456. 68537.]
Task is 92.00% complete.
t1_sim:[62854. 63042. 63493.] t2_sim:[62456. 62259. 59745.]
Task is 93.00% complete.
t1_sim:[62893. 62769. 62168.] t2_sim:[60481. 60726. 62438.]
Task is 94.00% complete.
t1_sim:[58852. 58849. 60796.] t2_sim:[63076. 63305. 64035.]
Task is 95.00% complete.
t1_sim:[63660. 63736. 64558.] t2_sim:[63731. 63835. 60469.]
Task is 96.00% complete.
t1_sim:[63175. 63370. 63537.] t2_sim:[63096. 62633. 62153.]
Task is 97.00% complete.
t1_sim:[60990. 60814. 57663.] t2_sim:[61811. 61943. 60127.]
Task is 98.00% complete.
t1_sim:[61833. 61608. 64066.] t2_sim:[63786. 63424. 65228.]
Task is 99.00% complete.
t1_sim:[61146. 61121. 61123.] t2_sim:[60379. 60262. 60765.]
Training start
t1_obs:[array(64491.), array(64771.), array(64885.)] t2_obs:[array(66470.), array(66553.), array(64564.)]
corr_G1:[None, None, 0.9799763688031013] corr_G2:[None, None, 0.9997686738650972]
Training end
Task is 0.00% complete.
t1_sim:[62886. 63347. 66196.] t2_sim:[65959. 65943. 65920.]
Task is 1.00% complete.
t1_sim:[57565. 57492. 56840.] t2_sim:[64014. 63509. 63774.]
Task is 2.00% complete.
t1_sim:[60636. 60824. 62151.] t2_sim:[58520. 58409. 58210.]
Task is 3.00% complete.
t1_sim:[64007. 63955. 62868.] t2_sim:[61323. 61823. 61840.]
Task is 4.00% complete.
t1_sim:[60962. 60778. 61769.] t2_sim:[62120. 61980. 63905.]
Task is 5.00% complete.
t1_sim:[62898. 62831. 63053.] t2_sim:[65863. 66069. 65524.]
Task is 6.00% complete.
t1_sim:[58759. 58716. 60409.] t2_sim:[62427. 62211. 61948.]
Task is 7.00% complete.
t1_sim:[65244. 65150. 65093.] t2_sim:[58641. 58570. 59906.]
Task is 8.00% complete.
t1_sim:[59457. 59666. 60658.] t2_sim:[61705. 61829. 59807.]
Task is 9.00% complete.
t1_sim:[67337. 67058. 67786.] t2_sim:[68407. 68567. 68638.]
Task is 10.00% complete.
t1_sim:[62862. 62554. 63655.] t2_sim:[60275. 60431. 59186.]
Task is 11.00% complete.
t1_sim:[65561. 65736. 65221.] t2_sim:[63164. 62996. 61563.]
Task is 12.00% complete.
t1_sim:[66355. 66565. 65295.] t2_sim:[67618. 67334. 67047.]
Task is 13.00% complete.
t1_sim:[62044. 62374. 61642.] t2_sim:[60229. 60536. 59994.]
Task is 14.00% complete.
t1_sim:[64645. 64674. 63345.] t2_sim:[62749. 62752. 64404.]
Task is 15.00% complete.
t1_sim:[56304. 55994. 54797.] t2_sim:[58975. 59382. 62196.]
Task is 16.00% complete.
t1_sim:[61753. 61896. 61747.] t2_sim:[64523. 64665. 63383.]
Task is 17.00% complete.
t1_sim:[57735. 58147. 57762.] t2_sim:[62761. 62561. 64598.]
Task is 18.00% complete.
t1_sim:[55061. 55258. 57127.] t2_sim:[64367. 64247. 63347.]
Task is 19.00% complete.
t1_sim:[63035. 63377. 63795.] t2_sim:[66854. 67016. 64240.]
Task is 20.00% complete.
t1_sim:[69554. 69706. 66861.] t2_sim:[59803. 59852. 57761.]
Task is 21.00% complete.
t1_sim:[62635. 62703. 60650.] t2_sim:[67605. 67545. 66662.]
Task is 22.00% complete.
t1_sim:[64778. 64693. 64817.] t2_sim:[63200. 62821. 62864.]
Task is 23.00% complete.
t1_sim:[56607. 56668. 57284.] t2_sim:[61672. 61081. 60872.]
Task is 24.00% complete.
t1_sim:[67019. 66928. 64021.] t2_sim:[59394. 59901. 61818.]
Task is 25.00% complete.
t1_sim:[64169. 63569. 62767.] t2_sim:[58003. 58187. 59847.]
Task is 26.00% complete.
t1_sim:[66730. 66670. 64876.] t2_sim:[63364. 63470. 64291.]
Task is 27.00% complete.
t1_sim:[61028. 60995. 62494.] t2_sim:[58531. 58258. 56234.]
Task is 28.00% complete.
t1_sim:[67781. 67844. 68229.] t2_sim:[64417. 64197. 65697.]
Task is 29.00% complete.
t1_sim:[63789. 63375. 62667.] t2_sim:[64356. 64457. 65698.]
Task is 30.00% complete.
t1_sim:[61875. 61957. 62764.] t2_sim:[64739. 64911. 64561.]
Task is 31.00% complete.
t1_sim:[67627. 67753. 69746.] t2_sim:[65161. 64795. 66860.]
Task is 32.00% complete.
t1_sim:[60172. 60084. 62081.] t2_sim:[72090. 72123. 72315.]
Task is 33.00% complete.
t1_sim:[60706. 60321. 60659.] t2_sim:[54801. 54917. 55671.]
Task is 34.00% complete.
t1_sim:[66438. 66647. 66071.] t2_sim:[62249. 62290. 60307.]
Task is 35.00% complete.
t1_sim:[66072. 65790. 64061.] t2_sim:[63054. 62731. 62775.]
Task is 36.00% complete.
t1_sim:[60787. 61154. 61396.] t2_sim:[66688. 66868. 67885.]
Task is 37.00% complete.
t1_sim:[63037. 63024. 62044.] t2_sim:[58786. 59050. 59678.]
Task is 38.00% complete.
t1_sim:[61961. 61800. 61533.] t2_sim:[66984. 66775. 67647.]
Task is 39.00% complete.
t1_sim:[68798. 68739. 65643.] t2_sim:[67003. 66989. 63929.]
Task is 40.00% complete.
t1_sim:[65101. 65230. 65549.] t2_sim:[60907. 61190. 64842.]
Task is 41.00% complete.
t1_sim:[65337. 65428. 65777.] t2_sim:[65407. 65303. 65034.]
Task is 42.00% complete.
t1_sim:[64842. 64845. 66380.] t2_sim:[64857. 64742. 65478.]
Task is 43.00% complete.
t1_sim:[65243. 64950. 65741.] t2_sim:[63028. 63066. 64557.]
Task is 44.00% complete.
t1_sim:[61148. 60743. 60770.] t2_sim:[61710. 61635. 61107.]
Task is 45.00% complete.
t1_sim:[59816. 59626. 58288.] t2_sim:[62635. 62529. 63230.]
Task is 46.00% complete.
t1_sim:[62555. 62609. 62314.] t2_sim:[58616. 58628. 58668.]
Task is 47.00% complete.
t1_sim:[65270. 65233. 65725.] t2_sim:[62274. 62000. 62851.]
Task is 48.00% complete.
t1_sim:[67994. 67750. 68322.] t2_sim:[59802. 59611. 58629.]
Task is 49.00% complete.
t1_sim:[65070. 65078. 65179.] t2_sim:[66536. 66658. 65847.]
Task is 50.00% complete.
t1_sim:[62705. 62930. 62637.] t2_sim:[65910. 66116. 64088.]
Task is 51.00% complete.
t1_sim:[61506. 62007. 60319.] t2_sim:[64735. 64852. 63466.]
Task is 52.00% complete.
t1_sim:[66190. 66150. 67179.] t2_sim:[60738. 60598. 61591.]
Task is 53.00% complete.
t1_sim:[62152. 62123. 61464.] t2_sim:[62028. 61810. 60135.]
Task is 54.00% complete.
t1_sim:[62921. 63003. 63518.] t2_sim:[66459. 66430. 67626.]
Task is 55.00% complete.
t1_sim:[64598. 64190. 64640.] t2_sim:[66981. 67000. 66184.]
Task is 56.00% complete.
t1_sim:[64487. 64317. 64954.] t2_sim:[61174. 60843. 61172.]
Task is 57.00% complete.
t1_sim:[67664. 67837. 67970.] t2_sim:[66608. 66746. 67261.]
Task is 58.00% complete.
t1_sim:[61967. 62067. 64249.] t2_sim:[67222. 67383. 67270.]
Task is 59.00% complete.
t1_sim:[65367. 65110. 63930.] t2_sim:[59237. 58868. 56940.]
Task is 60.00% complete.
t1_sim:[66859. 66834. 65799.] t2_sim:[63691. 63591. 62300.]
Task is 61.00% complete.
t1_sim:[60215. 60059. 62807.] t2_sim:[59796. 60193. 59893.]
Task is 62.00% complete.
t1_sim:[61569. 61319. 61113.] t2_sim:[62786. 62813. 64799.]
Task is 63.00% complete.
t1_sim:[73302. 73571. 71533.] t2_sim:[57351. 57356. 59655.]
Task is 64.00% complete.
t1_sim:[64913. 64654. 66401.] t2_sim:[63998. 64208. 65143.]
Task is 65.00% complete.
t1_sim:[64048. 63696. 61139.] t2_sim:[67305. 67145. 68000.]
Task is 66.00% complete.
t1_sim:[63463. 63517. 62518.] t2_sim:[62333. 62135. 63513.]
Task is 67.00% complete.
t1_sim:[60346. 60261. 57617.] t2_sim:[62671. 62401. 61901.]
Task is 68.00% complete.
t1_sim:[59661. 59695. 59295.] t2_sim:[63419. 63238. 63350.]
Task is 69.00% complete.
t1_sim:[59819. 59493. 59060.] t2_sim:[59504. 59154. 60499.]
Task is 70.00% complete.
t1_sim:[60105. 60139. 60027.] t2_sim:[69841. 69672. 68107.]
Task is 71.00% complete.
t1_sim:[57085. 57321. 56974.] t2_sim:[62318. 62395. 60113.]
Task is 72.00% complete.
t1_sim:[64307. 64709. 63864.] t2_sim:[65919. 65886. 64389.]
Task is 73.00% complete.
t1_sim:[61144. 60995. 62011.] t2_sim:[62498. 62593. 63139.]
Task is 74.00% complete.
t1_sim:[62367. 61716. 60383.] t2_sim:[64372. 64485. 65839.]
Task is 75.00% complete.
t1_sim:[67135. 67117. 65964.] t2_sim:[69249. 69216. 70086.]
Task is 76.00% complete.
t1_sim:[62322. 62131. 61443.] t2_sim:[67643. 67536. 66053.]
Task is 77.00% complete.
t1_sim:[63394. 63434. 63239.] t2_sim:[62095. 62044. 63133.]
Task is 78.00% complete.
t1_sim:[61954. 61772. 62227.] t2_sim:[62002. 62171. 61158.]
Task is 79.00% complete.
t1_sim:[63850. 64122. 64215.] t2_sim:[65863. 65584. 61900.]
Task is 80.00% complete.
t1_sim:[63565. 63670. 63138.] t2_sim:[62925. 63073. 62631.]
Task is 81.00% complete.
t1_sim:[61093. 60907. 62074.] t2_sim:[66418. 66400. 63227.]
Task is 82.00% complete.
t1_sim:[66427. 66683. 66856.] t2_sim:[60516. 60624. 58412.]
Task is 83.00% complete.
t1_sim:[60332. 60254. 59545.] t2_sim:[66704. 66391. 65440.]
Task is 84.00% complete.
t1_sim:[63534. 63604. 64626.] t2_sim:[57942. 57797. 57806.]
Task is 85.00% complete.
t1_sim:[64807. 65104. 63724.] t2_sim:[63230. 63392. 63526.]
Task is 86.00% complete.
t1_sim:[61310. 61418. 62870.] t2_sim:[68425. 68357. 67621.]
Task is 87.00% complete.
t1_sim:[63104. 62954. 62635.] t2_sim:[65502. 65337. 63259.]
Task is 88.00% complete.
t1_sim:[60177. 60162. 59414.] t2_sim:[60759. 61157. 62574.]
Task is 89.00% complete.
t1_sim:[67512. 67595. 67145.] t2_sim:[62954. 63194. 62394.]
Task is 90.00% complete.
t1_sim:[59386. 59120. 59776.] t2_sim:[63551. 63451. 63983.]
Task is 91.00% complete.
t1_sim:[57772. 57637. 56933.] t2_sim:[58680. 58919. 59319.]
Task is 92.00% complete.
t1_sim:[58982. 58785. 58669.] t2_sim:[61005. 60969. 58844.]
Task is 93.00% complete.
t1_sim:[61883. 62090. 63264.] t2_sim:[52618. 52579. 55106.]
Task is 94.00% complete.
t1_sim:[55796. 55728. 56006.] t2_sim:[59572. 59713. 58340.]
Task is 95.00% complete.
t1_sim:[60310. 60257. 60436.] t2_sim:[67073. 66650. 64026.]
Task is 96.00% complete.
t1_sim:[65450. 65445. 67258.] t2_sim:[65883. 65653. 64026.]
Task is 97.00% complete.
t1_sim:[60438. 60517. 60506.] t2_sim:[63640. 63791. 63133.]
Task is 98.00% complete.
t1_sim:[63911. 63953. 66674.] t2_sim:[61371. 61321. 61719.]
Task is 99.00% complete.
t1_sim:[60216. 59951. 59114.] t2_sim:[66620. 66147. 64144.]
Training start
t1_obs:[array(64491.), array(64771.), array(65068.)] t2_obs:[array(66470.), array(66553.), array(66115.)]
corr_G1:[None, None, -0.21105615389055665] corr_G2:[None, None, -0.17232815494013975]
Training end
Task is 0.00% complete.
t1_sim:[58625. 58879. 61755.] t2_sim:[62422. 62412. 66189.]
Task is 1.00% complete.
t1_sim:[60528. 60341. 60328.] t2_sim:[61983. 62343. 63890.]
Task is 2.00% complete.
t1_sim:[63684. 63748. 62320.] t2_sim:[70315. 70691. 70198.]
Task is 3.00% complete.
t1_sim:[62902. 62600. 63806.] t2_sim:[69138. 68833. 69111.]
Task is 4.00% complete.
t1_sim:[62085. 62347. 61024.] t2_sim:[65665. 65560. 66888.]
Task is 5.00% complete.
t1_sim:[54642. 54754. 54334.] t2_sim:[66831. 66609. 67885.]
Task is 6.00% complete.
t1_sim:[64933. 65177. 65238.] t2_sim:[61789. 61490. 64781.]
Task is 7.00% complete.
t1_sim:[59877. 59538. 60337.] t2_sim:[58562. 58772. 60981.]
Task is 8.00% complete.
t1_sim:[66792. 66847. 66132.] t2_sim:[63505. 63751. 65808.]
Task is 9.00% complete.
t1_sim:[63853. 64263. 63362.] t2_sim:[65610. 65952. 67594.]
Task is 10.00% complete.
t1_sim:[60497. 60475. 58750.] t2_sim:[59326. 59376. 63901.]
Task is 11.00% complete.
t1_sim:[62363. 62396. 61293.] t2_sim:[58825. 58679. 60152.]
Task is 12.00% complete.
t1_sim:[58291. 57985. 58339.] t2_sim:[66741. 66766. 66151.]
Task is 13.00% complete.
t1_sim:[60553. 60683. 59740.] t2_sim:[63529. 64012. 68539.]
Task is 14.00% complete.
t1_sim:[59283. 59809. 61191.] t2_sim:[63014. 63098. 62037.]
Task is 15.00% complete.
t1_sim:[60316. 60319. 61246.] t2_sim:[58064. 57587. 59823.]
Task is 16.00% complete.
t1_sim:[56455. 56620. 56696.] t2_sim:[62192. 62244. 63841.]
Task is 17.00% complete.
t1_sim:[65493. 65790. 66263.] t2_sim:[57997. 58080. 62463.]
Task is 18.00% complete.
t1_sim:[64390. 64319. 64177.] t2_sim:[64020. 64016. 64831.]
Task is 19.00% complete.
t1_sim:[63772. 63659. 64720.] t2_sim:[68804. 69140. 72358.]
Task is 20.00% complete.
t1_sim:[58429. 57924. 56491.] t2_sim:[64413. 64245. 64076.]
Task is 21.00% complete.
t1_sim:[68002. 67971. 65531.] t2_sim:[60856. 60846. 62138.]
Task is 22.00% complete.
t1_sim:[69918. 70302. 71573.] t2_sim:[64397. 64374. 68060.]
Task is 23.00% complete.
t1_sim:[58517. 58173. 60540.] t2_sim:[67344. 67404. 67876.]
Task is 24.00% complete.
t1_sim:[61865. 61786. 59933.] t2_sim:[59005. 58848. 60046.]
Task is 25.00% complete.
t1_sim:[65898. 65849. 68642.] t2_sim:[62837. 62899. 65134.]
Task is 26.00% complete.
t1_sim:[63225. 63544. 63013.] t2_sim:[68905. 69069. 73196.]
Task is 27.00% complete.
t1_sim:[60242. 60355. 64572.] t2_sim:[63165. 63184. 63378.]
Task is 28.00% complete.
t1_sim:[55553. 55800. 59307.] t2_sim:[56946. 57375. 57867.]
Task is 29.00% complete.
t1_sim:[63549. 63084. 61073.] t2_sim:[64734. 65005. 68549.]
Task is 30.00% complete.
t1_sim:[64961. 64590. 63756.] t2_sim:[64351. 64588. 64053.]
Task is 31.00% complete.
t1_sim:[63069. 63003. 63450.] t2_sim:[56551. 56905. 58683.]
Task is 32.00% complete.
t1_sim:[61971. 61921. 61955.] t2_sim:[62767. 62442. 64697.]
Task is 33.00% complete.
t1_sim:[61870. 62108. 64145.] t2_sim:[64904. 64713. 64252.]
Task is 34.00% complete.
t1_sim:[65863. 66348. 66922.] t2_sim:[59569. 59487. 59618.]
Task is 35.00% complete.
t1_sim:[61742. 61646. 61697.] t2_sim:[58303. 58895. 60178.]
Task is 36.00% complete.
t1_sim:[61098. 61023. 63180.] t2_sim:[66693. 67129. 69340.]
Task is 37.00% complete.
t1_sim:[61052. 61341. 62823.] t2_sim:[59342. 59253. 61774.]
Task is 38.00% complete.
t1_sim:[66876. 66989. 66733.] t2_sim:[61177. 61429. 63607.]
Task is 39.00% complete.
t1_sim:[65157. 65778. 65558.] t2_sim:[66566. 66663. 67542.]
Task is 40.00% complete.
t1_sim:[63731. 63978. 64768.] t2_sim:[58305. 58673. 64645.]
Task is 41.00% complete.
t1_sim:[66231. 66241. 66755.] t2_sim:[59087. 58905. 58747.]
Task is 42.00% complete.
t1_sim:[62050. 61373. 59915.] t2_sim:[69178. 69255. 67611.]
Task is 43.00% complete.
t1_sim:[64389. 64029. 65352.] t2_sim:[64631. 64430. 65301.]
Task is 44.00% complete.
t1_sim:[63009. 63171. 63034.] t2_sim:[59928. 60088. 62430.]
Task is 45.00% complete.
t1_sim:[61012. 61108. 61000.] t2_sim:[62820. 62818. 63010.]
Task is 46.00% complete.
t1_sim:[59858. 59411. 60108.] t2_sim:[66646. 66846. 68212.]
Task is 47.00% complete.
t1_sim:[61590. 61480. 57940.] t2_sim:[60379. 60494. 60368.]
Task is 48.00% complete.
t1_sim:[63263. 63375. 63683.] t2_sim:[59509. 59432. 62354.]
Task is 49.00% complete.
t1_sim:[62201. 62271. 62134.] t2_sim:[71706. 71805. 70073.]
Task is 50.00% complete.
t1_sim:[64666. 64414. 65256.] t2_sim:[64640. 64303. 63254.]
Task is 51.00% complete.
t1_sim:[66174. 66015. 63889.] t2_sim:[59245. 59020. 61894.]
Task is 52.00% complete.
t1_sim:[58998. 58963. 58610.] t2_sim:[57583. 57793. 58871.]
Task is 53.00% complete.
t1_sim:[57231. 57401. 59084.] t2_sim:[62686. 63161. 63863.]
Task is 54.00% complete.
t1_sim:[63219. 63381. 62128.] t2_sim:[66426. 66791. 69193.]
Task is 55.00% complete.
t1_sim:[64287. 64210. 65077.] t2_sim:[66041. 66074. 67647.]
Task is 56.00% complete.
t1_sim:[57233. 57416. 58733.] t2_sim:[62624. 63024. 65181.]
Task is 57.00% complete.
t1_sim:[60345. 60436. 61314.] t2_sim:[63618. 63642. 63770.]
Task is 58.00% complete.
t1_sim:[61044. 61070. 61084.] t2_sim:[62118. 61860. 61821.]
Task is 59.00% complete.
t1_sim:[68215. 67960. 67031.] t2_sim:[65612. 65384. 64772.]
Task is 60.00% complete.
t1_sim:[63449. 63614. 65020.] t2_sim:[58062. 58045. 60074.]
Task is 61.00% complete.
t1_sim:[66235. 66080. 65401.] t2_sim:[61474. 61477. 63028.]
Task is 62.00% complete.
t1_sim:[65314. 65300. 64136.] t2_sim:[60445. 60365. 62572.]
Task is 63.00% complete.
t1_sim:[59038. 59383. 58844.] t2_sim:[65169. 64824. 65237.]
Task is 64.00% complete.
t1_sim:[55737. 55548. 56483.] t2_sim:[67478. 67259. 66677.]
Task is 65.00% complete.
t1_sim:[67200. 67241. 68109.] t2_sim:[62835. 62948. 65540.]
Task is 66.00% complete.
t1_sim:[66803. 66625. 65907.] t2_sim:[60877. 60800. 60961.]
Task is 67.00% complete.
t1_sim:[65458. 65468. 64391.] t2_sim:[65702. 65379. 66639.]
Task is 68.00% complete.
t1_sim:[59790. 59362. 60353.] t2_sim:[66326. 66358. 67962.]
Task is 69.00% complete.
t1_sim:[63258. 63284. 61167.] t2_sim:[56581. 56560. 61252.]
Task is 70.00% complete.
t1_sim:[59654. 59186. 60881.] t2_sim:[68405. 68461. 68598.]
Task is 71.00% complete.
t1_sim:[59521. 60046. 59276.] t2_sim:[67302. 67342. 70431.]
Task is 72.00% complete.
t1_sim:[55861. 55364. 56969.] t2_sim:[64363. 64377. 67391.]
Task is 73.00% complete.
t1_sim:[65296. 65138. 67863.] t2_sim:[71732. 71931. 75214.]
Task is 74.00% complete.
t1_sim:[60912. 60779. 60947.] t2_sim:[66007. 66005. 68382.]
Task is 75.00% complete.
t1_sim:[61118. 61088. 59954.] t2_sim:[58659. 58912. 62841.]
Task is 76.00% complete.
t1_sim:[61307. 61256. 61801.] t2_sim:[66786. 66679. 66530.]
Task is 77.00% complete.
t1_sim:[60623. 60917. 60747.] t2_sim:[65927. 65576. 65097.]
Task is 78.00% complete.
t1_sim:[59283. 59346. 59118.] t2_sim:[59740. 60032. 62017.]
Task is 79.00% complete.
t1_sim:[65545. 65920. 65321.] t2_sim:[63556. 63601. 62729.]
Task is 80.00% complete.
t1_sim:[64907. 64742. 63137.] t2_sim:[66487. 66627. 64971.]
Task is 81.00% complete.
t1_sim:[55475. 55747. 56980.] t2_sim:[63020. 62767. 61846.]
Task is 82.00% complete.
t1_sim:[64542. 64454. 63292.] t2_sim:[64860. 64896. 64418.]
Task is 83.00% complete.
t1_sim:[66377. 66437. 66259.] t2_sim:[60988. 60769. 64010.]
Task is 84.00% complete.
t1_sim:[62110. 62249. 62114.] t2_sim:[65877. 65601. 66631.]
Task is 85.00% complete.
t1_sim:[60817. 60732. 60552.] t2_sim:[57882. 58310. 60338.]
Task is 86.00% complete.
t1_sim:[65307. 65278. 63645.] t2_sim:[67384. 67459. 69484.]
Task is 87.00% complete.
t1_sim:[63062. 62924. 60863.] t2_sim:[61128. 61176. 62078.]
Task is 88.00% complete.
t1_sim:[58788. 58580. 61507.] t2_sim:[59175. 59138. 60081.]
Task is 89.00% complete.
t1_sim:[60871. 60867. 60400.] t2_sim:[64070. 64100. 65294.]
Task is 90.00% complete.
t1_sim:[63152. 63234. 63651.] t2_sim:[63855. 64154. 65885.]
Task is 91.00% complete.
t1_sim:[64594. 64460. 64012.] t2_sim:[60870. 61144. 63193.]
Task is 92.00% complete.
t1_sim:[69491. 69291. 70707.] t2_sim:[66549. 66697. 64766.]
Task is 93.00% complete.
t1_sim:[65486. 65685. 67269.] t2_sim:[63429. 63597. 63923.]
Task is 94.00% complete.
t1_sim:[55363. 55181. 54983.] t2_sim:[56442. 56598. 59180.]
Task is 95.00% complete.
t1_sim:[60447. 60354. 58553.] t2_sim:[59723. 60180. 62266.]
Task is 96.00% complete.
t1_sim:[59631. 59717. 60035.] t2_sim:[59510. 59522. 61833.]
Task is 97.00% complete.
t1_sim:[62343. 62276. 60867.] t2_sim:[56467. 56406. 59369.]
Task is 98.00% complete.
t1_sim:[66597. 66811. 68744.] t2_sim:[59014. 59320. 60557.]
Task is 99.00% complete.
t1_sim:[62695. 62973. 59296.] t2_sim:[64482. 64819. 66931.]
Finished
