/scratch/jz4721/Post-prediction-Causal-Inference/venv/lib/python3.8/site-packages/numpy/core/getlimits.py:518: UserWarning: The value of the smallest subnormal for <class 'numpy.float64'> type is zero.
  setattr(self, word, getattr(machar, word).flat[0])
/scratch/jz4721/Post-prediction-Causal-Inference/venv/lib/python3.8/site-packages/numpy/core/getlimits.py:89: UserWarning: The value of the smallest subnormal for <class 'numpy.float64'> type is zero.
  return self._float_to_str(self.smallest_subnormal)
/scratch/jz4721/Post-prediction-Causal-Inference/venv/lib/python3.8/site-packages/numpy/core/getlimits.py:518: UserWarning: The value of the smallest subnormal for <class 'numpy.float32'> type is zero.
  setattr(self, word, getattr(machar, word).flat[0])
/scratch/jz4721/Post-prediction-Causal-Inference/venv/lib/python3.8/site-packages/numpy/core/getlimits.py:89: UserWarning: The value of the smallest subnormal for <class 'numpy.float32'> type is zero.
  return self._float_to_str(self.smallest_subnormal)
Training start
t1_obs:[array(59977.), array(60492.), array(58759.)] t2_obs:[array(64821.), array(64963.), array(64934.)]
corr_G1:[None, None, 0] corr_G2:[None, None, 0]
Training end
Task is 0.00% complete.
t1_sim:[68459. 68645. 67009.] t2_sim:[59179. 59254. 61685.]
Task is 1.00% complete.
t1_sim:[66032. 65600. 64404.] t2_sim:[58250. 58315. 59180.]
Task is 2.00% complete.
t1_sim:[62699. 62562. 64820.] t2_sim:[66370. 66182. 64848.]
Task is 3.00% complete.
t1_sim:[60068. 60097. 62581.] t2_sim:[65549. 65913. 65232.]
Task is 4.00% complete.
t1_sim:[61186. 61636. 58972.] t2_sim:[59062. 59230. 56585.]
Task is 5.00% complete.
t1_sim:[66255. 66237. 64555.] t2_sim:[59545. 59349. 60923.]
Task is 6.00% complete.
t1_sim:[63174. 63039. 62520.] t2_sim:[65397. 65545. 67216.]
Task is 7.00% complete.
t1_sim:[56025. 55747. 58790.] t2_sim:[61122. 61849. 63327.]
Task is 8.00% complete.
t1_sim:[60359. 60431. 62481.] t2_sim:[56121. 56235. 55919.]
Task is 9.00% complete.
t1_sim:[59086. 59039. 62029.] t2_sim:[63029. 62978. 60513.]
Task is 10.00% complete.
t1_sim:[64969. 64936. 63491.] t2_sim:[62225. 61962. 61299.]
Task is 11.00% complete.
t1_sim:[58116. 58482. 61090.] t2_sim:[59992. 60051. 59657.]
Task is 12.00% complete.
t1_sim:[65973. 66125. 64932.] t2_sim:[62021. 61784. 60921.]
Task is 13.00% complete.
t1_sim:[68630. 68734. 68299.] t2_sim:[61286. 60821. 59801.]
Task is 14.00% complete.
t1_sim:[61282. 61200. 58660.] t2_sim:[61678. 61573. 60863.]
Task is 15.00% complete.
t1_sim:[62205. 62556. 64613.] t2_sim:[62822. 62978. 65226.]
Task is 16.00% complete.
t1_sim:[65332. 65412. 67370.] t2_sim:[58985. 58864. 56850.]
Task is 17.00% complete.
t1_sim:[61842. 61913. 62690.] t2_sim:[59953. 60248. 59636.]
Task is 18.00% complete.
t1_sim:[58435. 57962. 61242.] t2_sim:[58865. 58494. 59107.]
Task is 19.00% complete.
t1_sim:[65240. 65611. 64548.] t2_sim:[57906. 58114. 57468.]
Task is 20.00% complete.
t1_sim:[64907. 65017. 63479.] t2_sim:[57443. 57838. 58437.]
Task is 21.00% complete.
t1_sim:[67556. 67446. 64539.] t2_sim:[63731. 64008. 63437.]
Task is 22.00% complete.
t1_sim:[66825. 67096. 63489.] t2_sim:[62187. 62221. 62052.]
Task is 23.00% complete.
t1_sim:[65255. 65514. 62267.] t2_sim:[60340. 60319. 64023.]
Task is 24.00% complete.
t1_sim:[62629. 62817. 65169.] t2_sim:[66772. 66929. 65500.]
Task is 25.00% complete.
t1_sim:[57008. 57065. 59180.] t2_sim:[58769. 59138. 62762.]
Task is 26.00% complete.
t1_sim:[67958. 67775. 65923.] t2_sim:[65031. 65369. 61950.]
Task is 27.00% complete.
t1_sim:[61032. 60776. 66249.] t2_sim:[61856. 61789. 60127.]
Task is 28.00% complete.
t1_sim:[60667. 60745. 61742.] t2_sim:[59479. 59424. 62266.]
Task is 29.00% complete.
t1_sim:[63474. 63549. 60596.] t2_sim:[62774. 62553. 64895.]
Task is 30.00% complete.
t1_sim:[57718. 57493. 56875.] t2_sim:[61321. 60731. 57516.]
Task is 31.00% complete.
t1_sim:[60123. 60161. 62875.] t2_sim:[62815. 62119. 61837.]
Task is 32.00% complete.
t1_sim:[64453. 64549. 62413.] t2_sim:[72094. 72438. 69092.]
Task is 33.00% complete.
t1_sim:[68203. 68337. 67350.] t2_sim:[62277. 62648. 62402.]
Task is 34.00% complete.
t1_sim:[67376. 67042. 64286.] t2_sim:[62222. 62264. 60503.]
Task is 35.00% complete.
t1_sim:[56704. 56777. 57553.] t2_sim:[62110. 61861. 61074.]
Task is 36.00% complete.
t1_sim:[62428. 61889. 61624.] t2_sim:[66956. 67228. 63463.]
Task is 37.00% complete.
t1_sim:[68743. 69073. 67196.] t2_sim:[55656. 55772. 55585.]
Task is 38.00% complete.
t1_sim:[58596. 58481. 61103.] t2_sim:[64080. 64172. 63103.]
Task is 39.00% complete.
t1_sim:[58875. 58610. 63908.] t2_sim:[64641. 64560. 61610.]
Task is 40.00% complete.
t1_sim:[66780. 66889. 68018.] t2_sim:[56555. 56650. 57187.]
Task is 41.00% complete.
t1_sim:[64252. 64280. 66055.] t2_sim:[62924. 62593. 62431.]
Task is 42.00% complete.
t1_sim:[59794. 59274. 60454.] t2_sim:[61409. 61670. 64139.]
Task is 43.00% complete.
t1_sim:[62058. 61960. 58991.] t2_sim:[64442. 64823. 65952.]
Task is 44.00% complete.
t1_sim:[57549. 57374. 59698.] t2_sim:[61084. 61398. 62839.]
Task is 45.00% complete.
t1_sim:[63369. 63521. 61813.] t2_sim:[62987. 63148. 63077.]
Task is 46.00% complete.
t1_sim:[61252. 61294. 60571.] t2_sim:[57715. 57416. 55525.]
Task is 47.00% complete.
t1_sim:[65061. 64975. 68526.] t2_sim:[61477. 61435. 60323.]
Task is 48.00% complete.
t1_sim:[63037. 62969. 65497.] t2_sim:[64638. 64514. 63604.]
Task is 49.00% complete.
t1_sim:[65867. 65969. 69381.] t2_sim:[62422. 62238. 63237.]
Task is 50.00% complete.
t1_sim:[60845. 60291. 57700.] t2_sim:[67233. 67210. 64910.]
Task is 51.00% complete.
t1_sim:[57891. 57902. 62044.] t2_sim:[61172. 61437. 63650.]
Task is 52.00% complete.
t1_sim:[68199. 67886. 65940.] t2_sim:[59420. 59616. 60304.]
Task is 53.00% complete.
t1_sim:[62898. 63138. 63205.] t2_sim:[63263. 63080. 62395.]
Task is 54.00% complete.
t1_sim:[61703. 61829. 62804.] t2_sim:[61533. 61485. 60883.]
Task is 55.00% complete.
t1_sim:[64388. 64536. 61291.] t2_sim:[62510. 62197. 64193.]
Task is 56.00% complete.
t1_sim:[63487. 63403. 62525.] t2_sim:[64385. 64286. 60913.]
Task is 57.00% complete.
t1_sim:[63205. 63252. 60176.] t2_sim:[65756. 65419. 66938.]
Task is 58.00% complete.
t1_sim:[61912. 62141. 64268.] t2_sim:[63183. 63441. 63941.]
Task is 59.00% complete.
t1_sim:[61365. 61518. 64266.] t2_sim:[66664. 66658. 67421.]
Task is 60.00% complete.
t1_sim:[63531. 63676. 64707.] t2_sim:[62673. 62617. 59341.]
Task is 61.00% complete.
t1_sim:[62719. 62828. 60095.] t2_sim:[63755. 63726. 63766.]
Task is 62.00% complete.
t1_sim:[56764. 56413. 58089.] t2_sim:[65423. 65535. 65045.]
Task is 63.00% complete.
t1_sim:[59756. 59544. 62626.] t2_sim:[64323. 64228. 61400.]
Task is 64.00% complete.
t1_sim:[64821. 64592. 65986.] t2_sim:[63094. 63008. 64372.]
Task is 65.00% complete.
t1_sim:[58649. 58742. 63879.] t2_sim:[65495. 65268. 68059.]
Task is 66.00% complete.
t1_sim:[63827. 64169. 65370.] t2_sim:[68917. 68742. 70945.]
Task is 67.00% complete.
t1_sim:[65278. 64816. 59216.] t2_sim:[59350. 59482. 59665.]
Task is 68.00% complete.
t1_sim:[65581. 65478. 65220.] t2_sim:[63924. 63994. 64286.]
Task is 69.00% complete.
t1_sim:[62723. 63360. 60308.] t2_sim:[62594. 62546. 59946.]
Task is 70.00% complete.
t1_sim:[65602. 65863. 65171.] t2_sim:[65356. 65482. 65505.]
Task is 71.00% complete.
t1_sim:[59656. 59543. 58949.] t2_sim:[66569. 66987. 64965.]
Task is 72.00% complete.
t1_sim:[64636. 64627. 67461.] t2_sim:[66521. 66924. 71266.]
Task is 73.00% complete.
t1_sim:[57405. 57318. 59338.] t2_sim:[63648. 63330. 62815.]
Task is 74.00% complete.
t1_sim:[64482. 64199. 67211.] t2_sim:[62970. 62918. 63014.]
Task is 75.00% complete.
t1_sim:[63710. 63741. 61463.] t2_sim:[62754. 62913. 61321.]
Task is 76.00% complete.
t1_sim:[62658. 62895. 61241.] t2_sim:[60981. 60803. 61479.]
Task is 77.00% complete.
t1_sim:[62542. 62651. 62322.] t2_sim:[63320. 63495. 65092.]
Task is 78.00% complete.
t1_sim:[65699. 65606. 64052.] t2_sim:[56734. 56911. 60860.]
Task is 79.00% complete.
t1_sim:[56715. 56695. 56921.] t2_sim:[59322. 59460. 60112.]
Task is 80.00% complete.
t1_sim:[61440. 61277. 62011.] t2_sim:[58801. 58952. 55098.]
Task is 81.00% complete.
t1_sim:[67470. 67265. 66481.] t2_sim:[61219. 60946. 61836.]
Task is 82.00% complete.
t1_sim:[66618. 66575. 65890.] t2_sim:[65402. 65540. 63860.]
Task is 83.00% complete.
t1_sim:[60428. 60578. 65352.] t2_sim:[65837. 65776. 64604.]
Task is 84.00% complete.
t1_sim:[62975. 63412. 62237.] t2_sim:[60800. 60932. 61052.]
Task is 85.00% complete.
t1_sim:[61997. 62032. 59735.] t2_sim:[63587. 63579. 62172.]
Task is 86.00% complete.
t1_sim:[58178. 58379. 59518.] t2_sim:[64625. 64993. 65424.]
Task is 87.00% complete.
t1_sim:[64529. 64528. 63085.] t2_sim:[60578. 60830. 63566.]
Task is 88.00% complete.
t1_sim:[66217. 66259. 63044.] t2_sim:[60479. 60343. 60850.]
Task is 89.00% complete.
t1_sim:[60907. 60969. 58703.] t2_sim:[63552. 63091. 64887.]
Task is 90.00% complete.
t1_sim:[63140. 63098. 63886.] t2_sim:[61849. 61931. 61069.]
Task is 91.00% complete.
t1_sim:[63741. 63276. 63363.] t2_sim:[62681. 62563. 67771.]
Task is 92.00% complete.
t1_sim:[59561. 59640. 60993.] t2_sim:[66306. 66085. 63512.]
Task is 93.00% complete.
t1_sim:[61773. 61546. 61557.] t2_sim:[66133. 65749. 63609.]
Task is 94.00% complete.
t1_sim:[60320. 60289. 64499.] t2_sim:[57432. 57335. 61029.]
Task is 95.00% complete.
t1_sim:[67819. 67704. 66691.] t2_sim:[59433. 59503. 60990.]
Task is 96.00% complete.
t1_sim:[62363. 62336. 62997.] t2_sim:[61518. 61539. 57805.]
Task is 97.00% complete.
t1_sim:[69039. 69358. 69067.] t2_sim:[62810. 62327. 60721.]
Task is 98.00% complete.
t1_sim:[66259. 66322. 61498.] t2_sim:[64736. 64733. 59050.]
Task is 99.00% complete.
t1_sim:[64005. 63730. 62044.] t2_sim:[64722. 65090. 65917.]
Training start
t1_obs:[array(59977.), array(60492.), array(58557.)] t2_obs:[array(64821.), array(64963.), array(65962.)]
corr_G1:[None, None, 0.9767757377728299] corr_G2:[None, None, 0.9682482164189713]
Training end
Task is 0.00% complete.
t1_sim:[59436. 58806. 57188.] t2_sim:[59654. 59680. 61397.]
Task is 1.00% complete.
t1_sim:[66180. 66457. 67370.] t2_sim:[63885. 63848. 65315.]
Task is 2.00% complete.
t1_sim:[67000. 67371. 66112.] t2_sim:[68591. 68567. 68687.]
Task is 3.00% complete.
t1_sim:[59039. 58932. 59886.] t2_sim:[67890. 68295. 69112.]
Task is 4.00% complete.
t1_sim:[54727. 54742. 53742.] t2_sim:[55270. 55440. 58121.]
Task is 5.00% complete.
t1_sim:[61448. 61683. 62202.] t2_sim:[62209. 62245. 61736.]
Task is 6.00% complete.
t1_sim:[67990. 67845. 66190.] t2_sim:[60352. 59997. 60759.]
Task is 7.00% complete.
t1_sim:[60472. 60602. 61426.] t2_sim:[64371. 64458. 62480.]
Task is 8.00% complete.
t1_sim:[58569. 58571. 60277.] t2_sim:[60810. 60950. 61767.]
Task is 9.00% complete.
t1_sim:[64422. 64302. 62190.] t2_sim:[61336. 61159. 60287.]
Task is 10.00% complete.
t1_sim:[62809. 62819. 63997.] t2_sim:[60662. 60359. 58719.]
Task is 11.00% complete.
t1_sim:[61783. 61991. 63573.] t2_sim:[59220. 59230. 57833.]
Task is 12.00% complete.
t1_sim:[58211. 58454. 58982.] t2_sim:[58712. 58684. 58493.]
Task is 13.00% complete.
t1_sim:[65269. 65286. 63606.] t2_sim:[59892. 59940. 58860.]
Task is 14.00% complete.
t1_sim:[63404. 63566. 63941.] t2_sim:[62023. 62496. 62316.]
Task is 15.00% complete.
t1_sim:[64760. 64557. 59642.] t2_sim:[62091. 61962. 61367.]
Task is 16.00% complete.
t1_sim:[60975. 61235. 59110.] t2_sim:[61573. 61614. 62790.]
Task is 17.00% complete.
t1_sim:[61204. 61150. 60241.] t2_sim:[60315. 60170. 60600.]
Task is 18.00% complete.
t1_sim:[60449. 60570. 62478.] t2_sim:[59249. 59308. 59312.]
Task is 19.00% complete.
t1_sim:[64244. 64553. 65436.] t2_sim:[66066. 66453. 68060.]
Task is 20.00% complete.
t1_sim:[64469. 64180. 65028.] t2_sim:[59049. 59137. 59738.]
Task is 21.00% complete.
t1_sim:[64468. 64237. 64068.] t2_sim:[63974. 64093. 64296.]
Task is 22.00% complete.
t1_sim:[64074. 64117. 65974.] t2_sim:[62424. 62621. 60980.]
Task is 23.00% complete.
t1_sim:[63575. 64102. 63242.] t2_sim:[65062. 64778. 62401.]
Task is 24.00% complete.
t1_sim:[65551. 65917. 63071.] t2_sim:[64969. 65193. 64910.]
Task is 25.00% complete.
t1_sim:[61904. 61963. 65214.] t2_sim:[65430. 65222. 64247.]
Task is 26.00% complete.
t1_sim:[61153. 61676. 64007.] t2_sim:[69150. 68871. 66812.]
Task is 27.00% complete.
t1_sim:[62612. 62828. 62430.] t2_sim:[64088. 64176. 64416.]
Task is 28.00% complete.
t1_sim:[60378. 60133. 61447.] t2_sim:[64721. 65269. 63537.]
Task is 29.00% complete.
t1_sim:[63614. 63457. 63030.] t2_sim:[59265. 59170. 58226.]
Task is 30.00% complete.
t1_sim:[60009. 60098. 57908.] t2_sim:[62175. 62273. 64171.]
Task is 31.00% complete.
t1_sim:[59149. 59032. 58115.] t2_sim:[62257. 62147. 63258.]
Task is 32.00% complete.
t1_sim:[57104. 56924. 55428.] t2_sim:[60571. 60963. 60311.]
Task is 33.00% complete.
t1_sim:[63746. 63435. 64675.] t2_sim:[63402. 63659. 61501.]
Task is 34.00% complete.
t1_sim:[61116. 60728. 60733.] t2_sim:[61359. 61565. 61644.]
Task is 35.00% complete.
t1_sim:[65202. 64867. 60993.] t2_sim:[64791. 64732. 65541.]
Task is 36.00% complete.
t1_sim:[63988. 64224. 64806.] t2_sim:[65619. 65531. 67718.]
Task is 37.00% complete.
t1_sim:[60223. 60083. 60317.] t2_sim:[64070. 63745. 61256.]
Task is 38.00% complete.
t1_sim:[64450. 64545. 61215.] t2_sim:[65083. 65366. 65526.]
Task is 39.00% complete.
t1_sim:[59606. 59895. 59853.] t2_sim:[65018. 65175. 63874.]
Task is 40.00% complete.
t1_sim:[64333. 64584. 64216.] t2_sim:[65632. 65760. 66914.]
Task is 41.00% complete.
t1_sim:[61957. 61810. 61300.] t2_sim:[60346. 59618. 57618.]
Task is 42.00% complete.
t1_sim:[64830. 65005. 65997.] t2_sim:[65770. 66229. 64133.]
Task is 43.00% complete.
t1_sim:[65540. 65150. 63196.] t2_sim:[65009. 64840. 65109.]
Task is 44.00% complete.
t1_sim:[61524. 61632. 60866.] t2_sim:[61212. 61134. 62377.]
Task is 45.00% complete.
t1_sim:[65754. 65703. 66179.] t2_sim:[67374. 67394. 65576.]
Task is 46.00% complete.
t1_sim:[64709. 64609. 65454.] t2_sim:[60293. 60334. 61326.]
Task is 47.00% complete.
t1_sim:[66016. 65968. 66844.] t2_sim:[64407. 64636. 66192.]
Task is 48.00% complete.
t1_sim:[57575. 57953. 58516.] t2_sim:[61206. 61244. 61669.]
Task is 49.00% complete.
t1_sim:[60757. 60695. 61292.] t2_sim:[63517. 63276. 62506.]
Task is 50.00% complete.
t1_sim:[60842. 60619. 60954.] t2_sim:[61322. 61545. 62178.]
Task is 51.00% complete.
t1_sim:[60513. 60267. 58690.] t2_sim:[69081. 69205. 68667.]
Task is 52.00% complete.
t1_sim:[61275. 61204. 61313.] t2_sim:[64583. 64077. 62988.]
Task is 53.00% complete.
t1_sim:[62790. 62917. 61718.] t2_sim:[61076. 61230. 60595.]
Task is 54.00% complete.
t1_sim:[61374. 61685. 63080.] t2_sim:[68289. 68039. 68360.]
Task is 55.00% complete.
t1_sim:[65331. 65135. 64317.] t2_sim:[64049. 63239. 63574.]
Task is 56.00% complete.
t1_sim:[59948. 59592. 59046.] t2_sim:[63445. 64081. 64195.]
Task is 57.00% complete.
t1_sim:[64926. 64962. 65839.] t2_sim:[56943. 56812. 55302.]
Task is 58.00% complete.
t1_sim:[68528. 68123. 68622.] t2_sim:[63037. 63400. 63422.]
Task is 59.00% complete.
t1_sim:[62773. 62525. 63269.] t2_sim:[62571. 62453. 63803.]
Task is 60.00% complete.
t1_sim:[63949. 63905. 61191.] t2_sim:[66186. 66164. 68170.]
Task is 61.00% complete.
t1_sim:[65232. 65346. 69791.] t2_sim:[57930. 57759. 56895.]
Task is 62.00% complete.
t1_sim:[64566. 64228. 66124.] t2_sim:[60117. 60437. 60911.]
Task is 63.00% complete.
t1_sim:[65999. 65798. 65674.] t2_sim:[66483. 66326. 67186.]
Task is 64.00% complete.
t1_sim:[62905. 63199. 62193.] t2_sim:[61566. 61641. 63068.]
Task is 65.00% complete.
t1_sim:[64236. 64183. 63126.] t2_sim:[63510. 63194. 63772.]
Task is 66.00% complete.
t1_sim:[64994. 65284. 64800.] t2_sim:[65815. 65850. 65951.]
Task is 67.00% complete.
t1_sim:[57724. 57844. 58239.] t2_sim:[59617. 59751. 59938.]
Task is 68.00% complete.
t1_sim:[62206. 62219. 61051.] t2_sim:[62805. 62803. 63244.]
Task is 69.00% complete.
t1_sim:[62368. 62699. 63608.] t2_sim:[63183. 63218. 62631.]
Task is 70.00% complete.
t1_sim:[61195. 61354. 61692.] t2_sim:[65670. 65821. 65254.]
Task is 71.00% complete.
t1_sim:[61746. 61735. 61717.] t2_sim:[62224. 62193. 59988.]
Task is 72.00% complete.
t1_sim:[64737. 64811. 62470.] t2_sim:[58715. 58848. 58803.]
Task is 73.00% complete.
t1_sim:[61363. 61048. 62277.] t2_sim:[61353. 61420. 63122.]
Task is 74.00% complete.
t1_sim:[60198. 60170. 62736.] t2_sim:[61409. 61442. 61717.]
Task is 75.00% complete.
t1_sim:[64635. 64981. 65632.] t2_sim:[65660. 66083. 67381.]
Task is 76.00% complete.
t1_sim:[62024. 62161. 60389.] t2_sim:[66342. 66147. 66864.]
Task is 77.00% complete.
t1_sim:[63697. 64097. 65626.] t2_sim:[62368. 62710. 64315.]
Task is 78.00% complete.
t1_sim:[66979. 67044. 67090.] t2_sim:[63496. 63567. 62940.]
Task is 79.00% complete.
t1_sim:[61846. 61973. 62878.] t2_sim:[61520. 61145. 61933.]
Task is 80.00% complete.
t1_sim:[65980. 66039. 64841.] t2_sim:[69399. 69512. 68675.]
Task is 81.00% complete.
t1_sim:[64241. 64373. 64272.] t2_sim:[60948. 60766. 59364.]
Task is 82.00% complete.
t1_sim:[63919. 64073. 66612.] t2_sim:[59403. 59069. 61519.]
Task is 83.00% complete.
t1_sim:[61973. 61961. 62886.] t2_sim:[60521. 60134. 60568.]
Task is 84.00% complete.
t1_sim:[65038. 65270. 65699.] t2_sim:[63835. 64162. 65517.]
Task is 85.00% complete.
t1_sim:[60265. 60287. 60641.] t2_sim:[60686. 60614. 61081.]
Task is 86.00% complete.
t1_sim:[57988. 58148. 57163.] t2_sim:[61299. 61278. 62621.]
Task is 87.00% complete.
t1_sim:[60734. 60612. 62422.] t2_sim:[67641. 67220. 65585.]
Task is 88.00% complete.
t1_sim:[67276. 67321. 67723.] t2_sim:[57639. 57458. 60110.]
Task is 89.00% complete.
t1_sim:[63849. 63650. 64903.] t2_sim:[63401. 63557. 62391.]
Task is 90.00% complete.
t1_sim:[63747. 63926. 62182.] t2_sim:[71710. 71499. 72909.]
Task is 91.00% complete.
t1_sim:[63494. 63107. 61579.] t2_sim:[61386. 61640. 58904.]
Task is 92.00% complete.
t1_sim:[60194. 60114. 60004.] t2_sim:[59879. 59811. 59846.]
Task is 93.00% complete.
t1_sim:[62249. 61946. 63410.] t2_sim:[59337. 59677. 58347.]
Task is 94.00% complete.
t1_sim:[60705. 60596. 62319.] t2_sim:[57214. 57439. 58131.]
Task is 95.00% complete.
t1_sim:[63039. 62828. 62202.] t2_sim:[62895. 62593. 64852.]
Task is 96.00% complete.
t1_sim:[61096. 60953. 61204.] t2_sim:[65285. 64918. 64922.]
Task is 97.00% complete.
t1_sim:[64461. 64475. 67246.] t2_sim:[58345. 58256. 57305.]
Task is 98.00% complete.
t1_sim:[57204. 57223. 59043.] t2_sim:[60324. 60025. 61256.]
Task is 99.00% complete.
t1_sim:[64613. 64461. 65527.] t2_sim:[64451. 64748. 65348.]
Training start
t1_obs:[array(59977.), array(60492.), array(58340.)] t2_obs:[array(64821.), array(64963.), array(66436.)]
corr_G1:[None, None, 0.057647345898391135] corr_G2:[None, None, -0.19886583296487223]
Training end
Task is 0.00% complete.
t1_sim:[60094. 60097. 60137.] t2_sim:[63380. 63722. 63369.]
Task is 1.00% complete.
t1_sim:[59782. 60247. 59479.] t2_sim:[62628. 63323. 64131.]
Task is 2.00% complete.
t1_sim:[65724. 65013. 61226.] t2_sim:[62366. 62439. 63390.]
Task is 3.00% complete.
t1_sim:[62658. 62217. 60621.] t2_sim:[60987. 61419. 60507.]
Task is 4.00% complete.
t1_sim:[62112. 61934. 63250.] t2_sim:[62795. 62701. 62125.]
Task is 5.00% complete.
t1_sim:[63227. 62921. 60895.] t2_sim:[61448. 61613. 62768.]
Task is 6.00% complete.
t1_sim:[59559. 59649. 61766.] t2_sim:[63078. 62829. 63611.]
Task is 7.00% complete.
t1_sim:[70126. 70165. 71638.] t2_sim:[62498. 62284. 62469.]
Task is 8.00% complete.
t1_sim:[58858. 58933. 60265.] t2_sim:[68353. 68304. 65659.]
Task is 9.00% complete.
t1_sim:[63177. 63369. 61115.] t2_sim:[61780. 61509. 63924.]
Task is 10.00% complete.
t1_sim:[58494. 58950. 60428.] t2_sim:[58421. 58225. 59571.]
Task is 11.00% complete.
t1_sim:[63655. 63398. 61467.] t2_sim:[57420. 57400. 59007.]
Task is 12.00% complete.
t1_sim:[60719. 60660. 63130.] t2_sim:[59608. 59117. 56817.]
Task is 13.00% complete.
t1_sim:[57963. 58061. 59268.] t2_sim:[60118. 60612. 59311.]
Task is 14.00% complete.
t1_sim:[60993. 61133. 59853.] t2_sim:[62245. 61970. 61979.]
Task is 15.00% complete.
t1_sim:[65568. 65267. 67497.] t2_sim:[58068. 58018. 57600.]
Task is 16.00% complete.
t1_sim:[63706. 63755. 63982.] t2_sim:[59929. 60117. 60296.]
Task is 17.00% complete.
t1_sim:[60548. 60374. 60790.] t2_sim:[60646. 60314. 59861.]
Task is 18.00% complete.
t1_sim:[64172. 64413. 64684.] t2_sim:[64975. 65113. 65813.]
Task is 19.00% complete.
t1_sim:[65542. 65961. 65797.] t2_sim:[68250. 68373. 68009.]
Task is 20.00% complete.
t1_sim:[63921. 63985. 62200.] t2_sim:[64454. 64411. 61759.]
Task is 21.00% complete.
t1_sim:[67584. 67752. 69167.] t2_sim:[60588. 60688. 61459.]
Task is 22.00% complete.
t1_sim:[63678. 63585. 63544.] t2_sim:[64259. 64151. 66097.]
Task is 23.00% complete.
t1_sim:[61656. 61735. 59231.] t2_sim:[64890. 65005. 65087.]
Task is 24.00% complete.
t1_sim:[65523. 65727. 64152.] t2_sim:[62892. 62750. 62029.]
Task is 25.00% complete.
t1_sim:[65897. 65978. 66058.] t2_sim:[63322. 63462. 62757.]
Task is 26.00% complete.
t1_sim:[65368. 65304. 64675.] t2_sim:[61856. 61745. 62214.]
Task is 27.00% complete.
t1_sim:[62255. 62699. 65536.] t2_sim:[65361. 65509. 60997.]
Task is 28.00% complete.
t1_sim:[62741. 62847. 61218.] t2_sim:[61283. 61301. 62772.]
Task is 29.00% complete.
t1_sim:[61534. 61621. 60487.] t2_sim:[61908. 61937. 61320.]
Task is 30.00% complete.
t1_sim:[58168. 57834. 58143.] t2_sim:[62754. 63052. 64089.]
Task is 31.00% complete.
t1_sim:[60946. 61208. 63389.] t2_sim:[64169. 64099. 65622.]
Task is 32.00% complete.
t1_sim:[60594. 60427. 60005.] t2_sim:[64756. 64671. 65549.]
Task is 33.00% complete.
t1_sim:[66423. 66260. 66111.] t2_sim:[63099. 63066. 64484.]
Task is 34.00% complete.
t1_sim:[66871. 66646. 67584.] t2_sim:[62447. 62532. 63452.]
Task is 35.00% complete.
t1_sim:[61204. 61450. 63857.] t2_sim:[65070. 65413. 65113.]
Task is 36.00% complete.
t1_sim:[65795. 65526. 67068.] t2_sim:[60172. 60004. 63561.]
Task is 37.00% complete.
t1_sim:[62109. 61539. 62331.] t2_sim:[59520. 59279. 57468.]
Task is 38.00% complete.
t1_sim:[61493. 61159. 61267.] t2_sim:[64064. 64236. 65936.]
Task is 39.00% complete.
t1_sim:[59762. 59806. 61071.] t2_sim:[63122. 63214. 63228.]
Task is 40.00% complete.
t1_sim:[60601. 60496. 61064.] t2_sim:[61068. 60992. 62425.]
Task is 41.00% complete.
t1_sim:[68347. 68624. 70540.] t2_sim:[61368. 61584. 63559.]
Task is 42.00% complete.
t1_sim:[65151. 64603. 63422.] t2_sim:[65741. 65453. 66074.]
Task is 43.00% complete.
t1_sim:[65852. 66064. 67251.] t2_sim:[67926. 67603. 68348.]
Task is 44.00% complete.
t1_sim:[62273. 62157. 64331.] t2_sim:[65056. 65078. 68153.]
Task is 45.00% complete.
t1_sim:[67018. 66901. 69902.] t2_sim:[69243. 69583. 68918.]
Task is 46.00% complete.
t1_sim:[63342. 63067. 63799.] t2_sim:[58911. 59043. 56915.]
Task is 47.00% complete.
t1_sim:[54579. 54673. 56544.] t2_sim:[64364. 64586. 65896.]
Task is 48.00% complete.
t1_sim:[59220. 59672. 61247.] t2_sim:[64106. 64257. 61561.]
Task is 49.00% complete.
t1_sim:[63173. 63073. 63632.] t2_sim:[64673. 64056. 63987.]
Task is 50.00% complete.
t1_sim:[60667. 60802. 61699.] t2_sim:[58880. 58414. 57233.]
Task is 51.00% complete.
t1_sim:[62794. 62647. 61034.] t2_sim:[64009. 63978. 65897.]
Task is 52.00% complete.
t1_sim:[61464. 62035. 62741.] t2_sim:[58718. 58897. 61374.]
Task is 53.00% complete.
t1_sim:[59269. 59153. 60200.] t2_sim:[61430. 61303. 61837.]
Task is 54.00% complete.
t1_sim:[58224. 58293. 58595.] t2_sim:[60877. 60728. 59333.]
Task is 55.00% complete.
t1_sim:[63007. 63143. 62263.] t2_sim:[70969. 71160. 73932.]
Task is 56.00% complete.
t1_sim:[63967. 63939. 65924.] t2_sim:[64678. 64419. 63761.]
Task is 57.00% complete.
t1_sim:[58965. 59579. 61497.] t2_sim:[63522. 63250. 65017.]
Task is 58.00% complete.
t1_sim:[61373. 61533. 63975.] t2_sim:[61631. 62013. 62925.]
Task is 59.00% complete.
t1_sim:[61039. 61084. 60271.] t2_sim:[58157. 58248. 59685.]
Task is 60.00% complete.
t1_sim:[65196. 64889. 63748.] t2_sim:[67174. 67509. 65462.]
Task is 61.00% complete.
t1_sim:[61391. 60975. 61876.] t2_sim:[63757. 63529. 61404.]
Task is 62.00% complete.
t1_sim:[59275. 59268. 59660.] t2_sim:[69617. 69970. 72620.]
Task is 63.00% complete.
t1_sim:[63574. 63519. 65438.] t2_sim:[63663. 64026. 64202.]
Task is 64.00% complete.
t1_sim:[69352. 69518. 69094.] t2_sim:[67515. 67499. 68528.]
Task is 65.00% complete.
t1_sim:[65342. 65020. 62978.] t2_sim:[65177. 64777. 62181.]
Task is 66.00% complete.
t1_sim:[65757. 65847. 67173.] t2_sim:[67614. 67475. 65102.]
Task is 67.00% complete.
t1_sim:[65154. 65031. 64067.] t2_sim:[57357. 57078. 52500.]
Task is 68.00% complete.
t1_sim:[65536. 65663. 67188.] t2_sim:[66438. 66707. 66195.]
Task is 69.00% complete.
t1_sim:[57461. 57714. 60243.] t2_sim:[59625. 59483. 60142.]
Task is 70.00% complete.
t1_sim:[62011. 61621. 60793.] t2_sim:[64802. 64508. 65910.]
Task is 71.00% complete.
t1_sim:[61644. 62021. 61391.] t2_sim:[64164. 64137. 63353.]
Task is 72.00% complete.
t1_sim:[62014. 61889. 62922.] t2_sim:[64774. 64135. 62944.]
Task is 73.00% complete.
t1_sim:[62827. 62669. 63471.] t2_sim:[61074. 60901. 63621.]
Task is 74.00% complete.
t1_sim:[60986. 60957. 61994.] t2_sim:[65121. 64884. 65055.]
Task is 75.00% complete.
t1_sim:[59129. 59293. 60293.] t2_sim:[64534. 64623. 61512.]
Task is 76.00% complete.
t1_sim:[65137. 64805. 64436.] t2_sim:[64475. 64646. 63202.]
Task is 77.00% complete.
t1_sim:[61460. 61735. 61552.] t2_sim:[67673. 67826. 68965.]
Task is 78.00% complete.
t1_sim:[64743. 64732. 62399.] t2_sim:[64389. 64713. 66365.]
Task is 79.00% complete.
t1_sim:[68854. 69023. 67917.] t2_sim:[60611. 60325. 60665.]
Task is 80.00% complete.
t1_sim:[65454. 65519. 65313.] t2_sim:[67970. 68334. 67989.]
Task is 81.00% complete.
t1_sim:[60319. 60639. 61297.] t2_sim:[67021. 66849. 65182.]
Task is 82.00% complete.
t1_sim:[64560. 64001. 63660.] t2_sim:[60376. 60260. 60416.]
Task is 83.00% complete.
t1_sim:[62174. 61915. 63155.] t2_sim:[63902. 64183. 66476.]
Task is 84.00% complete.
t1_sim:[60648. 60426. 64014.] t2_sim:[59018. 58521. 59636.]
Task is 85.00% complete.
t1_sim:[66146. 66051. 64495.] t2_sim:[63208. 63261. 63094.]
Task is 86.00% complete.
t1_sim:[64558. 64398. 63158.] t2_sim:[62855. 62876. 63438.]
Task is 87.00% complete.
t1_sim:[63101. 63485. 64764.] t2_sim:[67035. 67413. 68305.]
Task is 88.00% complete.
t1_sim:[60483. 60496. 60768.] t2_sim:[61043. 60835. 60072.]
Task is 89.00% complete.
t1_sim:[62434. 62714. 61001.] t2_sim:[63904. 64078. 62080.]
Task is 90.00% complete.
t1_sim:[59946. 60413. 62778.] t2_sim:[69367. 69088. 68734.]
Task is 91.00% complete.
t1_sim:[63860. 64507. 63374.] t2_sim:[62211. 62520. 63480.]
Task is 92.00% complete.
t1_sim:[70221. 69793. 68685.] t2_sim:[59351. 59018. 57284.]
Task is 93.00% complete.
t1_sim:[67417. 67478. 65464.] t2_sim:[62008. 62246. 60519.]
Task is 94.00% complete.
t1_sim:[57827. 57671. 57437.] t2_sim:[59018. 59390. 58449.]
Task is 95.00% complete.
t1_sim:[62753. 62757. 61888.] t2_sim:[55607. 55736. 56374.]
Task is 96.00% complete.
t1_sim:[67056. 67116. 67173.] t2_sim:[66642. 66854. 68418.]
Task is 97.00% complete.
t1_sim:[62292. 62238. 63680.] t2_sim:[66827. 67121. 67187.]
Task is 98.00% complete.
t1_sim:[67033. 66873. 65611.] t2_sim:[56600. 56238. 54617.]
Task is 99.00% complete.
t1_sim:[66117. 66027. 64305.] t2_sim:[66647. 66443. 63592.]
Finished
