/scratch/jz4721/Post-prediction-Causal-Inference/venv/lib/python3.8/site-packages/numpy/core/getlimits.py:518: UserWarning: The value of the smallest subnormal for <class 'numpy.float64'> type is zero.
  setattr(self, word, getattr(machar, word).flat[0])
/scratch/jz4721/Post-prediction-Causal-Inference/venv/lib/python3.8/site-packages/numpy/core/getlimits.py:89: UserWarning: The value of the smallest subnormal for <class 'numpy.float64'> type is zero.
  return self._float_to_str(self.smallest_subnormal)
/scratch/jz4721/Post-prediction-Causal-Inference/venv/lib/python3.8/site-packages/numpy/core/getlimits.py:518: UserWarning: The value of the smallest subnormal for <class 'numpy.float32'> type is zero.
  setattr(self, word, getattr(machar, word).flat[0])
/scratch/jz4721/Post-prediction-Causal-Inference/venv/lib/python3.8/site-packages/numpy/core/getlimits.py:89: UserWarning: The value of the smallest subnormal for <class 'numpy.float32'> type is zero.
  return self._float_to_str(self.smallest_subnormal)
Training start
t1_obs:[array(52576.), array(52758.), array(54214.)] t2_obs:[array(67400.), array(67056.), array(63167.)]
corr_G1:[None, None, 0] corr_G2:[None, None, 3.4229704100123946e-17]
Training end
Task is 0.00% complete.
t1_sim:[68742. 68781. 62431.] t2_sim:[61048. 60871. 60399.]
Task is 1.00% complete.
t1_sim:[57239. 57206. 58951.] t2_sim:[65287. 65325. 66852.]
Task is 2.00% complete.
t1_sim:[61459. 61466. 61562.] t2_sim:[62484. 62808. 64226.]
Task is 3.00% complete.
t1_sim:[64776. 64970. 64949.] t2_sim:[65232. 64605. 63798.]
Task is 4.00% complete.
t1_sim:[62782. 62677. 68187.] t2_sim:[66074. 65782. 65620.]
Task is 5.00% complete.
t1_sim:[62902. 62724. 65951.] t2_sim:[62193. 62672. 62264.]
Task is 6.00% complete.
t1_sim:[64825. 64614. 63861.] t2_sim:[68251. 68034. 69395.]
Task is 7.00% complete.
t1_sim:[62282. 62545. 64263.] t2_sim:[66881. 66292. 68402.]
Task is 8.00% complete.
t1_sim:[64147. 64595. 61190.] t2_sim:[64708. 64660. 63185.]
Task is 9.00% complete.
t1_sim:[63056. 62904. 66455.] t2_sim:[65412. 65103. 63656.]
Task is 10.00% complete.
t1_sim:[59859. 59827. 61660.] t2_sim:[57366. 56951. 59683.]
Task is 11.00% complete.
t1_sim:[63598. 63524. 62376.] t2_sim:[63595. 63555. 62973.]
Task is 12.00% complete.
t1_sim:[59734. 60140. 59639.] t2_sim:[65515. 65483. 66477.]
Task is 13.00% complete.
t1_sim:[58542. 57996. 61644.] t2_sim:[61177. 60987. 62150.]
Task is 14.00% complete.
t1_sim:[61974. 61784. 64705.] t2_sim:[60995. 61081. 64493.]
Task is 15.00% complete.
t1_sim:[63877. 64167. 64747.] t2_sim:[61113. 60890. 60318.]
Task is 16.00% complete.
t1_sim:[62712. 62955. 61384.] t2_sim:[64534. 65115. 65151.]
Task is 17.00% complete.
t1_sim:[62565. 62300. 65359.] t2_sim:[60951. 60747. 60900.]
Task is 18.00% complete.
t1_sim:[59096. 59160. 64212.] t2_sim:[60619. 60641. 63611.]
Task is 19.00% complete.
t1_sim:[62282. 62079. 59640.] t2_sim:[61356. 61103. 61088.]
Task is 20.00% complete.
t1_sim:[65597. 65998. 62846.] t2_sim:[61203. 61059. 59911.]
Task is 21.00% complete.
t1_sim:[61026. 61371. 59505.] t2_sim:[65546. 65553. 65346.]
Task is 22.00% complete.
t1_sim:[64776. 65018. 65254.] t2_sim:[63825. 64268. 64190.]
Task is 23.00% complete.
t1_sim:[61786. 61837. 60772.] t2_sim:[62565. 62358. 66131.]
Task is 24.00% complete.
t1_sim:[63349. 62876. 67312.] t2_sim:[60499. 60349. 62059.]
Task is 25.00% complete.
t1_sim:[62041. 61856. 58377.] t2_sim:[66723. 66339. 66718.]
Task is 26.00% complete.
t1_sim:[62001. 62269. 60972.] t2_sim:[58710. 58801. 59562.]
Task is 27.00% complete.
t1_sim:[66052. 66162. 67922.] t2_sim:[63095. 63335. 61209.]
Task is 28.00% complete.
t1_sim:[62610. 62735. 61243.] t2_sim:[67611. 67406. 66742.]
Task is 29.00% complete.
t1_sim:[65308. 65137. 60620.] t2_sim:[62700. 62593. 61470.]
Task is 30.00% complete.
t1_sim:[60585. 60567. 60263.] t2_sim:[67791. 67969. 71732.]
Task is 31.00% complete.
t1_sim:[57383. 57760. 61609.] t2_sim:[62431. 62763. 61999.]
Task is 32.00% complete.
t1_sim:[65076. 64957. 66144.] t2_sim:[59424. 59951. 59824.]
Task is 33.00% complete.
t1_sim:[67705. 67829. 62841.] t2_sim:[62965. 62914. 63116.]
Task is 34.00% complete.
t1_sim:[62404. 62602. 61854.] t2_sim:[61112. 61651. 59884.]
Task is 35.00% complete.
t1_sim:[68605. 68686. 63649.] t2_sim:[58720. 58873. 59922.]
Task is 36.00% complete.
t1_sim:[68691. 68717. 68090.] t2_sim:[65660. 65796. 65117.]
Task is 37.00% complete.
t1_sim:[61832. 61512. 64228.] t2_sim:[65096. 65555. 65611.]
Task is 38.00% complete.
t1_sim:[62728. 62724. 64344.] t2_sim:[64866. 64712. 63111.]
Task is 39.00% complete.
t1_sim:[63747. 64061. 62439.] t2_sim:[64015. 64000. 64234.]
Task is 40.00% complete.
t1_sim:[59810. 60220. 63977.] t2_sim:[64982. 65264. 65126.]
Task is 41.00% complete.
t1_sim:[59265. 58964. 59653.] t2_sim:[61470. 61385. 65337.]
Task is 42.00% complete.
t1_sim:[64033. 64426. 65190.] t2_sim:[60952. 60733. 59326.]
Task is 43.00% complete.
t1_sim:[64064. 64104. 62991.] t2_sim:[65834. 65710. 62032.]
Task is 44.00% complete.
t1_sim:[64014. 64026. 60484.] t2_sim:[51919. 51546. 56617.]
Task is 45.00% complete.
t1_sim:[60847. 61118. 62875.] t2_sim:[61424. 61394. 63927.]
Task is 46.00% complete.
t1_sim:[58922. 58432. 59425.] t2_sim:[68733. 68695. 65348.]
Task is 47.00% complete.
t1_sim:[62149. 62136. 64761.] t2_sim:[68160. 68515. 69507.]
Task is 48.00% complete.
t1_sim:[61993. 62131. 61258.] t2_sim:[60430. 61033. 62501.]
Task is 49.00% complete.
t1_sim:[60085. 60072. 59744.] t2_sim:[65833. 66048. 65174.]
Task is 50.00% complete.
t1_sim:[61613. 61882. 63465.] t2_sim:[60844. 60982. 61481.]
Task is 51.00% complete.
t1_sim:[64658. 64459. 61619.] t2_sim:[62917. 62743. 65835.]
Task is 52.00% complete.
t1_sim:[61291. 61005. 64074.] t2_sim:[64526. 64571. 63483.]
Task is 53.00% complete.
t1_sim:[63511. 63880. 61317.] t2_sim:[66927. 67099. 67544.]
Task is 54.00% complete.
t1_sim:[64944. 64567. 64761.] t2_sim:[61243. 61510. 59688.]
Task is 55.00% complete.
t1_sim:[61256. 61044. 62699.] t2_sim:[54012. 54271. 58474.]
Task is 56.00% complete.
t1_sim:[61196. 60976. 60184.] t2_sim:[68801. 69022. 66835.]
Task is 57.00% complete.
t1_sim:[64985. 64774. 62464.] t2_sim:[63758. 63803. 62697.]
Task is 58.00% complete.
t1_sim:[62348. 62348. 60887.] t2_sim:[63626. 63123. 62354.]
Task is 59.00% complete.
t1_sim:[63343. 63061. 63531.] t2_sim:[68206. 68222. 68704.]
Task is 60.00% complete.
t1_sim:[65947. 66021. 67627.] t2_sim:[58911. 58972. 57892.]
Task is 61.00% complete.
t1_sim:[58975. 59081. 62905.] t2_sim:[60924. 60966. 65058.]
Task is 62.00% complete.
t1_sim:[65088. 64946. 63744.] t2_sim:[61690. 61785. 58139.]
Task is 63.00% complete.
t1_sim:[59947. 60139. 63307.] t2_sim:[68644. 68701. 66765.]
Task is 64.00% complete.
t1_sim:[60497. 60578. 62000.] t2_sim:[64573. 64520. 60267.]
Task is 65.00% complete.
t1_sim:[54268. 53933. 60490.] t2_sim:[64795. 64954. 66105.]
Task is 66.00% complete.
t1_sim:[62166. 62379. 62178.] t2_sim:[63337. 63243. 63585.]
Task is 67.00% complete.
t1_sim:[59978. 59821. 61302.] t2_sim:[61653. 61368. 63095.]
Task is 68.00% complete.
t1_sim:[66235. 66295. 65733.] t2_sim:[63386. 63102. 61231.]
Task is 69.00% complete.
t1_sim:[60295. 59843. 63573.] t2_sim:[58632. 58152. 57899.]
Task is 70.00% complete.
t1_sim:[58686. 58629. 60119.] t2_sim:[62556. 62663. 64204.]
Task is 71.00% complete.
t1_sim:[57420. 57500. 58524.] t2_sim:[62732. 63160. 63391.]
Task is 72.00% complete.
t1_sim:[66600. 66278. 64276.] t2_sim:[64080. 64228. 66548.]
Task is 73.00% complete.
t1_sim:[59126. 58760. 60438.] t2_sim:[62620. 62645. 63630.]
Task is 74.00% complete.
t1_sim:[64757. 65236. 62674.] t2_sim:[66041. 66099. 66047.]
Task is 75.00% complete.
t1_sim:[65729. 65187. 63166.] t2_sim:[63286. 63138. 64310.]
Task is 76.00% complete.
t1_sim:[63309. 63652. 66126.] t2_sim:[67352. 67391. 67313.]
Task is 77.00% complete.
t1_sim:[60285. 60208. 62856.] t2_sim:[59839. 59432. 61336.]
Task is 78.00% complete.
t1_sim:[66724. 66900. 69176.] t2_sim:[56305. 55885. 55343.]
Task is 79.00% complete.
t1_sim:[62485. 62233. 60979.] t2_sim:[66831. 66542. 64913.]
Task is 80.00% complete.
t1_sim:[61821. 61945. 64015.] t2_sim:[62461. 62751. 64978.]
Task is 81.00% complete.
t1_sim:[62560. 62612. 63821.] t2_sim:[65562. 65988. 65801.]
Task is 82.00% complete.
t1_sim:[60407. 60846. 62569.] t2_sim:[65494. 64941. 65466.]
Task is 83.00% complete.
t1_sim:[60297. 60193. 59239.] t2_sim:[65586. 65853. 63137.]
Task is 84.00% complete.
t1_sim:[66374. 66269. 69458.] t2_sim:[64859. 64912. 64526.]
Task is 85.00% complete.
t1_sim:[69210. 69039. 67478.] t2_sim:[64641. 64478. 65614.]
Task is 86.00% complete.
t1_sim:[66497. 66942. 70223.] t2_sim:[65443. 65358. 65273.]
Task is 87.00% complete.
t1_sim:[59682. 59356. 58961.] t2_sim:[60215. 60155. 63319.]
Task is 88.00% complete.
t1_sim:[69454. 69010. 67011.] t2_sim:[60787. 61099. 62319.]
Task is 89.00% complete.
t1_sim:[65441. 65196. 63785.] t2_sim:[64750. 64795. 58902.]
Task is 90.00% complete.
t1_sim:[65245. 65112. 66347.] t2_sim:[59507. 59466. 57336.]
Task is 91.00% complete.
t1_sim:[64557. 64716. 62949.] t2_sim:[63904. 64318. 65339.]
Task is 92.00% complete.
t1_sim:[62962. 63091. 66911.] t2_sim:[57241. 57729. 63683.]
Task is 93.00% complete.
t1_sim:[61799. 62120. 60066.] t2_sim:[63382. 63517. 64481.]
Task is 94.00% complete.
t1_sim:[64736. 64917. 63329.] t2_sim:[61827. 61907. 62126.]
Task is 95.00% complete.
t1_sim:[62164. 62510. 60906.] t2_sim:[58106. 58418. 58381.]
Task is 96.00% complete.
t1_sim:[68928. 69510. 68355.] t2_sim:[62979. 62761. 63346.]
Task is 97.00% complete.
t1_sim:[61128. 60952. 62910.] t2_sim:[70549. 70792. 68236.]
Task is 98.00% complete.
t1_sim:[61824. 61941. 57064.] t2_sim:[68637. 68419. 67321.]
Task is 99.00% complete.
t1_sim:[63184. 63302. 66404.] t2_sim:[64248. 63795. 59404.]
Training start
t1_obs:[array(52576.), array(52758.), array(53098.)] t2_obs:[array(67400.), array(67056.), array(64367.)]
corr_G1:[None, None, 0.9815858331975005] corr_G2:[None, None, 0.9999534996064798]
Training end
Task is 0.00% complete.
t1_sim:[56626. 56488. 56882.] t2_sim:[59770. 59541. 60276.]
Task is 1.00% complete.
t1_sim:[65077. 64910. 62480.] t2_sim:[61717. 61251. 60565.]
Task is 2.00% complete.
t1_sim:[63139. 63555. 62457.] t2_sim:[61219. 61102. 61737.]
Task is 3.00% complete.
t1_sim:[62074. 62299. 62046.] t2_sim:[62502. 62436. 61237.]
Task is 4.00% complete.
t1_sim:[61730. 61511. 62126.] t2_sim:[60474. 60534. 60246.]
Task is 5.00% complete.
t1_sim:[67839. 67773. 67203.] t2_sim:[63013. 63254. 63211.]
Task is 6.00% complete.
t1_sim:[64616. 64450. 63265.] t2_sim:[62888. 62873. 63345.]
Task is 7.00% complete.
t1_sim:[68035. 67546. 66566.] t2_sim:[62777. 63257. 63520.]
Task is 8.00% complete.
t1_sim:[67011. 67158. 66174.] t2_sim:[61744. 62270. 62176.]
Task is 9.00% complete.
t1_sim:[63673. 63856. 64058.] t2_sim:[63925. 63642. 63839.]
Task is 10.00% complete.
t1_sim:[58559. 58086. 57755.] t2_sim:[63425. 63470. 63449.]
Task is 11.00% complete.
t1_sim:[63904. 64213. 63629.] t2_sim:[62577. 62827. 64793.]
Task is 12.00% complete.
t1_sim:[56472. 56828. 57931.] t2_sim:[58700. 59008. 60571.]
Task is 13.00% complete.
t1_sim:[62102. 61868. 58770.] t2_sim:[61164. 60774. 63730.]
Task is 14.00% complete.
t1_sim:[62306. 62398. 61376.] t2_sim:[54844. 55339. 54331.]
Task is 15.00% complete.
t1_sim:[56738. 57119. 55747.] t2_sim:[65827. 66154. 68334.]
Task is 16.00% complete.
t1_sim:[64078. 64177. 62382.] t2_sim:[61172. 60512. 59670.]
Task is 17.00% complete.
t1_sim:[62301. 62348. 61624.] t2_sim:[60100. 60457. 62097.]
Task is 18.00% complete.
t1_sim:[66272. 66371. 65823.] t2_sim:[60064. 60208. 62542.]
Task is 19.00% complete.
t1_sim:[60796. 61082. 59322.] t2_sim:[63600. 63554. 63724.]
Task is 20.00% complete.
t1_sim:[65708. 65648. 67779.] t2_sim:[60218. 59851. 61756.]
Task is 21.00% complete.
t1_sim:[56877. 56956. 57192.] t2_sim:[63908. 63827. 65386.]
Task is 22.00% complete.
t1_sim:[59748. 60043. 59580.] t2_sim:[65474. 65688. 64727.]
Task is 23.00% complete.
t1_sim:[63642. 63386. 65970.] t2_sim:[56816. 56420. 57729.]
Task is 24.00% complete.
t1_sim:[64814. 65028. 65526.] t2_sim:[70126. 70222. 68899.]
Task is 25.00% complete.
t1_sim:[64196. 64229. 65423.] t2_sim:[64090. 63922. 66121.]
Task is 26.00% complete.
t1_sim:[64000. 63552. 64338.] t2_sim:[60791. 60921. 58436.]
Task is 27.00% complete.
t1_sim:[62616. 62590. 62662.] t2_sim:[60378. 60610. 60216.]
Task is 28.00% complete.
t1_sim:[66869. 66594. 64823.] t2_sim:[60727. 60517. 59153.]
Task is 29.00% complete.
t1_sim:[63401. 63297. 62791.] t2_sim:[62187. 62184. 61803.]
Task is 30.00% complete.
t1_sim:[60767. 60938. 61654.] t2_sim:[66297. 66088. 68371.]
Task is 31.00% complete.
t1_sim:[69483. 69356. 69481.] t2_sim:[65721. 65358. 66469.]
Task is 32.00% complete.
t1_sim:[66858. 66898. 66985.] t2_sim:[67571. 67057. 64948.]
Task is 33.00% complete.
t1_sim:[65706. 65674. 63245.] t2_sim:[59786. 60136. 61733.]
Task is 34.00% complete.
t1_sim:[66288. 66022. 65764.] t2_sim:[63544. 63683. 63535.]
Task is 35.00% complete.
t1_sim:[66287. 66486. 68767.] t2_sim:[59249. 59347. 61130.]
Task is 36.00% complete.
t1_sim:[60778. 60840. 59800.] t2_sim:[64048. 64212. 65584.]
Task is 37.00% complete.
t1_sim:[64949. 64583. 63946.] t2_sim:[59092. 58965. 57794.]
Task is 38.00% complete.
t1_sim:[66323. 66505. 66381.] t2_sim:[59436. 60052. 62959.]
Task is 39.00% complete.
t1_sim:[64142. 63845. 62535.] t2_sim:[71971. 72122. 70287.]
Task is 40.00% complete.
t1_sim:[62438. 62626. 63226.] t2_sim:[64160. 63539. 64784.]
Task is 41.00% complete.
t1_sim:[62792. 62561. 62381.] t2_sim:[62224. 62287. 61769.]
Task is 42.00% complete.
t1_sim:[60498. 60346. 63822.] t2_sim:[67375. 67468. 66480.]
Task is 43.00% complete.
t1_sim:[65302. 65339. 65269.] t2_sim:[62710. 62812. 63900.]
Task is 44.00% complete.
t1_sim:[56040. 55762. 55677.] t2_sim:[60917. 61167. 61141.]
Task is 45.00% complete.
t1_sim:[61055. 61460. 58840.] t2_sim:[70038. 69660. 68258.]
Task is 46.00% complete.
t1_sim:[63754. 63573. 62576.] t2_sim:[61325. 61042. 63525.]
Task is 47.00% complete.
t1_sim:[67459. 67267. 67507.] t2_sim:[63046. 62751. 63064.]
Task is 48.00% complete.
t1_sim:[63775. 63934. 65343.] t2_sim:[64489. 64752. 64790.]
Task is 49.00% complete.
t1_sim:[63583. 63663. 62640.] t2_sim:[64184. 64113. 63507.]
Task is 50.00% complete.
t1_sim:[60604. 60361. 60863.] t2_sim:[58461. 58920. 58816.]
Task is 51.00% complete.
t1_sim:[63415. 62647. 63452.] t2_sim:[63346. 63244. 62088.]
Task is 52.00% complete.
t1_sim:[65162. 65293. 67211.] t2_sim:[59658. 59797. 58300.]
Task is 53.00% complete.
t1_sim:[64883. 65307. 63810.] t2_sim:[61882. 62298. 63196.]
Task is 54.00% complete.
t1_sim:[65389. 65175. 64529.] t2_sim:[59009. 59217. 62573.]
Task is 55.00% complete.
t1_sim:[61487. 61052. 62032.] t2_sim:[66663. 66749. 64924.]
Task is 56.00% complete.
t1_sim:[60279. 60535. 62166.] t2_sim:[62270. 62397. 63267.]
Task is 57.00% complete.
t1_sim:[54984. 55618. 56358.] t2_sim:[57470. 57490. 58314.]
Task is 58.00% complete.
t1_sim:[65349. 65566. 65190.] t2_sim:[66063. 66303. 68421.]
Task is 59.00% complete.
t1_sim:[59544. 59657. 60561.] t2_sim:[62551. 62466. 64550.]
Task is 60.00% complete.
t1_sim:[57614. 57697. 54999.] t2_sim:[56693. 56247. 57785.]
Task is 61.00% complete.
t1_sim:[60662. 60680. 62570.] t2_sim:[64378. 64001. 65221.]
Task is 62.00% complete.
t1_sim:[60164. 60183. 62038.] t2_sim:[64682. 64481. 65447.]
Task is 63.00% complete.
t1_sim:[59964. 60214. 59104.] t2_sim:[66313. 66506. 65691.]
Task is 64.00% complete.
t1_sim:[60427. 60024. 61657.] t2_sim:[62212. 62196. 62071.]
Task is 65.00% complete.
t1_sim:[57696. 57781. 56364.] t2_sim:[70742. 71138. 69834.]
Task is 66.00% complete.
t1_sim:[61058. 60732. 59831.] t2_sim:[60636. 60715. 58790.]
Task is 67.00% complete.
t1_sim:[63002. 63041. 61980.] t2_sim:[64448. 65461. 63013.]
Task is 68.00% complete.
t1_sim:[59239. 59124. 57388.] t2_sim:[65998. 66361. 64791.]
Task is 69.00% complete.
t1_sim:[61704. 61634. 61349.] t2_sim:[60470. 59622. 58363.]
Task is 70.00% complete.
t1_sim:[66735. 66888. 65433.] t2_sim:[62366. 63117. 62999.]
Task is 71.00% complete.
t1_sim:[57484. 57444. 59141.] t2_sim:[59624. 59822. 61615.]
Task is 72.00% complete.
t1_sim:[62075. 62333. 61770.] t2_sim:[61011. 61181. 62800.]
Task is 73.00% complete.
t1_sim:[63675. 63776. 64023.] t2_sim:[64002. 63877. 64558.]
Task is 74.00% complete.
t1_sim:[63692. 63706. 61677.] t2_sim:[68273. 68575. 70252.]
Task is 75.00% complete.
t1_sim:[62614. 62672. 60664.] t2_sim:[63800. 63791. 66119.]
Task is 76.00% complete.
t1_sim:[62823. 63110. 63118.] t2_sim:[58088. 58385. 57041.]
Task is 77.00% complete.
t1_sim:[74213. 73641. 71662.] t2_sim:[71718. 71636. 70000.]
Task is 78.00% complete.
t1_sim:[60253. 60354. 60680.] t2_sim:[59852. 59515. 57067.]
Task is 79.00% complete.
t1_sim:[66000. 65979. 66986.] t2_sim:[61468. 61168. 61709.]
Task is 80.00% complete.
t1_sim:[56107. 56128. 55057.] t2_sim:[62211. 62139. 61276.]
Task is 81.00% complete.
t1_sim:[61747. 61330. 62266.] t2_sim:[55120. 55396. 56911.]
Task is 82.00% complete.
t1_sim:[63640. 63329. 62063.] t2_sim:[59875. 59683. 59462.]
Task is 83.00% complete.
t1_sim:[60385. 60215. 59638.] t2_sim:[60420. 60393. 59966.]
Task is 84.00% complete.
t1_sim:[61082. 61693. 61275.] t2_sim:[62535. 62282. 59582.]
Task is 85.00% complete.
t1_sim:[62599. 62595. 64536.] t2_sim:[62021. 61852. 61447.]
Task is 86.00% complete.
t1_sim:[60302. 60995. 61034.] t2_sim:[61871. 62088. 61754.]
Task is 87.00% complete.
t1_sim:[62265. 62676. 64133.] t2_sim:[68428. 67872. 65569.]
Task is 88.00% complete.
t1_sim:[62503. 62253. 60585.] t2_sim:[64300. 64039. 65422.]
Task is 89.00% complete.
t1_sim:[61965. 62138. 60833.] t2_sim:[65035. 64601. 66325.]
Task is 90.00% complete.
t1_sim:[65320. 65167. 67179.] t2_sim:[60319. 60728. 58654.]
Task is 91.00% complete.
t1_sim:[61463. 61291. 62538.] t2_sim:[60546. 60692. 62533.]
Task is 92.00% complete.
t1_sim:[59193. 59373. 58423.] t2_sim:[59982. 59917. 58726.]
Task is 93.00% complete.
t1_sim:[63618. 63266. 62218.] t2_sim:[58700. 58678. 58570.]
Task is 94.00% complete.
t1_sim:[60434. 60534. 58731.] t2_sim:[59130. 59477. 61144.]
Task is 95.00% complete.
t1_sim:[58843. 58893. 59258.] t2_sim:[64891. 64954. 62709.]
Task is 96.00% complete.
t1_sim:[67756. 67801. 67416.] t2_sim:[66634. 66360. 65720.]
Task is 97.00% complete.
t1_sim:[65599. 65827. 66696.] t2_sim:[62627. 62120. 60506.]
Task is 98.00% complete.
t1_sim:[62328. 61836. 60000.] t2_sim:[61336. 61008. 60904.]
Task is 99.00% complete.
t1_sim:[63717. 63686. 61632.] t2_sim:[61134. 61100. 61625.]
Training start
t1_obs:[array(52576.), array(52758.), array(53919.)] t2_obs:[array(67400.), array(67056.), array(64313.)]
corr_G1:[None, None, 0.08219990676000993] corr_G2:[None, None, 0.03626162047954098]
Training end
Task is 0.00% complete.
t1_sim:[65004. 65005. 64068.] t2_sim:[64042. 63857. 63473.]
Task is 1.00% complete.
t1_sim:[65814. 65938. 65633.] t2_sim:[61465. 61595. 60676.]
Task is 2.00% complete.
t1_sim:[62752. 62693. 62526.] t2_sim:[67640. 67352. 65455.]
Task is 3.00% complete.
t1_sim:[59492. 59079. 61637.] t2_sim:[67073. 66706. 65340.]
Task is 4.00% complete.
t1_sim:[62931. 62905. 63349.] t2_sim:[58945. 58615. 56790.]
Task is 5.00% complete.
t1_sim:[59385. 59136. 58807.] t2_sim:[62881. 62695. 61852.]
Task is 6.00% complete.
t1_sim:[64582. 64859. 64057.] t2_sim:[64125. 64043. 64018.]
Task is 7.00% complete.
t1_sim:[57633. 57615. 57392.] t2_sim:[60572. 60016. 59190.]
Task is 8.00% complete.
t1_sim:[58900. 58682. 56385.] t2_sim:[61363. 61350. 61120.]
Task is 9.00% complete.
t1_sim:[66349. 66397. 65572.] t2_sim:[60838. 60722. 59650.]
Task is 10.00% complete.
t1_sim:[56558. 56343. 57568.] t2_sim:[62275. 62518. 63301.]
Task is 11.00% complete.
t1_sim:[60481. 60546. 58824.] t2_sim:[58755. 59009. 58504.]
Task is 12.00% complete.
t1_sim:[66136. 66358. 63455.] t2_sim:[59301. 59226. 60113.]
Task is 13.00% complete.
t1_sim:[58840. 58559. 60323.] t2_sim:[60449. 60532. 58886.]
Task is 14.00% complete.
t1_sim:[55880. 55977. 57476.] t2_sim:[67945. 67354. 67681.]
Task is 15.00% complete.
t1_sim:[62071. 62305. 64196.] t2_sim:[52401. 51874. 53437.]
Task is 16.00% complete.
t1_sim:[63937. 63869. 64312.] t2_sim:[59897. 59985. 61354.]
Task is 17.00% complete.
t1_sim:[62634. 63001. 65854.] t2_sim:[68407. 68529. 66148.]
Task is 18.00% complete.
t1_sim:[61534. 61247. 60675.] t2_sim:[60142. 59982. 58111.]
Task is 19.00% complete.
t1_sim:[59430. 59303. 60963.] t2_sim:[64865. 65107. 63749.]
Task is 20.00% complete.
t1_sim:[59417. 59321. 59288.] t2_sim:[62922. 62813. 60086.]
Task is 21.00% complete.
t1_sim:[68725. 68771. 67501.] t2_sim:[64797. 64529. 65113.]
Task is 22.00% complete.
t1_sim:[59949. 59972. 60605.] t2_sim:[64333. 64456. 62996.]
Task is 23.00% complete.
t1_sim:[68969. 68565. 67042.] t2_sim:[64697. 64462. 62837.]
Task is 24.00% complete.
t1_sim:[60039. 60052. 59483.] t2_sim:[58463. 58419. 56829.]
Task is 25.00% complete.
t1_sim:[63430. 63625. 63206.] t2_sim:[62280. 61591. 61903.]
Task is 26.00% complete.
t1_sim:[68460. 68615. 69723.] t2_sim:[64786. 64747. 63133.]
Task is 27.00% complete.
t1_sim:[66365. 66160. 64863.] t2_sim:[55481. 55111. 55399.]
Task is 28.00% complete.
t1_sim:[61605. 61654. 60313.] t2_sim:[60310. 59997. 60276.]
Task is 29.00% complete.
t1_sim:[65294. 65578. 66828.] t2_sim:[59914. 59558. 60897.]
Task is 30.00% complete.
t1_sim:[63176. 63409. 63117.] t2_sim:[61456. 61767. 59486.]
Task is 31.00% complete.
t1_sim:[59021. 59134. 56933.] t2_sim:[63249. 63120. 60152.]
Task is 32.00% complete.
t1_sim:[65521. 65173. 63997.] t2_sim:[62084. 62594. 62326.]
Task is 33.00% complete.
t1_sim:[63933. 64030. 63633.] t2_sim:[61663. 61778. 60377.]
Task is 34.00% complete.
t1_sim:[61800. 61489. 63922.] t2_sim:[64957. 65220. 65816.]
Task is 35.00% complete.
t1_sim:[65815. 65993. 65922.] t2_sim:[61880. 62006. 63637.]
Task is 36.00% complete.
t1_sim:[66993. 67041. 69316.] t2_sim:[62572. 62876. 62318.]
Task is 37.00% complete.
t1_sim:[60358. 60524. 60388.] t2_sim:[66821. 66435. 65091.]
Task is 38.00% complete.
t1_sim:[65215. 64980. 65182.] t2_sim:[66671. 66255. 65711.]
Task is 39.00% complete.
t1_sim:[59990. 59990. 62000.] t2_sim:[59729. 59542. 60707.]
Task is 40.00% complete.
t1_sim:[61866. 61255. 60763.] t2_sim:[59444. 59156. 57429.]
Task is 41.00% complete.
t1_sim:[69187. 69193. 70948.] t2_sim:[64212. 64188. 61553.]
Task is 42.00% complete.
t1_sim:[64642. 64424. 63012.] t2_sim:[62919. 62675. 59438.]
Task is 43.00% complete.
t1_sim:[58003. 58316. 58208.] t2_sim:[61697. 61747. 61577.]
Task is 44.00% complete.
t1_sim:[66746. 66370. 66610.] t2_sim:[62930. 63583. 62451.]
Task is 45.00% complete.
t1_sim:[64981. 65192. 64785.] t2_sim:[62616. 62854. 62674.]
Task is 46.00% complete.
t1_sim:[56351. 56285. 55685.] t2_sim:[60718. 60269. 59407.]
Task is 47.00% complete.
t1_sim:[64482. 64376. 66385.] t2_sim:[66785. 66606. 66737.]
Task is 48.00% complete.
t1_sim:[59263. 59536. 62280.] t2_sim:[64477. 64184. 62078.]
Task is 49.00% complete.
t1_sim:[64551. 64617. 63761.] t2_sim:[59734. 60085. 60250.]
Task is 50.00% complete.
t1_sim:[66470. 66351. 67344.] t2_sim:[70568. 70905. 71209.]
Task is 51.00% complete.
t1_sim:[60737. 60829. 61367.] t2_sim:[61041. 61157. 60554.]
Task is 52.00% complete.
t1_sim:[62215. 62394. 64554.] t2_sim:[60933. 61383. 62942.]
Task is 53.00% complete.
t1_sim:[67190. 67239. 67466.] t2_sim:[63842. 63675. 62367.]
Task is 54.00% complete.
t1_sim:[69728. 70302. 68651.] t2_sim:[61902. 62105. 62518.]
Task is 55.00% complete.
t1_sim:[60611. 60465. 60027.] t2_sim:[56652. 57034. 57227.]
Task is 56.00% complete.
t1_sim:[65623. 65435. 66765.] t2_sim:[60276. 59884. 59860.]
Task is 57.00% complete.
t1_sim:[57837. 57701. 60123.] t2_sim:[61074. 61217. 60805.]
Task is 58.00% complete.
t1_sim:[60123. 60001. 60653.] t2_sim:[63346. 63486. 63215.]
Task is 59.00% complete.
t1_sim:[61899. 62342. 63556.] t2_sim:[61814. 62215. 59995.]
Task is 60.00% complete.
t1_sim:[65062. 65254. 64609.] t2_sim:[67956. 68326. 65462.]
Task is 61.00% complete.
t1_sim:[64874. 64962. 66757.] t2_sim:[58853. 58645. 58486.]
Task is 62.00% complete.
t1_sim:[64319. 64668. 66844.] t2_sim:[65397. 65322. 62898.]
Task is 63.00% complete.
t1_sim:[57955. 58130. 57692.] t2_sim:[60734. 60726. 59979.]
Task is 64.00% complete.
t1_sim:[64147. 64358. 65558.] t2_sim:[61058. 60535. 60901.]
Task is 65.00% complete.
t1_sim:[63228. 63183. 63069.] t2_sim:[64439. 64305. 64325.]
Task is 66.00% complete.
t1_sim:[61563. 61533. 62108.] t2_sim:[65001. 65219. 65418.]
Task is 67.00% complete.
t1_sim:[60788. 61162. 61587.] t2_sim:[65256. 65272. 62570.]
Task is 68.00% complete.
t1_sim:[60577. 60763. 61017.] t2_sim:[64887. 64692. 62220.]
Task is 69.00% complete.
t1_sim:[64071. 64697. 65880.] t2_sim:[59672. 59189. 57046.]
Task is 70.00% complete.
t1_sim:[58865. 58591. 57218.] t2_sim:[53556. 53820. 53952.]
Task is 71.00% complete.
t1_sim:[63635. 63532. 62129.] t2_sim:[64437. 64423. 62795.]
Task is 72.00% complete.
t1_sim:[63039. 62887. 63051.] t2_sim:[58845. 58294. 61419.]
Task is 73.00% complete.
t1_sim:[58477. 58698. 61678.] t2_sim:[66653. 66233. 61533.]
Task is 74.00% complete.
t1_sim:[61098. 60562. 58773.] t2_sim:[64763. 64831. 62501.]
Task is 75.00% complete.
t1_sim:[66162. 66360. 66364.] t2_sim:[62323. 62387. 64520.]
Task is 76.00% complete.
t1_sim:[62195. 61840. 62853.] t2_sim:[62110. 62046. 61452.]
Task is 77.00% complete.
t1_sim:[61339. 61262. 59907.] t2_sim:[59388. 59190. 59457.]
Task is 78.00% complete.
t1_sim:[62869. 62741. 62191.] t2_sim:[58575. 58457. 59421.]
Task is 79.00% complete.
t1_sim:[62497. 62982. 67191.] t2_sim:[64855. 64460. 62636.]
Task is 80.00% complete.
t1_sim:[62218. 62105. 61349.] t2_sim:[63215. 63203. 61106.]
Task is 81.00% complete.
t1_sim:[61119. 60970. 62600.] t2_sim:[59709. 59793. 59335.]
Task is 82.00% complete.
t1_sim:[59927. 59622. 61060.] t2_sim:[60159. 59800. 59335.]
Task is 83.00% complete.
t1_sim:[65722. 66002. 65849.] t2_sim:[61878. 62393. 61246.]
Task is 84.00% complete.
t1_sim:[67468. 67191. 69590.] t2_sim:[61283. 61466. 61188.]
Task is 85.00% complete.
t1_sim:[64206. 63649. 60920.] t2_sim:[63946. 64205. 63391.]
Task is 86.00% complete.
t1_sim:[65340. 65329. 63431.] t2_sim:[59411. 59189. 55824.]
Task is 87.00% complete.
t1_sim:[57814. 58042. 59085.] t2_sim:[67624. 67681. 65395.]
Task is 88.00% complete.
t1_sim:[60303. 60477. 62383.] t2_sim:[61798. 62028. 61588.]
Task is 89.00% complete.
t1_sim:[54939. 55209. 54137.] t2_sim:[66386. 66403. 67126.]
Task is 90.00% complete.
t1_sim:[65100. 65093. 67145.] t2_sim:[62849. 63236. 64458.]
Task is 91.00% complete.
t1_sim:[64170. 64346. 64677.] t2_sim:[67030. 66746. 65399.]
Task is 92.00% complete.
t1_sim:[66914. 67001. 65405.] t2_sim:[65297. 65146. 62348.]
Task is 93.00% complete.
t1_sim:[64136. 64084. 60052.] t2_sim:[57598. 57213. 58939.]
Task is 94.00% complete.
t1_sim:[61275. 61537. 61842.] t2_sim:[62784. 62982. 60476.]
Task is 95.00% complete.
t1_sim:[67914. 67960. 69321.] t2_sim:[64010. 64261. 63025.]
Task is 96.00% complete.
t1_sim:[65203. 65045. 65756.] t2_sim:[60362. 59987. 60851.]
Task is 97.00% complete.
t1_sim:[58099. 57975. 56647.] t2_sim:[63615. 63473. 63434.]
Task is 98.00% complete.
t1_sim:[64239. 64087. 63467.] t2_sim:[56525. 56747. 60997.]
Task is 99.00% complete.
t1_sim:[63774. 63531. 64526.] t2_sim:[59733. 60010. 60771.]
Finished
