Training start
t1_obs:[array(269575.), array(268474.), array(264424.)] t2_obs:[array(259475.), array(260147.), array(263620.)]
corr_G1:[7.068889214459416e-17, -1.7993039982258045e-17, 1.8881853628556522e-17] corr_G2:[-1.6501164066247348e-17, -6.203382053271762e-17, 5.628807386660051e-17]
Training end
Number of jobs: 48
/scratch/jz4721/Post-prediction-Causal-Inference/venv/lib/python3.8/site-packages/numpy/core/getlimits.py:518: UserWarning: The value of the smallest subnormal for <class 'numpy.float64'> type is zero.
  setattr(self, word, getattr(machar, word).flat[0])
/scratch/jz4721/Post-prediction-Causal-Inference/venv/lib/python3.8/site-packages/numpy/core/getlimits.py:89: UserWarning: The value of the smallest subnormal for <class 'numpy.float64'> type is zero.
  return self._float_to_str(self.smallest_subnormal)
/scratch/jz4721/Post-prediction-Causal-Inference/venv/lib/python3.8/site-packages/numpy/core/getlimits.py:518: UserWarning: The value of the smallest subnormal for <class 'numpy.float32'> type is zero.
  setattr(self, word, getattr(machar, word).flat[0])
/scratch/jz4721/Post-prediction-Causal-Inference/venv/lib/python3.8/site-packages/numpy/core/getlimits.py:89: UserWarning: The value of the smallest subnormal for <class 'numpy.float32'> type is zero.
  return self._float_to_str(self.smallest_subnormal)
t1_sim:[273749. 274444. 263655.] t2_sim:[230264. 228812. 233295.]
Task is 0.00% complete.
t1_sim:[262594. 261543. 262413.] t2_sim:[252586. 252004. 251086.]
Task is 48.08% complete.
t1_sim:[256653. 256952. 250230.] t2_sim:[247930. 246776. 249539.]
Task is 96.15% complete.
t1_sim:[273749. 274444. 263655.] t2_sim:[230264. 228812. 233295.]
Task is 0.00% complete.
t1_sim:[262594. 261543. 262413.] t2_sim:[252586. 252004. 251086.]
Task is 48.08% complete.
t1_sim:[256653. 256952. 250230.] t2_sim:[247930. 246776. 249539.]
Task is 96.15% complete.
t1_sim:[273749. 274444. 263655.] t2_sim:[230264. 228812. 233295.]
Task is 0.00% complete.
t1_sim:[262594. 261543. 262413.] t2_sim:[252586. 252004. 251086.]
Task is 48.08% complete.
t1_sim:[256653. 256952. 250230.] t2_sim:[247930. 246776. 249539.]
Task is 96.15% complete.
t1_sim:[273749. 274444. 263655.] t2_sim:[230264. 228812. 233295.]
Task is 0.00% complete.
t1_sim:[262594. 261543. 262413.] t2_sim:[252586. 252004. 251086.]
Task is 48.08% complete.
t1_sim:[256653. 256952. 250230.] t2_sim:[247930. 246776. 249539.]
Task is 96.15% complete.
t1_sim:[273749. 274444. 263655.] t2_sim:[230264. 228812. 233295.]
Task is 0.00% complete.
t1_sim:[262594. 261543. 262413.] t2_sim:[252586. 252004. 251086.]
Task is 48.08% complete.
t1_sim:[256653. 256952. 250230.] t2_sim:[247930. 246776. 249539.]
Task is 96.15% complete.
t1_sim:[273749. 274444. 263655.] t2_sim:[230264. 228812. 233295.]
Task is 0.00% complete.
t1_sim:[262594. 261543. 262413.] t2_sim:[252586. 252004. 251086.]
Task is 48.08% complete.
t1_sim:[256653. 256952. 250230.] t2_sim:[247930. 246776. 249539.]
Task is 96.15% complete.
t1_sim:[273749. 274444. 263655.] t2_sim:[230264. 228812. 233295.]
Task is 0.00% complete.
t1_sim:[262594. 261543. 262413.] t2_sim:[252586. 252004. 251086.]
Task is 48.08% complete.
t1_sim:[256653. 256952. 250230.] t2_sim:[247930. 246776. 249539.]
Task is 96.15% complete.
t1_sim:[273749. 274444. 263655.] t2_sim:[230264. 228812. 233295.]
Task is 0.00% complete.
t1_sim:[262594. 261543. 262413.] t2_sim:[252586. 252004. 251086.]
Task is 48.08% complete.
t1_sim:[256653. 256952. 250230.] t2_sim:[247930. 246776. 249539.]
Task is 96.15% complete.
t1_sim:[273749. 274444. 263655.] t2_sim:[230264. 228812. 233295.]
Task is 0.00% complete.
t1_sim:[262594. 261543. 262413.] t2_sim:[252586. 252004. 251086.]
Task is 48.08% complete.
t1_sim:[256653. 256952. 250230.] t2_sim:[247930. 246776. 249539.]
Task is 96.15% complete.
t1_sim:[273749. 274444. 263655.] t2_sim:[230264. 228812. 233295.]
Task is 0.00% complete.
t1_sim:[262594. 261543. 262413.] t2_sim:[252586. 252004. 251086.]
Task is 48.08% complete.
t1_sim:[256653. 256952. 250230.] t2_sim:[247930. 246776. 249539.]
Task is 96.15% complete.
t1_sim:[273749. 274444. 263655.] t2_sim:[230264. 228812. 233295.]
Task is 0.00% complete.
t1_sim:[262594. 261543. 262413.] t2_sim:[252586. 252004. 251086.]
Task is 48.08% complete.
t1_sim:[256653. 256952. 250230.] t2_sim:[247930. 246776. 249539.]
Task is 96.15% complete.
t1_sim:[273749. 274444. 263655.] t2_sim:[230264. 228812. 233295.]
Task is 0.00% complete.
t1_sim:[262594. 261543. 262413.] t2_sim:[252586. 252004. 251086.]
Task is 48.08% complete.
t1_sim:[256653. 256952. 250230.] t2_sim:[247930. 246776. 249539.]
Task is 96.15% complete.
t1_sim:[273749. 274444. 263655.] t2_sim:[230264. 228812. 233295.]
Task is 0.00% complete.
t1_sim:[262594. 261543. 262413.] t2_sim:[252586. 252004. 251086.]
Task is 48.08% complete.
t1_sim:[256653. 256952. 250230.] t2_sim:[247930. 246776. 249539.]
Task is 96.15% complete.
t1_sim:[273749. 274444. 263655.] t2_sim:[230264. 228812. 233295.]
Task is 0.00% complete.
t1_sim:[262594. 261543. 262413.] t2_sim:[252586. 252004. 251086.]
Task is 48.08% complete.
t1_sim:[256653. 256952. 250230.] t2_sim:[247930. 246776. 249539.]
Task is 96.15% complete.
t1_sim:[273749. 274444. 263655.] t2_sim:[230264. 228812. 233295.]
Task is 0.00% complete.
t1_sim:[262594. 261543. 262413.] t2_sim:[252586. 252004. 251086.]
Task is 48.08% complete.
t1_sim:[256653. 256952. 250230.] t2_sim:[247930. 246776. 249539.]
Task is 96.15% complete.
t1_sim:[273749. 274444. 263655.] t2_sim:[230264. 228812. 233295.]
Task is 0.00% complete.
t1_sim:[262594. 261543. 262413.] t2_sim:[252586. 252004. 251086.]
Task is 48.08% complete.
t1_sim:[256653. 256952. 250230.] t2_sim:[247930. 246776. 249539.]
Task is 96.15% complete.
t1_sim:[273749. 274444. 263655.] t2_sim:[230264. 228812. 233295.]
Task is 0.00% complete.
t1_sim:[262594. 261543. 262413.] t2_sim:[252586. 252004. 251086.]
Task is 48.08% complete.
t1_sim:[256653. 256952. 250230.] t2_sim:[247930. 246776. 249539.]
Task is 96.15% complete.
t1_sim:[273749. 274444. 263655.] t2_sim:[230264. 228812. 233295.]
Task is 0.00% complete.
t1_sim:[262594. 261543. 262413.] t2_sim:[252586. 252004. 251086.]
Task is 48.08% complete.
t1_sim:[256653. 256952. 250230.] t2_sim:[247930. 246776. 249539.]
Task is 96.15% complete.
t1_sim:[273749. 274444. 263655.] t2_sim:[230264. 228812. 233295.]
Task is 0.00% complete.
t1_sim:[262594. 261543. 262413.] t2_sim:[252586. 252004. 251086.]
Task is 48.08% complete.
t1_sim:[256653. 256952. 250230.] t2_sim:[247930. 246776. 249539.]
Task is 96.15% complete.
t1_sim:[273749. 274444. 263655.] t2_sim:[230264. 228812. 233295.]
Task is 0.00% complete.
t1_sim:[262594. 261543. 262413.] t2_sim:[252586. 252004. 251086.]
Task is 48.08% complete.
t1_sim:[256653. 256952. 250230.] t2_sim:[247930. 246776. 249539.]
Task is 96.15% complete.
t1_sim:[273749. 274444. 263655.] t2_sim:[230264. 228812. 233295.]
Task is 0.00% complete.
t1_sim:[262594. 261543. 262413.] t2_sim:[252586. 252004. 251086.]
Task is 48.08% complete.
t1_sim:[256653. 256952. 250230.] t2_sim:[247930. 246776. 249539.]
Task is 96.15% complete.
t1_sim:[273749. 274444. 263655.] t2_sim:[230264. 228812. 233295.]
Task is 0.00% complete.
t1_sim:[262594. 261543. 262413.] t2_sim:[252586. 252004. 251086.]
Task is 48.08% complete.
t1_sim:[256653. 256952. 250230.] t2_sim:[247930. 246776. 249539.]
Task is 96.15% complete.
t1_sim:[273749. 274444. 263655.] t2_sim:[230264. 228812. 233295.]
Task is 0.00% complete.
t1_sim:[262594. 261543. 262413.] t2_sim:[252586. 252004. 251086.]
Task is 48.08% complete.
t1_sim:[256653. 256952. 250230.] t2_sim:[247930. 246776. 249539.]
Task is 96.15% complete.
t1_sim:[273749. 274444. 263655.] t2_sim:[230264. 228812. 233295.]
Task is 0.00% complete.
t1_sim:[262594. 261543. 262413.] t2_sim:[252586. 252004. 251086.]
Task is 48.08% complete.
t1_sim:[256653. 256952. 250230.] t2_sim:[247930. 246776. 249539.]
Task is 96.15% complete.
t1_sim:[273749. 274444. 263655.] t2_sim:[230264. 228812. 233295.]
Task is 0.00% complete.
t1_sim:[262594. 261543. 262413.] t2_sim:[252586. 252004. 251086.]
Task is 48.08% complete.
t1_sim:[256653. 256952. 250230.] t2_sim:[247930. 246776. 249539.]
Task is 96.15% complete.
t1_sim:[273749. 274444. 263655.] t2_sim:[230264. 228812. 233295.]
Task is 0.00% complete.
t1_sim:[262594. 261543. 262413.] t2_sim:[252586. 252004. 251086.]
Task is 48.08% complete.
t1_sim:[256653. 256952. 250230.] t2_sim:[247930. 246776. 249539.]
Task is 96.15% complete.
t1_sim:[273749. 274444. 263655.] t2_sim:[230264. 228812. 233295.]
Task is 0.00% complete.
t1_sim:[262594. 261543. 262413.] t2_sim:[252586. 252004. 251086.]
Task is 48.08% complete.
t1_sim:[256653. 256952. 250230.] t2_sim:[247930. 246776. 249539.]
Task is 96.15% complete.
t1_sim:[273749. 274444. 263655.] t2_sim:[230264. 228812. 233295.]
Task is 0.00% complete.
t1_sim:[262594. 261543. 262413.] t2_sim:[252586. 252004. 251086.]
Task is 48.08% complete.
t1_sim:[256653. 256952. 250230.] t2_sim:[247930. 246776. 249539.]
Task is 96.15% complete.
t1_sim:[273749. 274444. 263655.] t2_sim:[230264. 228812. 233295.]
Task is 0.00% complete.
t1_sim:[262594. 261543. 262413.] t2_sim:[252586. 252004. 251086.]
Task is 48.08% complete.
t1_sim:[256653. 256952. 250230.] t2_sim:[247930. 246776. 249539.]
Task is 96.15% complete.
t1_sim:[273749. 274444. 263655.] t2_sim:[230264. 228812. 233295.]
Task is 0.00% complete.
t1_sim:[262594. 261543. 262413.] t2_sim:[252586. 252004. 251086.]
Task is 48.08% complete.
t1_sim:[256653. 256952. 250230.] t2_sim:[247930. 246776. 249539.]
Task is 96.15% complete.
t1_sim:[273749. 274444. 263655.] t2_sim:[230264. 228812. 233295.]
Task is 0.00% complete.
t1_sim:[262594. 261543. 262413.] t2_sim:[252586. 252004. 251086.]
Task is 48.08% complete.
t1_sim:[256653. 256952. 250230.] t2_sim:[247930. 246776. 249539.]
Task is 96.15% complete.
t1_sim:[273749. 274444. 263655.] t2_sim:[230264. 228812. 233295.]
Task is 0.00% complete.
t1_sim:[262594. 261543. 262413.] t2_sim:[252586. 252004. 251086.]
Task is 48.08% complete.
t1_sim:[256653. 256952. 250230.] t2_sim:[247930. 246776. 249539.]
Task is 96.15% complete.
t1_sim:[273749. 274444. 263655.] t2_sim:[230264. 228812. 233295.]
Task is 0.00% complete.
t1_sim:[262594. 261543. 262413.] t2_sim:[252586. 252004. 251086.]
Task is 48.08% complete.
t1_sim:[256653. 256952. 250230.] t2_sim:[247930. 246776. 249539.]
Task is 96.15% complete.
t1_sim:[273749. 274444. 263655.] t2_sim:[230264. 228812. 233295.]
Task is 0.00% complete.
t1_sim:[262594. 261543. 262413.] t2_sim:[252586. 252004. 251086.]
Task is 48.08% complete.
t1_sim:[256653. 256952. 250230.] t2_sim:[247930. 246776. 249539.]
Task is 96.15% complete.
t1_sim:[273749. 274444. 263655.] t2_sim:[230264. 228812. 233295.]
Task is 0.00% complete.
t1_sim:[262594. 261543. 262413.] t2_sim:[252586. 252004. 251086.]
Task is 48.08% complete.
t1_sim:[256653. 256952. 250230.] t2_sim:[247930. 246776. 249539.]
Task is 96.15% complete.
t1_sim:[273749. 274444. 263655.] t2_sim:[230264. 228812. 233295.]
Task is 0.00% complete.
t1_sim:[262594. 261543. 262413.] t2_sim:[252586. 252004. 251086.]
Task is 48.08% complete.
t1_sim:[256653. 256952. 250230.] t2_sim:[247930. 246776. 249539.]
Task is 96.15% complete.
t1_sim:[273749. 274444. 263655.] t2_sim:[230264. 228812. 233295.]
Task is 0.00% complete.
t1_sim:[262594. 261543. 262413.] t2_sim:[252586. 252004. 251086.]
Task is 48.08% complete.
t1_sim:[256653. 256952. 250230.] t2_sim:[247930. 246776. 249539.]
Task is 96.15% complete.
t1_sim:[273749. 274444. 263655.] t2_sim:[230264. 228812. 233295.]
Task is 0.00% complete.
t1_sim:[262594. 261543. 262413.] t2_sim:[252586. 252004. 251086.]
Task is 48.08% complete.
t1_sim:[256653. 256952. 250230.] t2_sim:[247930. 246776. 249539.]
Task is 96.15% complete.
t1_sim:[273749. 274444. 263655.] t2_sim:[230264. 228812. 233295.]
Task is 0.00% complete.
t1_sim:[262594. 261543. 262413.] t2_sim:[252586. 252004. 251086.]
Task is 48.08% complete.
t1_sim:[256653. 256952. 250230.] t2_sim:[247930. 246776. 249539.]
Task is 96.15% complete.
t1_sim:[273749. 274444. 263655.] t2_sim:[230264. 228812. 233295.]
Task is 0.00% complete.
t1_sim:[262594. 261543. 262413.] t2_sim:[252586. 252004. 251086.]
Task is 48.08% complete.
t1_sim:[256653. 256952. 250230.] t2_sim:[247930. 246776. 249539.]
Task is 96.15% complete.
t1_sim:[273749. 274444. 263655.] t2_sim:[230264. 228812. 233295.]
Task is 0.00% complete.
t1_sim:[262594. 261543. 262413.] t2_sim:[252586. 252004. 251086.]
Task is 48.08% complete.
t1_sim:[256653. 256952. 250230.] t2_sim:[247930. 246776. 249539.]
Task is 96.15% complete.
t1_sim:[273749. 274444. 263655.] t2_sim:[230264. 228812. 233295.]
Task is 0.00% complete.
t1_sim:[262594. 261543. 262413.] t2_sim:[252586. 252004. 251086.]
Task is 48.08% complete.
t1_sim:[256653. 256952. 250230.] t2_sim:[247930. 246776. 249539.]
Task is 96.15% complete.
t1_sim:[273749. 274444. 263655.] t2_sim:[230264. 228812. 233295.]
Task is 0.00% complete.
t1_sim:[262594. 261543. 262413.] t2_sim:[252586. 252004. 251086.]
Task is 48.08% complete.
t1_sim:[256653. 256952. 250230.] t2_sim:[247930. 246776. 249539.]
Task is 96.15% complete.
t1_sim:[273749. 274444. 263655.] t2_sim:[230264. 228812. 233295.]
Task is 0.00% complete.
t1_sim:[262594. 261543. 262413.] t2_sim:[252586. 252004. 251086.]
Task is 48.08% complete.
t1_sim:[256653. 256952. 250230.] t2_sim:[247930. 246776. 249539.]
Task is 96.15% complete.
t1_sim:[273749. 274444. 263655.] t2_sim:[230264. 228812. 233295.]
Task is 0.00% complete.
t1_sim:[262594. 261543. 262413.] t2_sim:[252586. 252004. 251086.]
Task is 48.08% complete.
t1_sim:[256653. 256952. 250230.] t2_sim:[247930. 246776. 249539.]
Task is 96.15% complete.
t1_sim:[273749. 274444. 263655.] t2_sim:[230264. 228812. 233295.]
Task is 0.00% complete.
t1_sim:[262594. 261543. 262413.] t2_sim:[252586. 252004. 251086.]
Task is 48.08% complete.
t1_sim:[256653. 256952. 250230.] t2_sim:[247930. 246776. 249539.]
Task is 96.15% complete.
t1_sim:[273749. 274444. 263655.] t2_sim:[230264. 228812. 233295.]
Task is 0.00% complete.
t1_sim:[262594. 261543. 262413.] t2_sim:[252586. 252004. 251086.]
Task is 48.08% complete.
t1_sim:[256653. 256952. 250230.] t2_sim:[247930. 246776. 249539.]
Task is 96.15% complete.
t1_sim:[273749. 274444. 263655.] t2_sim:[230264. 228812. 233295.]
Task is 0.00% complete.
t1_sim:[262594. 261543. 262413.] t2_sim:[252586. 252004. 251086.]
Task is 48.08% complete.
t1_sim:[256653. 256952. 250230.] t2_sim:[247930. 246776. 249539.]
Task is 96.15% complete.
Training start
t1_obs:[array(266131.), array(266260.), array(266574.)] t2_obs:[array(262535.), array(262447.), array(262620.)]
corr_G1:[0.7878898367479269, 0.5586318370848535, -0.3788541528934083] corr_G2:[0.7744390180013764, 0.38178532179249247, -0.3402949903130986]
Training end
Number of jobs: 48
/scratch/jz4721/Post-prediction-Causal-Inference/venv/lib/python3.8/site-packages/sklearn/impute/_iterative.py:785: ConvergenceWarning: [IterativeImputer] Early stopping criterion not reached.
  warnings.warn(
/scratch/jz4721/Post-prediction-Causal-Inference/venv/lib/python3.8/site-packages/sklearn/impute/_iterative.py:785: ConvergenceWarning: [IterativeImputer] Early stopping criterion not reached.
  warnings.warn(
t1_sim:[266022. 266546. 268567.] t2_sim:[223269. 220567. 231780.]
Task is 0.00% complete.
t1_sim:[263348. 265987. 263955.] t2_sim:[254347. 252870. 251643.]
Task is 48.08% complete.
t1_sim:[244416. 244287. 253525.] t2_sim:[250957. 252400. 249938.]
Task is 96.15% complete.
t1_sim:[266022. 266546. 268567.] t2_sim:[223269. 220567. 231780.]
Task is 0.00% complete.
t1_sim:[263348. 265987. 263955.] t2_sim:[254347. 252870. 251643.]
Task is 48.08% complete.
t1_sim:[244416. 244287. 253525.] t2_sim:[250957. 252400. 249938.]
Task is 96.15% complete.
t1_sim:[266022. 266546. 268567.] t2_sim:[223269. 220567. 231780.]
Task is 0.00% complete.
t1_sim:[263348. 265987. 263955.] t2_sim:[254347. 252870. 251643.]
Task is 48.08% complete.
t1_sim:[244416. 244287. 253525.] t2_sim:[250957. 252400. 249938.]
Task is 96.15% complete.
t1_sim:[266022. 266546. 268567.] t2_sim:[223269. 220567. 231780.]
Task is 0.00% complete.
t1_sim:[263348. 265987. 263955.] t2_sim:[254347. 252870. 251643.]
Task is 48.08% complete.
t1_sim:[244416. 244287. 253525.] t2_sim:[250957. 252400. 249938.]
Task is 96.15% complete.
t1_sim:[266022. 266546. 268567.] t2_sim:[223269. 220567. 231780.]
Task is 0.00% complete.
t1_sim:[263348. 265987. 263955.] t2_sim:[254347. 252870. 251643.]
Task is 48.08% complete.
t1_sim:[244416. 244287. 253525.] t2_sim:[250957. 252400. 249938.]
Task is 96.15% complete.
t1_sim:[266022. 266546. 268567.] t2_sim:[223269. 220567. 231780.]
Task is 0.00% complete.
t1_sim:[263348. 265987. 263955.] t2_sim:[254347. 252870. 251643.]
Task is 48.08% complete.
t1_sim:[244416. 244287. 253525.] t2_sim:[250957. 252400. 249938.]
Task is 96.15% complete.
t1_sim:[266022. 266546. 268567.] t2_sim:[223269. 220567. 231780.]
Task is 0.00% complete.
t1_sim:[263348. 265987. 263955.] t2_sim:[254347. 252870. 251643.]
Task is 48.08% complete.
t1_sim:[244416. 244287. 253525.] t2_sim:[250957. 252400. 249938.]
Task is 96.15% complete.
t1_sim:[266022. 266546. 268567.] t2_sim:[223269. 220567. 231780.]
Task is 0.00% complete.
t1_sim:[263348. 265987. 263955.] t2_sim:[254347. 252870. 251643.]
Task is 48.08% complete.
t1_sim:[244416. 244287. 253525.] t2_sim:[250957. 252400. 249938.]
Task is 96.15% complete.
t1_sim:[266022. 266546. 268567.] t2_sim:[223269. 220567. 231780.]
Task is 0.00% complete.
t1_sim:[263348. 265987. 263955.] t2_sim:[254347. 252870. 251643.]
Task is 48.08% complete.
t1_sim:[244416. 244287. 253525.] t2_sim:[250957. 252400. 249938.]
Task is 96.15% complete.
t1_sim:[266022. 266546. 268567.] t2_sim:[223269. 220567. 231780.]
Task is 0.00% complete.
t1_sim:[263348. 265987. 263955.] t2_sim:[254347. 252870. 251643.]
Task is 48.08% complete.
t1_sim:[244416. 244287. 253525.] t2_sim:[250957. 252400. 249938.]
Task is 96.15% complete.
t1_sim:[266022. 266546. 268567.] t2_sim:[223269. 220567. 231780.]
Task is 0.00% complete.
t1_sim:[263348. 265987. 263955.] t2_sim:[254347. 252870. 251643.]
Task is 48.08% complete.
t1_sim:[244416. 244287. 253525.] t2_sim:[250957. 252400. 249938.]
Task is 96.15% complete.
t1_sim:[266022. 266546. 268567.] t2_sim:[223269. 220567. 231780.]
Task is 0.00% complete.
t1_sim:[263348. 265987. 263955.] t2_sim:[254347. 252870. 251643.]
Task is 48.08% complete.
t1_sim:[244416. 244287. 253525.] t2_sim:[250957. 252400. 249938.]
Task is 96.15% complete.
t1_sim:[266022. 266546. 268567.] t2_sim:[223269. 220567. 231780.]
Task is 0.00% complete.
t1_sim:[263348. 265987. 263955.] t2_sim:[254347. 252870. 251643.]
Task is 48.08% complete.
t1_sim:[244416. 244287. 253525.] t2_sim:[250957. 252400. 249938.]
Task is 96.15% complete.
t1_sim:[266022. 266546. 268567.] t2_sim:[223269. 220567. 231780.]
Task is 0.00% complete.
t1_sim:[263348. 265987. 263955.] t2_sim:[254347. 252870. 251643.]
Task is 48.08% complete.
t1_sim:[244416. 244287. 253525.] t2_sim:[250957. 252400. 249938.]
Task is 96.15% complete.
t1_sim:[266022. 266546. 268567.] t2_sim:[223269. 220567. 231780.]
Task is 0.00% complete.
t1_sim:[263348. 265987. 263955.] t2_sim:[254347. 252870. 251643.]
Task is 48.08% complete.
t1_sim:[244416. 244287. 253525.] t2_sim:[250957. 252400. 249938.]
Task is 96.15% complete.
t1_sim:[266022. 266546. 268567.] t2_sim:[223269. 220567. 231780.]
Task is 0.00% complete.
t1_sim:[263348. 265987. 263955.] t2_sim:[254347. 252870. 251643.]
Task is 48.08% complete.
t1_sim:[244416. 244287. 253525.] t2_sim:[250957. 252400. 249938.]
Task is 96.15% complete.
t1_sim:[266022. 266546. 268567.] t2_sim:[223269. 220567. 231780.]
Task is 0.00% complete.
t1_sim:[263348. 265987. 263955.] t2_sim:[254347. 252870. 251643.]
Task is 48.08% complete.
t1_sim:[244416. 244287. 253525.] t2_sim:[250957. 252400. 249938.]
Task is 96.15% complete.
t1_sim:[266022. 266546. 268567.] t2_sim:[223269. 220567. 231780.]
Task is 0.00% complete.
t1_sim:[263348. 265987. 263955.] t2_sim:[254347. 252870. 251643.]
Task is 48.08% complete.
t1_sim:[244416. 244287. 253525.] t2_sim:[250957. 252400. 249938.]
Task is 96.15% complete.
t1_sim:[266022. 266546. 268567.] t2_sim:[223269. 220567. 231780.]
Task is 0.00% complete.
t1_sim:[263348. 265987. 263955.] t2_sim:[254347. 252870. 251643.]
Task is 48.08% complete.
t1_sim:[244416. 244287. 253525.] t2_sim:[250957. 252400. 249938.]
Task is 96.15% complete.
t1_sim:[266022. 266546. 268567.] t2_sim:[223269. 220567. 231780.]
Task is 0.00% complete.
t1_sim:[263348. 265987. 263955.] t2_sim:[254347. 252870. 251643.]
Task is 48.08% complete.
t1_sim:[244416. 244287. 253525.] t2_sim:[250957. 252400. 249938.]
Task is 96.15% complete.
t1_sim:[266022. 266546. 268567.] t2_sim:[223269. 220567. 231780.]
Task is 0.00% complete.
t1_sim:[263348. 265987. 263955.] t2_sim:[254347. 252870. 251643.]
Task is 48.08% complete.
t1_sim:[244416. 244287. 253525.] t2_sim:[250957. 252400. 249938.]
Task is 96.15% complete.
t1_sim:[266022. 266546. 268567.] t2_sim:[223269. 220567. 231780.]
Task is 0.00% complete.
t1_sim:[263348. 265987. 263955.] t2_sim:[254347. 252870. 251643.]
Task is 48.08% complete.
t1_sim:[244416. 244287. 253525.] t2_sim:[250957. 252400. 249938.]
Task is 96.15% complete.
t1_sim:[266022. 266546. 268567.] t2_sim:[223269. 220567. 231780.]
Task is 0.00% complete.
t1_sim:[263348. 265987. 263955.] t2_sim:[254347. 252870. 251643.]
Task is 48.08% complete.
t1_sim:[244416. 244287. 253525.] t2_sim:[250957. 252400. 249938.]
Task is 96.15% complete.
t1_sim:[266022. 266546. 268567.] t2_sim:[223269. 220567. 231780.]
Task is 0.00% complete.
t1_sim:[263348. 265987. 263955.] t2_sim:[254347. 252870. 251643.]
Task is 48.08% complete.
t1_sim:[244416. 244287. 253525.] t2_sim:[250957. 252400. 249938.]
Task is 96.15% complete.
t1_sim:[266022. 266546. 268567.] t2_sim:[223269. 220567. 231780.]
Task is 0.00% complete.
t1_sim:[263348. 265987. 263955.] t2_sim:[254347. 252870. 251643.]
Task is 48.08% complete.
t1_sim:[244416. 244287. 253525.] t2_sim:[250957. 252400. 249938.]
Task is 96.15% complete.
t1_sim:[266022. 266546. 268567.] t2_sim:[223269. 220567. 231780.]
Task is 0.00% complete.
t1_sim:[263348. 265987. 263955.] t2_sim:[254347. 252870. 251643.]
Task is 48.08% complete.
t1_sim:[244416. 244287. 253525.] t2_sim:[250957. 252400. 249938.]
Task is 96.15% complete.
t1_sim:[266022. 266546. 268567.] t2_sim:[223269. 220567. 231780.]
Task is 0.00% complete.
t1_sim:[263348. 265987. 263955.] t2_sim:[254347. 252870. 251643.]
Task is 48.08% complete.
t1_sim:[244416. 244287. 253525.] t2_sim:[250957. 252400. 249938.]
Task is 96.15% complete.
t1_sim:[266022. 266546. 268567.] t2_sim:[223269. 220567. 231780.]
Task is 0.00% complete.
t1_sim:[263348. 265987. 263955.] t2_sim:[254347. 252870. 251643.]
Task is 48.08% complete.
t1_sim:[244416. 244287. 253525.] t2_sim:[250957. 252400. 249938.]
Task is 96.15% complete.
t1_sim:[266022. 266546. 268567.] t2_sim:[223269. 220567. 231780.]
Task is 0.00% complete.
t1_sim:[263348. 265987. 263955.] t2_sim:[254347. 252870. 251643.]
Task is 48.08% complete.
t1_sim:[244416. 244287. 253525.] t2_sim:[250957. 252400. 249938.]
Task is 96.15% complete.
t1_sim:[266022. 266546. 268567.] t2_sim:[223269. 220567. 231780.]
Task is 0.00% complete.
t1_sim:[263348. 265987. 263955.] t2_sim:[254347. 252870. 251643.]
Task is 48.08% complete.
t1_sim:[244416. 244287. 253525.] t2_sim:[250957. 252400. 249938.]
Task is 96.15% complete.
t1_sim:[266022. 266546. 268567.] t2_sim:[223269. 220567. 231780.]
Task is 0.00% complete.
t1_sim:[263348. 265987. 263955.] t2_sim:[254347. 252870. 251643.]
Task is 48.08% complete.
t1_sim:[244416. 244287. 253525.] t2_sim:[250957. 252400. 249938.]
Task is 96.15% complete.
t1_sim:[266022. 266546. 268567.] t2_sim:[223269. 220567. 231780.]
Task is 0.00% complete.
t1_sim:[263348. 265987. 263955.] t2_sim:[254347. 252870. 251643.]
Task is 48.08% complete.
t1_sim:[244416. 244287. 253525.] t2_sim:[250957. 252400. 249938.]
Task is 96.15% complete.
t1_sim:[266022. 266546. 268567.] t2_sim:[223269. 220567. 231780.]
Task is 0.00% complete.
t1_sim:[263348. 265987. 263955.] t2_sim:[254347. 252870. 251643.]
Task is 48.08% complete.
t1_sim:[244416. 244287. 253525.] t2_sim:[250957. 252400. 249938.]
Task is 96.15% complete.
t1_sim:[266022. 266546. 268567.] t2_sim:[223269. 220567. 231780.]
Task is 0.00% complete.
t1_sim:[263348. 265987. 263955.] t2_sim:[254347. 252870. 251643.]
Task is 48.08% complete.
t1_sim:[244416. 244287. 253525.] t2_sim:[250957. 252400. 249938.]
Task is 96.15% complete.
t1_sim:[266022. 266546. 268567.] t2_sim:[223269. 220567. 231780.]
Task is 0.00% complete.
t1_sim:[263348. 265987. 263955.] t2_sim:[254347. 252870. 251643.]
Task is 48.08% complete.
t1_sim:[244416. 244287. 253525.] t2_sim:[250957. 252400. 249938.]
Task is 96.15% complete.
t1_sim:[266022. 266546. 268567.] t2_sim:[223269. 220567. 231780.]
Task is 0.00% complete.
t1_sim:[263348. 265987. 263955.] t2_sim:[254347. 252870. 251643.]
Task is 48.08% complete.
t1_sim:[244416. 244287. 253525.] t2_sim:[250957. 252400. 249938.]
Task is 96.15% complete.
t1_sim:[266022. 266546. 268567.] t2_sim:[223269. 220567. 231780.]
Task is 0.00% complete.
t1_sim:[263348. 265987. 263955.] t2_sim:[254347. 252870. 251643.]
Task is 48.08% complete.
t1_sim:[244416. 244287. 253525.] t2_sim:[250957. 252400. 249938.]
Task is 96.15% complete.
t1_sim:[266022. 266546. 268567.] t2_sim:[223269. 220567. 231780.]
Task is 0.00% complete.
t1_sim:[263348. 265987. 263955.] t2_sim:[254347. 252870. 251643.]
Task is 48.08% complete.
t1_sim:[244416. 244287. 253525.] t2_sim:[250957. 252400. 249938.]
Task is 96.15% complete.
t1_sim:[266022. 266546. 268567.] t2_sim:[223269. 220567. 231780.]
Task is 0.00% complete.
t1_sim:[263348. 265987. 263955.] t2_sim:[254347. 252870. 251643.]
Task is 48.08% complete.
t1_sim:[244416. 244287. 253525.] t2_sim:[250957. 252400. 249938.]
Task is 96.15% complete.
t1_sim:[266022. 266546. 268567.] t2_sim:[223269. 220567. 231780.]
Task is 0.00% complete.
t1_sim:[263348. 265987. 263955.] t2_sim:[254347. 252870. 251643.]
Task is 48.08% complete.
t1_sim:[244416. 244287. 253525.] t2_sim:[250957. 252400. 249938.]
Task is 96.15% complete.
t1_sim:[266022. 266546. 268567.] t2_sim:[223269. 220567. 231780.]
Task is 0.00% complete.
t1_sim:[263348. 265987. 263955.] t2_sim:[254347. 252870. 251643.]
Task is 48.08% complete.
t1_sim:[244416. 244287. 253525.] t2_sim:[250957. 252400. 249938.]
Task is 96.15% complete.
t1_sim:[266022. 266546. 268567.] t2_sim:[223269. 220567. 231780.]
Task is 0.00% complete.
t1_sim:[263348. 265987. 263955.] t2_sim:[254347. 252870. 251643.]
Task is 48.08% complete.
t1_sim:[244416. 244287. 253525.] t2_sim:[250957. 252400. 249938.]
Task is 96.15% complete.
t1_sim:[266022. 266546. 268567.] t2_sim:[223269. 220567. 231780.]
Task is 0.00% complete.
t1_sim:[263348. 265987. 263955.] t2_sim:[254347. 252870. 251643.]
Task is 48.08% complete.
t1_sim:[244416. 244287. 253525.] t2_sim:[250957. 252400. 249938.]
Task is 96.15% complete.
t1_sim:[266022. 266546. 268567.] t2_sim:[223269. 220567. 231780.]
Task is 0.00% complete.
t1_sim:[263348. 265987. 263955.] t2_sim:[254347. 252870. 251643.]
Task is 48.08% complete.
t1_sim:[244416. 244287. 253525.] t2_sim:[250957. 252400. 249938.]
Task is 96.15% complete.
t1_sim:[266022. 266546. 268567.] t2_sim:[223269. 220567. 231780.]
Task is 0.00% complete.
t1_sim:[263348. 265987. 263955.] t2_sim:[254347. 252870. 251643.]
Task is 48.08% complete.
t1_sim:[244416. 244287. 253525.] t2_sim:[250957. 252400. 249938.]
Task is 96.15% complete.
t1_sim:[266022. 266546. 268567.] t2_sim:[223269. 220567. 231780.]
Task is 0.00% complete.
t1_sim:[263348. 265987. 263955.] t2_sim:[254347. 252870. 251643.]
Task is 48.08% complete.
t1_sim:[244416. 244287. 253525.] t2_sim:[250957. 252400. 249938.]
Task is 96.15% complete.
t1_sim:[266022. 266546. 268567.] t2_sim:[223269. 220567. 231780.]
Task is 0.00% complete.
t1_sim:[263348. 265987. 263955.] t2_sim:[254347. 252870. 251643.]
Task is 48.08% complete.
t1_sim:[244416. 244287. 253525.] t2_sim:[250957. 252400. 249938.]
Task is 96.15% complete.
t1_sim:[266022. 266546. 268567.] t2_sim:[223269. 220567. 231780.]
Task is 0.00% complete.
t1_sim:[263348. 265987. 263955.] t2_sim:[254347. 252870. 251643.]
Task is 48.08% complete.
t1_sim:[244416. 244287. 253525.] t2_sim:[250957. 252400. 249938.]
Task is 96.15% complete.
Training start
t1_obs:[array(267691.), array(267132.), array(264741.)] t2_obs:[array(264829.), array(264499.), array(265497.)]
corr_G1:[-0.02168816129311642, -0.07922945955987133, -0.14545011780108472] corr_G2:[0.3462695822840969, -0.15800509169092572, -0.18547997976201488]
Training end
Number of jobs: 48
/scratch/jz4721/Post-prediction-Causal-Inference/venv/lib/python3.8/site-packages/sklearn/impute/_iterative.py:785: ConvergenceWarning: [IterativeImputer] Early stopping criterion not reached.
  warnings.warn(
/scratch/jz4721/Post-prediction-Causal-Inference/venv/lib/python3.8/site-packages/sklearn/impute/_iterative.py:785: ConvergenceWarning: [IterativeImputer] Early stopping criterion not reached.
  warnings.warn(
