/scratch/jz4721/Post-prediction-Causal-Inference/venv/lib/python3.8/site-packages/numpy/core/getlimits.py:518: UserWarning: The value of the smallest subnormal for <class 'numpy.float64'> type is zero.
  setattr(self, word, getattr(machar, word).flat[0])
/scratch/jz4721/Post-prediction-Causal-Inference/venv/lib/python3.8/site-packages/numpy/core/getlimits.py:89: UserWarning: The value of the smallest subnormal for <class 'numpy.float64'> type is zero.
  return self._float_to_str(self.smallest_subnormal)
/scratch/jz4721/Post-prediction-Causal-Inference/venv/lib/python3.8/site-packages/numpy/core/getlimits.py:518: UserWarning: The value of the smallest subnormal for <class 'numpy.float32'> type is zero.
  setattr(self, word, getattr(machar, word).flat[0])
/scratch/jz4721/Post-prediction-Causal-Inference/venv/lib/python3.8/site-packages/numpy/core/getlimits.py:89: UserWarning: The value of the smallest subnormal for <class 'numpy.float32'> type is zero.
  return self._float_to_str(self.smallest_subnormal)
Training start
t1_obs:[array(66648.), array(66555.), array(67532.)] t2_obs:[array(61931.), array(62525.), array(60997.)]
corr_G1:[None, None, 0] corr_G2:[None, None, 4.094969830921781e-17]
Training end
Task is 0.00% complete.
t1_sim:[62937. 62685. 64854.] t2_sim:[61679. 61780. 62567.]
Task is 1.00% complete.
t1_sim:[64014. 64567. 63047.] t2_sim:[60924. 60795. 61342.]
Task is 2.00% complete.
t1_sim:[62375. 62146. 64338.] t2_sim:[62770. 62717. 61726.]
Task is 3.00% complete.
t1_sim:[67424. 67092. 66642.] t2_sim:[59696. 59532. 59864.]
Task is 4.00% complete.
t1_sim:[70560. 70115. 66391.] t2_sim:[64069. 63687. 64727.]
Task is 5.00% complete.
t1_sim:[62985. 62986. 61837.] t2_sim:[60251. 60210. 63998.]
Task is 6.00% complete.
t1_sim:[69010. 69204. 67407.] t2_sim:[69142. 68978. 65579.]
Task is 7.00% complete.
t1_sim:[66779. 66593. 63303.] t2_sim:[62419. 62373. 64391.]
Task is 8.00% complete.
t1_sim:[60191. 59877. 57083.] t2_sim:[59279. 59546. 59973.]
Task is 9.00% complete.
t1_sim:[67211. 67144. 68459.] t2_sim:[67554. 67504. 66003.]
Task is 10.00% complete.
t1_sim:[58060. 58047. 57969.] t2_sim:[64189. 64229. 66341.]
Task is 11.00% complete.
t1_sim:[57266. 57066. 58218.] t2_sim:[65282. 65026. 67031.]
Task is 12.00% complete.
t1_sim:[64053. 64002. 64198.] t2_sim:[68064. 67609. 68045.]
Task is 13.00% complete.
t1_sim:[67862. 67652. 64977.] t2_sim:[57847. 58101. 58583.]
Task is 14.00% complete.
t1_sim:[62633. 62521. 59709.] t2_sim:[60383. 60606. 61897.]
Task is 15.00% complete.
t1_sim:[62561. 62440. 66278.] t2_sim:[67469. 67788. 66383.]
Task is 16.00% complete.
t1_sim:[66302. 66415. 67329.] t2_sim:[67377. 67560. 64379.]
Task is 17.00% complete.
t1_sim:[61006. 61258. 66570.] t2_sim:[65285. 65466. 65598.]
Task is 18.00% complete.
t1_sim:[64483. 64180. 67205.] t2_sim:[61563. 61802. 59720.]
Task is 19.00% complete.
t1_sim:[59220. 59358. 57598.] t2_sim:[59202. 59602. 61930.]
Task is 20.00% complete.
t1_sim:[66206. 66177. 64339.] t2_sim:[61973. 61993. 61918.]
Task is 21.00% complete.
t1_sim:[60358. 60691. 59479.] t2_sim:[66800. 67333. 66551.]
Task is 22.00% complete.
t1_sim:[59066. 59350. 63706.] t2_sim:[66530. 66283. 66970.]
Task is 23.00% complete.
t1_sim:[58586. 58180. 57248.] t2_sim:[66476. 65899. 65395.]
Task is 24.00% complete.
t1_sim:[60215. 60360. 59191.] t2_sim:[64163. 64887. 65118.]
Task is 25.00% complete.
t1_sim:[64018. 64363. 68130.] t2_sim:[66278. 66406. 65052.]
Task is 26.00% complete.
t1_sim:[71474. 71503. 71484.] t2_sim:[68058. 68230. 69177.]
Task is 27.00% complete.
t1_sim:[62151. 62220. 59571.] t2_sim:[65578. 65119. 65508.]
Task is 28.00% complete.
t1_sim:[64269. 64129. 62510.] t2_sim:[65381. 65172. 64769.]
Task is 29.00% complete.
t1_sim:[64131. 63939. 62603.] t2_sim:[71959. 72448. 70514.]
Task is 30.00% complete.
t1_sim:[56625. 56275. 59569.] t2_sim:[64171. 63809. 62518.]
Task is 31.00% complete.
t1_sim:[61238. 60618. 59527.] t2_sim:[61748. 61965. 63074.]
Task is 32.00% complete.
t1_sim:[58926. 58832. 59124.] t2_sim:[63737. 63941. 61783.]
Task is 33.00% complete.
t1_sim:[59066. 59080. 59506.] t2_sim:[58069. 57963. 57971.]
Task is 34.00% complete.
t1_sim:[63116. 62687. 63860.] t2_sim:[65201. 64996. 63536.]
Task is 35.00% complete.
t1_sim:[65168. 64767. 62417.] t2_sim:[63638. 63892. 64171.]
Task is 36.00% complete.
t1_sim:[64647. 64477. 60358.] t2_sim:[58561. 58574. 57421.]
Task is 37.00% complete.
t1_sim:[59895. 59691. 58456.] t2_sim:[64622. 64471. 59664.]
Task is 38.00% complete.
t1_sim:[68485. 68629. 69113.] t2_sim:[58274. 58015. 59679.]
Task is 39.00% complete.
t1_sim:[61480. 61601. 58312.] t2_sim:[63187. 63226. 63934.]
Task is 40.00% complete.
t1_sim:[65706. 65763. 67686.] t2_sim:[59644. 59987. 60064.]
Task is 41.00% complete.
t1_sim:[64882. 64680. 65298.] t2_sim:[60471. 60223. 60383.]
Task is 42.00% complete.
t1_sim:[61674. 61292. 60929.] t2_sim:[59863. 59680. 63071.]
Task is 43.00% complete.
t1_sim:[69208. 69109. 67308.] t2_sim:[62826. 62577. 63007.]
Task is 44.00% complete.
t1_sim:[57503. 57237. 55326.] t2_sim:[57919. 58028. 61773.]
Task is 45.00% complete.
t1_sim:[62827. 62775. 65701.] t2_sim:[61387. 61658. 59966.]
Task is 46.00% complete.
t1_sim:[67110. 67440. 68654.] t2_sim:[62016. 62433. 61196.]
Task is 47.00% complete.
t1_sim:[56202. 56377. 60405.] t2_sim:[68990. 68882. 68031.]
Task is 48.00% complete.
t1_sim:[60452. 60334. 58186.] t2_sim:[60451. 60490. 61904.]
Task is 49.00% complete.
t1_sim:[63023. 63309. 64715.] t2_sim:[57935. 57566. 58801.]
Task is 50.00% complete.
t1_sim:[61651. 61680. 61092.] t2_sim:[62011. 62138. 63644.]
Task is 51.00% complete.
t1_sim:[62226. 62085. 63775.] t2_sim:[64941. 64929. 67968.]
Task is 52.00% complete.
t1_sim:[59381. 59632. 60529.] t2_sim:[66217. 65830. 60664.]
Task is 53.00% complete.
t1_sim:[62396. 62355. 62626.] t2_sim:[56532. 56423. 59135.]
Task is 54.00% complete.
t1_sim:[64601. 64686. 63702.] t2_sim:[64752. 64591. 62822.]
Task is 55.00% complete.
t1_sim:[66279. 66193. 61963.] t2_sim:[57063. 56927. 55793.]
Task is 56.00% complete.
t1_sim:[66021. 65936. 65627.] t2_sim:[68249. 68124. 61387.]
Task is 57.00% complete.
t1_sim:[64172. 64075. 62941.] t2_sim:[59987. 60345. 61121.]
Task is 58.00% complete.
t1_sim:[63341. 63668. 62854.] t2_sim:[55789. 55498. 57321.]
Task is 59.00% complete.
t1_sim:[60673. 60741. 61782.] t2_sim:[59295. 58946. 58265.]
Task is 60.00% complete.
t1_sim:[68173. 68454. 65629.] t2_sim:[59498. 60052. 62158.]
Task is 61.00% complete.
t1_sim:[62111. 61872. 63356.] t2_sim:[63056. 62981. 63455.]
Task is 62.00% complete.
t1_sim:[63538. 63563. 61879.] t2_sim:[64066. 64028. 62162.]
Task is 63.00% complete.
t1_sim:[62812. 62924. 63211.] t2_sim:[63594. 63017. 64840.]
Task is 64.00% complete.
t1_sim:[60853. 60903. 64073.] t2_sim:[61828. 61842. 61616.]
Task is 65.00% complete.
t1_sim:[62476. 62444. 62807.] t2_sim:[57803. 58058. 58802.]
Task is 66.00% complete.
t1_sim:[65201. 64825. 64926.] t2_sim:[59768. 59799. 61324.]
Task is 67.00% complete.
t1_sim:[61681. 61750. 62604.] t2_sim:[56879. 57002. 55839.]
Task is 68.00% complete.
t1_sim:[67487. 67647. 68400.] t2_sim:[58900. 58747. 57649.]
Task is 69.00% complete.
t1_sim:[62859. 63054. 62076.] t2_sim:[61665. 62050. 62875.]
Task is 70.00% complete.
t1_sim:[63245. 62809. 61852.] t2_sim:[62687. 62789. 63881.]
Task is 71.00% complete.
t1_sim:[57059. 57130. 59274.] t2_sim:[66030. 66489. 68310.]
Task is 72.00% complete.
t1_sim:[61970. 61882. 61623.] t2_sim:[65301. 65534. 65354.]
Task is 73.00% complete.
t1_sim:[58694. 58978. 63199.] t2_sim:[65432. 65306. 66487.]
Task is 74.00% complete.
t1_sim:[64988. 65034. 61450.] t2_sim:[62610. 62907. 64424.]
Task is 75.00% complete.
t1_sim:[63126. 62709. 62185.] t2_sim:[62667. 62375. 61849.]
Task is 76.00% complete.
t1_sim:[62667. 62025. 62423.] t2_sim:[62234. 62487. 60113.]
Task is 77.00% complete.
t1_sim:[63009. 62653. 63782.] t2_sim:[63137. 62748. 60022.]
Task is 78.00% complete.
t1_sim:[62332. 62255. 61897.] t2_sim:[59727. 59854. 61446.]
Task is 79.00% complete.
t1_sim:[58613. 58917. 61398.] t2_sim:[60445. 60067. 61088.]
Task is 80.00% complete.
t1_sim:[63873. 63862. 63176.] t2_sim:[67238. 67361. 67004.]
Task is 81.00% complete.
t1_sim:[60838. 60332. 64139.] t2_sim:[62167. 62128. 58482.]
Task is 82.00% complete.
t1_sim:[67288. 66991. 66300.] t2_sim:[63294. 63256. 61008.]
Task is 83.00% complete.
t1_sim:[59779. 59549. 63515.] t2_sim:[66302. 66885. 67179.]
Task is 84.00% complete.
t1_sim:[55832. 55634. 55792.] t2_sim:[59270. 59070. 62515.]
Task is 85.00% complete.
t1_sim:[58747. 58708. 59069.] t2_sim:[59262. 59022. 58069.]
Task is 86.00% complete.
t1_sim:[63330. 62966. 58995.] t2_sim:[62630. 62404. 61279.]
Task is 87.00% complete.
t1_sim:[60738. 60620. 61236.] t2_sim:[58740. 59514. 60603.]
Task is 88.00% complete.
t1_sim:[63733. 63834. 64081.] t2_sim:[57742. 57742. 59225.]
Task is 89.00% complete.
t1_sim:[61209. 60718. 60326.] t2_sim:[60194. 60218. 60752.]
Task is 90.00% complete.
t1_sim:[63099. 62562. 62790.] t2_sim:[55745. 55696. 57238.]
Task is 91.00% complete.
t1_sim:[69151. 69172. 68111.] t2_sim:[65904. 65831. 65594.]
Task is 92.00% complete.
t1_sim:[60082. 60300. 61273.] t2_sim:[60171. 60023. 60279.]
Task is 93.00% complete.
t1_sim:[64854. 64670. 62375.] t2_sim:[57977. 58251. 62136.]
Task is 94.00% complete.
t1_sim:[65426. 65326. 66517.] t2_sim:[62546. 62367. 58845.]
Task is 95.00% complete.
t1_sim:[62617. 62818. 62553.] t2_sim:[60807. 60413. 55301.]
Task is 96.00% complete.
t1_sim:[65880. 66518. 67424.] t2_sim:[65528. 66058. 61507.]
Task is 97.00% complete.
t1_sim:[61263. 61138. 59135.] t2_sim:[66222. 66247. 66511.]
Task is 98.00% complete.
t1_sim:[64193. 64029. 65655.] t2_sim:[65213. 65580. 66471.]
Task is 99.00% complete.
t1_sim:[69034. 69123. 69865.] t2_sim:[64828. 65339. 65843.]
Training start
t1_obs:[array(66648.), array(66555.), array(66971.)] t2_obs:[array(61931.), array(62525.), array(62972.)]
corr_G1:[None, None, 0.9780152344743314] corr_G2:[None, None, 0.9953505726092139]
Training end
Task is 0.00% complete.
t1_sim:[64974. 64573. 64049.] t2_sim:[60156. 59482. 59369.]
Task is 1.00% complete.
t1_sim:[63270. 63115. 61243.] t2_sim:[65029. 64878. 65636.]
Task is 2.00% complete.
t1_sim:[60738. 60698. 61925.] t2_sim:[59811. 59754. 61843.]
Task is 3.00% complete.
t1_sim:[65346. 65221. 64566.] t2_sim:[62608. 62705. 64804.]
Task is 4.00% complete.
t1_sim:[68733. 68666. 67485.] t2_sim:[68535. 68670. 67424.]
Task is 5.00% complete.
t1_sim:[60972. 60852. 60164.] t2_sim:[64225. 64400. 64988.]
Task is 6.00% complete.
t1_sim:[63652. 63460. 62062.] t2_sim:[58739. 58656. 59258.]
Task is 7.00% complete.
t1_sim:[65477. 65037. 63752.] t2_sim:[64885. 64689. 64739.]
Task is 8.00% complete.
t1_sim:[59827. 59895. 61573.] t2_sim:[59603. 59317. 59002.]
Task is 9.00% complete.
t1_sim:[62290. 62518. 60623.] t2_sim:[60247. 60375. 61024.]
Task is 10.00% complete.
t1_sim:[65442. 65696. 65367.] t2_sim:[63602. 63864. 62451.]
Task is 11.00% complete.
t1_sim:[65191. 65234. 65433.] t2_sim:[57117. 56967. 58607.]
Task is 12.00% complete.
t1_sim:[68690. 68547. 66228.] t2_sim:[58764. 58861. 60206.]
Task is 13.00% complete.
t1_sim:[61595. 61131. 61025.] t2_sim:[66755. 66800. 66196.]
Task is 14.00% complete.
t1_sim:[61035. 60992. 60712.] t2_sim:[64604. 64658. 63876.]
Task is 15.00% complete.
t1_sim:[63487. 63479. 64685.] t2_sim:[63469. 63566. 64225.]
Task is 16.00% complete.
t1_sim:[59651. 59538. 57642.] t2_sim:[58826. 58834. 60758.]
Task is 17.00% complete.
t1_sim:[55105. 54631. 54149.] t2_sim:[59639. 59865. 61407.]
Task is 18.00% complete.
t1_sim:[59165. 59321. 60796.] t2_sim:[57045. 57159. 59032.]
Task is 19.00% complete.
t1_sim:[65775. 65958. 66261.] t2_sim:[62047. 61605. 58883.]
Task is 20.00% complete.
t1_sim:[67608. 67428. 67594.] t2_sim:[74042. 73740. 73351.]
Task is 21.00% complete.
t1_sim:[64939. 64879. 64042.] t2_sim:[59237. 59578. 60088.]
Task is 22.00% complete.
t1_sim:[58954. 58455. 58441.] t2_sim:[68886. 69209. 69166.]
Task is 23.00% complete.
t1_sim:[63676. 63864. 62550.] t2_sim:[66972. 66825. 64739.]
Task is 24.00% complete.
t1_sim:[69272. 69347. 68664.] t2_sim:[69187. 69398. 69070.]
Task is 25.00% complete.
t1_sim:[62326. 62479. 62175.] t2_sim:[61256. 61377. 64017.]
Task is 26.00% complete.
t1_sim:[64658. 64474. 64736.] t2_sim:[59170. 58698. 60562.]
Task is 27.00% complete.
t1_sim:[59026. 59005. 60125.] t2_sim:[67960. 67890. 66195.]
Task is 28.00% complete.
t1_sim:[64035. 63900. 63342.] t2_sim:[64773. 63835. 65253.]
Task is 29.00% complete.
t1_sim:[60168. 60295. 60631.] t2_sim:[63204. 63403. 64755.]
Task is 30.00% complete.
t1_sim:[63992. 63579. 63879.] t2_sim:[61394. 61570. 60072.]
Task is 31.00% complete.
t1_sim:[67489. 67730. 69042.] t2_sim:[70255. 70245. 70432.]
Task is 32.00% complete.
t1_sim:[63106. 63262. 63908.] t2_sim:[58592. 58513. 59381.]
Task is 33.00% complete.
t1_sim:[62088. 61615. 62011.] t2_sim:[60963. 60731. 60165.]
Task is 34.00% complete.
t1_sim:[63908. 64392. 65722.] t2_sim:[64344. 64241. 64019.]
Task is 35.00% complete.
t1_sim:[60803. 60860. 62845.] t2_sim:[68047. 67668. 66928.]
Task is 36.00% complete.
t1_sim:[61630. 61607. 61707.] t2_sim:[58187. 57823. 58952.]
Task is 37.00% complete.
t1_sim:[64816. 65040. 65205.] t2_sim:[60174. 60176. 59320.]
Task is 38.00% complete.
t1_sim:[64723. 64549. 64246.] t2_sim:[61300. 61187. 62776.]
Task is 39.00% complete.
t1_sim:[55915. 55968. 52482.] t2_sim:[58252. 58548. 57831.]
Task is 40.00% complete.
t1_sim:[65929. 65880. 66756.] t2_sim:[63838. 63555. 62769.]
Task is 41.00% complete.
t1_sim:[61591. 61684. 63675.] t2_sim:[65365. 65245. 65078.]
Task is 42.00% complete.
t1_sim:[62684. 62561. 62019.] t2_sim:[57886. 57680. 59810.]
Task is 43.00% complete.
t1_sim:[65981. 65468. 67136.] t2_sim:[60531. 60194. 60871.]
Task is 44.00% complete.
t1_sim:[57881. 57937. 61216.] t2_sim:[65456. 65486. 65401.]
Task is 45.00% complete.
t1_sim:[59207. 59272. 59436.] t2_sim:[63093. 63433. 63135.]
Task is 46.00% complete.
t1_sim:[68309. 68500. 70540.] t2_sim:[61978. 61351. 60131.]
Task is 47.00% complete.
t1_sim:[62152. 62124. 61179.] t2_sim:[64182. 64960. 63050.]
Task is 48.00% complete.
t1_sim:[62030. 61832. 61818.] t2_sim:[67573. 67866. 67075.]
Task is 49.00% complete.
t1_sim:[67813. 67958. 66588.] t2_sim:[71129. 71129. 70893.]
Task is 50.00% complete.
t1_sim:[67551. 67809. 67041.] t2_sim:[61641. 61482. 60564.]
Task is 51.00% complete.
t1_sim:[66578. 66757. 65119.] t2_sim:[66793. 66757. 67484.]
Task is 52.00% complete.
t1_sim:[67701. 68057. 68283.] t2_sim:[60437. 60569. 59461.]
Task is 53.00% complete.
t1_sim:[62063. 62241. 61516.] t2_sim:[65860. 65553. 64382.]
Task is 54.00% complete.
t1_sim:[63980. 64250. 65298.] t2_sim:[66744. 67110. 65818.]
Task is 55.00% complete.
t1_sim:[63119. 62802. 61583.] t2_sim:[68680. 68824. 69305.]
Task is 56.00% complete.
t1_sim:[63122. 62999. 63175.] t2_sim:[63162. 63219. 62860.]
Task is 57.00% complete.
t1_sim:[63501. 63114. 62428.] t2_sim:[62863. 62549. 62637.]
Task is 58.00% complete.
t1_sim:[63792. 64153. 63980.] t2_sim:[61848. 61800. 61166.]
Task is 59.00% complete.
t1_sim:[64410. 64164. 61949.] t2_sim:[61728. 61842. 59446.]
Task is 60.00% complete.
t1_sim:[63725. 63618. 66140.] t2_sim:[56262. 56374. 55302.]
Task is 61.00% complete.
t1_sim:[59817. 60205. 60354.] t2_sim:[66321. 66367. 64825.]
Task is 62.00% complete.
t1_sim:[59611. 59760. 59512.] t2_sim:[61693. 61677. 64315.]
Task is 63.00% complete.
t1_sim:[65034. 65165. 64728.] t2_sim:[62359. 62078. 64318.]
Task is 64.00% complete.
t1_sim:[67119. 66747. 68781.] t2_sim:[61021. 60658. 61256.]
Task is 65.00% complete.
t1_sim:[60497. 60949. 60014.] t2_sim:[62880. 62725. 65731.]
Task is 66.00% complete.
t1_sim:[60747. 60761. 60295.] t2_sim:[63427. 63367. 63710.]
Task is 67.00% complete.
t1_sim:[64918. 65301. 64197.] t2_sim:[65133. 65628. 66978.]
Task is 68.00% complete.
t1_sim:[64779. 65179. 65684.] t2_sim:[69473. 68936. 69168.]
Task is 69.00% complete.
t1_sim:[65687. 65494. 67048.] t2_sim:[65726. 65805. 64824.]
Task is 70.00% complete.
t1_sim:[67359. 67626. 66189.] t2_sim:[61437. 61546. 62974.]
Task is 71.00% complete.
t1_sim:[67961. 68038. 65880.] t2_sim:[63241. 63153. 61782.]
Task is 72.00% complete.
t1_sim:[63216. 63482. 62144.] t2_sim:[60578. 60503. 60705.]
Task is 73.00% complete.
t1_sim:[64915. 64577. 66523.] t2_sim:[62905. 62649. 59687.]
Task is 74.00% complete.
t1_sim:[57817. 57759. 60349.] t2_sim:[59727. 59750. 59313.]
Task is 75.00% complete.
t1_sim:[58022. 57917. 60001.] t2_sim:[62945. 63418. 64182.]
Task is 76.00% complete.
t1_sim:[63873. 64051. 63166.] t2_sim:[53425. 53466. 52301.]
Task is 77.00% complete.
t1_sim:[63507. 63694. 64542.] t2_sim:[60148. 60149. 61938.]
Task is 78.00% complete.
t1_sim:[59177. 58971. 59323.] t2_sim:[61744. 61511. 61272.]
Task is 79.00% complete.
t1_sim:[60108. 60149. 60922.] t2_sim:[67437. 67298. 68758.]
Task is 80.00% complete.
t1_sim:[56541. 56451. 57023.] t2_sim:[56314. 56531. 57656.]
Task is 81.00% complete.
t1_sim:[66963. 66978. 67319.] t2_sim:[62369. 62299. 63284.]
Task is 82.00% complete.
t1_sim:[61230. 61179. 60121.] t2_sim:[64642. 64618. 63900.]
Task is 83.00% complete.
t1_sim:[67361. 67288. 69398.] t2_sim:[64238. 63914. 63558.]
Task is 84.00% complete.
t1_sim:[60899. 60994. 61174.] t2_sim:[64748. 64446. 65201.]
Task is 85.00% complete.
t1_sim:[58982. 59446. 60734.] t2_sim:[61633. 61726. 62933.]
Task is 86.00% complete.
t1_sim:[63532. 63640. 64287.] t2_sim:[65200. 65353. 64754.]
Task is 87.00% complete.
t1_sim:[61341. 61300. 61521.] t2_sim:[60752. 60885. 62594.]
Task is 88.00% complete.
t1_sim:[67785. 68018. 68301.] t2_sim:[61282. 61571. 62240.]
Task is 89.00% complete.
t1_sim:[66582. 66425. 66684.] t2_sim:[63269. 63227. 63963.]
Task is 90.00% complete.
t1_sim:[66083. 65798. 67133.] t2_sim:[59889. 59765. 59075.]
Task is 91.00% complete.
t1_sim:[58889. 58665. 57603.] t2_sim:[62573. 62544. 63771.]
Task is 92.00% complete.
t1_sim:[66499. 66227. 65284.] t2_sim:[61795. 61751. 60375.]
Task is 93.00% complete.
t1_sim:[62965. 63046. 62093.] t2_sim:[60919. 61280. 59692.]
Task is 94.00% complete.
t1_sim:[68618. 68396. 67484.] t2_sim:[59527. 59618. 61169.]
Task is 95.00% complete.
t1_sim:[63836. 63577. 62438.] t2_sim:[57594. 57347. 57370.]
Task is 96.00% complete.
t1_sim:[62234. 62398. 61364.] t2_sim:[61601. 61791. 62490.]
Task is 97.00% complete.
t1_sim:[61327. 61365. 62091.] t2_sim:[67245. 66897. 66018.]
Task is 98.00% complete.
t1_sim:[65612. 65534. 66076.] t2_sim:[61756. 61276. 62961.]
Task is 99.00% complete.
t1_sim:[59873. 59678. 61722.] t2_sim:[63768. 63588. 64338.]
Training start
t1_obs:[array(66648.), array(66555.), array(66729.)] t2_obs:[array(61931.), array(62525.), array(62739.)]
corr_G1:[None, None, -0.08713573496510518] corr_G2:[None, None, 0.050910466504052045]
Training end
Task is 0.00% complete.
t1_sim:[64127. 64098. 64599.] t2_sim:[60955. 60876. 63394.]
Task is 1.00% complete.
t1_sim:[61529. 61322. 59877.] t2_sim:[59350. 59355. 58049.]
Task is 2.00% complete.
t1_sim:[62895. 62530. 63361.] t2_sim:[60217. 60142. 59615.]
Task is 3.00% complete.
t1_sim:[65746. 65919. 66046.] t2_sim:[61250. 61297. 62260.]
Task is 4.00% complete.
t1_sim:[66375. 66429. 64617.] t2_sim:[62660. 62000. 60717.]
Task is 5.00% complete.
t1_sim:[63841. 63915. 66128.] t2_sim:[62622. 62202. 62811.]
Task is 6.00% complete.
t1_sim:[58104. 58553. 56310.] t2_sim:[62260. 62483. 62156.]
Task is 7.00% complete.
t1_sim:[62407. 62682. 63659.] t2_sim:[62847. 62706. 62208.]
Task is 8.00% complete.
t1_sim:[61733. 61945. 61424.] t2_sim:[61335. 61615. 63173.]
Task is 9.00% complete.
t1_sim:[62318. 62667. 61041.] t2_sim:[62416. 62437. 64320.]
Task is 10.00% complete.
t1_sim:[64924. 64870. 67140.] t2_sim:[60097. 60313. 62004.]
Task is 11.00% complete.
t1_sim:[62569. 62856. 63690.] t2_sim:[62571. 63012. 63180.]
Task is 12.00% complete.
t1_sim:[64625. 64400. 63176.] t2_sim:[61258. 61214. 61222.]
Task is 13.00% complete.
t1_sim:[59888. 60166. 62267.] t2_sim:[56089. 56313. 57975.]
Task is 14.00% complete.
t1_sim:[61465. 61190. 60609.] t2_sim:[66242. 66110. 66443.]
Task is 15.00% complete.
t1_sim:[62510. 62350. 61164.] t2_sim:[60354. 60216. 59894.]
Task is 16.00% complete.
t1_sim:[66628. 66940. 68368.] t2_sim:[60947. 61021. 59936.]
Task is 17.00% complete.
t1_sim:[65607. 65351. 64283.] t2_sim:[59648. 59708. 59393.]
Task is 18.00% complete.
t1_sim:[64309. 64200. 63125.] t2_sim:[65257. 65262. 66085.]
Task is 19.00% complete.
t1_sim:[64560. 64492. 67000.] t2_sim:[62323. 62398. 61095.]
Task is 20.00% complete.
t1_sim:[60425. 60773. 59333.] t2_sim:[59731. 59782. 63029.]
Task is 21.00% complete.
t1_sim:[66244. 66088. 66183.] t2_sim:[66616. 66532. 66447.]
Task is 22.00% complete.
t1_sim:[58665. 58917. 60655.] t2_sim:[61910. 62113. 64330.]
Task is 23.00% complete.
t1_sim:[58245. 58210. 59039.] t2_sim:[69733. 69551. 71962.]
Task is 24.00% complete.
t1_sim:[63894. 63976. 65132.] t2_sim:[63101. 63263. 63244.]
Task is 25.00% complete.
t1_sim:[60591. 60525. 60345.] t2_sim:[62490. 62789. 61698.]
Task is 26.00% complete.
t1_sim:[57648. 57537. 56076.] t2_sim:[63994. 63683. 65252.]
Task is 27.00% complete.
t1_sim:[66335. 66098. 66662.] t2_sim:[61453. 61308. 60203.]
Task is 28.00% complete.
t1_sim:[62703. 63078. 62816.] t2_sim:[65234. 65363. 66176.]
Task is 29.00% complete.
t1_sim:[60204. 60376. 61917.] t2_sim:[58382. 58985. 61005.]
Task is 30.00% complete.
t1_sim:[63221. 63403. 62391.] t2_sim:[62020. 61729. 59168.]
Task is 31.00% complete.
t1_sim:[65111. 65017. 65152.] t2_sim:[65607. 65665. 67005.]
Task is 32.00% complete.
t1_sim:[64551. 64469. 64926.] t2_sim:[64024. 63794. 60573.]
Task is 33.00% complete.
t1_sim:[60596. 60584. 62922.] t2_sim:[61221. 61138. 60934.]
Task is 34.00% complete.
t1_sim:[61986. 62496. 63997.] t2_sim:[65896. 65337. 63040.]
Task is 35.00% complete.
t1_sim:[60466. 60163. 60349.] t2_sim:[69069. 69523. 69095.]
Task is 36.00% complete.
t1_sim:[68081. 67920. 66040.] t2_sim:[64261. 63919. 60721.]
Task is 37.00% complete.
t1_sim:[61204. 61466. 62006.] t2_sim:[56467. 56772. 56849.]
Task is 38.00% complete.
t1_sim:[69239. 69410. 67372.] t2_sim:[64809. 64934. 66129.]
Task is 39.00% complete.
t1_sim:[61606. 61842. 63646.] t2_sim:[58519. 58489. 58450.]
Task is 40.00% complete.
t1_sim:[68862. 69136. 68349.] t2_sim:[66402. 66569. 65388.]
Task is 41.00% complete.
t1_sim:[59880. 60013. 61195.] t2_sim:[62003. 62025. 60891.]
Task is 42.00% complete.
t1_sim:[62979. 62919. 63825.] t2_sim:[65378. 66144. 68268.]
Task is 43.00% complete.
t1_sim:[61889. 62171. 64056.] t2_sim:[64256. 64325. 66463.]
Task is 44.00% complete.
t1_sim:[64521. 64756. 67465.] t2_sim:[59855. 59702. 61171.]
Task is 45.00% complete.
t1_sim:[69972. 70118. 69677.] t2_sim:[62865. 62385. 61159.]
Task is 46.00% complete.
t1_sim:[55490. 55255. 54076.] t2_sim:[59560. 59385. 58245.]
Task is 47.00% complete.
t1_sim:[64070. 64266. 63955.] t2_sim:[63904. 63706. 64168.]
Task is 48.00% complete.
t1_sim:[56020. 55957. 57527.] t2_sim:[66406. 66624. 68860.]
Task is 49.00% complete.
t1_sim:[66734. 66792. 67032.] t2_sim:[57451. 57396. 57503.]
Task is 50.00% complete.
t1_sim:[67727. 67858. 69103.] t2_sim:[67550. 67873. 67603.]
Task is 51.00% complete.
t1_sim:[66869. 66704. 67216.] t2_sim:[61418. 61365. 61927.]
Task is 52.00% complete.
t1_sim:[60500. 60647. 61616.] t2_sim:[59854. 59974. 62406.]
Task is 53.00% complete.
t1_sim:[65326. 65262. 63864.] t2_sim:[70102. 70297. 68502.]
Task is 54.00% complete.
t1_sim:[63159. 62935. 65153.] t2_sim:[66064. 66187. 64898.]
Task is 55.00% complete.
t1_sim:[58993. 58542. 58275.] t2_sim:[60588. 60696. 59137.]
Task is 56.00% complete.
t1_sim:[67303. 67084. 67098.] t2_sim:[66841. 67248. 66918.]
Task is 57.00% complete.
t1_sim:[67940. 67920. 68798.] t2_sim:[60384. 60322. 59993.]
Task is 58.00% complete.
t1_sim:[61143. 60933. 59857.] t2_sim:[60520. 60952. 60091.]
Task is 59.00% complete.
t1_sim:[62669. 62465. 62869.] t2_sim:[58462. 58616. 59982.]
Task is 60.00% complete.
t1_sim:[63924. 63780. 64290.] t2_sim:[58916. 58487. 60104.]
Task is 61.00% complete.
t1_sim:[54784. 55015. 57621.] t2_sim:[64897. 65207. 65643.]
Task is 62.00% complete.
t1_sim:[66176. 66698. 67856.] t2_sim:[65087. 65214. 64666.]
Task is 63.00% complete.
t1_sim:[60297. 60368. 60714.] t2_sim:[61512. 61448. 62459.]
Task is 64.00% complete.
t1_sim:[61382. 61735. 61331.] t2_sim:[60710. 60954. 61980.]
Task is 65.00% complete.
t1_sim:[65941. 65804. 63930.] t2_sim:[69057. 69107. 69309.]
Task is 66.00% complete.
t1_sim:[62846. 62873. 63205.] t2_sim:[62293. 62601. 63811.]
Task is 67.00% complete.
t1_sim:[66047. 65856. 66028.] t2_sim:[64757. 64594. 66275.]
Task is 68.00% complete.
t1_sim:[65681. 65940. 67540.] t2_sim:[65059. 65371. 64256.]
Task is 69.00% complete.
t1_sim:[68306. 68172. 68122.] t2_sim:[63034. 63206. 63912.]
Task is 70.00% complete.
t1_sim:[62336. 62119. 61479.] t2_sim:[64466. 64016. 62396.]
Task is 71.00% complete.
t1_sim:[55803. 55788. 54919.] t2_sim:[63580. 63737. 64795.]
Task is 72.00% complete.
t1_sim:[65620. 65307. 65223.] t2_sim:[64041. 64287. 64333.]
Task is 73.00% complete.
t1_sim:[58270. 58405. 57445.] t2_sim:[60892. 61220. 63762.]
Task is 74.00% complete.
t1_sim:[66042. 65852. 67916.] t2_sim:[63444. 63773. 64949.]
Task is 75.00% complete.
t1_sim:[67763. 67946. 67770.] t2_sim:[67522. 67666. 65497.]
Task is 76.00% complete.
t1_sim:[66749. 66524. 64102.] t2_sim:[53944. 54092. 54654.]
Task is 77.00% complete.
t1_sim:[60787. 60859. 60424.] t2_sim:[62203. 62359. 65588.]
Task is 78.00% complete.
t1_sim:[61704. 61897. 63128.] t2_sim:[64609. 64696. 62931.]
Task is 79.00% complete.
t1_sim:[57532. 57501. 57730.] t2_sim:[57894. 57741. 59079.]
Task is 80.00% complete.
t1_sim:[68433. 68523. 66942.] t2_sim:[63091. 63204. 62288.]
Task is 81.00% complete.
t1_sim:[59418. 59148. 58410.] t2_sim:[63034. 63170. 62993.]
Task is 82.00% complete.
t1_sim:[68032. 68420. 68302.] t2_sim:[61836. 61622. 61113.]
Task is 83.00% complete.
t1_sim:[56672. 56409. 57273.] t2_sim:[57463. 57177. 57657.]
Task is 84.00% complete.
t1_sim:[61267. 61048. 62553.] t2_sim:[65196. 64841. 64185.]
Task is 85.00% complete.
t1_sim:[65603. 65250. 64839.] t2_sim:[62714. 63019. 61231.]
Task is 86.00% complete.
t1_sim:[61626. 61352. 61450.] t2_sim:[65323. 65273. 65687.]
Task is 87.00% complete.
t1_sim:[61603. 61669. 61606.] t2_sim:[63039. 62940. 62212.]
Task is 88.00% complete.
t1_sim:[59218. 59218. 59045.] t2_sim:[68731. 68995. 69905.]
Task is 89.00% complete.
t1_sim:[68207. 67935. 67619.] t2_sim:[61534. 61876. 60660.]
Task is 90.00% complete.
t1_sim:[66801. 66622. 66073.] t2_sim:[65022. 64365. 65673.]
Task is 91.00% complete.
t1_sim:[61889. 61693. 62619.] t2_sim:[57934. 57655. 57918.]
Task is 92.00% complete.
t1_sim:[58047. 57633. 57708.] t2_sim:[66486. 66557. 65921.]
Task is 93.00% complete.
t1_sim:[62808. 62310. 62001.] t2_sim:[59258. 58960. 59351.]
Task is 94.00% complete.
t1_sim:[65115. 64890. 63448.] t2_sim:[59349. 59446. 57924.]
Task is 95.00% complete.
t1_sim:[57937. 57915. 58406.] t2_sim:[59439. 59870. 60224.]
Task is 96.00% complete.
t1_sim:[64946. 65003. 67615.] t2_sim:[59792. 59852. 61891.]
Task is 97.00% complete.
t1_sim:[60337. 60511. 61798.] t2_sim:[65312. 65195. 64482.]
Task is 98.00% complete.
t1_sim:[63321. 63658. 65442.] t2_sim:[55412. 55667. 58523.]
Task is 99.00% complete.
t1_sim:[59689. 59402. 59795.] t2_sim:[63194. 63153. 61861.]
Finished
