/scratch/jz4721/Post-prediction-Causal-Inference/venv/lib/python3.8/site-packages/numpy/core/getlimits.py:518: UserWarning: The value of the smallest subnormal for <class 'numpy.float64'> type is zero.
  setattr(self, word, getattr(machar, word).flat[0])
/scratch/jz4721/Post-prediction-Causal-Inference/venv/lib/python3.8/site-packages/numpy/core/getlimits.py:89: UserWarning: The value of the smallest subnormal for <class 'numpy.float64'> type is zero.
  return self._float_to_str(self.smallest_subnormal)
/scratch/jz4721/Post-prediction-Causal-Inference/venv/lib/python3.8/site-packages/numpy/core/getlimits.py:518: UserWarning: The value of the smallest subnormal for <class 'numpy.float32'> type is zero.
  setattr(self, word, getattr(machar, word).flat[0])
/scratch/jz4721/Post-prediction-Causal-Inference/venv/lib/python3.8/site-packages/numpy/core/getlimits.py:89: UserWarning: The value of the smallest subnormal for <class 'numpy.float32'> type is zero.
  return self._float_to_str(self.smallest_subnormal)
Training start
t1_obs:[array(58743.), array(59214.), array(61128.)] t2_obs:[array(60230.), array(60140.), array(61014.)]
corr_G1:[None, None, 0] corr_G2:[None, None, -6.668400869855374e-17]
Training end
Task is 0.00% complete.
t1_sim:[68427. 68996. 67010.] t2_sim:[62044. 61865. 59713.]
Task is 1.00% complete.
t1_sim:[63241. 62880. 60961.] t2_sim:[65606. 65782. 60385.]
Task is 2.00% complete.
t1_sim:[53982. 54218. 52618.] t2_sim:[65700. 65405. 64613.]
Task is 3.00% complete.
t1_sim:[65301. 65232. 65819.] t2_sim:[68117. 68147. 65356.]
Task is 4.00% complete.
t1_sim:[58067. 58181. 59841.] t2_sim:[62558. 62163. 64465.]
Task is 5.00% complete.
t1_sim:[63238. 63304. 59834.] t2_sim:[61641. 62091. 62050.]
Task is 6.00% complete.
t1_sim:[62287. 62050. 62492.] t2_sim:[61126. 60971. 61815.]
Task is 7.00% complete.
t1_sim:[61614. 61307. 56346.] t2_sim:[57629. 57321. 58177.]
Task is 8.00% complete.
t1_sim:[63342. 63889. 62128.] t2_sim:[65277. 65421. 67489.]
Task is 9.00% complete.
t1_sim:[64068. 64661. 64088.] t2_sim:[61070. 60935. 61238.]
Task is 10.00% complete.
t1_sim:[62708. 62608. 65114.] t2_sim:[58828. 59453. 60308.]
Task is 11.00% complete.
t1_sim:[65542. 65928. 66029.] t2_sim:[61978. 61974. 62923.]
Task is 12.00% complete.
t1_sim:[56877. 57119. 56103.] t2_sim:[59708. 60022. 63343.]
Task is 13.00% complete.
t1_sim:[63351. 63156. 61688.] t2_sim:[62440. 62524. 61323.]
Task is 14.00% complete.
t1_sim:[66999. 66769. 68190.] t2_sim:[57209. 57370. 57101.]
Task is 15.00% complete.
t1_sim:[66617. 66227. 65454.] t2_sim:[63381. 63509. 69389.]
Task is 16.00% complete.
t1_sim:[59474. 59102. 61351.] t2_sim:[60231. 60479. 61079.]
Task is 17.00% complete.
t1_sim:[56736. 56769. 57189.] t2_sim:[66024. 65917. 66816.]
Task is 18.00% complete.
t1_sim:[57197. 57164. 58435.] t2_sim:[68158. 68612. 64495.]
Task is 19.00% complete.
t1_sim:[65327. 65580. 64973.] t2_sim:[64967. 64386. 64687.]
Task is 20.00% complete.
t1_sim:[61037. 61169. 64807.] t2_sim:[64353. 64429. 63517.]
Task is 21.00% complete.
t1_sim:[61175. 61435. 59241.] t2_sim:[54938. 54718. 55206.]
Task is 22.00% complete.
t1_sim:[68100. 67738. 67438.] t2_sim:[60356. 60180. 56962.]
Task is 23.00% complete.
t1_sim:[68634. 68446. 63893.] t2_sim:[59397. 59216. 66080.]
Task is 24.00% complete.
t1_sim:[65173. 65108. 64821.] t2_sim:[65435. 65222. 67278.]
Task is 25.00% complete.
t1_sim:[61042. 60890. 60962.] t2_sim:[57992. 58055. 59946.]
Task is 26.00% complete.
t1_sim:[66239. 66201. 65815.] t2_sim:[61913. 61925. 63500.]
Task is 27.00% complete.
t1_sim:[62566. 62427. 64309.] t2_sim:[64629. 64962. 63053.]
Task is 28.00% complete.
t1_sim:[62818. 62926. 59694.] t2_sim:[63401. 62914. 59809.]
Task is 29.00% complete.
t1_sim:[63709. 63717. 58048.] t2_sim:[60103. 59755. 59344.]
Task is 30.00% complete.
t1_sim:[66682. 66479. 66042.] t2_sim:[67678. 67350. 64630.]
Task is 31.00% complete.
t1_sim:[66166. 66075. 63634.] t2_sim:[61449. 60973. 60826.]
Task is 32.00% complete.
t1_sim:[64341. 64603. 64496.] t2_sim:[63910. 64051. 65711.]
Task is 33.00% complete.
t1_sim:[57507. 57405. 62388.] t2_sim:[59325. 59260. 61234.]
Task is 34.00% complete.
t1_sim:[60958. 61105. 63166.] t2_sim:[62618. 62220. 59943.]
Task is 35.00% complete.
t1_sim:[60171. 59910. 59358.] t2_sim:[70252. 70340. 67252.]
Task is 36.00% complete.
t1_sim:[61686. 61663. 64255.] t2_sim:[59805. 59802. 61883.]
Task is 37.00% complete.
t1_sim:[65854. 66092. 66819.] t2_sim:[64639. 64544. 62915.]
Task is 38.00% complete.
t1_sim:[65250. 64912. 64385.] t2_sim:[60751. 60953. 59295.]
Task is 39.00% complete.
t1_sim:[59969. 59717. 58611.] t2_sim:[61479. 61736. 63244.]
Task is 40.00% complete.
t1_sim:[67932. 67645. 65708.] t2_sim:[63386. 63495. 64514.]
Task is 41.00% complete.
t1_sim:[65562. 65341. 63132.] t2_sim:[63745. 63692. 62487.]
Task is 42.00% complete.
t1_sim:[66962. 66158. 68396.] t2_sim:[65742. 65519. 63422.]
Task is 43.00% complete.
t1_sim:[67228. 66868. 66281.] t2_sim:[63488. 63558. 63036.]
Task is 44.00% complete.
t1_sim:[66089. 65746. 66143.] t2_sim:[62751. 62846. 62093.]
Task is 45.00% complete.
t1_sim:[64963. 65442. 65474.] t2_sim:[65150. 65419. 64346.]
Task is 46.00% complete.
t1_sim:[62035. 62398. 64190.] t2_sim:[57080. 57538. 55989.]
Task is 47.00% complete.
t1_sim:[63901. 63758. 65316.] t2_sim:[60519. 60014. 59502.]
Task is 48.00% complete.
t1_sim:[63371. 62877. 62217.] t2_sim:[59168. 59389. 59423.]
Task is 49.00% complete.
t1_sim:[60130. 59734. 56052.] t2_sim:[58037. 58098. 63770.]
Task is 50.00% complete.
t1_sim:[61352. 61500. 64954.] t2_sim:[57515. 57238. 56192.]
Task is 51.00% complete.
t1_sim:[57381. 57718. 57040.] t2_sim:[67897. 67920. 69750.]
Task is 52.00% complete.
t1_sim:[62079. 61984. 61739.] t2_sim:[66052. 66349. 64662.]
Task is 53.00% complete.
t1_sim:[60901. 60625. 59968.] t2_sim:[63458. 62903. 63077.]
Task is 54.00% complete.
t1_sim:[63059. 62925. 61138.] t2_sim:[65076. 65158. 64002.]
Task is 55.00% complete.
t1_sim:[59946. 60222. 61538.] t2_sim:[72029. 71335. 69592.]
Task is 56.00% complete.
t1_sim:[64130. 63904. 63731.] t2_sim:[57179. 57319. 56883.]
Task is 57.00% complete.
t1_sim:[65546. 65464. 64714.] t2_sim:[62457. 62252. 63139.]
Task is 58.00% complete.
t1_sim:[64367. 64518. 67601.] t2_sim:[61935. 61528. 61444.]
Task is 59.00% complete.
t1_sim:[64511. 63964. 62123.] t2_sim:[66539. 66872. 67013.]
Task is 60.00% complete.
t1_sim:[60610. 60602. 62692.] t2_sim:[60556. 60827. 65052.]
Task is 61.00% complete.
t1_sim:[63445. 63211. 59486.] t2_sim:[62627. 62525. 60948.]
Task is 62.00% complete.
t1_sim:[59215. 59650. 58395.] t2_sim:[58659. 58549. 62291.]
Task is 63.00% complete.
t1_sim:[59967. 60790. 63665.] t2_sim:[61949. 61990. 63312.]
Task is 64.00% complete.
t1_sim:[65332. 64973. 66069.] t2_sim:[63967. 63566. 61311.]
Task is 65.00% complete.
t1_sim:[64839. 64809. 66113.] t2_sim:[60919. 61174. 64831.]
Task is 66.00% complete.
t1_sim:[59775. 59555. 58259.] t2_sim:[59139. 59496. 62472.]
Task is 67.00% complete.
t1_sim:[68077. 68312. 66987.] t2_sim:[63494. 63805. 64096.]
Task is 68.00% complete.
t1_sim:[66177. 66101. 64140.] t2_sim:[58118. 57931. 58417.]
Task is 69.00% complete.
t1_sim:[65637. 65474. 63033.] t2_sim:[64341. 64699. 63798.]
Task is 70.00% complete.
t1_sim:[62483. 62895. 66360.] t2_sim:[60213. 59895. 59618.]
Task is 71.00% complete.
t1_sim:[61343. 60309. 62306.] t2_sim:[62227. 62171. 62765.]
Task is 72.00% complete.
t1_sim:[65373. 66178. 64525.] t2_sim:[57893. 57865. 60595.]
Task is 73.00% complete.
t1_sim:[65125. 64501. 65629.] t2_sim:[62380. 62443. 65782.]
Task is 74.00% complete.
t1_sim:[61726. 61874. 62591.] t2_sim:[63143. 63407. 61691.]
Task is 75.00% complete.
t1_sim:[66808. 66448. 64383.] t2_sim:[58251. 57940. 56784.]
Task is 76.00% complete.
t1_sim:[60744. 61164. 58586.] t2_sim:[66269. 66327. 64202.]
Task is 77.00% complete.
t1_sim:[62298. 62440. 59800.] t2_sim:[65193. 65292. 63650.]
Task is 78.00% complete.
t1_sim:[59432. 59261. 57237.] t2_sim:[60943. 61189. 63369.]
Task is 79.00% complete.
t1_sim:[60550. 60188. 61897.] t2_sim:[61256. 60659. 62446.]
Task is 80.00% complete.
t1_sim:[66651. 67308. 67065.] t2_sim:[61477. 61752. 59751.]
Task is 81.00% complete.
t1_sim:[65621. 65799. 61368.] t2_sim:[64535. 64392. 62852.]
Task is 82.00% complete.
t1_sim:[62607. 62464. 60378.] t2_sim:[69795. 69730. 70993.]
Task is 83.00% complete.
t1_sim:[70138. 70489. 69711.] t2_sim:[60529. 60435. 61623.]
Task is 84.00% complete.
t1_sim:[55488. 55689. 57185.] t2_sim:[62115. 62050. 64044.]
Task is 85.00% complete.
t1_sim:[57210. 57405. 59413.] t2_sim:[61601. 61490. 61777.]
Task is 86.00% complete.
t1_sim:[66532. 66447. 66398.] t2_sim:[62025. 62095. 61522.]
Task is 87.00% complete.
t1_sim:[60879. 60922. 60054.] t2_sim:[59950. 59479. 62686.]
Task is 88.00% complete.
t1_sim:[61622. 61962. 61761.] t2_sim:[62832. 62298. 60773.]
Task is 89.00% complete.
t1_sim:[64947. 64597. 66550.] t2_sim:[61060. 60902. 62166.]
Task is 90.00% complete.
t1_sim:[58598. 59033. 57999.] t2_sim:[67838. 67474. 65815.]
Task is 91.00% complete.
t1_sim:[61959. 61742. 61789.] t2_sim:[61327. 61038. 63491.]
Task is 92.00% complete.
t1_sim:[61154. 61487. 64430.] t2_sim:[64794. 63931. 64331.]
Task is 93.00% complete.
t1_sim:[64631. 64699. 64766.] t2_sim:[59505. 59082. 58544.]
Task is 94.00% complete.
t1_sim:[70498. 69988. 71411.] t2_sim:[69456. 69652. 65698.]
Task is 95.00% complete.
t1_sim:[67598. 67545. 66346.] t2_sim:[64310. 64525. 65616.]
Task is 96.00% complete.
t1_sim:[64394. 64446. 65875.] t2_sim:[60815. 61094. 61771.]
Task is 97.00% complete.
t1_sim:[63606. 63909. 64625.] t2_sim:[59946. 60035. 62889.]
Task is 98.00% complete.
t1_sim:[69087. 69035. 66708.] t2_sim:[57291. 57348. 63470.]
Task is 99.00% complete.
t1_sim:[62512. 62215. 65263.] t2_sim:[67088. 67007. 64973.]
Training start
t1_obs:[array(58743.), array(59214.), array(60477.)] t2_obs:[array(60230.), array(60140.), array(60553.)]
corr_G1:[None, None, 0.9389625751069687] corr_G2:[None, None, 0.9330310090947999]
Training end
Task is 0.00% complete.
t1_sim:[66025. 66329. 68123.] t2_sim:[58678. 59415. 59031.]
Task is 1.00% complete.
t1_sim:[58605. 58776. 58594.] t2_sim:[59542. 59548. 58635.]
Task is 2.00% complete.
t1_sim:[64677. 64670. 63881.] t2_sim:[60561. 60785. 61519.]
Task is 3.00% complete.
t1_sim:[65088. 64932. 65426.] t2_sim:[58556. 58212. 58300.]
Task is 4.00% complete.
t1_sim:[59128. 59037. 57907.] t2_sim:[63511. 63585. 63640.]
Task is 5.00% complete.
t1_sim:[68229. 68113. 66321.] t2_sim:[64447. 64549. 63714.]
Task is 6.00% complete.
t1_sim:[61969. 62093. 62253.] t2_sim:[64411. 64369. 62860.]
Task is 7.00% complete.
t1_sim:[57887. 57446. 58390.] t2_sim:[58725. 59214. 56330.]
Task is 8.00% complete.
t1_sim:[59102. 59482. 60301.] t2_sim:[68241. 68255. 66936.]
Task is 9.00% complete.
t1_sim:[56179. 55965. 56684.] t2_sim:[64221. 64086. 64589.]
Task is 10.00% complete.
t1_sim:[63690. 63700. 63534.] t2_sim:[62842. 63145. 64064.]
Task is 11.00% complete.
t1_sim:[71146. 71187. 68555.] t2_sim:[62589. 62797. 64093.]
Task is 12.00% complete.
t1_sim:[64392. 64278. 61417.] t2_sim:[66160. 65500. 66801.]
Task is 13.00% complete.
t1_sim:[59994. 59834. 59464.] t2_sim:[65540. 65531. 62802.]
Task is 14.00% complete.
t1_sim:[68123. 68152. 66031.] t2_sim:[61241. 61424. 61665.]
Task is 15.00% complete.
t1_sim:[63584. 63195. 62895.] t2_sim:[67317. 67351. 67685.]
Task is 16.00% complete.
t1_sim:[64050. 64044. 61239.] t2_sim:[65241. 65420. 63845.]
Task is 17.00% complete.
t1_sim:[63184. 63511. 63118.] t2_sim:[57959. 57654. 57027.]
Task is 18.00% complete.
t1_sim:[62436. 63093. 63528.] t2_sim:[62757. 63070. 63543.]
Task is 19.00% complete.
t1_sim:[65571. 65793. 67254.] t2_sim:[59048. 59077. 59689.]
Task is 20.00% complete.
t1_sim:[58344. 58421. 58993.] t2_sim:[61989. 61851. 60450.]
Task is 21.00% complete.
t1_sim:[61458. 61540. 59257.] t2_sim:[59042. 59117. 62565.]
Task is 22.00% complete.
t1_sim:[64551. 63909. 61761.] t2_sim:[61856. 62242. 62584.]
Task is 23.00% complete.
t1_sim:[62308. 62029. 60668.] t2_sim:[59181. 59393. 57009.]
Task is 24.00% complete.
t1_sim:[67864. 68168. 67734.] t2_sim:[61204. 61092. 60118.]
Task is 25.00% complete.
t1_sim:[57724. 57305. 57624.] t2_sim:[64843. 64994. 62703.]
Task is 26.00% complete.
t1_sim:[68292. 68283. 68705.] t2_sim:[60410. 60605. 59756.]
Task is 27.00% complete.
t1_sim:[64616. 65071. 63992.] t2_sim:[60889. 60320. 61675.]
Task is 28.00% complete.
t1_sim:[60378. 59975. 62346.] t2_sim:[59068. 59412. 60773.]
Task is 29.00% complete.
t1_sim:[55960. 55966. 58780.] t2_sim:[56193. 55783. 57160.]
Task is 30.00% complete.
t1_sim:[59146. 59278. 58472.] t2_sim:[65790. 65605. 64531.]
Task is 31.00% complete.
t1_sim:[66123. 66444. 67702.] t2_sim:[67621. 67395. 64648.]
Task is 32.00% complete.
t1_sim:[62918. 62810. 63313.] t2_sim:[62539. 62764. 62323.]
Task is 33.00% complete.
t1_sim:[65112. 65711. 65466.] t2_sim:[59444. 59819. 62542.]
Task is 34.00% complete.
t1_sim:[63494. 62837. 62888.] t2_sim:[62144. 61774. 63240.]
Task is 35.00% complete.
t1_sim:[64786. 64956. 63870.] t2_sim:[61475. 61679. 61909.]
Task is 36.00% complete.
t1_sim:[64051. 63884. 61505.] t2_sim:[58597. 58529. 57234.]
Task is 37.00% complete.
t1_sim:[62075. 61463. 60941.] t2_sim:[60534. 60557. 62177.]
Task is 38.00% complete.
t1_sim:[69191. 68818. 67837.] t2_sim:[60128. 60429. 61272.]
Task is 39.00% complete.
t1_sim:[63367. 63704. 63271.] t2_sim:[63918. 64195. 65155.]
Task is 40.00% complete.
t1_sim:[65202. 65508. 65164.] t2_sim:[63621. 63562. 62861.]
Task is 41.00% complete.
t1_sim:[61734. 61287. 61257.] t2_sim:[66861. 66741. 67584.]
Task is 42.00% complete.
t1_sim:[65179. 64948. 62767.] t2_sim:[63932. 63687. 64261.]
Task is 43.00% complete.
t1_sim:[61764. 61814. 60535.] t2_sim:[65074. 64835. 60572.]
Task is 44.00% complete.
t1_sim:[62828. 62624. 63389.] t2_sim:[68543. 68437. 67254.]
Task is 45.00% complete.
t1_sim:[60155. 60378. 59947.] t2_sim:[64743. 64713. 65917.]
Task is 46.00% complete.
t1_sim:[64106. 64063. 63466.] t2_sim:[60914. 61248. 59947.]
Task is 47.00% complete.
t1_sim:[61345. 61370. 61951.] t2_sim:[55745. 55537. 58215.]
Task is 48.00% complete.
t1_sim:[58186. 58422. 59451.] t2_sim:[61958. 62116. 61509.]
Task is 49.00% complete.
t1_sim:[61996. 62094. 62193.] t2_sim:[58703. 58345. 59625.]
Task is 50.00% complete.
t1_sim:[64845. 64952. 63948.] t2_sim:[56060. 56270. 55551.]
Task is 51.00% complete.
t1_sim:[59798. 59622. 57156.] t2_sim:[61568. 61542. 59824.]
Task is 52.00% complete.
t1_sim:[64660. 65090. 64208.] t2_sim:[62118. 61780. 58532.]
Task is 53.00% complete.
t1_sim:[62643. 62570. 61273.] t2_sim:[61890. 61963. 62763.]
Task is 54.00% complete.
t1_sim:[62681. 62421. 63782.] t2_sim:[60254. 60606. 59834.]
Task is 55.00% complete.
t1_sim:[63565. 63751. 64752.] t2_sim:[65257. 65684. 65021.]
Task is 56.00% complete.
t1_sim:[67154. 66740. 65362.] t2_sim:[60287. 60642. 59906.]
Task is 57.00% complete.
t1_sim:[64627. 64654. 63893.] t2_sim:[58920. 58618. 60655.]
Task is 58.00% complete.
t1_sim:[64203. 63998. 61444.] t2_sim:[70911. 70928. 73469.]
Task is 59.00% complete.
t1_sim:[58447. 58068. 60684.] t2_sim:[58876. 59121. 62185.]
Task is 60.00% complete.
t1_sim:[65932. 66156. 68076.] t2_sim:[65167. 64905. 65680.]
Task is 61.00% complete.
t1_sim:[52583. 52581. 51364.] t2_sim:[59510. 59487. 60905.]
Task is 62.00% complete.
t1_sim:[65014. 64784. 63743.] t2_sim:[62671. 62142. 63466.]
Task is 63.00% complete.
t1_sim:[67860. 68020. 68277.] t2_sim:[61635. 61631. 63494.]
Task is 64.00% complete.
t1_sim:[55853. 55028. 55638.] t2_sim:[62915. 62751. 62078.]
Task is 65.00% complete.
t1_sim:[60461. 60904. 60346.] t2_sim:[68768. 68948. 67532.]
Task is 66.00% complete.
t1_sim:[65450. 65464. 64397.] t2_sim:[58176. 57745. 56642.]
Task is 67.00% complete.
t1_sim:[57623. 57977. 57049.] t2_sim:[64567. 64458. 65072.]
Task is 68.00% complete.
t1_sim:[61575. 61461. 62487.] t2_sim:[63049. 62927. 60310.]
Task is 69.00% complete.
t1_sim:[63399. 63339. 63695.] t2_sim:[62139. 62293. 62878.]
Task is 70.00% complete.
t1_sim:[63636. 63881. 63989.] t2_sim:[64192. 63662. 64430.]
Task is 71.00% complete.
t1_sim:[62596. 62788. 62812.] t2_sim:[63774. 63377. 63596.]
Task is 72.00% complete.
t1_sim:[59854. 60048. 61924.] t2_sim:[61022. 61056. 63477.]
Task is 73.00% complete.
t1_sim:[60778. 60798. 62490.] t2_sim:[60475. 60325. 59823.]
Task is 74.00% complete.
t1_sim:[61813. 61705. 62436.] t2_sim:[60755. 61278. 62300.]
Task is 75.00% complete.
t1_sim:[60543. 60994. 60832.] t2_sim:[65538. 65480. 64480.]
Task is 76.00% complete.
t1_sim:[62336. 62182. 60189.] t2_sim:[62679. 62860. 62527.]
Task is 77.00% complete.
t1_sim:[63951. 64040. 63943.] t2_sim:[61378. 60698. 60047.]
Task is 78.00% complete.
t1_sim:[57345. 57290. 57937.] t2_sim:[65679. 65626. 65904.]
Task is 79.00% complete.
t1_sim:[64715. 64656. 65682.] t2_sim:[61421. 61548. 60433.]
Task is 80.00% complete.
t1_sim:[62916. 62713. 61033.] t2_sim:[56919. 56335. 58300.]
Task is 81.00% complete.
t1_sim:[64010. 64066. 63186.] t2_sim:[65841. 66172. 65693.]
Task is 82.00% complete.
t1_sim:[58465. 58025. 57700.] t2_sim:[65328. 65617. 63147.]
Task is 83.00% complete.
t1_sim:[61170. 61501. 59367.] t2_sim:[58757. 58518. 60602.]
Task is 84.00% complete.
t1_sim:[63187. 63537. 64245.] t2_sim:[62276. 62493. 64791.]
Task is 85.00% complete.
t1_sim:[66023. 66435. 65423.] t2_sim:[60552. 60460. 57309.]
Task is 86.00% complete.
t1_sim:[67800. 67740. 65491.] t2_sim:[59084. 59031. 59288.]
Task is 87.00% complete.
t1_sim:[64169. 63366. 62353.] t2_sim:[63179. 63524. 62473.]
Task is 88.00% complete.
t1_sim:[61297. 61617. 62505.] t2_sim:[63303. 63254. 62993.]
Task is 89.00% complete.
t1_sim:[66548. 66739. 66779.] t2_sim:[63338. 63786. 63131.]
Task is 90.00% complete.
t1_sim:[68999. 69181. 69324.] t2_sim:[54288. 53928. 55063.]
Task is 91.00% complete.
t1_sim:[61120. 61301. 60929.] t2_sim:[63097. 63272. 61642.]
Task is 92.00% complete.
t1_sim:[66601. 66451. 64979.] t2_sim:[65456. 65508. 66249.]
Task is 93.00% complete.
t1_sim:[66299. 66416. 64238.] t2_sim:[59745. 60058. 58774.]
Task is 94.00% complete.
t1_sim:[61350. 61488. 61609.] t2_sim:[59598. 59665. 59346.]
Task is 95.00% complete.
t1_sim:[61843. 61861. 62331.] t2_sim:[59378. 59192. 59877.]
Task is 96.00% complete.
t1_sim:[63693. 63631. 63274.] t2_sim:[57296. 56889. 54938.]
Task is 97.00% complete.
t1_sim:[65363. 65211. 64620.] t2_sim:[63176. 62849. 61626.]
Task is 98.00% complete.
t1_sim:[62762. 62481. 59674.] t2_sim:[62812. 62536. 59699.]
Task is 99.00% complete.
t1_sim:[58068. 58230. 58986.] t2_sim:[58921. 59005. 60890.]
Training start
t1_obs:[array(58743.), array(59214.), array(58037.)] t2_obs:[array(60230.), array(60140.), array(61620.)]
corr_G1:[None, None, -0.19175495389489064] corr_G2:[None, None, 0.10846278183234356]
Training end
Task is 0.00% complete.
t1_sim:[58280. 58395. 58245.] t2_sim:[58800. 58536. 59038.]
Task is 1.00% complete.
t1_sim:[63101. 62961. 62570.] t2_sim:[62941. 63366. 66256.]
Task is 2.00% complete.
t1_sim:[58366. 58749. 56897.] t2_sim:[61767. 62064. 59093.]
Task is 3.00% complete.
t1_sim:[55257. 54911. 55468.] t2_sim:[57981. 58047. 58353.]
Task is 4.00% complete.
t1_sim:[62750. 62573. 58900.] t2_sim:[63338. 63722. 64642.]
Task is 5.00% complete.
t1_sim:[68986. 68676. 65659.] t2_sim:[63784. 63566. 65235.]
Task is 6.00% complete.
t1_sim:[62189. 62250. 58659.] t2_sim:[61224. 61479. 62186.]
Task is 7.00% complete.
t1_sim:[58996. 58684. 57792.] t2_sim:[68236. 68515. 67669.]
Task is 8.00% complete.
t1_sim:[60226. 59572. 55812.] t2_sim:[68936. 69080. 69981.]
Task is 9.00% complete.
t1_sim:[61680. 61695. 59556.] t2_sim:[57878. 57928. 57516.]
Task is 10.00% complete.
t1_sim:[54784. 54544. 52505.] t2_sim:[67809. 67592. 68731.]
Task is 11.00% complete.
t1_sim:[65204. 64598. 62693.] t2_sim:[61938. 62191. 62353.]
Task is 12.00% complete.
t1_sim:[58205. 58537. 57123.] t2_sim:[57150. 57173. 57538.]
Task is 13.00% complete.
t1_sim:[61977. 61730. 59968.] t2_sim:[60359. 60757. 59015.]
Task is 14.00% complete.
t1_sim:[59081. 59202. 59753.] t2_sim:[65037. 64714. 63980.]
Task is 15.00% complete.
t1_sim:[58323. 58685. 59053.] t2_sim:[64172. 63833. 64210.]
Task is 16.00% complete.
t1_sim:[58155. 57858. 55948.] t2_sim:[61543. 61601. 59787.]
Task is 17.00% complete.
t1_sim:[61674. 61471. 58261.] t2_sim:[58996. 59285. 59682.]
Task is 18.00% complete.
t1_sim:[62248. 61792. 58117.] t2_sim:[62374. 62170. 63682.]
Task is 19.00% complete.
t1_sim:[61361. 61427. 58950.] t2_sim:[61415. 61701. 60486.]
Task is 20.00% complete.
t1_sim:[58196. 58404. 55539.] t2_sim:[61154. 61701. 64088.]
Task is 21.00% complete.
t1_sim:[57558. 57531. 55774.] t2_sim:[60172. 59975. 58093.]
Task is 22.00% complete.
t1_sim:[64523. 64658. 62282.] t2_sim:[64195. 64014. 65332.]
Task is 23.00% complete.
t1_sim:[63283. 63446. 59626.] t2_sim:[59286. 59573. 61439.]
Task is 24.00% complete.
t1_sim:[59335. 59150. 54449.] t2_sim:[57085. 57055. 58537.]
Task is 25.00% complete.
t1_sim:[65508. 65943. 64048.] t2_sim:[59329. 59384. 59168.]
Task is 26.00% complete.
t1_sim:[66114. 66609. 62462.] t2_sim:[62013. 61692. 62241.]
Task is 27.00% complete.
t1_sim:[64158. 64361. 61827.] t2_sim:[59930. 60033. 57549.]
Task is 28.00% complete.
t1_sim:[63002. 62987. 62013.] t2_sim:[61858. 61885. 63501.]
Task is 29.00% complete.
t1_sim:[58377. 58379. 56928.] t2_sim:[65507. 65690. 66496.]
Task is 30.00% complete.
t1_sim:[62388. 61615. 57875.] t2_sim:[65515. 65619. 65881.]
Task is 31.00% complete.
t1_sim:[60850. 60984. 59028.] t2_sim:[64231. 64078. 62473.]
Task is 32.00% complete.
t1_sim:[60218. 60440. 59053.] t2_sim:[61180. 61374. 61803.]
Task is 33.00% complete.
t1_sim:[57549. 57650. 54128.] t2_sim:[63984. 64290. 65688.]
Task is 34.00% complete.
t1_sim:[54100. 54118. 54669.] t2_sim:[67923. 67687. 66807.]
Task is 35.00% complete.
t1_sim:[61415. 61586. 57598.] t2_sim:[60641. 60869. 59929.]
Task is 36.00% complete.
t1_sim:[57653. 57137. 56338.] t2_sim:[64584. 64803. 64299.]
Task is 37.00% complete.
t1_sim:[61198. 60980. 60873.] t2_sim:[67472. 67722. 66386.]
Task is 38.00% complete.
t1_sim:[61697. 61834. 60281.] t2_sim:[63595. 63949. 65303.]
Task is 39.00% complete.
t1_sim:[67911. 68138. 66521.] t2_sim:[70737. 70795. 70860.]
Task is 40.00% complete.
t1_sim:[59325. 59261. 57330.] t2_sim:[66457. 66158. 65664.]
Task is 41.00% complete.
t1_sim:[61852. 61671. 58575.] t2_sim:[57715. 57611. 55860.]
Task is 42.00% complete.
t1_sim:[54664. 54608. 52516.] t2_sim:[67018. 67124. 64486.]
Task is 43.00% complete.
t1_sim:[64382. 64094. 62454.] t2_sim:[61554. 61849. 61751.]
Task is 44.00% complete.
t1_sim:[62158. 62003. 59142.] t2_sim:[61516. 61210. 62038.]
Task is 45.00% complete.
t1_sim:[67555. 67484. 66553.] t2_sim:[59459. 59843. 59523.]
Task is 46.00% complete.
t1_sim:[56911. 56969. 57065.] t2_sim:[65294. 64818. 66011.]
Task is 47.00% complete.
t1_sim:[66692. 66279. 60765.] t2_sim:[59730. 59442. 60615.]
Task is 48.00% complete.
t1_sim:[58110. 58332. 56094.] t2_sim:[57626. 57688. 60217.]
Task is 49.00% complete.
t1_sim:[64652. 64981. 59705.] t2_sim:[60882. 61463. 63958.]
Task is 50.00% complete.
t1_sim:[59588. 59808. 56643.] t2_sim:[61397. 60787. 59289.]
Task is 51.00% complete.
t1_sim:[66390. 66413. 64465.] t2_sim:[60094. 59639. 57077.]
Task is 52.00% complete.
t1_sim:[58768. 58946. 55816.] t2_sim:[58774. 58198. 59614.]
Task is 53.00% complete.
t1_sim:[68421. 68570. 65992.] t2_sim:[62670. 62847. 63982.]
Task is 54.00% complete.
t1_sim:[63813. 64167. 60425.] t2_sim:[66991. 66898. 67205.]
Task is 55.00% complete.
t1_sim:[60027. 60013. 58821.] t2_sim:[66483. 65886. 64763.]
Task is 56.00% complete.
t1_sim:[58705. 58189. 55399.] t2_sim:[60389. 59663. 59948.]
Task is 57.00% complete.
t1_sim:[67664. 67666. 63777.] t2_sim:[62400. 62393. 64135.]
Task is 58.00% complete.
t1_sim:[61603. 61690. 59459.] t2_sim:[63105. 62904. 61230.]
Task is 59.00% complete.
t1_sim:[61896. 61973. 59965.] t2_sim:[63543. 63564. 63892.]
Task is 60.00% complete.
t1_sim:[62436. 62383. 59807.] t2_sim:[61803. 61282. 63996.]
Task is 61.00% complete.
t1_sim:[59237. 59679. 59649.] t2_sim:[65642. 65484. 64833.]
Task is 62.00% complete.
t1_sim:[68564. 69314. 67611.] t2_sim:[58530. 58359. 59395.]
Task is 63.00% complete.
t1_sim:[66245. 66499. 66015.] t2_sim:[61974. 61983. 61641.]
Task is 64.00% complete.
t1_sim:[55029. 55082. 56428.] t2_sim:[69146. 69160. 67595.]
Task is 65.00% complete.
t1_sim:[63794. 64214. 61324.] t2_sim:[61875. 61818. 60804.]
Task is 66.00% complete.
t1_sim:[60791. 61210. 60013.] t2_sim:[64669. 64845. 63374.]
Task is 67.00% complete.
t1_sim:[62329. 62168. 59225.] t2_sim:[60105. 59796. 62636.]
Task is 68.00% complete.
t1_sim:[63251. 63035. 61204.] t2_sim:[65297. 65758. 66302.]
Task is 69.00% complete.
t1_sim:[61865. 62249. 60372.] t2_sim:[61607. 61828. 61418.]
Task is 70.00% complete.
t1_sim:[66200. 65782. 63640.] t2_sim:[65171. 65161. 65422.]
Task is 71.00% complete.
t1_sim:[64049. 64077. 63080.] t2_sim:[62161. 62062. 61373.]
Task is 72.00% complete.
t1_sim:[64015. 64099. 61417.] t2_sim:[63497. 64099. 63279.]
Task is 73.00% complete.
t1_sim:[60585. 61377. 59624.] t2_sim:[68408. 68415. 69638.]
Task is 74.00% complete.
t1_sim:[59012. 59291. 58657.] t2_sim:[61313. 61657. 60672.]
Task is 75.00% complete.
t1_sim:[61745. 62605. 60291.] t2_sim:[61660. 61745. 61023.]
Task is 76.00% complete.
t1_sim:[57918. 57844. 54079.] t2_sim:[66927. 66560. 69264.]
Task is 77.00% complete.
t1_sim:[60022. 59920. 56872.] t2_sim:[67929. 67870. 69280.]
Task is 78.00% complete.
t1_sim:[58605. 59042. 56280.] t2_sim:[64440. 64483. 63444.]
Task is 79.00% complete.
t1_sim:[63124. 63371. 60018.] t2_sim:[63250. 62694. 61314.]
Task is 80.00% complete.
t1_sim:[62282. 62235. 60356.] t2_sim:[61987. 61931. 61287.]
Task is 81.00% complete.
t1_sim:[59942. 59941. 60371.] t2_sim:[63003. 63205. 63891.]
Task is 82.00% complete.
t1_sim:[59470. 59641. 56758.] t2_sim:[65730. 65855. 66447.]
Task is 83.00% complete.
t1_sim:[60386. 60511. 59257.] t2_sim:[66014. 65671. 66140.]
Task is 84.00% complete.
t1_sim:[60143. 59916. 57180.] t2_sim:[67685. 67867. 67060.]
Task is 85.00% complete.
t1_sim:[58708. 58818. 57398.] t2_sim:[60321. 60370. 63839.]
Task is 86.00% complete.
t1_sim:[57885. 58069. 53768.] t2_sim:[59988. 59720. 59033.]
Task is 87.00% complete.
t1_sim:[70031. 69853. 66462.] t2_sim:[71255. 71214. 70697.]
Task is 88.00% complete.
t1_sim:[64342. 63829. 60920.] t2_sim:[60719. 61134. 60922.]
Task is 89.00% complete.
t1_sim:[65453. 65580. 63152.] t2_sim:[54044. 53998. 56504.]
Task is 90.00% complete.
t1_sim:[68818. 68760. 64847.] t2_sim:[55298. 55538. 56115.]
Task is 91.00% complete.
t1_sim:[62687. 63834. 60458.] t2_sim:[61410. 61354. 64351.]
Task is 92.00% complete.
t1_sim:[70575. 70614. 66715.] t2_sim:[61614. 61699. 63148.]
Task is 93.00% complete.
t1_sim:[62769. 62514. 60377.] t2_sim:[54869. 55436. 57794.]
Task is 94.00% complete.
t1_sim:[62732. 63026. 59022.] t2_sim:[60346. 59996. 61069.]
Task is 95.00% complete.
t1_sim:[60120. 59850. 58472.] t2_sim:[67126. 67499. 65588.]
Task is 96.00% complete.
t1_sim:[60728. 60832. 57877.] t2_sim:[61119. 61099. 63198.]
Task is 97.00% complete.
t1_sim:[62190. 62137. 62361.] t2_sim:[64601. 64276. 63249.]
Task is 98.00% complete.
t1_sim:[63101. 63156. 60194.] t2_sim:[64333. 64733. 63444.]
Task is 99.00% complete.
t1_sim:[62170. 61957. 59212.] t2_sim:[64000. 64548. 63532.]
Finished
