Training start
t1_obs:[array(254513.), array(252505.), array(247680.)] t2_obs:[array(255768.), array(257778.), array(251148.)]
corr_G1:[8.261259750919978e-18, -1.481616748547946e-17, 6.314962999683798e-17] corr_G2:[7.593506829335382e-17, -1.0543922730046397e-16, 0]
Training end
Number of jobs: 48
/scratch/jz4721/Post-prediction-Causal-Inference/venv/lib/python3.8/site-packages/numpy/core/getlimits.py:518: UserWarning: The value of the smallest subnormal for <class 'numpy.float64'> type is zero.
  setattr(self, word, getattr(machar, word).flat[0])
/scratch/jz4721/Post-prediction-Causal-Inference/venv/lib/python3.8/site-packages/numpy/core/getlimits.py:89: UserWarning: The value of the smallest subnormal for <class 'numpy.float64'> type is zero.
  return self._float_to_str(self.smallest_subnormal)
/scratch/jz4721/Post-prediction-Causal-Inference/venv/lib/python3.8/site-packages/numpy/core/getlimits.py:518: UserWarning: The value of the smallest subnormal for <class 'numpy.float32'> type is zero.
  setattr(self, word, getattr(machar, word).flat[0])
/scratch/jz4721/Post-prediction-Causal-Inference/venv/lib/python3.8/site-packages/numpy/core/getlimits.py:89: UserWarning: The value of the smallest subnormal for <class 'numpy.float32'> type is zero.
  return self._float_to_str(self.smallest_subnormal)
t1_sim:[242026. 242226. 253962.] t2_sim:[245667. 247857. 249479.]
Task is 0.00% complete.
t1_sim:[256046. 256711. 254068.] t2_sim:[250295. 251130. 261449.]
Task is 48.08% complete.
t1_sim:[231243. 229336. 228786.] t2_sim:[224324. 224674. 226686.]
Task is 96.15% complete.
t1_sim:[242026. 242226. 253962.] t2_sim:[245667. 247857. 249479.]
Task is 0.00% complete.
t1_sim:[256046. 256711. 254068.] t2_sim:[250295. 251130. 261449.]
Task is 48.08% complete.
t1_sim:[231243. 229336. 228786.] t2_sim:[224324. 224674. 226686.]
Task is 96.15% complete.
t1_sim:[242026. 242226. 253962.] t2_sim:[245667. 247857. 249479.]
Task is 0.00% complete.
t1_sim:[256046. 256711. 254068.] t2_sim:[250295. 251130. 261449.]
Task is 48.08% complete.
t1_sim:[231243. 229336. 228786.] t2_sim:[224324. 224674. 226686.]
Task is 96.15% complete.
t1_sim:[242026. 242226. 253962.] t2_sim:[245667. 247857. 249479.]
Task is 0.00% complete.
t1_sim:[256046. 256711. 254068.] t2_sim:[250295. 251130. 261449.]
Task is 48.08% complete.
t1_sim:[231243. 229336. 228786.] t2_sim:[224324. 224674. 226686.]
Task is 96.15% complete.
t1_sim:[242026. 242226. 253962.] t2_sim:[245667. 247857. 249479.]
Task is 0.00% complete.
t1_sim:[256046. 256711. 254068.] t2_sim:[250295. 251130. 261449.]
Task is 48.08% complete.
t1_sim:[231243. 229336. 228786.] t2_sim:[224324. 224674. 226686.]
Task is 96.15% complete.
t1_sim:[242026. 242226. 253962.] t2_sim:[245667. 247857. 249479.]
Task is 0.00% complete.
t1_sim:[256046. 256711. 254068.] t2_sim:[250295. 251130. 261449.]
Task is 48.08% complete.
t1_sim:[231243. 229336. 228786.] t2_sim:[224324. 224674. 226686.]
Task is 96.15% complete.
t1_sim:[242026. 242226. 253962.] t2_sim:[245667. 247857. 249479.]
Task is 0.00% complete.
t1_sim:[256046. 256711. 254068.] t2_sim:[250295. 251130. 261449.]
Task is 48.08% complete.
t1_sim:[231243. 229336. 228786.] t2_sim:[224324. 224674. 226686.]
Task is 96.15% complete.
t1_sim:[242026. 242226. 253962.] t2_sim:[245667. 247857. 249479.]
Task is 0.00% complete.
t1_sim:[256046. 256711. 254068.] t2_sim:[250295. 251130. 261449.]
Task is 48.08% complete.
t1_sim:[231243. 229336. 228786.] t2_sim:[224324. 224674. 226686.]
Task is 96.15% complete.
t1_sim:[242026. 242226. 253962.] t2_sim:[245667. 247857. 249479.]
Task is 0.00% complete.
t1_sim:[256046. 256711. 254068.] t2_sim:[250295. 251130. 261449.]
Task is 48.08% complete.
t1_sim:[231243. 229336. 228786.] t2_sim:[224324. 224674. 226686.]
Task is 96.15% complete.
t1_sim:[242026. 242226. 253962.] t2_sim:[245667. 247857. 249479.]
Task is 0.00% complete.
t1_sim:[256046. 256711. 254068.] t2_sim:[250295. 251130. 261449.]
Task is 48.08% complete.
t1_sim:[231243. 229336. 228786.] t2_sim:[224324. 224674. 226686.]
Task is 96.15% complete.
t1_sim:[242026. 242226. 253962.] t2_sim:[245667. 247857. 249479.]
Task is 0.00% complete.
t1_sim:[256046. 256711. 254068.] t2_sim:[250295. 251130. 261449.]
Task is 48.08% complete.
t1_sim:[231243. 229336. 228786.] t2_sim:[224324. 224674. 226686.]
Task is 96.15% complete.
t1_sim:[242026. 242226. 253962.] t2_sim:[245667. 247857. 249479.]
Task is 0.00% complete.
t1_sim:[256046. 256711. 254068.] t2_sim:[250295. 251130. 261449.]
Task is 48.08% complete.
t1_sim:[231243. 229336. 228786.] t2_sim:[224324. 224674. 226686.]
Task is 96.15% complete.
t1_sim:[242026. 242226. 253962.] t2_sim:[245667. 247857. 249479.]
Task is 0.00% complete.
t1_sim:[256046. 256711. 254068.] t2_sim:[250295. 251130. 261449.]
Task is 48.08% complete.
t1_sim:[231243. 229336. 228786.] t2_sim:[224324. 224674. 226686.]
Task is 96.15% complete.
t1_sim:[242026. 242226. 253962.] t2_sim:[245667. 247857. 249479.]
Task is 0.00% complete.
t1_sim:[256046. 256711. 254068.] t2_sim:[250295. 251130. 261449.]
Task is 48.08% complete.
t1_sim:[231243. 229336. 228786.] t2_sim:[224324. 224674. 226686.]
Task is 96.15% complete.
t1_sim:[242026. 242226. 253962.] t2_sim:[245667. 247857. 249479.]
Task is 0.00% complete.
t1_sim:[256046. 256711. 254068.] t2_sim:[250295. 251130. 261449.]
Task is 48.08% complete.
t1_sim:[231243. 229336. 228786.] t2_sim:[224324. 224674. 226686.]
Task is 96.15% complete.
t1_sim:[242026. 242226. 253962.] t2_sim:[245667. 247857. 249479.]
Task is 0.00% complete.
t1_sim:[256046. 256711. 254068.] t2_sim:[250295. 251130. 261449.]
Task is 48.08% complete.
t1_sim:[231243. 229336. 228786.] t2_sim:[224324. 224674. 226686.]
Task is 96.15% complete.
t1_sim:[242026. 242226. 253962.] t2_sim:[245667. 247857. 249479.]
Task is 0.00% complete.
t1_sim:[256046. 256711. 254068.] t2_sim:[250295. 251130. 261449.]
Task is 48.08% complete.
t1_sim:[231243. 229336. 228786.] t2_sim:[224324. 224674. 226686.]
Task is 96.15% complete.
t1_sim:[242026. 242226. 253962.] t2_sim:[245667. 247857. 249479.]
Task is 0.00% complete.
t1_sim:[256046. 256711. 254068.] t2_sim:[250295. 251130. 261449.]
Task is 48.08% complete.
t1_sim:[231243. 229336. 228786.] t2_sim:[224324. 224674. 226686.]
Task is 96.15% complete.
t1_sim:[242026. 242226. 253962.] t2_sim:[245667. 247857. 249479.]
Task is 0.00% complete.
t1_sim:[256046. 256711. 254068.] t2_sim:[250295. 251130. 261449.]
Task is 48.08% complete.
t1_sim:[231243. 229336. 228786.] t2_sim:[224324. 224674. 226686.]
Task is 96.15% complete.
t1_sim:[242026. 242226. 253962.] t2_sim:[245667. 247857. 249479.]
Task is 0.00% complete.
t1_sim:[256046. 256711. 254068.] t2_sim:[250295. 251130. 261449.]
Task is 48.08% complete.
t1_sim:[231243. 229336. 228786.] t2_sim:[224324. 224674. 226686.]
Task is 96.15% complete.
t1_sim:[242026. 242226. 253962.] t2_sim:[245667. 247857. 249479.]
Task is 0.00% complete.
t1_sim:[256046. 256711. 254068.] t2_sim:[250295. 251130. 261449.]
Task is 48.08% complete.
t1_sim:[231243. 229336. 228786.] t2_sim:[224324. 224674. 226686.]
Task is 96.15% complete.
t1_sim:[242026. 242226. 253962.] t2_sim:[245667. 247857. 249479.]
Task is 0.00% complete.
t1_sim:[256046. 256711. 254068.] t2_sim:[250295. 251130. 261449.]
Task is 48.08% complete.
t1_sim:[231243. 229336. 228786.] t2_sim:[224324. 224674. 226686.]
Task is 96.15% complete.
t1_sim:[242026. 242226. 253962.] t2_sim:[245667. 247857. 249479.]
Task is 0.00% complete.
t1_sim:[256046. 256711. 254068.] t2_sim:[250295. 251130. 261449.]
Task is 48.08% complete.
t1_sim:[231243. 229336. 228786.] t2_sim:[224324. 224674. 226686.]
Task is 96.15% complete.
t1_sim:[242026. 242226. 253962.] t2_sim:[245667. 247857. 249479.]
Task is 0.00% complete.
t1_sim:[256046. 256711. 254068.] t2_sim:[250295. 251130. 261449.]
Task is 48.08% complete.
t1_sim:[231243. 229336. 228786.] t2_sim:[224324. 224674. 226686.]
Task is 96.15% complete.
t1_sim:[242026. 242226. 253962.] t2_sim:[245667. 247857. 249479.]
Task is 0.00% complete.
t1_sim:[256046. 256711. 254068.] t2_sim:[250295. 251130. 261449.]
Task is 48.08% complete.
t1_sim:[231243. 229336. 228786.] t2_sim:[224324. 224674. 226686.]
Task is 96.15% complete.
t1_sim:[242026. 242226. 253962.] t2_sim:[245667. 247857. 249479.]
Task is 0.00% complete.
t1_sim:[256046. 256711. 254068.] t2_sim:[250295. 251130. 261449.]
Task is 48.08% complete.
t1_sim:[231243. 229336. 228786.] t2_sim:[224324. 224674. 226686.]
Task is 96.15% complete.
t1_sim:[242026. 242226. 253962.] t2_sim:[245667. 247857. 249479.]
Task is 0.00% complete.
t1_sim:[256046. 256711. 254068.] t2_sim:[250295. 251130. 261449.]
Task is 48.08% complete.
t1_sim:[231243. 229336. 228786.] t2_sim:[224324. 224674. 226686.]
Task is 96.15% complete.
t1_sim:[242026. 242226. 253962.] t2_sim:[245667. 247857. 249479.]
Task is 0.00% complete.
t1_sim:[256046. 256711. 254068.] t2_sim:[250295. 251130. 261449.]
Task is 48.08% complete.
t1_sim:[231243. 229336. 228786.] t2_sim:[224324. 224674. 226686.]
Task is 96.15% complete.
t1_sim:[242026. 242226. 253962.] t2_sim:[245667. 247857. 249479.]
Task is 0.00% complete.
t1_sim:[256046. 256711. 254068.] t2_sim:[250295. 251130. 261449.]
Task is 48.08% complete.
t1_sim:[231243. 229336. 228786.] t2_sim:[224324. 224674. 226686.]
Task is 96.15% complete.
t1_sim:[242026. 242226. 253962.] t2_sim:[245667. 247857. 249479.]
Task is 0.00% complete.
t1_sim:[256046. 256711. 254068.] t2_sim:[250295. 251130. 261449.]
Task is 48.08% complete.
t1_sim:[231243. 229336. 228786.] t2_sim:[224324. 224674. 226686.]
Task is 96.15% complete.
t1_sim:[242026. 242226. 253962.] t2_sim:[245667. 247857. 249479.]
Task is 0.00% complete.
t1_sim:[256046. 256711. 254068.] t2_sim:[250295. 251130. 261449.]
Task is 48.08% complete.
t1_sim:[231243. 229336. 228786.] t2_sim:[224324. 224674. 226686.]
Task is 96.15% complete.
t1_sim:[242026. 242226. 253962.] t2_sim:[245667. 247857. 249479.]
Task is 0.00% complete.
t1_sim:[256046. 256711. 254068.] t2_sim:[250295. 251130. 261449.]
Task is 48.08% complete.
t1_sim:[231243. 229336. 228786.] t2_sim:[224324. 224674. 226686.]
Task is 96.15% complete.
t1_sim:[242026. 242226. 253962.] t2_sim:[245667. 247857. 249479.]
Task is 0.00% complete.
t1_sim:[256046. 256711. 254068.] t2_sim:[250295. 251130. 261449.]
Task is 48.08% complete.
t1_sim:[231243. 229336. 228786.] t2_sim:[224324. 224674. 226686.]
Task is 96.15% complete.
t1_sim:[242026. 242226. 253962.] t2_sim:[245667. 247857. 249479.]
Task is 0.00% complete.
t1_sim:[256046. 256711. 254068.] t2_sim:[250295. 251130. 261449.]
Task is 48.08% complete.
t1_sim:[231243. 229336. 228786.] t2_sim:[224324. 224674. 226686.]
Task is 96.15% complete.
t1_sim:[242026. 242226. 253962.] t2_sim:[245667. 247857. 249479.]
Task is 0.00% complete.
t1_sim:[256046. 256711. 254068.] t2_sim:[250295. 251130. 261449.]
Task is 48.08% complete.
t1_sim:[231243. 229336. 228786.] t2_sim:[224324. 224674. 226686.]
Task is 96.15% complete.
t1_sim:[242026. 242226. 253962.] t2_sim:[245667. 247857. 249479.]
Task is 0.00% complete.
t1_sim:[256046. 256711. 254068.] t2_sim:[250295. 251130. 261449.]
Task is 48.08% complete.
t1_sim:[231243. 229336. 228786.] t2_sim:[224324. 224674. 226686.]
Task is 96.15% complete.
t1_sim:[242026. 242226. 253962.] t2_sim:[245667. 247857. 249479.]
Task is 0.00% complete.
t1_sim:[256046. 256711. 254068.] t2_sim:[250295. 251130. 261449.]
Task is 48.08% complete.
t1_sim:[231243. 229336. 228786.] t2_sim:[224324. 224674. 226686.]
Task is 96.15% complete.
t1_sim:[242026. 242226. 253962.] t2_sim:[245667. 247857. 249479.]
Task is 0.00% complete.
t1_sim:[256046. 256711. 254068.] t2_sim:[250295. 251130. 261449.]
Task is 48.08% complete.
t1_sim:[231243. 229336. 228786.] t2_sim:[224324. 224674. 226686.]
Task is 96.15% complete.
t1_sim:[242026. 242226. 253962.] t2_sim:[245667. 247857. 249479.]
Task is 0.00% complete.
t1_sim:[256046. 256711. 254068.] t2_sim:[250295. 251130. 261449.]
Task is 48.08% complete.
t1_sim:[231243. 229336. 228786.] t2_sim:[224324. 224674. 226686.]
Task is 96.15% complete.
t1_sim:[242026. 242226. 253962.] t2_sim:[245667. 247857. 249479.]
Task is 0.00% complete.
t1_sim:[256046. 256711. 254068.] t2_sim:[250295. 251130. 261449.]
Task is 48.08% complete.
t1_sim:[231243. 229336. 228786.] t2_sim:[224324. 224674. 226686.]
Task is 96.15% complete.
t1_sim:[242026. 242226. 253962.] t2_sim:[245667. 247857. 249479.]
Task is 0.00% complete.
t1_sim:[256046. 256711. 254068.] t2_sim:[250295. 251130. 261449.]
Task is 48.08% complete.
t1_sim:[231243. 229336. 228786.] t2_sim:[224324. 224674. 226686.]
Task is 96.15% complete.
t1_sim:[242026. 242226. 253962.] t2_sim:[245667. 247857. 249479.]
Task is 0.00% complete.
t1_sim:[256046. 256711. 254068.] t2_sim:[250295. 251130. 261449.]
Task is 48.08% complete.
t1_sim:[231243. 229336. 228786.] t2_sim:[224324. 224674. 226686.]
Task is 96.15% complete.
t1_sim:[242026. 242226. 253962.] t2_sim:[245667. 247857. 249479.]
Task is 0.00% complete.
t1_sim:[256046. 256711. 254068.] t2_sim:[250295. 251130. 261449.]
Task is 48.08% complete.
t1_sim:[231243. 229336. 228786.] t2_sim:[224324. 224674. 226686.]
Task is 96.15% complete.
t1_sim:[242026. 242226. 253962.] t2_sim:[245667. 247857. 249479.]
Task is 0.00% complete.
t1_sim:[256046. 256711. 254068.] t2_sim:[250295. 251130. 261449.]
Task is 48.08% complete.
t1_sim:[231243. 229336. 228786.] t2_sim:[224324. 224674. 226686.]
Task is 96.15% complete.
t1_sim:[242026. 242226. 253962.] t2_sim:[245667. 247857. 249479.]
Task is 0.00% complete.
t1_sim:[256046. 256711. 254068.] t2_sim:[250295. 251130. 261449.]
Task is 48.08% complete.
t1_sim:[231243. 229336. 228786.] t2_sim:[224324. 224674. 226686.]
Task is 96.15% complete.
t1_sim:[242026. 242226. 253962.] t2_sim:[245667. 247857. 249479.]
Task is 0.00% complete.
t1_sim:[256046. 256711. 254068.] t2_sim:[250295. 251130. 261449.]
Task is 48.08% complete.
t1_sim:[231243. 229336. 228786.] t2_sim:[224324. 224674. 226686.]
Task is 96.15% complete.
t1_sim:[242026. 242226. 253962.] t2_sim:[245667. 247857. 249479.]
Task is 0.00% complete.
t1_sim:[256046. 256711. 254068.] t2_sim:[250295. 251130. 261449.]
Task is 48.08% complete.
t1_sim:[231243. 229336. 228786.] t2_sim:[224324. 224674. 226686.]
Task is 96.15% complete.
t1_sim:[242026. 242226. 253962.] t2_sim:[245667. 247857. 249479.]
Task is 0.00% complete.
t1_sim:[256046. 256711. 254068.] t2_sim:[250295. 251130. 261449.]
Task is 48.08% complete.
t1_sim:[231243. 229336. 228786.] t2_sim:[224324. 224674. 226686.]
Task is 96.15% complete.
Training start
t1_obs:[array(252687.), array(254569.), array(249590.)] t2_obs:[array(257216.), array(258885.), array(251754.)]
corr_G1:[0.797600515302765, 0.7169839537139872, -0.3648466301453048] corr_G2:[0.7578854126170609, 0.5947587303179094, -0.32256887585281974]
Training end
Number of jobs: 48
/scratch/jz4721/Post-prediction-Causal-Inference/venv/lib/python3.8/site-packages/sklearn/impute/_iterative.py:785: ConvergenceWarning: [IterativeImputer] Early stopping criterion not reached.
  warnings.warn(
/scratch/jz4721/Post-prediction-Causal-Inference/venv/lib/python3.8/site-packages/sklearn/impute/_iterative.py:785: ConvergenceWarning: [IterativeImputer] Early stopping criterion not reached.
  warnings.warn(
slurmstepd: error: *** JOB 32421588 ON cs246 CANCELLED AT 2023-04-16T22:52:28 ***
