/scratch/jz4721/Post-prediction-Causal-Inference/venv/lib/python3.8/site-packages/numpy/core/getlimits.py:518: UserWarning: The value of the smallest subnormal for <class 'numpy.float64'> type is zero.
  setattr(self, word, getattr(machar, word).flat[0])
/scratch/jz4721/Post-prediction-Causal-Inference/venv/lib/python3.8/site-packages/numpy/core/getlimits.py:89: UserWarning: The value of the smallest subnormal for <class 'numpy.float64'> type is zero.
  return self._float_to_str(self.smallest_subnormal)
/scratch/jz4721/Post-prediction-Causal-Inference/venv/lib/python3.8/site-packages/numpy/core/getlimits.py:518: UserWarning: The value of the smallest subnormal for <class 'numpy.float32'> type is zero.
  setattr(self, word, getattr(machar, word).flat[0])
/scratch/jz4721/Post-prediction-Causal-Inference/venv/lib/python3.8/site-packages/numpy/core/getlimits.py:89: UserWarning: The value of the smallest subnormal for <class 'numpy.float32'> type is zero.
  return self._float_to_str(self.smallest_subnormal)
Training start
t1_obs:[array(57484.), array(57612.), array(58577.)] t2_obs:[array(60778.), array(61269.), array(59785.)]
corr_G1:[None, None, -6.983508725591543e-18] corr_G2:[None, None, 0]
Training end
Task is 0.00% complete.
t1_sim:[57632. 58464. 61426.] t2_sim:[65369. 65526. 64547.]
Task is 1.00% complete.
t1_sim:[57085. 56910. 59302.] t2_sim:[64270. 64406. 63581.]
Task is 2.00% complete.
t1_sim:[58948. 58707. 62195.] t2_sim:[66686. 66660. 63881.]
Task is 3.00% complete.
t1_sim:[61051. 60851. 61972.] t2_sim:[60642. 60825. 64137.]
Task is 4.00% complete.
t1_sim:[59455. 58698. 58444.] t2_sim:[62524. 62894. 62204.]
Task is 5.00% complete.
t1_sim:[59221. 59015. 57103.] t2_sim:[61383. 61338. 61316.]
Task is 6.00% complete.
t1_sim:[60418. 60163. 63492.] t2_sim:[68813. 68949. 66215.]
Task is 7.00% complete.
t1_sim:[59675. 59655. 61322.] t2_sim:[68096. 67684. 66166.]
Task is 8.00% complete.
t1_sim:[63493. 63133. 60704.] t2_sim:[65214. 65132. 62611.]
Task is 9.00% complete.
t1_sim:[62083. 62404. 62338.] t2_sim:[56862. 56845. 57313.]
Task is 10.00% complete.
t1_sim:[62821. 62967. 62082.] t2_sim:[63751. 63775. 60686.]
Task is 11.00% complete.
t1_sim:[59202. 59572. 60927.] t2_sim:[65857. 65825. 62954.]
Task is 12.00% complete.
t1_sim:[58473. 58487. 60637.] t2_sim:[64634. 64442. 67392.]
Task is 13.00% complete.
t1_sim:[61175. 61210. 62181.] t2_sim:[64603. 64367. 64172.]
Task is 14.00% complete.
t1_sim:[68593. 68463. 63232.] t2_sim:[59556. 59970. 59789.]
Task is 15.00% complete.
t1_sim:[60797. 60550. 57067.] t2_sim:[60996. 61208. 61072.]
Task is 16.00% complete.
t1_sim:[70349. 70575. 68729.] t2_sim:[68232. 68411. 72634.]
Task is 17.00% complete.
t1_sim:[59554. 60387. 61591.] t2_sim:[58564. 58272. 60029.]
Task is 18.00% complete.
t1_sim:[57572. 57738. 58203.] t2_sim:[56834. 56987. 59127.]
Task is 19.00% complete.
t1_sim:[61118. 61025. 57437.] t2_sim:[61592. 61322. 59716.]
Task is 20.00% complete.
t1_sim:[64916. 64996. 63064.] t2_sim:[67100. 67190. 65781.]
Task is 21.00% complete.
t1_sim:[56144. 56229. 58589.] t2_sim:[63884. 64340. 63877.]
Task is 22.00% complete.
t1_sim:[61106. 61216. 57791.] t2_sim:[56621. 57167. 59132.]
Task is 23.00% complete.
t1_sim:[60803. 60476. 57940.] t2_sim:[61815. 62377. 61670.]
Task is 24.00% complete.
t1_sim:[57204. 57285. 62025.] t2_sim:[67443. 67459. 63444.]
Task is 25.00% complete.
t1_sim:[66497. 66839. 63586.] t2_sim:[66054. 65843. 66328.]
Task is 26.00% complete.
t1_sim:[66302. 66099. 63767.] t2_sim:[66137. 66308. 64452.]
Task is 27.00% complete.
t1_sim:[69850. 69705. 68070.] t2_sim:[63896. 63719. 62914.]
Task is 28.00% complete.
t1_sim:[62584. 62844. 64373.] t2_sim:[64734. 64043. 63405.]
Task is 29.00% complete.
t1_sim:[63226. 62738. 59219.] t2_sim:[56010. 56695. 58160.]
Task is 30.00% complete.
t1_sim:[63245. 63274. 62808.] t2_sim:[63455. 63246. 59517.]
Task is 31.00% complete.
t1_sim:[57048. 57171. 61678.] t2_sim:[63046. 63191. 61421.]
Task is 32.00% complete.
t1_sim:[64980. 65367. 69121.] t2_sim:[64492. 64500. 63803.]
Task is 33.00% complete.
t1_sim:[61270. 60744. 63498.] t2_sim:[61068. 60755. 57316.]
Task is 34.00% complete.
t1_sim:[57212. 57003. 59826.] t2_sim:[64167. 64199. 60948.]
Task is 35.00% complete.
t1_sim:[59897. 59929. 61433.] t2_sim:[58214. 58456. 60061.]
Task is 36.00% complete.
t1_sim:[59298. 59859. 59393.] t2_sim:[58470. 59005. 58351.]
Task is 37.00% complete.
t1_sim:[68164. 67915. 62732.] t2_sim:[57701. 57885. 57913.]
Task is 38.00% complete.
t1_sim:[63671. 63528. 63290.] t2_sim:[62141. 62682. 63061.]
Task is 39.00% complete.
t1_sim:[64821. 64456. 62500.] t2_sim:[60009. 60167. 66979.]
Task is 40.00% complete.
t1_sim:[60684. 61466. 58277.] t2_sim:[59454. 59109. 58844.]
Task is 41.00% complete.
t1_sim:[59877. 59690. 59413.] t2_sim:[63118. 62825. 62085.]
Task is 42.00% complete.
t1_sim:[59702. 59844. 61689.] t2_sim:[61410. 60954. 60389.]
Task is 43.00% complete.
t1_sim:[65288. 65786. 68147.] t2_sim:[64008. 64199. 62649.]
Task is 44.00% complete.
t1_sim:[63607. 63179. 66735.] t2_sim:[60628. 60081. 59264.]
Task is 45.00% complete.
t1_sim:[62652. 62511. 58463.] t2_sim:[67217. 67018. 63745.]
Task is 46.00% complete.
t1_sim:[61669. 61389. 63551.] t2_sim:[64336. 64839. 64406.]
Task is 47.00% complete.
t1_sim:[61404. 61316. 58366.] t2_sim:[60480. 60505. 59344.]
Task is 48.00% complete.
t1_sim:[54960. 54759. 53678.] t2_sim:[59717. 59968. 61842.]
Task is 49.00% complete.
t1_sim:[59552. 59158. 58189.] t2_sim:[55030. 55015. 60724.]
Task is 50.00% complete.
t1_sim:[61697. 61952. 62817.] t2_sim:[65034. 65764. 63529.]
Task is 51.00% complete.
t1_sim:[58779. 58441. 61620.] t2_sim:[60467. 60547. 58914.]
Task is 52.00% complete.
t1_sim:[61053. 61172. 63271.] t2_sim:[58432. 58749. 61294.]
Task is 53.00% complete.
t1_sim:[59781. 59686. 59197.] t2_sim:[61439. 61034. 60690.]
Task is 54.00% complete.
t1_sim:[64417. 64615. 60349.] t2_sim:[55208. 55475. 58784.]
Task is 55.00% complete.
t1_sim:[55565. 55666. 52407.] t2_sim:[63901. 63954. 63598.]
Task is 56.00% complete.
t1_sim:[59836. 59969. 57996.] t2_sim:[66723. 66209. 62192.]
Task is 57.00% complete.
t1_sim:[65738. 65881. 66198.] t2_sim:[60860. 61102. 59114.]
Task is 58.00% complete.
t1_sim:[60442. 60745. 61534.] t2_sim:[62931. 62833. 58811.]
Task is 59.00% complete.
t1_sim:[63886. 64075. 64945.] t2_sim:[60151. 60352. 60585.]
Task is 60.00% complete.
t1_sim:[60360. 60270. 64711.] t2_sim:[65931. 66333. 66669.]
Task is 61.00% complete.
t1_sim:[65387. 65774. 63406.] t2_sim:[62209. 62089. 64344.]
Task is 62.00% complete.
t1_sim:[68165. 68297. 68272.] t2_sim:[64423. 64177. 67435.]
Task is 63.00% complete.
t1_sim:[57297. 57323. 60050.] t2_sim:[63775. 64091. 62856.]
Task is 64.00% complete.
t1_sim:[65436. 65336. 67074.] t2_sim:[63580. 64011. 63764.]
Task is 65.00% complete.
t1_sim:[59621. 59765. 57921.] t2_sim:[63405. 62970. 61658.]
Task is 66.00% complete.
t1_sim:[60846. 60317. 60128.] t2_sim:[61174. 61444. 64014.]
Task is 67.00% complete.
t1_sim:[56393. 56870. 57914.] t2_sim:[65785. 66054. 67557.]
Task is 68.00% complete.
t1_sim:[57354. 57192. 58140.] t2_sim:[62077. 62453. 58546.]
Task is 69.00% complete.
t1_sim:[65264. 65233. 65224.] t2_sim:[58239. 58300. 55310.]
Task is 70.00% complete.
t1_sim:[66295. 66405. 69032.] t2_sim:[61817. 61349. 60240.]
Task is 71.00% complete.
t1_sim:[63342. 63274. 65639.] t2_sim:[64549. 65099. 64694.]
Task is 72.00% complete.
t1_sim:[67393. 67655. 68609.] t2_sim:[60835. 60439. 62021.]
Task is 73.00% complete.
t1_sim:[60311. 60539. 61387.] t2_sim:[64658. 64827. 66677.]
Task is 74.00% complete.
t1_sim:[56547. 56488. 59694.] t2_sim:[62960. 63558. 65490.]
Task is 75.00% complete.
t1_sim:[62101. 62414. 62555.] t2_sim:[72487. 72162. 70135.]
Task is 76.00% complete.
t1_sim:[66390. 66527. 66249.] t2_sim:[62809. 63327. 64074.]
Task is 77.00% complete.
t1_sim:[64058. 64240. 65576.] t2_sim:[58470. 57923. 58165.]
Task is 78.00% complete.
t1_sim:[66335. 66406. 67251.] t2_sim:[67412. 67340. 67006.]
Task is 79.00% complete.
t1_sim:[66370. 66888. 66180.] t2_sim:[67485. 66925. 68578.]
Task is 80.00% complete.
t1_sim:[64272. 64444. 63046.] t2_sim:[60884. 61091. 61319.]
Task is 81.00% complete.
t1_sim:[59989. 59967. 60146.] t2_sim:[70197. 69903. 67809.]
Task is 82.00% complete.
t1_sim:[62728. 62367. 62542.] t2_sim:[59214. 58715. 57756.]
Task is 83.00% complete.
t1_sim:[58884. 58376. 59818.] t2_sim:[63156. 63826. 61858.]
Task is 84.00% complete.
t1_sim:[61703. 61706. 59434.] t2_sim:[70854. 70519. 72821.]
Task is 85.00% complete.
t1_sim:[61395. 61284. 62829.] t2_sim:[58748. 58683. 60111.]
Task is 86.00% complete.
t1_sim:[63784. 63937. 62094.] t2_sim:[63169. 63473. 65615.]
Task is 87.00% complete.
t1_sim:[63468. 63311. 63955.] t2_sim:[63886. 63978. 64862.]
Task is 88.00% complete.
t1_sim:[62611. 62916. 62805.] t2_sim:[60130. 60213. 63368.]
Task is 89.00% complete.
t1_sim:[65189. 65137. 63394.] t2_sim:[59617. 59743. 58248.]
Task is 90.00% complete.
t1_sim:[60057. 60781. 61253.] t2_sim:[57936. 58355. 62079.]
Task is 91.00% complete.
t1_sim:[57199. 57672. 57109.] t2_sim:[67130. 67036. 66688.]
Task is 92.00% complete.
t1_sim:[58592. 58545. 63030.] t2_sim:[62531. 61885. 61126.]
Task is 93.00% complete.
t1_sim:[65460. 65668. 63749.] t2_sim:[62827. 62905. 60462.]
Task is 94.00% complete.
t1_sim:[65004. 65343. 63457.] t2_sim:[64727. 65274. 66437.]
Task is 95.00% complete.
t1_sim:[58436. 58264. 62159.] t2_sim:[64198. 64172. 62294.]
Task is 96.00% complete.
t1_sim:[62493. 62480. 62543.] t2_sim:[60154. 60180. 60660.]
Task is 97.00% complete.
t1_sim:[64398. 64607. 66144.] t2_sim:[61675. 62308. 66894.]
Task is 98.00% complete.
t1_sim:[59757. 60257. 61766.] t2_sim:[62576. 62763. 63643.]
Task is 99.00% complete.
t1_sim:[64721. 65136. 65679.] t2_sim:[64620. 64135. 63715.]
Training start
t1_obs:[array(57484.), array(57612.), array(57306.)] t2_obs:[array(60778.), array(61269.), array(61137.)]
corr_G1:[None, None, 0.9703403550159319] corr_G2:[None, None, 0.9947821652220935]
Training end
Task is 0.00% complete.
t1_sim:[60112. 59796. 60289.] t2_sim:[65586. 65239. 65179.]
Task is 1.00% complete.
t1_sim:[64149. 63922. 64523.] t2_sim:[60356. 60445. 61813.]
Task is 2.00% complete.
t1_sim:[59511. 59697. 59822.] t2_sim:[60413. 60049. 60412.]
Task is 3.00% complete.
t1_sim:[64106. 63687. 65190.] t2_sim:[65207. 65771. 64497.]
Task is 4.00% complete.
t1_sim:[61577. 61559. 59349.] t2_sim:[61477. 61345. 60640.]
Task is 5.00% complete.
t1_sim:[60520. 60423. 59595.] t2_sim:[64936. 64819. 63585.]
Task is 6.00% complete.
t1_sim:[64390. 64000. 64735.] t2_sim:[60835. 60907. 60393.]
Task is 7.00% complete.
t1_sim:[68775. 68833. 67146.] t2_sim:[58907. 59054. 58136.]
Task is 8.00% complete.
t1_sim:[63098. 62604. 62766.] t2_sim:[62777. 63272. 62876.]
Task is 9.00% complete.
t1_sim:[60906. 60691. 58109.] t2_sim:[61420. 61508. 61511.]
Task is 10.00% complete.
t1_sim:[64125. 64124. 62202.] t2_sim:[65593. 65832. 63382.]
Task is 11.00% complete.
t1_sim:[62981. 63098. 63451.] t2_sim:[69159. 69435. 67044.]
Task is 12.00% complete.
t1_sim:[54553. 54419. 52024.] t2_sim:[64960. 65087. 63661.]
Task is 13.00% complete.
t1_sim:[62394. 62669. 62023.] t2_sim:[61760. 62131. 63926.]
Task is 14.00% complete.
t1_sim:[61642. 61433. 60003.] t2_sim:[64983. 65829. 66267.]
Task is 15.00% complete.
t1_sim:[57957. 57506. 56831.] t2_sim:[58084. 58066. 59883.]
Task is 16.00% complete.
t1_sim:[66527. 65922. 66360.] t2_sim:[59934. 60139. 59275.]
Task is 17.00% complete.
t1_sim:[65677. 66142. 64384.] t2_sim:[60714. 61170. 63321.]
Task is 18.00% complete.
t1_sim:[57778. 57593. 57672.] t2_sim:[64245. 64888. 63259.]
Task is 19.00% complete.
t1_sim:[63648. 63436. 63029.] t2_sim:[61988. 61972. 62658.]
Task is 20.00% complete.
t1_sim:[60306. 60512. 61634.] t2_sim:[63946. 64046. 64843.]
Task is 21.00% complete.
t1_sim:[60930. 61014. 58991.] t2_sim:[59577. 59778. 59307.]
Task is 22.00% complete.
t1_sim:[64463. 64506. 64066.] t2_sim:[60640. 60303. 62364.]
Task is 23.00% complete.
t1_sim:[58108. 58193. 59019.] t2_sim:[61768. 62253. 63518.]
Task is 24.00% complete.
t1_sim:[63750. 63807. 64203.] t2_sim:[66202. 66305. 67211.]
Task is 25.00% complete.
t1_sim:[58276. 58351. 59139.] t2_sim:[62668. 61875. 63867.]
Task is 26.00% complete.
t1_sim:[66594. 66744. 65868.] t2_sim:[59264. 59617. 59120.]
Task is 27.00% complete.
t1_sim:[61739. 61385. 65223.] t2_sim:[60530. 60436. 61396.]
Task is 28.00% complete.
t1_sim:[61811. 61734. 61328.] t2_sim:[64912. 65270. 67657.]
Task is 29.00% complete.
t1_sim:[58169. 58477. 58796.] t2_sim:[65848. 65738. 67858.]
Task is 30.00% complete.
t1_sim:[61290. 61197. 60896.] t2_sim:[62798. 62440. 62023.]
Task is 31.00% complete.
t1_sim:[63864. 63882. 65567.] t2_sim:[57043. 57205. 56263.]
Task is 32.00% complete.
t1_sim:[56856. 56661. 57306.] t2_sim:[63685. 63957. 64338.]
Task is 33.00% complete.
t1_sim:[68981. 69152. 68216.] t2_sim:[58772. 58966. 59896.]
Task is 34.00% complete.
t1_sim:[62195. 62621. 62604.] t2_sim:[57007. 57089. 58010.]
Task is 35.00% complete.
t1_sim:[69960. 69444. 68090.] t2_sim:[61131. 60711. 61602.]
Task is 36.00% complete.
t1_sim:[64148. 63346. 63214.] t2_sim:[63767. 63815. 61525.]
Task is 37.00% complete.
t1_sim:[58426. 58828. 58349.] t2_sim:[63217. 63430. 64180.]
Task is 38.00% complete.
t1_sim:[64030. 64385. 64253.] t2_sim:[58734. 59010. 58175.]
Task is 39.00% complete.
t1_sim:[62005. 62170. 63266.] t2_sim:[71873. 72534. 71738.]
Task is 40.00% complete.
t1_sim:[61811. 62053. 62741.] t2_sim:[57775. 57651. 58221.]
Task is 41.00% complete.
t1_sim:[70476. 70671. 69824.] t2_sim:[61804. 61660. 61488.]
Task is 42.00% complete.
t1_sim:[60147. 59852. 60053.] t2_sim:[67426. 67438. 67009.]
Task is 43.00% complete.
t1_sim:[62637. 62813. 64320.] t2_sim:[66297. 66222. 67406.]
Task is 44.00% complete.
t1_sim:[65690. 65353. 61866.] t2_sim:[62968. 63200. 63789.]
Task is 45.00% complete.
t1_sim:[65267. 65333. 64085.] t2_sim:[64259. 64208. 64793.]
Task is 46.00% complete.
t1_sim:[59540. 58681. 58957.] t2_sim:[69517. 69449. 71017.]
Task is 47.00% complete.
t1_sim:[56108. 56412. 57926.] t2_sim:[59774. 59617. 56724.]
Task is 48.00% complete.
t1_sim:[67596. 67160. 69378.] t2_sim:[60581. 60610. 58462.]
Task is 49.00% complete.
t1_sim:[62727. 63012. 64478.] t2_sim:[61379. 60752. 59048.]
Task is 50.00% complete.
t1_sim:[63609. 63835. 64671.] t2_sim:[55161. 55342. 56659.]
Task is 51.00% complete.
t1_sim:[57372. 57454. 58641.] t2_sim:[65273. 65021. 66981.]
Task is 52.00% complete.
t1_sim:[71042. 70717. 69966.] t2_sim:[68739. 68310. 68100.]
Task is 53.00% complete.
t1_sim:[65475. 66159. 66181.] t2_sim:[60296. 60287. 59619.]
Task is 54.00% complete.
t1_sim:[64452. 64509. 64151.] t2_sim:[64849. 65024. 67525.]
Task is 55.00% complete.
t1_sim:[63922. 63467. 62455.] t2_sim:[59316. 60007. 59251.]
Task is 56.00% complete.
t1_sim:[64324. 64297. 63749.] t2_sim:[65459. 65387. 65712.]
Task is 57.00% complete.
t1_sim:[63462. 63141. 63963.] t2_sim:[61118. 60683. 61607.]
Task is 58.00% complete.
t1_sim:[64744. 64630. 65297.] t2_sim:[62162. 62100. 60227.]
Task is 59.00% complete.
t1_sim:[61349. 61575. 63002.] t2_sim:[62721. 62234. 63370.]
Task is 60.00% complete.
t1_sim:[58329. 58226. 59941.] t2_sim:[63431. 63817. 63945.]
Task is 61.00% complete.
t1_sim:[53670. 53450. 56616.] t2_sim:[60416. 60644. 59466.]
Task is 62.00% complete.
t1_sim:[62552. 62762. 63439.] t2_sim:[66504. 66282. 65136.]
Task is 63.00% complete.
t1_sim:[64664. 64217. 63419.] t2_sim:[65303. 64959. 64650.]
Task is 64.00% complete.
t1_sim:[61970. 62127. 61369.] t2_sim:[58293. 58251. 58222.]
Task is 65.00% complete.
t1_sim:[65860. 65945. 64969.] t2_sim:[62514. 62690. 62037.]
Task is 66.00% complete.
t1_sim:[60261. 60532. 61005.] t2_sim:[61961. 62018. 62679.]
Task is 67.00% complete.
t1_sim:[63861. 63627. 62536.] t2_sim:[63832. 64025. 62652.]
Task is 68.00% complete.
t1_sim:[59501. 59109. 59942.] t2_sim:[65505. 65679. 65471.]
Task is 69.00% complete.
t1_sim:[62344. 62477. 63797.] t2_sim:[65408. 65276. 64960.]
Task is 70.00% complete.
t1_sim:[64216. 64340. 65623.] t2_sim:[63872. 64032. 61929.]
Task is 71.00% complete.
t1_sim:[62143. 62138. 59912.] t2_sim:[55216. 55155. 56769.]
Task is 72.00% complete.
t1_sim:[65655. 65439. 65832.] t2_sim:[63303. 63334. 64356.]
Task is 73.00% complete.
t1_sim:[58946. 59269. 58846.] t2_sim:[60562. 60381. 59375.]
Task is 74.00% complete.
t1_sim:[55044. 54654. 55515.] t2_sim:[71097. 70782. 71979.]
Task is 75.00% complete.
t1_sim:[59357. 59585. 60134.] t2_sim:[66339. 66889. 67138.]
Task is 76.00% complete.
t1_sim:[58540. 58524. 61131.] t2_sim:[59284. 59294. 62005.]
Task is 77.00% complete.
t1_sim:[62536. 62471. 64658.] t2_sim:[69061. 69048. 68748.]
Task is 78.00% complete.
t1_sim:[53706. 53427. 54214.] t2_sim:[66310. 65974. 65329.]
Task is 79.00% complete.
t1_sim:[62821. 63017. 62438.] t2_sim:[62307. 62467. 61805.]
Task is 80.00% complete.
t1_sim:[64088. 63693. 65985.] t2_sim:[58435. 58613. 60309.]
Task is 81.00% complete.
t1_sim:[62935. 62813. 65927.] t2_sim:[62653. 62680. 61938.]
Task is 82.00% complete.
t1_sim:[65798. 65988. 64770.] t2_sim:[65149. 65382. 66076.]
Task is 83.00% complete.
t1_sim:[66706. 66919. 63154.] t2_sim:[63071. 63939. 62743.]
Task is 84.00% complete.
t1_sim:[61173. 61202. 60283.] t2_sim:[63162. 63187. 62196.]
Task is 85.00% complete.
t1_sim:[58638. 58637. 57501.] t2_sim:[65493. 65687. 66251.]
Task is 86.00% complete.
t1_sim:[65510. 65125. 65159.] t2_sim:[64079. 63974. 64514.]
Task is 87.00% complete.
t1_sim:[62845. 62665. 63724.] t2_sim:[63144. 63225. 63443.]
Task is 88.00% complete.
t1_sim:[59114. 58901. 60302.] t2_sim:[59581. 59361. 62983.]
Task is 89.00% complete.
t1_sim:[62164. 61640. 61260.] t2_sim:[65437. 65921. 66290.]
Task is 90.00% complete.
t1_sim:[62038. 62579. 63091.] t2_sim:[62476. 61995. 62946.]
Task is 91.00% complete.
t1_sim:[63941. 64024. 61153.] t2_sim:[61950. 61346. 61603.]
Task is 92.00% complete.
t1_sim:[62378. 62230. 62775.] t2_sim:[68188. 68070. 66923.]
Task is 93.00% complete.
t1_sim:[58914. 59024. 57696.] t2_sim:[61452. 61993. 64063.]
Task is 94.00% complete.
t1_sim:[64090. 63859. 63363.] t2_sim:[61438. 61384. 60764.]
Task is 95.00% complete.
t1_sim:[60942. 61295. 60454.] t2_sim:[65102. 65682. 64611.]
Task is 96.00% complete.
t1_sim:[59257. 59274. 59558.] t2_sim:[63772. 63898. 63412.]
Task is 97.00% complete.
t1_sim:[61770. 62002. 63180.] t2_sim:[58597. 58397. 58889.]
Task is 98.00% complete.
t1_sim:[65195. 65451. 65065.] t2_sim:[64963. 64108. 61448.]
Task is 99.00% complete.
t1_sim:[66918. 66810. 65541.] t2_sim:[58218. 58225. 58965.]
Training start
t1_obs:[array(57484.), array(57612.), array(57829.)] t2_obs:[array(60778.), array(61269.), array(60194.)]
corr_G1:[None, None, -0.22312952155581803] corr_G2:[None, None, -0.04607505630884699]
Training end
Task is 0.00% complete.
t1_sim:[65094. 65229. 64299.] t2_sim:[62942. 62762. 61683.]
Task is 1.00% complete.
t1_sim:[62877. 62717. 63087.] t2_sim:[67981. 68732. 71726.]
Task is 2.00% complete.
t1_sim:[61530. 61701. 62680.] t2_sim:[57857. 57830. 57849.]
Task is 3.00% complete.
t1_sim:[60227. 60180. 59811.] t2_sim:[59912. 60283. 61367.]
Task is 4.00% complete.
t1_sim:[64293. 64906. 63680.] t2_sim:[63896. 64043. 65232.]
Task is 5.00% complete.
t1_sim:[63555. 63189. 61672.] t2_sim:[61397. 61620. 61396.]
Task is 6.00% complete.
t1_sim:[67232. 67189. 67009.] t2_sim:[63599. 63542. 60704.]
Task is 7.00% complete.
t1_sim:[62955. 63201. 64560.] t2_sim:[57033. 57264. 56492.]
Task is 8.00% complete.
t1_sim:[60844. 60484. 58978.] t2_sim:[58288. 57927. 58087.]
Task is 9.00% complete.
t1_sim:[63065. 62701. 62587.] t2_sim:[66110. 66082. 63216.]
Task is 10.00% complete.
t1_sim:[67828. 67714. 66536.] t2_sim:[63801. 64410. 66941.]
Task is 11.00% complete.
t1_sim:[64257. 64019. 60968.] t2_sim:[62955. 63096. 60345.]
Task is 12.00% complete.
t1_sim:[63403. 63485. 66270.] t2_sim:[61197. 60830. 63099.]
Task is 13.00% complete.
t1_sim:[61951. 61794. 64320.] t2_sim:[62908. 62478. 60891.]
Task is 14.00% complete.
t1_sim:[65179. 65463. 63657.] t2_sim:[61382. 61721. 59889.]
Task is 15.00% complete.
t1_sim:[60145. 60164. 63191.] t2_sim:[61664. 61433. 58269.]
Task is 16.00% complete.
t1_sim:[59041. 59637. 60591.] t2_sim:[56657. 56504. 55050.]
Task is 17.00% complete.
t1_sim:[62925. 63209. 62099.] t2_sim:[68290. 68061. 66735.]
Task is 18.00% complete.
t1_sim:[68147. 67667. 68383.] t2_sim:[59219. 59020. 59859.]
Task is 19.00% complete.
t1_sim:[64253. 64236. 62321.] t2_sim:[63806. 63421. 64780.]
Task is 20.00% complete.
t1_sim:[65270. 64991. 63106.] t2_sim:[62003. 62045. 61226.]
Task is 21.00% complete.
t1_sim:[66764. 66995. 65413.] t2_sim:[65714. 65234. 61249.]
Task is 22.00% complete.
t1_sim:[59301. 59531. 56939.] t2_sim:[59838. 59740. 59429.]
Task is 23.00% complete.
t1_sim:[66108. 65935. 66007.] t2_sim:[61316. 60859. 61474.]
Task is 24.00% complete.
t1_sim:[64417. 64443. 65246.] t2_sim:[62573. 62309. 62347.]
Task is 25.00% complete.
t1_sim:[64075. 64865. 64632.] t2_sim:[60134. 60212. 59469.]
Task is 26.00% complete.
t1_sim:[63337. 62939. 63524.] t2_sim:[63705. 63393. 65350.]
Task is 27.00% complete.
t1_sim:[58892. 59187. 60694.] t2_sim:[63504. 63760. 64317.]
Task is 28.00% complete.
t1_sim:[62598. 62681. 62526.] t2_sim:[65280. 65473. 63512.]
Task is 29.00% complete.
t1_sim:[56799. 56793. 58908.] t2_sim:[58832. 59123. 60438.]
Task is 30.00% complete.
t1_sim:[63141. 63368. 63409.] t2_sim:[59992. 59335. 60766.]
Task is 31.00% complete.
t1_sim:[61425. 61207. 61594.] t2_sim:[60139. 60389. 58176.]
Task is 32.00% complete.
t1_sim:[59458. 59191. 59568.] t2_sim:[67736. 67884. 68830.]
Task is 33.00% complete.
t1_sim:[59890. 59936. 60194.] t2_sim:[67086. 66635. 63629.]
Task is 34.00% complete.
t1_sim:[57117. 57070. 58956.] t2_sim:[60461. 60478. 61055.]
Task is 35.00% complete.
t1_sim:[65774. 65966. 66067.] t2_sim:[67346. 67094. 67426.]
Task is 36.00% complete.
t1_sim:[59643. 59393. 57579.] t2_sim:[65325. 64820. 63709.]
Task is 37.00% complete.
t1_sim:[61311. 61413. 61948.] t2_sim:[68980. 68615. 67773.]
Task is 38.00% complete.
t1_sim:[67447. 67212. 65607.] t2_sim:[61510. 61451. 59308.]
Task is 39.00% complete.
t1_sim:[65003. 64957. 64307.] t2_sim:[64635. 64907. 60858.]
Task is 40.00% complete.
t1_sim:[69026. 68837. 68566.] t2_sim:[59985. 60267. 60599.]
Task is 41.00% complete.
t1_sim:[61087. 60509. 59393.] t2_sim:[62484. 62586. 63147.]
Task is 42.00% complete.
t1_sim:[66574. 66530. 66871.] t2_sim:[60686. 60319. 61783.]
Task is 43.00% complete.
t1_sim:[57193. 57172. 55619.] t2_sim:[65719. 65628. 64164.]
Task is 44.00% complete.
t1_sim:[66156. 66321. 67230.] t2_sim:[59831. 59344. 58934.]
Task is 45.00% complete.
t1_sim:[61741. 61812. 63569.] t2_sim:[60422. 60960. 60980.]
Task is 46.00% complete.
t1_sim:[63134. 63226. 64662.] t2_sim:[63409. 63688. 63981.]
Task is 47.00% complete.
t1_sim:[61294. 61406. 63392.] t2_sim:[64460. 64274. 64638.]
Task is 48.00% complete.
t1_sim:[63734. 64129. 65768.] t2_sim:[60502. 60937. 61148.]
Task is 49.00% complete.
t1_sim:[64892. 64761. 65989.] t2_sim:[56879. 56826. 57646.]
Task is 50.00% complete.
t1_sim:[62854. 63178. 61739.] t2_sim:[62572. 62512. 62618.]
Task is 51.00% complete.
t1_sim:[60315. 60709. 61430.] t2_sim:[61876. 62100. 62698.]
Task is 52.00% complete.
t1_sim:[61513. 61485. 63869.] t2_sim:[64965. 65049. 64752.]
Task is 53.00% complete.
t1_sim:[59351. 59202. 59757.] t2_sim:[64466. 64664. 63294.]
Task is 54.00% complete.
t1_sim:[58730. 58820. 62429.] t2_sim:[61734. 61424. 60604.]
Task is 55.00% complete.
t1_sim:[65896. 66042. 64352.] t2_sim:[62251. 62106. 61829.]
Task is 56.00% complete.
t1_sim:[60628. 60836. 60033.] t2_sim:[65831. 65748. 65635.]
Task is 57.00% complete.
t1_sim:[61088. 61854. 62693.] t2_sim:[58654. 58240. 59084.]
Task is 58.00% complete.
t1_sim:[58958. 59129. 61080.] t2_sim:[64691. 65057. 66164.]
Task is 59.00% complete.
t1_sim:[61695. 61505. 62793.] t2_sim:[58658. 58452. 57226.]
Task is 60.00% complete.
t1_sim:[64702. 64614. 62261.] t2_sim:[63956. 63594. 65050.]
Task is 61.00% complete.
t1_sim:[61659. 62092. 62891.] t2_sim:[68058. 68586. 68114.]
Task is 62.00% complete.
t1_sim:[66681. 66728. 67266.] t2_sim:[63799. 64079. 65028.]
Task is 63.00% complete.
t1_sim:[59843. 59611. 58352.] t2_sim:[61505. 61471. 60803.]
Task is 64.00% complete.
t1_sim:[64276. 63954. 64740.] t2_sim:[59524. 59667. 60267.]
Task is 65.00% complete.
t1_sim:[64071. 64215. 66881.] t2_sim:[63505. 63394. 62670.]
Task is 66.00% complete.
t1_sim:[60023. 60126. 58898.] t2_sim:[66666. 66736. 65743.]
Task is 67.00% complete.
t1_sim:[57249. 57165. 55605.] t2_sim:[64321. 64111. 64588.]
Task is 68.00% complete.
t1_sim:[64369. 64572. 62953.] t2_sim:[59906. 59875. 59611.]
Task is 69.00% complete.
t1_sim:[62184. 62115. 59902.] t2_sim:[61827. 61890. 61833.]
Task is 70.00% complete.
t1_sim:[67351. 67155. 66740.] t2_sim:[65568. 65523. 64989.]
Task is 71.00% complete.
t1_sim:[62161. 62356. 63012.] t2_sim:[61693. 61609. 61906.]
Task is 72.00% complete.
t1_sim:[59679. 60038. 57620.] t2_sim:[65170. 64611. 65131.]
Task is 73.00% complete.
t1_sim:[53981. 54343. 51845.] t2_sim:[62503. 62311. 63140.]
Task is 74.00% complete.
t1_sim:[66168. 66177. 65032.] t2_sim:[67432. 67262. 64751.]
Task is 75.00% complete.
t1_sim:[68720. 68799. 67885.] t2_sim:[61525. 61374. 61829.]
Task is 76.00% complete.
t1_sim:[69730. 69335. 68792.] t2_sim:[61428. 61336. 60565.]
Task is 77.00% complete.
t1_sim:[65046. 65158. 65388.] t2_sim:[66050. 65721. 66366.]
Task is 78.00% complete.
t1_sim:[58498. 58392. 59802.] t2_sim:[63282. 63153. 61054.]
Task is 79.00% complete.
t1_sim:[60897. 60518. 61487.] t2_sim:[68330. 68254. 65414.]
Task is 80.00% complete.
t1_sim:[64004. 64578. 66293.] t2_sim:[59788. 59366. 61119.]
Task is 81.00% complete.
t1_sim:[65547. 65258. 66710.] t2_sim:[58560. 57876. 59073.]
Task is 82.00% complete.
t1_sim:[64283. 64371. 65643.] t2_sim:[63545. 63295. 62721.]
Task is 83.00% complete.
t1_sim:[65647. 65856. 67119.] t2_sim:[62200. 62130. 62433.]
Task is 84.00% complete.
t1_sim:[64548. 64906. 65380.] t2_sim:[57460. 57282. 56092.]
Task is 85.00% complete.
t1_sim:[61399. 61694. 64579.] t2_sim:[61491. 61186. 62299.]
Task is 86.00% complete.
t1_sim:[53948. 53734. 54556.] t2_sim:[62706. 62808. 59962.]
Task is 87.00% complete.
t1_sim:[64216. 64780. 63331.] t2_sim:[58768. 59088. 59175.]
Task is 88.00% complete.
t1_sim:[64178. 64356. 62649.] t2_sim:[65529. 65605. 63706.]
Task is 89.00% complete.
t1_sim:[61948. 62172. 60692.] t2_sim:[62895. 62868. 62460.]
Task is 90.00% complete.
t1_sim:[63830. 63810. 64696.] t2_sim:[56832. 56890. 58763.]
Task is 91.00% complete.
t1_sim:[67063. 66774. 64016.] t2_sim:[71050. 71082. 70318.]
Task is 92.00% complete.
t1_sim:[64108. 64612. 65296.] t2_sim:[61338. 61465. 61439.]
Task is 93.00% complete.
t1_sim:[61400. 61475. 62092.] t2_sim:[63558. 63039. 62259.]
Task is 94.00% complete.
t1_sim:[64084. 64423. 64690.] t2_sim:[65375. 65173. 63960.]
Task is 95.00% complete.
t1_sim:[62986. 63163. 63522.] t2_sim:[64918. 65222. 63889.]
Task is 96.00% complete.
t1_sim:[67987. 68216. 67989.] t2_sim:[56944. 57235. 56763.]
Task is 97.00% complete.
t1_sim:[67791. 67120. 64901.] t2_sim:[64922. 64931. 64604.]
Task is 98.00% complete.
t1_sim:[60807. 60529. 60864.] t2_sim:[57230. 57303. 55684.]
Task is 99.00% complete.
t1_sim:[64380. 63988. 64776.] t2_sim:[61906. 62073. 62961.]
Finished
