Training start
t1_obs:[array(259776.), array(261990.), array(250388.)] t2_obs:[array(233682.), array(233595.), array(237832.)]
corr_G1:[0, 0, 0] corr_G2:[0, 0, -2.168565480332236e-17]
Training end
Number of jobs: 48
/scratch/jz4721/Post-prediction-Causal-Inference/venv/lib/python3.8/site-packages/numpy/core/getlimits.py:518: UserWarning: The value of the smallest subnormal for <class 'numpy.float64'> type is zero.
  setattr(self, word, getattr(machar, word).flat[0])
/scratch/jz4721/Post-prediction-Causal-Inference/venv/lib/python3.8/site-packages/numpy/core/getlimits.py:89: UserWarning: The value of the smallest subnormal for <class 'numpy.float64'> type is zero.
  return self._float_to_str(self.smallest_subnormal)
/scratch/jz4721/Post-prediction-Causal-Inference/venv/lib/python3.8/site-packages/numpy/core/getlimits.py:518: UserWarning: The value of the smallest subnormal for <class 'numpy.float32'> type is zero.
  setattr(self, word, getattr(machar, word).flat[0])
/scratch/jz4721/Post-prediction-Causal-Inference/venv/lib/python3.8/site-packages/numpy/core/getlimits.py:89: UserWarning: The value of the smallest subnormal for <class 'numpy.float32'> type is zero.
  return self._float_to_str(self.smallest_subnormal)
t1_sim:[248379. 249092. 244205.] t2_sim:[254689. 254497. 255609.]
Task is 0.00% complete.
t1_sim:[251351. 252954. 245233.] t2_sim:[261802. 261056. 256277.]
Task is 48.08% complete.
t1_sim:[257384. 257108. 253134.] t2_sim:[249157. 250472. 252020.]
Task is 96.15% complete.
t1_sim:[248379. 249092. 244205.] t2_sim:[254689. 254497. 255609.]
Task is 0.00% complete.
t1_sim:[251351. 252954. 245233.] t2_sim:[261802. 261056. 256277.]
Task is 48.08% complete.
t1_sim:[257384. 257108. 253134.] t2_sim:[249157. 250472. 252020.]
Task is 96.15% complete.
t1_sim:[248379. 249092. 244205.] t2_sim:[254689. 254497. 255609.]
Task is 0.00% complete.
t1_sim:[251351. 252954. 245233.] t2_sim:[261802. 261056. 256277.]
Task is 48.08% complete.
t1_sim:[257384. 257108. 253134.] t2_sim:[249157. 250472. 252020.]
Task is 96.15% complete.
t1_sim:[248379. 249092. 244205.] t2_sim:[254689. 254497. 255609.]
Task is 0.00% complete.
t1_sim:[251351. 252954. 245233.] t2_sim:[261802. 261056. 256277.]
Task is 48.08% complete.
t1_sim:[257384. 257108. 253134.] t2_sim:[249157. 250472. 252020.]
Task is 96.15% complete.
t1_sim:[248379. 249092. 244205.] t2_sim:[254689. 254497. 255609.]
Task is 0.00% complete.
t1_sim:[251351. 252954. 245233.] t2_sim:[261802. 261056. 256277.]
Task is 48.08% complete.
t1_sim:[257384. 257108. 253134.] t2_sim:[249157. 250472. 252020.]
Task is 96.15% complete.
t1_sim:[248379. 249092. 244205.] t2_sim:[254689. 254497. 255609.]
Task is 0.00% complete.
t1_sim:[251351. 252954. 245233.] t2_sim:[261802. 261056. 256277.]
Task is 48.08% complete.
t1_sim:[257384. 257108. 253134.] t2_sim:[249157. 250472. 252020.]
Task is 96.15% complete.
t1_sim:[248379. 249092. 244205.] t2_sim:[254689. 254497. 255609.]
Task is 0.00% complete.
t1_sim:[251351. 252954. 245233.] t2_sim:[261802. 261056. 256277.]
Task is 48.08% complete.
t1_sim:[257384. 257108. 253134.] t2_sim:[249157. 250472. 252020.]
Task is 96.15% complete.
t1_sim:[248379. 249092. 244205.] t2_sim:[254689. 254497. 255609.]
Task is 0.00% complete.
t1_sim:[251351. 252954. 245233.] t2_sim:[261802. 261056. 256277.]
Task is 48.08% complete.
t1_sim:[257384. 257108. 253134.] t2_sim:[249157. 250472. 252020.]
Task is 96.15% complete.
t1_sim:[248379. 249092. 244205.] t2_sim:[254689. 254497. 255609.]
Task is 0.00% complete.
t1_sim:[251351. 252954. 245233.] t2_sim:[261802. 261056. 256277.]
Task is 48.08% complete.
t1_sim:[257384. 257108. 253134.] t2_sim:[249157. 250472. 252020.]
Task is 96.15% complete.
t1_sim:[248379. 249092. 244205.] t2_sim:[254689. 254497. 255609.]
Task is 0.00% complete.
t1_sim:[251351. 252954. 245233.] t2_sim:[261802. 261056. 256277.]
Task is 48.08% complete.
t1_sim:[257384. 257108. 253134.] t2_sim:[249157. 250472. 252020.]
Task is 96.15% complete.
t1_sim:[248379. 249092. 244205.] t2_sim:[254689. 254497. 255609.]
Task is 0.00% complete.
t1_sim:[251351. 252954. 245233.] t2_sim:[261802. 261056. 256277.]
Task is 48.08% complete.
t1_sim:[257384. 257108. 253134.] t2_sim:[249157. 250472. 252020.]
Task is 96.15% complete.
t1_sim:[248379. 249092. 244205.] t2_sim:[254689. 254497. 255609.]
Task is 0.00% complete.
t1_sim:[251351. 252954. 245233.] t2_sim:[261802. 261056. 256277.]
Task is 48.08% complete.
t1_sim:[257384. 257108. 253134.] t2_sim:[249157. 250472. 252020.]
Task is 96.15% complete.
t1_sim:[248379. 249092. 244205.] t2_sim:[254689. 254497. 255609.]
Task is 0.00% complete.
t1_sim:[251351. 252954. 245233.] t2_sim:[261802. 261056. 256277.]
Task is 48.08% complete.
t1_sim:[257384. 257108. 253134.] t2_sim:[249157. 250472. 252020.]
Task is 96.15% complete.
t1_sim:[248379. 249092. 244205.] t2_sim:[254689. 254497. 255609.]
Task is 0.00% complete.
t1_sim:[251351. 252954. 245233.] t2_sim:[261802. 261056. 256277.]
Task is 48.08% complete.
t1_sim:[257384. 257108. 253134.] t2_sim:[249157. 250472. 252020.]
Task is 96.15% complete.
t1_sim:[248379. 249092. 244205.] t2_sim:[254689. 254497. 255609.]
Task is 0.00% complete.
t1_sim:[251351. 252954. 245233.] t2_sim:[261802. 261056. 256277.]
Task is 48.08% complete.
t1_sim:[257384. 257108. 253134.] t2_sim:[249157. 250472. 252020.]
Task is 96.15% complete.
t1_sim:[248379. 249092. 244205.] t2_sim:[254689. 254497. 255609.]
Task is 0.00% complete.
t1_sim:[251351. 252954. 245233.] t2_sim:[261802. 261056. 256277.]
Task is 48.08% complete.
t1_sim:[257384. 257108. 253134.] t2_sim:[249157. 250472. 252020.]
Task is 96.15% complete.
t1_sim:[248379. 249092. 244205.] t2_sim:[254689. 254497. 255609.]
Task is 0.00% complete.
t1_sim:[251351. 252954. 245233.] t2_sim:[261802. 261056. 256277.]
Task is 48.08% complete.
t1_sim:[257384. 257108. 253134.] t2_sim:[249157. 250472. 252020.]
Task is 96.15% complete.
t1_sim:[248379. 249092. 244205.] t2_sim:[254689. 254497. 255609.]
Task is 0.00% complete.
t1_sim:[251351. 252954. 245233.] t2_sim:[261802. 261056. 256277.]
Task is 48.08% complete.
t1_sim:[257384. 257108. 253134.] t2_sim:[249157. 250472. 252020.]
Task is 96.15% complete.
t1_sim:[248379. 249092. 244205.] t2_sim:[254689. 254497. 255609.]
Task is 0.00% complete.
t1_sim:[251351. 252954. 245233.] t2_sim:[261802. 261056. 256277.]
Task is 48.08% complete.
t1_sim:[257384. 257108. 253134.] t2_sim:[249157. 250472. 252020.]
Task is 96.15% complete.
t1_sim:[248379. 249092. 244205.] t2_sim:[254689. 254497. 255609.]
Task is 0.00% complete.
t1_sim:[251351. 252954. 245233.] t2_sim:[261802. 261056. 256277.]
Task is 48.08% complete.
t1_sim:[257384. 257108. 253134.] t2_sim:[249157. 250472. 252020.]
Task is 96.15% complete.
t1_sim:[248379. 249092. 244205.] t2_sim:[254689. 254497. 255609.]
Task is 0.00% complete.
t1_sim:[251351. 252954. 245233.] t2_sim:[261802. 261056. 256277.]
Task is 48.08% complete.
t1_sim:[257384. 257108. 253134.] t2_sim:[249157. 250472. 252020.]
Task is 96.15% complete.
t1_sim:[248379. 249092. 244205.] t2_sim:[254689. 254497. 255609.]
Task is 0.00% complete.
t1_sim:[251351. 252954. 245233.] t2_sim:[261802. 261056. 256277.]
Task is 48.08% complete.
t1_sim:[257384. 257108. 253134.] t2_sim:[249157. 250472. 252020.]
Task is 96.15% complete.
t1_sim:[248379. 249092. 244205.] t2_sim:[254689. 254497. 255609.]
Task is 0.00% complete.
t1_sim:[251351. 252954. 245233.] t2_sim:[261802. 261056. 256277.]
Task is 48.08% complete.
t1_sim:[257384. 257108. 253134.] t2_sim:[249157. 250472. 252020.]
Task is 96.15% complete.
t1_sim:[248379. 249092. 244205.] t2_sim:[254689. 254497. 255609.]
Task is 0.00% complete.
t1_sim:[251351. 252954. 245233.] t2_sim:[261802. 261056. 256277.]
Task is 48.08% complete.
t1_sim:[257384. 257108. 253134.] t2_sim:[249157. 250472. 252020.]
Task is 96.15% complete.
t1_sim:[248379. 249092. 244205.] t2_sim:[254689. 254497. 255609.]
Task is 0.00% complete.
t1_sim:[251351. 252954. 245233.] t2_sim:[261802. 261056. 256277.]
Task is 48.08% complete.
t1_sim:[257384. 257108. 253134.] t2_sim:[249157. 250472. 252020.]
Task is 96.15% complete.
t1_sim:[248379. 249092. 244205.] t2_sim:[254689. 254497. 255609.]
Task is 0.00% complete.
t1_sim:[251351. 252954. 245233.] t2_sim:[261802. 261056. 256277.]
Task is 48.08% complete.
t1_sim:[257384. 257108. 253134.] t2_sim:[249157. 250472. 252020.]
Task is 96.15% complete.
t1_sim:[248379. 249092. 244205.] t2_sim:[254689. 254497. 255609.]
Task is 0.00% complete.
t1_sim:[251351. 252954. 245233.] t2_sim:[261802. 261056. 256277.]
Task is 48.08% complete.
t1_sim:[257384. 257108. 253134.] t2_sim:[249157. 250472. 252020.]
Task is 96.15% complete.
t1_sim:[248379. 249092. 244205.] t2_sim:[254689. 254497. 255609.]
Task is 0.00% complete.
t1_sim:[251351. 252954. 245233.] t2_sim:[261802. 261056. 256277.]
Task is 48.08% complete.
t1_sim:[257384. 257108. 253134.] t2_sim:[249157. 250472. 252020.]
Task is 96.15% complete.
t1_sim:[248379. 249092. 244205.] t2_sim:[254689. 254497. 255609.]
Task is 0.00% complete.
t1_sim:[251351. 252954. 245233.] t2_sim:[261802. 261056. 256277.]
Task is 48.08% complete.
t1_sim:[257384. 257108. 253134.] t2_sim:[249157. 250472. 252020.]
Task is 96.15% complete.
t1_sim:[248379. 249092. 244205.] t2_sim:[254689. 254497. 255609.]
Task is 0.00% complete.
t1_sim:[251351. 252954. 245233.] t2_sim:[261802. 261056. 256277.]
Task is 48.08% complete.
t1_sim:[257384. 257108. 253134.] t2_sim:[249157. 250472. 252020.]
Task is 96.15% complete.
t1_sim:[248379. 249092. 244205.] t2_sim:[254689. 254497. 255609.]
Task is 0.00% complete.
t1_sim:[251351. 252954. 245233.] t2_sim:[261802. 261056. 256277.]
Task is 48.08% complete.
t1_sim:[257384. 257108. 253134.] t2_sim:[249157. 250472. 252020.]
Task is 96.15% complete.
t1_sim:[248379. 249092. 244205.] t2_sim:[254689. 254497. 255609.]
Task is 0.00% complete.
t1_sim:[251351. 252954. 245233.] t2_sim:[261802. 261056. 256277.]
Task is 48.08% complete.
t1_sim:[257384. 257108. 253134.] t2_sim:[249157. 250472. 252020.]
Task is 96.15% complete.
t1_sim:[248379. 249092. 244205.] t2_sim:[254689. 254497. 255609.]
Task is 0.00% complete.
t1_sim:[251351. 252954. 245233.] t2_sim:[261802. 261056. 256277.]
Task is 48.08% complete.
t1_sim:[257384. 257108. 253134.] t2_sim:[249157. 250472. 252020.]
Task is 96.15% complete.
t1_sim:[248379. 249092. 244205.] t2_sim:[254689. 254497. 255609.]
Task is 0.00% complete.
t1_sim:[251351. 252954. 245233.] t2_sim:[261802. 261056. 256277.]
Task is 48.08% complete.
t1_sim:[257384. 257108. 253134.] t2_sim:[249157. 250472. 252020.]
Task is 96.15% complete.
t1_sim:[248379. 249092. 244205.] t2_sim:[254689. 254497. 255609.]
Task is 0.00% complete.
t1_sim:[251351. 252954. 245233.] t2_sim:[261802. 261056. 256277.]
Task is 48.08% complete.
t1_sim:[257384. 257108. 253134.] t2_sim:[249157. 250472. 252020.]
Task is 96.15% complete.
t1_sim:[248379. 249092. 244205.] t2_sim:[254689. 254497. 255609.]
Task is 0.00% complete.
t1_sim:[251351. 252954. 245233.] t2_sim:[261802. 261056. 256277.]
Task is 48.08% complete.
t1_sim:[257384. 257108. 253134.] t2_sim:[249157. 250472. 252020.]
Task is 96.15% complete.
t1_sim:[248379. 249092. 244205.] t2_sim:[254689. 254497. 255609.]
Task is 0.00% complete.
t1_sim:[251351. 252954. 245233.] t2_sim:[261802. 261056. 256277.]
Task is 48.08% complete.
t1_sim:[257384. 257108. 253134.] t2_sim:[249157. 250472. 252020.]
Task is 96.15% complete.
t1_sim:[248379. 249092. 244205.] t2_sim:[254689. 254497. 255609.]
Task is 0.00% complete.
t1_sim:[251351. 252954. 245233.] t2_sim:[261802. 261056. 256277.]
Task is 48.08% complete.
t1_sim:[257384. 257108. 253134.] t2_sim:[249157. 250472. 252020.]
Task is 96.15% complete.
t1_sim:[248379. 249092. 244205.] t2_sim:[254689. 254497. 255609.]
Task is 0.00% complete.
t1_sim:[251351. 252954. 245233.] t2_sim:[261802. 261056. 256277.]
Task is 48.08% complete.
t1_sim:[257384. 257108. 253134.] t2_sim:[249157. 250472. 252020.]
Task is 96.15% complete.
t1_sim:[248379. 249092. 244205.] t2_sim:[254689. 254497. 255609.]
Task is 0.00% complete.
t1_sim:[251351. 252954. 245233.] t2_sim:[261802. 261056. 256277.]
Task is 48.08% complete.
t1_sim:[257384. 257108. 253134.] t2_sim:[249157. 250472. 252020.]
Task is 96.15% complete.
t1_sim:[248379. 249092. 244205.] t2_sim:[254689. 254497. 255609.]
Task is 0.00% complete.
t1_sim:[251351. 252954. 245233.] t2_sim:[261802. 261056. 256277.]
Task is 48.08% complete.
t1_sim:[257384. 257108. 253134.] t2_sim:[249157. 250472. 252020.]
Task is 96.15% complete.
t1_sim:[248379. 249092. 244205.] t2_sim:[254689. 254497. 255609.]
Task is 0.00% complete.
t1_sim:[251351. 252954. 245233.] t2_sim:[261802. 261056. 256277.]
Task is 48.08% complete.
t1_sim:[257384. 257108. 253134.] t2_sim:[249157. 250472. 252020.]
Task is 96.15% complete.
t1_sim:[248379. 249092. 244205.] t2_sim:[254689. 254497. 255609.]
Task is 0.00% complete.
t1_sim:[251351. 252954. 245233.] t2_sim:[261802. 261056. 256277.]
Task is 48.08% complete.
t1_sim:[257384. 257108. 253134.] t2_sim:[249157. 250472. 252020.]
Task is 96.15% complete.
t1_sim:[248379. 249092. 244205.] t2_sim:[254689. 254497. 255609.]
Task is 0.00% complete.
t1_sim:[251351. 252954. 245233.] t2_sim:[261802. 261056. 256277.]
Task is 48.08% complete.
t1_sim:[257384. 257108. 253134.] t2_sim:[249157. 250472. 252020.]
Task is 96.15% complete.
t1_sim:[248379. 249092. 244205.] t2_sim:[254689. 254497. 255609.]
Task is 0.00% complete.
t1_sim:[251351. 252954. 245233.] t2_sim:[261802. 261056. 256277.]
Task is 48.08% complete.
t1_sim:[257384. 257108. 253134.] t2_sim:[249157. 250472. 252020.]
Task is 96.15% complete.
t1_sim:[248379. 249092. 244205.] t2_sim:[254689. 254497. 255609.]
Task is 0.00% complete.
t1_sim:[251351. 252954. 245233.] t2_sim:[261802. 261056. 256277.]
Task is 48.08% complete.
t1_sim:[257384. 257108. 253134.] t2_sim:[249157. 250472. 252020.]
Task is 96.15% complete.
t1_sim:[248379. 249092. 244205.] t2_sim:[254689. 254497. 255609.]
Task is 0.00% complete.
t1_sim:[251351. 252954. 245233.] t2_sim:[261802. 261056. 256277.]
Task is 48.08% complete.
t1_sim:[257384. 257108. 253134.] t2_sim:[249157. 250472. 252020.]
Task is 96.15% complete.
t1_sim:[248379. 249092. 244205.] t2_sim:[254689. 254497. 255609.]
Task is 0.00% complete.
t1_sim:[251351. 252954. 245233.] t2_sim:[261802. 261056. 256277.]
Task is 48.08% complete.
t1_sim:[257384. 257108. 253134.] t2_sim:[249157. 250472. 252020.]
Task is 96.15% complete.
Training start
t1_obs:[array(259846.), array(261248.), array(250370.)] t2_obs:[array(235093.), array(234948.), array(239588.)]
corr_G1:[0.7850543313426104, 0.5782708774286269, -0.40080998560932113] corr_G2:[0.8135922722846799, 0.6379479555873638, -0.21883800112134905]
Training end
Number of jobs: 48
/scratch/jz4721/Post-prediction-Causal-Inference/venv/lib/python3.8/site-packages/sklearn/impute/_iterative.py:785: ConvergenceWarning: [IterativeImputer] Early stopping criterion not reached.
  warnings.warn(
/scratch/jz4721/Post-prediction-Causal-Inference/venv/lib/python3.8/site-packages/sklearn/impute/_iterative.py:785: ConvergenceWarning: [IterativeImputer] Early stopping criterion not reached.
  warnings.warn(
slurmstepd: error: *** JOB 32421274 ON cs340 CANCELLED AT 2023-04-16T22:52:36 ***
