/scratch/jz4721/Post-prediction-Causal-Inference/venv/lib/python3.8/site-packages/numpy/core/getlimits.py:518: UserWarning: The value of the smallest subnormal for <class 'numpy.float64'> type is zero.
  setattr(self, word, getattr(machar, word).flat[0])
/scratch/jz4721/Post-prediction-Causal-Inference/venv/lib/python3.8/site-packages/numpy/core/getlimits.py:89: UserWarning: The value of the smallest subnormal for <class 'numpy.float64'> type is zero.
  return self._float_to_str(self.smallest_subnormal)
/scratch/jz4721/Post-prediction-Causal-Inference/venv/lib/python3.8/site-packages/numpy/core/getlimits.py:518: UserWarning: The value of the smallest subnormal for <class 'numpy.float32'> type is zero.
  setattr(self, word, getattr(machar, word).flat[0])
/scratch/jz4721/Post-prediction-Causal-Inference/venv/lib/python3.8/site-packages/numpy/core/getlimits.py:89: UserWarning: The value of the smallest subnormal for <class 'numpy.float32'> type is zero.
  return self._float_to_str(self.smallest_subnormal)
Training start
t1_obs:[array(56912.), array(56629.), array(55277.)] t2_obs:[array(66388.), array(66616.), array(70254.)]
corr_G1:[None, None, -3.694949520600434e-17] corr_G2:[None, None, 0]
Training end
Task is 0.00% complete.
t1_sim:[58519. 58267. 57865.] t2_sim:[56731. 56688. 57769.]
Task is 1.00% complete.
t1_sim:[63028. 62870. 62451.] t2_sim:[61639. 61606. 64650.]
Task is 2.00% complete.
t1_sim:[64315. 64164. 61059.] t2_sim:[67864. 68436. 63437.]
Task is 3.00% complete.
t1_sim:[64691. 64479. 64205.] t2_sim:[65989. 66010. 65067.]
Task is 4.00% complete.
t1_sim:[64934. 64658. 66829.] t2_sim:[57470. 57646. 59134.]
Task is 5.00% complete.
t1_sim:[59714. 60019. 61390.] t2_sim:[67005. 66885. 63170.]
Task is 6.00% complete.
t1_sim:[66021. 65690. 64394.] t2_sim:[59830. 59909. 59969.]
Task is 7.00% complete.
t1_sim:[55995. 55982. 58441.] t2_sim:[56806. 56500. 57882.]
Task is 8.00% complete.
t1_sim:[62414. 62617. 62569.] t2_sim:[54598. 53887. 56312.]
Task is 9.00% complete.
t1_sim:[64140. 64215. 65113.] t2_sim:[65418. 65258. 62637.]
Task is 10.00% complete.
t1_sim:[63459. 63255. 61270.] t2_sim:[62203. 62080. 61846.]
Task is 11.00% complete.
t1_sim:[65934. 65232. 64892.] t2_sim:[60307. 60377. 62580.]
Task is 12.00% complete.
t1_sim:[71819. 72154. 72282.] t2_sim:[61643. 61840. 62995.]
Task is 13.00% complete.
t1_sim:[58104. 57965. 60285.] t2_sim:[67783. 67737. 61649.]
Task is 14.00% complete.
t1_sim:[62167. 62370. 66446.] t2_sim:[63660. 63782. 65391.]
Task is 15.00% complete.
t1_sim:[62381. 62762. 60205.] t2_sim:[60898. 61219. 61277.]
Task is 16.00% complete.
t1_sim:[60493. 60324. 58742.] t2_sim:[62897. 62787. 63363.]
Task is 17.00% complete.
t1_sim:[63099. 63080. 62647.] t2_sim:[61741. 61583. 61162.]
Task is 18.00% complete.
t1_sim:[66253. 66084. 64062.] t2_sim:[60841. 60954. 60428.]
Task is 19.00% complete.
t1_sim:[58931. 58530. 59323.] t2_sim:[62270. 61901. 61555.]
Task is 20.00% complete.
t1_sim:[62878. 62516. 62643.] t2_sim:[65276. 64953. 60633.]
Task is 21.00% complete.
t1_sim:[60347. 60788. 63943.] t2_sim:[65900. 65410. 66181.]
Task is 22.00% complete.
t1_sim:[65060. 65408. 67538.] t2_sim:[67030. 66848. 64759.]
Task is 23.00% complete.
t1_sim:[64998. 64973. 63484.] t2_sim:[64859. 64508. 62866.]
Task is 24.00% complete.
t1_sim:[63183. 62797. 65521.] t2_sim:[62010. 62374. 59604.]
Task is 25.00% complete.
t1_sim:[70027. 70544. 69809.] t2_sim:[63190. 63451. 63031.]
Task is 26.00% complete.
t1_sim:[65972. 66104. 67728.] t2_sim:[65334. 65078. 63726.]
Task is 27.00% complete.
t1_sim:[67377. 66775. 66496.] t2_sim:[67086. 66755. 66354.]
Task is 28.00% complete.
t1_sim:[60877. 60771. 60167.] t2_sim:[61560. 61639. 61975.]
Task is 29.00% complete.
t1_sim:[59890. 60201. 61799.] t2_sim:[64974. 65407. 65148.]
Task is 30.00% complete.
t1_sim:[61449. 61539. 62689.] t2_sim:[64791. 64793. 66283.]
Task is 31.00% complete.
t1_sim:[60059. 60220. 60333.] t2_sim:[65885. 66534. 66725.]
Task is 32.00% complete.
t1_sim:[58278. 57850. 58238.] t2_sim:[70713. 70402. 69534.]
Task is 33.00% complete.
t1_sim:[67332. 67427. 64599.] t2_sim:[58925. 58734. 59287.]
Task is 34.00% complete.
t1_sim:[63303. 63423. 63165.] t2_sim:[61226. 61079. 65496.]
Task is 35.00% complete.
t1_sim:[63695. 64136. 62239.] t2_sim:[60889. 61050. 58778.]
Task is 36.00% complete.
t1_sim:[60871. 60824. 57211.] t2_sim:[59490. 59615. 60513.]
Task is 37.00% complete.
t1_sim:[61309. 61391. 60038.] t2_sim:[69345. 69582. 70834.]
Task is 38.00% complete.
t1_sim:[69958. 69921. 67304.] t2_sim:[59490. 59859. 63985.]
Task is 39.00% complete.
t1_sim:[63048. 63095. 60950.] t2_sim:[64744. 64407. 66861.]
Task is 40.00% complete.
t1_sim:[59404. 59265. 57579.] t2_sim:[56078. 56288. 54548.]
Task is 41.00% complete.
t1_sim:[68228. 68569. 65226.] t2_sim:[62282. 62187. 65943.]
Task is 42.00% complete.
t1_sim:[64338. 64379. 66589.] t2_sim:[63732. 63744. 64838.]
Task is 43.00% complete.
t1_sim:[58814. 58606. 57507.] t2_sim:[63651. 63774. 64767.]
Task is 44.00% complete.
t1_sim:[64052. 64574. 61977.] t2_sim:[62119. 62424. 59803.]
Task is 45.00% complete.
t1_sim:[60528. 60097. 60012.] t2_sim:[63949. 63816. 62644.]
Task is 46.00% complete.
t1_sim:[61156. 60994. 59928.] t2_sim:[59990. 59857. 58182.]
Task is 47.00% complete.
t1_sim:[61312. 61314. 64818.] t2_sim:[59286. 59104. 59019.]
Task is 48.00% complete.
t1_sim:[65575. 65616. 65910.] t2_sim:[62296. 62444. 60875.]
Task is 49.00% complete.
t1_sim:[68177. 67993. 65504.] t2_sim:[64312. 64633. 66543.]
Task is 50.00% complete.
t1_sim:[59895. 60033. 60026.] t2_sim:[59540. 59200. 59101.]
Task is 51.00% complete.
t1_sim:[64648. 64667. 65841.] t2_sim:[56008. 55719. 57433.]
Task is 52.00% complete.
t1_sim:[63601. 63956. 63647.] t2_sim:[66401. 66131. 66964.]
Task is 53.00% complete.
t1_sim:[62076. 61822. 63251.] t2_sim:[67634. 67428. 67749.]
Task is 54.00% complete.
t1_sim:[60871. 60907. 58816.] t2_sim:[59189. 58815. 61913.]
Task is 55.00% complete.
t1_sim:[62669. 62517. 60976.] t2_sim:[61756. 61353. 59982.]
Task is 56.00% complete.
t1_sim:[60988. 61459. 59639.] t2_sim:[61990. 61911. 62751.]
Task is 57.00% complete.
t1_sim:[55470. 55244. 56596.] t2_sim:[59723. 59817. 61648.]
Task is 58.00% complete.
t1_sim:[67057. 67285. 64898.] t2_sim:[64747. 65139. 65723.]
Task is 59.00% complete.
t1_sim:[62859. 62656. 62130.] t2_sim:[64363. 64355. 60932.]
Task is 60.00% complete.
t1_sim:[56849. 56476. 57022.] t2_sim:[63288. 63294. 65733.]
Task is 61.00% complete.
t1_sim:[61244. 60866. 63209.] t2_sim:[71191. 71208. 70103.]
Task is 62.00% complete.
t1_sim:[65150. 65276. 65156.] t2_sim:[68205. 68338. 64844.]
Task is 63.00% complete.
t1_sim:[66289. 65855. 63818.] t2_sim:[67888. 67775. 61612.]
Task is 64.00% complete.
t1_sim:[63186. 63074. 65129.] t2_sim:[65747. 65667. 66065.]
Task is 65.00% complete.
t1_sim:[60011. 59913. 60700.] t2_sim:[66966. 67666. 66718.]
Task is 66.00% complete.
t1_sim:[63773. 63973. 63341.] t2_sim:[59742. 60232. 59523.]
Task is 67.00% complete.
t1_sim:[64919. 65300. 64672.] t2_sim:[64406. 64097. 63882.]
Task is 68.00% complete.
t1_sim:[58181. 58208. 62127.] t2_sim:[60105. 60238. 65307.]
Task is 69.00% complete.
t1_sim:[66281. 66018. 66048.] t2_sim:[57515. 57495. 57272.]
Task is 70.00% complete.
t1_sim:[60310. 60289. 62085.] t2_sim:[60906. 61025. 57197.]
Task is 71.00% complete.
t1_sim:[62469. 62476. 60831.] t2_sim:[57311. 57776. 56179.]
Task is 72.00% complete.
t1_sim:[65219. 64889. 65399.] t2_sim:[61279. 60925. 62164.]
Task is 73.00% complete.
t1_sim:[69295. 69263. 63130.] t2_sim:[64342. 64558. 63789.]
Task is 74.00% complete.
t1_sim:[65205. 64893. 62447.] t2_sim:[66234. 66350. 65134.]
Task is 75.00% complete.
t1_sim:[62067. 61825. 58077.] t2_sim:[63661. 63702. 65556.]
Task is 76.00% complete.
t1_sim:[64514. 64312. 64801.] t2_sim:[62270. 62317. 62913.]
Task is 77.00% complete.
t1_sim:[56668. 56485. 56199.] t2_sim:[63239. 62897. 62062.]
Task is 78.00% complete.
t1_sim:[64275. 64738. 63965.] t2_sim:[63365. 63314. 63633.]
Task is 79.00% complete.
t1_sim:[62180. 62245. 62857.] t2_sim:[59306. 59522. 61592.]
Task is 80.00% complete.
t1_sim:[61909. 62175. 62536.] t2_sim:[63784. 63788. 62468.]
Task is 81.00% complete.
t1_sim:[66688. 66373. 64753.] t2_sim:[60753. 61087. 61959.]
Task is 82.00% complete.
t1_sim:[60832. 60824. 64721.] t2_sim:[64642. 64454. 67709.]
Task is 83.00% complete.
t1_sim:[63167. 63364. 66121.] t2_sim:[58736. 58472. 58736.]
Task is 84.00% complete.
t1_sim:[63622. 63892. 66279.] t2_sim:[64759. 65079. 66296.]
Task is 85.00% complete.
t1_sim:[60817. 60744. 62222.] t2_sim:[61114. 61337. 60084.]
Task is 86.00% complete.
t1_sim:[67153. 67242. 65394.] t2_sim:[65688. 65583. 65189.]
Task is 87.00% complete.
t1_sim:[62309. 62007. 61406.] t2_sim:[65926. 65967. 62577.]
Task is 88.00% complete.
t1_sim:[62791. 62978. 61564.] t2_sim:[64678. 64614. 67806.]
Task is 89.00% complete.
t1_sim:[57351. 57582. 59882.] t2_sim:[60920. 61375. 60104.]
Task is 90.00% complete.
t1_sim:[64600. 64480. 64060.] t2_sim:[65417. 65084. 60442.]
Task is 91.00% complete.
t1_sim:[67561. 67123. 63449.] t2_sim:[63746. 63542. 64260.]
Task is 92.00% complete.
t1_sim:[61863. 61892. 62328.] t2_sim:[63804. 64132. 65103.]
Task is 93.00% complete.
t1_sim:[65679. 65805. 63938.] t2_sim:[61838. 60847. 61570.]
Task is 94.00% complete.
t1_sim:[66469. 66318. 64521.] t2_sim:[67625. 67306. 64449.]
Task is 95.00% complete.
t1_sim:[60968. 60828. 60714.] t2_sim:[64625. 64948. 65957.]
Task is 96.00% complete.
t1_sim:[59229. 58799. 64071.] t2_sim:[65873. 65813. 67736.]
Task is 97.00% complete.
t1_sim:[59047. 58799. 59867.] t2_sim:[67073. 67915. 67274.]
Task is 98.00% complete.
t1_sim:[58059. 57675. 58631.] t2_sim:[70305. 70180. 68322.]
Task is 99.00% complete.
t1_sim:[63636. 63453. 61205.] t2_sim:[57900. 58209. 58731.]
Training start
t1_obs:[array(56912.), array(56629.), array(55531.)] t2_obs:[array(66388.), array(66616.), array(66944.)]
corr_G1:[None, None, 0.9752865660575862] corr_G2:[None, None, 0.9961572407818027]
Training end
Task is 0.00% complete.
t1_sim:[64732. 64411. 64959.] t2_sim:[59982. 59654. 58367.]
Task is 1.00% complete.
t1_sim:[60275. 60200. 58998.] t2_sim:[62912. 63385. 62685.]
Task is 2.00% complete.
t1_sim:[64309. 63933. 63551.] t2_sim:[64742. 64303. 63402.]
Task is 3.00% complete.
t1_sim:[64330. 64324. 64396.] t2_sim:[62119. 61990. 62931.]
Task is 4.00% complete.
t1_sim:[60747. 60850. 60308.] t2_sim:[55786. 55992. 54878.]
Task is 5.00% complete.
t1_sim:[68376. 68033. 67239.] t2_sim:[56764. 57488. 59958.]
Task is 6.00% complete.
t1_sim:[66061. 66591. 66453.] t2_sim:[62142. 62218. 63894.]
Task is 7.00% complete.
t1_sim:[57819. 57756. 58222.] t2_sim:[56460. 56446. 58126.]
Task is 8.00% complete.
t1_sim:[61915. 62281. 61558.] t2_sim:[65404. 65240. 64681.]
Task is 9.00% complete.
t1_sim:[62015. 62918. 62184.] t2_sim:[61635. 61416. 61812.]
Task is 10.00% complete.
t1_sim:[63589. 63960. 62741.] t2_sim:[69231. 69692. 69866.]
Task is 11.00% complete.
t1_sim:[62749. 63013. 64361.] t2_sim:[64060. 63872. 63939.]
Task is 12.00% complete.
t1_sim:[65380. 64996. 65442.] t2_sim:[56904. 57024. 56894.]
Task is 13.00% complete.
t1_sim:[57205. 57710. 58917.] t2_sim:[60728. 60749. 59479.]
Task is 14.00% complete.
t1_sim:[64867. 65088. 64443.] t2_sim:[59485. 60136. 61065.]
Task is 15.00% complete.
t1_sim:[58579. 59026. 59530.] t2_sim:[61337. 61929. 63710.]
Task is 16.00% complete.
t1_sim:[60230. 59858. 59945.] t2_sim:[60871. 60689. 59436.]
Task is 17.00% complete.
t1_sim:[61998. 61580. 60559.] t2_sim:[62682. 62616. 61009.]
Task is 18.00% complete.
t1_sim:[65474. 65278. 63145.] t2_sim:[60542. 60759. 60125.]
Task is 19.00% complete.
t1_sim:[58410. 58205. 57581.] t2_sim:[58829. 58849. 58931.]
Task is 20.00% complete.
t1_sim:[59132. 59011. 57353.] t2_sim:[59936. 59571. 61208.]
Task is 21.00% complete.
t1_sim:[63955. 64718. 64427.] t2_sim:[59509. 59515. 60730.]
Task is 22.00% complete.
t1_sim:[66311. 66148. 66008.] t2_sim:[59681. 59973. 58695.]
Task is 23.00% complete.
t1_sim:[66874. 67386. 65843.] t2_sim:[60752. 60538. 62573.]
Task is 24.00% complete.
t1_sim:[62848. 62670. 60224.] t2_sim:[63514. 63691. 62912.]
Task is 25.00% complete.
t1_sim:[62306. 63063. 63567.] t2_sim:[66497. 66285. 67563.]
Task is 26.00% complete.
t1_sim:[61197. 61301. 61098.] t2_sim:[61609. 61661. 61422.]
Task is 27.00% complete.
t1_sim:[58810. 58664. 58183.] t2_sim:[59066. 59224. 59435.]
Task is 28.00% complete.
t1_sim:[68601. 68233. 66824.] t2_sim:[64122. 64367. 62894.]
Task is 29.00% complete.
t1_sim:[63088. 63219. 62852.] t2_sim:[57756. 57962. 57759.]
Task is 30.00% complete.
t1_sim:[64274. 64135. 64027.] t2_sim:[61783. 61870. 61773.]
Task is 31.00% complete.
t1_sim:[61438. 62009. 61607.] t2_sim:[57569. 57190. 57844.]
Task is 32.00% complete.
t1_sim:[63070. 63020. 62460.] t2_sim:[62666. 62992. 62302.]
Task is 33.00% complete.
t1_sim:[59605. 59475. 59331.] t2_sim:[64948. 65328. 64299.]
Task is 34.00% complete.
t1_sim:[66602. 66535. 66651.] t2_sim:[63416. 63366. 63851.]
Task is 35.00% complete.
t1_sim:[61497. 61446. 63054.] t2_sim:[65044. 64940. 64714.]
Task is 36.00% complete.
t1_sim:[67126. 67122. 65020.] t2_sim:[68387. 68460. 67184.]
Task is 37.00% complete.
t1_sim:[61934. 61539. 63069.] t2_sim:[64970. 64938. 65578.]
Task is 38.00% complete.
t1_sim:[62965. 62919. 62734.] t2_sim:[64903. 65121. 65758.]
Task is 39.00% complete.
t1_sim:[64543. 64115. 65993.] t2_sim:[65223. 65015. 66301.]
Task is 40.00% complete.
t1_sim:[60445. 60377. 58074.] t2_sim:[61071. 61764. 63220.]
Task is 41.00% complete.
t1_sim:[60329. 59990. 60901.] t2_sim:[63518. 64005. 64332.]
Task is 42.00% complete.
t1_sim:[65609. 65365. 65106.] t2_sim:[54712. 55026. 57767.]
Task is 43.00% complete.
t1_sim:[64766. 64771. 62423.] t2_sim:[63637. 63475. 62756.]
Task is 44.00% complete.
t1_sim:[64830. 64787. 65394.] t2_sim:[65607. 65046. 65422.]
Task is 45.00% complete.
t1_sim:[62001. 62086. 63038.] t2_sim:[65204. 65651. 63017.]
Task is 46.00% complete.
t1_sim:[60370. 60743. 60487.] t2_sim:[63426. 63466. 64493.]
Task is 47.00% complete.
t1_sim:[55319. 55213. 56338.] t2_sim:[64630. 64616. 67447.]
Task is 48.00% complete.
t1_sim:[62048. 62386. 63664.] t2_sim:[67569. 67733. 66903.]
Task is 49.00% complete.
t1_sim:[64450. 64391. 63074.] t2_sim:[61037. 60815. 60205.]
Task is 50.00% complete.
t1_sim:[64986. 65366. 65247.] t2_sim:[63331. 63644. 63751.]
Task is 51.00% complete.
t1_sim:[68708. 68260. 65315.] t2_sim:[66813. 67261. 67893.]
Task is 52.00% complete.
t1_sim:[55303. 55592. 57529.] t2_sim:[61434. 61378. 63195.]
Task is 53.00% complete.
t1_sim:[63894. 63721. 63246.] t2_sim:[66020. 65942. 66379.]
Task is 54.00% complete.
t1_sim:[68401. 68161. 65636.] t2_sim:[61435. 61524. 60875.]
Task is 55.00% complete.
t1_sim:[63222. 63345. 63349.] t2_sim:[61847. 61812. 62078.]
Task is 56.00% complete.
t1_sim:[62276. 61968. 62724.] t2_sim:[64212. 63998. 61645.]
Task is 57.00% complete.
t1_sim:[67030. 66861. 66973.] t2_sim:[64666. 64797. 65035.]
Task is 58.00% complete.
t1_sim:[65564. 65753. 65593.] t2_sim:[64170. 64183. 62383.]
Task is 59.00% complete.
t1_sim:[62696. 62837. 62667.] t2_sim:[65831. 66350. 65750.]
Task is 60.00% complete.
t1_sim:[59312. 59037. 55163.] t2_sim:[63498. 63501. 65127.]
Task is 61.00% complete.
t1_sim:[65682. 65595. 63623.] t2_sim:[57777. 57779. 59540.]
Task is 62.00% complete.
t1_sim:[60460. 60175. 60963.] t2_sim:[63305. 64035. 61610.]
Task is 63.00% complete.
t1_sim:[67030. 66587. 66606.] t2_sim:[62072. 61889. 61090.]
Task is 64.00% complete.
t1_sim:[67824. 68251. 69518.] t2_sim:[58538. 59000. 58469.]
Task is 65.00% complete.
t1_sim:[63285. 62773. 60576.] t2_sim:[61998. 61789. 62345.]
Task is 66.00% complete.
t1_sim:[65368. 65154. 65245.] t2_sim:[65485. 65322. 66129.]
Task is 67.00% complete.
t1_sim:[60221. 60405. 59688.] t2_sim:[62558. 62849. 65034.]
Task is 68.00% complete.
t1_sim:[58814. 58624. 59488.] t2_sim:[63275. 63572. 62319.]
Task is 69.00% complete.
t1_sim:[62662. 62546. 64080.] t2_sim:[54321. 54724. 54732.]
Task is 70.00% complete.
t1_sim:[63736. 63904. 65563.] t2_sim:[63475. 63375. 62786.]
Task is 71.00% complete.
t1_sim:[58204. 57651. 54902.] t2_sim:[67311. 67675. 66540.]
Task is 72.00% complete.
t1_sim:[62169. 62348. 61771.] t2_sim:[57590. 57312. 57742.]
Task is 73.00% complete.
t1_sim:[64847. 64387. 64847.] t2_sim:[57040. 57031. 56328.]
Task is 74.00% complete.
t1_sim:[60836. 60772. 58255.] t2_sim:[56693. 56164. 56466.]
Task is 75.00% complete.
t1_sim:[64808. 64547. 64465.] t2_sim:[63229. 62879. 62555.]
Task is 76.00% complete.
t1_sim:[61415. 61409. 61128.] t2_sim:[65926. 65895. 63826.]
Task is 77.00% complete.
t1_sim:[60882. 60962. 60997.] t2_sim:[60017. 59981. 59094.]
Task is 78.00% complete.
t1_sim:[66425. 66218. 64455.] t2_sim:[59516. 59655. 58889.]
Task is 79.00% complete.
t1_sim:[63403. 63118. 63087.] t2_sim:[63275. 63319. 63332.]
Task is 80.00% complete.
t1_sim:[60741. 60395. 60768.] t2_sim:[63634. 63615. 63652.]
Task is 81.00% complete.
t1_sim:[64034. 64028. 64768.] t2_sim:[66012. 65687. 64261.]
Task is 82.00% complete.
t1_sim:[63740. 63970. 61071.] t2_sim:[58061. 58473. 58739.]
Task is 83.00% complete.
t1_sim:[60380. 61008. 62015.] t2_sim:[66303. 66699. 65357.]
Task is 84.00% complete.
t1_sim:[57871. 57849. 57287.] t2_sim:[61163. 61185. 59369.]
Task is 85.00% complete.
t1_sim:[71073. 70787. 68472.] t2_sim:[64607. 63772. 64173.]
Task is 86.00% complete.
t1_sim:[62746. 62306. 62639.] t2_sim:[63319. 63184. 63717.]
Task is 87.00% complete.
t1_sim:[70605. 71072. 69163.] t2_sim:[60192. 60266. 58695.]
Task is 88.00% complete.
t1_sim:[62865. 63593. 63701.] t2_sim:[59745. 59763. 61566.]
Task is 89.00% complete.
t1_sim:[62185. 62009. 61303.] t2_sim:[58215. 57929. 58377.]
Task is 90.00% complete.
t1_sim:[56850. 57546. 59889.] t2_sim:[60092. 59794. 60339.]
Task is 91.00% complete.
t1_sim:[67590. 67936. 67082.] t2_sim:[62919. 62527. 61676.]
Task is 92.00% complete.
t1_sim:[63943. 63673. 62623.] t2_sim:[58648. 58318. 57260.]
Task is 93.00% complete.
t1_sim:[70567. 70411. 68915.] t2_sim:[62533. 62799. 63115.]
Task is 94.00% complete.
t1_sim:[63837. 64120. 63978.] t2_sim:[63018. 62899. 62562.]
Task is 95.00% complete.
t1_sim:[64016. 64061. 65450.] t2_sim:[67215. 66705. 66100.]
Task is 96.00% complete.
t1_sim:[62161. 62490. 61358.] t2_sim:[66420. 66738. 67963.]
Task is 97.00% complete.
t1_sim:[57584. 57373. 57171.] t2_sim:[65965. 66609. 67280.]
Task is 98.00% complete.
t1_sim:[62449. 63362. 63163.] t2_sim:[61535. 61623. 59809.]
Task is 99.00% complete.
t1_sim:[57122. 57005. 56681.] t2_sim:[61328. 61555. 62288.]
Training start
t1_obs:[array(56912.), array(56629.), array(55614.)] t2_obs:[array(66388.), array(66616.), array(67567.)]
corr_G1:[None, None, -0.10437359797237666] corr_G2:[None, None, -0.026212562210893926]
Training end
Task is 0.00% complete.
t1_sim:[66846. 66825. 67150.] t2_sim:[61043. 60728. 57642.]
Task is 1.00% complete.
t1_sim:[64139. 64710. 66197.] t2_sim:[67080. 67257. 65646.]
Task is 2.00% complete.
t1_sim:[66011. 66280. 66484.] t2_sim:[62897. 63033. 64971.]
Task is 3.00% complete.
t1_sim:[63261. 63261. 64343.] t2_sim:[63691. 63453. 63146.]
Task is 4.00% complete.
t1_sim:[64153. 64373. 65890.] t2_sim:[60402. 60641. 60108.]
Task is 5.00% complete.
t1_sim:[63976. 63920. 62842.] t2_sim:[60983. 60359. 60107.]
Task is 6.00% complete.
t1_sim:[58226. 58055. 57867.] t2_sim:[63982. 64040. 62221.]
Task is 7.00% complete.
t1_sim:[61019. 60695. 62519.] t2_sim:[64623. 64679. 65180.]
Task is 8.00% complete.
t1_sim:[61111. 61145. 61945.] t2_sim:[61625. 61624. 60500.]
Task is 9.00% complete.
t1_sim:[63662. 63747. 64053.] t2_sim:[55943. 55959. 58164.]
Task is 10.00% complete.
t1_sim:[64617. 64318. 64830.] t2_sim:[63897. 63935. 62805.]
Task is 11.00% complete.
t1_sim:[65489. 65536. 65473.] t2_sim:[65553. 65270. 66284.]
Task is 12.00% complete.
t1_sim:[59520. 59184. 62471.] t2_sim:[66147. 66023. 64282.]
Task is 13.00% complete.
t1_sim:[65284. 65650. 65758.] t2_sim:[65603. 65433. 65785.]
Task is 14.00% complete.
t1_sim:[63294. 63788. 65250.] t2_sim:[63348. 63228. 62138.]
Task is 15.00% complete.
t1_sim:[60721. 60361. 60257.] t2_sim:[55853. 56189. 56526.]
Task is 16.00% complete.
t1_sim:[67718. 68128. 68936.] t2_sim:[60356. 60126. 61578.]
Task is 17.00% complete.
t1_sim:[59865. 59458. 59536.] t2_sim:[60510. 60770. 62570.]
Task is 18.00% complete.
t1_sim:[68579. 68272. 68732.] t2_sim:[65555. 65943. 68073.]
Task is 19.00% complete.
t1_sim:[62207. 62627. 62855.] t2_sim:[67314. 67920. 67634.]
Task is 20.00% complete.
t1_sim:[60182. 60059. 59159.] t2_sim:[60672. 60869. 60818.]
Task is 21.00% complete.
t1_sim:[67895. 67784. 69286.] t2_sim:[62390. 62337. 60594.]
Task is 22.00% complete.
t1_sim:[57167. 57167. 57682.] t2_sim:[56867. 56703. 58145.]
Task is 23.00% complete.
t1_sim:[60090. 59699. 59515.] t2_sim:[62663. 62184. 63517.]
Task is 24.00% complete.
t1_sim:[67800. 67634. 67065.] t2_sim:[56510. 55844. 57212.]
Task is 25.00% complete.
t1_sim:[64068. 63827. 64219.] t2_sim:[63651. 63672. 61334.]
Task is 26.00% complete.
t1_sim:[64154. 64408. 62584.] t2_sim:[61917. 61746. 60082.]
Task is 27.00% complete.
t1_sim:[63945. 63872. 63315.] t2_sim:[65437. 65337. 66300.]
Task is 28.00% complete.
t1_sim:[67120. 66752. 66578.] t2_sim:[63457. 63071. 61504.]
Task is 29.00% complete.
t1_sim:[62344. 62360. 63536.] t2_sim:[63872. 63199. 66140.]
Task is 30.00% complete.
t1_sim:[58553. 58715. 59096.] t2_sim:[64241. 64174. 62968.]
Task is 31.00% complete.
t1_sim:[63261. 63329. 63100.] t2_sim:[65677. 65952. 64706.]
Task is 32.00% complete.
t1_sim:[63446. 63539. 66709.] t2_sim:[60896. 60603. 60322.]
Task is 33.00% complete.
t1_sim:[57693. 58281. 59574.] t2_sim:[66219. 66212. 68834.]
Task is 34.00% complete.
t1_sim:[59027. 59004. 60270.] t2_sim:[64726. 64688. 62172.]
Task is 35.00% complete.
t1_sim:[67672. 68035. 67379.] t2_sim:[64806. 64706. 63039.]
Task is 36.00% complete.
t1_sim:[63467. 63294. 62877.] t2_sim:[61124. 61407. 60600.]
Task is 37.00% complete.
t1_sim:[63106. 62642. 62573.] t2_sim:[63258. 62728. 63471.]
Task is 38.00% complete.
t1_sim:[61505. 61315. 62655.] t2_sim:[61402. 61556. 62027.]
Task is 39.00% complete.
t1_sim:[62921. 63222. 61251.] t2_sim:[60923. 61865. 60508.]
Task is 40.00% complete.
t1_sim:[60461. 60615. 62147.] t2_sim:[62237. 62336. 63306.]
Task is 41.00% complete.
t1_sim:[64781. 65156. 68191.] t2_sim:[57053. 57193. 58397.]
Task is 42.00% complete.
t1_sim:[68143. 68176. 66797.] t2_sim:[61009. 60939. 60968.]
Task is 43.00% complete.
t1_sim:[63747. 63514. 63403.] t2_sim:[57979. 58349. 57338.]
Task is 44.00% complete.
t1_sim:[65250. 65325. 65526.] t2_sim:[58211. 58050. 61909.]
Task is 45.00% complete.
t1_sim:[67592. 68113. 67494.] t2_sim:[55732. 56381. 57912.]
Task is 46.00% complete.
t1_sim:[61303. 61230. 62697.] t2_sim:[65419. 66101. 66688.]
Task is 47.00% complete.
t1_sim:[62997. 62898. 63830.] t2_sim:[62191. 62170. 62034.]
Task is 48.00% complete.
t1_sim:[57209. 57411. 58520.] t2_sim:[63445. 63200. 65175.]
Task is 49.00% complete.
t1_sim:[60175. 60025. 59047.] t2_sim:[66101. 65457. 64599.]
Task is 50.00% complete.
t1_sim:[60401. 60508. 60325.] t2_sim:[57971. 58075. 61275.]
Task is 51.00% complete.
t1_sim:[61933. 62178. 64537.] t2_sim:[62721. 62528. 62380.]
Task is 52.00% complete.
t1_sim:[62026. 62211. 63233.] t2_sim:[64721. 64519. 62923.]
Task is 53.00% complete.
t1_sim:[59783. 59983. 59186.] t2_sim:[63578. 63330. 66902.]
Task is 54.00% complete.
t1_sim:[64193. 64318. 65787.] t2_sim:[59809. 60461. 61328.]
Task is 55.00% complete.
t1_sim:[60347. 60455. 63354.] t2_sim:[68652. 68466. 67737.]
Task is 56.00% complete.
t1_sim:[61387. 60774. 62127.] t2_sim:[55722. 56030. 58277.]
Task is 57.00% complete.
t1_sim:[65470. 65404. 65547.] t2_sim:[67384. 67010. 63680.]
Task is 58.00% complete.
t1_sim:[64825. 64303. 65915.] t2_sim:[60983. 61459. 63451.]
Task is 59.00% complete.
t1_sim:[63103. 63075. 65490.] t2_sim:[63405. 63648. 64214.]
Task is 60.00% complete.
t1_sim:[65567. 65685. 68372.] t2_sim:[55242. 55162. 57112.]
Task is 61.00% complete.
t1_sim:[64128. 64425. 65496.] t2_sim:[60820. 60680. 61807.]
Task is 62.00% complete.
t1_sim:[65875. 65586. 66803.] t2_sim:[63279. 63195. 61306.]
Task is 63.00% complete.
t1_sim:[63679. 63843. 66768.] t2_sim:[61472. 61331. 61731.]
Task is 64.00% complete.
t1_sim:[63799. 63689. 65277.] t2_sim:[61347. 61746. 61070.]
Task is 65.00% complete.
t1_sim:[63150. 63296. 66069.] t2_sim:[60483. 60151. 59896.]
Task is 66.00% complete.
t1_sim:[60551. 60316. 60224.] t2_sim:[58947. 58841. 59982.]
Task is 67.00% complete.
t1_sim:[60565. 60427. 61603.] t2_sim:[62893. 63086. 62850.]
Task is 68.00% complete.
t1_sim:[69041. 68863. 70515.] t2_sim:[61563. 61601. 59923.]
Task is 69.00% complete.
t1_sim:[62028. 61592. 62090.] t2_sim:[61114. 60923. 62210.]
Task is 70.00% complete.
t1_sim:[59740. 59384. 60265.] t2_sim:[61736. 62132. 61996.]
Task is 71.00% complete.
t1_sim:[62021. 62086. 63146.] t2_sim:[68808. 68730. 69440.]
Task is 72.00% complete.
t1_sim:[67417. 67563. 66758.] t2_sim:[62897. 62962. 65149.]
Task is 73.00% complete.
t1_sim:[56511. 56608. 58303.] t2_sim:[64851. 64196. 62907.]
Task is 74.00% complete.
t1_sim:[54505. 54668. 56539.] t2_sim:[61342. 61064. 62082.]
Task is 75.00% complete.
t1_sim:[72861. 72895. 73729.] t2_sim:[70095. 69390. 67672.]
Task is 76.00% complete.
t1_sim:[63054. 63417. 65125.] t2_sim:[56896. 56874. 56634.]
Task is 77.00% complete.
t1_sim:[66571. 66622. 65532.] t2_sim:[66717. 66796. 66074.]
Task is 78.00% complete.
t1_sim:[62809. 63067. 65260.] t2_sim:[66337. 66483. 65013.]
Task is 79.00% complete.
t1_sim:[63742. 63520. 60595.] t2_sim:[62001. 61544. 62084.]
Task is 80.00% complete.
t1_sim:[63492. 64120. 64945.] t2_sim:[63101. 62689. 60764.]
Task is 81.00% complete.
t1_sim:[66507. 66733. 68613.] t2_sim:[59108. 59178. 57505.]
Task is 82.00% complete.
t1_sim:[67946. 68194. 68701.] t2_sim:[60647. 60623. 60367.]
Task is 83.00% complete.
t1_sim:[62657. 63501. 61959.] t2_sim:[58659. 58707. 58188.]
Task is 84.00% complete.
t1_sim:[67321. 67322. 68206.] t2_sim:[66381. 66457. 64936.]
Task is 85.00% complete.
t1_sim:[66309. 66538. 67672.] t2_sim:[62932. 62897. 63506.]
Task is 86.00% complete.
t1_sim:[60821. 61035. 61174.] t2_sim:[61528. 61859. 60874.]
Task is 87.00% complete.
t1_sim:[71033. 71373. 71268.] t2_sim:[65842. 65858. 66352.]
Task is 88.00% complete.
t1_sim:[60930. 60708. 60277.] t2_sim:[60557. 60907. 60210.]
Task is 89.00% complete.
t1_sim:[59031. 58836. 58835.] t2_sim:[65180. 65517. 64616.]
Task is 90.00% complete.
t1_sim:[62921. 62705. 61278.] t2_sim:[56661. 56898. 56401.]
Task is 91.00% complete.
t1_sim:[62447. 62828. 61854.] t2_sim:[63084. 63427. 64752.]
Task is 92.00% complete.
t1_sim:[56952. 57035. 56459.] t2_sim:[61145. 60895. 60835.]
Task is 93.00% complete.
t1_sim:[58061. 57767. 58357.] t2_sim:[57013. 57457. 59311.]
Task is 94.00% complete.
t1_sim:[57810. 57956. 57907.] t2_sim:[61534. 61753. 61825.]
Task is 95.00% complete.
t1_sim:[64529. 63907. 65449.] t2_sim:[59843. 59923. 61371.]
Task is 96.00% complete.
t1_sim:[60623. 60255. 60772.] t2_sim:[62172. 61838. 61875.]
Task is 97.00% complete.
t1_sim:[58403. 58215. 57729.] t2_sim:[59250. 59221. 57713.]
Task is 98.00% complete.
t1_sim:[65201. 65417. 64040.] t2_sim:[58761. 57953. 57383.]
Task is 99.00% complete.
t1_sim:[64094. 64297. 62369.] t2_sim:[64747. 64047. 59566.]
Finished
