/scratch/jz4721/Post-prediction-Causal-Inference/venv/lib/python3.8/site-packages/numpy/core/getlimits.py:518: UserWarning: The value of the smallest subnormal for <class 'numpy.float64'> type is zero.
  setattr(self, word, getattr(machar, word).flat[0])
/scratch/jz4721/Post-prediction-Causal-Inference/venv/lib/python3.8/site-packages/numpy/core/getlimits.py:89: UserWarning: The value of the smallest subnormal for <class 'numpy.float64'> type is zero.
  return self._float_to_str(self.smallest_subnormal)
/scratch/jz4721/Post-prediction-Causal-Inference/venv/lib/python3.8/site-packages/numpy/core/getlimits.py:518: UserWarning: The value of the smallest subnormal for <class 'numpy.float32'> type is zero.
  setattr(self, word, getattr(machar, word).flat[0])
/scratch/jz4721/Post-prediction-Causal-Inference/venv/lib/python3.8/site-packages/numpy/core/getlimits.py:89: UserWarning: The value of the smallest subnormal for <class 'numpy.float32'> type is zero.
  return self._float_to_str(self.smallest_subnormal)
Training start
t1_obs:[array(53404.), array(53130.), array(57174.)] t2_obs:[array(59669.), array(59554.), array(59075.)]
corr_G1:[None, None, -8.891544789993319e-17] corr_G2:[None, None, 0]
Training end
Task is 0.00% complete.
t1_sim:[63838. 64056. 61587.] t2_sim:[61279. 61122. 57558.]
Task is 1.00% complete.
t1_sim:[63384. 63645. 62277.] t2_sim:[59688. 59967. 58761.]
Task is 2.00% complete.
t1_sim:[68854. 69046. 65331.] t2_sim:[67537. 66970. 63332.]
Task is 3.00% complete.
t1_sim:[64499. 64486. 65590.] t2_sim:[59888. 60276. 60025.]
Task is 4.00% complete.
t1_sim:[66655. 66224. 68336.] t2_sim:[64201. 64354. 64109.]
Task is 5.00% complete.
t1_sim:[61060. 61097. 59231.] t2_sim:[63596. 62906. 64513.]
Task is 6.00% complete.
t1_sim:[65683. 65332. 66953.] t2_sim:[61953. 61859. 63949.]
Task is 7.00% complete.
t1_sim:[58528. 58624. 59315.] t2_sim:[55373. 55166. 56646.]
Task is 8.00% complete.
t1_sim:[64102. 64296. 63428.] t2_sim:[57805. 58001. 59405.]
Task is 9.00% complete.
t1_sim:[65735. 65798. 64203.] t2_sim:[67953. 67870. 63734.]
Task is 10.00% complete.
t1_sim:[58043. 58086. 55878.] t2_sim:[66672. 66813. 64357.]
Task is 11.00% complete.
t1_sim:[64983. 65324. 65312.] t2_sim:[65052. 65255. 63848.]
Task is 12.00% complete.
t1_sim:[63503. 63404. 60593.] t2_sim:[58821. 58694. 60305.]
Task is 13.00% complete.
t1_sim:[57102. 57327. 58147.] t2_sim:[64514. 63838. 67664.]
Task is 14.00% complete.
t1_sim:[61586. 61177. 60794.] t2_sim:[60784. 60540. 59410.]
Task is 15.00% complete.
t1_sim:[63626. 63401. 64163.] t2_sim:[63544. 63506. 61952.]
Task is 16.00% complete.
t1_sim:[58237. 58426. 60266.] t2_sim:[62390. 63099. 63926.]
Task is 17.00% complete.
t1_sim:[66551. 66137. 62051.] t2_sim:[68519. 68115. 66227.]
Task is 18.00% complete.
t1_sim:[60107. 59989. 61350.] t2_sim:[63342. 63670. 62296.]
Task is 19.00% complete.
t1_sim:[61311. 61598. 63126.] t2_sim:[58874. 58882. 59014.]
Task is 20.00% complete.
t1_sim:[58246. 58330. 60311.] t2_sim:[67937. 67940. 65941.]
Task is 21.00% complete.
t1_sim:[62546. 62520. 60002.] t2_sim:[63363. 63516. 63955.]
Task is 22.00% complete.
t1_sim:[65394. 65638. 62930.] t2_sim:[64259. 63671. 61949.]
Task is 23.00% complete.
t1_sim:[64364. 63997. 68736.] t2_sim:[63919. 64080. 59816.]
Task is 24.00% complete.
t1_sim:[62129. 62133. 64452.] t2_sim:[64001. 64586. 64579.]
Task is 25.00% complete.
t1_sim:[63035. 62992. 65063.] t2_sim:[63025. 62979. 63312.]
Task is 26.00% complete.
t1_sim:[62253. 62536. 61846.] t2_sim:[63449. 63630. 65079.]
Task is 27.00% complete.
t1_sim:[67102. 67223. 64887.] t2_sim:[63037. 63107. 65860.]
Task is 28.00% complete.
t1_sim:[59319. 59285. 61024.] t2_sim:[63957. 63905. 63836.]
Task is 29.00% complete.
t1_sim:[63824. 63663. 64617.] t2_sim:[63481. 63318. 63143.]
Task is 30.00% complete.
t1_sim:[60753. 60866. 63503.] t2_sim:[57145. 57080. 55250.]
Task is 31.00% complete.
t1_sim:[60502. 60911. 58100.] t2_sim:[66452. 66213. 67541.]
Task is 32.00% complete.
t1_sim:[62908. 63129. 64214.] t2_sim:[65671. 65911. 67313.]
Task is 33.00% complete.
t1_sim:[58100. 58202. 64989.] t2_sim:[56986. 57027. 60833.]
Task is 34.00% complete.
t1_sim:[60567. 60285. 57663.] t2_sim:[64299. 64196. 61045.]
Task is 35.00% complete.
t1_sim:[65216. 64755. 64982.] t2_sim:[66250. 65968. 65789.]
Task is 36.00% complete.
t1_sim:[61202. 60876. 59890.] t2_sim:[65745. 65823. 63761.]
Task is 37.00% complete.
t1_sim:[61528. 61801. 61542.] t2_sim:[63677. 63425. 63634.]
Task is 38.00% complete.
t1_sim:[55462. 55066. 62407.] t2_sim:[59642. 59293. 64560.]
Task is 39.00% complete.
t1_sim:[61612. 61755. 64994.] t2_sim:[65016. 65608. 64358.]
Task is 40.00% complete.
t1_sim:[58345. 58659. 60209.] t2_sim:[63264. 63028. 61017.]
Task is 41.00% complete.
t1_sim:[56673. 56761. 58772.] t2_sim:[61560. 61758. 60754.]
Task is 42.00% complete.
t1_sim:[61478. 61048. 61952.] t2_sim:[58239. 58100. 63014.]
Task is 43.00% complete.
t1_sim:[63963. 64066. 68663.] t2_sim:[64469. 64674. 61515.]
Task is 44.00% complete.
t1_sim:[62546. 62589. 60070.] t2_sim:[66073. 66299. 66235.]
Task is 45.00% complete.
t1_sim:[59711. 59722. 60795.] t2_sim:[58615. 58680. 58903.]
Task is 46.00% complete.
t1_sim:[68581. 68371. 67474.] t2_sim:[58172. 58616. 63809.]
Task is 47.00% complete.
t1_sim:[60660. 60607. 61401.] t2_sim:[59276. 59044. 58669.]
Task is 48.00% complete.
t1_sim:[67647. 67357. 66529.] t2_sim:[60592. 59912. 61573.]
Task is 49.00% complete.
t1_sim:[61566. 61820. 64356.] t2_sim:[55233. 55458. 54773.]
Task is 50.00% complete.
t1_sim:[65633. 65964. 62614.] t2_sim:[57417. 57188. 59765.]
Task is 51.00% complete.
t1_sim:[62531. 62943. 62627.] t2_sim:[62929. 62540. 62215.]
Task is 52.00% complete.
t1_sim:[64794. 64492. 63571.] t2_sim:[64583. 64563. 62268.]
Task is 53.00% complete.
t1_sim:[68799. 68602. 63631.] t2_sim:[64515. 64285. 64464.]
Task is 54.00% complete.
t1_sim:[62879. 62613. 64805.] t2_sim:[63848. 63926. 62922.]
Task is 55.00% complete.
t1_sim:[61145. 61279. 63132.] t2_sim:[54589. 54799. 55949.]
Task is 56.00% complete.
t1_sim:[65724. 65944. 65257.] t2_sim:[59065. 58997. 60719.]
Task is 57.00% complete.
t1_sim:[62741. 62623. 62388.] t2_sim:[66389. 66615. 68141.]
Task is 58.00% complete.
t1_sim:[56639. 56545. 59527.] t2_sim:[61211. 61024. 61760.]
Task is 59.00% complete.
t1_sim:[63784. 63622. 61329.] t2_sim:[63705. 63869. 66389.]
Task is 60.00% complete.
t1_sim:[65834. 65447. 65238.] t2_sim:[63623. 63080. 63860.]
Task is 61.00% complete.
t1_sim:[61794. 61866. 62025.] t2_sim:[61931. 61679. 62296.]
Task is 62.00% complete.
t1_sim:[61118. 61245. 65780.] t2_sim:[60997. 61852. 57331.]
Task is 63.00% complete.
t1_sim:[62197. 62014. 60603.] t2_sim:[68032. 68165. 65296.]
Task is 64.00% complete.
t1_sim:[61632. 62070. 59835.] t2_sim:[63334. 63139. 64235.]
Task is 65.00% complete.
t1_sim:[59228. 59413. 59018.] t2_sim:[63294. 63487. 58844.]
Task is 66.00% complete.
t1_sim:[62292. 62433. 65928.] t2_sim:[61496. 61376. 58382.]
Task is 67.00% complete.
t1_sim:[62000. 61909. 60443.] t2_sim:[58192. 57871. 60290.]
Task is 68.00% complete.
t1_sim:[62627. 62687. 62228.] t2_sim:[63529. 63749. 64920.]
Task is 69.00% complete.
t1_sim:[68713. 68809. 66411.] t2_sim:[62634. 62802. 63991.]
Task is 70.00% complete.
t1_sim:[64298. 64568. 63647.] t2_sim:[67794. 67707. 64941.]
Task is 71.00% complete.
t1_sim:[59422. 59627. 63296.] t2_sim:[61052. 61547. 62671.]
Task is 72.00% complete.
t1_sim:[61546. 61873. 64067.] t2_sim:[62988. 63017. 63926.]
Task is 73.00% complete.
t1_sim:[64449. 63882. 62562.] t2_sim:[64536. 64288. 61664.]
Task is 74.00% complete.
t1_sim:[60299. 60358. 60810.] t2_sim:[64953. 65444. 63269.]
Task is 75.00% complete.
t1_sim:[60254. 60595. 57102.] t2_sim:[61287. 61882. 62764.]
Task is 76.00% complete.
t1_sim:[59592. 59970. 58224.] t2_sim:[58330. 58225. 58198.]
Task is 77.00% complete.
t1_sim:[61156. 61053. 57686.] t2_sim:[69380. 69942. 71599.]
Task is 78.00% complete.
t1_sim:[62297. 62283. 63068.] t2_sim:[60317. 60072. 63006.]
Task is 79.00% complete.
t1_sim:[59894. 60088. 60684.] t2_sim:[58992. 59194. 59247.]
Task is 80.00% complete.
t1_sim:[68710. 68449. 66939.] t2_sim:[61282. 61341. 61699.]
Task is 81.00% complete.
t1_sim:[57819. 57607. 58733.] t2_sim:[65104. 65111. 64088.]
Task is 82.00% complete.
t1_sim:[65031. 64849. 64683.] t2_sim:[59691. 59869. 59564.]
Task is 83.00% complete.
t1_sim:[65406. 65432. 63849.] t2_sim:[65540. 65630. 64647.]
Task is 84.00% complete.
t1_sim:[65622. 65702. 65450.] t2_sim:[60891. 60821. 60976.]
Task is 85.00% complete.
t1_sim:[66041. 66209. 65952.] t2_sim:[69149. 69725. 66704.]
Task is 86.00% complete.
t1_sim:[60673. 60885. 62763.] t2_sim:[66954. 67371. 64331.]
Task is 87.00% complete.
t1_sim:[62799. 62751. 66278.] t2_sim:[65549. 65231. 61044.]
Task is 88.00% complete.
t1_sim:[70495. 70646. 72228.] t2_sim:[54574. 54128. 58349.]
Task is 89.00% complete.
t1_sim:[60340. 60014. 57777.] t2_sim:[58647. 58587. 62080.]
Task is 90.00% complete.
t1_sim:[64980. 64884. 60538.] t2_sim:[55907. 56167. 62379.]
Task is 91.00% complete.
t1_sim:[64165. 63685. 63016.] t2_sim:[57971. 58289. 60576.]
Task is 92.00% complete.
t1_sim:[61328. 61273. 64719.] t2_sim:[57873. 57852. 56468.]
Task is 93.00% complete.
t1_sim:[66028. 65923. 65454.] t2_sim:[65757. 65813. 67482.]
Task is 94.00% complete.
t1_sim:[57829. 58307. 57447.] t2_sim:[66626. 66511. 66881.]
Task is 95.00% complete.
t1_sim:[64177. 63805. 60836.] t2_sim:[62168. 61897. 61298.]
Task is 96.00% complete.
t1_sim:[54697. 54515. 54850.] t2_sim:[61443. 60894. 60971.]
Task is 97.00% complete.
t1_sim:[66238. 66515. 69861.] t2_sim:[63627. 62970. 62450.]
Task is 98.00% complete.
t1_sim:[61804. 61401. 62286.] t2_sim:[62257. 62438. 62341.]
Task is 99.00% complete.
t1_sim:[63494. 63863. 62568.] t2_sim:[59334. 59794. 57575.]
Training start
t1_obs:[array(53404.), array(53130.), array(53963.)] t2_obs:[array(59669.), array(59554.), array(59964.)]
corr_G1:[None, None, 0.9860843530482757] corr_G2:[None, None, 0.9702295942054348]
Training end
Task is 0.00% complete.
t1_sim:[59350. 59064. 57227.] t2_sim:[62518. 62853. 61706.]
Task is 1.00% complete.
t1_sim:[66087. 65810. 66860.] t2_sim:[61142. 61223. 60164.]
Task is 2.00% complete.
t1_sim:[63845. 64268. 63871.] t2_sim:[57987. 58379. 59643.]
Task is 3.00% complete.
t1_sim:[59374. 59200. 59682.] t2_sim:[57934. 57917. 60061.]
Task is 4.00% complete.
t1_sim:[70109. 70239. 69012.] t2_sim:[68179. 67987. 67798.]
Task is 5.00% complete.
t1_sim:[65688. 65711. 65580.] t2_sim:[63575. 63594. 65252.]
Task is 6.00% complete.
t1_sim:[68905. 68926. 69050.] t2_sim:[63094. 62398. 60340.]
Task is 7.00% complete.
t1_sim:[56395. 56445. 55705.] t2_sim:[64842. 64350. 62894.]
Task is 8.00% complete.
t1_sim:[69839. 69765. 69738.] t2_sim:[62616. 62931. 63738.]
Task is 9.00% complete.
t1_sim:[61002. 61055. 62630.] t2_sim:[61688. 61388. 60759.]
Task is 10.00% complete.
t1_sim:[62824. 63231. 62538.] t2_sim:[64988. 65038. 64925.]
Task is 11.00% complete.
t1_sim:[61489. 61825. 63734.] t2_sim:[67517. 67634. 66530.]
Task is 12.00% complete.
t1_sim:[63558. 63781. 61471.] t2_sim:[64557. 64584. 66094.]
Task is 13.00% complete.
t1_sim:[65435. 65759. 65472.] t2_sim:[61335. 60406. 59953.]
Task is 14.00% complete.
t1_sim:[64995. 64659. 64619.] t2_sim:[56372. 56066. 56450.]
Task is 15.00% complete.
t1_sim:[59214. 59303. 59503.] t2_sim:[63055. 63155. 64399.]
Task is 16.00% complete.
t1_sim:[63833. 64093. 62675.] t2_sim:[60814. 61286. 63208.]
Task is 17.00% complete.
t1_sim:[64854. 64880. 63673.] t2_sim:[63602. 63542. 63643.]
Task is 18.00% complete.
t1_sim:[62182. 62095. 63222.] t2_sim:[64897. 65021. 64394.]
Task is 19.00% complete.
t1_sim:[68642. 68887. 64687.] t2_sim:[65117. 64983. 65020.]
Task is 20.00% complete.
t1_sim:[63137. 63137. 61933.] t2_sim:[67954. 68327. 66380.]
Task is 21.00% complete.
t1_sim:[57230. 57116. 59308.] t2_sim:[61545. 61532. 62126.]
Task is 22.00% complete.
t1_sim:[67399. 67118. 63394.] t2_sim:[60729. 60867. 60062.]
Task is 23.00% complete.
t1_sim:[58090. 58268. 59675.] t2_sim:[62906. 62828. 62486.]
Task is 24.00% complete.
t1_sim:[65942. 65804. 63850.] t2_sim:[63156. 63011. 61227.]
Task is 25.00% complete.
t1_sim:[57762. 57521. 57454.] t2_sim:[56310. 55642. 57464.]
Task is 26.00% complete.
t1_sim:[56742. 57089. 57952.] t2_sim:[67641. 67357. 65784.]
Task is 27.00% complete.
t1_sim:[60938. 60878. 61801.] t2_sim:[62921. 62409. 63289.]
Task is 28.00% complete.
t1_sim:[60675. 60911. 60980.] t2_sim:[66437. 66669. 65964.]
Task is 29.00% complete.
t1_sim:[59775. 59600. 61146.] t2_sim:[56968. 56637. 57266.]
Task is 30.00% complete.
t1_sim:[58789. 59520. 60896.] t2_sim:[64339. 64253. 64668.]
Task is 31.00% complete.
t1_sim:[65995. 65511. 66243.] t2_sim:[62222. 62339. 62287.]
Task is 32.00% complete.
t1_sim:[58728. 58845. 60058.] t2_sim:[59065. 59212. 58225.]
Task is 33.00% complete.
t1_sim:[64169. 64001. 62229.] t2_sim:[65392. 65531. 62838.]
Task is 34.00% complete.
t1_sim:[61773. 61814. 62013.] t2_sim:[58549. 58885. 59921.]
Task is 35.00% complete.
t1_sim:[61584. 61745. 62064.] t2_sim:[66209. 66247. 65724.]
Task is 36.00% complete.
t1_sim:[59911. 59850. 59691.] t2_sim:[67184. 67466. 65599.]
Task is 37.00% complete.
t1_sim:[59398. 59043. 57864.] t2_sim:[59330. 59220. 57829.]
Task is 38.00% complete.
t1_sim:[56207. 56130. 56609.] t2_sim:[60270. 60095. 59936.]
Task is 39.00% complete.
t1_sim:[60987. 61501. 59899.] t2_sim:[61307. 61228. 61513.]
Task is 40.00% complete.
t1_sim:[59893. 59322. 59280.] t2_sim:[62586. 62411. 61516.]
Task is 41.00% complete.
t1_sim:[65110. 65193. 67133.] t2_sim:[61385. 61201. 61735.]
Task is 42.00% complete.
t1_sim:[67449. 67573. 67090.] t2_sim:[66665. 66386. 66884.]
Task is 43.00% complete.
t1_sim:[60566. 60652. 61404.] t2_sim:[61430. 61583. 61890.]
Task is 44.00% complete.
t1_sim:[59204. 59064. 61649.] t2_sim:[67489. 67743. 68333.]
Task is 45.00% complete.
t1_sim:[61975. 61850. 61593.] t2_sim:[55079. 54761. 57899.]
Task is 46.00% complete.
t1_sim:[64317. 64041. 65177.] t2_sim:[56533. 56210. 56611.]
Task is 47.00% complete.
t1_sim:[67446. 67436. 67321.] t2_sim:[59790. 59719. 58027.]
Task is 48.00% complete.
t1_sim:[61049. 61113. 58897.] t2_sim:[62343. 62233. 63034.]
Task is 49.00% complete.
t1_sim:[61698. 61886. 60345.] t2_sim:[63650. 63985. 65373.]
Task is 50.00% complete.
t1_sim:[61085. 60894. 60848.] t2_sim:[59665. 60122. 58624.]
Task is 51.00% complete.
t1_sim:[64043. 64073. 63300.] t2_sim:[67148. 67897. 67435.]
Task is 52.00% complete.
t1_sim:[60925. 60245. 62673.] t2_sim:[59788. 60696. 60805.]
Task is 53.00% complete.
t1_sim:[66075. 66305. 68682.] t2_sim:[65168. 65680. 65628.]
Task is 54.00% complete.
t1_sim:[67835. 67877. 68938.] t2_sim:[60937. 61316. 59546.]
Task is 55.00% complete.
t1_sim:[61438. 61524. 61989.] t2_sim:[63044. 63225. 64907.]
Task is 56.00% complete.
t1_sim:[62105. 62169. 61927.] t2_sim:[62444. 62286. 61923.]
Task is 57.00% complete.
t1_sim:[66894. 66680. 65390.] t2_sim:[59737. 60016. 59577.]
Task is 58.00% complete.
t1_sim:[66137. 66121. 67387.] t2_sim:[64415. 64307. 60895.]
Task is 59.00% complete.
t1_sim:[66959. 66456. 66335.] t2_sim:[63752. 64128. 65496.]
Task is 60.00% complete.
t1_sim:[58089. 57981. 57578.] t2_sim:[58380. 58672. 58885.]
Task is 61.00% complete.
t1_sim:[60346. 60229. 62252.] t2_sim:[57861. 58078. 58354.]
Task is 62.00% complete.
t1_sim:[61164. 61724. 62610.] t2_sim:[57863. 57694. 57124.]
Task is 63.00% complete.
t1_sim:[59894. 60163. 61798.] t2_sim:[66550. 66304. 65379.]
Task is 64.00% complete.
t1_sim:[57490. 57670. 59442.] t2_sim:[69834. 69989. 69705.]
Task is 65.00% complete.
t1_sim:[60321. 60413. 59871.] t2_sim:[60842. 60861. 61286.]
Task is 66.00% complete.
t1_sim:[66175. 66347. 66794.] t2_sim:[67810. 68091. 65059.]
Task is 67.00% complete.
t1_sim:[69525. 69769. 68549.] t2_sim:[64960. 64721. 62791.]
Task is 68.00% complete.
t1_sim:[64994. 65222. 64645.] t2_sim:[58544. 58074. 57393.]
Task is 69.00% complete.
t1_sim:[64850. 64849. 62935.] t2_sim:[63760. 63494. 62854.]
Task is 70.00% complete.
t1_sim:[64440. 64322. 61889.] t2_sim:[59892. 59864. 60721.]
Task is 71.00% complete.
t1_sim:[56802. 56934. 59004.] t2_sim:[66391. 66114. 65195.]
Task is 72.00% complete.
t1_sim:[64285. 63757. 61884.] t2_sim:[62400. 62637. 64426.]
Task is 73.00% complete.
t1_sim:[59236. 58835. 62907.] t2_sim:[65051. 64774. 65422.]
Task is 74.00% complete.
t1_sim:[68177. 68403. 71110.] t2_sim:[60163. 60438. 58480.]
Task is 75.00% complete.
t1_sim:[62185. 62049. 60990.] t2_sim:[58480. 58614. 60135.]
Task is 76.00% complete.
t1_sim:[62889. 62590. 61783.] t2_sim:[58418. 58504. 57803.]
Task is 77.00% complete.
t1_sim:[59834. 60344. 61092.] t2_sim:[67913. 67811. 64883.]
Task is 78.00% complete.
t1_sim:[64488. 64263. 63302.] t2_sim:[67964. 68279. 65729.]
Task is 79.00% complete.
t1_sim:[64703. 64555. 63531.] t2_sim:[57613. 58368. 59244.]
Task is 80.00% complete.
t1_sim:[61783. 61980. 61220.] t2_sim:[62210. 62395. 62543.]
Task is 81.00% complete.
t1_sim:[63323. 63012. 61777.] t2_sim:[67636. 67775. 68460.]
Task is 82.00% complete.
t1_sim:[61345. 60767. 57703.] t2_sim:[59805. 60122. 61109.]
Task is 83.00% complete.
t1_sim:[64786. 64967. 65289.] t2_sim:[57504. 57264. 57128.]
Task is 84.00% complete.
t1_sim:[60899. 60945. 59370.] t2_sim:[62779. 63007. 61941.]
Task is 85.00% complete.
t1_sim:[66991. 67763. 68513.] t2_sim:[62733. 63006. 64368.]
Task is 86.00% complete.
t1_sim:[68576. 68461. 68729.] t2_sim:[63451. 64041. 61524.]
Task is 87.00% complete.
t1_sim:[68349. 67931. 65634.] t2_sim:[57642. 57826. 58650.]
Task is 88.00% complete.
t1_sim:[62391. 61922. 60486.] t2_sim:[63244. 63820. 65246.]
Task is 89.00% complete.
t1_sim:[60449. 60685. 60036.] t2_sim:[62707. 62401. 60742.]
Task is 90.00% complete.
t1_sim:[64363. 64656. 64121.] t2_sim:[73139. 73302. 72065.]
Task is 91.00% complete.
t1_sim:[68724. 69091. 67211.] t2_sim:[62978. 62833. 63054.]
Task is 92.00% complete.
t1_sim:[62141. 61767. 61179.] t2_sim:[64193. 64150. 65801.]
Task is 93.00% complete.
t1_sim:[61083. 61108. 60020.] t2_sim:[64426. 64564. 64271.]
Task is 94.00% complete.
t1_sim:[68423. 68506. 69346.] t2_sim:[68487. 68393. 67004.]
Task is 95.00% complete.
t1_sim:[60421. 60715. 59570.] t2_sim:[61027. 60750. 60338.]
Task is 96.00% complete.
t1_sim:[59299. 59814. 61590.] t2_sim:[63863. 64475. 63638.]
Task is 97.00% complete.
t1_sim:[65839. 65986. 65022.] t2_sim:[63008. 62832. 63723.]
Task is 98.00% complete.
t1_sim:[60271. 60345. 60194.] t2_sim:[62564. 62014. 64001.]
Task is 99.00% complete.
t1_sim:[60172. 60326. 58513.] t2_sim:[65591. 65877. 66071.]
Training start
t1_obs:[array(53404.), array(53130.), array(54949.)] t2_obs:[array(59669.), array(59554.), array(60393.)]
corr_G1:[None, None, 0.11048367338594356] corr_G2:[None, None, -0.07731734256796306]
Training end
Task is 0.00% complete.
t1_sim:[57964. 58291. 61120.] t2_sim:[56907. 56718. 56114.]
Task is 1.00% complete.
t1_sim:[68215. 68872. 69481.] t2_sim:[67084. 67222. 66868.]
Task is 2.00% complete.
t1_sim:[59168. 59580. 61447.] t2_sim:[60118. 59984. 59462.]
Task is 3.00% complete.
t1_sim:[61511. 62029. 62657.] t2_sim:[62616. 63212. 63368.]
Task is 4.00% complete.
t1_sim:[63794. 64025. 64600.] t2_sim:[58173. 58276. 57219.]
Task is 5.00% complete.
t1_sim:[65779. 65563. 67681.] t2_sim:[61617. 61491. 64338.]
Task is 6.00% complete.
t1_sim:[62363. 62266. 59733.] t2_sim:[64164. 63574. 62314.]
Task is 7.00% complete.
t1_sim:[62186. 61722. 60662.] t2_sim:[64378. 64275. 65289.]
Task is 8.00% complete.
t1_sim:[64622. 64476. 65195.] t2_sim:[66846. 66967. 65695.]
Task is 9.00% complete.
t1_sim:[66730. 66164. 66553.] t2_sim:[63914. 63844. 64078.]
Task is 10.00% complete.
t1_sim:[62094. 62228. 62395.] t2_sim:[56491. 56128. 55007.]
Task is 11.00% complete.
t1_sim:[64136. 64583. 64318.] t2_sim:[67637. 67181. 67297.]
Task is 12.00% complete.
t1_sim:[65670. 65622. 66384.] t2_sim:[60646. 60867. 60289.]
Task is 13.00% complete.
t1_sim:[64301. 64294. 68486.] t2_sim:[62921. 63723. 65066.]
Task is 14.00% complete.
t1_sim:[64084. 63967. 64349.] t2_sim:[68744. 68729. 66655.]
Task is 15.00% complete.
t1_sim:[59583. 59616. 58504.] t2_sim:[58901. 58435. 57977.]
Task is 16.00% complete.
t1_sim:[62949. 63135. 61740.] t2_sim:[61087. 60857. 60488.]
Task is 17.00% complete.
t1_sim:[59388. 59009. 61868.] t2_sim:[59267. 59457. 59996.]
Task is 18.00% complete.
t1_sim:[61486. 60917. 62485.] t2_sim:[62226. 62083. 62230.]
Task is 19.00% complete.
t1_sim:[56100. 56194. 57368.] t2_sim:[61519. 61362. 61312.]
Task is 20.00% complete.
t1_sim:[61481. 61440. 62180.] t2_sim:[67367. 67392. 67947.]
Task is 21.00% complete.
t1_sim:[64023. 63498. 64718.] t2_sim:[67426. 67027. 64640.]
Task is 22.00% complete.
t1_sim:[57472. 57338. 55134.] t2_sim:[58506. 58591. 57414.]
Task is 23.00% complete.
t1_sim:[62871. 62574. 62551.] t2_sim:[61307. 61739. 62224.]
Task is 24.00% complete.
t1_sim:[57588. 57724. 60689.] t2_sim:[66574. 66307. 63069.]
Task is 25.00% complete.
t1_sim:[64380. 64493. 65848.] t2_sim:[70512. 70439. 69353.]
Task is 26.00% complete.
t1_sim:[66311. 66698. 67341.] t2_sim:[63010. 63009. 62561.]
Task is 27.00% complete.
t1_sim:[61996. 61312. 62822.] t2_sim:[62800. 63134. 63660.]
Task is 28.00% complete.
t1_sim:[57244. 56930. 55822.] t2_sim:[56444. 56701. 57138.]
Task is 29.00% complete.
t1_sim:[61733. 62256. 63336.] t2_sim:[63550. 63599. 64254.]
Task is 30.00% complete.
t1_sim:[57682. 57023. 55554.] t2_sim:[67763. 67701. 65157.]
Task is 31.00% complete.
t1_sim:[61142. 60874. 62828.] t2_sim:[64530. 64606. 64259.]
Task is 32.00% complete.
t1_sim:[63715. 63409. 61183.] t2_sim:[65630. 65642. 66979.]
Task is 33.00% complete.
t1_sim:[51195. 51601. 51404.] t2_sim:[60911. 60902. 60540.]
Task is 34.00% complete.
t1_sim:[58485. 58472. 58208.] t2_sim:[58844. 58890. 56733.]
Task is 35.00% complete.
t1_sim:[60846. 61170. 60268.] t2_sim:[70572. 70472. 69582.]
Task is 36.00% complete.
t1_sim:[57814. 58446. 60613.] t2_sim:[58790. 58833. 60198.]
Task is 37.00% complete.
t1_sim:[64648. 64630. 62730.] t2_sim:[60840. 60737. 59596.]
Task is 38.00% complete.
t1_sim:[67615. 67633. 66120.] t2_sim:[60991. 60759. 61150.]
Task is 39.00% complete.
t1_sim:[70863. 70994. 69236.] t2_sim:[62028. 62151. 64836.]
Task is 40.00% complete.
t1_sim:[67755. 68105. 65516.] t2_sim:[59037. 59048. 59340.]
Task is 41.00% complete.
t1_sim:[62807. 63011. 63148.] t2_sim:[64337. 64470. 63207.]
Task is 42.00% complete.
t1_sim:[65637. 65090. 61678.] t2_sim:[63127. 63004. 61950.]
Task is 43.00% complete.
t1_sim:[61828. 61589. 62247.] t2_sim:[58083. 58340. 60508.]
Task is 44.00% complete.
t1_sim:[63685. 64380. 64983.] t2_sim:[61421. 61293. 59611.]
Task is 45.00% complete.
t1_sim:[64446. 64304. 67912.] t2_sim:[63050. 62594. 61918.]
Task is 46.00% complete.
t1_sim:[65233. 65121. 65935.] t2_sim:[62279. 62372. 62644.]
Task is 47.00% complete.
t1_sim:[69802. 69850. 66896.] t2_sim:[62331. 61794. 59973.]
Task is 48.00% complete.
t1_sim:[63516. 63673. 62237.] t2_sim:[50670. 50484. 49687.]
Task is 49.00% complete.
t1_sim:[65614. 65728. 67385.] t2_sim:[64209. 64347. 64156.]
Task is 50.00% complete.
t1_sim:[59612. 59824. 62319.] t2_sim:[64437. 64443. 64745.]
Task is 51.00% complete.
t1_sim:[61598. 61917. 61957.] t2_sim:[60453. 59792. 59556.]
Task is 52.00% complete.
t1_sim:[64311. 64349. 61577.] t2_sim:[60199. 60214. 60772.]
Task is 53.00% complete.
t1_sim:[64037. 64117. 64454.] t2_sim:[64959. 64770. 64826.]
Task is 54.00% complete.
t1_sim:[59764. 59737. 62149.] t2_sim:[64465. 64721. 65507.]
Task is 55.00% complete.
t1_sim:[64405. 64776. 66160.] t2_sim:[57599. 57393. 55268.]
Task is 56.00% complete.
t1_sim:[57374. 57342. 58949.] t2_sim:[60881. 60593. 62047.]
Task is 57.00% complete.
t1_sim:[59800. 59922. 61686.] t2_sim:[67983. 67972. 67385.]
Task is 58.00% complete.
t1_sim:[61194. 61131. 62176.] t2_sim:[60079. 60010. 61539.]
Task is 59.00% complete.
t1_sim:[65320. 65251. 65376.] t2_sim:[60295. 60280. 58970.]
Task is 60.00% complete.
t1_sim:[59330. 59472. 60813.] t2_sim:[57111. 57167. 58140.]
Task is 61.00% complete.
t1_sim:[56994. 56745. 55603.] t2_sim:[65081. 64999. 62435.]
Task is 62.00% complete.
t1_sim:[64838. 64744. 63064.] t2_sim:[64316. 64616. 63317.]
Task is 63.00% complete.
t1_sim:[54335. 54413. 56750.] t2_sim:[67891. 67884. 66291.]
Task is 64.00% complete.
t1_sim:[63268. 63318. 62849.] t2_sim:[58186. 57887. 56804.]
Task is 65.00% complete.
t1_sim:[55437. 55752. 57413.] t2_sim:[60849. 61210. 62289.]
Task is 66.00% complete.
t1_sim:[57175. 57612. 60733.] t2_sim:[62028. 62334. 62736.]
Task is 67.00% complete.
t1_sim:[60415. 60307. 62405.] t2_sim:[59009. 58508. 55692.]
Task is 68.00% complete.
t1_sim:[59767. 59831. 61409.] t2_sim:[57003. 56507. 59621.]
Task is 69.00% complete.
t1_sim:[61169. 60879. 60535.] t2_sim:[58899. 59120. 61315.]
Task is 70.00% complete.
t1_sim:[60574. 60356. 60813.] t2_sim:[63856. 63615. 60452.]
Task is 71.00% complete.
t1_sim:[67608. 67790. 67864.] t2_sim:[62834. 63242. 63054.]
Task is 72.00% complete.
t1_sim:[61695. 62043. 62777.] t2_sim:[62381. 62497. 63623.]
Task is 73.00% complete.
t1_sim:[62557. 62271. 63484.] t2_sim:[61056. 61025. 59468.]
Task is 74.00% complete.
t1_sim:[62964. 62776. 60362.] t2_sim:[64000. 63446. 63902.]
Task is 75.00% complete.
t1_sim:[62293. 62275. 64331.] t2_sim:[65532. 65237. 67108.]
Task is 76.00% complete.
t1_sim:[60633. 60286. 58004.] t2_sim:[54609. 55230. 55404.]
Task is 77.00% complete.
t1_sim:[63675. 63658. 65474.] t2_sim:[60946. 60918. 59580.]
Task is 78.00% complete.
t1_sim:[62997. 62704. 64864.] t2_sim:[65675. 65273. 62180.]
Task is 79.00% complete.
t1_sim:[62377. 62392. 63656.] t2_sim:[58900. 59195. 59185.]
Task is 80.00% complete.
t1_sim:[59039. 59214. 59895.] t2_sim:[63564. 63802. 63277.]
Task is 81.00% complete.
t1_sim:[60442. 60605. 62244.] t2_sim:[63750. 64026. 64056.]
Task is 82.00% complete.
t1_sim:[56593. 56451. 59914.] t2_sim:[58820. 58245. 59274.]
Task is 83.00% complete.
t1_sim:[60518. 60644. 58473.] t2_sim:[65187. 65181. 63226.]
Task is 84.00% complete.
t1_sim:[63808. 64115. 61060.] t2_sim:[61306. 61074. 60792.]
Task is 85.00% complete.
t1_sim:[62475. 62338. 65095.] t2_sim:[60229. 59777. 59143.]
Task is 86.00% complete.
t1_sim:[63198. 62967. 63637.] t2_sim:[66923. 67070. 68001.]
Task is 87.00% complete.
t1_sim:[57185. 56369. 56010.] t2_sim:[69183. 69068. 66808.]
Task is 88.00% complete.
t1_sim:[60521. 60514. 59869.] t2_sim:[66158. 66245. 66195.]
Task is 89.00% complete.
t1_sim:[60390. 61038. 62661.] t2_sim:[58338. 58410. 58566.]
Task is 90.00% complete.
t1_sim:[63492. 63616. 61932.] t2_sim:[60930. 60990. 61708.]
Task is 91.00% complete.
t1_sim:[66116. 66124. 63757.] t2_sim:[62383. 62745. 61191.]
Task is 92.00% complete.
t1_sim:[66289. 66334. 66366.] t2_sim:[68507. 67904. 67561.]
Task is 93.00% complete.
t1_sim:[62414. 62229. 61361.] t2_sim:[61767. 61506. 61665.]
Task is 94.00% complete.
t1_sim:[67611. 67869. 65846.] t2_sim:[56487. 57397. 60906.]
Task is 95.00% complete.
t1_sim:[53972. 54038. 52821.] t2_sim:[61192. 60866. 60392.]
Task is 96.00% complete.
t1_sim:[62900. 62655. 62941.] t2_sim:[65463. 64756. 63696.]
Task is 97.00% complete.
t1_sim:[65870. 65696. 64245.] t2_sim:[62435. 61572. 59801.]
Task is 98.00% complete.
t1_sim:[62219. 61970. 61083.] t2_sim:[66107. 66210. 65517.]
Task is 99.00% complete.
t1_sim:[61179. 61309. 61872.] t2_sim:[67869. 67900. 68528.]
Finished
