/scratch/jz4721/Post-prediction-Causal-Inference/venv/lib/python3.8/site-packages/numpy/core/getlimits.py:518: UserWarning: The value of the smallest subnormal for <class 'numpy.float64'> type is zero.
  setattr(self, word, getattr(machar, word).flat[0])
/scratch/jz4721/Post-prediction-Causal-Inference/venv/lib/python3.8/site-packages/numpy/core/getlimits.py:89: UserWarning: The value of the smallest subnormal for <class 'numpy.float64'> type is zero.
  return self._float_to_str(self.smallest_subnormal)
/scratch/jz4721/Post-prediction-Causal-Inference/venv/lib/python3.8/site-packages/numpy/core/getlimits.py:518: UserWarning: The value of the smallest subnormal for <class 'numpy.float32'> type is zero.
  setattr(self, word, getattr(machar, word).flat[0])
/scratch/jz4721/Post-prediction-Causal-Inference/venv/lib/python3.8/site-packages/numpy/core/getlimits.py:89: UserWarning: The value of the smallest subnormal for <class 'numpy.float32'> type is zero.
  return self._float_to_str(self.smallest_subnormal)
Training start
t1_obs:[array(68617.), array(68253.), array(64732.)] t2_obs:[array(64333.), array(64606.), array(63247.)]
corr_G1:[None, None, 2.271166275905004e-17] corr_G2:[None, None, -1.6303653652187725e-17]
Training end
Task is 0.00% complete.
t1_sim:[67256. 67769. 66479.] t2_sim:[57732. 57774. 59583.]
Task is 1.00% complete.
t1_sim:[62945. 62985. 62734.] t2_sim:[59743. 59927. 61699.]
Task is 2.00% complete.
t1_sim:[64985. 64920. 65079.] t2_sim:[60416. 60439. 60539.]
Task is 3.00% complete.
t1_sim:[61053. 60682. 62372.] t2_sim:[67037. 67195. 65695.]
Task is 4.00% complete.
t1_sim:[57307. 57138. 59938.] t2_sim:[67480. 67200. 66891.]
Task is 5.00% complete.
t1_sim:[59607. 59620. 58368.] t2_sim:[60841. 60810. 61127.]
Task is 6.00% complete.
t1_sim:[61310. 61434. 63189.] t2_sim:[68510. 68501. 63064.]
Task is 7.00% complete.
t1_sim:[66680. 66497. 66436.] t2_sim:[65105. 65372. 67592.]
Task is 8.00% complete.
t1_sim:[60808. 61347. 62771.] t2_sim:[64579. 64964. 65458.]
Task is 9.00% complete.
t1_sim:[64079. 64637. 63349.] t2_sim:[64233. 64151. 63077.]
Task is 10.00% complete.
t1_sim:[60473. 60645. 59291.] t2_sim:[67707. 67728. 64188.]
Task is 11.00% complete.
t1_sim:[65306. 65139. 64537.] t2_sim:[63457. 63810. 63990.]
Task is 12.00% complete.
t1_sim:[63652. 63696. 67540.] t2_sim:[57991. 58125. 60070.]
Task is 13.00% complete.
t1_sim:[61847. 61812. 58657.] t2_sim:[60588. 60902. 58982.]
Task is 14.00% complete.
t1_sim:[63851. 63421. 65199.] t2_sim:[61829. 62171. 62197.]
Task is 15.00% complete.
t1_sim:[62136. 61610. 62369.] t2_sim:[70655. 70954. 70211.]
Task is 16.00% complete.
t1_sim:[65483. 65896. 65934.] t2_sim:[69236. 68435. 65013.]
Task is 17.00% complete.
t1_sim:[64275. 64692. 61533.] t2_sim:[69635. 69405. 67962.]
Task is 18.00% complete.
t1_sim:[62505. 62223. 64355.] t2_sim:[64037. 64068. 65384.]
Task is 19.00% complete.
t1_sim:[70954. 71059. 70231.] t2_sim:[57919. 57616. 59730.]
Task is 20.00% complete.
t1_sim:[61665. 61505. 66399.] t2_sim:[57611. 57567. 58061.]
Task is 21.00% complete.
t1_sim:[63701. 63283. 61541.] t2_sim:[63446. 63833. 60114.]
Task is 22.00% complete.
t1_sim:[68439. 68334. 66617.] t2_sim:[70125. 70527. 65486.]
Task is 23.00% complete.
t1_sim:[68755. 68718. 68196.] t2_sim:[62333. 62442. 60796.]
Task is 24.00% complete.
t1_sim:[64006. 63689. 60432.] t2_sim:[58816. 59159. 58273.]
Task is 25.00% complete.
t1_sim:[65945. 66301. 65005.] t2_sim:[60376. 60467. 62175.]
Task is 26.00% complete.
t1_sim:[64433. 64343. 60662.] t2_sim:[59869. 60140. 58417.]
Task is 27.00% complete.
t1_sim:[63483. 63558. 56555.] t2_sim:[61920. 61826. 61123.]
Task is 28.00% complete.
t1_sim:[61917. 61524. 62064.] t2_sim:[62356. 62122. 62075.]
Task is 29.00% complete.
t1_sim:[62889. 62406. 60258.] t2_sim:[63131. 63357. 62179.]
Task is 30.00% complete.
t1_sim:[60539. 60771. 62541.] t2_sim:[61818. 62065. 61849.]
Task is 31.00% complete.
t1_sim:[59769. 59254. 59534.] t2_sim:[68808. 68984. 66653.]
Task is 32.00% complete.
t1_sim:[63158. 62987. 60901.] t2_sim:[58445. 58734. 55988.]
Task is 33.00% complete.
t1_sim:[59782. 60132. 62330.] t2_sim:[61413. 61252. 62493.]
Task is 34.00% complete.
t1_sim:[68251. 68262. 64353.] t2_sim:[58507. 58478. 57895.]
Task is 35.00% complete.
t1_sim:[65264. 65219. 64426.] t2_sim:[60983. 61438. 63337.]
Task is 36.00% complete.
t1_sim:[58999. 59150. 59105.] t2_sim:[59977. 60204. 61514.]
Task is 37.00% complete.
t1_sim:[59985. 59385. 59551.] t2_sim:[61836. 62300. 63873.]
Task is 38.00% complete.
t1_sim:[62415. 62049. 63545.] t2_sim:[60930. 60941. 61496.]
Task is 39.00% complete.
t1_sim:[63244. 63801. 65759.] t2_sim:[56516. 56520. 54432.]
Task is 40.00% complete.
t1_sim:[60761. 60832. 61477.] t2_sim:[63509. 63687. 67563.]
Task is 41.00% complete.
t1_sim:[59029. 59098. 58196.] t2_sim:[61449. 61305. 60806.]
Task is 42.00% complete.
t1_sim:[63561. 63653. 65741.] t2_sim:[57645. 57322. 62571.]
Task is 43.00% complete.
t1_sim:[57997. 57873. 60178.] t2_sim:[60381. 60381. 58929.]
Task is 44.00% complete.
t1_sim:[61224. 61279. 61880.] t2_sim:[65599. 65788. 68465.]
Task is 45.00% complete.
t1_sim:[59550. 59542. 58174.] t2_sim:[60203. 60012. 61546.]
Task is 46.00% complete.
t1_sim:[63793. 64305. 65749.] t2_sim:[65349. 65614. 64680.]
Task is 47.00% complete.
t1_sim:[64083. 63808. 63500.] t2_sim:[58773. 59338. 61025.]
Task is 48.00% complete.
t1_sim:[61791. 61467. 65041.] t2_sim:[54108. 54267. 54415.]
Task is 49.00% complete.
t1_sim:[61844. 61672. 60303.] t2_sim:[60795. 60297. 60625.]
Task is 50.00% complete.
t1_sim:[62708. 62800. 61642.] t2_sim:[62636. 62799. 59920.]
Task is 51.00% complete.
t1_sim:[66142. 66374. 66518.] t2_sim:[61485. 61251. 63365.]
Task is 52.00% complete.
t1_sim:[60407. 60111. 64737.] t2_sim:[66070. 65788. 64252.]
Task is 53.00% complete.
t1_sim:[58616. 58669. 60255.] t2_sim:[69032. 69253. 65380.]
Task is 54.00% complete.
t1_sim:[59569. 59656. 58272.] t2_sim:[65735. 65635. 63005.]
Task is 55.00% complete.
t1_sim:[61475. 62162. 65025.] t2_sim:[62893. 62896. 61400.]
Task is 56.00% complete.
t1_sim:[61690. 61659. 64791.] t2_sim:[58644. 58610. 57663.]
Task is 57.00% complete.
t1_sim:[63660. 63703. 65311.] t2_sim:[61956. 62301. 63167.]
Task is 58.00% complete.
t1_sim:[59245. 59217. 58912.] t2_sim:[63660. 63960. 64152.]
Task is 59.00% complete.
t1_sim:[60939. 61335. 59228.] t2_sim:[63611. 63773. 63267.]
Task is 60.00% complete.
t1_sim:[63103. 63169. 61508.] t2_sim:[65236. 65082. 63441.]
Task is 61.00% complete.
t1_sim:[65340. 65193. 62888.] t2_sim:[64735. 65140. 66668.]
Task is 62.00% complete.
t1_sim:[57142. 57269. 59163.] t2_sim:[65301. 65246. 62239.]
Task is 63.00% complete.
t1_sim:[61155. 60627. 61067.] t2_sim:[64087. 64121. 66059.]
Task is 64.00% complete.
t1_sim:[62540. 62630. 65223.] t2_sim:[60784. 60662. 59885.]
Task is 65.00% complete.
t1_sim:[54294. 54866. 57454.] t2_sim:[65940. 65844. 66882.]
Task is 66.00% complete.
t1_sim:[64474. 64299. 66554.] t2_sim:[64043. 64107. 65918.]
Task is 67.00% complete.
t1_sim:[62969. 63322. 62322.] t2_sim:[64137. 64104. 62534.]
Task is 68.00% complete.
t1_sim:[59763. 59905. 58635.] t2_sim:[64101. 63939. 64547.]
Task is 69.00% complete.
t1_sim:[65373. 65480. 69433.] t2_sim:[63358. 63137. 66104.]
Task is 70.00% complete.
t1_sim:[65365. 65283. 67284.] t2_sim:[63662. 63618. 62448.]
Task is 71.00% complete.
t1_sim:[61925. 62412. 65210.] t2_sim:[61066. 61003. 59341.]
Task is 72.00% complete.
t1_sim:[62048. 62198. 63460.] t2_sim:[61110. 61073. 59051.]
Task is 73.00% complete.
t1_sim:[58074. 57577. 60701.] t2_sim:[63127. 63122. 63237.]
Task is 74.00% complete.
t1_sim:[59599. 59338. 64703.] t2_sim:[63317. 63082. 60614.]
Task is 75.00% complete.
t1_sim:[56455. 56499. 59890.] t2_sim:[62937. 62589. 61769.]
Task is 76.00% complete.
t1_sim:[62138. 62025. 61539.] t2_sim:[65338. 65277. 65984.]
Task is 77.00% complete.
t1_sim:[60781. 60550. 56002.] t2_sim:[67925. 67909. 66703.]
Task is 78.00% complete.
t1_sim:[63695. 63468. 63574.] t2_sim:[62326. 62072. 62657.]
Task is 79.00% complete.
t1_sim:[64397. 64362. 63038.] t2_sim:[63401. 63920. 62948.]
Task is 80.00% complete.
t1_sim:[63001. 62800. 63395.] t2_sim:[61962. 62087. 61621.]
Task is 81.00% complete.
t1_sim:[62859. 62535. 58889.] t2_sim:[65014. 65105. 66817.]
Task is 82.00% complete.
t1_sim:[65178. 64903. 62057.] t2_sim:[62686. 62857. 63317.]
Task is 83.00% complete.
t1_sim:[64931. 64697. 64501.] t2_sim:[59789. 60012. 60373.]
Task is 84.00% complete.
t1_sim:[62409. 62217. 61952.] t2_sim:[63375. 63299. 63604.]
Task is 85.00% complete.
t1_sim:[58056. 58207. 59650.] t2_sim:[64022. 63739. 63038.]
Task is 86.00% complete.
t1_sim:[58747. 58155. 59843.] t2_sim:[65981. 65420. 64823.]
Task is 87.00% complete.
t1_sim:[59410. 59169. 58645.] t2_sim:[64574. 64508. 62581.]
Task is 88.00% complete.
t1_sim:[59057. 59044. 57915.] t2_sim:[65450. 65467. 66771.]
Task is 89.00% complete.
t1_sim:[61033. 61079. 60443.] t2_sim:[68221. 68215. 65487.]
Task is 90.00% complete.
t1_sim:[63796. 63650. 67870.] t2_sim:[68969. 68978. 72300.]
Task is 91.00% complete.
t1_sim:[58988. 59197. 57735.] t2_sim:[63757. 63635. 63878.]
Task is 92.00% complete.
t1_sim:[64004. 63958. 62091.] t2_sim:[63691. 63986. 61845.]
Task is 93.00% complete.
t1_sim:[63059. 62982. 64797.] t2_sim:[62741. 62886. 63223.]
Task is 94.00% complete.
t1_sim:[61996. 61726. 62142.] t2_sim:[64781. 64981. 67194.]
Task is 95.00% complete.
t1_sim:[62365. 62020. 59493.] t2_sim:[59602. 59512. 60280.]
Task is 96.00% complete.
t1_sim:[63135. 63398. 63702.] t2_sim:[62811. 62961. 66392.]
Task is 97.00% complete.
t1_sim:[63657. 63758. 65752.] t2_sim:[64218. 64587. 66763.]
Task is 98.00% complete.
t1_sim:[63952. 64502. 65080.] t2_sim:[59116. 59087. 61557.]
Task is 99.00% complete.
t1_sim:[64744. 64317. 63037.] t2_sim:[66420. 66006. 66298.]
Training start
t1_obs:[array(68617.), array(68253.), array(68130.)] t2_obs:[array(64333.), array(64606.), array(64377.)]
corr_G1:[None, None, 0.9994171774112682] corr_G2:[None, None, 0.9992961358420429]
Training end
Task is 0.00% complete.
t1_sim:[63093. 63257. 61896.] t2_sim:[60305. 59973. 61035.]
Task is 1.00% complete.
t1_sim:[60701. 60857. 58659.] t2_sim:[65178. 65291. 65926.]
Task is 2.00% complete.
t1_sim:[63395. 63210. 63243.] t2_sim:[60375. 60412. 59864.]
Task is 3.00% complete.
t1_sim:[57886. 58342. 59285.] t2_sim:[58864. 58814. 60837.]
Task is 4.00% complete.
t1_sim:[65540. 65083. 62388.] t2_sim:[60807. 60645. 61264.]
Task is 5.00% complete.
t1_sim:[63790. 64161. 66047.] t2_sim:[66545. 67006. 68740.]
Task is 6.00% complete.
t1_sim:[60095. 60144. 60694.] t2_sim:[62645. 62944. 62366.]
Task is 7.00% complete.
t1_sim:[62961. 62676. 61538.] t2_sim:[63926. 64452. 62112.]
Task is 8.00% complete.
t1_sim:[62818. 62879. 64509.] t2_sim:[60649. 60493. 58883.]
Task is 9.00% complete.
t1_sim:[65370. 65540. 64398.] t2_sim:[64332. 64156. 64411.]
Task is 10.00% complete.
t1_sim:[64720. 64818. 63490.] t2_sim:[57068. 56782. 56854.]
Task is 11.00% complete.
t1_sim:[62160. 61971. 59876.] t2_sim:[60076. 60121. 61549.]
Task is 12.00% complete.
t1_sim:[61388. 62244. 63456.] t2_sim:[66570. 66475. 65020.]
Task is 13.00% complete.
t1_sim:[63070. 63128. 62597.] t2_sim:[61553. 61700. 65613.]
Task is 14.00% complete.
t1_sim:[65879. 65544. 65797.] t2_sim:[65537. 66321. 67579.]
Task is 15.00% complete.
t1_sim:[62858. 62405. 61820.] t2_sim:[64194. 64091. 65552.]
Task is 16.00% complete.
t1_sim:[62717. 62406. 63380.] t2_sim:[57536. 57346. 57771.]
Task is 17.00% complete.
t1_sim:[61693. 61386. 60827.] t2_sim:[62824. 62722. 63968.]
Task is 18.00% complete.
t1_sim:[64222. 64259. 65015.] t2_sim:[60402. 60428. 61895.]
Task is 19.00% complete.
t1_sim:[61298. 61440. 59611.] t2_sim:[63299. 63469. 63290.]
Task is 20.00% complete.
t1_sim:[63473. 63529. 64228.] t2_sim:[61847. 62120. 64161.]
Task is 21.00% complete.
t1_sim:[59935. 59990. 61185.] t2_sim:[59839. 59602. 60921.]
Task is 22.00% complete.
t1_sim:[59940. 59720. 59177.] t2_sim:[59637. 59763. 58678.]
Task is 23.00% complete.
t1_sim:[64970. 65113. 65829.] t2_sim:[63430. 63234. 62942.]
Task is 24.00% complete.
t1_sim:[56406. 56638. 58743.] t2_sim:[55203. 55280. 56848.]
Task is 25.00% complete.
t1_sim:[65662. 66060. 66485.] t2_sim:[63767. 64999. 64584.]
Task is 26.00% complete.
t1_sim:[64952. 64464. 65575.] t2_sim:[62187. 61727. 59769.]
Task is 27.00% complete.
t1_sim:[62107. 61968. 64300.] t2_sim:[64461. 64368. 65364.]
Task is 28.00% complete.
t1_sim:[55313. 54660. 52381.] t2_sim:[59507. 59254. 60220.]
Task is 29.00% complete.
t1_sim:[67431. 67590. 67532.] t2_sim:[61497. 61389. 62329.]
Task is 30.00% complete.
t1_sim:[59358. 59491. 59527.] t2_sim:[60648. 61097. 60462.]
Task is 31.00% complete.
t1_sim:[61019. 61286. 62162.] t2_sim:[64156. 64511. 64580.]
Task is 32.00% complete.
t1_sim:[64087. 64033. 62847.] t2_sim:[62447. 62960. 62831.]
Task is 33.00% complete.
t1_sim:[59982. 60307. 61906.] t2_sim:[64491. 64201. 65967.]
Task is 34.00% complete.
t1_sim:[62731. 62656. 61464.] t2_sim:[63345. 62658. 60279.]
Task is 35.00% complete.
t1_sim:[62613. 62348. 61099.] t2_sim:[66198. 66627. 64037.]
Task is 36.00% complete.
t1_sim:[70764. 70866. 70672.] t2_sim:[62821. 62869. 63768.]
Task is 37.00% complete.
t1_sim:[63883. 64445. 63791.] t2_sim:[58379. 58551. 57681.]
Task is 38.00% complete.
t1_sim:[67463. 67425. 67548.] t2_sim:[64167. 64219. 62490.]
Task is 39.00% complete.
t1_sim:[62330. 62431. 60437.] t2_sim:[58989. 59304. 61213.]
Task is 40.00% complete.
t1_sim:[62407. 62105. 61231.] t2_sim:[63676. 63495. 63485.]
Task is 41.00% complete.
t1_sim:[70351. 69991. 69767.] t2_sim:[59636. 59571. 56729.]
Task is 42.00% complete.
t1_sim:[61541. 62624. 62431.] t2_sim:[67988. 68049. 67285.]
Task is 43.00% complete.
t1_sim:[59242. 59181. 57427.] t2_sim:[62409. 62254. 62130.]
Task is 44.00% complete.
t1_sim:[62625. 61918. 62349.] t2_sim:[69241. 69105. 70810.]
Task is 45.00% complete.
t1_sim:[57641. 57131. 59430.] t2_sim:[62569. 62625. 62436.]
Task is 46.00% complete.
t1_sim:[59987. 59856. 60167.] t2_sim:[66683. 66250. 63984.]
Task is 47.00% complete.
t1_sim:[65621. 65143. 65143.] t2_sim:[59709. 59397. 57571.]
Task is 48.00% complete.
t1_sim:[62216. 62188. 60703.] t2_sim:[60773. 60960. 61944.]
Task is 49.00% complete.
t1_sim:[61284. 61311. 62433.] t2_sim:[66875. 66574. 64493.]
Task is 50.00% complete.
t1_sim:[61634. 61427. 62290.] t2_sim:[61966. 62056. 60855.]
Task is 51.00% complete.
t1_sim:[62976. 62704. 62095.] t2_sim:[60822. 60519. 60868.]
Task is 52.00% complete.
t1_sim:[60175. 59726. 60028.] t2_sim:[64232. 64494. 64767.]
Task is 53.00% complete.
t1_sim:[62034. 61999. 61467.] t2_sim:[64717. 64490. 65117.]
Task is 54.00% complete.
t1_sim:[58968. 59300. 59924.] t2_sim:[60198. 60003. 60627.]
Task is 55.00% complete.
t1_sim:[62947. 62988. 61215.] t2_sim:[68694. 69038. 70098.]
Task is 56.00% complete.
t1_sim:[59554. 59585. 64020.] t2_sim:[57500. 57139. 57065.]
Task is 57.00% complete.
t1_sim:[66734. 67061. 67886.] t2_sim:[58863. 58895. 57893.]
Task is 58.00% complete.
t1_sim:[66212. 66406. 65688.] t2_sim:[63450. 63852. 63000.]
Task is 59.00% complete.
t1_sim:[61922. 61997. 63715.] t2_sim:[61722. 61385. 59223.]
Task is 60.00% complete.
t1_sim:[58426. 58800. 58004.] t2_sim:[66890. 66872. 66640.]
Task is 61.00% complete.
t1_sim:[65386. 65259. 66685.] t2_sim:[61439. 61551. 62078.]
Task is 62.00% complete.
t1_sim:[62122. 62659. 63259.] t2_sim:[63500. 63555. 62001.]
Task is 63.00% complete.
t1_sim:[62265. 62068. 61314.] t2_sim:[63716. 63496. 61989.]
Task is 64.00% complete.
t1_sim:[61468. 61579. 60404.] t2_sim:[61620. 61663. 62618.]
Task is 65.00% complete.
t1_sim:[60080. 59710. 63166.] t2_sim:[57422. 57261. 58544.]
Task is 66.00% complete.
t1_sim:[65954. 65611. 68310.] t2_sim:[63318. 63124. 64097.]
Task is 67.00% complete.
t1_sim:[66904. 66744. 68396.] t2_sim:[62277. 62791. 61571.]
Task is 68.00% complete.
t1_sim:[66571. 66847. 66172.] t2_sim:[65087. 65112. 65417.]
Task is 69.00% complete.
t1_sim:[69597. 69594. 67836.] t2_sim:[63580. 63491. 64650.]
Task is 70.00% complete.
t1_sim:[61157. 60583. 58916.] t2_sim:[60643. 60792. 61427.]
Task is 71.00% complete.
t1_sim:[57095. 57381. 59552.] t2_sim:[59932. 59654. 58564.]
Task is 72.00% complete.
t1_sim:[60256. 60384. 60743.] t2_sim:[61707. 62089. 61923.]
Task is 73.00% complete.
t1_sim:[61352. 61559. 59666.] t2_sim:[60107. 59853. 60192.]
Task is 74.00% complete.
t1_sim:[58448. 58548. 56307.] t2_sim:[60038. 60147. 57480.]
Task is 75.00% complete.
t1_sim:[63265. 63485. 63353.] t2_sim:[61917. 61592. 60753.]
Task is 76.00% complete.
t1_sim:[62587. 62979. 62855.] t2_sim:[62987. 62918. 61903.]
Task is 77.00% complete.
t1_sim:[59241. 59261. 58508.] t2_sim:[62669. 62624. 65031.]
Task is 78.00% complete.
t1_sim:[68662. 68715. 68437.] t2_sim:[58742. 58780. 57121.]
Task is 79.00% complete.
t1_sim:[63825. 63975. 64915.] t2_sim:[59614. 59943. 61038.]
Task is 80.00% complete.
t1_sim:[63183. 63734. 62971.] t2_sim:[65346. 65390. 62587.]
Task is 81.00% complete.
t1_sim:[71772. 71193. 69123.] t2_sim:[60297. 60731. 61633.]
Task is 82.00% complete.
t1_sim:[64746. 65236. 63849.] t2_sim:[61946. 62117. 63910.]
Task is 83.00% complete.
t1_sim:[67043. 67043. 65588.] t2_sim:[56859. 56630. 56229.]
Task is 84.00% complete.
t1_sim:[59272. 58610. 61110.] t2_sim:[60575. 60474. 60582.]
Task is 85.00% complete.
t1_sim:[60417. 60550. 58938.] t2_sim:[63113. 62556. 61938.]
Task is 86.00% complete.
t1_sim:[63736. 63545. 65453.] t2_sim:[55474. 55389. 55760.]
Task is 87.00% complete.
t1_sim:[59625. 58897. 57249.] t2_sim:[65101. 64963. 65046.]
Task is 88.00% complete.
t1_sim:[66444. 66306. 66222.] t2_sim:[61925. 62319. 63259.]
Task is 89.00% complete.
t1_sim:[60729. 60791. 63309.] t2_sim:[57775. 57291. 59160.]
Task is 90.00% complete.
t1_sim:[65660. 65816. 64799.] t2_sim:[63697. 64008. 65210.]
Task is 91.00% complete.
t1_sim:[58909. 59569. 58493.] t2_sim:[59110. 58500. 55860.]
Task is 92.00% complete.
t1_sim:[60501. 60484. 60172.] t2_sim:[57454. 57355. 57853.]
Task is 93.00% complete.
t1_sim:[62606. 62947. 62722.] t2_sim:[63809. 64173. 64822.]
Task is 94.00% complete.
t1_sim:[63573. 63342. 63119.] t2_sim:[66020. 65912. 66243.]
Task is 95.00% complete.
t1_sim:[63883. 64024. 67193.] t2_sim:[59285. 59479. 56408.]
Task is 96.00% complete.
t1_sim:[66210. 66051. 63929.] t2_sim:[64144. 63893. 63938.]
Task is 97.00% complete.
t1_sim:[60216. 60136. 60169.] t2_sim:[57686. 57261. 58418.]
Task is 98.00% complete.
t1_sim:[58145. 58754. 60510.] t2_sim:[60493. 61025. 61241.]
Task is 99.00% complete.
t1_sim:[60238. 59963. 60936.] t2_sim:[61595. 61726. 60121.]
Training start
t1_obs:[array(68617.), array(68253.), array(67614.)] t2_obs:[array(64333.), array(64606.), array(64708.)]
corr_G1:[None, None, -0.20621212572272357] corr_G2:[None, None, 0.05527671278814066]
Training end
Task is 0.00% complete.
t1_sim:[65503. 65525. 66423.] t2_sim:[63463. 63559. 64336.]
Task is 1.00% complete.
t1_sim:[66122. 66281. 65783.] t2_sim:[66726. 66370. 67248.]
Task is 2.00% complete.
t1_sim:[64848. 65132. 65212.] t2_sim:[64377. 63941. 63727.]
Task is 3.00% complete.
t1_sim:[64886. 65567. 67320.] t2_sim:[63753. 64403. 68628.]
Task is 4.00% complete.
t1_sim:[60815. 60839. 58678.] t2_sim:[63250. 63579. 62536.]
Task is 5.00% complete.
t1_sim:[62823. 62664. 63606.] t2_sim:[63797. 63350. 64602.]
Task is 6.00% complete.
t1_sim:[61329. 61936. 59816.] t2_sim:[60864. 61243. 59818.]
Task is 7.00% complete.
t1_sim:[60590. 60523. 61166.] t2_sim:[56469. 56834. 56851.]
Task is 8.00% complete.
t1_sim:[66346. 66089. 65823.] t2_sim:[63032. 63288. 64287.]
Task is 9.00% complete.
t1_sim:[66243. 65874. 64694.] t2_sim:[62467. 62553. 61113.]
Task is 10.00% complete.
t1_sim:[64890. 65275. 65460.] t2_sim:[64689. 64858. 65180.]
Task is 11.00% complete.
t1_sim:[59656. 59511. 59498.] t2_sim:[61261. 61244. 60027.]
Task is 12.00% complete.
t1_sim:[58641. 58613. 60245.] t2_sim:[56716. 56994. 57356.]
Task is 13.00% complete.
t1_sim:[62448. 62472. 60545.] t2_sim:[62352. 62271. 63154.]
Task is 14.00% complete.
t1_sim:[65691. 65482. 62591.] t2_sim:[65539. 65537. 65019.]
Task is 15.00% complete.
t1_sim:[62152. 62234. 62495.] t2_sim:[58705. 58781. 61675.]
Task is 16.00% complete.
t1_sim:[62689. 62195. 62304.] t2_sim:[63672. 64364. 66507.]
Task is 17.00% complete.
t1_sim:[68710. 68814. 69232.] t2_sim:[61815. 62105. 62720.]
Task is 18.00% complete.
t1_sim:[61538. 61534. 61929.] t2_sim:[62240. 61731. 61999.]
Task is 19.00% complete.
t1_sim:[67733. 67353. 64808.] t2_sim:[62594. 62595. 63424.]
Task is 20.00% complete.
t1_sim:[63913. 63473. 59023.] t2_sim:[63390. 63651. 63333.]
Task is 21.00% complete.
t1_sim:[65792. 65766. 65423.] t2_sim:[61866. 61881. 60653.]
Task is 22.00% complete.
t1_sim:[63330. 63243. 63879.] t2_sim:[62405. 62363. 61398.]
Task is 23.00% complete.
t1_sim:[60413. 60044. 58706.] t2_sim:[61466. 61854. 60981.]
Task is 24.00% complete.
t1_sim:[65111. 65141. 67295.] t2_sim:[61838. 62170. 60880.]
Task is 25.00% complete.
t1_sim:[57229. 56995. 59882.] t2_sim:[63938. 63663. 64043.]
Task is 26.00% complete.
t1_sim:[68177. 68300. 66640.] t2_sim:[66853. 67238. 63505.]
Task is 27.00% complete.
t1_sim:[59182. 59290. 58349.] t2_sim:[59216. 58810. 58924.]
Task is 28.00% complete.
t1_sim:[67706. 67762. 67595.] t2_sim:[60289. 60562. 61000.]
Task is 29.00% complete.
t1_sim:[61971. 62017. 61234.] t2_sim:[69506. 69609. 67682.]
Task is 30.00% complete.
t1_sim:[63215. 62626. 62691.] t2_sim:[63833. 63940. 62393.]
Task is 31.00% complete.
t1_sim:[60628. 60029. 59922.] t2_sim:[64148. 63938. 62356.]
Task is 32.00% complete.
t1_sim:[66491. 66198. 64690.] t2_sim:[62171. 61958. 60620.]
Task is 33.00% complete.
t1_sim:[59572. 59396. 60096.] t2_sim:[59717. 59479. 60624.]
Task is 34.00% complete.
t1_sim:[64939. 64807. 65036.] t2_sim:[56911. 56996. 57966.]
Task is 35.00% complete.
t1_sim:[64539. 64244. 65739.] t2_sim:[67395. 67546. 67399.]
Task is 36.00% complete.
t1_sim:[63876. 63433. 63298.] t2_sim:[57292. 56707. 56626.]
Task is 37.00% complete.
t1_sim:[60990. 60711. 59377.] t2_sim:[60433. 60460. 63318.]
Task is 38.00% complete.
t1_sim:[63037. 63309. 65278.] t2_sim:[63502. 63929. 64022.]
Task is 39.00% complete.
t1_sim:[60303. 60468. 60804.] t2_sim:[62180. 62595. 61887.]
Task is 40.00% complete.
t1_sim:[66918. 66877. 67443.] t2_sim:[67660. 67651. 66793.]
Task is 41.00% complete.
t1_sim:[63978. 64069. 62390.] t2_sim:[64306. 64523. 63922.]
Task is 42.00% complete.
t1_sim:[57322. 57372. 58219.] t2_sim:[63213. 63099. 61569.]
Task is 43.00% complete.
t1_sim:[56677. 56376. 56262.] t2_sim:[60043. 60252. 61290.]
Task is 44.00% complete.
t1_sim:[60710. 61222. 61381.] t2_sim:[64372. 63843. 64807.]
Task is 45.00% complete.
t1_sim:[60805. 60898. 60124.] t2_sim:[61316. 61443. 61258.]
Task is 46.00% complete.
t1_sim:[64383. 63822. 65058.] t2_sim:[59352. 59197. 58930.]
Task is 47.00% complete.
t1_sim:[63662. 63800. 65426.] t2_sim:[61531. 61633. 61505.]
Task is 48.00% complete.
t1_sim:[56677. 56602. 56481.] t2_sim:[63306. 63614. 64005.]
Task is 49.00% complete.
t1_sim:[67273. 67167. 66415.] t2_sim:[62546. 62558. 61041.]
Task is 50.00% complete.
t1_sim:[59643. 59953. 60596.] t2_sim:[60776. 60343. 58106.]
Task is 51.00% complete.
t1_sim:[57438. 57796. 57221.] t2_sim:[69079. 69345. 67061.]
Task is 52.00% complete.
t1_sim:[62614. 62904. 62092.] t2_sim:[63973. 64013. 65262.]
Task is 53.00% complete.
t1_sim:[61361. 61917. 64126.] t2_sim:[61280. 61422. 60811.]
Task is 54.00% complete.
t1_sim:[58505. 58404. 57634.] t2_sim:[62802. 62653. 60905.]
Task is 55.00% complete.
t1_sim:[61349. 61291. 60396.] t2_sim:[68843. 68411. 67683.]
Task is 56.00% complete.
t1_sim:[66953. 67489. 65753.] t2_sim:[62326. 62136. 61175.]
Task is 57.00% complete.
t1_sim:[61474. 60521. 58881.] t2_sim:[61356. 61570. 62399.]
Task is 58.00% complete.
t1_sim:[68909. 69409. 69589.] t2_sim:[67780. 67695. 67844.]
Task is 59.00% complete.
t1_sim:[65638. 65651. 63957.] t2_sim:[62809. 62611. 61129.]
Task is 60.00% complete.
t1_sim:[61160. 61575. 63408.] t2_sim:[65996. 65862. 65268.]
Task is 61.00% complete.
t1_sim:[62631. 63336. 63976.] t2_sim:[57563. 57593. 59352.]
Task is 62.00% complete.
t1_sim:[66548. 66249. 66253.] t2_sim:[62978. 63001. 60914.]
Task is 63.00% complete.
t1_sim:[61062. 60818. 60026.] t2_sim:[62484. 62946. 61635.]
Task is 64.00% complete.
t1_sim:[66674. 67042. 65418.] t2_sim:[56678. 56671. 58464.]
Task is 65.00% complete.
t1_sim:[65161. 65182. 63592.] t2_sim:[63016. 62665. 62023.]
Task is 66.00% complete.
t1_sim:[66660. 66736. 66475.] t2_sim:[63458. 64027. 64004.]
Task is 67.00% complete.
t1_sim:[67220. 67118. 65983.] t2_sim:[63114. 63096. 64375.]
Task is 68.00% complete.
t1_sim:[55621. 55410. 55714.] t2_sim:[61534. 62096. 62429.]
Task is 69.00% complete.
t1_sim:[63177. 63556. 66727.] t2_sim:[67537. 67313. 66153.]
Task is 70.00% complete.
t1_sim:[64807. 64726. 64787.] t2_sim:[60129. 59832. 62707.]
Task is 71.00% complete.
t1_sim:[62473. 62782. 61664.] t2_sim:[64422. 64304. 62791.]
Task is 72.00% complete.
t1_sim:[63814. 63565. 65321.] t2_sim:[61365. 61421. 61660.]
Task is 73.00% complete.
t1_sim:[62045. 62044. 63602.] t2_sim:[64923. 64929. 62755.]
Task is 74.00% complete.
t1_sim:[54580. 54471. 55891.] t2_sim:[52382. 52477. 53416.]
Task is 75.00% complete.
t1_sim:[60584. 60521. 62606.] t2_sim:[66697. 67266. 68002.]
Task is 76.00% complete.
t1_sim:[64626. 64947. 62301.] t2_sim:[64829. 65146. 64636.]
Task is 77.00% complete.
t1_sim:[59580. 59270. 59962.] t2_sim:[61533. 61916. 59295.]
Task is 78.00% complete.
t1_sim:[59997. 60186. 61564.] t2_sim:[60597. 60624. 58785.]
Task is 79.00% complete.
t1_sim:[68335. 67911. 67125.] t2_sim:[53605. 54346. 58285.]
Task is 80.00% complete.
t1_sim:[63905. 63902. 60553.] t2_sim:[64067. 64197. 61881.]
Task is 81.00% complete.
t1_sim:[64003. 63994. 65117.] t2_sim:[63473. 63466. 62151.]
Task is 82.00% complete.
t1_sim:[65905. 65887. 66849.] t2_sim:[71977. 72053. 68677.]
Task is 83.00% complete.
t1_sim:[64785. 64772. 65412.] t2_sim:[62771. 62758. 62259.]
Task is 84.00% complete.
t1_sim:[60313. 60297. 59374.] t2_sim:[65814. 65647. 64283.]
Task is 85.00% complete.
t1_sim:[66625. 66821. 68412.] t2_sim:[60095. 60336. 62950.]
Task is 86.00% complete.
t1_sim:[60297. 60295. 61692.] t2_sim:[61510. 61107. 62270.]
Task is 87.00% complete.
t1_sim:[64415. 64424. 62861.] t2_sim:[60177. 60428. 60897.]
Task is 88.00% complete.
t1_sim:[63047. 62657. 64289.] t2_sim:[58248. 58006. 58210.]
Task is 89.00% complete.
t1_sim:[61029. 61180. 59653.] t2_sim:[61944. 61929. 60408.]
Task is 90.00% complete.
t1_sim:[63376. 62852. 60990.] t2_sim:[65476. 65395. 64479.]
Task is 91.00% complete.
t1_sim:[61621. 61844. 61507.] t2_sim:[65364. 65662. 65280.]
Task is 92.00% complete.
t1_sim:[59209. 59612. 63621.] t2_sim:[62841. 63062. 61569.]
Task is 93.00% complete.
t1_sim:[66340. 67022. 64500.] t2_sim:[59040. 58993. 59749.]
Task is 94.00% complete.
t1_sim:[59342. 59211. 59731.] t2_sim:[65157. 64920. 66987.]
Task is 95.00% complete.
t1_sim:[62256. 62203. 61243.] t2_sim:[64840. 64806. 63432.]
Task is 96.00% complete.
t1_sim:[65050. 65320. 65427.] t2_sim:[72479. 72117. 70778.]
Task is 97.00% complete.
t1_sim:[57035. 56994. 56862.] t2_sim:[59596. 59982. 59455.]
Task is 98.00% complete.
t1_sim:[69013. 69017. 67965.] t2_sim:[60623. 60965. 62873.]
Task is 99.00% complete.
t1_sim:[60851. 61255. 63627.] t2_sim:[66073. 65960. 64970.]
Finished
