/scratch/jz4721/Post-prediction-Causal-Inference/venv/lib/python3.8/site-packages/numpy/core/getlimits.py:518: UserWarning: The value of the smallest subnormal for <class 'numpy.float64'> type is zero.
  setattr(self, word, getattr(machar, word).flat[0])
/scratch/jz4721/Post-prediction-Causal-Inference/venv/lib/python3.8/site-packages/numpy/core/getlimits.py:89: UserWarning: The value of the smallest subnormal for <class 'numpy.float64'> type is zero.
  return self._float_to_str(self.smallest_subnormal)
/scratch/jz4721/Post-prediction-Causal-Inference/venv/lib/python3.8/site-packages/numpy/core/getlimits.py:518: UserWarning: The value of the smallest subnormal for <class 'numpy.float32'> type is zero.
  setattr(self, word, getattr(machar, word).flat[0])
/scratch/jz4721/Post-prediction-Causal-Inference/venv/lib/python3.8/site-packages/numpy/core/getlimits.py:89: UserWarning: The value of the smallest subnormal for <class 'numpy.float32'> type is zero.
  return self._float_to_str(self.smallest_subnormal)
Training start
t1_obs:[array(60886.), array(60792.), array(60489.)] t2_obs:[array(65147.), array(65341.), array(65724.)]
corr_G1:[None, None, -1.2727528375411176e-17] corr_G2:[None, None, -1.8043632204459306e-18]
Training end
Task is 0.00% complete.
t1_sim:[60247. 60078. 55119.] t2_sim:[59797. 59734. 58761.]
Task is 1.00% complete.
t1_sim:[58685. 58428. 61991.] t2_sim:[62614. 62521. 60724.]
Task is 2.00% complete.
t1_sim:[66883. 66959. 67464.] t2_sim:[57627. 57318. 58291.]
Task is 3.00% complete.
t1_sim:[65655. 65671. 67828.] t2_sim:[57978. 57935. 61073.]
Task is 4.00% complete.
t1_sim:[66113. 66446. 65641.] t2_sim:[62398. 62259. 64402.]
Task is 5.00% complete.
t1_sim:[56336. 56319. 60649.] t2_sim:[62595. 62528. 65747.]
Task is 6.00% complete.
t1_sim:[60364. 60289. 62435.] t2_sim:[57729. 57470. 59233.]
Task is 7.00% complete.
t1_sim:[65464. 65994. 63357.] t2_sim:[56379. 56570. 56266.]
Task is 8.00% complete.
t1_sim:[63035. 62908. 66357.] t2_sim:[59781. 60268. 58397.]
Task is 9.00% complete.
t1_sim:[64993. 64830. 64152.] t2_sim:[60976. 60644. 59041.]
Task is 10.00% complete.
t1_sim:[63097. 63288. 63657.] t2_sim:[66313. 66433. 63787.]
Task is 11.00% complete.
t1_sim:[67322. 67185. 68370.] t2_sim:[56191. 56049. 57128.]
Task is 12.00% complete.
t1_sim:[59964. 60087. 58847.] t2_sim:[63370. 63471. 66164.]
Task is 13.00% complete.
t1_sim:[61421. 61494. 62273.] t2_sim:[66365. 66386. 65274.]
Task is 14.00% complete.
t1_sim:[68195. 67663. 64699.] t2_sim:[55522. 55553. 57352.]
Task is 15.00% complete.
t1_sim:[65548. 65441. 68304.] t2_sim:[59091. 58978. 57227.]
Task is 16.00% complete.
t1_sim:[67669. 67641. 66748.] t2_sim:[64175. 64482. 62119.]
Task is 17.00% complete.
t1_sim:[60192. 59983. 59479.] t2_sim:[64566. 64260. 62227.]
Task is 18.00% complete.
t1_sim:[61413. 61458. 60670.] t2_sim:[56982. 56720. 55923.]
Task is 19.00% complete.
t1_sim:[63033. 62799. 60982.] t2_sim:[60863. 60366. 62483.]
Task is 20.00% complete.
t1_sim:[63422. 63016. 60181.] t2_sim:[59063. 58968. 57741.]
Task is 21.00% complete.
t1_sim:[63187. 63086. 66007.] t2_sim:[63516. 63508. 62271.]
Task is 22.00% complete.
t1_sim:[59803. 59728. 57656.] t2_sim:[62370. 62407. 59496.]
Task is 23.00% complete.
t1_sim:[66419. 66339. 64725.] t2_sim:[62322. 61871. 61739.]
Task is 24.00% complete.
t1_sim:[64731. 65055. 66653.] t2_sim:[62367. 62000. 62553.]
Task is 25.00% complete.
t1_sim:[59426. 59748. 60656.] t2_sim:[58077. 58035. 57634.]
Task is 26.00% complete.
t1_sim:[64196. 64279. 64319.] t2_sim:[62359. 62270. 59933.]
Task is 27.00% complete.
t1_sim:[61484. 61624. 59573.] t2_sim:[63838. 64219. 62852.]
Task is 28.00% complete.
t1_sim:[63037. 63407. 66808.] t2_sim:[59306. 59283. 59304.]
Task is 29.00% complete.
t1_sim:[62627. 62161. 61313.] t2_sim:[64539. 64744. 65969.]
Task is 30.00% complete.
t1_sim:[59619. 59909. 62279.] t2_sim:[65351. 64863. 60737.]
Task is 31.00% complete.
t1_sim:[68419. 68454. 67823.] t2_sim:[63363. 63672. 64467.]
Task is 32.00% complete.
t1_sim:[64074. 63739. 65084.] t2_sim:[59857. 59479. 58772.]
Task is 33.00% complete.
t1_sim:[60681. 60545. 60258.] t2_sim:[60874. 60604. 61898.]
Task is 34.00% complete.
t1_sim:[65255. 65361. 66005.] t2_sim:[66558. 66506. 65244.]
Task is 35.00% complete.
t1_sim:[63530. 63738. 61707.] t2_sim:[66541. 66411. 64357.]
Task is 36.00% complete.
t1_sim:[64959. 64884. 60810.] t2_sim:[58619. 58189. 59159.]
Task is 37.00% complete.
t1_sim:[61174. 61074. 59648.] t2_sim:[69837. 69753. 66339.]
Task is 38.00% complete.
t1_sim:[57411. 57194. 57645.] t2_sim:[61869. 61966. 59923.]
Task is 39.00% complete.
t1_sim:[64856. 64403. 59604.] t2_sim:[68598. 68426. 68915.]
Task is 40.00% complete.
t1_sim:[60302. 60165. 59986.] t2_sim:[67582. 67604. 70301.]
Task is 41.00% complete.
t1_sim:[55615. 55816. 57434.] t2_sim:[59226. 58852. 59573.]
Task is 42.00% complete.
t1_sim:[63684. 63574. 65406.] t2_sim:[64308. 64172. 66492.]
Task is 43.00% complete.
t1_sim:[61572. 61899. 64810.] t2_sim:[66117. 65993. 64950.]
Task is 44.00% complete.
t1_sim:[63627. 63469. 63479.] t2_sim:[60912. 61110. 60600.]
Task is 45.00% complete.
t1_sim:[61762. 61581. 64644.] t2_sim:[59836. 59863. 61341.]
Task is 46.00% complete.
t1_sim:[57350. 57794. 59517.] t2_sim:[60485. 60976. 58346.]
Task is 47.00% complete.
t1_sim:[59407. 59490. 58746.] t2_sim:[63897. 64183. 62559.]
Task is 48.00% complete.
t1_sim:[58923. 59117. 64057.] t2_sim:[58293. 58202. 59632.]
Task is 49.00% complete.
t1_sim:[66226. 66293. 65622.] t2_sim:[65850. 65481. 62433.]
Task is 50.00% complete.
t1_sim:[64813. 64946. 68281.] t2_sim:[65443. 65416. 65001.]
Task is 51.00% complete.
t1_sim:[60973. 61044. 60340.] t2_sim:[59246. 59218. 57981.]
Task is 52.00% complete.
t1_sim:[67677. 67670. 68136.] t2_sim:[64191. 64095. 64359.]
Task is 53.00% complete.
t1_sim:[69350. 69809. 72614.] t2_sim:[66722. 66804. 65812.]
Task is 54.00% complete.
t1_sim:[62081. 62103. 63069.] t2_sim:[60614. 60195. 62702.]
Task is 55.00% complete.
t1_sim:[64949. 64412. 65692.] t2_sim:[63699. 63546. 60294.]
Task is 56.00% complete.
t1_sim:[58362. 58615. 62289.] t2_sim:[56811. 56621. 55968.]
Task is 57.00% complete.
t1_sim:[60474. 60634. 63844.] t2_sim:[65313. 64965. 65726.]
Task is 58.00% complete.
t1_sim:[60703. 60621. 58771.] t2_sim:[61359. 61100. 63414.]
Task is 59.00% complete.
t1_sim:[61941. 61810. 62188.] t2_sim:[66213. 66345. 65779.]
Task is 60.00% complete.
t1_sim:[59896. 59910. 62194.] t2_sim:[62550. 62468. 61825.]
Task is 61.00% complete.
t1_sim:[63756. 64032. 66001.] t2_sim:[63936. 63884. 65666.]
Task is 62.00% complete.
t1_sim:[60487. 60231. 59526.] t2_sim:[63584. 63351. 63929.]
Task is 63.00% complete.
t1_sim:[67057. 66800. 65966.] t2_sim:[63476. 62975. 61510.]
Task is 64.00% complete.
t1_sim:[63713. 63525. 62619.] t2_sim:[63611. 63584. 64355.]
Task is 65.00% complete.
t1_sim:[69065. 68808. 69487.] t2_sim:[62455. 62150. 61443.]
Task is 66.00% complete.
t1_sim:[60330. 60048. 60570.] t2_sim:[60911. 61196. 62928.]
Task is 67.00% complete.
t1_sim:[62671. 62636. 64089.] t2_sim:[62982. 63163. 58516.]
Task is 68.00% complete.
t1_sim:[67875. 68370. 66053.] t2_sim:[61024. 61082. 61122.]
Task is 69.00% complete.
t1_sim:[65761. 66285. 67436.] t2_sim:[65146. 65445. 60502.]
Task is 70.00% complete.
t1_sim:[63044. 62784. 61138.] t2_sim:[59605. 59295. 63663.]
Task is 71.00% complete.
t1_sim:[63973. 63858. 60663.] t2_sim:[67055. 66976. 67737.]
Task is 72.00% complete.
t1_sim:[62337. 62257. 62797.] t2_sim:[66983. 67490. 67758.]
Task is 73.00% complete.
t1_sim:[64993. 64420. 65874.] t2_sim:[65406. 65542. 63703.]
Task is 74.00% complete.
t1_sim:[65265. 65309. 65269.] t2_sim:[61944. 62137. 63964.]
Task is 75.00% complete.
t1_sim:[65540. 65562. 61765.] t2_sim:[68106. 68249. 67987.]
Task is 76.00% complete.
t1_sim:[62009. 62161. 63915.] t2_sim:[63566. 64000. 60858.]
Task is 77.00% complete.
t1_sim:[62781. 62711. 63424.] t2_sim:[69529. 69160. 69886.]
Task is 78.00% complete.
t1_sim:[65799. 66159. 62088.] t2_sim:[62648. 62582. 62347.]
Task is 79.00% complete.
t1_sim:[65651. 66022. 65155.] t2_sim:[61854. 61978. 60648.]
Task is 80.00% complete.
t1_sim:[64967. 64883. 62594.] t2_sim:[54791. 55266. 57139.]
Task is 81.00% complete.
t1_sim:[61222. 60975. 63395.] t2_sim:[65836. 66169. 68330.]
Task is 82.00% complete.
t1_sim:[65206. 64359. 62393.] t2_sim:[64457. 64090. 64806.]
Task is 83.00% complete.
t1_sim:[62622. 62611. 67199.] t2_sim:[56983. 56841. 55429.]
Task is 84.00% complete.
t1_sim:[66056. 65902. 63562.] t2_sim:[66657. 66408. 60145.]
Task is 85.00% complete.
t1_sim:[63654. 63842. 60362.] t2_sim:[60044. 60011. 58015.]
Task is 86.00% complete.
t1_sim:[57595. 57597. 57663.] t2_sim:[65546. 65802. 64990.]
Task is 87.00% complete.
t1_sim:[58087. 57861. 59307.] t2_sim:[63065. 62889. 62268.]
Task is 88.00% complete.
t1_sim:[68449. 68355. 66738.] t2_sim:[63489. 63182. 61958.]
Task is 89.00% complete.
t1_sim:[62089. 62511. 61120.] t2_sim:[65061. 65236. 65613.]
Task is 90.00% complete.
t1_sim:[62869. 63238. 64413.] t2_sim:[65519. 65648. 66223.]
Task is 91.00% complete.
t1_sim:[64525. 64783. 59143.] t2_sim:[59444. 59303. 58247.]
Task is 92.00% complete.
t1_sim:[60443. 60685. 61558.] t2_sim:[59123. 59293. 62601.]
Task is 93.00% complete.
t1_sim:[59887. 59836. 62912.] t2_sim:[62690. 63016. 69634.]
Task is 94.00% complete.
t1_sim:[59717. 60127. 61433.] t2_sim:[58643. 59482. 58634.]
Task is 95.00% complete.
t1_sim:[65224. 65072. 66907.] t2_sim:[65465. 65202. 67108.]
Task is 96.00% complete.
t1_sim:[60301. 60379. 64623.] t2_sim:[62822. 63162. 60815.]
Task is 97.00% complete.
t1_sim:[64605. 64647. 60981.] t2_sim:[60226. 60137. 58734.]
Task is 98.00% complete.
t1_sim:[60129. 59989. 57961.] t2_sim:[61753. 61813. 61227.]
Task is 99.00% complete.
t1_sim:[68696. 68645. 67236.] t2_sim:[67897. 67993. 67322.]
Training start
t1_obs:[array(60886.), array(60792.), array(60322.)] t2_obs:[array(65147.), array(65341.), array(64911.)]
corr_G1:[None, None, 0.9951416954949108] corr_G2:[None, None, 0.9937200447153824]
Training end
Task is 0.00% complete.
t1_sim:[66520. 66447. 63887.] t2_sim:[61628. 61626. 61648.]
Task is 1.00% complete.
t1_sim:[61681. 61940. 62245.] t2_sim:[60914. 60293. 59506.]
Task is 2.00% complete.
t1_sim:[55616. 55763. 54549.] t2_sim:[62743. 62340. 62388.]
Task is 3.00% complete.
t1_sim:[62022. 61983. 61433.] t2_sim:[66259. 65752. 63201.]
Task is 4.00% complete.
t1_sim:[66876. 66817. 66729.] t2_sim:[68198. 67922. 68005.]
Task is 5.00% complete.
t1_sim:[57716. 57769. 59806.] t2_sim:[63996. 64162. 63065.]
Task is 6.00% complete.
t1_sim:[64826. 65060. 64771.] t2_sim:[67723. 67408. 68377.]
Task is 7.00% complete.
t1_sim:[58989. 58884. 60860.] t2_sim:[64080. 63960. 64297.]
Task is 8.00% complete.
t1_sim:[63209. 63277. 64182.] t2_sim:[65113. 65251. 65174.]
Task is 9.00% complete.
t1_sim:[59043. 58930. 58612.] t2_sim:[67620. 67816. 67838.]
Task is 10.00% complete.
t1_sim:[60127. 60201. 61028.] t2_sim:[63669. 63742. 62480.]
Task is 11.00% complete.
t1_sim:[63922. 64392. 63088.] t2_sim:[61917. 62048. 61553.]
Task is 12.00% complete.
t1_sim:[62804. 62668. 63189.] t2_sim:[62729. 62798. 61909.]
Task is 13.00% complete.
t1_sim:[58454. 58176. 57844.] t2_sim:[60804. 60428. 59750.]
Task is 14.00% complete.
t1_sim:[63967. 63715. 63120.] t2_sim:[63145. 63104. 64999.]
Task is 15.00% complete.
t1_sim:[61834. 61496. 61276.] t2_sim:[64145. 63792. 64008.]
Task is 16.00% complete.
t1_sim:[61140. 61044. 59601.] t2_sim:[57849. 58212. 58786.]
Task is 17.00% complete.
t1_sim:[62402. 61993. 62757.] t2_sim:[61384. 61623. 60771.]
Task is 18.00% complete.
t1_sim:[53768. 53615. 55274.] t2_sim:[62789. 62819. 60183.]
Task is 19.00% complete.
t1_sim:[59082. 58708. 60134.] t2_sim:[60694. 59933. 59249.]
Task is 20.00% complete.
t1_sim:[58956. 59197. 59239.] t2_sim:[60668. 60728. 60069.]
Task is 21.00% complete.
t1_sim:[67463. 67499. 69742.] t2_sim:[57469. 57919. 58454.]
Task is 22.00% complete.
t1_sim:[56909. 56945. 58458.] t2_sim:[59417. 59225. 60253.]
Task is 23.00% complete.
t1_sim:[63585. 63651. 64034.] t2_sim:[63542. 64060. 62937.]
Task is 24.00% complete.
t1_sim:[66406. 66369. 67459.] t2_sim:[65159. 65569. 64537.]
Task is 25.00% complete.
t1_sim:[68729. 68459. 69414.] t2_sim:[66524. 66648. 67633.]
Task is 26.00% complete.
t1_sim:[65090. 64927. 65634.] t2_sim:[66598. 66684. 66646.]
Task is 27.00% complete.
t1_sim:[63062. 63197. 64480.] t2_sim:[65782. 65562. 64579.]
Task is 28.00% complete.
t1_sim:[61296. 61129. 61373.] t2_sim:[66334. 66604. 65906.]
Task is 29.00% complete.
t1_sim:[67993. 67989. 67531.] t2_sim:[64981. 64781. 64507.]
Task is 30.00% complete.
t1_sim:[65109. 65166. 64214.] t2_sim:[60675. 60669. 60476.]
Task is 31.00% complete.
t1_sim:[60018. 60233. 60409.] t2_sim:[63325. 63076. 65548.]
Task is 32.00% complete.
t1_sim:[63445. 63761. 63473.] t2_sim:[60957. 61193. 62425.]
Task is 33.00% complete.
t1_sim:[67015. 66833. 62585.] t2_sim:[66829. 67093. 67397.]
Task is 34.00% complete.
t1_sim:[65440. 65913. 65804.] t2_sim:[60772. 60724. 60485.]
Task is 35.00% complete.
t1_sim:[60137. 60769. 58988.] t2_sim:[60947. 60908. 60136.]
Task is 36.00% complete.
t1_sim:[68490. 68461. 69026.] t2_sim:[64081. 64294. 63697.]
Task is 37.00% complete.
t1_sim:[70164. 70214. 68958.] t2_sim:[61280. 60746. 58453.]
Task is 38.00% complete.
t1_sim:[60465. 60380. 60632.] t2_sim:[58121. 57997. 56343.]
Task is 39.00% complete.
t1_sim:[59725. 59671. 59911.] t2_sim:[60411. 60066. 61261.]
Task is 40.00% complete.
t1_sim:[61546. 61426. 62193.] t2_sim:[64102. 64241. 63134.]
Task is 41.00% complete.
t1_sim:[61175. 61475. 63536.] t2_sim:[61754. 62046. 63937.]
Task is 42.00% complete.
t1_sim:[58657. 58842. 59201.] t2_sim:[60532. 60193. 59078.]
Task is 43.00% complete.
t1_sim:[58596. 58850. 59293.] t2_sim:[61594. 61073. 62140.]
Task is 44.00% complete.
t1_sim:[57152. 57584. 60075.] t2_sim:[60590. 60681. 62435.]
Task is 45.00% complete.
t1_sim:[64004. 64174. 67115.] t2_sim:[63230. 63197. 63150.]
Task is 46.00% complete.
t1_sim:[65402. 65831. 66306.] t2_sim:[60216. 60265. 60976.]
Task is 47.00% complete.
t1_sim:[66294. 65712. 64044.] t2_sim:[59036. 59336. 60525.]
Task is 48.00% complete.
t1_sim:[59517. 59453. 59449.] t2_sim:[63755. 63700. 62093.]
Task is 49.00% complete.
t1_sim:[68362. 67891. 68871.] t2_sim:[58329. 57796. 56754.]
Task is 50.00% complete.
t1_sim:[62110. 62177. 62204.] t2_sim:[62835. 62642. 62295.]
Task is 51.00% complete.
t1_sim:[58591. 58131. 59615.] t2_sim:[64137. 64006. 64608.]
Task is 52.00% complete.
t1_sim:[66593. 65877. 65280.] t2_sim:[62771. 62914. 61229.]
Task is 53.00% complete.
t1_sim:[62529. 62441. 63585.] t2_sim:[62995. 63193. 63499.]
Task is 54.00% complete.
t1_sim:[63341. 63340. 63086.] t2_sim:[63722. 64075. 65258.]
Task is 55.00% complete.
t1_sim:[62119. 62370. 61201.] t2_sim:[65738. 66047. 65684.]
Task is 56.00% complete.
t1_sim:[66893. 66488. 65849.] t2_sim:[59788. 59847. 61420.]
Task is 57.00% complete.
t1_sim:[67891. 67740. 66213.] t2_sim:[58748. 59539. 64125.]
Task is 58.00% complete.
t1_sim:[59460. 58952. 59545.] t2_sim:[60067. 60262. 59776.]
Task is 59.00% complete.
t1_sim:[62675. 62737. 63167.] t2_sim:[60005. 60089. 59327.]
Task is 60.00% complete.
t1_sim:[58989. 59357. 59514.] t2_sim:[61461. 61443. 61286.]
Task is 61.00% complete.
t1_sim:[60030. 60376. 61968.] t2_sim:[59357. 59735. 59011.]
Task is 62.00% complete.
t1_sim:[58993. 58877. 59286.] t2_sim:[63406. 63428. 63504.]
Task is 63.00% complete.
t1_sim:[65594. 65974. 64540.] t2_sim:[61164. 61014. 62186.]
Task is 64.00% complete.
t1_sim:[61558. 61550. 62140.] t2_sim:[62784. 62494. 60904.]
Task is 65.00% complete.
t1_sim:[63987. 63908. 63106.] t2_sim:[60249. 60333. 59008.]
Task is 66.00% complete.
t1_sim:[65832. 65788. 66628.] t2_sim:[66697. 66939. 66498.]
Task is 67.00% complete.
t1_sim:[61214. 61129. 62330.] t2_sim:[62050. 61780. 63981.]
Task is 68.00% complete.
t1_sim:[63664. 63644. 64152.] t2_sim:[65997. 66038. 66651.]
Task is 69.00% complete.
t1_sim:[63680. 63373. 63464.] t2_sim:[58137. 57650. 56799.]
Task is 70.00% complete.
t1_sim:[60181. 60751. 61175.] t2_sim:[66531. 66261. 66051.]
Task is 71.00% complete.
t1_sim:[60551. 60470. 62553.] t2_sim:[67022. 67329. 66954.]
Task is 72.00% complete.
t1_sim:[59547. 59623. 60323.] t2_sim:[60861. 61330. 62344.]
Task is 73.00% complete.
t1_sim:[55830. 55857. 54812.] t2_sim:[62675. 62600. 64886.]
Task is 74.00% complete.
t1_sim:[63847. 64436. 67473.] t2_sim:[67918. 67792. 67186.]
Task is 75.00% complete.
t1_sim:[61514. 61511. 61096.] t2_sim:[64266. 64806. 63826.]
Task is 76.00% complete.
t1_sim:[64703. 64892. 65545.] t2_sim:[60422. 60303. 59618.]
Task is 77.00% complete.
t1_sim:[65895. 65764. 68942.] t2_sim:[64040. 63629. 62854.]
Task is 78.00% complete.
t1_sim:[61266. 61664. 61372.] t2_sim:[65982. 65848. 64248.]
Task is 79.00% complete.
t1_sim:[68580. 68890. 69864.] t2_sim:[59790. 59942. 60961.]
Task is 80.00% complete.
t1_sim:[60565. 60446. 61736.] t2_sim:[64658. 64986. 65464.]
Task is 81.00% complete.
t1_sim:[63798. 63585. 61798.] t2_sim:[58918. 59268. 58898.]
Task is 82.00% complete.
t1_sim:[59265. 59396. 58962.] t2_sim:[61517. 61641. 62822.]
Task is 83.00% complete.
t1_sim:[61964. 61672. 60817.] t2_sim:[64159. 64233. 61738.]
Task is 84.00% complete.
t1_sim:[64229. 64042. 64680.] t2_sim:[66893. 66887. 66780.]
Task is 85.00% complete.
t1_sim:[57571. 57259. 56862.] t2_sim:[65933. 66034. 66425.]
Task is 86.00% complete.
t1_sim:[66104. 66163. 65211.] t2_sim:[62628. 62670. 63318.]
Task is 87.00% complete.
t1_sim:[68805. 68614. 67905.] t2_sim:[65429. 65276. 65328.]
Task is 88.00% complete.
t1_sim:[62277. 62238. 65030.] t2_sim:[62446. 62313. 62128.]
Task is 89.00% complete.
t1_sim:[63546. 63757. 63101.] t2_sim:[60008. 60321. 59102.]
Task is 90.00% complete.
t1_sim:[58409. 58965. 60089.] t2_sim:[64504. 64367. 64774.]
Task is 91.00% complete.
t1_sim:[60817. 60644. 60389.] t2_sim:[67589. 67577. 66681.]
Task is 92.00% complete.
t1_sim:[67840. 67498. 64710.] t2_sim:[63754. 63843. 63635.]
Task is 93.00% complete.
t1_sim:[64059. 64269. 62913.] t2_sim:[58351. 58360. 55023.]
Task is 94.00% complete.
t1_sim:[61649. 61929. 62169.] t2_sim:[63150. 63116. 64188.]
Task is 95.00% complete.
t1_sim:[63492. 63572. 63830.] t2_sim:[55400. 55713. 56747.]
Task is 96.00% complete.
t1_sim:[55283. 55408. 56803.] t2_sim:[65124. 65158. 66599.]
Task is 97.00% complete.
t1_sim:[62259. 62385. 63548.] t2_sim:[61277. 61115. 60395.]
Task is 98.00% complete.
t1_sim:[67694. 67631. 68597.] t2_sim:[65650. 65222. 63003.]
Task is 99.00% complete.
t1_sim:[57880. 58419. 57975.] t2_sim:[63118. 63275. 63897.]
Training start
t1_obs:[array(60886.), array(60792.), array(60763.)] t2_obs:[array(65147.), array(65341.), array(64398.)]
corr_G1:[None, None, -0.14089119939357822] corr_G2:[None, None, -0.10345848760392351]
Training end
Task is 0.00% complete.
t1_sim:[63240. 63463. 64602.] t2_sim:[60317. 60467. 57637.]
Task is 1.00% complete.
t1_sim:[59647. 59519. 58651.] t2_sim:[65834. 65596. 65334.]
Task is 2.00% complete.
t1_sim:[61136. 61200. 60349.] t2_sim:[63190. 63241. 60865.]
Task is 3.00% complete.
t1_sim:[61114. 61240. 60716.] t2_sim:[63670. 63894. 63285.]
Task is 4.00% complete.
t1_sim:[63016. 63261. 63697.] t2_sim:[65695. 65444. 64922.]
Task is 5.00% complete.
t1_sim:[61352. 61151. 61488.] t2_sim:[62284. 62961. 63763.]
Task is 6.00% complete.
t1_sim:[61699. 61807. 61069.] t2_sim:[60252. 60220. 58283.]
Task is 7.00% complete.
t1_sim:[63882. 64005. 63345.] t2_sim:[59159. 58723. 59296.]
Task is 8.00% complete.
t1_sim:[62839. 62810. 61775.] t2_sim:[65865. 66101. 64615.]
Task is 9.00% complete.
t1_sim:[67489. 67590. 65344.] t2_sim:[64115. 64010. 60364.]
Task is 10.00% complete.
t1_sim:[59840. 60019. 60933.] t2_sim:[61828. 61985. 61255.]
Task is 11.00% complete.
t1_sim:[62953. 62815. 62640.] t2_sim:[59567. 59741. 60073.]
Task is 12.00% complete.
t1_sim:[61548. 61192. 62793.] t2_sim:[56226. 55891. 54915.]
Task is 13.00% complete.
t1_sim:[63738. 63830. 65784.] t2_sim:[60227. 60073. 59260.]
Task is 14.00% complete.
t1_sim:[56132. 56641. 57583.] t2_sim:[64328. 64043. 63262.]
Task is 15.00% complete.
t1_sim:[58669. 58502. 57743.] t2_sim:[61552. 61362. 62645.]
Task is 16.00% complete.
t1_sim:[64265. 64347. 65154.] t2_sim:[59221. 59088. 59822.]
Task is 17.00% complete.
t1_sim:[64389. 64217. 64154.] t2_sim:[59324. 59650. 57146.]
Task is 18.00% complete.
t1_sim:[58904. 59264. 60161.] t2_sim:[63920. 63499. 62008.]
Task is 19.00% complete.
t1_sim:[58582. 58893. 60728.] t2_sim:[63369. 63213. 63397.]
Task is 20.00% complete.
t1_sim:[61125. 61345. 62256.] t2_sim:[60247. 60384. 60941.]
Task is 21.00% complete.
t1_sim:[55606. 55653. 55084.] t2_sim:[64048. 64011. 62842.]
Task is 22.00% complete.
t1_sim:[60621. 60805. 61939.] t2_sim:[61004. 60884. 59198.]
Task is 23.00% complete.
t1_sim:[60517. 60526. 59774.] t2_sim:[66476. 66118. 63073.]
Task is 24.00% complete.
t1_sim:[59336. 59310. 60443.] t2_sim:[63069. 63460. 61806.]
Task is 25.00% complete.
t1_sim:[64660. 64846. 66912.] t2_sim:[60604. 60676. 60242.]
Task is 26.00% complete.
t1_sim:[64358. 64636. 66732.] t2_sim:[58092. 57855. 54839.]
Task is 27.00% complete.
t1_sim:[59669. 59672. 60454.] t2_sim:[61389. 61304. 60424.]
Task is 28.00% complete.
t1_sim:[65979. 66009. 65141.] t2_sim:[60951. 60686. 60682.]
Task is 29.00% complete.
t1_sim:[66493. 66355. 65245.] t2_sim:[61008. 61484. 59924.]
Task is 30.00% complete.
t1_sim:[60919. 60576. 62120.] t2_sim:[63474. 63451. 63707.]
Task is 31.00% complete.
t1_sim:[56536. 56715. 56564.] t2_sim:[60286. 60215. 60480.]
Task is 32.00% complete.
t1_sim:[58933. 59036. 59924.] t2_sim:[66172. 66229. 62811.]
Task is 33.00% complete.
t1_sim:[63719. 63630. 62164.] t2_sim:[57454. 57575. 58141.]
Task is 34.00% complete.
t1_sim:[65025. 65274. 67990.] t2_sim:[60048. 60268. 59413.]
Task is 35.00% complete.
t1_sim:[59424. 59049. 59289.] t2_sim:[63777. 63358. 61717.]
Task is 36.00% complete.
t1_sim:[59863. 59304. 58747.] t2_sim:[54751. 54906. 52359.]
Task is 37.00% complete.
t1_sim:[60380. 60801. 60694.] t2_sim:[61149. 60697. 59862.]
Task is 38.00% complete.
t1_sim:[64204. 64175. 63467.] t2_sim:[59104. 59010. 58101.]
Task is 39.00% complete.
t1_sim:[58302. 58257. 58951.] t2_sim:[65104. 65045. 64813.]
Task is 40.00% complete.
t1_sim:[61715. 61540. 62473.] t2_sim:[61515. 61771. 62720.]
Task is 41.00% complete.
t1_sim:[62998. 63456. 64321.] t2_sim:[60800. 60863. 58230.]
Task is 42.00% complete.
t1_sim:[59171. 59197. 60323.] t2_sim:[58933. 58564. 56773.]
Task is 43.00% complete.
t1_sim:[59447. 59574. 61042.] t2_sim:[61961. 62412. 61084.]
Task is 44.00% complete.
t1_sim:[64869. 64829. 63495.] t2_sim:[58532. 58346. 56277.]
Task is 45.00% complete.
t1_sim:[66365. 66304. 65876.] t2_sim:[60737. 61079. 62189.]
Task is 46.00% complete.
t1_sim:[66926. 67205. 66217.] t2_sim:[57410. 57174. 57844.]
Task is 47.00% complete.
t1_sim:[71562. 71068. 71326.] t2_sim:[63556. 63392. 62513.]
Task is 48.00% complete.
t1_sim:[60891. 61022. 63860.] t2_sim:[63690. 63652. 62451.]
Task is 49.00% complete.
t1_sim:[69421. 69683. 68094.] t2_sim:[64180. 64429. 63380.]
Task is 50.00% complete.
t1_sim:[60161. 59828. 57316.] t2_sim:[61995. 62216. 61249.]
Task is 51.00% complete.
t1_sim:[59575. 59762. 61131.] t2_sim:[62227. 62316. 63034.]
Task is 52.00% complete.
t1_sim:[65945. 65812. 66761.] t2_sim:[64012. 63928. 61831.]
Task is 53.00% complete.
t1_sim:[63660. 63821. 65713.] t2_sim:[64124. 63772. 62118.]
Task is 54.00% complete.
t1_sim:[64451. 64256. 63468.] t2_sim:[66563. 66401. 66718.]
Task is 55.00% complete.
t1_sim:[69855. 69880. 69487.] t2_sim:[61249. 61586. 62284.]
Task is 56.00% complete.
t1_sim:[62982. 62863. 62786.] t2_sim:[61035. 61028. 61251.]
Task is 57.00% complete.
t1_sim:[59020. 58903. 57977.] t2_sim:[63414. 63164. 64229.]
Task is 58.00% complete.
t1_sim:[69049. 68949. 68300.] t2_sim:[56300. 56014. 55860.]
Task is 59.00% complete.
t1_sim:[57339. 57212. 56771.] t2_sim:[61795. 61696. 60457.]
Task is 60.00% complete.
t1_sim:[65295. 65233. 66022.] t2_sim:[70491. 70087. 68007.]
Task is 61.00% complete.
t1_sim:[58635. 58811. 59329.] t2_sim:[63861. 64240. 64206.]
Task is 62.00% complete.
t1_sim:[60341. 60546. 60533.] t2_sim:[61104. 60569. 58039.]
Task is 63.00% complete.
t1_sim:[61080. 60909. 60871.] t2_sim:[62625. 62326. 61539.]
Task is 64.00% complete.
t1_sim:[57801. 58083. 59001.] t2_sim:[66038. 66151. 65974.]
Task is 65.00% complete.
t1_sim:[64297. 63891. 66549.] t2_sim:[61575. 61850. 61118.]
Task is 66.00% complete.
t1_sim:[67660. 68047. 65643.] t2_sim:[61135. 60921. 58421.]
Task is 67.00% complete.
t1_sim:[64038. 64360. 65305.] t2_sim:[62682. 62879. 63866.]
Task is 68.00% complete.
t1_sim:[60475. 60481. 61678.] t2_sim:[65491. 65560. 62108.]
Task is 69.00% complete.
t1_sim:[58714. 58715. 58602.] t2_sim:[62642. 62273. 61788.]
Task is 70.00% complete.
t1_sim:[62491. 62282. 62542.] t2_sim:[65430. 65403. 62192.]
Task is 71.00% complete.
t1_sim:[63695. 64138. 63276.] t2_sim:[62298. 62034. 59629.]
Task is 72.00% complete.
t1_sim:[66187. 65824. 64838.] t2_sim:[54097. 54181. 53810.]
Task is 73.00% complete.
t1_sim:[64840. 64980. 65803.] t2_sim:[67727. 67328. 64246.]
Task is 74.00% complete.
t1_sim:[61348. 61338. 57854.] t2_sim:[60982. 61104. 59304.]
Task is 75.00% complete.
t1_sim:[61990. 61717. 61082.] t2_sim:[62268. 62327. 61655.]
Task is 76.00% complete.
t1_sim:[63839. 63809. 61440.] t2_sim:[57463. 57797. 58597.]
Task is 77.00% complete.
t1_sim:[61730. 62203. 62409.] t2_sim:[61878. 61463. 61590.]
Task is 78.00% complete.
t1_sim:[61091. 60905. 60425.] t2_sim:[62313. 62711. 62063.]
Task is 79.00% complete.
t1_sim:[67124. 66888. 67744.] t2_sim:[57868. 57875. 56808.]
Task is 80.00% complete.
t1_sim:[64910. 65340. 64765.] t2_sim:[62876. 62864. 61091.]
Task is 81.00% complete.
t1_sim:[58843. 59228. 59613.] t2_sim:[63655. 63564. 60778.]
Task is 82.00% complete.
t1_sim:[64078. 63991. 64820.] t2_sim:[65174. 65086. 63497.]
Task is 83.00% complete.
t1_sim:[68381. 68433. 67047.] t2_sim:[63514. 63579. 62603.]
Task is 84.00% complete.
t1_sim:[63613. 63766. 64642.] t2_sim:[63652. 63707. 61610.]
Task is 85.00% complete.
t1_sim:[63274. 63395. 62350.] t2_sim:[68008. 67863. 66198.]
Task is 86.00% complete.
t1_sim:[63451. 63598. 62630.] t2_sim:[63285. 63006. 61339.]
Task is 87.00% complete.
t1_sim:[68385. 68479. 69229.] t2_sim:[65071. 64902. 61953.]
Task is 88.00% complete.
t1_sim:[67567. 68076. 68405.] t2_sim:[58740. 58838. 59298.]
Task is 89.00% complete.
t1_sim:[59671. 60239. 58763.] t2_sim:[57529. 57655. 57313.]
Task is 90.00% complete.
t1_sim:[66136. 66289. 65475.] t2_sim:[65176. 65116. 65613.]
Task is 91.00% complete.
t1_sim:[59681. 59534. 61079.] t2_sim:[61298. 61252. 61475.]
Task is 92.00% complete.
t1_sim:[66013. 66070. 66960.] t2_sim:[58385. 58372. 55108.]
Task is 93.00% complete.
t1_sim:[60396. 60342. 59422.] t2_sim:[62065. 61828. 61677.]
Task is 94.00% complete.
t1_sim:[60228. 60703. 63018.] t2_sim:[58357. 58415. 57294.]
Task is 95.00% complete.
t1_sim:[66958. 66649. 67041.] t2_sim:[58834. 58616. 57963.]
Task is 96.00% complete.
t1_sim:[68482. 68196. 69160.] t2_sim:[58186. 58261. 59053.]
Task is 97.00% complete.
t1_sim:[62783. 62810. 64318.] t2_sim:[59139. 59194. 58106.]
Task is 98.00% complete.
t1_sim:[60417. 60105. 60176.] t2_sim:[63431. 63483. 65224.]
Task is 99.00% complete.
t1_sim:[59624. 59560. 58762.] t2_sim:[59075. 58688. 57861.]
Finished
