/scratch/jz4721/Post-prediction-Causal-Inference/venv/lib/python3.8/site-packages/numpy/core/getlimits.py:518: UserWarning: The value of the smallest subnormal for <class 'numpy.float64'> type is zero.
  setattr(self, word, getattr(machar, word).flat[0])
/scratch/jz4721/Post-prediction-Causal-Inference/venv/lib/python3.8/site-packages/numpy/core/getlimits.py:89: UserWarning: The value of the smallest subnormal for <class 'numpy.float64'> type is zero.
  return self._float_to_str(self.smallest_subnormal)
/scratch/jz4721/Post-prediction-Causal-Inference/venv/lib/python3.8/site-packages/numpy/core/getlimits.py:518: UserWarning: The value of the smallest subnormal for <class 'numpy.float32'> type is zero.
  setattr(self, word, getattr(machar, word).flat[0])
/scratch/jz4721/Post-prediction-Causal-Inference/venv/lib/python3.8/site-packages/numpy/core/getlimits.py:89: UserWarning: The value of the smallest subnormal for <class 'numpy.float32'> type is zero.
  return self._float_to_str(self.smallest_subnormal)
Training start
t1_obs:[array(66771.), array(66643.), array(63853.)] t2_obs:[array(66445.), array(66530.), array(67477.)]
corr_G1:[None, None, 8.500659879960018e-18] corr_G2:[None, None, 2.3319932663517827e-17]
Training end
Task is 0.00% complete.
t1_sim:[67586. 67051. 65454.] t2_sim:[60978. 60437. 58638.]
Task is 1.00% complete.
t1_sim:[59449. 59329. 60886.] t2_sim:[70626. 70590. 70065.]
Task is 2.00% complete.
t1_sim:[59580. 59332. 58953.] t2_sim:[55703. 56023. 55170.]
Task is 3.00% complete.
t1_sim:[64799. 64593. 63242.] t2_sim:[66273. 66216. 66340.]
Task is 4.00% complete.
t1_sim:[61135. 61238. 58957.] t2_sim:[59289. 59082. 60767.]
Task is 5.00% complete.
t1_sim:[66632. 66846. 65428.] t2_sim:[63834. 63901. 64881.]
Task is 6.00% complete.
t1_sim:[66445. 66169. 63978.] t2_sim:[65587. 65293. 65583.]
Task is 7.00% complete.
t1_sim:[66820. 66799. 68172.] t2_sim:[63813. 63946. 65775.]
Task is 8.00% complete.
t1_sim:[63636. 64053. 60256.] t2_sim:[61008. 60710. 63876.]
Task is 9.00% complete.
t1_sim:[63573. 63650. 61911.] t2_sim:[58664. 58598. 56755.]
Task is 10.00% complete.
t1_sim:[61239. 61282. 58959.] t2_sim:[64808. 64866. 63558.]
Task is 11.00% complete.
t1_sim:[64217. 64374. 63810.] t2_sim:[61346. 61257. 57195.]
Task is 12.00% complete.
t1_sim:[63576. 63514. 62304.] t2_sim:[63937. 64070. 65107.]
Task is 13.00% complete.
t1_sim:[63759. 64100. 63548.] t2_sim:[65241. 65330. 63920.]
Task is 14.00% complete.
t1_sim:[60627. 60665. 61340.] t2_sim:[64604. 64661. 60130.]
Task is 15.00% complete.
t1_sim:[56459. 56985. 59617.] t2_sim:[60730. 60710. 60375.]
Task is 16.00% complete.
t1_sim:[63128. 62829. 59669.] t2_sim:[58214. 58230. 62247.]
Task is 17.00% complete.
t1_sim:[68784. 68566. 68702.] t2_sim:[60747. 61162. 63838.]
Task is 18.00% complete.
t1_sim:[62803. 63203. 63673.] t2_sim:[66913. 67102. 64699.]
Task is 19.00% complete.
t1_sim:[69521. 69538. 68142.] t2_sim:[63016. 62520. 64887.]
Task is 20.00% complete.
t1_sim:[63837. 63845. 60763.] t2_sim:[63049. 62859. 60709.]
Task is 21.00% complete.
t1_sim:[63307. 63341. 63055.] t2_sim:[64803. 64615. 62837.]
Task is 22.00% complete.
t1_sim:[63661. 64011. 63981.] t2_sim:[68065. 68365. 63691.]
Task is 23.00% complete.
t1_sim:[60839. 61011. 65652.] t2_sim:[66077. 65900. 65866.]
Task is 24.00% complete.
t1_sim:[64669. 64824. 61164.] t2_sim:[66128. 65734. 65415.]
Task is 25.00% complete.
t1_sim:[59598. 59723. 62273.] t2_sim:[65814. 65941. 66239.]
Task is 26.00% complete.
t1_sim:[62546. 62739. 67464.] t2_sim:[67374. 67423. 69267.]
Task is 27.00% complete.
t1_sim:[58458. 58436. 61106.] t2_sim:[60284. 60626. 60520.]
Task is 28.00% complete.
t1_sim:[59078. 59199. 63774.] t2_sim:[58111. 57867. 57893.]
Task is 29.00% complete.
t1_sim:[58851. 58808. 59211.] t2_sim:[59414. 59396. 60419.]
Task is 30.00% complete.
t1_sim:[60026. 60360. 62567.] t2_sim:[61535. 60975. 59835.]
Task is 31.00% complete.
t1_sim:[67578. 67748. 63264.] t2_sim:[65756. 65870. 66699.]
Task is 32.00% complete.
t1_sim:[62278. 62547. 60471.] t2_sim:[66407. 66464. 65039.]
Task is 33.00% complete.
t1_sim:[58979. 59034. 59336.] t2_sim:[64860. 64772. 65357.]
Task is 34.00% complete.
t1_sim:[64282. 64317. 60753.] t2_sim:[64794. 64837. 65728.]
Task is 35.00% complete.
t1_sim:[63943. 63672. 64384.] t2_sim:[65853. 65780. 65228.]
Task is 36.00% complete.
t1_sim:[58204. 58580. 62288.] t2_sim:[65318. 65127. 62888.]
Task is 37.00% complete.
t1_sim:[63405. 63157. 63227.] t2_sim:[62663. 63143. 63000.]
Task is 38.00% complete.
t1_sim:[61939. 62085. 62511.] t2_sim:[65018. 64690. 63861.]
Task is 39.00% complete.
t1_sim:[60652. 60362. 59767.] t2_sim:[58732. 58794. 59292.]
Task is 40.00% complete.
t1_sim:[62693. 62234. 59204.] t2_sim:[61221. 60589. 62977.]
Task is 41.00% complete.
t1_sim:[64078. 63706. 63270.] t2_sim:[70298. 70207. 71423.]
Task is 42.00% complete.
t1_sim:[61424. 61258. 59718.] t2_sim:[60868. 60229. 62509.]
Task is 43.00% complete.
t1_sim:[62497. 62274. 62191.] t2_sim:[62161. 62444. 64910.]
Task is 44.00% complete.
t1_sim:[60802. 60798. 64140.] t2_sim:[65247. 65272. 63045.]
Task is 45.00% complete.
t1_sim:[57711. 57807. 61329.] t2_sim:[59325. 59307. 61087.]
Task is 46.00% complete.
t1_sim:[61486. 61078. 62995.] t2_sim:[58308. 58027. 58914.]
Task is 47.00% complete.
t1_sim:[63688. 63764. 64794.] t2_sim:[60910. 61240. 58405.]
Task is 48.00% complete.
t1_sim:[59600. 59208. 62453.] t2_sim:[59955. 59926. 58369.]
Task is 49.00% complete.
t1_sim:[64959. 64775. 61330.] t2_sim:[62092. 61989. 62256.]
Task is 50.00% complete.
t1_sim:[60042. 59917. 57975.] t2_sim:[61989. 61873. 58275.]
Task is 51.00% complete.
t1_sim:[60073. 60082. 60929.] t2_sim:[61173. 60317. 59043.]
Task is 52.00% complete.
t1_sim:[62785. 63222. 63541.] t2_sim:[59840. 60581. 64223.]
Task is 53.00% complete.
t1_sim:[56708. 57194. 54697.] t2_sim:[68331. 68927. 69730.]
Task is 54.00% complete.
t1_sim:[61154. 61334. 60793.] t2_sim:[60652. 60210. 63279.]
Task is 55.00% complete.
t1_sim:[68142. 68547. 67738.] t2_sim:[63407. 62897. 63839.]
Task is 56.00% complete.
t1_sim:[56124. 55756. 56694.] t2_sim:[64784. 65472. 66390.]
Task is 57.00% complete.
t1_sim:[64291. 64427. 65627.] t2_sim:[62619. 62420. 58185.]
Task is 58.00% complete.
t1_sim:[61404. 61402. 63979.] t2_sim:[62950. 62938. 64004.]
Task is 59.00% complete.
t1_sim:[64655. 64835. 66398.] t2_sim:[55538. 55519. 53395.]
Task is 60.00% complete.
t1_sim:[59981. 59437. 59336.] t2_sim:[68501. 67879. 62323.]
Task is 61.00% complete.
t1_sim:[64813. 64794. 66061.] t2_sim:[57705. 57749. 60073.]
Task is 62.00% complete.
t1_sim:[66983. 66648. 63063.] t2_sim:[64066. 63784. 62018.]
Task is 63.00% complete.
t1_sim:[64538. 64831. 65234.] t2_sim:[57556. 57687. 60403.]
Task is 64.00% complete.
t1_sim:[65636. 65364. 66565.] t2_sim:[67093. 66918. 66615.]
Task is 65.00% complete.
t1_sim:[66157. 66220. 69077.] t2_sim:[64636. 64329. 65266.]
Task is 66.00% complete.
t1_sim:[59211. 58840. 62136.] t2_sim:[63048. 63129. 58818.]
Task is 67.00% complete.
t1_sim:[66511. 66753. 65752.] t2_sim:[63580. 63145. 66919.]
Task is 68.00% complete.
t1_sim:[61288. 61165. 61099.] t2_sim:[59091. 59383. 58803.]
Task is 69.00% complete.
t1_sim:[61743. 61833. 65890.] t2_sim:[66698. 66578. 68354.]
Task is 70.00% complete.
t1_sim:[56511. 56655. 60466.] t2_sim:[67458. 67486. 69005.]
Task is 71.00% complete.
t1_sim:[63934. 64525. 66843.] t2_sim:[66861. 66876. 66917.]
Task is 72.00% complete.
t1_sim:[61574. 61509. 60187.] t2_sim:[62063. 61984. 62127.]
Task is 73.00% complete.
t1_sim:[59495. 59971. 62692.] t2_sim:[56852. 57012. 56275.]
Task is 74.00% complete.
t1_sim:[57943. 58001. 56107.] t2_sim:[71711. 72029. 71969.]
Task is 75.00% complete.
t1_sim:[57844. 57633. 57808.] t2_sim:[58037. 58454. 57267.]
Task is 76.00% complete.
t1_sim:[59900. 59631. 60118.] t2_sim:[59739. 59764. 56452.]
Task is 77.00% complete.
t1_sim:[63689. 63796. 60423.] t2_sim:[58701. 58808. 57275.]
Task is 78.00% complete.
t1_sim:[63276. 63384. 64014.] t2_sim:[63526. 63513. 61503.]
Task is 79.00% complete.
t1_sim:[59607. 59279. 65299.] t2_sim:[57142. 57129. 58601.]
Task is 80.00% complete.
t1_sim:[59993. 59761. 59391.] t2_sim:[63554. 63425. 61990.]
Task is 81.00% complete.
t1_sim:[60330. 59995. 58363.] t2_sim:[60272. 60807. 64414.]
Task is 82.00% complete.
t1_sim:[63036. 63060. 62762.] t2_sim:[65521. 65531. 65090.]
Task is 83.00% complete.
t1_sim:[65176. 65010. 64239.] t2_sim:[57696. 57562. 55294.]
Task is 84.00% complete.
t1_sim:[60693. 60467. 56666.] t2_sim:[60246. 60323. 61593.]
Task is 85.00% complete.
t1_sim:[67779. 67804. 67084.] t2_sim:[69920. 69906. 69104.]
Task is 86.00% complete.
t1_sim:[60909. 61189. 58824.] t2_sim:[58930. 59157. 62708.]
Task is 87.00% complete.
t1_sim:[61349. 61519. 60480.] t2_sim:[60673. 60510. 62084.]
Task is 88.00% complete.
t1_sim:[61989. 61843. 61642.] t2_sim:[66624. 67197. 67954.]
Task is 89.00% complete.
t1_sim:[61930. 62031. 64870.] t2_sim:[64951. 64809. 63713.]
Task is 90.00% complete.
t1_sim:[64379. 64522. 63270.] t2_sim:[69590. 69501. 64085.]
Task is 91.00% complete.
t1_sim:[63253. 62939. 62661.] t2_sim:[64030. 63945. 64137.]
Task is 92.00% complete.
t1_sim:[60276. 60232. 62828.] t2_sim:[67235. 67372. 65876.]
Task is 93.00% complete.
t1_sim:[59446. 59806. 62570.] t2_sim:[62602. 62588. 64547.]
Task is 94.00% complete.
t1_sim:[59368. 58991. 62689.] t2_sim:[64607. 64770. 65908.]
Task is 95.00% complete.
t1_sim:[67513. 67688. 65305.] t2_sim:[64031. 64594. 66087.]
Task is 96.00% complete.
t1_sim:[63147. 63158. 63962.] t2_sim:[58628. 58888. 61942.]
Task is 97.00% complete.
t1_sim:[63059. 62812. 61312.] t2_sim:[63092. 63368. 65762.]
Task is 98.00% complete.
t1_sim:[62847. 63318. 63835.] t2_sim:[65544. 65433. 65261.]
Task is 99.00% complete.
t1_sim:[63304. 63850. 62835.] t2_sim:[55713. 55392. 51806.]
Training start
t1_obs:[array(66771.), array(66643.), array(66962.)] t2_obs:[array(66445.), array(66530.), array(67178.)]
corr_G1:[None, None, 0.9710452516834703] corr_G2:[None, None, 0.9978687199420938]
Training end
Task is 0.00% complete.
t1_sim:[62532. 62385. 62504.] t2_sim:[64008. 64011. 64837.]
Task is 1.00% complete.
t1_sim:[64833. 64824. 64900.] t2_sim:[60781. 60768. 62510.]
Task is 2.00% complete.
t1_sim:[62354. 62100. 62074.] t2_sim:[64246. 64307. 65008.]
Task is 3.00% complete.
t1_sim:[60030. 60412. 60264.] t2_sim:[65985. 66110. 66146.]
Task is 4.00% complete.
t1_sim:[56908. 57076. 57872.] t2_sim:[63565. 64041. 65395.]
Task is 5.00% complete.
t1_sim:[62999. 62654. 60550.] t2_sim:[64674. 64363. 63073.]
Task is 6.00% complete.
t1_sim:[57507. 57543. 57900.] t2_sim:[58707. 59064. 60648.]
Task is 7.00% complete.
t1_sim:[61231. 61047. 62507.] t2_sim:[61235. 61262. 62248.]
Task is 8.00% complete.
t1_sim:[63044. 63376. 62716.] t2_sim:[59899. 60004. 60600.]
Task is 9.00% complete.
t1_sim:[64291. 64686. 65546.] t2_sim:[68840. 68507. 68042.]
Task is 10.00% complete.
t1_sim:[64222. 63725. 63319.] t2_sim:[71147. 70852. 69828.]
Task is 11.00% complete.
t1_sim:[66236. 66256. 64421.] t2_sim:[61087. 61002. 58899.]
Task is 12.00% complete.
t1_sim:[62139. 62177. 62718.] t2_sim:[65685. 65698. 64903.]
Task is 13.00% complete.
t1_sim:[63462. 63539. 64931.] t2_sim:[59433. 59811. 59900.]
Task is 14.00% complete.
t1_sim:[58659. 59283. 60968.] t2_sim:[59895. 59254. 59578.]
Task is 15.00% complete.
t1_sim:[67854. 67738. 67190.] t2_sim:[65064. 64929. 65557.]
Task is 16.00% complete.
t1_sim:[64484. 64605. 62632.] t2_sim:[56660. 55986. 58990.]
Task is 17.00% complete.
t1_sim:[56130. 56293. 56235.] t2_sim:[59539. 59607. 59736.]
Task is 18.00% complete.
t1_sim:[62970. 62816. 62922.] t2_sim:[59338. 59153. 57813.]
Task is 19.00% complete.
t1_sim:[70117. 70250. 70979.] t2_sim:[62526. 62298. 62743.]
Task is 20.00% complete.
t1_sim:[63844. 63472. 63212.] t2_sim:[57844. 57721. 59173.]
Task is 21.00% complete.
t1_sim:[59662. 59926. 61743.] t2_sim:[58998. 58905. 57951.]
Task is 22.00% complete.
t1_sim:[66544. 67148. 66136.] t2_sim:[62618. 62268. 62413.]
Task is 23.00% complete.
t1_sim:[61566. 61284. 59852.] t2_sim:[61747. 61682. 61303.]
Task is 24.00% complete.
t1_sim:[59975. 60048. 60503.] t2_sim:[66268. 65866. 66680.]
Task is 25.00% complete.
t1_sim:[63514. 63596. 64119.] t2_sim:[61009. 61240. 60487.]
Task is 26.00% complete.
t1_sim:[62841. 62828. 62773.] t2_sim:[68222. 68040. 69717.]
Task is 27.00% complete.
t1_sim:[65376. 65163. 66806.] t2_sim:[63828. 63899. 64338.]
Task is 28.00% complete.
t1_sim:[63749. 63669. 62633.] t2_sim:[67653. 67713. 66278.]
Task is 29.00% complete.
t1_sim:[63235. 63460. 65650.] t2_sim:[62465. 62220. 62991.]
Task is 30.00% complete.
t1_sim:[61323. 61259. 61420.] t2_sim:[66541. 66371. 66402.]
Task is 31.00% complete.
t1_sim:[68641. 68377. 67279.] t2_sim:[60443. 61222. 59728.]
Task is 32.00% complete.
t1_sim:[62259. 62001. 62255.] t2_sim:[58483. 58806. 60538.]
Task is 33.00% complete.
t1_sim:[61741. 61665. 59519.] t2_sim:[56824. 56652. 56435.]
Task is 34.00% complete.
t1_sim:[56266. 56294. 56693.] t2_sim:[66029. 66282. 67256.]
Task is 35.00% complete.
t1_sim:[60132. 60398. 58585.] t2_sim:[61391. 61557. 61710.]
Task is 36.00% complete.
t1_sim:[61683. 61933. 63378.] t2_sim:[59489. 59364. 59584.]
Task is 37.00% complete.
t1_sim:[59544. 59705. 60143.] t2_sim:[59644. 59389. 60008.]
Task is 38.00% complete.
t1_sim:[62964. 62526. 61655.] t2_sim:[64363. 64197. 65026.]
Task is 39.00% complete.
t1_sim:[55261. 55619. 55314.] t2_sim:[57218. 56874. 57830.]
Task is 40.00% complete.
t1_sim:[61647. 61583. 62192.] t2_sim:[58339. 58665. 58123.]
Task is 41.00% complete.
t1_sim:[60371. 60480. 61530.] t2_sim:[61893. 62294. 62296.]
Task is 42.00% complete.
t1_sim:[58719. 59120. 60191.] t2_sim:[57952. 57806. 58788.]
Task is 43.00% complete.
t1_sim:[61855. 62126. 63746.] t2_sim:[66016. 65738. 65315.]
Task is 44.00% complete.
t1_sim:[65760. 65970. 64548.] t2_sim:[70009. 69911. 67585.]
Task is 45.00% complete.
t1_sim:[60382. 60524. 58983.] t2_sim:[64119. 63971. 62660.]
Task is 46.00% complete.
t1_sim:[63929. 63905. 65232.] t2_sim:[63006. 63175. 60717.]
Task is 47.00% complete.
t1_sim:[61663. 61278. 58845.] t2_sim:[58769. 58929. 58386.]
Task is 48.00% complete.
t1_sim:[60528. 60705. 59044.] t2_sim:[62194. 63039. 63376.]
Task is 49.00% complete.
t1_sim:[62112. 61945. 60956.] t2_sim:[62550. 62723. 62286.]
Task is 50.00% complete.
t1_sim:[60861. 60786. 63671.] t2_sim:[68503. 69130. 65188.]
Task is 51.00% complete.
t1_sim:[63655. 63511. 63501.] t2_sim:[61074. 60779. 62284.]
Task is 52.00% complete.
t1_sim:[56147. 55956. 57031.] t2_sim:[66766. 66978. 64442.]
Task is 53.00% complete.
t1_sim:[64743. 64627. 65059.] t2_sim:[67874. 67737. 67963.]
Task is 54.00% complete.
t1_sim:[61234. 61075. 60511.] t2_sim:[68446. 68136. 66842.]
Task is 55.00% complete.
t1_sim:[62518. 62273. 62149.] t2_sim:[62093. 62353. 62855.]
Task is 56.00% complete.
t1_sim:[60866. 60312. 60215.] t2_sim:[65393. 65630. 65934.]
Task is 57.00% complete.
t1_sim:[59491. 59266. 60617.] t2_sim:[60852. 61155. 62437.]
Task is 58.00% complete.
t1_sim:[65456. 65660. 66195.] t2_sim:[60744. 60643. 61692.]
Task is 59.00% complete.
t1_sim:[63973. 64030. 65573.] t2_sim:[56728. 56767. 58398.]
Task is 60.00% complete.
t1_sim:[59827. 59430. 62073.] t2_sim:[60424. 60367. 62026.]
Task is 61.00% complete.
t1_sim:[64436. 64661. 63541.] t2_sim:[68945. 68598. 68024.]
Task is 62.00% complete.
t1_sim:[66542. 66152. 65718.] t2_sim:[64808. 64948. 65369.]
Task is 63.00% complete.
t1_sim:[60643. 60311. 60391.] t2_sim:[62164. 62246. 62220.]
Task is 64.00% complete.
t1_sim:[63291. 63110. 63120.] t2_sim:[63446. 63694. 64087.]
Task is 65.00% complete.
t1_sim:[67328. 66998. 66204.] t2_sim:[57101. 57318. 57538.]
Task is 66.00% complete.
t1_sim:[60526. 60246. 61209.] t2_sim:[65943. 66185. 67822.]
Task is 67.00% complete.
t1_sim:[60411. 60605. 61470.] t2_sim:[61515. 61771. 62644.]
Task is 68.00% complete.
t1_sim:[61159. 61204. 61344.] t2_sim:[66050. 66006. 67296.]
Task is 69.00% complete.
t1_sim:[65416. 65101. 67141.] t2_sim:[66269. 66362. 66732.]
Task is 70.00% complete.
t1_sim:[68026. 67601. 67531.] t2_sim:[68493. 68086. 66895.]
Task is 71.00% complete.
t1_sim:[60282. 60249. 60421.] t2_sim:[59874. 59620. 59345.]
Task is 72.00% complete.
t1_sim:[59392. 59599. 60658.] t2_sim:[56885. 56808. 58025.]
Task is 73.00% complete.
t1_sim:[66714. 66655. 66898.] t2_sim:[64884. 64673. 64990.]
Task is 74.00% complete.
t1_sim:[65922. 66291. 64726.] t2_sim:[63819. 63902. 65387.]
Task is 75.00% complete.
t1_sim:[59322. 59150. 61584.] t2_sim:[63837. 64099. 64687.]
Task is 76.00% complete.
t1_sim:[60787. 60733. 57431.] t2_sim:[65314. 65483. 68056.]
Task is 77.00% complete.
t1_sim:[60925. 60900. 61355.] t2_sim:[59647. 59480. 59993.]
Task is 78.00% complete.
t1_sim:[62923. 62948. 61613.] t2_sim:[62434. 62595. 62073.]
Task is 79.00% complete.
t1_sim:[61147. 61235. 62747.] t2_sim:[67489. 67643. 66786.]
Task is 80.00% complete.
t1_sim:[61367. 61605. 62164.] t2_sim:[63373. 63706. 64181.]
Task is 81.00% complete.
t1_sim:[59368. 59188. 58529.] t2_sim:[59399. 59511. 61360.]
Task is 82.00% complete.
t1_sim:[64724. 64874. 64571.] t2_sim:[58426. 58871. 58943.]
Task is 83.00% complete.
t1_sim:[68427. 67984. 66986.] t2_sim:[58806. 59217. 60099.]
Task is 84.00% complete.
t1_sim:[58742. 59139. 58404.] t2_sim:[65104. 64824. 64038.]
Task is 85.00% complete.
t1_sim:[60115. 59973. 61275.] t2_sim:[64392. 64039. 63530.]
Task is 86.00% complete.
t1_sim:[66083. 65631. 65731.] t2_sim:[61232. 61832. 60499.]
Task is 87.00% complete.
t1_sim:[68445. 68391. 66173.] t2_sim:[64287. 64064. 63374.]
Task is 88.00% complete.
t1_sim:[62671. 62320. 62856.] t2_sim:[61704. 61426. 65110.]
Task is 89.00% complete.
t1_sim:[62391. 61859. 62353.] t2_sim:[64604. 63876. 62139.]
Task is 90.00% complete.
t1_sim:[60938. 61174. 60658.] t2_sim:[62126. 61751. 60195.]
Task is 91.00% complete.
t1_sim:[65122. 65666. 66036.] t2_sim:[60244. 60412. 59704.]
Task is 92.00% complete.
t1_sim:[65018. 65443. 66610.] t2_sim:[63259. 63283. 63342.]
Task is 93.00% complete.
t1_sim:[62486. 62302. 61511.] t2_sim:[63887. 63434. 65067.]
Task is 94.00% complete.
t1_sim:[62862. 62351. 61952.] t2_sim:[64670. 64501. 62253.]
Task is 95.00% complete.
t1_sim:[60441. 60596. 60041.] t2_sim:[55697. 55366. 52833.]
Task is 96.00% complete.
t1_sim:[54846. 54947. 53640.] t2_sim:[64811. 65320. 64779.]
Task is 97.00% complete.
t1_sim:[59531. 59502. 63358.] t2_sim:[56412. 56488. 55590.]
Task is 98.00% complete.
t1_sim:[62413. 62453. 61254.] t2_sim:[65665. 65424. 63294.]
Task is 99.00% complete.
t1_sim:[62654. 62920. 63674.] t2_sim:[60584. 60441. 57665.]
Training start
t1_obs:[array(66771.), array(66643.), array(66898.)] t2_obs:[array(66445.), array(66530.), array(67001.)]
corr_G1:[None, None, -0.18218799590781826] corr_G2:[None, None, 0.0657744727896152]
Training end
Task is 0.00% complete.
t1_sim:[61223. 60847. 59198.] t2_sim:[56999. 56927. 58998.]
Task is 1.00% complete.
t1_sim:[61074. 61287. 60498.] t2_sim:[62781. 63083. 64800.]
Task is 2.00% complete.
t1_sim:[66536. 66400. 67021.] t2_sim:[65751. 65625. 65039.]
Task is 3.00% complete.
t1_sim:[59680. 59985. 59181.] t2_sim:[61230. 61037. 63083.]
Task is 4.00% complete.
t1_sim:[60792. 60351. 59187.] t2_sim:[62378. 62710. 63066.]
Task is 5.00% complete.
t1_sim:[63751. 63306. 62134.] t2_sim:[60632. 61047. 60634.]
Task is 6.00% complete.
t1_sim:[66706. 66566. 63148.] t2_sim:[62793. 62177. 62331.]
Task is 7.00% complete.
t1_sim:[59162. 59209. 60580.] t2_sim:[64987. 65460. 65039.]
Task is 8.00% complete.
t1_sim:[61102. 60464. 60208.] t2_sim:[63174. 63011. 65639.]
Task is 9.00% complete.
t1_sim:[63830. 63695. 64952.] t2_sim:[64193. 64470. 66809.]
Task is 10.00% complete.
t1_sim:[57345. 57205. 56761.] t2_sim:[63134. 63055. 62307.]
Task is 11.00% complete.
t1_sim:[60363. 59858. 56605.] t2_sim:[65399. 65441. 66638.]
Task is 12.00% complete.
t1_sim:[61892. 61748. 61335.] t2_sim:[64316. 64620. 65216.]
Task is 13.00% complete.
t1_sim:[63944. 64012. 63965.] t2_sim:[60266. 60516. 61828.]
Task is 14.00% complete.
t1_sim:[58478. 58385. 59426.] t2_sim:[64821. 64568. 62220.]
Task is 15.00% complete.
t1_sim:[56994. 56399. 56961.] t2_sim:[66923. 66925. 67579.]
Task is 16.00% complete.
t1_sim:[66998. 67531. 67721.] t2_sim:[59615. 59525. 59744.]
Task is 17.00% complete.
t1_sim:[58588. 58684. 59577.] t2_sim:[62073. 61792. 61299.]
Task is 18.00% complete.
t1_sim:[62428. 62689. 63426.] t2_sim:[61010. 61035. 61395.]
Task is 19.00% complete.
t1_sim:[64717. 64348. 62599.] t2_sim:[63190. 63155. 63948.]
Task is 20.00% complete.
t1_sim:[64253. 64240. 64033.] t2_sim:[61432. 61231. 61554.]
Task is 21.00% complete.
t1_sim:[60224. 60247. 58673.] t2_sim:[61675. 61887. 61856.]
Task is 22.00% complete.
t1_sim:[64094. 64026. 63564.] t2_sim:[60904. 61215. 61786.]
Task is 23.00% complete.
t1_sim:[63500. 63741. 62077.] t2_sim:[58214. 57984. 57787.]
Task is 24.00% complete.
t1_sim:[63303. 63054. 62237.] t2_sim:[60013. 59911. 61284.]
Task is 25.00% complete.
t1_sim:[63549. 63642. 63378.] t2_sim:[61315. 61224. 61743.]
Task is 26.00% complete.
t1_sim:[60399. 60188. 59506.] t2_sim:[67416. 67662. 69507.]
Task is 27.00% complete.
t1_sim:[64608. 64829. 67201.] t2_sim:[58112. 58552. 58666.]
Task is 28.00% complete.
t1_sim:[59088. 59003. 59823.] t2_sim:[62636. 63132. 61658.]
Task is 29.00% complete.
t1_sim:[61316. 61414. 62944.] t2_sim:[63805. 64095. 62401.]
Task is 30.00% complete.
t1_sim:[61091. 60982. 63140.] t2_sim:[63599. 63041. 62020.]
Task is 31.00% complete.
t1_sim:[57258. 57303. 59022.] t2_sim:[64202. 63810. 61808.]
Task is 32.00% complete.
t1_sim:[68348. 68195. 64987.] t2_sim:[63243. 63417. 65213.]
Task is 33.00% complete.
t1_sim:[67802. 68263. 69478.] t2_sim:[66217. 66696. 66920.]
Task is 34.00% complete.
t1_sim:[63215. 63153. 63377.] t2_sim:[65965. 65624. 66770.]
Task is 35.00% complete.
t1_sim:[64410. 64600. 63708.] t2_sim:[59064. 58557. 60074.]
Task is 36.00% complete.
t1_sim:[60129. 60364. 59515.] t2_sim:[59892. 59983. 60864.]
Task is 37.00% complete.
t1_sim:[66907. 67401. 66992.] t2_sim:[68098. 68279. 68881.]
Task is 38.00% complete.
t1_sim:[60879. 60674. 60089.] t2_sim:[57575. 57923. 59650.]
Task is 39.00% complete.
t1_sim:[61304. 61246. 59735.] t2_sim:[59427. 59510. 60690.]
Task is 40.00% complete.
t1_sim:[58900. 58114. 57176.] t2_sim:[61511. 61411. 60487.]
Task is 41.00% complete.
t1_sim:[61621. 61576. 60871.] t2_sim:[62663. 62669. 60751.]
Task is 42.00% complete.
t1_sim:[60703. 60640. 60068.] t2_sim:[59867. 59781. 60919.]
Task is 43.00% complete.
t1_sim:[63880. 63577. 63837.] t2_sim:[63251. 62747. 62719.]
Task is 44.00% complete.
t1_sim:[63609. 63574. 62074.] t2_sim:[62218. 62402. 64248.]
Task is 45.00% complete.
t1_sim:[61264. 61161. 63485.] t2_sim:[54344. 54362. 55439.]
Task is 46.00% complete.
t1_sim:[55934. 55886. 58536.] t2_sim:[67341. 67363. 64348.]
Task is 47.00% complete.
t1_sim:[69594. 69662. 70215.] t2_sim:[56579. 56705. 57160.]
Task is 48.00% complete.
t1_sim:[66503. 66508. 67563.] t2_sim:[66264. 66072. 64688.]
Task is 49.00% complete.
t1_sim:[62100. 62472. 60320.] t2_sim:[65059. 65048. 64955.]
Task is 50.00% complete.
t1_sim:[65802. 65755. 65631.] t2_sim:[63489. 63382. 65508.]
Task is 51.00% complete.
t1_sim:[64598. 64855. 65719.] t2_sim:[62394. 62001. 60346.]
Task is 52.00% complete.
t1_sim:[62495. 62892. 61966.] t2_sim:[69612. 70060. 69880.]
Task is 53.00% complete.
t1_sim:[62837. 62859. 64516.] t2_sim:[61619. 61740. 61000.]
Task is 54.00% complete.
t1_sim:[64815. 64608. 64929.] t2_sim:[64735. 64481. 65932.]
Task is 55.00% complete.
t1_sim:[65221. 64888. 62445.] t2_sim:[66251. 66624. 67972.]
Task is 56.00% complete.
t1_sim:[61155. 61149. 60202.] t2_sim:[64329. 64182. 65165.]
Task is 57.00% complete.
t1_sim:[65439. 65726. 62228.] t2_sim:[58751. 59173. 63008.]
Task is 58.00% complete.
t1_sim:[67717. 67828. 67898.] t2_sim:[62972. 62677. 61867.]
Task is 59.00% complete.
t1_sim:[61652. 61878. 60563.] t2_sim:[66472. 66995. 67434.]
Task is 60.00% complete.
t1_sim:[61434. 61330. 58688.] t2_sim:[63264. 63028. 63042.]
Task is 61.00% complete.
t1_sim:[60809. 61033. 60624.] t2_sim:[60173. 60352. 60240.]
Task is 62.00% complete.
t1_sim:[61348. 61984. 61528.] t2_sim:[64068. 64136. 62392.]
Task is 63.00% complete.
t1_sim:[63048. 62943. 62421.] t2_sim:[66362. 66015. 64193.]
Task is 64.00% complete.
t1_sim:[57554. 57535. 58669.] t2_sim:[62380. 62656. 63513.]
Task is 65.00% complete.
t1_sim:[67021. 66786. 65066.] t2_sim:[60265. 60335. 60121.]
Task is 66.00% complete.
t1_sim:[61589. 61335. 60263.] t2_sim:[65473. 65565. 65502.]
Task is 67.00% complete.
t1_sim:[66124. 66046. 65985.] t2_sim:[61623. 61274. 59847.]
Task is 68.00% complete.
t1_sim:[66647. 66743. 68918.] t2_sim:[61675. 61742. 59995.]
Task is 69.00% complete.
t1_sim:[60505. 60554. 59120.] t2_sim:[62045. 62148. 63048.]
Task is 70.00% complete.
t1_sim:[64023. 63739. 63865.] t2_sim:[61951. 62017. 60001.]
Task is 71.00% complete.
t1_sim:[62107. 62196. 61347.] t2_sim:[65020. 65061. 65766.]
Task is 72.00% complete.
t1_sim:[55744. 55688. 54060.] t2_sim:[61538. 61616. 61583.]
Task is 73.00% complete.
t1_sim:[64234. 64009. 63110.] t2_sim:[64612. 64202. 63348.]
Task is 74.00% complete.
t1_sim:[64581. 64635. 65800.] t2_sim:[66474. 66640. 67000.]
Task is 75.00% complete.
t1_sim:[60280. 60836. 62378.] t2_sim:[63875. 63884. 63356.]
Task is 76.00% complete.
t1_sim:[66043. 65511. 65904.] t2_sim:[61397. 61554. 62435.]
Task is 77.00% complete.
t1_sim:[58866. 58582. 56940.] t2_sim:[65057. 65063. 66326.]
Task is 78.00% complete.
t1_sim:[64955. 64828. 63245.] t2_sim:[58626. 59310. 59663.]
Task is 79.00% complete.
t1_sim:[65982. 66137. 63084.] t2_sim:[61558. 61571. 61091.]
Task is 80.00% complete.
t1_sim:[61870. 61253. 60543.] t2_sim:[61220. 61487. 61991.]
Task is 81.00% complete.
t1_sim:[58738. 58484. 58858.] t2_sim:[61708. 61758. 61463.]
Task is 82.00% complete.
t1_sim:[55076. 55093. 55708.] t2_sim:[63590. 63980. 64985.]
Task is 83.00% complete.
t1_sim:[63106. 62704. 60870.] t2_sim:[61906. 61566. 63050.]
Task is 84.00% complete.
t1_sim:[69378. 69804. 68912.] t2_sim:[59597. 59626. 60744.]
Task is 85.00% complete.
t1_sim:[61678. 61555. 63480.] t2_sim:[63502. 63629. 60919.]
Task is 86.00% complete.
t1_sim:[60815. 60781. 60525.] t2_sim:[68545. 67867. 69621.]
Task is 87.00% complete.
t1_sim:[55549. 55995. 56958.] t2_sim:[59333. 59490. 59090.]
Task is 88.00% complete.
t1_sim:[64993. 65077. 64551.] t2_sim:[69959. 69859. 70202.]
Task is 89.00% complete.
t1_sim:[63701. 63448. 60855.] t2_sim:[61511. 61634. 64373.]
Task is 90.00% complete.
t1_sim:[56855. 57448. 60136.] t2_sim:[61622. 60887. 59347.]
Task is 91.00% complete.
t1_sim:[65137. 65197. 64884.] t2_sim:[65926. 65770. 64951.]
Task is 92.00% complete.
t1_sim:[67690. 67700. 67906.] t2_sim:[63936. 63844. 61782.]
Task is 93.00% complete.
t1_sim:[59573. 59696. 61423.] t2_sim:[62603. 62846. 62457.]
Task is 94.00% complete.
t1_sim:[61609. 61722. 61645.] t2_sim:[63671. 64044. 64783.]
Task is 95.00% complete.
t1_sim:[63703. 63530. 64676.] t2_sim:[64134. 64184. 63493.]
Task is 96.00% complete.
t1_sim:[62907. 63064. 62814.] t2_sim:[60176. 60366. 58685.]
Task is 97.00% complete.
t1_sim:[63236. 63528. 62492.] t2_sim:[64528. 64596. 63962.]
Task is 98.00% complete.
t1_sim:[65412. 65000. 65161.] t2_sim:[59787. 59986. 60537.]
Task is 99.00% complete.
t1_sim:[65117. 65231. 65992.] t2_sim:[60006. 60207. 62677.]
Finished
