/scratch/jz4721/Post-prediction-Causal-Inference/venv/lib/python3.8/site-packages/numpy/core/getlimits.py:518: UserWarning: The value of the smallest subnormal for <class 'numpy.float64'> type is zero.
  setattr(self, word, getattr(machar, word).flat[0])
/scratch/jz4721/Post-prediction-Causal-Inference/venv/lib/python3.8/site-packages/numpy/core/getlimits.py:89: UserWarning: The value of the smallest subnormal for <class 'numpy.float64'> type is zero.
  return self._float_to_str(self.smallest_subnormal)
/scratch/jz4721/Post-prediction-Causal-Inference/venv/lib/python3.8/site-packages/numpy/core/getlimits.py:518: UserWarning: The value of the smallest subnormal for <class 'numpy.float32'> type is zero.
  setattr(self, word, getattr(machar, word).flat[0])
/scratch/jz4721/Post-prediction-Causal-Inference/venv/lib/python3.8/site-packages/numpy/core/getlimits.py:89: UserWarning: The value of the smallest subnormal for <class 'numpy.float32'> type is zero.
  return self._float_to_str(self.smallest_subnormal)
Training start
t1_obs:[array(68593.), array(68443.), array(64296.)] t2_obs:[array(67662.), array(67249.), array(65624.)]
corr_G1:[None, None, -2.2002239950868548e-17] corr_G2:[None, None, 0]
Training end
Task is 0.00% complete.
t1_sim:[65271. 64512. 65189.] t2_sim:[63185. 62825. 59274.]
Task is 1.00% complete.
t1_sim:[68696. 68409. 66851.] t2_sim:[72224. 72009. 66965.]
Task is 2.00% complete.
t1_sim:[61864. 61593. 61147.] t2_sim:[61991. 61843. 64907.]
Task is 3.00% complete.
t1_sim:[63792. 63550. 61606.] t2_sim:[58640. 58779. 55246.]
Task is 4.00% complete.
t1_sim:[58561. 59182. 60205.] t2_sim:[60318. 60034. 58509.]
Task is 5.00% complete.
t1_sim:[61126. 60835. 58024.] t2_sim:[61921. 61661. 60618.]
Task is 6.00% complete.
t1_sim:[58148. 58306. 59567.] t2_sim:[60498. 60435. 63678.]
Task is 7.00% complete.
t1_sim:[62222. 61828. 60502.] t2_sim:[62518. 62686. 61467.]
Task is 8.00% complete.
t1_sim:[61714. 61903. 66054.] t2_sim:[63065. 62887. 61782.]
Task is 9.00% complete.
t1_sim:[60152. 59913. 60507.] t2_sim:[61981. 62396. 62380.]
Task is 10.00% complete.
t1_sim:[62953. 63263. 64730.] t2_sim:[61314. 61006. 60054.]
Task is 11.00% complete.
t1_sim:[63229. 63238. 64914.] t2_sim:[62205. 62126. 61780.]
Task is 12.00% complete.
t1_sim:[63902. 64656. 66820.] t2_sim:[60247. 59940. 63334.]
Task is 13.00% complete.
t1_sim:[63154. 62912. 61560.] t2_sim:[62453. 62227. 57722.]
Task is 14.00% complete.
t1_sim:[58278. 58025. 62310.] t2_sim:[59131. 59227. 59972.]
Task is 15.00% complete.
t1_sim:[68933. 69150. 67988.] t2_sim:[67278. 67755. 67498.]
Task is 16.00% complete.
t1_sim:[60650. 60379. 62630.] t2_sim:[60890. 61483. 67287.]
Task is 17.00% complete.
t1_sim:[61845. 61277. 63220.] t2_sim:[61628. 62054. 61426.]
Task is 18.00% complete.
t1_sim:[61774. 62044. 61322.] t2_sim:[62764. 62557. 62171.]
Task is 19.00% complete.
t1_sim:[60979. 60703. 58730.] t2_sim:[66655. 66501. 66533.]
Task is 20.00% complete.
t1_sim:[69852. 69103. 66762.] t2_sim:[67688. 67744. 64453.]
Task is 21.00% complete.
t1_sim:[61986. 61881. 64697.] t2_sim:[68496. 67884. 61700.]
Task is 22.00% complete.
t1_sim:[65745. 66077. 61979.] t2_sim:[59869. 59950. 59854.]
Task is 23.00% complete.
t1_sim:[60301. 60098. 58529.] t2_sim:[65037. 65133. 60085.]
Task is 24.00% complete.
t1_sim:[60365. 60046. 60681.] t2_sim:[57451. 57767. 59064.]
Task is 25.00% complete.
t1_sim:[61525. 61474. 59927.] t2_sim:[56084. 56294. 58398.]
Task is 26.00% complete.
t1_sim:[67928. 67958. 66461.] t2_sim:[61543. 61802. 63072.]
Task is 27.00% complete.
t1_sim:[63918. 64152. 60303.] t2_sim:[56858. 57076. 60849.]
Task is 28.00% complete.
t1_sim:[66536. 65711. 62305.] t2_sim:[62509. 62325. 62479.]
Task is 29.00% complete.
t1_sim:[71375. 71229. 71038.] t2_sim:[59973. 59941. 57523.]
Task is 30.00% complete.
t1_sim:[63216. 63568. 63190.] t2_sim:[61888. 61900. 60980.]
Task is 31.00% complete.
t1_sim:[62093. 62285. 64655.] t2_sim:[57731. 57226. 53629.]
Task is 32.00% complete.
t1_sim:[66319. 66078. 67994.] t2_sim:[65098. 65210. 63034.]
Task is 33.00% complete.
t1_sim:[60789. 61366. 60064.] t2_sim:[56076. 56458. 59898.]
Task is 34.00% complete.
t1_sim:[61116. 61273. 60433.] t2_sim:[58448. 58898. 57111.]
Task is 35.00% complete.
t1_sim:[61570. 62123. 64756.] t2_sim:[61592. 61469. 62096.]
Task is 36.00% complete.
t1_sim:[61181. 60592. 60210.] t2_sim:[63047. 62955. 61458.]
Task is 37.00% complete.
t1_sim:[62214. 62255. 64109.] t2_sim:[63163. 63196. 65574.]
Task is 38.00% complete.
t1_sim:[64519. 64491. 62677.] t2_sim:[63717. 64003. 65449.]
Task is 39.00% complete.
t1_sim:[60938. 60941. 62796.] t2_sim:[64099. 64289. 64043.]
Task is 40.00% complete.
t1_sim:[62736. 62765. 66369.] t2_sim:[67694. 68138. 66213.]
Task is 41.00% complete.
t1_sim:[61947. 61747. 61995.] t2_sim:[65830. 65969. 63668.]
Task is 42.00% complete.
t1_sim:[62279. 62438. 64686.] t2_sim:[67387. 67055. 64199.]
Task is 43.00% complete.
t1_sim:[66359. 66810. 64598.] t2_sim:[60496. 60429. 60581.]
Task is 44.00% complete.
t1_sim:[64329. 64495. 64352.] t2_sim:[69557. 68989. 65477.]
Task is 45.00% complete.
t1_sim:[64390. 64609. 65260.] t2_sim:[65445. 65759. 64797.]
Task is 46.00% complete.
t1_sim:[55777. 55345. 52865.] t2_sim:[63478. 63591. 63940.]
Task is 47.00% complete.
t1_sim:[63243. 63409. 64073.] t2_sim:[66942. 66667. 66222.]
Task is 48.00% complete.
t1_sim:[61423. 62092. 63665.] t2_sim:[64674. 65049. 62944.]
Task is 49.00% complete.
t1_sim:[62634. 62805. 64616.] t2_sim:[62702. 62772. 60645.]
Task is 50.00% complete.
t1_sim:[65809. 65640. 63394.] t2_sim:[60211. 60192. 59279.]
Task is 51.00% complete.
t1_sim:[67569. 67418. 64313.] t2_sim:[62382. 62248. 66522.]
Task is 52.00% complete.
t1_sim:[56627. 56382. 53506.] t2_sim:[61610. 62538. 62204.]
Task is 53.00% complete.
t1_sim:[59410. 59332. 61818.] t2_sim:[70944. 70703. 69533.]
Task is 54.00% complete.
t1_sim:[64097. 64735. 64123.] t2_sim:[58336. 58073. 57480.]
Task is 55.00% complete.
t1_sim:[57969. 57839. 59456.] t2_sim:[58572. 58220. 58944.]
Task is 56.00% complete.
t1_sim:[59535. 59957. 62475.] t2_sim:[68727. 69013. 68895.]
Task is 57.00% complete.
t1_sim:[58711. 58745. 62580.] t2_sim:[66295. 65733. 66304.]
Task is 58.00% complete.
t1_sim:[70210. 70374. 68269.] t2_sim:[62481. 62501. 63212.]
Task is 59.00% complete.
t1_sim:[67567. 67838. 65903.] t2_sim:[65669. 66164. 67776.]
Task is 60.00% complete.
t1_sim:[56680. 56233. 56225.] t2_sim:[57839. 58192. 60864.]
Task is 61.00% complete.
t1_sim:[59692. 60148. 61892.] t2_sim:[65481. 65161. 67160.]
Task is 62.00% complete.
t1_sim:[68087. 68433. 65172.] t2_sim:[57545. 57751. 61492.]
Task is 63.00% complete.
t1_sim:[61540. 61971. 66516.] t2_sim:[60220. 60447. 62447.]
Task is 64.00% complete.
t1_sim:[65169. 65291. 64939.] t2_sim:[62739. 61676. 63929.]
Task is 65.00% complete.
t1_sim:[63351. 63844. 62796.] t2_sim:[67234. 67012. 65817.]
Task is 66.00% complete.
t1_sim:[60599. 60810. 60106.] t2_sim:[59353. 58938. 62870.]
Task is 67.00% complete.
t1_sim:[58821. 58719. 62010.] t2_sim:[60678. 61519. 64745.]
Task is 68.00% complete.
t1_sim:[59609. 59545. 59654.] t2_sim:[66494. 66167. 65341.]
Task is 69.00% complete.
t1_sim:[61934. 62219. 59912.] t2_sim:[71281. 71148. 66710.]
Task is 70.00% complete.
t1_sim:[63312. 63254. 62107.] t2_sim:[63255. 63538. 65033.]
Task is 71.00% complete.
t1_sim:[60629. 60549. 63092.] t2_sim:[69499. 69394. 67687.]
Task is 72.00% complete.
t1_sim:[62235. 62819. 60295.] t2_sim:[69036. 69423. 67720.]
Task is 73.00% complete.
t1_sim:[64289. 64324. 60479.] t2_sim:[61875. 62326. 65816.]
Task is 74.00% complete.
t1_sim:[61584. 61886. 60695.] t2_sim:[68101. 68374. 66333.]
Task is 75.00% complete.
t1_sim:[61764. 62099. 64771.] t2_sim:[57623. 57542. 59110.]
Task is 76.00% complete.
t1_sim:[65703. 65315. 63420.] t2_sim:[61279. 61693. 66683.]
Task is 77.00% complete.
t1_sim:[62193. 62447. 58796.] t2_sim:[60025. 60199. 58117.]
Task is 78.00% complete.
t1_sim:[59283. 58841. 57591.] t2_sim:[56410. 55933. 61035.]
Task is 79.00% complete.
t1_sim:[62309. 62705. 63456.] t2_sim:[66149. 66699. 65117.]
Task is 80.00% complete.
t1_sim:[62198. 62140. 61204.] t2_sim:[64188. 64606. 64342.]
Task is 81.00% complete.
t1_sim:[56375. 56911. 60029.] t2_sim:[64447. 64317. 65962.]
Task is 82.00% complete.
t1_sim:[62135. 62261. 67208.] t2_sim:[63226. 63611. 63713.]
Task is 83.00% complete.
t1_sim:[66496. 66522. 67878.] t2_sim:[63512. 63835. 65746.]
Task is 84.00% complete.
t1_sim:[67669. 67186. 66932.] t2_sim:[66482. 67055. 66182.]
Task is 85.00% complete.
t1_sim:[62470. 61779. 58762.] t2_sim:[63686. 63342. 66351.]
Task is 86.00% complete.
t1_sim:[60312. 59677. 59465.] t2_sim:[64849. 64735. 63117.]
Task is 87.00% complete.
t1_sim:[63772. 63573. 63276.] t2_sim:[56348. 55942. 57356.]
Task is 88.00% complete.
t1_sim:[62189. 62567. 65354.] t2_sim:[62369. 62470. 61156.]
Task is 89.00% complete.
t1_sim:[62246. 62102. 63831.] t2_sim:[61662. 61522. 62329.]
Task is 90.00% complete.
t1_sim:[58488. 58642. 62257.] t2_sim:[61350. 60887. 60562.]
Task is 91.00% complete.
t1_sim:[62118. 62210. 65415.] t2_sim:[62987. 63127. 63163.]
Task is 92.00% complete.
t1_sim:[63889. 63941. 63004.] t2_sim:[61172. 61413. 62465.]
Task is 93.00% complete.
t1_sim:[63028. 63330. 60441.] t2_sim:[62538. 62237. 60052.]
Task is 94.00% complete.
t1_sim:[69554. 69268. 63899.] t2_sim:[63720. 63315. 65523.]
Task is 95.00% complete.
t1_sim:[60768. 60866. 59506.] t2_sim:[64690. 64249. 63970.]
Task is 96.00% complete.
t1_sim:[56691. 56524. 56890.] t2_sim:[60602. 60115. 61104.]
Task is 97.00% complete.
t1_sim:[66189. 66009. 61815.] t2_sim:[58895. 59510. 66669.]
Task is 98.00% complete.
t1_sim:[62570. 62035. 60035.] t2_sim:[63558. 63801. 63788.]
Task is 99.00% complete.
t1_sim:[60760. 60770. 57370.] t2_sim:[65254. 65017. 67906.]
Training start
t1_obs:[array(68593.), array(68443.), array(66988.)] t2_obs:[array(67662.), array(67249.), array(65859.)]
corr_G1:[None, None, 0.9936978367436773] corr_G2:[None, None, 0.9814541373137551]
Training end
Task is 0.00% complete.
t1_sim:[64698. 65056. 63766.] t2_sim:[62808. 63197. 63665.]
Task is 1.00% complete.
t1_sim:[63375. 63248. 62463.] t2_sim:[63589. 63135. 60768.]
Task is 2.00% complete.
t1_sim:[60596. 60133. 59056.] t2_sim:[67297. 66750. 68055.]
Task is 3.00% complete.
t1_sim:[64506. 63680. 62416.] t2_sim:[62656. 63185. 63366.]
Task is 4.00% complete.
t1_sim:[65771. 65697. 66519.] t2_sim:[57983. 58275. 59840.]
Task is 5.00% complete.
t1_sim:[62934. 63377. 64382.] t2_sim:[61476. 61660. 59708.]
Task is 6.00% complete.
t1_sim:[64466. 64886. 63530.] t2_sim:[54858. 54576. 53484.]
Task is 7.00% complete.
t1_sim:[58662. 58971. 59141.] t2_sim:[55930. 55651. 58101.]
Task is 8.00% complete.
t1_sim:[66273. 65975. 65744.] t2_sim:[66476. 67155. 70466.]
Task is 9.00% complete.
t1_sim:[57983. 58151. 59546.] t2_sim:[62575. 62262. 62076.]
Task is 10.00% complete.
t1_sim:[59578. 59530. 59714.] t2_sim:[58236. 58511. 60365.]
Task is 11.00% complete.
t1_sim:[53447. 53972. 56019.] t2_sim:[59753. 59405. 59031.]
Task is 12.00% complete.
t1_sim:[64600. 64860. 64444.] t2_sim:[56622. 56774. 58978.]
Task is 13.00% complete.
t1_sim:[63244. 63376. 63027.] t2_sim:[62880. 62877. 63929.]
Task is 14.00% complete.
t1_sim:[66406. 66576. 66279.] t2_sim:[64637. 64246. 63982.]
Task is 15.00% complete.
t1_sim:[59905. 60173. 63992.] t2_sim:[63566. 63484. 65106.]
Task is 16.00% complete.
t1_sim:[64146. 64097. 63757.] t2_sim:[58923. 58459. 60234.]
Task is 17.00% complete.
t1_sim:[61791. 61851. 62311.] t2_sim:[62770. 62527. 61850.]
Task is 18.00% complete.
t1_sim:[54304. 54393. 53755.] t2_sim:[67255. 67390. 67571.]
Task is 19.00% complete.
t1_sim:[66767. 66944. 66018.] t2_sim:[53134. 53284. 56320.]
Task is 20.00% complete.
t1_sim:[63967. 63509. 62518.] t2_sim:[59645. 59687. 58235.]
Task is 21.00% complete.
t1_sim:[63384. 63492. 62943.] t2_sim:[63675. 63712. 62638.]
Task is 22.00% complete.
t1_sim:[59686. 59488. 58745.] t2_sim:[56936. 56489. 58141.]
Task is 23.00% complete.
t1_sim:[63318. 63199. 62710.] t2_sim:[60544. 60491. 59217.]
Task is 24.00% complete.
t1_sim:[63190. 63154. 61098.] t2_sim:[67833. 67890. 70128.]
Task is 25.00% complete.
t1_sim:[60392. 60876. 60611.] t2_sim:[63071. 62804. 64581.]
Task is 26.00% complete.
t1_sim:[63064. 62787. 61598.] t2_sim:[59054. 58891. 58436.]
Task is 27.00% complete.
t1_sim:[66783. 66596. 66594.] t2_sim:[64198. 63632. 63536.]
Task is 28.00% complete.
t1_sim:[59482. 59709. 58953.] t2_sim:[65609. 65527. 65683.]
Task is 29.00% complete.
t1_sim:[60082. 59732. 60625.] t2_sim:[58327. 58215. 58293.]
Task is 30.00% complete.
t1_sim:[61308. 61328. 62677.] t2_sim:[62340. 62254. 61182.]
Task is 31.00% complete.
t1_sim:[69713. 70123. 69519.] t2_sim:[62771. 62866. 62940.]
Task is 32.00% complete.
t1_sim:[66417. 66188. 65828.] t2_sim:[60415. 60706. 59523.]
Task is 33.00% complete.
t1_sim:[62541. 62211. 61927.] t2_sim:[63974. 63929. 62468.]
Task is 34.00% complete.
t1_sim:[57561. 57518. 58165.] t2_sim:[62150. 61935. 61011.]
Task is 35.00% complete.
t1_sim:[64037. 63957. 62764.] t2_sim:[60133. 60072. 58500.]
Task is 36.00% complete.
t1_sim:[66120. 66103. 64512.] t2_sim:[64304. 64262. 63609.]
Task is 37.00% complete.
t1_sim:[62528. 62623. 63952.] t2_sim:[62751. 62712. 62414.]
Task is 38.00% complete.
t1_sim:[63430. 62523. 64503.] t2_sim:[60494. 60423. 61264.]
Task is 39.00% complete.
t1_sim:[61034. 61073. 60076.] t2_sim:[67177. 67363. 67648.]
Task is 40.00% complete.
t1_sim:[57893. 58056. 57553.] t2_sim:[58813. 58564. 59675.]
Task is 41.00% complete.
t1_sim:[58061. 58126. 56671.] t2_sim:[64106. 63974. 65070.]
Task is 42.00% complete.
t1_sim:[70622. 70427. 69579.] t2_sim:[61395. 61279. 61529.]
Task is 43.00% complete.
t1_sim:[66394. 66329. 65608.] t2_sim:[61581. 61909. 62553.]
Task is 44.00% complete.
t1_sim:[65248. 65347. 64231.] t2_sim:[67446. 67318. 68779.]
Task is 45.00% complete.
t1_sim:[65609. 65478. 65012.] t2_sim:[62735. 63201. 63939.]
Task is 46.00% complete.
t1_sim:[59019. 58390. 57159.] t2_sim:[65456. 65520. 64405.]
Task is 47.00% complete.
t1_sim:[58007. 57923. 58553.] t2_sim:[67473. 67762. 70082.]
Task is 48.00% complete.
t1_sim:[60293. 60407. 58770.] t2_sim:[59784. 59925. 57618.]
Task is 49.00% complete.
t1_sim:[62382. 62853. 63439.] t2_sim:[61107. 61356. 62913.]
Task is 50.00% complete.
t1_sim:[57740. 57705. 58608.] t2_sim:[62352. 62681. 62822.]
Task is 51.00% complete.
t1_sim:[58637. 58889. 59334.] t2_sim:[63832. 63684. 62746.]
Task is 52.00% complete.
t1_sim:[62970. 62754. 63288.] t2_sim:[59337. 59970. 60224.]
Task is 53.00% complete.
t1_sim:[65828. 65610. 64237.] t2_sim:[65681. 65261. 64839.]
Task is 54.00% complete.
t1_sim:[68384. 68224. 67885.] t2_sim:[58664. 58328. 58115.]
Task is 55.00% complete.
t1_sim:[61176. 61051. 59287.] t2_sim:[61347. 61441. 63389.]
Task is 56.00% complete.
t1_sim:[59435. 60022. 61784.] t2_sim:[62098. 62425. 63819.]
Task is 57.00% complete.
t1_sim:[57282. 57543. 57371.] t2_sim:[66025. 65721. 61444.]
Task is 58.00% complete.
t1_sim:[63908. 64212. 64200.] t2_sim:[61511. 61253. 61030.]
Task is 59.00% complete.
t1_sim:[64727. 64611. 61482.] t2_sim:[61175. 61109. 59622.]
Task is 60.00% complete.
t1_sim:[59016. 58800. 59202.] t2_sim:[64244. 64324. 64009.]
Task is 61.00% complete.
t1_sim:[65383. 65443. 65091.] t2_sim:[63905. 63538. 62499.]
Task is 62.00% complete.
t1_sim:[62214. 62165. 60352.] t2_sim:[60579. 60115. 60125.]
Task is 63.00% complete.
t1_sim:[65386. 65521. 64892.] t2_sim:[66562. 66792. 67593.]
Task is 64.00% complete.
t1_sim:[63060. 63036. 61787.] t2_sim:[60400. 60775. 60573.]
Task is 65.00% complete.
t1_sim:[60498. 60676. 61059.] t2_sim:[62861. 62891. 64050.]
Task is 66.00% complete.
t1_sim:[64536. 64783. 68200.] t2_sim:[64148. 64154. 63117.]
Task is 67.00% complete.
t1_sim:[58048. 58021. 59093.] t2_sim:[59716. 60067. 60038.]
Task is 68.00% complete.
t1_sim:[63274. 63236. 63599.] t2_sim:[60862. 60899. 61175.]
Task is 69.00% complete.
t1_sim:[62651. 62396. 60895.] t2_sim:[64939. 64925. 65340.]
Task is 70.00% complete.
t1_sim:[66935. 66921. 67981.] t2_sim:[63395. 63653. 62720.]
Task is 71.00% complete.
t1_sim:[60057. 60352. 60651.] t2_sim:[64943. 64772. 64441.]
Task is 72.00% complete.
t1_sim:[61310. 61091. 61817.] t2_sim:[62191. 62707. 62367.]
Task is 73.00% complete.
t1_sim:[59730. 59523. 58150.] t2_sim:[62948. 62573. 58866.]
Task is 74.00% complete.
t1_sim:[59701. 60132. 63020.] t2_sim:[63396. 63220. 62890.]
Task is 75.00% complete.
t1_sim:[58939. 59334. 59346.] t2_sim:[65959. 65392. 63767.]
Task is 76.00% complete.
t1_sim:[59455. 59785. 61515.] t2_sim:[54296. 54146. 56201.]
Task is 77.00% complete.
t1_sim:[56402. 56819. 57890.] t2_sim:[59676. 59711. 60233.]
Task is 78.00% complete.
t1_sim:[55605. 55869. 57762.] t2_sim:[60354. 60467. 61635.]
Task is 79.00% complete.
t1_sim:[62039. 62234. 65038.] t2_sim:[60931. 60420. 58981.]
Task is 80.00% complete.
t1_sim:[57271. 57418. 57272.] t2_sim:[65456. 65622. 65810.]
Task is 81.00% complete.
t1_sim:[61651. 62346. 64808.] t2_sim:[60092. 60011. 60712.]
Task is 82.00% complete.
t1_sim:[57118. 56967. 56822.] t2_sim:[61555. 61003. 61706.]
Task is 83.00% complete.
t1_sim:[66173. 65658. 65943.] t2_sim:[59762. 59690. 58784.]
Task is 84.00% complete.
t1_sim:[62040. 62059. 61962.] t2_sim:[64144. 64301. 63510.]
Task is 85.00% complete.
t1_sim:[68296. 68233. 68989.] t2_sim:[62403. 62228. 60524.]
Task is 86.00% complete.
t1_sim:[62904. 63106. 61695.] t2_sim:[68048. 68043. 67632.]
Task is 87.00% complete.
t1_sim:[64849. 64540. 63862.] t2_sim:[63080. 63092. 62953.]
Task is 88.00% complete.
t1_sim:[60877. 60976. 59069.] t2_sim:[65009. 65022. 64767.]
Task is 89.00% complete.
t1_sim:[60255. 59960. 58499.] t2_sim:[64215. 64761. 63863.]
Task is 90.00% complete.
t1_sim:[63954. 64295. 67377.] t2_sim:[62272. 61332. 60138.]
Task is 91.00% complete.
t1_sim:[58464. 58501. 57816.] t2_sim:[59670. 59858. 61670.]
Task is 92.00% complete.
t1_sim:[58837. 59075. 58673.] t2_sim:[63588. 63323. 65195.]
Task is 93.00% complete.
t1_sim:[64668. 64646. 64271.] t2_sim:[62522. 62543. 61158.]
Task is 94.00% complete.
t1_sim:[63155. 63065. 60754.] t2_sim:[69082. 69550. 70353.]
Task is 95.00% complete.
t1_sim:[59574. 58950. 59570.] t2_sim:[62528. 62628. 62540.]
Task is 96.00% complete.
t1_sim:[66786. 66522. 65557.] t2_sim:[64320. 63932. 63218.]
Task is 97.00% complete.
t1_sim:[63337. 63892. 62749.] t2_sim:[61684. 62256. 63603.]
Task is 98.00% complete.
t1_sim:[65337. 65318. 65500.] t2_sim:[60695. 60592. 60977.]
Task is 99.00% complete.
t1_sim:[64694. 64207. 63070.] t2_sim:[60840. 61335. 60806.]
Training start
t1_obs:[array(68593.), array(68443.), array(65618.)] t2_obs:[array(67662.), array(67249.), array(65182.)]
corr_G1:[None, None, -0.06911728910063943] corr_G2:[None, None, -0.04402959327485293]
Training end
Task is 0.00% complete.
t1_sim:[63982. 64204. 61685.] t2_sim:[55431. 55578. 56765.]
Task is 1.00% complete.
t1_sim:[57464. 57186. 55282.] t2_sim:[65801. 65467. 65175.]
Task is 2.00% complete.
t1_sim:[59484. 59632. 60682.] t2_sim:[53795. 53858. 54406.]
Task is 3.00% complete.
t1_sim:[67478. 67967. 68733.] t2_sim:[63908. 63464. 63013.]
Task is 4.00% complete.
t1_sim:[63090. 63145. 63926.] t2_sim:[66126. 66133. 64829.]
Task is 5.00% complete.
t1_sim:[62604. 62720. 60795.] t2_sim:[62261. 62072. 64751.]
Task is 6.00% complete.
t1_sim:[63643. 63580. 62952.] t2_sim:[61142. 60824. 59411.]
Task is 7.00% complete.
t1_sim:[65535. 65598. 63151.] t2_sim:[64191. 64576. 65432.]
Task is 8.00% complete.
t1_sim:[66711. 66943. 66391.] t2_sim:[64496. 64717. 66062.]
Task is 9.00% complete.
t1_sim:[60939. 61287. 58868.] t2_sim:[64181. 64272. 65192.]
Task is 10.00% complete.
t1_sim:[58480. 58559. 59440.] t2_sim:[61235. 61413. 66031.]
Task is 11.00% complete.
t1_sim:[66454. 66033. 68150.] t2_sim:[65770. 65162. 64968.]
Task is 12.00% complete.
t1_sim:[61828. 61981. 61324.] t2_sim:[58594. 58485. 58097.]
Task is 13.00% complete.
t1_sim:[62908. 63208. 61630.] t2_sim:[65112. 65016. 65256.]
Task is 14.00% complete.
t1_sim:[56737. 56827. 56234.] t2_sim:[59685. 59588. 59444.]
Task is 15.00% complete.
t1_sim:[66566. 67034. 63993.] t2_sim:[61873. 61865. 63198.]
Task is 16.00% complete.
t1_sim:[58472. 58075. 57565.] t2_sim:[63220. 63020. 63307.]
Task is 17.00% complete.
t1_sim:[64215. 63832. 60920.] t2_sim:[59242. 59451. 61721.]
Task is 18.00% complete.
t1_sim:[65211. 64792. 61960.] t2_sim:[57349. 57256. 57848.]
Task is 19.00% complete.
t1_sim:[63687. 62818. 61279.] t2_sim:[63077. 62629. 64299.]
Task is 20.00% complete.
t1_sim:[65875. 65542. 64471.] t2_sim:[64655. 64640. 65331.]
Task is 21.00% complete.
t1_sim:[59521. 59426. 59506.] t2_sim:[65345. 64970. 65241.]
Task is 22.00% complete.
t1_sim:[59095. 59111. 59374.] t2_sim:[61013. 60769. 61079.]
Task is 23.00% complete.
t1_sim:[56251. 55940. 53774.] t2_sim:[61528. 61689. 63032.]
Task is 24.00% complete.
t1_sim:[68241. 68717. 68175.] t2_sim:[65756. 65004. 64044.]
Task is 25.00% complete.
t1_sim:[68269. 68296. 67950.] t2_sim:[68658. 68959. 68781.]
Task is 26.00% complete.
t1_sim:[62728. 62128. 60142.] t2_sim:[66466. 66605. 65281.]
Task is 27.00% complete.
t1_sim:[60840. 60850. 59169.] t2_sim:[71074. 71285. 70505.]
Task is 28.00% complete.
t1_sim:[63799. 63777. 61475.] t2_sim:[57497. 57349. 56181.]
Task is 29.00% complete.
t1_sim:[61115. 60828. 60532.] t2_sim:[63629. 63391. 63604.]
Task is 30.00% complete.
t1_sim:[65705. 66104. 63902.] t2_sim:[58633. 58670. 58388.]
Task is 31.00% complete.
t1_sim:[60291. 60070. 61074.] t2_sim:[62990. 63451. 63082.]
Task is 32.00% complete.
t1_sim:[60755. 60528. 59431.] t2_sim:[67720. 67564. 65635.]
Task is 33.00% complete.
t1_sim:[61609. 61751. 60518.] t2_sim:[66107. 66496. 66799.]
Task is 34.00% complete.
t1_sim:[63399. 63804. 61270.] t2_sim:[65933. 66655. 68146.]
Task is 35.00% complete.
t1_sim:[64011. 63916. 62766.] t2_sim:[62522. 62659. 60931.]
Task is 36.00% complete.
t1_sim:[62860. 62647. 60284.] t2_sim:[59575. 60092. 59082.]
Task is 37.00% complete.
t1_sim:[62601. 61484. 61090.] t2_sim:[58794. 58215. 60795.]
Task is 38.00% complete.
t1_sim:[68413. 68615. 69861.] t2_sim:[67386. 67400. 68685.]
Task is 39.00% complete.
t1_sim:[66827. 66736. 69272.] t2_sim:[55816. 55583. 54317.]
Task is 40.00% complete.
t1_sim:[63053. 63033. 62926.] t2_sim:[67995. 68344. 70197.]
Task is 41.00% complete.
t1_sim:[61159. 61423. 61147.] t2_sim:[63160. 62870. 61458.]
Task is 42.00% complete.
t1_sim:[62378. 62394. 62520.] t2_sim:[63431. 64411. 66363.]
Task is 43.00% complete.
t1_sim:[66077. 65627. 64863.] t2_sim:[59143. 58852. 61005.]
Task is 44.00% complete.
t1_sim:[64079. 64238. 62648.] t2_sim:[61274. 60968. 58658.]
Task is 45.00% complete.
t1_sim:[65560. 65620. 63468.] t2_sim:[70610. 70246. 69833.]
Task is 46.00% complete.
t1_sim:[56941. 57355. 57562.] t2_sim:[58784. 58839. 58929.]
Task is 47.00% complete.
t1_sim:[62487. 62377. 61181.] t2_sim:[67340. 67267. 68272.]
Task is 48.00% complete.
t1_sim:[66591. 66975. 68268.] t2_sim:[61569. 62242. 62295.]
Task is 49.00% complete.
t1_sim:[61729. 61699. 60088.] t2_sim:[58736. 58946. 61145.]
Task is 50.00% complete.
t1_sim:[65043. 64871. 64065.] t2_sim:[59893. 59532. 60152.]
Task is 51.00% complete.
t1_sim:[58829. 58806. 59988.] t2_sim:[64982. 65194. 65430.]
Task is 52.00% complete.
t1_sim:[65563. 65491. 63548.] t2_sim:[59576. 59561. 59049.]
Task is 53.00% complete.
t1_sim:[56575. 56256. 54953.] t2_sim:[59691. 59747. 57767.]
Task is 54.00% complete.
t1_sim:[60681. 60995. 60482.] t2_sim:[62525. 62467. 60751.]
Task is 55.00% complete.
t1_sim:[57573. 57905. 56065.] t2_sim:[58257. 58238. 57485.]
Task is 56.00% complete.
t1_sim:[58879. 58737. 55945.] t2_sim:[61162. 61211. 62161.]
Task is 57.00% complete.
t1_sim:[59057. 59039. 58622.] t2_sim:[54305. 54627. 55227.]
Task is 58.00% complete.
t1_sim:[61916. 61743. 62491.] t2_sim:[61472. 61982. 64074.]
Task is 59.00% complete.
t1_sim:[62758. 62338. 63756.] t2_sim:[64443. 64189. 62883.]
Task is 60.00% complete.
t1_sim:[58083. 58068. 57086.] t2_sim:[60869. 61386. 61113.]
Task is 61.00% complete.
t1_sim:[60461. 60532. 58060.] t2_sim:[66947. 67113. 67379.]
Task is 62.00% complete.
t1_sim:[59426. 59155. 57734.] t2_sim:[61785. 62120. 63422.]
Task is 63.00% complete.
t1_sim:[61018. 61082. 59228.] t2_sim:[59926. 60428. 62156.]
Task is 64.00% complete.
t1_sim:[66888. 66673. 66591.] t2_sim:[63040. 63276. 61428.]
Task is 65.00% complete.
t1_sim:[65995. 66700. 63954.] t2_sim:[62320. 62145. 61758.]
Task is 66.00% complete.
t1_sim:[61330. 61051. 59962.] t2_sim:[61818. 61826. 61874.]
Task is 67.00% complete.
t1_sim:[62241. 62223. 62222.] t2_sim:[60239. 59874. 60256.]
Task is 68.00% complete.
t1_sim:[63528. 63654. 63387.] t2_sim:[65792. 65786. 65925.]
Task is 69.00% complete.
t1_sim:[72866. 73047. 72633.] t2_sim:[61945. 61667. 59977.]
Task is 70.00% complete.
t1_sim:[63746. 63940. 60720.] t2_sim:[65449. 64788. 65648.]
Task is 71.00% complete.
t1_sim:[64581. 64393. 63952.] t2_sim:[60869. 60756. 60286.]
Task is 72.00% complete.
t1_sim:[64844. 65252. 65605.] t2_sim:[62409. 61950. 62225.]
Task is 73.00% complete.
t1_sim:[64764. 64572. 64023.] t2_sim:[62427. 61952. 61098.]
Task is 74.00% complete.
t1_sim:[67237. 67808. 68070.] t2_sim:[59745. 59919. 62195.]
Task is 75.00% complete.
t1_sim:[59792. 59283. 59906.] t2_sim:[57694. 58205. 58846.]
Task is 76.00% complete.
t1_sim:[61186. 60952. 61865.] t2_sim:[63064. 63828. 65372.]
Task is 77.00% complete.
t1_sim:[59750. 59245. 58303.] t2_sim:[64918. 65245. 67854.]
Task is 78.00% complete.
t1_sim:[56604. 57430. 57965.] t2_sim:[60490. 60635. 59801.]
Task is 79.00% complete.
t1_sim:[62155. 61825. 59007.] t2_sim:[59435. 59598. 59021.]
Task is 80.00% complete.
t1_sim:[61633. 61726. 62568.] t2_sim:[62186. 61981. 61129.]
Task is 81.00% complete.
t1_sim:[64570. 64525. 64170.] t2_sim:[64046. 64127. 63765.]
Task is 82.00% complete.
t1_sim:[62243. 62750. 63184.] t2_sim:[62099. 62552. 61943.]
Task is 83.00% complete.
t1_sim:[65960. 66458. 67182.] t2_sim:[62878. 63419. 65160.]
Task is 84.00% complete.
t1_sim:[66424. 66329. 63859.] t2_sim:[64282. 64288. 63991.]
Task is 85.00% complete.
t1_sim:[63755. 63656. 63698.] t2_sim:[58644. 58907. 61196.]
Task is 86.00% complete.
t1_sim:[60782. 61252. 63256.] t2_sim:[62915. 62874. 61546.]
Task is 87.00% complete.
t1_sim:[63636. 63210. 61421.] t2_sim:[59274. 59580. 58434.]
Task is 88.00% complete.
t1_sim:[61329. 61895. 62562.] t2_sim:[61820. 62283. 65414.]
Task is 89.00% complete.
t1_sim:[62985. 63139. 61982.] t2_sim:[68139. 68541. 66857.]
Task is 90.00% complete.
t1_sim:[63778. 63867. 60875.] t2_sim:[64781. 65418. 66577.]
Task is 91.00% complete.
t1_sim:[70796. 70287. 70433.] t2_sim:[67468. 67471. 64889.]
Task is 92.00% complete.
t1_sim:[61079. 61250. 62034.] t2_sim:[58805. 59024. 59158.]
Task is 93.00% complete.
t1_sim:[59846. 59582. 62969.] t2_sim:[61519. 61497. 59887.]
Task is 94.00% complete.
t1_sim:[59055. 58743. 59163.] t2_sim:[59648. 59874. 59815.]
Task is 95.00% complete.
t1_sim:[65217. 64922. 66538.] t2_sim:[58254. 58683. 59985.]
Task is 96.00% complete.
t1_sim:[61412. 61449. 60997.] t2_sim:[65389. 65935. 65523.]
Task is 97.00% complete.
t1_sim:[59997. 60780. 61627.] t2_sim:[66079. 66072. 64990.]
Task is 98.00% complete.
t1_sim:[57279. 56940. 55066.] t2_sim:[66936. 66892. 67728.]
Task is 99.00% complete.
t1_sim:[62869. 63457. 60140.] t2_sim:[60246. 60539. 65492.]
Finished
