/scratch/jz4721/Post-prediction-Causal-Inference/venv/lib/python3.8/site-packages/numpy/core/getlimits.py:518: UserWarning: The value of the smallest subnormal for <class 'numpy.float64'> type is zero.
  setattr(self, word, getattr(machar, word).flat[0])
/scratch/jz4721/Post-prediction-Causal-Inference/venv/lib/python3.8/site-packages/numpy/core/getlimits.py:89: UserWarning: The value of the smallest subnormal for <class 'numpy.float64'> type is zero.
  return self._float_to_str(self.smallest_subnormal)
/scratch/jz4721/Post-prediction-Causal-Inference/venv/lib/python3.8/site-packages/numpy/core/getlimits.py:518: UserWarning: The value of the smallest subnormal for <class 'numpy.float32'> type is zero.
  setattr(self, word, getattr(machar, word).flat[0])
/scratch/jz4721/Post-prediction-Causal-Inference/venv/lib/python3.8/site-packages/numpy/core/getlimits.py:89: UserWarning: The value of the smallest subnormal for <class 'numpy.float32'> type is zero.
  return self._float_to_str(self.smallest_subnormal)
Training start
t1_obs:[array(63989.), array(64196.), array(63325.)] t2_obs:[array(68088.), array(68243.), array(68850.)]
corr_G1:[None, None, 0] corr_G2:[None, None, -1.4230825447090845e-17]
Training end
Task is 0.00% complete.
t1_sim:[59496. 59250. 57656.] t2_sim:[60259. 60447. 61146.]
Task is 1.00% complete.
t1_sim:[64241. 64225. 61346.] t2_sim:[55603. 55432. 57561.]
Task is 2.00% complete.
t1_sim:[60196. 60148. 59167.] t2_sim:[62184. 62680. 66310.]
Task is 3.00% complete.
t1_sim:[56502. 56743. 57325.] t2_sim:[59876. 60197. 57590.]
Task is 4.00% complete.
t1_sim:[70824. 70888. 71340.] t2_sim:[61784. 61825. 62670.]
Task is 5.00% complete.
t1_sim:[58489. 58531. 60037.] t2_sim:[60527. 60834. 61760.]
Task is 6.00% complete.
t1_sim:[67456. 68182. 68256.] t2_sim:[61319. 61505. 58230.]
Task is 7.00% complete.
t1_sim:[67487. 67608. 66794.] t2_sim:[63848. 63896. 66819.]
Task is 8.00% complete.
t1_sim:[56190. 56212. 60042.] t2_sim:[62133. 62204. 63375.]
Task is 9.00% complete.
t1_sim:[64981. 65209. 64530.] t2_sim:[63237. 63119. 60393.]
Task is 10.00% complete.
t1_sim:[66395. 66591. 68765.] t2_sim:[63588. 63951. 68614.]
Task is 11.00% complete.
t1_sim:[59621. 59764. 59155.] t2_sim:[62433. 62630. 67472.]
Task is 12.00% complete.
t1_sim:[63240. 63819. 63570.] t2_sim:[61972. 62167. 61988.]
Task is 13.00% complete.
t1_sim:[65445. 65126. 62488.] t2_sim:[61455. 61978. 65219.]
Task is 14.00% complete.
t1_sim:[63949. 63743. 65387.] t2_sim:[64450. 63647. 63849.]
Task is 15.00% complete.
t1_sim:[63650. 63772. 65053.] t2_sim:[59254. 59858. 60725.]
Task is 16.00% complete.
t1_sim:[64709. 64646. 65840.] t2_sim:[59463. 59174. 60497.]
Task is 17.00% complete.
t1_sim:[68479. 68377. 66110.] t2_sim:[62866. 62675. 58502.]
Task is 18.00% complete.
t1_sim:[61181. 61222. 61801.] t2_sim:[63596. 64027. 66315.]
Task is 19.00% complete.
t1_sim:[62472. 62599. 63213.] t2_sim:[62199. 62162. 63116.]
Task is 20.00% complete.
t1_sim:[61521. 61551. 64432.] t2_sim:[63998. 63751. 61639.]
Task is 21.00% complete.
t1_sim:[59879. 59998. 56678.] t2_sim:[67172. 66860. 69306.]
Task is 22.00% complete.
t1_sim:[54459. 54380. 56171.] t2_sim:[61405. 61378. 62703.]
Task is 23.00% complete.
t1_sim:[62501. 62152. 56286.] t2_sim:[58206. 58351. 56968.]
Task is 24.00% complete.
t1_sim:[60988. 60721. 61835.] t2_sim:[57181. 57126. 57443.]
Task is 25.00% complete.
t1_sim:[67744. 67613. 67220.] t2_sim:[63099. 63090. 59880.]
Task is 26.00% complete.
t1_sim:[60495. 60634. 62903.] t2_sim:[62028. 61815. 63533.]
Task is 27.00% complete.
t1_sim:[63829. 63993. 68955.] t2_sim:[62271. 62696. 60353.]
Task is 28.00% complete.
t1_sim:[60183. 59955. 60571.] t2_sim:[66562. 66205. 66792.]
Task is 29.00% complete.
t1_sim:[64664. 64678. 65610.] t2_sim:[62679. 62906. 65353.]
Task is 30.00% complete.
t1_sim:[64117. 64448. 65127.] t2_sim:[62935. 62866. 62820.]
Task is 31.00% complete.
t1_sim:[57551. 58049. 53592.] t2_sim:[66793. 67062. 65832.]
Task is 32.00% complete.
t1_sim:[63402. 63704. 64323.] t2_sim:[59531. 59955. 60721.]
Task is 33.00% complete.
t1_sim:[52877. 52843. 53421.] t2_sim:[66781. 67053. 66750.]
Task is 34.00% complete.
t1_sim:[62518. 62075. 59848.] t2_sim:[61972. 62178. 63449.]
Task is 35.00% complete.
t1_sim:[65511. 65628. 68381.] t2_sim:[56514. 56821. 59296.]
Task is 36.00% complete.
t1_sim:[65997. 65499. 64453.] t2_sim:[65962. 66011. 64369.]
Task is 37.00% complete.
t1_sim:[67373. 68075. 66558.] t2_sim:[63863. 63479. 62603.]
Task is 38.00% complete.
t1_sim:[66501. 66446. 65943.] t2_sim:[64562. 64975. 65739.]
Task is 39.00% complete.
t1_sim:[66813. 66857. 63959.] t2_sim:[60906. 60572. 60375.]
Task is 40.00% complete.
t1_sim:[59716. 60114. 58563.] t2_sim:[65904. 66112. 63975.]
Task is 41.00% complete.
t1_sim:[59606. 59326. 58757.] t2_sim:[64610. 64696. 64222.]
Task is 42.00% complete.
t1_sim:[59656. 59497. 62258.] t2_sim:[58720. 59201. 61897.]
Task is 43.00% complete.
t1_sim:[62963. 63087. 63396.] t2_sim:[66424. 66890. 64614.]
Task is 44.00% complete.
t1_sim:[65584. 64867. 64177.] t2_sim:[64298. 63943. 66827.]
Task is 45.00% complete.
t1_sim:[58383. 59055. 59981.] t2_sim:[63411. 63196. 66821.]
Task is 46.00% complete.
t1_sim:[61930. 61559. 60629.] t2_sim:[64924. 64903. 61886.]
Task is 47.00% complete.
t1_sim:[59182. 59665. 59438.] t2_sim:[58355. 58282. 60703.]
Task is 48.00% complete.
t1_sim:[59866. 59725. 60553.] t2_sim:[65896. 65511. 64753.]
Task is 49.00% complete.
t1_sim:[68602. 68046. 66878.] t2_sim:[62460. 62644. 62260.]
Task is 50.00% complete.
t1_sim:[61546. 60970. 59791.] t2_sim:[64718. 64672. 63153.]
Task is 51.00% complete.
t1_sim:[58632. 58528. 59055.] t2_sim:[64128. 64005. 61073.]
Task is 52.00% complete.
t1_sim:[64243. 63946. 62354.] t2_sim:[65177. 65543. 62845.]
Task is 53.00% complete.
t1_sim:[62155. 61732. 62036.] t2_sim:[64944. 64930. 64223.]
Task is 54.00% complete.
t1_sim:[58264. 58343. 61533.] t2_sim:[58762. 58764. 59544.]
Task is 55.00% complete.
t1_sim:[64997. 65113. 63889.] t2_sim:[59634. 59718. 63834.]
Task is 56.00% complete.
t1_sim:[71306. 71030. 68157.] t2_sim:[62562. 62471. 60984.]
Task is 57.00% complete.
t1_sim:[61749. 61566. 60534.] t2_sim:[63904. 63621. 61597.]
Task is 58.00% complete.
t1_sim:[65949. 65635. 67486.] t2_sim:[68810. 68336. 65298.]
Task is 59.00% complete.
t1_sim:[66901. 67107. 66593.] t2_sim:[62697. 62899. 61121.]
Task is 60.00% complete.
t1_sim:[56578. 56230. 57499.] t2_sim:[60402. 60791. 62738.]
Task is 61.00% complete.
t1_sim:[60122. 60118. 59515.] t2_sim:[65269. 65351. 65725.]
Task is 62.00% complete.
t1_sim:[64184. 64034. 64450.] t2_sim:[63640. 64316. 66855.]
Task is 63.00% complete.
t1_sim:[62885. 62675. 64021.] t2_sim:[60132. 60061. 58150.]
Task is 64.00% complete.
t1_sim:[56584. 56597. 60428.] t2_sim:[63601. 63552. 64389.]
Task is 65.00% complete.
t1_sim:[61210. 61646. 62121.] t2_sim:[57590. 57847. 61220.]
Task is 66.00% complete.
t1_sim:[61724. 61548. 60252.] t2_sim:[61683. 62111. 60999.]
Task is 67.00% complete.
t1_sim:[62281. 62085. 64996.] t2_sim:[63772. 64277. 64112.]
Task is 68.00% complete.
t1_sim:[71781. 71507. 69210.] t2_sim:[56362. 56342. 57230.]
Task is 69.00% complete.
t1_sim:[57732. 57665. 61142.] t2_sim:[69339. 69146. 64930.]
Task is 70.00% complete.
t1_sim:[64819. 65289. 66808.] t2_sim:[63772. 63719. 57787.]
Task is 71.00% complete.
t1_sim:[67056. 67074. 67048.] t2_sim:[59279. 59363. 63316.]
Task is 72.00% complete.
t1_sim:[63551. 63250. 62819.] t2_sim:[61051. 61384. 62385.]
Task is 73.00% complete.
t1_sim:[55414. 55473. 55180.] t2_sim:[58383. 58734. 58238.]
Task is 74.00% complete.
t1_sim:[66956. 67094. 71588.] t2_sim:[61369. 61013. 61695.]
Task is 75.00% complete.
t1_sim:[63533. 63458. 65881.] t2_sim:[64403. 64071. 60356.]
Task is 76.00% complete.
t1_sim:[65036. 65135. 65746.] t2_sim:[64282. 63977. 63181.]
Task is 77.00% complete.
t1_sim:[64613. 64134. 66967.] t2_sim:[65894. 66319. 62429.]
Task is 78.00% complete.
t1_sim:[62081. 61990. 63227.] t2_sim:[60943. 61338. 61167.]
Task is 79.00% complete.
t1_sim:[62746. 62897. 63062.] t2_sim:[58571. 58165. 57673.]
Task is 80.00% complete.
t1_sim:[61384. 62340. 66130.] t2_sim:[63674. 63856. 64321.]
Task is 81.00% complete.
t1_sim:[62760. 62393. 61730.] t2_sim:[63168. 63554. 58842.]
Task is 82.00% complete.
t1_sim:[67277. 67444. 66027.] t2_sim:[69123. 69359. 66150.]
Task is 83.00% complete.
t1_sim:[62683. 63050. 62002.] t2_sim:[60163. 60322. 64776.]
Task is 84.00% complete.
t1_sim:[64373. 64229. 62128.] t2_sim:[57102. 57165. 53953.]
Task is 85.00% complete.
t1_sim:[62612. 63214. 65091.] t2_sim:[65402. 65736. 64465.]
Task is 86.00% complete.
t1_sim:[60094. 60354. 58913.] t2_sim:[64221. 64365. 66303.]
Task is 87.00% complete.
t1_sim:[63704. 62759. 62066.] t2_sim:[63571. 63712. 63643.]
Task is 88.00% complete.
t1_sim:[63471. 63537. 64897.] t2_sim:[61915. 61982. 61018.]
Task is 89.00% complete.
t1_sim:[70087. 69588. 67203.] t2_sim:[66014. 65846. 64374.]
Task is 90.00% complete.
t1_sim:[63182. 63760. 62222.] t2_sim:[63264. 63477. 65224.]
Task is 91.00% complete.
t1_sim:[61982. 61853. 64045.] t2_sim:[62986. 62020. 61858.]
Task is 92.00% complete.
t1_sim:[59423. 59797. 59719.] t2_sim:[57609. 57693. 60200.]
Task is 93.00% complete.
t1_sim:[64793. 64678. 64315.] t2_sim:[59000. 58878. 57549.]
Task is 94.00% complete.
t1_sim:[59442. 59563. 62088.] t2_sim:[64767. 64591. 66186.]
Task is 95.00% complete.
t1_sim:[62700. 62994. 61991.] t2_sim:[61341. 61127. 62425.]
Task is 96.00% complete.
t1_sim:[59350. 59602. 60561.] t2_sim:[62525. 63201. 64990.]
Task is 97.00% complete.
t1_sim:[60688. 60378. 60707.] t2_sim:[66678. 66916. 65665.]
Task is 98.00% complete.
t1_sim:[64302. 63975. 62852.] t2_sim:[66883. 67144. 68481.]
Task is 99.00% complete.
t1_sim:[63654. 63275. 64038.] t2_sim:[62705. 62875. 65705.]
Training start
t1_obs:[array(63989.), array(64196.), array(62751.)] t2_obs:[array(68088.), array(68243.), array(68023.)]
corr_G1:[None, None, 0.9768398845216514] corr_G2:[None, None, 0.9841599089190712]
Training end
Task is 0.00% complete.
t1_sim:[70417. 70535. 72229.] t2_sim:[60669. 60752. 60455.]
Task is 1.00% complete.
t1_sim:[61561. 61476. 59569.] t2_sim:[67530. 66717. 65422.]
Task is 2.00% complete.
t1_sim:[60016. 60423. 59091.] t2_sim:[65662. 66134. 65204.]
Task is 3.00% complete.
t1_sim:[61638. 61733. 62187.] t2_sim:[64303. 64095. 64284.]
Task is 4.00% complete.
t1_sim:[60010. 60317. 60863.] t2_sim:[65120. 65307. 65112.]
Task is 5.00% complete.
t1_sim:[60162. 59791. 61527.] t2_sim:[66129. 66334. 65274.]
Task is 6.00% complete.
t1_sim:[64567. 64623. 64990.] t2_sim:[59903. 59586. 60088.]
Task is 7.00% complete.
t1_sim:[67352. 67608. 66578.] t2_sim:[60911. 61217. 62953.]
Task is 8.00% complete.
t1_sim:[62973. 62813. 62894.] t2_sim:[63182. 63183. 61706.]
Task is 9.00% complete.
t1_sim:[61339. 61310. 62161.] t2_sim:[61802. 61729. 58369.]
Task is 10.00% complete.
t1_sim:[66128. 66075. 67212.] t2_sim:[63656. 63786. 62984.]
Task is 11.00% complete.
t1_sim:[55846. 55702. 56248.] t2_sim:[60095. 60296. 62459.]
Task is 12.00% complete.
t1_sim:[67349. 67334. 68399.] t2_sim:[62858. 62457. 61475.]
Task is 13.00% complete.
t1_sim:[64598. 64077. 66509.] t2_sim:[66205. 66410. 65176.]
Task is 14.00% complete.
t1_sim:[61017. 60588. 62069.] t2_sim:[62608. 62621. 60877.]
Task is 15.00% complete.
t1_sim:[63284. 63544. 63726.] t2_sim:[64008. 64148. 64132.]
Task is 16.00% complete.
t1_sim:[69487. 69358. 69314.] t2_sim:[60443. 60710. 60704.]
Task is 17.00% complete.
t1_sim:[64172. 64295. 62997.] t2_sim:[60258. 60746. 62767.]
Task is 18.00% complete.
t1_sim:[66007. 66757. 69076.] t2_sim:[61846. 62326. 61555.]
Task is 19.00% complete.
t1_sim:[63476. 63167. 61969.] t2_sim:[64012. 64122. 64265.]
Task is 20.00% complete.
t1_sim:[64977. 64785. 65735.] t2_sim:[61956. 62146. 62226.]
Task is 21.00% complete.
t1_sim:[63033. 63613. 62691.] t2_sim:[65902. 66593. 65666.]
Task is 22.00% complete.
t1_sim:[60251. 60349. 58135.] t2_sim:[64896. 64849. 67211.]
Task is 23.00% complete.
t1_sim:[62035. 61800. 64141.] t2_sim:[62461. 62178. 61760.]
Task is 24.00% complete.
t1_sim:[65041. 65529. 65282.] t2_sim:[60095. 60252. 62353.]
Task is 25.00% complete.
t1_sim:[63604. 64080. 64143.] t2_sim:[60934. 60893. 58896.]
Task is 26.00% complete.
t1_sim:[63785. 64302. 63802.] t2_sim:[63799. 63844. 64137.]
Task is 27.00% complete.
t1_sim:[57960. 57459. 59072.] t2_sim:[65734. 65984. 66192.]
Task is 28.00% complete.
t1_sim:[66415. 66500. 66322.] t2_sim:[64859. 64747. 65857.]
Task is 29.00% complete.
t1_sim:[65771. 65843. 66223.] t2_sim:[63874. 63750. 62942.]
Task is 30.00% complete.
t1_sim:[59437. 59379. 57560.] t2_sim:[66421. 66533. 66581.]
Task is 31.00% complete.
t1_sim:[66510. 66159. 66630.] t2_sim:[67464. 67614. 64870.]
Task is 32.00% complete.
t1_sim:[61094. 60715. 60055.] t2_sim:[57544. 57669. 57891.]
Task is 33.00% complete.
t1_sim:[66596. 66853. 67104.] t2_sim:[65154. 65289. 66050.]
Task is 34.00% complete.
t1_sim:[67215. 67106. 65978.] t2_sim:[56373. 56823. 57037.]
Task is 35.00% complete.
t1_sim:[63473. 64326. 64871.] t2_sim:[62805. 62810. 63837.]
Task is 36.00% complete.
t1_sim:[59871. 60265. 62943.] t2_sim:[66903. 66636. 70203.]
Task is 37.00% complete.
t1_sim:[64853. 65141. 64697.] t2_sim:[62476. 62271. 60205.]
Task is 38.00% complete.
t1_sim:[62497. 62369. 61452.] t2_sim:[64654. 64399. 66029.]
Task is 39.00% complete.
t1_sim:[59132. 58626. 59178.] t2_sim:[59154. 59345. 59857.]
Task is 40.00% complete.
t1_sim:[69952. 70435. 68914.] t2_sim:[65060. 65298. 64919.]
Task is 41.00% complete.
t1_sim:[59246. 59046. 60272.] t2_sim:[59172. 59510. 60243.]
Task is 42.00% complete.
t1_sim:[62079. 62276. 62489.] t2_sim:[54826. 54877. 56150.]
Task is 43.00% complete.
t1_sim:[66315. 66630. 65968.] t2_sim:[64064. 64126. 63822.]
Task is 44.00% complete.
t1_sim:[68117. 68181. 66882.] t2_sim:[66370. 66106. 67531.]
Task is 45.00% complete.
t1_sim:[64520. 64431. 64368.] t2_sim:[61677. 61321. 60454.]
Task is 46.00% complete.
t1_sim:[58998. 58851. 56856.] t2_sim:[54019. 53070. 52963.]
Task is 47.00% complete.
t1_sim:[64401. 64363. 63416.] t2_sim:[65380. 65326. 64659.]
Task is 48.00% complete.
t1_sim:[62265. 61920. 61625.] t2_sim:[60151. 59874. 58062.]
Task is 49.00% complete.
t1_sim:[61511. 61645. 62455.] t2_sim:[61286. 61449. 61123.]
Task is 50.00% complete.
t1_sim:[64868. 65212. 64040.] t2_sim:[65852. 65487. 63333.]
Task is 51.00% complete.
t1_sim:[64507. 64563. 63342.] t2_sim:[65781. 65603. 65154.]
Task is 52.00% complete.
t1_sim:[59506. 59396. 60855.] t2_sim:[65993. 66275. 65012.]
Task is 53.00% complete.
t1_sim:[66505. 65744. 65033.] t2_sim:[63295. 63713. 62484.]
Task is 54.00% complete.
t1_sim:[61919. 61527. 62203.] t2_sim:[58273. 58692. 56592.]
Task is 55.00% complete.
t1_sim:[65798. 66147. 63974.] t2_sim:[60124. 60861. 60070.]
Task is 56.00% complete.
t1_sim:[66543. 66655. 66667.] t2_sim:[65765. 65633. 66539.]
Task is 57.00% complete.
t1_sim:[60383. 60700. 60888.] t2_sim:[65739. 65728. 67388.]
Task is 58.00% complete.
t1_sim:[62644. 62437. 62437.] t2_sim:[58824. 59282. 58952.]
Task is 59.00% complete.
t1_sim:[58411. 58709. 59241.] t2_sim:[64009. 63532. 63561.]
Task is 60.00% complete.
t1_sim:[62006. 61548. 61688.] t2_sim:[68018. 67775. 66699.]
Task is 61.00% complete.
t1_sim:[64443. 64818. 64591.] t2_sim:[55771. 55586. 58440.]
Task is 62.00% complete.
t1_sim:[64714. 64903. 65566.] t2_sim:[64130. 64818. 62782.]
Task is 63.00% complete.
t1_sim:[62198. 62148. 62560.] t2_sim:[60466. 60641. 59607.]
Task is 64.00% complete.
t1_sim:[62397. 62051. 61032.] t2_sim:[61846. 62428. 62957.]
Task is 65.00% complete.
t1_sim:[67443. 67405. 65999.] t2_sim:[58389. 58538. 60122.]
Task is 66.00% complete.
t1_sim:[65941. 65811. 67165.] t2_sim:[69495. 69606. 70466.]
Task is 67.00% complete.
t1_sim:[62349. 62625. 61740.] t2_sim:[62083. 61912. 61853.]
Task is 68.00% complete.
t1_sim:[57295. 57502. 58542.] t2_sim:[62723. 63070. 61542.]
Task is 69.00% complete.
t1_sim:[60174. 59723. 59462.] t2_sim:[58581. 58588. 61050.]
Task is 70.00% complete.
t1_sim:[63476. 63104. 63663.] t2_sim:[66672. 66686. 65743.]
Task is 71.00% complete.
t1_sim:[63582. 63807. 65294.] t2_sim:[63323. 63341. 64701.]
Task is 72.00% complete.
t1_sim:[66204. 66431. 65504.] t2_sim:[65601. 65189. 65458.]
Task is 73.00% complete.
t1_sim:[63528. 63321. 62344.] t2_sim:[63253. 62941. 64417.]
Task is 74.00% complete.
t1_sim:[62510. 62375. 63847.] t2_sim:[62725. 62768. 61296.]
Task is 75.00% complete.
t1_sim:[62581. 62360. 62080.] t2_sim:[63693. 64046. 61253.]
Task is 76.00% complete.
t1_sim:[60875. 60741. 62167.] t2_sim:[59846. 59907. 60157.]
Task is 77.00% complete.
t1_sim:[57904. 58431. 60083.] t2_sim:[61563. 61451. 59775.]
Task is 78.00% complete.
t1_sim:[61695. 61897. 62373.] t2_sim:[61209. 61195. 58398.]
Task is 79.00% complete.
t1_sim:[64479. 64446. 65687.] t2_sim:[61687. 61259. 61008.]
Task is 80.00% complete.
t1_sim:[65436. 65479. 67223.] t2_sim:[65991. 65759. 64528.]
Task is 81.00% complete.
t1_sim:[61424. 61258. 62938.] t2_sim:[68710. 68668. 65882.]
Task is 82.00% complete.
t1_sim:[64892. 64995. 64851.] t2_sim:[60261. 60199. 60869.]
Task is 83.00% complete.
t1_sim:[60931. 61183. 60508.] t2_sim:[65925. 65361. 63534.]
Task is 84.00% complete.
t1_sim:[63445. 63875. 63428.] t2_sim:[62264. 62285. 62664.]
Task is 85.00% complete.
t1_sim:[63858. 63401. 64899.] t2_sim:[59834. 60495. 58781.]
Task is 86.00% complete.
t1_sim:[62816. 62872. 62614.] t2_sim:[63365. 63578. 64201.]
Task is 87.00% complete.
t1_sim:[66258. 65848. 67049.] t2_sim:[57584. 57404. 58785.]
Task is 88.00% complete.
t1_sim:[59633. 60142. 60564.] t2_sim:[60592. 60641. 61265.]
Task is 89.00% complete.
t1_sim:[61482. 61450. 63484.] t2_sim:[65591. 66116. 67276.]
Task is 90.00% complete.
t1_sim:[60029. 59644. 59734.] t2_sim:[63335. 63057. 62366.]
Task is 91.00% complete.
t1_sim:[70075. 69403. 67237.] t2_sim:[57903. 57553. 59024.]
Task is 92.00% complete.
t1_sim:[62229. 62718. 61594.] t2_sim:[63099. 63105. 62478.]
Task is 93.00% complete.
t1_sim:[66425. 65896. 65823.] t2_sim:[62944. 62803. 64705.]
Task is 94.00% complete.
t1_sim:[65277. 65568. 64663.] t2_sim:[63500. 62250. 60906.]
Task is 95.00% complete.
t1_sim:[64507. 64621. 65095.] t2_sim:[64623. 64477. 63824.]
Task is 96.00% complete.
t1_sim:[65491. 65432. 64849.] t2_sim:[58427. 58469. 57680.]
Task is 97.00% complete.
t1_sim:[60420. 60133. 60197.] t2_sim:[69259. 69273. 66646.]
Task is 98.00% complete.
t1_sim:[57658. 57837. 57655.] t2_sim:[65466. 65962. 64317.]
Task is 99.00% complete.
t1_sim:[60593. 59794. 60862.] t2_sim:[65813. 66136. 66097.]
Training start
t1_obs:[array(63989.), array(64196.), array(62055.)] t2_obs:[array(68088.), array(68243.), array(68571.)]
corr_G1:[None, None, -0.11267511554088644] corr_G2:[None, None, -0.11794818643405262]
Training end
Task is 0.00% complete.
t1_sim:[63384. 63054. 67196.] t2_sim:[69580. 70018. 70612.]
Task is 1.00% complete.
t1_sim:[61330. 61430. 62519.] t2_sim:[60527. 60129. 62412.]
Task is 2.00% complete.
t1_sim:[65725. 65677. 66306.] t2_sim:[66686. 66484. 68701.]
Task is 3.00% complete.
t1_sim:[64569. 64907. 65034.] t2_sim:[62285. 62281. 61272.]
Task is 4.00% complete.
t1_sim:[64659. 65201. 65972.] t2_sim:[62073. 62491. 61719.]
Task is 5.00% complete.
t1_sim:[58305. 58542. 60509.] t2_sim:[61213. 60716. 59370.]
Task is 6.00% complete.
t1_sim:[62052. 62064. 62762.] t2_sim:[61713. 61721. 62291.]
Task is 7.00% complete.
t1_sim:[64939. 65197. 63031.] t2_sim:[58991. 59151. 60580.]
Task is 8.00% complete.
t1_sim:[60050. 59969. 61434.] t2_sim:[66121. 65952. 64881.]
Task is 9.00% complete.
t1_sim:[58685. 58603. 58117.] t2_sim:[63125. 62575. 61061.]
Task is 10.00% complete.
t1_sim:[60850. 60488. 61422.] t2_sim:[61896. 61922. 59621.]
Task is 11.00% complete.
t1_sim:[61435. 61699. 63947.] t2_sim:[60485. 60735. 59226.]
Task is 12.00% complete.
t1_sim:[65856. 65655. 65830.] t2_sim:[60514. 60190. 60160.]
Task is 13.00% complete.
t1_sim:[68403. 68148. 67889.] t2_sim:[62476. 63138. 63644.]
Task is 14.00% complete.
t1_sim:[62736. 62700. 63433.] t2_sim:[55435. 55725. 57485.]
Task is 15.00% complete.
t1_sim:[63896. 63576. 64102.] t2_sim:[62173. 62130. 63424.]
Task is 16.00% complete.
t1_sim:[63312. 63519. 65174.] t2_sim:[65413. 64679. 65592.]
Task is 17.00% complete.
t1_sim:[63283. 62657. 64743.] t2_sim:[63886. 63680. 63993.]
Task is 18.00% complete.
t1_sim:[61197. 60971. 64556.] t2_sim:[60670. 60934. 60122.]
Task is 19.00% complete.
t1_sim:[58030. 58042. 60577.] t2_sim:[64338. 63619. 61482.]
Task is 20.00% complete.
t1_sim:[70745. 69963. 70151.] t2_sim:[60498. 60879. 59925.]
Task is 21.00% complete.
t1_sim:[61113. 60495. 59306.] t2_sim:[68478. 68668. 66526.]
Task is 22.00% complete.
t1_sim:[62779. 62445. 62980.] t2_sim:[61906. 61772. 64562.]
Task is 23.00% complete.
t1_sim:[61308. 60938. 62247.] t2_sim:[63921. 63911. 64695.]
Task is 24.00% complete.
t1_sim:[60609. 61301. 64067.] t2_sim:[66016. 65923. 65752.]
Task is 25.00% complete.
t1_sim:[59037. 59153. 60912.] t2_sim:[63499. 63392. 64754.]
Task is 26.00% complete.
t1_sim:[56356. 56859. 59287.] t2_sim:[64198. 64199. 62925.]
Task is 27.00% complete.
t1_sim:[59020. 58780. 61171.] t2_sim:[63828. 63492. 63475.]
Task is 28.00% complete.
t1_sim:[65619. 65919. 67145.] t2_sim:[57346. 56903. 57165.]
Task is 29.00% complete.
t1_sim:[56995. 56924. 58573.] t2_sim:[60329. 60769. 59383.]
Task is 30.00% complete.
t1_sim:[64843. 64851. 64503.] t2_sim:[63137. 62778. 62749.]
Task is 31.00% complete.
t1_sim:[58481. 59057. 59624.] t2_sim:[63846. 63974. 65643.]
Task is 32.00% complete.
t1_sim:[60984. 61458. 61633.] t2_sim:[62011. 61750. 63051.]
Task is 33.00% complete.
t1_sim:[60963. 60989. 60869.] t2_sim:[59597. 59939. 57465.]
Task is 34.00% complete.
t1_sim:[60260. 60360. 60178.] t2_sim:[66616. 66380. 66606.]
Task is 35.00% complete.
t1_sim:[65153. 64863. 65173.] t2_sim:[58708. 59005. 59569.]
Task is 36.00% complete.
t1_sim:[57339. 57580. 57557.] t2_sim:[58740. 58697. 56418.]
Task is 37.00% complete.
t1_sim:[63517. 63249. 63634.] t2_sim:[65589. 65497. 64672.]
Task is 38.00% complete.
t1_sim:[62998. 62574. 65632.] t2_sim:[64160. 64479. 63361.]
Task is 39.00% complete.
t1_sim:[64451. 64999. 65228.] t2_sim:[62356. 62359. 63909.]
Task is 40.00% complete.
t1_sim:[65845. 65720. 67385.] t2_sim:[66201. 65920. 66827.]
Task is 41.00% complete.
t1_sim:[63623. 63715. 65449.] t2_sim:[61275. 61248. 62878.]
Task is 42.00% complete.
t1_sim:[62628. 62336. 63811.] t2_sim:[71352. 71093. 67629.]
Task is 43.00% complete.
t1_sim:[61555. 61417. 63363.] t2_sim:[64206. 63999. 63763.]
Task is 44.00% complete.
t1_sim:[60886. 60762. 57989.] t2_sim:[61937. 61953. 60778.]
Task is 45.00% complete.
t1_sim:[64447. 65195. 65605.] t2_sim:[65927. 66147. 66135.]
Task is 46.00% complete.
t1_sim:[65781. 65609. 62548.] t2_sim:[65845. 65966. 66242.]
Task is 47.00% complete.
t1_sim:[61935. 61359. 60041.] t2_sim:[59858. 59617. 58371.]
Task is 48.00% complete.
t1_sim:[63317. 63254. 64515.] t2_sim:[65711. 65473. 61822.]
Task is 49.00% complete.
t1_sim:[59325. 59321. 61044.] t2_sim:[67552. 66816. 67305.]
Task is 50.00% complete.
t1_sim:[58580. 58149. 59523.] t2_sim:[65804. 65461. 65460.]
Task is 51.00% complete.
t1_sim:[61075. 60646. 60573.] t2_sim:[69116. 68472. 67870.]
Task is 52.00% complete.
t1_sim:[62944. 62964. 61789.] t2_sim:[65502. 65419. 63993.]
Task is 53.00% complete.
t1_sim:[61039. 60348. 59542.] t2_sim:[66575. 66975. 68164.]
Task is 54.00% complete.
t1_sim:[66704. 66503. 63933.] t2_sim:[56909. 57188. 57995.]
Task is 55.00% complete.
t1_sim:[62934. 62957. 61269.] t2_sim:[61226. 61463. 60853.]
Task is 56.00% complete.
t1_sim:[61265. 61486. 60115.] t2_sim:[67303. 67112. 67318.]
Task is 57.00% complete.
t1_sim:[64247. 63687. 65298.] t2_sim:[66432. 66196. 65786.]
Task is 58.00% complete.
t1_sim:[58215. 58309. 58242.] t2_sim:[64216. 64197. 63152.]
Task is 59.00% complete.
t1_sim:[62213. 61540. 62367.] t2_sim:[59798. 59701. 61459.]
Task is 60.00% complete.
t1_sim:[63897. 63391. 64047.] t2_sim:[56045. 56045. 57818.]
Task is 61.00% complete.
t1_sim:[64365. 64106. 64580.] t2_sim:[61001. 61107. 60930.]
Task is 62.00% complete.
t1_sim:[65406. 65612. 67457.] t2_sim:[67165. 67666. 66634.]
Task is 63.00% complete.
t1_sim:[60690. 60476. 60933.] t2_sim:[64330. 64303. 64817.]
Task is 64.00% complete.
t1_sim:[62252. 62222. 61816.] t2_sim:[62198. 62097. 63388.]
Task is 65.00% complete.
t1_sim:[61715. 61290. 61461.] t2_sim:[65497. 65173. 63433.]
Task is 66.00% complete.
t1_sim:[61134. 61674. 64898.] t2_sim:[66288. 66478. 65705.]
Task is 67.00% complete.
t1_sim:[58494. 58997. 62861.] t2_sim:[68877. 68594. 68136.]
Task is 68.00% complete.
t1_sim:[64989. 65295. 67675.] t2_sim:[58248. 57784. 58219.]
Task is 69.00% complete.
t1_sim:[60899. 61397. 64231.] t2_sim:[63419. 63443. 65467.]
Task is 70.00% complete.
t1_sim:[62870. 63462. 65187.] t2_sim:[59925. 59649. 60601.]
Task is 71.00% complete.
t1_sim:[62679. 62329. 64751.] t2_sim:[63685. 64014. 64433.]
Task is 72.00% complete.
t1_sim:[65736. 65820. 64799.] t2_sim:[62609. 63245. 63759.]
Task is 73.00% complete.
t1_sim:[59117. 59147. 59230.] t2_sim:[64423. 64595. 63016.]
Task is 74.00% complete.
t1_sim:[68058. 67926. 66117.] t2_sim:[65983. 66032. 62733.]
Task is 75.00% complete.
t1_sim:[58795. 59077. 59246.] t2_sim:[69624. 69815. 70987.]
Task is 76.00% complete.
t1_sim:[60642. 60447. 62134.] t2_sim:[66645. 66536. 66221.]
Task is 77.00% complete.
t1_sim:[58709. 59128. 59205.] t2_sim:[61934. 61774. 60920.]
Task is 78.00% complete.
t1_sim:[71210. 70948. 71092.] t2_sim:[63888. 64165. 61931.]
Task is 79.00% complete.
t1_sim:[66672. 66912. 70902.] t2_sim:[58274. 58523. 57416.]
Task is 80.00% complete.
t1_sim:[59157. 58965. 62626.] t2_sim:[62589. 62862. 61649.]
Task is 81.00% complete.
t1_sim:[62167. 62200. 66163.] t2_sim:[64344. 64215. 65081.]
Task is 82.00% complete.
t1_sim:[62090. 61777. 59063.] t2_sim:[64110. 63818. 63567.]
Task is 83.00% complete.
t1_sim:[61940. 61930. 61668.] t2_sim:[67510. 67340. 64766.]
Task is 84.00% complete.
t1_sim:[59487. 59841. 60939.] t2_sim:[63073. 62875. 61798.]
Task is 85.00% complete.
t1_sim:[59314. 59342. 62321.] t2_sim:[62143. 62163. 63904.]
Task is 86.00% complete.
t1_sim:[68075. 68221. 67701.] t2_sim:[55268. 55553. 58250.]
Task is 87.00% complete.
t1_sim:[57439. 57400. 57224.] t2_sim:[66160. 66148. 65228.]
Task is 88.00% complete.
t1_sim:[59612. 59768. 61265.] t2_sim:[64244. 64656. 65515.]
Task is 89.00% complete.
t1_sim:[61088. 60871. 61124.] t2_sim:[62624. 62909. 63282.]
Task is 90.00% complete.
t1_sim:[62643. 62419. 64425.] t2_sim:[67769. 67299. 65912.]
Task is 91.00% complete.
t1_sim:[65850. 65389. 64853.] t2_sim:[61334. 61731. 62892.]
Task is 92.00% complete.
t1_sim:[58834. 59062. 62090.] t2_sim:[62879. 62881. 63525.]
Task is 93.00% complete.
t1_sim:[56583. 56592. 59387.] t2_sim:[59829. 60042. 59946.]
Task is 94.00% complete.
t1_sim:[61321. 61097. 62525.] t2_sim:[63602. 63312. 60263.]
Task is 95.00% complete.
t1_sim:[62098. 62454. 62096.] t2_sim:[62676. 63228. 63387.]
Task is 96.00% complete.
t1_sim:[62435. 62378. 61127.] t2_sim:[62688. 63111. 63382.]
Task is 97.00% complete.
t1_sim:[61497. 60856. 60223.] t2_sim:[57680. 58135. 59808.]
Task is 98.00% complete.
t1_sim:[63071. 62512. 63471.] t2_sim:[65704. 66117. 65485.]
Task is 99.00% complete.
t1_sim:[63171. 63487. 64218.] t2_sim:[63796. 63717. 61949.]
Finished
