/scratch/jz4721/Post-prediction-Causal-Inference/venv/lib/python3.8/site-packages/numpy/core/getlimits.py:518: UserWarning: The value of the smallest subnormal for <class 'numpy.float64'> type is zero.
  setattr(self, word, getattr(machar, word).flat[0])
/scratch/jz4721/Post-prediction-Causal-Inference/venv/lib/python3.8/site-packages/numpy/core/getlimits.py:89: UserWarning: The value of the smallest subnormal for <class 'numpy.float64'> type is zero.
  return self._float_to_str(self.smallest_subnormal)
/scratch/jz4721/Post-prediction-Causal-Inference/venv/lib/python3.8/site-packages/numpy/core/getlimits.py:518: UserWarning: The value of the smallest subnormal for <class 'numpy.float32'> type is zero.
  setattr(self, word, getattr(machar, word).flat[0])
/scratch/jz4721/Post-prediction-Causal-Inference/venv/lib/python3.8/site-packages/numpy/core/getlimits.py:89: UserWarning: The value of the smallest subnormal for <class 'numpy.float32'> type is zero.
  return self._float_to_str(self.smallest_subnormal)
Training start
t1_obs:[array(61979.), array(61984.), array(63121.)] t2_obs:[array(61721.), array(61320.), array(63356.)]
corr_G1:[None, None, -1.6907073844075758e-17] corr_G2:[None, None, 0]
Training end
Task is 0.00% complete.
t1_sim:[61794. 61697. 62328.] t2_sim:[61438. 61361. 61143.]
Task is 1.00% complete.
t1_sim:[63549. 63652. 62611.] t2_sim:[64556. 64574. 61954.]
Task is 2.00% complete.
t1_sim:[60285. 60179. 59270.] t2_sim:[55451. 55480. 56076.]
Task is 3.00% complete.
t1_sim:[65872. 66180. 64795.] t2_sim:[63304. 63180. 61217.]
Task is 4.00% complete.
t1_sim:[63733. 63888. 66631.] t2_sim:[62798. 62654. 60257.]
Task is 5.00% complete.
t1_sim:[59936. 60336. 63557.] t2_sim:[64780. 64818. 60367.]
Task is 6.00% complete.
t1_sim:[57676. 57331. 60416.] t2_sim:[61037. 61009. 58792.]
Task is 7.00% complete.
t1_sim:[61654. 61583. 62081.] t2_sim:[69576. 69106. 65552.]
Task is 8.00% complete.
t1_sim:[66266. 66150. 63940.] t2_sim:[64462. 63782. 66590.]
Task is 9.00% complete.
t1_sim:[62018. 61893. 63157.] t2_sim:[67903. 68285. 67394.]
Task is 10.00% complete.
t1_sim:[57369. 57439. 56531.] t2_sim:[63926. 64441. 61328.]
Task is 11.00% complete.
t1_sim:[61878. 61859. 63230.] t2_sim:[60007. 59791. 59348.]
Task is 12.00% complete.
t1_sim:[59738. 59375. 58820.] t2_sim:[62942. 63097. 65698.]
Task is 13.00% complete.
t1_sim:[58677. 58465. 59394.] t2_sim:[62585. 62917. 65336.]
Task is 14.00% complete.
t1_sim:[63602. 63817. 64600.] t2_sim:[61596. 61534. 62497.]
Task is 15.00% complete.
t1_sim:[60917. 60941. 63964.] t2_sim:[62027. 62137. 62713.]
Task is 16.00% complete.
t1_sim:[62031. 61686. 59693.] t2_sim:[66654. 66326. 66781.]
Task is 17.00% complete.
t1_sim:[62088. 61824. 60322.] t2_sim:[69797. 70004. 69356.]
Task is 18.00% complete.
t1_sim:[55294. 55237. 58384.] t2_sim:[67478. 67648. 64021.]
Task is 19.00% complete.
t1_sim:[63583. 63373. 62632.] t2_sim:[60001. 60218. 58660.]
Task is 20.00% complete.
t1_sim:[69391. 69155. 70410.] t2_sim:[58404. 58558. 59631.]
Task is 21.00% complete.
t1_sim:[60129. 60582. 61714.] t2_sim:[65534. 65651. 62715.]
Task is 22.00% complete.
t1_sim:[64497. 64346. 60109.] t2_sim:[63037. 63098. 62561.]
Task is 23.00% complete.
t1_sim:[62735. 62626. 60514.] t2_sim:[63973. 63978. 59514.]
Task is 24.00% complete.
t1_sim:[57592. 57346. 55283.] t2_sim:[60324. 59996. 63088.]
Task is 25.00% complete.
t1_sim:[66843. 66986. 65916.] t2_sim:[63618. 63935. 65255.]
Task is 26.00% complete.
t1_sim:[69910. 69636. 66624.] t2_sim:[62313. 61867. 62341.]
Task is 27.00% complete.
t1_sim:[61130. 61187. 61093.] t2_sim:[61586. 61554. 64404.]
Task is 28.00% complete.
t1_sim:[65064. 64750. 63161.] t2_sim:[64441. 64283. 65178.]
Task is 29.00% complete.
t1_sim:[61553. 61616. 61669.] t2_sim:[64362. 64486. 63452.]
Task is 30.00% complete.
t1_sim:[62025. 61494. 61096.] t2_sim:[61934. 62357. 62904.]
Task is 31.00% complete.
t1_sim:[64015. 63548. 64367.] t2_sim:[60531. 60696. 60095.]
Task is 32.00% complete.
t1_sim:[58386. 58196. 62311.] t2_sim:[69497. 69677. 69211.]
Task is 33.00% complete.
t1_sim:[59644. 59998. 57664.] t2_sim:[66092. 66229. 59723.]
Task is 34.00% complete.
t1_sim:[66316. 66816. 68190.] t2_sim:[60885. 60782. 58212.]
Task is 35.00% complete.
t1_sim:[64551. 64339. 63563.] t2_sim:[59365. 59621. 63446.]
Task is 36.00% complete.
t1_sim:[63544. 63400. 65796.] t2_sim:[59975. 60379. 64299.]
Task is 37.00% complete.
t1_sim:[58228. 58060. 62857.] t2_sim:[63849. 63923. 65047.]
Task is 38.00% complete.
t1_sim:[63278. 63075. 61529.] t2_sim:[62879. 63107. 62345.]
Task is 39.00% complete.
t1_sim:[62142. 62161. 63637.] t2_sim:[55115. 55090. 54478.]
Task is 40.00% complete.
t1_sim:[60514. 60317. 66780.] t2_sim:[58287. 58062. 61046.]
Task is 41.00% complete.
t1_sim:[61008. 60962. 63540.] t2_sim:[62048. 61509. 62156.]
Task is 42.00% complete.
t1_sim:[61919. 61406. 61133.] t2_sim:[62494. 61911. 60423.]
Task is 43.00% complete.
t1_sim:[59764. 59299. 62672.] t2_sim:[61003. 60867. 64355.]
Task is 44.00% complete.
t1_sim:[66074. 65985. 63159.] t2_sim:[60524. 60649. 65357.]
Task is 45.00% complete.
t1_sim:[61642. 61596. 63011.] t2_sim:[69829. 69689. 66763.]
Task is 46.00% complete.
t1_sim:[61677. 62066. 68056.] t2_sim:[57423. 57203. 57858.]
Task is 47.00% complete.
t1_sim:[66019. 65659. 64549.] t2_sim:[63099. 63232. 62913.]
Task is 48.00% complete.
t1_sim:[61752. 61981. 58844.] t2_sim:[60388. 60314. 57214.]
Task is 49.00% complete.
t1_sim:[63461. 63398. 61588.] t2_sim:[67469. 67618. 68351.]
Task is 50.00% complete.
t1_sim:[59544. 59197. 56757.] t2_sim:[62521. 62733. 60839.]
Task is 51.00% complete.
t1_sim:[62536. 62390. 62467.] t2_sim:[62208. 62326. 61168.]
Task is 52.00% complete.
t1_sim:[66669. 66538. 64793.] t2_sim:[62170. 61917. 63326.]
Task is 53.00% complete.
t1_sim:[66486. 66685. 67900.] t2_sim:[59869. 59990. 61794.]
Task is 54.00% complete.
t1_sim:[61503. 61844. 63075.] t2_sim:[61010. 61339. 59500.]
Task is 55.00% complete.
t1_sim:[58657. 58862. 59159.] t2_sim:[65161. 65357. 65258.]
Task is 56.00% complete.
t1_sim:[62684. 62504. 64049.] t2_sim:[66449. 66623. 66828.]
Task is 57.00% complete.
t1_sim:[54261. 53922. 56555.] t2_sim:[62527. 62238. 62399.]
Task is 58.00% complete.
t1_sim:[56761. 56279. 58830.] t2_sim:[63368. 63406. 64926.]
Task is 59.00% complete.
t1_sim:[62368. 62316. 59982.] t2_sim:[58535. 58378. 55866.]
Task is 60.00% complete.
t1_sim:[58988. 59379. 58517.] t2_sim:[61457. 62005. 60882.]
Task is 61.00% complete.
t1_sim:[59015. 58803. 58196.] t2_sim:[61105. 60976. 62657.]
Task is 62.00% complete.
t1_sim:[64373. 65036. 67473.] t2_sim:[61516. 61439. 59753.]
Task is 63.00% complete.
t1_sim:[62830. 63003. 66940.] t2_sim:[61700. 61138. 58509.]
Task is 64.00% complete.
t1_sim:[62558. 62236. 62457.] t2_sim:[65129. 65082. 62850.]
Task is 65.00% complete.
t1_sim:[65448. 65369. 65527.] t2_sim:[62747. 62819. 62537.]
Task is 66.00% complete.
t1_sim:[59339. 58815. 58566.] t2_sim:[63201. 63524. 59880.]
Task is 67.00% complete.
t1_sim:[64213. 64392. 63791.] t2_sim:[63954. 63155. 62765.]
Task is 68.00% complete.
t1_sim:[62314. 62453. 59241.] t2_sim:[59654. 59910. 63093.]
Task is 69.00% complete.
t1_sim:[62709. 62511. 62433.] t2_sim:[62030. 62437. 66823.]
Task is 70.00% complete.
t1_sim:[60024. 59764. 60951.] t2_sim:[62788. 63272. 61425.]
Task is 71.00% complete.
t1_sim:[63988. 63894. 65644.] t2_sim:[63888. 63905. 65826.]
Task is 72.00% complete.
t1_sim:[64819. 64491. 67295.] t2_sim:[62137. 62108. 63435.]
Task is 73.00% complete.
t1_sim:[59150. 59197. 60566.] t2_sim:[71478. 71330. 67421.]
Task is 74.00% complete.
t1_sim:[68997. 68583. 64813.] t2_sim:[62853. 63401. 61093.]
Task is 75.00% complete.
t1_sim:[64124. 63916. 63470.] t2_sim:[59205. 59551. 64701.]
Task is 76.00% complete.
t1_sim:[61297. 61450. 59904.] t2_sim:[64275. 64362. 60639.]
Task is 77.00% complete.
t1_sim:[64251. 63918. 66168.] t2_sim:[61091. 61012. 59383.]
Task is 78.00% complete.
t1_sim:[59709. 59528. 57293.] t2_sim:[62061. 61856. 59522.]
Task is 79.00% complete.
t1_sim:[65802. 65563. 64647.] t2_sim:[67120. 67040. 67168.]
Task is 80.00% complete.
t1_sim:[58585. 58366. 61898.] t2_sim:[53360. 53660. 54599.]
Task is 81.00% complete.
t1_sim:[62745. 62833. 62426.] t2_sim:[63910. 63233. 65810.]
Task is 82.00% complete.
t1_sim:[58875. 58888. 57904.] t2_sim:[63227. 63200. 59357.]
Task is 83.00% complete.
t1_sim:[67935. 67826. 66235.] t2_sim:[65868. 66216. 61761.]
Task is 84.00% complete.
t1_sim:[65769. 65755. 65719.] t2_sim:[55630. 55499. 54871.]
Task is 85.00% complete.
t1_sim:[62812. 62453. 62604.] t2_sim:[64800. 64449. 64429.]
Task is 86.00% complete.
t1_sim:[67153. 67032. 63727.] t2_sim:[60994. 61259. 61696.]
Task is 87.00% complete.
t1_sim:[56585. 56911. 54886.] t2_sim:[66198. 66047. 64518.]
Task is 88.00% complete.
t1_sim:[59997. 59831. 64195.] t2_sim:[59770. 59559. 60397.]
Task is 89.00% complete.
t1_sim:[65419. 65472. 64589.] t2_sim:[61563. 60875. 60031.]
Task is 90.00% complete.
t1_sim:[60313. 60182. 59078.] t2_sim:[61539. 62169. 62212.]
Task is 91.00% complete.
t1_sim:[61956. 61597. 62565.] t2_sim:[64309. 64506. 66048.]
Task is 92.00% complete.
t1_sim:[66272. 66313. 64578.] t2_sim:[62892. 62741. 62458.]
Task is 93.00% complete.
t1_sim:[61588. 61343. 57229.] t2_sim:[66720. 67166. 65983.]
Task is 94.00% complete.
t1_sim:[59294. 59430. 59073.] t2_sim:[64451. 63868. 63404.]
Task is 95.00% complete.
t1_sim:[60042. 60438. 58749.] t2_sim:[62218. 61928. 63146.]
Task is 96.00% complete.
t1_sim:[62107. 62317. 59985.] t2_sim:[58367. 58400. 61161.]
Task is 97.00% complete.
t1_sim:[63026. 63185. 64631.] t2_sim:[57239. 57211. 57561.]
Task is 98.00% complete.
t1_sim:[54817. 54976. 57424.] t2_sim:[65010. 64778. 64364.]
Task is 99.00% complete.
t1_sim:[57934. 58439. 61387.] t2_sim:[61833. 61870. 58660.]
Training start
t1_obs:[array(61979.), array(61984.), array(62593.)] t2_obs:[array(61721.), array(61320.), array(62344.)]
corr_G1:[None, None, 0.999627810937551] corr_G2:[None, None, 0.9819380808979064]
Training end
Task is 0.00% complete.
t1_sim:[62974. 63666. 64321.] t2_sim:[63736. 63864. 62520.]
Task is 1.00% complete.
t1_sim:[64764. 64242. 64181.] t2_sim:[62438. 62393. 61675.]
Task is 2.00% complete.
t1_sim:[62403. 62631. 65661.] t2_sim:[63608. 63773. 63867.]
Task is 3.00% complete.
t1_sim:[60864. 61620. 62248.] t2_sim:[62764. 62760. 62218.]
Task is 4.00% complete.
t1_sim:[63947. 64155. 64413.] t2_sim:[62790. 63050. 63159.]
Task is 5.00% complete.
t1_sim:[59793. 59539. 59574.] t2_sim:[64384. 64112. 65582.]
Task is 6.00% complete.
t1_sim:[63069. 63046. 64100.] t2_sim:[65490. 65706. 65038.]
Task is 7.00% complete.
t1_sim:[63889. 64254. 63605.] t2_sim:[64785. 64628. 64392.]
Task is 8.00% complete.
t1_sim:[60524. 60759. 61280.] t2_sim:[57566. 57363. 60628.]
Task is 9.00% complete.
t1_sim:[59592. 59806. 59811.] t2_sim:[72136. 72112. 71279.]
Task is 10.00% complete.
t1_sim:[59633. 59378. 60836.] t2_sim:[63484. 63544. 62712.]
Task is 11.00% complete.
t1_sim:[65525. 65323. 67872.] t2_sim:[62763. 62866. 61089.]
Task is 12.00% complete.
t1_sim:[59604. 59862. 58732.] t2_sim:[65658. 65362. 66928.]
Task is 13.00% complete.
t1_sim:[60774. 60539. 60347.] t2_sim:[65831. 65668. 62608.]
Task is 14.00% complete.
t1_sim:[69222. 69398. 69456.] t2_sim:[65126. 65223. 65828.]
Task is 15.00% complete.
t1_sim:[66378. 66307. 65184.] t2_sim:[62829. 62803. 64315.]
Task is 16.00% complete.
t1_sim:[61807. 61374. 63502.] t2_sim:[57185. 56985. 58328.]
Task is 17.00% complete.
t1_sim:[62468. 63023. 60575.] t2_sim:[62281. 61939. 62517.]
Task is 18.00% complete.
t1_sim:[61781. 61860. 62528.] t2_sim:[65510. 65436. 66187.]
Task is 19.00% complete.
t1_sim:[58326. 58274. 60302.] t2_sim:[57500. 57561. 56896.]
Task is 20.00% complete.
t1_sim:[60232. 59894. 59338.] t2_sim:[63115. 62614. 63051.]
Task is 21.00% complete.
t1_sim:[68803. 68400. 66705.] t2_sim:[66512. 66924. 65833.]
Task is 22.00% complete.
t1_sim:[59679. 59924. 58630.] t2_sim:[56482. 56109. 56114.]
Task is 23.00% complete.
t1_sim:[64444. 64675. 64487.] t2_sim:[66319. 66434. 65383.]
Task is 24.00% complete.
t1_sim:[65615. 65174. 63850.] t2_sim:[68471. 68555. 66576.]
Task is 25.00% complete.
t1_sim:[70847. 70715. 70891.] t2_sim:[59912. 59611. 60522.]
Task is 26.00% complete.
t1_sim:[57971. 58044. 60297.] t2_sim:[61643. 61706. 61004.]
Task is 27.00% complete.
t1_sim:[60335. 60177. 61136.] t2_sim:[60816. 60468. 59083.]
Task is 28.00% complete.
t1_sim:[64280. 63666. 63872.] t2_sim:[65288. 64857. 65389.]
Task is 29.00% complete.
t1_sim:[61629. 61063. 62130.] t2_sim:[65230. 65932. 63282.]
Task is 30.00% complete.
t1_sim:[64490. 63966. 63841.] t2_sim:[60261. 60301. 60030.]
Task is 31.00% complete.
t1_sim:[61677. 62157. 62914.] t2_sim:[57550. 57560. 60185.]
Task is 32.00% complete.
t1_sim:[71515. 70988. 69493.] t2_sim:[64250. 64040. 61603.]
Task is 33.00% complete.
t1_sim:[64434. 64262. 64585.] t2_sim:[67300. 66969. 66426.]
Task is 34.00% complete.
t1_sim:[70588. 70775. 70847.] t2_sim:[60707. 60680. 61253.]
Task is 35.00% complete.
t1_sim:[62745. 62870. 62942.] t2_sim:[62039. 62344. 61851.]
Task is 36.00% complete.
t1_sim:[59137. 59183. 59638.] t2_sim:[61838. 61162. 61260.]
Task is 37.00% complete.
t1_sim:[58414. 58023. 60096.] t2_sim:[63126. 63240. 61789.]
Task is 38.00% complete.
t1_sim:[58708. 59135. 59612.] t2_sim:[68412. 68220. 68958.]
Task is 39.00% complete.
t1_sim:[59683. 59500. 57341.] t2_sim:[60379. 60354. 60316.]
Task is 40.00% complete.
t1_sim:[65004. 64693. 63835.] t2_sim:[62116. 62378. 62671.]
Task is 41.00% complete.
t1_sim:[62741. 62188. 59389.] t2_sim:[62940. 62854. 61499.]
Task is 42.00% complete.
t1_sim:[55714. 54903. 53241.] t2_sim:[62384. 62086. 61189.]
Task is 43.00% complete.
t1_sim:[63353. 63382. 61265.] t2_sim:[59830. 59606. 58633.]
Task is 44.00% complete.
t1_sim:[62685. 62651. 63083.] t2_sim:[54580. 54452. 54941.]
Task is 45.00% complete.
t1_sim:[67259. 66755. 65879.] t2_sim:[63883. 63574. 63331.]
Task is 46.00% complete.
t1_sim:[61311. 60976. 60650.] t2_sim:[63626. 63593. 61506.]
Task is 47.00% complete.
t1_sim:[62957. 62780. 61640.] t2_sim:[59970. 60154. 60908.]
Task is 48.00% complete.
t1_sim:[69431. 68763. 67636.] t2_sim:[66822. 66283. 64608.]
Task is 49.00% complete.
t1_sim:[57567. 57349. 58605.] t2_sim:[70309. 70417. 67753.]
Task is 50.00% complete.
t1_sim:[65109. 64942. 64686.] t2_sim:[66162. 65797. 65811.]
Task is 51.00% complete.
t1_sim:[56395. 56474. 55204.] t2_sim:[61632. 61403. 64154.]
Task is 52.00% complete.
t1_sim:[67238. 66747. 66800.] t2_sim:[62995. 63122. 63170.]
Task is 53.00% complete.
t1_sim:[64260. 64408. 65557.] t2_sim:[58667. 58414. 57913.]
Task is 54.00% complete.
t1_sim:[63160. 62845. 62412.] t2_sim:[67608. 67461. 68235.]
Task is 55.00% complete.
t1_sim:[65024. 64857. 66215.] t2_sim:[61489. 60948. 61446.]
Task is 56.00% complete.
t1_sim:[63913. 64116. 63531.] t2_sim:[63553. 63850. 63291.]
Task is 57.00% complete.
t1_sim:[60656. 61094. 62281.] t2_sim:[61826. 62360. 64644.]
Task is 58.00% complete.
t1_sim:[64708. 64442. 62132.] t2_sim:[66307. 66471. 64496.]
Task is 59.00% complete.
t1_sim:[63963. 64003. 65411.] t2_sim:[66690. 65887. 67139.]
Task is 60.00% complete.
t1_sim:[58042. 58195. 59537.] t2_sim:[62436. 62250. 61751.]
Task is 61.00% complete.
t1_sim:[64646. 65326. 65844.] t2_sim:[61566. 62097. 62489.]
Task is 62.00% complete.
t1_sim:[63614. 63968. 63693.] t2_sim:[57378. 57875. 59872.]
Task is 63.00% complete.
t1_sim:[59172. 58953. 60575.] t2_sim:[57665. 57373. 57794.]
Task is 64.00% complete.
t1_sim:[58309. 58196. 57278.] t2_sim:[60206. 60120. 61316.]
Task is 65.00% complete.
t1_sim:[65310. 65333. 65922.] t2_sim:[60094. 59890. 59969.]
Task is 66.00% complete.
t1_sim:[61682. 61985. 60332.] t2_sim:[63775. 63619. 64615.]
Task is 67.00% complete.
t1_sim:[69697. 69487. 67427.] t2_sim:[64744. 64932. 63117.]
Task is 68.00% complete.
t1_sim:[64281. 64020. 64726.] t2_sim:[62359. 62024. 62151.]
Task is 69.00% complete.
t1_sim:[65423. 65221. 64595.] t2_sim:[66535. 66659. 66418.]
Task is 70.00% complete.
t1_sim:[64634. 64522. 66768.] t2_sim:[63935. 63412. 61266.]
Task is 71.00% complete.
t1_sim:[64772. 64513. 63975.] t2_sim:[68497. 68573. 70080.]
Task is 72.00% complete.
t1_sim:[64110. 64425. 64943.] t2_sim:[58952. 58390. 58210.]
Task is 73.00% complete.
t1_sim:[63757. 63434. 63483.] t2_sim:[62127. 62061. 63322.]
Task is 74.00% complete.
t1_sim:[67236. 67354. 67864.] t2_sim:[65623. 65620. 65327.]
Task is 75.00% complete.
t1_sim:[61888. 61444. 63410.] t2_sim:[61906. 61925. 61885.]
Task is 76.00% complete.
t1_sim:[60038. 60347. 60734.] t2_sim:[62549. 63123. 62638.]
Task is 77.00% complete.
t1_sim:[68495. 68387. 68912.] t2_sim:[59272. 58992. 60822.]
Task is 78.00% complete.
t1_sim:[61414. 60863. 62480.] t2_sim:[65618. 65367. 65742.]
Task is 79.00% complete.
t1_sim:[62094. 61901. 62857.] t2_sim:[62191. 62323. 62660.]
Task is 80.00% complete.
t1_sim:[62577. 62407. 65113.] t2_sim:[58919. 58659. 58932.]
Task is 81.00% complete.
t1_sim:[65886. 66062. 65503.] t2_sim:[61850. 62241. 62659.]
Task is 82.00% complete.
t1_sim:[63242. 63146. 63646.] t2_sim:[53822. 54072. 54828.]
Task is 83.00% complete.
t1_sim:[61165. 61311. 60778.] t2_sim:[62538. 62406. 62145.]
Task is 84.00% complete.
t1_sim:[60837. 60626. 62649.] t2_sim:[65718. 65200. 65054.]
Task is 85.00% complete.
t1_sim:[60674. 59944. 61154.] t2_sim:[61136. 60957. 62990.]
Task is 86.00% complete.
t1_sim:[64518. 64204. 63591.] t2_sim:[61448. 61563. 64065.]
Task is 87.00% complete.
t1_sim:[62848. 62931. 62719.] t2_sim:[63968. 64401. 63561.]
Task is 88.00% complete.
t1_sim:[64352. 64645. 65245.] t2_sim:[64390. 64696. 65183.]
Task is 89.00% complete.
t1_sim:[64533. 64616. 64786.] t2_sim:[65480. 65552. 66083.]
Task is 90.00% complete.
t1_sim:[66259. 65763. 66179.] t2_sim:[61954. 61722. 62393.]
Task is 91.00% complete.
t1_sim:[61892. 61686. 61119.] t2_sim:[65874. 65758. 66974.]
Task is 92.00% complete.
t1_sim:[61580. 61389. 61149.] t2_sim:[64987. 65037. 64089.]
Task is 93.00% complete.
t1_sim:[64663. 64682. 62193.] t2_sim:[55702. 55876. 54954.]
Task is 94.00% complete.
t1_sim:[63255. 63173. 64956.] t2_sim:[62758. 62828. 62183.]
Task is 95.00% complete.
t1_sim:[63159. 63092. 62139.] t2_sim:[64823. 64537. 63268.]
Task is 96.00% complete.
t1_sim:[60362. 60176. 60075.] t2_sim:[58905. 59097. 59022.]
Task is 97.00% complete.
t1_sim:[63352. 63276. 64606.] t2_sim:[60603. 60228. 58743.]
Task is 98.00% complete.
t1_sim:[65970. 66218. 66105.] t2_sim:[58004. 57811. 60075.]
Task is 99.00% complete.
t1_sim:[62256. 62163. 63532.] t2_sim:[61121. 60827. 59546.]
Training start
t1_obs:[array(61979.), array(61984.), array(63164.)] t2_obs:[array(61721.), array(61320.), array(62708.)]
corr_G1:[None, None, -0.1288459319615699] corr_G2:[None, None, -0.06912115187600505]
Training end
Task is 0.00% complete.
t1_sim:[63183. 63314. 64725.] t2_sim:[61020. 60802. 60905.]
Task is 1.00% complete.
t1_sim:[66638. 66353. 63553.] t2_sim:[65323. 65351. 64260.]
Task is 2.00% complete.
t1_sim:[67675. 67611. 66413.] t2_sim:[65354. 64756. 62387.]
Task is 3.00% complete.
t1_sim:[63047. 62812. 61936.] t2_sim:[65982. 65749. 68083.]
Task is 4.00% complete.
t1_sim:[71111. 71228. 70538.] t2_sim:[67282. 66995. 64996.]
Task is 5.00% complete.
t1_sim:[66049. 65880. 67267.] t2_sim:[68142. 67987. 65337.]
Task is 6.00% complete.
t1_sim:[60946. 60463. 57465.] t2_sim:[71213. 71447. 70057.]
Task is 7.00% complete.
t1_sim:[67951. 67531. 64527.] t2_sim:[56494. 56315. 58331.]
Task is 8.00% complete.
t1_sim:[58813. 58707. 60400.] t2_sim:[62743. 62843. 63265.]
Task is 9.00% complete.
t1_sim:[65014. 64844. 63678.] t2_sim:[61637. 61688. 60598.]
Task is 10.00% complete.
t1_sim:[60238. 60172. 60137.] t2_sim:[64209. 64508. 63239.]
Task is 11.00% complete.
t1_sim:[65662. 65627. 64658.] t2_sim:[65690. 65443. 64378.]
Task is 12.00% complete.
t1_sim:[59493. 58813. 61526.] t2_sim:[63358. 63026. 63563.]
Task is 13.00% complete.
t1_sim:[63439. 63530. 63657.] t2_sim:[60252. 60853. 63253.]
Task is 14.00% complete.
t1_sim:[57566. 57763. 55605.] t2_sim:[60228. 59985. 58759.]
Task is 15.00% complete.
t1_sim:[64132. 64124. 64294.] t2_sim:[61900. 61971. 60414.]
Task is 16.00% complete.
t1_sim:[62381. 62389. 65823.] t2_sim:[63340. 63947. 67212.]
Task is 17.00% complete.
t1_sim:[66577. 66958. 67890.] t2_sim:[64486. 64846. 61452.]
Task is 18.00% complete.
t1_sim:[63809. 63451. 61044.] t2_sim:[60267. 60154. 59693.]
Task is 19.00% complete.
t1_sim:[66196. 66262. 64436.] t2_sim:[66781. 66589. 63779.]
Task is 20.00% complete.
t1_sim:[58027. 57500. 56137.] t2_sim:[67740. 67631. 64615.]
Task is 21.00% complete.
t1_sim:[63079. 62903. 62786.] t2_sim:[63418. 63548. 65192.]
Task is 22.00% complete.
t1_sim:[62708. 62780. 62869.] t2_sim:[64191. 64146. 64042.]
Task is 23.00% complete.
t1_sim:[60237. 60628. 60557.] t2_sim:[67864. 68373. 69403.]
Task is 24.00% complete.
t1_sim:[64855. 64559. 65225.] t2_sim:[64253. 63997. 64980.]
Task is 25.00% complete.
t1_sim:[63818. 64010. 64216.] t2_sim:[62327. 62355. 62801.]
Task is 26.00% complete.
t1_sim:[55931. 56020. 57082.] t2_sim:[61682. 62361. 63979.]
Task is 27.00% complete.
t1_sim:[66345. 65770. 66264.] t2_sim:[66377. 66089. 64901.]
Task is 28.00% complete.
t1_sim:[61743. 61554. 60161.] t2_sim:[59075. 59107. 58333.]
Task is 29.00% complete.
t1_sim:[67263. 67492. 64911.] t2_sim:[60096. 60204. 58776.]
Task is 30.00% complete.
t1_sim:[66528. 66638. 66402.] t2_sim:[65675. 65610. 66460.]
Task is 31.00% complete.
t1_sim:[59483. 60202. 60806.] t2_sim:[64162. 63863. 61962.]
Task is 32.00% complete.
t1_sim:[61356. 61519. 63467.] t2_sim:[63177. 62870. 61705.]
Task is 33.00% complete.
t1_sim:[63884. 63670. 61824.] t2_sim:[63941. 63946. 64704.]
Task is 34.00% complete.
t1_sim:[65003. 64577. 65573.] t2_sim:[64860. 65435. 66756.]
Task is 35.00% complete.
t1_sim:[59925. 60166. 60921.] t2_sim:[64769. 64667. 64804.]
Task is 36.00% complete.
t1_sim:[60543. 60313. 61282.] t2_sim:[59267. 59188. 60129.]
Task is 37.00% complete.
t1_sim:[64819. 64926. 64825.] t2_sim:[65451. 66120. 69248.]
Task is 38.00% complete.
t1_sim:[64696. 64754. 65589.] t2_sim:[63395. 63973. 62296.]
Task is 39.00% complete.
t1_sim:[59740. 59962. 61080.] t2_sim:[59460. 59749. 58789.]
Task is 40.00% complete.
t1_sim:[64320. 64841. 66526.] t2_sim:[60209. 60429. 61835.]
Task is 41.00% complete.
t1_sim:[59440. 58979. 57281.] t2_sim:[64581. 64246. 63933.]
Task is 42.00% complete.
t1_sim:[59025. 59277. 58767.] t2_sim:[63533. 62649. 62856.]
Task is 43.00% complete.
t1_sim:[59184. 58868. 60824.] t2_sim:[67274. 67460. 67919.]
Task is 44.00% complete.
t1_sim:[63658. 63430. 63164.] t2_sim:[68658. 68558. 69442.]
Task is 45.00% complete.
t1_sim:[60219. 60578. 58730.] t2_sim:[66300. 66306. 66014.]
Task is 46.00% complete.
t1_sim:[66998. 66941. 65687.] t2_sim:[59116. 59204. 59062.]
Task is 47.00% complete.
t1_sim:[60731. 60870. 58699.] t2_sim:[63827. 63618. 64509.]
Task is 48.00% complete.
t1_sim:[66776. 66633. 67638.] t2_sim:[60565. 60432. 61712.]
Task is 49.00% complete.
t1_sim:[63493. 63408. 63738.] t2_sim:[66972. 67172. 71759.]
Task is 50.00% complete.
t1_sim:[61482. 61107. 59919.] t2_sim:[62855. 62752. 62570.]
Task is 51.00% complete.
t1_sim:[58076. 58560. 59079.] t2_sim:[58403. 57952. 57846.]
Task is 52.00% complete.
t1_sim:[59693. 59897. 58816.] t2_sim:[62711. 62632. 65401.]
Task is 53.00% complete.
t1_sim:[61290. 61061. 62283.] t2_sim:[63387. 63231. 64835.]
Task is 54.00% complete.
t1_sim:[62490. 62548. 62190.] t2_sim:[61754. 61879. 60634.]
Task is 55.00% complete.
t1_sim:[65420. 65900. 63588.] t2_sim:[67048. 66740. 64655.]
Task is 56.00% complete.
t1_sim:[66932. 67251. 62832.] t2_sim:[67187. 67725. 71096.]
Task is 57.00% complete.
t1_sim:[66808. 66410. 64623.] t2_sim:[64952. 64984. 62828.]
Task is 58.00% complete.
t1_sim:[58859. 59176. 56925.] t2_sim:[65084. 65020. 66441.]
Task is 59.00% complete.
t1_sim:[63492. 63333. 64567.] t2_sim:[62492. 62943. 64290.]
Task is 60.00% complete.
t1_sim:[58462. 58176. 57229.] t2_sim:[63101. 63356. 62236.]
Task is 61.00% complete.
t1_sim:[56980. 56872. 57975.] t2_sim:[60707. 60736. 61663.]
Task is 62.00% complete.
t1_sim:[61830. 61938. 60423.] t2_sim:[60870. 60813. 58539.]
Task is 63.00% complete.
t1_sim:[60372. 60686. 59839.] t2_sim:[59316. 58813. 58376.]
Task is 64.00% complete.
t1_sim:[62420. 62475. 64590.] t2_sim:[58271. 58410. 59592.]
Task is 65.00% complete.
t1_sim:[64286. 64011. 64984.] t2_sim:[60025. 60184. 61465.]
Task is 66.00% complete.
t1_sim:[64432. 64468. 63399.] t2_sim:[59393. 59398. 60742.]
Task is 67.00% complete.
t1_sim:[57979. 58035. 58430.] t2_sim:[62120. 61583. 62305.]
Task is 68.00% complete.
t1_sim:[58621. 58636. 60574.] t2_sim:[66885. 66404. 65341.]
Task is 69.00% complete.
t1_sim:[61867. 61830. 61497.] t2_sim:[59202. 58814. 59532.]
Task is 70.00% complete.
t1_sim:[56464. 56345. 57429.] t2_sim:[62661. 62532. 64802.]
Task is 71.00% complete.
t1_sim:[62135. 62358. 63843.] t2_sim:[63458. 63265. 64162.]
Task is 72.00% complete.
t1_sim:[62478. 62856. 64850.] t2_sim:[62616. 63371. 64253.]
Task is 73.00% complete.
t1_sim:[61925. 61692. 63005.] t2_sim:[63697. 63765. 64904.]
Task is 74.00% complete.
t1_sim:[64108. 64219. 65163.] t2_sim:[60772. 60348. 59114.]
Task is 75.00% complete.
t1_sim:[60052. 60093. 59961.] t2_sim:[61476. 61306. 62214.]
Task is 76.00% complete.
t1_sim:[60286. 60744. 61264.] t2_sim:[61874. 61833. 63093.]
Task is 77.00% complete.
t1_sim:[65291. 65153. 63425.] t2_sim:[61516. 61725. 62761.]
Task is 78.00% complete.
t1_sim:[62903. 62852. 61970.] t2_sim:[59199. 59536. 59040.]
Task is 79.00% complete.
t1_sim:[66551. 66891. 67372.] t2_sim:[61291. 61889. 62727.]
Task is 80.00% complete.
t1_sim:[60709. 60464. 61254.] t2_sim:[65224. 65450. 66564.]
Task is 81.00% complete.
t1_sim:[64841. 65215. 66607.] t2_sim:[60832. 60526. 63938.]
Task is 82.00% complete.
t1_sim:[63767. 63268. 62484.] t2_sim:[62194. 62549. 63145.]
Task is 83.00% complete.
t1_sim:[59256. 59293. 59267.] t2_sim:[61573. 61739. 60391.]
Task is 84.00% complete.
t1_sim:[62039. 62216. 61531.] t2_sim:[62110. 62289. 63939.]
Task is 85.00% complete.
t1_sim:[64460. 64226. 65104.] t2_sim:[61313. 61515. 59319.]
Task is 86.00% complete.
t1_sim:[60535. 60569. 60011.] t2_sim:[63470. 63444. 63053.]
Task is 87.00% complete.
t1_sim:[58416. 57973. 56613.] t2_sim:[65093. 65137. 63061.]
Task is 88.00% complete.
t1_sim:[67610. 67653. 64269.] t2_sim:[57477. 57724. 60108.]
Task is 89.00% complete.
t1_sim:[62182. 61952. 61682.] t2_sim:[59897. 59211. 58858.]
Task is 90.00% complete.
t1_sim:[64945. 65336. 67322.] t2_sim:[61897. 61719. 61901.]
Task is 91.00% complete.
t1_sim:[66815. 66478. 66738.] t2_sim:[60984. 61324. 60274.]
Task is 92.00% complete.
t1_sim:[62250. 62386. 63782.] t2_sim:[63845. 63978. 64679.]
Task is 93.00% complete.
t1_sim:[65676. 65342. 65106.] t2_sim:[65421. 65970. 66018.]
Task is 94.00% complete.
t1_sim:[61554. 61165. 61968.] t2_sim:[63784. 63706. 63217.]
Task is 95.00% complete.
t1_sim:[63853. 64211. 64776.] t2_sim:[60089. 59791. 58908.]
Task is 96.00% complete.
t1_sim:[61320. 61257. 60842.] t2_sim:[64162. 63694. 64425.]
Task is 97.00% complete.
t1_sim:[61674. 61683. 62503.] t2_sim:[58968. 58790. 58449.]
Task is 98.00% complete.
t1_sim:[66090. 66158. 67970.] t2_sim:[59407. 59294. 59703.]
Task is 99.00% complete.
t1_sim:[59434. 58964. 58364.] t2_sim:[58190. 58565. 60942.]
Finished
