/scratch/jz4721/Post-prediction-Causal-Inference/venv/lib/python3.8/site-packages/numpy/core/getlimits.py:518: UserWarning: The value of the smallest subnormal for <class 'numpy.float64'> type is zero.
  setattr(self, word, getattr(machar, word).flat[0])
/scratch/jz4721/Post-prediction-Causal-Inference/venv/lib/python3.8/site-packages/numpy/core/getlimits.py:89: UserWarning: The value of the smallest subnormal for <class 'numpy.float64'> type is zero.
  return self._float_to_str(self.smallest_subnormal)
/scratch/jz4721/Post-prediction-Causal-Inference/venv/lib/python3.8/site-packages/numpy/core/getlimits.py:518: UserWarning: The value of the smallest subnormal for <class 'numpy.float32'> type is zero.
  setattr(self, word, getattr(machar, word).flat[0])
/scratch/jz4721/Post-prediction-Causal-Inference/venv/lib/python3.8/site-packages/numpy/core/getlimits.py:89: UserWarning: The value of the smallest subnormal for <class 'numpy.float32'> type is zero.
  return self._float_to_str(self.smallest_subnormal)
Training start
t1_obs:[array(60620.), array(60317.), array(57942.)] t2_obs:[array(63808.), array(63606.), array(60778.)]
corr_G1:[None, None, 0] corr_G2:[None, None, 6.632423601165519e-17]
Training end
Task is 0.00% complete.
t1_sim:[66737. 66725. 69196.] t2_sim:[65165. 65175. 70751.]
Task is 1.00% complete.
t1_sim:[62165. 61624. 61713.] t2_sim:[60903. 61071. 58653.]
Task is 2.00% complete.
t1_sim:[60679. 60782. 63680.] t2_sim:[60425. 60450. 62520.]
Task is 3.00% complete.
t1_sim:[64697. 64529. 63427.] t2_sim:[67694. 67684. 65618.]
Task is 4.00% complete.
t1_sim:[63187. 62973. 64565.] t2_sim:[63044. 63458. 64591.]
Task is 5.00% complete.
t1_sim:[61896. 62485. 65079.] t2_sim:[58562. 58461. 55386.]
Task is 6.00% complete.
t1_sim:[58241. 58547. 60914.] t2_sim:[62340. 62716. 59940.]
Task is 7.00% complete.
t1_sim:[63212. 63188. 64797.] t2_sim:[63656. 63631. 62004.]
Task is 8.00% complete.
t1_sim:[62374. 62704. 63228.] t2_sim:[67147. 67402. 63972.]
Task is 9.00% complete.
t1_sim:[65878. 66495. 67695.] t2_sim:[65417. 65009. 65276.]
Task is 10.00% complete.
t1_sim:[60335. 60704. 62950.] t2_sim:[59675. 59690. 56264.]
Task is 11.00% complete.
t1_sim:[62170. 62513. 61875.] t2_sim:[57802. 57955. 55918.]
Task is 12.00% complete.
t1_sim:[61792. 62086. 63645.] t2_sim:[57525. 57807. 59735.]
Task is 13.00% complete.
t1_sim:[60506. 60488. 62230.] t2_sim:[60809. 61057. 62571.]
Task is 14.00% complete.
t1_sim:[67654. 67975. 67746.] t2_sim:[62933. 62974. 66991.]
Task is 15.00% complete.
t1_sim:[61665. 61353. 63798.] t2_sim:[63362. 63873. 66004.]
Task is 16.00% complete.
t1_sim:[72208. 72330. 66713.] t2_sim:[64453. 64485. 65964.]
Task is 17.00% complete.
t1_sim:[64246. 63593. 60824.] t2_sim:[65756. 65982. 63303.]
Task is 18.00% complete.
t1_sim:[68263. 68623. 65819.] t2_sim:[64843. 64350. 62814.]
Task is 19.00% complete.
t1_sim:[62927. 63323. 57849.] t2_sim:[62783. 62894. 62533.]
Task is 20.00% complete.
t1_sim:[63008. 62261. 63981.] t2_sim:[68522. 68347. 69345.]
Task is 21.00% complete.
t1_sim:[59930. 59962. 61175.] t2_sim:[65115. 65027. 63521.]
Task is 22.00% complete.
t1_sim:[63011. 63596. 60811.] t2_sim:[63485. 63724. 62519.]
Task is 23.00% complete.
t1_sim:[68172. 67868. 65439.] t2_sim:[56674. 57077. 60137.]
Task is 24.00% complete.
t1_sim:[56987. 57032. 59594.] t2_sim:[61081. 60750. 58242.]
Task is 25.00% complete.
t1_sim:[64009. 63447. 62759.] t2_sim:[65339. 65446. 63322.]
Task is 26.00% complete.
t1_sim:[64028. 63868. 64828.] t2_sim:[67906. 68331. 68184.]
Task is 27.00% complete.
t1_sim:[68133. 68257. 66236.] t2_sim:[59977. 60176. 60058.]
Task is 28.00% complete.
t1_sim:[59643. 59493. 62034.] t2_sim:[58811. 59389. 59739.]
Task is 29.00% complete.
t1_sim:[59112. 59046. 61152.] t2_sim:[60961. 60553. 63009.]
Task is 30.00% complete.
t1_sim:[62647. 62835. 63020.] t2_sim:[62664. 62581. 60200.]
Task is 31.00% complete.
t1_sim:[58338. 58386. 60337.] t2_sim:[65943. 65695. 63623.]
Task is 32.00% complete.
t1_sim:[67527. 67949. 65089.] t2_sim:[64159. 64319. 62717.]
Task is 33.00% complete.
t1_sim:[56921. 56473. 56160.] t2_sim:[57195. 57355. 58439.]
Task is 34.00% complete.
t1_sim:[64740. 64844. 67299.] t2_sim:[61088. 61054. 60632.]
Task is 35.00% complete.
t1_sim:[65466. 65262. 63319.] t2_sim:[62174. 61909. 64142.]
Task is 36.00% complete.
t1_sim:[61176. 61604. 61583.] t2_sim:[60520. 60790. 60938.]
Task is 37.00% complete.
t1_sim:[60492. 60714. 59720.] t2_sim:[60736. 61245. 60520.]
Task is 38.00% complete.
t1_sim:[61815. 62097. 61106.] t2_sim:[53659. 54053. 58104.]
Task is 39.00% complete.
t1_sim:[59579. 60194. 63366.] t2_sim:[56596. 56618. 58081.]
Task is 40.00% complete.
t1_sim:[58435. 58324. 53172.] t2_sim:[71056. 71834. 67266.]
Task is 41.00% complete.
t1_sim:[62189. 62396. 59639.] t2_sim:[52774. 52578. 57105.]
Task is 42.00% complete.
t1_sim:[63363. 63045. 66803.] t2_sim:[68367. 68563. 67738.]
Task is 43.00% complete.
t1_sim:[57976. 57670. 58299.] t2_sim:[66046. 66578. 64591.]
Task is 44.00% complete.
t1_sim:[69952. 70205. 68111.] t2_sim:[61622. 62029. 61649.]
Task is 45.00% complete.
t1_sim:[62778. 62914. 65089.] t2_sim:[59318. 59129. 57425.]
Task is 46.00% complete.
t1_sim:[66142. 66165. 64320.] t2_sim:[70060. 70010. 64548.]
Task is 47.00% complete.
t1_sim:[61584. 61938. 62796.] t2_sim:[60243. 59780. 55341.]
Task is 48.00% complete.
t1_sim:[57716. 57690. 57582.] t2_sim:[66053. 65499. 64453.]
Task is 49.00% complete.
t1_sim:[63472. 63646. 62909.] t2_sim:[68078. 67856. 64538.]
Task is 50.00% complete.
t1_sim:[65564. 65424. 65437.] t2_sim:[66611. 66794. 69645.]
Task is 51.00% complete.
t1_sim:[63448. 63424. 58845.] t2_sim:[62012. 62394. 61045.]
Task is 52.00% complete.
t1_sim:[70238. 70353. 65522.] t2_sim:[61484. 60837. 63460.]
Task is 53.00% complete.
t1_sim:[62293. 62724. 62305.] t2_sim:[64054. 63576. 60369.]
Task is 54.00% complete.
t1_sim:[63633. 63583. 60080.] t2_sim:[65427. 65594. 63162.]
Task is 55.00% complete.
t1_sim:[60272. 59993. 60831.] t2_sim:[69087. 68893. 67660.]
Task is 56.00% complete.
t1_sim:[64719. 64193. 60503.] t2_sim:[65473. 65400. 67389.]
Task is 57.00% complete.
t1_sim:[57047. 57250. 59560.] t2_sim:[62783. 62475. 63726.]
Task is 58.00% complete.
t1_sim:[62932. 62932. 64512.] t2_sim:[63035. 62907. 64678.]
Task is 59.00% complete.
t1_sim:[68650. 68481. 64051.] t2_sim:[61725. 61960. 63648.]
Task is 60.00% complete.
t1_sim:[56922. 56794. 56948.] t2_sim:[59749. 59771. 63858.]
Task is 61.00% complete.
t1_sim:[64994. 65217. 64340.] t2_sim:[68288. 67703. 68608.]
Task is 62.00% complete.
t1_sim:[58152. 57772. 59256.] t2_sim:[60037. 59347. 59966.]
Task is 63.00% complete.
t1_sim:[61327. 60991. 62681.] t2_sim:[62464. 62833. 61623.]
Task is 64.00% complete.
t1_sim:[58587. 58427. 60419.] t2_sim:[55373. 55387. 58661.]
Task is 65.00% complete.
t1_sim:[63178. 62889. 65741.] t2_sim:[59459. 59013. 60472.]
Task is 66.00% complete.
t1_sim:[65645. 64895. 63096.] t2_sim:[60798. 60485. 64044.]
Task is 67.00% complete.
t1_sim:[63100. 63032. 61195.] t2_sim:[60599. 60574. 62450.]
Task is 68.00% complete.
t1_sim:[57566. 57836. 59578.] t2_sim:[67367. 66965. 67127.]
Task is 69.00% complete.
t1_sim:[67178. 67465. 65114.] t2_sim:[62344. 61684. 61228.]
Task is 70.00% complete.
t1_sim:[67513. 68104. 67401.] t2_sim:[60257. 59947. 62785.]
Task is 71.00% complete.
t1_sim:[60851. 60715. 63440.] t2_sim:[62547. 62555. 60858.]
Task is 72.00% complete.
t1_sim:[68018. 68195. 68405.] t2_sim:[56027. 55658. 55607.]
Task is 73.00% complete.
t1_sim:[56596. 56738. 56193.] t2_sim:[60767. 60819. 61691.]
Task is 74.00% complete.
t1_sim:[61355. 61112. 61412.] t2_sim:[63599. 64139. 62958.]
Task is 75.00% complete.
t1_sim:[61412. 60699. 63253.] t2_sim:[59311. 59174. 60008.]
Task is 76.00% complete.
t1_sim:[60241. 60483. 58575.] t2_sim:[63570. 63332. 62624.]
Task is 77.00% complete.
t1_sim:[62350. 62772. 57556.] t2_sim:[66920. 66801. 64657.]
Task is 78.00% complete.
t1_sim:[67955. 68220. 69140.] t2_sim:[61174. 60861. 59689.]
Task is 79.00% complete.
t1_sim:[64151. 64232. 61064.] t2_sim:[61065. 61160. 63638.]
Task is 80.00% complete.
t1_sim:[64677. 64583. 62933.] t2_sim:[62945. 62744. 65418.]
Task is 81.00% complete.
t1_sim:[58168. 57973. 61716.] t2_sim:[64044. 64029. 64287.]
Task is 82.00% complete.
t1_sim:[58107. 58075. 58762.] t2_sim:[64630. 64839. 68554.]
Task is 83.00% complete.
t1_sim:[64951. 64748. 68662.] t2_sim:[64545. 64742. 65143.]
Task is 84.00% complete.
t1_sim:[63179. 63294. 63579.] t2_sim:[59636. 60046. 54949.]
Task is 85.00% complete.
t1_sim:[63103. 62897. 62481.] t2_sim:[66236. 65911. 65475.]
Task is 86.00% complete.
t1_sim:[56828. 56666. 57064.] t2_sim:[65172. 65298. 67908.]
Task is 87.00% complete.
t1_sim:[61892. 61714. 64101.] t2_sim:[58779. 59141. 63123.]
Task is 88.00% complete.
t1_sim:[60253. 59975. 62413.] t2_sim:[61660. 61864. 63056.]
Task is 89.00% complete.
t1_sim:[62005. 61824. 64090.] t2_sim:[62563. 62672. 63960.]
Task is 90.00% complete.
t1_sim:[62366. 62450. 64987.] t2_sim:[63206. 63059. 62660.]
Task is 91.00% complete.
t1_sim:[66003. 65825. 64472.] t2_sim:[63788. 63514. 59653.]
Task is 92.00% complete.
t1_sim:[62327. 61976. 60032.] t2_sim:[66351. 66158. 61927.]
Task is 93.00% complete.
t1_sim:[59743. 59569. 58072.] t2_sim:[67868. 68154. 66788.]
Task is 94.00% complete.
t1_sim:[63681. 63959. 64389.] t2_sim:[62425. 62489. 59130.]
Task is 95.00% complete.
t1_sim:[65486. 64918. 64356.] t2_sim:[61144. 61313. 62688.]
Task is 96.00% complete.
t1_sim:[59910. 59988. 61651.] t2_sim:[63382. 63369. 62025.]
Task is 97.00% complete.
t1_sim:[60790. 60346. 60071.] t2_sim:[58486. 58647. 61837.]
Task is 98.00% complete.
t1_sim:[60979. 61196. 61167.] t2_sim:[62688. 62349. 62367.]
Task is 99.00% complete.
t1_sim:[65167. 65302. 64506.] t2_sim:[58824. 59100. 60593.]
Training start
t1_obs:[array(60620.), array(60317.), array(58253.)] t2_obs:[array(63808.), array(63606.), array(60225.)]
corr_G1:[None, None, 0.9903743320270421] corr_G2:[None, None, 0.9926016491724056]
Training end
Task is 0.00% complete.
t1_sim:[60170. 59646. 60894.] t2_sim:[62353. 62242. 61718.]
Task is 1.00% complete.
t1_sim:[67279. 67138. 66080.] t2_sim:[62684. 62762. 63957.]
Task is 2.00% complete.
t1_sim:[64034. 63916. 62251.] t2_sim:[61561. 60973. 59955.]
Task is 3.00% complete.
t1_sim:[57324. 57211. 58340.] t2_sim:[62205. 62138. 61722.]
Task is 4.00% complete.
t1_sim:[59819. 60275. 60563.] t2_sim:[61804. 62089. 59700.]
Task is 5.00% complete.
t1_sim:[65515. 65797. 64391.] t2_sim:[58475. 58500. 58883.]
Task is 6.00% complete.
t1_sim:[65717. 65315. 67038.] t2_sim:[58556. 59318. 59068.]
Task is 7.00% complete.
t1_sim:[69065. 68711. 68665.] t2_sim:[67980. 68152. 68744.]
Task is 8.00% complete.
t1_sim:[64037. 64223. 65768.] t2_sim:[61828. 61505. 61471.]
Task is 9.00% complete.
t1_sim:[63362. 63068. 60604.] t2_sim:[61713. 62407. 60901.]
Task is 10.00% complete.
t1_sim:[63765. 63088. 62913.] t2_sim:[63274. 63369. 61934.]
Task is 11.00% complete.
t1_sim:[57744. 57949. 59062.] t2_sim:[64796. 64769. 65179.]
Task is 12.00% complete.
t1_sim:[66692. 66791. 65893.] t2_sim:[60840. 60638. 61264.]
Task is 13.00% complete.
t1_sim:[64290. 64461. 66141.] t2_sim:[69373. 69147. 68341.]
Task is 14.00% complete.
t1_sim:[61356. 61337. 59683.] t2_sim:[57674. 57533. 56136.]
Task is 15.00% complete.
t1_sim:[58821. 58633. 57800.] t2_sim:[61731. 61924. 60820.]
Task is 16.00% complete.
t1_sim:[59540. 59660. 60901.] t2_sim:[63710. 64152. 61979.]
Task is 17.00% complete.
t1_sim:[60887. 60823. 61825.] t2_sim:[60852. 61087. 60094.]
Task is 18.00% complete.
t1_sim:[64875. 64893. 64067.] t2_sim:[63313. 63288. 66171.]
Task is 19.00% complete.
t1_sim:[69052. 68684. 67748.] t2_sim:[61244. 61942. 63004.]
Task is 20.00% complete.
t1_sim:[54406. 54164. 55835.] t2_sim:[65642. 66105. 65448.]
Task is 21.00% complete.
t1_sim:[60964. 61395. 60931.] t2_sim:[67365. 67137. 66039.]
Task is 22.00% complete.
t1_sim:[65232. 65110. 64869.] t2_sim:[61451. 61369. 59253.]
Task is 23.00% complete.
t1_sim:[60311. 60900. 60933.] t2_sim:[66112. 65970. 66096.]
Task is 24.00% complete.
t1_sim:[68099. 68399. 66562.] t2_sim:[65522. 65495. 64995.]
Task is 25.00% complete.
t1_sim:[60250. 60319. 60844.] t2_sim:[62608. 62814. 63139.]
Task is 26.00% complete.
t1_sim:[61082. 61503. 59797.] t2_sim:[57911. 58282. 56446.]
Task is 27.00% complete.
t1_sim:[62808. 62959. 60211.] t2_sim:[61988. 61888. 61328.]
Task is 28.00% complete.
t1_sim:[63963. 64103. 62644.] t2_sim:[64199. 64479. 63930.]
Task is 29.00% complete.
t1_sim:[70592. 71098. 69687.] t2_sim:[64861. 64631. 63848.]
Task is 30.00% complete.
t1_sim:[59983. 59566. 59405.] t2_sim:[64473. 64152. 64849.]
Task is 31.00% complete.
t1_sim:[61348. 60990. 64052.] t2_sim:[57766. 57581. 58264.]
Task is 32.00% complete.
t1_sim:[61435. 61764. 61608.] t2_sim:[61044. 60733. 59336.]
Task is 33.00% complete.
t1_sim:[62799. 63019. 62600.] t2_sim:[59445. 59727. 59828.]
Task is 34.00% complete.
t1_sim:[63106. 62556. 63912.] t2_sim:[58762. 59285. 61395.]
Task is 35.00% complete.
t1_sim:[61588. 61394. 62292.] t2_sim:[69492. 69310. 68421.]
Task is 36.00% complete.
t1_sim:[66260. 66034. 66663.] t2_sim:[58431. 58122. 58571.]
Task is 37.00% complete.
t1_sim:[66738. 66777. 66670.] t2_sim:[60598. 60600. 61265.]
Task is 38.00% complete.
t1_sim:[61888. 60825. 58939.] t2_sim:[59730. 59341. 59669.]
Task is 39.00% complete.
t1_sim:[60414. 61143. 64692.] t2_sim:[64627. 64424. 65339.]
Task is 40.00% complete.
t1_sim:[63362. 64183. 65526.] t2_sim:[56565. 56714. 58359.]
Task is 41.00% complete.
t1_sim:[64929. 64466. 62818.] t2_sim:[57515. 57251. 57284.]
Task is 42.00% complete.
t1_sim:[60228. 60028. 59029.] t2_sim:[58678. 58990. 57842.]
Task is 43.00% complete.
t1_sim:[61194. 61246. 60980.] t2_sim:[60564. 60398. 58609.]
Task is 44.00% complete.
t1_sim:[65248. 65757. 66119.] t2_sim:[62440. 62111. 61584.]
Task is 45.00% complete.
t1_sim:[59763. 59804. 60189.] t2_sim:[65062. 64698. 62962.]
Task is 46.00% complete.
t1_sim:[64770. 65024. 63750.] t2_sim:[57886. 57534. 58636.]
Task is 47.00% complete.
t1_sim:[60892. 60420. 62515.] t2_sim:[62353. 62325. 61890.]
Task is 48.00% complete.
t1_sim:[63469. 63637. 63542.] t2_sim:[58772. 59198. 59104.]
Task is 49.00% complete.
t1_sim:[63747. 63662. 61992.] t2_sim:[64732. 65202. 63292.]
Task is 50.00% complete.
t1_sim:[66092. 65747. 67500.] t2_sim:[60219. 60214. 60036.]
Task is 51.00% complete.
t1_sim:[61799. 62600. 62426.] t2_sim:[66487. 66392. 64608.]
Task is 52.00% complete.
t1_sim:[62999. 63258. 64339.] t2_sim:[64192. 64322. 64351.]
Task is 53.00% complete.
t1_sim:[61562. 61565. 60716.] t2_sim:[63359. 62885. 62854.]
Task is 54.00% complete.
t1_sim:[62444. 62219. 61333.] t2_sim:[58876. 59304. 59324.]
Task is 55.00% complete.
t1_sim:[64257. 64028. 66083.] t2_sim:[63006. 63425. 63359.]
Task is 56.00% complete.
t1_sim:[65595. 65954. 66967.] t2_sim:[65534. 65818. 65476.]
Task is 57.00% complete.
t1_sim:[59931. 59684. 60433.] t2_sim:[58442. 58292. 56293.]
Task is 58.00% complete.
t1_sim:[64120. 63745. 64453.] t2_sim:[68981. 69159. 69050.]
Task is 59.00% complete.
t1_sim:[64497. 64855. 66404.] t2_sim:[60454. 60596. 63463.]
Task is 60.00% complete.
t1_sim:[66891. 66615. 62643.] t2_sim:[62360. 62086. 61585.]
Task is 61.00% complete.
t1_sim:[63863. 64063. 63996.] t2_sim:[62457. 62742. 62310.]
Task is 62.00% complete.
t1_sim:[61421. 61081. 60193.] t2_sim:[62110. 62425. 60150.]
Task is 63.00% complete.
t1_sim:[67895. 67996. 69657.] t2_sim:[62559. 62928. 64375.]
Task is 64.00% complete.
t1_sim:[60820. 61430. 63182.] t2_sim:[61098. 61218. 62021.]
Task is 65.00% complete.
t1_sim:[65921. 66265. 64653.] t2_sim:[57553. 57428. 56487.]
Task is 66.00% complete.
t1_sim:[63116. 62995. 61691.] t2_sim:[61711. 61395. 62763.]
Task is 67.00% complete.
t1_sim:[62930. 62756. 62538.] t2_sim:[67948. 68395. 68863.]
Task is 68.00% complete.
t1_sim:[61533. 61662. 62331.] t2_sim:[62702. 62588. 62932.]
Task is 69.00% complete.
t1_sim:[57949. 57429. 59765.] t2_sim:[63664. 63430. 64215.]
Task is 70.00% complete.
t1_sim:[56393. 55786. 55744.] t2_sim:[63302. 63167. 59883.]
Task is 71.00% complete.
t1_sim:[57292. 56859. 58627.] t2_sim:[64957. 64935. 65086.]
Task is 72.00% complete.
t1_sim:[55660. 55484. 56066.] t2_sim:[60050. 60117. 62711.]
Task is 73.00% complete.
t1_sim:[67635. 67524. 66598.] t2_sim:[61263. 60661. 61467.]
Task is 74.00% complete.
t1_sim:[57514. 57370. 58696.] t2_sim:[65023. 64863. 63674.]
Task is 75.00% complete.
t1_sim:[60752. 61285. 63218.] t2_sim:[60468. 59794. 59766.]
Task is 76.00% complete.
t1_sim:[63935. 63565. 63635.] t2_sim:[59680. 59557. 59776.]
Task is 77.00% complete.
t1_sim:[63763. 63597. 65994.] t2_sim:[65552. 65189. 62105.]
Task is 78.00% complete.
t1_sim:[67147. 67190. 67907.] t2_sim:[60871. 60924. 60026.]
Task is 79.00% complete.
t1_sim:[65391. 65314. 64086.] t2_sim:[65666. 65568. 65525.]
Task is 80.00% complete.
t1_sim:[65542. 65772. 65862.] t2_sim:[64428. 64762. 63960.]
Task is 81.00% complete.
t1_sim:[60995. 60509. 61943.] t2_sim:[65048. 65606. 65996.]
Task is 82.00% complete.
t1_sim:[63317. 63626. 64554.] t2_sim:[64731. 64379. 66393.]
Task is 83.00% complete.
t1_sim:[62571. 62189. 62561.] t2_sim:[63084. 62920. 64027.]
Task is 84.00% complete.
t1_sim:[64739. 64258. 63840.] t2_sim:[56563. 56841. 56967.]
Task is 85.00% complete.
t1_sim:[58156. 58355. 60324.] t2_sim:[65932. 66115. 65813.]
Task is 86.00% complete.
t1_sim:[61336. 60646. 61794.] t2_sim:[63343. 63637. 64706.]
Task is 87.00% complete.
t1_sim:[63224. 63471. 62852.] t2_sim:[62404. 61641. 61327.]
Task is 88.00% complete.
t1_sim:[57730. 57631. 58636.] t2_sim:[62483. 62090. 61040.]
Task is 89.00% complete.
t1_sim:[69105. 69195. 68600.] t2_sim:[59616. 59645. 61617.]
Task is 90.00% complete.
t1_sim:[59609. 59671. 60342.] t2_sim:[64520. 64370. 63646.]
Task is 91.00% complete.
t1_sim:[63872. 64151. 64346.] t2_sim:[59645. 59926. 59559.]
Task is 92.00% complete.
t1_sim:[57186. 57345. 60609.] t2_sim:[61207. 61325. 62283.]
Task is 93.00% complete.
t1_sim:[63817. 63999. 64620.] t2_sim:[67755. 67459. 69316.]
Task is 94.00% complete.
t1_sim:[62434. 62435. 61229.] t2_sim:[61525. 61584. 61778.]
Task is 95.00% complete.
t1_sim:[62489. 63064. 63286.] t2_sim:[64528. 64666. 65361.]
Task is 96.00% complete.
t1_sim:[68837. 68704. 67594.] t2_sim:[65913. 66223. 65150.]
Task is 97.00% complete.
t1_sim:[59633. 59628. 60964.] t2_sim:[58948. 58699. 59428.]
Task is 98.00% complete.
t1_sim:[61858. 61692. 63634.] t2_sim:[61836. 62136. 61564.]
Task is 99.00% complete.
t1_sim:[65598. 64753. 64931.] t2_sim:[63881. 63906. 63059.]
Training start
t1_obs:[array(60620.), array(60317.), array(57635.)] t2_obs:[array(63808.), array(63606.), array(60049.)]
corr_G1:[None, None, -0.06446868810809037] corr_G2:[None, None, 0.10177268141208559]
Training end
Task is 0.00% complete.
t1_sim:[63542. 63599. 64701.] t2_sim:[62049. 62424. 62145.]
Task is 1.00% complete.
t1_sim:[59140. 59586. 61312.] t2_sim:[56854. 56729. 58613.]
Task is 2.00% complete.
t1_sim:[55779. 55229. 54585.] t2_sim:[59922. 59763. 57454.]
Task is 3.00% complete.
t1_sim:[62283. 62065. 60828.] t2_sim:[63737. 63650. 66344.]
Task is 4.00% complete.
t1_sim:[65550. 65296. 64882.] t2_sim:[60196. 60673. 62921.]
Task is 5.00% complete.
t1_sim:[59789. 59458. 59992.] t2_sim:[63735. 63684. 63419.]
Task is 6.00% complete.
t1_sim:[57910. 58447. 58740.] t2_sim:[67132. 67028. 67171.]
Task is 7.00% complete.
t1_sim:[63509. 63252. 62816.] t2_sim:[57408. 56785. 61314.]
Task is 8.00% complete.
t1_sim:[63707. 63943. 62647.] t2_sim:[62998. 63245. 63663.]
Task is 9.00% complete.
t1_sim:[58804. 58836. 61029.] t2_sim:[65805. 65675. 67669.]
Task is 10.00% complete.
t1_sim:[68121. 68599. 66574.] t2_sim:[61068. 60196. 57810.]
Task is 11.00% complete.
t1_sim:[64464. 64214. 63572.] t2_sim:[60906. 61373. 58784.]
Task is 12.00% complete.
t1_sim:[66272. 66787. 67727.] t2_sim:[63399. 63325. 64950.]
Task is 13.00% complete.
t1_sim:[62513. 63215. 63558.] t2_sim:[59176. 59254. 62634.]
Task is 14.00% complete.
t1_sim:[60638. 60866. 59666.] t2_sim:[60036. 59965. 59455.]
Task is 15.00% complete.
t1_sim:[71245. 71318. 72465.] t2_sim:[63015. 63355. 63697.]
Task is 16.00% complete.
t1_sim:[62710. 62401. 64610.] t2_sim:[66803. 67181. 68197.]
Task is 17.00% complete.
t1_sim:[60925. 60689. 61404.] t2_sim:[61290. 61207. 59882.]
Task is 18.00% complete.
t1_sim:[60300. 60069. 60483.] t2_sim:[66488. 66491. 68319.]
Task is 19.00% complete.
t1_sim:[58064. 58744. 60873.] t2_sim:[67380. 67464. 64623.]
Task is 20.00% complete.
t1_sim:[61947. 62015. 63823.] t2_sim:[63562. 64239. 63420.]
Task is 21.00% complete.
t1_sim:[61222. 61386. 63409.] t2_sim:[61033. 61382. 63149.]
Task is 22.00% complete.
t1_sim:[61814. 61522. 61791.] t2_sim:[61628. 61817. 60654.]
Task is 23.00% complete.
t1_sim:[60086. 59805. 61502.] t2_sim:[66270. 66386. 66050.]
Task is 24.00% complete.
t1_sim:[61646. 62035. 62347.] t2_sim:[66332. 66140. 66564.]
Task is 25.00% complete.
t1_sim:[66051. 65694. 66720.] t2_sim:[63234. 62765. 61007.]
Task is 26.00% complete.
t1_sim:[59077. 59243. 61743.] t2_sim:[62458. 62712. 63875.]
Task is 27.00% complete.
t1_sim:[63133. 63657. 65989.] t2_sim:[57763. 58552. 58865.]
Task is 28.00% complete.
t1_sim:[60682. 61132. 65066.] t2_sim:[66260. 66893. 68588.]
Task is 29.00% complete.
t1_sim:[64919. 65298. 64865.] t2_sim:[60007. 59819. 59161.]
Task is 30.00% complete.
t1_sim:[68439. 68333. 67274.] t2_sim:[63773. 63671. 64781.]
Task is 31.00% complete.
t1_sim:[60953. 60625. 62450.] t2_sim:[63547. 64080. 64294.]
Task is 32.00% complete.
t1_sim:[67565. 67786. 65343.] t2_sim:[58591. 58781. 60580.]
Task is 33.00% complete.
t1_sim:[63972. 63888. 63207.] t2_sim:[63345. 63911. 64881.]
Task is 34.00% complete.
t1_sim:[68660. 69322. 68738.] t2_sim:[67944. 68286. 68188.]
Task is 35.00% complete.
t1_sim:[66635. 66685. 68763.] t2_sim:[61872. 62728. 64242.]
Task is 36.00% complete.
t1_sim:[66753. 66754. 64516.] t2_sim:[61940. 61460. 65380.]
Task is 37.00% complete.
t1_sim:[62254. 62064. 64675.] t2_sim:[63929. 63884. 64537.]
Task is 38.00% complete.
t1_sim:[66065. 66238. 67496.] t2_sim:[59090. 58804. 56931.]
Task is 39.00% complete.
t1_sim:[65580. 65385. 67163.] t2_sim:[60967. 60446. 64094.]
Task is 40.00% complete.
t1_sim:[68168. 68472. 67013.] t2_sim:[63399. 63190. 62461.]
Task is 41.00% complete.
t1_sim:[64800. 64635. 63732.] t2_sim:[66359. 66000. 65257.]
Task is 42.00% complete.
t1_sim:[62544. 62235. 59723.] t2_sim:[67149. 67036. 66523.]
Task is 43.00% complete.
t1_sim:[60385. 59971. 60633.] t2_sim:[64034. 63869. 63392.]
Task is 44.00% complete.
t1_sim:[59588. 59512. 58631.] t2_sim:[55961. 56073. 57383.]
Task is 45.00% complete.
t1_sim:[69688. 69381. 69002.] t2_sim:[59342. 59294. 61874.]
Task is 46.00% complete.
t1_sim:[51864. 52317. 54462.] t2_sim:[62797. 62564. 61056.]
Task is 47.00% complete.
t1_sim:[56069. 56281. 56901.] t2_sim:[62826. 63345. 64546.]
Task is 48.00% complete.
t1_sim:[64603. 65127. 65902.] t2_sim:[62269. 62316. 60165.]
Task is 49.00% complete.
t1_sim:[65768. 66164. 67947.] t2_sim:[57936. 57872. 57924.]
Task is 50.00% complete.
t1_sim:[64607. 64515. 64991.] t2_sim:[61384. 61547. 61799.]
Task is 51.00% complete.
t1_sim:[63895. 63689. 63627.] t2_sim:[62443. 62191. 60651.]
Task is 52.00% complete.
t1_sim:[64308. 64071. 65003.] t2_sim:[67038. 67212. 67026.]
Task is 53.00% complete.
t1_sim:[59720. 59764. 62024.] t2_sim:[59936. 60324. 59660.]
Task is 54.00% complete.
t1_sim:[62015. 61702. 61823.] t2_sim:[61982. 61483. 57088.]
Task is 55.00% complete.
t1_sim:[64605. 64536. 66114.] t2_sim:[68943. 69066. 66343.]
Task is 56.00% complete.
t1_sim:[63635. 64073. 67054.] t2_sim:[64024. 64547. 63211.]
Task is 57.00% complete.
t1_sim:[67289. 67243. 65245.] t2_sim:[59811. 59439. 60739.]
Task is 58.00% complete.
t1_sim:[62167. 62000. 62789.] t2_sim:[60279. 60140. 61835.]
Task is 59.00% complete.
t1_sim:[58355. 58937. 60783.] t2_sim:[63623. 63424. 60605.]
Task is 60.00% complete.
t1_sim:[64990. 64764. 63822.] t2_sim:[56883. 57526. 58453.]
Task is 61.00% complete.
t1_sim:[65375. 65636. 65062.] t2_sim:[68100. 68478. 68276.]
Task is 62.00% complete.
t1_sim:[61358. 61459. 61337.] t2_sim:[64811. 64405. 65144.]
Task is 63.00% complete.
t1_sim:[60858. 60714. 60658.] t2_sim:[66637. 66820. 65538.]
Task is 64.00% complete.
t1_sim:[68767. 68778. 69360.] t2_sim:[69108. 68752. 67796.]
Task is 65.00% complete.
t1_sim:[60853. 60644. 61558.] t2_sim:[60289. 60490. 55976.]
Task is 66.00% complete.
t1_sim:[58956. 59194. 56376.] t2_sim:[56064. 56227. 58665.]
Task is 67.00% complete.
t1_sim:[58425. 58352. 58509.] t2_sim:[61905. 61827. 61644.]
Task is 68.00% complete.
t1_sim:[63009. 62945. 63563.] t2_sim:[65464. 65637. 63507.]
Task is 69.00% complete.
t1_sim:[59449. 59155. 59793.] t2_sim:[65096. 65444. 63606.]
Task is 70.00% complete.
t1_sim:[65147. 64861. 64677.] t2_sim:[66596. 66298. 66609.]
Task is 71.00% complete.
t1_sim:[66199. 65951. 66883.] t2_sim:[63792. 63046. 62096.]
Task is 72.00% complete.
t1_sim:[62604. 62420. 63281.] t2_sim:[66044. 65466. 65862.]
Task is 73.00% complete.
t1_sim:[66567. 66108. 64340.] t2_sim:[62935. 62988. 64511.]
Task is 74.00% complete.
t1_sim:[66217. 66168. 63423.] t2_sim:[61773. 62003. 64060.]
Task is 75.00% complete.
t1_sim:[62824. 62627. 63515.] t2_sim:[63280. 63273. 60934.]
Task is 76.00% complete.
t1_sim:[63290. 62983. 61819.] t2_sim:[58835. 58533. 55624.]
Task is 77.00% complete.
t1_sim:[64238. 64414. 66198.] t2_sim:[64907. 64387. 64124.]
Task is 78.00% complete.
t1_sim:[61169. 61541. 58055.] t2_sim:[61905. 61201. 60480.]
Task is 79.00% complete.
t1_sim:[66852. 66351. 67794.] t2_sim:[65330. 65504. 66017.]
Task is 80.00% complete.
t1_sim:[64243. 64039. 62977.] t2_sim:[61784. 62131. 65953.]
Task is 81.00% complete.
t1_sim:[60952. 60715. 62159.] t2_sim:[68307. 68104. 67240.]
Task is 82.00% complete.
t1_sim:[66733. 66887. 68928.] t2_sim:[64329. 63633. 62436.]
Task is 83.00% complete.
t1_sim:[64998. 65529. 65583.] t2_sim:[63832. 64280. 65165.]
Task is 84.00% complete.
t1_sim:[65921. 65799. 67445.] t2_sim:[60914. 60575. 59186.]
Task is 85.00% complete.
t1_sim:[54934. 55247. 56807.] t2_sim:[65360. 65520. 66708.]
Task is 86.00% complete.
t1_sim:[60985. 61552. 62177.] t2_sim:[62009. 62107. 63819.]
Task is 87.00% complete.
t1_sim:[54340. 54765. 56262.] t2_sim:[67220. 67392. 65691.]
Task is 88.00% complete.
t1_sim:[64956. 64482. 64679.] t2_sim:[66024. 65960. 67647.]
Task is 89.00% complete.
t1_sim:[63284. 63777. 63562.] t2_sim:[63990. 63819. 63442.]
Task is 90.00% complete.
t1_sim:[65679. 66003. 61631.] t2_sim:[63357. 63466. 61101.]
Task is 91.00% complete.
t1_sim:[59223. 58952. 60992.] t2_sim:[59311. 59239. 59256.]
Task is 92.00% complete.
t1_sim:[65309. 65371. 65301.] t2_sim:[62090. 62725. 60475.]
Task is 93.00% complete.
t1_sim:[59231. 59134. 60307.] t2_sim:[67345. 67247. 63566.]
Task is 94.00% complete.
t1_sim:[64933. 65005. 68131.] t2_sim:[58577. 58597. 58198.]
Task is 95.00% complete.
t1_sim:[73276. 73347. 73797.] t2_sim:[59947. 59950. 58818.]
Task is 96.00% complete.
t1_sim:[62814. 63147. 62971.] t2_sim:[59457. 59097. 56122.]
Task is 97.00% complete.
t1_sim:[68328. 68326. 69815.] t2_sim:[61855. 61689. 64162.]
Task is 98.00% complete.
t1_sim:[64540. 64937. 64634.] t2_sim:[59309. 59083. 58266.]
Task is 99.00% complete.
t1_sim:[61609. 61911. 63620.] t2_sim:[64068. 63944. 62952.]
Finished
