/scratch/jz4721/Post-prediction-Causal-Inference/venv/lib/python3.8/site-packages/numpy/core/getlimits.py:518: UserWarning: The value of the smallest subnormal for <class 'numpy.float64'> type is zero.
  setattr(self, word, getattr(machar, word).flat[0])
/scratch/jz4721/Post-prediction-Causal-Inference/venv/lib/python3.8/site-packages/numpy/core/getlimits.py:89: UserWarning: The value of the smallest subnormal for <class 'numpy.float64'> type is zero.
  return self._float_to_str(self.smallest_subnormal)
/scratch/jz4721/Post-prediction-Causal-Inference/venv/lib/python3.8/site-packages/numpy/core/getlimits.py:518: UserWarning: The value of the smallest subnormal for <class 'numpy.float32'> type is zero.
  setattr(self, word, getattr(machar, word).flat[0])
/scratch/jz4721/Post-prediction-Causal-Inference/venv/lib/python3.8/site-packages/numpy/core/getlimits.py:89: UserWarning: The value of the smallest subnormal for <class 'numpy.float32'> type is zero.
  return self._float_to_str(self.smallest_subnormal)
Training start
t1_obs:[array(59723.), array(59891.), array(59747.)] t2_obs:[array(65707.), array(65934.), array(67503.)]
corr_G1:[None, None, 4.506680463651342e-18] corr_G2:[None, None, 8.504034619521905e-17]
Training end
Task is 0.00% complete.
t1_sim:[60455. 60508. 59610.] t2_sim:[58002. 58226. 60751.]
Task is 1.00% complete.
t1_sim:[65437. 65390. 66081.] t2_sim:[60917. 61073. 63597.]
Task is 2.00% complete.
t1_sim:[55533. 55649. 55508.] t2_sim:[56309. 55961. 57983.]
Task is 3.00% complete.
t1_sim:[64527. 64974. 62442.] t2_sim:[63592. 63657. 63713.]
Task is 4.00% complete.
t1_sim:[66186. 65704. 65429.] t2_sim:[60709. 60576. 61784.]
Task is 5.00% complete.
t1_sim:[68649. 68674. 68145.] t2_sim:[70073. 70589. 70171.]
Task is 6.00% complete.
t1_sim:[69661. 69599. 68829.] t2_sim:[62554. 63042. 60392.]
Task is 7.00% complete.
t1_sim:[61302. 61024. 60445.] t2_sim:[61617. 60989. 59204.]
Task is 8.00% complete.
t1_sim:[65247. 65921. 65110.] t2_sim:[63126. 62820. 61576.]
Task is 9.00% complete.
t1_sim:[58930. 59171. 60122.] t2_sim:[61598. 61524. 60194.]
Task is 10.00% complete.
t1_sim:[59532. 59273. 63043.] t2_sim:[68894. 68592. 62999.]
Task is 11.00% complete.
t1_sim:[63387. 63356. 62068.] t2_sim:[70464. 71350. 66361.]
Task is 12.00% complete.
t1_sim:[58922. 59003. 59654.] t2_sim:[53229. 53523. 59721.]
Task is 13.00% complete.
t1_sim:[61391. 61081. 56738.] t2_sim:[60755. 60590. 62625.]
Task is 14.00% complete.
t1_sim:[62711. 62526. 61227.] t2_sim:[59846. 59799. 64429.]
Task is 15.00% complete.
t1_sim:[64364. 64675. 63265.] t2_sim:[58318. 58605. 58095.]
Task is 16.00% complete.
t1_sim:[61544. 61573. 58883.] t2_sim:[61241. 60662. 56643.]
Task is 17.00% complete.
t1_sim:[65793. 66198. 64148.] t2_sim:[66468. 66737. 65429.]
Task is 18.00% complete.
t1_sim:[63093. 63520. 66517.] t2_sim:[58281. 58172. 60511.]
Task is 19.00% complete.
t1_sim:[69724. 69227. 69653.] t2_sim:[64064. 64047. 63277.]
Task is 20.00% complete.
t1_sim:[61811. 62123. 58641.] t2_sim:[59492. 59953. 62576.]
Task is 21.00% complete.
t1_sim:[70363. 70009. 68713.] t2_sim:[64109. 63624. 66270.]
Task is 22.00% complete.
t1_sim:[60442. 60713. 61799.] t2_sim:[61909. 62061. 59601.]
Task is 23.00% complete.
t1_sim:[62929. 62699. 62965.] t2_sim:[61842. 61778. 62936.]
Task is 24.00% complete.
t1_sim:[58964. 59792. 60490.] t2_sim:[65923. 65611. 66001.]
Task is 25.00% complete.
t1_sim:[63985. 63956. 59855.] t2_sim:[64945. 64767. 61810.]
Task is 26.00% complete.
t1_sim:[63141. 62991. 63280.] t2_sim:[62955. 62950. 63256.]
Task is 27.00% complete.
t1_sim:[63987. 63607. 67590.] t2_sim:[62919. 62878. 63157.]
Task is 28.00% complete.
t1_sim:[57735. 57747. 60630.] t2_sim:[63962. 64378. 67228.]
Task is 29.00% complete.
t1_sim:[61050. 61149. 58834.] t2_sim:[64562. 64672. 66789.]
Task is 30.00% complete.
t1_sim:[68000. 68484. 69452.] t2_sim:[62715. 62489. 64711.]
Task is 31.00% complete.
t1_sim:[57325. 57046. 57287.] t2_sim:[61174. 61041. 60761.]
Task is 32.00% complete.
t1_sim:[59657. 59522. 60861.] t2_sim:[57996. 57841. 56241.]
Task is 33.00% complete.
t1_sim:[63647. 63400. 61283.] t2_sim:[58913. 58784. 59095.]
Task is 34.00% complete.
t1_sim:[61715. 61930. 63344.] t2_sim:[63880. 63651. 62369.]
Task is 35.00% complete.
t1_sim:[58133. 58113. 56700.] t2_sim:[66574. 66831. 64566.]
Task is 36.00% complete.
t1_sim:[62304. 62152. 60002.] t2_sim:[61178. 60355. 61792.]
Task is 37.00% complete.
t1_sim:[61071. 60522. 62239.] t2_sim:[58235. 57830. 57415.]
Task is 38.00% complete.
t1_sim:[59815. 58993. 55489.] t2_sim:[66301. 66156. 65489.]
Task is 39.00% complete.
t1_sim:[62937. 63168. 62420.] t2_sim:[58866. 58901. 59979.]
Task is 40.00% complete.
t1_sim:[61552. 61789. 61594.] t2_sim:[60144. 60502. 63159.]
Task is 41.00% complete.
t1_sim:[58038. 57887. 57266.] t2_sim:[63419. 63287. 64781.]
Task is 42.00% complete.
t1_sim:[56374. 56364. 56798.] t2_sim:[67338. 66939. 67767.]
Task is 43.00% complete.
t1_sim:[60254. 60435. 60250.] t2_sim:[67351. 67712. 66938.]
Task is 44.00% complete.
t1_sim:[65301. 65565. 66419.] t2_sim:[61227. 61097. 64960.]
Task is 45.00% complete.
t1_sim:[65628. 66083. 63352.] t2_sim:[60834. 61253. 58153.]
Task is 46.00% complete.
t1_sim:[60395. 61003. 60532.] t2_sim:[60778. 60554. 61008.]
Task is 47.00% complete.
t1_sim:[62425. 62462. 62586.] t2_sim:[61135. 61720. 58541.]
Task is 48.00% complete.
t1_sim:[64862. 64386. 61446.] t2_sim:[59770. 59632. 62266.]
Task is 49.00% complete.
t1_sim:[61258. 61471. 64109.] t2_sim:[66168. 66260. 64125.]
Task is 50.00% complete.
t1_sim:[63018. 62718. 63747.] t2_sim:[57692. 57635. 61318.]
Task is 51.00% complete.
t1_sim:[67676. 67096. 64198.] t2_sim:[64933. 65473. 68028.]
Task is 52.00% complete.
t1_sim:[59672. 59873. 59192.] t2_sim:[62747. 62710. 63367.]
Task is 53.00% complete.
t1_sim:[58247. 58764. 59005.] t2_sim:[68806. 68866. 64488.]
Task is 54.00% complete.
t1_sim:[61043. 61001. 61134.] t2_sim:[63770. 63783. 66862.]
Task is 55.00% complete.
t1_sim:[61354. 61182. 61103.] t2_sim:[63298. 63167. 62456.]
Task is 56.00% complete.
t1_sim:[68079. 68027. 69381.] t2_sim:[63994. 63804. 65003.]
Task is 57.00% complete.
t1_sim:[58341. 58474. 60402.] t2_sim:[63978. 63393. 60188.]
Task is 58.00% complete.
t1_sim:[62197. 61961. 62729.] t2_sim:[60920. 61099. 64430.]
Task is 59.00% complete.
t1_sim:[65838. 65827. 67285.] t2_sim:[60545. 60027. 62904.]
Task is 60.00% complete.
t1_sim:[63141. 63232. 63557.] t2_sim:[62258. 62299. 60909.]
Task is 61.00% complete.
t1_sim:[58624. 58893. 54982.] t2_sim:[58432. 58048. 56338.]
Task is 62.00% complete.
t1_sim:[62594. 62286. 63090.] t2_sim:[60768. 60283. 65741.]
Task is 63.00% complete.
t1_sim:[61219. 60730. 60541.] t2_sim:[68322. 68467. 65683.]
Task is 64.00% complete.
t1_sim:[59265. 59219. 57980.] t2_sim:[61615. 61957. 61638.]
Task is 65.00% complete.
t1_sim:[60266. 60326. 62521.] t2_sim:[62303. 62475. 62097.]
Task is 66.00% complete.
t1_sim:[65287. 65288. 62857.] t2_sim:[59347. 59484. 59752.]
Task is 67.00% complete.
t1_sim:[61137. 61118. 60542.] t2_sim:[63828. 63843. 62953.]
Task is 68.00% complete.
t1_sim:[65652. 65445. 65018.] t2_sim:[57946. 57940. 58359.]
Task is 69.00% complete.
t1_sim:[60588. 60373. 57348.] t2_sim:[66542. 66776. 62848.]
Task is 70.00% complete.
t1_sim:[60074. 60566. 63930.] t2_sim:[58485. 58184. 58446.]
Task is 71.00% complete.
t1_sim:[63164. 63607. 62799.] t2_sim:[64556. 64522. 63909.]
Task is 72.00% complete.
t1_sim:[62794. 62926. 63417.] t2_sim:[65379. 65584. 65152.]
Task is 73.00% complete.
t1_sim:[58774. 58578. 59876.] t2_sim:[64661. 65029. 62896.]
Task is 74.00% complete.
t1_sim:[70073. 69174. 69203.] t2_sim:[60725. 61010. 62214.]
Task is 75.00% complete.
t1_sim:[60011. 59481. 56783.] t2_sim:[63417. 63115. 61773.]
Task is 76.00% complete.
t1_sim:[64372. 63878. 61780.] t2_sim:[61139. 61293. 60703.]
Task is 77.00% complete.
t1_sim:[59411. 59820. 60999.] t2_sim:[60650. 60712. 60537.]
Task is 78.00% complete.
t1_sim:[63737. 63901. 64910.] t2_sim:[64224. 63688. 64272.]
Task is 79.00% complete.
t1_sim:[65358. 65061. 67399.] t2_sim:[61975. 62276. 60538.]
Task is 80.00% complete.
t1_sim:[65604. 66326. 66793.] t2_sim:[67007. 66755. 64386.]
Task is 81.00% complete.
t1_sim:[62185. 62772. 67512.] t2_sim:[67755. 67899. 68631.]
Task is 82.00% complete.
t1_sim:[64127. 64104. 62550.] t2_sim:[65419. 65695. 64858.]
Task is 83.00% complete.
t1_sim:[59687. 59989. 59938.] t2_sim:[63044. 62708. 64146.]
Task is 84.00% complete.
t1_sim:[64267. 63869. 63223.] t2_sim:[58952. 59433. 61885.]
Task is 85.00% complete.
t1_sim:[59913. 60601. 62262.] t2_sim:[70671. 70998. 64212.]
Task is 86.00% complete.
t1_sim:[59855. 60230. 60431.] t2_sim:[61282. 61227. 63283.]
Task is 87.00% complete.
t1_sim:[64812. 65138. 63947.] t2_sim:[66696. 67040. 67501.]
Task is 88.00% complete.
t1_sim:[60600. 60687. 62763.] t2_sim:[64122. 64720. 61369.]
Task is 89.00% complete.
t1_sim:[62752. 62912. 62971.] t2_sim:[62180. 61653. 60832.]
Task is 90.00% complete.
t1_sim:[60380. 60672. 59526.] t2_sim:[62348. 62142. 62117.]
Task is 91.00% complete.
t1_sim:[62778. 62448. 65520.] t2_sim:[62788. 62655. 63146.]
Task is 92.00% complete.
t1_sim:[66524. 67113. 69070.] t2_sim:[63252. 62983. 64843.]
Task is 93.00% complete.
t1_sim:[58792. 58468. 58627.] t2_sim:[70363. 70807. 68133.]
Task is 94.00% complete.
t1_sim:[62330. 62089. 62405.] t2_sim:[57665. 57587. 58298.]
Task is 95.00% complete.
t1_sim:[57107. 57273. 61477.] t2_sim:[63581. 63816. 63490.]
Task is 96.00% complete.
t1_sim:[62933. 62766. 63252.] t2_sim:[60354. 60724. 61007.]
Task is 97.00% complete.
t1_sim:[61566. 61312. 58777.] t2_sim:[66470. 66532. 62772.]
Task is 98.00% complete.
t1_sim:[55158. 55159. 56412.] t2_sim:[60347. 60292. 61076.]
Task is 99.00% complete.
t1_sim:[56073. 56776. 59428.] t2_sim:[59324. 59218. 58156.]
Training start
t1_obs:[array(59723.), array(59891.), array(59292.)] t2_obs:[array(65707.), array(65934.), array(66599.)]
corr_G1:[None, None, 0.9901647116151044] corr_G2:[None, None, 0.9637079479442849]
Training end
Task is 0.00% complete.
t1_sim:[63576. 63525. 63375.] t2_sim:[57199. 57235. 58155.]
Task is 1.00% complete.
t1_sim:[64801. 64576. 62532.] t2_sim:[62759. 62429. 60538.]
Task is 2.00% complete.
t1_sim:[67284. 66965. 67131.] t2_sim:[62132. 61956. 59672.]
Task is 3.00% complete.
t1_sim:[64957. 64780. 65068.] t2_sim:[60694. 60850. 62879.]
Task is 4.00% complete.
t1_sim:[61257. 60655. 62752.] t2_sim:[56503. 56846. 57612.]
Task is 5.00% complete.
t1_sim:[60534. 60549. 62467.] t2_sim:[63653. 63641. 65306.]
Task is 6.00% complete.
t1_sim:[69770. 69535. 70121.] t2_sim:[62622. 62309. 62774.]
Task is 7.00% complete.
t1_sim:[62026. 62243. 63394.] t2_sim:[58170. 58186. 57234.]
Task is 8.00% complete.
t1_sim:[63038. 63103. 63675.] t2_sim:[65548. 65989. 65757.]
Task is 9.00% complete.
t1_sim:[60889. 60877. 63017.] t2_sim:[64348. 64703. 63736.]
Task is 10.00% complete.
t1_sim:[61413. 61568. 60204.] t2_sim:[60003. 60638. 63341.]
Task is 11.00% complete.
t1_sim:[59580. 60288. 61221.] t2_sim:[56231. 56177. 56561.]
Task is 12.00% complete.
t1_sim:[65290. 65819. 65379.] t2_sim:[59620. 59830. 61532.]
Task is 13.00% complete.
t1_sim:[61879. 61296. 59304.] t2_sim:[64754. 65328. 66015.]
Task is 14.00% complete.
t1_sim:[58772. 58724. 59310.] t2_sim:[66003. 66460. 65774.]
Task is 15.00% complete.
t1_sim:[62864. 62615. 62488.] t2_sim:[57585. 57726. 58543.]
Task is 16.00% complete.
t1_sim:[65038. 65765. 63827.] t2_sim:[64547. 64424. 64613.]
Task is 17.00% complete.
t1_sim:[58693. 58399. 56394.] t2_sim:[57360. 57258. 57846.]
Task is 18.00% complete.
t1_sim:[68511. 68542. 69035.] t2_sim:[63546. 63658. 64378.]
Task is 19.00% complete.
t1_sim:[61496. 61361. 62278.] t2_sim:[64566. 64990. 66137.]
Task is 20.00% complete.
t1_sim:[63859. 63797. 64650.] t2_sim:[68527. 68997. 68241.]
Task is 21.00% complete.
t1_sim:[58570. 59072. 58598.] t2_sim:[63287. 62875. 62397.]
Task is 22.00% complete.
t1_sim:[60543. 61183. 61300.] t2_sim:[68498. 68481. 68575.]
Task is 23.00% complete.
t1_sim:[67729. 67355. 66274.] t2_sim:[64352. 64560. 62676.]
Task is 24.00% complete.
t1_sim:[60357. 61015. 62445.] t2_sim:[65603. 65699. 66747.]
Task is 25.00% complete.
t1_sim:[62237. 61798. 62299.] t2_sim:[64332. 64558. 65069.]
Task is 26.00% complete.
t1_sim:[66866. 66884. 67836.] t2_sim:[62023. 61819. 61041.]
Task is 27.00% complete.
t1_sim:[58491. 58367. 60314.] t2_sim:[62013. 62262. 63127.]
Task is 28.00% complete.
t1_sim:[59758. 59533. 59527.] t2_sim:[62930. 63754. 64457.]
Task is 29.00% complete.
t1_sim:[61651. 61356. 62107.] t2_sim:[62597. 62424. 60099.]
Task is 30.00% complete.
t1_sim:[58039. 58603. 58257.] t2_sim:[57817. 57771. 61157.]
Task is 31.00% complete.
t1_sim:[61028. 61312. 60146.] t2_sim:[59024. 58971. 57758.]
Task is 32.00% complete.
t1_sim:[63455. 63425. 63610.] t2_sim:[62920. 63178. 65305.]
Task is 33.00% complete.
t1_sim:[58300. 58530. 58619.] t2_sim:[63330. 62980. 64060.]
Task is 34.00% complete.
t1_sim:[70012. 69901. 68323.] t2_sim:[63305. 62634. 61258.]
Task is 35.00% complete.
t1_sim:[63959. 63105. 62179.] t2_sim:[63860. 63983. 64876.]
Task is 36.00% complete.
t1_sim:[65497. 65180. 64762.] t2_sim:[59640. 59447. 59799.]
Task is 37.00% complete.
t1_sim:[59533. 59476. 61278.] t2_sim:[57471. 57515. 56872.]
Task is 38.00% complete.
t1_sim:[62911. 62979. 61358.] t2_sim:[59967. 59438. 60210.]
Task is 39.00% complete.
t1_sim:[62413. 62155. 61744.] t2_sim:[64883. 64724. 63734.]
Task is 40.00% complete.
t1_sim:[64580. 64669. 65819.] t2_sim:[61706. 61844. 60731.]
Task is 41.00% complete.
t1_sim:[63072. 62565. 62870.] t2_sim:[61331. 61083. 59755.]
Task is 42.00% complete.
t1_sim:[64179. 64584. 62745.] t2_sim:[61307. 61202. 60093.]
Task is 43.00% complete.
t1_sim:[63233. 63841. 63031.] t2_sim:[60364. 60041. 60357.]
Task is 44.00% complete.
t1_sim:[66576. 66363. 65084.] t2_sim:[64880. 64884. 64228.]
Task is 45.00% complete.
t1_sim:[62230. 62475. 63146.] t2_sim:[59830. 60227. 60227.]
Task is 46.00% complete.
t1_sim:[63068. 62936. 63371.] t2_sim:[59079. 59567. 59652.]
Task is 47.00% complete.
t1_sim:[61079. 60777. 57985.] t2_sim:[63826. 63359. 63366.]
Task is 48.00% complete.
t1_sim:[59400. 58768. 59239.] t2_sim:[66149. 66149. 63666.]
Task is 49.00% complete.
t1_sim:[65785. 66406. 67386.] t2_sim:[62725. 62882. 63088.]
Task is 50.00% complete.
t1_sim:[65435. 65323. 62410.] t2_sim:[62283. 61686. 63339.]
Task is 51.00% complete.
t1_sim:[62204. 62495. 60975.] t2_sim:[60785. 60556. 60193.]
Task is 52.00% complete.
t1_sim:[62878. 63086. 61138.] t2_sim:[65286. 64392. 62778.]
Task is 53.00% complete.
t1_sim:[61556. 61731. 60662.] t2_sim:[65537. 65633. 65615.]
Task is 54.00% complete.
t1_sim:[61024. 61496. 61472.] t2_sim:[57937. 58003. 57139.]
Task is 55.00% complete.
t1_sim:[59259. 59234. 61088.] t2_sim:[64954. 64464. 66095.]
Task is 56.00% complete.
t1_sim:[66608. 66509. 67201.] t2_sim:[64472. 64344. 64205.]
Task is 57.00% complete.
t1_sim:[56502. 56350. 56808.] t2_sim:[62964. 63346. 61107.]
Task is 58.00% complete.
t1_sim:[61202. 61571. 63885.] t2_sim:[60352. 60583. 58564.]
Task is 59.00% complete.
t1_sim:[63660. 63716. 62378.] t2_sim:[63455. 63571. 64069.]
Task is 60.00% complete.
t1_sim:[63118. 64006. 64062.] t2_sim:[62588. 62403. 63060.]
Task is 61.00% complete.
t1_sim:[67450. 67128. 67934.] t2_sim:[60540. 60339. 62918.]
Task is 62.00% complete.
t1_sim:[68563. 69148. 69761.] t2_sim:[62624. 62305. 64620.]
Task is 63.00% complete.
t1_sim:[62413. 62356. 63397.] t2_sim:[60264. 60125. 60875.]
Task is 64.00% complete.
t1_sim:[63552. 63347. 62859.] t2_sim:[62675. 62520. 65273.]
Task is 65.00% complete.
t1_sim:[59715. 60065. 62139.] t2_sim:[64329. 64396. 66115.]
Task is 66.00% complete.
t1_sim:[63886. 63940. 67252.] t2_sim:[60474. 61256. 60784.]
Task is 67.00% complete.
t1_sim:[59619. 59537. 59426.] t2_sim:[55576. 55302. 56516.]
Task is 68.00% complete.
t1_sim:[62980. 62756. 63510.] t2_sim:[61074. 61118. 60484.]
Task is 69.00% complete.
t1_sim:[66079. 65965. 63819.] t2_sim:[63460. 63281. 62078.]
Task is 70.00% complete.
t1_sim:[65745. 65401. 62872.] t2_sim:[62867. 63117. 60964.]
Task is 71.00% complete.
t1_sim:[62411. 62611. 64186.] t2_sim:[63021. 62988. 63945.]
Task is 72.00% complete.
t1_sim:[70084. 70078. 67328.] t2_sim:[63933. 63656. 60743.]
Task is 73.00% complete.
t1_sim:[65889. 65971. 66843.] t2_sim:[61953. 62273. 64410.]
Task is 74.00% complete.
t1_sim:[63677. 63670. 62540.] t2_sim:[64030. 64183. 64886.]
Task is 75.00% complete.
t1_sim:[60101. 59930. 61109.] t2_sim:[65502. 65799. 64205.]
Task is 76.00% complete.
t1_sim:[63078. 62674. 61495.] t2_sim:[64038. 63397. 65576.]
Task is 77.00% complete.
t1_sim:[57634. 57581. 56935.] t2_sim:[67145. 67066. 66268.]
Task is 78.00% complete.
t1_sim:[55985. 55476. 57212.] t2_sim:[61230. 61324. 60998.]
Task is 79.00% complete.
t1_sim:[56311. 56604. 55824.] t2_sim:[64245. 64253. 63143.]
Task is 80.00% complete.
t1_sim:[67364. 67244. 72674.] t2_sim:[61832. 62165. 60782.]
Task is 81.00% complete.
t1_sim:[61831. 62230. 63148.] t2_sim:[59591. 59873. 59960.]
Task is 82.00% complete.
t1_sim:[62590. 62612. 64995.] t2_sim:[63295. 63414. 64451.]
Task is 83.00% complete.
t1_sim:[62323. 62985. 65396.] t2_sim:[72013. 72056. 71805.]
Task is 84.00% complete.
t1_sim:[64548. 64505. 63965.] t2_sim:[58895. 58901. 60766.]
Task is 85.00% complete.
t1_sim:[58232. 58255. 59126.] t2_sim:[56494. 56167. 55837.]
Task is 86.00% complete.
t1_sim:[61834. 61585. 63137.] t2_sim:[65557. 65207. 65999.]
Task is 87.00% complete.
t1_sim:[58762. 58105. 58329.] t2_sim:[69916. 70575. 68786.]
Task is 88.00% complete.
t1_sim:[63528. 64389. 65001.] t2_sim:[63018. 62793. 63406.]
Task is 89.00% complete.
t1_sim:[63143. 62850. 64111.] t2_sim:[60893. 61159. 60012.]
Task is 90.00% complete.
t1_sim:[60124. 59748. 60104.] t2_sim:[65607. 65494. 64362.]
Task is 91.00% complete.
t1_sim:[59192. 59005. 59842.] t2_sim:[61148. 61358. 61693.]
Task is 92.00% complete.
t1_sim:[62993. 63279. 65861.] t2_sim:[60409. 60293. 61326.]
Task is 93.00% complete.
t1_sim:[61531. 61503. 61883.] t2_sim:[61758. 62391. 63636.]
Task is 94.00% complete.
t1_sim:[53736. 53595. 54941.] t2_sim:[60483. 60711. 61061.]
Task is 95.00% complete.
t1_sim:[62753. 61866. 61967.] t2_sim:[61557. 61418. 62514.]
Task is 96.00% complete.
t1_sim:[67544. 67413. 65758.] t2_sim:[64884. 65225. 63533.]
Task is 97.00% complete.
t1_sim:[63970. 64267. 63536.] t2_sim:[61932. 61762. 61413.]
Task is 98.00% complete.
t1_sim:[64874. 64781. 63455.] t2_sim:[60783. 60982. 61774.]
Task is 99.00% complete.
t1_sim:[64058. 63779. 62887.] t2_sim:[66117. 66209. 64207.]
Training start
t1_obs:[array(59723.), array(59891.), array(58966.)] t2_obs:[array(65707.), array(65934.), array(67287.)]
corr_G1:[None, None, -0.11810045697214154] corr_G2:[None, None, -0.06486355323147341]
Training end
Task is 0.00% complete.
t1_sim:[60368. 60495. 59658.] t2_sim:[60695. 60395. 62577.]
Task is 1.00% complete.
t1_sim:[65099. 65720. 64328.] t2_sim:[60576. 60296. 59538.]
Task is 2.00% complete.
t1_sim:[65525. 66324. 64805.] t2_sim:[67865. 68119. 69577.]
Task is 3.00% complete.
t1_sim:[64797. 64819. 63695.] t2_sim:[69067. 68860. 68353.]
Task is 4.00% complete.
t1_sim:[60694. 60968. 60466.] t2_sim:[67607. 67657. 66714.]
Task is 5.00% complete.
t1_sim:[64999. 64536. 64214.] t2_sim:[63322. 63692. 63658.]
Task is 6.00% complete.
t1_sim:[64289. 64656. 66556.] t2_sim:[63308. 63716. 63013.]
Task is 7.00% complete.
t1_sim:[61617. 61413. 62643.] t2_sim:[59491. 59510. 59499.]
Task is 8.00% complete.
t1_sim:[59928. 59651. 59675.] t2_sim:[64239. 64496. 65577.]
Task is 9.00% complete.
t1_sim:[65026. 64307. 64519.] t2_sim:[58936. 58911. 58150.]
Task is 10.00% complete.
t1_sim:[60807. 60738. 59459.] t2_sim:[64349. 64535. 64543.]
Task is 11.00% complete.
t1_sim:[60264. 59817. 60471.] t2_sim:[64679. 64597. 66393.]
Task is 12.00% complete.
t1_sim:[60237. 59989. 59896.] t2_sim:[60162. 60045. 59794.]
Task is 13.00% complete.
t1_sim:[61864. 61378. 59817.] t2_sim:[61650. 62145. 58758.]
Task is 14.00% complete.
t1_sim:[63350. 63639. 63484.] t2_sim:[62044. 62031. 61903.]
Task is 15.00% complete.
t1_sim:[68357. 68155. 68292.] t2_sim:[60400. 60212. 60704.]
Task is 16.00% complete.
t1_sim:[66742. 66635. 68987.] t2_sim:[60803. 60823. 61616.]
Task is 17.00% complete.
t1_sim:[67875. 68443. 69897.] t2_sim:[62953. 62979. 62405.]
Task is 18.00% complete.
t1_sim:[64316. 65240. 66373.] t2_sim:[66517. 66311. 64593.]
Task is 19.00% complete.
t1_sim:[63956. 63959. 63071.] t2_sim:[59289. 59390. 59518.]
Task is 20.00% complete.
t1_sim:[64782. 64975. 61712.] t2_sim:[66769. 66872. 64442.]
Task is 21.00% complete.
t1_sim:[65610. 65644. 62743.] t2_sim:[69141. 69530. 70378.]
Task is 22.00% complete.
t1_sim:[66315. 66115. 65098.] t2_sim:[65317. 65404. 66920.]
Task is 23.00% complete.
t1_sim:[61975. 61698. 62492.] t2_sim:[63933. 64357. 62681.]
Task is 24.00% complete.
t1_sim:[58094. 58414. 58347.] t2_sim:[62879. 62510. 63624.]
Task is 25.00% complete.
t1_sim:[62441. 62117. 60504.] t2_sim:[65809. 65586. 63686.]
Task is 26.00% complete.
t1_sim:[65821. 65579. 66360.] t2_sim:[66352. 66366. 65889.]
Task is 27.00% complete.
t1_sim:[65623. 65220. 62356.] t2_sim:[64716. 64760. 66524.]
Task is 28.00% complete.
t1_sim:[61827. 62293. 64238.] t2_sim:[65899. 65932. 66853.]
Task is 29.00% complete.
t1_sim:[59646. 59361. 60442.] t2_sim:[58489. 58808. 61539.]
Task is 30.00% complete.
t1_sim:[63154. 62995. 60500.] t2_sim:[57419. 57931. 59379.]
Task is 31.00% complete.
t1_sim:[60439. 61189. 61007.] t2_sim:[68245. 68215. 66222.]
Task is 32.00% complete.
t1_sim:[63432. 63196. 62356.] t2_sim:[58512. 58377. 58855.]
Task is 33.00% complete.
t1_sim:[62478. 62625. 65860.] t2_sim:[68553. 68707. 65349.]
Task is 34.00% complete.
t1_sim:[56502. 56824. 58600.] t2_sim:[61415. 61496. 64064.]
Task is 35.00% complete.
t1_sim:[68465. 68253. 67437.] t2_sim:[63431. 63160. 67432.]
Task is 36.00% complete.
t1_sim:[62167. 62083. 61463.] t2_sim:[61747. 61986. 63072.]
Task is 37.00% complete.
t1_sim:[56338. 56878. 57566.] t2_sim:[72938. 73055. 69610.]
Task is 38.00% complete.
t1_sim:[58703. 58462. 60239.] t2_sim:[66221. 66502. 66434.]
Task is 39.00% complete.
t1_sim:[62529. 61967. 60409.] t2_sim:[65040. 65178. 67233.]
Task is 40.00% complete.
t1_sim:[65243. 65625. 65880.] t2_sim:[62267. 62134. 61414.]
Task is 41.00% complete.
t1_sim:[63069. 63381. 59911.] t2_sim:[66728. 66693. 64885.]
Task is 42.00% complete.
t1_sim:[60551. 60764. 61735.] t2_sim:[63733. 63428. 61453.]
Task is 43.00% complete.
t1_sim:[68585. 68783. 66251.] t2_sim:[67588. 67379. 67669.]
Task is 44.00% complete.
t1_sim:[57461. 57475. 58011.] t2_sim:[61534. 61491. 61149.]
Task is 45.00% complete.
t1_sim:[55534. 55101. 54672.] t2_sim:[65512. 65907. 64876.]
Task is 46.00% complete.
t1_sim:[57506. 57566. 56161.] t2_sim:[63858. 63624. 61838.]
Task is 47.00% complete.
t1_sim:[63414. 63823. 62038.] t2_sim:[60543. 60851. 61329.]
Task is 48.00% complete.
t1_sim:[61786. 62000. 60039.] t2_sim:[56322. 56702. 58141.]
Task is 49.00% complete.
t1_sim:[65146. 64773. 65665.] t2_sim:[62201. 62356. 62236.]
Task is 50.00% complete.
t1_sim:[64729. 64875. 62954.] t2_sim:[59226. 58887. 58313.]
Task is 51.00% complete.
t1_sim:[54930. 54767. 56277.] t2_sim:[61306. 61229. 58768.]
Task is 52.00% complete.
t1_sim:[61891. 61488. 62317.] t2_sim:[60147. 59502. 60980.]
Task is 53.00% complete.
t1_sim:[60577. 60300. 60411.] t2_sim:[64123. 64080. 63430.]
Task is 54.00% complete.
t1_sim:[65526. 65926. 66639.] t2_sim:[64457. 64654. 65724.]
Task is 55.00% complete.
t1_sim:[63162. 62956. 62457.] t2_sim:[66413. 66291. 62648.]
Task is 56.00% complete.
t1_sim:[56186. 56703. 57204.] t2_sim:[64357. 64334. 64735.]
Task is 57.00% complete.
t1_sim:[62853. 62557. 60759.] t2_sim:[60105. 59881. 57206.]
Task is 58.00% complete.
t1_sim:[60233. 60024. 59109.] t2_sim:[59010. 58668. 57956.]
Task is 59.00% complete.
t1_sim:[65781. 65749. 65667.] t2_sim:[59985. 60924. 61389.]
Task is 60.00% complete.
t1_sim:[66230. 65191. 64673.] t2_sim:[67509. 66973. 66359.]
Task is 61.00% complete.
t1_sim:[60290. 60454. 62378.] t2_sim:[63872. 63517. 62426.]
Task is 62.00% complete.
t1_sim:[64384. 64404. 64360.] t2_sim:[61631. 61464. 61272.]
Task is 63.00% complete.
t1_sim:[55538. 55539. 56144.] t2_sim:[65194. 64529. 63678.]
Task is 64.00% complete.
t1_sim:[58270. 58364. 57475.] t2_sim:[54765. 54741. 54206.]
Task is 65.00% complete.
t1_sim:[57851. 57226. 57484.] t2_sim:[70326. 70289. 67777.]
Task is 66.00% complete.
t1_sim:[71560. 71490. 68651.] t2_sim:[62225. 62421. 59879.]
Task is 67.00% complete.
t1_sim:[66160. 66228. 64718.] t2_sim:[60368. 59781. 61850.]
Task is 68.00% complete.
t1_sim:[62070. 62053. 61038.] t2_sim:[61313. 61425. 63029.]
Task is 69.00% complete.
t1_sim:[68713. 68743. 66196.] t2_sim:[59813. 59688. 58664.]
Task is 70.00% complete.
t1_sim:[63115. 62511. 60904.] t2_sim:[55871. 55897. 55307.]
Task is 71.00% complete.
t1_sim:[65235. 65327. 64801.] t2_sim:[65305. 65616. 63738.]
Task is 72.00% complete.
t1_sim:[59382. 59708. 59292.] t2_sim:[65038. 65269. 64933.]
Task is 73.00% complete.
t1_sim:[60996. 60587. 59599.] t2_sim:[65982. 66409. 66501.]
Task is 74.00% complete.
t1_sim:[61334. 61108. 60353.] t2_sim:[68842. 68967. 67964.]
Task is 75.00% complete.
t1_sim:[58321. 58148. 56766.] t2_sim:[61576. 61059. 59999.]
Task is 76.00% complete.
t1_sim:[64103. 64250. 62891.] t2_sim:[65029. 64698. 62631.]
Task is 77.00% complete.
t1_sim:[56867. 56583. 58348.] t2_sim:[58363. 58042. 58041.]
Task is 78.00% complete.
t1_sim:[69692. 69698. 66151.] t2_sim:[66940. 66959. 67807.]
Task is 79.00% complete.
t1_sim:[65532. 65837. 66968.] t2_sim:[58797. 58720. 59009.]
Task is 80.00% complete.
t1_sim:[64904. 64682. 64268.] t2_sim:[61440. 61146. 58745.]
Task is 81.00% complete.
t1_sim:[62669. 63256. 62650.] t2_sim:[57565. 57914. 59364.]
Task is 82.00% complete.
t1_sim:[61642. 61771. 62292.] t2_sim:[65564. 65505. 65763.]
Task is 83.00% complete.
t1_sim:[58980. 58630. 55907.] t2_sim:[64620. 64635. 63957.]
Task is 84.00% complete.
t1_sim:[68210. 68173. 69022.] t2_sim:[62626. 62541. 60005.]
Task is 85.00% complete.
t1_sim:[65749. 65654. 63028.] t2_sim:[62855. 62718. 65282.]
Task is 86.00% complete.
t1_sim:[65066. 65519. 65910.] t2_sim:[62488. 62693. 60298.]
Task is 87.00% complete.
t1_sim:[64837. 64407. 64637.] t2_sim:[60024. 60681. 61721.]
Task is 88.00% complete.
t1_sim:[62377. 62203. 60336.] t2_sim:[64966. 65172. 64895.]
Task is 89.00% complete.
t1_sim:[65211. 65093. 64940.] t2_sim:[62169. 62179. 62578.]
Task is 90.00% complete.
t1_sim:[60806. 60449. 58703.] t2_sim:[63849. 63571. 65132.]
Task is 91.00% complete.
t1_sim:[64870. 64870. 64340.] t2_sim:[62543. 62300. 60295.]
Task is 92.00% complete.
t1_sim:[58935. 58637. 58225.] t2_sim:[60919. 60899. 63323.]
Task is 93.00% complete.
t1_sim:[63597. 63853. 62443.] t2_sim:[65480. 64971. 62102.]
Task is 94.00% complete.
t1_sim:[57180. 57857. 55763.] t2_sim:[65089. 64490. 66087.]
Task is 95.00% complete.
t1_sim:[59875. 59931. 59884.] t2_sim:[68018. 67702. 66367.]
Task is 96.00% complete.
t1_sim:[62652. 62428. 62085.] t2_sim:[63567. 63801. 61763.]
Task is 97.00% complete.
t1_sim:[65342. 65421. 63223.] t2_sim:[61699. 61957. 62038.]
Task is 98.00% complete.
t1_sim:[60618. 60423. 59947.] t2_sim:[56340. 56612. 58155.]
Task is 99.00% complete.
t1_sim:[61688. 61740. 63195.] t2_sim:[60189. 60542. 61227.]
Finished
