/scratch/jz4721/Post-prediction-Causal-Inference/venv/lib/python3.8/site-packages/numpy/core/getlimits.py:518: UserWarning: The value of the smallest subnormal for <class 'numpy.float64'> type is zero.
  setattr(self, word, getattr(machar, word).flat[0])
/scratch/jz4721/Post-prediction-Causal-Inference/venv/lib/python3.8/site-packages/numpy/core/getlimits.py:89: UserWarning: The value of the smallest subnormal for <class 'numpy.float64'> type is zero.
  return self._float_to_str(self.smallest_subnormal)
/scratch/jz4721/Post-prediction-Causal-Inference/venv/lib/python3.8/site-packages/numpy/core/getlimits.py:518: UserWarning: The value of the smallest subnormal for <class 'numpy.float32'> type is zero.
  setattr(self, word, getattr(machar, word).flat[0])
/scratch/jz4721/Post-prediction-Causal-Inference/venv/lib/python3.8/site-packages/numpy/core/getlimits.py:89: UserWarning: The value of the smallest subnormal for <class 'numpy.float32'> type is zero.
  return self._float_to_str(self.smallest_subnormal)
Training start
t1_obs:[array(65760.), array(66047.), array(66386.)] t2_obs:[array(69524.), array(69542.), array(65841.)]
corr_G1:[None, None, -8.410599840716966e-17] corr_G2:[None, None, 0]
Training end
Task is 0.00% complete.
t1_sim:[61469. 61834. 62021.] t2_sim:[66080. 66109. 63763.]
Task is 1.00% complete.
t1_sim:[66209. 66363. 67377.] t2_sim:[60307. 60488. 68012.]
Task is 2.00% complete.
t1_sim:[62204. 62215. 62338.] t2_sim:[61815. 61163. 62680.]
Task is 3.00% complete.
t1_sim:[61054. 60983. 63547.] t2_sim:[64285. 64368. 66122.]
Task is 4.00% complete.
t1_sim:[67964. 68429. 70367.] t2_sim:[61520. 61534. 59367.]
Task is 5.00% complete.
t1_sim:[53845. 54182. 57877.] t2_sim:[61317. 61154. 63499.]
Task is 6.00% complete.
t1_sim:[65255. 65869. 64957.] t2_sim:[62830. 63054. 62197.]
Task is 7.00% complete.
t1_sim:[60654. 61008. 60608.] t2_sim:[64225. 63996. 60081.]
Task is 8.00% complete.
t1_sim:[63205. 62927. 63088.] t2_sim:[60908. 60703. 60704.]
Task is 9.00% complete.
t1_sim:[61194. 61362. 62963.] t2_sim:[64794. 64960. 66636.]
Task is 10.00% complete.
t1_sim:[62827. 62856. 63031.] t2_sim:[60896. 61062. 62499.]
Task is 11.00% complete.
t1_sim:[63601. 63459. 65470.] t2_sim:[64527. 64124. 67072.]
Task is 12.00% complete.
t1_sim:[65683. 65929. 63663.] t2_sim:[65290. 65163. 63140.]
Task is 13.00% complete.
t1_sim:[66609. 66650. 63314.] t2_sim:[62585. 62223. 60151.]
Task is 14.00% complete.
t1_sim:[67688. 67551. 65260.] t2_sim:[65343. 65558. 62366.]
Task is 15.00% complete.
t1_sim:[56241. 56792. 57505.] t2_sim:[64256. 64053. 61291.]
Task is 16.00% complete.
t1_sim:[60623. 60883. 58053.] t2_sim:[61088. 60997. 59871.]
Task is 17.00% complete.
t1_sim:[59932. 59682. 56031.] t2_sim:[61942. 62160. 64245.]
Task is 18.00% complete.
t1_sim:[62564. 62112. 60941.] t2_sim:[60618. 60838. 61457.]
Task is 19.00% complete.
t1_sim:[65587. 65522. 61022.] t2_sim:[63579. 63509. 60103.]
Task is 20.00% complete.
t1_sim:[63345. 63201. 65820.] t2_sim:[57123. 56878. 59518.]
Task is 21.00% complete.
t1_sim:[65873. 65919. 66324.] t2_sim:[60779. 60476. 63703.]
Task is 22.00% complete.
t1_sim:[66442. 66769. 67221.] t2_sim:[64957. 65080. 60457.]
Task is 23.00% complete.
t1_sim:[65635. 65096. 63470.] t2_sim:[59983. 59896. 59525.]
Task is 24.00% complete.
t1_sim:[62193. 62107. 65206.] t2_sim:[61544. 61505. 58305.]
Task is 25.00% complete.
t1_sim:[67587. 67526. 70794.] t2_sim:[65512. 66024. 65470.]
Task is 26.00% complete.
t1_sim:[63047. 62965. 64133.] t2_sim:[65887. 66007. 62343.]
Task is 27.00% complete.
t1_sim:[62707. 62921. 65607.] t2_sim:[60978. 61027. 61387.]
Task is 28.00% complete.
t1_sim:[63590. 64141. 66408.] t2_sim:[68009. 68107. 69844.]
Task is 29.00% complete.
t1_sim:[60875. 61081. 61144.] t2_sim:[56898. 56745. 60713.]
Task is 30.00% complete.
t1_sim:[57778. 58394. 60388.] t2_sim:[59880. 59676. 62066.]
Task is 31.00% complete.
t1_sim:[62368. 62591. 64489.] t2_sim:[64775. 65088. 60996.]
Task is 32.00% complete.
t1_sim:[63095. 63055. 63026.] t2_sim:[64921. 64269. 62340.]
Task is 33.00% complete.
t1_sim:[56804. 56607. 59930.] t2_sim:[63386. 63644. 64236.]
Task is 34.00% complete.
t1_sim:[65474. 65784. 68688.] t2_sim:[61424. 61481. 63337.]
Task is 35.00% complete.
t1_sim:[63506. 64018. 59589.] t2_sim:[65379. 65042. 62119.]
Task is 36.00% complete.
t1_sim:[56342. 56684. 58325.] t2_sim:[61126. 61050. 60013.]
Task is 37.00% complete.
t1_sim:[59711. 59640. 61996.] t2_sim:[67572. 67973. 66270.]
Task is 38.00% complete.
t1_sim:[57007. 56937. 60447.] t2_sim:[65953. 65571. 63223.]
Task is 39.00% complete.
t1_sim:[61164. 61500. 61168.] t2_sim:[67401. 67360. 63421.]
Task is 40.00% complete.
t1_sim:[61424. 61557. 62248.] t2_sim:[64302. 64473. 67334.]
Task is 41.00% complete.
t1_sim:[64472. 64507. 61382.] t2_sim:[55163. 54751. 57221.]
Task is 42.00% complete.
t1_sim:[68836. 69130. 69657.] t2_sim:[62342. 62701. 64441.]
Task is 43.00% complete.
t1_sim:[54963. 54920. 57642.] t2_sim:[68252. 68217. 68851.]
Task is 44.00% complete.
t1_sim:[58515. 58511. 59012.] t2_sim:[62728. 63036. 64203.]
Task is 45.00% complete.
t1_sim:[63557. 63687. 63037.] t2_sim:[61419. 61363. 60208.]
Task is 46.00% complete.
t1_sim:[63639. 63889. 63636.] t2_sim:[60059. 59650. 59441.]
Task is 47.00% complete.
t1_sim:[61990. 62195. 65546.] t2_sim:[58522. 58718. 59745.]
Task is 48.00% complete.
t1_sim:[65445. 65322. 62828.] t2_sim:[61455. 61654. 60712.]
Task is 49.00% complete.
t1_sim:[65154. 65360. 65448.] t2_sim:[54014. 54208. 54677.]
Task is 50.00% complete.
t1_sim:[60451. 60526. 58850.] t2_sim:[61890. 61538. 60472.]
Task is 51.00% complete.
t1_sim:[64727. 64668. 61586.] t2_sim:[59516. 59300. 59103.]
Task is 52.00% complete.
t1_sim:[63101. 62669. 61940.] t2_sim:[55115. 55161. 58159.]
Task is 53.00% complete.
t1_sim:[61476. 62060. 62011.] t2_sim:[72569. 72304. 71069.]
Task is 54.00% complete.
t1_sim:[57726. 57974. 55054.] t2_sim:[60265. 60193. 60372.]
Task is 55.00% complete.
t1_sim:[68248. 68516. 66878.] t2_sim:[63664. 63452. 63970.]
Task is 56.00% complete.
t1_sim:[61221. 61004. 59842.] t2_sim:[60237. 60128. 56752.]
Task is 57.00% complete.
t1_sim:[59923. 60347. 59551.] t2_sim:[57853. 58147. 59217.]
Task is 58.00% complete.
t1_sim:[63482. 63596. 64432.] t2_sim:[65572. 65467. 67293.]
Task is 59.00% complete.
t1_sim:[65922. 65961. 67538.] t2_sim:[66449. 66949. 62273.]
Task is 60.00% complete.
t1_sim:[65237. 65376. 61823.] t2_sim:[61128. 61443. 62788.]
Task is 61.00% complete.
t1_sim:[63412. 63497. 67145.] t2_sim:[64012. 63767. 63826.]
Task is 62.00% complete.
t1_sim:[58011. 58082. 56101.] t2_sim:[64649. 64806. 61976.]
Task is 63.00% complete.
t1_sim:[57115. 57093. 60342.] t2_sim:[55730. 55880. 56876.]
Task is 64.00% complete.
t1_sim:[64372. 64413. 62133.] t2_sim:[63316. 63621. 59613.]
Task is 65.00% complete.
t1_sim:[61268. 61739. 62640.] t2_sim:[62505. 62482. 59726.]
Task is 66.00% complete.
t1_sim:[63003. 62622. 61067.] t2_sim:[57688. 58032. 57662.]
Task is 67.00% complete.
t1_sim:[64669. 64748. 63817.] t2_sim:[65250. 65069. 61794.]
Task is 68.00% complete.
t1_sim:[62417. 62471. 59989.] t2_sim:[61563. 61505. 60270.]
Task is 69.00% complete.
t1_sim:[62872. 62504. 63908.] t2_sim:[61520. 61873. 64630.]
Task is 70.00% complete.
t1_sim:[60007. 59988. 59577.] t2_sim:[67069. 67252. 64741.]
Task is 71.00% complete.
t1_sim:[60076. 59915. 58900.] t2_sim:[58541. 58369. 55570.]
Task is 72.00% complete.
t1_sim:[63506. 63326. 60606.] t2_sim:[58110. 58071. 61616.]
Task is 73.00% complete.
t1_sim:[60772. 60873. 61609.] t2_sim:[64086. 64534. 64685.]
Task is 74.00% complete.
t1_sim:[62071. 62194. 65233.] t2_sim:[64771. 65046. 64022.]
Task is 75.00% complete.
t1_sim:[61157. 61609. 65652.] t2_sim:[60598. 60657. 57057.]
Task is 76.00% complete.
t1_sim:[67922. 67640. 65820.] t2_sim:[63893. 64071. 62986.]
Task is 77.00% complete.
t1_sim:[64968. 64912. 62769.] t2_sim:[65169. 64818. 64676.]
Task is 78.00% complete.
t1_sim:[59176. 59024. 59667.] t2_sim:[64223. 64086. 68078.]
Task is 79.00% complete.
t1_sim:[61339. 61460. 59566.] t2_sim:[61413. 61341. 62532.]
Task is 80.00% complete.
t1_sim:[67821. 68214. 69356.] t2_sim:[71560. 71506. 68231.]
Task is 81.00% complete.
t1_sim:[65585. 65806. 64954.] t2_sim:[63954. 64207. 62066.]
Task is 82.00% complete.
t1_sim:[64752. 64827. 63744.] t2_sim:[64412. 64198. 66858.]
Task is 83.00% complete.
t1_sim:[61047. 61015. 65494.] t2_sim:[67033. 67090. 68862.]
Task is 84.00% complete.
t1_sim:[63365. 63317. 61544.] t2_sim:[66679. 66778. 67285.]
Task is 85.00% complete.
t1_sim:[64306. 64402. 63469.] t2_sim:[61768. 61960. 60021.]
Task is 86.00% complete.
t1_sim:[63239. 63199. 64048.] t2_sim:[63034. 62627. 61877.]
Task is 87.00% complete.
t1_sim:[64857. 64820. 66736.] t2_sim:[59750. 59441. 62059.]
Task is 88.00% complete.
t1_sim:[60279. 60184. 59711.] t2_sim:[64110. 63772. 64530.]
Task is 89.00% complete.
t1_sim:[54970. 55037. 55425.] t2_sim:[59762. 60004. 60206.]
Task is 90.00% complete.
t1_sim:[59663. 59347. 58533.] t2_sim:[62937. 63272. 62843.]
Task is 91.00% complete.
t1_sim:[63112. 63153. 63344.] t2_sim:[56711. 56455. 56110.]
Task is 92.00% complete.
t1_sim:[60738. 61130. 61996.] t2_sim:[64463. 64571. 65590.]
Task is 93.00% complete.
t1_sim:[64398. 64829. 62543.] t2_sim:[57406. 57299. 59103.]
Task is 94.00% complete.
t1_sim:[59939. 60118. 62123.] t2_sim:[68656. 68419. 63260.]
Task is 95.00% complete.
t1_sim:[56003. 55487. 58686.] t2_sim:[62577. 62182. 61432.]
Task is 96.00% complete.
t1_sim:[63701. 63624. 58127.] t2_sim:[62172. 62566. 60526.]
Task is 97.00% complete.
t1_sim:[63123. 63029. 64235.] t2_sim:[60444. 60131. 59926.]
Task is 98.00% complete.
t1_sim:[63028. 62633. 62329.] t2_sim:[62762. 62680. 61799.]
Task is 99.00% complete.
t1_sim:[59661. 59594. 59649.] t2_sim:[59986. 59765. 59646.]
Training start
t1_obs:[array(65760.), array(66047.), array(66429.)] t2_obs:[array(69524.), array(69542.), array(70281.)]
corr_G1:[None, None, 0.9743325877795739] corr_G2:[None, None, 0.9876007131586104]
Training end
Task is 0.00% complete.
t1_sim:[61182. 61465. 62816.] t2_sim:[64002. 63787. 62503.]
Task is 1.00% complete.
t1_sim:[61738. 61627. 63572.] t2_sim:[68612. 68121. 66584.]
Task is 2.00% complete.
t1_sim:[65014. 65030. 63212.] t2_sim:[60946. 61109. 61409.]
Task is 3.00% complete.
t1_sim:[67950. 67548. 65487.] t2_sim:[64581. 64702. 64714.]
Task is 4.00% complete.
t1_sim:[65621. 65355. 65382.] t2_sim:[65100. 64778. 65082.]
Task is 5.00% complete.
t1_sim:[62410. 62644. 61102.] t2_sim:[61571. 61560. 59979.]
Task is 6.00% complete.
t1_sim:[64503. 64079. 65030.] t2_sim:[63361. 63312. 63718.]
Task is 7.00% complete.
t1_sim:[61844. 61834. 59640.] t2_sim:[60610. 61073. 60249.]
Task is 8.00% complete.
t1_sim:[61595. 61723. 61864.] t2_sim:[65170. 65180. 64957.]
Task is 9.00% complete.
t1_sim:[56224. 56376. 54756.] t2_sim:[61168. 61429. 61781.]
Task is 10.00% complete.
t1_sim:[60750. 61053. 62855.] t2_sim:[63264. 62931. 66876.]
Task is 11.00% complete.
t1_sim:[67157. 67122. 66527.] t2_sim:[58049. 58460. 58696.]
Task is 12.00% complete.
t1_sim:[56431. 56447. 57507.] t2_sim:[60802. 60624. 60970.]
Task is 13.00% complete.
t1_sim:[60925. 60757. 61846.] t2_sim:[63647. 63729. 64879.]
Task is 14.00% complete.
t1_sim:[58007. 58174. 55934.] t2_sim:[60631. 60584. 63431.]
Task is 15.00% complete.
t1_sim:[60660. 60935. 60918.] t2_sim:[70791. 70939. 72902.]
Task is 16.00% complete.
t1_sim:[58508. 58381. 60140.] t2_sim:[58857. 59180. 61218.]
Task is 17.00% complete.
t1_sim:[60371. 60150. 60505.] t2_sim:[65187. 65349. 66657.]
Task is 18.00% complete.
t1_sim:[65704. 65640. 65489.] t2_sim:[61701. 61500. 60142.]
Task is 19.00% complete.
t1_sim:[64251. 63670. 62455.] t2_sim:[64455. 64775. 63548.]
Task is 20.00% complete.
t1_sim:[69458. 69300. 67834.] t2_sim:[58548. 58579. 59784.]
Task is 21.00% complete.
t1_sim:[57325. 57270. 57439.] t2_sim:[64434. 64510. 64816.]
Task is 22.00% complete.
t1_sim:[63986. 64320. 64313.] t2_sim:[64127. 64170. 62890.]
Task is 23.00% complete.
t1_sim:[65245. 64880. 65593.] t2_sim:[63165. 62954. 62858.]
Task is 24.00% complete.
t1_sim:[63593. 63585. 63481.] t2_sim:[58013. 57907. 58883.]
Task is 25.00% complete.
t1_sim:[62994. 62986. 62972.] t2_sim:[55260. 55390. 55553.]
Task is 26.00% complete.
t1_sim:[63880. 63632. 63055.] t2_sim:[64398. 64331. 63749.]
Task is 27.00% complete.
t1_sim:[63642. 63921. 64680.] t2_sim:[57056. 57461. 58507.]
Task is 28.00% complete.
t1_sim:[61593. 61459. 62931.] t2_sim:[64320. 64515. 66018.]
Task is 29.00% complete.
t1_sim:[56768. 56823. 55738.] t2_sim:[62674. 62397. 63361.]
Task is 30.00% complete.
t1_sim:[60777. 61236. 61002.] t2_sim:[59199. 59376. 58345.]
Task is 31.00% complete.
t1_sim:[58528. 58016. 61128.] t2_sim:[59757. 60038. 61180.]
Task is 32.00% complete.
t1_sim:[63785. 63852. 63267.] t2_sim:[59982. 60599. 60097.]
Task is 33.00% complete.
t1_sim:[58005. 57656. 56827.] t2_sim:[64101. 64557. 63422.]
Task is 34.00% complete.
t1_sim:[62845. 62708. 63450.] t2_sim:[64582. 64614. 63170.]
Task is 35.00% complete.
t1_sim:[62289. 62215. 60879.] t2_sim:[59244. 58943. 59056.]
Task is 36.00% complete.
t1_sim:[60868. 60749. 60534.] t2_sim:[66448. 66679. 66329.]
Task is 37.00% complete.
t1_sim:[67422. 67457. 66262.] t2_sim:[64272. 64653. 64745.]
Task is 38.00% complete.
t1_sim:[62386. 62389. 60087.] t2_sim:[60610. 60799. 62262.]
Task is 39.00% complete.
t1_sim:[60749. 61127. 60143.] t2_sim:[58005. 58096. 58373.]
Task is 40.00% complete.
t1_sim:[65182. 65257. 65405.] t2_sim:[67286. 67176. 68379.]
Task is 41.00% complete.
t1_sim:[68259. 68384. 70401.] t2_sim:[62348. 62219. 63372.]
Task is 42.00% complete.
t1_sim:[63971. 63639. 65544.] t2_sim:[56653. 56738. 55816.]
Task is 43.00% complete.
t1_sim:[60449. 60299. 62764.] t2_sim:[68284. 68089. 66794.]
Task is 44.00% complete.
t1_sim:[63393. 63607. 63306.] t2_sim:[65875. 66259. 67524.]
Task is 45.00% complete.
t1_sim:[61716. 61723. 61956.] t2_sim:[64775. 64715. 64665.]
Task is 46.00% complete.
t1_sim:[62734. 62451. 61005.] t2_sim:[59559. 59848. 61564.]
Task is 47.00% complete.
t1_sim:[60583. 59988. 58511.] t2_sim:[67424. 67775. 68244.]
Task is 48.00% complete.
t1_sim:[68659. 68712. 69492.] t2_sim:[59285. 59090. 59525.]
Task is 49.00% complete.
t1_sim:[60412. 60583. 60689.] t2_sim:[56907. 57154. 58207.]
Task is 50.00% complete.
t1_sim:[56522. 56121. 53661.] t2_sim:[63784. 63844. 64750.]
Task is 51.00% complete.
t1_sim:[57654. 57770. 60570.] t2_sim:[67997. 67796. 67270.]
Task is 52.00% complete.
t1_sim:[58500. 58838. 59294.] t2_sim:[67372. 67093. 67999.]
Task is 53.00% complete.
t1_sim:[62667. 62804. 60482.] t2_sim:[59301. 59126. 58771.]
Task is 54.00% complete.
t1_sim:[65008. 65306. 62897.] t2_sim:[61246. 61060. 61218.]
Task is 55.00% complete.
t1_sim:[63112. 63148. 65695.] t2_sim:[57375. 56982. 58816.]
Task is 56.00% complete.
t1_sim:[58971. 59211. 58032.] t2_sim:[59170. 59512. 59374.]
Task is 57.00% complete.
t1_sim:[64470. 64349. 65115.] t2_sim:[63954. 63670. 65052.]
Task is 58.00% complete.
t1_sim:[59497. 59611. 60775.] t2_sim:[61993. 62234. 64539.]
Task is 59.00% complete.
t1_sim:[68794. 68508. 67402.] t2_sim:[60822. 60511. 61405.]
Task is 60.00% complete.
t1_sim:[61017. 61184. 60213.] t2_sim:[63656. 63905. 66554.]
Task is 61.00% complete.
t1_sim:[64090. 64317. 64436.] t2_sim:[71019. 71403. 70714.]
Task is 62.00% complete.
t1_sim:[65216. 65289. 65905.] t2_sim:[65642. 65544. 65441.]
Task is 63.00% complete.
t1_sim:[62275. 62399. 64082.] t2_sim:[60312. 60447. 59904.]
Task is 64.00% complete.
t1_sim:[61756. 61614. 59891.] t2_sim:[63387. 63342. 65391.]
Task is 65.00% complete.
t1_sim:[59684. 59266. 59846.] t2_sim:[65080. 64850. 62934.]
Task is 66.00% complete.
t1_sim:[62680. 63230. 62726.] t2_sim:[65855. 65419. 64266.]
Task is 67.00% complete.
t1_sim:[56283. 55838. 55658.] t2_sim:[63537. 63479. 62914.]
Task is 68.00% complete.
t1_sim:[63492. 63228. 64416.] t2_sim:[65118. 65357. 65858.]
Task is 69.00% complete.
t1_sim:[65701. 65542. 63758.] t2_sim:[63717. 63304. 61329.]
Task is 70.00% complete.
t1_sim:[66924. 67045. 67490.] t2_sim:[60947. 60876. 59900.]
Task is 71.00% complete.
t1_sim:[61573. 61256. 60603.] t2_sim:[62028. 62130. 62769.]
Task is 72.00% complete.
t1_sim:[65155. 64951. 67733.] t2_sim:[58844. 58423. 57944.]
Task is 73.00% complete.
t1_sim:[65206. 65535. 67838.] t2_sim:[67587. 67341. 68981.]
Task is 74.00% complete.
t1_sim:[63382. 63364. 65208.] t2_sim:[62233. 62211. 63300.]
Task is 75.00% complete.
t1_sim:[69608. 70132. 69992.] t2_sim:[59506. 59374. 58405.]
Task is 76.00% complete.
t1_sim:[63520. 63632. 63973.] t2_sim:[62625. 62790. 65021.]
Task is 77.00% complete.
t1_sim:[65323. 65330. 64355.] t2_sim:[59090. 59056. 56707.]
Task is 78.00% complete.
t1_sim:[63994. 64187. 65211.] t2_sim:[61056. 61148. 62495.]
Task is 79.00% complete.
t1_sim:[63048. 62948. 62192.] t2_sim:[63185. 63326. 64570.]
Task is 80.00% complete.
t1_sim:[65416. 65510. 65197.] t2_sim:[64076. 64307. 65634.]
Task is 81.00% complete.
t1_sim:[63500. 63341. 65201.] t2_sim:[63529. 63989. 63959.]
Task is 82.00% complete.
t1_sim:[62908. 62850. 64334.] t2_sim:[57429. 57544. 57339.]
Task is 83.00% complete.
t1_sim:[62699. 62483. 62650.] t2_sim:[69167. 69501. 68500.]
Task is 84.00% complete.
t1_sim:[59470. 59209. 59815.] t2_sim:[62432. 62387. 63342.]
Task is 85.00% complete.
t1_sim:[64319. 64516. 63996.] t2_sim:[62361. 62175. 62571.]
Task is 86.00% complete.
t1_sim:[66984. 67138. 66331.] t2_sim:[59586. 60057. 60498.]
Task is 87.00% complete.
t1_sim:[64321. 63544. 64280.] t2_sim:[68110. 68476. 66556.]
Task is 88.00% complete.
t1_sim:[57510. 57586. 56979.] t2_sim:[61268. 61404. 62826.]
Task is 89.00% complete.
t1_sim:[60589. 60724. 62087.] t2_sim:[64156. 64505. 65203.]
Task is 90.00% complete.
t1_sim:[64984. 64952. 61985.] t2_sim:[63408. 63437. 63551.]
Task is 91.00% complete.
t1_sim:[58142. 58124. 58010.] t2_sim:[60207. 60255. 61133.]
Task is 92.00% complete.
t1_sim:[60254. 60150. 57256.] t2_sim:[61953. 62044. 64117.]
Task is 93.00% complete.
t1_sim:[59607. 59692. 61930.] t2_sim:[64084. 64011. 64220.]
Task is 94.00% complete.
t1_sim:[59058. 59105. 61337.] t2_sim:[65348. 65339. 65592.]
Task is 95.00% complete.
t1_sim:[63902. 64210. 64709.] t2_sim:[62909. 63005. 64308.]
Task is 96.00% complete.
t1_sim:[63430. 63149. 62889.] t2_sim:[60740. 60682. 61106.]
Task is 97.00% complete.
t1_sim:[63337. 63236. 61666.] t2_sim:[62183. 62104. 62109.]
Task is 98.00% complete.
t1_sim:[66900. 66924. 67214.] t2_sim:[60171. 59835. 58685.]
Task is 99.00% complete.
t1_sim:[61999. 61927. 59451.] t2_sim:[67261. 67061. 67479.]
Training start
t1_obs:[array(65760.), array(66047.), array(66646.)] t2_obs:[array(69524.), array(69542.), array(69150.)]
corr_G1:[None, None, -0.010592428909387655] corr_G2:[None, None, 0.0620705432217023]
Training end
Task is 0.00% complete.
t1_sim:[62429. 62790. 63725.] t2_sim:[66639. 66507. 67211.]
Task is 1.00% complete.
t1_sim:[67726. 67728. 66668.] t2_sim:[60911. 61356. 59870.]
Task is 2.00% complete.
t1_sim:[66106. 66215. 63820.] t2_sim:[60143. 60058. 60488.]
Task is 3.00% complete.
t1_sim:[60673. 60414. 64515.] t2_sim:[69154. 69456. 65611.]
Task is 4.00% complete.
t1_sim:[62757. 62414. 61643.] t2_sim:[63313. 63518. 63267.]
Task is 5.00% complete.
t1_sim:[59554. 59225. 60848.] t2_sim:[66042. 66305. 67291.]
Task is 6.00% complete.
t1_sim:[57234. 57109. 58677.] t2_sim:[65831. 65879. 65190.]
Task is 7.00% complete.
t1_sim:[66795. 66478. 65408.] t2_sim:[62185. 62275. 64118.]
Task is 8.00% complete.
t1_sim:[61042. 61257. 59583.] t2_sim:[65358. 65032. 64195.]
Task is 9.00% complete.
t1_sim:[63875. 64051. 63153.] t2_sim:[59103. 58838. 58688.]
Task is 10.00% complete.
t1_sim:[68435. 68504. 66568.] t2_sim:[57678. 57388. 58450.]
Task is 11.00% complete.
t1_sim:[58407. 58527. 59782.] t2_sim:[59337. 59292. 61167.]
Task is 12.00% complete.
t1_sim:[60870. 60341. 58558.] t2_sim:[61925. 62360. 63031.]
Task is 13.00% complete.
t1_sim:[62477. 62184. 62265.] t2_sim:[66827. 67075. 65238.]
Task is 14.00% complete.
t1_sim:[62189. 62190. 58137.] t2_sim:[60609. 60156. 59825.]
Task is 15.00% complete.
t1_sim:[61011. 60541. 61453.] t2_sim:[60325. 60327. 59951.]
Task is 16.00% complete.
t1_sim:[60460. 60693. 61344.] t2_sim:[60101. 60001. 61461.]
Task is 17.00% complete.
t1_sim:[64692. 64857. 65527.] t2_sim:[63865. 64185. 65266.]
Task is 18.00% complete.
t1_sim:[54991. 55004. 55428.] t2_sim:[62573. 62649. 61188.]
Task is 19.00% complete.
t1_sim:[63702. 63970. 61568.] t2_sim:[67715. 67645. 65846.]
Task is 20.00% complete.
t1_sim:[62154. 61756. 61493.] t2_sim:[62622. 62526. 60317.]
Task is 21.00% complete.
t1_sim:[60829. 60912. 61759.] t2_sim:[64167. 64136. 64139.]
Task is 22.00% complete.
t1_sim:[59202. 59418. 59644.] t2_sim:[64875. 65083. 62321.]
Task is 23.00% complete.
t1_sim:[58232. 57781. 55281.] t2_sim:[62780. 62948. 63939.]
Task is 24.00% complete.
t1_sim:[66362. 66600. 66204.] t2_sim:[60222. 60253. 59985.]
Task is 25.00% complete.
t1_sim:[61547. 61433. 63100.] t2_sim:[55744. 55643. 54777.]
Task is 26.00% complete.
t1_sim:[63597. 63846. 63099.] t2_sim:[68969. 68654. 66725.]
Task is 27.00% complete.
t1_sim:[66348. 66021. 65748.] t2_sim:[60091. 59654. 61710.]
Task is 28.00% complete.
t1_sim:[65569. 65740. 66782.] t2_sim:[60783. 60506. 63892.]
Task is 29.00% complete.
t1_sim:[61888. 62319. 64482.] t2_sim:[60568. 60835. 61286.]
Task is 30.00% complete.
t1_sim:[62428. 62260. 61259.] t2_sim:[60318. 60480. 59130.]
Task is 31.00% complete.
t1_sim:[60286. 60434. 62239.] t2_sim:[66406. 66214. 63698.]
Task is 32.00% complete.
t1_sim:[59708. 59823. 60684.] t2_sim:[61973. 62171. 60573.]
Task is 33.00% complete.
t1_sim:[57162. 56759. 56909.] t2_sim:[56827. 57319. 59142.]
Task is 34.00% complete.
t1_sim:[64220. 64092. 65612.] t2_sim:[56946. 56895. 55413.]
Task is 35.00% complete.
t1_sim:[63902. 63998. 63844.] t2_sim:[58761. 59037. 60809.]
Task is 36.00% complete.
t1_sim:[66614. 66600. 67898.] t2_sim:[64548. 64836. 65680.]
Task is 37.00% complete.
t1_sim:[60804. 60985. 59664.] t2_sim:[66587. 65827. 66619.]
Task is 38.00% complete.
t1_sim:[63978. 64132. 64713.] t2_sim:[62792. 62929. 62169.]
Task is 39.00% complete.
t1_sim:[67121. 66911. 65210.] t2_sim:[64489. 64412. 66420.]
Task is 40.00% complete.
t1_sim:[69716. 70251. 69381.] t2_sim:[64658. 64775. 65083.]
Task is 41.00% complete.
t1_sim:[71480. 71867. 72363.] t2_sim:[64569. 64204. 59741.]
Task is 42.00% complete.
t1_sim:[62155. 61985. 60550.] t2_sim:[64313. 64252. 62149.]
Task is 43.00% complete.
t1_sim:[63182. 63073. 63046.] t2_sim:[59117. 59396. 61553.]
Task is 44.00% complete.
t1_sim:[61213. 61232. 62109.] t2_sim:[59675. 59546. 62108.]
Task is 45.00% complete.
t1_sim:[58142. 57871. 57444.] t2_sim:[61374. 61521. 60628.]
Task is 46.00% complete.
t1_sim:[62761. 63038. 62632.] t2_sim:[59645. 59512. 58765.]
Task is 47.00% complete.
t1_sim:[64490. 64351. 63473.] t2_sim:[61055. 61043. 60926.]
Task is 48.00% complete.
t1_sim:[62414. 62146. 62074.] t2_sim:[60387. 60387. 60466.]
Task is 49.00% complete.
t1_sim:[60602. 61087. 64005.] t2_sim:[62963. 62703. 65097.]
Task is 50.00% complete.
t1_sim:[65821. 65764. 63438.] t2_sim:[58087. 58200. 58189.]
Task is 51.00% complete.
t1_sim:[63357. 63776. 62801.] t2_sim:[55187. 54844. 55180.]
Task is 52.00% complete.
t1_sim:[62802. 63008. 63200.] t2_sim:[61853. 61568. 64840.]
Task is 53.00% complete.
t1_sim:[60387. 60225. 57224.] t2_sim:[64037. 64291. 65032.]
Task is 54.00% complete.
t1_sim:[62820. 62756. 65108.] t2_sim:[53314. 53490. 53645.]
Task is 55.00% complete.
t1_sim:[65321. 65287. 64770.] t2_sim:[63800. 64264. 64900.]
Task is 56.00% complete.
t1_sim:[71328. 71479. 72157.] t2_sim:[58151. 58130. 56725.]
Task is 57.00% complete.
t1_sim:[60976. 60773. 62684.] t2_sim:[59329. 59295. 58308.]
Task is 58.00% complete.
t1_sim:[64694. 64642. 65308.] t2_sim:[66231. 66010. 63142.]
Task is 59.00% complete.
t1_sim:[68221. 68028. 66700.] t2_sim:[63218. 63210. 61120.]
Task is 60.00% complete.
t1_sim:[68132. 67733. 68173.] t2_sim:[64666. 64836. 64758.]
Task is 61.00% complete.
t1_sim:[66293. 66118. 64859.] t2_sim:[62848. 62742. 64403.]
Task is 62.00% complete.
t1_sim:[60863. 61538. 61954.] t2_sim:[67592. 67545. 66663.]
Task is 63.00% complete.
t1_sim:[63748. 63390. 60689.] t2_sim:[62589. 62362. 63057.]
Task is 64.00% complete.
t1_sim:[61767. 61589. 61268.] t2_sim:[61440. 61256. 61322.]
Task is 65.00% complete.
t1_sim:[55071. 55285. 55350.] t2_sim:[62967. 62726. 60427.]
Task is 66.00% complete.
t1_sim:[65815. 65703. 67253.] t2_sim:[58110. 58240. 55634.]
Task is 67.00% complete.
t1_sim:[61528. 61399. 63985.] t2_sim:[67237. 66939. 67124.]
Task is 68.00% complete.
t1_sim:[65255. 65302. 63722.] t2_sim:[58457. 58896. 59756.]
Task is 69.00% complete.
t1_sim:[61759. 61426. 58227.] t2_sim:[60665. 60999. 62054.]
Task is 70.00% complete.
t1_sim:[57345. 57606. 59528.] t2_sim:[66470. 66767. 67576.]
Task is 71.00% complete.
t1_sim:[64124. 64672. 66148.] t2_sim:[69058. 68890. 69428.]
Task is 72.00% complete.
t1_sim:[62110. 62516. 63867.] t2_sim:[63682. 63888. 64036.]
Task is 73.00% complete.
t1_sim:[65624. 65652. 63014.] t2_sim:[61412. 61254. 58804.]
Task is 74.00% complete.
t1_sim:[63636. 63569. 63367.] t2_sim:[61477. 61532. 59822.]
Task is 75.00% complete.
t1_sim:[58029. 57439. 55538.] t2_sim:[66954. 67215. 67958.]
Task is 76.00% complete.
t1_sim:[59028. 59003. 56778.] t2_sim:[62128. 62376. 62465.]
Task is 77.00% complete.
t1_sim:[65198. 65205. 65029.] t2_sim:[62244. 62699. 62399.]
Task is 78.00% complete.
t1_sim:[66075. 66102. 66954.] t2_sim:[61515. 61908. 61498.]
Task is 79.00% complete.
t1_sim:[58228. 57840. 60104.] t2_sim:[58262. 58362. 60037.]
Task is 80.00% complete.
t1_sim:[62240. 62502. 63700.] t2_sim:[60074. 59888. 56382.]
Task is 81.00% complete.
t1_sim:[60683. 60936. 60145.] t2_sim:[62018. 62121. 62327.]
Task is 82.00% complete.
t1_sim:[59487. 60046. 60178.] t2_sim:[61480. 61457. 62573.]
Task is 83.00% complete.
t1_sim:[60490. 60124. 58772.] t2_sim:[60608. 60480. 59035.]
Task is 84.00% complete.
t1_sim:[60557. 60566. 56352.] t2_sim:[62226. 62213. 63004.]
Task is 85.00% complete.
t1_sim:[60122. 59724. 57808.] t2_sim:[61030. 61115. 62400.]
Task is 86.00% complete.
t1_sim:[61504. 61204. 57371.] t2_sim:[65550. 65575. 64417.]
Task is 87.00% complete.
t1_sim:[64043. 64341. 64004.] t2_sim:[68621. 68542. 67807.]
Task is 88.00% complete.
t1_sim:[64607. 64591. 62708.] t2_sim:[59247. 59592. 59812.]
Task is 89.00% complete.
t1_sim:[62175. 62563. 62371.] t2_sim:[66556. 66577. 68237.]
Task is 90.00% complete.
t1_sim:[62171. 62189. 61039.] t2_sim:[63952. 63950. 64363.]
Task is 91.00% complete.
t1_sim:[64613. 64375. 63712.] t2_sim:[64124. 64214. 65863.]
Task is 92.00% complete.
t1_sim:[57210. 57236. 60948.] t2_sim:[64578. 64739. 67690.]
Task is 93.00% complete.
t1_sim:[62665. 62453. 61262.] t2_sim:[63756. 63905. 62863.]
Task is 94.00% complete.
t1_sim:[67984. 68508. 69101.] t2_sim:[63403. 63390. 62386.]
Task is 95.00% complete.
t1_sim:[65663. 65536. 65255.] t2_sim:[62140. 62317. 59924.]
Task is 96.00% complete.
t1_sim:[61950. 61905. 62257.] t2_sim:[67137. 67341. 68812.]
Task is 97.00% complete.
t1_sim:[62857. 62666. 61352.] t2_sim:[59172. 59356. 59084.]
Task is 98.00% complete.
t1_sim:[68704. 68747. 66713.] t2_sim:[73336. 72772. 71296.]
Task is 99.00% complete.
t1_sim:[66355. 66396. 63305.] t2_sim:[62609. 62221. 62709.]
Finished
