/scratch/jz4721/Post-prediction-Causal-Inference/venv/lib/python3.8/site-packages/numpy/core/getlimits.py:518: UserWarning: The value of the smallest subnormal for <class 'numpy.float64'> type is zero.
  setattr(self, word, getattr(machar, word).flat[0])
/scratch/jz4721/Post-prediction-Causal-Inference/venv/lib/python3.8/site-packages/numpy/core/getlimits.py:89: UserWarning: The value of the smallest subnormal for <class 'numpy.float64'> type is zero.
  return self._float_to_str(self.smallest_subnormal)
/scratch/jz4721/Post-prediction-Causal-Inference/venv/lib/python3.8/site-packages/numpy/core/getlimits.py:518: UserWarning: The value of the smallest subnormal for <class 'numpy.float32'> type is zero.
  setattr(self, word, getattr(machar, word).flat[0])
/scratch/jz4721/Post-prediction-Causal-Inference/venv/lib/python3.8/site-packages/numpy/core/getlimits.py:89: UserWarning: The value of the smallest subnormal for <class 'numpy.float32'> type is zero.
  return self._float_to_str(self.smallest_subnormal)
Training start
t1_obs:[array(61374.), array(61466.), array(64230.)] t2_obs:[array(63265.), array(63682.), array(62865.)]
corr_G1:[None, None, 0] corr_G2:[None, None, 0.0]
Training end
Task is 0.00% complete.
t1_sim:[62254. 62258. 56395.] t2_sim:[67423. 67181. 66674.]
Task is 1.00% complete.
t1_sim:[57963. 57892. 58211.] t2_sim:[61173. 61668. 62895.]
Task is 2.00% complete.
t1_sim:[66580. 66527. 65030.] t2_sim:[56625. 57138. 61218.]
Task is 3.00% complete.
t1_sim:[65188. 64779. 67294.] t2_sim:[58781. 59299. 59390.]
Task is 4.00% complete.
t1_sim:[71423. 71244. 68542.] t2_sim:[60103. 60146. 61750.]
Task is 5.00% complete.
t1_sim:[59221. 59092. 54330.] t2_sim:[67190. 67191. 65853.]
Task is 6.00% complete.
t1_sim:[60900. 60421. 64796.] t2_sim:[60607. 61024. 60248.]
Task is 7.00% complete.
t1_sim:[62636. 62595. 61979.] t2_sim:[63729. 63490. 65153.]
Task is 8.00% complete.
t1_sim:[60801. 60890. 60505.] t2_sim:[63962. 63156. 63567.]
Task is 9.00% complete.
t1_sim:[60054. 60122. 60277.] t2_sim:[57932. 57685. 56586.]
Task is 10.00% complete.
t1_sim:[64258. 64120. 62437.] t2_sim:[63600. 63922. 62750.]
Task is 11.00% complete.
t1_sim:[62743. 62977. 62633.] t2_sim:[62859. 62706. 58782.]
Task is 12.00% complete.
t1_sim:[54352. 53983. 55325.] t2_sim:[63397. 63264. 58547.]
Task is 13.00% complete.
t1_sim:[65333. 65462. 67258.] t2_sim:[58967. 59139. 58584.]
Task is 14.00% complete.
t1_sim:[62503. 62522. 64790.] t2_sim:[58867. 58698. 60583.]
Task is 15.00% complete.
t1_sim:[61676. 61527. 62701.] t2_sim:[61211. 61125. 58409.]
Task is 16.00% complete.
t1_sim:[62700. 62816. 62031.] t2_sim:[63474. 63899. 62237.]
Task is 17.00% complete.
t1_sim:[64960. 65020. 62934.] t2_sim:[67670. 67540. 63564.]
Task is 18.00% complete.
t1_sim:[64345. 65298. 65333.] t2_sim:[66699. 66047. 63216.]
Task is 19.00% complete.
t1_sim:[62796. 62868. 60383.] t2_sim:[63593. 63259. 57956.]
Task is 20.00% complete.
t1_sim:[56256. 55525. 59852.] t2_sim:[58565. 58594. 62776.]
Task is 21.00% complete.
t1_sim:[62951. 62721. 60669.] t2_sim:[65374. 64908. 67443.]
Task is 22.00% complete.
t1_sim:[63417. 63364. 67538.] t2_sim:[61196. 61189. 64945.]
Task is 23.00% complete.
t1_sim:[64546. 64398. 64890.] t2_sim:[65413. 65042. 64374.]
Task is 24.00% complete.
t1_sim:[67256. 66258. 60254.] t2_sim:[66783. 66756. 67456.]
Task is 25.00% complete.
t1_sim:[60763. 60187. 60975.] t2_sim:[63164. 63126. 63020.]
Task is 26.00% complete.
t1_sim:[57494. 57326. 60772.] t2_sim:[62945. 62615. 61050.]
Task is 27.00% complete.
t1_sim:[59313. 58994. 59331.] t2_sim:[66269. 66642. 64130.]
Task is 28.00% complete.
t1_sim:[57371. 57761. 60143.] t2_sim:[63376. 63183. 61699.]
Task is 29.00% complete.
t1_sim:[61522. 61552. 64308.] t2_sim:[65700. 65629. 70040.]
Task is 30.00% complete.
t1_sim:[61991. 62077. 61830.] t2_sim:[62057. 62006. 62508.]
Task is 31.00% complete.
t1_sim:[64058. 64288. 62487.] t2_sim:[61082. 60625. 59321.]
Task is 32.00% complete.
t1_sim:[64831. 65099. 66865.] t2_sim:[61362. 61180. 61168.]
Task is 33.00% complete.
t1_sim:[62602. 62704. 64478.] t2_sim:[63421. 63256. 61368.]
Task is 34.00% complete.
t1_sim:[62051. 61631. 59952.] t2_sim:[61749. 61669. 62653.]
Task is 35.00% complete.
t1_sim:[63321. 62885. 61988.] t2_sim:[66040. 66031. 66756.]
Task is 36.00% complete.
t1_sim:[62533. 62889. 63060.] t2_sim:[57516. 57570. 58353.]
Task is 37.00% complete.
t1_sim:[59201. 59433. 61417.] t2_sim:[62862. 63038. 61900.]
Task is 38.00% complete.
t1_sim:[59619. 59244. 58437.] t2_sim:[67639. 67196. 65598.]
Task is 39.00% complete.
t1_sim:[62683. 62386. 59199.] t2_sim:[64216. 63857. 61579.]
Task is 40.00% complete.
t1_sim:[62484. 62829. 62481.] t2_sim:[57290. 58062. 60492.]
Task is 41.00% complete.
t1_sim:[60207. 60145. 60731.] t2_sim:[58376. 57903. 61918.]
Task is 42.00% complete.
t1_sim:[61704. 61505. 62196.] t2_sim:[64795. 64752. 67327.]
Task is 43.00% complete.
t1_sim:[61811. 61965. 61990.] t2_sim:[62179. 62624. 60161.]
Task is 44.00% complete.
t1_sim:[68170. 68715. 68051.] t2_sim:[60773. 60805. 64813.]
Task is 45.00% complete.
t1_sim:[65024. 65093. 66067.] t2_sim:[60475. 59910. 59473.]
Task is 46.00% complete.
t1_sim:[62539. 62324. 64882.] t2_sim:[62238. 62096. 63608.]
Task is 47.00% complete.
t1_sim:[62359. 62050. 61643.] t2_sim:[64444. 63711. 60904.]
Task is 48.00% complete.
t1_sim:[64390. 64110. 65511.] t2_sim:[61431. 61640. 62428.]
Task is 49.00% complete.
t1_sim:[60687. 61098. 63667.] t2_sim:[58799. 58278. 57380.]
Task is 50.00% complete.
t1_sim:[55381. 55628. 58367.] t2_sim:[63952. 64087. 65064.]
Task is 51.00% complete.
t1_sim:[63121. 62953. 63359.] t2_sim:[63450. 63616. 65234.]
Task is 52.00% complete.
t1_sim:[63922. 63883. 63089.] t2_sim:[61881. 61639. 60126.]
Task is 53.00% complete.
t1_sim:[64811. 64618. 63114.] t2_sim:[67095. 67175. 64557.]
Task is 54.00% complete.
t1_sim:[57914. 57935. 62155.] t2_sim:[68977. 68763. 71072.]
Task is 55.00% complete.
t1_sim:[65978. 65516. 65507.] t2_sim:[63092. 62948. 63979.]
Task is 56.00% complete.
t1_sim:[61019. 60909. 59794.] t2_sim:[60616. 60339. 59944.]
Task is 57.00% complete.
t1_sim:[62640. 62571. 62370.] t2_sim:[57786. 57587. 58335.]
Task is 58.00% complete.
t1_sim:[61674. 62020. 62949.] t2_sim:[59118. 59030. 62728.]
Task is 59.00% complete.
t1_sim:[57736. 58136. 59886.] t2_sim:[61766. 61727. 63501.]
Task is 60.00% complete.
t1_sim:[57996. 57350. 55397.] t2_sim:[62142. 62017. 61306.]
Task is 61.00% complete.
t1_sim:[62741. 62679. 61232.] t2_sim:[65266. 65327. 65899.]
Task is 62.00% complete.
t1_sim:[61211. 61301. 59194.] t2_sim:[57441. 57242. 54125.]
Task is 63.00% complete.
t1_sim:[61230. 61000. 58305.] t2_sim:[56713. 56440. 53946.]
Task is 64.00% complete.
t1_sim:[65229. 65849. 70954.] t2_sim:[62515. 62729. 62352.]
Task is 65.00% complete.
t1_sim:[64890. 64300. 60144.] t2_sim:[64333. 64091. 60774.]
Task is 66.00% complete.
t1_sim:[68524. 68491. 67257.] t2_sim:[64181. 64349. 62112.]
Task is 67.00% complete.
t1_sim:[59098. 58685. 59395.] t2_sim:[63748. 63597. 63273.]
Task is 68.00% complete.
t1_sim:[65274. 65290. 63117.] t2_sim:[64144. 64437. 61691.]
Task is 69.00% complete.
t1_sim:[56894. 56619. 57566.] t2_sim:[62692. 62486. 63972.]
Task is 70.00% complete.
t1_sim:[56788. 57127. 58230.] t2_sim:[56488. 56772. 57672.]
Task is 71.00% complete.
t1_sim:[64129. 63887. 67678.] t2_sim:[62553. 62398. 62342.]
Task is 72.00% complete.
t1_sim:[63057. 62985. 62740.] t2_sim:[60336. 60531. 59364.]
Task is 73.00% complete.
t1_sim:[58495. 58238. 56092.] t2_sim:[66062. 66307. 62730.]
Task is 74.00% complete.
t1_sim:[60901. 60897. 58207.] t2_sim:[64884. 64621. 67504.]
Task is 75.00% complete.
t1_sim:[63083. 63458. 63705.] t2_sim:[62132. 61854. 62081.]
Task is 76.00% complete.
t1_sim:[63135. 62962. 62665.] t2_sim:[62679. 62951. 59382.]
Task is 77.00% complete.
t1_sim:[61859. 61807. 62377.] t2_sim:[60243. 60519. 61019.]
Task is 78.00% complete.
t1_sim:[64106. 64785. 65611.] t2_sim:[62459. 62742. 67563.]
Task is 79.00% complete.
t1_sim:[65089. 65098. 66642.] t2_sim:[66138. 65960. 66384.]
Task is 80.00% complete.
t1_sim:[61518. 61812. 63543.] t2_sim:[59016. 58719. 62030.]
Task is 81.00% complete.
t1_sim:[61254. 61166. 64588.] t2_sim:[55917. 56211. 58379.]
Task is 82.00% complete.
t1_sim:[58758. 58625. 60196.] t2_sim:[63158. 63004. 65402.]
Task is 83.00% complete.
t1_sim:[63838. 63500. 63724.] t2_sim:[53941. 54472. 53940.]
Task is 84.00% complete.
t1_sim:[66111. 66639. 65873.] t2_sim:[67622. 67545. 66857.]
Task is 85.00% complete.
t1_sim:[59218. 58795. 60719.] t2_sim:[60169. 60246. 64313.]
Task is 86.00% complete.
t1_sim:[64361. 63953. 62122.] t2_sim:[58882. 59120. 60293.]
Task is 87.00% complete.
t1_sim:[63634. 63517. 64121.] t2_sim:[63126. 62817. 61035.]
Task is 88.00% complete.
t1_sim:[64180. 64010. 62670.] t2_sim:[67808. 68236. 70007.]
Task is 89.00% complete.
t1_sim:[65439. 65078. 63130.] t2_sim:[65829. 66101. 65875.]
Task is 90.00% complete.
t1_sim:[62517. 62305. 61111.] t2_sim:[61101. 60972. 60515.]
Task is 91.00% complete.
t1_sim:[63478. 63290. 61571.] t2_sim:[57379. 57619. 57601.]
Task is 92.00% complete.
t1_sim:[64389. 64765. 64690.] t2_sim:[61424. 61111. 58411.]
Task is 93.00% complete.
t1_sim:[62785. 62320. 63329.] t2_sim:[64538. 64481. 66464.]
Task is 94.00% complete.
t1_sim:[64202. 64317. 66333.] t2_sim:[63575. 63158. 61103.]
Task is 95.00% complete.
t1_sim:[66367. 66501. 64056.] t2_sim:[60759. 60799. 62679.]
Task is 96.00% complete.
t1_sim:[62671. 62847. 64316.] t2_sim:[58976. 59161. 60158.]
Task is 97.00% complete.
t1_sim:[61406. 61040. 58841.] t2_sim:[63654. 64209. 64715.]
Task is 98.00% complete.
t1_sim:[56311. 55974. 60803.] t2_sim:[67213. 67611. 67914.]
Task is 99.00% complete.
t1_sim:[60095. 60246. 65880.] t2_sim:[57785. 57959. 61414.]
Training start
t1_obs:[array(61374.), array(61466.), array(60908.)] t2_obs:[array(63265.), array(63682.), array(62226.)]
corr_G1:[None, None, 0.9986004674188456] corr_G2:[None, None, 0.9936224337775811]
Training end
Task is 0.00% complete.
t1_sim:[61514. 61388. 59800.] t2_sim:[62569. 62606. 65327.]
Task is 1.00% complete.
t1_sim:[60484. 60456. 60522.] t2_sim:[59912. 59693. 61779.]
Task is 2.00% complete.
t1_sim:[69872. 69856. 69653.] t2_sim:[67249. 67211. 65532.]
Task is 3.00% complete.
t1_sim:[67908. 67325. 66753.] t2_sim:[64699. 65019. 65778.]
Task is 4.00% complete.
t1_sim:[61897. 61467. 61145.] t2_sim:[57520. 57609. 56884.]
Task is 5.00% complete.
t1_sim:[71691. 71838. 70550.] t2_sim:[66110. 66206. 64818.]
Task is 6.00% complete.
t1_sim:[61486. 61661. 59915.] t2_sim:[62396. 62747. 60540.]
Task is 7.00% complete.
t1_sim:[63061. 63450. 63124.] t2_sim:[57152. 57464. 60634.]
Task is 8.00% complete.
t1_sim:[62903. 62923. 62485.] t2_sim:[58364. 58100. 59516.]
Task is 9.00% complete.
t1_sim:[57080. 57264. 55826.] t2_sim:[60422. 61195. 60629.]
Task is 10.00% complete.
t1_sim:[66416. 66289. 65408.] t2_sim:[62409. 62296. 60395.]
Task is 11.00% complete.
t1_sim:[65707. 65397. 65115.] t2_sim:[63507. 63453. 64606.]
Task is 12.00% complete.
t1_sim:[62861. 62740. 61781.] t2_sim:[58667. 58844. 56814.]
Task is 13.00% complete.
t1_sim:[62279. 62461. 63588.] t2_sim:[58922. 58909. 58126.]
Task is 14.00% complete.
t1_sim:[63202. 62495. 60893.] t2_sim:[58746. 58635. 59774.]
Task is 15.00% complete.
t1_sim:[63206. 63162. 63510.] t2_sim:[66599. 66744. 65197.]
Task is 16.00% complete.
t1_sim:[61943. 61759. 63704.] t2_sim:[65939. 65747. 65858.]
Task is 17.00% complete.
t1_sim:[64132. 64042. 63751.] t2_sim:[61574. 61620. 61494.]
Task is 18.00% complete.
t1_sim:[64965. 64453. 65763.] t2_sim:[65769. 65815. 68522.]
Task is 19.00% complete.
t1_sim:[62784. 62698. 63220.] t2_sim:[68075. 67725. 67612.]
Task is 20.00% complete.
t1_sim:[57734. 58227. 58390.] t2_sim:[60681. 60242. 63210.]
Task is 21.00% complete.
t1_sim:[69746. 69960. 69275.] t2_sim:[59138. 58704. 58293.]
Task is 22.00% complete.
t1_sim:[56860. 56797. 57406.] t2_sim:[63406. 63150. 63843.]
Task is 23.00% complete.
t1_sim:[64778. 64397. 63021.] t2_sim:[64288. 64647. 64626.]
Task is 24.00% complete.
t1_sim:[61611. 61640. 61674.] t2_sim:[58510. 58111. 57848.]
Task is 25.00% complete.
t1_sim:[58667. 59107. 60202.] t2_sim:[65221. 65454. 64351.]
Task is 26.00% complete.
t1_sim:[63110. 63317. 63906.] t2_sim:[68338. 67821. 68351.]
Task is 27.00% complete.
t1_sim:[58956. 58851. 59114.] t2_sim:[63253. 63169. 64166.]
Task is 28.00% complete.
t1_sim:[64629. 64543. 63864.] t2_sim:[58757. 58755. 59472.]
Task is 29.00% complete.
t1_sim:[64993. 65253. 66665.] t2_sim:[59717. 59432. 59156.]
Task is 30.00% complete.
t1_sim:[66505. 67056. 66611.] t2_sim:[64793. 64664. 64700.]
Task is 31.00% complete.
t1_sim:[62898. 62825. 64839.] t2_sim:[59822. 59484. 59889.]
Task is 32.00% complete.
t1_sim:[64755. 64843. 64427.] t2_sim:[57556. 57519. 58005.]
Task is 33.00% complete.
t1_sim:[63425. 63262. 62506.] t2_sim:[61894. 61760. 61591.]
Task is 34.00% complete.
t1_sim:[62847. 62599. 61143.] t2_sim:[68501. 68681. 68580.]
Task is 35.00% complete.
t1_sim:[68291. 68607. 70438.] t2_sim:[63083. 62813. 59210.]
Task is 36.00% complete.
t1_sim:[59519. 59205. 56997.] t2_sim:[63645. 63789. 62210.]
Task is 37.00% complete.
t1_sim:[62666. 62837. 63337.] t2_sim:[59971. 60069. 60234.]
Task is 38.00% complete.
t1_sim:[63781. 63295. 62892.] t2_sim:[66308. 66092. 64755.]
Task is 39.00% complete.
t1_sim:[63381. 63596. 65723.] t2_sim:[60586. 60295. 59290.]
Task is 40.00% complete.
t1_sim:[69554. 69022. 67753.] t2_sim:[64241. 64135. 65739.]
Task is 41.00% complete.
t1_sim:[61402. 61805. 62468.] t2_sim:[56096. 56322. 55902.]
Task is 42.00% complete.
t1_sim:[63980. 64361. 63255.] t2_sim:[69356. 69102. 69722.]
Task is 43.00% complete.
t1_sim:[66492. 66428. 66290.] t2_sim:[59997. 60106. 59028.]
Task is 44.00% complete.
t1_sim:[65482. 65372. 65683.] t2_sim:[65235. 65309. 65356.]
Task is 45.00% complete.
t1_sim:[64542. 64379. 63411.] t2_sim:[67026. 67116. 66026.]
Task is 46.00% complete.
t1_sim:[62837. 63050. 62920.] t2_sim:[64763. 64937. 66098.]
Task is 47.00% complete.
t1_sim:[64704. 64296. 63689.] t2_sim:[63024. 62877. 61813.]
Task is 48.00% complete.
t1_sim:[62827. 62424. 62239.] t2_sim:[64879. 64564. 65802.]
Task is 49.00% complete.
t1_sim:[60555. 60261. 60527.] t2_sim:[64607. 64574. 65368.]
Task is 50.00% complete.
t1_sim:[62071. 61987. 64227.] t2_sim:[60713. 60764. 62462.]
Task is 51.00% complete.
t1_sim:[63885. 63923. 66362.] t2_sim:[58949. 58955. 58148.]
Task is 52.00% complete.
t1_sim:[59243. 59727. 60270.] t2_sim:[58397. 59006. 58747.]
Task is 53.00% complete.
t1_sim:[60646. 60985. 62375.] t2_sim:[56019. 55787. 56356.]
Task is 54.00% complete.
t1_sim:[63098. 63563. 63410.] t2_sim:[62654. 62626. 63592.]
Task is 55.00% complete.
t1_sim:[60102. 60008. 59082.] t2_sim:[64933. 64781. 64824.]
Task is 56.00% complete.
t1_sim:[64182. 63939. 63606.] t2_sim:[64443. 64628. 66321.]
Task is 57.00% complete.
t1_sim:[64590. 64504. 63096.] t2_sim:[67948. 67810. 69991.]
Task is 58.00% complete.
t1_sim:[60213. 59973. 59656.] t2_sim:[62664. 62797. 61717.]
Task is 59.00% complete.
t1_sim:[68525. 68812. 69043.] t2_sim:[61516. 61947. 63504.]
Task is 60.00% complete.
t1_sim:[59620. 59480. 60167.] t2_sim:[61679. 61618. 59275.]
Task is 61.00% complete.
t1_sim:[63633. 63477. 60782.] t2_sim:[58230. 58136. 58444.]
Task is 62.00% complete.
t1_sim:[62100. 61890. 60153.] t2_sim:[68285. 68170. 67991.]
Task is 63.00% complete.
t1_sim:[65721. 65366. 65670.] t2_sim:[63598. 63932. 66064.]
Task is 64.00% complete.
t1_sim:[60974. 60411. 60579.] t2_sim:[65305. 65259. 65875.]
Task is 65.00% complete.
t1_sim:[60884. 60477. 58999.] t2_sim:[66254. 66173. 67988.]
Task is 66.00% complete.
t1_sim:[59838. 59307. 60094.] t2_sim:[59186. 59377. 59593.]
Task is 67.00% complete.
t1_sim:[62342. 62373. 63663.] t2_sim:[63545. 63925. 60805.]
Task is 68.00% complete.
t1_sim:[60091. 60287. 60372.] t2_sim:[55731. 55801. 57252.]
Task is 69.00% complete.
t1_sim:[62600. 62736. 60109.] t2_sim:[58901. 59083. 62069.]
Task is 70.00% complete.
t1_sim:[60354. 60065. 60946.] t2_sim:[63910. 63688. 65467.]
Task is 71.00% complete.
t1_sim:[61884. 62115. 62168.] t2_sim:[61775. 61179. 59739.]
Task is 72.00% complete.
t1_sim:[63550. 63996. 63184.] t2_sim:[56104. 55958. 54732.]
Task is 73.00% complete.
t1_sim:[65178. 65407. 64485.] t2_sim:[65337. 65378. 67108.]
Task is 74.00% complete.
t1_sim:[60623. 60462. 60189.] t2_sim:[60197. 60002. 59300.]
Task is 75.00% complete.
t1_sim:[60102. 59943. 60924.] t2_sim:[61268. 61075. 59290.]
Task is 76.00% complete.
t1_sim:[61015. 60843. 62886.] t2_sim:[60751. 60917. 61934.]
Task is 77.00% complete.
t1_sim:[65303. 64959. 66282.] t2_sim:[59185. 59589. 59494.]
Task is 78.00% complete.
t1_sim:[67108. 67104. 66373.] t2_sim:[59117. 58674. 59739.]
Task is 79.00% complete.
t1_sim:[64731. 65045. 62612.] t2_sim:[62354. 62095. 62508.]
Task is 80.00% complete.
t1_sim:[62720. 62771. 63305.] t2_sim:[64359. 64450. 64013.]
Task is 81.00% complete.
t1_sim:[59898. 59656. 58279.] t2_sim:[60063. 60208. 59416.]
Task is 82.00% complete.
t1_sim:[63817. 63906. 63655.] t2_sim:[66078. 66378. 64716.]
Task is 83.00% complete.
t1_sim:[66261. 66808. 68105.] t2_sim:[59961. 59579. 60342.]
Task is 84.00% complete.
t1_sim:[63665. 63525. 62713.] t2_sim:[61700. 61815. 62595.]
Task is 85.00% complete.
t1_sim:[60986. 61405. 62621.] t2_sim:[67483. 67282. 66618.]
Task is 86.00% complete.
t1_sim:[60105. 59451. 57681.] t2_sim:[62397. 62493. 64182.]
Task is 87.00% complete.
t1_sim:[56395. 56490. 54775.] t2_sim:[58995. 58811. 60175.]
Task is 88.00% complete.
t1_sim:[60652. 60863. 59681.] t2_sim:[61349. 61286. 60886.]
Task is 89.00% complete.
t1_sim:[64222. 64117. 66257.] t2_sim:[61493. 61608. 61060.]
Task is 90.00% complete.
t1_sim:[66095. 65970. 64384.] t2_sim:[59156. 59096. 59520.]
Task is 91.00% complete.
t1_sim:[59548. 59460. 59508.] t2_sim:[63979. 64015. 60925.]
Task is 92.00% complete.
t1_sim:[65380. 64942. 64049.] t2_sim:[60716. 60953. 63417.]
Task is 93.00% complete.
t1_sim:[61861. 61580. 59992.] t2_sim:[60627. 60941. 59632.]
Task is 94.00% complete.
t1_sim:[70037. 70317. 71807.] t2_sim:[61526. 61197. 61088.]
Task is 95.00% complete.
t1_sim:[60666. 60763. 60696.] t2_sim:[64174. 64685. 64488.]
Task is 96.00% complete.
t1_sim:[61075. 60903. 59840.] t2_sim:[60998. 60167. 60379.]
Task is 97.00% complete.
t1_sim:[70522. 70608. 67895.] t2_sim:[65757. 65547. 67063.]
Task is 98.00% complete.
t1_sim:[65182. 65303. 64813.] t2_sim:[63397. 63130. 64458.]
Task is 99.00% complete.
t1_sim:[64864. 65382. 64022.] t2_sim:[62940. 62590. 63374.]
Training start
t1_obs:[array(61374.), array(61466.), array(61985.)] t2_obs:[array(63265.), array(63682.), array(62267.)]
corr_G1:[None, None, -0.03596707353888725] corr_G2:[None, None, 0.1043276800844494]
Training end
Task is 0.00% complete.
t1_sim:[67464. 67688. 66010.] t2_sim:[62389. 62088. 63909.]
Task is 1.00% complete.
t1_sim:[65191. 64976. 65180.] t2_sim:[63708. 63324. 65255.]
Task is 2.00% complete.
t1_sim:[58708. 58657. 57753.] t2_sim:[59201. 59121. 61242.]
Task is 3.00% complete.
t1_sim:[64214. 63924. 64990.] t2_sim:[62207. 62019. 61527.]
Task is 4.00% complete.
t1_sim:[62670. 62626. 63326.] t2_sim:[56268. 56305. 57141.]
Task is 5.00% complete.
t1_sim:[62218. 62109. 60478.] t2_sim:[58591. 58603. 59754.]
Task is 6.00% complete.
t1_sim:[62200. 62282. 66273.] t2_sim:[67544. 67630. 69078.]
Task is 7.00% complete.
t1_sim:[58489. 58900. 59077.] t2_sim:[55647. 55584. 55860.]
Task is 8.00% complete.
t1_sim:[63859. 63867. 61403.] t2_sim:[66050. 66056. 64570.]
Task is 9.00% complete.
t1_sim:[62562. 62526. 62645.] t2_sim:[65104. 64579. 63065.]
Task is 10.00% complete.
t1_sim:[65131. 65455. 64067.] t2_sim:[59792. 59359. 58137.]
Task is 11.00% complete.
t1_sim:[65725. 65685. 63980.] t2_sim:[56443. 56533. 56389.]
Task is 12.00% complete.
t1_sim:[62844. 62940. 65711.] t2_sim:[70949. 71333. 70304.]
Task is 13.00% complete.
t1_sim:[64841. 64843. 65488.] t2_sim:[63278. 63753. 64639.]
Task is 14.00% complete.
t1_sim:[61868. 61297. 59835.] t2_sim:[64426. 64381. 64906.]
Task is 15.00% complete.
t1_sim:[56776. 56088. 55074.] t2_sim:[60418. 60847. 58085.]
Task is 16.00% complete.
t1_sim:[62094. 61981. 63193.] t2_sim:[63215. 63088. 63638.]
Task is 17.00% complete.
t1_sim:[64489. 64553. 61952.] t2_sim:[64463. 64020. 62973.]
Task is 18.00% complete.
t1_sim:[61121. 60867. 62394.] t2_sim:[62123. 62444. 65163.]
Task is 19.00% complete.
t1_sim:[59920. 59740. 59921.] t2_sim:[59268. 59390. 59353.]
Task is 20.00% complete.
t1_sim:[60831. 60632. 62223.] t2_sim:[61435. 61915. 61806.]
Task is 21.00% complete.
t1_sim:[58566. 58391. 57964.] t2_sim:[59512. 59498. 61031.]
Task is 22.00% complete.
t1_sim:[59358. 58866. 59298.] t2_sim:[64159. 63947. 65151.]
Task is 23.00% complete.
t1_sim:[61669. 62057. 62100.] t2_sim:[60224. 59536. 59585.]
Task is 24.00% complete.
t1_sim:[66147. 65740. 65422.] t2_sim:[66460. 66272. 66980.]
Task is 25.00% complete.
t1_sim:[65133. 64925. 65049.] t2_sim:[67550. 67325. 70113.]
Task is 26.00% complete.
t1_sim:[61586. 61387. 61808.] t2_sim:[61225. 61497. 63168.]
Task is 27.00% complete.
t1_sim:[64448. 64257. 64176.] t2_sim:[61825. 62085. 63075.]
Task is 28.00% complete.
t1_sim:[60834. 60815. 61885.] t2_sim:[64915. 64689. 66573.]
Task is 29.00% complete.
t1_sim:[63115. 62715. 63365.] t2_sim:[64387. 64331. 62385.]
Task is 30.00% complete.
t1_sim:[61704. 61752. 63940.] t2_sim:[65023. 64706. 64087.]
Task is 31.00% complete.
t1_sim:[59423. 59173. 61120.] t2_sim:[58762. 58774. 59756.]
Task is 32.00% complete.
t1_sim:[64179. 64168. 64002.] t2_sim:[67885. 67621. 66282.]
Task is 33.00% complete.
t1_sim:[60785. 60778. 60548.] t2_sim:[61173. 60854. 59601.]
Task is 34.00% complete.
t1_sim:[63723. 63388. 66122.] t2_sim:[67123. 67298. 66948.]
Task is 35.00% complete.
t1_sim:[62508. 62222. 62174.] t2_sim:[64358. 64739. 64734.]
Task is 36.00% complete.
t1_sim:[67030. 67114. 66454.] t2_sim:[65512. 65511. 64381.]
Task is 37.00% complete.
t1_sim:[64247. 64090. 62407.] t2_sim:[57869. 57933. 58084.]
Task is 38.00% complete.
t1_sim:[63819. 63820. 65031.] t2_sim:[57097. 56827. 57343.]
Task is 39.00% complete.
t1_sim:[63941. 63788. 60729.] t2_sim:[63622. 63195. 61247.]
Task is 40.00% complete.
t1_sim:[59780. 60354. 59292.] t2_sim:[70339. 70498. 69814.]
Task is 41.00% complete.
t1_sim:[60034. 60134. 60316.] t2_sim:[62145. 61794. 62084.]
Task is 42.00% complete.
t1_sim:[61027. 60683. 60302.] t2_sim:[53660. 53823. 55927.]
Task is 43.00% complete.
t1_sim:[59473. 59750. 59998.] t2_sim:[61492. 61359. 61823.]
Task is 44.00% complete.
t1_sim:[62399. 62474. 64635.] t2_sim:[58192. 57980. 59597.]
Task is 45.00% complete.
t1_sim:[56531. 56392. 59585.] t2_sim:[62964. 62721. 61971.]
Task is 46.00% complete.
t1_sim:[60026. 59991. 60122.] t2_sim:[58214. 58157. 61156.]
Task is 47.00% complete.
t1_sim:[63142. 63190. 61908.] t2_sim:[68397. 68424. 65945.]
Task is 48.00% complete.
t1_sim:[65866. 66142. 65492.] t2_sim:[67251. 67129. 67533.]
Task is 49.00% complete.
t1_sim:[56550. 56660. 58695.] t2_sim:[58383. 58451. 57569.]
Task is 50.00% complete.
t1_sim:[67389. 67317. 65004.] t2_sim:[64488. 64069. 63764.]
Task is 51.00% complete.
t1_sim:[56413. 56017. 59374.] t2_sim:[60221. 60354. 61383.]
Task is 52.00% complete.
t1_sim:[65470. 65531. 64523.] t2_sim:[67320. 67282. 66423.]
Task is 53.00% complete.
t1_sim:[64196. 63690. 63619.] t2_sim:[72685. 72910. 72153.]
Task is 54.00% complete.
t1_sim:[58739. 58554. 58662.] t2_sim:[67526. 67499. 65646.]
Task is 55.00% complete.
t1_sim:[63362. 63896. 63846.] t2_sim:[60238. 60272. 59983.]
Task is 56.00% complete.
t1_sim:[55292. 55292. 57211.] t2_sim:[59966. 59860. 59990.]
Task is 57.00% complete.
t1_sim:[59285. 58977. 59716.] t2_sim:[61152. 60651. 59285.]
Task is 58.00% complete.
t1_sim:[63278. 63343. 63362.] t2_sim:[62918. 62188. 61984.]
Task is 59.00% complete.
t1_sim:[59735. 59609. 58352.] t2_sim:[63019. 63597. 63601.]
Task is 60.00% complete.
t1_sim:[60377. 59690. 58974.] t2_sim:[62802. 63371. 63378.]
Task is 61.00% complete.
t1_sim:[58724. 58727. 56803.] t2_sim:[63753. 63674. 64618.]
Task is 62.00% complete.
t1_sim:[63384. 63447. 62014.] t2_sim:[62202. 62113. 64865.]
Task is 63.00% complete.
t1_sim:[60153. 60530. 61683.] t2_sim:[59724. 59173. 57702.]
Task is 64.00% complete.
t1_sim:[64805. 64821. 63500.] t2_sim:[58116. 58540. 58391.]
Task is 65.00% complete.
t1_sim:[59369. 59179. 59212.] t2_sim:[61104. 61193. 64165.]
Task is 66.00% complete.
t1_sim:[64302. 64635. 63141.] t2_sim:[56710. 56946. 59375.]
Task is 67.00% complete.
t1_sim:[56333. 56711. 56435.] t2_sim:[61596. 61844. 58400.]
Task is 68.00% complete.
t1_sim:[66982. 66924. 63849.] t2_sim:[60095. 59541. 61307.]
Task is 69.00% complete.
t1_sim:[63504. 63582. 64036.] t2_sim:[66487. 66658. 65913.]
Task is 70.00% complete.
t1_sim:[64207. 63900. 62965.] t2_sim:[62244. 61888. 62387.]
Task is 71.00% complete.
t1_sim:[62726. 62804. 60530.] t2_sim:[61835. 61238. 64886.]
Task is 72.00% complete.
t1_sim:[58065. 57730. 59261.] t2_sim:[59682. 59620. 60984.]
Task is 73.00% complete.
t1_sim:[59317. 59476. 59391.] t2_sim:[63120. 63412. 64776.]
Task is 74.00% complete.
t1_sim:[67813. 67719. 69474.] t2_sim:[59691. 59788. 61030.]
Task is 75.00% complete.
t1_sim:[63191. 63397. 64484.] t2_sim:[64057. 64187. 64047.]
Task is 76.00% complete.
t1_sim:[62630. 63017. 63201.] t2_sim:[63155. 63094. 63317.]
Task is 77.00% complete.
t1_sim:[65483. 65063. 64738.] t2_sim:[64788. 64586. 63043.]
Task is 78.00% complete.
t1_sim:[61502. 61492. 60118.] t2_sim:[64667. 64660. 63264.]
Task is 79.00% complete.
t1_sim:[67491. 67575. 64747.] t2_sim:[61179. 61142. 65569.]
Task is 80.00% complete.
t1_sim:[64216. 64471. 63608.] t2_sim:[65464. 65269. 64953.]
Task is 81.00% complete.
t1_sim:[59352. 59825. 60800.] t2_sim:[64560. 64355. 63583.]
Task is 82.00% complete.
t1_sim:[58009. 58309. 60683.] t2_sim:[70159. 70189. 69618.]
Task is 83.00% complete.
t1_sim:[58687. 58299. 59471.] t2_sim:[61995. 61677. 62325.]
Task is 84.00% complete.
t1_sim:[65146. 65138. 65716.] t2_sim:[64538. 64056. 62533.]
Task is 85.00% complete.
t1_sim:[64918. 65242. 64963.] t2_sim:[62412. 62218. 64090.]
Task is 86.00% complete.
t1_sim:[60962. 60199. 60246.] t2_sim:[64627. 64619. 65352.]
Task is 87.00% complete.
t1_sim:[64617. 64487. 66286.] t2_sim:[59873. 59701. 58658.]
Task is 88.00% complete.
t1_sim:[60659. 60396. 58276.] t2_sim:[66044. 66238. 64974.]
Task is 89.00% complete.
t1_sim:[60428. 60531. 61302.] t2_sim:[62484. 61910. 60159.]
Task is 90.00% complete.
t1_sim:[56441. 56206. 55327.] t2_sim:[58668. 58903. 59026.]
Task is 91.00% complete.
t1_sim:[61958. 61667. 65063.] t2_sim:[61021. 60999. 59955.]
Task is 92.00% complete.
t1_sim:[64684. 64457. 66457.] t2_sim:[60242. 60282. 58332.]
Task is 93.00% complete.
t1_sim:[60624. 60201. 61978.] t2_sim:[60207. 60856. 61698.]
Task is 94.00% complete.
t1_sim:[61705. 61853. 61110.] t2_sim:[60692. 60471. 60969.]
Task is 95.00% complete.
t1_sim:[61479. 61594. 61211.] t2_sim:[57138. 57139. 56206.]
Task is 96.00% complete.
t1_sim:[66393. 66891. 65497.] t2_sim:[63448. 63968. 64470.]
Task is 97.00% complete.
t1_sim:[60167. 60520. 59708.] t2_sim:[64873. 65026. 62943.]
Task is 98.00% complete.
t1_sim:[70182. 70021. 71123.] t2_sim:[62029. 62010. 63320.]
Task is 99.00% complete.
t1_sim:[60359. 60297. 60913.] t2_sim:[62204. 61916. 61338.]
Finished
