/scratch/jz4721/Post-prediction-Causal-Inference/venv/lib/python3.8/site-packages/numpy/core/getlimits.py:518: UserWarning: The value of the smallest subnormal for <class 'numpy.float64'> type is zero.
  setattr(self, word, getattr(machar, word).flat[0])
/scratch/jz4721/Post-prediction-Causal-Inference/venv/lib/python3.8/site-packages/numpy/core/getlimits.py:89: UserWarning: The value of the smallest subnormal for <class 'numpy.float64'> type is zero.
  return self._float_to_str(self.smallest_subnormal)
/scratch/jz4721/Post-prediction-Causal-Inference/venv/lib/python3.8/site-packages/numpy/core/getlimits.py:518: UserWarning: The value of the smallest subnormal for <class 'numpy.float32'> type is zero.
  setattr(self, word, getattr(machar, word).flat[0])
/scratch/jz4721/Post-prediction-Causal-Inference/venv/lib/python3.8/site-packages/numpy/core/getlimits.py:89: UserWarning: The value of the smallest subnormal for <class 'numpy.float32'> type is zero.
  return self._float_to_str(self.smallest_subnormal)
Training start
t1_obs:[array(65304.), array(65053.), array(62796.)] t2_obs:[array(59388.), array(59082.), array(60203.)]
corr_G1:[None, None, 0] corr_G2:[None, None, 4.605422565190681e-17]
Training end
Task is 0.00% complete.
t1_sim:[58353. 58047. 58813.] t2_sim:[62389. 61846. 60762.]
Task is 1.00% complete.
t1_sim:[60523. 60569. 61239.] t2_sim:[63593. 64001. 63815.]
Task is 2.00% complete.
t1_sim:[59454. 59228. 58971.] t2_sim:[60084. 60574. 60003.]
Task is 3.00% complete.
t1_sim:[64329. 64436. 66017.] t2_sim:[65047. 65059. 68024.]
Task is 4.00% complete.
t1_sim:[59771. 59592. 59964.] t2_sim:[64549. 64145. 63089.]
Task is 5.00% complete.
t1_sim:[60726. 60329. 63102.] t2_sim:[60199. 60154. 63137.]
Task is 6.00% complete.
t1_sim:[69078. 69009. 66678.] t2_sim:[61683. 62210. 62656.]
Task is 7.00% complete.
t1_sim:[60923. 61070. 59392.] t2_sim:[59220. 59122. 55731.]
Task is 8.00% complete.
t1_sim:[60473. 60391. 61269.] t2_sim:[65152. 64687. 66203.]
Task is 9.00% complete.
t1_sim:[61013. 61258. 61667.] t2_sim:[64245. 64151. 60443.]
Task is 10.00% complete.
t1_sim:[60648. 61080. 62899.] t2_sim:[66478. 66641. 67360.]
Task is 11.00% complete.
t1_sim:[60272. 60192. 61703.] t2_sim:[63554. 63232. 61903.]
Task is 12.00% complete.
t1_sim:[63138. 63060. 64551.] t2_sim:[64141. 64390. 63335.]
Task is 13.00% complete.
t1_sim:[62316. 61879. 60079.] t2_sim:[58874. 58678. 61523.]
Task is 14.00% complete.
t1_sim:[65910. 65900. 62987.] t2_sim:[66129. 65602. 61213.]
Task is 15.00% complete.
t1_sim:[57885. 58113. 60760.] t2_sim:[63646. 64035. 62981.]
Task is 16.00% complete.
t1_sim:[67279. 67712. 66653.] t2_sim:[64701. 65095. 64201.]
Task is 17.00% complete.
t1_sim:[61181. 61119. 57812.] t2_sim:[66782. 67009. 63511.]
Task is 18.00% complete.
t1_sim:[66078. 66040. 65341.] t2_sim:[64829. 65249. 64089.]
Task is 19.00% complete.
t1_sim:[58007. 58262. 62443.] t2_sim:[60684. 60721. 64529.]
Task is 20.00% complete.
t1_sim:[69418. 69465. 69818.] t2_sim:[63429. 63378. 59974.]
Task is 21.00% complete.
t1_sim:[63814. 64294. 64683.] t2_sim:[62348. 62492. 64046.]
Task is 22.00% complete.
t1_sim:[61803. 61779. 61315.] t2_sim:[61707. 61484. 59333.]
Task is 23.00% complete.
t1_sim:[65567. 65539. 63592.] t2_sim:[67059. 66903. 65227.]
Task is 24.00% complete.
t1_sim:[60305. 60559. 63057.] t2_sim:[59889. 59774. 60841.]
Task is 25.00% complete.
t1_sim:[67000. 66834. 65161.] t2_sim:[62837. 62987. 59307.]
Task is 26.00% complete.
t1_sim:[59973. 60145. 60551.] t2_sim:[62450. 62163. 59706.]
Task is 27.00% complete.
t1_sim:[63624. 63327. 62855.] t2_sim:[57683. 57874. 59219.]
Task is 28.00% complete.
t1_sim:[64063. 64398. 66220.] t2_sim:[62491. 62716. 65249.]
Task is 29.00% complete.
t1_sim:[63222. 63349. 62714.] t2_sim:[58979. 59630. 61010.]
Task is 30.00% complete.
t1_sim:[58764. 58393. 61224.] t2_sim:[62637. 62387. 63969.]
Task is 31.00% complete.
t1_sim:[62888. 62899. 61505.] t2_sim:[68396. 68254. 70053.]
Task is 32.00% complete.
t1_sim:[66438. 66707. 65074.] t2_sim:[57540. 57626. 57502.]
Task is 33.00% complete.
t1_sim:[63637. 63525. 61410.] t2_sim:[63991. 64019. 65036.]
Task is 34.00% complete.
t1_sim:[59522. 59772. 55303.] t2_sim:[60947. 60559. 62553.]
Task is 35.00% complete.
t1_sim:[62736. 62524. 65551.] t2_sim:[61174. 61429. 62138.]
Task is 36.00% complete.
t1_sim:[58794. 59069. 59873.] t2_sim:[67587. 67901. 64136.]
Task is 37.00% complete.
t1_sim:[68040. 68209. 65876.] t2_sim:[59302. 58924. 59386.]
Task is 38.00% complete.
t1_sim:[67063. 66513. 62928.] t2_sim:[61313. 61060. 61858.]
Task is 39.00% complete.
t1_sim:[60517. 60590. 61299.] t2_sim:[64986. 65152. 70168.]
Task is 40.00% complete.
t1_sim:[61842. 61969. 61631.] t2_sim:[61477. 61203. 61157.]
Task is 41.00% complete.
t1_sim:[59977. 60313. 59197.] t2_sim:[65046. 66321. 67175.]
Task is 42.00% complete.
t1_sim:[63711. 63269. 65378.] t2_sim:[60410. 59829. 59826.]
Task is 43.00% complete.
t1_sim:[59386. 59668. 60085.] t2_sim:[62937. 63406. 63008.]
Task is 44.00% complete.
t1_sim:[64802. 64601. 65830.] t2_sim:[65741. 65701. 67169.]
Task is 45.00% complete.
t1_sim:[62706. 62632. 60633.] t2_sim:[60532. 60845. 61822.]
Task is 46.00% complete.
t1_sim:[56008. 56106. 59751.] t2_sim:[59675. 60335. 63594.]
Task is 47.00% complete.
t1_sim:[58925. 59389. 59829.] t2_sim:[64283. 64490. 65478.]
Task is 48.00% complete.
t1_sim:[65942. 66118. 66406.] t2_sim:[64468. 64818. 65556.]
Task is 49.00% complete.
t1_sim:[64054. 63733. 65641.] t2_sim:[66295. 66457. 67816.]
Task is 50.00% complete.
t1_sim:[68765. 68644. 64017.] t2_sim:[60150. 60290. 57859.]
Task is 51.00% complete.
t1_sim:[62150. 62150. 62157.] t2_sim:[62589. 62854. 64448.]
Task is 52.00% complete.
t1_sim:[69739. 70018. 72734.] t2_sim:[60025. 60248. 55647.]
Task is 53.00% complete.
t1_sim:[63534. 63077. 63606.] t2_sim:[66576. 66581. 69304.]
Task is 54.00% complete.
t1_sim:[63245. 63568. 58604.] t2_sim:[59308. 59132. 60643.]
Task is 55.00% complete.
t1_sim:[60637. 61016. 58365.] t2_sim:[63080. 62749. 59123.]
Task is 56.00% complete.
t1_sim:[64490. 64398. 64409.] t2_sim:[54056. 54548. 54403.]
Task is 57.00% complete.
t1_sim:[62036. 62226. 62733.] t2_sim:[60561. 60144. 62992.]
Task is 58.00% complete.
t1_sim:[67062. 67210. 65547.] t2_sim:[59794. 59961. 60531.]
Task is 59.00% complete.
t1_sim:[67439. 68130. 66271.] t2_sim:[57744. 58245. 60231.]
Task is 60.00% complete.
t1_sim:[64988. 65117. 69006.] t2_sim:[62507. 62891. 63926.]
Task is 61.00% complete.
t1_sim:[56612. 56533. 56945.] t2_sim:[59801. 59356. 60042.]
Task is 62.00% complete.
t1_sim:[63077. 62979. 61768.] t2_sim:[61507. 61223. 58609.]
Task is 63.00% complete.
t1_sim:[66090. 66271. 65417.] t2_sim:[62295. 62098. 59264.]
Task is 64.00% complete.
t1_sim:[63374. 63741. 61795.] t2_sim:[61616. 61523. 63750.]
Task is 65.00% complete.
t1_sim:[64621. 64417. 64043.] t2_sim:[63222. 63079. 61605.]
Task is 66.00% complete.
t1_sim:[59835. 59576. 60178.] t2_sim:[59554. 59325. 60570.]
Task is 67.00% complete.
t1_sim:[64104. 64197. 60716.] t2_sim:[61281. 61152. 61242.]
Task is 68.00% complete.
t1_sim:[65660. 65298. 64388.] t2_sim:[61429. 61788. 64845.]
Task is 69.00% complete.
t1_sim:[64392. 64437. 67295.] t2_sim:[58908. 58555. 56709.]
Task is 70.00% complete.
t1_sim:[64833. 64534. 63182.] t2_sim:[62386. 61971. 66430.]
Task is 71.00% complete.
t1_sim:[62768. 62508. 61596.] t2_sim:[59154. 58870. 59314.]
Task is 72.00% complete.
t1_sim:[65011. 65066. 65824.] t2_sim:[59335. 59054. 57823.]
Task is 73.00% complete.
t1_sim:[61527. 61416. 60913.] t2_sim:[62198. 62073. 62075.]
Task is 74.00% complete.
t1_sim:[59785. 60075. 63270.] t2_sim:[57900. 57858. 61057.]
Task is 75.00% complete.
t1_sim:[58464. 58273. 59028.] t2_sim:[67494. 67568. 69577.]
Task is 76.00% complete.
t1_sim:[61479. 61627. 64644.] t2_sim:[59175. 59091. 60199.]
Task is 77.00% complete.
t1_sim:[59289. 59319. 57354.] t2_sim:[66536. 66591. 65558.]
Task is 78.00% complete.
t1_sim:[57400. 57549. 61099.] t2_sim:[64696. 64877. 60995.]
Task is 79.00% complete.
t1_sim:[67772. 68285. 68571.] t2_sim:[64612. 64862. 63433.]
Task is 80.00% complete.
t1_sim:[57452. 56966. 57335.] t2_sim:[65333. 65777. 62428.]
Task is 81.00% complete.
t1_sim:[64322. 63938. 64613.] t2_sim:[61843. 61734. 61877.]
Task is 82.00% complete.
t1_sim:[64845. 64978. 64880.] t2_sim:[63055. 63104. 61431.]
Task is 83.00% complete.
t1_sim:[63265. 62906. 61878.] t2_sim:[60893. 61102. 62231.]
Task is 84.00% complete.
t1_sim:[63348. 63196. 61309.] t2_sim:[65686. 65604. 66114.]
Task is 85.00% complete.
t1_sim:[62797. 62475. 62846.] t2_sim:[66812. 67236. 67474.]
Task is 86.00% complete.
t1_sim:[67042. 66780. 63760.] t2_sim:[68743. 68476. 70388.]
Task is 87.00% complete.
t1_sim:[63087. 62689. 61066.] t2_sim:[60367. 60196. 57916.]
Task is 88.00% complete.
t1_sim:[62015. 61992. 64310.] t2_sim:[62524. 62432. 60683.]
Task is 89.00% complete.
t1_sim:[61790. 62004. 59885.] t2_sim:[60234. 59982. 59661.]
Task is 90.00% complete.
t1_sim:[58546. 58504. 60877.] t2_sim:[61025. 61258. 63828.]
Task is 91.00% complete.
t1_sim:[60322. 60251. 63929.] t2_sim:[61399. 61224. 63720.]
Task is 92.00% complete.
t1_sim:[62992. 63157. 61275.] t2_sim:[61904. 61950. 63152.]
Task is 93.00% complete.
t1_sim:[60189. 59624. 63662.] t2_sim:[67320. 67125. 68693.]
Task is 94.00% complete.
t1_sim:[58895. 59358. 59816.] t2_sim:[63788. 64204. 61981.]
Task is 95.00% complete.
t1_sim:[58563. 58371. 59889.] t2_sim:[59849. 59477. 58024.]
Task is 96.00% complete.
t1_sim:[61389. 61731. 61876.] t2_sim:[56209. 56410. 58529.]
Task is 97.00% complete.
t1_sim:[67795. 68356. 65159.] t2_sim:[65594. 65324. 65403.]
Task is 98.00% complete.
t1_sim:[61185. 61598. 59817.] t2_sim:[63615. 64181. 65920.]
Task is 99.00% complete.
t1_sim:[56917. 57123. 57544.] t2_sim:[62803. 62755. 60592.]
Training start
t1_obs:[array(65304.), array(65053.), array(63268.)] t2_obs:[array(59388.), array(59082.), array(61335.)]
corr_G1:[None, None, 0.9785728494438503] corr_G2:[None, None, 0.9891599455387405]
Training end
Task is 0.00% complete.
t1_sim:[62345. 62216. 63164.] t2_sim:[58473. 58534. 59795.]
Task is 1.00% complete.
t1_sim:[66213. 65979. 64988.] t2_sim:[61459. 61064. 61257.]
Task is 2.00% complete.
t1_sim:[53394. 53273. 54704.] t2_sim:[59940. 59973. 58157.]
Task is 3.00% complete.
t1_sim:[64602. 64706. 64854.] t2_sim:[64174. 64208. 64633.]
Task is 4.00% complete.
t1_sim:[61984. 62160. 63121.] t2_sim:[64597. 64319. 65042.]
Task is 5.00% complete.
t1_sim:[65883. 66039. 66163.] t2_sim:[64323. 63946. 63458.]
Task is 6.00% complete.
t1_sim:[64012. 63654. 61892.] t2_sim:[57161. 57023. 58297.]
Task is 7.00% complete.
t1_sim:[63200. 63313. 65490.] t2_sim:[63080. 62849. 60414.]
Task is 8.00% complete.
t1_sim:[58996. 58692. 56952.] t2_sim:[56570. 56782. 58976.]
Task is 9.00% complete.
t1_sim:[61772. 61914. 61661.] t2_sim:[62657. 63420. 65140.]
Task is 10.00% complete.
t1_sim:[57860. 58061. 58902.] t2_sim:[65576. 65790. 65887.]
Task is 11.00% complete.
t1_sim:[64240. 64656. 62358.] t2_sim:[61906. 62399. 63346.]
Task is 12.00% complete.
t1_sim:[63062. 63129. 64762.] t2_sim:[58513. 58454. 60798.]
Task is 13.00% complete.
t1_sim:[67735. 67688. 69404.] t2_sim:[66065. 66260. 64137.]
Task is 14.00% complete.
t1_sim:[68911. 68274. 67370.] t2_sim:[62535. 62285. 62125.]
Task is 15.00% complete.
t1_sim:[62688. 63526. 66375.] t2_sim:[61785. 61678. 62462.]
Task is 16.00% complete.
t1_sim:[63004. 63097. 62452.] t2_sim:[67441. 67446. 66838.]
Task is 17.00% complete.
t1_sim:[59469. 59679. 61150.] t2_sim:[60460. 60324. 59869.]
Task is 18.00% complete.
t1_sim:[60712. 60799. 61850.] t2_sim:[61851. 61945. 62686.]
Task is 19.00% complete.
t1_sim:[61189. 61558. 59504.] t2_sim:[59331. 59343. 59983.]
Task is 20.00% complete.
t1_sim:[65495. 65591. 64474.] t2_sim:[58446. 58479. 59158.]
Task is 21.00% complete.
t1_sim:[63291. 63350. 63439.] t2_sim:[67352. 67711. 67464.]
Task is 22.00% complete.
t1_sim:[60891. 60857. 61924.] t2_sim:[61061. 60873. 60746.]
Task is 23.00% complete.
t1_sim:[58428. 58509. 60898.] t2_sim:[62881. 63257. 62698.]
Task is 24.00% complete.
t1_sim:[63600. 64056. 63936.] t2_sim:[62141. 61581. 61005.]
Task is 25.00% complete.
t1_sim:[65003. 65045. 64929.] t2_sim:[62278. 62142. 62355.]
Task is 26.00% complete.
t1_sim:[62147. 61970. 61501.] t2_sim:[62709. 62613. 61779.]
Task is 27.00% complete.
t1_sim:[69366. 69189. 68119.] t2_sim:[65266. 65543. 65424.]
Task is 28.00% complete.
t1_sim:[66337. 66235. 65064.] t2_sim:[64533. 64895. 64467.]
Task is 29.00% complete.
t1_sim:[64879. 64515. 65868.] t2_sim:[60974. 60703. 60328.]
Task is 30.00% complete.
t1_sim:[71329. 71204. 69551.] t2_sim:[62975. 62759. 61408.]
Task is 31.00% complete.
t1_sim:[62396. 61917. 59507.] t2_sim:[60493. 60460. 59182.]
Task is 32.00% complete.
t1_sim:[63634. 63332. 65969.] t2_sim:[63207. 63161. 63034.]
Task is 33.00% complete.
t1_sim:[57956. 57711. 58618.] t2_sim:[60492. 59958. 57450.]
Task is 34.00% complete.
t1_sim:[62573. 62735. 63394.] t2_sim:[64101. 63371. 61549.]
Task is 35.00% complete.
t1_sim:[58478. 58827. 57985.] t2_sim:[65262. 65436. 67144.]
Task is 36.00% complete.
t1_sim:[62548. 62389. 63395.] t2_sim:[64100. 63860. 61267.]
Task is 37.00% complete.
t1_sim:[64383. 64435. 66416.] t2_sim:[63406. 63309. 65987.]
Task is 38.00% complete.
t1_sim:[62836. 62903. 63476.] t2_sim:[59248. 58688. 58741.]
Task is 39.00% complete.
t1_sim:[61002. 60849. 61843.] t2_sim:[63747. 63941. 62754.]
Task is 40.00% complete.
t1_sim:[65190. 64739. 65469.] t2_sim:[64418. 64756. 66236.]
Task is 41.00% complete.
t1_sim:[64482. 64359. 62874.] t2_sim:[60641. 61176. 59826.]
Task is 42.00% complete.
t1_sim:[61963. 62158. 63359.] t2_sim:[66469. 66583. 64671.]
Task is 43.00% complete.
t1_sim:[63176. 63272. 63157.] t2_sim:[62242. 61926. 61992.]
Task is 44.00% complete.
t1_sim:[66332. 66693. 69694.] t2_sim:[59413. 60046. 61465.]
Task is 45.00% complete.
t1_sim:[62888. 62423. 63576.] t2_sim:[62671. 62510. 59494.]
Task is 46.00% complete.
t1_sim:[61295. 60909. 62701.] t2_sim:[61968. 61411. 63478.]
Task is 47.00% complete.
t1_sim:[62543. 63203. 64153.] t2_sim:[61106. 61439. 63420.]
Task is 48.00% complete.
t1_sim:[63163. 63262. 62621.] t2_sim:[63631. 63807. 65971.]
Task is 49.00% complete.
t1_sim:[59998. 60048. 61557.] t2_sim:[64318. 64544. 62428.]
Task is 50.00% complete.
t1_sim:[57501. 57622. 55928.] t2_sim:[60409. 61058. 59890.]
Task is 51.00% complete.
t1_sim:[61063. 61857. 62329.] t2_sim:[59029. 59432. 60514.]
Task is 52.00% complete.
t1_sim:[61288. 61181. 60378.] t2_sim:[67400. 67502. 68444.]
Task is 53.00% complete.
t1_sim:[63817. 63650. 65250.] t2_sim:[58549. 58871. 62058.]
Task is 54.00% complete.
t1_sim:[69508. 69963. 71541.] t2_sim:[62782. 62340. 60341.]
Task is 55.00% complete.
t1_sim:[60108. 60174. 59109.] t2_sim:[61203. 60754. 62147.]
Task is 56.00% complete.
t1_sim:[65098. 65181. 63859.] t2_sim:[62126. 61910. 62807.]
Task is 57.00% complete.
t1_sim:[59818. 59707. 59407.] t2_sim:[63449. 63389. 64723.]
Task is 58.00% complete.
t1_sim:[65748. 66215. 69440.] t2_sim:[66467. 66733. 65752.]
Task is 59.00% complete.
t1_sim:[59985. 59523. 60263.] t2_sim:[61446. 61402. 60754.]
Task is 60.00% complete.
t1_sim:[59726. 59747. 61239.] t2_sim:[62352. 62155. 63461.]
Task is 61.00% complete.
t1_sim:[58511. 58108. 58213.] t2_sim:[60695. 60830. 62863.]
Task is 62.00% complete.
t1_sim:[57311. 57422. 58203.] t2_sim:[65889. 65255. 62432.]
Task is 63.00% complete.
t1_sim:[59563. 59434. 60077.] t2_sim:[63608. 63482. 61233.]
Task is 64.00% complete.
t1_sim:[60224. 59790. 61900.] t2_sim:[65892. 65215. 63585.]
Task is 65.00% complete.
t1_sim:[64433. 64009. 63254.] t2_sim:[64159. 64318. 65324.]
Task is 66.00% complete.
t1_sim:[57714. 57734. 58028.] t2_sim:[59685. 59598. 59165.]
Task is 67.00% complete.
t1_sim:[58588. 58052. 57488.] t2_sim:[62223. 62099. 64041.]
Task is 68.00% complete.
t1_sim:[62459. 62205. 63096.] t2_sim:[63255. 63449. 63106.]
Task is 69.00% complete.
t1_sim:[61620. 61101. 62526.] t2_sim:[63796. 63478. 62958.]
Task is 70.00% complete.
t1_sim:[60866. 60987. 62281.] t2_sim:[63101. 63490. 62812.]
Task is 71.00% complete.
t1_sim:[62124. 62319. 61152.] t2_sim:[62449. 62600. 64071.]
Task is 72.00% complete.
t1_sim:[64188. 64055. 62450.] t2_sim:[62482. 62391. 65647.]
Task is 73.00% complete.
t1_sim:[61167. 61502. 62434.] t2_sim:[63216. 63755. 66112.]
Task is 74.00% complete.
t1_sim:[64731. 64474. 64217.] t2_sim:[61362. 61492. 62773.]
Task is 75.00% complete.
t1_sim:[67898. 67595. 66317.] t2_sim:[66212. 66503. 66796.]
Task is 76.00% complete.
t1_sim:[66701. 66598. 65741.] t2_sim:[64592. 64532. 64694.]
Task is 77.00% complete.
t1_sim:[66903. 66322. 67303.] t2_sim:[64917. 65418. 64581.]
Task is 78.00% complete.
t1_sim:[61622. 61246. 60623.] t2_sim:[65094. 65474. 63828.]
Task is 79.00% complete.
t1_sim:[58657. 58182. 59335.] t2_sim:[63767. 63856. 60752.]
Task is 80.00% complete.
t1_sim:[62008. 61528. 61726.] t2_sim:[57032. 56757. 57259.]
Task is 81.00% complete.
t1_sim:[69566. 69047. 67048.] t2_sim:[64263. 63953. 65380.]
Task is 82.00% complete.
t1_sim:[62201. 62331. 59712.] t2_sim:[58353. 58461. 58253.]
Task is 83.00% complete.
t1_sim:[60810. 61131. 63066.] t2_sim:[64174. 63991. 62666.]
Task is 84.00% complete.
t1_sim:[57206. 57189. 57592.] t2_sim:[60343. 60344. 58145.]
Task is 85.00% complete.
t1_sim:[69810. 69721. 70593.] t2_sim:[61056. 61585. 61621.]
Task is 86.00% complete.
t1_sim:[62736. 62773. 63571.] t2_sim:[60588. 60294. 59976.]
Task is 87.00% complete.
t1_sim:[59267. 59943. 61206.] t2_sim:[66490. 66539. 67512.]
Task is 88.00% complete.
t1_sim:[64700. 64979. 64503.] t2_sim:[61662. 61748. 63437.]
Task is 89.00% complete.
t1_sim:[54282. 54266. 57431.] t2_sim:[55444. 55302. 56459.]
Task is 90.00% complete.
t1_sim:[62824. 62647. 64126.] t2_sim:[65886. 65268. 63845.]
Task is 91.00% complete.
t1_sim:[64359. 64592. 65284.] t2_sim:[66696. 67211. 67970.]
Task is 92.00% complete.
t1_sim:[60650. 60984. 63067.] t2_sim:[61846. 61727. 61397.]
Task is 93.00% complete.
t1_sim:[64134. 63829. 61865.] t2_sim:[57717. 57881. 60534.]
Task is 94.00% complete.
t1_sim:[61190. 60996. 58529.] t2_sim:[51396. 51248. 51947.]
Task is 95.00% complete.
t1_sim:[63009. 63059. 64332.] t2_sim:[56804. 56820. 58592.]
Task is 96.00% complete.
t1_sim:[65119. 65476. 66842.] t2_sim:[65385. 65838. 67933.]
Task is 97.00% complete.
t1_sim:[61629. 61285. 61280.] t2_sim:[59595. 59283. 60124.]
Task is 98.00% complete.
t1_sim:[58201. 58772. 59346.] t2_sim:[62311. 62415. 62548.]
Task is 99.00% complete.
t1_sim:[57920. 57710. 56883.] t2_sim:[59983. 59567. 62755.]
Training start
t1_obs:[array(65304.), array(65053.), array(61377.)] t2_obs:[array(59388.), array(59082.), array(61502.)]
corr_G1:[None, None, -0.16264093163349946] corr_G2:[None, None, -0.12469533075877953]
Training end
Task is 0.00% complete.
t1_sim:[56531. 56848. 55472.] t2_sim:[58554. 58040. 57130.]
Task is 1.00% complete.
t1_sim:[57153. 57061. 55605.] t2_sim:[61943. 61488. 60647.]
Task is 2.00% complete.
t1_sim:[65095. 65392. 62888.] t2_sim:[68790. 69009. 71992.]
Task is 3.00% complete.
t1_sim:[62659. 62841. 63638.] t2_sim:[60025. 59748. 62891.]
Task is 4.00% complete.
t1_sim:[62539. 62621. 58111.] t2_sim:[60582. 60614. 60859.]
Task is 5.00% complete.
t1_sim:[65947. 65728. 61124.] t2_sim:[64737. 64939. 65837.]
Task is 6.00% complete.
t1_sim:[59371. 59134. 56901.] t2_sim:[62755. 62689. 64533.]
Task is 7.00% complete.
t1_sim:[59884. 59902. 57944.] t2_sim:[62666. 62800. 62974.]
Task is 8.00% complete.
t1_sim:[69450. 69651. 68690.] t2_sim:[65383. 65330. 62822.]
Task is 9.00% complete.
t1_sim:[65342. 65450. 60628.] t2_sim:[61533. 61267. 58824.]
Task is 10.00% complete.
t1_sim:[67521. 67253. 65307.] t2_sim:[64653. 64739. 64536.]
Task is 11.00% complete.
t1_sim:[61953. 61736. 58988.] t2_sim:[57414. 57240. 55301.]
Task is 12.00% complete.
t1_sim:[61436. 61422. 59722.] t2_sim:[61000. 60849. 59950.]
Task is 13.00% complete.
t1_sim:[64837. 64409. 63729.] t2_sim:[61182. 61572. 61139.]
Task is 14.00% complete.
t1_sim:[60363. 60569. 58883.] t2_sim:[68070. 67988. 68938.]
Task is 15.00% complete.
t1_sim:[62436. 62401. 57635.] t2_sim:[60387. 60380. 58254.]
Task is 16.00% complete.
t1_sim:[58815. 58802. 58073.] t2_sim:[57897. 58101. 56209.]
Task is 17.00% complete.
t1_sim:[64422. 63998. 60054.] t2_sim:[56963. 56694. 56778.]
Task is 18.00% complete.
t1_sim:[64737. 65013. 59457.] t2_sim:[62963. 62741. 62001.]
Task is 19.00% complete.
t1_sim:[63507. 63252. 59940.] t2_sim:[59373. 58592. 57759.]
Task is 20.00% complete.
t1_sim:[62834. 63345. 60442.] t2_sim:[61891. 62012. 62707.]
Task is 21.00% complete.
t1_sim:[68484. 68658. 68074.] t2_sim:[61339. 61427. 58670.]
Task is 22.00% complete.
t1_sim:[57599. 58009. 56696.] t2_sim:[64467. 64791. 65407.]
Task is 23.00% complete.
t1_sim:[61601. 61156. 55925.] t2_sim:[63840. 64032. 66362.]
Task is 24.00% complete.
t1_sim:[63420. 63684. 58814.] t2_sim:[62267. 62614. 60330.]
Task is 25.00% complete.
t1_sim:[67147. 67219. 64268.] t2_sim:[68723. 68391. 69490.]
Task is 26.00% complete.
t1_sim:[65010. 65132. 63379.] t2_sim:[67366. 67236. 65072.]
Task is 27.00% complete.
t1_sim:[58432. 58315. 55221.] t2_sim:[66628. 66621. 65764.]
Task is 28.00% complete.
t1_sim:[62335. 62307. 63541.] t2_sim:[61623. 61110. 60300.]
Task is 29.00% complete.
t1_sim:[57185. 56942. 55301.] t2_sim:[58957. 59114. 58970.]
Task is 30.00% complete.
t1_sim:[62189. 61818. 63284.] t2_sim:[64181. 64006. 64786.]
Task is 31.00% complete.
t1_sim:[58975. 59071. 57126.] t2_sim:[60550. 60605. 59486.]
Task is 32.00% complete.
t1_sim:[61346. 60621. 58648.] t2_sim:[61244. 61205. 61632.]
Task is 33.00% complete.
t1_sim:[63623. 63677. 62825.] t2_sim:[63943. 63463. 60775.]
Task is 34.00% complete.
t1_sim:[63957. 64247. 61883.] t2_sim:[67244. 67578. 65745.]
Task is 35.00% complete.
t1_sim:[64710. 64093. 59109.] t2_sim:[60275. 60206. 60698.]
Task is 36.00% complete.
t1_sim:[63599. 63163. 58285.] t2_sim:[56263. 56093. 55262.]
Task is 37.00% complete.
t1_sim:[63887. 63842. 59838.] t2_sim:[58371. 59250. 59378.]
Task is 38.00% complete.
t1_sim:[63483. 63233. 62139.] t2_sim:[62719. 62677. 61837.]
Task is 39.00% complete.
t1_sim:[61040. 61331. 59650.] t2_sim:[56256. 55866. 54302.]
Task is 40.00% complete.
t1_sim:[57409. 57291. 55270.] t2_sim:[54995. 55213. 58024.]
Task is 41.00% complete.
t1_sim:[56188. 56297. 56002.] t2_sim:[61693. 61607. 59838.]
Task is 42.00% complete.
t1_sim:[59991. 59874. 59746.] t2_sim:[61957. 62525. 61741.]
Task is 43.00% complete.
t1_sim:[57745. 57530. 55232.] t2_sim:[60559. 60456. 59294.]
Task is 44.00% complete.
t1_sim:[64434. 64742. 61121.] t2_sim:[66781. 67069. 67605.]
Task is 45.00% complete.
t1_sim:[63040. 63120. 61123.] t2_sim:[55449. 55314. 57423.]
Task is 46.00% complete.
t1_sim:[61001. 61001. 55587.] t2_sim:[65626. 65828. 64651.]
Task is 47.00% complete.
t1_sim:[63523. 63626. 60102.] t2_sim:[60514. 60582. 60100.]
Task is 48.00% complete.
t1_sim:[67538. 67503. 65607.] t2_sim:[67583. 67802. 67307.]
Task is 49.00% complete.
t1_sim:[62114. 62087. 59083.] t2_sim:[62688. 62642. 62956.]
Task is 50.00% complete.
t1_sim:[61555. 62030. 62026.] t2_sim:[63758. 63737. 60738.]
Task is 51.00% complete.
t1_sim:[59561. 59705. 59449.] t2_sim:[53620. 54115. 54530.]
Task is 52.00% complete.
t1_sim:[63701. 63831. 64103.] t2_sim:[62133. 62367. 63185.]
Task is 53.00% complete.
t1_sim:[66268. 66156. 62249.] t2_sim:[59785. 59879. 60466.]
Task is 54.00% complete.
t1_sim:[62910. 62558. 61257.] t2_sim:[56548. 56893. 57522.]
Task is 55.00% complete.
t1_sim:[61196. 61193. 59189.] t2_sim:[60636. 60359. 57698.]
Task is 56.00% complete.
t1_sim:[61237. 61348. 60173.] t2_sim:[68121. 68048. 68001.]
Task is 57.00% complete.
t1_sim:[66544. 67182. 65582.] t2_sim:[59117. 59735. 61012.]
Task is 58.00% complete.
t1_sim:[61199. 61752. 60265.] t2_sim:[61526. 61222. 61991.]
Task is 59.00% complete.
t1_sim:[65237. 65135. 63216.] t2_sim:[66003. 65995. 67649.]
Task is 60.00% complete.
t1_sim:[61360. 61278. 60967.] t2_sim:[61740. 61229. 60353.]
Task is 61.00% complete.
t1_sim:[59034. 58851. 58435.] t2_sim:[63307. 62893. 60240.]
Task is 62.00% complete.
t1_sim:[60131. 60571. 58861.] t2_sim:[58759. 59009. 59533.]
Task is 63.00% complete.
t1_sim:[60699. 60902. 62849.] t2_sim:[66498. 66466. 63831.]
Task is 64.00% complete.
t1_sim:[62316. 61975. 59229.] t2_sim:[64689. 64563. 64239.]
Task is 65.00% complete.
t1_sim:[58363. 58275. 54532.] t2_sim:[60998. 60656. 63041.]
Task is 66.00% complete.
t1_sim:[59265. 59076. 60544.] t2_sim:[64292. 64126. 64263.]
Task is 67.00% complete.
t1_sim:[65459. 66007. 64400.] t2_sim:[61842. 61473. 63786.]
Task is 68.00% complete.
t1_sim:[68426. 68743. 67468.] t2_sim:[60767. 60598. 60372.]
Task is 69.00% complete.
t1_sim:[59599. 60097. 56300.] t2_sim:[58755. 58908. 59428.]
Task is 70.00% complete.
t1_sim:[66183. 66267. 65562.] t2_sim:[61756. 62080. 62524.]
Task is 71.00% complete.
t1_sim:[63420. 63255. 60249.] t2_sim:[60128. 60451. 61686.]
Task is 72.00% complete.
t1_sim:[64682. 64407. 63117.] t2_sim:[56760. 56633. 56833.]
Task is 73.00% complete.
t1_sim:[66305. 66609. 63260.] t2_sim:[56910. 56947. 56137.]
Task is 74.00% complete.
t1_sim:[63313. 63986. 61934.] t2_sim:[61892. 61519. 62979.]
Task is 75.00% complete.
t1_sim:[64734. 64314. 62578.] t2_sim:[58696. 58812. 59869.]
Task is 76.00% complete.
t1_sim:[62179. 61923. 60471.] t2_sim:[62729. 62628. 62820.]
Task is 77.00% complete.
t1_sim:[61824. 61758. 59692.] t2_sim:[63096. 63075. 61055.]
Task is 78.00% complete.
t1_sim:[59683. 59434. 59172.] t2_sim:[69176. 69291. 69063.]
Task is 79.00% complete.
t1_sim:[63278. 63237. 62593.] t2_sim:[58732. 58981. 60161.]
Task is 80.00% complete.
t1_sim:[62601. 62213. 58296.] t2_sim:[61353. 61365. 57871.]
Task is 81.00% complete.
t1_sim:[60062. 60113. 57327.] t2_sim:[61012. 60932. 60033.]
Task is 82.00% complete.
t1_sim:[65940. 65802. 65621.] t2_sim:[64672. 64581. 64497.]
Task is 83.00% complete.
t1_sim:[63484. 63400. 63188.] t2_sim:[62139. 61847. 62467.]
Task is 84.00% complete.
t1_sim:[65172. 65437. 64542.] t2_sim:[64566. 64312. 64711.]
Task is 85.00% complete.
t1_sim:[63999. 63404. 61375.] t2_sim:[67821. 67760. 67219.]
Task is 86.00% complete.
t1_sim:[59462. 59185. 57297.] t2_sim:[67619. 67363. 65355.]
Task is 87.00% complete.
t1_sim:[66388. 66637. 62483.] t2_sim:[63216. 62965. 63227.]
Task is 88.00% complete.
t1_sim:[62282. 62101. 59304.] t2_sim:[62512. 62070. 58819.]
Task is 89.00% complete.
t1_sim:[63339. 63989. 62038.] t2_sim:[60581. 60589. 60631.]
Task is 90.00% complete.
t1_sim:[70103. 70569. 68849.] t2_sim:[63236. 63349. 61372.]
Task is 91.00% complete.
t1_sim:[60128. 60182. 55637.] t2_sim:[59498. 59731. 59207.]
Task is 92.00% complete.
t1_sim:[64066. 63854. 62734.] t2_sim:[60316. 60499. 61223.]
Task is 93.00% complete.
t1_sim:[61477. 61753. 61473.] t2_sim:[66219. 66288. 63565.]
Task is 94.00% complete.
t1_sim:[60787. 60888. 60040.] t2_sim:[63327. 63081. 61464.]
Task is 95.00% complete.
t1_sim:[66098. 65520. 63192.] t2_sim:[60186. 59604. 58821.]
Task is 96.00% complete.
t1_sim:[60772. 60650. 60409.] t2_sim:[62759. 63077. 60288.]
Task is 97.00% complete.
t1_sim:[60255. 59925. 56978.] t2_sim:[60056. 60194. 64241.]
Task is 98.00% complete.
t1_sim:[60444. 60196. 55872.] t2_sim:[61687. 61692. 61096.]
Task is 99.00% complete.
t1_sim:[65920. 66215. 65459.] t2_sim:[59477. 59769. 58679.]
Finished
