/scratch/jz4721/Post-prediction-Causal-Inference/venv/lib/python3.8/site-packages/numpy/core/getlimits.py:518: UserWarning: The value of the smallest subnormal for <class 'numpy.float64'> type is zero.
  setattr(self, word, getattr(machar, word).flat[0])
/scratch/jz4721/Post-prediction-Causal-Inference/venv/lib/python3.8/site-packages/numpy/core/getlimits.py:89: UserWarning: The value of the smallest subnormal for <class 'numpy.float64'> type is zero.
  return self._float_to_str(self.smallest_subnormal)
/scratch/jz4721/Post-prediction-Causal-Inference/venv/lib/python3.8/site-packages/numpy/core/getlimits.py:518: UserWarning: The value of the smallest subnormal for <class 'numpy.float32'> type is zero.
  setattr(self, word, getattr(machar, word).flat[0])
/scratch/jz4721/Post-prediction-Causal-Inference/venv/lib/python3.8/site-packages/numpy/core/getlimits.py:89: UserWarning: The value of the smallest subnormal for <class 'numpy.float32'> type is zero.
  return self._float_to_str(self.smallest_subnormal)
Training start
t1_obs:[array(67409.), array(67338.), array(67061.)] t2_obs:[array(63846.), array(63764.), array(63246.)]
corr_G1:[None, None, 0] corr_G2:[None, None, 0]
Training end
Task is 0.00% complete.
t1_sim:[61524. 61666. 64738.] t2_sim:[63483. 63495. 63452.]
Task is 1.00% complete.
t1_sim:[66655. 66702. 64798.] t2_sim:[66711. 67333. 68422.]
Task is 2.00% complete.
t1_sim:[63489. 63737. 69224.] t2_sim:[66125. 65750. 64787.]
Task is 3.00% complete.
t1_sim:[62188. 62477. 58051.] t2_sim:[59447. 59405. 62605.]
Task is 4.00% complete.
t1_sim:[67655. 67627. 64362.] t2_sim:[66287. 65942. 62553.]
Task is 5.00% complete.
t1_sim:[64758. 64742. 62402.] t2_sim:[66242. 66477. 63545.]
Task is 6.00% complete.
t1_sim:[66607. 65874. 66127.] t2_sim:[62991. 62887. 64720.]
Task is 7.00% complete.
t1_sim:[65307. 65368. 67246.] t2_sim:[57306. 57492. 60906.]
Task is 8.00% complete.
t1_sim:[64526. 64760. 64075.] t2_sim:[62822. 62650. 61374.]
Task is 9.00% complete.
t1_sim:[61986. 61890. 62514.] t2_sim:[65242. 65553. 66957.]
Task is 10.00% complete.
t1_sim:[60670. 60437. 56740.] t2_sim:[63695. 63401. 64597.]
Task is 11.00% complete.
t1_sim:[59834. 60206. 59339.] t2_sim:[66186. 66544. 65395.]
Task is 12.00% complete.
t1_sim:[62121. 62603. 61271.] t2_sim:[63592. 64136. 66607.]
Task is 13.00% complete.
t1_sim:[59551. 59912. 58774.] t2_sim:[58749. 59013. 57715.]
Task is 14.00% complete.
t1_sim:[58062. 58289. 60014.] t2_sim:[67191. 66897. 67505.]
Task is 15.00% complete.
t1_sim:[63607. 63560. 64612.] t2_sim:[58263. 57644. 58153.]
Task is 16.00% complete.
t1_sim:[60241. 60590. 59955.] t2_sim:[59912. 59662. 57887.]
Task is 17.00% complete.
t1_sim:[59005. 58891. 61855.] t2_sim:[60207. 60242. 60254.]
Task is 18.00% complete.
t1_sim:[55315. 54829. 55531.] t2_sim:[63110. 63029. 64390.]
Task is 19.00% complete.
t1_sim:[69119. 69031. 65435.] t2_sim:[59968. 60314. 59072.]
Task is 20.00% complete.
t1_sim:[58612. 58251. 60005.] t2_sim:[58731. 58758. 59183.]
Task is 21.00% complete.
t1_sim:[63584. 63164. 63706.] t2_sim:[62092. 62323. 63515.]
Task is 22.00% complete.
t1_sim:[56270. 55719. 54120.] t2_sim:[60025. 59749. 59890.]
Task is 23.00% complete.
t1_sim:[64112. 63942. 62352.] t2_sim:[62714. 62590. 63545.]
Task is 24.00% complete.
t1_sim:[60221. 60042. 60628.] t2_sim:[61301. 61110. 64329.]
Task is 25.00% complete.
t1_sim:[66319. 66540. 67699.] t2_sim:[63672. 63169. 64898.]
Task is 26.00% complete.
t1_sim:[65022. 65393. 63148.] t2_sim:[65575. 66114. 66068.]
Task is 27.00% complete.
t1_sim:[63552. 63416. 60516.] t2_sim:[62662. 62432. 60639.]
Task is 28.00% complete.
t1_sim:[67498. 67356. 63227.] t2_sim:[60169. 59914. 58321.]
Task is 29.00% complete.
t1_sim:[57523. 57698. 57671.] t2_sim:[60989. 61038. 63593.]
Task is 30.00% complete.
t1_sim:[66240. 66149. 62541.] t2_sim:[61254. 61271. 60258.]
Task is 31.00% complete.
t1_sim:[62731. 62782. 65112.] t2_sim:[61715. 62089. 59038.]
Task is 32.00% complete.
t1_sim:[67450. 67619. 69128.] t2_sim:[63680. 63527. 66443.]
Task is 33.00% complete.
t1_sim:[61743. 62149. 60499.] t2_sim:[61688. 61585. 62538.]
Task is 34.00% complete.
t1_sim:[60650. 60314. 64868.] t2_sim:[61994. 62490. 65677.]
Task is 35.00% complete.
t1_sim:[68111. 68166. 67149.] t2_sim:[59421. 59066. 61645.]
Task is 36.00% complete.
t1_sim:[56926. 57213. 55320.] t2_sim:[61820. 61784. 61581.]
Task is 37.00% complete.
t1_sim:[64559. 64409. 63340.] t2_sim:[64392. 64707. 64287.]
Task is 38.00% complete.
t1_sim:[65645. 65469. 64488.] t2_sim:[64057. 64303. 60970.]
Task is 39.00% complete.
t1_sim:[63257. 63580. 64701.] t2_sim:[62621. 62955. 59457.]
Task is 40.00% complete.
t1_sim:[65324. 65545. 67549.] t2_sim:[66816. 67007. 65721.]
Task is 41.00% complete.
t1_sim:[61124. 61263. 60385.] t2_sim:[64181. 64143. 64328.]
Task is 42.00% complete.
t1_sim:[66419. 66262. 67504.] t2_sim:[61073. 61114. 58410.]
Task is 43.00% complete.
t1_sim:[61788. 61988. 62842.] t2_sim:[59300. 59733. 62419.]
Task is 44.00% complete.
t1_sim:[66358. 66654. 65924.] t2_sim:[63303. 63121. 64295.]
Task is 45.00% complete.
t1_sim:[65840. 65986. 65203.] t2_sim:[59631. 59740. 60765.]
Task is 46.00% complete.
t1_sim:[70234. 70321. 70147.] t2_sim:[64369. 64593. 63180.]
Task is 47.00% complete.
t1_sim:[68152. 68744. 66766.] t2_sim:[55744. 55908. 56235.]
Task is 48.00% complete.
t1_sim:[61902. 61815. 60995.] t2_sim:[66431. 66871. 62735.]
Task is 49.00% complete.
t1_sim:[65454. 65171. 65369.] t2_sim:[68843. 68752. 66589.]
Task is 50.00% complete.
t1_sim:[65212. 65079. 61892.] t2_sim:[66804. 66542. 70572.]
Task is 51.00% complete.
t1_sim:[69071. 69131. 70400.] t2_sim:[63535. 64169. 63983.]
Task is 52.00% complete.
t1_sim:[66227. 65831. 67031.] t2_sim:[61447. 62076. 64326.]
Task is 53.00% complete.
t1_sim:[63342. 62586. 61975.] t2_sim:[56304. 56121. 55864.]
Task is 54.00% complete.
t1_sim:[70927. 71085. 68454.] t2_sim:[65123. 64873. 64282.]
Task is 55.00% complete.
t1_sim:[61719. 61280. 62691.] t2_sim:[61938. 62051. 62238.]
Task is 56.00% complete.
t1_sim:[65733. 65331. 61549.] t2_sim:[66866. 65841. 65080.]
Task is 57.00% complete.
t1_sim:[64158. 63718. 66918.] t2_sim:[63737. 63990. 63776.]
Task is 58.00% complete.
t1_sim:[64276. 63932. 64478.] t2_sim:[60785. 60558. 59164.]
Task is 59.00% complete.
t1_sim:[67117. 66925. 68022.] t2_sim:[57917. 58343. 61199.]
Task is 60.00% complete.
t1_sim:[56948. 57038. 60261.] t2_sim:[61628. 61389. 61252.]
Task is 61.00% complete.
t1_sim:[55022. 55036. 55973.] t2_sim:[68700. 68780. 70319.]
Task is 62.00% complete.
t1_sim:[63186. 63137. 59085.] t2_sim:[65197. 64683. 65650.]
Task is 63.00% complete.
t1_sim:[64128. 64355. 63109.] t2_sim:[62132. 62239. 63984.]
Task is 64.00% complete.
t1_sim:[60906. 60947. 59492.] t2_sim:[64301. 64383. 58042.]
Task is 65.00% complete.
t1_sim:[64408. 63981. 59572.] t2_sim:[68069. 68333. 70794.]
Task is 66.00% complete.
t1_sim:[57023. 56847. 57314.] t2_sim:[58448. 57841. 58727.]
Task is 67.00% complete.
t1_sim:[58077. 58470. 56724.] t2_sim:[66100. 65841. 63452.]
Task is 68.00% complete.
t1_sim:[66273. 66277. 65584.] t2_sim:[63708. 63747. 66040.]
Task is 69.00% complete.
t1_sim:[68566. 69027. 66011.] t2_sim:[63302. 63749. 63340.]
Task is 70.00% complete.
t1_sim:[61213. 61557. 62230.] t2_sim:[61220. 61396. 62442.]
Task is 71.00% complete.
t1_sim:[66970. 66613. 65221.] t2_sim:[62471. 62708. 62841.]
Task is 72.00% complete.
t1_sim:[64603. 64737. 65665.] t2_sim:[61987. 62154. 62833.]
Task is 73.00% complete.
t1_sim:[62085. 61723. 63732.] t2_sim:[68579. 67857. 64369.]
Task is 74.00% complete.
t1_sim:[60172. 60458. 59346.] t2_sim:[60291. 59848. 58168.]
Task is 75.00% complete.
t1_sim:[63567. 63867. 62563.] t2_sim:[68290. 68314. 66954.]
Task is 76.00% complete.
t1_sim:[57704. 57346. 57877.] t2_sim:[59132. 59621. 60399.]
Task is 77.00% complete.
t1_sim:[62988. 63389. 64467.] t2_sim:[63159. 62776. 61638.]
Task is 78.00% complete.
t1_sim:[57525. 57578. 57237.] t2_sim:[66621. 66945. 62825.]
Task is 79.00% complete.
t1_sim:[66338. 65854. 61176.] t2_sim:[59550. 59691. 59723.]
Task is 80.00% complete.
t1_sim:[60635. 60642. 57876.] t2_sim:[66791. 65491. 65327.]
Task is 81.00% complete.
t1_sim:[61850. 61807. 63575.] t2_sim:[63030. 63006. 57874.]
Task is 82.00% complete.
t1_sim:[64524. 64555. 59954.] t2_sim:[65388. 65044. 61738.]
Task is 83.00% complete.
t1_sim:[63418. 63225. 67224.] t2_sim:[62295. 62394. 62647.]
Task is 84.00% complete.
t1_sim:[61331. 61147. 58520.] t2_sim:[63110. 62949. 63755.]
Task is 85.00% complete.
t1_sim:[60369. 60333. 62718.] t2_sim:[59977. 60094. 58467.]
Task is 86.00% complete.
t1_sim:[60238. 60318. 60575.] t2_sim:[71147. 71363. 68467.]
Task is 87.00% complete.
t1_sim:[67746. 67749. 68577.] t2_sim:[61012. 60818. 59382.]
Task is 88.00% complete.
t1_sim:[57100. 57221. 56111.] t2_sim:[69464. 69437. 69940.]
Task is 89.00% complete.
t1_sim:[62120. 62107. 62664.] t2_sim:[61285. 61188. 61546.]
Task is 90.00% complete.
t1_sim:[64103. 64018. 63622.] t2_sim:[62033. 62602. 61124.]
Task is 91.00% complete.
t1_sim:[58976. 59182. 58525.] t2_sim:[65310. 65385. 63591.]
Task is 92.00% complete.
t1_sim:[64015. 63763. 61795.] t2_sim:[58868. 58706. 63467.]
Task is 93.00% complete.
t1_sim:[59604. 59679. 59819.] t2_sim:[63176. 63680. 64457.]
Task is 94.00% complete.
t1_sim:[66478. 66411. 67309.] t2_sim:[59136. 59042. 55910.]
Task is 95.00% complete.
t1_sim:[67248. 67731. 67457.] t2_sim:[64658. 64674. 62802.]
Task is 96.00% complete.
t1_sim:[61622. 61980. 64542.] t2_sim:[61079. 60966. 64977.]
Task is 97.00% complete.
t1_sim:[64907. 65092. 70703.] t2_sim:[69948. 70204. 70538.]
Task is 98.00% complete.
t1_sim:[64059. 63777. 64730.] t2_sim:[61858. 62095. 63256.]
Task is 99.00% complete.
t1_sim:[66629. 66644. 65411.] t2_sim:[62748. 62116. 57415.]
Training start
t1_obs:[array(67409.), array(67338.), array(66467.)] t2_obs:[array(63846.), array(63764.), array(62851.)]
corr_G1:[None, None, 0.9564455917201544] corr_G2:[None, None, 0.9878475695207942]
Training end
Task is 0.00% complete.
t1_sim:[63692. 64342. 62927.] t2_sim:[66129. 65449. 66044.]
Task is 1.00% complete.
t1_sim:[66107. 66005. 67490.] t2_sim:[59640. 59062. 57973.]
Task is 2.00% complete.
t1_sim:[60254. 59894. 59268.] t2_sim:[57917. 57528. 57435.]
Task is 3.00% complete.
t1_sim:[66239. 66556. 66628.] t2_sim:[67257. 67372. 70170.]
Task is 4.00% complete.
t1_sim:[65628. 65523. 64943.] t2_sim:[58551. 59018. 60239.]
Task is 5.00% complete.
t1_sim:[61145. 60907. 61313.] t2_sim:[59199. 59914. 59379.]
Task is 6.00% complete.
t1_sim:[62084. 62230. 61376.] t2_sim:[65310. 65609. 65981.]
Task is 7.00% complete.
t1_sim:[61273. 60863. 62359.] t2_sim:[63944. 63983. 64180.]
Task is 8.00% complete.
t1_sim:[59171. 59058. 60119.] t2_sim:[58059. 58122. 59247.]
Task is 9.00% complete.
t1_sim:[59936. 60251. 59328.] t2_sim:[65745. 66042. 66339.]
Task is 10.00% complete.
t1_sim:[60117. 59731. 62115.] t2_sim:[59549. 59573. 59875.]
Task is 11.00% complete.
t1_sim:[60379. 59935. 59912.] t2_sim:[63635. 63371. 66214.]
Task is 12.00% complete.
t1_sim:[65684. 65300. 66959.] t2_sim:[56364. 56751. 57103.]
Task is 13.00% complete.
t1_sim:[61417. 61389. 62305.] t2_sim:[62403. 62531. 60943.]
Task is 14.00% complete.
t1_sim:[62873. 62443. 61895.] t2_sim:[61221. 60646. 60609.]
Task is 15.00% complete.
t1_sim:[63479. 63870. 63486.] t2_sim:[60171. 60407. 59162.]
Task is 16.00% complete.
t1_sim:[70140. 70581. 70043.] t2_sim:[58678. 58432. 58351.]
Task is 17.00% complete.
t1_sim:[68813. 68913. 69102.] t2_sim:[65651. 65170. 65130.]
Task is 18.00% complete.
t1_sim:[64778. 64828. 64377.] t2_sim:[66938. 66808. 64987.]
Task is 19.00% complete.
t1_sim:[60532. 60604. 60574.] t2_sim:[60907. 60600. 62997.]
Task is 20.00% complete.
t1_sim:[62717. 62468. 61394.] t2_sim:[63968. 64116. 65949.]
Task is 21.00% complete.
t1_sim:[67894. 67660. 66792.] t2_sim:[62169. 62187. 63789.]
Task is 22.00% complete.
t1_sim:[58625. 59265. 58004.] t2_sim:[59262. 59059. 59878.]
Task is 23.00% complete.
t1_sim:[58889. 58641. 59188.] t2_sim:[61289. 61229. 61170.]
Task is 24.00% complete.
t1_sim:[62907. 62659. 66480.] t2_sim:[63262. 63373. 62923.]
Task is 25.00% complete.
t1_sim:[59850. 59427. 58927.] t2_sim:[58278. 58090. 60007.]
Task is 26.00% complete.
t1_sim:[59251. 59013. 58503.] t2_sim:[62268. 61893. 63277.]
Task is 27.00% complete.
t1_sim:[62376. 62820. 59855.] t2_sim:[59341. 59057. 59934.]
Task is 28.00% complete.
t1_sim:[68731. 69085. 68658.] t2_sim:[62898. 62944. 64146.]
Task is 29.00% complete.
t1_sim:[61422. 60709. 61000.] t2_sim:[62749. 62241. 60734.]
Task is 30.00% complete.
t1_sim:[66949. 66982. 67577.] t2_sim:[63322. 62669. 61660.]
Task is 31.00% complete.
t1_sim:[58794. 58864. 59612.] t2_sim:[58337. 57936. 59305.]
Task is 32.00% complete.
t1_sim:[63966. 64250. 66098.] t2_sim:[63902. 64322. 64583.]
Task is 33.00% complete.
t1_sim:[64903. 65026. 66796.] t2_sim:[69377. 69403. 68849.]
Task is 34.00% complete.
t1_sim:[62323. 62345. 63489.] t2_sim:[60804. 60988. 62408.]
Task is 35.00% complete.
t1_sim:[64244. 63612. 63856.] t2_sim:[60924. 61039. 60322.]
Task is 36.00% complete.
t1_sim:[63232. 63051. 60122.] t2_sim:[64861. 64384. 63471.]
Task is 37.00% complete.
t1_sim:[64891. 64972. 65322.] t2_sim:[58713. 58665. 58506.]
Task is 38.00% complete.
t1_sim:[61157. 60398. 60701.] t2_sim:[60352. 59767. 59153.]
Task is 39.00% complete.
t1_sim:[67474. 68029. 67668.] t2_sim:[64024. 64330. 63740.]
Task is 40.00% complete.
t1_sim:[62475. 62865. 64267.] t2_sim:[59056. 59355. 59309.]
Task is 41.00% complete.
t1_sim:[61255. 61503. 62687.] t2_sim:[66075. 65743. 65335.]
Task is 42.00% complete.
t1_sim:[61787. 61844. 64397.] t2_sim:[62806. 63254. 63421.]
Task is 43.00% complete.
t1_sim:[62531. 62044. 61703.] t2_sim:[69376. 70197. 70748.]
Task is 44.00% complete.
t1_sim:[62136. 61982. 58611.] t2_sim:[65301. 65595. 65438.]
Task is 45.00% complete.
t1_sim:[59478. 59425. 57596.] t2_sim:[57049. 56938. 56316.]
Task is 46.00% complete.
t1_sim:[63349. 63659. 62859.] t2_sim:[63981. 63790. 62428.]
Task is 47.00% complete.
t1_sim:[61026. 60854. 60113.] t2_sim:[65652. 65089. 65826.]
Task is 48.00% complete.
t1_sim:[61806. 62228. 62447.] t2_sim:[61516. 61975. 61723.]
Task is 49.00% complete.
t1_sim:[64086. 64050. 65490.] t2_sim:[60233. 60144. 59800.]
Task is 50.00% complete.
t1_sim:[64204. 64124. 64266.] t2_sim:[66473. 66352. 68430.]
Task is 51.00% complete.
t1_sim:[68976. 68990. 66626.] t2_sim:[60494. 60156. 59463.]
Task is 52.00% complete.
t1_sim:[64318. 63819. 61277.] t2_sim:[58251. 58948. 61354.]
Task is 53.00% complete.
t1_sim:[57372. 56934. 59503.] t2_sim:[62552. 62478. 61552.]
Task is 54.00% complete.
t1_sim:[63831. 64542. 65326.] t2_sim:[58521. 59167. 59319.]
Task is 55.00% complete.
t1_sim:[63340. 63552. 62551.] t2_sim:[59576. 60127. 61253.]
Task is 56.00% complete.
t1_sim:[61353. 60745. 59873.] t2_sim:[65458. 65543. 64834.]
Task is 57.00% complete.
t1_sim:[67140. 67121. 66245.] t2_sim:[62750. 62657. 63529.]
Task is 58.00% complete.
t1_sim:[62398. 62508. 61130.] t2_sim:[66961. 67245. 64793.]
Task is 59.00% complete.
t1_sim:[60026. 59815. 61941.] t2_sim:[63162. 63083. 63770.]
Task is 60.00% complete.
t1_sim:[59607. 59555. 59117.] t2_sim:[67528. 67506. 67142.]
Task is 61.00% complete.
t1_sim:[61428. 61462. 59950.] t2_sim:[58787. 58909. 58424.]
Task is 62.00% complete.
t1_sim:[66382. 66133. 65504.] t2_sim:[66547. 66002. 63328.]
Task is 63.00% complete.
t1_sim:[69631. 69833. 69385.] t2_sim:[65406. 65178. 63169.]
Task is 64.00% complete.
t1_sim:[62542. 62745. 61418.] t2_sim:[65746. 65635. 66719.]
Task is 65.00% complete.
t1_sim:[56067. 56327. 56570.] t2_sim:[66392. 66552. 64927.]
Task is 66.00% complete.
t1_sim:[56428. 56507. 55794.] t2_sim:[63641. 63486. 62548.]
Task is 67.00% complete.
t1_sim:[62504. 62511. 64042.] t2_sim:[65195. 65169. 65086.]
Task is 68.00% complete.
t1_sim:[68217. 67734. 67631.] t2_sim:[61811. 61689. 63900.]
Task is 69.00% complete.
t1_sim:[54317. 54207. 55595.] t2_sim:[63687. 64165. 61493.]
Task is 70.00% complete.
t1_sim:[61555. 61240. 60465.] t2_sim:[64224. 64492. 65435.]
Task is 71.00% complete.
t1_sim:[56017. 55968. 56068.] t2_sim:[66752. 66848. 69584.]
Task is 72.00% complete.
t1_sim:[61264. 60783. 61027.] t2_sim:[63238. 62847. 64300.]
Task is 73.00% complete.
t1_sim:[56865. 56986. 56549.] t2_sim:[62039. 61644. 62864.]
Task is 74.00% complete.
t1_sim:[69069. 68912. 70546.] t2_sim:[59341. 59310. 60473.]
Task is 75.00% complete.
t1_sim:[61547. 61310. 61812.] t2_sim:[65768. 65717. 67213.]
Task is 76.00% complete.
t1_sim:[61501. 61521. 66053.] t2_sim:[65759. 65453. 66312.]
Task is 77.00% complete.
t1_sim:[60087. 60542. 61302.] t2_sim:[60040. 60104. 60664.]
Task is 78.00% complete.
t1_sim:[57712. 57781. 59512.] t2_sim:[70733. 70256. 74285.]
Task is 79.00% complete.
t1_sim:[61525. 61842. 60800.] t2_sim:[61576. 61364. 62870.]
Task is 80.00% complete.
t1_sim:[61753. 62385. 61857.] t2_sim:[63579. 64041. 64484.]
Task is 81.00% complete.
t1_sim:[64309. 64428. 64788.] t2_sim:[58830. 58552. 60921.]
Task is 82.00% complete.
t1_sim:[67337. 68069. 68203.] t2_sim:[62642. 62267. 62212.]
Task is 83.00% complete.
t1_sim:[63566. 63575. 65325.] t2_sim:[60174. 59994. 59606.]
Task is 84.00% complete.
t1_sim:[56767. 56970. 56510.] t2_sim:[63698. 63746. 63752.]
Task is 85.00% complete.
t1_sim:[62880. 63062. 61294.] t2_sim:[61560. 60938. 62498.]
Task is 86.00% complete.
t1_sim:[59772. 60107. 61112.] t2_sim:[64920. 64977. 66052.]
Task is 87.00% complete.
t1_sim:[56599. 56788. 58582.] t2_sim:[60160. 60128. 62293.]
Task is 88.00% complete.
t1_sim:[62335. 62117. 62505.] t2_sim:[58972. 59439. 60446.]
Task is 89.00% complete.
t1_sim:[62106. 61988. 60739.] t2_sim:[61285. 61209. 60739.]
Task is 90.00% complete.
t1_sim:[61882. 61929. 63438.] t2_sim:[54089. 54388. 56070.]
Task is 91.00% complete.
t1_sim:[61641. 62135. 62147.] t2_sim:[60303. 60134. 61797.]
Task is 92.00% complete.
t1_sim:[63850. 63486. 63684.] t2_sim:[56413. 56350. 57157.]
Task is 93.00% complete.
t1_sim:[62590. 63057. 61621.] t2_sim:[63207. 63032. 64598.]
Task is 94.00% complete.
t1_sim:[58926. 58575. 60831.] t2_sim:[61154. 61068. 61611.]
Task is 95.00% complete.
t1_sim:[61887. 62154. 60706.] t2_sim:[66607. 66033. 64720.]
Task is 96.00% complete.
t1_sim:[63420. 63486. 63917.] t2_sim:[60840. 60734. 60140.]
Task is 97.00% complete.
t1_sim:[65414. 65429. 66481.] t2_sim:[64784. 64986. 64462.]
Task is 98.00% complete.
t1_sim:[64452. 64324. 64765.] t2_sim:[59316. 59439. 59821.]
Task is 99.00% complete.
t1_sim:[65272. 65684. 63461.] t2_sim:[65875. 65250. 64269.]
Training start
t1_obs:[array(67409.), array(67338.), array(66500.)] t2_obs:[array(63846.), array(63764.), array(62875.)]
corr_G1:[None, None, 0.026420320400707173] corr_G2:[None, None, 0.06639587207679923]
Training end
Task is 0.00% complete.
t1_sim:[62883. 63076. 63337.] t2_sim:[60487. 60703. 58613.]
Task is 1.00% complete.
t1_sim:[59106. 58721. 60898.] t2_sim:[62246. 62921. 62730.]
Task is 2.00% complete.
t1_sim:[66750. 66704. 66545.] t2_sim:[58280. 58797. 58866.]
Task is 3.00% complete.
t1_sim:[66106. 66315. 67899.] t2_sim:[66239. 66786. 67716.]
Task is 4.00% complete.
t1_sim:[58659. 58400. 59094.] t2_sim:[64548. 64279. 64837.]
Task is 5.00% complete.
t1_sim:[58947. 59331. 58329.] t2_sim:[64604. 63969. 63975.]
Task is 6.00% complete.
t1_sim:[67138. 67681. 65895.] t2_sim:[64567. 64723. 62656.]
Task is 7.00% complete.
t1_sim:[64981. 65332. 63161.] t2_sim:[63942. 63560. 64401.]
Task is 8.00% complete.
t1_sim:[59573. 59038. 60098.] t2_sim:[57680. 57907. 57407.]
Task is 9.00% complete.
t1_sim:[57589. 57923. 58727.] t2_sim:[67404. 67135. 66586.]
Task is 10.00% complete.
t1_sim:[61059. 61016. 60400.] t2_sim:[60800. 60822. 61013.]
Task is 11.00% complete.
t1_sim:[65134. 65293. 65737.] t2_sim:[58683. 58365. 60734.]
Task is 12.00% complete.
t1_sim:[59757. 60000. 59317.] t2_sim:[59399. 59579. 58541.]
Task is 13.00% complete.
t1_sim:[59580. 59302. 57716.] t2_sim:[60042. 60605. 60496.]
Task is 14.00% complete.
t1_sim:[64482. 63921. 64086.] t2_sim:[61627. 62001. 60838.]
Task is 15.00% complete.
t1_sim:[59834. 59971. 60054.] t2_sim:[65982. 66351. 66332.]
Task is 16.00% complete.
t1_sim:[65244. 65064. 64961.] t2_sim:[60487. 61102. 61419.]
Task is 17.00% complete.
t1_sim:[63279. 63091. 61580.] t2_sim:[62075. 62473. 63241.]
Task is 18.00% complete.
t1_sim:[67228. 66935. 65989.] t2_sim:[58674. 58754. 61890.]
Task is 19.00% complete.
t1_sim:[61225. 61068. 61247.] t2_sim:[63097. 63175. 62081.]
Task is 20.00% complete.
t1_sim:[64970. 64821. 63694.] t2_sim:[63340. 62986. 65130.]
Task is 21.00% complete.
t1_sim:[63292. 63198. 64229.] t2_sim:[57267. 57684. 58641.]
Task is 22.00% complete.
t1_sim:[63452. 63233. 62495.] t2_sim:[55539. 55586. 54852.]
Task is 23.00% complete.
t1_sim:[62936. 62678. 63334.] t2_sim:[66364. 65711. 64729.]
Task is 24.00% complete.
t1_sim:[58530. 58689. 58687.] t2_sim:[57152. 57710. 58373.]
Task is 25.00% complete.
t1_sim:[63943. 64201. 64927.] t2_sim:[61546. 61491. 60993.]
Task is 26.00% complete.
t1_sim:[63508. 63316. 62282.] t2_sim:[62698. 62857. 64242.]
Task is 27.00% complete.
t1_sim:[62682. 62398. 62408.] t2_sim:[60921. 60704. 63634.]
Task is 28.00% complete.
t1_sim:[61286. 61122. 62985.] t2_sim:[58867. 59690. 62581.]
Task is 29.00% complete.
t1_sim:[63361. 63444. 61702.] t2_sim:[66143. 65627. 66178.]
Task is 30.00% complete.
t1_sim:[61078. 60875. 63021.] t2_sim:[67136. 67335. 68222.]
Task is 31.00% complete.
t1_sim:[61801. 62019. 61825.] t2_sim:[60808. 60752. 61888.]
Task is 32.00% complete.
t1_sim:[61976. 61656. 60509.] t2_sim:[58512. 57797. 57616.]
Task is 33.00% complete.
t1_sim:[62328. 61875. 61577.] t2_sim:[57624. 57514. 58481.]
Task is 34.00% complete.
t1_sim:[58926. 58686. 60151.] t2_sim:[65893. 65734. 66102.]
Task is 35.00% complete.
t1_sim:[62940. 62573. 66272.] t2_sim:[65352. 65477. 64377.]
Task is 36.00% complete.
t1_sim:[67664. 67870. 66991.] t2_sim:[58382. 58831. 59601.]
Task is 37.00% complete.
t1_sim:[64077. 63528. 62347.] t2_sim:[67643. 68349. 68754.]
Task is 38.00% complete.
t1_sim:[66320. 66024. 63643.] t2_sim:[62418. 62513. 64188.]
Task is 39.00% complete.
t1_sim:[64354. 64808. 64711.] t2_sim:[62227. 61861. 63263.]
Task is 40.00% complete.
t1_sim:[69801. 69693. 67605.] t2_sim:[57131. 57382. 58441.]
Task is 41.00% complete.
t1_sim:[60031. 60187. 60277.] t2_sim:[66534. 66474. 62360.]
Task is 42.00% complete.
t1_sim:[69540. 69068. 66651.] t2_sim:[62084. 61736. 61933.]
Task is 43.00% complete.
t1_sim:[60270. 60334. 57705.] t2_sim:[61736. 61206. 58807.]
Task is 44.00% complete.
t1_sim:[64999. 64834. 61701.] t2_sim:[66153. 65833. 65885.]
Task is 45.00% complete.
t1_sim:[63165. 62911. 64272.] t2_sim:[62364. 62231. 61223.]
Task is 46.00% complete.
t1_sim:[67434. 67026. 67837.] t2_sim:[60422. 60799. 60381.]
Task is 47.00% complete.
t1_sim:[61096. 61122. 61582.] t2_sim:[65971. 65433. 64435.]
Task is 48.00% complete.
t1_sim:[63084. 63376. 65992.] t2_sim:[60716. 61007. 62774.]
Task is 49.00% complete.
t1_sim:[64085. 63827. 62700.] t2_sim:[65781. 65521. 65539.]
Task is 50.00% complete.
t1_sim:[60504. 60234. 61783.] t2_sim:[60672. 60769. 62656.]
Task is 51.00% complete.
t1_sim:[62811. 63170. 60645.] t2_sim:[57904. 57931. 57366.]
Task is 52.00% complete.
t1_sim:[60682. 60396. 61460.] t2_sim:[62143. 62206. 64246.]
Task is 53.00% complete.
t1_sim:[64308. 64470. 62236.] t2_sim:[56410. 56225. 58951.]
Task is 54.00% complete.
t1_sim:[63345. 62927. 64751.] t2_sim:[56977. 57042. 57168.]
Task is 55.00% complete.
t1_sim:[62974. 62843. 61551.] t2_sim:[60828. 61111. 62468.]
Task is 56.00% complete.
t1_sim:[62339. 62333. 65119.] t2_sim:[56590. 56605. 56992.]
Task is 57.00% complete.
t1_sim:[61762. 61431. 59168.] t2_sim:[65994. 66093. 64281.]
Task is 58.00% complete.
t1_sim:[59237. 59193. 60088.] t2_sim:[59599. 59928. 61542.]
Task is 59.00% complete.
t1_sim:[63292. 63318. 62682.] t2_sim:[59909. 60136. 61604.]
Task is 60.00% complete.
t1_sim:[65915. 66041. 68608.] t2_sim:[67786. 67806. 67398.]
Task is 61.00% complete.
t1_sim:[60145. 60350. 59494.] t2_sim:[64934. 65031. 63536.]
Task is 62.00% complete.
t1_sim:[64532. 64504. 64008.] t2_sim:[57509. 57645. 56813.]
Task is 63.00% complete.
t1_sim:[60535. 60183. 60380.] t2_sim:[60580. 60141. 60721.]
Task is 64.00% complete.
t1_sim:[61452. 61480. 63423.] t2_sim:[65112. 64955. 62361.]
Task is 65.00% complete.
t1_sim:[63807. 63410. 61585.] t2_sim:[60226. 60147. 59030.]
Task is 66.00% complete.
t1_sim:[63371. 63593. 63382.] t2_sim:[64067. 64048. 64622.]
Task is 67.00% complete.
t1_sim:[61615. 61727. 63779.] t2_sim:[55815. 55745. 53200.]
Task is 68.00% complete.
t1_sim:[68385. 68662. 66556.] t2_sim:[62499. 62678. 64102.]
Task is 69.00% complete.
t1_sim:[65190. 64792. 63599.] t2_sim:[63723. 63643. 63280.]
Task is 70.00% complete.
t1_sim:[63746. 63856. 63422.] t2_sim:[58654. 58879. 59201.]
Task is 71.00% complete.
t1_sim:[59720. 59614. 63908.] t2_sim:[62841. 63157. 63099.]
Task is 72.00% complete.
t1_sim:[70447. 69733. 66654.] t2_sim:[65917. 65433. 65855.]
Task is 73.00% complete.
t1_sim:[65635. 65200. 66160.] t2_sim:[69779. 69954. 70016.]
Task is 74.00% complete.
t1_sim:[61456. 61479. 61412.] t2_sim:[58758. 58495. 57593.]
Task is 75.00% complete.
t1_sim:[65498. 65371. 63738.] t2_sim:[62324. 62151. 62245.]
Task is 76.00% complete.
t1_sim:[62872. 63184. 60618.] t2_sim:[58596. 58899. 58916.]
Task is 77.00% complete.
t1_sim:[61569. 61219. 58006.] t2_sim:[64274. 64275. 62154.]
Task is 78.00% complete.
t1_sim:[66463. 66031. 63541.] t2_sim:[54408. 54037. 54739.]
Task is 79.00% complete.
t1_sim:[65051. 64890. 65769.] t2_sim:[61653. 61663. 59190.]
Task is 80.00% complete.
t1_sim:[63666. 63869. 61756.] t2_sim:[62715. 62468. 62296.]
Task is 81.00% complete.
t1_sim:[64959. 64715. 63618.] t2_sim:[59623. 59506. 60138.]
Task is 82.00% complete.
t1_sim:[63070. 63182. 63336.] t2_sim:[69435. 69826. 70108.]
Task is 83.00% complete.
t1_sim:[65601. 65584. 65402.] t2_sim:[61890. 61679. 60047.]
Task is 84.00% complete.
t1_sim:[65048. 64852. 61975.] t2_sim:[59754. 60082. 61500.]
Task is 85.00% complete.
t1_sim:[62657. 62588. 62845.] t2_sim:[61592. 61796. 61755.]
Task is 86.00% complete.
t1_sim:[60858. 61379. 62671.] t2_sim:[63364. 63877. 63328.]
Task is 87.00% complete.
t1_sim:[65444. 65680. 64829.] t2_sim:[62654. 62114. 60290.]
Task is 88.00% complete.
t1_sim:[64848. 64825. 65005.] t2_sim:[62129. 62315. 60613.]
Task is 89.00% complete.
t1_sim:[57590. 57780. 57704.] t2_sim:[61353. 61605. 61803.]
Task is 90.00% complete.
t1_sim:[62457. 62441. 62634.] t2_sim:[61059. 61139. 59651.]
Task is 91.00% complete.
t1_sim:[65105. 64801. 63170.] t2_sim:[60484. 60472. 61437.]
Task is 92.00% complete.
t1_sim:[65523. 65604. 65877.] t2_sim:[57175. 57503. 57837.]
Task is 93.00% complete.
t1_sim:[60607. 60483. 58453.] t2_sim:[58514. 58420. 57701.]
Task is 94.00% complete.
t1_sim:[66184. 66353. 65180.] t2_sim:[65034. 65041. 66625.]
Task is 95.00% complete.
t1_sim:[55005. 54995. 55920.] t2_sim:[60822. 61148. 62832.]
Task is 96.00% complete.
t1_sim:[65336. 65139. 64841.] t2_sim:[63353. 62943. 62571.]
Task is 97.00% complete.
t1_sim:[61754. 61378. 58946.] t2_sim:[67301. 67088. 66993.]
Task is 98.00% complete.
t1_sim:[64335. 64228. 63912.] t2_sim:[60998. 60876. 61165.]
Task is 99.00% complete.
t1_sim:[60735. 60503. 61538.] t2_sim:[62599. 62206. 63663.]
Finished
