/scratch/jz4721/Post-prediction-Causal-Inference/venv/lib/python3.8/site-packages/numpy/core/getlimits.py:518: UserWarning: The value of the smallest subnormal for <class 'numpy.float64'> type is zero.
  setattr(self, word, getattr(machar, word).flat[0])
/scratch/jz4721/Post-prediction-Causal-Inference/venv/lib/python3.8/site-packages/numpy/core/getlimits.py:89: UserWarning: The value of the smallest subnormal for <class 'numpy.float64'> type is zero.
  return self._float_to_str(self.smallest_subnormal)
/scratch/jz4721/Post-prediction-Causal-Inference/venv/lib/python3.8/site-packages/numpy/core/getlimits.py:518: UserWarning: The value of the smallest subnormal for <class 'numpy.float32'> type is zero.
  setattr(self, word, getattr(machar, word).flat[0])
/scratch/jz4721/Post-prediction-Causal-Inference/venv/lib/python3.8/site-packages/numpy/core/getlimits.py:89: UserWarning: The value of the smallest subnormal for <class 'numpy.float32'> type is zero.
  return self._float_to_str(self.smallest_subnormal)
Training start
t1_obs:[array(67266.), array(67691.), array(67253.)] t2_obs:[array(62047.), array(62497.), array(59732.)]
corr_G1:[None, None, 1.149543315777244e-18] corr_G2:[None, None, 0]
Training end
Task is 0.00% complete.
t1_sim:[66710. 66365. 65468.] t2_sim:[62922. 62335. 64347.]
Task is 1.00% complete.
t1_sim:[56798. 56762. 58483.] t2_sim:[66961. 66616. 68864.]
Task is 2.00% complete.
t1_sim:[60848. 60415. 60911.] t2_sim:[63967. 63922. 67013.]
Task is 3.00% complete.
t1_sim:[56840. 56376. 57678.] t2_sim:[64660. 64817. 65170.]
Task is 4.00% complete.
t1_sim:[57975. 57460. 58357.] t2_sim:[61720. 61203. 59445.]
Task is 5.00% complete.
t1_sim:[63215. 63926. 64660.] t2_sim:[59694. 59341. 60598.]
Task is 6.00% complete.
t1_sim:[66226. 66341. 66797.] t2_sim:[62322. 61770. 61185.]
Task is 7.00% complete.
t1_sim:[66072. 66211. 65856.] t2_sim:[58621. 58374. 60740.]
Task is 8.00% complete.
t1_sim:[68477. 68579. 68183.] t2_sim:[60945. 61019. 59813.]
Task is 9.00% complete.
t1_sim:[59927. 60292. 61251.] t2_sim:[56982. 57622. 59969.]
Task is 10.00% complete.
t1_sim:[63263. 63229. 63969.] t2_sim:[68405. 68310. 65365.]
Task is 11.00% complete.
t1_sim:[63955. 64588. 61988.] t2_sim:[62659. 62504. 61729.]
Task is 12.00% complete.
t1_sim:[67999. 67968. 62733.] t2_sim:[59536. 59699. 59137.]
Task is 13.00% complete.
t1_sim:[61498. 62221. 62296.] t2_sim:[65712. 65609. 62624.]
Task is 14.00% complete.
t1_sim:[64904. 65513. 65456.] t2_sim:[60094. 60772. 58835.]
Task is 15.00% complete.
t1_sim:[53377. 53220. 56691.] t2_sim:[67933. 67649. 67471.]
Task is 16.00% complete.
t1_sim:[70201. 69943. 66167.] t2_sim:[63972. 63646. 57521.]
Task is 17.00% complete.
t1_sim:[62696. 62783. 64876.] t2_sim:[63788. 63595. 61844.]
Task is 18.00% complete.
t1_sim:[64161. 64420. 65452.] t2_sim:[64448. 64204. 67049.]
Task is 19.00% complete.
t1_sim:[63290. 63608. 69237.] t2_sim:[60852. 60594. 61032.]
Task is 20.00% complete.
t1_sim:[61598. 61324. 61506.] t2_sim:[66885. 66916. 67848.]
Task is 21.00% complete.
t1_sim:[66940. 67259. 66820.] t2_sim:[62088. 61755. 63788.]
Task is 22.00% complete.
t1_sim:[62834. 62996. 63521.] t2_sim:[60185. 60282. 59517.]
Task is 23.00% complete.
t1_sim:[57821. 57778. 61259.] t2_sim:[57946. 57942. 60489.]
Task is 24.00% complete.
t1_sim:[65025. 66095. 66607.] t2_sim:[63547. 63586. 62401.]
Task is 25.00% complete.
t1_sim:[59935. 60199. 61960.] t2_sim:[63968. 64685. 65781.]
Task is 26.00% complete.
t1_sim:[67934. 68041. 66290.] t2_sim:[67255. 67460. 67698.]
Task is 27.00% complete.
t1_sim:[54878. 55195. 57289.] t2_sim:[63906. 64116. 63173.]
Task is 28.00% complete.
t1_sim:[66544. 66477. 63648.] t2_sim:[62891. 63234. 59647.]
Task is 29.00% complete.
t1_sim:[63639. 63429. 59555.] t2_sim:[61265. 60615. 57084.]
Task is 30.00% complete.
t1_sim:[57918. 57488. 57766.] t2_sim:[63469. 63491. 61970.]
Task is 31.00% complete.
t1_sim:[71801. 71834. 73024.] t2_sim:[61884. 62096. 61783.]
Task is 32.00% complete.
t1_sim:[67528. 67903. 65014.] t2_sim:[58690. 58687. 61395.]
Task is 33.00% complete.
t1_sim:[65395. 65026. 66828.] t2_sim:[66829. 66498. 64563.]
Task is 34.00% complete.
t1_sim:[61682. 61674. 62460.] t2_sim:[66971. 67047. 60990.]
Task is 35.00% complete.
t1_sim:[65847. 65617. 67023.] t2_sim:[63638. 63433. 62229.]
Task is 36.00% complete.
t1_sim:[59531. 59626. 60689.] t2_sim:[57440. 57637. 61004.]
Task is 37.00% complete.
t1_sim:[63221. 62944. 65061.] t2_sim:[66585. 66829. 66752.]
Task is 38.00% complete.
t1_sim:[63784. 64071. 64164.] t2_sim:[64963. 64613. 63047.]
Task is 39.00% complete.
t1_sim:[62754. 62849. 58207.] t2_sim:[61018. 61284. 62472.]
Task is 40.00% complete.
t1_sim:[60928. 60777. 60455.] t2_sim:[63249. 62853. 67705.]
Task is 41.00% complete.
t1_sim:[57661. 57110. 56429.] t2_sim:[64734. 64525. 67645.]
Task is 42.00% complete.
t1_sim:[60073. 59758. 58502.] t2_sim:[63457. 63621. 62829.]
Task is 43.00% complete.
t1_sim:[61585. 60938. 62308.] t2_sim:[61411. 61111. 59117.]
Task is 44.00% complete.
t1_sim:[59583. 60187. 58586.] t2_sim:[65492. 65268. 62542.]
Task is 45.00% complete.
t1_sim:[66863. 66650. 68184.] t2_sim:[63701. 64067. 67735.]
Task is 46.00% complete.
t1_sim:[64017. 64271. 66509.] t2_sim:[57593. 57199. 60820.]
Task is 47.00% complete.
t1_sim:[61509. 60982. 60622.] t2_sim:[65399. 65478. 65269.]
Task is 48.00% complete.
t1_sim:[54941. 54927. 57924.] t2_sim:[63531. 63448. 63018.]
Task is 49.00% complete.
t1_sim:[70935. 71319. 68421.] t2_sim:[63648. 63491. 64138.]
Task is 50.00% complete.
t1_sim:[62544. 62577. 61140.] t2_sim:[68301. 67749. 66780.]
Task is 51.00% complete.
t1_sim:[59974. 59382. 61301.] t2_sim:[62010. 61965. 62098.]
Task is 52.00% complete.
t1_sim:[63567. 63872. 65406.] t2_sim:[65227. 65174. 64665.]
Task is 53.00% complete.
t1_sim:[63623. 62793. 58469.] t2_sim:[59863. 59854. 59079.]
Task is 54.00% complete.
t1_sim:[57134. 57482. 56304.] t2_sim:[64460. 64330. 63292.]
Task is 55.00% complete.
t1_sim:[65858. 65903. 65518.] t2_sim:[68054. 68096. 68968.]
Task is 56.00% complete.
t1_sim:[55234. 54920. 57724.] t2_sim:[67902. 67721. 68980.]
Task is 57.00% complete.
t1_sim:[66447. 66595. 67122.] t2_sim:[61800. 62487. 58819.]
Task is 58.00% complete.
t1_sim:[61997. 61990. 64132.] t2_sim:[65326. 65341. 64735.]
Task is 59.00% complete.
t1_sim:[53097. 53325. 56824.] t2_sim:[67687. 67937. 64325.]
Task is 60.00% complete.
t1_sim:[60701. 60221. 65082.] t2_sim:[63754. 64001. 63780.]
Task is 61.00% complete.
t1_sim:[61976. 62192. 66911.] t2_sim:[59273. 59495. 60776.]
Task is 62.00% complete.
t1_sim:[57578. 57940. 61897.] t2_sim:[62815. 63100. 62615.]
Task is 63.00% complete.
t1_sim:[57674. 57772. 57741.] t2_sim:[59206. 58945. 62540.]
Task is 64.00% complete.
t1_sim:[60596. 60810. 65038.] t2_sim:[62130. 62086. 67014.]
Task is 65.00% complete.
t1_sim:[62297. 62000. 62232.] t2_sim:[64519. 63942. 63687.]
Task is 66.00% complete.
t1_sim:[66471. 66176. 67494.] t2_sim:[62930. 62659. 60920.]
Task is 67.00% complete.
t1_sim:[67873. 67784. 64314.] t2_sim:[62220. 62162. 64042.]
Task is 68.00% complete.
t1_sim:[62791. 62181. 68803.] t2_sim:[60257. 59733. 59500.]
Task is 69.00% complete.
t1_sim:[63778. 63390. 62310.] t2_sim:[63173. 63080. 61447.]
Task is 70.00% complete.
t1_sim:[59448. 58939. 58701.] t2_sim:[59605. 59280. 57380.]
Task is 71.00% complete.
t1_sim:[61929. 61886. 60564.] t2_sim:[67579. 67683. 65960.]
Task is 72.00% complete.
t1_sim:[63347. 62859. 63920.] t2_sim:[66537. 66672. 64622.]
Task is 73.00% complete.
t1_sim:[61544. 61463. 62013.] t2_sim:[62208. 62338. 60131.]
Task is 74.00% complete.
t1_sim:[67220. 67408. 69003.] t2_sim:[61237. 60801. 60911.]
Task is 75.00% complete.
t1_sim:[59200. 58861. 59992.] t2_sim:[58076. 58683. 58501.]
Task is 76.00% complete.
t1_sim:[58885. 59175. 61238.] t2_sim:[58546. 58394. 60446.]
Task is 77.00% complete.
t1_sim:[63038. 62917. 60807.] t2_sim:[59189. 59618. 61857.]
Task is 78.00% complete.
t1_sim:[65180. 65366. 65545.] t2_sim:[64495. 64872. 65090.]
Task is 79.00% complete.
t1_sim:[56821. 57055. 60238.] t2_sim:[63021. 63548. 64358.]
Task is 80.00% complete.
t1_sim:[68578. 68905. 63354.] t2_sim:[64594. 64526. 63460.]
Task is 81.00% complete.
t1_sim:[66050. 66321. 68189.] t2_sim:[60408. 60562. 57783.]
Task is 82.00% complete.
t1_sim:[67791. 67454. 65695.] t2_sim:[68872. 68601. 67973.]
Task is 83.00% complete.
t1_sim:[66288. 66144. 69462.] t2_sim:[56817. 56874. 60541.]
Task is 84.00% complete.
t1_sim:[59292. 58959. 59865.] t2_sim:[62513. 62298. 61519.]
Task is 85.00% complete.
t1_sim:[59301. 59056. 62495.] t2_sim:[61160. 61007. 60603.]
Task is 86.00% complete.
t1_sim:[60593. 60232. 59859.] t2_sim:[62123. 62393. 64737.]
Task is 87.00% complete.
t1_sim:[62292. 61859. 64938.] t2_sim:[59542. 59443. 61539.]
Task is 88.00% complete.
t1_sim:[55628. 55517. 52338.] t2_sim:[64379. 64353. 63229.]
Task is 89.00% complete.
t1_sim:[62890. 63084. 64656.] t2_sim:[66772. 66426. 66064.]
Task is 90.00% complete.
t1_sim:[56604. 56132. 57123.] t2_sim:[65669. 66015. 65029.]
Task is 91.00% complete.
t1_sim:[61800. 61936. 60741.] t2_sim:[61799. 61542. 64767.]
Task is 92.00% complete.
t1_sim:[61173. 61470. 60020.] t2_sim:[64115. 63926. 64164.]
Task is 93.00% complete.
t1_sim:[66165. 66502. 65619.] t2_sim:[60221. 60648. 59727.]
Task is 94.00% complete.
t1_sim:[60744. 60226. 57488.] t2_sim:[60931. 60794. 59713.]
Task is 95.00% complete.
t1_sim:[58096. 57771. 56500.] t2_sim:[63439. 63233. 59897.]
Task is 96.00% complete.
t1_sim:[53702. 53375. 54448.] t2_sim:[59645. 59173. 59658.]
Task is 97.00% complete.
t1_sim:[62527. 62281. 62835.] t2_sim:[66367. 66014. 64906.]
Task is 98.00% complete.
t1_sim:[62954. 63411. 64693.] t2_sim:[59231. 59031. 58375.]
Task is 99.00% complete.
t1_sim:[61462. 61234. 61015.] t2_sim:[59374. 59333. 56081.]
Training start
t1_obs:[array(67266.), array(67691.), array(67110.)] t2_obs:[array(62047.), array(62497.), array(61628.)]
corr_G1:[None, None, 0.9978383535544786] corr_G2:[None, None, 0.9831300382032124]
Training end
Task is 0.00% complete.
t1_sim:[61984. 61818. 61556.] t2_sim:[67851. 67829. 68990.]
Task is 1.00% complete.
t1_sim:[53801. 53427. 53911.] t2_sim:[60809. 61254. 62542.]
Task is 2.00% complete.
t1_sim:[60767. 59968. 58889.] t2_sim:[61929. 62359. 63703.]
Task is 3.00% complete.
t1_sim:[69235. 69513. 69601.] t2_sim:[65085. 65101. 66217.]
Task is 4.00% complete.
t1_sim:[65390. 65208. 64768.] t2_sim:[60194. 60567. 61224.]
Task is 5.00% complete.
t1_sim:[66233. 65786. 65488.] t2_sim:[72177. 71681. 69465.]
Task is 6.00% complete.
t1_sim:[58246. 58173. 58463.] t2_sim:[62439. 62338. 60119.]
Task is 7.00% complete.
t1_sim:[64171. 64336. 64219.] t2_sim:[61136. 60763. 59816.]
Task is 8.00% complete.
t1_sim:[63883. 63482. 62609.] t2_sim:[63424. 63589. 65563.]
Task is 9.00% complete.
t1_sim:[58262. 58569. 58375.] t2_sim:[62871. 62914. 62070.]
Task is 10.00% complete.
t1_sim:[67514. 67635. 64747.] t2_sim:[61188. 61378. 62992.]
Task is 11.00% complete.
t1_sim:[64963. 65441. 66784.] t2_sim:[66047. 66297. 65679.]
Task is 12.00% complete.
t1_sim:[60731. 60847. 59065.] t2_sim:[63083. 63658. 62635.]
Task is 13.00% complete.
t1_sim:[65750. 65719. 63665.] t2_sim:[63074. 62631. 62205.]
Task is 14.00% complete.
t1_sim:[58209. 57559. 56855.] t2_sim:[63441. 63053. 62923.]
Task is 15.00% complete.
t1_sim:[59526. 59379. 59183.] t2_sim:[59733. 59352. 58658.]
Task is 16.00% complete.
t1_sim:[65301. 65959. 67408.] t2_sim:[60855. 60463. 60228.]
Task is 17.00% complete.
t1_sim:[61837. 61799. 61870.] t2_sim:[61401. 60869. 58205.]
Task is 18.00% complete.
t1_sim:[65064. 65368. 65515.] t2_sim:[57609. 57919. 58980.]
Task is 19.00% complete.
t1_sim:[65213. 65397. 65112.] t2_sim:[67976. 68088. 66852.]
Task is 20.00% complete.
t1_sim:[68832. 69074. 69821.] t2_sim:[59997. 59982. 59839.]
Task is 21.00% complete.
t1_sim:[62133. 62351. 61918.] t2_sim:[68038. 68444. 69736.]
Task is 22.00% complete.
t1_sim:[65362. 65998. 66899.] t2_sim:[65618. 65477. 65227.]
Task is 23.00% complete.
t1_sim:[66080. 65987. 66161.] t2_sim:[66487. 66048. 66141.]
Task is 24.00% complete.
t1_sim:[60227. 60103. 60570.] t2_sim:[70218. 70260. 71229.]
Task is 25.00% complete.
t1_sim:[65270. 65278. 66555.] t2_sim:[56972. 56901. 57227.]
Task is 26.00% complete.
t1_sim:[65293. 65422. 66440.] t2_sim:[63237. 63239. 63287.]
Task is 27.00% complete.
t1_sim:[61487. 61496. 61329.] t2_sim:[57144. 57016. 58185.]
Task is 28.00% complete.
t1_sim:[65487. 65308. 65843.] t2_sim:[61470. 61528. 63390.]
Task is 29.00% complete.
t1_sim:[69482. 69443. 68346.] t2_sim:[61051. 60962. 58452.]
Task is 30.00% complete.
t1_sim:[62851. 63295. 62540.] t2_sim:[65397. 65447. 64793.]
Task is 31.00% complete.
t1_sim:[64372. 64148. 63546.] t2_sim:[61863. 61709. 63576.]
Task is 32.00% complete.
t1_sim:[66992. 66904. 65976.] t2_sim:[60297. 60022. 60530.]
Task is 33.00% complete.
t1_sim:[61450. 61565. 61280.] t2_sim:[63209. 63002. 62916.]
Task is 34.00% complete.
t1_sim:[64257. 64795. 65959.] t2_sim:[59258. 59082. 60286.]
Task is 35.00% complete.
t1_sim:[66009. 65994. 66256.] t2_sim:[58254. 59182. 62554.]
Task is 36.00% complete.
t1_sim:[62743. 63133. 61966.] t2_sim:[66704. 66636. 67693.]
Task is 37.00% complete.
t1_sim:[59056. 59026. 58127.] t2_sim:[59812. 59620. 59387.]
Task is 38.00% complete.
t1_sim:[62329. 62241. 62033.] t2_sim:[61524. 61639. 63714.]
Task is 39.00% complete.
t1_sim:[59728. 60092. 60322.] t2_sim:[64447. 64778. 67446.]
Task is 40.00% complete.
t1_sim:[58314. 58423. 58248.] t2_sim:[62344. 62625. 62617.]
Task is 41.00% complete.
t1_sim:[63507. 63256. 64936.] t2_sim:[63537. 63699. 64257.]
Task is 42.00% complete.
t1_sim:[60411. 60609. 60325.] t2_sim:[62326. 62404. 62105.]
Task is 43.00% complete.
t1_sim:[64448. 64717. 64773.] t2_sim:[61381. 60943. 59309.]
Task is 44.00% complete.
t1_sim:[61061. 61335. 61081.] t2_sim:[68560. 68859. 69211.]
Task is 45.00% complete.
t1_sim:[64077. 64181. 64582.] t2_sim:[64984. 64948. 62644.]
Task is 46.00% complete.
t1_sim:[66272. 65871. 66505.] t2_sim:[63231. 63504. 63115.]
Task is 47.00% complete.
t1_sim:[60850. 60471. 61106.] t2_sim:[62303. 62189. 61982.]
Task is 48.00% complete.
t1_sim:[58300. 58657. 59739.] t2_sim:[64895. 65046. 65099.]
Task is 49.00% complete.
t1_sim:[60086. 60258. 62569.] t2_sim:[68718. 68277. 68433.]
Task is 50.00% complete.
t1_sim:[64163. 63545. 63968.] t2_sim:[62209. 62612. 60987.]
Task is 51.00% complete.
t1_sim:[64354. 64184. 62706.] t2_sim:[64247. 64487. 62664.]
Task is 52.00% complete.
t1_sim:[55641. 55367. 57681.] t2_sim:[63149. 62858. 63867.]
Task is 53.00% complete.
t1_sim:[66426. 66668. 66422.] t2_sim:[66726. 66948. 68353.]
Task is 54.00% complete.
t1_sim:[65453. 65792. 65835.] t2_sim:[58504. 58183. 57573.]
Task is 55.00% complete.
t1_sim:[60366. 60374. 59869.] t2_sim:[62825. 63177. 61710.]
Task is 56.00% complete.
t1_sim:[61396. 61712. 62143.] t2_sim:[61774. 61360. 62068.]
Task is 57.00% complete.
t1_sim:[61240. 60641. 58808.] t2_sim:[65317. 65185. 63962.]
Task is 58.00% complete.
t1_sim:[63497. 63777. 61733.] t2_sim:[60574. 60362. 59216.]
Task is 59.00% complete.
t1_sim:[64280. 63916. 62247.] t2_sim:[65465. 65375. 65620.]
Task is 60.00% complete.
t1_sim:[58417. 59151. 61205.] t2_sim:[62984. 63113. 62386.]
Task is 61.00% complete.
t1_sim:[59295. 59332. 60353.] t2_sim:[67584. 67220. 66219.]
Task is 62.00% complete.
t1_sim:[67426. 67366. 67226.] t2_sim:[61389. 61345. 61315.]
Task is 63.00% complete.
t1_sim:[62774. 63310. 62972.] t2_sim:[60594. 60094. 62037.]
Task is 64.00% complete.
t1_sim:[56320. 56439. 54409.] t2_sim:[60988. 60706. 61289.]
Task is 65.00% complete.
t1_sim:[59067. 59314. 58153.] t2_sim:[57973. 58186. 56906.]
Task is 66.00% complete.
t1_sim:[60744. 60560. 61242.] t2_sim:[55894. 55899. 55173.]
Task is 67.00% complete.
t1_sim:[60885. 60578. 59705.] t2_sim:[68344. 68107. 68159.]
Task is 68.00% complete.
t1_sim:[61505. 61808. 62404.] t2_sim:[62194. 61993. 62754.]
Task is 69.00% complete.
t1_sim:[63226. 63037. 63605.] t2_sim:[67281. 66938. 65381.]
Task is 70.00% complete.
t1_sim:[65224. 65199. 64597.] t2_sim:[63177. 63358. 64328.]
Task is 71.00% complete.
t1_sim:[57974. 58469. 60093.] t2_sim:[58257. 58775. 59443.]
Task is 72.00% complete.
t1_sim:[61621. 61457. 64792.] t2_sim:[65918. 66173. 65506.]
Task is 73.00% complete.
t1_sim:[63464. 63730. 62983.] t2_sim:[62973. 62502. 62735.]
Task is 74.00% complete.
t1_sim:[62275. 62362. 62030.] t2_sim:[63151. 63142. 62913.]
Task is 75.00% complete.
t1_sim:[65402. 65331. 67026.] t2_sim:[69379. 69469. 68369.]
Task is 76.00% complete.
t1_sim:[63954. 63566. 60638.] t2_sim:[63623. 63923. 64321.]
Task is 77.00% complete.
t1_sim:[60108. 59730. 58481.] t2_sim:[65567. 65341. 65497.]
Task is 78.00% complete.
t1_sim:[62213. 62542. 62297.] t2_sim:[60161. 60198. 62598.]
Task is 79.00% complete.
t1_sim:[62595. 62731. 63991.] t2_sim:[63242. 62995. 59708.]
Task is 80.00% complete.
t1_sim:[57576. 58069. 56334.] t2_sim:[60087. 60026. 58555.]
Task is 81.00% complete.
t1_sim:[59945. 59750. 61045.] t2_sim:[62196. 62212. 63664.]
Task is 82.00% complete.
t1_sim:[65113. 64872. 64407.] t2_sim:[63733. 63510. 63237.]
Task is 83.00% complete.
t1_sim:[62879. 62825. 61067.] t2_sim:[65093. 64599. 65470.]
Task is 84.00% complete.
t1_sim:[62627. 62912. 63888.] t2_sim:[65077. 64392. 62669.]
Task is 85.00% complete.
t1_sim:[62875. 62816. 62541.] t2_sim:[65926. 65233. 63607.]
Task is 86.00% complete.
t1_sim:[62287. 62440. 62535.] t2_sim:[52626. 52823. 53495.]
Task is 87.00% complete.
t1_sim:[62174. 62168. 63211.] t2_sim:[62879. 62659. 63077.]
Task is 88.00% complete.
t1_sim:[59459. 59431. 60119.] t2_sim:[60368. 60348. 60304.]
Task is 89.00% complete.
t1_sim:[62762. 62890. 62928.] t2_sim:[63649. 63719. 65190.]
Task is 90.00% complete.
t1_sim:[69676. 69514. 71338.] t2_sim:[64237. 64250. 65472.]
Task is 91.00% complete.
t1_sim:[59263. 59347. 59977.] t2_sim:[64623. 64541. 63286.]
Task is 92.00% complete.
t1_sim:[58255. 58762. 59733.] t2_sim:[63263. 63056. 62247.]
Task is 93.00% complete.
t1_sim:[64280. 64102. 65954.] t2_sim:[62295. 62148. 62396.]
Task is 94.00% complete.
t1_sim:[63347. 63586. 63943.] t2_sim:[62967. 62714. 61874.]
Task is 95.00% complete.
t1_sim:[64906. 64674. 63856.] t2_sim:[66550. 66614. 63490.]
Task is 96.00% complete.
t1_sim:[57872. 58341. 59859.] t2_sim:[54858. 54915. 54624.]
Task is 97.00% complete.
t1_sim:[59519. 59419. 62272.] t2_sim:[62034. 61492. 60989.]
Task is 98.00% complete.
t1_sim:[64083. 63996. 63357.] t2_sim:[61693. 61397. 61323.]
Task is 99.00% complete.
t1_sim:[59031. 59372. 59880.] t2_sim:[58289. 58193. 59239.]
Training start
t1_obs:[array(67266.), array(67691.), array(67025.)] t2_obs:[array(62047.), array(62497.), array(61695.)]
corr_G1:[None, None, -0.06273295077864256] corr_G2:[None, None, -0.0695261968317833]
Training end
Task is 0.00% complete.
t1_sim:[60808. 60950. 61573.] t2_sim:[59925. 60062. 61123.]
Task is 1.00% complete.
t1_sim:[65082. 64143. 62207.] t2_sim:[54482. 54188. 53925.]
Task is 2.00% complete.
t1_sim:[61634. 61766. 64527.] t2_sim:[63185. 62877. 64004.]
Task is 3.00% complete.
t1_sim:[67568. 67318. 67231.] t2_sim:[58959. 58738. 58932.]
Task is 4.00% complete.
t1_sim:[63770. 63625. 62448.] t2_sim:[65729. 66477. 66598.]
Task is 5.00% complete.
t1_sim:[57886. 58168. 58223.] t2_sim:[62383. 62430. 64811.]
Task is 6.00% complete.
t1_sim:[63901. 63715. 62053.] t2_sim:[62057. 61769. 60955.]
Task is 7.00% complete.
t1_sim:[63036. 63488. 66504.] t2_sim:[65428. 65098. 63643.]
Task is 8.00% complete.
t1_sim:[64751. 64663. 64200.] t2_sim:[63706. 63571. 62051.]
Task is 9.00% complete.
t1_sim:[69673. 69428. 69281.] t2_sim:[66504. 66546. 66354.]
Task is 10.00% complete.
t1_sim:[60942. 61557. 62455.] t2_sim:[61482. 61236. 62886.]
Task is 11.00% complete.
t1_sim:[59340. 58959. 60747.] t2_sim:[63640. 63624. 63938.]
Task is 12.00% complete.
t1_sim:[63246. 63392. 60388.] t2_sim:[62266. 61924. 63278.]
Task is 13.00% complete.
t1_sim:[62525. 62238. 60765.] t2_sim:[62964. 62601. 63966.]
Task is 14.00% complete.
t1_sim:[62250. 62296. 62219.] t2_sim:[68360. 68663. 65737.]
Task is 15.00% complete.
t1_sim:[54526. 54598. 55449.] t2_sim:[63257. 63348. 65974.]
Task is 16.00% complete.
t1_sim:[71323. 71127. 68052.] t2_sim:[62973. 62534. 60597.]
Task is 17.00% complete.
t1_sim:[65456. 65144. 64934.] t2_sim:[67494. 66960. 66234.]
Task is 18.00% complete.
t1_sim:[70162. 70095. 70052.] t2_sim:[67897. 68051. 65061.]
Task is 19.00% complete.
t1_sim:[63830. 63941. 64996.] t2_sim:[59019. 58923. 57293.]
Task is 20.00% complete.
t1_sim:[58453. 58391. 58664.] t2_sim:[62461. 62384. 59641.]
Task is 21.00% complete.
t1_sim:[64177. 63958. 65049.] t2_sim:[62780. 62620. 63192.]
Task is 22.00% complete.
t1_sim:[61177. 61001. 60037.] t2_sim:[63331. 63221. 62332.]
Task is 23.00% complete.
t1_sim:[63144. 63043. 61632.] t2_sim:[64547. 65037. 65487.]
Task is 24.00% complete.
t1_sim:[60546. 60654. 61983.] t2_sim:[59108. 58834. 60454.]
Task is 25.00% complete.
t1_sim:[62329. 62174. 60881.] t2_sim:[62480. 62130. 60956.]
Task is 26.00% complete.
t1_sim:[60821. 60279. 59837.] t2_sim:[63303. 63372. 61012.]
Task is 27.00% complete.
t1_sim:[62707. 62668. 62207.] t2_sim:[58369. 58500. 59621.]
Task is 28.00% complete.
t1_sim:[60080. 60073. 58730.] t2_sim:[61227. 61677. 62823.]
Task is 29.00% complete.
t1_sim:[65366. 65107. 64622.] t2_sim:[64202. 64133. 64670.]
Task is 30.00% complete.
t1_sim:[62067. 62004. 62159.] t2_sim:[60999. 60892. 60642.]
Task is 31.00% complete.
t1_sim:[65566. 65160. 65703.] t2_sim:[59995. 59533. 59335.]
Task is 32.00% complete.
t1_sim:[57099. 57079. 57266.] t2_sim:[63895. 64038. 65647.]
Task is 33.00% complete.
t1_sim:[59763. 59691. 59925.] t2_sim:[62214. 62253. 62575.]
Task is 34.00% complete.
t1_sim:[62591. 62529. 59643.] t2_sim:[65578. 65908. 65907.]
Task is 35.00% complete.
t1_sim:[59008. 59135. 60022.] t2_sim:[61097. 60584. 61959.]
Task is 36.00% complete.
t1_sim:[67196. 67034. 67823.] t2_sim:[63422. 62996. 66446.]
Task is 37.00% complete.
t1_sim:[61043. 60728. 60039.] t2_sim:[58188. 58541. 61169.]
Task is 38.00% complete.
t1_sim:[68285. 67978. 67951.] t2_sim:[61622. 61975. 61768.]
Task is 39.00% complete.
t1_sim:[59401. 59320. 59704.] t2_sim:[57641. 58014. 59923.]
Task is 40.00% complete.
t1_sim:[60659. 60383. 60565.] t2_sim:[64052. 64251. 63966.]
Task is 41.00% complete.
t1_sim:[57368. 57266. 54952.] t2_sim:[58495. 58449. 59250.]
Task is 42.00% complete.
t1_sim:[59489. 59017. 56976.] t2_sim:[65646. 65705. 64448.]
Task is 43.00% complete.
t1_sim:[61244. 60539. 59968.] t2_sim:[63501. 63788. 65092.]
Task is 44.00% complete.
t1_sim:[61993. 61998. 61582.] t2_sim:[67603. 67493. 67856.]
Task is 45.00% complete.
t1_sim:[65650. 65874. 65420.] t2_sim:[61176. 60977. 61146.]
Task is 46.00% complete.
t1_sim:[60544. 60757. 63248.] t2_sim:[63374. 63617. 61033.]
Task is 47.00% complete.
t1_sim:[59922. 60064. 58594.] t2_sim:[61559. 61904. 63832.]
Task is 48.00% complete.
t1_sim:[59526. 58765. 56981.] t2_sim:[60435. 60402. 62421.]
Task is 49.00% complete.
t1_sim:[59480. 59355. 57791.] t2_sim:[62967. 63417. 64155.]
Task is 50.00% complete.
t1_sim:[55304. 55452. 57817.] t2_sim:[63062. 62711. 58824.]
Task is 51.00% complete.
t1_sim:[64684. 64596. 63677.] t2_sim:[60329. 60649. 60318.]
Task is 52.00% complete.
t1_sim:[57204. 57299. 59268.] t2_sim:[62372. 62447. 61739.]
Task is 53.00% complete.
t1_sim:[66913. 67316. 66588.] t2_sim:[68404. 68463. 69786.]
Task is 54.00% complete.
t1_sim:[63947. 63837. 65581.] t2_sim:[57282. 57024. 58453.]
Task is 55.00% complete.
t1_sim:[63942. 63763. 65660.] t2_sim:[56827. 57558. 56439.]
Task is 56.00% complete.
t1_sim:[62738. 62308. 58747.] t2_sim:[66941. 66764. 66878.]
Task is 57.00% complete.
t1_sim:[65126. 65979. 65207.] t2_sim:[63396. 63594. 61886.]
Task is 58.00% complete.
t1_sim:[64809. 65089. 66106.] t2_sim:[63310. 63445. 63487.]
Task is 59.00% complete.
t1_sim:[69507. 69929. 66364.] t2_sim:[60266. 59997. 58667.]
Task is 60.00% complete.
t1_sim:[61112. 61165. 62118.] t2_sim:[59710. 59556. 60282.]
Task is 61.00% complete.
t1_sim:[62399. 62542. 60133.] t2_sim:[64257. 63816. 63972.]
Task is 62.00% complete.
t1_sim:[64440. 64987. 66290.] t2_sim:[60548. 60389. 59092.]
Task is 63.00% complete.
t1_sim:[60957. 60938. 61390.] t2_sim:[60928. 61149. 64098.]
Task is 64.00% complete.
t1_sim:[63368. 63375. 63442.] t2_sim:[64501. 64116. 64068.]
Task is 65.00% complete.
t1_sim:[62220. 61846. 61616.] t2_sim:[60659. 60849. 60562.]
Task is 66.00% complete.
t1_sim:[63356. 63773. 64882.] t2_sim:[62199. 62737. 63536.]
Task is 67.00% complete.
t1_sim:[60253. 60625. 59886.] t2_sim:[61419. 61386. 59298.]
Task is 68.00% complete.
t1_sim:[61026. 61247. 61626.] t2_sim:[64953. 65021. 67744.]
Task is 69.00% complete.
t1_sim:[60712. 60836. 59674.] t2_sim:[58269. 58317. 58459.]
Task is 70.00% complete.
t1_sim:[60109. 60085. 60747.] t2_sim:[64737. 64649. 62533.]
Task is 71.00% complete.
t1_sim:[64975. 64924. 62186.] t2_sim:[58175. 58429. 60154.]
Task is 72.00% complete.
t1_sim:[64107. 63929. 61815.] t2_sim:[67148. 67139. 68307.]
Task is 73.00% complete.
t1_sim:[63844. 63924. 61255.] t2_sim:[66313. 67308. 68190.]
Task is 74.00% complete.
t1_sim:[64250. 63986. 63826.] t2_sim:[64990. 64839. 64318.]
Task is 75.00% complete.
t1_sim:[57023. 56730. 56349.] t2_sim:[55934. 56348. 54811.]
Task is 76.00% complete.
t1_sim:[61880. 61733. 60862.] t2_sim:[59367. 59768. 58655.]
Task is 77.00% complete.
t1_sim:[56379. 56665. 59528.] t2_sim:[67275. 66877. 66902.]
Task is 78.00% complete.
t1_sim:[66353. 67013. 65815.] t2_sim:[69236. 69410. 66611.]
Task is 79.00% complete.
t1_sim:[64497. 64269. 64257.] t2_sim:[62518. 62934. 63012.]
Task is 80.00% complete.
t1_sim:[64117. 64436. 63255.] t2_sim:[59261. 59327. 59282.]
Task is 81.00% complete.
t1_sim:[63482. 63601. 61768.] t2_sim:[62162. 62378. 62429.]
Task is 82.00% complete.
t1_sim:[60016. 60038. 61797.] t2_sim:[61335. 60903. 61502.]
Task is 83.00% complete.
t1_sim:[61018. 61313. 62354.] t2_sim:[69006. 69184. 68047.]
Task is 84.00% complete.
t1_sim:[62428. 62432. 63340.] t2_sim:[62208. 62068. 60018.]
Task is 85.00% complete.
t1_sim:[61880. 61714. 62572.] t2_sim:[58413. 58548. 60693.]
Task is 86.00% complete.
t1_sim:[59782. 59934. 62417.] t2_sim:[65725. 65334. 65422.]
Task is 87.00% complete.
t1_sim:[57901. 57410. 57827.] t2_sim:[62076. 61978. 61985.]
Task is 88.00% complete.
t1_sim:[57716. 57781. 57145.] t2_sim:[62571. 62735. 63310.]
Task is 89.00% complete.
t1_sim:[65121. 65704. 64828.] t2_sim:[64889. 65226. 63967.]
Task is 90.00% complete.
t1_sim:[60033. 59895. 59682.] t2_sim:[65275. 64936. 64702.]
Task is 91.00% complete.
t1_sim:[61553. 61748. 62410.] t2_sim:[56650. 56195. 56088.]
Task is 92.00% complete.
t1_sim:[63257. 63050. 59854.] t2_sim:[63422. 63907. 60947.]
Task is 93.00% complete.
t1_sim:[60363. 60809. 60371.] t2_sim:[62359. 61977. 63860.]
Task is 94.00% complete.
t1_sim:[60497. 61198. 64041.] t2_sim:[63663. 63252. 61438.]
Task is 95.00% complete.
t1_sim:[64268. 64215. 63388.] t2_sim:[59510. 59188. 60518.]
Task is 96.00% complete.
t1_sim:[60188. 60730. 60886.] t2_sim:[55360. 55624. 55164.]
Task is 97.00% complete.
t1_sim:[57918. 58132. 59862.] t2_sim:[63085. 63120. 63633.]
Task is 98.00% complete.
t1_sim:[63554. 64035. 62585.] t2_sim:[64341. 64642. 64346.]
Task is 99.00% complete.
t1_sim:[58367. 58407. 59184.] t2_sim:[63416. 63020. 63349.]
Finished
