Training start
t1_obs:[array(247008.), array(245484.), array(243171.)] t2_obs:[array(255884.), array(254694.), array(258312.)]
corr_G1:[1.6896545859242663e-16, -2.801378475754083e-17, 5.122177330419487e-17] corr_G2:[0, -5.758640324263471e-17, 0]
Training end
Number of jobs: 48
/scratch/jz4721/Post-prediction-Causal-Inference/venv/lib/python3.8/site-packages/numpy/core/getlimits.py:518: UserWarning: The value of the smallest subnormal for <class 'numpy.float64'> type is zero.
  setattr(self, word, getattr(machar, word).flat[0])
/scratch/jz4721/Post-prediction-Causal-Inference/venv/lib/python3.8/site-packages/numpy/core/getlimits.py:89: UserWarning: The value of the smallest subnormal for <class 'numpy.float64'> type is zero.
  return self._float_to_str(self.smallest_subnormal)
/scratch/jz4721/Post-prediction-Causal-Inference/venv/lib/python3.8/site-packages/numpy/core/getlimits.py:518: UserWarning: The value of the smallest subnormal for <class 'numpy.float32'> type is zero.
  setattr(self, word, getattr(machar, word).flat[0])
/scratch/jz4721/Post-prediction-Causal-Inference/venv/lib/python3.8/site-packages/numpy/core/getlimits.py:89: UserWarning: The value of the smallest subnormal for <class 'numpy.float32'> type is zero.
  return self._float_to_str(self.smallest_subnormal)
t1_sim:[252286. 252922. 255833.] t2_sim:[262465. 261595. 251577.]
Task is 0.00% complete.
t1_sim:[268972. 268109. 262768.] t2_sim:[251617. 256223. 256283.]
Task is 48.08% complete.
t1_sim:[232521. 231798. 237798.] t2_sim:[224565. 224682. 231642.]
Task is 96.15% complete.
t1_sim:[252286. 252922. 255833.] t2_sim:[262465. 261595. 251577.]
Task is 0.00% complete.
t1_sim:[268972. 268109. 262768.] t2_sim:[251617. 256223. 256283.]
Task is 48.08% complete.
t1_sim:[232521. 231798. 237798.] t2_sim:[224565. 224682. 231642.]
Task is 96.15% complete.
t1_sim:[252286. 252922. 255833.] t2_sim:[262465. 261595. 251577.]
Task is 0.00% complete.
t1_sim:[268972. 268109. 262768.] t2_sim:[251617. 256223. 256283.]
Task is 48.08% complete.
t1_sim:[232521. 231798. 237798.] t2_sim:[224565. 224682. 231642.]
Task is 96.15% complete.
t1_sim:[252286. 252922. 255833.] t2_sim:[262465. 261595. 251577.]
Task is 0.00% complete.
t1_sim:[268972. 268109. 262768.] t2_sim:[251617. 256223. 256283.]
Task is 48.08% complete.
t1_sim:[232521. 231798. 237798.] t2_sim:[224565. 224682. 231642.]
Task is 96.15% complete.
t1_sim:[252286. 252922. 255833.] t2_sim:[262465. 261595. 251577.]
Task is 0.00% complete.
t1_sim:[268972. 268109. 262768.] t2_sim:[251617. 256223. 256283.]
Task is 48.08% complete.
t1_sim:[232521. 231798. 237798.] t2_sim:[224565. 224682. 231642.]
Task is 96.15% complete.
t1_sim:[252286. 252922. 255833.] t2_sim:[262465. 261595. 251577.]
Task is 0.00% complete.
t1_sim:[268972. 268109. 262768.] t2_sim:[251617. 256223. 256283.]
Task is 48.08% complete.
t1_sim:[232521. 231798. 237798.] t2_sim:[224565. 224682. 231642.]
Task is 96.15% complete.
t1_sim:[252286. 252922. 255833.] t2_sim:[262465. 261595. 251577.]
Task is 0.00% complete.
t1_sim:[268972. 268109. 262768.] t2_sim:[251617. 256223. 256283.]
Task is 48.08% complete.
t1_sim:[232521. 231798. 237798.] t2_sim:[224565. 224682. 231642.]
Task is 96.15% complete.
t1_sim:[252286. 252922. 255833.] t2_sim:[262465. 261595. 251577.]
Task is 0.00% complete.
t1_sim:[268972. 268109. 262768.] t2_sim:[251617. 256223. 256283.]
Task is 48.08% complete.
t1_sim:[232521. 231798. 237798.] t2_sim:[224565. 224682. 231642.]
Task is 96.15% complete.
t1_sim:[252286. 252922. 255833.] t2_sim:[262465. 261595. 251577.]
Task is 0.00% complete.
t1_sim:[268972. 268109. 262768.] t2_sim:[251617. 256223. 256283.]
Task is 48.08% complete.
t1_sim:[232521. 231798. 237798.] t2_sim:[224565. 224682. 231642.]
Task is 96.15% complete.
t1_sim:[252286. 252922. 255833.] t2_sim:[262465. 261595. 251577.]
Task is 0.00% complete.
t1_sim:[268972. 268109. 262768.] t2_sim:[251617. 256223. 256283.]
Task is 48.08% complete.
t1_sim:[232521. 231798. 237798.] t2_sim:[224565. 224682. 231642.]
Task is 96.15% complete.
t1_sim:[252286. 252922. 255833.] t2_sim:[262465. 261595. 251577.]
Task is 0.00% complete.
t1_sim:[268972. 268109. 262768.] t2_sim:[251617. 256223. 256283.]
Task is 48.08% complete.
t1_sim:[232521. 231798. 237798.] t2_sim:[224565. 224682. 231642.]
Task is 96.15% complete.
t1_sim:[252286. 252922. 255833.] t2_sim:[262465. 261595. 251577.]
Task is 0.00% complete.
t1_sim:[268972. 268109. 262768.] t2_sim:[251617. 256223. 256283.]
Task is 48.08% complete.
t1_sim:[232521. 231798. 237798.] t2_sim:[224565. 224682. 231642.]
Task is 96.15% complete.
t1_sim:[252286. 252922. 255833.] t2_sim:[262465. 261595. 251577.]
Task is 0.00% complete.
t1_sim:[268972. 268109. 262768.] t2_sim:[251617. 256223. 256283.]
Task is 48.08% complete.
t1_sim:[232521. 231798. 237798.] t2_sim:[224565. 224682. 231642.]
Task is 96.15% complete.
t1_sim:[252286. 252922. 255833.] t2_sim:[262465. 261595. 251577.]
Task is 0.00% complete.
t1_sim:[268972. 268109. 262768.] t2_sim:[251617. 256223. 256283.]
Task is 48.08% complete.
t1_sim:[232521. 231798. 237798.] t2_sim:[224565. 224682. 231642.]
Task is 96.15% complete.
t1_sim:[252286. 252922. 255833.] t2_sim:[262465. 261595. 251577.]
Task is 0.00% complete.
t1_sim:[268972. 268109. 262768.] t2_sim:[251617. 256223. 256283.]
Task is 48.08% complete.
t1_sim:[232521. 231798. 237798.] t2_sim:[224565. 224682. 231642.]
Task is 96.15% complete.
t1_sim:[252286. 252922. 255833.] t2_sim:[262465. 261595. 251577.]
Task is 0.00% complete.
t1_sim:[268972. 268109. 262768.] t2_sim:[251617. 256223. 256283.]
Task is 48.08% complete.
t1_sim:[232521. 231798. 237798.] t2_sim:[224565. 224682. 231642.]
Task is 96.15% complete.
t1_sim:[252286. 252922. 255833.] t2_sim:[262465. 261595. 251577.]
Task is 0.00% complete.
t1_sim:[268972. 268109. 262768.] t2_sim:[251617. 256223. 256283.]
Task is 48.08% complete.
t1_sim:[232521. 231798. 237798.] t2_sim:[224565. 224682. 231642.]
Task is 96.15% complete.
t1_sim:[252286. 252922. 255833.] t2_sim:[262465. 261595. 251577.]
Task is 0.00% complete.
t1_sim:[268972. 268109. 262768.] t2_sim:[251617. 256223. 256283.]
Task is 48.08% complete.
t1_sim:[232521. 231798. 237798.] t2_sim:[224565. 224682. 231642.]
Task is 96.15% complete.
t1_sim:[252286. 252922. 255833.] t2_sim:[262465. 261595. 251577.]
Task is 0.00% complete.
t1_sim:[268972. 268109. 262768.] t2_sim:[251617. 256223. 256283.]
Task is 48.08% complete.
t1_sim:[232521. 231798. 237798.] t2_sim:[224565. 224682. 231642.]
Task is 96.15% complete.
t1_sim:[252286. 252922. 255833.] t2_sim:[262465. 261595. 251577.]
Task is 0.00% complete.
t1_sim:[268972. 268109. 262768.] t2_sim:[251617. 256223. 256283.]
Task is 48.08% complete.
t1_sim:[232521. 231798. 237798.] t2_sim:[224565. 224682. 231642.]
Task is 96.15% complete.
t1_sim:[252286. 252922. 255833.] t2_sim:[262465. 261595. 251577.]
Task is 0.00% complete.
t1_sim:[268972. 268109. 262768.] t2_sim:[251617. 256223. 256283.]
Task is 48.08% complete.
t1_sim:[232521. 231798. 237798.] t2_sim:[224565. 224682. 231642.]
Task is 96.15% complete.
t1_sim:[252286. 252922. 255833.] t2_sim:[262465. 261595. 251577.]
Task is 0.00% complete.
t1_sim:[268972. 268109. 262768.] t2_sim:[251617. 256223. 256283.]
Task is 48.08% complete.
t1_sim:[232521. 231798. 237798.] t2_sim:[224565. 224682. 231642.]
Task is 96.15% complete.
t1_sim:[252286. 252922. 255833.] t2_sim:[262465. 261595. 251577.]
Task is 0.00% complete.
t1_sim:[268972. 268109. 262768.] t2_sim:[251617. 256223. 256283.]
Task is 48.08% complete.
t1_sim:[232521. 231798. 237798.] t2_sim:[224565. 224682. 231642.]
Task is 96.15% complete.
t1_sim:[252286. 252922. 255833.] t2_sim:[262465. 261595. 251577.]
Task is 0.00% complete.
t1_sim:[268972. 268109. 262768.] t2_sim:[251617. 256223. 256283.]
Task is 48.08% complete.
t1_sim:[232521. 231798. 237798.] t2_sim:[224565. 224682. 231642.]
Task is 96.15% complete.
t1_sim:[252286. 252922. 255833.] t2_sim:[262465. 261595. 251577.]
Task is 0.00% complete.
t1_sim:[268972. 268109. 262768.] t2_sim:[251617. 256223. 256283.]
Task is 48.08% complete.
t1_sim:[232521. 231798. 237798.] t2_sim:[224565. 224682. 231642.]
Task is 96.15% complete.
t1_sim:[252286. 252922. 255833.] t2_sim:[262465. 261595. 251577.]
Task is 0.00% complete.
t1_sim:[268972. 268109. 262768.] t2_sim:[251617. 256223. 256283.]
Task is 48.08% complete.
t1_sim:[232521. 231798. 237798.] t2_sim:[224565. 224682. 231642.]
Task is 96.15% complete.
t1_sim:[252286. 252922. 255833.] t2_sim:[262465. 261595. 251577.]
Task is 0.00% complete.
t1_sim:[268972. 268109. 262768.] t2_sim:[251617. 256223. 256283.]
Task is 48.08% complete.
t1_sim:[232521. 231798. 237798.] t2_sim:[224565. 224682. 231642.]
Task is 96.15% complete.
t1_sim:[252286. 252922. 255833.] t2_sim:[262465. 261595. 251577.]
Task is 0.00% complete.
t1_sim:[268972. 268109. 262768.] t2_sim:[251617. 256223. 256283.]
Task is 48.08% complete.
t1_sim:[232521. 231798. 237798.] t2_sim:[224565. 224682. 231642.]
Task is 96.15% complete.
t1_sim:[252286. 252922. 255833.] t2_sim:[262465. 261595. 251577.]
Task is 0.00% complete.
t1_sim:[268972. 268109. 262768.] t2_sim:[251617. 256223. 256283.]
Task is 48.08% complete.
t1_sim:[232521. 231798. 237798.] t2_sim:[224565. 224682. 231642.]
Task is 96.15% complete.
t1_sim:[252286. 252922. 255833.] t2_sim:[262465. 261595. 251577.]
Task is 0.00% complete.
t1_sim:[268972. 268109. 262768.] t2_sim:[251617. 256223. 256283.]
Task is 48.08% complete.
t1_sim:[232521. 231798. 237798.] t2_sim:[224565. 224682. 231642.]
Task is 96.15% complete.
t1_sim:[252286. 252922. 255833.] t2_sim:[262465. 261595. 251577.]
Task is 0.00% complete.
t1_sim:[268972. 268109. 262768.] t2_sim:[251617. 256223. 256283.]
Task is 48.08% complete.
t1_sim:[232521. 231798. 237798.] t2_sim:[224565. 224682. 231642.]
Task is 96.15% complete.
t1_sim:[252286. 252922. 255833.] t2_sim:[262465. 261595. 251577.]
Task is 0.00% complete.
t1_sim:[268972. 268109. 262768.] t2_sim:[251617. 256223. 256283.]
Task is 48.08% complete.
t1_sim:[232521. 231798. 237798.] t2_sim:[224565. 224682. 231642.]
Task is 96.15% complete.
t1_sim:[252286. 252922. 255833.] t2_sim:[262465. 261595. 251577.]
Task is 0.00% complete.
t1_sim:[268972. 268109. 262768.] t2_sim:[251617. 256223. 256283.]
Task is 48.08% complete.
t1_sim:[232521. 231798. 237798.] t2_sim:[224565. 224682. 231642.]
Task is 96.15% complete.
t1_sim:[252286. 252922. 255833.] t2_sim:[262465. 261595. 251577.]
Task is 0.00% complete.
t1_sim:[268972. 268109. 262768.] t2_sim:[251617. 256223. 256283.]
Task is 48.08% complete.
t1_sim:[232521. 231798. 237798.] t2_sim:[224565. 224682. 231642.]
Task is 96.15% complete.
t1_sim:[252286. 252922. 255833.] t2_sim:[262465. 261595. 251577.]
Task is 0.00% complete.
t1_sim:[268972. 268109. 262768.] t2_sim:[251617. 256223. 256283.]
Task is 48.08% complete.
t1_sim:[232521. 231798. 237798.] t2_sim:[224565. 224682. 231642.]
Task is 96.15% complete.
t1_sim:[252286. 252922. 255833.] t2_sim:[262465. 261595. 251577.]
Task is 0.00% complete.
t1_sim:[268972. 268109. 262768.] t2_sim:[251617. 256223. 256283.]
Task is 48.08% complete.
t1_sim:[232521. 231798. 237798.] t2_sim:[224565. 224682. 231642.]
Task is 96.15% complete.
t1_sim:[252286. 252922. 255833.] t2_sim:[262465. 261595. 251577.]
Task is 0.00% complete.
t1_sim:[268972. 268109. 262768.] t2_sim:[251617. 256223. 256283.]
Task is 48.08% complete.
t1_sim:[232521. 231798. 237798.] t2_sim:[224565. 224682. 231642.]
Task is 96.15% complete.
t1_sim:[252286. 252922. 255833.] t2_sim:[262465. 261595. 251577.]
Task is 0.00% complete.
t1_sim:[268972. 268109. 262768.] t2_sim:[251617. 256223. 256283.]
Task is 48.08% complete.
t1_sim:[232521. 231798. 237798.] t2_sim:[224565. 224682. 231642.]
Task is 96.15% complete.
t1_sim:[252286. 252922. 255833.] t2_sim:[262465. 261595. 251577.]
Task is 0.00% complete.
t1_sim:[268972. 268109. 262768.] t2_sim:[251617. 256223. 256283.]
Task is 48.08% complete.
t1_sim:[232521. 231798. 237798.] t2_sim:[224565. 224682. 231642.]
Task is 96.15% complete.
t1_sim:[252286. 252922. 255833.] t2_sim:[262465. 261595. 251577.]
Task is 0.00% complete.
t1_sim:[268972. 268109. 262768.] t2_sim:[251617. 256223. 256283.]
Task is 48.08% complete.
t1_sim:[232521. 231798. 237798.] t2_sim:[224565. 224682. 231642.]
Task is 96.15% complete.
t1_sim:[252286. 252922. 255833.] t2_sim:[262465. 261595. 251577.]
Task is 0.00% complete.
t1_sim:[268972. 268109. 262768.] t2_sim:[251617. 256223. 256283.]
Task is 48.08% complete.
t1_sim:[232521. 231798. 237798.] t2_sim:[224565. 224682. 231642.]
Task is 96.15% complete.
t1_sim:[252286. 252922. 255833.] t2_sim:[262465. 261595. 251577.]
Task is 0.00% complete.
t1_sim:[268972. 268109. 262768.] t2_sim:[251617. 256223. 256283.]
Task is 48.08% complete.
t1_sim:[232521. 231798. 237798.] t2_sim:[224565. 224682. 231642.]
Task is 96.15% complete.
t1_sim:[252286. 252922. 255833.] t2_sim:[262465. 261595. 251577.]
Task is 0.00% complete.
t1_sim:[268972. 268109. 262768.] t2_sim:[251617. 256223. 256283.]
Task is 48.08% complete.
t1_sim:[232521. 231798. 237798.] t2_sim:[224565. 224682. 231642.]
Task is 96.15% complete.
t1_sim:[252286. 252922. 255833.] t2_sim:[262465. 261595. 251577.]
Task is 0.00% complete.
t1_sim:[268972. 268109. 262768.] t2_sim:[251617. 256223. 256283.]
Task is 48.08% complete.
t1_sim:[232521. 231798. 237798.] t2_sim:[224565. 224682. 231642.]
Task is 96.15% complete.
t1_sim:[252286. 252922. 255833.] t2_sim:[262465. 261595. 251577.]
Task is 0.00% complete.
t1_sim:[268972. 268109. 262768.] t2_sim:[251617. 256223. 256283.]
Task is 48.08% complete.
t1_sim:[232521. 231798. 237798.] t2_sim:[224565. 224682. 231642.]
Task is 96.15% complete.
t1_sim:[252286. 252922. 255833.] t2_sim:[262465. 261595. 251577.]
Task is 0.00% complete.
t1_sim:[268972. 268109. 262768.] t2_sim:[251617. 256223. 256283.]
Task is 48.08% complete.
t1_sim:[232521. 231798. 237798.] t2_sim:[224565. 224682. 231642.]
Task is 96.15% complete.
t1_sim:[252286. 252922. 255833.] t2_sim:[262465. 261595. 251577.]
Task is 0.00% complete.
t1_sim:[268972. 268109. 262768.] t2_sim:[251617. 256223. 256283.]
Task is 48.08% complete.
t1_sim:[232521. 231798. 237798.] t2_sim:[224565. 224682. 231642.]
Task is 96.15% complete.
t1_sim:[252286. 252922. 255833.] t2_sim:[262465. 261595. 251577.]
Task is 0.00% complete.
t1_sim:[268972. 268109. 262768.] t2_sim:[251617. 256223. 256283.]
Task is 48.08% complete.
t1_sim:[232521. 231798. 237798.] t2_sim:[224565. 224682. 231642.]
Task is 96.15% complete.
Training start
t1_obs:[array(250985.), array(246107.), array(239412.)] t2_obs:[array(258340.), array(256703.), array(254645.)]
corr_G1:[0.799784341846208, 0.588340999460615, -0.3323095936904765] corr_G2:[0.754440252478373, 0.6781511250459037, -0.45833499220386964]
Training end
Number of jobs: 48
/scratch/jz4721/Post-prediction-Causal-Inference/venv/lib/python3.8/site-packages/sklearn/impute/_iterative.py:785: ConvergenceWarning: [IterativeImputer] Early stopping criterion not reached.
  warnings.warn(
/scratch/jz4721/Post-prediction-Causal-Inference/venv/lib/python3.8/site-packages/sklearn/impute/_iterative.py:785: ConvergenceWarning: [IterativeImputer] Early stopping criterion not reached.
  warnings.warn(
slurmstepd: error: *** JOB 32421172 ON cs101 CANCELLED AT 2023-04-16T22:52:39 ***
