Training start
t1_obs:[array(242417.), array(237943.), array(238078.)] t2_obs:[array(258485.), array(257893.), array(245385.)]
corr_G1:[-1.0311471437464577e-16, 0, 0] corr_G2:[2.931469054606732e-17, 0, 5.244301256090772e-18]
Training end
Number of jobs: 48
/scratch/jz4721/Post-prediction-Causal-Inference/venv/lib/python3.8/site-packages/numpy/core/getlimits.py:518: UserWarning: The value of the smallest subnormal for <class 'numpy.float64'> type is zero.
  setattr(self, word, getattr(machar, word).flat[0])
/scratch/jz4721/Post-prediction-Causal-Inference/venv/lib/python3.8/site-packages/numpy/core/getlimits.py:89: UserWarning: The value of the smallest subnormal for <class 'numpy.float64'> type is zero.
  return self._float_to_str(self.smallest_subnormal)
/scratch/jz4721/Post-prediction-Causal-Inference/venv/lib/python3.8/site-packages/numpy/core/getlimits.py:518: UserWarning: The value of the smallest subnormal for <class 'numpy.float32'> type is zero.
  setattr(self, word, getattr(machar, word).flat[0])
/scratch/jz4721/Post-prediction-Causal-Inference/venv/lib/python3.8/site-packages/numpy/core/getlimits.py:89: UserWarning: The value of the smallest subnormal for <class 'numpy.float32'> type is zero.
  return self._float_to_str(self.smallest_subnormal)
t1_sim:[250598. 248950. 248955.] t2_sim:[250190. 252326. 242511.]
Task is 0.00% complete.
t1_sim:[242529. 240044. 243476.] t2_sim:[251957. 253648. 257449.]
Task is 48.08% complete.
t1_sim:[254738. 255459. 247446.] t2_sim:[258882. 257009. 251141.]
Task is 96.15% complete.
t1_sim:[250598. 248950. 248955.] t2_sim:[250190. 252326. 242511.]
Task is 0.00% complete.
t1_sim:[242529. 240044. 243476.] t2_sim:[251957. 253648. 257449.]
Task is 48.08% complete.
t1_sim:[254738. 255459. 247446.] t2_sim:[258882. 257009. 251141.]
Task is 96.15% complete.
t1_sim:[250598. 248950. 248955.] t2_sim:[250190. 252326. 242511.]
Task is 0.00% complete.
t1_sim:[242529. 240044. 243476.] t2_sim:[251957. 253648. 257449.]
Task is 48.08% complete.
t1_sim:[254738. 255459. 247446.] t2_sim:[258882. 257009. 251141.]
Task is 96.15% complete.
t1_sim:[250598. 248950. 248955.] t2_sim:[250190. 252326. 242511.]
Task is 0.00% complete.
t1_sim:[242529. 240044. 243476.] t2_sim:[251957. 253648. 257449.]
Task is 48.08% complete.
t1_sim:[254738. 255459. 247446.] t2_sim:[258882. 257009. 251141.]
Task is 96.15% complete.
t1_sim:[250598. 248950. 248955.] t2_sim:[250190. 252326. 242511.]
Task is 0.00% complete.
t1_sim:[242529. 240044. 243476.] t2_sim:[251957. 253648. 257449.]
Task is 48.08% complete.
t1_sim:[254738. 255459. 247446.] t2_sim:[258882. 257009. 251141.]
Task is 96.15% complete.
t1_sim:[250598. 248950. 248955.] t2_sim:[250190. 252326. 242511.]
Task is 0.00% complete.
t1_sim:[242529. 240044. 243476.] t2_sim:[251957. 253648. 257449.]
Task is 48.08% complete.
t1_sim:[254738. 255459. 247446.] t2_sim:[258882. 257009. 251141.]
Task is 96.15% complete.
t1_sim:[250598. 248950. 248955.] t2_sim:[250190. 252326. 242511.]
Task is 0.00% complete.
t1_sim:[242529. 240044. 243476.] t2_sim:[251957. 253648. 257449.]
Task is 48.08% complete.
t1_sim:[254738. 255459. 247446.] t2_sim:[258882. 257009. 251141.]
Task is 96.15% complete.
t1_sim:[250598. 248950. 248955.] t2_sim:[250190. 252326. 242511.]
Task is 0.00% complete.
t1_sim:[242529. 240044. 243476.] t2_sim:[251957. 253648. 257449.]
Task is 48.08% complete.
t1_sim:[254738. 255459. 247446.] t2_sim:[258882. 257009. 251141.]
Task is 96.15% complete.
t1_sim:[250598. 248950. 248955.] t2_sim:[250190. 252326. 242511.]
Task is 0.00% complete.
t1_sim:[242529. 240044. 243476.] t2_sim:[251957. 253648. 257449.]
Task is 48.08% complete.
t1_sim:[254738. 255459. 247446.] t2_sim:[258882. 257009. 251141.]
Task is 96.15% complete.
t1_sim:[250598. 248950. 248955.] t2_sim:[250190. 252326. 242511.]
Task is 0.00% complete.
t1_sim:[242529. 240044. 243476.] t2_sim:[251957. 253648. 257449.]
Task is 48.08% complete.
t1_sim:[254738. 255459. 247446.] t2_sim:[258882. 257009. 251141.]
Task is 96.15% complete.
t1_sim:[250598. 248950. 248955.] t2_sim:[250190. 252326. 242511.]
Task is 0.00% complete.
t1_sim:[242529. 240044. 243476.] t2_sim:[251957. 253648. 257449.]
Task is 48.08% complete.
t1_sim:[254738. 255459. 247446.] t2_sim:[258882. 257009. 251141.]
Task is 96.15% complete.
t1_sim:[250598. 248950. 248955.] t2_sim:[250190. 252326. 242511.]
Task is 0.00% complete.
t1_sim:[242529. 240044. 243476.] t2_sim:[251957. 253648. 257449.]
Task is 48.08% complete.
t1_sim:[254738. 255459. 247446.] t2_sim:[258882. 257009. 251141.]
Task is 96.15% complete.
t1_sim:[250598. 248950. 248955.] t2_sim:[250190. 252326. 242511.]
Task is 0.00% complete.
t1_sim:[242529. 240044. 243476.] t2_sim:[251957. 253648. 257449.]
Task is 48.08% complete.
t1_sim:[254738. 255459. 247446.] t2_sim:[258882. 257009. 251141.]
Task is 96.15% complete.
t1_sim:[250598. 248950. 248955.] t2_sim:[250190. 252326. 242511.]
Task is 0.00% complete.
t1_sim:[242529. 240044. 243476.] t2_sim:[251957. 253648. 257449.]
Task is 48.08% complete.
t1_sim:[254738. 255459. 247446.] t2_sim:[258882. 257009. 251141.]
Task is 96.15% complete.
t1_sim:[250598. 248950. 248955.] t2_sim:[250190. 252326. 242511.]
Task is 0.00% complete.
t1_sim:[242529. 240044. 243476.] t2_sim:[251957. 253648. 257449.]
Task is 48.08% complete.
t1_sim:[254738. 255459. 247446.] t2_sim:[258882. 257009. 251141.]
Task is 96.15% complete.
t1_sim:[250598. 248950. 248955.] t2_sim:[250190. 252326. 242511.]
Task is 0.00% complete.
t1_sim:[242529. 240044. 243476.] t2_sim:[251957. 253648. 257449.]
Task is 48.08% complete.
t1_sim:[254738. 255459. 247446.] t2_sim:[258882. 257009. 251141.]
Task is 96.15% complete.
t1_sim:[250598. 248950. 248955.] t2_sim:[250190. 252326. 242511.]
Task is 0.00% complete.
t1_sim:[242529. 240044. 243476.] t2_sim:[251957. 253648. 257449.]
Task is 48.08% complete.
t1_sim:[254738. 255459. 247446.] t2_sim:[258882. 257009. 251141.]
Task is 96.15% complete.
t1_sim:[250598. 248950. 248955.] t2_sim:[250190. 252326. 242511.]
Task is 0.00% complete.
t1_sim:[242529. 240044. 243476.] t2_sim:[251957. 253648. 257449.]
Task is 48.08% complete.
t1_sim:[254738. 255459. 247446.] t2_sim:[258882. 257009. 251141.]
Task is 96.15% complete.
t1_sim:[250598. 248950. 248955.] t2_sim:[250190. 252326. 242511.]
Task is 0.00% complete.
t1_sim:[242529. 240044. 243476.] t2_sim:[251957. 253648. 257449.]
Task is 48.08% complete.
t1_sim:[254738. 255459. 247446.] t2_sim:[258882. 257009. 251141.]
Task is 96.15% complete.
t1_sim:[250598. 248950. 248955.] t2_sim:[250190. 252326. 242511.]
Task is 0.00% complete.
t1_sim:[242529. 240044. 243476.] t2_sim:[251957. 253648. 257449.]
Task is 48.08% complete.
t1_sim:[254738. 255459. 247446.] t2_sim:[258882. 257009. 251141.]
Task is 96.15% complete.
t1_sim:[250598. 248950. 248955.] t2_sim:[250190. 252326. 242511.]
Task is 0.00% complete.
t1_sim:[242529. 240044. 243476.] t2_sim:[251957. 253648. 257449.]
Task is 48.08% complete.
t1_sim:[254738. 255459. 247446.] t2_sim:[258882. 257009. 251141.]
Task is 96.15% complete.
t1_sim:[250598. 248950. 248955.] t2_sim:[250190. 252326. 242511.]
Task is 0.00% complete.
t1_sim:[242529. 240044. 243476.] t2_sim:[251957. 253648. 257449.]
Task is 48.08% complete.
t1_sim:[254738. 255459. 247446.] t2_sim:[258882. 257009. 251141.]
Task is 96.15% complete.
t1_sim:[250598. 248950. 248955.] t2_sim:[250190. 252326. 242511.]
Task is 0.00% complete.
t1_sim:[242529. 240044. 243476.] t2_sim:[251957. 253648. 257449.]
Task is 48.08% complete.
t1_sim:[254738. 255459. 247446.] t2_sim:[258882. 257009. 251141.]
Task is 96.15% complete.
t1_sim:[250598. 248950. 248955.] t2_sim:[250190. 252326. 242511.]
Task is 0.00% complete.
t1_sim:[242529. 240044. 243476.] t2_sim:[251957. 253648. 257449.]
Task is 48.08% complete.
t1_sim:[254738. 255459. 247446.] t2_sim:[258882. 257009. 251141.]
Task is 96.15% complete.
t1_sim:[250598. 248950. 248955.] t2_sim:[250190. 252326. 242511.]
Task is 0.00% complete.
t1_sim:[242529. 240044. 243476.] t2_sim:[251957. 253648. 257449.]
Task is 48.08% complete.
t1_sim:[254738. 255459. 247446.] t2_sim:[258882. 257009. 251141.]
Task is 96.15% complete.
t1_sim:[250598. 248950. 248955.] t2_sim:[250190. 252326. 242511.]
Task is 0.00% complete.
t1_sim:[242529. 240044. 243476.] t2_sim:[251957. 253648. 257449.]
Task is 48.08% complete.
t1_sim:[254738. 255459. 247446.] t2_sim:[258882. 257009. 251141.]
Task is 96.15% complete.
t1_sim:[250598. 248950. 248955.] t2_sim:[250190. 252326. 242511.]
Task is 0.00% complete.
t1_sim:[242529. 240044. 243476.] t2_sim:[251957. 253648. 257449.]
Task is 48.08% complete.
t1_sim:[254738. 255459. 247446.] t2_sim:[258882. 257009. 251141.]
Task is 96.15% complete.
t1_sim:[250598. 248950. 248955.] t2_sim:[250190. 252326. 242511.]
Task is 0.00% complete.
t1_sim:[242529. 240044. 243476.] t2_sim:[251957. 253648. 257449.]
Task is 48.08% complete.
t1_sim:[254738. 255459. 247446.] t2_sim:[258882. 257009. 251141.]
Task is 96.15% complete.
t1_sim:[250598. 248950. 248955.] t2_sim:[250190. 252326. 242511.]
Task is 0.00% complete.
t1_sim:[242529. 240044. 243476.] t2_sim:[251957. 253648. 257449.]
Task is 48.08% complete.
t1_sim:[254738. 255459. 247446.] t2_sim:[258882. 257009. 251141.]
Task is 96.15% complete.
t1_sim:[250598. 248950. 248955.] t2_sim:[250190. 252326. 242511.]
Task is 0.00% complete.
t1_sim:[242529. 240044. 243476.] t2_sim:[251957. 253648. 257449.]
Task is 48.08% complete.
t1_sim:[254738. 255459. 247446.] t2_sim:[258882. 257009. 251141.]
Task is 96.15% complete.
t1_sim:[250598. 248950. 248955.] t2_sim:[250190. 252326. 242511.]
Task is 0.00% complete.
t1_sim:[242529. 240044. 243476.] t2_sim:[251957. 253648. 257449.]
Task is 48.08% complete.
t1_sim:[254738. 255459. 247446.] t2_sim:[258882. 257009. 251141.]
Task is 96.15% complete.
t1_sim:[250598. 248950. 248955.] t2_sim:[250190. 252326. 242511.]
Task is 0.00% complete.
t1_sim:[242529. 240044. 243476.] t2_sim:[251957. 253648. 257449.]
Task is 48.08% complete.
t1_sim:[254738. 255459. 247446.] t2_sim:[258882. 257009. 251141.]
Task is 96.15% complete.
t1_sim:[250598. 248950. 248955.] t2_sim:[250190. 252326. 242511.]
Task is 0.00% complete.
t1_sim:[242529. 240044. 243476.] t2_sim:[251957. 253648. 257449.]
Task is 48.08% complete.
t1_sim:[254738. 255459. 247446.] t2_sim:[258882. 257009. 251141.]
Task is 96.15% complete.
t1_sim:[250598. 248950. 248955.] t2_sim:[250190. 252326. 242511.]
Task is 0.00% complete.
t1_sim:[242529. 240044. 243476.] t2_sim:[251957. 253648. 257449.]
Task is 48.08% complete.
t1_sim:[254738. 255459. 247446.] t2_sim:[258882. 257009. 251141.]
Task is 96.15% complete.
t1_sim:[250598. 248950. 248955.] t2_sim:[250190. 252326. 242511.]
Task is 0.00% complete.
t1_sim:[242529. 240044. 243476.] t2_sim:[251957. 253648. 257449.]
Task is 48.08% complete.
t1_sim:[254738. 255459. 247446.] t2_sim:[258882. 257009. 251141.]
Task is 96.15% complete.
t1_sim:[250598. 248950. 248955.] t2_sim:[250190. 252326. 242511.]
Task is 0.00% complete.
t1_sim:[242529. 240044. 243476.] t2_sim:[251957. 253648. 257449.]
Task is 48.08% complete.
t1_sim:[254738. 255459. 247446.] t2_sim:[258882. 257009. 251141.]
Task is 96.15% complete.
t1_sim:[250598. 248950. 248955.] t2_sim:[250190. 252326. 242511.]
Task is 0.00% complete.
t1_sim:[242529. 240044. 243476.] t2_sim:[251957. 253648. 257449.]
Task is 48.08% complete.
t1_sim:[254738. 255459. 247446.] t2_sim:[258882. 257009. 251141.]
Task is 96.15% complete.
t1_sim:[250598. 248950. 248955.] t2_sim:[250190. 252326. 242511.]
Task is 0.00% complete.
t1_sim:[242529. 240044. 243476.] t2_sim:[251957. 253648. 257449.]
Task is 48.08% complete.
t1_sim:[254738. 255459. 247446.] t2_sim:[258882. 257009. 251141.]
Task is 96.15% complete.
t1_sim:[250598. 248950. 248955.] t2_sim:[250190. 252326. 242511.]
Task is 0.00% complete.
t1_sim:[242529. 240044. 243476.] t2_sim:[251957. 253648. 257449.]
Task is 48.08% complete.
t1_sim:[254738. 255459. 247446.] t2_sim:[258882. 257009. 251141.]
Task is 96.15% complete.
t1_sim:[250598. 248950. 248955.] t2_sim:[250190. 252326. 242511.]
Task is 0.00% complete.
t1_sim:[242529. 240044. 243476.] t2_sim:[251957. 253648. 257449.]
Task is 48.08% complete.
t1_sim:[254738. 255459. 247446.] t2_sim:[258882. 257009. 251141.]
Task is 96.15% complete.
t1_sim:[250598. 248950. 248955.] t2_sim:[250190. 252326. 242511.]
Task is 0.00% complete.
t1_sim:[242529. 240044. 243476.] t2_sim:[251957. 253648. 257449.]
Task is 48.08% complete.
t1_sim:[254738. 255459. 247446.] t2_sim:[258882. 257009. 251141.]
Task is 96.15% complete.
t1_sim:[250598. 248950. 248955.] t2_sim:[250190. 252326. 242511.]
Task is 0.00% complete.
t1_sim:[242529. 240044. 243476.] t2_sim:[251957. 253648. 257449.]
Task is 48.08% complete.
t1_sim:[254738. 255459. 247446.] t2_sim:[258882. 257009. 251141.]
Task is 96.15% complete.
t1_sim:[250598. 248950. 248955.] t2_sim:[250190. 252326. 242511.]
Task is 0.00% complete.
t1_sim:[242529. 240044. 243476.] t2_sim:[251957. 253648. 257449.]
Task is 48.08% complete.
t1_sim:[254738. 255459. 247446.] t2_sim:[258882. 257009. 251141.]
Task is 96.15% complete.
t1_sim:[250598. 248950. 248955.] t2_sim:[250190. 252326. 242511.]
Task is 0.00% complete.
t1_sim:[242529. 240044. 243476.] t2_sim:[251957. 253648. 257449.]
Task is 48.08% complete.
t1_sim:[254738. 255459. 247446.] t2_sim:[258882. 257009. 251141.]
Task is 96.15% complete.
t1_sim:[250598. 248950. 248955.] t2_sim:[250190. 252326. 242511.]
Task is 0.00% complete.
t1_sim:[242529. 240044. 243476.] t2_sim:[251957. 253648. 257449.]
Task is 48.08% complete.
t1_sim:[254738. 255459. 247446.] t2_sim:[258882. 257009. 251141.]
Task is 96.15% complete.
t1_sim:[250598. 248950. 248955.] t2_sim:[250190. 252326. 242511.]
Task is 0.00% complete.
t1_sim:[242529. 240044. 243476.] t2_sim:[251957. 253648. 257449.]
Task is 48.08% complete.
t1_sim:[254738. 255459. 247446.] t2_sim:[258882. 257009. 251141.]
Task is 96.15% complete.
t1_sim:[250598. 248950. 248955.] t2_sim:[250190. 252326. 242511.]
Task is 0.00% complete.
t1_sim:[242529. 240044. 243476.] t2_sim:[251957. 253648. 257449.]
Task is 48.08% complete.
t1_sim:[254738. 255459. 247446.] t2_sim:[258882. 257009. 251141.]
Task is 96.15% complete.
t1_sim:[250598. 248950. 248955.] t2_sim:[250190. 252326. 242511.]
Task is 0.00% complete.
t1_sim:[242529. 240044. 243476.] t2_sim:[251957. 253648. 257449.]
Task is 48.08% complete.
t1_sim:[254738. 255459. 247446.] t2_sim:[258882. 257009. 251141.]
Task is 96.15% complete.
Training start
t1_obs:[array(238991.), array(235978.), array(234379.)] t2_obs:[array(258711.), array(258024.), array(244975.)]
corr_G1:[0.7760876208577466, 0.5551071101787513, -0.38118386243823904] corr_G2:[0.7769497942659758, 0.5590944633818432, -0.43083662105123766]
Training end
Number of jobs: 48
/scratch/jz4721/Post-prediction-Causal-Inference/venv/lib/python3.8/site-packages/sklearn/impute/_iterative.py:785: ConvergenceWarning: [IterativeImputer] Early stopping criterion not reached.
  warnings.warn(
/scratch/jz4721/Post-prediction-Causal-Inference/venv/lib/python3.8/site-packages/sklearn/impute/_iterative.py:785: ConvergenceWarning: [IterativeImputer] Early stopping criterion not reached.
  warnings.warn(
slurmstepd: error: *** JOB 32421315 ON cs168 CANCELLED AT 2023-04-16T22:52:35 ***
